number of sites to be analyzed:  245
log likelihood =  -5199.286928393436
Edge derivatives =  [114.49723459230066, 61.02517105959049, 217.05721066253608, 250.54681725884797]
other derivatives: [  40.61639629   38.24789019  -30.60276867   86.4307367  -173.81171347
   67.92779459]
Current x array =  [-0.60890608 -0.71796486 -0.71364217  0.          0.          1.25276297
 -4.60517019 -4.60517019 -4.60517019 -4.60517019]
log likelihood =  -4806.9929928953015
Edge derivatives =  [108.943085104223, 58.22181376313958, 213.7446877961532, 247.22184833153077]
other derivatives: [  42.61373761   47.14793249  -11.74221325   52.64455467 -132.19496395
   58.27469067]
Current x array =  [-0.6075317  -0.7163223  -0.78889612  0.2125381  -0.42741289  1.26689575
 -4.32361497 -4.45510582 -4.07141416 -3.98906131]
log likelihood =  -3714.19952953413
Edge derivatives =  [74.31560031279813, 31.57286392800026, 159.0655253801682, 155.28333349148565]
other derivatives: [ 22.41063157  49.05591595  31.59029802 -97.2197995   75.52075658
 -55.32742762]
Current x array =  [-0.60203417 -0.70975205 -1.08991192  1.06269049 -2.13706445  1.32342688
 -3.19739412 -3.85484835 -1.93639004 -1.5246258 ]
log likelihood =  -4789.182953498487
Edge derivatives =  [-10.039451750095553, -1.4663181437550217, -336.3284474689329, -132.4088218121628]
other derivatives: [-1064.44522316 -4349.49379269   249.07940315    83.2555088
  -355.92520362   143.62503862]
Current x array =  [-0.47670209 -0.15228065 -0.90965171  0.42846329 -2.73827651  0.15859338
 -0.86095053 -2.73524923  2.77728043  3.47331407]
log likelihood =  -3297.7125291443845
Edge derivatives =  [19.481692383160475, 7.11519296413738, 51.31580905730877, -0.905545608219389]
other derivatives: [ -55.26444511 -178.85463421  123.15458662  -59.6821792    11.06182026
  -92.40907275]
Current x array =  [-0.5595872  -0.52094985 -1.02886211  0.84789295 -2.34068056  0.92892571
 -2.4060967  -3.47566698 -0.33998288  0.16805658]
log likelihood =  -3510.1289925277565
Edge derivatives =  [-3.4381233558113564, 1.0516815412314922, -109.58251248971173, -168.61399981892444]
other derivatives: [ 293.32509257  280.28957786 -713.52483246   36.98655746 -222.8878202
  -24.65703801]
Current x array =  [-0.8399042  -1.38783606 -0.3291792   0.44313512 -2.56395425  0.14808292
 -1.66352769 -3.12698263  1.2130995   1.52477576]
log likelihood =  -3215.6473269496805
Edge derivatives =  [10.540973564702911, 4.394977951794516, 11.822554478889108, -38.640877476438284]
other derivatives: [105.86963981  71.16900633  59.55175766 -15.55122253 -35.04069355
 -80.22830116]
Current x array =  [-0.66462118 -0.84576964 -0.76669292  0.69623135 -2.42434058  0.63634615
 -2.12785822 -3.34501595  0.24195265  0.67641538]
log likelihood =  -3203.1712407509713
Edge derivatives =  [6.890098391651461, 3.592325788041812, -11.72926526827916, -52.234693225829616]
other derivatives: [-176.70440684   42.69604688  -99.67034202    8.26339601  -61.06720321
  -60.9003564 ]
Current x array =  [-0.51555144 -0.8117915  -0.56731278  0.56597291 -2.43782306  0.38336217
 -2.02471643 -3.30053437  0.44737936  0.76525387]
log likelihood =  -3183.5861440728413
Edge derivatives =  [9.841513594391976, 4.647606231890758, 4.088170780733951, -30.583383907530596]
other derivatives: [-29.6201506   17.26589289 -32.44003892  -3.90468813 -30.51973181
 -61.12181836]
Current x array =  [-0.58290407 -0.76856004 -0.63739265  0.60805951 -2.48438317  0.39074703
 -2.06938509 -3.3205842   0.33943885  0.6364491 ]
log likelihood =  -3171.298605102881
Edge derivatives =  [10.910466937909781, 5.354472979183862, 6.55054336774622, -15.67091874785851]
other derivatives: [ 16.35435183 -11.63698471 -24.91433406  -6.35864126 -10.51212166
 -50.31597539]
Current x array =  [-0.60799499 -0.7306479  -0.64465993  0.60170251 -2.57678286  0.24794731
 -2.04311587 -3.307899    0.36255732  0.57247402]
log likelihood =  -3154.3046219608123
Edge derivatives =  [11.022973711883317, 6.248493171288212, 0.05787750359747279, 3.706239086164614]
other derivatives: [ 20.46431291 -22.46688382  25.25748641  -5.24373718  14.21672096
 -25.22374416]
Current x array =  [-0.60865007 -0.72592405 -0.70025112  0.56170847 -2.77889322 -0.1517677
 -1.92123291 -3.2485528   0.51412851  0.52348916]
log likelihood =  -3152.3253683420908
Edge derivatives =  [8.94013672604277, 6.388758580369413, -15.087821740665976, -0.8274107621000266]
other derivatives: [ 79.76341294 -50.31815817 -70.98678907   8.61309672   2.87063813
  -6.54304131]
Current x array =  [-0.65298114 -0.70522192 -0.58478692  0.47479084 -2.8648548  -0.59473068
 -1.72107377 -3.14769464  0.72337843  0.61432845]
log likelihood =  -3145.369539626101
Edge derivatives =  [9.552955954811411, 6.6156725891438395, -10.663872546617956, 5.396622279979247]
other derivatives: [14.06215233 -4.47198545  1.24077815  4.54137989 11.7847776  -4.89940248]
Current x array =  [-0.60723351 -0.75947076 -0.65953308  0.49103019 -2.88489052 -0.6474045
 -1.70870855 -3.13826694  0.6833037   0.56995125]
log likelihood =  -3144.3930514502918
Edge derivatives =  [9.29362293908426, 6.601279509508439, -11.11197193506638, 3.8140397574996827]
other derivatives: [-6.53749339  0.25274858  3.32338459  5.21340553  9.43582563 -3.59495971]
Current x array =  [-0.59531731 -0.76602939 -0.66256295  0.48551988 -2.86007577 -0.69207926
 -1.68679342 -3.12463417  0.66169596  0.5625713 ]
log likelihood =  -3142.1550506359004
Edge derivatives =  [8.595562797486508, 6.644653980178362, -9.910473440487456, -1.1749147881870352]
other derivatives: [-39.75451364  11.29196789   1.20267032   7.06045284   2.46704985
  -0.0989985 ]
Current x array =  [-0.57748515 -0.77978841 -0.66362793  0.46931277 -2.75356401 -0.82789328
 -1.61861719 -3.07992486  0.5586056   0.52281466]
log likelihood =  -3140.280019394855
Edge derivatives =  [8.152705345111814, 6.827698288943228, -4.603901769707765, -4.899713144344832]
other derivatives: [-42.38445399  14.88897396  -2.07487574   7.18623596  -1.95832399
   2.858269  ]
Current x array =  [-0.576559   -0.78168821 -0.66469824  0.46751001 -2.63946443 -0.9587235
 -1.5426428  -3.02722473  0.429906    0.47010151]
log likelihood =  -3137.002793501727
Edge derivatives =  [6.145626387675598, 6.755721701506025, -1.9090385031358914, -6.740770253592196]
other derivatives: [-17.18954081   3.45003173   9.32459443   1.59479896  -7.06131686
   5.7154466 ]
Current x array =  [-0.59158687 -0.76428247 -0.68010404  0.5420669  -2.5172791  -1.09732639
 -1.32253789 -2.86213784  0.31892039  0.39212164]
log likelihood =  -3135.0705634369624
Edge derivatives =  [3.9380079416295635, 6.57907598629703, 2.372553304111319, -0.9395519484869468]
other derivatives: [17.75933924  4.81986717  6.34299795 -6.60170372 -3.67667781  6.81930032]
Current x array =  [-0.61232461 -0.76511752 -0.67492172  0.63574422 -2.47376697 -1.14940934
 -1.09435833 -2.67865666  0.25461325  0.31127656]
log likelihood =  -3134.099741818208
Edge derivatives =  [2.598747758833034, 6.208394668548567, 1.0385847851295131, 1.2741125839832488]
other derivatives: [ 18.85327947 -10.97405402   2.96040525  -9.55615178  -1.57915565
   5.95427991]
Current x array =  [-0.61341818 -0.74653379 -0.66800206  0.67444328 -2.49719276 -1.08718891
 -1.00407133 -2.59433028  0.27559509  0.29912425]
log likelihood =  -3132.759488629798
Edge derivatives =  [1.1313793698256391, 5.570289892093076, -1.4728074701605947, 4.445693900370025]
other derivatives: [ 32.82907528  -5.65992195   0.1331955  -11.40638233   1.80807547
   2.13203748]
Current x array =  [-0.62206575 -0.75545353 -0.6597707   0.70645739 -2.56768752 -0.89910707
 -0.87926601 -2.45497438  0.34123977  0.30358839]
log likelihood =  -3131.866241191918
Edge derivatives =  [-3.871217498672495, 4.52945587991382, -2.1707202095421185, 3.7277675746594396]
other derivatives: [ -9.14578777 -20.28696144 -26.66088221  -7.22025106  -1.27674866
  -0.3909463 ]
Current x array =  [-0.59691813 -0.73960529 -0.62900284  0.67258753 -2.57395814 -0.77991635
 -0.69238708 -2.24047382  0.32208034  0.27576446]
log likelihood =  -3130.975060844944
Edge derivatives =  [-2.742714867868871, 4.709427521634484, -2.7768757813399643, 3.3300911585566673]
other derivatives: [-5.56810846 -5.17893568 -7.7804998  -5.01358954 -0.10563781 -1.11313057]
Current x array =  [-0.59835856 -0.75793303 -0.65028594  0.63807732 -2.59701828 -0.75889511
 -0.73468422 -2.2605101   0.33844361  0.29472375]
log likelihood =  -3130.591825356935
Edge derivatives =  [-3.691911087634541, 4.613328032925172, -2.218081777920604, 1.8704265917743932]
other derivatives: [-7.57709131  4.10987013  2.11985025 -1.8751507  -1.05837898 -0.9399173 ]
Current x array =  [-0.59702196 -0.76957928 -0.66283188  0.59550979 -2.5914231  -0.76396133
 -0.72412549 -2.22218111  0.31631845  0.2957235 ]
log likelihood =  -3130.35878946982
Edge derivatives =  [-3.7849445159133985, 4.658661733725598, -1.323270069246521, 0.4379390362766213]
other derivatives: [-5.67993084  6.39106474  2.75658749  1.14137038 -1.06738298 -1.04769242]
Current x array =  [-0.59818934 -0.77213448 -0.66467794  0.55286982 -2.59591972 -0.76147392
 -0.73715893 -2.19212892  0.30227084  0.30649312]
log likelihood =  -3129.9790155621577
Edge derivatives =  [-6.211806344008718, 4.272212376461478, 1.8709406211343853, -1.1095336003193517]
other derivatives: [-10.96805136  -0.5025413   14.58956831   3.59791557   0.06475602
  -1.23786776]
Current x array =  [-0.59505203 -0.76295293 -0.68038208  0.50975581 -2.59855769 -0.75090298
 -0.69656899 -2.00375818  0.25020422  0.30319617]
log likelihood =  -3129.324378172754
Edge derivatives =  [-4.9156455540833095, 4.641960982444795, 5.349535816423822, -2.2120811483146308]
other derivatives: [ 6.81275196 -4.02942533  5.91080607  6.44408829  3.27399903 -1.94477252]
Current x array =  [-0.60550321 -0.75682055 -0.67162424  0.45737939 -2.61796645 -0.74251737
 -0.76824697 -1.87136057  0.22572137  0.32343889]
log likelihood =  -3128.3160412404964
Edge derivatives =  [-5.0516581637060085, 4.75013423424883, 9.656432790950927, -3.2084167502632113]
other derivatives: [16.98067535 -6.68610483 -1.93344931  6.37905941  5.34296305 -1.63604454]
Current x array =  [-0.61163183 -0.75248475 -0.66320349  0.44791094 -2.60945198 -0.77983577
 -0.82809146 -1.63523832  0.17715069  0.32330567]
log likelihood =  -3126.3012737916383
Edge derivatives =  [-7.366096859176787, -3.071034518985988, 22.017671391438153, -9.21676797904479]
other derivatives: [ 36.3878371  -21.69958861 -20.32725206   4.27435225   6.70197551
  -2.59678927]
Current x array =  [-0.62456921 -0.73622138 -0.63803084  0.45956246 -2.58211068 -0.91758103
 -1.15585278 -0.56619394  0.02591588  0.32539596]
log likelihood =  -3126.084115836845
Edge derivatives =  [-6.0107067151381806, 3.4036599472293356, 16.36022161094918, -5.942321368205716]
other derivatives: [ 27.63667908 -13.49662853 -12.61332727   4.82427822   7.76008164
  -2.01289367]
Current x array =  [-0.61833479 -0.74405857 -0.65016135  0.45394768 -2.59528625 -0.85120264
 -0.9979071  -1.08135828  0.09879478  0.32438866]
log likelihood =  -3127.5605607481793
Edge derivatives =  [-5.054787562639595, -15.129695314620735, 25.568472525178947, -16.642401042528647]
other derivatives: [  7.42415978 -20.32875273 -24.91651685   5.39052962  -0.67357178
  -1.84313649]
Current x array =  [-6.07418618e-01 -7.43278613e-01 -6.27805148e-01  4.60059386e-01
 -2.56591860e+00 -1.10296650e+00 -1.62390016e+00 -8.89663150e-02
  2.45628628e-03  3.55006460e-01]
log likelihood =  -3124.289267014725
Edge derivatives =  [-5.5188290460346705, -0.7429751503903216, 20.35569551418949, -10.43856030939984]
other derivatives: [ 19.3462256  -15.60965757 -19.56045708   4.36216396   6.68787834
  -1.97806003]
Current x array =  [-0.61341614 -0.74370714 -0.640088    0.45670152 -2.58205366 -0.96464338
 -1.27996949 -0.63420245  0.05538621  0.33818455]
log likelihood =  -3123.4855371782123
Edge derivatives =  [-2.3765732914852498, -1.8369343561371136, 13.617273315342523, -9.2771299474086]
other derivatives: [ 63.10451681 -68.08045327  -2.96713552  -7.70587576   7.43784767
   0.11013981]
Current x array =  [-0.64500423 -0.68628947 -0.65266171  0.60640878 -2.55448835 -1.22871307
 -1.8773107  -0.4400171   0.16542831  0.31037206]
log likelihood =  -3119.210155969714
Edge derivatives =  [-1.1375758456702543, 2.5454534307003427, 11.052673972540285, -10.104701760850515]
other derivatives: [ 12.05426088 -19.99051165 -22.02150426  -5.32800186   4.93128027
   0.85483407]
Current x array =  [-0.60962379 -0.74130574 -0.63359546  0.58787755 -2.54577852 -1.32289853
 -2.08715626 -0.55149089  0.2006439   0.32180266]
log likelihood =  -3118.003672740835
Edge derivatives =  [-1.1698959451653939, -2.101177588368453, 8.116420930764821, -12.097012345496417]
other derivatives: [-9.09885784 -0.35797711 -5.97924554 -2.56482053  0.05693437  1.18561729]
Current x array =  [-0.59705231 -0.76871643 -0.64862343  0.56574124 -2.53081472 -1.45217339
 -2.37636994 -0.35790182  0.21534006  0.30804658]
log likelihood =  -3117.325730807861
Edge derivatives =  [-0.652155894204392, 1.9102808566862195, 0.3628195200357961, -7.13975780554557]
other derivatives: [-7.43584678  7.55680958  8.3337909  -2.49174263  0.16425474  1.71007741]
Current x array =  [-0.5981145  -0.77849131 -0.66574497  0.56367695 -2.52518281 -1.52354339
 -2.53996785 -0.46910176  0.28486964  0.26983921]
log likelihood =  -3116.9176924240537
Edge derivatives =  [-0.6967819893600445, -0.19792640544747164, -2.980440693619755, -3.605094809891815]
other derivatives: [-12.21960702  -2.47800926  -0.02432898  -0.71886461  -0.54924385
   1.61385287]
Current x array =  [-0.59620601 -0.76638038 -0.65446     0.54562611 -2.52022962 -1.56416495
 -2.66015822 -0.3777792   0.30740525  0.22233561]
log likelihood =  -3116.934150668794
Edge derivatives =  [-0.8274653740516769, -1.707433802740439, -1.0146063651176747, 0.1350975106481157]
other derivatives: [19.16350811  4.15288923  1.02777449 -0.66629582  1.77769834  1.12104317]
Current x array =  [-0.61511172 -0.77367117 -0.65540444  0.53410003 -2.51443851 -1.53778582
 -2.60188412 -0.32329361  0.289852    0.18089999]
log likelihood =  -3116.810496107771
Edge derivatives =  [-0.7578778455026463, -0.9058067376661423, -2.0439643235667786, -1.7978885529531552]
other derivatives: [ 3.1192485   0.74455784  0.47652975 -0.71245267  0.59521881  1.3772933 ]
Current x array =  [-0.60529607 -0.76988587 -0.6549141   0.54008425 -2.51744519 -1.55148159
 -2.63213943 -0.35158196  0.29896546  0.20241294]
log likelihood =  -3116.775687495551
Edge derivatives =  [-0.7588652856169672, -0.41619876448993465, -1.7687490050464465, -0.8357755046607932]
other derivatives: [ 2.2319     -0.00500222 -0.97543307  0.05593392  1.50289452  1.27711246]
Current x array =  [-0.60467013 -0.76843734 -0.65395273  0.52673593 -2.519356   -1.53393112
 -2.60539541 -0.3667672   0.29512811  0.19475084]
log likelihood =  -3116.723937590387
Edge derivatives =  [-0.785300825246659, -0.4434044480122313, -1.1649637091298315, 0.04399967394416998]
other derivatives: [-0.28362592 -1.39193617  1.47815626  0.39285624  1.86314537  1.09748726]
Current x array =  [-0.60301498 -0.76586999 -0.65774116  0.51824659 -2.5091227  -1.51711931
 -2.58837673 -0.37237503  0.27997624  0.17945121]
log likelihood =  -3116.647634541554
Edge derivatives =  [-0.7026170316225733, 0.013899293583500394, -0.7334483610796629, 0.8986874353586021]
other derivatives: [-2.53285179  0.27575879  0.04051799  1.19307515  1.10594556  0.86201908]
Current x array =  [-0.60160849 -0.76653736 -0.65775204  0.5053147  -2.48206625 -1.50881492
 -2.62136226 -0.39157773  0.25761431  0.15695611]
log likelihood =  -3116.592730950061
Edge derivatives =  [-0.5807363565194003, 0.049862281261353725, -0.04836237216984707, 1.1005300625011019]
other derivatives: [-3.04289642 -0.12755663  0.85219654  0.22073436  0.11459633  0.68266672]
Current x array =  [-0.60119284 -0.76489225 -0.65964992  0.51609315 -2.45403012 -1.51134417
 -2.68577067 -0.39640358  0.23716007  0.14154637]
log likelihood =  -3116.556885843726
Edge derivatives =  [-0.35477971016054777, 0.040646271689678104, 0.13717225181675385, -0.5446882579086421]
other derivatives: [-1.03163984  3.07773007 -2.41084308  1.04178071 -1.62453944  0.67789188]
Current x array =  [-0.6026086  -0.76859348 -0.65620033  0.50789112 -2.43803426 -1.5362458
 -2.84450324 -0.39259915  0.22881116  0.14830041]
log likelihood =  -3116.5329190959055
Edge derivatives =  [-0.31531164570317843, -0.057673971984278816, 0.07519022300307199, -0.472491564624121]
other derivatives: [-0.16962076  0.98871169 -0.55506462  0.27494025 -1.25392035  0.69817361]
Current x array =  [-0.60308661 -0.76603487 -0.65803881  0.51668961 -2.44098958 -1.53984611
 -2.8701749  -0.38773998  0.2323123   0.14976578]
log likelihood =  -3116.5158532671203
Edge derivatives =  [-0.22772898919049359, -0.029530981143970125, 0.10137157442016786, -0.2766734161367521]
other derivatives: [ 0.87616172 -0.84755811  0.2968136  -0.17253114 -0.57320904  0.7034032 ]
Current x array =  [-0.60366255 -0.76378484 -0.65876474  0.52081218 -2.44679242 -1.54348015
 -2.92428166 -0.38332638  0.23690659  0.15192998]
log likelihood =  -3116.503494307498
Edge derivatives =  [-0.13584612439705915, -0.10345675964146689, 0.31349756758990466, 0.037526919829006994]
other derivatives: [ 0.43355612 -0.9390078   0.73432602 -0.39290171  0.15143087  0.65751919]
Current x array =  [-0.6032723  -0.76381292 -0.65906058  0.52202333 -2.45270299 -1.5437932
 -2.98828573 -0.37491658  0.23991068  0.15274553]
log likelihood =  -3116.5034494777083
Edge derivatives =  [0.013661715725360058, 0.4581780229325045, 0.15399878540839196, 0.020450885315443146]
other derivatives: [ 3.39437065 -3.92528818  0.46247806  0.41736712  0.55306373  0.49139999]
Current x array =  [-0.60515071 -0.7594456  -0.65919359  0.50946194 -2.45637359 -1.52472981
 -3.09567165 -0.3879638   0.24330334  0.15712721]
log likelihood =  -3116.496300196198
Edge derivatives =  [-0.057089386896552796, 0.17937111948039125, 0.23485589815135577, 0.029464667327375738]
other derivatives: [ 1.91030267 -2.42171154  0.59735612  0.0088221   0.35679477  0.57430043]
Current x array =  [-0.60420758 -0.76163838 -0.65912681  0.51576887 -2.45453063 -1.53430132
 -3.04175443 -0.38141294  0.24159992  0.15492722]
log likelihood =  -3116.4849184179684
Edge derivatives =  [0.00725068231853274, 0.15999671999766768, 0.23963142608978805, 0.30505604641248285]
other derivatives: [ 0.63596417 -0.7159997   0.88784873  0.01382432  0.61281753  0.44251465]
Current x array =  [-0.60331666 -0.76390251 -0.65939122  0.5152356  -2.45743138 -1.52314896
 -3.09259525 -0.37699705  0.24434283  0.15491439]
log likelihood =  -3116.4787357111277
Edge derivatives =  [0.03950329456310518, 0.16248652717600576, 0.11791802433155096, 0.3343879916192659]
other derivatives: [-1.10044311 -0.0131422  -0.12764758  0.11036718  0.42978172  0.29617695]
Current x array =  [-0.60225508 -0.76481561 -0.65819352  0.51470284 -2.45736248 -1.50783347
 -3.11844193 -0.37623246  0.24600122  0.15542723]
log likelihood =  -3116.475220467468
Edge derivatives =  [0.04951001910911693, 0.14974895000023458, 0.08166546791303042, 0.45249348858461]
other derivatives: [ 0.10786607  1.11285772 -0.27371243  0.1767603   0.29094736  0.13160388]
Current x array =  [-0.60295696 -0.76615511 -0.65805645  0.51399509 -2.45654594 -1.48978088
 -3.11488963 -0.37654874  0.24632981  0.15473275]
log likelihood =  -3116.472245805742
Edge derivatives =  [0.030100807765680315, 0.10440948059880584, -0.16231991436264248, 0.21904873461500723]
other derivatives: [-0.76520337  0.67057044 -0.38207872  0.20700099 -0.09695214  0.03856258]
Current x array =  [-0.60248824 -0.76562625 -0.65789269  0.51479667 -2.45610751 -1.4758095
 -3.09173064 -0.37835519  0.24779008  0.15677965]
log likelihood =  -3116.470596293978
Edge derivatives =  [4.22836544175971e-05, 0.03453300848427454, -0.20623347420971794, 0.12453315539246104]
other derivatives: [ 0.05557013  0.13342287 -0.42318788  0.03105924 -0.11568773  0.00391083]
Current x array =  [-0.60300314 -0.76503186 -0.65768516  0.51748165 -2.45801695 -1.46765922
 -3.05599151 -0.37806551  0.24934099  0.15874135]
log likelihood =  -3116.470314898397
Edge derivatives =  [-0.00437299408597399, 0.00636085140955106, -0.16654860304169805, 0.011682112146238849]
other derivatives: [ 0.00582077  0.00709406  0.14761099  0.01982698 -0.12742021  0.00709406]
Current x array =  [-0.60296868 -0.76487998 -0.65836214  0.51754316 -2.45827314 -1.46705466
 -3.05242198 -0.37811957  0.24891765  0.15977428]
log likelihood =  -3116.470222525995
Edge derivatives =  [-0.002160565448503529, -0.00044004701803329604, -0.09508912237721823, 0.01187995789168797]
other derivatives: [ 0.0351065  -0.03633431  0.08922143  0.00068212 -0.06079972  0.00704858]
Current x array =  [-0.60297543 -0.76482503 -0.65829126  0.51761888 -2.45865815 -1.46710325
 -3.05351612 -0.3776784   0.24860479  0.15998224]
log likelihood =  -3116.470176263719
Edge derivatives =  [0.00023584104306283507, 0.00025902821471918136, -0.0034056310116656885, 0.008116947930272012]
other derivatives: [-0.00313776 -0.01905391  0.00964064 -0.00495675  0.0048658  -0.00022737]
Current x array =  [-0.60293714 -0.76483543 -0.65821639  0.51749289 -2.45895308 -1.46629543
 -3.0536101  -0.37758684  0.24803468  0.16020744]
log likelihood =  -3116.470175563986
Edge derivatives =  [-0.00014379250215110911, 0.001236646798913943, 0.001008451339614136, -0.00120848008623764]
other derivatives: [ 0.00568434 -0.00150067 -0.00281943 -0.00095497 -0.00022737  0.0005457 ]
Current x array =  [-0.60294296 -0.76485712 -0.65820452  0.51745127 -2.4589222  -1.46634858
 -3.05327825 -0.37765704  0.24797327  0.16027223]
      fun: 3116.470175563986
 hess_inv: <10x10 LbfgsInvHessProduct with dtype=float64>
      jac: array([-0.00568434,  0.00150067,  0.00281943,  0.00095497,  0.00022737,
       -0.0005457 ,  0.00014379, -0.00123665, -0.00100845,  0.00120848])
  message: b'CONVERGENCE: REL_REDUCTION_OF_F_<=_FACTR*EPSMCH'
     nfev: 57
      nit: 49
   status: 0
  success: True
        x: array([-0.60294296, -0.76485712, -0.65820452,  0.51745127, -2.4589222 ,
       -1.46634858, -3.05327825, -0.37765704,  0.24797327,  0.16027223])
