number of sites to be analyzed:  232
log likelihood =  2334.9646005062305
Lr derivatives =  [117.4761129131138, -43.93148063018474, -1.1649490682638701]
other derivatives =  [ 6.28756425e+01 -2.68510121e+00  2.76529590e+01 -6.67569111e-02
  1.71772581e+02  8.32314981e+00]
Current x_clock array =  [-0.58125631 -0.84729786 -0.50260225  0.74193734 -0.10536052 -0.51082562
 -0.51082562 -0.51082562 -0.51082562]
log likelihood =  2234.7265136614083
Lr derivatives =  [-60.44801674513535, -122.50755071899945, -55.43375529343083]
other derivatives =  [-200.06150407    4.95469976  -68.63269846    9.29285306  115.57349353
    1.30335138]
Current x_clock array =  [-0.86795968 -0.8436623  -0.62869554  0.74224175 -0.88861738 -0.54877792
 -1.04649885 -0.50849634 -0.50849634]
log likelihood =  2126.9006626110818
Lr derivatives =  [-84.70920237301428, -111.10103549929055, -34.836250475348066]
other derivatives =  [-60.21546142  12.6256964  -45.19047252  16.39855327  72.66780813
   3.19246283]
Current x_clock array =  [-0.67310689 -0.85034808 -0.57765596  0.72577537 -1.54190478 -0.57273892
 -1.2435149  -0.28517481 -0.40786931]
log likelihood =  2048.4328711863104
Lr derivatives =  [-57.724128760380836, -62.0105561526814, 29.227087783691275]
other derivatives =  [15.05513865  9.29853741 21.54051799 14.30271368 29.35648808  8.87171154]
Current x_clock array =  [-0.61038842 -0.91063102 -0.44929409  0.64468503 -2.40470119 -0.6140192
 -1.18427433  0.         -0.24303397]
log likelihood =  2026.2444395835066
Lr derivatives =  [-26.050990837882715, -47.06479100980687, 13.713804491862131]
other derivatives =  [ 16.17247563   1.07513642 -39.36538633  12.18152192  11.93782282
   8.42508143]
Current x_clock array =  [-0.60309855 -0.96651067 -0.51639893  0.55835614 -2.86565388 -0.66998759
 -0.94780183  0.         -0.32908882]
log likelihood =  2022.384944056686
Lr derivatives =  [-5.665247157870222, -40.079386172861085, -2.019030173847124]
other derivatives =  [-3.12880957e+01 -3.92296897e+00  1.22739630e+02  2.36013875e-02
 -2.89817308e+00  7.26799954e+00]
Current x_clock array =  [-0.65841209 -1.01849038 -0.33756995  0.41227099 -3.45173505 -0.77263202
 -0.65077462  0.         -0.47224514]
log likelihood =  2016.0759034730818
Lr derivatives =  [3.332245051862576, -34.12557003346814, 2.7655005569462663]
other derivatives =  [ -1.37342795  -1.2998953  -17.69485607   4.62327989  -1.66287464
   6.87491593]
Current x_clock array =  [-0.6223843  -1.01101232 -0.46210175  0.42395162 -3.38674052 -0.77013635
 -0.65887373  0.         -0.45758765]
log likelihood =  2015.8262257713754
Lr derivatives =  [1.6074891617120546, -35.33703853654612, 1.5940491576528473]
other derivatives =  [ 0.61802439 -0.79623987 -4.20122888  4.02305886 -1.33377398  6.78603556]
Current x_clock array =  [-0.6216486  -1.00902108 -0.44720933  0.42088078 -3.37716649 -0.77550599
 -0.66308945  0.         -0.46149679]
log likelihood =  2015.6883497104134
Lr derivatives =  [0.6945381227972529, -36.19727248418095, 0.2149471430992591]
other derivatives =  [ 0.50019935 -0.34308414  4.47655566  3.36563062 -1.11947429  6.52482868]
Current x_clock array =  [-0.62244905 -1.00715676 -0.43810322  0.41211909 -3.37242762 -0.78947411
 -0.6628374   0.         -0.46868706]
log likelihood =  2015.4923782402384
Lr derivatives =  [-0.04853093833325417, -37.14342630403074, -1.7790273579380607]
other derivatives =  [ 0.57953002  0.34237928 10.62680894  2.41300313 -0.74765012  5.97888175]
Current x_clock array =  [-0.62296591 -1.00410684 -0.43231933  0.39429897 -3.36319843 -0.81957375
 -0.66191178  0.         -0.47973409]
log likelihood =  2015.0800240070155
Lr derivatives =  [-1.0299357795386932, -38.601519515568995, -5.354465777547171]
other derivatives =  [-2.95585778e-03  1.18427579e+00  1.42907538e+01  3.27895577e-01
  4.05634637e-02  4.70122359e+00]
Current x_clock array =  [-0.62405641 -0.99885817 -0.43015884  0.34867297 -3.34279752 -0.90158229
 -0.66134398  0.         -0.49771127]
log likelihood =  2014.4932045184535
Lr derivatives =  [-0.019205114231695575, -37.7344707785311, -5.640120291275929]
other derivatives =  [-3.56210421  0.15782007 11.36006631 -2.33362698  0.71834165  3.36128778]
Current x_clock array =  [-0.62756656 -0.99961965 -0.43414339  0.28766776 -3.33274411 -1.04097367
 -0.65851063  0.         -0.4892259 ]
log likelihood =  2013.8683848727196
Lr derivatives =  [0.19377365485477327, -36.20228797149069, -4.255252152148952]
other derivatives =  [ 9.31063369  3.8314738   0.30902356 -3.86353349  0.43594355  1.80082225]
Current x_clock array =  [-0.61688239 -0.98820436 -0.44828608  0.24055425 -3.33332937 -1.27187577
 -0.67564224  0.         -0.45759381]
log likelihood =  2013.6305733044917
Lr derivatives =  [-1.8131011851526457, -35.216278635261894, 0.44921602379365666]
other derivatives =  [-13.28228336   1.13439     -8.15439307  -4.47971615   0.0979071
   1.31494744]
Current x_clock array =  [-0.63617855 -0.9902271  -0.45739113  0.22442574 -3.32861757 -1.46293801
 -0.70321336  0.         -0.40509107]
log likelihood =  2013.4689816518608
Lr derivatives =  [-1.0356432999738887, -34.42698769895073, 1.3835257714471396]
other derivatives =  [-1.70723524  1.33441063 -6.32553565 -3.98690645 -0.26304861  1.2940518 ]
Current x_clock array =  [-0.62612228 -0.99300058 -0.45506681  0.2366308  -3.34172287 -1.47386119
 -0.69978817  0.         -0.40068028]
log likelihood =  2013.3625467513787
Lr derivatives =  [-1.0498161528742669, -33.9414015783908, 2.5173499418383294]
other derivatives =  [ 4.70588475  0.85890406 -2.9482635  -3.24967004 -0.69583166  1.24300641]
Current x_clock array =  [-0.62078189 -0.99706582 -0.45050255  0.2567742  -3.35398767 -1.50446154
 -0.69991273  0.         -0.39199042]
log likelihood =  2013.2549485728127
Lr derivatives =  [-1.5326583464884385, -33.80971640491792, 3.0262970147297974]
other derivatives =  [ 6.53419647  0.30761385  1.38279574 -2.26270913 -1.08632321  1.10080691]
Current x_clock array =  [-0.61947376 -1.00089719 -0.44451739  0.28344125 -3.36305644 -1.55860798
 -0.70095372  0.         -0.3849483 ]
log likelihood =  2013.1142756651673
Lr derivatives =  [-1.6994835962566475, -33.689619612571846, 2.319568797597194]
other derivatives =  [ 4.62059688  0.15395472  4.71154635 -0.87284207 -1.30714852  0.77518507]
Current x_clock array =  [-0.62146456 -1.00382312 -0.43905742  0.31805401 -3.3668842  -1.66139356
 -0.69888215  0.         -0.38367509]
log likelihood =  2012.9886681423936
Lr derivatives =  [-0.5504575550178892, -32.96696332401899, 0.9318476251844992]
other derivatives =  [ 0.98948476 -0.7041308   2.30684236  0.27032456 -0.95528776  0.36338861]
Current x_clock array =  [-0.62468673 -1.0085972  -0.43970834  0.34452716 -3.35797999 -1.80944658
 -0.69150096  0.         -0.38769198]
log likelihood =  2012.9479889154832
Lr derivatives =  [0.2961444652382781, -32.282915278143726, 0.6663027554696495]
other derivatives =  [-2.06155164 -0.20386324  1.58261173  0.08703864 -0.32564458  0.1279659 ]
Current x_clock array =  [-0.62774174 -1.00684914 -0.44014861  0.34120276 -3.34159283 -1.93989322
 -0.69050417  0.         -0.38538945]
log likelihood =  2012.9416963851143
Lr derivatives =  [0.2542981149251933, -32.36488054813091, -0.2892075035125181]
other derivatives =  [-0.38573944 -0.19679192 -2.37430413  0.35981884 -0.17842012  0.0058435 ]
Current x_clock array =  [-0.62601227 -1.00687592 -0.44459064  0.34480602 -3.3345239  -1.99994452
 -0.69221447  0.         -0.38854223]
log likelihood =  2012.937155696164
Lr derivatives =  [0.15467758834145862, -32.35049976216879, -0.06830660566393121]
other derivatives =  [-0.64335381 -0.04431513 -0.41957264  0.00725322 -0.08712959  0.00272848]
Current x_clock array =  [-0.6264446  -1.00601777 -0.44268059  0.33850876 -3.33281888 -2.01296189
 -0.69313997  0.         -0.3865208 ]
log likelihood =  2012.9367991154513
Lr derivatives =  [0.06478638077167354, -32.364245997102685, -0.016063849231940708]
other derivatives =  [-0.28596787 -0.00388809 -0.09722498 -0.03844889 -0.07610197 -0.00375167]
Current x_clock array =  [-0.62616364 -1.00583431 -0.4424154   0.33777437 -3.3322515  -2.02122833
 -0.69394025  0.         -0.38569639]
log likelihood =  2012.9367280033673
Lr derivatives =  [0.013028898173084613, -32.382168715173286, -0.02346572011390613]
other derivatives =  [-0.04445155  0.00379714 -0.0250111  -0.03167315 -0.07091785 -0.00779892]
Current x_clock array =  [-0.62595574 -1.00581061 -0.4423677   0.3380154  -3.33187037 -2.02508373
 -0.69433777  0.         -0.38547964]
log likelihood =  2012.936707100102
Lr derivatives =  [-0.0026702460448184695, -32.391271344488146, -0.03323578805398064]
other derivatives =  [ 0.02246452  0.00136424 -0.02360139 -0.02210072 -0.06507435 -0.00854925]
Current x_clock array =  [-0.6258946  -1.0058187  -0.44237287  0.33825155 -3.33161533 -2.02555903
 -0.69445388  0.         -0.38548224]
log likelihood =  2012.9366646279389
Lr derivatives =  [-0.01794115794578488, -32.40268140813947, -0.038261220753149416]
other derivatives =  [ 0.10479653 -0.00402451 -0.02114575 -0.00354703 -0.04488356 -0.00752607]
Current x_clock array =  [-0.62581776 -1.0058311  -0.44237978  0.33872266 -3.33093017 -2.02481355
 -0.69462159  0.         -0.38549481]
log likelihood =  2012.9366275545628
Lr derivatives =  [-0.027662774929726908, -32.40830745010291, -0.015115649752074134]
other derivatives =  [ 0.086402   -0.00832188 -0.01402896  0.00484306 -0.01568878 -0.00436557]
Current x_clock array =  [-0.62583091 -1.00580539 -0.44238657  0.33897977 -3.33001897 -2.02312133
 -0.69483206  0.         -0.38537933]
log likelihood =  2012.936741267432
Lr derivatives =  [0.1667813289341602, -32.326225418910155, -0.010572850335174522]
other derivatives =  [0.17641923 0.05443326 0.00363798 0.04663434 0.02362412 0.00252385]
Current x_clock array =  [-0.62577207 -1.00581148 -0.44228517  0.33993253 -3.32961731 -2.01511207
 -0.69369632  0.         -0.38607239]
log likelihood =  2012.936623237481
Lr derivatives =  [0.0035980683174408057, -32.39510876143967, -0.01443147515182197]
other derivatives =  [ 0.10090844  0.00172804 -0.01120952  0.01150511 -0.00941327 -0.00329692]
Current x_clock array =  [-0.62582145 -1.00580637 -0.44237027  0.33913293 -3.32995441 -2.02183388
 -0.6946495   0.         -0.38549073]
      fun: 2012.936623237481
 hess_inv: <9x9 LbfgsInvHessProduct with dtype=float64>
      jac: array([ 1.00908437e-01,  1.72803993e-03, -1.12095222e-02,  1.15051080e-02,
       -9.41327016e-03, -3.29691829e-03,  3.59806832e-03, -3.23951088e+01,
       -1.44314752e-02])
  message: 'CONVERGENCE: REL_REDUCTION_OF_F_<=_FACTR*EPSMCH'
     nfev: 29
      nit: 27
     njev: 29
   status: 0
  success: True
        x: array([-0.62582145, -1.00580637, -0.44237027,  0.33913293, -3.32995441,
       -2.02183388, -0.6946495 ,  0.        , -0.38549073])
{('N0', 'N1'): [0.46687508928238297, 0.4668750892823832], ('N0', 'ENSLOCG'): [0.0, 0.0], ('N1', 'ENSGACG'): [3.4340057195363483, 2.9113531548688143], ('N1', 'ENSDARG'): [2.916456879902709, 2.730500328439401]}
