number of sites to be analyzed:  248
log likelihood =  3340.3348750243513
Lr derivatives =  [-147.1751623681454, -226.68495247484498, -108.86453584794717]
other derivatives =  [  0.5072252    7.32093213   0.41350177  -7.43129931 188.60691853
  16.49405021]
Current x_clock array =  [-0.79910525 -0.74907573 -0.72440748  0.74193734 -0.10536052 -0.51082562
 -0.51082562 -0.51082562 -0.51082562]
log likelihood =  3189.5844438010654
Lr derivatives =  [82.84588906852613, -93.57312175857419, -39.78615837110444]
other derivatives =  [ -1.80230018   5.92067408 -61.48766261  -3.57299541 142.83664314
  24.83329808]
Current x_clock array =  [-0.80121841 -0.77957567 -0.72613018  0.77289708 -0.8911209  -0.57954193
  0.1023248  -0.50869746 -0.50869746]
log likelihood =  3090.548866021245
Lr derivatives =  [31.845682227182124, -80.53717931377334, -29.49548362065891]
other derivatives =  [-10.59397619   8.09773155  56.55838322  10.14632289  64.77403076
  19.27091944]
Current x_clock array =  [-0.79704471 -0.81375892 -0.54526213  0.80039001 -1.74310439 -0.69054291
  0.19261888 -0.40755535 -0.47454571]
log likelihood =  3082.404589446754
Lr derivatives =  [-17.093378252733785, -45.485849890838125, 14.352339526123433]
other derivatives =  [  23.31453288  -10.90161277 -196.26977519   25.91455086  -52.89957699
   10.59547685]
Current x_clock array =  [-0.73144703 -0.88389069 -0.787014    0.75750252 -2.67143208 -0.8730734
  0.11229435 -0.0551659  -0.36786101]
log likelihood =  3045.5067020426086
Lr derivatives =  [2.1932203325126585, -28.83323588354814, 21.369653349941515]
other derivatives =  [ 12.79513526  -3.35776349  -7.64925971  11.12389327 -12.44006853
  14.69825293]
Current x_clock array =  [-0.76231629 -0.86193117 -0.56872705  0.71761608 -2.40626495 -0.86229142
  0.09320518  0.         -0.37479099]
log likelihood =  3043.6604192670648
Lr derivatives =  [8.917100760812257, -28.537042180815607, 13.861075269573071]
other derivatives =  [-7.71360646 -1.25037332  5.94300218  9.08912625 -0.73996489 14.3942998 ]
Current x_clock array =  [-0.78411122 -0.85191059 -0.56214525  0.69919253 -2.28845555 -0.87129049
  0.07106003  0.         -0.40572219]
log likelihood =  3042.3709788950946
Lr derivatives =  [7.437582533262198, -34.714547829571146, -1.20783626481583]
other derivatives =  [12.30528142  1.61735443  7.79446054  5.76451384  5.02723196 12.46671673]
Current x_clock array =  [-0.76643037 -0.84197276 -0.56721291  0.65997579 -2.2034067  -0.91622388
  0.03780872  0.         -0.45383561]
log likelihood =  3041.4711189943273
Lr derivatives =  [-4.825187693820643, -44.83865161454806, -14.318656836363406]
other derivatives =  [-14.51962817  -0.05329639  -3.46162778   3.93270057   0.45920387
   9.71417649]
Current x_clock array =  [-0.79006396 -0.84110484 -0.57932781  0.60975537 -2.19157882 -0.9942878
  0.00669381  0.         -0.4813827 ]
log likelihood =  3040.7385844722085
Lr derivatives =  [-6.681912688232158, -45.15802616102597, -14.325944631713652]
other derivatives =  [-6.89756234 -0.07398739 -1.07420419  1.71230568 -1.9057552   8.68462848]
Current x_clock array =  [-0.78290515 -0.84208111 -0.57721206  0.58051066 -2.21405997 -1.04830288
  0.00514095  0.         -0.47459554]
log likelihood =  3038.974635642372
Lr derivatives =  [-2.7304267049122513, -38.21654940204831, -2.7586820908920533]
other derivatives =  [ 6.6856046   0.6188202  -4.00382305 -6.56746124 -2.85153874  5.85114321]
Current x_clock array =  [-0.77185517 -0.84240846 -0.58128762  0.47619793 -2.23680155 -1.2755436
 -0.0063499   0.         -0.41686919]
log likelihood =  3038.3380089762104
Lr derivatives =  [-1.7696345395689987, -35.75262661955938, 1.2745527763802507]
other derivatives =  [ 3.92260517 -1.03473212  1.35673872 -7.58345777 -2.00552677  4.51159394]
Current x_clock array =  [-0.77456225 -0.84630671 -0.57625161  0.46573737 -2.22960894 -1.40556159
 -0.01279913  0.         -0.39533608]
log likelihood =  3037.297537714546
Lr derivatives =  [1.2815306658925485, -31.29017391187698, 5.924085211231461]
other derivatives =  [-0.50176823  3.55330485  1.69989107 -5.26874828 -0.34451659  2.09670361]
Current x_clock array =  [-0.7780032  -0.83803921 -0.5744727   0.49663935 -2.20560093 -1.69269767
 -0.02091638  0.         -0.36770078]
log likelihood =  3037.256299973391
Lr derivatives =  [-1.7616998432580142, -32.24054722251669, 0.4526954916561703]
other derivatives =  [  1.89447746 -20.49755494   5.12591214  -0.35306584   0.73277988
   0.46702553]
Current x_clock array =  [-0.77274309 -0.89171308 -0.56954701  0.56348964 -2.18432913 -1.97605023
 -0.02663504  0.         -0.36842385]
log likelihood =  3036.7674384365037
Lr derivatives =  [-0.22126153450100006, -31.633980062204323, 0.5619581355405376]
other derivatives =  [-0.45042725 -1.61480784  0.50877134 -0.06466507  0.32750904  0.31200216]
Current x_clock array =  [-0.77571133 -0.84971767 -0.57385147  0.56171977 -2.18098779 -1.99232519
 -0.02755081  0.         -0.3689502 ]
log likelihood =  3036.7569878528357
Lr derivatives =  [-0.1864003995379946, -31.509590242791003, 0.32549269352533017]
other derivatives =  [-0.11827979  0.12082637 -0.22428139  0.19031177  0.13205863  0.16566446]
Current x_clock array =  [-0.77533185 -0.8462385  -0.57436739  0.5640324  -2.18107347 -2.02643051
 -0.02794518  0.         -0.36840144]
log likelihood =  3036.753839033057
Lr derivatives =  [-0.2581876443065416, -31.467786715514652, 0.0030864180850684875]
other derivatives =  [0.03628884 0.30222509 0.0392447  0.20413609 0.00977707 0.05493348]
Current x_clock array =  [-0.77515136 -0.8459937  -0.57401606  0.56399852 -2.18194114 -2.05444118
 -0.02782003  0.         -0.36834351]
log likelihood =  3036.7589605496196
Lr derivatives =  [1.074562285969881, -30.599342386782816, 0.26031021439623103]
other derivatives =  [ 0.2235538  -0.23446773 -3.29428076 -0.03965397  0.22573658 -0.03897185]
Current x_clock array =  [-0.7749966  -0.84741375 -0.5766681   0.56096096 -2.18357114 -2.07726706
 -0.02428163  0.         -0.36832379]
log likelihood =  3036.7535114341977
Lr derivatives =  [0.003514674738183121, -31.29728170362184, 0.05315305925269698]
other derivatives =  [ 0.072896    0.19658728 -0.61795618  0.15611477  0.05197762  0.03610694]
Current x_clock array =  [-0.77512092 -0.84627304 -0.57453773  0.56340101 -2.18226177 -2.0589312
 -0.027124    0.         -0.36833963]
log likelihood =  3036.752951130391
Lr derivatives =  [-0.024775529951372333, -31.266201925878068, -0.03675640244142642]
other derivatives =  [ 0.05056791  0.05475158 -0.10941221  0.05461516  0.01518856 -0.00172804]
Current x_clock array =  [-0.77516291 -0.84662427 -0.57404421  0.56223718 -2.18300834 -2.06970821
 -0.0269058   0.         -0.3682571 ]
log likelihood =  3036.7529182310755
Lr derivatives =  [-0.018248716330649284, -31.25364516903632, -0.02031124749485791]
other derivatives =  [-0.04902176  0.00422915 -0.02000888  0.00736691  0.00345608 -0.00245564]
Current x_clock array =  [-0.7752689  -0.8467348  -0.5739556   0.5616561  -2.18332459 -2.07004146
 -0.02678156  0.         -0.36822661]
log likelihood =  3036.752917895271
Lr derivatives =  [0.012849074833608976, -31.232818912288025, 0.005075066143252371]
other derivatives =  [ 0.06548362 -0.00354703  0.02783054 -0.01218723  0.01537046 -0.0001819 ]
Current x_clock array =  [-0.77517366 -0.84676254 -0.57391561  0.56149664 -2.18339627 -2.06960369
 -0.02669586  0.         -0.3682036 ]
log likelihood =  3036.752915617677
Lr derivatives =  [-0.0021711441385803276, -31.24287801989283, -0.007186897102927858]
other derivatives =  [ 0.01027729  0.00027285  0.00472937 -0.00272848  0.00968612 -0.00122782]
Current x_clock array =  [-0.77521966 -0.84674914 -0.57393493  0.56157366 -2.18336165 -2.06981514
 -0.02673725  0.         -0.36821471]
      fun: 3036.752915617677
 hess_inv: <9x9 LbfgsInvHessProduct with dtype=float64>
      jac: array([ 1.02772901e-02,  2.72848411e-04,  4.72937245e-03, -2.72848411e-03,
        9.68611857e-03, -1.22781785e-03, -2.17114414e-03, -3.12428780e+01,
       -7.18689710e-03])
  message: 'CONVERGENCE: REL_REDUCTION_OF_F_<=_FACTR*EPSMCH'
     nfev: 22
      nit: 19
     njev: 22
   status: 0
  success: True
        x: array([-0.77521966, -0.84674914, -0.57393493,  0.56157366, -2.18336165,
       -2.06981514, -0.02673725,  0.        , -0.36821471])
{('N0', 'N1'): [1.3228469792029065, 1.322846979202906], ('N0', 'ENSLOCG'): [0.0, 0.0], ('N1', 'ENSGACG'): [5.522335723379283, 6.80319689286857], ('N1', 'ENSDARG'): [7.170387202554069, 7.95322347909497]}
