number of sites to be analyzed:  246
log likelihood =  -6250.571202110307
Edge derivatives =  [81.93666206106546, 47.39548791931715, 113.95050241665967, 178.30488050275022, 82.2397830108016, 45.739486832080765, 131.58349986139794, 106.49791989216742]
other derivatives: [   1.664921     55.08054528  -53.75204637   20.74075383 -227.16967578
   82.39503586]
Current x array =  [-0.67251513 -0.78214691 -0.49610238  0.74193734 -0.10536052 -0.51082562
 -4.60517019 -4.60517019 -4.60517019 -4.60517019 -4.60517019 -4.60517019
 -4.60517019 -4.60517019]
log likelihood =  -5897.902526313417
Edge derivatives =  [78.14514396342004, 46.80756356830111, 112.73815474132388, 181.01848938400485, 79.11916353834617, 44.08805641486081, 130.99377891172068, 105.27542784086806]
other derivatives: [  51.67521522   66.870507      6.4037522    -8.86884663 -139.70548025
   73.84687706]
Current x array =  [-0.67088722 -0.78023231 -0.63666644  0.79617536 -0.69941961 -0.49118447
 -4.39090207 -4.48122882 -4.30718441 -4.13889477 -4.39010939 -4.48555934
 -4.26107331 -4.32667325]
log likelihood =  -7378.722042074648
Edge derivatives =  [-11.512430223791629, 4.114182052570188, -70.9061257759824, -69.8182137591735, -71.51658281037969, -19.886213990544913, -163.26544113967435, -152.74158316006157]
other derivatives: [-15631.22032167 -24084.57221463    188.54925656    527.79369071
     97.69701137    102.93015293]
Current x array =  [-0.05       -0.05       -0.57469487  0.6074262  -4.73419499 -0.1844131
 -2.22052095 -3.18443452 -1.1841865   0.86662854 -2.19405249 -3.26200477
 -0.63393966 -1.41022963]
log likelihood =  -4843.036232724005
Edge derivatives =  [61.52414165865314, 36.904876804294794, 91.0117794023095, 138.67830025818745, 61.583026937944574, 30.868620402933367, 103.03068373741854, 85.40895323370985]
other derivatives: [-783.94177763   32.21539373  -43.20208973  -87.88274499  122.73603716
   41.57600415]
Current x array =  [-0.3762233  -0.43367481 -0.60725565  0.70659779 -2.61426456 -0.3455953
 -3.36087117 -3.86578935 -2.82505561 -1.76334715 -3.34789314 -3.90487836
 -2.53968912 -2.94257208]
log likelihood =  -5693.625816401376
Edge derivatives =  [17.51500697732915, 10.488016074150238, -4.230557596162566, -18.44863946950546, 1.6768642946527317, 4.152936970135338, -90.09031692588297, -40.390236748556774]
other derivatives: [ 3.58028228e+02 -8.19779125e+03  3.60029662e+02 -4.97784640e+00
  1.76965841e+02 -4.28028216e+01]
Current x array =  [-1.3363996  -0.05       -0.55288479  0.33708104 -5.64626269 -0.04498839
 -1.42349655 -2.7055597  -0.02654633  2.71486498 -1.38786983 -2.81932411
  0.7065991  -0.32848292]
log likelihood =  -4560.307343434873
Edge derivatives =  [42.6469961378495, 22.2423705872309, 68.15678139625899, -1.655965269200929, 38.76834664113666, 16.11857746609637, 33.012564276823824, 48.236436419924736]
other derivatives: [ 187.36509446 -694.08570198  126.46623873  -48.32572813  194.34637579
   -1.53422661]
Current x array =  [-0.73636514 -0.2897665  -0.58686229  0.56799987 -3.75150298 -0.232844
 -2.63420289 -3.43061173 -1.77539392 -0.08366442 -2.61272982 -3.49770991
 -1.32207502 -1.96208248]
log likelihood =  -4420.17762535407
Edge derivatives =  [45.07044309365772, 20.97377161167382, 77.922663058478, 12.234087896012118, 42.387513980232, 17.104522717993493, 38.32374715632175, 47.96122761215692]
other derivatives: [238.29034035 -47.9798473   72.96475815 -24.19328666 186.22813514
 -14.88879207]
Current x array =  [-0.81036655 -0.65173504 -0.50810828  0.50371332 -3.7230192  -0.20983152
 -2.52421821 -3.36602673 -1.61146261  0.11964681 -2.50371268 -3.44073738
 -1.15670697 -1.8171422 ]
log likelihood =  -4336.827399475793
Edge derivatives =  [39.19336552030023, 17.93133521510283, 71.42583581078124, -13.46833616923547, 37.4803953093639, 13.638537598097448, 18.929156401098833, 33.321122577561226]
other derivatives: [  42.96844054  -14.7281753  -252.13867048   24.91187843  153.57327356
  -32.07278496]
Current x array =  [-0.70413284 -0.7366663  -0.31930409  0.3879729  -3.63704996 -0.1788927
 -2.3283625  -3.25054452 -1.31050499  0.50774427 -2.30747776 -3.3376345
 -0.85211035 -1.5565799 ]
log likelihood =  -4265.118518210819
Edge derivatives =  [32.543321807496845, 15.80623379515527, 58.79182026557426, -41.09815554877451, 29.234722827320272, 10.531698557907628, -1.357699626156208, 21.25229265745957]
other derivatives: [-118.21221051   22.5131771   -56.31909517   31.44696166  109.31498764
  -40.57437764]
Current x array =  [-0.60004107 -0.83530158 -0.41873236  0.33298048 -3.39365364 -0.18913282
 -2.18082553 -3.16861418 -1.07156268  0.70715663 -2.16166001 -3.26739782
 -0.66457249 -1.37806954]
log likelihood =  -4206.506640016754
Edge derivatives =  [27.7456160004475, 14.307542587059226, 47.062007498470884, -72.73805962590893, 26.369568013745596, 9.392062386245895, -9.516212765187959, 15.255384309808116]
other derivatives: [-159.82150217   71.98386811  -17.29622454   44.8540959    31.82194632
  -39.653969  ]
Current x array =  [-0.57988576 -0.92676837 -0.4522984   0.32302297 -2.79333423 -0.25476865
 -2.12873712 -3.14669178 -0.95605355  0.55337285 -2.1169838  -3.2590591
 -0.70127854 -1.35315213]
log likelihood =  -4144.784013413771
Edge derivatives =  [27.47868991606246, 13.904065801668985, 22.6659067817753, -28.376874825362172, 24.487126374852558, 8.562447272664103, -1.3206831991338053, 11.647662493799192]
other derivatives: [-27.79379429  99.70690371   6.44922693  31.64941518 -37.21070243
 -23.96891432]
Current x array =  [-0.6406631  -0.95019384 -0.4825937   0.49291889 -2.06548231 -0.4453609
 -2.07337031 -3.13214482 -0.82315131 -0.13099535 -2.06936975 -3.26868235
 -0.9196452  -1.39464365]
log likelihood =  -4113.371745548908
Edge derivatives =  [22.300422749384758, 11.778433790650151, -3.647188684905515, -21.754419805408627, 14.361026425545509, 5.2389336380993665, -13.224254923380478, -4.640149614508935]
other derivatives: [ 40.18211257  72.97639968  50.1768227    8.46730472 -25.62892405
 -21.59458745]
Current x array =  [-0.68851324 -0.92190051 -0.4732352   0.65855062 -2.22378524 -0.60155897
 -1.79551642 -2.98272122 -0.4744466  -0.1162869  -1.80747356 -3.15459265
 -0.75249886 -1.16241672]
log likelihood =  -4093.2403264605096
Edge derivatives =  [23.544579845268757, 11.83080513314407, -14.490773700316467, 3.4459330283712823, 9.136131138130047, 3.8905699250540176, -4.708350350823011, -8.537602834991791]
other derivatives: [ 31.6886144    3.22270353   8.11160135 -11.39255801   1.12204361
  -9.5145424 ]
Current x array =  [-0.69024187 -0.82134357 -0.42329514  0.82018223 -2.3682862  -0.81773899
 -1.53993711 -2.84893495 -0.31674298 -0.299217   -1.60306434 -3.07564452
 -0.77341943 -1.08432987]
log likelihood =  -4087.3013640414124
Edge derivatives =  [20.912432105584887, 11.11757781955857, -18.68427294676715, 3.0698486890136354, 4.6321571392167415, 2.9368796799028623, -4.211588394305917, -10.603023838752218]
other derivatives: [  5.73991201 -22.6080374  -12.97976269 -10.67878657   2.85936039
  -5.32691047]
Current x array =  [-0.67800029 -0.79574838 -0.40673256  0.83853606 -2.41073803 -0.92841912
 -1.34551407 -2.74752257 -0.27317635 -0.32317052 -1.47702718 -3.02298175
 -0.76554695 -1.05755817]
log likelihood =  -4078.6855187298165
Edge derivatives =  [11.414761487599097, 9.249372471986007, -18.562206567273225, 1.4976627413534942, -4.1762217481751644, 1.5142469724336522, -0.12937360525268593, -9.265737720842056]
other derivatives: [-32.7617272  -52.15861165 -13.9252279   -5.77852006   3.89004526
   2.42698661]
Current x array =  [-0.65816217 -0.77137543 -0.40154073  0.8287261  -2.4449259  -1.13810307
 -0.94990097 -2.54169654 -0.29929984 -0.39470775 -1.26265126 -2.93180835
 -0.79788631 -1.07811893]
log likelihood =  -4073.6552726397194
Edge derivatives =  [1.4975957546717305, 7.659824036099557, -10.980007590913171, -0.022488369967417543, -7.176744715840157, 1.2301528310798728, 3.617135120642472, -4.562180135285024]
other derivatives: [-24.7798198  -39.61135917 -14.01367626   0.41654857   1.23836799
   5.81185304]
Current x array =  [-0.66430086 -0.78807948 -0.40003158  0.789299   -2.43408336 -1.23411545
 -0.71316665 -2.40564981 -0.41075424 -0.42900053 -1.18119411 -2.8854571
 -0.82878241 -1.14267555]
log likelihood =  -4070.7596116214513
Edge derivatives =  [-1.5644902802664347, 7.146477570426351, -0.8385799085324357, 3.0526512000363177, -2.734195185396122, 1.9330007206250557, 3.9769750474330277, 1.3944924524083966]
other derivatives: [-34.23933777  -2.88605406  14.68688424   0.21723281   1.46428647
   6.50079528]
Current x array =  [-0.65093775 -0.83265541 -0.41981551  0.7805119  -2.39163373 -1.20757948
 -0.66961209 -2.30004117 -0.57222777 -0.46943348 -1.24961002 -2.87017471
 -0.83000011 -1.23061418]
log likelihood =  -4069.666846589741
Edge derivatives =  [-2.1964621738453456, 6.862407081489223, 2.5243642405064683, -1.007525500324057, -0.7508146651355299, 2.200029985279032, 0.03718661279127522, 1.419262574361614]
other derivatives: [13.98880158 12.71537258 -6.52335075  2.53567123  1.97601366  4.20541255]
Current x array =  [-0.68382567 -0.85446815 -0.4042937   0.76361303 -2.41727181 -1.16407083
 -0.65087754 -2.2334557  -0.61395168 -0.40301267 -1.27168535 -2.84960571
 -0.7759734  -1.23220016]
log likelihood =  -4069.3588474093604
Edge derivatives =  [-1.9690962263999496, 6.867755053732491, 2.0929067585122367, -0.723528304912495, -0.5212357378895716, 2.169530870920089, -0.9217511165628531, 1.2352083115926358]
other derivatives: [ 6.26205292 11.50710887  0.8578354   1.48806976  0.14097168  3.93201844]
Current x array =  [-0.67767023 -0.85191963 -0.40954093  0.77108126 -2.3994483  -1.15059439
 -0.66623396 -2.22369828 -0.6157997  -0.41273279 -1.2856608  -2.84857033
 -0.77291616 -1.23345638]
log likelihood =  -4068.7413495701953
Edge derivatives =  [-2.208169436807501, 6.6619362358125995, 2.0863770145432743, -0.4633568065793385, 0.17034673028490155, 2.070988148350109, -3.8029067954201645, 0.8027699939468387]
other derivatives: [-5.19680725  5.17447916 10.03495527 -1.09835128 -2.56100066  2.79073902]
Current x array =  [-0.66893665 -0.8412079  -0.41634234  0.79048396 -2.37310828 -1.11049517
 -0.68384076 -2.15823844 -0.63071863 -0.42694524 -1.3177448  -2.83191822
 -0.75540264 -1.23677068]
log likelihood =  -4068.126694847535
Edge derivatives =  [-3.06705279631242, 6.1853266007157455, 2.675717560357091, -0.22064311336719683, 0.9015993893031335, 1.8998437638298953, -6.630441834432448, 0.2606598518788696]
other derivatives: [-10.80661605  -2.19843059  10.2057129   -3.6351139   -4.17139745
   1.08143468]
Current x array =  [-0.66505915 -0.82987881 -0.41688053  0.8119553  -2.3594099  -1.06291355
 -0.6865201  -2.04521724 -0.6483575  -0.43887336 -1.34687162 -2.79919863
 -0.73496061 -1.23844848]
log likelihood =  -4067.1193884044533
Edge derivatives =  [-4.045183196958623, 5.135916514516194, 2.969346725067581, 1.0409296302093591, 1.3543804417797238, 1.4721835207485017, -8.205667288510133, -0.8830651908186291]
other derivatives: [-6.67396307 -8.68767529 17.3159151  -7.68686732 -2.92102413 -1.74181878]
Current x array =  [-0.66706078 -0.82091537 -0.41926359  0.84164892 -2.36518213 -0.9963698
 -0.68860676 -1.82845376 -0.64685944 -0.46102756 -1.3736439  -2.73195214
 -0.72437362 -1.23007445]
log likelihood =  -4071.8590944652487
Edge derivatives =  [-4.466726171576811, -0.10507618130760096, 3.0782804626519473, 1.3124946704199518, 5.37166639956618, 0.4461813130794822, -8.072528186837262, -2.8819662089171354]
other derivatives: [ -88.59497029   -4.61536729 -120.29299796   -1.78274604  -12.15930752
  -13.75037755]
Current x array =  [-0.62280668 -0.8315953  -0.35919211  0.85609247 -2.34030289 -0.7806255
 -0.78275921 -1.23102496 -0.65986179 -0.50261878 -1.49012607 -2.5573424
 -0.74363677 -1.23611776]
log likelihood =  -4066.636293829961
Edge derivatives =  [-4.030009864139082, 4.358399562899241, 3.0033298057494053, 1.2106822281618517, 2.398574204143756, 1.271806514448665, -8.10381241847585, -1.2820552121456184]
other derivatives: [-24.82493073  -7.55508154 -11.91260708  -6.37592166  -4.82777978
  -4.25461621]
Current x array =  [-0.65661763 -0.82343563 -0.40508783  0.84505733 -2.35931109 -0.94545814
 -0.710825   -1.68747162 -0.64992775 -0.47084232 -1.40113153 -2.69074748
 -0.72891937 -1.23150056]
log likelihood =  -4065.6199271835776
Edge derivatives =  [-5.214229905268573, 2.4546669554620335, 2.5537729218995375, 2.1418963389264234, 1.806407390638641, 0.6658923900273288, -5.864467026818756, -2.3516821652535373]
other derivatives: [-8.89690455 -8.42742338 -5.71744749 -7.55544534 -1.08530003 -6.49570211]
Current x array =  [-0.66720025 -0.82398242 -0.40504112  0.85250857 -2.39256614 -0.90663517
 -0.70096215 -1.45695159 -0.61993341 -0.48541405 -1.39568403 -2.61484237
 -0.74763918 -1.21638694]
log likelihood =  -4064.7600632978406
Edge derivatives =  [-4.586617739514393, 1.6611047897986715, 0.49705827094176513, 2.173111907087225, 0.9584487068459211, 0.3474216132463932, -1.4433389675633772, -2.500629259438911]
other derivatives: [ 2.15500222 -2.97532097 -2.73976184 -4.8277343   1.8627361  -6.54604264]
Current x array =  [-0.67510196 -0.83270187 -0.40542951  0.82817336 -2.41964739 -0.91299448
 -0.72556979 -1.34517808 -0.57062356 -0.48381666 -1.37578763 -2.57608401
 -0.7883002  -1.20625277]
log likelihood =  -4064.172553300447
Edge derivatives =  [-4.1423765658676555, 0.9983156707194047, -1.2107920054963324, 1.7273527239443731, 0.46224573767441723, 0.22238265801942697, 2.485142352403236, -1.1990149134509558]
other derivatives: [ 5.46056071  0.86397449 -1.42736098 -0.09367795  1.8665105  -5.14842213]
Current x array =  [-0.6780683  -0.83727121 -0.40744063  0.78732265 -2.42122813 -0.94514612
 -0.76679865 -1.26652441 -0.54721915 -0.47858656 -1.36319084 -2.55192064
 -0.82903302 -1.2186113 ]
log likelihood =  -4063.6559149495806
Edge derivatives =  [-2.8497313816880347, 0.2877368919858162, -2.1524791095100495, 0.2745120445791404, 0.2514825049792342, 0.10871339816813361, 2.6742226158080635, -0.2230604724131141]
other derivatives: [ 2.00520844  2.98509804  3.678133    2.44999683  0.8589268  -4.14374881]
Current x array =  [-0.67557597 -0.840298   -0.41154262  0.76436808 -2.41496371 -0.9838706
 -0.84451186 -1.17985825 -0.54390704 -0.45347046 -1.36271238 -2.5266945
 -0.83029304 -1.23031289]
log likelihood =  -4063.5489750213997
Edge derivatives =  [0.6276011055103128, 1.0659202358038733, -4.241061022697379, 0.3607836834661008, -0.9104178786624058, 0.02750226856803796, 4.416122212574764, 1.234812092681988]
other derivatives: [  6.16751095 -15.06796252 -14.69184099   2.71684257  -0.30136107
  -0.03356035]
Current x array =  [-0.68112189 -0.81231618 -0.4020274   0.75835384 -2.39428931 -1.12490931
 -0.99982512 -1.13618061 -0.52469422 -0.44187148 -1.33404957 -2.51353263
 -0.842096   -1.24209971]
log likelihood =  -4063.0728143913357
Edge derivatives =  [0.5902577220897329, 0.1145557514474635, -2.497185434852481, -0.27677128070744483, -0.05220744398555932, 0.04434878424397328, 1.2724278677659928, 1.145203696220408]
other derivatives: [-2.29620127  0.09895302  3.98922566  1.28175088 -1.54645932 -1.06301741]
Current x array =  [-0.672058   -0.8357512  -0.41240044  0.77040644 -2.38602544 -1.10706817
 -1.01989643 -1.07822226 -0.55436655 -0.43007504 -1.35690098 -2.49844122
 -0.80971365 -1.24501385]
log likelihood =  -4063.0228599685006
Edge derivatives =  [0.5397441596072818, 0.3562508654316286, -1.722511585671984, -0.054050263465786064, 0.061958184489224744, 0.08744258060180653, 0.4698101149509579, 0.8949573039960175]
other derivatives: [-1.07756932  0.45251909  2.65827111  0.29062903 -0.94792085 -1.11658665]
Current x array =  [-0.67268751 -0.83668908 -0.41100678  0.77863282 -2.38963918 -1.10634696
 -1.00664381 -1.09313781 -0.56295219 -0.42994094 -1.35645369 -2.502674
 -0.7994496  -1.24146714]
log likelihood =  -4062.972953930808
Edge derivatives =  [0.3548212767285579, 0.0875640241596845, -0.5421722122204915, 0.3565127873702467, -0.13104931694057376, -0.0035467931718147286, -0.29223865647641034, 0.3333110814364114]
other derivatives: [-2.82079782 -1.16847332  0.98198143 -0.89085006  0.65747372 -0.72773219]
Current x array =  [-0.67152875 -0.83611971 -0.4087521   0.78935286 -2.4016366  -1.1276381
 -0.99887324 -1.06935317 -0.57476869 -0.42846772 -1.34780426 -2.49390906
 -0.78649891 -1.23070609]
log likelihood =  -4063.064250318026
Edge derivatives =  [0.5423531134308646, 0.18703782752829642, 0.7625299411581341, -0.10435928385629517, 0.22246246881906906, 0.11177632733642393, -0.7659502710041726, 0.3170120652379051]
other derivatives: [ 11.62570697   6.03963599 -10.0633315    0.22992026  -0.39071892
  -0.1450644 ]
Current x array =  [-0.68173429 -0.84608298 -0.4020104   0.78252311 -2.39874903 -1.16083115
 -1.00940205 -1.06100645 -0.59440843 -0.41589273 -1.34495127 -2.49210594
 -0.77596439 -1.22692033]
log likelihood =  -4062.9619813860695
Edge derivatives =  [0.4016483107741791, 0.11220853032413888, -0.21613247134253555, 0.2468748228144294, -0.04298985924731702, 0.02533830297120019, -0.4065614841061471, 0.33086758568377933]
other derivatives: [ 0.78021003  0.62632353 -1.69097802 -0.61831997  0.40422492 -0.5801212 ]
Current x array =  [-0.67404324 -0.83857451 -0.40709104  0.78767011 -2.40092515 -1.13581638
 -1.00146738 -1.06729667 -0.57960763 -0.42536943 -1.34710133 -2.4934648
 -0.78390336 -1.22977334]
log likelihood =  -4062.955805940877
Edge derivatives =  [0.3666918615446715, 0.13799601127301409, -0.14358962780949647, 0.20474904933544863, -0.17099366759083567, 0.01734230958468109, -0.35480711489522143, 0.3242180390330633]
other derivatives: [ 0.80340214  0.29654075 -0.44847184 -0.48935362  0.56043064 -0.2912202 ]
Current x array =  [-0.67405119 -0.83818197 -0.40770571  0.78598211 -2.40175803 -1.14622012
 -1.00250278 -1.06754564 -0.58136496 -0.42365921 -1.34379418 -2.49335766
 -0.78382713 -1.22858497]
log likelihood =  -4062.9542348436235
Edge derivatives =  [0.054768970394985905, -0.11155121708566464, -0.14236164533113493, -0.07037695679551942, -0.30228540199523857, -0.031119208105529213, -0.05843529355038868, 0.2322902741074111]
other derivatives: [-1.84700184  0.15334081 -2.24458745  0.43055479  0.23287612 -0.01527951]
Current x array =  [-0.67261331 -0.83836041 -0.40700446  0.78027062 -2.40217367 -1.15750202
 -1.00043433 -1.05551945 -0.58361937 -0.42080384 -1.34049769 -2.48943867
 -0.78661966 -1.22608978]
log likelihood =  -4062.9503680190437
Edge derivatives =  [0.021237579695693343, -0.03786261395379267, -0.10291903945020364, -0.03002636525150304, -0.2849438732813192, -0.01127117467169951, -0.1397212456846968, 0.2337141066428744]
other derivatives: [ 0.40918167 -0.03933565  0.60763341  0.12978489  0.21909727 -0.00736691]
Current x array =  [-0.67393755 -0.83766801 -0.40846361  0.78102259 -2.40064363 -1.15563365
 -0.99775092 -1.06227257 -0.58478012 -0.42159627 -1.34174869 -2.49168959
 -0.78651172 -1.22627376]
log likelihood =  -4062.9498351345883
Edge derivatives =  [0.013215175510697341, -0.019007316128365842, -0.09759919413723295, -0.012236007701474094, -0.24674170888531455, -0.005025758402986677, -0.1621176264703168, 0.21670147483295954]
other derivatives: [ 0.29149305  0.03610694  0.25415829  0.07662493  0.14679244 -0.05406946]
Current x array =  [-0.67385316 -0.83774475 -0.40830356  0.78163247 -2.40011697 -1.15357412
 -0.99659088 -1.0641019  -0.58489186 -0.42213616 -1.34263605 -2.49230299
 -0.78647589 -1.22623761]
log likelihood =  -4062.9490904314166
Edge derivatives =  [-0.042185099159949335, -0.00900226275520899, -0.071528754891047, -0.007006044919033894, -0.1851046838086834, 0.0034415874988668396, -0.14226346594926298, 0.15650687893810467]
other derivatives: [ 0.05625225  0.10818439 -0.06771188  0.03465175 -0.02714842 -0.06534719]
Current x array =  [-0.67368663 -0.83777157 -0.40821413  0.78217605 -2.39883847 -1.1524129
 -0.99453986 -1.0663327  -0.58583182 -0.42275298 -1.34415651 -2.49306296
 -0.78709947 -1.22537371]
log likelihood =  -4062.948560104216
Edge derivatives =  [-0.06750807555084343, -0.0100549604829962, -0.0347478302821817, 0.005764543935221689, -0.11739909365933054, 0.01233683565119427, -0.06571435376158696, 0.09890910503507333]
other derivatives: [-0.05334186  0.12300916 -0.13155841 -0.00609361 -0.11173142 -0.03374225]
Current x array =  [-0.67358915 -0.83770278 -0.4082547   0.7824459  -2.39788977 -1.1530197
 -0.99427164 -1.06686706 -0.58685595 -0.42305276 -1.34576404 -2.4932685
 -0.78817829 -1.22418778]
log likelihood =  -4062.948118386491
Edge derivatives =  [-0.016435408586129574, -0.006763791380171441, 0.01753959470251633, 0.014873966658077498, -0.006491995792665017, 0.027969296329280156, -0.008047061136351896, 0.04920897788056411]
other derivatives: [-0.02892193 -0.02792149 -0.12341843 -0.020691   -0.04929461 -0.00554792]
Current x array =  [-0.67358148 -0.83733605 -0.40835494  0.78214968 -2.39755539 -1.15399765
 -0.99697435 -1.06616513 -0.58798419 -0.42267971 -1.34840406 -2.49298461
 -0.78897412 -1.22289191]
log likelihood =  -4062.94855130465
Edge derivatives =  [-0.01760497968453356, -0.051823974364487296, 0.06193006569448109, 0.00225475070316572, 0.027558642834645708, 0.021922657524316463, -0.003255446187742539, -0.02864146429798331]
other derivatives: [-0.26852831  0.56934368  0.60704224  0.00454747  0.02019078 -0.00754881]
Current x array =  [-0.67331507 -0.83831414 -0.40875263  0.78186443 -2.39815956 -1.15473958
 -0.99792923 -1.06300114 -0.58849969 -0.42202999 -1.34930264 -2.49151964
 -0.78895766 -1.22130472]
log likelihood =  -4062.948098736972
Edge derivatives =  [-0.016631210505837823, -0.014516853064445279, 0.02520756193494121, 0.012707893694562045, -0.0006109174884572077, 0.02692976949042105, -0.007214595482343711, 0.03579703729158823]
other derivatives: [-0.07025847  0.07516974  0.00268301 -0.01632543 -0.03719833 -0.00582077]
Current x array =  [-0.67353553 -0.83750475 -0.40842353  0.78210048 -2.3976596  -1.15412561
 -0.99713905 -1.06561941 -0.5880731  -0.42256765 -1.34855905 -2.49273194
 -0.78897129 -1.22261815]
log likelihood =  -4062.9480719289445
Edge derivatives =  [-0.0017556161344306487, -0.015080485855688885, 0.026133629219703136, 0.009550100475760381, 0.007664699806750219, 0.02733480679859404, 0.0013890525266258003, 0.028725573740292165]
other derivatives: [-0.03415153  0.01300577  0.01605258 -0.00491127 -0.00418368  0.00131877]
Current x array =  [-0.67356468 -0.8374008  -0.40843649  0.78191952 -2.39780547 -1.15450888
 -0.99785846 -1.06522613 -0.58807933 -0.42237666 -1.34877958 -2.49251469
 -0.78904564 -1.22240256]
log likelihood =  -4062.9480547992653
Edge derivatives =  [0.001572902981602009, -0.013486762836381117, 0.01663569632361518, 0.0067635649777910145, 0.0017364457027380098, 0.02425081696750017, 0.003850056218074105, 0.012759188039369929]
other derivatives: [-0.00563887 -0.00754881  0.01723492 -0.00227374  0.00736691  0.00168257]
Current x array =  [-0.67359    -0.83738222 -0.40842821  0.78189399 -2.397943   -1.15463981
 -0.99794659 -1.06519439 -0.58787243 -0.42230274 -1.34870465 -2.49227592
 -0.78906159 -1.22212717]
log likelihood =  -4062.94804092762
Edge derivatives =  [0.005840973362311097, -0.004969864567416354, -1.239906056571538e-05, 0.0029570195658152887, -0.005444280383057887, 0.019765448572509343, 0.000592191705306, -0.0088763072310164]
other derivatives: [ 0.00286491 -0.01145963  0.01869012 -0.00500222  0.00945874  0.00059117]
Current x array =  [-0.67360021 -0.83739296 -0.40842071  0.78192903 -2.3980456  -1.15471774
 -0.99793874 -1.06559182 -0.58755613 -0.42223766 -1.34864639 -2.4919381
 -0.78903123 -1.22178705]
log likelihood =  -4062.948087272007
Edge derivatives =  [-0.004725637771581581, -0.009127128729199241, 0.0022041428915997308, -0.009598063201018248, 0.001788278293051171, 0.015501234302200385, 0.013435578083108801, -0.02010409808028768]
other derivatives: [ 0.28217073  0.11841621 -0.2017714   0.02937668 -0.02219167  0.00300133]
Current x array =  [-0.67380761 -0.83757498 -0.40828636  0.7817373  -2.39803529 -1.15494972
 -0.99763079 -1.06539894 -0.58754513 -0.42209339 -1.34876379 -2.49119511
 -0.78910964 -1.22157706]
log likelihood =  -4062.9480394709303
Edge derivatives =  [0.004271065533805629, -0.005587544480935541, 0.0003174733648599881, 0.0010916014302498334, -0.004369095125637434, 0.01913217892791222, 0.0025013131713018666, -0.010544563814511188]
other derivatives: [ 0.04442882  0.00786713 -0.01409717  0.00013642  0.00477485  0.00100044]
Current x array =  [-0.67363103 -0.83742001 -0.40840074  0.78190054 -2.39804407 -1.15475222
 -0.99789297 -1.06556316 -0.58755449 -0.42221622 -1.34866384 -2.49182768
 -0.78904289 -1.22175585]
      fun: 4062.9480394709303
 hess_inv: <14x14 LbfgsInvHessProduct with dtype=float64>
      jac: array([-0.04442882, -0.00786713,  0.01409717, -0.00013642, -0.00477485,
       -0.00100044, -0.00427107,  0.00558754, -0.00031747, -0.0010916 ,
        0.0043691 , -0.01913218, -0.00250131,  0.01054456])
  message: 'CONVERGENCE: REL_REDUCTION_OF_F_<=_FACTR*EPSMCH'
     nfev: 48
      nit: 41
     njev: 48
   status: 0
  success: True
        x: array([-0.67363103, -0.83742001, -0.40840074,  0.78190054, -2.39804407,
       -1.15475222, -0.99789297, -1.06556316, -0.58755449, -0.42221622,
       -1.34866384, -2.49182768, -0.78904289, -1.22175585])
{('N0', 'N1'): [4.67220466077808, 4.67220466077808], ('N0', 'ENSLOCG'): [0.0, 0.0], ('N1', 'N3'): [15.599565282230744, 14.426480484693048], ('N1', 'ENSDARG'): [16.198069272906295, 16.097118111089614], ('N3', 'ENSGACG'): [8.121901657619798, 5.392821711583915], ('N3', 'N4'): [2.5692168428956954, 2.3433371920186445], ('N4', 'ENSXMAG'): [11.322211593556297, 11.015311147434339], ('N4', 'ENSONIG'): [6.841651168663708, 6.683395045213712]}
