number of sites to be analyzed:  281
log likelihood =  -10355.822030885969
Edge derivatives =  [49.64156276553508, 56.124257011387826, 50.28254725936595, 48.09760307453821, 13.440258623139597, 15.508307111581868, 90.35417762742355, 67.3841005007325, 102.00881598532436, 62.75379330754593, 37.36514573104503, 32.8330080600997, 44.302404728346424, 82.078505654831, 86.51832565094244, 207.68457557686105]
other derivatives: [-264.57819331  211.79712348 -145.52460925  -24.495057    157.71038306
   63.42288543]
Current x array =  [-0.45338167 -0.71838897 -0.59339193  0.40546511 -2.30258509 -2.30258509
 -6.90775528 -6.90775528 -6.90775528 -6.90775528 -6.90775528 -6.90775528
 -6.90775528 -6.90775528 -6.90775528 -6.90775528 -6.90775528 -6.90775528
 -6.90775528 -6.90775528 -6.90775528 -6.90775528]
log likelihood =  -10256.540360306035
Edge derivatives =  [52.14431173402976, 52.439024880035824, 48.93147284161468, 50.92760574309703, 13.133344090964918, 15.466616165842936, 89.86141974570891, 67.80684497496883, 104.70257833323137, 59.907563627851275, 36.02995336952294, 33.06920032728689, 44.37128488170455, 81.74695387718664, 85.12398022090424, 209.9610225409564]
other derivatives: [595.09893617 134.46460798 -75.53171599 -19.81843525 115.77903933
  65.40412869]
Current x array =  [-1.02206328 -0.71695234 -0.90618101  0.35281569 -1.96360404 -2.28259021
 -6.80105622 -6.78712239 -6.7996785  -6.80437479 -6.87886693 -6.87442189
 -6.71354895 -6.7629206  -6.68849859 -6.77287293 -6.82744302 -6.83718435
 -6.81253215 -6.7313366  -6.72179369 -6.46136022]
log likelihood =  -9990.022132343383
Edge derivatives =  [51.44677230987092, 52.826187569426, 49.040831585406565, 49.890430413141026, 13.121723676408761, 15.598246188726705, 90.38126702116227, 67.029292307965, 105.43753424469584, 58.9422802050742, 35.32067389417097, 33.48157210315357, 44.368706847854114, 81.37603817840616, 84.46361201940563, 210.91923783929187]
other derivatives: [505.00457291  78.63545761 -49.78610377  16.15990186  49.79356163
  66.60957297]
Current x array =  [-0.91925639 -0.61654531 -1.09969212  0.31583337 -1.73283254 -2.22844923
 -6.71867158 -6.69802301 -6.71864229 -6.72430105 -6.85717272 -6.84919566
 -6.56673152 -6.65293696 -6.52072603 -6.67245792 -6.76743031 -6.78357591
 -6.74035199 -6.59789434 -6.58178179 -6.12177533]
log likelihood =  -9423.079581925733
Edge derivatives =  [52.70448164513655, 50.58561218699008, 48.516116736603415, 45.36944004428887, 12.328149971440595, 11.632830112779153, 89.18005089495212, 59.05684049205274, 98.21431140332199, 58.6278640619228, 22.519549656637274, 40.68107631209553, 41.3474192636466, 74.5522663895, 78.06493412093913, 115.75968481385517]
other derivatives: [-7397.57997508   523.87586038   360.33416109  -233.30194381
  -265.5928256    127.36545614]
Current x array =  [-0.08456055 -0.24586196 -2.94372428  0.4544272  -0.05309099 -1.51220113
 -5.72862726 -5.6166118  -5.73658598 -5.76734579 -6.59486035 -6.54144958
 -4.77992019 -5.3322885  -4.47265396 -5.47475575 -6.05332095 -6.12704583
 -5.86568944 -4.98734224 -4.89758927 -1.98872232]
log likelihood =  -9279.773038525596
Edge derivatives =  [49.263529902199835, 53.93984602983119, 48.558179726546584, 47.68228247135775, 12.94524069063941, 14.439970537621134, 91.21788869478726, 64.9637618849203, 105.35191937908722, 58.7369298057076, 31.752819331296173, 36.35789315775851, 43.71648984286357, 80.14926760964617, 80.35503261450546, 213.38351560106423]
other derivatives: [  51.01646821   48.45824151  131.26482372   79.84035619 -134.32036212
   74.83631634]
Current x array =  [-0.647772   -0.49598074 -1.69946263  0.36091094 -1.18649747 -1.9954899
 -6.39666018 -6.34629457 -6.39922898 -6.41305184 -6.77185576 -6.7491014
 -5.98557205 -6.22339673 -5.85459164 -6.28290591 -6.5351666  -6.57003984
 -6.45586845 -6.07406309 -6.03399904 -4.77750196]
log likelihood =  -8362.628020818272
Edge derivatives =  [51.552959547290946, 49.79766971600992, 46.490263638109944, 43.61831663972544, 11.536436947111897, 12.270314275198041, 84.84580111446353, 57.86629017813332, 95.95079179787851, 54.42667445754983, 17.468492497634287, 38.83312768928129, 39.54572926732638, 71.97878304297954, 77.61980587275455, -65.17759915192283]
other derivatives: [-823.27605924 -872.60359578  342.23176044   43.95042197 -313.42078728
  107.67089407]
Current x array =  [-0.35110404 -0.1650871  -2.8304283   0.61660381 -0.10908083 -1.30068426
 -5.48611349 -5.34882647 -5.49580296 -5.53213309 -6.53056234 -6.46899335
 -4.33543848 -5.00902517 -3.96386701 -5.17868877 -5.88691426 -5.95583565
 -5.65060998 -4.5910328  -4.49229678 -0.95546082]
log likelihood =  -8089.1959048401895
Edge derivatives =  [57.87239811574697, 45.49502945899323, 46.6640018147952, 43.996954658936765, 11.119856551228388, 10.647731101788048, 82.5416722537444, 57.100875507914246, 90.96296203296457, 54.61633258315119, 11.632935967328864, 36.622112740457794, 36.69130979646161, 70.94043630783607, 81.68581634036192, -262.57197632120443]
other derivatives: [-123.89764379  169.19020709  346.68373701   63.54957804 -321.58950489
  111.64538591]
Current x array =  [-0.60509198 -0.83278565 -2.9545016   0.61374589  0.11941804 -1.04794163
 -5.19655485 -5.04209913 -5.21544445 -5.25690402 -6.45637953 -6.38378264
 -3.82492373 -4.63366792 -3.37986319 -4.83596406 -5.69711461 -5.76082361
 -5.40211589 -4.13334471 -4.0119852  -0.01397589]
log likelihood =  -7878.258166551092
Edge derivatives =  [54.949698026961315, 48.26270177560836, 47.18571111038386, 45.512503702213344, 11.030214456948693, 11.079426625846594, 87.37586605180307, 59.61453382054345, 98.66610600607753, 55.911137455298515, 19.851257056437404, 36.46905950829058, 38.64724783953735, 75.80781239553968, 80.03895206005409, 85.66424675937732]
other derivatives: [-135.45295587  192.40032998  253.23488444   81.95374903 -236.89453883
  104.37215678]
Current x array =  [-0.63406541 -0.97756579 -2.20196622  0.59324101 -0.58112152 -1.16575745
 -5.46439857 -5.34971805 -5.48997086 -5.5241596  -6.53065804 -6.47165312
 -4.32639694 -5.00618648 -3.95537628 -5.1739933  -5.91133029 -5.94153686
 -5.64945056 -4.58736412 -4.48010817 -1.49331933]
log likelihood =  -6961.2498840928565
Edge derivatives =  [61.062727235043695, 44.38324457667267, 44.31613487832811, 44.286382093701285, 8.642798865683535, 9.467555734818033, 76.05173141804644, 56.23221593738096, 84.77465633905643, 52.78735882142543, 11.254625551246322, 31.237226186594402, 30.56935022132778, 72.42705121643606, 81.41145692371835, 8.529483364057691]
other derivatives: [299.33671613 179.40246835 102.87703844  -8.56480256 -74.10180842
  99.67097867]
Current x array =  [-0.78344817 -0.9027864  -1.26887263  0.66024167 -1.13343266 -0.31016829
 -4.85949113 -4.79276589 -4.95392313 -4.9971817  -6.39705891 -6.32604082
 -3.35751197 -4.30762705 -2.85755175 -4.5279901  -5.62601304 -5.55599596
 -5.19576061 -3.72644828 -3.54830449 -0.88562618]
log likelihood =  -8165.861932397423
Edge derivatives =  [49.93684621422125, 19.032312018809666, -3.0069015141158117, 0.9419347625481276, -1.3580671794971249, -0.4010561191430148, -178.18497166419368, -28.296904331029214, -289.91923803885993, -39.309046379667535, -2.3505902045019718, 2.93775114297875, -5.4520125833698225, -113.20746315651105, -121.39131294792402, -310.02187368148395]
other derivatives: [  276.49266485  -380.92539398 -8877.39115569   -54.4680006
  -492.27974159  -574.9326192 ]
Current x array =  [-0.61719165 -0.63510156 -0.05        0.69816862 -2.07762257  2.31933377
 -2.8816666  -2.96148022 -3.20634585 -3.28211409 -5.9650351  -5.84742917
 -0.21914071 -2.02483502  0.69624724 -2.41809519 -4.68862511 -4.3183733
 -3.73245816 -0.90882787 -0.49724336  1.55140668]
log likelihood =  -6303.6443666545765
Edge derivatives =  [71.9452982064375, 34.93198289239319, 33.71786863615009, 34.93387297147012, 3.754512911253468, 5.5650169101623685, 12.567283020693884, 38.42446438127086, -32.54142009707459, 47.244731516695246, 0.7221210217194195, 24.470896484003326, 8.346586446231447, 33.53741115506139, 34.959559936690425, -154.6288305324689]
other derivatives: [182.11921997  79.8225301   28.26618584 -35.11458999 -71.7875082
 -66.68515198]
Current x array =  [-0.70887626 -0.78272032 -0.72216532  0.67725324 -1.55693509  0.86925601
 -3.97236716 -3.97136976 -4.17007316 -4.22791346 -6.20328101 -6.11136664
 -1.94984191 -3.28371441 -1.26354772 -3.58162791 -5.20556154 -5.0008786
 -4.53941791 -2.46264627 -2.1797961   0.2074689 ]
log likelihood =  -6104.526760156674
Edge derivatives =  [64.79307384384674, 30.274610279824763, 25.279022497502904, 28.01686329804423, 2.061538179016951, 3.721989792341167, -27.3522831600344, 21.78456436974563, -35.530167974573885, 35.6092048827721, -0.3870582387137258, 20.61302740452213, 2.100815332823489, -5.560018709791992, -15.438054289202574, -92.23411687487001]
other derivatives: [-135.22276276   41.49733286 -395.50177462  -11.02816896   52.01509339
  -72.99659046]
Current x array =  [-0.56732604 -0.80861917 -0.37781877  0.39529259 -2.2338531   0.60713415
 -3.03066872 -3.36945411 -3.60140606 -3.65289371 -6.10482404 -5.98835894
 -1.36865274 -2.59048941 -1.04353284 -2.82994567 -5.03642536 -4.58911078
 -4.24138262 -1.73559671 -1.42796775  0.06259886]
log likelihood =  -6098.710352955512
Edge derivatives =  [21.013186475544934, 16.708154486179136, 11.539514663298773, 16.95591657792005, 0.9548566168154525, 2.731532920456125, -69.45770854197565, -14.75699448100937, -4.033904804863159, -6.712436701962425, -0.8234521986599428, 17.13333296318511, 1.0717777421227004, -74.03244545226195, -92.13692921923825, -65.8903083808876]
other derivatives: [-585.00727391 -156.5972525   271.76956792    7.43139026  116.11764421
   35.50412657]
Current x array =  [-0.4715107  -0.74702566 -1.02332083 -0.04630783 -2.68220461 -0.36282052
 -1.79268098 -2.64220422 -2.92940361 -2.96519645 -6.00487502 -5.85220925
 -0.91496962 -1.79555704 -1.19372557 -1.91082034 -4.87060736 -4.10307791
 -3.96507945 -0.99154264 -0.69678322 -0.13428437]
log likelihood =  -5958.8568931089685
Edge derivatives =  [46.46448635062433, 26.772541704510775, 23.883853754614073, 27.990712735037526, 2.233741219566151, 3.739527772498537, -9.209020863775752, 15.914149373066602, 30.19568422885661, 24.21372688877936, 1.2160535687227227, 21.682209413867977, 7.265096012933981, -3.913288124663266, -13.473856059251428, -11.730803896114187]
other derivatives: [107.5442924   52.01300155 106.47272575  24.12134563 104.43900464
  44.32677088]
Current x array =  [-0.67780392 -0.79302124 -0.84225642  0.07172266 -2.35774258 -0.2715483
 -2.34551146 -3.03828143 -3.30187629 -3.33347705 -6.07916597 -5.94169408
 -1.42605234 -2.2805062  -1.49882948 -2.40922511 -5.02459733 -4.36276845
 -4.19838184 -1.56163355 -1.29808505 -0.47468956]
log likelihood =  -5923.633034315428
Edge derivatives =  [46.87524392900755, 23.992727585288428, 20.17614359721009, 25.112880678120877, 1.6933290349979897, 3.2431367051485465, -25.802628561521164, 9.640535343740193, 6.642231149331137, 19.666818565072294, 0.33089198343881815, 19.98616140184084, 3.82967858896987, -18.581469444481534, -30.191580783262115, -41.79126290014607]
other derivatives: [105.85827113  11.98359314  48.8196747   21.48753993  73.47916835
  11.07737262]
Current x array =  [-0.69307771 -0.76341942 -0.70742005  0.09777886 -2.27928927 -0.05836958
 -2.23811863 -2.93238795 -3.20211874 -3.23330103 -6.05429316 -5.91395543
 -1.26082134 -2.15872237 -1.25695298 -2.29653659 -4.96908694 -4.28930829
 -4.11262656 -1.42317188 -1.15307613 -0.29850451]
log likelihood =  -5866.45672447942
Edge derivatives =  [32.023012387847274, 17.48456317707731, 14.270662860663801, 21.856094287296674, 1.1940690508959884, 2.56127540920204, -22.05232966559448, 0.1307145807669697, 0.27091384791839745, 7.594995980165831, 0.3289302049316727, 18.38798948209964, 3.817505904062377, -19.74618705920603, -23.998267587047636, -44.13210648628231]
other derivatives: [ -64.76884664   53.55122994 -109.57464838   24.26040737   13.41177267
   17.3720764 ]
Current x array =  [-0.6011595  -0.82958476 -0.53284325  0.17688125 -1.96231268 -0.13392632
 -1.82938135 -2.70183886 -3.00317962 -3.00561335 -6.02987495 -5.87648523
 -1.34452548 -2.00268217 -1.23126945 -2.07144821 -4.93602885 -4.11401213
 -4.04861351 -1.43733522 -1.23808372 -0.3862666 ]
log likelihood =  -5834.245370605749
Edge derivatives =  [4.934626090259692, 9.350645879558405, 7.496673764071135, 18.00344998632289, 0.8845084906348635, 2.1808964301309985, -16.645553732058293, -10.690240407132437, 4.789881574616082, -8.791152844775205, 0.8596176815732319, 16.953439389782986, 4.666932866663932, -20.778270622754352, -19.078864042120657, -15.59983935296585]
other derivatives: [-41.01229933  26.45001587 -46.50364644  21.69226718 -18.39362085
  38.10446287]
Current x array =  [-0.61565813 -0.79312416 -0.58366129  0.21300244 -1.77886458 -0.30066475
 -1.39194345 -2.46432545 -2.79660785 -2.76527807 -6.00730926 -5.83941247
 -1.43422588 -1.84296858 -1.28884093 -1.83695052 -4.91129462 -3.93011423
 -3.99187303 -1.43820648 -1.297988   -0.57813611]
log likelihood =  -5811.585302219213
Edge derivatives =  [-4.3152768702135065, 4.206486865242239, 2.7684089141217094, 15.476954422327413, 0.774681952848688, 1.8817353692091188, -6.487340461842761, -11.340413925173502, -4.695539143703296, -11.799792725906995, 1.311369969788073, 15.428518900496579, 4.913584169287938, -8.88000269883403, -3.436401214016322, -2.371620218277008]
other derivatives: [-68.07867976  13.16611815  -0.91222319 -16.69450285  -7.87040335
  23.47878763]
Current x array =  [-0.60251621 -0.77724332 -0.63004054  0.41870924 -1.73784421 -0.07456991
 -1.25773291 -2.3617601  -2.71453319 -2.61068529 -6.0011423  -5.82243884
 -1.61399509 -1.8934278  -1.26567755 -1.8490032  -4.91154998 -3.78974144
 -3.96582807 -1.6197293  -1.50563431 -0.69674896]
log likelihood =  -5802.297156576136
Edge derivatives =  [-10.300234451406428, -0.14683933526420567, -2.6095499924773375, 10.4219839265116, 0.6362947225183507, 1.6236096094499246, -4.371246771465105, -12.090508917535324, -12.711934571933332, -13.110895215762893, 1.346099524330814, 12.810968575256071, 4.164913200366804, -5.8817977435504, -1.0013203885788973, 3.4230250790398866]
other derivatives: [ 53.72903615 -17.51450327   3.95002644 -16.32333806   0.21182132
 -11.83288987]
Current x array =  [-0.66516494 -0.73136442 -0.63696423  0.41298859 -1.77826237  0.18630465
 -1.14511803 -2.24093517 -2.61525746 -2.39734064 -5.9860033  -5.79366146
 -1.69461895 -1.93379906 -1.24231544 -1.86828698 -4.89112023 -3.59600043
 -3.90034216 -1.70540114 -1.57262127 -0.76198282]
log likelihood =  -5798.242483811746
Edge derivatives =  [-4.144269937435661, 1.226009976682257, -1.0887094174874745, 11.338567495168578, 0.8067806870748016, 1.7409671373609517, 1.3833493358951874, -6.959654868834134, -6.291414616746163, -7.0518346039823, 1.599709400684495, 13.179324692142037, 5.416264863393799, 0.7654483693233063, 5.2227734716634, 6.794260445370109]
other derivatives: [ 31.50780685  -9.94959919   7.53243512 -13.16202543   5.82822395
  -5.78593244]
Current x array =  [-0.64557874 -0.72991775 -0.64811781  0.39444707 -1.7730137   0.20774321
 -1.22728511 -2.28173737 -2.65884554 -2.40141614 -5.99392295 -5.80008815
 -1.77799051 -2.02831919 -1.31544242 -1.96390921 -4.90826327 -3.58414646
 -3.91860663 -1.79676063 -1.65320932 -0.79323915]
log likelihood =  -5794.567735953422
Edge derivatives =  [-7.312064383281243, -0.22698459196654142, -3.0102270783172567, 7.6314241041410895, 0.9051707352058759, 1.7002913871062173, 4.421650969364381, -4.2826168545870615, -0.21037747691009745, -4.354638181955212, 1.5222684783506706, 11.450415705913157, 6.068292585412626, 3.441160637733736, 5.787992560347304, 6.665448908302254]
other derivatives: [ 7.59409886 42.25112207 15.75308488  0.51149982  4.62532626 -6.36064215]
Current x array =  [-0.62689446 -0.79179328 -0.66189635  0.32422094 -1.79398926  0.22037638
 -1.18210371 -2.21443132 -2.61673696 -2.23554943 -5.98278097 -5.77663682
 -1.82049952 -2.08245027 -1.38059411 -2.00354477 -4.89099319 -3.41667198
 -3.86053101 -1.83546865 -1.66099739 -0.79157521]
log likelihood =  -5791.257181926245
Edge derivatives =  [-6.877509420241988, -0.39005239895714594, -3.7731226314366673, 4.315932707139956, 0.9773942867605075, 1.7139636518849808, 5.962070429025615, -1.7840195584024305, 2.9938235139611526, -1.196765059287538, 1.4075755515910675, 9.859330406872708, 6.586298718816131, 5.06844966572865, 5.657674699874832, 1.5271157091119392]
other derivatives: [-7.91487764 16.35626177  2.13549356 10.32076398  0.03547029 -4.73446562]
Current x array =  [-0.61828525 -0.75409589 -0.64895697  0.26658426 -1.77308827  0.22164953
 -1.20439156 -2.19298758 -2.61590696 -2.13280178 -5.97640671 -5.76166948
 -1.85038714 -2.14840227 -1.429988   -2.06452327 -4.88038338 -3.29970116
 -3.81855774 -1.87118565 -1.67007812 -0.77090126]
log likelihood =  -5788.832235737896
Edge derivatives =  [-5.602971776140506, -0.21598875698918918, -4.366760699257536, 0.5767509825481681, 0.9976003311326259, 1.6788939927638535, 4.4128494939334875, -0.851703863911475, 3.7512146468106637, 0.6972535600992024, 1.146129847116748, 7.528514199941611, 6.307236105110944, 3.228944621071969, 1.3833432995928316, -5.631588384854885]
other derivatives: [-8.82182576 -2.23690222 -1.58279363 13.25288395 -0.13669705 -5.21786205]
Current x array =  [-0.62046019 -0.73518126 -0.64413642  0.2413284  -1.78705367  0.20028638
 -1.23283955 -2.16317977 -2.61429977 -2.02529467 -5.9640452  -5.73967101
 -1.81924721 -2.18495568 -1.44038313 -2.09860196 -4.85740191 -3.16616916
 -3.75026637 -1.84958598 -1.62023891 -0.72180039]
log likelihood =  -5786.520670411977
Edge derivatives =  [-3.8511089577665225, 0.19290471949789312, -4.496417001731036, -3.571943495423975, 1.0009063276222971, 1.6103396347363603, 2.417703965782995, 0.03278049805627439, 3.6001303363293182, 2.2584454973575774, 1.0285750833118108, 3.9667602278920624, 5.745904105086648, 0.7881189213120074, -2.744930548310234, -6.098697711169918]
other derivatives: [ -6.39702193 -10.35659807  -6.12826625   7.5522621    1.80489224
  -2.01189323]
Current x array =  [-0.62523553 -0.73228193 -0.63640184  0.26834806 -1.79952204  0.15108242
 -1.27053693 -2.12428667 -2.62492474 -1.90728304 -5.94599127 -5.70816196
 -1.77140831 -2.22147973 -1.43659982 -2.1221526  -4.82791077 -2.99123459
 -3.6501934  -1.81499991 -1.56878172 -0.70665132]
log likelihood =  -5785.51331329298
Edge derivatives =  [3.3940269782538532, 2.180178750147344, -2.3988677008471635, -3.898060445771393, 0.9718969728994705, 1.5361769809922505, -0.006586729995148449, 1.6065886318652838, -0.8071192954699709, 3.927361315240191, 1.0304803019125803, 0.11469614601651552, 4.7583454559707095, -1.1850046658264646, -2.5531331589179875, -8.95406134251839]
other derivatives: [ 27.90520739   9.16270437  -3.02816261   5.17056833 -12.45143721
  -1.97514964]
Current x array =  [-0.64205151 -0.7503358  -0.64074465  0.31025612 -1.72675601  0.11890375
 -1.39290277 -2.12234325 -2.71019843 -1.88313213 -5.92455457 -5.67106595
 -1.71773693 -2.28057769 -1.39984505 -2.15448071 -4.79729855 -2.83630801
 -3.51968645 -1.80063786 -1.57290021 -0.69235186]
log likelihood =  -5784.766700795028
Edge derivatives =  [1.8500834200284046, 1.441047488798673, -2.7767271703042593, -4.67478481302068, 0.9102101519338359, 1.4614916545389915, -1.994445374204172, 0.4658140191836202, -3.5533272986768267, 1.9392261021183559, 1.0549102198963798, -1.2888813615195396, 4.1044472720570475, -3.1536085655926183, -3.6873229096998665, -2.614343672012467]
other derivatives: [-14.03950591  -5.82504072  12.92346496  -4.76156856  -2.31339072
  -3.06572474]
Current x array =  [-0.62322274 -0.74127405 -0.65748431  0.34147115 -1.76234459  0.12499991
 -1.37613943 -2.09760453 -2.71076932 -1.87066554 -5.91636062 -5.65825418
 -1.69746771 -2.26690248 -1.38016637 -2.12766708 -4.78689725 -2.79654186
 -3.4800503  -1.78512673 -1.56716858 -0.73068823]
log likelihood =  -5784.404492820708
Edge derivatives =  [1.098172193165305, 1.4488375519552188, -2.5114374176594305, -3.1428123751757595, 0.9293598223053503, 1.4994460757738626, -0.9466210903176642, 0.5936412561005088, -1.8595708551156358, 1.6586558080759461, 1.18301660434541, 0.002375074854376699, 4.491146223249599, -2.0574464435917625, -2.1124875448687352, 0.1980931612816418]
other derivatives: [-3.92192305 -1.46937964  5.80612323 -2.54603947 -2.46527634  0.33887773]
Current x array =  [-0.62715397 -0.74389681 -0.64928651  0.33388238 -1.75936771  0.11274452
 -1.36055893 -2.10434875 -2.71045212 -1.90199366 -5.91974801 -5.66418832
 -1.70957262 -2.25422653 -1.39057661 -2.11520004 -4.79330165 -2.83751172
 -3.49988709 -1.79187782 -1.57993952 -0.7448013 ]
log likelihood =  -5784.1328800017645
Edge derivatives =  [1.0471744232389661, 1.3308962988310795, -2.241670289067292, -2.568708228530794, 0.9217731790581505, 1.484949429447785, -0.5561469987106125, 0.7690838647234199, -1.6824370321918019, 1.232344030662087, 1.287292653146244, -0.3879649638715352, 4.423595928942073, -1.4860275737149093, -0.6655239756714857, 2.6108704375638556]
other derivatives: [ 0.10859367  2.71838871 -2.1024789  -1.89511411 -2.24399628  0.73860065]
Current x array =  [-0.62843999 -0.74766145 -0.64011025  0.33323711 -1.75863315  0.11348431
 -1.357164   -2.0943552  -2.72314609 -1.91042206 -5.91450989 -5.65539974
 -1.71321095 -2.25404183 -1.3933166  -2.105389   -4.78738351 -2.82234075
 -3.47302246 -1.80099509 -1.59611719 -0.75902502]
log likelihood =  -5783.724000635422
Edge derivatives =  [1.0807997472259032, 1.1785191102177717, -1.5367174329739057, -1.1933591827971046, 0.908233462285397, 1.4561691180253378, -0.26717480821816664, 1.0590009699362002, -1.2506576172747046, 0.22499292994063835, 1.4461506851413166, -1.2391845497306353, 4.1734538006429895, -0.787420455527174, 1.5671891864538168, 5.463395878861229]
other derivatives: [ 4.9357368   5.26397343 -5.40076144 -0.67220753 -0.97661541  2.0594598 ]
Current x array =  [-0.63002012 -0.74919092 -0.63670135  0.3268982  -1.76179411  0.10880892
 -1.35705969 -2.07460827 -2.75765246 -1.93355216 -5.90161791 -5.6340182
 -1.71397049 -2.25377191 -1.40068217 -2.0858434  -4.77155908 -2.79024146
 -3.40655541 -1.81623826 -1.62231416 -0.77489081]
log likelihood =  -5783.209003501783
Edge derivatives =  [1.15998815007458, 0.9265649483139564, -0.36265235822957176, 1.120884312697335, 0.8693197126007407, 1.3853736886160375, -1.1040672291002078, 0.9726049280379299, -1.4918490379031, -1.7444333033956827, 1.5112492849161565, -2.5707611624221265, 3.2018049187779893, -0.8823216925981474, 3.1112950639362786, 3.6947553394494967]
other derivatives: [ -4.13838279   7.6386641  -12.90027285   1.05446816  -2.1710548
   2.17787601]
Current x array =  [-0.62518098 -0.75214235 -0.6280824   0.3175318  -1.75890031  0.09939913
 -1.36177726 -2.03991449 -2.82413097 -1.98014566 -5.87515803 -5.59133621
 -1.69990792 -2.24307146 -1.40558323 -2.05133966 -4.73568005 -2.74589321
 -3.2741406  -1.83046914 -1.64300302 -0.7634606 ]
log likelihood =  -5783.420285006218
Edge derivatives =  [-2.140160918946063, -1.1954345979659136, -0.11109325189457, 2.3850848760634484, 0.8302042459324642, 1.2666041207849097, -0.6046395696947267, 0.47305851391057707, 0.6079392860913613, -5.014957298226824, 1.6132922005693637, -5.2687949370602345, 1.0347774641202165, -0.07004691038092203, 4.474002841871178, 4.782361655784403]
other derivatives: [32.05086614  0.10231815  7.28859959  3.79395715  6.09934432 -1.13714123]
Current x array =  [-0.64498413 -0.74285371 -0.65144627  0.2866974  -1.80888816  0.11738192
 -1.30701413 -1.94877239 -2.88863689 -1.99117898 -5.82932603 -5.51662862
 -1.70606362 -2.21933402 -1.44016755 -1.99991125 -4.67228827 -2.65839207
 -3.05711352 -1.8700223  -1.66502168 -0.76225577]
log likelihood =  -5782.9024466797455
Edge derivatives =  [-0.26055652934440343, 0.021432240219291465, -0.24214264136164038, 1.6790330462931755, 0.8523017749405509, 1.334924521155164, -0.8829401710188239, 0.7596985160796759, -0.5632995660078843, -3.1598408793746366, 1.5571956392962996, -3.724758474817424, 2.3871791830659674, -0.5057745011066501, 3.728792123817246, 4.170445568373246]
other derivatives: [11.9987817   4.4108674  -3.96685209  2.27737473  1.48384061  0.77943696]
Current x array =  [-0.63380693 -0.74809636 -0.63825935  0.3041008  -1.78067426  0.10723216
 -1.33792327 -2.00021436 -2.85222878 -1.98495161 -5.8551943  -5.55879471
 -1.70258925 -2.23273179 -1.42064764 -2.02893822 -4.70806755 -2.70777903
 -3.17960687 -1.8476979  -1.65259402 -0.76293579]
log likelihood =  -5782.659783191884
Edge derivatives =  [-0.4426481516805312, -0.15120603938233979, -0.1271290368555331, 1.8043617791402966, 0.8528341771732553, 1.3180653668337774, -1.1868610787205356, 0.5649989439639704, -0.4855366902423337, -3.2378180559230922, 1.4493574614738596, -3.8533858677204087, 1.9337496184638827, -0.7419244953337495, 2.8308575069839375, 0.5318661677741912]
other derivatives: [ 3.28100214  3.09810275 -0.87020453  2.67427822  0.3002242  -0.0338332 ]
Current x array =  [-0.62975873 -0.74749007 -0.64186831  0.30018024 -1.77872445  0.10676962
 -1.33861214 -1.9904113  -2.86736409 -1.98871109 -5.84628485 -5.54464533
 -1.70024262 -2.22822264 -1.42529849 -2.03009079 -4.69417288 -2.70568219
 -3.14014882 -1.85160996 -1.64361886 -0.74182054]
log likelihood =  -5782.442670698844
Edge derivatives =  [-0.7961407759331816, -0.34374510237089595, -0.15102257414346232, 1.6355899287821456, 0.8669109131786776, 1.314210384632182, -1.3394588769962197, 0.21226665530060135, -0.3145529929272768, -2.824011003258893, 1.3003964155707264, -3.4721923114431554, 1.4983249669446386, -0.9490222040191765, 1.0852298986903652, -3.471081769724251]
other derivatives: [-4.12110239 -2.07573976  2.94439815  1.61844582 -0.3945388  -0.83073246]
Current x array =  [-0.62696948 -0.74285369 -0.64611473  0.303546   -1.77722614  0.10695701
 -1.33735577 -1.98314278 -2.87747611 -1.9870141  -5.83692713 -5.53010344
 -1.70190999 -2.22024155 -1.43087381 -2.04024155 -4.67878758 -2.7215055
 -3.10546452 -1.85602177 -1.62464956 -0.71888999]
log likelihood =  -5782.278980834596
Edge derivatives =  [-0.9940922683486719, -0.48151934346023095, -0.12129968756931289, 1.5753091514107294, 0.8900981698246294, 1.3205474375237414, -1.0330838283172215, 0.015699692432454837, 0.10726444447476302, -2.195961860013386, 1.2295336187529307, -2.9412050314727938, 1.12047075168257, -0.7631128952549362, -0.06752354302726449, -4.840019674244503]
other derivatives: [-6.17228579 -2.66263669  4.53446773  0.70931492 -0.48503352 -0.88066372]
Current x array =  [-0.62622549 -0.74260292 -0.64793548  0.30838584 -1.77651154  0.10623584
 -1.3357903  -1.97664761 -2.88733988 -1.98476202 -5.82724136 -5.51498975
 -1.70806812 -2.2131114  -1.43752442 -2.05158378 -4.66367881 -2.74028014
 -3.0722619  -1.86383857 -1.6116399  -0.71076216]
log likelihood =  -5781.948371075846
Edge derivatives =  [-0.7069469577847227, -0.6314597816095417, 0.11474997736728021, 1.1882917719997568, 0.9498340236314395, 1.3373186454768669, -0.26919550441258777, -0.33789831983230023, 0.5470950073314595, -0.3279160218660659, 1.179473807091498, -1.8303742140875485, -0.3797286038593505, -0.23180594495983498, -2.0616896581430453, -4.180447820084647]
other derivatives: [ -4.07935659 -10.0678335   -0.03628884  -1.38534233  -0.3855348
  -0.3002242 ]
Current x array =  [-0.62788472 -0.73379603 -0.64271025  0.32093771 -1.77031146  0.10268173
 -1.34399901 -1.95893249 -2.92348779 -1.97174633 -5.7943483  -5.46360351
 -1.72329393 -2.20010885 -1.44945523 -2.08459787 -4.61489009 -2.78079936
 -2.96453788 -1.88749488 -1.59121067 -0.71601445]
log likelihood =  -5782.036367256354
Edge derivatives =  [-0.11333213459135227, -0.7282168952468218, 0.2627979718805572, 0.7695102542414073, 1.033278537983407, 1.3798816364106543, 1.2875803755056854, -0.45875305817544354, 1.455954137901168, 1.8254429445712335, 1.1912236663127658, -0.0331824318962592, -1.7305186969830233, 0.7862551607405112, -2.938107955304253, -0.9983310949663109]
other derivatives: [-6.21203071 15.52616595 10.67082849 -0.83819032 -1.40298653  0.42346073]
Current x array =  [-0.62434801 -0.76195954 -0.65661126  0.32529448 -1.76478998  0.10265592
 -1.34858953 -1.94760471 -2.95060839 -1.95145362 -5.7601654  -5.41101539
 -1.74551725 -2.18787427 -1.4624556  -2.12013349 -4.56513276 -2.84105068
 -2.87661821 -1.91356292 -1.58074301 -0.73472648]
log likelihood =  -5781.822109230723
Edge derivatives =  [-0.4427463005008374, -0.6713851823794794, 0.18227991597754686, 1.0131824467431985, 0.9855410512567613, 1.35510396232247, 0.4155843083667346, -0.3865284079798331, 0.9443373191255855, 0.6150405616795798, 1.1849505707140837, -1.0387769103055189, -0.9330219888672566, 0.2188220559411686, -2.4312575148687157, -2.7892971201533605]
other derivatives: [-4.93955667  1.27211024  4.65597623 -1.13886927 -0.8157258   0.01964509]
Current x array =  [-0.62635536 -0.74597459 -0.64872137  0.32282168 -1.76792384  0.10267057
 -1.34598406 -1.9540341  -2.93521537 -1.96297129 -5.77956682 -5.44086318
 -1.73290381 -2.19481833 -1.4550769  -2.0999643  -4.59337386 -2.80685344
 -2.92651936 -1.89876731 -1.58668421 -0.72410597]
log likelihood =  -5781.734714561624
Edge derivatives =  [-0.26894744348025856, -0.5569088202300732, 0.12895569377315924, 0.7147537741104314, 0.9966321103476918, 1.3743164895523532, 0.7321304234946633, -0.3458648501484511, 0.889091953719618, 0.9903072222043, 1.2647531117296738, -0.5478799571827427, -0.7595146228699351, 0.467485849246779, -1.8893987588477192, -0.162088565231143]
other derivatives: [-2.38960638  0.21173037  1.76969479 -1.00935722 -0.19081199  0.80435711]
Current x array =  [-0.62728417 -0.74387854 -0.64557749  0.32285413 -1.76730908  0.10278317
 -1.34725286 -1.95942488 -2.93137045 -1.9560203  -5.77680461 -5.43714995
 -1.73791462 -2.1953919  -1.45401072 -2.10557412 -4.59016892 -2.82343993
 -2.93499728 -1.90088209 -1.59270972 -0.74046328]
log likelihood =  -5781.679392851759
Edge derivatives =  [0.26947849760006415, -0.34898279087023676, 0.18835913745538657, 0.6183389831839701, 0.9956567864800683, 1.3798648691322473, 0.6950179895442796, -0.3248008990303539, 0.5570541243735683, 1.0547803763740555, 1.3394980352479022, -0.1021874533850615, -0.821956973212169, 0.48254504417736466, -0.9831945479588065, 0.8980006417182975]
other derivatives: [ 6.41048246  1.71794454 -1.86400939  0.23828761 -0.93032213  0.69849193]
Current x array =  [-0.63133763 -0.74419537 -0.64156545  0.31918623 -1.76401481  0.10414317
 -1.35239384 -1.96458107 -2.93475828 -1.95286339 -5.76819839 -5.42486191
 -1.73655274 -2.19575202 -1.44965879 -2.105438   -4.57884593 -2.83869505
 -2.93253142 -1.90063397 -1.60260303 -0.74705144]
log likelihood =  -5781.640166220786
Edge derivatives =  [0.342939331073164, -0.3325623403800766, 0.1594659643100636, 0.43788765121999274, 0.9907530679178135, 1.3767748905471202, 0.65597644930772, -0.36017001309027574, 0.3185377451738094, 0.8970848157145931, 1.3912950910699404, 0.11297395995755222, -0.8776507209472905, 0.4784491948129845, -0.2762849318038665, 1.8860268057761655]
other derivatives: [ 5.00458555  1.0722033  -1.90666469  0.62300387 -0.39235601  0.65465429]
Current x array =  [-0.63043629 -0.74323823 -0.64168754  0.31616308 -1.76578209  0.10655684
 -1.35241211 -1.96623194 -2.93586509 -1.94902225 -5.76155853 -5.41530169
 -1.73669982 -2.19614588 -1.44786728 -2.10321544 -4.570252   -2.84663474
 -2.93067816 -1.9015326  -1.61161372 -0.75386797]
log likelihood =  -5781.537715789074
Edge derivatives =  [0.681645097293717, -0.2208179498714764, 0.10221630149661817, -0.043193680908884424, 0.9748626929975551, 1.3558974075600319, 0.3279268606283373, -0.43315602852255625, -0.30859810410882194, 0.41990159110098607, 1.4623493940751031, 0.7060355966666478, -1.0956886819866605, 0.32384020624122095, 1.1751087902748143, 1.8515706365948985]
other derivatives: [ 2.82925612  0.7206836  -1.94586391  1.40298653 -0.06384653 -0.2323759 ]
Current x array =  [-0.62916756 -0.7426426  -0.64185538  0.3109298  -1.76826217  0.11320297
 -1.35401126 -1.97234035 -2.94209823 -1.9384498  -5.7369381  -5.37992049
 -1.7331719  -2.19858561 -1.44292695 -2.09684656 -4.53688532 -2.86990808
 -2.92306463 -1.90212039 -1.63075211 -0.75564491]
log likelihood =  -5781.38130082681
Edge derivatives =  [0.9522605230926023, -0.008768842868006388, 0.033836290501157024, -0.7054017902334678, 0.9568498981889305, 1.3116658684192162, -0.14025745490708297, -0.3701318664223957, -0.9148494507520568, -0.25596675160361715, 1.526132356189109, 1.5327636832335791, -1.2471760792622888, 0.14698643233152564, 2.4759827967411994, 1.3577391613937537]
other derivatives: [ 0.19626896 -1.150147    0.98234523  0.79426172  0.57598299 -0.583168  ]
Current x array =  [-0.62812962 -0.74096039 -0.64522173  0.31256054 -1.77097932  0.11583799
 -1.35402871 -1.98506728 -2.95267916 -1.92265214 -5.68951549 -5.31214
 -1.72657189 -2.20611774 -1.43790711 -2.08841986 -4.47135097 -2.90440862
 -2.9186278  -1.90156933 -1.64951516 -0.75478257]
log likelihood =  -5781.189968944673
Edge derivatives =  [1.3156305996101243, 0.39705535940152537, 0.022217434928437946, -1.6101266318372103, 0.9215068416542748, 1.1810141682668556, -0.9788124999267676, -0.06174354333616114, -1.4415932479111415, -1.3807406323287277, 1.5341645340883598, 2.7229833106306947, -1.5154416275232532, -0.11712134102932481, 3.5775619709473974, -1.3787172574543307]
other derivatives: [-14.15801307   0.6863047   -5.49634933   0.07366907   0.41836756
  -1.24982762]
Current x array =  [-0.62148584 -0.74505494 -0.63701057  0.31619344 -1.77378415  0.11591308
 -1.35018228 -2.00817925 -2.97800156 -1.89808461 -5.58750013 -5.16650658
 -1.71153981 -2.2226684  -1.43319854 -2.07329526 -4.32862801 -2.9591045
 -2.90843878 -1.89882761 -1.6688786  -0.74152054]
log likelihood =  -5780.958686050111
Edge derivatives =  [1.1766324185600245, 0.5877703504553335, -0.012704983945394793, -2.0785520683452, 0.8939186984565842, 1.0605049319280877, -1.4342290264516435, 0.27560235097118757, -1.3387610743676186, -2.2466733115614264, 1.4764610492924026, 3.3148497585251433, -1.5481760512732043, -0.22197932165863488, 3.6035296412880644, -3.069207505589624]
other derivatives: [-5.71035343 -0.8929419   1.79370545 -1.30548869  0.99680619 -1.16397132]
Current x array =  [-0.62663051 -0.74400183 -0.64493331  0.32263492 -1.77849608  0.11205676
 -1.34174496 -2.02381094 -2.995671   -1.88207979 -5.50865487 -5.05424194
 -1.70109802 -2.23628914 -1.43335812 -2.0625452  -4.21762535 -2.98995411
 -2.90621107 -1.89616688 -1.67361533 -0.73144446]
log likelihood =  -5780.679925995881
Edge derivatives =  [0.5701426983208043, 0.6932303283620461, 0.010809697403023455, -2.174672099584389, 0.876394228702238, 0.9007647578050272, -1.5849825074080077, 0.8097467549079793, -0.5630384436043339, -2.682381814326255, 1.2796301544964646, 3.4567608323623857, -1.3675464314089163, -0.1746791224550629, 1.9929414898289304, -4.30103270728357]
other derivatives: [-1.53686415 -1.73213266  5.11799954 -3.08355084  1.1580596   0.03328751]
Current x array =  [-0.62976459 -0.74433168 -0.64799562  0.33200808 -1.78054869  0.10073002
 -1.3277888  -2.03781201 -3.0139076  -1.87232493 -5.42340827 -4.93348797
 -1.69299441 -2.25201649 -1.43944056 -2.05830826 -4.09625135 -3.003434
 -2.91128074 -1.89269027 -1.65867958 -0.72382751]
log likelihood =  -5780.225697358768
Edge derivatives =  [-0.7801628668157012, 0.6883201344695088, 0.04477407084735732, -1.948808060076299, 0.8101837450813527, 0.49581448092113145, -1.632195394849837, 1.7122417854297711, 0.6990726153716635, -3.4218077562735183, 0.8075300541677465, 3.1156089945840213, -0.8499915304004337, -0.13314822749115485, -0.8014744825147364, -4.277988365894501]
other derivatives: [ 5.62595233  0.22682798  5.43150236 -3.07964001  1.00762918  1.22563506]
Current x array =  [-0.63430321 -0.74763106 -0.64729902  0.33187751 -1.78501069  0.08879367
 -1.2967834  -2.059291   -3.04314779 -1.8638803  -5.2657823  -4.71234718
 -1.68207257 -2.27762773 -1.44939655 -2.0520175  -3.87302356 -3.00301082
 -2.93446623 -1.88446509 -1.63600607 -0.72575111]
log likelihood =  -5779.834326232021
Edge derivatives =  [-1.7960543360220589, 0.5658337228402144, 0.10407619378506007, -1.5226138583440298, 0.7541571512763886, 0.09586288946372745, -1.2456721463049996, 2.0754101924174253, 1.0233628011806801, -2.7209097345860167, 0.26304446011059757, 2.357700718221307, -0.41681750179676524, -0.23830535810663422, -3.350559518886619, -2.187642386829026]
other derivatives: [ 3.6739948  -1.47292667  4.39067662 -1.648732   -0.41109161  1.8364517 ]
Current x array =  [-0.6332704  -0.74512382 -0.64612488  0.32369363 -1.77833533  0.08603322
 -1.27896025 -2.072102   -3.06332074 -1.86974843 -5.14330404 -4.54508198
 -1.68606252 -2.28584627 -1.45440691 -2.0726053  -3.70176829 -2.98390702
 -2.96035357 -1.8797064  -1.61932488 -0.74552096]
log likelihood =  -5779.795656015493
Edge derivatives =  [-1.8068671385655088, 0.31253976871840106, 0.36157691076064646, 0.21643507379586757, 0.6557601520715686, -0.5897592745155628, 0.39082127624570573, 2.1566078690221944, 1.8822344746666198, -1.200784019444892, -0.19985352954290736, 0.26666597594061914, -0.06207735032502417, 0.5203720515949016, -1.8230937227215862, 2.5752286154095136]
other derivatives: [13.71663529 20.69773473  1.35041773  0.28921932  4.84214979 -0.874752  ]
Current x array =  [-0.63621202 -0.77015376 -0.64291146  0.31152418 -1.8087949   0.10749794
 -1.26297445 -2.06388822 -3.08630883 -1.89485153 -4.9885225  -4.34590951
 -1.70567105 -2.26928771 -1.46084342 -2.10609583 -3.49804497 -2.90666315
 -2.97823999 -1.88417545 -1.653902   -0.77580399]
log likelihood =  -5779.615916339594
Edge derivatives =  [-1.7963455473422925, 0.4334256587597206, 0.24191919742782814, -0.6021604952847949, 0.7094563998085791, -0.23781068986208737, -0.3843378080903854, 2.1226713829459514, 1.472249665789688, -1.90893535888266, 0.05824969896684595, 1.292106476485429, -0.22923846122127195, 0.16136738942492368, -2.516026504742032, 0.33327013174211734]
other derivatives: [ 8.98089638 10.33376975  2.78587322 -0.62545951  2.33922037  0.45620254]
Current x array =  [-0.63480543 -0.75818525 -0.64444802  0.31734322 -1.79423011  0.0972342
 -1.27061835 -2.06781579 -3.07531666 -1.88284803 -5.06253408 -4.44114741
 -1.69629488 -2.27720548 -1.45776569 -2.09008173 -3.59545894 -2.94359869
 -2.96968728 -1.8820385  -1.63736833 -0.76132361]
log likelihood =  -5779.364147145938
Edge derivatives =  [-1.764740848910909, 0.2488652137383206, 0.3559626200189761, 0.06606951012386475, 0.7253602027989762, -0.2979266681697069, 0.10396237157709659, 1.5628107689877984, 0.8422781210992172, -0.34790390869824234, 0.03916126760119165, 0.035909277968005124, -0.1338790063954702, 0.04439450481647267, -2.4097673424266493, 1.9236044493701]
other derivatives: [ 3.56349119 -0.5072252  -3.82615326  0.46220521  2.23481038 -0.25056579]
Current x array =  [-0.6318419  -0.74397693 -0.63759705  0.30872449 -1.78828571  0.106809
 -1.27824966 -2.0572533  -3.07395542 -1.90685725 -5.04762228 -4.43153097
 -1.71267326 -2.25626782 -1.45591255 -2.12317835 -3.58155043 -2.8959752
 -2.98141559 -1.88410538 -1.64625183 -0.7770081 ]
log likelihood =  -5779.2881847617555
Edge derivatives =  [-1.4340997753221796, 0.22522974547160135, 0.3873883199872625, 0.10046430433080789, 0.725225401132855, -0.29591773300942725, 0.08095033554573966, 1.1368089287697898, 0.20519353646720706, 0.07173297235831079, 0.08169337978604596, -0.21908959822817514, -0.22219076306543245, -0.08908424056656594, -1.5023814424100506, 1.3552268299805748]
other derivatives: [-5.68506948 -0.14279067 -0.43346517  0.64528649  1.45264494 -0.79244273]
Current x array =  [-0.62675126 -0.74422837 -0.64204949  0.30702531 -1.78303042  0.11099664
 -1.28764127 -2.05271347 -3.07307739 -1.91312644 -5.04572255 -4.43539678
 -1.71767969 -2.24434259 -1.45232169 -2.13376144 -3.58389606 -2.88616793
 -2.97989114 -1.88594147 -1.66056469 -0.77636808]
log likelihood =  -5779.242973580423
Edge derivatives =  [-0.8509401568144568, 0.3502198403033753, 0.4114524979666706, -0.09886761209259776, 0.6994814155688601, -0.36199362926048256, -0.065077605636152, 0.8261619087800768, -0.4408454381400402, 0.19951348227810228, 0.0923591110995774, -0.06322808633162072, -0.3603022762679986, -0.15343048758249467, -0.17271618205092398, 0.5729156478621696]
other derivatives: [-3.62442734 -0.6013579  -0.75833668  1.1496013   0.44392436 -1.59525371]
Current x array =  [-0.6276396  -0.74290113 -0.64196094  0.30560571 -1.77822366  0.11497174
 -1.29694213 -2.05363522 -3.0766965  -1.91163746 -5.02598505 -4.4133914
 -1.71873692 -2.23662379 -1.44722791 -2.13858278 -3.56132138 -2.89336333
 -2.97496952 -1.88743338 -1.68069621 -0.77379245]
log likelihood =  -5779.20344289073
Edge derivatives =  [-0.5184225851159197, 0.4607410289603897, 0.4927296217266477, -0.007113366085619854, 0.7019454486778639, -0.36964853104436995, 0.03720981687590563, 0.5775788296141715, -0.29755167064574106, 0.45559257150440335, 0.12322209558536645, -0.15324350344402426, -0.2503016927466053, 0.05889124066260454, 0.46462034962145693, 0.17143895576107832]
other derivatives: [-1.37042662 -0.01018634  0.28612703  0.3956302  -0.1033186  -0.67284418]
Current x array =  [-0.62882614 -0.74337971 -0.64314899  0.31132834 -1.77389072  0.10761242
 -1.30603318 -2.04971137 -3.07477553 -1.91497338 -5.01428859 -4.40889333
 -1.72132289 -2.22598348 -1.44785414 -2.14298243 -3.55314416 -2.88822493
 -2.9770161  -1.88883463 -1.68907416 -0.77070115]
log likelihood =  -5779.181201737243
Edge derivatives =  [-0.275881598380443, 0.5715100430963398, 0.5586539824630459, 0.03546440531959061, 0.6832677116273583, -0.4394119576008473, 0.06482712102600363, 0.36981950184669177, 0.03366770375579975, 0.46518476735752046, 0.04024951172670965, -0.22175901057199215, -0.09967473395007079, 0.2370020741800165, 0.5999214918823219, -0.22238501155712223]
other derivatives: [ 0.41482053 -0.11668817  0.36543497 -0.51322786 -0.26993803  0.22855602]
Current x array =  [-0.63001111 -0.74348707 -0.64295682  0.31707701 -1.7721056   0.09902792
 -1.31326655 -2.04625818 -3.0734     -1.91642787 -4.98755328 -4.38753054
 -1.72192122 -2.21700444 -1.44991283 -2.14340403 -3.52630475 -2.88569854
 -2.98136566 -1.88863083 -1.69208386 -0.76755898]
log likelihood =  -5779.169861845688
Edge derivatives =  [0.040239264457669455, 0.587204324908235, 0.60584441212088, 0.15816922017676727, 0.7041155273095664, -0.3397779891986724, 0.16523923456263434, 0.04272951061275919, 0.2745890206019679, 0.5952851434458561, 0.13293860686022252, -0.34036841717451016, 0.017028410003740307, 0.3154115526410313, 0.41706760822455635, 0.011959228523425403]
other derivatives: [ 4.31546141  0.67984729  0.3432433  -0.31104719 -0.85101419  0.73878255]
Current x array =  [-0.6318986  -0.74393338 -0.64295313  0.31764652 -1.76894246  0.09381362
 -1.32327284 -2.03584189 -3.06280348 -1.92168212 -4.99421354 -4.41673008
 -1.72458041 -2.20464759 -1.45116554 -2.14364348 -3.54837659 -2.87801771
 -2.98542564 -1.88772652 -1.68698727 -0.7674068 ]
log likelihood =  -5779.151203066596
Edge derivatives =  [0.22194852673990195, 0.6122363894966594, 0.6141601142185029, 0.09735927109917564, 0.6802739639999444, -0.3828553550159966, 0.08065657134334658, -0.17454792486937143, 0.4160770539613772, 0.3808707317185607, 0.05117121650711964, -0.33683624520829686, 0.07060485471504391, 0.30358167815415654, 0.2361339771016806, -0.3069442698623801]
other derivatives: [ 2.00352588  0.94223651 -0.13478711 -0.6359187  -0.71649993  0.85092324]
Current x array =  [-0.63089241 -0.74475409 -0.6421476   0.31896062 -1.7700635   0.09025518
 -1.3288989  -2.03039892 -3.05882594 -1.92164774 -4.97372716 -4.40594954
 -1.72395518 -2.1978646  -1.45204111 -2.14012806 -3.53150125 -2.87883433
 -2.98770597 -1.88617076 -1.68555852 -0.76511777]
log likelihood =  -5779.122404616946
Edge derivatives =  [0.5044913266723404, 0.5555582906261393, 0.5791566290061725, -0.04112597526324291, 0.6296657345825154, -0.4400130886444198, -0.10193703113869079, -0.6274855528482464, 0.5027060746232777, -0.1309969677376684, -0.10018531305182266, -0.3430781395494317, 0.1155710175171136, 0.1176772714677452, -0.39774029911874687, -0.44433667891625805]
other derivatives: [-0.39999577  0.25447662  0.170985   -0.56634235 -0.12641976  0.40654413]
Current x array =  [-0.62996247 -0.74467259 -0.64215427  0.31660772 -1.77465819  0.08808623
 -1.33875895 -2.0162975  -3.04735574 -1.92213678 -4.93748303 -4.39507867
 -1.72307477 -2.18525    -1.45232475 -2.13202756 -3.50703297 -2.88032919
 -2.99182615 -1.88183821 -1.67900716 -0.76381846]
log likelihood =  -5779.104185162465
Edge derivatives =  [0.7092553602824478, 0.45412484736967196, 0.521239519039922, -0.17665817252934546, 0.6079541843169987, -0.3980948873437058, -0.17877183743301753, -0.9360983764308944, 0.3397859623701529, -0.47559918443573346, -0.06688936324831407, -0.19137855114218497, 0.08518131390572234, -0.023562534445010774, -0.4355061156104574, -0.35277954948160617]
other derivatives: [-1.81335054  0.51268216 -1.14523573 -0.10777512  0.18699211  0.0176442 ]
Current x array =  [-0.62928305 -0.7452504  -0.64044331  0.31336559 -1.77774936  0.08745075
 -1.34694824 -2.00144323 -3.03324006 -1.92248621 -4.92320898 -4.41115419
 -1.72309692 -2.17664499 -1.44995974 -2.12513534 -3.51152573 -2.8853119
 -2.9917373  -1.87892767 -1.67748432 -0.76344482]
log likelihood =  -5779.0838401077435
Edge derivatives =  [0.597870959503753, 0.17612426187826657, 0.39831148684582995, -0.25233568504981607, 0.5671194799855008, -0.3874777604890744, -0.15395584823964842, -1.1785489719698612, 0.0485776880964508, -0.8452038335728521, -0.07910227236445455, -0.1227365267883531, 0.05378839725647891, -0.23282459627116803, -0.48862487126038134, 0.1067341550725209]
other derivatives: [-0.54978955 -0.94232746  1.19089236  0.2399247   1.11131158 -0.46002242]
Current x array =  [-0.63012542 -0.74381117 -0.64296606  0.30910535 -1.78361986  0.08765436
 -1.35236181 -1.98000578 -3.01408961 -1.92491842 -4.89230237 -4.42085047
 -1.72446625 -2.16979576 -1.44644786 -2.11934612 -3.50434907 -2.88811354
 -2.99266516 -1.87524098 -1.67714528 -0.76543647]
log likelihood =  -5779.062162254203
Edge derivatives =  [0.36514305150298054, -0.05717651125400747, 0.3070524955419396, -0.22314560933798155, 0.553737652013034, -0.36002220090953696, 0.02219591445948657, -1.127854689499093, -0.21700906293020683, -0.8214772549203011, -0.029478773663325075, -0.04959033306072155, 0.03039600898774366, -0.2745062997606773, -0.17364625824378477, 0.41638352287716396]
other derivatives: [-0.0163709   0.18590072  0.02792149  0.70622264  0.99726094 -0.56088538]
Current x array =  [-0.63027737 -0.74497598 -0.64153823  0.30694485 -1.7840612   0.08731697
 -1.35328933 -1.96516813 -2.99997621 -1.92773679 -4.87370226 -4.43241904
 -1.72645082 -2.16994772 -1.44320009 -2.11946258 -3.50436961 -2.88999186
 -2.99221147 -1.87405013 -1.68079383 -0.76703716]
log likelihood =  -5779.02843805776
Edge derivatives =  [-0.4030310820413132, -0.5820106821610429, 0.09584802027952614, -0.14767145296162776, 0.5320879868630539, -0.30323077812036264, 0.3695594038609754, -0.8646548640586805, -0.6502622667608771, -0.5711740555524834, 0.041254562387556204, 0.031122359002287034, 0.03908945279480945, -0.29442989805138775, 0.4017438950027399, 0.5763493459285819]
other derivatives: [ 2.51202437e-01 -1.72030923e+00 -1.46255843e+00  7.41783879e-01
  3.03043635e-01  1.00044417e-03]
Current x array =  [-0.63055092 -0.74262634 -0.63962504  0.30737017 -1.78025999  0.08248351
 -1.35376019 -1.93576465 -2.96993988 -1.9352386  -4.8323989  -4.45657519
 -1.7303875  -2.17524408 -1.43859642 -2.12444457 -3.50334441 -2.891598
 -2.99261389 -1.87308977 -1.68829954 -0.76831886]
log likelihood =  -5779.0408737916805
Edge derivatives =  [-1.1884759216310565, -1.1036067994055991, -0.17009222658335854, -0.009172731639797482, 0.4646964845453019, -0.35115775858364984, 0.7052022886093515, -0.0018981380903996536, -0.6091095850214883, -0.47167967989951093, -0.11641521505674635, 0.28198084372222704, 0.07768640872352797, -0.2269250495309969, 0.5084858781206207, 0.34244753037093323]
other derivatives: [ 4.50145308  7.05940693  1.30412445  0.79598976 -0.5412403  -0.03765308]
Current x array =  [-0.63236484 -0.7528197  -0.64248718  0.30996951 -1.77957107  0.07962868
 -1.34840954 -1.90993706 -2.93940036 -1.93901396 -4.75459065 -4.4485803
 -1.72813255 -2.19691983 -1.4374103  -2.12740035 -3.46434311 -2.90197603
 -2.9930046  -1.87164635 -1.69085445 -0.76624988]
log likelihood =  -5779.013557518697
Edge derivatives =  [-0.7357452695646509, -0.8013498540544184, -0.015204033569609365, -0.08785915707094272, 0.5050150317825255, -0.32327588638790344, 0.5123151029044656, -0.4943160536074247, -0.6316773902851418, -0.5273751416878225, -0.02387578014150482, 0.1386055106261298, 0.05572624560751269, -0.26515606417315674, 0.44850738633998266, 0.47876795216646717]
other derivatives: [ 2.06409823  2.03763193 -0.28767317  0.76661308 -0.05375114 -0.01427907]
Current x array =  [-0.63132065 -0.74695181 -0.64083957  0.30847318 -1.77996765  0.08127209
 -1.35148968 -1.92480491 -2.95698067 -1.93684064 -4.79938157 -4.45318262
 -1.72943063 -2.18444202 -1.43809309 -2.12569883 -3.48679451 -2.89600183
 -2.99277968 -1.87247727 -1.6893837  -0.76744091]
log likelihood =  -5779.000500034301
Edge derivatives =  [-0.8469871279045595, -0.8531212159012389, -0.04204455438940613, -0.053178509563522436, 0.5028438821408654, -0.3166744663891541, 0.512869360252527, -0.3696299770278639, -0.5278947851613327, -0.358713979414258, -0.05141737280498582, 0.11323082454072393, 0.09880751235070234, -0.21049551041563774, 0.4206831351678204, 0.16917276888363214]
other derivatives: [ 0.54751581  1.19907781  0.17444108  0.25456757 -0.39162842  0.37580321]
Current x array =  [-0.63064621 -0.74608951 -0.64134637  0.31151689 -1.77719286  0.07858917
 -1.35305365 -1.92148553 -2.95115337 -1.93913733 -4.78738752 -4.45624395
 -1.72902679 -2.18800428 -1.43957316 -2.12945659 -3.48373602 -2.89501334
 -2.99378513 -1.87330219 -1.68956388 -0.76598298]
log likelihood =  -5778.98350624217
Edge derivatives =  [-0.8134236014901479, -0.8443271630765656, -0.0786273724002618, -0.02533430670041481, 0.48364641026641036, -0.33382984947995287, 0.37504750233880113, -0.08169404061015172, -0.1854214492710069, -0.1622869947393354, -0.16393640196883164, 0.11036311387086879, 0.15742683417784925, -0.11125718347234503, 0.1617107880434263, -0.4610247026811821]
other derivatives: [ 0.11532393 -0.33523975 -0.02874003 -0.62091203 -0.49985829  0.59590093]
Current x array =  [-0.63066195 -0.74450772 -0.64100104  0.31642929 -1.77533318  0.07636985
 -1.35681194 -1.91942546 -2.94251862 -1.94139358 -4.75829916 -4.45278486
 -1.72547716 -2.19722356 -1.44368524 -2.13460238 -3.4689608  -2.89601023
 -2.99482593 -1.87470264 -1.68763714 -0.76266243]
log likelihood =  -5778.973990070423
Edge derivatives =  [-0.5165189811927273, -0.8829507212851495, -0.13430316788620023, 0.09153331377967511, 0.501322236882738, -0.2187243201385451, 0.19723195447600453, 0.11458041458123715, 0.14302509326352908, 0.2740719435035638, -0.1277516574730999, 0.011020892088634791, 0.21586424580582128, -0.05152881870592374, -0.32657759289377397, -0.3800382186206586]
other derivatives: [-4.9870323  -0.22455424  2.04536263 -0.81836333 -0.60290404  0.7125891 ]
Current x array =  [-0.62780131 -0.74454457 -0.64371849  0.31713984 -1.77286382  0.07611187
 -1.36853052 -1.91146853 -2.92123971 -1.94938813 -4.74182895 -4.49358705
 -1.72251562 -2.20475109 -1.44864145 -2.14352671 -3.49054729 -2.8905636
 -2.99628685 -1.87669939 -1.68042045 -0.76360166]
log likelihood =  -5778.960336226769
Edge derivatives =  [-0.23965807508568782, -0.8213948082927272, -0.13232303983097987, 0.09184031209524612, 0.4828971677425819, -0.22294368749293372, 0.11391581623405231, 0.09894940654940913, 0.3407806930262738, 0.23073289327157884, -0.16202392238279328, 0.03541273141934613, 0.24452394243453457, 0.0005628939953165046, -0.4560860287545929, -0.43661241571163734]
other derivatives: [-0.89639798 -0.35042831  0.65256245 -0.77861841 -0.41873136  0.54242264]
Current x array =  [-0.62995411 -0.74422168 -0.64198547  0.31735921 -1.77426618  0.07550406
 -1.373727   -1.9090373  -2.91587506 -1.94997066 -4.72562456 -4.49319762
 -1.72063133 -2.20401537 -1.45002345 -2.14260427 -3.483363   -2.89149888
 -2.99690868 -1.87635493 -1.67862437 -0.76251162]
log likelihood =  -5778.953928214252
Edge derivatives =  [0.02038543480676358, -0.772898754546532, -0.13822615440552752, 0.0880897893209851, 0.4737907714242172, -0.2058687846069525, 0.028790415600589286, 0.08693953670631645, 0.40705010420733645, 0.19318859066968883, -0.152932803121963, 0.05863006752576108, 0.2363416644312298, 0.008152304855399195, -0.5339616231461006, -0.27810609406728615]
other derivatives: [ 0.74669515  0.01564331 -0.14042598 -0.50440576 -0.086402    0.23028406]
Current x array =  [-0.63072361 -0.74450009 -0.6410774   0.31575895 -1.77641644  0.07683871
 -1.37800075 -1.9076817  -2.91079957 -1.95061897 -4.71730397 -4.50015609
 -1.71905851 -2.20401585 -1.45048954 -2.1417465  -3.484966   -2.89208669
 -2.99650047 -1.87616911 -1.67714451 -0.7629616 ]
log likelihood =  -5778.948188319702
Edge derivatives =  [0.21003229727981976, -0.7308229648577609, -0.15898394605603067, 0.08033047459350073, 0.45815014337639076, -0.19799605972684578, -0.06264648153760538, 0.13981176522375285, 0.38455450641558553, 0.1608507820520811, -0.1534810932120072, 0.07320284513244307, 0.20882911349772407, -0.0010394848191512818, -0.5511445459424968, -0.1141807899191935]
other derivatives: [ 0.99262252  0.22646418 -0.62264007 -0.21909727  0.28903742 -0.12196324]
Current x array =  [-0.6307649  -0.74466577 -0.64056701  0.31372837 -1.77867875  0.07894711
 -1.38076686 -1.90778771 -2.90588216 -1.95124079 -4.7054554  -4.50502022
 -1.7172859  -2.20638721 -1.45042025 -2.14155145 -3.48402153 -2.89275038
 -2.99550949 -1.87623573 -1.67698781 -0.76387687]
log likelihood =  -5778.937636841932
Edge derivatives =  [0.6058126308343735, -0.5121382600000022, -0.16317224153931886, 0.1076567687529244, 0.44534816922201104, -0.15647889828280487, -0.23885487577127937, 0.3211099239799375, 0.28768419384910304, 0.2933789906463424, -0.1009726380391438, 0.045698732794143195, 0.16016765282716505, 0.0617408381356952, -0.35303672982805434, 0.1653347195393421]
other derivatives: [ 3.32065611  0.214186    0.07476046  0.41191015  0.23856046 -0.35561243]
Current x array =  [-0.63167356 -0.74397047 -0.64172359  0.31054705 -1.77808946  0.0816158
 -1.38544598 -1.91691832 -2.89934335 -1.95330959 -4.68831491 -4.5214925
 -1.71391939 -2.21338455 -1.45034517 -2.14493886 -3.49104309 -2.89095907
 -2.99252307 -1.87827435 -1.67938307 -0.76597549]
log likelihood =  -5778.925784757727
Edge derivatives =  [0.7608856815501495, -0.2943786133480859, -0.194976824318141, 0.027640019363423307, 0.3854816845093798, -0.1975605499584095, -0.4021771660640917, 0.5408305376664608, -0.05654874696246859, 0.15053597316253653, -0.13532593531283688, 0.09401308943861403, 0.054826512573240616, 0.06276657457667356, 0.09269919639852464, 0.10093095142325889]
other derivatives: [ 0.77834557  0.67166184 -1.53859219  0.81781764  0.30204319 -0.68039299]
Current x array =  [-0.63024247 -0.74452497 -0.63993862  0.30799554 -1.77894997  0.08430386
 -1.38372292 -1.93040921 -2.89827361 -1.9515738  -4.65502849 -4.51286069
 -1.71042042 -2.2218921  -1.44774838 -2.14427397 -3.47467429 -2.89414726
 -2.98780556 -1.87945955 -1.68696892 -0.76676743]
log likelihood =  -5778.917426612265
Edge derivatives =  [0.6586874380294214, -0.23308244723518667, -0.21450050221500735, 0.016261140480257508, 0.3677538697699405, -0.2025969916467512, -0.38954549063581867, 0.6091148996058886, -0.19006198223755577, 0.14906726967969128, -0.13366763432804718, 0.08536910314311769, 0.029130000023669507, 0.07239220079960473, 0.3106990891204866, 0.06418366997511327]
other derivatives: [ 0.43064574  0.00554792 -0.37680365  0.59853846  0.11887096 -0.41700332]
Current x array =  [-0.63010694 -0.74375108 -0.6413271   0.30917269 -1.77729741  0.08329262
 -1.38140239 -1.93633959 -2.89800246 -1.95163728 -4.64336274 -4.51286991
 -1.71054274 -2.22417899 -1.44691141 -2.14520386 -3.47162198 -2.89399893
 -2.98609539 -1.88019901 -1.69039907 -0.76706313]
log likelihood =  -5778.906581989307
Edge derivatives =  [0.49411581485890754, -0.1258591710764323, -0.23947905484937093, 0.02517780763461519, 0.3425703485328205, -0.1938320869239984, -0.2999440160862143, 0.634480393364897, -0.28620710755283696, 0.17320795059235838, -0.11349542828498049, 0.050574252727029805, 0.006444181500178406, 0.10974659718904678, 0.5862037725682148, 0.06016467700814779]
other derivatives: [-0.42446118 -0.4899448   0.49230948  0.10486474 -0.24729161  0.15925252]
Current x array =  [-0.62972551 -0.74324284 -0.64233837  0.31230817 -1.77412992  0.08039371
 -1.37799306 -1.9455816  -2.89632912 -1.95260194 -4.62366424 -4.51904588
 -1.71203354 -2.22437039 -1.4465401  -2.14662945 -3.47106606 -2.89237278
 -2.98359484 -1.8812246  -1.69426538 -0.7675049 ]
log likelihood =  -5778.894104534749
Edge derivatives =  [0.3746161075407275, -0.0023716028732252425, -0.28071414713549736, 0.007597129792566992, 0.2974445860490053, -0.18386684997809236, -0.2125220578551647, 0.5257835399537715, -0.31982292340374885, 0.04254572659219076, -0.11213892646152201, 0.022080948668635532, -0.041915789085834924, 0.08652792409289711, 0.6888515044994923, 0.07753568799982896]
other derivatives: [-0.65047061 -0.73114279  1.25401129 -0.33542165 -0.25174813  0.41773092]
Current x array =  [-0.62970742 -0.74317053 -0.64314797  0.31467874 -1.77343459  0.07892376
 -1.37406695 -1.95595372 -2.89380389 -1.95309754 -4.59597654 -4.52796383
 -1.71403913 -2.2205969  -1.44674769 -2.14535262 -3.47009559 -2.89129777
 -2.98030652 -1.88133134 -1.69567439 -0.76765462]
log likelihood =  -5778.872008248886
Edge derivatives =  [0.14161765759396272, 0.2257209099733415, -0.40194602489677916, 0.05563739107697396, 0.2074055707925234, -0.09118081744986758, 0.004824700088824352, 0.2759825938354015, -0.1368048858583113, 0.011351583177906313, -0.07045204679828321, -0.10515407094215218, -0.12901038626707173, 0.05946196697768569, 0.48760103502262386, 0.11678233497417223]
other derivatives: [-1.52367647 -0.88703018  0.49403752 -0.62400431 -0.74096533  0.79044185]
Current x array =  [-0.62926369 -0.74309105 -0.6422396   0.31708154 -1.77003178  0.07730037
 -1.36702721 -1.97632319 -2.88053631 -1.9581271  -4.53026333 -4.57530432
 -1.71906602 -2.21205125 -1.45044452 -2.14690397 -3.48669212 -2.88536855
 -2.97346744 -1.88222831 -1.69167201 -0.76799787]
log likelihood =  -5778.89352331709
Edge derivatives =  [-0.1383822101130756, 0.36691098271333855, -0.5060987803548674, -0.03113525169687248, 0.004982469684312825, -0.12490182054419055, 0.19285133335826124, -0.26523132869590305, -0.06929319442727966, -0.7328625384966954, -0.2162087523307381, -0.015121442959676483, -0.2731316221403012, -0.11296909441136294, 0.20862495363542166, -0.29520214858928506]
other derivatives: [ 1.94286258  3.99395503  4.90917955 -0.4384674   0.46875357 -0.20136213]
Current x array =  [-0.63111146 -0.74958257 -0.64706495  0.31452687 -1.78045353  0.08163664
 -1.35146242 -1.99632534 -2.88305917 -1.95432559 -4.44237863 -4.57969025
 -1.72319536 -2.19495806 -1.45096606 -2.13648581 -3.46548939 -2.89083021
 -2.96674947 -1.87951299 -1.6881768  -0.7636131 ]
log likelihood =  -5778.865050436256
Edge derivatives =  [0.0502363579184264, 0.2741259262248473, -0.4364604267390817, 0.027061398683571936, 0.14377908740595893, -0.10224838400830719, 0.06776695793461532, 0.0982678275741356, -0.11388385759676689, -0.23336850552982594, -0.11818690651037556, -0.07478196838904777, -0.17650205985721978, 0.0026759486392420317, 0.39557907946638604, -0.019453490063134488]
other derivatives: [-0.37125574  0.7388735   1.95941539 -0.56197678 -0.33887773  0.46466084]
Current x array =  [-0.62987523 -0.7452395  -0.64383661  0.31623604 -1.77348099  0.07873551
 -1.36187585 -1.98294315 -2.88137128 -1.95686895 -4.50117681 -4.5767559
 -1.72043267 -2.20639405 -1.45061713 -2.14345595 -3.47967481 -2.88717616
 -2.97124405 -1.88132964 -1.69051522 -0.76654667]
log likelihood =  -5778.857856235803
Edge derivatives =  [0.034479683894997004, 0.27194395625301904, -0.47122226497453645, 0.015406297579812933, 0.11191617148970769, -0.07489575201587709, 0.05286611264971, -0.09258240350597952, 0.03819689370499546, -0.2998123940284553, -0.13432169726855814, -0.09336901314132381, -0.18978592236001032, -0.04986338519962874, 0.020496765912930925, -0.09609777463283956]
other derivatives: [-0.31541276 -0.68503141  0.77634468 -0.41727617  0.06102709  0.15315891]
Current x array =  [-0.63004015 -0.74375755 -0.64238547  0.31457691 -1.77595051  0.08031993
 -1.36107253 -1.98354168 -2.87810096 -1.95791929 -4.48302293 -4.59133603
 -1.72134708 -2.2011747  -1.45256347 -2.1428347  -3.48502361 -2.88670907
 -2.97084284 -1.88072786 -1.68513788 -0.76572181]
log likelihood =  -5778.854667413104
Edge derivatives =  [0.023943637984034094, 0.23193157743895432, -0.45305117745799095, 0.06453247096670234, 0.1241771181656837, -0.056855687663282875, 0.08940025322311332, -0.11598553222704146, 0.14830684561164187, -0.17672086321844738, -0.1236744416597797, -0.09458945388148893, -0.16198504092834284, -0.016742674132938062, -0.14412410192768332, -0.07199515661866515]
other derivatives: [ 0.5232323   0.29749572 -0.42637112  0.01209628 -0.08139978  0.0250111 ]
Current x array =  [-0.63034364 -0.74471023 -0.64102919  0.31280768 -1.77605922  0.08123371
 -1.36036747 -1.98122494 -2.87944098 -1.95849792 -4.48360063 -4.59733004
 -1.72171939 -2.20000856 -1.45342219 -2.14453651 -3.49017889 -2.88623152
 -2.97210266 -1.8807836  -1.68226801 -0.76556424]
log likelihood =  -5778.853262578783
Edge derivatives =  [0.03731426906462332, 0.19447883508694708, -0.4392198456945293, 0.07579856663878148, 0.13141430972493806, -0.05003319845003785, 0.06009116115153182, -0.1277119417657433, 0.1599587650413854, -0.11818460057887226, -0.12151354594181751, -0.09022843453718916, -0.14687323299848665, -0.014713514597925914, -0.22975064552057134, -0.05165373535810655]
other derivatives: [-0.06348273  0.38971848 -0.3426976   0.19190338  0.02764864 -0.08767529]
Current x array =  [-0.63000082 -0.74480924 -0.64117326  0.31154194 -1.77685602  0.08214869
 -1.36073215 -1.9788109  -2.88093399 -1.95857126 -4.48546867 -4.59930677
 -1.72136202 -2.19996927 -1.45354402 -2.14559095 -3.49253014 -2.88638401
 -2.97323221 -1.88080899 -1.6810286  -0.76565351]
log likelihood =  -5778.8497134115605
Edge derivatives =  [-0.01899295830984493, 0.11853351158795955, -0.39779261169285884, 0.10470764083343209, 0.13026460301503387, -0.04868387892857012, 0.022640373123203023, -0.08564402990235767, 0.07922469223685136, 0.027755562314919366, -0.11625882854577574, -0.05299776152417359, -0.11545590554481941, 0.023756622184706422, -0.21213937277553985, -0.006895605311558223]
other derivatives: [ 0.65792847  0.34315235 -0.55952114  0.56506906  0.20381776 -0.26357156]
Current x array =  [-0.63032243 -0.74462447 -0.64099306  0.30925718 -1.77833456  0.08401632
 -1.35875452 -1.97557201 -2.88790648 -1.95772404 -4.48109575 -4.59890273
 -1.72041797 -2.20160816 -1.45249448 -2.14854608 -3.49252264 -2.88803962
 -2.97562211 -1.8811353  -1.6812181  -0.76587653]
log likelihood =  -5778.844799415572
Edge derivatives =  [-0.31425944791153637, -0.06010710962160326, -0.3263243553613038, 0.14400702036522273, 0.11975158122444139, -0.04078136986766118, 0.038101506349610736, -0.13975690424967596, -0.04254492427061951, 0.23003498481630535, -0.10755210556421435, -0.006752230412731014, -0.047565012512366535, 0.04574454925019944, -0.2267427803187112, -0.04398460195607301]
other derivatives: [-1.60071068  0.42218744 -0.33114702  0.5235961   0.41636667 -0.26511771]
Current x array =  [-0.62920283 -0.74497812 -0.64124723  0.30894796 -1.77960713  0.08532346
 -1.35292714 -1.9696388  -2.90268001 -1.9560708  -4.46930854 -4.60231885
 -1.72092069 -2.20033233 -1.45112163 -2.15305215 -3.49539228 -2.89029265
 -2.98048694 -1.88113057 -1.68087841 -0.76569053]
log likelihood =  -5778.8407973830535
Edge derivatives =  [-0.4678448053828932, -0.10853793792038857, -0.2885063738974633, 0.1787623944186908, 0.10329449215325034, -0.028770152728080513, 0.07731792360722864, -0.13227157775629855, -0.1100210582612946, 0.35740233637120444, -0.08448177492234232, 0.00669403024153261, -0.01380440236522193, 0.07947983045130691, -0.12081350421212056, 0.009429721837611538]
other derivatives: [-0.1029548   0.00518412  0.07885319  0.38480721  0.30604497 -0.10213626]
Current x array =  [-0.63000822 -0.74439073 -0.64173494  0.31006934 -1.77864864  0.08519393
 -1.34949743 -1.969355   -2.91014775 -1.95551761 -4.4558965  -4.60799341
 -1.72143708 -2.20040636 -1.45043226 -2.15607592 -3.49808478 -2.89081355
 -2.98238826 -1.8814653  -1.68200387 -0.76602884]
log likelihood =  -5778.838365337913
Edge derivatives =  [-0.5481996432304699, -0.09928067595751999, -0.2646195638026967, 0.17952345440675377, 0.0770280243454913, -0.024334144762086504, 0.11208345298289987, -0.1382035560895928, -0.16520113255530555, 0.3631077213870473, -0.06980141526764938, 0.009973134189576911, -0.004798684792365962, 0.08114227735817592, 0.015788024802427802, 0.01497084563750925]
other derivatives: [ 0.25620466 -0.20972948  0.22682798  0.06966729  0.15288606  0.07612471]
Current x array =  [-0.63024701 -0.74417009 -0.64187097  0.31219316 -1.77727732  0.08452658
 -1.34728723 -1.97155032 -2.91511419 -1.95477796 -4.44178232 -4.61205336
 -1.7220445  -2.20012723 -1.45004714 -2.15689636 -3.49875748 -2.8910615
 -2.982897   -1.88152619 -1.68375304 -0.76621317]
log likelihood =  -5778.834019147011
Edge derivatives =  [-0.4075741418380776, -0.07063270143956046, -0.19041418945272576, 0.15465338115011318, 0.04442848498452946, -0.018913932731352903, 0.07364672161523886, -0.12457293846818582, -0.1713618728749755, 0.31619887108076583, -0.05150901962294041, 0.025981023945495688, 0.01899838804051015, 0.05640184064315945, 0.12937911759750031, 0.040703567741111335]
other derivatives: [ 0.49494702 -0.01509761  0.07457857 -0.12514647  0.02155502  0.05102265]
Current x array =  [-0.63035092 -0.74434251 -0.64170357  0.31378644 -1.77611441  0.08504738
 -1.34823168 -1.97189864 -2.92461729 -1.95267155 -4.42627005 -4.61681999
 -1.72144507 -2.20103211 -1.45023219 -2.15686257 -3.50063227 -2.89195207
 -2.98481728 -1.88119708 -1.68517615 -0.76658355]
log likelihood =  -5778.829873843939
Edge derivatives =  [-0.038889429215664295, -0.011321538119649865, -0.036024723737847625, 0.0719963794971713, -0.017172002080310965, 0.012980541208422774, 0.01434011629037596, -0.1266817815407841, 0.06211167464721612, 0.11704254012771147, -0.02471590864668305, 0.029952605359869003, 0.0866084874645894, -0.01613476882663545, -0.019609093594900262, -0.014770944007581666]
other derivatives: [ 0.48194124 -0.5155016   0.73578121 -0.02419256 -0.32759999  0.09977157]
Current x array =  [-0.63029719 -0.74356896 -0.64259801  0.31375389 -1.7737717   0.08502379
 -1.35302844 -1.97049281 -2.94204998 -1.94844217 -4.39804164 -4.63474126
 -1.72081226 -2.20192848 -1.45341105 -2.15467955 -3.51137143 -2.89221625
 -2.98876744 -1.88025038 -1.68261984 -0.76646545]
log likelihood =  -5778.83003183342
Edge derivatives =  [0.16104375015048822, 0.07092635193765662, 0.01728333955879513, 0.03937100349491007, -0.046161104941358055, -0.0049473922093489775, 0.02010192448865411, 0.02321926894971864, 0.0030836283500406125, -0.012716806479449824, -0.013978376833198025, 0.05857960048613997, 0.07208219139833094, 0.03083070848875369, 0.1945128633123998, 0.09611832063791764]
other derivatives: [-0.55115379  0.49185473 -1.04228093 -0.01964509  0.16943886  0.03219611]
Current x array =  [-0.62971705 -0.74490825 -0.64046687  0.31352114 -1.77654456  0.08550014
 -1.35380923 -1.97271575 -2.94797713 -1.94550944 -4.38934673 -4.62950573
 -1.71955672 -2.20610152 -1.45233026 -2.15216663 -3.50650647 -2.89348249
 -2.98799796 -1.88038221 -1.68532536 -0.76674116]
log likelihood =  -5778.828718427321
Edge derivatives =  [0.05792800880812021, 0.028517082980738184, -0.010128951100389638, 0.056243582665040925, -0.03115626061630719, 0.004319152409786475, 0.017134242885120082, -0.053958513535737815, 0.03357059281168029, 0.05427906945786114, -0.019512170208873192, 0.043814688118423574, 0.07958622028609666, 0.006613883025842093, 0.0841653320555138, 0.03897260991576218]
other derivatives: [-0.0176442  -0.02728484 -0.12341843 -0.02191882 -0.08685674  0.06712071]
Current x array =  [-0.6300164  -0.74421717 -0.64156654  0.31364124 -1.77511376  0.08525435
 -1.35340634 -1.97156871 -2.9449187  -1.94702274 -4.39383332 -4.63220728
 -1.72020458 -2.20394822 -1.45288795 -2.1534633  -3.5090168  -2.89282911
 -2.98839501 -1.88031419 -1.6839293  -0.76659889]
log likelihood =  -5778.828478834237
Edge derivatives =  [0.06229861987912422, 0.019702099959916675, -0.021435931226508997, 0.05826900266719881, -0.018332950033015872, 0.0011354098815026283, 0.013380820147225275, -0.04358181299908569, 0.031947544865117194, 0.056384430743423475, -0.024358401638710614, 0.04037921682966102, 0.07273496804912086, 0.00949321957641458, 0.05372034424344463, 0.03973656217221569]
other derivatives: [-0.01491571  0.11923476 -0.01218723  0.03255991 -0.01364242  0.01846274]
Current x array =  [-0.63000741 -0.74439541 -0.64169739  0.31320202 -1.77567076  0.08540845
 -1.35378732 -1.97080203 -2.94307398 -1.94723288 -4.40008149 -4.62990507
 -1.72004544 -2.20421494 -1.45274817 -2.15318348 -3.508477   -2.89264056
 -2.98800508 -1.880334   -1.6835411  -0.76650675]
log likelihood =  -5778.828440971336
Edge derivatives =  [0.04266552854346828, -0.0013024381335295931, -0.03645311713021018, 0.04169133587617635, -0.006361714412494477, -0.0012539553189532104, -0.0016708980133897378, -0.038193220244759324, 0.017082058614692475, 0.03837946682582763, -0.03220697657022731, 0.02382920991422055, 0.057226231783902744, -0.003928187490729984, -0.029186801624356384, -0.011059426093264962]
other derivatives: [-0.24483597 -0.37180143 -0.27766873  0.03701643  0.0682121  -0.05848051]
Current x array =  [-0.62994415 -0.74389488 -0.64136379  0.31289087 -1.77620274  0.08567384
 -1.35393378 -1.96962606 -2.94162586 -1.94709755 -4.40672966 -4.62845137
 -1.71986761 -2.20456905 -1.45259202 -2.15259459 -3.50891736 -2.89209204
 -2.98734229 -1.88026893 -1.6824944  -0.7661637 ]
log likelihood =  -5778.828245553662
Edge derivatives =  [0.05409919119057749, -0.0014889758305529632, -0.027184728225702004, 0.04184895435670366, -0.009174886217395456, 5.114484021405061e-05, 0.007192763733338214, -0.03244695188750488, 0.02605997502484625, 0.029567614676652434, -0.029405335951389056, 0.025429904078427018, 0.060769567406922596, -0.0014499472068845165, -0.02607536722030046, -0.0012875825911085326]
other derivatives: [-0.07175913 -0.0169166  -0.07439667  0.03938112  0.05193215 -0.05156835]
Current x array =  [-0.63001069 -0.74429599 -0.64160217  0.31299338 -1.77619045  0.08562294
 -1.35389524 -1.96945974 -2.94284686 -1.94674276 -4.40529773 -4.62917663
 -1.71987922 -2.20464201 -1.45262736 -2.15242953 -3.50943809 -2.8920908
 -2.98747805 -1.88022368 -1.68241397 -0.76613782]
log likelihood =  -5778.8281532683895
Edge derivatives =  [0.047081197407335074, -0.004639652545102457, -0.02266896515188141, 0.03510909188451583, -0.011943618764348678, 0.0006403429187751969, 0.013597096508524864, -0.02510884757506876, 0.020162814633228443, 0.014009408643498464, -0.02762285248067675, 0.02168533160984818, 0.05826194503840475, -0.0030771741082086246, -0.02823858037621596, -0.006220847143920377]
other derivatives: [-0.00754881  0.08358256  0.00591172  0.00973159  0.04456524 -0.04156391]
Current x array =  [-0.63004918 -0.7444319  -0.6416851   0.31320055 -1.77617631  0.08553734
 -1.35362215 -1.96937531 -2.94387107 -1.94630499 -4.40427249 -4.6297793
 -1.71989099 -2.20482993 -1.45254969 -2.15215523 -3.5099848  -2.89193448
 -2.98732757 -1.88018719 -1.68230044 -0.76605178]
log likelihood =  -5778.828024744049
Edge derivatives =  [0.019891041171473223, -0.014336263033797314, -0.01977624585942661, 0.01638038900798844, -0.01434379908251835, 0.0010556391930454778, 0.020899201878146895, -0.006408173634059558, -0.0016738502684634504, -0.01706488936138356, -0.02472481979337915, 0.009370661625458652, 0.04674847520736754, -0.007934389165216604, -0.03913661600670393, -0.02074955676843987]
other derivatives: [ 0.03001333  0.12450982  0.06602932 -0.03174137  0.02655725 -0.02164597]
Current x array =  [-0.6300908  -0.74452595 -0.64173203  0.31346254 -1.77614887  0.08533746
 -1.35300057 -1.96914594 -2.94530365 -1.94543512 -4.40388186 -4.63052648
 -1.71983756 -2.20538328 -1.45231187 -2.1515469  -3.51109107 -2.89143494
 -2.98666201 -1.88015208 -1.68201508 -0.76587612]
log likelihood =  -5778.827923289487
Edge derivatives =  [-0.01866460964799388, -0.028410815491618502, -0.017413263386927974, -0.0009018731226135834, -0.012416315211368219, 0.0024480383854273337, 0.015092906824514057, 0.007770086399313786, -0.01583704133133157, -0.01845407465069089, -0.017077130414703046, -0.0008834698609285693, 0.03346532994489937, -0.007611092143091525, -0.02899053019789566, -0.0015500017820466727]
other derivatives: [-0.03929017  0.13669705  0.04793037  0.02373781 -0.02492015  0.02437446]
Current x array =  [-0.63005491 -0.74454472 -0.6417135   0.31319686 -1.77598757  0.08508874
 -1.35228434 -1.96878803 -2.94663368 -1.94467478 -4.40466285 -4.63112832
 -1.71961689 -2.20586754 -1.45218618 -2.1514277  -3.51248937 -2.89091061
 -2.98575689 -1.88023915 -1.68200313 -0.76595878]
log likelihood =  -5778.828287139798
Edge derivatives =  [-0.005558342657799198, -0.028209547987895434, -0.007921870831098632, -0.020350928578463767, -0.009951776449430034, 0.0025576073434724553, -0.0021250399248196605, 0.04077373926311566, -0.015879404280957576, -0.02848629964657802, -0.004963434777697229, -0.010368249381783205, 0.010902901647957833, 0.0007025895250468706, 0.009142880798739927, 0.04773153676851996]
other derivatives: [ 1.1938937  -0.0775799  -0.14251782  0.07066774  0.05711627  0.00500222]
Current x array =  [-0.63070706 -0.74423411 -0.64148798  0.31296763 -1.77649548  0.08523521
 -1.35195306 -1.96857296 -2.94860014 -1.94350149 -4.40602587 -4.63097749
 -1.71902339 -2.20692443 -1.4520932  -2.15103837 -3.51378373 -2.8903968
 -2.98427597 -1.8804054  -1.68225458 -0.76603212]
log likelihood =  -5778.827905584871
Edge derivatives =  [-0.01634102962784989, -0.028375418625241178, -0.015726475078117808, -0.004344381937489317, -0.011979044146161324, 0.002467484983206796, 0.012043051185515796, 0.013624847491320397, -0.015843467485152196, -0.020231003952885712, -0.014929077854427097, -0.0025638808286651063, 0.02947159217645933, -0.006136923736549171, -0.022232484534192132, 0.007183941349377304]
other derivatives: [ 0.17935236  0.09877112  0.01409717  0.03201421 -0.01036824  0.02091838]
Current x array =  [-0.63017045 -0.74448969 -0.64167354  0.31315625 -1.77607756  0.08511469
 -1.35222565 -1.96874993 -2.94698208 -1.94446691 -4.40490434 -4.6311016
 -1.71951174 -2.20605479 -1.45216971 -2.15135872 -3.51271869 -2.89081958
 -2.98549451 -1.8802686  -1.68204768 -0.76597178]
log likelihood =  -5778.827877260889
Edge derivatives =  [-0.024657580544361624, -0.03260644566108439, -0.015535081000564194, -0.01025038850101434, -0.01035397108817725, 0.0025700520723514492, 0.002331699700646589, 0.01566772796850424, -0.021126775965834454, -0.015862690634258547, -0.01258047611279478, -0.005519056662506412, 0.023823886407855432, -0.007730405189673606, -0.014539124082604271, 0.01395677774536061]
other derivatives: [ 0.0775799   0.01591616 -0.00318323  0.04329195 -0.01045919  0.02582965]
Current x array =  [-0.63012131 -0.74439757 -0.64165748  0.31305833 -1.77606695  0.08512605
 -1.35210036 -1.96863094 -2.94730525 -1.94428349 -4.40562023 -4.63105567
 -1.7193706  -2.2062115  -1.45215366 -2.15142801 -3.51309222 -2.89068727
 -2.98516444 -1.88032042 -1.68214344 -0.76603284]
log likelihood =  -5778.827857366208
Edge derivatives =  [-0.024596040346066772, -0.03388812669011165, -0.015071829550802274, -0.013318984580328319, -0.008843288833626114, 0.0025164002469951485, -0.0073769026357886625, 0.015086462958288471, -0.021999046139954626, -0.010375712540184046, -0.011050168233213586, -0.007184637283846149, 0.018907736652396236, -0.009330597595897938, -0.006005996701624827, 0.015677434419296643]
other derivatives: [ 0.00090949 -0.05402399 -0.00454747  0.03565219  0.00272848  0.01982698]
Current x array =  [-0.63008502 -0.7443207  -0.64165977  0.31306081 -1.77609562  0.08520661
 -1.35209327 -1.96860534 -2.94750959 -1.94419991 -4.4062705  -4.63093309
 -1.71925328 -2.20628834 -1.45218748 -2.15153326 -3.51333082 -2.89062273
 -2.98488982 -1.88037763 -1.6822665  -0.766063  ]
log likelihood =  -5778.827836455346
Edge derivatives =  [-0.020042684742417993, -0.03387310025514245, -0.013719022287816934, -0.01470270878319535, -0.006935693488829161, 0.0026944285662541846, -0.017303005079449846, 0.012448636534618418, -0.01790316545929649, -0.001875436820035381, -0.009274417654207445, -0.008645262970661566, 0.013357178967979146, -0.010549280687109142, 0.0037006748436567705, 0.013493734907564003]
other derivatives: [-0.04783942 -0.08913048 -0.0007276   0.01937224  0.01418812  0.0079126 ]
Current x array =  [-0.63006017 -0.7442808  -0.64166927  0.31313146 -1.77610364  0.08533012
 -1.35213029 -1.96862538 -2.9477629  -1.94414925 -4.40699247 -4.63086653
 -1.71914664 -2.2063025  -1.45228148 -2.15169272 -3.51366924 -2.89056188
 -2.9845643  -1.88045721 -1.6823982  -0.76606769]
log likelihood =  -5778.827810862529
Edge derivatives =  [-0.007621404077378546, -0.030791061745586656, -0.009723051623004575, -0.014280841809494738, -0.004567428960624651, 0.003105333523077774, -0.024866348531343535, 0.010203030835444521, -0.007454230857836475, 0.008542306147349688, -0.006596610026850858, -0.009957136051495362, 0.005697706584325675, -0.009307388949344242, 0.015999558776917944, 0.005778069557268339]
other derivatives: [-0.07712515 -0.04692993 -0.04656613 -0.00209184  0.02000888 -0.00891305]
Current x array =  [-0.63003921 -0.74432581 -0.64162213  0.31327631 -1.77608353  0.08549313
 -1.35220291 -1.96875926 -2.94826152 -1.94407449 -4.40781453 -4.63085667
 -1.71906536 -2.20630016 -1.45244643 -2.1518658  -3.51421513 -2.89049164
 -2.98407084 -1.88059179 -1.68253601 -0.76602701]
log likelihood =  -5778.827798467326
Edge derivatives =  [0.006696016786224002, -0.024619261282068816, -0.005500038469598567, -0.0098369809721921, -0.002189110025803326, 0.003782643553269011, -0.02662448325089664, 0.002885183406352257, 0.006919533101889641, 0.01754563981390804, -0.0056294089957855675, -0.009784733138184037, -0.0012528548526224495, -0.007772100972803897, 0.019082651684132035, -0.013469186466106647]
other derivatives: [-0.02110028 -0.06957634  0.10595613 -0.03356035  0.01418812 -0.01891749]
Current x array =  [-0.63006423 -0.74428294 -0.64181363  0.31346308 -1.7759566   0.08563212
 -1.35234967 -1.96911449 -2.94865343 -1.94417772 -4.4086515  -4.63086865
 -1.71914038 -2.20612085 -1.45268894 -2.15206414 -3.51476651 -2.89050057
 -2.98358333 -1.88077517 -1.68258358 -0.76593781]
      fun: 5778.827798467326
 hess_inv: <22x22 LbfgsInvHessProduct with dtype=float64>
      jac: array([ 0.02110028,  0.06957634, -0.10595613,  0.03356035, -0.01418812,
        0.01891749, -0.00669602,  0.02461926,  0.00550004,  0.00983698,
        0.00218911, -0.00378264,  0.02662448, -0.00288518, -0.00691953,
       -0.01754564,  0.00562941,  0.00978473,  0.00125285,  0.0077721 ,
       -0.01908265,  0.01346919])
  message: 'CONVERGENCE: REL_REDUCTION_OF_F_<=_FACTR*EPSMCH'
     nfev: 102
      nit: 92
     njev: 102
   status: 0
  success: True
        x: array([-0.63006423, -0.74428294, -0.64181363,  0.31346308, -1.7759566 ,
        0.08563212, -1.35234967, -1.96911449, -2.94865343, -1.94417772,
       -4.4086515 , -4.63086865, -1.71914038, -2.20612085, -1.45268894,
       -2.15206414, -3.51476651, -2.89050057, -2.98358333, -1.88077517,
       -1.68258358, -0.76593781])
{('N0', 'N1'): [9.91213313040739, 9.912133130407392], ('N0', 'ENSLOCG'): [0.0, 0.0], ('N1', 'N3'): [3.780462150318802, 3.7616206747258745], ('N1', 'N2'): [26.798588668013494, 11.060218258601427], ('N3', 'N6'): [1.7461950737335585, 0.9027358411092059], ('N3', 'N4'): [2.007448320492933, 0.701794442422662], ('N2', 'ENSDARG'): [15.669631627724335, 13.97292142719164], ('N2', 'ENSAMXG'): [7.795082964486809, 9.74541492887078], ('N6', 'N7'): [25.014426129712557, 11.389052731676335], ('N6', 'ENSGACG'): [8.8028382205744, 6.167848149744463], ('N4', 'N5'): [1.8840754061103728, 2.925384553739394], ('N4', 'ENSONIG'): [6.03563350166136, 3.7803187791571666], ('N7', 'ENSTRUG'): [5.493429319601939, 1.7066580823023656], ('N7', 'ENSTNIG'): [9.213806924892632, 6.429382785587485], ('N5', 'ENSXMAG'): [23.23279927731034, 8.19685431457614], ('N5', 'ENSORLG'): [22.889505036882497, 24.082928382107657]}
