number of sites to be analyzed:  331
log likelihood =  3708.7333920833626
Lr derivatives =  [3.5886111533704472, -138.57569213098705, -91.12219646561863]
other derivatives =  [ 28.51179488 -21.1482984   53.42053555 -32.00884748 317.74043237
  -5.84409463]
Current x_clock array =  [-0.66436107 -0.63572787 -0.68653012  0.74193734 -0.10536052 -0.51082562
 -0.51082562 -0.51082562 -0.51082562]
log likelihood =  3443.3436479732545
Lr derivatives =  [-35.240783981385796, -133.93813615775412, -104.24481056112849]
other derivatives =  [-117.22895579   -0.85092324  -69.88930181    2.04754542  223.68749342
    1.65819074]
Current x_clock array =  [-0.75205932 -0.63392626 -0.85084413  0.84039203 -1.08268516 -0.49285002
 -0.52186368 -0.5092544  -0.5092544 ]
log likelihood =  3767.794100196793
Lr derivatives =  [-129.61605042121278, -52.890004422302226, 91.25133146881126]
other derivatives =  [4653.92499791   52.21177162   13.23196557   68.98007996  -41.30761226
   33.45153345]
Current x_clock array =  [-0.13250773 -0.70805398 -0.69323399  1.01276863 -4.42844075 -0.46998179
 -0.30665013  0.          0.        ]
log likelihood =  3220.373054162826
Lr derivatives =  [-13.091260739396686, -41.759016708562484, -18.070690680107163]
other derivatives =  [400.63414417  27.60839379 -58.05263754  43.13828867  72.15367077
  16.83347364]
Current x_clock array =  [-0.47913922 -0.66658043 -0.78141492  0.91632604 -2.55653168 -0.48277628
 -0.42705947 -0.28492157 -0.28492157]
log likelihood =  3168.183653921818
Lr derivatives =  [-34.63437157018149, -25.376279202120834, 5.523530022829281]
other derivatives =  [-218.68168005  -22.52386366   11.02948772   48.41699592   -9.00790837
   22.39589776]
Current x_clock array =  [-0.81767537 -0.73604516 -0.63539179  0.90305959 -3.63134658 -0.50016782
 -0.33906266 -0.13915645 -0.15415658]
log likelihood =  3147.693916285536
Lr derivatives =  [-16.45377311649891, -13.68982309562662, 9.083147343285713]
other derivatives =  [-90.74988156  -2.65072231   3.85198291  45.94085112   1.416538
  20.79223123]
Current x_clock array =  [-0.70885915 -0.71851985 -0.64954756  0.86937152 -3.50739712 -0.51385864
 -0.32698987 -0.12737372 -0.16277596]
log likelihood =  3141.2681850102263
Lr derivatives =  [-2.7415658977894495, -3.273504405491497, 11.68713202084423]
other derivatives =  [42.82455848  5.11681719  4.22378434 39.89798643  6.37928679 18.92440196]
Current x_clock array =  [-0.6225892  -0.71808091 -0.65322277  0.79933764 -3.4959628  -0.54508977
 -0.3066151  -0.10058435 -0.17034548]
log likelihood =  3138.796201682667
Lr derivatives =  [-0.13142645603499048, -0.36351032331927635, 11.656331476900034]
other derivatives =  [36.14036359  2.79414962  4.84797056 36.72266757  4.44115358 18.09021342]
Current x_clock array =  [-0.62598785 -0.72239616 -0.65125987  0.7574791  -3.54630309 -0.56514461
 -0.29471429 -0.08571391 -0.17371547]
log likelihood =  3126.693606639615
Lr derivatives =  [-7.373143053113235, -1.3419635596080113, -3.0486863456164333]
other derivatives =  [ 13.30067789  13.3939011    7.3683168   11.57773113 -10.36992217
   9.39212441]
Current x_clock array =  [-0.63686112 -0.70853247 -0.6542235   0.34917535 -3.86316685 -0.78107501
 -0.27963858 -0.04300636 -0.24324743]
log likelihood =  3132.531798825763
Lr derivatives =  [16.76397813924582, 20.200009096460754, 12.891679173359995]
other derivatives =  [-15.71461326 -78.95955605 -70.94008652  -0.98125383   1.42799763
   6.02613   ]
Current x_clock array =  [-0.64879097 -0.83959113 -0.74055197  0.13148001 -3.8063989  -0.94194562
 -0.21840199  0.         -0.18893363]
log likelihood =  3125.625993186267
Lr derivatives =  [-1.0534298800269681, 4.471064456121638, 1.0911651077513251]
other derivatives =  [  4.91836545 -15.17987585 -15.71424946   7.68759492  -7.38582457
   8.49549906]
Current x_clock array =  [-0.64014841 -0.74464593 -0.67801147  0.289189   -3.84752434 -0.82540321
 -0.26276472 -0.03115588 -0.22828116]
log likelihood =  3124.2782446396664
Lr derivatives =  [0.327201893724137, 5.3361673374940874, -0.248340075222242]
other derivatives =  [-2.33299033 -5.97615326 -4.92068466  0.67639121 -4.21641744  6.91247806]
Current x_clock array =  [-0.64532776 -0.73173333 -0.66791271  0.18716149 -3.81471326 -0.88898238
 -0.25736759 -0.02859164 -0.23946192]
log likelihood =  3123.6912291504123
Lr derivatives =  [-0.2774596978240389, 2.9172291025855945, -2.5399104181602112]
other derivatives =  [-0.82432052 -1.54823283  0.33451215 -3.63429535 -0.65856511  5.66988092]
Current x_clock array =  [-0.64516269 -0.72412826 -0.66485579  0.13449163 -3.75617309 -0.95309526
 -0.25791001 -0.04937444 -0.24246525]
log likelihood =  3123.2571019025636
Lr derivatives =  [4.336053928195138, 4.584330858851408, 0.0803869106662023]
other derivatives =  [-2.42207534  7.77881723 -3.48609319 -3.84243322  2.21762093  4.50581865]
Current x_clock array =  [-0.64716409 -0.71392444 -0.66808202  0.13509947 -3.71315402 -1.03145973
 -0.24845185 -0.0750865  -0.21841581]
log likelihood =  3122.7290278404325
Lr derivatives =  [0.7161679151561735, -2.7618008856356755, 1.285272946447714]
other derivatives =  [-0.37180143 -2.19038157 12.6688974  -4.82255018  4.60017873  3.09992174]
Current x_clock array =  [-0.64663986 -0.72384942 -0.65235002  0.14991885 -3.65700109 -1.20796571
 -0.24430572 -0.14479445 -0.17025249]
log likelihood =  3122.362239905722
Lr derivatives =  [0.3120782297268434, -3.144127487436218, 2.9104074514249088]
other derivatives =  [ 0.1117769   3.41196937 -0.56179488 -2.41843736  2.1624146   2.30611477]
Current x_clock array =  [-0.64614234 -0.71786049 -0.66595282  0.17266717 -3.68513456 -1.28107485
 -0.24359302 -0.16256731 -0.15443129]
log likelihood =  3122.2119184945386
Lr derivatives =  [-0.18887756548190282, -2.9229058976672007, 2.699483714480497]
other derivatives =  [ 0.57752914  1.72103682 -2.75176717 -0.95637915 -0.08913048  1.78215487]
Current x_clock array =  [-0.64556968 -0.72102213 -0.66723497  0.18616939 -3.7192777  -1.32649931
 -0.24095095 -0.16221031 -0.15191248]
log likelihood =  3122.0588048862082
Lr derivatives =  [1.0398407358442263, -1.2230700454699917, -0.1074457714268483]
other derivatives =  [ 0.25843292  0.3520654  -1.71926331  0.30881893 -0.70685928  0.81877261]
Current x_clock array =  [-0.64596981 -0.7243315  -0.66412352  0.20328376 -3.72717873 -1.40624
 -0.23903672 -0.15070533 -0.16316981]
log likelihood =  3121.9972225801603
Lr derivatives =  [0.6679926915334669, 0.2771658579475533, 0.849446629666206]
other derivatives =  [ 2.7301212  -0.31482159  0.25866029  0.16157173 -0.52436917  0.17771526]
Current x_clock array =  [-0.64477304 -0.72575321 -0.66128019  0.20537248 -3.71917606 -1.49895474
 -0.25070624 -0.14146277 -0.15569449]
log likelihood =  3122.260420903051
Lr derivatives =  [-3.580598403248306, -1.9229033932973236, -1.727051648941004]
other derivatives =  [-28.68191586  -1.94545464   1.12700036   0.31045602  -0.77511686
  -0.16611921]
Current x_clock array =  [-0.6635687  -0.72483534 -0.66016136  0.21954282 -3.6976234  -1.57757546
 -0.26969337 -0.14042958 -0.15698231]
log likelihood =  3121.991824917581
Lr derivatives =  [0.15666844626396426, 0.014593057539891374, 0.5362181193825764]
other derivatives =  [-1.24828148 -0.51586539  0.36261554  0.18294486 -0.55738383  0.13092176]
Current x_clock array =  [-0.64708793 -0.72564016 -0.6611424   0.20711771 -3.71652161 -1.50863775
 -0.25304472 -0.14133552 -0.1558531 ]
log likelihood =  3121.98680658948
Lr derivatives =  [0.04941101723732899, 0.1328400958794574, 0.2167690698613815]
other derivatives =  [-0.41027306 -0.04370122  0.39644874 -0.02296474 -0.22546374  0.02464731]
Current x_clock array =  [-0.64668414 -0.72497351 -0.66121837  0.20570855 -3.70962223 -1.52369837
 -0.25579926 -0.13994605 -0.15666451]
log likelihood =  3121.9860592104887
Lr derivatives =  [-0.026683776179304175, -0.036587326390718114, -0.05257608225226938]
other derivatives =  [-0.06070877 -0.3090463  -0.19463187 -0.09990799 -0.01473381 -0.00704858]
Current x_clock array =  [-0.64648317 -0.72515637 -0.66200383  0.20542108 -3.70532167 -1.52936648
 -0.25634974 -0.1410525  -0.15720928]
log likelihood =  3121.9859736769827
Lr derivatives =  [-0.013810579053714633, -0.045070798934051144, -0.04588024673744964]
other derivatives =  [ 0.06070877  0.25838744  0.18385435 -0.03788045  0.00609361 -0.01050466]
Current x_clock array =  [-0.64646439 -0.72448197 -0.66157737  0.20656632 -3.70450154 -1.5304446
 -0.25655093 -0.14126583 -0.15708978]
log likelihood =  3121.9859112693994
Lr derivatives =  [0.010263355957611964, -0.01813146806442891, -0.016955802737758763]
other derivatives =  [-0.02200977  0.04597496  0.03856258 -0.03819878 -0.01214175 -0.00627551]
Current x_clock array =  [-0.6464936  -0.72475366 -0.6617176   0.20640738 -3.70503757 -1.52954839
 -0.25637574 -0.14113379 -0.15707231]
log likelihood =  3121.9859021207994
Lr derivatives =  [0.014607937982813013, -0.012398655274823443, -0.012596735449856603]
other derivatives =  [-0.02523848  0.0169166   0.01923581 -0.02810339 -0.01123226 -0.00527507]
Current x_clock array =  [-0.64649448 -0.72479246 -0.66173232  0.20656453 -3.70499908 -1.52936084
 -0.25639013 -0.14109127 -0.15707582]
log likelihood =  3121.9858882410826
Lr derivatives =  [0.013379395950515516, -0.003851550641294634, 0.0007016387516645605]
other derivatives =  [-0.01082299 -0.02000888  0.00081855  0.0001819  -0.00281943 -0.00159162]
Current x_clock array =  [-0.64648736 -0.72484011 -0.66174153  0.20706441 -3.70470843 -1.52887205
 -0.25653154 -0.14097636 -0.15706112]
log likelihood =  3121.985887476808
Lr derivatives =  [0.009581184861954029, 0.002994236743876843, 0.005586755722294283]
other derivatives =  [-0.00572982  0.01737135 -0.03228706  0.00572982 -0.00291038 -0.00109139]
Current x_clock array =  [-0.64648517 -0.72479361 -0.66177762  0.20714245 -3.70464668 -1.52872854
 -0.25662586 -0.14090845 -0.15705876]
      fun: 3121.985887476808
 hess_inv: <9x9 LbfgsInvHessProduct with dtype=float64>
      jac: array([-0.00572982,  0.01737135, -0.03228706,  0.00572982, -0.00291038,
       -0.00109139,  0.00958118,  0.00299424,  0.00558676])
  message: b'CONVERGENCE: REL_REDUCTION_OF_F_<=_FACTR*EPSMCH'
     nfev: 28
      nit: 24
   status: 0
  success: True
        x: array([-0.64648517, -0.72479361, -0.66177762,  0.20714245, -3.70464668,
       -1.52872854, -0.25662586, -0.14090845, -0.15705876])
