number of sites to be analyzed:  246
log likelihood =  3084.602247200649
Lr derivatives =  [-78.57055179378082, -212.0212595707011, -138.91716193652286]
other derivatives =  [ -2.81502253 -19.57587301  24.73452696 -13.76884029 190.75250748
   0.71572686]
Current x_clock array =  [-0.66852067 -0.77178069 -0.49374061  0.74193734 -0.10536052 -0.51082562
 -0.51082562 -0.51082562 -0.51082562]
log likelihood =  2931.681184377222
Lr derivatives =  [26.84803367008761, -144.36941376606663, -101.31328912944839]
other derivatives =  [  -8.92478056    6.17346814 -117.47188182    0.69976522  131.5598638
    5.00522219]
Current x_clock array =  [-0.66555041 -0.76831456 -0.61252056  0.80805796 -1.02139065 -0.51426268
 -0.13351476 -0.50837254 -0.50837254]
log likelihood =  2848.049482761615
Lr derivatives =  [-5.274139440194377, -74.3120506627432, -15.343013967413185]
other derivatives =  [ 86.42773537  29.86325853 897.7746802   -2.28719728   1.82676558
  12.81841833]
Current x_clock array =  [-0.62236024 -0.83884953 -0.16760535  0.88443583 -2.78706895 -0.54348635
  0.18784774 -0.27361632 -0.31945833]
log likelihood =  2817.913990362843
Lr derivatives =  [20.20295651813787, -103.12638476054046, -58.03491717521636]
other derivatives =  [33.825836   18.53336471 37.56995284  2.52221071 73.88252925 10.43672455]
Current x_clock array =  [-0.6453449  -0.8013127  -0.40437739  0.84378956 -1.84742194 -0.52793429
  0.01682717 -0.39854734 -0.41999345]
log likelihood =  2778.931943748729
Lr derivatives =  [-42.9148823779782, -82.98644936675453, -8.776524041740103]
other derivatives =  [-140.27350517  -32.71693458  -79.2168521    15.15641088  -33.89682206
   10.75818545]
Current x_clock array =  [-0.79077088 -0.94032863 -0.43300618  0.86723195 -2.93689349 -0.58770628
  0.08204858 -0.13669682 -0.27998004]
log likelihood =  2762.607376250408
Lr derivatives =  [0.005985138989090366, -43.2825686284668, 34.44944294673003]
other derivatives =  [111.71027836 -10.68824531  45.0911557    0.60131242 -14.11367521
  11.43225745]
Current x_clock array =  [-0.59257982 -0.91830084 -0.36865547  0.82866335 -2.91750699 -0.62687579
  0.10036625  0.         -0.21076279]
log likelihood =  2755.426045001148
Lr derivatives =  [5.519002158574862, -43.2360882954736, 22.937603154870473]
other derivatives =  [  1.31758497 -11.16768544  -0.24074325   4.03169906  -3.90559762
  11.32457328]
Current x_clock array =  [-0.6684405  -0.90575585 -0.39353513  0.82629304 -2.76796189 -0.62429708
  0.06545298  0.         -0.24509896]
log likelihood =  2754.482342421992
Lr derivatives =  [10.098692494482075, -43.30288946565475, 14.81793211022015]
other derivatives =  [-4.03142622 -5.34391802 -5.84632289  3.94315975  2.19288268 10.91193553]
Current x_clock array =  [-0.67293673 -0.88963428 -0.39948414  0.81973758 -2.68482933 -0.63231595
  0.04572224  0.         -0.27135274]
log likelihood =  2753.544016989187
Lr derivatives =  [-1.241142494316227, -54.83218817763432, -6.721095208947421]
other derivatives =  [-4.12728696  3.54684744 -3.20032996  4.34647518 -2.77027539  8.59690772]
Current x_clock array =  [-0.67230929 -0.8680929  -0.39973237  0.80324878 -2.66679483 -0.67843581
  0.00791469  0.         -0.32945415]
log likelihood =  2753.1679034839117
Lr derivatives =  [0.8163567980445796, -54.32391117994603, -6.9767156011090385]
other derivatives =  [-1.64754965  2.58587534  3.31137926  3.12629709  0.46616151  7.91997081]
Current x_clock array =  [-0.67066254 -0.86839312 -0.39737934  0.78754578 -2.62641921 -0.70993447
 -0.00637484  0.         -0.32826757]
log likelihood =  2752.262681107444
Lr derivatives =  [2.8543657513762595, -54.17690181336589, -5.618650727751135]
other derivatives =  [10.6515472  -0.98430064 -3.88708941 -0.14933903  5.03368938  5.18948582]
Current x_clock array =  [-0.66005619 -0.87106653 -0.40732242  0.72805646 -2.54055733 -0.84460139
 -0.05751337  0.         -0.30807895]
log likelihood =  2751.7879445989875
Lr derivatives =  [2.23599349870074, -52.58475279451531, 2.16183270788099]
other derivatives =  [ 4.02087608  4.26452971 23.49916031 -3.67354005  4.87007128  3.14012141]
Current x_clock array =  [-0.66739289 -0.86010537 -0.39114957  0.67611136 -2.53254454 -0.99127542
 -0.08139708  0.         -0.27116494]
log likelihood =  2751.473834809564
Lr derivatives =  [-0.5178192309385343, -53.988042210671615, 1.6815869710592608]
other derivatives =  [ 3.9216502   1.73945409  5.27043085 -3.39064172  1.67333383  2.43976501]
Current x_clock array =  [-0.66612376 -0.86503885 -0.40235132  0.66740083 -2.55238155 -1.03190302
 -0.08615891  0.         -0.2675696 ]
log likelihood =  2751.389557460231
Lr derivatives =  [-2.7702685569507675, -55.024263081377, 1.0548843327968918]
other derivatives =  [ 0.05529728  0.73532647 -1.27047315 -3.10146788 -0.9528776   1.93285814]
Current x_clock array =  [-0.66867148 -0.86748295 -0.4057375   0.66492536 -2.57470864 -1.06346582
 -0.08489457  0.         -0.26645572]
log likelihood =  2751.3440827242234
Lr derivatives =  [-2.872681733653029, -54.87497472115039, 0.9840519032874084]
other derivatives =  [-1.06797415  0.36975507 -2.68428266 -2.94207894 -1.57829163  1.63040568]
Current x_clock array =  [-0.66954152 -0.8688841  -0.40604405  0.66727755 -2.58347196 -1.08498131
 -0.08078616  0.         -0.26628759]
log likelihood =  2751.1917343840496
Lr derivatives =  [-1.5996131056752945, -53.58007179849695, 0.03619010612284157]
other derivatives =  [-2.59719855 -0.9136329  -3.73897819 -2.0252628  -1.96464498  0.59835656]
Current x_clock array =  [-0.67095932 -0.8742439  -0.40442521  0.68819705 -2.60161864 -1.16522385
 -0.06231162  0.         -0.2697703 ]
log likelihood =  2751.123535281484
Lr derivatives =  [0.18599343443779404, -52.0494144790911, 1.0636541626868983]
other derivatives =  [-0.57702891  2.86236173 -4.24743121 -0.0122327  -0.81381586  0.00754881]
Current x_clock array =  [-0.66924852 -0.86840354 -0.40358273  0.72304059 -2.59245403 -1.22400664
 -0.05747822  0.         -0.26729838]
log likelihood =  2751.1333572227463
Lr derivatives =  [-0.7681717916839337, -52.96633689215698, -1.1059707773469079]
other derivatives =  [-4.24447535 -3.58036232  2.01030161  0.63892003  0.5277343  -0.11295924]
Current x_clock array =  [-0.67177537 -0.88042932 -0.39925241  0.73705885 -2.57709194 -1.24127026
 -0.06057395  0.         -0.27236517]
log likelihood =  2751.1081886750485
Lr derivatives =  [-0.23702588363481025, -52.45329841341365, 0.10811087721786805]
other derivatives =  [-2.19215508  0.01568878 -1.52367647  0.27162059 -0.22923814 -0.04497451]
Current x_clock array =  [-0.67035537 -0.87367123 -0.40168591  0.72918106 -2.58572492 -1.23156868
 -0.05883425  0.         -0.2695178 ]
log likelihood =  2751.106121430951
Lr derivatives =  [-0.3900454573348173, -52.574429833990465, -0.00033167155399738135]
other derivatives =  [ 0.79598976 -0.28339855  0.05238689  0.10472831 -0.29913281 -0.01614353]
Current x_clock array =  [-0.66800228 -0.87442611 -0.40088766  0.72793429 -2.58643308 -1.22902367
 -0.05946726  0.         -0.26963367]
log likelihood =  2751.105389300823
Lr derivatives =  [-0.20903537039391118, -52.4839780504743, 0.09791098584196689]
other derivatives =  [-0.04270078 -0.08813004 -0.10959411  0.07530616 -0.12087185  0.00104592]
Current x_clock array =  [-0.66870028 -0.87389342 -0.40103067  0.72723593 -2.58460916 -1.22763076
 -0.05972052  0.         -0.26950977]
log likelihood =  2751.1052782507536
Lr derivatives =  [-0.09837563513560488, -52.43572595551868, 0.07918220326965297]
other derivatives =  [-0.0815362  -0.02651177 -0.06448317  0.04042704 -0.0377895   0.00759428]
Current x_clock array =  [-0.6687598  -0.87375853 -0.40102129  0.72689447 -2.58410806 -1.22678491
 -0.05950669  0.         -0.26970698]
log likelihood =  2751.1052323269123
Lr derivatives =  [-0.016663601560229946, -52.40544344855912, -0.0012696070847795227]
other derivatives =  [-0.01268745  0.00618456 -0.02801244  0.00750333  0.00345608  0.00327418]
Current x_clock array =  [-0.66873326 -0.87372245 -0.40099591  0.72666008 -2.58413761 -1.22672156
 -0.05908049  0.         -0.27006272]
log likelihood =  2751.1052296342677
Lr derivatives =  [0.00033363659842544635, -52.39215163704815, 0.0011375792961167974]
other derivatives =  [ 0.00136424  0.00272848  0.00163709 -0.00063665  0.0037744   0.00077307]
Current x_clock array =  [-0.66872951 -0.87374602 -0.40097001  0.7266123  -2.58428289 -1.22694187
 -0.05894577  0.         -0.27007708]
      fun: 2751.1052296342677
 hess_inv: <9x9 LbfgsInvHessProduct with dtype=float64>
      jac: array([ 1.36424205e-03,  2.72848411e-03,  1.63709046e-03, -6.36646291e-04,
        3.77440301e-03,  7.73070497e-04,  3.33636598e-04, -5.23921516e+01,
        1.13757930e-03])
  message: b'CONVERGENCE: REL_REDUCTION_OF_F_<=_FACTR*EPSMCH'
     nfev: 24
      nit: 21
   status: 0
  success: True
        x: array([-0.66872951, -0.87374602, -0.40097001,  0.7266123 , -2.58428289,
       -1.22694187, -0.05894577,  0.        , -0.27007708])
