number of sites to be analyzed:  356
log likelihood =  3928.836263388661
Lr derivatives =  [39.07929418285691, -174.99094284071663, -134.02234361282757]
other derivatives =  [ 92.5256245  -18.09985406  56.04229045 -47.36430128 296.89808798
  -9.97079042]
Current x_clock array =  [-0.59613603 -0.6344038  -0.67251087  0.74193734 -0.10536052 -0.51082562
 -0.51082562 -0.51082562 -0.51082562]
log likelihood =  3738.8544126309225
Lr derivatives =  [-59.41087090525121, -205.43409891770918, -167.40330900247096]
other derivatives =  [-327.26111385    9.32586772  -88.42857824   -8.38931555  192.33311832
   -6.25618668]
Current x_clock array =  [-0.88343136 -0.63258921 -0.84652416  0.88900517 -1.02723956 -0.47986597
 -0.63216821 -0.50923949 -0.50923949]
log likelihood =  3492.455611057887
Lr derivatives =  [-42.44204897939262, -120.72624033517408, -85.01630520075527]
other derivatives =  [-164.72017705   40.41776265 -148.99328562   46.92628863   48.09612619
    8.70531949]
Current x_clock array =  [-0.71152582 -0.64916511 -0.90189711  1.05655999 -2.28054845 -0.4380707
 -0.6740522  -0.25838949 -0.30207037]
log likelihood =  3449.7125146051317
Lr derivatives =  [-43.3205521739145, -49.81546992132078, 110.27546130590981]
other derivatives =  [-111.62387636  -78.37293197  323.73509384   24.97749847    9.99930307
   20.88272595]
Current x_clock array =  [-0.69236771 -0.83105727 -0.41024156  0.91082855 -2.96138229 -0.47102673
 -0.66158158  0.         -0.01835225]
log likelihood =  3430.7830876248563
Lr derivatives =  [-47.5890708537985, -86.90097333234343, -32.546384995382]
other derivatives =  [-142.68434825  -28.3328518    -9.50471986   37.62506822   26.71185939
   16.59586815]
Current x_clock array =  [-0.70190781 -0.74048108 -0.65506952  0.98339791 -2.6223499  -0.45461574
 -0.66779153 -0.12866929 -0.15963435]
log likelihood =  3408.049413973748
Lr derivatives =  [1.7230856133057273, -28.49516510153364, 52.0042470507681]
other derivatives =  [104.05233297  48.27870725  41.68946361  27.64613782  10.39193194
  17.94919626]
Current x_clock array =  [-0.56954174 -0.68869545 -0.59816876  0.85752647 -2.98267972 -0.51182597
 -0.59167663  0.         -0.04660803]
log likelihood =  3402.252786592502
Lr derivatives =  [-6.642469611761111, -36.164700034538164, 20.710594960152143]
other derivatives =  [ 7.03498699 11.15508894 12.14289114 28.10811566  5.1844836  17.10359356]
Current x_clock array =  [-0.61349615 -0.72256785 -0.62280605  0.85091525 -3.02487486 -0.51907236
 -0.59326256  0.         -0.07886811]
log likelihood =  3400.122048029539
Lr derivatives =  [-5.713591235931638, -37.13175707545244, 9.85007687451941]
other derivatives =  [-8.91614036  0.73241608 -0.83405212 24.87522579  2.36827873 15.92966328]
Current x_clock array =  [-0.62053437 -0.73496407 -0.63503779  0.80978404 -3.06892368 -0.54219995
 -0.57879903  0.         -0.09673072]
log likelihood =  3396.1825444828783
Lr derivatives =  [-0.7290935189412799, -36.89774447380327, -6.500758746781454]
other derivatives =  [-24.1788257  -13.43669283  -2.58351065  12.0682671   -2.96631697
  12.49482011]
Current x_clock array =  [-0.62775286 -0.75477916 -0.63560364  0.65732327 -3.18514566 -0.62915027
 -0.53099956  0.         -0.13309301]
log likelihood =  3394.2279631952943
Lr derivatives =  [4.903002105783237, -33.49382587546414, -7.759445291222729]
other derivatives =  [-11.21698006  -6.9905127  -13.36356945   2.64626578  -2.72357283
   9.59544195]
Current x_clock array =  [-0.62092849 -0.74783462 -0.64981323  0.53510138 -3.21117968 -0.7278508
 -0.51885112  0.         -0.13381392]
log likelihood =  3393.167279056496
Lr derivatives =  [-1.3697728152363986, -35.97728185179513, -8.939829384273704]
other derivatives =  [-4.35006768  1.64609446  6.89319677 -5.45310286 -3.08459676  6.96336429]
Current x_clock array =  [-0.61875689 -0.7343972  -0.63364412  0.43928818 -3.21873842 -0.84844098
 -0.5382107   0.         -0.12401375]
log likelihood =  3392.6573412798507
Lr derivatives =  [1.3360522077266346, -31.59774070367475, 2.439211396130407]
other derivatives =  [ 6.85995474  0.01618901 -1.40494194 -7.75708031  0.13315002  6.0808361 ]
Current x_clock array =  [-0.61302893 -0.73600868 -0.6441006   0.41485672 -3.18348331 -0.92439998
 -0.5487185   0.         -0.09545259]
log likelihood =  3392.318685167661
Lr derivatives =  [0.25581722114664984, -31.080867647338422, 7.043738308986015]
other derivatives =  [ 5.54355211  3.09464667 -0.45729394 -6.81320671  1.32786226  5.43795977]
Current x_clock array =  [-0.61407984 -0.73157362 -0.6435186   0.4302473  -3.15778665 -0.97411917
 -0.56084484  0.         -0.08458667]
log likelihood =  3391.8191047881073
Lr derivatives =  [-7.649160070350348, -34.77078255847317, -0.6841148018002379]
other derivatives =  [28.47618816 -4.85642886  4.87430043 -2.14954525  4.87671059  2.96940925]
Current x_clock array =  [-0.60204928 -0.73957942 -0.64018118  0.50449395 -3.07615734 -1.15306333
 -0.59401501  0.         -0.0891719 ]
log likelihood =  3391.2707666780243
Lr derivatives =  [-3.552622483994849, -31.027316472247954, 5.648614396199832]
other derivatives =  [-5.04505806  3.13211785  3.38332029 -0.25274858  3.81373866  2.06619006]
Current x_clock array =  [-0.62012299 -0.73128757 -0.63766965  0.52114647 -3.08819941 -1.25060867
 -0.58418004  0.         -0.07717888]
log likelihood =  3391.068338853903
Lr derivatives =  [-2.0545242832325314, -30.23390165045594, 1.8803676584107833]
other derivatives =  [-8.4633939   1.35064511  1.23031896 -0.75788193  2.63116817  1.40594238]
Current x_clock array =  [-0.62174139 -0.73465627 -0.63877597  0.51209252 -3.10853091 -1.30749513
 -0.57482684  0.         -0.08190012]
log likelihood =  3390.895993543647
Lr derivatives =  [0.18892935885771323, -28.485649420981108, -1.5870211714001492]
other derivatives =  [-5.4895736  -0.69057933 -2.10657163 -0.73227966  0.92327355  0.38853614]
Current x_clock array =  [-0.61983065 -0.73962821 -0.64070908  0.50800916 -3.13647091 -1.42180082
 -0.56323177  0.         -0.08521428]
log likelihood =  3390.8746180123917
Lr derivatives =  [1.60778227327652, -26.953579985899793, 1.394396128275865]
other derivatives =  [ 1.85345925  2.48282959  0.4935373   0.17316779 -0.42828106  0.18144419]
Current x_clock array =  [-0.61615228 -0.73804439 -0.63693269  0.51625088 -3.15708935 -1.45808819
 -0.5573782   0.         -0.08007217]
log likelihood =  3390.8614346933273
Lr derivatives =  [0.2685155946206734, -27.697625980366297, -0.09126432771055804]
other derivatives =  [ 0.03165042 -0.34578989  0.00336513  0.00609361 -0.04652065  0.05939   ]
Current x_clock array =  [-0.61692242 -0.74054534 -0.63796796  0.51594765 -3.14878916 -1.48037432
 -0.56173648  0.         -0.0812542 ]
log likelihood =  3390.860771643078
Lr derivatives =  [0.038452458529803835, -27.765638543894042, -0.09305252917363482]
other derivatives =  [-0.0608452  -0.15734258 -0.02623892  0.0169166  -0.00168257  0.01846274]
Current x_clock array =  [-0.61698012 -0.74019561 -0.63811581  0.51619515 -3.14718441 -1.48871907
 -0.56295991  0.         -0.08093136]
log likelihood =  3390.860720224552
Lr derivatives =  [-0.04043365376800878, -27.750175367268646, 0.07348141963605315]
other derivatives =  [-0.00982254 -0.12114469  0.07075869 -0.00090949 -0.02328306 -0.00163709]
Current x_clock array =  [-0.61695869 -0.74013736 -0.63804972  0.51598399 -3.14725093 -1.49339561
 -0.56332885  0.         -0.08051289]
log likelihood =  3390.860730061166
Lr derivatives =  [0.009254021546361457, -27.74899645902869, -0.05621888851921675]
other derivatives =  [ 0.06089067  0.17894308 -0.10327312 -0.00086402  0.01214175 -0.00477485]
Current x_clock array =  [-0.61693396 -0.73977135 -0.63825086  0.51591673 -3.14666603 -1.49313005
 -0.56341547  0.         -0.08073827]
log likelihood =  3390.8607009741413
Lr derivatives =  [-0.01814889238091766, -27.749647985801495, 0.015232698567341885]
other derivatives =  [ 0.02187335  0.013506   -0.00732143 -0.00086402 -0.00741238 -0.00304681]
Current x_clock array =  [-0.6169476  -0.73997316 -0.63813995  0.51595382 -3.14698855 -1.49327648
 -0.56336771  0.         -0.08061399]
log likelihood =  3390.860698469446
Lr derivatives =  [-0.004967036722582918, -27.75028983067553, -0.003038991388363499]
other derivatives =  [-0.00313776  0.00127329  0.00109139  0.00045475 -0.00227374  0.00022737]
Current x_clock array =  [-0.61696124 -0.73998982 -0.638124    0.51598358 -3.1469691  -1.49256705
 -0.56330072  0.         -0.08066745]
      fun: 3390.860698469446
 hess_inv: <9x9 LbfgsInvHessProduct with dtype=float64>
      jac: array([-3.13775672e-03,  1.27329258e-03,  1.09139364e-03,  4.54747351e-04,
       -2.27373675e-03,  2.27373675e-04, -4.96703672e-03, -2.77502898e+01,
       -3.03899139e-03])
  message: 'CONVERGENCE: REL_REDUCTION_OF_F_<=_FACTR*EPSMCH'
     nfev: 24
      nit: 21
     njev: 24
   status: 0
  success: True
        x: array([-0.61696124, -0.73998982, -0.638124  ,  0.51598358, -3.1469691 ,
       -1.49256705, -0.56330072,  0.        , -0.08066745])
{('N0', 'N1'): [0.11731930967439813, 0.11731930967439845], ('N0', 'ENSLOCG'): [0.0, 0.0], ('N1', 'ENSGACG'): [11.515529857016315, 11.490851645191519], ('N1', 'ENSDARG'): [11.442567966181853, 11.615790275398421]}
