number of sites to be analyzed:  197
log likelihood =  -2602.9457908335958
Edge derivatives =  [51.282766115645664, 24.95452094002538, 111.36248978735807, 112.38456295530014]
other derivatives: [ 25.43865776  37.79387043 -39.85956027  17.70745257 -18.55796654
  19.83248694]
Current x array =  [-0.64202311 -0.96235151 -0.54472718  0.         -2.30258509  0.
 -4.60517019 -4.60517019 -4.60517019 -4.60517019]
log likelihood =  -2439.431767258753
Edge derivatives =  [48.37786428861485, 23.320003230979584, 108.67176687409712, 109.76811454598543]
other derivatives: [ 26.88948371  35.02686923  33.37190719   5.42222551 -15.51288733
  18.19080353]
Current x array =  [-0.63863771 -0.95713436 -0.77265816  0.10125744 -2.40870607  0.04002846
 -4.31191729 -4.46247146 -3.9683603  -3.96251572]
log likelihood =  -3685.478498986772
Edge derivatives =  [-0.42702960885271857, -0.04291394759993103, -51.326525506699845, -38.90427799946781]
other derivatives: [-472.24084483  -89.33475328  521.96955949   68.87994459  -77.25006981
  117.73754522]
Current x array =  [-0.44217004 -0.81818622 -1.73780772  1.16965378 -3.83896157  0.61658727
 -0.18551541 -2.46151869  5.10655459  5.19881428]
log likelihood =  -2071.8958139665106
Edge derivatives =  [35.51766330082269, 17.400294223406117, 79.60145750254844, 79.2788545732376]
other derivatives: [-19.76350177  16.74038685  86.0525688  -12.43793122  -7.39978532
  -0.09085852]
Current x array =  [-0.60217249 -0.931345   -0.95179396  0.29955628 -2.67416748  0.14704019
 -3.54603982 -4.09108624 -2.28401809 -2.2621345 ]
log likelihood =  -6062.398204265124
Edge derivatives =  [-12.729363599209021, -1.4993745662183025, -586.8977261525381, -582.2354090405388]
other derivatives: [  1046.64040919  -8386.94686536 -21191.31695508    449.05245886
  -1092.45102067    281.48178899]
Current x array =  [-2.50299872 -0.05       -0.05        0.66393734 -3.48827066 -0.08593055
 -0.87147523 -2.7702189   3.42804135  3.44310834]
log likelihood =  -1995.4143816001742
Edge derivatives =  [3.1985327625191413, 5.335377794673503, -16.934547385503805, -20.92708822087252]
other derivatives: [ 273.50502023 -148.24847767  140.42357179   -9.45815373  -21.21823854
  -43.49435585]
Current x array =  [-1.23871442 -0.63620332 -0.64980441  0.42157891 -2.94679146  0.06902378
 -2.65039114 -3.64875888 -0.37118393 -0.35158307]
log likelihood =  -1883.5246612956948
Edge derivatives =  [1.1939878986092116, 5.149295511261086, -31.375339325307745, -34.93535812304959]
other derivatives: [-257.11929084  -12.84929567   28.25199772    7.26090548  -43.95656106
  -42.4493237 ]
Current x array =  [-4.79773923e-01 -1.08701640e+00 -4.75279978e-01  4.52209734e-01
 -3.07198066e+00 -2.48971723e-02 -2.45326752e+00 -3.54206508e+00
 -1.06863338e-02  7.72544744e-04]
log likelihood =  -1868.9548986661011
Edge derivatives =  [8.366231054465722, 7.482029486331952, 9.454278572327624, 8.299859851984042]
other derivatives: [ 120.99674223    3.03427896 -139.34384242    6.16805664  -19.22367119
  -33.51933628]
Current x array =  [-0.84043051 -1.01617551 -0.32480412  0.39205757 -3.02907458 -0.11065215
 -2.67531624 -3.64497448 -0.53511862 -0.53362758]
log likelihood =  -1854.7547616402662
Edge derivatives =  [6.625535415141232, 6.95773627504756, 2.7535104904013767, 0.6933091388903432]
other derivatives: [ 82.53007309   4.95438144  65.78884495  -5.26272288 -16.85409643
 -33.44134711]
Current x array =  [-0.75077573 -1.03710741 -0.54819054  0.4209667  -3.05627586 -0.09864696
 -2.65541217 -3.63435083 -0.48742716 -0.48250799]
log likelihood =  -1845.5280617555186
Edge derivatives =  [4.619653538487565, 6.468794137793371, -6.935552403483359, -8.935237547606281]
other derivatives: [-52.76067441   1.7342245   18.12927621   0.3361265  -22.95096238
 -33.28527782]
Current x array =  [-0.61084331 -1.07887165 -0.47248171  0.42940471 -3.11789405 -0.1662646
 -2.559882   -3.58072067 -0.31024527 -0.3096826 ]
log likelihood =  -1841.4416574031677
Edge derivatives =  [5.401385694908844, 6.7479009547939395, -2.523917308846801, -4.104858009573582]
other derivatives: [-13.20056526   2.90533535  -9.97213192   1.03791535 -20.10087883
 -30.86518063]
Current x array =  [-0.64974104 -1.07279853 -0.4375944   0.42264508 -3.1408441  -0.22079044
 -2.56486504 -3.57744825 -0.34546402 -0.34878776]
log likelihood =  -1836.120360466905
Edge derivatives =  [5.806359804609824, 7.008238312950804, 0.40074960736112186, -0.5525221655299102]
other derivatives: [ 12.31303486   3.09282768 -35.31981747   1.7549155  -15.89171461
 -25.47694749]
Current x array =  [-0.6787027  -1.07315533 -0.40702889  0.42027761 -3.22479841 -0.36593489
 -2.53246755 -3.54482561 -0.34100747 -0.35331213]
log likelihood =  -1826.0150875874465
Edge derivatives =  [5.700743158752394, 7.329092716224905, 2.569289727213997, 2.7474177139940137]
other derivatives: [ 42.56148713   2.0686457  -40.74324806   1.37943061  -6.51757546
 -14.45091584]
Current x array =  [-0.71467954 -1.08089516 -0.39129454  0.42472202 -3.46275826 -0.75111895
 -2.42093243 -3.44109928 -0.28136913 -0.31562884]
log likelihood =  -1817.6011180965181
Edge derivatives =  [4.616970870737612, 7.4044916613624965, 1.159477630270799, 1.689556446562734]
other derivatives: [ 31.91319138  -0.14526904 -21.0825192    0.54885732   1.47203991
  -6.4097776 ]
Current x array =  [-0.70064079 -1.10083841 -0.39874205  0.43527192 -3.73963724 -1.20468528
 -2.25491325 -3.27881946 -0.17964858 -0.23317456]
log likelihood =  -1813.5089377846741
Edge derivatives =  [3.392088694348253, 7.373063556919248, -0.9296063442183156, -0.7329630364107954]
other derivatives: [ 4.07542302  3.38766313 -4.97509518  0.71854629  4.97882411 -2.53101007]
Current x array =  [-0.66768466 -1.14181299 -0.40597461  0.4458916  -3.91342307 -1.59961018
 -2.07587359 -3.06679274 -0.10015913 -0.16389518]
log likelihood =  -1812.0323137196037
Edge derivatives =  [2.3811742524227473, 7.284506995791983, -2.423799666092563, -2.549215258002343]
other derivatives: [-9.66197149  0.51356892  7.42907105  0.3736659   6.68392204 -0.90828962]
Current x array =  [-0.65326821 -1.14533473 -0.41278247  0.45481335 -4.00055726 -1.87736594
 -1.94406384 -2.88908422 -0.06404888 -0.13414709]
log likelihood =  -1810.5907092181124
Edge derivatives =  [1.195856087300508, 7.1314443267356715, -3.5368894276166047, -3.9306843221229273]
other derivatives: [-15.91852197  -1.24450708  12.65925675   0.26898306   7.71060513
   0.08228653]
Current x array =  [-0.64695491 -1.15046024 -0.41288492  0.46510404 -4.06086044 -2.19191694
 -1.78914609 -2.65733408 -0.04206922 -0.11954375]
log likelihood =  -1806.9461006095705
Edge derivatives =  [-1.8138174620835916, 6.453850184904557, -3.020281419111437, -3.6813007072800596]
other derivatives: [-24.26475021  -0.65649601  20.19703516  -0.62507297   9.20040293
   0.66495431]
Current x array =  [-0.636593   -1.1644118  -0.41490646  0.48715448 -4.0950154  -2.91096141
 -1.4582909  -2.06190967 -0.09690574 -0.19443493]
log likelihood =  -1804.4556501390457
Edge derivatives =  [-10.810209998493484, -0.30426500527247713, -1.2797146288359382, -3.1379859366770932]
other derivatives: [-13.69558049 -17.00423127  21.62423698  -0.82397946   4.74533408
   0.42341526]
Current x array =  [-0.64685219 -1.12644018 -0.40563549  0.50422414 -3.97029812 -4.08090596
 -0.98240143 -0.98792753 -0.21722882 -0.35189323]
log likelihood =  -1803.5488544963048
Edge derivatives =  [-6.402013194632177, 2.408336362164641, -0.18386747775493578, -0.13073702741026177]
other derivatives: [-7.25237896 30.07751275 -4.50463631  1.51051154  2.02637693  0.35613539]
Current x array =  [-0.64630311 -1.30048743 -0.38752941  0.50250842 -3.8674396  -3.89920965
 -1.19381409 -1.10422771 -0.22142835 -0.37081557]
log likelihood =  -1800.862570474607
Edge derivatives =  [-5.065821798708482, 3.626898064436441, -1.3179722432876289, -0.753952930872113]
other derivatives: [ 1.20001005  7.94377684  2.97425231 -0.47743924  1.63197456  0.41429757]
Current x array =  [-0.65905278 -1.1881062  -0.4004053   0.49211027 -3.78999478 -3.57381601
 -1.34226118 -1.32434341 -0.24622612 -0.38302776]
log likelihood =  -1800.2806288614825
Edge derivatives =  [-4.7656334237867615, 3.0204848530914816, -0.059090668255013856, 0.9556232912095816]
other derivatives: [-19.16937435  -6.55418262 -21.30313987  -0.59299055  -1.82240001
   0.35856829]
Current x array =  [-0.64232638 -1.12433273 -0.38755805  0.47996756 -3.6343525  -3.53235012
 -1.43959444 -1.24929449 -0.33001016 -0.46589787]
log likelihood =  -1799.823035737315
Edge derivatives =  [-4.484944006831342, 2.4982995517312663, 0.3046087046028949, 1.6166774166295603]
other derivatives: [ 3.72856448 -2.32184902  9.12109499 -1.84727469 -3.9389306   0.34046934]
Current x array =  [-0.6623783  -1.12675393 -0.41659091  0.47418957 -3.53755853 -3.48375209
 -1.51663528 -1.21984242 -0.36803067 -0.50424387]
log likelihood =  -1799.6381280075107
Edge derivatives =  [-4.212201702297166, 2.831377889394016, 0.1194527973426075, 1.4829418418675453]
other derivatives: [ 2.56659405  0.77402547  0.47316462 -1.17581749 -3.26288045  0.32887328]
Current x array =  [-0.66134083 -1.14139441 -0.40724059  0.47371067 -3.57126241 -3.49908105
 -1.51601986 -1.22822012 -0.34884649 -0.48539016]
log likelihood =  -1799.425694871707
Edge derivatives =  [-3.897919355951328, 2.79443581144824, 0.050911878590626736, 1.4159284123015894]
other derivatives: [ 1.36990366  2.39060682 -7.0323722  -0.54133125 -2.94985512  0.29849616]
Current x array =  [-0.66030352 -1.14944344 -0.40000133  0.46880279 -3.58925386 -3.52850443
 -1.54133532 -1.20136807 -0.33898905 -0.47376857]
log likelihood =  -1798.8465616679046
Edge derivatives =  [-2.9011736497208327, 2.3944778017859685, -0.26219628136483686, 0.9756316704727765]
other derivatives: [ -1.35514711   5.16520231 -18.23530056   0.86156433  -2.20181846
   0.20763764]
Current x array =  [-0.65759688 -1.16341473 -0.38991871  0.4489128  -3.62726441 -3.59433268
 -1.66228086 -1.1101906  -0.31823611 -0.44292892]
log likelihood =  -1798.1366075072647
Edge derivatives =  [-1.7042977451082377, 1.2135401145308697, -0.589392869136719, 0.1299398203232175]
other derivatives: [ -5.07634468   5.78711479 -19.23738182   2.15586624  -1.44573278
   0.09995347]
Current x array =  [-0.653495   -1.16846868 -0.38923417  0.41726066 -3.66128399 -3.65978482
 -1.87744498 -0.96999073 -0.30382594 -0.408353  ]
log likelihood =  -1798.7476544262972
Edge derivatives =  [-0.08255061756413856, -1.104136855987571, 2.737561765236611, 1.8460387517684786]
other derivatives: [ 3.50059054e+01 -2.63216862e+00 -2.84870111e+01  1.76539743e+00
  9.38871381e-01 -2.27373675e-02]
Current x array =  [-0.69788675 -1.12660313 -0.37984512  0.40795516 -3.69404342 -3.67567914
 -2.20529789 -0.78434623 -0.35088948 -0.41487097]
log likelihood =  -1797.9583681359295
Edge derivatives =  [-1.1151139426484438, 0.5749593639646338, 0.47020309954986805, 0.7090376042946868]
other derivatives: [  8.40059329   3.22397682 -22.29712663   1.99001988  -0.61381797
   0.05716174]
Current x array =  [-0.6676659  -1.15510421 -0.38623696  0.41429012 -3.67174158 -3.66485866
 -1.98210339 -0.91072861 -0.31884973 -0.41043369]
log likelihood =  -1797.540254150032
Edge derivatives =  [-0.2116368092463421, 0.159280937587441, 0.4351106774081819, -0.19133828185992668]
other derivatives: [-0.11307293  1.12756879 -5.68618361  1.83752036  0.40683972 -0.00759428]
Current x array =  [-0.65784795 -1.14660344 -0.40229077  0.39600834 -3.69384667 -3.59942295
 -2.21373709 -0.87916715 -0.3174934  -0.38620466]
log likelihood =  -1797.5114207975246
Edge derivatives =  [-0.08152906677761645, 0.10459006262647663, 0.6374272566616774, -0.07502231239946167]
other derivatives: [-0.06502887  0.37587142 -1.30910394  1.47945229  0.32562184 -0.01891749]
Current x array =  [-0.65759123 -1.14215595 -0.40695111  0.39826561 -3.68289548 -3.57390492
 -2.2502145  -0.88059709 -0.32508525 -0.39193204]
log likelihood =  -1797.5038970072903
Edge derivatives =  [-0.06340012335786879, 0.10432688452414218, 0.6863348149244571, 0.016360949375893497]
other derivatives: [ 0.18694664  0.1271701   0.48169113  1.21492576  0.24356268 -0.02012257]
Current x array =  [-0.65769401 -1.14071959 -0.40872745  0.40292431 -3.67691085 -3.56526516
 -2.25531503 -0.88295817 -0.32752219 -0.3958359 ]
log likelihood =  -1797.49571494154
Edge derivatives =  [-0.0679297920106898, 0.09834348103079005, 0.6393115733717646, 0.0765294792270097]
other derivatives: [ 0.3283958  -0.14319994  1.71194188  0.8880761   0.17364528 -0.01864464]
Current x array =  [-0.65772679 -1.13984011 -0.40968154  0.41088946 -3.67314714 -3.56185659
 -2.25541378 -0.88377243 -0.32698297 -0.39869701]
log likelihood =  -1797.4819191156412
Edge derivatives =  [-0.08288638423003321, 0.040478845020924026, 0.4205768931039223, 0.10636298223546514]
other derivatives: [ 0.30649971 -0.4933554   2.52532573  0.34540335  0.06320988 -0.01477929]
Current x array =  [-0.65759275 -1.13979259 -0.40966223  0.42738274 -3.67078389 -3.56529249
 -2.25581492 -0.87897184 -0.32125213 -0.40066388]
log likelihood =  -1797.471140652035
Edge derivatives =  [-0.08232317636855178, -0.031363356755270244, 0.04339560477932469, -0.0024791386915404834]
other derivatives: [ 0.72805051 -0.01095941  2.16750777 -0.01271019  0.01127773 -0.01095941]
Current x array =  [-0.65789779 -1.14382111 -0.40805682  0.44312032 -3.67569886 -3.57892009
 -2.26156706 -0.86842832 -0.3090741  -0.39654355]
log likelihood =  -1797.555812019591
Edge derivatives =  [0.11400089962381767, -0.23600213392458946, 0.0557328606490326, 0.1916285427881902]
other derivatives: [-7.47754711 -4.3295131  -7.27054612 -0.51300049 -0.23776465 -0.02796696]
Current x array =  [-0.65073102 -1.13069634 -0.39955991  0.46527966 -3.66845528 -3.57000716
 -2.31801676 -0.84698407 -0.30717374 -0.40019949]
log likelihood =  -1797.469467828776
Edge derivatives =  [-0.05744984089038713, -0.05578184242666051, 0.04521761240379296, 0.0214723582069829]
other derivatives: [-0.26559519 -0.53146323  1.03573257 -0.07335075 -0.01853095 -0.01309672]
Current x array =  [-0.65702183 -1.14221694 -0.40701829  0.44582874 -3.67481351 -3.5778307
 -2.26846663 -0.8658073  -0.30884183 -0.39699039]
log likelihood =  -1797.4681324448898
Edge derivatives =  [-0.044981809805448386, -0.07067160150838514, -0.03481392884606538, -0.02789355897754553]
other derivatives: [-7.37145456e-02 -2.04045136e-01  3.63183972e-01 -3.81533027e-02
 -2.72848411e-04 -1.33695721e-02]
Current x array =  [-0.65721353 -1.14400492 -0.40610722  0.4471767  -3.6779002  -3.58253983
 -2.27255321 -0.86221966 -0.30548305 -0.39446007]
log likelihood =  -1797.4678685313283
Edge derivatives =  [-0.01889596589310523, -0.05386558916029871, -0.013495916041242673, -0.02088788883673831]
other derivatives: [-0.10122676 -0.02542038  0.13019417  0.00168257  0.01386979 -0.01532499]
Current x array =  [-0.65716826 -1.14463132 -0.40593195  0.44648158 -3.67841775 -3.58062888
 -2.27853612 -0.86220391 -0.30538496 -0.39377981]
log likelihood =  -1797.4678131223777
Edge derivatives =  [-0.0098636758797353, -0.03723242646287739, -7.225319551718012e-05, -0.00873507800756157]
other derivatives: [-0.0554337   0.01600711  0.02505658  0.01111857  0.01127773 -0.01596163]
Current x array =  [-0.65721691 -1.14468938 -0.40587663  0.44622354 -3.67811202 -3.57929175
 -2.28018373 -0.86308014 -0.30560475 -0.39382472]
log likelihood =  -1797.4677896024864
Edge derivatives =  [-0.00488959491613726, -0.022905966236935082, 0.007569352688330366, 0.0029374612160674163]
other derivatives: [ 0.02255547  0.0216005  -0.03569767  0.0079126   0.00568434 -0.01621174]
Current x array =  [-0.65730139 -1.14462421 -0.40584691  0.44625191 -3.67769612 -3.57835174
 -2.28091929 -0.86398087 -0.30577349 -0.39399592]
log likelihood =  -1797.4677807269013
Edge derivatives =  [-0.00373531808814756, -0.01233982164639924, 0.004893258481484586, 0.004838469975430915]
other derivatives: [-0.00984528  0.034197   -0.0377895   0.00591172  0.0020691  -0.01612079]
Current x array =  [-0.65726774 -1.14464999 -0.40585877  0.44630031 -3.67753007 -3.57807131
 -2.28099604 -0.86466608 -0.30574055 -0.39402499]
log likelihood =  -1797.4677709859768
Edge derivatives =  [-0.005100878489199517, -0.0019109959986730596, -0.008827518673887758, -0.0004469798956604487]
other derivatives: [ 0.0687578  -0.00775344 -0.04754384 -0.0043201   0.00063665 -0.01571152]
Current x array =  [-0.65736237 -1.14448019 -0.4058383   0.44653283 -3.6775075  -3.57851385
 -2.28065049 -0.86547436 -0.3054773  -0.39393859]
log likelihood =  -1797.4677633624517
Edge derivatives =  [-0.005442344447282282, -0.002567266964909831, -0.014249677082134427, -0.006741889777249432]
other derivatives: [ 0.01130047 -0.00470664 -0.00886757 -0.00347882  0.00311502 -0.01562057]
Current x array =  [-0.65730058 -1.14451977 -0.40587016  0.44651743 -3.67766934 -3.5788735
 -2.28076749 -0.86542319 -0.30535628 -0.39380816]
log likelihood =  -1797.4677593812296
Edge derivatives =  [-0.006432446242486886, -0.004153785947832889, -0.017825006077689665, -0.012572686458831916]
other derivatives: [-0.0195314  -0.01298304  0.01803073 -0.00165983  0.00666205 -0.01543867]
Current x array =  [-0.65726957 -1.14450765 -0.40589171  0.44644832 -3.67783875 -3.57937282
 -2.28070494 -0.86535042 -0.30528766 -0.39369805]
      fun: 1797.4677593812296
 hess_inv: <10x10 LbfgsInvHessProduct with dtype=float64>
      jac: array([ 0.0195314 ,  0.01298304, -0.01803073,  0.00165983, -0.00666205,
        0.01543867,  0.00643245,  0.00415379,  0.01782501,  0.01257269])
  message: b'CONVERGENCE: REL_REDUCTION_OF_F_<=_FACTR*EPSMCH'
     nfev: 45
      nit: 40
   status: 0
  success: True
        x: array([-0.65726957, -1.14450765, -0.40589171,  0.44644832, -3.67783875,
       -3.57937282, -2.28070494, -0.86535042, -0.30528766, -0.39369805])
