number of sites to be analyzed:  63
log likelihood =  -784.3860933081127
Edge derivatives =  [11.294195991614881, 11.716290518435944, 30.670548810427388, 37.603906677198395]
other derivatives: [  6.96651341  14.63145054 -13.15225973  10.38845312 -15.34521061
   6.55682015]
Current x array =  [-0.6425949  -0.58457252 -0.55571715  0.         -2.30258509  0.
 -4.60517019 -4.60517019 -4.60517019 -4.60517019]
log likelihood =  -732.53405861429
Edge derivatives =  [10.557659389862327, 11.527907206061087, 29.238929141089795, 36.945659002784936]
other derivatives: [  5.81657105  13.42687028   9.75111334   4.36281198 -11.69540838
   5.97975713]
Current x array =  [-0.63208561 -0.57509222 -0.7889641   0.1842326  -2.57472264  0.11628103
 -4.40487481 -4.39738923 -4.06124752 -3.93828883]
log likelihood =  -1159.7620964869468
Edge derivatives =  [-0.5265639221559344, 0.4588235194894774, -22.755153812787746, -51.75970181443247]
other derivatives: [-2882.35448807 -2985.40389849 -1273.65728986    15.76202067
   -67.17473298    -5.46542651]
Current x array =  [-0.05       -0.05       -0.05        1.74461337 -5.11951434  1.24852282
 -2.44281353 -2.33570041  1.29290432  2.67633473]
log likelihood =  -598.9001578214546
Edge derivatives =  [4.77883423702163, 6.910808215017311, 16.112959014991596, 7.133813287159297]
other derivatives: [-152.13405504  -38.22849521  -17.87237807  -10.62517185   -2.94687652
   -8.47950332]
Current x array =  [-0.38939095 -0.35616037 -0.48086055  0.83481746 -3.6357476   0.5883577
 -3.58681336 -3.53778909 -1.82888849 -1.18038897]
log likelihood =  -641.7097289447692
Edge derivatives =  [-0.3128139483541709, 0.6863420189273821, -9.208495442850538, -9.995958749197618]
other derivatives: [ 94.32426396 -42.60781452  61.03080068 -11.88277565 -10.21626304
 -29.4330448 ]
Current x array =  [-1.30998011 -0.49370794 -0.70131422  1.48612865 -4.84524958  1.0583871
 -2.63508019 -2.52399712  0.7902905   1.96635338]
log likelihood =  -570.7063212736747
Edge derivatives =  [1.0054785996954878, 2.5260490760700445, 7.849494228080199, -7.396775690449243]
other derivatives: [  5.78419304 -56.15164582  16.39925813 -11.61273531  -3.00601641
 -17.85630275]
Current x array =  [-0.68899945 -0.40092564 -0.55260786  1.04678864 -4.02938364  0.74133018
 -3.27706895 -3.20784746 -0.97646884 -0.15627224]
log likelihood =  -563.8565702671143
Edge derivatives =  [1.4613363837749078, 3.0558626609520623, 10.544558442664522, -3.6299037483187497]
other derivatives: [ 12.15715884  -9.91464049  -1.1961788   -9.87710109  -2.77658501
 -17.21458602]
Current x array =  [-0.71697837 -0.55662389 -0.47136856  0.98631354 -3.99866283  0.67455703
 -3.30221605 -3.22945972 -1.03030735 -0.27120061]
log likelihood =  -560.415421677287
Edge derivatives =  [1.0551397986442757, 2.5700648233237993, 8.50962731296413, -4.279804755548998]
other derivatives: [  7.0572014    1.46937964   0.56903673  -9.15339342  -2.98048235
 -16.995034  ]
Current x array =  [-0.70044599 -0.63316211 -0.47631248  0.96213747 -4.06511905  0.6049427
 -3.25388763 -3.17018004 -0.86396808 -0.15647715]
log likelihood =  -552.0575595559053
Edge derivatives =  [0.508159646045598, 2.014033154056781, 3.8840724761634284, -2.4705715283322927]
other derivatives: [ -4.72863348  17.22412435 -26.1486548   -3.84882242  -3.02850367
 -10.90902515]
Current x array =  [-0.67087356 -0.775589   -0.39042277  0.73374294 -4.21198899  0.15648348
 -3.17362561 -3.04418055 -0.49091833 -0.11900626]
log likelihood =  -550.2926558702602
Edge derivatives =  [0.2720434818632067, 2.025302860582254, -2.2032145926776048, 0.842623091945316]
other derivatives: [-12.9467935   27.29786956  26.27300546  -1.60105174  -2.46827767
  -3.4786126 ]
Current x array =  [-0.62947425 -0.88757686 -0.59540962  0.44087077 -4.31352864 -0.38042192
 -3.14285068 -2.958119   -0.25014135 -0.26156069]
log likelihood =  -546.209209071531
Edge derivatives =  [0.3270549649293792, 2.053406368704369, -0.8847812455093272, 0.9911770331370664]
other derivatives: [-6.11161113 18.49712135  5.71591272 -0.87856051 -2.36552751 -3.98003976]
Current x array =  [-0.65890385 -0.79624526 -0.49290195  0.45858061 -4.32374784 -0.36322403
 -3.14163373 -2.95221384 -0.268695   -0.24670178]
log likelihood =  -544.4755938783719
Edge derivatives =  [0.16551972251000122, 1.8315132251549127, -2.1977524754505287, 0.16830371590254833]
other derivatives: [ -1.51751465   3.56384362 -13.73307441   0.20537527  -2.29481429
  -3.01630507]
Current x array =  [-0.68331025 -0.68709499 -0.42179659  0.42195988 -4.3985598  -0.48256424
 -3.11142393 -2.89256612 -0.18295026 -0.19237195]
log likelihood =  -543.8625862543737
Edge derivatives =  [0.19551564727956025, 1.988365099982801, -2.472561841736015, 0.8749723840836539]
other derivatives: [-0.03485638 -0.17276989 -4.37898962  0.43861519 -1.99145234 -2.0556854 ]
Current x array =  [-0.68715971 -0.66171286 -0.45147659  0.37516821 -4.4167082  -0.57805401
 -3.11576197 -2.87732081 -0.1970908  -0.23978756]
log likelihood =  -543.5756267681295
Edge derivatives =  [0.16682591927771265, 2.055818499751266, -3.038584837950253, 1.0648682329610593]
other derivatives: [ 0.82222869 -2.28033059  1.21491439  0.7616336  -1.72665295 -1.18071739]
Current x array =  [-0.68952526 -0.65056327 -0.4702194   0.32867104 -4.46015865 -0.69382701
 -3.10716883 -2.83821696 -0.18389833 -0.2505542 ]
log likelihood =  -543.3206159213399
Edge derivatives =  [0.15501622690650413, 2.162742589907538, -2.9746345695925442, 1.0050340683161216]
other derivatives: [ 1.20035111 -2.50254288  3.90725745  0.96259782 -1.4043394  -0.60560978]
Current x array =  [-0.690225   -0.65010411 -0.47997388  0.29886325 -4.50879692 -0.79458489
 -3.09844427 -2.7898691  -0.19632207 -0.24886492]
log likelihood =  -542.6599616375136
Edge derivatives =  [0.11294746208263419, 2.4839716626775132, -2.014539589899109, 0.049075553575991915]
other derivatives: [ 1.33155709 -2.40071358  6.38173105  1.14981731 -0.52216365  0.24979272]
Current x array =  [-0.68983492 -0.65272162 -0.48933686  0.25898116 -4.65283502 -1.03143896
 -3.07076558 -2.6291023  -0.26820352 -0.21159983]
log likelihood =  -541.7507544792767
Edge derivatives =  [0.05278455248242816, 3.2894363157442656, -0.663084893999996, -0.9756042218553311]
other derivatives: [-7.82015377 -3.50883056  4.54150495  0.86303089  0.65025461  0.58860223]
Current x array =  [-0.65873368 -0.64746861 -0.48668067  0.25994554 -4.8471242  -1.34026442
 -3.03497575 -2.2959676  -0.42730794 -0.21693734]
log likelihood =  -539.1286123863224
Edge derivatives =  [-0.46750706574712453, 3.6905231634448015, 0.6317084612986219, -1.7764289754697085]
other derivatives: [-2.4855126   2.60181423 -1.88859985  0.44335593  2.78556627  0.17811317]
Current x array =  [-0.67122757 -0.68493175 -0.46780534  0.26083549 -5.44959174 -2.29896632
 -2.91069195 -1.23405253 -0.85764061 -0.20957783]
log likelihood =  -547.5423749576879
Edge derivatives =  [0.23161590002575816, -3.871823693684611, 5.108051463654275, 5.029166364760555]
other derivatives: [-5.81652557  0.97655857 -0.18181936 -1.13591341  3.78181539  0.04663434]
Current x array =  [-0.64660194 -0.6859278  -0.45664833  0.27032641 -6.42921763 -3.99823795
 -2.71821314  0.73577328 -1.65875908 -0.29288529]
log likelihood =  -538.7983633131572
Edge derivatives =  [-0.5655849998762924, 2.875527919300033, 0.7674994414767791, -1.2131816490379475]
other derivatives: [-3.01711225  2.5144459  -2.4244855   0.32172238  3.03294883  0.11226575]
Current x array =  [-0.66834315 -0.68504842 -0.46649851  0.26194717 -5.56433618 -2.4980035
 -2.88814674 -1.0033251  -0.95147632 -0.2193357 ]
log likelihood =  -540.8536033943229
Edge derivatives =  [-0.605325608268396, -0.39869028493553893, 0.7206525337882377, -3.8313790234678424]
other derivatives: [ 21.50740102 -16.29373401  20.8537358   -3.10358246   2.6634666
   0.06826895]
Current x array =  [-0.76228311 -0.58633942 -0.536411    0.46902362 -5.41950021 -2.50518483
 -2.92482366 -0.55622044 -1.18924269 -0.05099522]
log likelihood =  -538.5252026750584
Edge derivatives =  [-0.6080363154246186, 2.205508477266921, 0.666620023063916, -1.9302154069119772]
other derivatives: [ 4.13429007 -1.67190137  3.77606284 -0.6113396   2.95310656  0.08806182]
Current x array =  [-0.69236721 -0.65980473 -0.48437782  0.31490458 -5.52729605 -2.49984004
 -2.89752644 -0.88898325 -1.01228232 -0.17628457]
log likelihood =  -538.1985529311926
Edge derivatives =  [-0.5963836692839575, 1.4469820329024445, 1.0376692226673994, -1.099690487888085]
other derivatives: [ 0.86821501 -1.93921323  3.74757292 -1.02129434  2.926663    0.04474714]
Current x array =  [-0.67967787 -0.65772929 -0.48515299  0.34874684 -5.49491514 -2.51552529
 -2.90908167 -0.76851882 -1.07548287 -0.21578032]
log likelihood =  -537.4104726437939
Edge derivatives =  [-0.47314479082378585, 1.1053147003248212, 1.7909247163677895, 0.5853720036346852]
other derivatives: [-2.52466634 -1.81158839  2.92578761 -1.79065864  2.31035528 -0.06605205]
Current x array =  [-0.66626241 -0.65260854 -0.48541805  0.42587283 -5.16388818 -2.26215153
 -2.99434569 -0.74712817 -1.11526981 -0.32912806]
log likelihood =  -536.5927046327286
Edge derivatives =  [-0.40654791101108784, 0.5381163451297235, 1.4953608921017585, 1.392168463888492]
other derivatives: [-3.05516323 -3.14041699 -0.15378419 -1.4242687   0.6721848  -0.22541826]
Current x array =  [-0.6658203  -0.64079672 -0.47673704  0.42037171 -4.64504832 -1.95569856
 -3.12793062 -0.73129302 -1.06651793 -0.41852602]
log likelihood =  -537.5404039666656
Edge derivatives =  [-0.5102227524515937, -1.1698638421228795, -0.28944391569587063, -0.6533997594817931]
other derivatives: [-1.3757699  13.57593646 13.14791689 -1.15048806 -1.20994628 -0.28728664]
Current x array =  [-0.66671922 -0.76449568 -0.52616493  0.37029488 -4.34116189 -1.91295102
 -3.22343153 -0.55622491 -0.98392626 -0.32312004]
log likelihood =  -536.4575600251079
Edge derivatives =  [-0.4326609987417593, 0.13840529236354007, 1.0778169479578046, 0.9356637140802475]
other derivatives: [-2.57327883  1.72321961  3.42840849 -1.33508138  0.25132749 -0.24577957]
Current x array =  [-0.66605294 -0.67280906 -0.4895286   0.40741221 -4.56640486 -1.94463583
 -3.15264552 -0.68598675 -1.04514384 -0.39383569]
log likelihood =  -536.2816448473374
Edge derivatives =  [-0.47577667005229807, -0.03531765402329834, 0.37947682585223547, 0.27632864693866005]
other derivatives: [ 0.17840875  0.82118277 -0.75109483 -0.33800234 -0.16813146 -0.20580728]
Current x array =  [-0.67842691 -0.66931096 -0.4726013   0.3409096  -4.51020332 -1.98088026
 -3.17262976 -0.66975122 -0.9895126  -0.36606772]
log likelihood =  -536.2561288015513
Edge derivatives =  [-0.5089722311946518, -0.007244511714129598, 0.015508059893571569, -0.0887219275523793]
other derivatives: [ 0.11625616  0.25735289 -0.47155027  0.00728733 -0.05113634 -0.15411388]
Current x array =  [-0.6788417  -0.66746514 -0.47350205  0.30738212 -4.55049493 -2.03338865
 -3.16892473 -0.67308811 -0.9655736  -0.34757858]
log likelihood =  -536.2404509800954
Edge derivatives =  [-0.5051863733558779, -0.06633105479208906, -0.07372919945090273, 0.08057021026609043]
other derivatives: [ 0.10491021 -0.08475354  0.31440095  0.2169827  -0.06417622 -0.13789077]
Current x array =  [-0.67864812 -0.66497713 -0.47734763  0.28657539 -4.54661072 -2.05850456
 -3.19711646 -0.66999983 -0.95867788 -0.35956665]
log likelihood =  -536.2164327098316
Edge derivatives =  [-0.48553997156579204, -0.20212676665554657, -0.09477429025357731, 0.2109167928956847]
other derivatives: [ 0.24092515 -0.35531684  0.87291028  0.4089884  -0.01581384 -0.11715429]
Current x array =  [-0.67897098 -0.66326468 -0.48015805  0.26643568 -4.55864199 -2.11690794
 -3.25297181 -0.65101551 -0.95965748 -0.36436311]
log likelihood =  -536.1648715481895
Edge derivatives =  [-0.4113147705741178, -0.3600013070964216, -0.2827217906803052, -0.016369789191737878]
other derivatives: [-2.0077664  -1.73691888  2.53214694  0.65112999 -0.14093757 -0.08528787]
Current x array =  [-0.67157909 -0.65591609 -0.48822496  0.23908105 -4.53919494 -2.22974705
 -3.45324437 -0.63275764 -0.95492821 -0.35950371]
log likelihood =  -536.0838950575118
Edge derivatives =  [-0.3176238460924094, -0.4600663658279593, -0.04279953122908364, 0.18797996042295267]
other derivatives: [-0.97119255 -1.26252644  2.2903123   0.88217575  0.02281695 -0.06247092]
Current x array =  [-0.67483623 -0.65821025 -0.48832278  0.2176871  -4.57490795 -2.39969926
 -3.68530721 -0.60468105 -0.96722195 -0.35826053]
log likelihood =  -535.9286741256611
Edge derivatives =  [-0.16949892397738892, -0.2328479610392814, 0.33227055196947813, 0.252160093256974]
other derivatives: [-2.08490292 -0.11687007  0.80440259  0.92614982  0.08848247 -0.04026788]
Current x array =  [-0.67126105 -0.66462128 -0.48407716  0.22366051 -4.58303068 -2.68365745
 -4.22991987 -0.61135271 -0.97597527 -0.35369562]
log likelihood =  -536.0376031408796
Edge derivatives =  [-0.0490467658755748, -0.13551408324782893, 0.554698641521476, -0.6690679057404954]
other derivatives: [ 9.30671149 -3.09109964  7.00758847 -0.45189381 -0.15730848 -0.01592753]
Current x array =  [-0.71165142 -0.64477555 -0.50228355  0.32523456 -4.50146902 -3.21605753
 -5.48057667 -0.63595551 -1.00002953 -0.32213262]
log likelihood =  -535.8525869341039
Edge derivatives =  [-0.10467938676309911, -0.1882476424337926, 0.4400976414777643, -0.08817671532001098]
other derivatives: [ 2.44687044e+00 -1.21269750e+00  3.16506430e+00  4.08715550e-01
 -1.25055521e-04 -2.97404767e-02]
Current x array =  [-0.68667929 -0.65704556 -0.4910271   0.26243444 -4.55189609 -2.8868909
 -4.70733395 -0.62074436 -0.98515752 -0.34164705]
log likelihood =  -535.7648186942176
Edge derivatives =  [-0.06127712697021075, 0.1212354785192224, 0.5028640206398414, -0.29005708117062934]
other derivatives: [ 0.86456566 -0.17794264  0.57307261  0.30983074 -0.09207497 -0.01707576]
Current x array =  [-0.6820564  -0.66395026 -0.48078358  0.28532573 -4.53145219 -3.1148284
 -5.20905258 -0.64696878 -0.9766776  -0.33141378]
log likelihood =  -535.7329522191774
Edge derivatives =  [-0.03679824693828874, 0.24549791298393797, 0.4684999333642119, -0.3594449519375841]
other derivatives: [ 0.03894911  0.16701733 -0.43143018  0.18886794 -0.14781563 -0.00728733]
Current x array =  [-0.67963751 -0.66649675 -0.4766668   0.30214047 -4.51725376 -3.35928851
 -5.71951798 -0.659221   -0.96964308 -0.32965284]
log likelihood =  -535.709651060723
Edge derivatives =  [-0.02194440071889627, 0.21881463134272489, 0.32126333517151373, -0.2720295730087301]
other derivatives: [-1.81785254e-01  1.69052328e-01 -6.45331966e-01  8.65497896e-02
 -1.33411504e-01 -2.04636308e-04]
Current x array =  [-0.67905318 -0.66688228 -0.47532122  0.31240048 -4.5174225  -3.64063605
 -6.26502188 -0.65846997 -0.95914647 -0.33517357]
log likelihood =  -535.7219816922938
Edge derivatives =  [-0.01298834931208487, -0.01861837252579962, -0.06830812462749847, -0.10411500624388771]
other derivatives: [-0.81270173  2.12388613  2.42015403 -0.33943479  0.0349246   0.00376303]
Current x array =  [-0.67555889 -0.68064629 -0.4851149   0.33589046 -4.5502895  -3.97261315
 -6.86519459 -0.6389125  -0.93897176 -0.34201027]
log likelihood =  -535.7031150960989
Edge derivatives =  [-0.018106190422876405, 0.13229188831268968, 0.17936140198386652, -0.20904388659929518]
other derivatives: [-0.41544581  0.89675041  0.49377604 -0.06992877 -0.07041763  0.0016712 ]
Current x array =  [-0.67776617 -0.67195181 -0.47892841  0.32105226 -4.52952801 -3.76290916
 -6.48607623 -0.6512666  -0.95171577 -0.33769165]
log likelihood =  -535.6898559763519
Edge derivatives =  [-0.010748545889313316, -0.003598136740006419, -0.03783875257430036, 0.0010277775843318543]
other derivatives: [-0.08644747  0.11602879 -0.10437589 -0.07435119 -0.0253408   0.004502  ]
Current x array =  [-0.67928965 -0.66730108 -0.4760883   0.32256494 -4.53742829 -4.06495259
 -7.04485761 -0.64058559 -0.93837795 -0.34894405]
log likelihood =  -535.6882929302463
Edge derivatives =  [-0.008575934587791269, -0.03388231757986804, -0.09179042968678786, 0.044658750939637365]
other derivatives: [-0.01222134 -0.04936282 -0.09445102 -0.06212986 -0.01177796  0.00493401]
Current x array =  [-0.67959729 -0.66633893 -0.47605174  0.32132528 -4.540077   -4.19191127
 -7.28127834 -0.63815449 -0.9355351  -0.35141615]
log likelihood =  -535.6865837524756
Edge derivatives =  [-0.006102676372992897, -0.025390000629160747, -0.09098929153838398, 0.0705938927585771]
other derivatives: [ 0.05716174 -0.09877112 -0.04230287 -0.02194156  0.00216005  0.00494538]
Current x array =  [-0.67983548 -0.66596724 -0.47640803  0.31792114 -4.54266649 -4.37443479
 -7.62492069 -0.63854265 -0.93585766 -0.35262429]
log likelihood =  -535.686531726295
Edge derivatives =  [-0.003756395101240291, -0.033851901776527304, -0.03688917143984394, -0.06928368428390387]
other derivatives: [-5.84668669e-01 -5.29507815e-01  3.35478489e-01 -1.79056769e-02
  2.95585778e-04  4.47926141e-03]
Current x array =  [-0.6776716  -0.66362856 -0.47810608  0.31623273 -4.54381456 -4.63064594
 -8.11217341 -0.63581836 -0.94370997 -0.34696639]
log likelihood =  -535.6858958495094
Edge derivatives =  [-0.0047759417789136165, -0.029467854211601974, -0.06388080098064097, -1.3525799564609309e-05]
other derivatives: [-0.26689122 -0.31623131  0.14874786 -0.01978151  0.00126192  0.00472937]
Current x array =  [-0.67874161 -0.664785   -0.47726642  0.31706762 -4.54324686 -4.50395331
 -7.87123413 -0.63716548 -0.93982712 -0.34976414]
log likelihood =  -535.6847104146227
Edge derivatives =  [-0.0031003386388208888, -0.003777121440444009, -0.009800207324461518, 0.004172327343716045]
other derivatives: [ 0.02781917 -0.06343726  0.05011316  0.0156092   0.01057288  0.00409273]
Current x array =  [-0.67971934 -0.66621419 -0.47699823  0.31477486 -4.54521552 -4.72877331
 -8.29842416 -0.63763288 -0.9426268  -0.34858945]
log likelihood =  -535.6845456304447
Edge derivatives =  [-0.0025254255267217834, 0.0037393365070955698, 0.008336313344864954, -0.0069338818046844886]
other derivatives: [0.03287823 0.0048999  0.02090701 0.01705303 0.01173248 0.00379714]
Current x array =  [-0.67973394 -0.66664612 -0.47690371  0.31489861 -4.54553122 -4.83524713
 -8.50230307 -0.63764076 -0.94386396 -0.34772812]
log likelihood =  -535.6844692408118
Edge derivatives =  [-0.0021333226722517243, 0.00720446244123546, 0.011597658636645636, -0.012724319394994604]
other derivatives: [0.01692797 0.02365823 0.00197815 0.0108912  0.01018634 0.00358114]
Current x array =  [-0.67968751 -0.66678298 -0.47681345  0.31561598 -4.54509843 -4.92313438
 -8.67156042 -0.637797   -0.9442081  -0.34744958]
log likelihood =  -535.6844235132013
Edge derivatives =  [-0.0018204875895666015, 0.009207879152953846, 0.008927341539389455, -0.009552955254376466]
other derivatives: [0.03966534 0.01131184 0.0332534  0.00176215 0.00329692 0.00341061]
Current x array =  [-0.67976455 -0.66668884 -0.47691125  0.3164796  -4.54318023 -5.00515418
 -8.83145545 -0.63829711 -0.94422903 -0.3478968 ]
log likelihood =  -535.6847673800147
Edge derivatives =  [-0.0015165571485709947, 0.002560504073615022, -0.013642198056504684, 0.039372447009879255]
other derivatives: [-0.32870275  0.061425   -0.25244162  0.00389946 -0.00400178  0.00320597]
Current x array =  [-0.67855847 -0.66706177 -0.47590043  0.31756666 -4.54126948 -5.10014576
 -9.0153045  -0.63790231 -0.94219107 -0.35042567]
log likelihood =  -535.6844129747017
Edge derivatives =  [-0.0017725150102749028, 0.008238618295072442, 0.0056138225189219515, -0.0024032577379728137]
other derivatives: [-0.01414264  0.0186219  -0.0084583   0.00209184  0.00223963  0.00336513]
Current x array =  [-0.67958815 -0.66674339 -0.47676341  0.31663859 -4.54290077 -5.01904735
 -8.85834463 -0.63823936 -0.94393097 -0.34826667]
log likelihood =  -535.6844086653771
Edge derivatives =  [-0.0017332204764791417, 0.006689778661347789, 0.0022287490570206403, 5.621067589169082e-05]
other derivatives: [-0.00652562  0.00442242 -0.000216   -0.00046612  0.0003979   0.0033765 ]
Current x array =  [-0.67961634 -0.66665263 -0.4767834   0.31685453 -4.54239588 -5.03073452
 -8.88139497 -0.63823657 -0.94377854 -0.34849238]
log likelihood =  -535.6844069895016
Edge derivatives =  [-0.00175119637416464, 0.004255713079793111, 4.233259486186025e-05, 0.0004431078458183857]
other derivatives: [-0.00037517 -0.00368345  0.00238742 -0.00159162 -0.00028422  0.00336513]
Current x array =  [-0.67963931 -0.66660651 -0.47678258  0.31692501 -4.54226361 -5.02538767
 -8.87140008 -0.63804718 -0.94368281 -0.34853888]
log likelihood =  -535.6844058313416
Edge derivatives =  [-0.0017575034657983783, 0.0015713114368310355, -0.0015898679966217522, 0.0005718467053667797]
other derivatives: [ 0.00030695 -0.0037403   0.00458158 -0.00275122 -0.00108002  0.0033765 ]
Current x array =  [-0.67964168 -0.66661311 -0.4767809   0.31700652 -4.54212078 -5.02343886
 -8.86807404 -0.63779429 -0.94362698 -0.34855132]
      fun: 535.6844058313416
 hess_inv: <10x10 LbfgsInvHessProduct with dtype=float64>
      jac: array([-0.00030695,  0.0037403 , -0.00458158,  0.00275122,  0.00108002,
       -0.0033765 ,  0.0017575 , -0.00157131,  0.00158987, -0.00057185])
  message: b'CONVERGENCE: REL_REDUCTION_OF_F_<=_FACTR*EPSMCH'
     nfev: 55
      nit: 45
   status: 0
  success: True
        x: array([-0.67964168, -0.66661311, -0.4767809 ,  0.31700652, -4.54212078,
       -5.02343886, -8.86807404, -0.63779429, -0.94362698, -0.34855132])
