number of sites to be analyzed:  229
log likelihood =  -3888.710101701593
Edge derivatives =  [70.37534413749718, 35.57000871718024, 148.9290366886582, 189.0088312193165]
other derivatives: [  28.53207661   42.8030944     1.03982529  -17.6987669  -112.36570572
   35.83081707]
Current x array =  [-0.69810852 -0.67517047 -0.40691459  0.74193734 -0.10536052 -0.51082562
 -4.60517019 -4.60517019 -4.60517019 -4.60517019]
log likelihood =  -3617.7029204874625
Edge derivatives =  [65.43681252958491, 35.03020417599857, 145.89859797867445, 188.8712481642665]
other derivatives: [ 37.9584435   47.95215318  -5.93877303 -16.04507816 -80.63843779
  32.36505108]
Current x array =  [-0.6957747  -0.67291925 -0.40562935  0.67820455 -0.5099865  -0.48377934
 -4.3517504  -4.47708351 -4.0688806  -3.92455431]
log likelihood =  -2782.9104364732884
Edge derivatives =  [41.273331156273855, 24.95441624183653, 112.58153124738492, 115.50865692900624]
other derivatives: [ 56.60112947  51.78230822 -23.16946848  -9.55005817  48.15628927
   7.69023245]
Current x array =  [-0.68643941 -0.66391436 -0.40048839  0.42327335 -2.12849042 -0.37559419
 -3.33807128 -3.96473681 -1.92372227 -1.20209078]
log likelihood =  -8019.916240390686
Edge derivatives =  [-2.3617419919824764e-14, -8.786242558589994e-15, -2.4285222866023737e-12, -7.883676952807683e-12]
other derivatives: [-25047.61350792 -15719.5425345     673.91893026    147.56960809
    195.74908947    341.92198655]
Current x array =  [-0.05       -0.05       -1.31101896 -0.15713396 -1.57847949 -0.51827748
 -0.90176008 -2.57399222  4.21451081  5.52256992]
log likelihood =  -2717.6731425147927
Edge derivatives =  [-1.2504214486233665, 3.9978525685931174, -39.973369835603606, -151.83064801792068]
other derivatives: [-361.81190808 -260.0660082   234.17696866   28.80506145  -89.15831131
    0.73487172]
Current x array =  [-0.50989614 -0.49361936 -0.65306239  0.26227294 -1.97592173 -0.41517341
 -2.66225777 -3.57895523 -0.22102485  0.66327703]
log likelihood =  -2627.7980156048325
Edge derivatives =  [20.907812168874404, 14.94747778368092, 72.84864085676392, 18.56585848016658]
other derivatives: [-68.58545021 -29.5594873   76.05949577  -2.16659828   7.94052539
  -3.52824827]
Current x array =  [-0.60323762 -0.58365727 -0.51952215  0.34739664 -2.05658743 -0.39424719
 -3.01957204 -3.78292461 -1.12127037 -0.32297514]
log likelihood =  -2672.6852621467897
Edge derivatives =  [1.5846477011887412, 4.444393118498356, -34.563183662984024, -103.76334362907222]
other derivatives: [ 205.65407794    8.39672794 -499.43037084   23.56755431 -103.93969205
   -8.11405698]
Current x array =  [-0.94486032 -0.73695691 -0.2150774   0.25171278 -2.21788068 -0.43481908
 -2.56788118 -3.52016567  0.05498892  0.71826998]
log likelihood =  -2588.8762331343314
Edge derivatives =  [11.803579388552642, 9.566954369605497, 39.72931268790392, -25.115936338557262]
other derivatives: [ 63.91283023 -12.18295438  -7.08005246  10.30439307 -19.84735718
  -8.67939889]
Current x array =  [-0.74922882 -0.6491693  -0.38941881  0.30650649 -2.12551551 -0.41158544
 -2.82654362 -3.67063555 -0.6186003   0.12199712]
log likelihood =  -2580.552408145026
Edge derivatives =  [7.66635737886384, 7.56318296842957, 11.501728119038985, -32.13716775520816]
other derivatives: [-60.40113476  12.08804861 -57.94113349  13.60804163 -23.65491127
  -9.56038093]
Current x array =  [-0.65253483 -0.71592941 -0.3531484   0.31385382 -2.27496806 -0.43676033
 -2.71513598 -3.60215997 -0.32530187  0.25259908]
log likelihood =  -2575.018847944134
Edge derivatives =  [7.6054610211489555, 7.52852896892847, 7.750462881725313, -20.981327839050635]
other derivatives: [-20.79887054  15.84221536  21.17881195   8.00760063 -10.05719241
  -9.18516889]
Current x array =  [-0.67952805 -0.72306338 -0.4015636   0.33200478 -2.39003006 -0.44835702
 -2.68351452 -3.5812409  -0.26209573  0.23430364]
log likelihood =  -2572.687457796576
Edge derivatives =  [8.067135315209612, 7.710750493404273, 6.359582675803196, -5.41647394776764]
other derivatives: [12.69631866 18.94800334  0.79271558  4.82355063  4.63646757 -8.87566785]
Current x array =  [-0.70867747 -0.72925846 -0.3799399   0.35382135 -2.52432722 -0.46555911
 -2.64790394 -3.55603471 -0.19758678  0.19510946]
log likelihood =  -2571.34941268927
Edge derivatives =  [7.2698638798062785, 7.473783429656434, -2.8935844258618535, -3.668075644605383]
other derivatives: [ 4.60504452 -3.29855538  5.999118    3.13148121  4.25666258 -7.96453605]
Current x array =  [-0.70409792 -0.69667913 -0.38197916  0.37349576 -2.53686268 -0.49712304
 -2.60785006 -3.52268968 -0.12470341  0.18021469]
log likelihood =  -2570.364024371752
Edge derivatives =  [7.136626352392408, 7.560578176023168, -7.039888716396246, -0.4407911796153281]
other derivatives: [-1.96878318 -7.59428076  2.31866579  1.98792804  3.2105163  -6.8197096 ]
Current x array =  [-0.69823047 -0.69043929 -0.3795918   0.39673516 -2.51061388 -0.5390143
 -2.57186476 -3.48550442 -0.10612226  0.13765184]
log likelihood =  -2567.9188332182675
Edge derivatives =  [7.250166748052327, 8.096658679114878, -12.92077530842875, 7.268352620034019]
other derivatives: [-9.53714334 -8.41519068 -4.06021172 -1.64459379 -0.62182153 -3.31351657]
Current x array =  [-0.68897886 -0.68721711 -0.37634042  0.46680603 -2.40897842 -0.68224906
 -2.4453463  -3.34958515 -0.1144442   0.01958178]
log likelihood =  -2564.226604065567
Edge derivatives =  [7.019493174788384, 8.687996976877503, -13.090071223141331, 10.227973414562346]
other derivatives: [-13.10127118 -11.71711119  -5.59789441  -6.2491381   -1.62053766
   0.72723196]
Current x array =  [-0.68353464 -0.68173285 -0.37488733  0.53955911 -2.34068525 -0.89427592
 -2.20349719 -3.09520359 -0.17196688 -0.05986639]
log likelihood =  -2562.344253726865
Edge derivatives =  [-13.138159205601466, 3.775300408145104, -27.382607080575244, 8.545768091811667]
other derivatives: [-19.60520422  28.2333076   38.07754183  -7.80096343 -14.1745204
   7.18032425]
Current x array =  [-0.68021444 -0.77014611 -0.39575999  0.6187337  -2.25781728 -1.60416428
 -1.12500958 -1.95424826 -0.19994466 -0.19904546]
log likelihood =  -2559.118105499727
Edge derivatives =  [2.4022463297311027, 7.963754027612905, -19.98292151478913, 9.825147054045916]
other derivatives: [-14.46501301   8.17676664  12.54675226  -7.40546966  -5.18348315
   4.41154953]
Current x array =  [-0.68206074 -0.72098127 -0.38415312  0.5747063  -2.3038985  -1.20940963
 -1.72473487 -2.58871059 -0.18438678 -0.12165077]
log likelihood =  -2560.2947293795796
Edge derivatives =  [-19.58872688984056, 1.5896954694364438, -4.955312280391926, 10.481080743270097]
other derivatives: [-17.77411853 -30.73369044  -8.64606591  -7.48941602  -9.15297278
   7.98663677]
Current x array =  [-0.68334281 -0.66771396 -0.36747378  0.58663245 -2.19513629 -1.69229448
 -0.9836351  -1.72985309 -0.51477541 -0.26494752]
log likelihood =  -2555.875214652415
Edge derivatives =  [-4.562781106176882, 6.311106465835331, -12.379156063799387, 8.716577486624555]
other derivatives: [-14.76300895  -8.25075404   1.54323061  -7.82883944  -5.12263796
   6.25527719]
Current x array =  [-0.68267736 -0.69536193 -0.37613106  0.58044228 -2.25158843 -1.44165702
 -1.36829692 -2.1756361  -0.34328988 -0.19057051]
log likelihood =  -2553.3085704986433
Edge derivatives =  [-2.9900848810065654, 6.519921036984144, -2.761505864421097, 4.891752950831672]
other derivatives: [-4.91299943 -0.67643668 -3.83952283 -3.96457835 -0.38153303  5.83431756]
Current x array =  [-0.69163754 -0.70459672 -0.37312079  0.51174898 -2.30103612 -1.40162507
 -1.40139425 -2.09666525 -0.42865863 -0.13334926]
log likelihood =  -2551.673432025609
Edge derivatives =  [-3.255227563682045, 5.711742255552777, 3.0461036492417626, -2.6718699273897952]
other derivatives: [ 6.99642442  4.43060344 -2.32284947  1.77387847 -0.15097612  5.19548848]
Current x array =  [-0.70481713 -0.71314971 -0.37462739  0.41965302 -2.34054983 -1.35132464
 -1.39767465 -1.89828771 -0.49914149 -0.05191096]
log likelihood =  -2551.1710633007588
Edge derivatives =  [-2.7970031196569365, 4.925472433237572, 6.986645559338276, -2.525211906973863]
other derivatives: [-18.22591003   8.11005521   7.77349669   3.78117875   6.33071977
   4.32883098]
Current x array =  [-0.6826537  -0.7211805  -0.38280008  0.37640491 -2.41025952 -1.27599701
 -1.42034791 -1.73140855 -0.54320561 -0.02818936]
log likelihood =  -2550.3394875628373
Edge derivatives =  [-2.4552569457171445, 4.335563471130778, 6.681999641133308, -4.6461287345284905]
other derivatives: [-2.28792487  2.21007213  7.02484613  4.7717549   4.61104719  3.48991307]
Current x array =  [-0.69761953 -0.7103668  -0.38200391  0.35568064 -2.40492566 -1.21374987
 -1.46405492 -1.65316065 -0.54103977 -0.01149829]
log likelihood =  -2549.0343269466457
Edge derivatives =  [-2.5187603872186872, 2.0277981767551108, 3.356020138651911, -5.572811111362391]
other derivatives: [ 9.97006282 -3.86930878 -7.34357855  5.93508958  0.94723873  1.18061507]
Current x array =  [-0.71101508 -0.7010287  -0.37143878  0.34176854 -2.38776603 -1.07677027
 -1.54679505 -1.44535801 -0.50696626 -0.01422858]
log likelihood =  -2548.5604656292435
Edge derivatives =  [-2.130897778177487, 0.0315772125491629, -0.9826818902496472, -1.9431412749510981]
other derivatives: [ 19.95240382 -10.55532266  22.38566594   2.4894689    0.16898412
  -1.26774466]
Current x array =  [-0.71745828 -0.68854557 -0.39223694  0.3781533  -2.35354097 -0.94784932
 -1.6596137  -1.3256386  -0.4613017  -0.06854327]
log likelihood =  -2548.077374459187
Edge derivatives =  [-1.3567920843695525, 0.6188942089961438, -1.888758054272308, 0.08089869747745071]
other derivatives: [ 6.64476829 -3.60087142 -5.74409569  2.10866347 -0.1765784  -1.93949745]
Current x array =  [-0.70533067 -0.69988703 -0.37243893  0.40278011 -2.34708638 -0.91910923
 -1.70580313 -1.34374642 -0.44048598 -0.08645688]
log likelihood =  -2547.9772693167833
Edge derivatives =  [-1.7522216217687345, 0.31621421712435915, -0.662948809973152, 1.1507770816661904]
other derivatives: [ 0.47843969 -1.56851456 -3.12456905  1.27270141  0.80749487 -1.32931746]
Current x array =  [-0.69892432 -0.70362065 -0.37416875  0.41508476 -2.34464397 -0.95415274
 -1.67451788 -1.3218057  -0.46174213 -0.09893897]
log likelihood =  -2547.933311521534
Edge derivatives =  [-1.5134712901503746, 0.6034408647326097, -0.4467874928901853, 1.0953444610117895]
other derivatives: [-2.15536602 -0.34069672  0.49139999  0.47148205  0.47648427 -1.27529347]
Current x array =  [-0.6956345  -0.70512576 -0.37700915  0.42756344 -2.33352119 -0.95854918
 -1.6909254  -1.33758217 -0.46574701 -0.10248074]
log likelihood =  -2547.896905291129
Edge derivatives =  [-1.3444858625775817, 0.37601828906567614, 0.09690480248589506, 0.5955631562005778]
other derivatives: [-2.95467544  1.09112079  2.04854587 -0.01291482 -0.23474058 -1.42872523]
Current x array =  [-0.69434271 -0.70724191 -0.37826007  0.43584601 -2.3220176  -0.95665007
 -1.71149596 -1.31707362 -0.47565408 -0.10228403]
log likelihood =  -2547.852372003637
Edge derivatives =  [-1.010298972513942, 0.4069211388617291, 0.8992268272869687, -0.03480063407833467]
other derivatives: [-2.65495146 -0.08776624  1.50794222 -0.6731625  -0.61290848 -1.36701601]
Current x array =  [-0.69420388 -0.70492765 -0.37795902  0.4459056  -2.31299784 -0.96717768
 -1.74246616 -1.30791993 -0.48584669 -0.09936603]
log likelihood =  -2547.8553686546566
Edge derivatives =  [-0.15554045007813994, 0.6943850156751948, 2.558336068048743, -0.32291410083773314]
other derivatives: [ 8.11141945  8.65711627  1.45819286 -1.10221663 -0.52837095 -1.11367626]
Current x array =  [-0.70291409 -0.71865834 -0.37714972  0.45134636 -2.31207348 -1.00265947
 -1.8120498  -1.28155176 -0.49280507 -0.08872759]
log likelihood =  -2547.8173956782102
Edge derivatives =  [-0.5798130422060768, 0.549769438846613, 1.713814894681781, -0.1678107004088446]
other derivatives: [ 2.63753464  4.22942321  1.47783794 -0.88348315 -0.56415956 -1.24132384]
Current x array =  [-0.69844857 -0.71161894 -0.37756463  0.44855701 -2.31254738 -0.98446879
 -1.77637589 -1.2950701  -0.48923767 -0.09418167]
log likelihood =  -2547.767135015072
Edge derivatives =  [-0.36510207344883494, 0.38018462476261994, 1.9175943267672553, -0.5003145347917777]
other derivatives: [ 3.24889697  1.47570063 -0.67902874 -1.11645022 -0.56497811 -1.13436727]
Current x array =  [-0.6992131  -0.70718452 -0.37592274  0.45176322 -2.31204097 -0.99988342
 -1.81067826 -1.27361098 -0.48970347 -0.0913307 ]
log likelihood =  -2547.6974036725387
Edge derivatives =  [-0.10484456135119757, 0.1534704334375897, 1.6522753244668136, -0.9850215791163304]
other derivatives: [ 2.95467544 -1.34241418 -2.75672392 -0.84546627 -0.32696335 -0.819864  ]
Current x array =  [-0.69956629 -0.70322941 -0.37431508  0.44758257 -2.31898089 -1.03416449
 -1.86613044 -1.24247472 -0.48033808 -0.08414779]
log likelihood =  -2547.6423276207893
Edge derivatives =  [0.07415708406431393, -0.08902296890768979, 0.7980587588960646, -0.9173905942793908]
other derivatives: [ 1.09180291 -1.74654815 -1.91325853 -0.36966412 -0.00577529 -0.46488822]
Current x array =  [-0.69829308 -0.70333817 -0.37483724  0.44029583 -2.32673533 -1.07343151
 -1.9222837  -1.21245877 -0.4635562  -0.08189708]
log likelihood =  -2547.62849815709
Edge derivatives =  [0.015548863771455812, -0.0168629880461183, 0.1880528731187312, 0.5910748923499827]
other derivatives: [ 1.66392056 -1.31253728 -2.29620127 -0.45320121  0.65801942  0.08280949]
Current x array =  [-0.69868278 -0.70403616 -0.3743757   0.44067697 -2.32849392 -1.12049638
 -1.93206583 -1.2066981  -0.45379941 -0.09503848]
log likelihood =  -2547.6506827014277
Edge derivatives =  [0.038805555360095986, -0.06278513152175469, -0.8357849633060961, -0.8915182834089129]
other derivatives: [-4.15416253  2.3481789   3.40846782  0.81863618 -0.80713107  0.12983037]
Current x array =  [-0.69357719 -0.71045096 -0.37924555  0.42532171 -2.32204097 -1.12988682
 -1.96113774 -1.20482009 -0.44368454 -0.08568636]
log likelihood =  -2547.6208529619053
Edge derivatives =  [0.02420038947592816, -0.03134240638216712, -0.1525546000597392, 0.09615802170375509]
other derivatives: [-0.2752131  -0.07416929 -0.3653895  -0.0261025   0.16852937  0.09813448]
Current x array =  [-0.69696664 -0.70619237 -0.3760126   0.43551561 -2.32632489 -1.12365279
 -1.94183776 -1.20606684 -0.4503995  -0.09189496]
log likelihood =  -2547.6197374664152
Edge derivatives =  [0.0018976944739414886, -0.009646006804410523, -0.01608447325188267, -0.051810016966367]
other derivatives: [ 0.05029506 -0.06089067  0.26393536 -0.06089067  0.08403731  0.00968612]
Current x array =  [-0.69719518 -0.70610199 -0.37648424  0.43578459 -2.32540572 -1.11396989
 -1.93349663 -1.21057304 -0.45301581 -0.09090503]
log likelihood =  -2547.6200269807196
Edge derivatives =  [0.0010577710529048462, 0.027003100216196008, 0.02427502659884756, -0.07442299280899267]
other derivatives: [-0.42546162  0.24601832 -0.76365723 -0.02228262 -0.0165528  -0.02173692]
Current x array =  [-0.69678154 -0.70656691 -0.3758292   0.43601964 -2.32436482 -1.11073152
 -1.93052175 -1.21333456 -0.45391231 -0.09108885]
log likelihood =  -2547.6196828582847
Edge derivatives =  [0.0016645070195910466, 0.0008183489168382962, -0.004565040331673931, -0.05822677584742264]
other derivatives: [-0.08508323  0.02660272 -0.02833076 -0.04988578  0.0554337   0.00077307]
Current x array =  [-0.69707737 -0.7062344  -0.37629767  0.43585154 -2.32510926 -1.11304755
 -1.93264934 -1.21135957 -0.45327114 -0.09095739]
log likelihood =  -2547.6196524237375
Edge derivatives =  [-0.005167155889997971, 0.0017504033606425828, -0.013489622086493958, -0.03906878689052784]
other derivatives: [-0.06766641  0.03747118  0.01427907 -0.04874892  0.04192771  0.00154614]
Current x array =  [-0.69708371 -0.70623427 -0.37633557  0.43583604 -2.3248226  -1.11293507
 -1.93178325 -1.21170512 -0.45334394 -0.09128872]
log likelihood =  -2547.6196167240196
Edge derivatives =  [-0.012533870750185708, -0.0003122677634558313, -0.04418446713915952, -0.026991099506968874]
other derivatives: [ 0.05848051  0.01364242 -0.02805791 -0.00209184 -0.00763976  0.00027285]
Current x array =  [-0.69720734 -0.70615319 -0.37633228  0.43518948 -2.32427758 -1.1127682
 -1.93128816 -1.21193634 -0.45325807 -0.09171807]
log likelihood =  -2547.6195966070964
Edge derivatives =  [-0.010530666036382322, -0.00066787337565688, -0.02267092205438781, -0.00048303484062894864]
other derivatives: [ 0.00727596  0.02173692  0.02000888 -0.01118678 -0.00336513  0.00272848]
Current x array =  [-0.69713758 -0.70613873 -0.37638025  0.43528762 -2.32395628 -1.11306867
 -1.93144446 -1.21180991 -0.4536438  -0.09212641]
log likelihood =  -2547.6195883376768
Edge derivatives =  [-0.0035847451620419357, -0.0015425746232263782, -0.0026707778604103116, 0.0004593829022475626]
other derivatives: [ 0.01537046  0.02810339  0.0127784  -0.00763976 -0.00218279  0.00200089]
Current x array =  [-0.69713673 -0.70613203 -0.37638357  0.43521454 -2.32384046 -1.11323303
 -1.93224953 -1.21148391 -0.4538687  -0.09217947]
log likelihood =  -2547.6196498435884
Edge derivatives =  [-0.004183914821509663, -0.006369790627600236, -0.0054663587801691005, -0.008723977430016294]
other derivatives: [-0.23082976 -0.21932465 -0.02037268  0.02000888 -0.00200089 -0.00209184]
Current x array =  [-0.69693511 -0.7057168  -0.37639858  0.43478467 -2.32373541 -1.11279944
 -1.93253818 -1.21153918 -0.45405177 -0.09233338]
log likelihood =  -2547.619587102759
Edge derivatives =  [-0.003658143991035867, -0.0021354374138542465, -0.0030134004673845194, -0.0006680640848227837]
other derivatives: [-0.01487024 -0.00213731  0.00868567 -0.00422915 -0.00218279  0.00159162]
Current x array =  [-0.69711195 -0.70608099 -0.37638542  0.43516171 -2.32382754 -1.11317974
 -1.93228501 -1.2114907  -0.4538912  -0.09219838]
      fun: 2547.619587102759
 hess_inv: <10x10 LbfgsInvHessProduct with dtype=float64>
      jac: array([ 0.01487024,  0.00213731, -0.00868567,  0.00422915,  0.00218279,
       -0.00159162,  0.00365814,  0.00213544,  0.0030134 ,  0.00066806])
  message: b'CONVERGENCE: REL_REDUCTION_OF_F_<=_FACTR*EPSMCH'
     nfev: 47
      nit: 36
   status: 0
  success: True
        x: array([-0.69711195, -0.70608099, -0.37638542,  0.43516171, -2.32382754,
       -1.11317974, -1.93228501, -1.2114907 , -0.4538912 , -0.09219838])
