number of sites to be analyzed:  525
log likelihood =  6267.659386404126
Lr derivatives =  [-85.31000720170454, -315.7236143181873, -183.0554513669471]
other derivatives =  [ 85.45675882 -32.96217983  94.59045032 -19.23071977 497.64639698
  -3.64743755]
Current x_clock array =  [-0.64905435 -0.77383813 -0.52781307  0.74193734 -0.10536052 -0.51082562
 -0.51082562 -0.51082562 -0.51082562]
log likelihood =  5890.638950389215
Lr derivatives =  [-27.283592269966235, -256.0120390783705, -170.9583778419784]
other derivatives =  [-324.10298445   -1.8028004  -240.19209377   17.64401532  337.60488805
    6.19138518]
Current x_clock array =  [-0.81304165 -0.77244912 -0.70932748  0.77884015 -1.0603194  -0.50382637
 -0.34711993 -0.50984537 -0.50984537]
log likelihood =  5468.329539616275
Lr derivatives =  [-38.968921939692315, -124.11440596311365, -39.84200565263445]
other derivatives =  [ 317.49068512  105.52230378 -253.62969609   59.43411452  -10.57678674
   25.2261998 ]
Current x_clock array =  [-0.54551072 -0.79070984 -0.60956618  0.81021714 -3.18774925 -0.50258735
 -0.03309078 -0.31423279 -0.3582898 ]
log likelihood =  5793.83792323942
Lr derivatives =  [56.75281503932714, -46.09036299743084, 45.957703744821856]
other derivatives =  [-491.92813094  -56.58966984 3574.74809789   15.23203537  -14.54191079
   33.58845788]
Current x_clock array =  [-0.90056468 -0.96340437 -0.123835    0.71785567 -3.67324776 -0.54372362
  0.09578084 -0.04860498 -0.24098547]
log likelihood =  5413.212042432147
Lr derivatives =  [-49.07707950195996, -115.03040937168505, -20.885143622888393]
other derivatives =  [-43.47512004  35.45765139  36.87682693  42.09432518 -22.18712325
  32.40074875]
Current x_clock array =  [-0.6698641  -0.85119403 -0.43944467  0.77786865 -3.35778927 -0.51699483
  0.01204496 -0.22119984 -0.31720536]
log likelihood =  5402.893794635218
Lr derivatives =  [-16.63994085530507, -87.45869054776516, 1.0723160988329425]
other derivatives =  [-13.67106961  16.72469807  67.51706678  32.81693353  -6.06623871
  33.57990863]
Current x_clock array =  [-0.66034224 -0.87543444 -0.42772466  0.75203791 -3.31993844 -0.53451414
  0.03294869 -0.15120918 -0.30021403]
log likelihood =  5388.971504760928
Lr derivatives =  [33.58766777374026, -40.50645138660479, 29.699812522247075]
other derivatives =  [ -5.75773811 -32.95645001 -43.39690349  18.29685061  17.19308784
  29.05308065]
Current x_clock array =  [-0.65663286 -0.93234801 -0.46258604  0.66523543 -3.28885229 -0.61483599
  0.05197398  0.         -0.29544037]
log likelihood =  5386.069285664172
Lr derivatives =  [21.496673897618535, -48.44872150164838, 19.59261706699669]
other derivatives =  [  6.54499672 -18.17361408  -2.9090188   16.75816748   7.85212251
  26.98407116]
Current x_clock array =  [-0.65263485 -0.91818321 -0.44866499  0.6455813  -3.33320552 -0.64098551
  0.04450948  0.         -0.31087599]
log likelihood =  5382.411163387581
Lr derivatives =  [1.0207729282726632, -62.436608401857306, -2.262310277500749]
other derivatives =  [ 9.8876626   9.06666173 18.36970114 12.76048351 -6.50106813 20.46781447]
Current x_clock array =  [-0.65170079 -0.8901314  -0.44360441  0.5828497  -3.38238338 -0.72321338
  0.01648722  0.         -0.35262716]
log likelihood =  5380.280640827888
Lr derivatives =  [-8.385262260767512, -69.20565670912427, -14.048493024741784]
other derivatives =  [ 7.84975782  9.05056368 16.29869075  6.67578206 -9.40244718 15.00648068]
Current x_clock array =  [-0.65237037 -0.88761851 -0.44674092  0.5151983  -3.37411106 -0.81547167
 -0.00949046  0.         -0.37354402]
log likelihood =  5378.129921199241
Lr derivatives =  [0.45522698288331753, -60.29178901393984, -7.23547818777115]
other derivatives =  [-2.9007424  37.67327144  5.36838343 -4.35393304 -0.97506927  7.41802069]
Current x_clock array =  [-0.65842465 -0.86059546 -0.45272052  0.4075172  -3.31362801 -1.00298803
 -0.03395733  0.         -0.34618967]
log likelihood =  5377.333914833356
Lr derivatives =  [-10.998905337774211, -65.37444597413595, -7.824813872538275]
other derivatives =  [  2.70356395 -22.86287781   4.43997124 -11.99714461  -1.67619874
   4.09600034]
Current x_clock array =  [-0.65451414 -0.91703064 -0.45449827  0.3459702  -3.30519879 -1.15823391
 -0.06298911  0.         -0.32368523]
log likelihood =  5376.79326586084
Lr derivatives =  [-1.7295732340153762, -58.91145294375073, -0.2039987161189245]
other derivatives =  [-1.09494067 -4.25834514 -1.81853466 -8.46075636  0.47757567  4.78839866]
Current x_clock array =  [-0.65658592 -0.90046024 -0.45501353  0.37626417 -3.30465994 -1.12871615
 -0.04772149  0.         -0.31443946]
log likelihood =  5376.617444973265
Lr derivatives =  [1.3123620249005299, -56.42117306562767, 3.263134717765247]
other derivatives =  [-1.57842805  0.64665073 -2.87473085 -6.66996129  0.92177288  4.54883775]
Current x_clock array =  [-0.65695313 -0.8970122  -0.45430641  0.39309363 -3.30652005 -1.13922207
 -0.04237273  0.         -0.30769129]
log likelihood =  5376.289200695455
Lr derivatives =  [4.076050340715774, -53.720563549870896, 6.6475354308424315]
other derivatives =  [-2.69828888  4.90417733 -3.25653673 -2.92193363  0.69867383  3.19687388]
Current x_clock array =  [-0.65742507 -0.89546014 -0.45223192  0.42932438 -3.31069293 -1.19403468
 -0.03617954  0.         -0.29866611]
log likelihood =  5376.134150004491
Lr derivatives =  [4.454657853038668, -53.40595034005979, 3.2257700658235002]
other derivatives =  [21.62123565  5.70053089 -9.56824806  0.24374458  0.64474079  1.08775566]
Current x_clock array =  [-0.64839689 -0.897164   -0.45352633  0.46075228 -3.30540785 -1.27780582
 -0.03636299  0.         -0.3033499 ]
log likelihood =  5375.995086157707
Lr derivatives =  [2.0028431218071105, -54.70925686314649, 0.9453237167964765]
other derivatives =  [-6.96527422  1.04009814 -2.66691131  1.71494321 -0.28139766  0.01382432]
Current x_clock array =  [-0.65854289 -0.90157627 -0.44956152  0.47494784 -3.30458103 -1.33912946
 -0.03867785  0.         -0.30336034]
log likelihood =  5375.967140996549
Lr derivatives =  [1.4200459445319353, -55.120135234308435, 0.4005378017148544]
other derivatives =  [-0.98852979  0.44283297 -0.56143108  0.19053914  0.08021743  0.0687578 ]
Current x_clock array =  [-0.65646171 -0.90170137 -0.44957412  0.46123855 -3.30124965 -1.33745744
 -0.04202731  0.         -0.30411052]
log likelihood =  5375.964358176336
Lr derivatives =  [0.7517246427862361, -55.49992388592526, -0.12860056734035652]
other derivatives =  [ 0.08403731 -0.0860382  -0.21209416 -0.16825652  0.01627996 -0.01882654]
Current x_clock array =  [-0.65605787 -0.90202365 -0.44966437  0.45778736 -3.29983681 -1.34274898
 -0.04426152  0.         -0.30446486]
log likelihood =  5375.963691236953
Lr derivatives =  [0.2783167509435174, -55.713074288353695, -0.19760494935944095]
other derivatives =  [ 0.20827429  0.06657501  0.86147338 -0.14151738 -0.12314558 -0.04829417]
Current x_clock array =  [-0.6560182  -0.90181996 -0.44931693  0.45810466 -3.2994153  -1.34543803
 -0.0456726   0.         -0.30400347]
log likelihood =  5375.963316212999
Lr derivatives =  [-0.06833385307163553, -55.83484118387504, -0.1805385070717378]
other derivatives =  [ 0.06693881  0.02255547 -0.13878889 -0.09767973 -0.25902409 -0.06275513]
Current x_clock array =  [-0.65602683 -0.90176524 -0.44972602  0.45803243 -3.29902575 -1.34651466
 -0.04697667  0.         -0.30355108]
log likelihood =  5375.963190047945
Lr derivatives =  [-0.04060305665424124, -55.80313723307585, -0.06502297038033689]
other derivatives =  [ 0.02492015  0.09713403 -0.04120011 -0.05629772 -0.24519977 -0.04274625]
Current x_clock array =  [-0.65604538 -0.90169651 -0.44968103  0.45846753 -3.29894334 -1.34567269
 -0.04699761  0.         -0.30332483]
log likelihood =  5375.962972876979
Lr derivatives =  [0.005237415018854108, -55.75672318847252, 0.09946983803573772]
other derivatives =  [ 0.06684786 -0.0165528   0.05320544 -0.00536602 -0.13451427 -0.01082299]
Current x_clock array =  [-0.65602967 -0.90178325 -0.4496526   0.45915209 -3.29801888 -1.34458078
 -0.04730484  0.         -0.30297758]
log likelihood =  5375.96289692797
Lr derivatives =  [0.04991292378445422, -55.746469053622285, 0.05475662509121193]
other derivatives =  [-0.02009983  0.24656401 -0.00409273  0.0262844  -0.00391083  0.00363798]
Current x_clock array =  [-0.65607095 -0.90147433 -0.44970324  0.45953126 -3.29677173 -1.34356888
 -0.0476534   0.         -0.30315469]
log likelihood =  5375.962865016454
Lr derivatives =  [0.00011648824279575365, -55.78415007973777, 0.015103965502159866]
other derivatives =  [-0.02000888 -0.05984475  0.01928129  0.01273293  0.01145963  0.00236469]
Current x_clock array =  [-0.6560608  -0.9017559  -0.44970186  0.4594785  -3.29656447 -1.34388431
 -0.04778507  0.         -0.3031818 ]
log likelihood =  5375.962861309256
Lr derivatives =  [0.002393523570212608, -55.782864986872546, 0.006609742571090038]
other derivatives =  [-0.00227374 -0.00190994  0.00154614  0.00100044  0.00027285  0.00027285]
Current x_clock array =  [-0.65605644 -0.90170148 -0.44971078  0.45933512 -3.29667194 -1.34390951
 -0.04775124  0.         -0.30320795]
      fun: 5375.962861309256
 hess_inv: <9x9 LbfgsInvHessProduct with dtype=float64>
      jac: array([-2.27373675e-03, -1.90993887e-03,  1.54614099e-03,  1.00044417e-03,
        2.72848411e-04,  2.72848411e-04,  2.39352357e-03, -5.57828650e+01,
        6.60974257e-03])
  message: b'CONVERGENCE: REL_REDUCTION_OF_F_<=_FACTR*EPSMCH'
     nfev: 26
      nit: 24
   status: 0
  success: True
        x: array([-0.65605644, -0.90170148, -0.44971078,  0.45933512, -3.29667194,
       -1.34390951, -0.04775124,  0.        , -0.30320795])
