number of sites to be analyzed:  466
log likelihood =  -7486.022779302414
Edge derivatives =  [154.44679467527453, 110.24541609088102, 293.62193474784857, 282.16719681980794]
other derivatives: [ -35.10531315   59.44757504  -40.88587957  121.81471902 -350.47451092
   90.04024832]
Current x array =  [-0.68205018 -0.82675942 -0.65957361  0.          0.          1.25276297
 -4.60517019 -4.60517019 -4.60517019 -4.60517019]
log likelihood =  -6943.054089460851
Edge derivatives =  [148.92395063395998, 108.74201340399074, 284.97556766695925, 274.6958261751649]
other derivatives: [ 105.56695997   70.02336133    0.40981831   70.81962394 -253.43861125
   75.59201549]
Current x array =  [-0.74203964 -0.82543206 -0.72944115  0.2081622  -0.59890583  1.26258409
 -4.3412449  -4.4167781  -4.10341647 -4.12299081]
log likelihood =  -9221.38110062031
Edge derivatives =  [9.10415437355824, 43.781103619696815, -90.54463636446778, -71.391940573884]
other derivatives: [-2.47317039e+04 -1.66891085e+04  3.66769746e+02 -7.55280780e+00
 -1.56818714e+01 -6.61411832e+01]
Current x array =  [-0.05       -0.05       -0.73940895  1.53797605 -5.32155056  1.33082679
 -1.58802518 -2.40749293  1.16423049  0.95427313]
log likelihood =  -5614.173326322005
Edge derivatives =  [85.01771362429757, 79.44014831822686, 118.58718895828781, 120.81623143257777]
other derivatives: [-9.93333288e+02 -2.33341234e+02 -8.81846063e-01 -1.17659692e+02
  6.53529241e+01 -1.39108852e+02]
Current x array =  [-0.4246649  -0.46981291 -0.73401246  0.81802513 -2.76474728  1.29388072
 -3.07859701 -3.49530436 -1.68763278 -1.79451824]
log likelihood =  -5690.608505569475
Edge derivatives =  [20.54751290781526, 48.319696147853925, -14.192566565058266, 3.3588038460907312]
other derivatives: [ 751.52165664 -450.90437197  257.10778573 -107.75329429  122.1542334
 -209.80842237]
Current x array =  [-1.37388709 -0.51960396 -0.66087703  1.027273   -4.18638303  1.07880155
 -1.97184652 -2.65718413  0.36852754  0.19856306]
log likelihood =  -5389.606991239233
Edge derivatives =  [45.013738283864136, 63.086135990193846, 59.951486588395724, 69.96501093546144]
other derivatives: [ 309.62846722 -388.13968786   74.74545782 -114.11848391  106.1119292
 -189.4183697 ]
Current x array =  [-0.79070857 -0.48901358 -0.70580962  0.89871631 -3.31296535  1.21094085
 -2.65180652 -3.17210437 -0.89472626 -1.02593656]
log likelihood =  -5298.775349112899
Edge derivatives =  [36.950172857732234, 58.94287582415815, 43.499531915702946, 56.594786167007165]
other derivatives: [ 247.33444661 -212.26114768   62.69510777 -100.59648048  103.80917956
 -191.33549358]
Current x array =  [-0.76951998 -0.60519591 -0.66394531  0.87583901 -3.41790143  1.12751565
 -2.51569899 -3.05908018 -0.64861036 -0.78333529]
log likelihood =  -5130.979027056973
Edge derivatives =  [16.22612836876309, 48.18475818327449, -26.88790188482472, -5.374691347530416]
other derivatives: [ -75.0934305   -67.19064913 -158.96375771  -23.77646524   57.93699529
 -150.37803678]
Current x array =  [-0.65704244 -0.80828619 -0.47638178  0.70741082 -3.62984644  0.66574861
 -2.0463746  -2.63586345  0.17269781  0.04562138]
log likelihood =  -5078.503159881107
Edge derivatives =  [9.878454740347648, 46.40629852200689, -54.86901345502849, -35.13615134945387]
other derivatives: [ -92.70461305   55.17922546  163.54315449   -8.59690772   25.68631317
 -105.62962416]
Current x array =  [-0.6411835  -0.96067602 -0.6501132   0.59177119 -3.50274764  0.30468988
 -1.93673802 -2.47554669  0.27372253  0.18595991]
log likelihood =  -5030.263295113555
Edge derivatives =  [11.373753290516644, 49.26499114462434, -43.392518214343504, -29.265826159275104]
other derivatives: [-39.67907105 118.06223483  49.77755452   9.33687261   7.02839316
 -78.20563042]
Current x array =  [-0.66254513 -1.03726587 -0.593343    0.46730732 -3.20833068  0.03823321
 -1.99206483 -2.44123971  0.05046132  0.00775889]
log likelihood =  -4986.245665844478
Edge derivatives =  [20.875028151391824, 60.0131164148735, -0.7695419190663665, -1.8970287649873188]
other derivatives: [ -3.61615093 124.04061636 -43.97579687  29.51992428 -13.57448127
 -33.69541446]
Current x array =  [-0.67750805 -1.01674579 -0.57231834  0.31454307 -2.75866702 -0.41262082
 -2.08577724 -2.33995727 -0.38518522 -0.3502731 ]
log likelihood =  -4939.731330660091
Edge derivatives =  [8.748100399453044, 56.07662217482111, -23.951300560417348, -28.381623760630063]
other derivatives: [-44.22026905  20.62124622 -39.67224984  26.03419489 -28.33876351
  -7.35917638]
Current x array =  [-0.66910627 -0.88939476 -0.56028131  0.34296012 -2.730839   -0.92875413
 -1.87710874 -1.89005454 -0.33071615 -0.25864309]
log likelihood =  -4900.423559379098
Edge derivatives =  [-7.255792159473557, 42.99511545039069, -18.51861698241387, -18.62013922425327]
other derivatives: [  -1.62590368 -112.50931493   21.49627107   11.8094249   -19.85617928
    5.83495421]
Current x array =  [-0.69062893 -0.76027824 -0.58492343  0.4251124  -2.67311039 -1.59996257
 -1.66976685 -1.18040422 -0.51071338 -0.40440793]
log likelihood =  -4882.861184053196
Edge derivatives =  [-22.727569153818678, 10.450589697409942, -8.8529906861107, -2.19599896751524]
other derivatives: [ 30.30072548 -89.54975783  49.79665391   7.71251507 -25.3462531
   6.76309355]
Current x array =  [-0.70511781 -0.79251721 -0.58354222  0.48382325 -2.64771672 -2.1306763
 -1.5103884  -0.5591723  -0.62533929 -0.48407429]
log likelihood =  -4872.361975494034
Edge derivatives =  [-15.615004577089142, 11.643373218839871, -2.47273466487771, 3.847669095054238]
other derivatives: [37.39069143 -2.59788067 13.79139576 -4.77775757  7.42329576  5.67470124]
Current x array =  [-0.7024814  -0.89468925 -0.54747304  0.59489062 -2.9077899  -2.19921093
 -1.56843163 -0.396495   -0.58253962 -0.39165538]
log likelihood =  -4870.851915714261
Edge derivatives =  [-14.836735354009242, 7.973211271826924, 0.9906626455885733, 6.337876445101507]
other derivatives: [11.10629455  4.77075446 -3.77285687 -3.25408109  5.33700586  5.23332346]
Current x array =  [-0.69062623 -0.90439528 -0.53859828  0.59239145 -2.89388889 -2.22966322
 -1.61239203 -0.33465803 -0.61494919 -0.4009643 ]
log likelihood =  -4869.041129439504
Edge derivatives =  [-11.666276114762471, 5.654215977406853, 4.827710890821208, 6.292959196101762]
other derivatives: [-20.092466    15.57173164 -21.97311915  -0.17234925   2.29010766
   4.38776624]
Current x array =  [-0.67703012 -0.91690746 -0.53127597  0.57697051 -2.869618   -2.19775931
 -1.73402803 -0.2933042  -0.65248553 -0.39540811]
log likelihood =  -4867.201111315279
Edge derivatives =  [-7.811521467786924, 2.810299833983413, 7.3857091389079566, 3.0845031918933046]
other derivatives: [-27.59115887  20.15358405 -27.43408913   2.63780748  -0.85574356
   3.32374839]
Current x array =  [-0.67425015 -0.92155545 -0.52944015  0.55959417 -2.85007115 -2.1217696
 -1.89953439 -0.24902031 -0.67847176 -0.37118317]
log likelihood =  -4864.835753282171
Edge derivatives =  [-2.748837171772398, -0.7825709905132202, 9.010751530814924, 1.354354408125396]
other derivatives: [ 0.02373781 14.42804205 -8.50541255  2.46518539 -0.87720764  1.62590368]
Current x array =  [-0.68611318 -0.91183686 -0.53905357  0.55235929 -2.84280911 -1.96481424
 -2.17476888 -0.2002336  -0.67823658 -0.35682405]
log likelihood =  -4864.280407895412
Edge derivatives =  [-0.018881761959219534, 2.22585579721801, 2.5687794982865233, -5.957963208496745]
other derivatives: [-32.11098374 -12.27554094  -4.82605174   2.05809556   1.22854544
  -0.16207196]
Current x array =  [-0.67336633 -0.8820446  -0.54255871  0.55350049 -2.86646184 -1.74857999
 -2.39434783 -0.2374671  -0.6154396  -0.31921081]
log likelihood =  -4863.900520421068
Edge derivatives =  [-0.04172231412503181, 0.24766437736447, 2.6991032704591147, -3.2927384512702407]
other derivatives: [ 8.04029696 -4.0168743  -3.16458681  1.05073923  0.92513801 -0.05838956]
Current x array =  [-0.6905747  -0.89029979 -0.54129961  0.55948758 -2.86394041 -1.77213789
 -2.39730395 -0.2069219  -0.61142591 -0.33020109]
log likelihood =  -4863.861149230872
Edge derivatives =  [-0.1786994420341319, 0.07364674802459853, 2.502911002576304, -2.664131905293189]
other derivatives: [ 4.24806785 -2.48828655  1.89356797  0.79699021  0.9778887   0.02710294]
Current x array =  [-0.68860413 -0.89212162 -0.54414897  0.56069003 -2.86262048 -1.77828769
 -2.38654774 -0.20796187 -0.61058647 -0.33565521]
log likelihood =  -4863.821556138994
Edge derivatives =  [-0.26272606122036457, 0.12206417209208836, 1.7271878688677436, -1.5573291594757674]
other derivatives: [ 0.87975423 -0.9867108   4.13701855  0.49467417  0.82955012  0.05629772]
Current x array =  [-0.68689398 -0.89376548 -0.54563151  0.56276685 -2.85932333 -1.77730801
 -2.38050338 -0.21188598 -0.60397665 -0.34522553]
log likelihood =  -4863.790313159188
Edge derivatives =  [-0.2134834377255391, 0.11182167365113432, 0.4779062520078483, -0.2132917652385079]
other derivatives: [-1.11604095 -0.12169039  2.15613909  0.26730049  0.24274414 -0.02401066]
Current x array =  [-0.68599066 -0.89458404 -0.54482688  0.56538684 -2.85369021 -1.76698773
 -2.38719475 -0.21443063 -0.59259107 -0.35686122]
log likelihood =  -4863.785448427367
Edge derivatives =  [-0.10916099057952593, -0.02055733604356813, 0.011833158859189896, 0.07357259082295042]
other derivatives: [-0.04847607  0.06666596  0.58716978  0.1022272   0.05402399 -0.10822987]
Current x array =  [-0.6865114  -0.89481959 -0.54385852  0.56733873 -2.85293106 -1.76018892
 -2.39818711 -0.2121769  -0.58771427 -0.35874991]
log likelihood =  -4863.785133055973
Edge derivatives =  [-0.08728267537422309, -0.05858676821352826, 0.02062138358088439, 0.05751294876134316]
other derivatives: [ 0.09822543  0.00554792 -0.12641976  0.08394636  0.01218723 -0.1200533 ]
Current x array =  [-0.6866039  -0.8947755  -0.54343595  0.56774404 -2.85288723 -1.75991716
 -2.40046197 -0.21128466 -0.58762823 -0.35842981]
log likelihood =  -4863.7850539626525
Edge derivatives =  [-0.07689566882003637, -0.08426402090978818, 0.0378399379736023, 0.035448170815041924]
other derivatives: [ 0.16225385 -0.00627551 -0.21818778  0.06666596 -0.00236469 -0.12478267]
Current x array =  [-0.68663686 -0.89477436 -0.54336683  0.56794876 -2.85287306 -1.75996356
 -2.40165628 -0.2108325  -0.58772877 -0.35818625]
log likelihood =  -4863.784839935559
Edge derivatives =  [-0.06504405668137735, -0.11419917810644187, 0.046656569989860064, -0.007081714484511337]
other derivatives: [ 0.22364475 -0.05838956 -0.25447662  0.00081855 -0.03183231 -0.12350938]
Current x array =  [-0.6866654  -0.89474105 -0.54331183  0.56857251 -2.85274126 -1.76104074
 -2.40351679 -0.21029328 -0.58779407 -0.35780702]
log likelihood =  -4863.784407985352
Edge derivatives =  [-0.03826148542136486, -0.12986161159855764, 0.1499597245185223, -0.08136004085253679]
other derivatives: [-0.02473826  0.23264874 -0.40026862 -0.08467396 -0.05375114 -0.10431904]
Current x array =  [-0.68653486 -0.89513188 -0.54319484  0.56947432 -2.85260966 -1.7657474
 -2.40756025 -0.20948828 -0.58853548 -0.35693545]
log likelihood =  -4863.784019061224
Edge derivatives =  [0.01120011821109429, -0.10529044992707015, 0.04140195978846706, -0.12512353890738737]
other derivatives: [ 0.1630724  -0.17817001  0.25356712 -0.28558134 -0.0689397  -0.08876668]
Current x array =  [-0.68659672 -0.89465461 -0.54352732  0.57089587 -2.85205385 -1.77024092
 -2.41548807 -0.20978103 -0.58754196 -0.35676929]
log likelihood =  -4863.78360431642
Edge derivatives =  [-0.000417104410326094, -0.05057465396616678, 0.08267998247024716, -0.09591133497193849]
other derivatives: [-0.0950422  -0.03983587  0.13960744 -0.21855158 -0.02737579 -0.06712071]
Current x array =  [-0.68647512 -0.89480094 -0.54350954  0.57031147 -2.85217625 -1.77263658
 -2.41437358 -0.21039058 -0.5878924  -0.35694497]
log likelihood =  -4863.783229443934
Edge derivatives =  [-0.013027374138184014, 0.06485176478511867, 0.10549808428026408, 0.029211343153661362]
other derivatives: [ 0.34106051  0.3266905   0.17635102 -0.11732482  0.04692993 -0.01573426]
Current x array =  [-0.68664062 -0.89513991 -0.54360014  0.56922499 -2.85211055 -1.77907167
 -2.41404846 -0.21170372 -0.58797523 -0.35778627]
log likelihood =  -4863.783338180647
Edge derivatives =  [-0.012024521377101624, 0.09597979592148181, 0.00919958840318047, 0.02403376646399702]
other derivatives: [-1.07647793 -0.13960744 -0.15315891  0.0167347   0.03274181  0.01073204]
Current x array =  [-0.68605083 -0.89463308 -0.54352177  0.56823698 -2.85199718 -1.78294234
 -2.41618762 -0.21237834 -0.58740581 -0.35813316]
log likelihood =  -4863.783103188062
Edge derivatives =  [-0.012608048330966154, 0.07801702614870987, 0.06479512469106002, 0.027025608761874986]
other derivatives: [-0.25802365  0.12969394  0.03701643 -0.0606633   0.04101821 -0.00445652]
Current x array =  [-0.68639119 -0.89492556 -0.543567    0.56880714 -2.8520626  -1.78070865
 -2.41495315 -0.21198903 -0.58773441 -0.35793297]
log likelihood =  -4863.783050892649
Edge derivatives =  [-0.00569092112142236, 0.0670413741696037, 0.044454811040272435, 0.01813383948429148]
other derivatives: [-0.16079866  0.043201    0.00973159 -0.06266418  0.02764864 -0.00545697]
Current x array =  [-0.68644155 -0.89482496 -0.54354658  0.5688308  -2.85199719 -1.78095905
 -2.41603098 -0.21184643 -0.58756139 -0.35789315]
log likelihood =  -4863.78299677492
Edge derivatives =  [0.004048279392183371, 0.031086168660028113, 0.0018897261174065094, 0.011069473379739736]
other derivatives: [-0.01291482 -0.01191438 -0.02992238 -0.02846718 -0.00509317 -0.00527507]
Current x array =  [-0.686521   -0.89476173 -0.54351721  0.56859394 -2.85189608 -1.78166769
 -2.41784012 -0.2114129  -0.58721824 -0.35788997]
log likelihood =  -4863.782986506203
Edge derivatives =  [0.0027051872345774802, 0.010570841943610854, 0.004717960030651003, 0.0007737666078557748]
other derivatives: [ 0.01346052 -0.01500666 -0.01455192 -0.00163709 -0.01155058 -0.00300133]
Current x array =  [-0.68653803 -0.89476287 -0.54352116  0.56838947 -2.85193292 -1.78209731
 -2.41795768 -0.21116604 -0.58727736 -0.35781514]
      fun: 4863.782986506203
 hess_inv: <10x10 LbfgsInvHessProduct with dtype=float64>
      jac: array([-0.01346052,  0.01500666,  0.01455192,  0.00163709,  0.01155058,
        0.00300133, -0.00270519, -0.01057084, -0.00471796, -0.00077377])
  message: b'CONVERGENCE: REL_REDUCTION_OF_F_<=_FACTR*EPSMCH'
     nfev: 37
      nit: 33
   status: 0
  success: True
        x: array([-0.68653803, -0.89476287, -0.54352116,  0.56838947, -2.85193292,
       -1.78209731, -2.41795768, -0.21116604, -0.58727736, -0.35781514])
