number of sites to be analyzed:  285
log likelihood =  -10681.007398675978
Edge derivatives =  [130.07180208206503, 90.16177981324952, 130.33353810495376, 109.92196418338587, 105.5363066965, 72.74588462345162, 261.4947241865867, 198.36226438108105, 172.32926435385994, 158.15710308950847]
other derivatives: [ 176.54874682   81.23533917 -115.41214917  -51.64201866 -348.25661714
  139.5945219 ]
Current x array =  [-0.81074226 -0.90526361 -0.62836429  0.74193734 -0.10536052 -0.51082562
 -4.60517019 -4.60517019 -4.60517019 -4.60517019 -4.60517019 -4.60517019
 -4.60517019 -4.60517019 -4.60517019 -4.60517019]
log likelihood =  -10115.468816048897
Edge derivatives =  [124.09044112732546, 89.98747313506705, 131.05792217392724, 106.08728601179415, 106.09339516951562, 69.96954191375532, 262.4779014513094, 195.6307018196596, 171.3585537658973, 157.56074976521882]
other derivatives: [ 219.50581868  101.79956007  -85.86612239  -56.24478945 -203.61967472
  124.22406144]
Current x array =  [-0.80949214 -0.90385816 -0.81802056  0.65707425 -0.67764905 -0.49848312
 -4.39142378 -4.45700774 -4.39099367 -4.42453592 -4.43174285 -4.4856272
 -4.17545708 -4.27920237 -4.32198228 -4.34527133]
log likelihood =  -14360.438246752798
Edge derivatives =  [-49.38325892607574, -3.453965220240549, -62.87673989668223, -14.926059037712134, -71.3618381732803, -31.172009310242405, -574.6276148374686, -105.24697846512035, -174.6365229673603, -217.12210477374552]
other derivatives: [-31425.97488477 -43231.98882048    959.71354312    982.81616374
   -380.45327528    219.26389309]
Current x array =  [-0.05       -0.05       -2.39898883 -0.49628625 -4.06006233 -0.23882048
 -1.92614815 -2.64877927 -1.75267687 -2.31063704 -2.2961291  -3.09262704
  1.10616616 -0.35972181 -0.88180566 -1.18064176]
log likelihood =  -8179.6859281608295
Edge derivatives =  [98.61104239314129, 73.85300323945533, 115.78903345852899, 69.20191499656427, 91.22825431516866, 49.581025482459005, 185.00103732983726, 146.64189846749838, 136.79009092520124, 130.20942674938482]
other derivatives: [-707.34122346   68.58972483  163.24665921  -22.79557521  132.21351765
   66.90715963]
Current x array =  [-0.47174695 -0.52414852 -1.52107514  0.1441763  -2.18180395 -0.38301147
 -3.29511883 -3.65289083 -3.21773753 -3.48448777 -3.48203812 -3.8661618
 -1.82672593 -2.53621434 -2.7921401  -2.93796457]
log likelihood =  -12274.98328665178
Edge derivatives =  [-3.564079181985147, 14.1565821370527, -16.14896568325384, -5.50030076908973, -3.8748505842110443, 1.4413742499492377, -584.7442333750133, -115.02650819556149, -75.1639580101695, -99.3268212082807]
other derivatives: [  1464.84271681 -15101.2047354    1926.01492017     73.84533092
   -430.66684157    219.2096872 ]
Current x array =  [-1.70875295 -0.05       -2.48209214 -0.92525212 -4.69915574 -0.08703879
 -0.90078502 -1.88943341 -0.62431349 -1.46780859 -1.38888633 -2.52772435
  3.25040931  1.25143467  0.55325072  0.15040162]
log likelihood =  -7713.928831513204
Edge derivatives =  [64.77833282042299, 57.55201292161862, 79.1982944783719, 20.417133286123068, 64.89426724503453, 27.667725278916137, -42.074090469446766, 57.60767879680478, 66.74542581582931, 73.1329565552183]
other derivatives: [ 199.71948859 -533.02528613  312.90028346   17.86065695  283.1537131
   17.58689905]
Current x array =  [-0.79385484 -0.40068349 -1.77131738 -0.13429554 -2.83730511 -0.30594221
 -2.67165071 -3.1936986  -2.54242768 -2.95935832 -2.93699574 -3.51764185
 -0.50467469 -1.54993648 -1.92102325 -2.13377517]
log likelihood =  -7445.192905029273
Edge derivatives =  [71.75028690302186, 55.468897655213574, 77.75640864115286, 18.222364047916255, 62.665547408819606, 25.20133068035179, -55.51154642802968, 50.48098140059506, 55.774927526158464, 62.864098182587675]
other derivatives: [187.34281184  34.57735147 309.81582313  45.84462658 240.47021725
  -4.22824087]
Current x array =  [-0.79376861 -0.77008222 -1.55773434 -0.19323953 -2.69856968 -0.24716843
 -2.46014184 -3.02830136 -2.30208187 -2.80874253 -2.74254413 -3.40643261
 -0.19168792 -1.24817391 -1.64071898 -1.86550029]
log likelihood =  -7092.609216096787
Edge derivatives =  [75.57841276961759, 47.765092843444414, 67.67477975657611, 8.245490899342308, 50.60115243513847, 18.22122703296715, -115.02774092599931, 11.128083987094657, 15.341649306690497, 26.967567521641076]
other derivatives: [-267.93641155  142.0658009   214.35707822  140.73084458   32.07533155
  -70.60198186]
Current x array =  [-0.59743858 -0.9836686  -0.95463464 -0.2532657  -2.13434361 -0.14100261
 -2.05718122 -2.71161644 -1.8420974  -2.54715061 -2.37104784 -3.20579519
  0.29417703 -0.7101378  -1.13547139 -1.37499819]
log likelihood =  -7108.44338964868
Edge derivatives =  [83.17958375111986, 44.495987296238646, 57.87974366354118, 6.610426044087013, 46.13127415772798, 14.27874712394799, -102.87856827633743, -11.697071672048871, -3.189915554290814, -0.4105090441005954]
other derivatives: [ -113.21208149   186.23750293 -1106.08852992   169.41621652
  -123.20078895  -104.88174667]
Current x array =  [-0.70107302 -1.10196942 -0.27672948 -0.02544789 -1.71902797 -0.18971696
 -1.77786873 -2.50557444 -1.54890029 -2.44377203 -2.14043108 -3.10098065
  0.22633924 -0.50111904 -0.92484571 -1.14606492]
log likelihood =  -6997.018328193573
Edge derivatives =  [80.38226139138176, 46.27041803145741, 65.9486324714768, 8.73259289694251, 48.72265603388504, 17.09628327610945, -96.13079362040766, 6.148318148500356, 10.474977685060251, 18.026988764356563]
other derivatives: [-154.44302335  169.13782019  -83.62239896  151.0945367   -36.00271157
  -89.22352208]
Current x array =  [-0.65172937 -1.04564264 -0.59950166 -0.13391919 -1.91677294 -0.16652251
 -1.91085828 -2.60367758 -1.68850075 -2.49299386 -2.25023504 -3.15088618
  0.25863896 -0.60063952 -1.02513129 -1.25506732]
log likelihood =  -6892.8047953152745
Edge derivatives =  [71.62418318748723, 42.56062857082288, 55.28265131665537, 7.750338094752411, 42.069811560765686, 13.715886498445311, -76.1704104025325, -7.82018501142319, -1.0848946467185618, 4.193460362512911]
other derivatives: [ 31.98674676 133.88080333 -99.7175448   97.87927411 -30.27580533
 -80.27818694]
Current x array =  [-0.73658574 -0.99978296 -0.55072882  0.11285735 -1.90853832 -0.30254467
 -1.68672486 -2.45480803 -1.47754048 -2.42123935 -2.08692535 -3.07668804
  0.17594569 -0.47616661 -0.89994397 -1.11822467]
log likelihood =  -6760.842873026997
Edge derivatives =  [40.08030259381649, 32.22656891274233, 20.444844505618434, 6.030770681924107, 21.933377608454794, 5.932321573166243, -26.06824411146852, -36.647653412025626, -26.264377272979274, -28.289793698827573]
other derivatives: [119.80710042 -46.16103979   8.26139512 -39.07216524 -12.31446731
 -43.47693903]
Current x array =  [-0.78264135 -0.80678709 -0.5350415   0.71095367 -1.9277643  -0.70731048
 -1.11696641 -2.08024953 -0.96252088 -2.26063825 -1.68740373 -2.90433688
 -0.09640034 -0.25035014 -0.65771793 -0.84478825]
log likelihood =  -6731.591913065309
Edge derivatives =  [27.40808626178264, 28.684196032076613, 8.519354743308261, 5.828784062276577, 17.46696082374335, 5.007528865861154, -13.307902693973274, -30.66016387170403, -20.921444216150785, -24.92052055571811]
other derivatives: [ 52.44601198 -67.32843758 -76.8519385  -31.45387382 -10.06528692
 -23.56064215]
Current x array =  [-0.75318669 -0.79978509 -0.48940247  0.71532084 -1.94720343 -0.89829239
 -0.90008395 -1.9212077  -0.8079158  -2.21023072 -1.55079676 -2.8545398
 -0.19192057 -0.29833332 -0.67652864 -0.86513519]
log likelihood =  -6706.010755347899
Edge derivatives =  [-9.99950434441004, 19.706363870023967, -13.201243666978812, 4.49113711563287, 6.128434072352732, 3.6914929232438993, 18.533597512980915, -1.51591427134983, 2.7271238791147376, -2.60685475655338]
other derivatives: [-25.43820301 -55.22470019 117.54927982  -9.31886461  31.90561984
  13.07817001]
Current x array =  [-0.70785915 -0.8295439  -0.58138865  0.58767038 -2.0380781  -1.31078222
 -0.48392134 -1.58963017 -0.566733   -2.13225219 -1.30145716 -2.77587427
 -0.43414708 -0.54355353 -0.83675873 -1.04064976]
log likelihood =  -6697.385942470095
Edge derivatives =  [-9.444445128243165, 19.153112830484922, -14.33452086767714, 3.310461284666253, 4.751894051417632, 3.1275712783265393, 4.631430149347375, -7.399679330141642, -2.055927194269428, -6.624457421889088]
other derivatives: [-37.51028999  -3.66817403 -18.58315954  11.87054295  -4.82123141
   7.92297215]
Current x array =  [-0.7113375  -0.88990583 -0.50999802  0.55699679 -1.98170157 -1.27883118
 -0.47077804 -1.53774588 -0.5581054  -2.10303146 -1.26682338 -2.75564595
 -0.34533529 -0.50636788 -0.79632428 -1.01262568]
log likelihood =  -6696.148193451901
Edge derivatives =  [-4.401908422765784, 20.55102133821059, -9.3770424631347, 4.266856824345359, 7.0848696184578595, 3.7084081158225484, 5.79201251188286, -5.004704787288101, 0.12750223181568293, -4.216478073120271]
other derivatives: [ -1.68920451   5.0989911  -15.93462002   6.38956408   0.17034836
   6.57082637]
Current x array =  [-0.72593903 -0.89427225 -0.51270878  0.56618175 -1.97381857 -1.24522218
 -0.52380647 -1.55362958 -0.60726222 -2.11719742 -1.29387919 -2.7670356
 -0.3465935  -0.52419247 -0.81197549 -1.0312765 ]
log likelihood =  -6694.622501755549
Edge derivatives =  [-4.359634223799064, 20.44919590073426, -7.49287013237422, 4.286231129476706, 6.00834669189921, 3.5945937871413056, 3.435580659105941, -3.9849220919952844, 0.1765079959132292, -3.3819132546801005]
other derivatives: [19.70256562 13.21504897 -3.5107405   3.58040779  0.08085408  5.45232979]
Current x array =  [-0.73533925 -0.90296059 -0.51765051  0.57366117 -1.96933818 -1.22987979
 -0.53518177 -1.50870102 -0.63008474 -2.10743012 -1.27880728 -2.75882046
 -0.3283581  -0.53599409 -0.81264568 -1.04218185]
log likelihood =  -6690.155783489439
Edge derivatives =  [-6.904296916348514, 18.404444833293315, -1.3887179702952812, 4.143682855902978, -0.11558884000036085, 2.8784887102623102, -4.561572735618092, 1.6454834891333416, 1.62262212023698, 0.7656464181308571]
other derivatives: [55.14575605 31.98347258 21.82132448 -3.80987331 -1.26610757  2.27300916]
Current x array =  [-0.75101918 -0.92676868 -0.52679796  0.60047129 -1.95907009 -1.19139607
 -0.5570159  -1.28514647 -0.7091607  -2.05738454 -1.19606239 -2.71605093
 -0.26939984 -0.59848718 -0.82268857 -1.09667885]
log likelihood =  -6686.379271677282
Edge derivatives =  [-7.5205637580266, 14.698688955891841, 5.51158035050919, 4.259250369990876, -5.928908376871457, 2.3240542554328982, -11.968359870041834, 7.225121626220393, 3.5187723318082664, 5.131243635962337]
other derivatives: [49.49906725 23.86186679 19.52921593 -7.6642209  -0.58644218 -1.98751877]
Current x array =  [-0.74801634 -0.91719107 -0.52510794  0.61766614 -1.95877602 -1.13924658
 -0.60961507 -1.04421236 -0.80574756 -2.00586424 -1.12800423 -2.67369306
 -0.21719525 -0.66261706 -0.83633177 -1.15629166]
log likelihood =  -6681.7127621314385
Edge derivatives =  [-9.515458236977908, 0.41477436003158746, 7.765174015974765, 3.0490980654125295, -11.807406273264359, 0.935836350979645, -6.406331662346014, 8.551988701433773, -0.6303614802462832, 4.173409021812922]
other derivatives: [34.30559445 29.94238457 40.23504516 -7.68059181 -2.25336407 -6.56727934]
Current x array =  [-0.7399283  -0.93479015 -0.52980485  0.63028485 -1.97087512 -1.12356767
 -0.70616305 -0.56662679 -0.84614219 -1.87984657 -1.06634869 -2.57959875
 -0.26471709 -0.66440797 -0.80227097 -1.1694419 ]
log likelihood =  -6680.055242746547
Edge derivatives =  [0.19793499638887146, -4.4156237731291, 11.178287927078362, 2.9930270355318003, -0.7921182911545266, 2.3876200966311507, -3.821931380835454, 3.5626670843112405, -0.2605357575587921, 5.533450370172076]
other derivatives: [ -3.27345333 -33.12916306 -18.09394234   8.24129529   6.12517397
 -11.3205715 ]
Current x array =  [-0.72751832 -0.85026463 -0.51190705  0.55268765 -1.98419007 -1.07578359
 -0.93957592 -0.44501146 -0.90280437 -1.83350955 -1.21378638 -2.56364408
 -0.29437877 -0.61707816 -0.817071   -1.17128351]
log likelihood =  -6677.477901768469
Edge derivatives =  [-4.565360589698683, -0.02483055209133657, 4.369736052191465, 2.365210223092445, -1.825316950217913, 1.803124208475439, 1.9845663521847479, 0.8070573942904478, -2.726714962443511, 1.172487452533082]
other derivatives: [ 0.98225428 -5.57520252 -2.28974386  4.25534381  2.26746124 -6.56054908]
Current x array =  [-0.72752959 -0.88781746 -0.51483036  0.58077227 -1.9847234  -1.15066653
 -0.83838302 -0.53012151 -0.79776757 -1.84263603 -1.19354811 -2.56681262
 -0.33654411 -0.57623522 -0.79208667 -1.12118226]
log likelihood =  -6676.933023978346
Edge derivatives =  [-4.829362849036235, -1.5245206191616685, 1.749435849277885, 1.7749451549807471, -1.0491356153427747, 1.6552390344043557, 3.2154037051426196, -1.0528571476743287, -2.561436137187412, -0.17992864937207403]
other derivatives: [-5.12318366 -0.36006895  1.21526682  2.64726623 -0.29749572 -5.0813469 ]
Current x array =  [-0.72395528 -0.89695134 -0.51509571  0.59436246 -1.98291491 -1.18956544
 -0.85897721 -0.48941031 -0.75986488 -1.81752306 -1.20408304 -2.54914816
 -0.34930838 -0.55385524 -0.79122302 -1.10304457]
log likelihood =  -6676.4375679450695
Edge derivatives =  [-4.108896067804701, -1.734775547328509, -1.5802456997322132, 1.222734269185478, 0.7394622387329486, 1.7446250471882543, 4.144638759873988, -1.3287102628837042, 1.0143568320711895, -0.04135199669943426]
other derivatives: [ 1.06656444 -0.55069904 -7.43148121  0.57607394  0.06457412 -1.58397597]
Current x array =  [-0.72706832 -0.89774329 -0.50937027  0.60672534 -1.98638394 -1.26622387
 -0.90054181 -0.4642294  -0.70670461 -1.7839971  -1.22238012 -2.52350624
 -0.35314052 -0.54388266 -0.81022341 -1.09082163]
log likelihood =  -6676.545871626867
Edge derivatives =  [-0.3648782273747092, -0.19654119045953594, -2.1389132034773537, 1.1160353952551683, 3.717016513491264, 2.254205742376033, 0.9049643196045498, -1.9402617254084071, 3.4528157163329096, 1.0644236609403688]
other derivatives: [-34.45948096   7.60874173   8.28258635   0.08267307  -0.25620466
  -0.45629349]
Current x array =  [-0.70663206 -0.90673373 -0.52257098  0.60828597 -1.97167023 -1.30854528
 -1.01619709 -0.48531531 -0.70720199 -1.76256304 -1.27510054 -2.50573169
 -0.33103711 -0.5467262  -0.8340776  -1.09048102]
log likelihood =  -6676.263052556769
Edge derivatives =  [-2.4037021376765937, -1.058466288051264, -1.8276889578227422, 1.181223652660972, 2.06869725003095, 1.9652848489591332, 2.7529407518107996, -1.5964444779189753, 2.08718293735537, 0.4544368299582382]
other derivatives: [-1.42193130e+01  3.07318260e+00 -2.94403435e-01  3.19050741e-01
  9.36779543e-03 -1.07474989e+00]
Current x array =  [-0.71809124 -0.90169254 -0.51516898  0.60741088 -1.97992062 -1.28481449
 -0.95134596 -0.47349186 -0.7069231  -1.77458172 -1.24553874 -2.51569838
 -0.3434311  -0.54513175 -0.8207019  -1.09067201]
log likelihood =  -6676.102868229332
Edge derivatives =  [-1.6428243689596334, -1.7325077964750706, -1.7482787893129488, 1.0006548749096875, 1.9654120790895773, 1.9330021716257395, 0.9789885380484982, -0.9451710864733371, 3.0490048629543356, 1.0365075704820133]
other derivatives: [-6.40166036  1.43090801  0.17753337 -0.26748239 -0.2921297  -0.5664333 ]
Current x array =  [-0.72200108 -0.89886141 -0.51519955  0.60827194 -1.97733611 -1.30317683
 -0.98003733 -0.45594368 -0.70776091 -1.75981191 -1.24505823 -2.50218199
 -0.32882065 -0.55393522 -0.82669824 -1.09435207]
log likelihood =  -6675.989463879055
Edge derivatives =  [-0.5343208568838957, -1.1101367969607916, -1.197750729358928, 0.9800421388315192, 1.6597013894477701, 1.8688238487198108, -1.143100326089861, -0.19995304613650683, 2.950966549947873, 1.2070210664264078]
other derivatives: [ 1.19525794  0.44174158 -1.40271368 -0.43492037 -0.67411747 -0.31459422]
Current x array =  [-0.72587265 -0.89612285 -0.51486789  0.60668324 -1.9732996  -1.31734925
 -1.00869692 -0.46362377 -0.71520678 -1.75017977 -1.24328112 -2.48989312
 -0.31141283 -0.56469279 -0.82557884 -1.09541504]
log likelihood =  -6675.927181105032
Edge derivatives =  [-0.00512304361953575, -0.9666972061157167, -0.9321456074899723, 0.9188768090804063, 1.006227541191084, 1.6757954836511368, -1.6145582836627341, 0.1606967370973772, 1.7729938399597702, 0.6885140397645564]
other derivatives: [ 4.52519089 -1.14250724  3.25517249 -0.703767   -0.24720066 -0.179989  ]
Current x array =  [-0.72746701 -0.89375214 -0.51701279  0.6057695  -1.97323031 -1.32797809
 -1.02597193 -0.46445239 -0.71933541 -1.74045092 -1.23818317 -2.47722795
 -0.30697802 -0.56899177 -0.81689832 -1.09152606]
log likelihood =  -6675.876989596374
Edge derivatives =  [0.8880054834182686, -0.6256131381151279, -0.27741754468896884, 0.8585911035271038, -0.27022959946961084, 1.2809405151242137, -2.071182814080947, 1.1290592504087602, -0.24804502794628375, -0.23288930713689676]
other derivatives: [ 1.1416887  -0.51823008 -5.06433935 -0.03647074 -0.96633812  0.00645741]
Current x array =  [-0.7262827  -0.89482016 -0.51308336  0.60552599 -1.97297004 -1.34686871
 -1.05005933 -0.46329383 -0.72681672 -1.72264111 -1.22415372 -2.45323885
 -0.30163594 -0.57754747 -0.80066194 -1.0852221 ]
log likelihood =  -6675.8469753067275
Edge derivatives =  [0.7510680460522149, -0.2434101482897661, -0.5083108037305246, 0.8483866023788763, -0.3242304329352213, 1.197970913090166, -0.7497926430461909, 0.7061536358535876, -1.0804834829699599, -0.7909346926005864]
other derivatives: [ 1.97187546 -0.47311914  1.75296009 -0.22591848  0.23919711  0.10950316]
Current x array =  [-0.7263466  -0.89499447 -0.51610519  0.60454844 -1.97586122 -1.34869828
 -1.04667772 -0.47116841 -0.72411462 -1.72109782 -1.22516786 -2.44981449
 -0.31130242 -0.5712022  -0.79482575 -1.08016434]
log likelihood =  -6675.836862082707
Edge derivatives =  [0.5836538298305824, -0.24080078211958914, -0.5943042335144475, 0.8301546986643854, -0.26792349278960415, 1.187133418058012, -0.2558569455082173, 0.5261095114998934, -0.9554194200482595, -0.7693798660998651]
other derivatives: [ 0.26448106 -0.23856046  0.99053068 -0.09704308  0.35443009  0.15506885]
Current x array =  [-0.72550972 -0.89555835 -0.51570975  0.6045771  -1.97671324 -1.34818606
 -1.04210259 -0.47147128 -0.72302067 -1.72059535 -1.22555042 -2.44894054
 -0.31521213 -0.56852471 -0.7956043  -1.08031278]
log likelihood =  -6675.819009323555
Edge derivatives =  [0.3981426495301966, -0.26498321162721783, -0.5190132322913694, 0.7543939238245884, -0.30572253084752804, 1.1036018170273931, 0.47240832022639545, 0.24586425761896424, -0.7173887336395911, -0.6278173932177005]
other derivatives: [-1.86073521  0.50767994 -0.33251126  0.16789272  0.47384674  0.25729605]
Current x array =  [-0.72446417 -0.89683518 -0.51506066  0.60423792 -1.97762072 -1.34901517
 -1.03765878 -0.47096069 -0.72451742 -1.71505161 -1.22505262 -2.44122652
 -0.32119989 -0.56445697 -0.7970345  -1.08191307]
log likelihood =  -6675.796452671617
Edge derivatives =  [0.2430085170376336, -0.27404434940980105, -0.2793235767151727, 0.590387482965527, -0.45868081044691567, 0.9379537154296509, 1.022286711128165, -0.11457223685727322, -0.29558682522866614, -0.29496769502810305]
other derivatives: [-3.21679181  0.67238943 -1.2187229   0.41072781  0.48739821  0.43373802]
Current x array =  [-0.72382225 -0.89722686 -0.51470689  0.6035291  -1.97758821 -1.35194936
 -1.03562899 -0.47122339 -0.72942155 -1.70357575 -1.2242151  -2.42536337
 -0.32632118 -0.56042696 -0.79989956 -1.08566613]
log likelihood =  -6675.768208496453
Edge derivatives =  [0.2126475177228051, -0.059324203984706406, 0.2415980542488596, 0.33252787698073794, -0.5674612077856706, 0.6659403459219391, 1.1656989075736086, -0.5621262042281898, 0.15438102597444953, 0.16256507731777287]
other derivatives: [-1.68374754  1.88083504 -1.25073711  0.40545274  0.06439222  0.53641998]
Current x array =  [-0.72447011 -0.89843977 -0.51489782  0.60313747 -1.97514947 -1.35388675
 -1.03628107 -0.47627542 -0.73960423 -1.68503942 -1.22580886 -2.39837691
 -0.3290664  -0.55701743 -0.8033066  -1.09126209]
log likelihood =  -6675.790968865054
Edge derivatives =  [-0.27906304378035807, -0.3619651063935144, 0.491750401432665, -0.2469756467608264, -0.9788367249573025, 0.16525288143127903, 0.47126252318953477, -1.1241582415136635, 0.5753540214865352, 0.6472023687299705]
other derivatives: [-6.51016308 -7.31597538  0.01118678  0.27066562 -0.23756002  0.60272214]
Current x array =  [-0.72267626 -0.8873554  -0.51587073  0.60298622 -1.97347643 -1.35403078
 -1.03340823 -0.47847189 -0.75106166 -1.65722845 -1.22881112 -2.35760787
 -0.3264683  -0.55690527 -0.80785285 -1.0988351 ]
log likelihood =  -6675.758152201024
Edge derivatives =  [0.03798427809131533, -0.16672377132415395, 0.33276265799986726, 0.12959346581549536, -0.712439554815303, 0.4922405407483702, 0.9197500217736443, -0.7612004545623372, 0.3050640976974112, 0.33730541866782493]
other derivatives: [-3.39587132 -1.36888048 -0.80362952  0.35670382 -0.04083631  0.55997589]
Current x array =  [-0.72383025 -0.89448603 -0.51524485  0.60308352 -1.9745527  -1.35393812
 -1.03525634 -0.47705889 -0.74369103 -1.6751194  -1.22687975 -2.38383482
 -0.32813967 -0.55697743 -0.80492822 -1.09396334]
log likelihood =  -6675.745660673294
Edge derivatives =  [0.09582328929287742, 0.01952154807035629, 0.5876288430925869, 0.025685094937694664, -0.6740744549098026, 0.36246116645447424, 0.521780975746778, -0.7135952473194844, 0.3112718341361198, 0.4289516872381169]
other derivatives: [-0.0007276  -0.69594535 -0.46038622  0.11350494 -0.27694114  0.46838977]
Current x array =  [-0.72544914 -0.89489604 -0.5154028   0.60339605 -1.97318328 -1.3519881
 -1.03557969 -0.48118025 -0.74828947 -1.66743462 -1.2291828  -2.37123214
 -0.32537475 -0.55873461 -0.80508126 -1.09559922]
log likelihood =  -6675.739173965253
Edge derivatives =  [0.13892314933506145, 0.12363413850183119, 0.6363558637145714, -0.01671647989604108, -0.5773736720359244, 0.3110377281222012, -0.03322611317892119, -0.5125026036898114, 0.19427240869219253, 0.3903121715942445]
other derivatives: [ 1.20598997 -0.35279299  0.48303264 -0.08376446 -0.39226506  0.33642209]
Current x array =  [-0.72596322 -0.89508693 -0.51589562  0.60383024 -1.97257507 -1.34914161
 -1.0357832  -0.48399871 -0.74957376 -1.6648518  -1.23185957 -2.36580862
 -0.32102847 -0.56210023 -0.80454714 -1.0956191 ]
log likelihood =  -6675.733319785408
Edge derivatives =  [0.09031805850141228, 0.20468887755104753, 0.5346130189928993, -0.041606381080321, -0.345484944042857, 0.27642986222026444, -0.2678178867379735, -0.28401000248865715, 0.0892651330132701, 0.2658336047303984]
other derivatives: [ 1.97369445 -0.39153747  0.56852514 -0.20036168 -0.19917934  0.19736035]
Current x array =  [-0.72633429 -0.89495819 -0.51586609  0.60414686 -1.97345382 -1.34509784
 -1.03295494 -0.48625062 -0.74811628 -1.66340634 -1.23593066 -2.3613345
 -0.31872363 -0.564937   -0.80389998 -1.09455136]
log likelihood =  -6675.734297687469
Edge derivatives =  [-0.031920639799840944, 0.13020534140131856, 0.29067147775037006, -0.18528444576110858, -0.1373186389801032, 0.09999118498524695, -0.8163245482597441, 0.15777571895627104, -0.10930297396245026, 0.08840992469326708]
other derivatives: [-3.04398782  1.29030013  2.20816219  0.02410161 -0.32996468 -0.02819434]
Current x array =  [-0.72362271 -0.8973684  -0.51691452  0.60417363 -1.97399841 -1.33981593
 -1.03091905 -0.48688632 -0.74654118 -1.65625888 -1.24230827 -2.34624699
 -0.3144797  -0.57117775 -0.8033843  -1.0936856 ]
log likelihood =  -6675.729864166306
Edge derivatives =  [0.03303693604499491, 0.16982653517487178, 0.42013939710669534, -0.10886868266227256, -0.2471789517886217, 0.19432552379837842, -0.5247984449827523, -0.07600559425558867, -0.0037519051129010217, 0.18291833765425716]
other derivatives: [-0.37352947  0.39844963  1.33795766 -0.09567884 -0.25966074  0.09185896]
Current x array =  [-0.72506266 -0.89608849 -0.51635777  0.60415941 -1.97370922 -1.34262081
 -1.03200018 -0.48654874 -0.74737761 -1.66005444 -1.23892153 -2.354259
 -0.31673338 -0.56786369 -0.80365814 -1.09414535]
log likelihood =  -6675.726449261916
Edge derivatives =  [-0.07928629153772182, 0.20060362028973136, 0.2240835056808823, -0.12007032061818745, -0.02689723345089834, 0.16347111933874126, -0.27862637502064475, 0.060089956849672485, -0.08649553515936836, 0.00935658258189842]
other derivatives: [ 0.07439667  0.02937668  0.38708095 -0.07057679  0.0860382   0.01527951]
Current x array =  [-0.72537589 -0.89571124 -0.51573033  0.60415547 -1.97545366 -1.339676
 -1.02774911 -0.48728363 -0.7441026  -1.65931152 -1.24223655 -2.35085464
 -0.31798519 -0.56869661 -0.80289237 -1.09244661]
log likelihood =  -6675.725540642887
Edge derivatives =  [-0.13905991869206424, 0.14336577705056355, 0.110405546826299, -0.13329544710884067, -0.0010323889066733982, 0.13787917287340645, -0.07879328214477441, 0.041711190452662576, -0.06160720008962045, -0.02889519473444624]
other derivatives: [-0.09749783 -0.01145963  0.08312782  0.00400178  0.07139533  0.01382432]
Current x array =  [-0.7253343  -0.89573832 -0.51554164  0.60401537 -1.9756698  -1.33938591
 -1.02668088 -0.4862377  -0.74256584 -1.65900612 -1.24277056 -2.34908076
 -0.31956566 -0.56823523 -0.80308041 -1.09213967]
log likelihood =  -6675.724967176282
Edge derivatives =  [-0.13104418818293095, 0.0634752112639748, 0.03493996286062284, -0.136384343609387, -0.010650164127444184, 0.1067737608560595, 0.0003555849592381949, 0.044952720818020965, 0.01134791997919904, -0.017562546579532656]
other derivatives: [-0.35279299  0.02301022 -0.74087438  0.08240022 -0.08840289  0.00327418]
Current x array =  [-0.72526691 -0.89582614 -0.5151513   0.60398882 -1.97538911 -1.33949843
 -1.02751214 -0.48438994 -0.74148746 -1.65905919 -1.24283805 -2.34677673
 -0.32028903 -0.5681543  -0.80362012 -1.09236907]
log likelihood =  -6675.72458576739
Edge derivatives =  [-0.14653484358361235, -0.054021662386009126, -0.08351169762174226, -0.13157666568638848, -0.032002701499834474, 0.08234567846393415, 0.125435602777637, 0.04819306406603014, 0.07001208958527677, -0.018479746187686275]
other derivatives: [-0.15206751 -0.01391527  0.0422915   0.0509317  -0.0601176   0.00436557]
Current x array =  [-0.7253457  -0.89581993 -0.51547182  0.60400372 -1.97544873 -1.33962505
 -1.02821734 -0.48208253 -0.73981843 -1.65989716 -1.24283942 -2.34531824
 -0.32127483 -0.56799094 -0.80412067 -1.09241691]
log likelihood =  -6675.724338938132
Edge derivatives =  [-0.10431519860477989, -0.056903373361325615, -0.05347394340442557, -0.1265121222480412, -0.04370872797633324, 0.07052413600808449, 0.06733826477005452, 0.05782088689419667, 0.09042170384923437, 0.009796978959654506]
other derivatives: [-0.05884431  0.04902176 -0.08958523  0.03064997 -0.09667929 -0.00518412]
Current x array =  [-0.72538683 -0.8958693  -0.51542549  0.60408803 -1.97526958 -1.33972623
 -1.02930737 -0.48180926 -0.7401747  -1.65990406 -1.24280429 -2.34420606
 -0.32083191 -0.5681487  -0.80426168 -1.09275371]
log likelihood =  -6675.723947587616
Edge derivatives =  [-0.010690779408734308, -0.04410863487156329, 0.001421967504142252, -0.09843977245181479, -0.04403722235182095, 0.049050153707626776, -0.004015185868309512, 0.06393370038620902, 0.07219610553402783, 0.03559355426852917]
other derivatives: [ 0.10386429  0.08294592 -0.07967174 -0.03165042 -0.03929017 -0.03074092]
Current x array =  [-0.72544079 -0.89586796 -0.51544393  0.60425335 -1.97531736 -1.33978819
 -1.03148464 -0.48151499 -0.74059726 -1.66076631 -1.24306453 -2.34207467
 -0.3201514  -0.56812701 -0.80407993 -1.09311242]
log likelihood =  -6675.723738471184
Edge derivatives =  [0.029334894053782534, -0.03711458753117933, 0.011221614448566175, -0.08181313545802171, -0.036861929227187396, 0.012788996943048248, -0.039203222557439264, -0.00981053626818812, 0.004502502218778015, 0.025790563466105032]
other derivatives: [-0.06439222 -0.21136657 -0.02837623 -0.01091394 -0.05011316 -0.04929461]
Current x array =  [-0.72537566 -0.89548885 -0.51550202  0.60411565 -1.9752694  -1.3399086
 -1.03276698 -0.48157256 -0.74074478 -1.66173282 -1.24373402 -2.33908362
 -0.31994505 -0.56743558 -0.80364822 -1.09322882]
log likelihood =  -6675.723669925024
Edge derivatives =  [0.06412982256985988, -0.005585627042794902, 0.025918114839695416, -0.050629606727245924, 0.00475345899784041, -0.0027020750841075802, 0.006954966230103901, -0.03820219551417926, -0.03978699358642335, 0.01018224611324442]
other derivatives: [ 0.29885996  0.18271749  0.07730705  0.00536602  0.03446985 -0.0509317 ]
Current x array =  [-0.72552128 -0.89595343 -0.51553028  0.60397783 -1.97556063 -1.34010177
 -1.03326403 -0.4817125  -0.74055949 -1.6629769  -1.24436294 -2.33741092
 -0.32014407 -0.56679871 -0.80322582 -1.09307669]
log likelihood =  -6675.723596868063
Edge derivatives =  [0.04237294396919378, -0.012959465378020799, 0.011740982757517227, -0.053578047028016274, -0.0028725785109370294, 0.0065943156114799395, 0.02030036914971764, -0.04001328282503052, -0.0289618850011627, 0.00738042882580231]
other derivatives: [ 0.05420588  0.02637535  0.02810339  0.01145963  0.02401066 -0.04038156]
Current x array =  [-0.7254136  -0.89578347 -0.51551353  0.60399445 -1.9755431  -1.3401912
 -1.03283191 -0.48172936 -0.74044551 -1.66305522 -1.24417083 -2.33831621
 -0.32027504 -0.56681185 -0.80332827 -1.0930084 ]
log likelihood =  -6675.723569378797
Edge derivatives =  [0.030138645785173224, -0.011247734477237745, 0.002798169009003537, -0.049219732593211885, 0.0006230528816357217, 0.011677570423411998, 0.032029104755365786, -0.0416269425816921, -0.027995652291055273, 0.0009256806788623118]
other derivatives: [-0.05238689 -0.0253749   0.0093678   0.01537046  0.02919478 -0.03137757]
Current x array =  [-0.72536476 -0.89573066 -0.51550555  0.60399587 -1.9755719  -1.34029938
 -1.03252835 -0.48181594 -0.74031329 -1.663409   -1.24415854 -2.33875908
 -0.3203491  -0.56676872 -0.80333769 -1.09290633]
log likelihood =  -6675.723533922734
Edge derivatives =  [0.01935011996850622, -0.007200914480213358, -0.007484543279676625, -0.03830412268201466, 0.008265905994839062, 0.01587747677895124, 0.03703929483303353, -0.038821335092461155, -0.025085392363491388, -0.007175949721379499]
other derivatives: [-0.10786607 -0.05711627 -0.00991349  0.01273293  0.03110472 -0.01891749]
Current x array =  [-0.72533925 -0.89569542 -0.51549672  0.60401472 -1.97557791 -1.34049909
 -1.03224537 -0.48192055 -0.74012027 -1.6641271  -1.24420639 -2.33909643
 -0.32034535 -0.56675559 -0.80335907 -1.09277577]
log likelihood =  -6675.723482378776
Edge derivatives =  [0.010864195735404425, -0.0017966355126454725, -0.016716852111955838, -0.017229202277875166, 0.014396790344607668, 0.015433410756642063, 0.015542582368816435, -0.025232161291988228, -0.014827941046986315, -0.013053004314292765]
other derivatives: [-0.15343176 -0.02946763  0.00554792  0.00554792  0.00318323 -0.0001819 ]
Current x array =  [-0.72531217 -0.89572039 -0.51551587  0.60404583 -1.97545165 -1.34089044
 -1.03207017 -0.48205507 -0.73993415 -1.66544437 -1.24429375 -2.33907388
 -0.32012219 -0.56688253 -0.80345782 -1.0926693 ]
log likelihood =  -6675.723922823701
Edge derivatives =  [-0.01852436632363197, 0.008562723826904775, -0.02251614939758806, 0.013381894276259243, 0.022613674246587778, 0.019860781602083488, 0.02928615304859697, 0.013199694560440747, 0.030913067525662474, -0.01897949247434605]
other derivatives: [ 0.96679287 -0.44528861 -0.26975613 -0.05338734  0.01646185  0.03783498]
Current x array =  [-0.72592514 -0.89511227 -0.51532726  0.60405395 -1.97534472 -1.3414105
 -1.03111812 -0.48231204 -0.73963072 -1.66725643 -1.24421524 -2.33942874
 -0.32003744 -0.56719431 -0.80371973 -1.09250011]
log likelihood =  -6675.723475849969
Edge derivatives =  [0.007699441881739211, -0.0006777024629452261, -0.017340696842884196, -0.01392294594846799, 0.015283558010101006, 0.01591113353310092, 0.0170279704828092, -0.021085933062122267, -0.009894539522275425, -0.0136905383070835]
other derivatives: [-0.03265086 -0.07430572 -0.02410161 -0.00100044  0.00463842  0.00381988]
Current x array =  [-0.72537825 -0.89565483 -0.51549553  0.60404671 -1.97544012 -1.34094651
 -1.03196753 -0.48208277 -0.73990144 -1.66563971 -1.24428529 -2.33911213
 -0.32011306 -0.56691614 -0.80348606 -1.09265106]
      fun: 6675.723475849969
 hess_inv: <16x16 LbfgsInvHessProduct with dtype=float64>
      jac: array([ 0.03265086,  0.07430572,  0.02410161,  0.00100044, -0.00463842,
       -0.00381988, -0.00769944,  0.0006777 ,  0.0173407 ,  0.01392295,
       -0.01528356, -0.01591113, -0.01702797,  0.02108593,  0.00989454,
        0.01369054])
  message: b'CONVERGENCE: REL_REDUCTION_OF_F_<=_FACTR*EPSMCH'
     nfev: 56
      nit: 48
   status: 0
  success: True
        x: array([-0.72537825, -0.89565483, -0.51549553,  0.60404671, -1.97544012,
       -1.34094651, -1.03196753, -0.48208277, -0.73990144, -1.66563971,
       -1.24428529, -2.33911213, -0.32011306, -0.56691614, -0.80348606,
       -1.09265106])
