number of sites to be analyzed:  748
log likelihood =  10112.56689455481
Lr derivatives =  [-420.05980546852913, -726.8974731858531, -388.8345859160984]
other derivatives =  [  2.66900315 -24.44030542  36.48819984  44.10248948 557.33798945
  39.90408004]
Current x_clock array =  [-0.71750562 -0.82848059 -0.576777    0.74193734 -0.10536052 -0.51082562
 -0.51082562 -0.51082562 -0.51082562]
log likelihood =  9673.03727510982
Lr derivatives =  [252.01721165133497, -333.9200558364471, -180.38853441779102]
other derivatives =  [  -8.1718099    66.50861906 -206.7297828    17.72950782  427.14455049
   58.31843737]
Current x_clock array =  [-0.72131091 -0.82737068 -0.62879943  0.67905896 -0.89997576 -0.56771819
  0.08806756 -0.51009732 -0.51009732]
log likelihood =  9357.384712742289
Lr derivatives =  [164.01963755368695, -225.05100630750445, -94.17806938596193]
other derivatives =  [ -8.68712959  56.88416422 245.03115128  22.64969226 217.3906978
  47.54710972]
Current x_clock array =  [-0.7155233  -0.89618911 -0.45891223  0.62876294 -1.72959414 -0.65361274
  0.16505192 -0.37099046 -0.43375929]
log likelihood =  9343.025791884014
Lr derivatives =  [-116.91722905495189, -200.53282138781626, -12.78692563029108]
other derivatives =  [ -92.44467947  -82.60994946 -580.52974055   80.47536539 -203.82613002
   18.710125  ]
Current x_clock array =  [-0.69774623 -1.04583397 -0.72732674  0.54228839 -2.86393415 -0.80675712
  0.06622531 -0.05332308 -0.30417434]
log likelihood =  9209.482618649847
Lr derivatives =  [24.72061061734103, -105.97154050997284, 43.47293916319707]
other derivatives =  [ 150.89353838  -20.53729986 -101.64803825   34.52860255  -31.63549991
   33.249853  ]
Current x_clock array =  [-0.65989798 -0.98597244 -0.53602068  0.53180259 -2.40895343 -0.77954308
  0.02447223  0.         -0.29737384]
log likelihood =  9206.325830273487
Lr derivatives =  [43.16782086383997, -104.7171979711496, 26.124914303660205]
other derivatives =  [-168.22341422  -11.35849743  108.05269994   25.62228474   12.26417226
   35.84464139]
Current x_clock array =  [-0.74981325 -0.96026616 -0.47987262  0.5197956  -2.24556171 -0.78446806
 -0.00908993  0.         -0.32111542]
log likelihood =  9199.693017170965
Lr derivatives =  [29.003307300209368, -114.28692511076864, 20.03906905034799]
other derivatives =  [-29.45052984  -9.59298632   5.07334335  29.07436283  -0.64683263
  34.2117346 ]
Current x_clock array =  [-0.70820513 -0.9625111  -0.50809661  0.51654837 -2.26604004 -0.79113517
 -0.02260486  0.         -0.32124717]
log likelihood =  9198.12500214413
Lr derivatives =  [16.415341818101194, -125.32771081398359, 8.684691552731557]
other derivatives =  [12.37913239 -5.80075721 -1.01099431 27.86946425 -2.17514753 32.924072  ]
Current x_clock array =  [-0.69697113 -0.95747606 -0.51198673  0.50525151 -2.24464314 -0.80425566
 -0.04667926  0.         -0.32704302]
log likelihood =  9195.877335221836
Lr derivatives =  [-12.858453569155888, -150.69572316225313, -16.33092504381677]
other derivatives =  [ 32.76309144   0.62500476 -11.51474862  22.58329914  -4.08854248
  29.41251296]
Current x_clock array =  [-0.69149603 -0.94498201 -0.51965143  0.47020666 -2.19351443 -0.84496635
 -0.09913204  0.         -0.3380761 ]
log likelihood =  9193.720938013306
Lr derivatives =  [-25.047049306726407, -159.90198795678083, -20.611841507176266]
other derivatives =  [29.73429218  2.92966433 -5.76383172 12.11647032 -4.07126208 25.7656211 ]
Current x_clock array =  [-0.69262978 -0.9384005  -0.5208371   0.42332109 -2.17185597 -0.90399612
 -0.12543432  0.         -0.33217947]
log likelihood =  9189.630236949266
Lr derivatives =  [-19.968800098403456, -153.6360859440047, -5.554915439779975]
other derivatives =  [  6.63931132  -0.46165951  -7.45785655 -10.5048457   -2.9353032
  17.05957402]
Current x_clock array =  [-0.69939504 -0.93733609 -0.52362005  0.32883026 -2.17189621 -1.08222856
 -0.13464311  0.         -0.30633238]
log likelihood =  9187.58973506774
Lr derivatives =  [-3.9338232925215983, -143.30910148531868, -12.538613509024415]
other derivatives =  [ -7.415656    15.25768312  24.09615263 -15.9816409   -0.80253812
   9.26120265]
Current x_clock array =  [-0.70455672 -0.92927924 -0.5128026   0.30960965 -2.18347819 -1.25528304
 -0.11223819  0.         -0.31187234]
log likelihood =  9186.241623878448
Lr derivatives =  [12.633892156210667, -128.7454056285821, 0.0927784286495168]
other derivatives =  [ -5.22286427  -3.9477527   -4.14456736 -16.11679181   3.68545443
   4.53674147]
Current x_clock array =  [-0.70361499 -0.94603382 -0.51960033  0.31132898 -2.18508067 -1.41986221
 -0.09974474  0.         -0.29800925]
log likelihood =  9185.579519703115
Lr derivatives =  [7.260587223653463, -128.29933702030868, 1.9201884946470429]
other derivatives =  [ 0.40272425 -6.34918251  6.8142981  -9.54678399 -2.90419848  1.8018909 ]
Current x_clock array =  [-0.70179673 -0.95036569 -0.51513994  0.33688062 -2.19871816 -1.5350108
 -0.09989529  0.         -0.29059412]
log likelihood =  9185.599980367908
Lr derivatives =  [20.68075303931981, -119.80403296883809, 7.368793030861518]
other derivatives =  [  4.3595719   20.97040124 -24.73170753   3.26381269   9.07330104
  -0.74687705]
Current x_clock array =  [-0.70177987 -0.93020962 -0.52428361  0.38833322 -2.14277734 -1.69283867
 -0.11322053  0.         -0.28189196]
log likelihood =  9185.28484229503
Lr derivatives =  [13.924297089014633, -124.10333921084896, 4.530785989586356]
other derivatives =  [ 2.34431354  6.92234607 -8.8410161  -3.32620402  2.95876816  0.43492037]
Current x_clock array =  [-0.70178847 -0.94049485 -0.51961779  0.36207801 -2.1713228  -1.61230234
 -0.10642093  0.         -0.2863325 ]
log likelihood =  9185.152116070767
Lr derivatives =  [0.5238682638984642, -132.00562024013317, -1.5229333513342453]
other derivatives =  [-2.11657607 -1.39752956 -1.43809302  0.39108272 -0.24119799 -0.15825208]
Current x_clock array =  [-0.70239302 -0.94528755 -0.51773919  0.37593592 -2.16461263 -1.65187327
 -0.11937207  0.         -0.28600888]
log likelihood =  9185.14863019238
Lr derivatives =  [0.43752528247485145, -131.9408153483701, -0.13953504729681043]
other derivatives =  [ 1.72603905 -0.28121576  0.90076355  0.01946319  0.23283064 -0.05475158]
Current x_clock array =  [-0.70148556 -0.94431289 -0.51727233  0.37467804 -2.1626165  -1.64997872
 -0.12094757  0.         -0.28464018]
log likelihood =  9185.147926692809
Lr derivatives =  [0.1414406234892276, -132.1665418497011, -0.14664697892216338]
other derivatives =  [ 0.40763553 -0.07930794  0.01964509 -0.02237357  0.0691216  -0.02291927]
Current x_clock array =  [-0.70181359 -0.94405874 -0.51754722  0.37421438 -2.16264153 -1.64822488
 -0.1212998   0.         -0.28458354]
log likelihood =  9185.147868033651
Lr derivatives =  [0.0038219961693855, -132.24021285997966, -0.03750758950570798]
other derivatives =  [ 0.01182343  0.00582077 -0.02473826 -0.0174623   0.00582077 -0.00509317]
Current x_clock array =  [-0.70191404 -0.94396021 -0.51756776  0.37415266 -2.16263958 -1.64749733
 -0.12148228  0.         -0.28445468]
log likelihood =  9185.147866316029
Lr derivatives =  [0.0011572364902221466, -132.23481519897004, -0.0019957212463950214]
other derivatives =  [-0.01236913  0.00254659  0.00472937 -0.00654836  0.00254659 -0.00181899]
Current x_clock array =  [-0.70192015 -0.94396371 -0.51755748  0.37419864 -2.16264901 -1.64736949
 -0.12148529  0.         -0.28442651]
      fun: 9185.147866316029
 hess_inv: <9x9 LbfgsInvHessProduct with dtype=float64>
      jac: array([-1.23691279e-02,  2.54658516e-03,  4.72937245e-03, -6.54836185e-03,
        2.54658516e-03, -1.81898940e-03,  1.15723649e-03, -1.32234815e+02,
       -1.99572125e-03])
  message: b'CONVERGENCE: REL_REDUCTION_OF_F_<=_FACTR*EPSMCH'
     nfev: 21
      nit: 19
   status: 0
  success: True
        x: array([-0.70192015, -0.94396371, -0.51755748,  0.37419864, -2.16264901,
       -1.64736949, -0.12148529,  0.        , -0.28442651])
