number of sites to be analyzed:  1601
log likelihood =  -66030.2789720677
Edge derivatives =  [490.7372946977327, 331.09839740086727, 577.4439711368215, 683.2758016577711, 135.39614606237828, 193.153134640044, 918.3923283169439, 1824.1070597365053, 398.845215674164, 351.388776413903, 601.5361977528096, 468.08260594122254, 1201.0999116287135, 664.1411780333309]
other derivatives: [ -411.87158786   598.87242969  -941.16549008  -167.59877326
 -2373.11178353  1056.82120193]
Current x array =  [-0.65831435 -0.71064211 -0.50321878  0.74193734 -0.10536052 -0.51082562
 -4.60517019 -4.60517019 -4.60517019 -4.60517019 -4.60517019 -4.60517019
 -4.60517019 -4.60517019 -4.60517019 -4.60517019 -4.60517019 -4.60517019
 -4.60517019 -4.60517019]
log likelihood =  -62678.66558558871
Edge derivatives =  [455.5254790911367, 333.50399931801854, 576.9300336574612, 657.7290497064016, 132.89936225734684, 195.12164611838006, 887.5841440935742, 1862.790880728877, 385.32036481145667, 342.8720050579571, 601.8259352991307, 462.2744862459019, 1217.3570873177941, 647.1334286044615]
other derivatives: [ 1579.36228788   753.50835687  -333.55536289  -370.17598515
 -1388.94392876   913.30875875]
Current x array =  [-0.76523209 -0.71047062 -0.7475359   0.69843038 -0.72139654 -0.50887589
 -4.4777797  -4.51922036 -4.45527152 -4.42779864 -4.5700227  -4.55502957
 -4.36676475 -4.13165028 -4.50163397 -4.51395318 -4.44901742 -4.48366063
 -4.29337669 -4.43276579]
log likelihood =  -61243.754971447794
Edge derivatives =  [371.0535352678288, 305.6081649376719, 513.3740064411387, 490.36496870162415, 84.47656406442802, 179.19943817229787, 635.3817623767103, 975.1497637267711, 280.85449558598833, 322.0263071704244, 525.6068317886541, 399.2417509787079, 940.4557516970029, 502.97468171736284]
other derivatives: [-64896.67284768   2016.64151973   2316.54412346  -2429.76675509
   2716.41183645    627.41237343]
Current x array =  [-0.09479698 -0.49253767 -2.03298949  0.24743118 -4.3541608  -0.41139512
 -3.60628242 -3.91252803 -3.40055023 -3.19759374 -4.32441514 -4.20069911
 -2.71072185 -0.77105113 -3.78254103 -3.87799233 -3.34970119 -3.63254458
 -2.08714455 -3.23142089]
log likelihood =  -56980.10288579595
Edge derivatives =  [398.20444228551014, 331.15472894865627, 567.0315835697481, 614.5008123673149, 116.41343892103005, 190.47610156368705, 808.515066735505, 1850.4085689640194, 354.18966987759825, 328.88488915785706, 585.5061487237112, 443.6994459323737, 1203.8110175344327, 600.6602932766854]
other derivatives: [-1641.96753758  1229.62446767    44.61981007  -638.03017838
   436.88269216   702.25214586]
Current x array =  [-0.54530447 -0.63898051 -1.16921242  0.55048589 -1.91307815 -0.47689858
 -4.19189623 -4.32020274 -4.10928376 -4.02424574 -4.4894543  -4.43879602
 -3.82352117 -3.02924894 -4.26574477 -4.3053344  -4.08840087 -4.20446296
 -3.5696506  -4.03868005]
log likelihood =  -56248.09065673669
Edge derivatives =  [174.50937186623014, 226.53386683280735, 320.85583628148794, 257.1790361584936, 14.238483983303034, 122.22154780520911, 230.2948010273771, -34.28497517919695, 122.81896572091073, 200.88436791137332, 341.73104821072064, 269.6017763986408, -52.628177709026886, 267.0894839410398]
other derivatives: [  1847.67050087 -56821.45783794   2766.47333521   -338.39751268
   2464.01905315    466.79124353]
Current x array =  [-0.8450038  -0.05       -2.12085164 -0.11596136 -4.45201554 -0.31834162
 -3.32787697 -3.6913323  -3.02041231 -2.77801567 -4.24378308 -4.07298357
 -2.15529046  0.46250064 -3.5397932  -3.65540343 -2.95625324 -3.33281805
 -1.28292292 -2.82133081]
log likelihood =  -53324.460871895106
Edge derivatives =  [355.55063003022906, 316.1409706803225, 543.9511847551481, 566.9378344930169, 95.75889629656807, 181.38204236155852, 718.9158651108438, 1634.0881424588463, 321.5213472761874, 307.9833486963136, 557.1712441835996, 416.34630731175184, 1120.5519554037503, 547.1705747121688]
other derivatives: [ 317.37290556  692.71263783   83.71571312 -444.27142711 1346.94128064
  564.44914662]
Current x array =  [-0.6283769  -0.47572342 -1.43299339  0.36575611 -2.61683578 -0.43294882
 -3.95240227 -4.14588873 -3.80746395 -3.67880834 -4.4213577  -4.33739797
 -3.36111114 -2.0613852  -4.06452123 -4.1251827  -3.77458551 -3.96285528
 -2.93580194 -3.70124801]
log likelihood =  -54336.29867825838
Edge derivatives =  [68.88394830197639, 175.08595650486566, 165.86061286219098, 67.2347333236211, -20.870981124121414, 64.64540920387307, -145.96072536470717, -34.62453793190021, 15.2270384629638, 116.21290555315495, 150.6693813637918, 159.0416061743308, -1013.7303093910156, 70.66600184068122]
other derivatives: [ -4785.40678159 -28284.74680427   3934.0055082    -248.49214242
   1766.81423909    482.85801313]
Current x array =  [-0.48548121 -0.11336304 -2.4276946  -0.17367472 -4.25875592 -0.17799807
 -3.10478359 -3.51258777 -2.70877319 -2.44096474 -4.18926166 -3.97020389
 -1.73164     1.33748715 -3.34932376 -3.47542592 -2.63746965 -3.09209214
 -0.65995152 -2.50078493]
log likelihood =  -50065.95883249535
Edge derivatives =  [263.07392324918595, 272.39018218290664, 445.5530950823774, 388.6277945494875, 49.01663074806867, 148.40432003242054, 489.6257661318685, 206.05478787464787, 221.57287243561407, 248.66101924589321, 447.09848373529576, 337.8905717065903, 604.7929073536087, 406.7333040633828]
other derivatives: [ -786.64888861 -3046.91566271  1670.06073752  -182.58142518
  1981.00024136   385.21247916]
Current x array =  [-0.5589171  -0.29958459 -1.91650517  0.10354555 -3.41495256 -0.30902046
 -3.54038547 -3.83804908 -3.27340416 -3.0771081  -4.30853873 -4.15890953
 -2.56904566 -0.409236   -3.71687271 -3.80934408 -3.22184776 -3.53958824
 -1.82953961 -3.11771797]
log likelihood =  -48193.624363891875
Edge derivatives =  [281.06964428222165, 252.817157657755, 446.3610826993833, 319.6532976322117, 52.61280439018343, 128.73271972530125, 342.96259245835375, 50.63734335734305, 179.25777081161408, 232.29848054896894, 392.62823410340815, 298.06171776506443, 99.03839248553456, 375.3128430320611]
other derivatives: [  -6.06523827 1781.63172677 2251.49706239  129.42255125 1730.07065314
  206.48367354]
Current x array =  [-0.67883246 -1.00374354 -1.81830447 -0.11500933 -3.58667409 -0.07980348
 -3.18531961 -3.55586221 -2.79099117 -2.56102885 -4.21712904 -3.99768845
 -1.89280562  0.76960973 -3.41884689 -3.52707074 -2.72578464 -3.16016091
 -0.91578591 -2.60846799]
log likelihood =  -46107.004032632925
Edge derivatives =  [302.22823675995744, 237.85357329174124, 463.32656688590583, 292.56600373868235, 55.623946559147214, 119.77880002903281, 305.83240213734865, -72.61726983507052, 167.3561736209868, 220.14008078953484, 369.9159993081874, 275.0578846366902, 18.397138589027215, 371.7631309240203]
other derivatives: [1318.2303519  1775.49300133 1786.33563337  280.8024874  1170.56551971
  -31.84613888]
Current x array =  [-0.77158329 -1.02297097 -1.30948936 -0.13519352 -3.23194623  0.10120919
 -3.03013186 -3.42477369 -2.56506391 -2.35306934 -4.18260028 -3.92617208
 -1.63635426  1.06765336 -3.30007329 -3.40067766 -2.50663396 -2.99298017
 -0.64370789 -2.39127203]
log likelihood =  -49561.745916599524
Edge derivatives =  [261.3434958061054, 182.72473217057305, 298.9281238071241, -18.730793854944523, 31.398553797355827, 40.07335776558943, -116.28935671687782, -1841.43464289161, 42.48216097351005, 169.1408140657726, -8.853765153892104, 79.63223920717647, -842.5388829733096, 119.32333881087877]
other derivatives: [   808.1595297    1179.5455066  -59797.29467072    871.47636805
  -2179.63388423  -1202.99155242]
Current x array =  [-0.74718769 -0.89907686 -0.05       -0.0395051  -2.20442124  0.52978989
 -2.40600509 -2.92751849 -1.66454002 -1.58613561 -4.04878159 -3.65827146
 -0.70410604  1.95370994 -2.85931582 -2.9210561  -1.68107649 -2.36811162
  0.24097069 -1.55654927]
log likelihood =  -44077.3256574089
Edge derivatives =  [301.08255317545104, 209.57487613459418, 454.18356530053694, 206.77852430138302, 50.53097962424434, 98.11798685906844, 205.9989783450813, -617.3938148326434, 126.85636433810299, 192.01588853136803, 277.06289733360757, 216.60643195025034, -140.45251730680192, 321.37430075674985]
other derivatives: [1194.15562949 1548.64537762  693.49989644  593.77780417   42.72296792
 -537.30982472]
Current x array =  [-0.76016356 -0.96497538 -0.71991471 -0.09040119 -2.75095552  0.30183043
 -2.73797431 -3.1920055  -2.14352319 -1.99406298 -4.11995893 -3.80076617
 -1.19996318  1.48242185 -3.09375203 -3.17616388 -2.12018547 -2.70047539
 -0.22958445 -2.00053322]
log likelihood =  -44512.64976234504
Edge derivatives =  [237.81554560094898, 182.4024027812312, 329.7536414969681, 86.07879626290621, 37.56251893714254, 58.63911772733735, -44.49916532089825, -832.6460588368627, 67.04816500592308, 171.04686174297177, 97.78909058629989, 134.50054218333096, -462.7435315907666, 184.8142645944577]
other derivatives: [  -390.77131078    -19.77168722 -16351.09219933    510.26872825
   -819.67518781   -568.73905123]
Current x array =  [-0.69793736 -0.69372647 -0.14453591  0.29938067 -2.34954673  0.0863127
 -2.37094883 -2.90933694 -1.59051589 -1.6407807  -4.05205892 -3.65834569
 -0.79150615  1.24865793 -2.88462827 -2.91222725 -1.70526134 -2.37869428
 -0.01298941 -1.55588338]
log likelihood =  -43269.085801297784
Edge derivatives =  [276.23120572698565, 196.1493315420666, 422.89467100508216, 168.19806440866992, 45.97761409002033, 83.87425286265383, 129.09975531920438, -629.7470447546939, 104.01632217998387, 179.37613429802892, 215.0493541818312, 186.40460929002103, -210.6468186449551, 277.87596734207517]
other derivatives: [  543.90329751   959.0490663  -1635.13614098   556.19093473
  -263.69307307  -584.72796809]
Current x array =  [-0.72908517 -0.82950222 -0.43254624  0.10427233 -2.55047502  0.19419178
 -2.55466629 -3.05082889 -1.86732799 -1.8176189  -4.0860468  -3.72963537
 -0.9959625   1.36567028 -2.98930679 -3.04434278 -1.91295484 -2.53976432
 -0.12140774 -1.77845632]
log likelihood =  -42446.35455551125
Edge derivatives =  [171.76161500550498, 152.6532455584413, 254.837141893322, 85.9156210772134, 27.557816394312088, 60.249398900832496, -87.7573375689675, -395.1109309065191, 50.7216478140018, 131.0625793626799, 73.94868086667503, 128.46775568213036, -396.89589018609905, 114.10261147299227]
other derivatives: [-1067.8115359  -2543.90761256  -415.70310714   -78.40426406
  -191.10520952  -319.09148674]
Current x array =  [-0.63822996 -0.47147183 -0.4915153   0.51610192 -2.42192741 -0.18224448
 -2.25618959 -2.82651738 -1.41380617 -1.56327685 -4.03286448 -3.62088516
 -0.71612691  0.98845846 -2.83636794 -2.83666185 -1.60663878 -2.29663963
 -0.04911108 -1.43473928]
log likelihood =  -42064.21218917194
Edge derivatives =  [175.27184512906595, 154.7327313564661, 261.798440697399, 105.39838239982966, 29.513211432476442, 61.529593585856645, -60.817080649763945, -253.16338106124695, 56.7877555533613, 138.21240499229268, 85.58010597976848, 134.02579047014305, -301.42066390350834, 127.82617288160596]
other derivatives: [-402.36918721 -610.99563027  -65.45014912 -138.48039089  -26.01445885
 -288.05516195]
Current x array =  [-0.66684194 -0.63157835 -0.51434907  0.55159291 -2.45959395 -0.27131524
 -2.20016596 -2.7824222  -1.33053467 -1.52007272 -4.0223481  -3.60064568
 -0.68577643  0.92573936 -2.81036375 -2.79660518 -1.55974272 -2.25207437
 -0.0711187  -1.37811381]
log likelihood =  -41760.72322223637
Edge derivatives =  [124.8684614886815, 131.99221081187267, 140.3801000407403, 76.48804420040224, 22.79673176234095, 46.5869654985814, -154.90246899852025, -42.62784484591443, 36.27065476983936, 119.92436512827928, -5.305703181576893, 93.83511769964186, -277.43391757004986, 27.400027880239]
other derivatives: [ -62.23272067  -25.54515959 -135.89451555 -371.34013837   -7.44767021
 -180.75370463]
Current x array =  [-0.69499554 -0.73216698 -0.47987816  0.76216988 -2.40997407 -0.56106296
 -1.9534666  -2.59042656 -0.96012671 -1.30855792 -3.9767938  -3.50903384
 -0.48716321  0.69491704 -2.684685   -2.61945446 -1.32067492 -2.04756518
 -0.04924014 -1.10558219]
log likelihood =  -41563.7895484601
Edge derivatives =  [79.60785714565809, 117.32670563731347, 12.60420817653058, 58.9357203672139, 16.695376024734973, 37.302866196326896, -171.10586466312083, 62.48402498795386, 33.042538059745226, 106.65251883892442, -38.15212046578489, 61.27437125230195, -133.54982987217795, -40.93678694111205]
other derivatives: [-332.61312637  221.29606805  -14.51553544 -184.30509954   34.58408173
  -51.09177437]
Current x array =  [-0.67615583 -0.77756732 -0.49204349  0.62613792 -2.3819401  -0.81971331
 -1.78057549 -2.4325221  -0.73289214 -1.18661807 -3.94594534 -3.44506561
 -0.52366265  0.51068186 -2.61719458 -2.47588033 -1.24118956 -1.91353099
 -0.23592018 -0.99244233]
log likelihood =  -41569.53116239971
Edge derivatives =  [21.759295104179678, 98.5176821602477, -145.9952434618775, 21.420604408866883, 9.54288482680573, 26.845746301534557, -146.19853527223157, 31.294285705110607, 39.14929105223571, 78.42721507795696, -53.59523618307185, 9.837220430610824, 57.75580509070512, -95.49480528150102]
other derivatives: [1436.8473785    51.89067451  361.38953874   85.66785255 -198.57325242
   31.37829481]
Current x array =  [-0.84218365 -0.73261503 -0.51809789  0.41664059 -2.22375344 -1.04991628
 -1.5688765  -2.19591785 -0.54621079 -1.03239499 -3.90715044 -3.35843456
 -0.70974168  0.41766273 -2.5305771  -2.26109034 -1.20697831 -1.74967435
 -0.48705613 -0.94240693]
log likelihood =  -41498.878553895214
Edge derivatives =  [53.345581854639505, 108.7908716378098, -60.32636732306824, 43.583321686517785, 13.146471397955468, 32.25393704157823, -158.2266993751886, 46.906847937416885, 35.54297134288484, 93.94507433357084, -44.77756114700772, 37.6202548954243, -42.20302541534005, -66.41839786634827]
other derivatives: [618.28250182 145.00910765 179.98827389 -62.47355486 -67.16509233
  -9.91931302]
Current x array =  [-0.75632974 -0.75586011 -0.50462501  0.52497282 -2.30555264 -0.93087705
 -1.67834722 -2.31826722 -0.64274475 -1.1121446  -3.9272115  -3.40323196
 -0.61351918  0.46576344 -2.57536748 -2.37215944 -1.22466914 -1.83440553
 -0.35719234 -0.96828051]
log likelihood =  -41456.24266273578
Edge derivatives =  [41.63953375509309, 107.1201623674099, -87.7676594683363, 42.65254220031198, 11.600904357688396, 30.736607412917436, -127.97553179397886, 53.65769554293215, 42.94353824508872, 90.09335089822868, -29.51912385049397, 28.743461089710483, 48.842050646094236, -61.93513700135771]
other derivatives: [190.67374524 102.83256415  13.55801942 101.0397682  -61.11949915
  27.65009413]
Current x array =  [-0.72078859 -0.74797111 -0.50307971  0.40534629 -2.29007656 -0.99666142
 -1.64088619 -2.26133081 -0.63378267 -1.09658047 -3.92071737 -3.38680878
 -0.72635222  0.4193898  -2.56684235 -2.32225554 -1.25739223 -1.81005094
 -0.4798179  -0.9977952 ]
log likelihood =  -41431.85462636828
Edge derivatives =  [33.769293902914136, 104.54707644424596, -91.35498688838656, 38.96282655946033, 10.005194739213765, 28.6532436940613, -109.51766469864003, 22.218425637850814, 42.96755136945514, 80.51001666031732, -25.39091468940512, 18.58769842659725, 57.54561154285278, -56.57286343735816]
other derivatives: [ -8.47503543  13.97129381  50.32416084 136.9335223  -61.57206371
  33.67749741]
Current x array =  [-0.70620423 -0.73641521 -0.50856949  0.37667485 -2.29712165 -1.00728694
 -1.60874803 -2.20458    -0.64677557 -1.06895191 -3.91337966 -3.3690792
 -0.7958492   0.44943685 -2.5465281  -2.27263658 -1.27068659 -1.78565103
 -0.49760486 -1.01878282]
log likelihood =  -41370.58603958758
Edge derivatives =  [4.706686823560118, 91.94429274400487, -89.26654274026679, 24.63247346833457, 4.676258709177962, 20.09660683929303, -60.6480044476853, -64.16001898901142, 38.71424261592732, 38.158709812315436, -18.64232309979218, -21.39148256450709, 56.07259447955906, -36.45054286246114]
other derivatives: [-316.11853046 -259.68402042   14.71780706  161.55827325  -59.42783901
   39.63796189]
Current x array =  [-0.68850257 -0.70622443 -0.50353814  0.35953763 -2.33345602 -1.03668288
 -1.47837887 -1.97753738 -0.6898531  -0.94768216 -3.88319337 -3.29642403
 -1.01837302  0.56096786 -2.45562254 -2.07783389 -1.29582046 -1.6866465
 -0.50611237 -1.07709444]
log likelihood =  -41328.48399154037
Edge derivatives =  [-18.278444583700963, 78.51026360124588, -67.27937268489185, 16.187327948056097, 1.1633359325080237, 13.50216419443023, -28.20213527616251, -77.41159772609888, 34.10577020692624, -2.891190560139631, -10.236827227626204, -49.508232219151246, 47.00878574698402, -13.74301556163531]
other derivatives: [-269.48255254 -297.78311728   36.07856343   96.71202861    5.67961251
   38.49054337]
Current x array =  [-0.69290758 -0.70783899 -0.49749673  0.40435766 -2.38699793 -1.05950234
 -1.36867166 -1.76517648 -0.74043264 -0.8373702  -3.85655548 -3.23063597
 -1.19989482  0.62909114 -2.36754591 -1.91073978 -1.31276358 -1.61233323
 -0.48656908 -1.12361241]
log likelihood =  -41293.05151410593
Edge derivatives =  [-61.84146455951021, 42.00294543264536, -54.83474522534469, -34.03375754264851, -2.668009123613891, 6.034330991455803, -15.712866430357776, -99.25866166868548, 16.065521675632173, -56.266235288061026, -12.481690469447452, -58.0944465006539, -32.61631291875739, -17.321097927684605]
other derivatives: [-256.8209311   -34.51641533  213.03276299   33.05176506 -141.05462469
   18.69921107]
Current x array =  [-0.69300486 -0.75141714 -0.50460893  0.47469736 -2.31524005 -1.06728899
 -1.26286028 -1.39241893 -0.82791422 -0.66794059 -3.8213828  -3.13034522
 -1.42312467  0.61760322 -2.20721678 -1.7434727  -1.32132976 -1.60362551
 -0.4135809  -1.15013918]
log likelihood =  -41288.055074785734
Edge derivatives =  [-43.22664981458157, 36.42559802945131, 14.480569195257749, -7.2033751607899665, -0.9062044690720329, 8.298327017139007, 12.699079716408805, 6.973510016804818, 18.316868960823, -48.187504616976064, 20.23511925284555, -22.7058899624925, -31.49516215184458, 21.411046055526043]
other derivatives: [ 9.20597813e+01  4.65675839e+01 -7.43722194e+02 -2.51020538e+00
  2.82088877e+01 -6.61384547e-01]
Current x array =  [-0.72071573 -0.75881687 -0.43400974  0.5070312  -2.37905741 -1.02512642
 -1.29187001 -1.20724785 -0.96300838 -0.63669254 -3.81315054 -3.09216324
 -1.56502589  0.56812173 -2.13421727 -1.73168241 -1.36685265 -1.68067436
 -0.38655972 -1.20732485]
log likelihood =  -41266.22459537184
Edge derivatives =  [-36.63443737553433, 43.837011379997655, 9.207611552516122, -2.3058524684107393, -0.1424125663097084, 11.42008667232562, 7.3687101549006195, -9.445386224886448, 19.22843212057987, -35.32789512789512, 18.975433211257606, -14.005034527519888, -41.864168429859205, 12.04556896569016]
other derivatives: [ 90.75156413  70.90420695 -27.21644705 -15.56472853  13.4576112
  -2.30793376]
Current x array =  [-0.71514719 -0.75895123 -0.48547205  0.49424507 -2.35413072 -1.00252737
 -1.33744196 -1.2901072  -0.9587679  -0.68080764 -3.82407248 -3.11860295
 -1.50562405  0.56339313 -2.16958139 -1.79386177 -1.36791013 -1.71080324
 -0.3869728  -1.20068708]
log likelihood =  -41263.11830488378
Edge derivatives =  [-38.70581698818216, 40.422978429610275, 5.915893304398192, -6.908249715158459, -0.0678276261253507, 11.820364502808298, 6.836870926128692, 1.9908151625369142, 17.788682356363214, -32.47847617176701, 18.20073707549941, -8.78200842371011, -39.14516514661208, 6.8243703628110115]
other derivatives: [62.47209967 78.52868293  6.51853043 -1.1503289  -3.07700248 -0.99025783]
Current x array =  [-0.71245271 -0.75919336 -0.48961585  0.48337611 -2.33478956 -1.00538396
 -1.34855262 -1.26891413 -0.96153044 -0.67995727 -3.82419941 -3.11516723
 -1.51033407  0.53480445 -2.16140696 -1.80704927 -1.36754621 -1.72849158
 -0.39762303 -1.19652811]
log likelihood =  -41256.984779200226
Edge derivatives =  [-39.66769074187248, 21.068036896169957, 12.183835036396077, -13.619338234242536, 0.23163793874757233, 13.23481594507777, 12.28595313406978, 65.35237609707214, 10.350139287069688, -21.952652890252292, 16.452551837978028, 14.273972587198227, -32.601072284581186, -5.780030858281215]
other derivatives: [ 55.37658581 -59.96407708  98.33893273 -24.85394361  19.78623914
  -4.40340955]
Current x array =  [-0.71043836 -0.73575652 -0.49850109  0.49076857 -2.30456629 -0.99552029
 -1.4122734  -1.13189827 -1.00896094 -0.67198147 -3.82208723 -3.08723422
 -1.55073167  0.44582792 -2.10472536 -1.85946031 -1.36585855 -1.80775971
 -0.42076442 -1.19525775]
log likelihood =  -41252.44968256466
Edge derivatives =  [-34.31670114782099, 20.36370505918777, 9.122215156673867, -10.499900803758136, 0.8946675025322745, 14.44882680996036, 9.610477827560935, 40.156275764146365, 10.898282615433208, -8.5821942676365, 10.155097032765731, 19.5666483999452, -5.830803160731619, -10.340488367025975]
other derivatives: [-74.73645383  17.22655725  19.86263669  22.99202606 -28.54067134
  -4.16039256]
Current x array =  [-0.70016336 -0.74563691 -0.49658634  0.46401348 -2.27979145 -0.99537259
 -1.46444311 -1.11678486 -1.00261975 -0.6942273  -3.8252378  -3.08256577
 -1.53349584  0.44960222 -2.09884002 -1.90761517 -1.35461041 -1.8271933
 -0.46094173 -1.19159135]
log likelihood =  -41249.10854191628
Edge derivatives =  [-30.419126478666172, 16.63284307741733, 13.4670918932223, -5.016801974799543, 0.9517743751144168, 14.26050273163394, 10.345095519525099, 16.961899186796515, 10.64764419888946, -5.071679434406374, 6.951606114967379, 19.22772277352578, 7.44462248883766, -7.2973078852055515]
other derivatives: [-53.65072866  15.21621016 -17.06721378  21.19486453 -29.06454029
  -7.31088221]
Current x array =  [-0.70211814 -0.74532368 -0.49324499  0.46650796 -2.28697022 -0.99134304
 -1.49383757 -1.08041657 -1.00830394 -0.69817282 -3.82411631 -3.06943773
 -1.53909315  0.47950059 -2.08256611 -1.92070542 -1.34746211 -1.82673011
 -0.47459131 -1.19901713]
log likelihood =  -41244.91500242992
Edge derivatives =  [-20.688751644061487, 3.0390770885570006, 21.288463883862857, 5.574431551074658, 0.8006357797951729, 12.953356842857357, 12.172601905343546, -15.330527442172846, 6.7937223600153125, 2.130970181367855, -3.9862202301779637, 16.17796902961265, 19.179882440261583, -1.8422073196990008]
other derivatives: [-130.86901163  -10.83535608  -58.01484804  -16.64884621   -2.98241503
  -15.57200449]
Current x array =  [-0.69662716 -0.74426635 -0.48793287  0.49552932 -2.31651799 -0.98560371
 -1.58198682 -0.97322601 -1.01461984 -0.70159974 -3.82015201 -3.02645857
 -1.54262181  0.53671452 -2.03030545 -1.95468465 -1.32494265 -1.82041147
 -0.4816861  -1.21544096]
log likelihood =  -41252.291873845475
Edge derivatives =  [-11.487728904275148, -18.47189664506536, 14.704317816490454, 11.309667095733325, 1.084619648234629, 12.476071230019144, 11.043511090116292, -53.661323918641266, 2.852940967399887, 16.410178242588294, -16.88484825877679, 14.31092628588479, 49.462044785665654, -1.0169707718530647]
other derivatives: [426.6788892   20.09255695  -2.74085323  17.79262675 -51.79899745
 -18.73122528]
Current x array =  [-0.74274783 -0.74361184 -0.48969629  0.46655521 -2.301781   -1.00362584
 -1.71490292 -0.84685299 -0.98418879 -0.71040763 -3.81673938 -2.96826903
 -1.52784494  0.57179303 -1.96668136 -2.01797012 -1.29394926 -1.81225325
 -0.51535898 -1.22271889]
log likelihood =  -41243.368872691266
Edge derivatives =  [-17.847533102936527, -2.6922378973301475, 19.437733955333297, 7.304469193710043, 0.8858148401736492, 12.827206059661147, 11.82806623593448, -26.263219465499876, 5.717789408484723, 6.454375031339774, -7.695569726957725, 15.632647445877899, 28.067336662600535, -1.610584425766417]
other derivatives: [ 39.29599188  -1.29439286 -41.68396117  -7.17118382 -16.69977792
 -16.63065632]
Current x array =  [-0.71007054 -0.74407557 -0.48844688  0.48708387 -2.31222241 -0.99085685
 -1.62072957 -0.93639046 -1.00574972 -0.70416708 -3.81915729 -3.00949733
 -1.53831461  0.5469393  -2.01176013 -1.97313127 -1.31590861 -1.81803349
 -0.49150116 -1.21756235]
log likelihood =  -41242.3102126596
Edge derivatives =  [-16.634863591361935, -1.5590122555279957, 15.748891867101138, 7.466881438247306, 0.801805606499632, 12.506167494633878, 10.821235222829982, -24.145352127436478, 5.447812144546842, 7.196824684813111, -9.571519885755185, 12.784213946052049, 24.973997615331076, -1.8056527899286783]
other derivatives: [ 39.4982635  -11.49674063 -16.17154339 -10.57560439  -7.89805199
 -15.45777195]
Current x array =  [-0.71015119 -0.74302153 -0.49005959  0.48787547 -2.31838016 -0.996681
 -1.63476813 -0.93954828 -0.99252883 -0.70657205 -3.81934043 -3.00475875
 -1.52463343  0.54871389 -2.01031767 -1.97791649 -1.31202066 -1.8084341
 -0.48585522 -1.21644736]
log likelihood =  -41239.03025750768
Edge derivatives =  [-12.625305170498216, -5.591935020175112, -5.497865860921077, 2.9423565704569676, 0.15569497000650867, 10.138664352678754, 5.687482289574007, -5.203824382916706, 1.2802481407190858, 9.725438971761562, -17.609232401170374, -0.6231739659389938, 7.098539657725054, -4.218264725672649]
other derivatives: [ 13.54783308 -13.86724762  61.21554179 -11.7754098   14.27979441
  -8.84174369]
Current x array =  [-0.70880571 -0.74544958 -0.49454285  0.48536398 -2.33583868 -1.03536515
 -1.71668739 -0.90867606 -0.92878083 -0.70556264 -3.81720298 -2.9639422
 -1.47111164  0.53929731 -1.98166549 -1.99761958 -1.2950808  -1.76475449
 -0.45796125 -1.211956  ]
log likelihood =  -41238.182911354525
Edge derivatives =  [-11.101857801658856, -6.616541099549022, -10.414578002817063, 0.4044153856382363, -0.08362007913907227, 9.35146455782552, 3.715118127818362, -3.0994956749797287, -0.09724837242668316, 9.321591326436577, -14.378916756607909, -3.5243921381030945, -1.0499617627507754, -3.851934463509159]
other derivatives: [ -0.61118044 -13.84541974  37.84662113  -1.11249392   7.37563823
  -5.83822839]
Current x array =  [-0.70832727 -0.74583373 -0.49284792  0.47915634 -2.33412962 -1.05071275
 -1.74702669 -0.89924669 -0.91644625 -0.70345835 -3.81630668 -2.94610978
 -1.45706214  0.53447997 -1.97152302 -1.9975902  -1.30088797 -1.75451419
 -0.44799957 -1.21395037]
log likelihood =  -41237.27665395782
Edge derivatives =  [-6.470699641334028, -6.976316791205638, -9.87496207516721, -0.9715825280505663, -0.24903356862253517, 8.581456507805546, 2.134114804425907, 6.725552525222303, -1.7020862669658416, 9.408116003762542, -3.4278301531699427, -2.8994418025387207, -9.962404230442463, -1.2663900220571427]
other derivatives: [-4.05998435 31.01522452 -9.07457434  5.73490979  3.70491762 -1.9055733 ]
Current x array =  [-0.70799053 -0.75221887 -0.48956464  0.47624223 -2.32918576 -1.07182128
 -1.80495459 -0.88279991 -0.9154482  -0.70224177 -3.8154779  -2.91324993
 -1.43812461  0.51991355 -1.9542671  -1.99739496 -1.31985107 -1.75259698
 -0.43667355 -1.22071867]
log likelihood =  -41236.85591076984
Edge derivatives =  [-4.698422421806418, -6.322441226583313, -9.160691765796948, -2.443618279229908, -0.5230876197947439, 7.9470194124539155, 0.4024900776321526, -1.030812449908275, -2.374668434020798, 7.5912134023326905, 2.6208608578577137, -2.9129319713188875, -11.88649669856603, -0.5110172183142918]
other derivatives: [-15.18928912   8.39063432 -17.42882887  12.68053893  -9.00326995
   0.51950337]
Current x array =  [-0.70749073 -0.74841599 -0.4895922   0.47199293 -2.32253328 -1.08148043
 -1.83165312 -0.88349814 -0.9202066  -0.70289154 -3.81540903 -2.8964634
 -1.42939428  0.52179802 -1.94970334 -1.99186521 -1.3325657  -1.75210648
 -0.43660895 -1.22558477]
log likelihood =  -41236.456843218635
Edge derivatives =  [-1.837778480138742, -3.6718395277090967, -3.71679038345772, -1.473734521170746, -0.759862749900084, 7.362133481776921, 0.03231855128318519, -2.58056077344829, -2.248348693238141, 5.4533910460948185, 8.653545737441574, -1.2175476133718048, -7.967916115413309, 1.2795693583835361]
other derivatives: [ -6.1794708    1.44282239 -18.52749847   7.14790076  -6.41230145
   2.1289452 ]
Current x array =  [-0.70787241 -0.74667084 -0.48979866  0.47500564 -2.32035955 -1.08751439
 -1.85695691 -0.88881436 -0.93330789 -0.70509512 -3.81588284 -2.87863003
 -1.42239878  0.52168061 -1.94776866 -1.98335179 -1.34436833 -1.75650034
 -0.44160846 -1.23079269]
log likelihood =  -41236.438274368615
Edge derivatives =  [0.8802317881602436, -3.5072050479945824, -0.4287707199525835, -1.8557420499560784, -1.3878783985904948, 5.745362094979071, -1.0313616198369153, -3.531528670406308, -3.1537085453570772, 1.8100988574113526, 8.183702002679906, -0.24551706995395872, 0.39296745472885136, 0.35016838537856554]
other derivatives: [-17.66602509  12.85370672  70.7412255    3.4327968   -7.25849532
   3.41824489]
Current x array =  [-0.70593358 -0.74781127 -0.4976517   0.47399158 -2.31391635 -1.09448026
 -1.89446591 -0.88723169 -0.94532897 -0.70820016 -3.81713868 -2.84714004
 -1.4134883   0.51668921 -1.94317593 -1.97387724 -1.34529372 -1.76251458
 -0.45454547 -1.23402337]
log likelihood =  -41236.31103495497
Edge derivatives =  [-0.4202867156056294, -3.5797816761528796, -2.0164219515827915, -1.6601647026855233, -1.0839168867336344, 6.543332990446179, -0.5089226829473485, -3.05640532103635, -2.7100150804959933, 3.5798811846078733, 8.414362681423926, -0.7114767939457523, -3.6491288793507, 0.8017166626285879]
other derivatives: [-12.08391041   7.35599315  27.97969501   5.22268238  -6.8146619
   2.79396772]
Current x array =  [-0.70687203 -0.74725927 -0.49385061  0.47448241 -2.31703504 -1.09110858
 -1.87631052 -0.88799774 -0.93951044 -0.70669724 -3.81653082 -2.86238206
 -1.41780122  0.51910519 -1.94539894 -1.97846318 -1.3448458  -1.75960352
 -0.4482836  -1.23245963]
log likelihood =  -41236.16055429919
Edge derivatives =  [1.083080048499942, -0.9937910112604995, 1.633721773348717, 0.0314403355085939, -1.193518778478104, 6.188414021477073, -0.14119942902017235, -1.4470546478070854, -2.070714384939727, 2.537876782906247, 7.888833194432836, 0.14214339661837933, 1.8200587190853559, 1.4920278720838656]
other derivatives: [-1.20053301 -1.59780029 13.74282874 -1.50466803  0.70140231  2.39888323]
Current x array =  [-0.70756519 -0.74554209 -0.49267204  0.47856114 -2.3185316  -1.08992611
 -1.88288273 -0.89565348 -0.94656808 -0.70933537 -3.81750806 -2.85517335
 -1.41502067  0.5188143  -1.94828787 -1.97384778 -1.34373941 -1.76293686
 -0.45410843 -1.23310667]
log likelihood =  -41236.0776495865
Edge derivatives =  [1.7931181100409315, 0.4246038298519449, 1.8558732797128847, 0.5244065947477017, -1.3331504024657281, 5.6841981793312595, -0.37341348704172317, -0.00607144137415061, -1.818943935903888, 1.8456870964628367, 4.867078793338907, -0.3547682102813028, 3.84839266139703, 1.1935588371024668]
other derivatives: [ 0.60972525 -2.44326657  6.39120117 -2.46654963  2.56259227  1.85682438]
Current x array =  [-0.70772458 -0.74535972 -0.49209408  0.47912704 -2.31883613 -1.08977102
 -1.88789378 -0.90043949 -0.94591686 -0.71109461 -3.81856524 -2.84812962
 -1.41090364  0.51741774 -1.95050131 -1.9715674  -1.33810026 -1.76279691
 -0.45627391 -1.23186338]
log likelihood =  -41235.982184110486
Edge derivatives =  [2.3305135829067862, 2.0662688129122064, 1.0984494286558486, 0.45292113818295504, -1.6122962824271747, 4.696276453369515, -0.8823976226134049, 2.621247612750886, -1.5793539808192174, 0.1483732893509046, -0.3114559135067673, -1.253983886858265, 3.045615627713949, 0.3065247257125936]
other derivatives: [ 3.81696736 -2.34940671  1.5956175  -2.02708179  1.98197085  0.71886461]
Current x array =  [-0.70808191 -0.7453938  -0.49169998  0.47879909 -2.31800488 -1.0893304
 -1.89205642 -0.90714224 -0.94330453 -0.71254501 -3.82097769 -2.8346763
 -1.4056882   0.51386832 -1.95509524 -1.96622263 -1.32875328 -1.76273035
 -0.45531102 -1.22921721]
log likelihood =  -41236.0395740371
Edge derivatives =  [2.3899248192703735, 3.1213972291613143, 1.852800992283142, 0.7348070843597959, -1.8562331897687656, 3.7357416766809095, -0.8951501580222403, 1.1297296827823347, -1.0041599267762642, -1.6022454891491795, -3.184751440801229, -0.5887576077385053, 1.7189029010763837, -0.10074299187583735]
other derivatives: [-55.73383532   0.17971615 -17.69512892  -0.51222742   0.25902409
  -0.44310582]
Current x array =  [-0.70354992 -0.74630316 -0.49063908  0.47925877 -2.31809102 -1.08584793
 -1.88853729 -0.91245703 -0.94581131 -0.71383444 -3.82527882 -2.81969327
 -1.40624231  0.51459365 -1.96273414 -1.96045706 -1.32434229 -1.76778201
 -0.45431632 -1.22777722]
log likelihood =  -41235.96240906733
Edge derivatives =  [2.3503831891455476, 2.4218357675373916, 1.352595963761562, 0.5481245099581268, -1.6946257020897377, 4.376135000700264, -0.8867234063035254, 2.1208768257441193, -1.3845538524398706, -0.4388926598368316, -1.2769323718462193, -1.028646797688869, 2.599787457417463, 0.17033634820686094]
other derivatives: [-16.11406333  -1.49520929  -4.88216756  -1.52213033   1.40425982
   0.32887328]
Current x array =  [-0.70655827 -0.74569952 -0.49134331  0.47895363 -2.31803384 -1.0881596
 -1.8908733  -0.90892906 -0.94414731 -0.71297851 -3.82242372 -2.82963904
 -1.40587449  0.51411218 -1.95766342 -1.96428426 -1.32727031 -1.76442871
 -0.45497661 -1.22873309]
log likelihood =  -41235.92442838696
Edge derivatives =  [2.26103600843459, 2.6298833957108703, 0.6521178756928967, 0.2708390281681564, -1.8219154350909375, 3.8863105533049103, -1.0802288900553552, 2.422057278461387, -1.262168639341124, -1.2978010530852806, -2.928892650243027, -1.21503643128645, 0.49310934715440796, -0.17197156253285995]
other derivatives: [-11.28282747   0.84983185  -3.37531674   0.01455192  -0.82727638
  -0.18990249]
Current x array =  [-0.70700792 -0.74607404 -0.49143425  0.47794451 -2.31728326 -1.08784562
 -1.89033482 -0.9103433  -0.94258054 -0.71292639 -3.82418791 -2.82206396
 -1.40498689  0.51324218 -1.96030185 -1.96161613 -1.32436416 -1.764998
 -0.45251253 -1.22763017]
log likelihood =  -41235.84848941003
Edge derivatives =  [1.9477307680564486, 2.3438914208901407, 0.17997924337829396, 0.24898273595851336, -2.0065538969176875, 3.0359007931132633, -1.0409822902127865, 1.3361618809801104, -0.7705307489745724, -2.488674480922081, -3.453627003948862, -0.6075018509633037, -2.1643678836311158, -0.17880967072780596]
other derivatives: [-4.93018888  2.23881216 -1.01063051  1.95068424 -2.77577783 -0.67666406]
Current x array =  [-0.7076031  -0.74633323 -0.49155542  0.4765794  -2.31746678 -1.08696579
 -1.88730813 -0.90987007 -0.94180705 -0.71264795 -3.82878616 -2.80579505
 -1.40599528  0.51456725 -1.96576452 -1.95795664 -1.32353504 -1.76837567
 -0.44904915 -1.22668951]
log likelihood =  -41235.74477837945
Edge derivatives =  [1.1539246449280174, 0.9046006648896796, -0.3036608506617991, 0.5385004312997662, -2.25122845803601, 1.5748365130457564, -0.5319889545592639, 0.33818988134145156, 0.2513304918325342, -3.624046166956179, -2.5164176905087827, 1.0628382415259061, -4.5028940233286034, 0.10138375238215058]
other derivatives: [ 2.03581294  1.51194399  3.42261046  2.47964635 -1.49957486 -1.00699253]
Current x array =  [-0.70823715 -0.7463934  -0.49168888  0.47592492 -2.31984    -1.08527311
 -1.8798427  -0.90482965 -0.94120254 -0.71161802 -3.8385927  -2.7756642
 -1.41011739  0.51761451 -1.97509561 -1.95515997 -1.32525526 -1.77567323
 -0.44518071 -1.22535112]
log likelihood =  -41235.710294713455
Edge derivatives =  [0.9185233710851011, -0.7327005028555138, 0.23191543686962213, 0.4179453988404384, -2.3613639537296676, 0.3786634976009713, -0.2908252522070288, -2.553556722663713, 0.9996342653182961, -3.176097720376113, 0.19793251146849622, 2.3174238824314948, -0.9130668581209287, 0.5539919185439577]
other derivatives: [ 8.55579856 15.60547389 -9.71340341  4.15820978 -5.43222995 -0.51149982]
Current x array =  [-0.70872557 -0.74837759 -0.49069452  0.47566429 -2.31849365 -1.08637762
 -1.87964379 -0.89658377 -0.94311028 -0.70990574 -3.84800708 -2.74910247
 -1.41355285  0.52019048 -1.97858091 -1.95742604 -1.33017377 -1.78038371
 -0.44900884 -1.2251556 ]
log likelihood =  -41235.66476281686
Edge derivatives =  [-0.11709599743998139, -2.0506636370246087, -0.9975683833734063, 0.15604633120349237, -2.3964076365890374, -0.06444620119478137, -0.028527192382023947, -2.298326633430751, 1.2755673885006358, -2.7070025254634187, -0.1210394941587048, 2.30078560222536, -0.42417262699612784, -0.040297559493421176]
other derivatives: [ 2.951856   -4.79631126  0.14770194  1.23473001 -1.50321284 -0.42200554]
Current x array =  [-0.70841621 -0.74559787 -0.49126841  0.477059   -2.32087302 -1.08470228
 -1.87114588 -0.89386296 -0.94125325 -0.70885191 -3.85343813 -2.7407109
 -1.41685192  0.52163093 -1.98218026 -1.96092561 -1.32993148 -1.78149114
 -0.44926092 -1.22359007]
log likelihood =  -41235.65077985135
Edge derivatives =  [-0.04830950446361258, -1.8068313597899315, -0.880294723068664, 0.20110176755418185, -2.310121666925322, 0.2945429837904252, 0.011802777654990784, -1.4152123448113465, 1.1529885586756332, -2.0168032304751975, -0.1876729009989092, 1.8606676004920482, 0.7497171336922349, -0.08048159826778134]
other derivatives: [ 1.12049747 -2.58296495 -0.28885552  0.1033186  -0.14915713 -0.27794158]
Current x array =  [-0.70819949 -0.74591972 -0.49123306  0.47783647 -2.32109091 -1.08486063
 -1.87112596 -0.8946329  -0.94117878 -0.70884073 -3.8526568  -2.74648251
 -1.41661298  0.52093297 -1.9803523  -1.96319308 -1.32971908 -1.77953396
 -0.45061146 -1.22361838]
log likelihood =  -41235.62876210037
Edge derivatives =  [0.019149488001094964, -1.625612889009135, -0.7474302289917544, -0.04751516392620188, -2.266509254245317, 0.1804576166141702, -0.016526078672525493, -0.14893964694677897, 1.0287104649315688, -1.058422145880445, -0.15199120080638195, 1.021479225679825, 2.3363912059143193, -0.3620199279659002]
other derivatives: [-1.42317731  0.95533323  2.19588401 -1.10812834  0.78798621  0.05966285]
Current x array =  [-0.70789453 -0.74641411 -0.49147539  0.47857002 -2.32071639 -1.08591075
 -1.87213714 -0.89520931 -0.94165561 -0.70826172 -3.85671904 -2.74310531
 -1.41630233  0.51939058 -1.97865835 -1.9674444  -1.32994901 -1.77684482
 -0.45251363 -1.22327668]
log likelihood =  -41235.627299333995
Edge derivatives =  [-0.024923358582739807, -1.0044629649702101, -0.6539747549917752, -0.576243159735638, -2.0919205723331875, 0.2655698088245034, 0.016740717601038763, 2.7910111173876366, 0.6445266398859213, 1.1495945266084528, 0.07219401347006937, -0.8992435421127408, 2.2634547040007367, -0.6484740808316216]
other derivatives: [ -2.47819116  -2.64044502 -21.74056135  -0.93932613   1.30312401
   0.44019544]
Current x array =  [-0.70798643 -0.74581013 -0.48964197  0.47911886 -2.32020852 -1.08757522
 -1.87088587 -0.89732005 -0.9416934  -0.70672688 -3.8649207  -2.74137357
 -1.41654041  0.5160487  -1.97442297 -1.97642523 -1.33054669 -1.77017513
 -0.45222494 -1.22277327]
log likelihood =  -41235.616256231195
Edge derivatives =  [-0.0034891363979715206, -1.3051497054935042, -0.6991246232038795, -0.31950118788734216, -2.176282036725483, 0.22422882296631264, 0.0006582947633048536, 1.3667289900829909, 0.8311787828455661, 0.08299315048715629, -0.03666728597344565, 0.03386657375912522, 2.299349883375387, -0.5093396984043999]
other derivatives: [ -1.96523615  -0.89567038 -10.11940185  -1.02154445   1.05574145
   0.25611371]
Current x array =  [-0.70794189 -0.74610284 -0.4905305   0.47885288 -2.32045465 -1.08676857
 -1.87149228 -0.89629712 -0.94167509 -0.70747071 -3.86094593 -2.74221283
 -1.41642503  0.51766828 -1.97647557 -1.97207285 -1.33025704 -1.77340746
 -0.45236485 -1.22301724]
log likelihood =  -41235.59890317404
Edge derivatives =  [-0.08317619230780138, -1.2279125603445187, -0.6758982372920319, -0.6927569442664134, -2.196785075618996, -0.2883824725963885, -0.03385083279768579, 2.1683859864205473, 0.7394535426548674, 0.6475475433113983, 0.04102572725541864, -0.7162675319713335, 1.9030970896857962, -0.8508244557376314]
other derivatives: [-3.43206921  1.66837708 -2.51675374 -1.28566171  0.88912202  0.46857167]
Current x array =  [-0.70775475 -0.74646805 -0.49118758  0.47876799 -2.31990754 -1.08770888
 -1.87152187 -0.89704278 -0.94242309 -0.70666342 -3.86832062 -2.73176007
 -1.41666695  0.51641612 -1.97613864 -1.97560813 -1.33076574 -1.77159463
 -0.45195821 -1.22259082]
log likelihood =  -41235.58637547396
Edge derivatives =  [-0.10201675005915221, -0.9154653755626936, -0.39402125315618597, -0.7652717629143807, -2.2194086333114464, -0.7241904692991726, -0.004698630800352571, 2.194350707386615, 0.7059902885026175, 0.8158863455599921, 0.02266466631380526, -1.0860820103957651, 0.5827185660192794, -0.9547511782379954]
other derivatives: [-2.60552042  1.58834155  0.80253812 -0.93932613  0.38926373  0.43291948]
Current x array =  [-0.70781781 -0.74641585 -0.4914988   0.47834789 -2.31963601 -1.08789254
 -1.87089486 -0.8987057  -0.9435463  -0.70640369 -3.87482055 -2.72306833
 -1.41706652  0.51615542 -1.97643236 -1.97725513 -1.33100655 -1.77097524
 -0.45040628 -1.22253448]
log likelihood =  -41235.5757885816
Edge derivatives =  [0.0033091977890276486, -0.27150271709499074, 0.4068730512512062, -0.4837108816839287, -2.145016793796065, -0.8049394122220278, 0.13205066616825334, 1.358334653802077, 0.5619402181907475, 1.412641342388258, 0.5372810544014621, -1.3877531680454749, -0.43037037533114747, -0.7119715593674698]
other derivatives: [10.4715582  -0.04729372  6.08488335 -0.89057721  0.1193257   0.47584763]
Current x array =  [-0.7088163  -0.74595126 -0.49192632  0.47783613 -2.31947228 -1.08791449
 -1.87013078 -0.90156549 -0.9455966  -0.70657598 -3.88318849 -2.71845428
 -1.41771548  0.51704151 -1.97471662 -1.98016618 -1.33205081 -1.76990097
 -0.44915972 -1.22348826]
log likelihood =  -41235.56557630296
Edge derivatives =  [0.00519283596288081, 0.12697622823384783, 0.7440874692476114, -0.3400419445831347, -2.153935374671989, -1.0618398816259695, 0.14864126737171118, 0.044641305568679845, 0.5326645997113247, 1.257478061681212, 0.4796823701761255, -1.3364833439689183, -2.1069800965961116, -0.5732410757015516]
other derivatives: [ 2.02780939 -1.26383384  3.32147465  0.51586539 -1.15323928  0.32305252]
Current x array =  [-0.70822058 -0.74581611 -0.49183498  0.47705654 -2.31946367 -1.08743922
 -1.8690691  -0.90361032 -0.94670497 -0.70689984 -3.88848946 -2.71337946
 -1.41818675  0.51817533 -1.97505647 -1.98002975 -1.33217912 -1.77052384
 -0.44731783 -1.22401303]
log likelihood =  -41235.55891827177
Edge derivatives =  [0.045036107491366315, 0.37127628342864505, 0.9797642288009938, -0.061734361162010934, -2.1138365168053483, -0.925885609416936, 0.21869627325063604, -0.7146462195221029, 0.5212724122725957, 1.2708789022563316, 0.5153484701159405, -1.125639701001177, -2.1588247008386094, -0.32656605848626663]
other derivatives: [-0.06402843 -1.60944182  1.1328666   0.7727067  -0.99098543  0.26193447]
Current x array =  [-0.70806767 -0.74576618 -0.49169263  0.47694279 -2.31986958 -1.08689605
 -1.86830111 -0.9046243  -0.94703627 -0.7073424  -3.89020872 -2.71494798
 -1.41842881  0.51921843 -1.97457274 -1.97977514 -1.33217101 -1.77105997
 -0.44723761 -1.22461027]
log likelihood =  -41235.544938277264
Edge derivatives =  [0.1300022222846732, 0.9827474923932392, 1.5808362461644927, 0.6505943987418582, -1.9813570693342577, -0.583185103954177, 0.44495622802430607, -2.183240518784232, 0.4774130070367897, 1.559380297348321, 0.6855843972994211, -0.6207422353146691, -1.294558524984541, 0.3280900559669475]
other derivatives: [-2.52475729 -1.26019586 -2.38942448  0.66647772  0.30559022  0.1884473 ]
Current x array =  [-0.707848   -0.745786   -0.49146437  0.47702528 -2.3210526  -1.08551597
 -1.86604719 -0.90714683 -0.94777553 -0.70830168 -3.89738906 -2.71798598
 -1.41918466  0.52160609 -1.97263566 -1.98011845 -1.33223468 -1.77227653
 -0.44813974 -1.2262378 ]
log likelihood =  -41235.52979484857
Edge derivatives =  [0.07721705461403452, 1.3464990050914267, 1.7226738789375828, 0.9183145953764854, -1.8830039708648387, -0.5101596124337572, 0.5681035385953919, -2.5869161109547765, 0.3967119389197128, 1.7014262597822125, 0.6253532468531033, -0.24101555601004365, -0.462351117188557, 0.6997010424835162]
other derivatives: [-3.07845767 -0.26193447 -3.87808541  0.41618478  1.1335942   0.06475602]
Current x array =  [-0.70777267 -0.74590777 -0.4913707   0.47717258 -2.32160266 -1.08430272
 -1.86363311 -0.90899004 -0.94775964 -0.70856063 -3.90743947 -2.71678751
 -1.41981856  0.52247567 -1.97098848 -1.98030403 -1.33198984 -1.77353239
 -0.44911797 -1.22731683]
log likelihood =  -41235.48830023024
Edge derivatives =  [-0.6009560064779483, 2.082154564515817, 0.9275041086943585, 0.793896079022312, -1.5089022248215676, -0.15290142488259242, 0.6657551101784975, -2.56444305908447, -0.43079564090908, 2.0418474795364285, -0.15098731130871873, 0.5883100004148017, 1.5334820290114206, 1.1952421236035553]
other derivatives: [-8.62783054 -8.11705831  0.67084329 -1.23181962  3.14612407 -0.39872248]
Current x array =  [-0.70729237 -0.74473058 -0.49179831  0.47792538 -2.32227263 -1.0798618
 -1.85348629 -0.91535696 -0.9459154  -0.70846432 -3.9497121  -2.71491021
 -1.42177048  0.52289856 -1.96309824 -1.98107204 -1.33056952 -1.77674599
 -0.45227099 -1.23060955]
log likelihood =  -41235.49303432199
Edge derivatives =  [-1.2147222521646441, 3.278742591636332, 0.2963127006306037, 0.7922713063242928, -1.1527971204748164, -0.5918617305762282, 0.8934014132735024, -1.892126435647687, -0.8909970507942679, 1.641823710649786, -1.0295742603596083, 2.417251682622297, 2.9483894206602197, 2.3070404736940904]
other derivatives: [  4.32482921  20.63752618 -12.21706043   0.7203198    0.25247573
  -1.8531864 ]
Current x array =  [-0.70812747 -0.74882561 -0.49083089  0.47735587 -2.32111862 -1.07399195
 -1.84030456 -0.92198307 -0.94294961 -0.70767841 -4.01218022 -2.69686049
 -1.42416093  0.52209829 -1.95661668 -1.9774948  -1.32827173 -1.78385514
 -0.45419423 -1.23373256]
log likelihood =  -41235.46201708492
Edge derivatives =  [-0.893072749233206, 2.6587200903231984, 0.6270060844169829, 0.7951764763325831, -1.3313208555232847, -0.35425171467375566, 0.7758438230316506, -2.2405016874409163, -0.6484746084955552, 1.857875641713091, -0.568599646860636, 1.4703750050700755, 2.2117977490156098, 1.7309478863235552]
other derivatives: [-2.41052476  5.69707481 -5.50207915 -0.29831426  1.7673301  -1.09066605]
Current x array =  [-0.70769202 -0.74669035 -0.49133533  0.47765283 -2.32172035 -1.07705265
 -1.84717786 -0.91852804 -0.94449605 -0.7080882  -3.9796077  -2.70627209
 -1.42291449  0.52251557 -1.95999633 -1.97936007 -1.32946986 -1.78014824
 -0.4531914  -1.23210414]
log likelihood =  -41235.44215746909
Edge derivatives =  [-1.227044128765653, 2.322019757753288, -0.20622790117970685, 0.09906028324599772, -1.310237259354744, -0.5582130552232771, 0.5950072890907202, -0.9393427441525706, -0.9193914458988431, 1.577618667339758, -0.9038526312484537, 1.3473198667591444, 1.8297889399028817, 1.2865223952419256]
other derivatives: [-0.47730282  2.9875082  -1.71567081 -0.42564352  0.82145561 -1.22454367]
Current x array =  [-0.70786812 -0.74629826 -0.49160838  0.47764351 -2.32069048 -1.07679275
 -1.84558091 -0.91824415 -0.94318828 -0.70722514 -3.99012071 -2.70244477
 -1.42285853  0.52040976 -1.95900425 -1.97863966 -1.3290719  -1.7802892
 -0.4531432  -1.23169753]
log likelihood =  -41235.422662540055
Edge derivatives =  [-1.6767104713788996, 1.6418401715972195, -1.3377138945260068, -0.904948109089987, -1.2912049262585175, -0.9092473180027881, 0.3233363716440036, 1.1544374129139259, -1.266950410285156, 1.0443563002267857, -1.1178976534879548, 1.0173586017967042, 0.784915236767415, 0.4964098359455904]
other derivatives: [ 2.12676241 -0.45474735  1.05865183 -0.1542503  -0.90731191 -1.31840352]
Current x array =  [-0.70814081 -0.74581953 -0.49178345  0.47744294 -2.3190665  -1.07719517
 -1.84425919 -0.91658875 -0.94155063 -0.70602994 -4.00520743 -2.6963959
 -1.42248001  0.5170246  -1.95832545 -1.97693594 -1.32900556 -1.77986791
 -0.45240801 -1.23051347]
log likelihood =  -41235.40953106702
Edge derivatives =  [-1.9063543994649184, 1.1046189256481864, -1.7340520933573096, -1.122462073695506, -1.2385620710347283, -0.9168114871734996, 0.23404338815722428, 1.5517378813383989, -1.4578388944213385, 0.48144875963841055, -0.8657166283182685, 0.9902440356278092, -0.02303028020093472, 0.09709599517158019]
other derivatives: [ 0.79307938  0.99389581 10.53704182 -0.12805685 -1.43481884 -1.22672645]
Current x array =  [-0.70798545 -0.74610108 -0.4925145   0.47720807 -2.31864812 -1.07769012
 -1.84380293 -0.91486935 -0.94120662 -0.70607757 -4.01704876 -2.69551562
 -1.42215056  0.51622736 -1.9581174  -1.97438329 -1.32956914 -1.77974018
 -0.45169828 -1.22992267]
log likelihood =  -41235.38363287483
Edge derivatives =  [-2.15553408340906, 0.33306762171309345, -1.987790547743332, -1.2194283958031926, -1.0979756553541724, -0.7845708048858645, 0.18107492000329328, 2.310194407439502, -1.7309295708182204, -0.15838677542211899, -0.07456187988245894, 0.8613566928078334, -0.8279586937722849, -0.3676848301155724]
other derivatives: [ 2.94385245 -0.31068339 11.23116817  0.20227162 -1.95941539 -0.99025783]
Current x array =  [-0.70819422 -0.74594823 -0.49250643  0.47697996 -2.31821376 -1.07891846
 -1.84339955 -0.91165437 -0.94110179 -0.70636021 -4.03909998 -2.69543801
 -1.42155635  0.51508392 -1.95724953 -1.970615   -1.33101351 -1.77880085
 -0.45088883 -1.22898787]
log likelihood =  -41235.34092447374
Edge derivatives =  [-2.330917625624046, -1.3847746126661655, -1.8249483643165305, -0.9593369084180733, -0.7489143258298141, -0.21881746298420715, 0.1717530109021223, 3.996508412778104, -1.9036827362420305, -1.1705821468813937, 1.2299472383835186, 0.2350419099375653, 0.03298126007855884, -1.0053239863267032]
other derivatives: [-7.96790118  2.18569767  6.07251422 -0.85638021 -0.2750312  -0.11059456]
Current x array =  [-0.70733929 -0.74658131 -0.49198388  0.47807591 -2.31875384 -1.08270126
 -1.84551419 -0.90280782 -0.94176055 -0.70733973 -4.08750182 -2.69991006
 -1.41953386  0.5135982  -1.95685994 -1.96273446 -1.33311027 -1.77514146
 -0.45171832 -1.22682299]
log likelihood =  -41235.35396074019
Edge derivatives =  [-1.9782653373181538, -1.914419941263561, 0.0290276754991724, 0.95862878172367, -0.3505408785995559, 0.9757559614554396, 0.5746597774494184, 1.308139474050893, -1.6755315204716217, -1.9420151035893192, 2.655611957493984, 0.43679520724093235, 0.6950357999819853, -0.2757128767587216]
other derivatives: [27.85091056 -0.15279511 11.25881681 -2.3006578   2.10638973  0.41909516]
Current x array =  [-0.71011563 -0.74595153 -0.49204041  0.47826532 -2.32079242 -1.0847905
 -1.84731796 -0.8981911  -0.94491833 -0.71045556 -4.13101708 -2.712114
 -1.41819282  0.51837691 -1.95672556 -1.95495106 -1.33466502 -1.77310838
 -0.45153917 -1.22709788]
log likelihood =  -41235.32514243448
Edge derivatives =  [-2.181056788972696, -1.6090351767876074, -1.03661637912931, -0.14362696154217397, -0.5754386238340287, 0.29323469256514867, 0.3423036680558965, 2.854231488080532, -1.807388030320384, -1.4947013853775488, 1.835849145511648, 0.32183688406243083, 0.3137257834647035, -0.6956434743823254]
other derivatives: [ 7.28105078  1.19616743  8.27203621 -1.47265382  0.73996489  0.11496013]
Current x array =  [-0.70851825 -0.74631388 -0.49200789  0.47815635 -2.31961952 -1.08358845
 -1.84628016 -0.90084735 -0.94310149 -0.70866286 -4.1059804  -2.70509241
 -1.41896439  0.51562746 -1.95680287 -1.95942927 -1.33377049 -1.77427812
 -0.45164224 -1.22693972]
log likelihood =  -41235.31310221819
Edge derivatives =  [-2.0268684662908036, -1.425884473154869, -0.588834015707211, 0.18822729189767887, -0.5180209752826377, 0.4449698906926498, 0.37805655235974256, 1.6442717798733821, -1.6544715412720337, -1.398919854064903, 1.6466952489372795, 0.3753849524814921, 0.8283759436721972, -0.3520440503816742]
other derivatives: [ 3.59577825  0.8411007   0.44237822 -1.08702807  0.57407306  0.11568773]
Current x array =  [-0.70827947 -0.74627395 -0.49142992  0.47820067 -2.32002656 -1.08353361
 -1.84676185 -0.90102578 -0.94378992 -0.70912364 -4.11122432 -2.70655445
 -1.41885616  0.51714442 -1.95714092 -1.95907812 -1.33328432 -1.77425278
 -0.45212501 -1.22738169]
log likelihood =  -41235.30505462819
Edge derivatives =  [-1.8214618731679295, -1.179813811587785, -0.08329487660674795, 0.5173190111140089, -0.4766845562119737, 0.5468465677361333, 0.38427038245061235, -0.031076496860608427, -1.414226516892306, -1.3274079931704446, 1.2244744516457458, 0.43201163558811706, 1.1484508957938837, 0.04017482422541052]
other derivatives: [-0.01018634  0.94878487 -4.55038389 -0.54133125  0.0858563   0.07348717]
Current x array =  [-0.70803183 -0.74629518 -0.49109399  0.47805086 -2.32040035 -1.08341523
 -1.8477725  -0.90150648 -0.94467135 -0.70958301 -4.11534767 -2.70735454
 -1.41868815  0.51909655 -1.95818934 -1.9588253  -1.33239608 -1.77438232
 -0.4523885  -1.22788782]
log likelihood =  -41235.297869316855
Edge derivatives =  [-1.6778963517865708, -1.070621734107342, 0.1806330673548998, 0.5970515998790966, -0.4455669817083783, 0.5388000075007232, 0.3285263537065803, -1.0144976666962597, -1.2024686840813186, -1.3601731799022068, 0.6879263531305979, 0.3713546885661575, 1.1057443009432577, 0.23921970249653457]
other derivatives: [-1.83499651  0.83891791 -6.08997652 -0.06548362 -0.48894435  0.01964509]
Current x array =  [-0.70791339 -0.74628142 -0.49101316  0.47780245 -2.32048712 -1.08349146
 -1.84900418 -0.90165315 -0.9452178  -0.70968028 -4.12182005 -2.70639948
 -1.41834787  0.5201179  -1.95952975 -1.95840901 -1.33137375 -1.77431724
 -0.45228651 -1.22802698]
log likelihood =  -41235.278696388545
Edge derivatives =  [-1.3043198086328982, -0.827377407635514, 0.6663955637688892, 0.5464862567338725, -0.3503499172867815, 0.3834189374347698, 0.15086741951289492, -2.1376932673227045, -0.6108680495866906, -1.4333001112095813, -0.9255887271263256, 0.05016802066558004, 0.865505613536346, 0.6108395113180625]
other derivatives: [-4.2578904   0.45838533 -6.24713721  0.65410859 -0.93350536 -0.10695658]
Current x array =  [-0.70775269 -0.74622103 -0.49107517  0.47723372 -2.32079727 -1.08394584
 -1.85288137 -0.90193862 -0.94622442 -0.70937035 -4.14635403 -2.70085545
 -1.41716007  0.52135488 -1.96361755 -1.95751723 -1.32833801 -1.77382365
 -0.45179518 -1.22795793]
log likelihood =  -41235.25726742657
Edge derivatives =  [-0.7701234395897524, -0.39882311658316116, 0.9914706226068604, 0.3146020048376085, -0.21799078955103973, 0.22317810326582066, -0.013472143659608318, -1.507122251178692, 0.06271232863880674, -0.9878166179834211, -1.726973858724789, -0.30672330359648414, 0.5517888335607462, 0.7474150847099084]
other derivatives: [-3.78058758e+00  1.54104782e+00 -3.92828952e+00  3.86353349e-01
  1.36788003e-01  1.45519152e-03]
Current x array =  [-0.70774552 -0.74632219 -0.49130928  0.47710098 -2.3212143  -1.08501939
 -1.85879698 -0.9026639  -0.94655344 -0.70849509 -4.17689133 -2.69318031
 -1.41564474  0.52092512 -1.968425   -1.95865851 -1.32675799 -1.77290315
 -0.45101739 -1.22704334]
log likelihood =  -41235.270832859605
Edge derivatives =  [-0.5332126818687094, -0.5724686834492662, -0.0169031203273034, -0.7717157756013818, -0.05424995739123113, 0.06966062497318784, -0.619052106755047, -2.299221327834914, 0.24652697650187105, -0.7779781495818625, -1.0882019691388125, -0.6835809363624467, -2.1020357189820045, -0.4124342371284042]
other derivatives: [ -8.57980922 -16.97844709   9.25647328   0.88984962  -2.43599061
   0.42782631]
Current x array =  [-0.70749987 -0.74353215 -0.49250046  0.47616634 -2.31955684 -1.08668779
 -1.86669579 -0.90315434 -0.94547704 -0.70763785 -4.22215335 -2.68429909
 -1.41375013  0.51998607 -1.97310981 -1.95996258 -1.32863642 -1.77204929
 -0.44859447 -1.22464665]
log likelihood =  -41235.25076295571
Edge derivatives =  [-0.68365238320765, -0.46136558460841, 0.6266320978716456, -0.07840764123521823, -0.156369232617585, 0.1705951840749874, -0.23252394731204984, -1.7932592988141567, 0.13047724192323681, -0.9090365662141922, -1.49399113960892, -0.44175966316960524, -0.40969429965857523, 0.328256169045571]
other derivatives: [-5.51444828 -5.15428837  0.85710781  0.56897989 -0.79453457  0.15716068]
Current x array =  [-0.70765642 -0.74531021 -0.49174133  0.47676197 -2.32061312 -1.08562454
 -1.86166196 -0.90284179 -0.94616302 -0.70818416 -4.19330836 -2.689959
 -1.41495754  0.52058452 -1.97012423 -1.95913151 -1.32743931 -1.77259344
 -0.45013857 -1.22617403]
log likelihood =  -41235.24101881572
Edge derivatives =  [-0.31350993240883485, -0.10314293755920576, 0.5509366626621097, -0.37528673509722676, -0.07174429435010199, 0.05011044691462482, -0.31999812747153755, -0.2714037066688144, 0.4928662641926305, -0.318484575393978, -1.1499729899513698, -0.5722252241716769, -0.7333160099560472, 0.16849876633973304]
other derivatives: [-0.86583896 -0.42273314  1.53959263  0.30122465 -0.26193447  0.28230716]
Current x array =  [-0.70794652 -0.74591107 -0.49181072  0.47678817 -2.32038158 -1.08645809
 -1.86591134 -0.90349823 -0.94545624 -0.70728817 -4.21249804 -2.68402409
 -1.41404833  0.51892861 -1.97282074 -1.96109938 -1.32796768 -1.77205665
 -0.44945928 -1.22495622]
log likelihood =  -41235.23911833002
Edge derivatives =  [-0.2712102440702972, -0.059576191091074204, 0.38486150642820793, -0.4038027506874394, -0.05799268078713288, 0.06277278122178465, -0.2937552290359602, 0.3467200291605005, 0.45877831458458346, -0.12786383368252816, -0.5947750323716606, -0.4945285552919223, -0.6314615830963743, 0.007608867910443795]
other derivatives: [ 0.45547495 -0.13533281  0.80908649  0.03783498  0.0691216   0.35215635]
Current x array =  [-0.7080348  -0.74592426 -0.49174603  0.4769532  -2.32027832 -1.08653188
 -1.86650581 -0.90360041 -0.94490581 -0.70722075 -4.21401015 -2.68345685
 -1.41408694  0.5182549  -1.97264865 -1.96183011 -1.32898527 -1.77213616
 -0.44956077 -1.22457106]
log likelihood =  -41235.23780043486
Edge derivatives =  [-0.23032741109259885, -0.03425217797988331, 0.19033273359566572, -0.29595555245064437, -0.04030335537181878, 0.1272171112998824, -0.23589029987951135, 0.44432554249779554, 0.365897305091693, 0.04201093519026572, 0.11658567221846122, -0.3124236765841429, -0.3017024124210984, -0.17358299832891833]
other derivatives: [ 0.44165063  0.64828782  1.99725037 -0.26921043  0.22846507  0.4118192 ]
Current x array =  [-0.70799561 -0.7460178  -0.49184829  0.47713227 -2.32016531 -1.08634791
 -1.86702185 -0.90374444 -0.94427387 -0.70750224 -4.2151842  -2.68368022
 -1.41433052  0.51810243 -1.97201913 -1.96246865 -1.3303131  -1.77250037
 -0.45001945 -1.22431676]
log likelihood =  -41235.23803264185
Edge derivatives =  [-0.11906732229190437, 0.13740388187854846, -0.08801189164040912, -0.21468803629536773, -0.04780727403404185, 0.05576373623672279, -0.19026962709953885, 0.24553572820611502, 0.3164417910836299, 0.25868314026142625, 0.5099191090438655, -0.0675882245015198, 0.04934441651621983, -0.2969356683323099]
other derivatives: [ 1.97251211 -1.15614966 -4.04688763  0.1717126  -0.49622031  0.24447218]
Current x array =  [-0.70816597 -0.74568301 -0.49140398  0.4770157  -2.31973641 -1.08561101
 -1.86795148 -0.90445319 -0.94329731 -0.70772878 -4.21418578 -2.682104
 -1.41478726  0.51803102 -1.97164033 -1.96357898 -1.33110595 -1.77340062
 -0.45055232 -1.22416615]
log likelihood =  -41235.237202401695
Edge derivatives =  [-0.17921831216265513, 0.044580318374479844, 0.06264102076174238, -0.2586341953838276, -0.04374120585370567, 0.09446317874104138, -0.21493392610525092, 0.3531305184492455, 0.3432066002816963, 0.14155358528451495, 0.29720045741815787, -0.19998732023250804, -0.14048772304543897, -0.23018785972564038]
other derivatives: [ 1.14523573 -0.17971615 -0.77634468 -0.06548362 -0.1033186   0.33542165]
Current x array =  [-0.70807382 -0.7458641  -0.49164431  0.47707875 -2.3199684  -1.0860096
 -1.86744864 -0.90406983 -0.94382554 -0.70760624 -4.21472583 -2.68295659
 -1.41454021  0.51806965 -1.97184522 -1.9629784  -1.3306771  -1.77291367
 -0.45026409 -1.22424762]
log likelihood =  -41235.23678137898
Edge derivatives =  [-0.14560224245027426, 0.07094763561308481, 0.04494952532306756, -0.17424334165888333, -0.03926623285092196, 0.10184011031718679, -0.19315759442325842, 0.09780561630510087, 0.3340438753056541, 0.15727531190193633, 0.3330958063200954, -0.13674407928685345, 0.01773258476799311, -0.22864863218360165]
other derivatives: [ 0.30486262 -0.06766641 -0.50276867 -0.04729372 -0.15934347  0.30049705]
Current x array =  [-0.70800056 -0.74587932 -0.49168038  0.47706774 -2.31998069 -1.08579958
 -1.86770881 -0.904188   -0.94371387 -0.7077909  -4.2155558  -2.68288833
 -1.41465555  0.51833272 -1.97173386 -1.96304413 -1.33075599 -1.77313564
 -0.45048759 -1.22431071]
log likelihood =  -41235.2363651699
Edge derivatives =  [-0.07031300992798495, 0.12343169069962362, 0.0649612742618007, -0.008835605288103218, -0.03162514647273208, 0.09908600022199106, -0.14813158258334586, -0.3299700526649101, 0.3410041165845921, 0.1506422908191048, 0.2296047020729003, -0.0506018861064145, 0.23324745703403352, -0.16938656688436593]
other derivatives: [ 0.01818989 -0.0349246   0.02837623  0.00436557 -0.17898856  0.19790605]
Current x array =  [-0.70796912 -0.74587304 -0.49173895  0.47699958 -2.32006454 -1.08539718
 -1.86825179 -0.90436744 -0.94361206 -0.70809975 -4.2176555  -2.68252466
 -1.4148401   0.51882981 -1.97165089 -1.96301791 -1.33056902 -1.77349712
 -0.4507726  -1.22450659]
log likelihood =  -41235.23663350979
Edge derivatives =  [0.012809646812599607, 0.16271078688722607, -0.002578920099137849, 0.04011757646262637, -0.02557724720249134, 0.037406195982097164, -0.10711666513076513, -0.0674735577557618, 0.3186364979972742, 0.1576726717706534, 0.03921826737750933, -0.03425247780918177, 0.13452211476747608, -0.1483028884432107]
other derivatives: [-4.12546797  0.04365575 -1.33659341  0.13897079  0.11641532  0.06257324]
Current x array =  [-0.70764691 -0.74591454 -0.49166967  0.47694567 -2.32019434 -1.08501032
 -1.86910555 -0.90445784 -0.94332146 -0.70816889 -4.22115148 -2.68123483
 -1.41501963  0.51857791 -1.97152546 -1.96314135 -1.33027047 -1.77374427
 -0.4506981  -1.22463828]
log likelihood =  -41235.23624545744
Edge derivatives =  [-0.04062052820425724, 0.13745890285937523, 0.040850993532420665, 0.008643485305786194, -0.029456316122531426, 0.07709731773263011, -0.13348698771445566, -0.23623170950742678, 0.3330209861397413, 0.15317024444801114, 0.16163625541397508, -0.044750607156020125, 0.19799573324013145, -0.16185113270428797]
other derivatives: [-1.46101229 -0.00727596 -0.45911293  0.0516593  -0.07348717  0.14915713]
Current x array =  [-0.70785407 -0.74588786 -0.49171421  0.47698033 -2.32011089 -1.08525904
 -1.86855663 -0.90439972 -0.9435083  -0.70812444 -4.21890379 -2.68206411
 -1.41490421  0.51873986 -1.9716061  -1.96306199 -1.33046242 -1.77358537
 -0.450746   -1.22455361]
log likelihood =  -41235.236030121836
Edge derivatives =  [-0.012452757679319845, 0.1450743116753968, 0.025252786266056926, 0.0695422659935301, -0.02953635675972664, 0.06099009932130471, -0.10291201595842797, -0.2396475452192337, 0.3136473248200939, 0.1295116187605463, 0.07880221828358408, -0.013060579548691123, 0.20341658030061094, -0.13515371657065112]
other derivatives: [-1.11322151 -0.04583853 -0.14988473  0.05893526  0.00727596  0.07203198]
Current x array =  [-0.7078779  -0.74587572 -0.49173989  0.4769415  -2.32015062 -1.08502247
 -1.86877034 -0.90442638 -0.94340388 -0.70822379 -4.21963303 -2.68175593
 -1.41503727  0.51877536 -1.97142905 -1.96301738 -1.33031471 -1.77375712
 -0.45076665 -1.22467566]
log likelihood =  -41235.23564634784
Edge derivatives =  [0.030970804777474895, 0.1208157822429653, -0.041122887050707824, 0.1587264051271151, -0.029959211986169687, 0.02454672974776509, -0.035698490125056874, -0.0523058077405637, 0.22824430794413236, 0.0527892777093162, -0.06746698097400089, 0.04061104788882283, 0.043724000906290306, -0.08841249098801196]
other derivatives: [-0.20736479 -0.05748007  0.35579433  0.05675247  0.14479156 -0.10986696]
Current x array =  [-0.7079443  -0.74586439 -0.49177636  0.47688205 -2.32017272 -1.08453968
 -1.86916938 -0.90432378 -0.94313273 -0.70835609 -4.22131524 -2.68111285
 -1.41536772  0.51861275 -1.9707767  -1.96283005 -1.33006222 -1.77407058
 -0.45062517 -1.22497085]
log likelihood =  -41235.23549958014
Edge derivatives =  [0.0396579995534594, 0.08214363833658994, -0.06034060016685977, 0.1675483710421088, -0.024962842886507765, 0.02415567393880174, -0.016647554928267673, 0.03136694246525218, 0.17541366983143494, 0.007763329240431688, -0.07815300906915928, 0.048130813195174635, -0.09374038701999933, -0.06621794791273805]
other derivatives: [ 0.07785275 -0.00291038  0.32741809  0.04583853  0.10913936 -0.15861588]
Current x array =  [-0.70796774 -0.74587288 -0.49177002  0.47688937 -2.32013785 -1.08445611
 -1.86932905 -0.90413798 -0.94306951 -0.70835341 -4.22278664 -2.68099292
 -1.41548684  0.51851241 -1.9703763  -1.96263676 -1.33004491 -1.77410648
 -0.4504883  -1.22511135]
log likelihood =  -41235.23531491595
Edge derivatives =  [0.04375227242415847, 0.015683133773564784, -0.04635581212639589, 0.1490197860776814, -0.012328194502543171, 0.04367989750021183, -0.0014479249602091793, 0.09451536756375811, 0.10253177776056269, -0.04673600150310227, -0.04225779579690264, 0.04474979703041421, -0.1570871997505344, -0.01197080936868078]
other derivatives: [ 0.24738256  0.11568773 -0.00654836 -0.02110028  0.0865839  -0.15788828]
Current x array =  [-0.70798301 -0.74589535 -0.49173538  0.4769556  -2.32011438 -1.08453847
 -1.86951269 -0.90377696 -0.94309865 -0.70824753 -4.22543119 -2.68103667
 -1.41562275  0.51845226 -1.96971758 -1.96230761 -1.33009367 -1.77404473
 -0.45043345 -1.22534353]
log likelihood =  -41235.235340260624
Edge derivatives =  [0.018184337976127826, -0.0818494925294607, -0.13692498141880294, -0.008079904089605697, -0.0033810661116345005, 0.0383309827927799, -0.03210996039294114, 0.13956992539649182, 0.0005725563141764436, -0.08137377362417637, 0.02736672401773821, 0.016486051817395153, -0.2119687788225601, -0.04536481460650421]
other derivatives: [-0.19936124 -1.14305294  0.72395778 -0.07785275 -0.09167707 -0.09531504]
Current x array =  [-0.70795871 -0.74571617 -0.49179386  0.47697817 -2.31995708 -1.08476068
 -1.86982029 -0.90347167 -0.94304308 -0.7079384  -4.22830401 -2.68068445
 -1.41575683  0.51827944 -1.96901331 -1.96221673 -1.33026292 -1.77395525
 -0.45046348 -1.22549448]
log likelihood =  -41235.23526300904
Edge derivatives =  [0.0322338235324687, -0.028245786006496854, -0.08715042226041003, 0.07826344182669676, -0.008288789905559531, 0.041281628117827915, -0.015260377533079288, 0.11481121532596406, 0.056620411874611705, -0.06232848887544035, -0.010887686785315376, 0.032024564173977324, -0.18181138004280176, -0.027008198153839924]
other derivatives: [ 0.04583853 -0.45183697  0.32232492 -0.04729372  0.00654836 -0.13023964]
Current x array =  [-0.70797206 -0.74581463 -0.49176172  0.47696577 -2.32004352 -1.08463857
 -1.86965126 -0.90363943 -0.94307361 -0.70810828 -4.22672533 -2.680878
 -1.41568315  0.51837441 -1.96940032 -1.96226667 -1.33016992 -1.77400442
 -0.45044698 -1.22541153]
      fun: 41235.23526300904
 hess_inv: <20x20 LbfgsInvHessProduct with dtype=float64>
      jac: array([-0.04583853,  0.45183697, -0.32232492,  0.04729372, -0.00654836,
        0.13023964, -0.03223382,  0.02824579,  0.08715042, -0.07826344,
        0.00828879, -0.04128163,  0.01526038, -0.11481122, -0.05662041,
        0.06232849,  0.01088769, -0.03202456,  0.18181138,  0.0270082 ])
  message: b'CONVERGENCE: REL_REDUCTION_OF_F_<=_FACTR*EPSMCH'
     nfev: 95
      nit: 78
   status: 0
  success: True
        x: array([-0.70797206, -0.74581463, -0.49176172,  0.47696577, -2.32004352,
       -1.08463857, -1.86965126, -0.90363943, -0.94307361, -0.70810828,
       -4.22672533, -2.680878  , -1.41568315,  0.51837441, -1.96940032,
       -1.96226667, -1.33016992, -1.77400442, -0.45044698, -1.22541153])
