number of sites to be analyzed:  175
log likelihood =  -2781.890689232221
Edge derivatives =  [55.963839973833736, 44.890474527096885, 106.74681342018694, 101.705149638862]
other derivatives: [ -14.83158485   14.83595042  -13.71349754    5.5872988  -136.64284779
   22.72477104]
Current x array =  [-0.6473547  -0.68013181 -0.53318948  0.74193734 -0.10536052 -0.51082562
 -4.60517019 -4.60517019 -4.60517019 -4.60517019]
log likelihood =  -2583.7638506571366
Edge derivatives =  [53.69781862514089, 45.10495711192536, 105.74427680138001, 99.58310597302392]
other derivatives: [ 63.53870958  18.42249731   8.92405296  -3.99986675 -96.0316811
  19.47723831]
Current x array =  [-0.71646733 -0.67719551 -0.59709201  0.76797319 -0.74209259 -0.47582647
 -4.34438835 -4.39598833 -4.10774847 -4.13124175]
log likelihood =  -3189.3490052859115
Edge derivatives =  [6.305617438134885, 8.969230665875338, 2.276975141375396, 2.455980999064515]
other derivatives: [-8.02893210e+03 -6.31960347e+03  1.18503613e+02 -1.71658030e+00
  2.94147867e+01  3.10304586e+01]
Current x array =  [-0.05       -0.05       -0.64852514  0.77910046 -6.24926752 -0.13713863
 -1.70087348 -2.22065785  1.0242076   0.72682011]
log likelihood =  -2042.4260348581104
Edge derivatives =  [37.11123102689609, 35.10114207991468, 60.67421446636826, 57.658364439875086]
other derivatives: [-366.95780636 -119.77163012    8.11949121  -45.25961685   33.9538019
    1.80850748]
Current x array =  [-0.3985659  -0.37802653 -0.62162535  0.77328084 -3.36898622 -0.31427414
 -3.08344559 -3.35836707 -1.65983227 -1.81397166]
log likelihood =  -1967.7538741585658
Edge derivatives =  [7.610633705359928, 8.673644804729783, 1.1288468570333439, 2.5169474581327558]
other derivatives: [ 260.57937248 -110.52134141   -4.82734777   -7.71333362   49.06851245
  -23.45584562]
Current x array =  [-1.13616737 -0.56991634 -0.48809983  0.54968462 -5.26877401 -0.19388686
 -1.87016416 -2.3309221   0.66977309  0.38579459]
log likelihood =  -1887.1324373692196
Edge derivatives =  [10.526712297934647, 10.593868020287214, 10.48487242000868, 16.2091034214619]
other derivatives: [172.64276266   8.07003744  32.04136192 -16.99254426  47.03858849
 -20.50344392]
Current x array =  [-0.87471048 -0.77294583 -0.53356235  0.56493489 -4.7618371  -0.25306583
 -2.11139119 -2.53072513  0.17785788 -0.07565546]
log likelihood =  -1882.4136860073813
Edge derivatives =  [18.00977447071322, 17.179830623276565, 27.348151702393807, 30.922090214242193]
other derivatives: [-289.75880468    7.8494395   -56.64833225  -16.0199761    37.84916771
  -11.74905719]
Current x array =  [-0.4356886  -0.76190624 -0.4512416   0.5240434  -4.01959892 -0.37429799
 -2.38472738 -2.75479027 -0.4060761  -0.59510046]
log likelihood =  -1859.160007568585
Edge derivatives =  [12.751291395904927, 12.384586902376215, 16.137596532212417, 21.98431269024501]
other derivatives: [ 64.14618383   7.50972049   2.50443009 -16.57128905  43.94571533
 -16.8284032 ]
Current x array =  [-0.69703606 -0.76847805 -0.50024671  0.54838589 -4.46144947 -0.30212911
 -2.22201176 -2.62140545 -0.05846322 -0.28587753]
log likelihood =  -1847.8358559179946
Edge derivatives =  [11.789699454504179, 11.976333133905252, 13.752806099629048, 18.00608072846877]
other derivatives: [-71.32234714   7.16640898  -5.44580416 -13.34792614  38.62169251
 -14.97430731]
Current x array =  [-0.56249718 -0.77555176 -0.49903415  0.49002615 -4.28985579 -0.364085
 -2.1892958  -2.58864004 -0.03200882 -0.23654133]
log likelihood =  -1838.470823322271
Edge derivatives =  [10.266209015585035, 10.976361858752858, 8.990818218992526, 12.704906921739289]
other derivatives: [-64.28160759   8.06894604 -13.18899194  -9.57361408  33.62131338
 -14.68629307]
Current x array =  [-0.56928902 -0.78259679 -0.48683013  0.43248436 -4.18725613 -0.40866012
 -2.12687591 -2.52951525  0.06132157 -0.13204559]
log likelihood =  -1872.9582442719984
Edge derivatives =  [0.5577936122842954, 7.407538423855466, -44.549530108624715, -45.085121287330125]
other derivatives: [ -53.63699529 -137.88958313  156.61707948   12.65480023  -53.17929208
   -0.98793862]
Current x array =  [-0.60990982 -0.56912551 -0.81450754  0.08372874 -2.78988867 -0.88919487
 -1.88561674 -2.23940622  0.16166451  0.09370191]
log likelihood =  -1823.8850877338166
Edge derivatives =  [7.923222011440281, 10.069055730353595, -3.349439013394601, -1.0050600189639831]
other derivatives: [-52.33371212 -30.38446721  60.88059763  -3.73086095  12.61544185
  -9.41679446]
Current x array =  [-0.58397598 -0.70541355 -0.60530604  0.30638736 -3.68202024 -0.58240354
 -2.03964561 -2.42462266  0.09760183 -0.05042373]
log likelihood =  -1816.0768111214634
Edge derivatives =  [6.567906718483319, 9.861801223029472, -13.425625530799032, -11.588371099542325]
other derivatives: [ -1.70336989  -5.11568032 -27.066244     8.6452701  -14.88083399
  -8.5137799 ]
Current x array =  [-0.64047779 -0.75752354 -0.46948049  0.18360736 -3.18154116 -0.75191381
 -1.96416621 -2.32564491  0.08096657 -0.01840634]
log likelihood =  -1813.5525412703453
Edge derivatives =  [7.9564487740125704, 10.53864523790635, -6.3613904158187164, -4.611637404639651]
other derivatives: [ 5.6690169  -1.38732048  0.83684881  3.97112672 -2.03178843 -8.49847765]
Current x array =  [-0.64430612 -0.76227032 -0.504895    0.23977689 -3.340864   -0.721057
 -1.98331079 -2.34173869  0.03133285 -0.07709541]
log likelihood =  -1811.8952996967191
Edge derivatives =  [8.300308738414746, 10.888171659382259, -4.922443562326007, -4.077740671920906]
other derivatives: [ 4.25072813e+00  7.04858394e-04  5.44127943e+00  3.04407877e+00
 -1.05592335e+00 -7.37236405e+00]
Current x array =  [-0.64288439 -0.76514427 -0.5113742   0.25620075 -3.32653025 -0.77104127
 -1.94587111 -2.28962007 -0.0111596  -0.10819087]
log likelihood =  -1806.4846238646887
Edge derivatives =  [9.531917072165449, 12.393304442017985, 0.01677566992893717, -2.6853848166782344]
other derivatives: [-1.09014309  5.66315066 21.82277967 -0.57555098  2.41002454 -3.84152372]
Current x array =  [-0.63719745 -0.77664004 -0.53729102  0.32189622 -3.26919526 -0.97097837
 -1.79611239 -2.08114557 -0.18112937 -0.23257269]
log likelihood =  -1792.8824550060012
Edge derivatives =  [-2.542336924056329, 6.213458481412013, 11.947190149494077, 2.9980728311714975]
other derivatives: [-3.83665792 18.31770078 33.17104529 -9.26602297  0.91176844  2.48342076]
Current x array =  [-0.63858162 -0.80075833 -0.56041924  0.5384736  -2.99984355 -1.85537784
 -1.00271566 -1.02202002 -0.7428817  -0.6456744 ]
log likelihood =  -1808.6352306416902
Edge derivatives =  [-3.2134353934253688, -1.1406485648960762, -4.868971265623275, -6.5562481018955285]
other derivatives: [ 21.9854428  -43.39476618  24.73639142  -9.48541583  22.45849373
   3.78854565]
Current x array =  [-0.66367965 -0.71960642 -0.52123168  0.49578969 -4.05972701 -1.90233404
 -0.67113089 -0.42964102  0.07747488 -0.0787491 ]
log likelihood =  -1791.2229775733717
Edge derivatives =  [-3.655201273460711, 3.969338048518464, 5.879808238429772, -1.5274296094809314]
other derivatives: [ 0.78389348  6.86507065 33.95721251 -9.80512596  6.71889211  2.37891982]
Current x array =  [-0.64369804 -0.78421493 -0.55243057  0.52977218 -3.21590839 -1.8649502
 -0.93511973 -0.90125931 -0.57564613 -0.53010261]
log likelihood =  -1788.692150400584
Edge derivatives =  [-1.0516832870367636, 5.557525926475764, 2.359941572909785, -1.5285817114908447]
other derivatives: [-1.95341272  0.89094101  5.04549007 -3.3668357   4.14374881  1.660419  ]
Current x array =  [-0.64263792 -0.76680517 -0.51241     0.3985769  -3.1769846  -1.77859967
 -1.09323756 -0.97128736 -0.48756594 -0.54023973]
log likelihood =  -1787.962347515073
Edge derivatives =  [-3.6641298672355576, 2.3897017494492974, -0.02254991010823945, -1.3900807842127458]
other derivatives: [ -0.83493887  -3.30765033 -10.05823833   1.20598997  -0.93687049
   1.72472028]
Current x array =  [-0.64626766 -0.75639133 -0.49378066  0.31668099 -3.10653007 -1.86799001
 -1.06425574 -0.79660733 -0.46489859 -0.58571421]
log likelihood =  -1787.7557300173999
Edge derivatives =  [-2.7653437026690795, 2.763197921538351, -1.247536327374892, -1.4112951014802153]
other derivatives: [ 0.62752861  2.35265816 -3.37497568  1.995204   -1.43006673  1.4672878 ]
Current x array =  [-0.64701906 -0.7688665  -0.50308259  0.29711404 -3.10112858 -1.83095486
 -1.1129617  -0.80428433 -0.43742184 -0.58423424]
log likelihood =  -1787.481853060165
Edge derivatives =  [-1.9542781886706302, 2.6015104544024705, -1.1948850901168642, -0.09222654611804154]
other derivatives: [ 0.14472334  2.71479621  1.12115686  2.01871444 -0.20602329  1.24680355]
Current x array =  [-0.64560392 -0.76805013 -0.51023844  0.29053127 -3.11520617 -1.80345941
 -1.1637506  -0.76905427 -0.43096634 -0.61272653]
log likelihood =  -1787.1797084569616
Edge derivatives =  [-0.9159384347841946, 1.3634025799746643, -0.6247722275104687, 2.1109383444945715]
other derivatives: [3.6093752  1.34880338 4.29026841 1.9142135  1.19562173 0.84241947]
Current x array =  [-0.648277   -0.76123961 -0.51641492  0.28820744 -3.1228376  -1.76827192
 -1.25440788 -0.66757397 -0.43531877 -0.66790086]
log likelihood =  -1787.6145001899238
Edge derivatives =  [-0.1646477393404198, -0.11832640381045312, -0.45679382491341003, 2.401478313079263]
other derivatives: [-33.2513082    3.2338221   -0.09210908   1.1337761    1.65607617
   0.48219135]
Current x array =  [-0.60975668 -0.76796102 -0.51146201  0.31024788 -3.13625008 -1.7203833
 -1.33806711 -0.57854602 -0.43231254 -0.67663549]
log likelihood =  -1787.1313012563667
Edge derivatives =  [-0.730238731469067, 1.0254342647730765, -0.5884815595292093, 2.1779345999331703]
other derivatives: [-4.8560878   1.81159976  3.24482698  1.70655312  1.31969955  0.75565367]
Current x array =  [-0.63899149 -0.76285984 -0.515221    0.2935204  -3.12607075 -1.75672813
 -1.27457435 -0.64611334 -0.43459411 -0.67000638]
log likelihood =  -1787.0571727488614
Edge derivatives =  [-0.4476214117370056, 0.6111371209643701, -0.3275515834948475, 2.3463551898048913]
other derivatives: [-2.99344265  0.99598765  2.51775418  1.27411113  1.43586476  0.62136678]
Current x array =  [-0.64085773 -0.76022486 -0.5142266   0.30403239 -3.12186035 -1.74251735
 -1.30217911 -0.62092582 -0.44066581 -0.67474265]
log likelihood =  -1786.9204811442933
Edge derivatives =  [0.12245782256103561, 0.12539202085533205, -0.09788423809274677, 1.4194537256556718]
other derivatives: [-0.18239916 -1.07841061  0.2395609   0.01109584  0.77616278  0.30572664]
Current x array =  [-0.64404886 -0.75489625 -0.51042852  0.33704533 -3.09770785 -1.70030794
 -1.36172719 -0.59645733 -0.45511275 -0.65504582]
log likelihood =  -1786.8973096423586
Edge derivatives =  [0.21093573665643955, 0.034369482046528343, -0.04021084317392812, 0.507433958376889]
other derivatives: [ 1.05299023  1.3889121  -1.478179   -0.45024535  0.33144261  0.19761046]
Current x array =  [-0.64540367 -0.76131546 -0.5073275   0.3507865  -3.09102064 -1.68442335
 -1.37064913 -0.59549928 -0.45850263 -0.63104804]
log likelihood =  -1786.8917766045697
Edge derivatives =  [0.11087264342569289, 0.0040712098961335486, -0.3354734330802176, -0.19537157372964037]
other derivatives: [-0.16541435 -1.05890194  0.37898644 -0.31427589 -0.40422492  0.18931132]
Current x array =  [-0.64443813 -0.75581126 -0.5100138   0.34824797 -3.07817611 -1.6797882
 -1.37426994 -0.59987702 -0.46068143 -0.62117442]
log likelihood =  -1786.8883955071415
Edge derivatives =  [0.11438542723000224, 0.06753876521308591, -0.23011791201707038, 0.05145826025515793]
other derivatives: [-0.02823981 -0.03878995 -0.00168257 -0.24751898 -0.12464625  0.20772859]
Current x array =  [-0.64445277 -0.75814349 -0.50950177  0.34624445 -3.08396124 -1.68249446
 -1.36933591 -0.60114177 -0.45966771 -0.62432102]
log likelihood =  -1786.887490553429
Edge derivatives =  [0.11441884546956277, 0.07560334069067903, -0.16854141025813443, 0.05932795520813078]
other derivatives: [-0.04565663  0.15331807  0.00120508 -0.19012987 -0.07330527  0.20620519]
Current x array =  [-0.64440905 -0.75856432 -0.50954227  0.34478239 -3.08522009 -1.68152202
 -1.36823682 -0.60141611 -0.46044509 -0.62389017]
log likelihood =  -1786.8851924120572
Edge derivatives =  [0.12833002285216855, 0.06644217873751682, 0.036326297636230576, 0.004162048030142196]
other derivatives: [-0.06380105  0.39281076 -0.07980816  0.04899903  0.02701199  0.17967068]
Current x array =  [-0.64434986 -0.75898088 -0.50959071  0.33895821 -3.08816701 -1.67415687
 -1.36676731 -0.60114645 -0.46388743 -0.62110903]
log likelihood =  -1786.8838370858593
Edge derivatives =  [0.11028341478026417, 0.02486394642275508, 0.11901306945157042, -0.07312364393997972]
other derivatives: [ 0.00909495  0.26109319 -0.04761205  0.04579306  0.12228156  0.16000286]
Current x array =  [-0.64441736 -0.7587284  -0.50961314  0.33852943 -3.09086277 -1.666852
 -1.36351225 -0.59999366 -0.46530767 -0.61878372]
log likelihood =  -1786.881847646675
Edge derivatives =  [0.026770366138126347, -0.10047320653385289, 0.1310118065990662, -0.13258609774596214]
other derivatives: [ 0.03199148 -0.15706973 -0.69148882  0.23924258  0.0426553   0.1033186 ]
Current x array =  [-0.64450822 -0.75771087 -0.50879344  0.33461317 -3.09160884 -1.64791084
 -1.35432345 -0.59748095 -0.46626259 -0.61826738]
log likelihood =  -1786.8816025795413
Edge derivatives =  [-0.0012262282145196618, -0.2725059402048937, 0.11685099137467156, -0.16845959813507314]
other derivatives: [0.34012828 0.03742571 0.97941211 0.1193257  0.03069545 0.02687557]
Current x array =  [-0.64471741 -0.75811124 -0.51113781  0.33672309 -3.09197845 -1.62804231
 -1.35048307 -0.59156545 -0.46689631 -0.61873227]
log likelihood =  -1786.8799623972536
Edge derivatives =  [-0.014204454951959378, -0.19702415556649072, 0.04069881606018971, -0.13194801452486454]
other derivatives: [ 0.04952199 -0.10868462  0.08217285  0.08712959  0.00445652  0.05861693]
Current x array =  [-0.64447251 -0.75788514 -0.5098052   0.3380003  -3.09136384 -1.63450716
 -1.349591   -0.59482755 -0.46508921 -0.61956523]
log likelihood =  -1786.8795318113296
Edge derivatives =  [-0.028723183046618278, -0.1771789406523122, -0.017803414984217225, -0.08019108727082322]
other derivatives: [-0.02003162 -0.10243184 -0.16509603  0.05491074 -0.01411991  0.06214123]
Current x array =  [-0.64440835 -0.75792988 -0.50942713  0.33901304 -3.09098685 -1.63415228
 -1.34774671 -0.59599436 -0.46380943 -0.62103318]
log likelihood =  -1786.8790636797844
Edge derivatives =  [-0.04159068431567258, -0.1490754614337454, -0.06098724155225471, -0.02808926106973547]
other derivatives: [-0.09340511 -0.01966782 -0.24365363  0.02828529 -0.02894467  0.05384209]
Current x array =  [-0.64432018 -0.75812145 -0.50930441  0.33985786 -3.09067712 -1.63039898
 -1.34500598 -0.59779802 -0.46289149 -0.62248623]
log likelihood =  -1786.87875717641
Edge derivatives =  [-0.03941012211714398, -0.044037767813585815, -0.07693467841340848, 0.04491347833308701]
other derivatives: [ 0.79508027  0.0433829  -0.25024747  0.01409717 -0.02671641  0.0349246 ]
Current x array =  [-0.64526994 -0.75811432 -0.50927995  0.34037351 -3.08999214 -1.62318543
 -1.34089752 -0.60334106 -0.46258565 -0.62412009]
log likelihood =  -1786.8781992825068
Edge derivatives =  [-0.04430553741159116, -0.021041889746680087, -0.06359643440228549, 0.04284455742832055]
other derivatives: [-0.05550191  0.07360086 -0.0452701  -0.00056843 -0.0234877   0.01630269]
Current x array =  [-0.64432065 -0.75821535 -0.50961284  0.34070336 -3.09019144 -1.61662158
 -1.33871415 -0.6050214  -0.4630244  -0.62426319]
log likelihood =  -1786.8780938750717
Edge derivatives =  [-0.03313014627511607, -0.0188554669588272, -0.027129348743800463, 0.015447104991473837]
other derivatives: [-0.04520189  0.04522462  0.03897185  0.0058435  -0.00507043  0.01343778]
Current x array =  [-0.64432674 -0.75813371 -0.50974365  0.34040891 -3.09045341 -1.61635958
 -1.33960793 -0.60496322 -0.46379103 -0.62341361]
log likelihood =  -1786.878040158327
Edge derivatives =  [-0.016030734699269134, -0.004958355976031226, 0.0066098610252405265, 0.0013422107652288906]
other derivatives: [ 0.02326033 -0.00877662  0.06969003 -0.00798082  0.01400622  0.0046839 ]
Current x array =  [-0.64439392 -0.75797067 -0.50979418  0.34064585 -3.09049487 -1.61455793
 -1.34037196 -0.60548638 -0.46453026 -0.62290946]
log likelihood =  -1786.878032150453
Edge derivatives =  [-0.008975457312337204, -0.005708116047475731, 0.01564906156206544, -0.0033375584656975543]
other derivatives: [ 0.02114575  0.03055902  0.02935394 -0.00679847  0.01182343  0.00186446]
Current x array =  [-0.64438859 -0.75805335 -0.50974052  0.34066908 -3.09039292 -1.61437305
 -1.34094432 -0.60536103 -0.46470252 -0.62271724]
log likelihood =  -1786.8780257065077
Edge derivatives =  [-0.0045663498530131436, -0.000730885508712309, 0.012517036233158363, -0.005238407583735005]
other derivatives: [ 0.00636646  0.00231921 -0.00113687 -0.00800355  0.00668479  0.00195541]
Current x array =  [-0.64437649 -0.7579843  -0.50969879  0.34072252 -3.09021789 -1.61459866
 -1.34139272 -0.60552486 -0.46468085 -0.62269209]
log likelihood =  -1786.8780234358246
Edge derivatives =  [-0.0031861257086435307, 0.001072229138402797, 0.006306282124201007, -0.003536685242540971]
other derivatives: [-0.00150067 -0.0005457  -0.01473381 -0.00613909  0.0003638   0.00159162]
Current x array =  [-0.64436947 -0.75797532 -0.50968117  0.34071239 -3.09008347 -1.6146201
 -1.34154655 -0.60559929 -0.46457907 -0.62276832]
      fun: 1786.8780234358246
 hess_inv: <10x10 LbfgsInvHessProduct with dtype=float64>
      jac: array([ 0.00150067,  0.0005457 ,  0.01473381,  0.00613909, -0.0003638 ,
       -0.00159162,  0.00318613, -0.00107223, -0.00630628,  0.00353669])
  message: b'CONVERGENCE: REL_REDUCTION_OF_F_<=_FACTR*EPSMCH'
     nfev: 46
      nit: 39
   status: 0
  success: True
        x: array([-0.64436947, -0.75797532, -0.50968117,  0.34071239, -3.09008347,
       -1.6146201 , -1.34154655, -0.60559929, -0.46457907, -0.62276832])
