number of sites to be analyzed:  379
log likelihood =  5238.433973138018
Lr derivatives =  [-246.29565559591651, -376.20812561908116, -133.85226938834157]
other derivatives =  [ 59.27058737 -24.47304723  18.30421752  23.29752533 293.30894904
  27.25782906]
Current x_clock array =  [-0.60353    -0.74699999 -0.64539275  0.74193734 -0.10536052 -0.51082562
 -0.51082562 -0.51082562 -0.51082562]
log likelihood =  5015.268236415676
Lr derivatives =  [126.01137931721343, -165.13336678529743, -27.215763681173847]
other derivatives =  [-236.83633117    0.44665285  -69.28394214    7.23985067  235.88327167
   43.12869351]
Current x_clock array =  [-0.75564268 -0.74521121 -0.69236889  0.68214632 -0.85811181 -0.58078041
  0.12127024 -0.50951464 -0.50951464]
log likelihood =  4873.82048831111
Lr derivatives =  [186.86467408986007, -71.86316453992626, 21.092415486866074]
other derivatives =  [296.2504368   46.93629307 -32.50406735   9.66592779 168.01368474
  36.65736585]
Current x_clock array =  [-0.52418853 -0.74986682 -0.62600573  0.64004943 -1.58006602 -0.67600132
  0.29766147 -0.36934744 -0.50094455]
log likelihood =  4772.835788161205
Lr derivatives =  [39.72863883022943, -109.71012126305997, -9.61573848897639]
other derivatives =  [105.83389667  26.18062354  41.32589311  25.66521289  30.43815013
  24.31406756]
Current x_clock array =  [-0.58591848 -0.7918606  -0.55409746  0.59283761 -2.36106021 -0.78684664
  0.36382897 -0.24436875 -0.52461069]
log likelihood =  4741.402796166185
Lr derivatives =  [6.299916693486638, -90.41716315696321, 4.076533715216403]
other derivatives =  [  7.21629476 -13.8526957  -34.38963176  25.81591616 -17.70240488
  19.57569111]
Current x_clock array =  [-0.62346163 -0.83935202 -0.59530206  0.53393685 -2.65741844 -0.86487181
  0.32004321 -0.0137624  -0.51143214]
log likelihood =  4737.341703665331
Lr derivatives =  [15.685238818888553, -84.75446687890059, 7.14473411039879]
other derivatives =  [-16.12279448  -0.61872925  14.89870556  20.61306077  -7.1843715
  19.43526513]
Current x_clock array =  [-0.63515285 -0.82392569 -0.56361566  0.50162947 -2.58182356 -0.88594514
  0.28431023  0.         -0.50744737]
log likelihood =  4734.6227164432685
Lr derivatives =  [23.575342004892917, -83.1084642526208, 6.600177291633106]
other derivatives =  [-17.29476935   9.04847184  24.20038072  14.29107215   5.78065737
  18.6685611 ]
Current x_clock array =  [-0.63620125 -0.80958303 -0.56106809  0.45526694 -2.45279272 -0.91812074
  0.21729709  0.         -0.5070679 ]
log likelihood =  4730.912569913706
Lr derivatives =  [3.6660154129645814, -99.99600478166204, -10.746576977807589]
other derivatives =  [-7.44075805 -2.38696884 30.34274414 -1.83954398 11.69628376 13.89089448]
Current x_clock array =  [-0.62982694 -0.8107964  -0.56466786  0.3218548  -2.29800809 -1.04658935
  0.08871481  0.         -0.51376452]
log likelihood =  4729.8383120213175
Lr derivatives =  [-1.1243201474825781, -98.38330093516677, -3.6416333415002526]
other derivatives =  [ -0.91968104  42.3837264  -11.90792318  -4.69581209   2.25418262
  10.35477908]
Current x_clock array =  [-0.62731296 -0.76784447 -0.59486659  0.27163803 -2.33387682 -1.15445452
  0.07004941  0.         -0.48200024]
log likelihood =  4728.624131103697
Lr derivatives =  [-5.31816991039531, -99.81443361087024, -3.345223443564805]
other derivatives =  [ 5.53536665 10.47010301 -7.64393917 -5.57174644 -1.64654921  9.73686838]
Current x_clock array =  [-0.62382862 -0.79982098 -0.59079897  0.26145476 -2.36802097 -1.18752002
  0.08046959  0.         -0.47620683]
log likelihood =  4728.091862293648
Lr derivatives =  [-6.619328854450979, -98.76780360135906, 0.06646757776700696]
other derivatives =  [ 3.72683644 -3.44862201 -6.24077074 -6.59747457 -4.55274858  8.48485797]
Current x_clock array =  [-0.62445586 -0.81541257 -0.58862157  0.24805312 -2.39560607 -1.24876807
  0.08847376  0.         -0.46285651]
log likelihood =  4727.504088335023
Lr derivatives =  [-5.202246173268023, -96.37688155500005, 3.398702961101403]
other derivatives =  [  0.08949428 -10.52376319  -3.44007276  -7.0558599   -4.96756911
   6.64613253]
Current x_clock array =  [-0.6262004  -0.82423945 -0.58533001  0.24279108 -2.4068319  -1.34218082
  0.09462812  0.         -0.45044999]
log likelihood =  4726.496101090401
Lr derivatives =  [-1.427511184107038, -93.03023978312734, 3.547741202440811]
other derivatives =  [ -3.22188498 -13.08908395   1.63263394  -5.28943929  -3.65844244
   3.304649  ]
Current x_clock array =  [-0.62809728 -0.82913465 -0.57976514  0.26012705 -2.40419417 -1.53549596
  0.1020705   0.         -0.44375796]
log likelihood =  4725.8498903211375
Lr derivatives =  [-0.27504106703398357, -91.2615719658905, 4.640746368145315]
other derivatives =  [ 2.71984391 -5.36065272 -0.00718501 -0.76324795 -0.44519766  1.16788215]
Current x_clock array =  [-0.62568626 -0.82095591 -0.58066146  0.30403185 -2.3574351  -1.72344378
  0.07895777  0.         -0.43193732]
log likelihood =  4725.940588704614
Lr derivatives =  [-5.481578460251445, -96.55581015598395, -7.893389544754648]
other derivatives =  [-22.75282895  -2.37623681  -1.60671334   1.86728357  -2.35831976
  -0.10504664]
Current x_clock array =  [-0.63622464 -0.81701972 -0.58154071  0.32467114 -2.35076446 -1.81362184
  0.07675989  0.         -0.45422492]
log likelihood =  4725.79834056702
Lr derivatives =  [-2.203078927080078, -93.22561254366462, -0.09084371494749277]
other derivatives =  [-6.92079993 -4.24142854 -0.60699676  0.21764208 -1.17270247  0.6686605 ]
Current x_clock array =  [-0.62962646 -0.8194842  -0.5809902   0.31174868 -2.35494101 -1.75716049
  0.078136    0.         -0.44027044]
log likelihood =  4725.762132710402
Lr derivatives =  [-1.6311250661745902, -92.75056130285321, -0.7902804412146054]
other derivatives =  [ 1.86664693 -0.89385139  0.21227606  0.94760253 -0.68994268  0.1884473 ]
Current x_clock array =  [-0.62599684 -0.81639972 -0.58038145  0.31875829 -2.34881051 -1.80883332
  0.07570196  0.         -0.44005828]
log likelihood =  4725.755722021676
Lr derivatives =  [-0.925470581883566, -92.13314361135002, -0.1468792477126719]
other derivatives =  [ 0.56224962 -0.32732714 -0.20427251  0.58580554 -0.27803253  0.11468728]
Current x_clock array =  [-0.62662583 -0.81584087 -0.58063119  0.31598003 -2.34751573 -1.82090187
  0.07566933  0.         -0.43843152]
log likelihood =  4725.752686325712
Lr derivatives =  [-0.06410300333868335, -91.50803622800414, 0.10497192219473206]
other derivatives =  [-0.19099389  0.03274181  0.09003998  0.07075869  0.04201866  0.01446097]
Current x_clock array =  [-0.62705083 -0.81563053 -0.58032084  0.31192737 -2.34853329 -1.83363085
  0.07742854  0.         -0.43797411]
log likelihood =  4725.752616251866
Lr derivatives =  [0.022194285670089187, -91.47818192480759, -0.026074595238586795]
other derivatives =  [ 0.03528839 -0.08876668 -0.18771971 -0.01364242  0.03074092 -0.00300133]
Current x_clock array =  [-0.62695855 -0.81579304 -0.58050296  0.31117664 -2.34916997 -1.83470322
  0.07794783  0.         -0.43834617]
log likelihood =  4725.752599427202
Lr derivatives =  [-0.005974592960056313, -91.49331372596635, -0.02207724768305397]
other derivatives =  [ 0.01045919 -0.025193    0.07876224 -0.0165528   0.01437002 -0.0007276 ]
Current x_clock array =  [-0.6269729  -0.81572925 -0.58031592  0.31115801 -2.3492577  -1.83455245
  0.07794435  0.         -0.43831823]
log likelihood =  4725.752596208511
Lr derivatives =  [-0.006673624098757713, -91.49054569772402, -0.00829309206141815]
other derivatives =  [ 0.00618456 -0.01591616  0.01127773 -0.00682121  0.01127773  0.00027285]
Current x_clock array =  [-0.62697356 -0.81571874 -0.58036293  0.31122421 -2.34924186 -1.83446926
  0.07792046  0.         -0.43828939]
      fun: 4725.752596208511
 hess_inv: <9x9 LbfgsInvHessProduct with dtype=float64>
      jac: array([ 6.18456397e-03, -1.59161573e-02,  1.12777343e-02, -6.82121026e-03,
        1.12777343e-02,  2.72848411e-04, -6.67362410e-03, -9.14905457e+01,
       -8.29309206e-03])
  message: 'CONVERGENCE: REL_REDUCTION_OF_F_<=_FACTR*EPSMCH'
     nfev: 22
      nit: 20
     njev: 22
   status: 0
  success: True
        x: array([-0.62697356, -0.81571874, -0.58036293,  0.31122421, -2.34924186,
       -1.83446926,  0.07792046,  0.        , -0.43828939])
{('N0', 'N1'): [3.9956160427341105, 3.9956160427341088], ('N0', 'ENSLOCG'): [0.0, 0.0], ('N1', 'ENSGACG'): [13.32943546019371, 13.462237908305527], ('N1', 'ENSDARG'): [14.843996561635606, 15.854340626273533]}
