number of sites to be analyzed:  801
log likelihood =  -27219.071374685504
Edge derivatives =  [312.22820404092926, 239.59241524718078, 375.8655617142155, 614.049734736995, 112.1584990885467, 127.74490322142904, 368.812013863963, 333.44455996891213, 109.42159203357215, 239.45014429402906, 342.2597587778086, 406.3691497398576]
other derivatives: [ -232.36425477    86.7221388   -292.79690352    95.34232959
 -1210.1187167    434.22005547]
Current x array =  [-0.66010233 -0.79061773 -0.54293308  0.74193734 -0.10536052 -0.51082562
 -4.60517019 -4.60517019 -4.60517019 -4.60517019 -4.60517019 -4.60517019
 -4.60517019 -4.60517019 -4.60517019 -4.60517019 -4.60517019 -4.60517019]
log likelihood =  -25784.122896883222
Edge derivatives =  [298.7598383710158, 242.13508927700468, 369.96594472405303, 624.7479432749432, 104.46272392975544, 125.30896976505873, 367.90829629055906, 330.0143407765295, 106.18179866997015, 240.92462987328736, 339.27875232053634, 405.82970814352575]
other derivatives: [ 759.34149208  166.42079572  -83.78847269  -66.62448868 -697.37252488
  377.53707147]
Current x array =  [-0.7962191  -0.79018389 -0.71445071  0.79778797 -0.81423652 -0.50642585
 -4.42226988 -4.46481923 -4.38499173 -4.24546571 -4.53946881 -4.53033844
 -4.38912363 -4.40984154 -4.54107206 -4.46490258 -4.40467768 -4.36712301]
log likelihood =  -23995.279013686973
Edge derivatives =  [264.78782323625666, 225.05761368152213, 327.30639566164604, 586.5611211991549, 77.44753739203246, 97.09694952329697, 336.8572284398695, 291.4619238561568, 80.84560566731575, 237.03177109747358, 295.1169557496955, 372.3714236604823]
other derivatives: [-10688.69896699    363.61379898    579.6624464    -897.24708232
    834.19254224    290.38747016]
Current x array =  [-0.23349508 -0.64985156 -1.34625882  0.88251613 -3.87785609 -0.38087634
 -3.47869666 -3.72416228 -3.23581257 -2.34185295 -4.20420103 -4.14032368
 -3.25521534 -3.38803727 -4.20848578 -3.72605989 -3.35516452 -3.11715778]
log likelihood =  -22532.143529913
Edge derivatives =  [215.86187596878992, 210.9496869025943, 264.1960032096923, 461.7110904394851, 51.815635135473286, 74.45370975815472, 276.7645213932404, 243.11785458982968, 64.38004987787093, 215.72775578806312, 247.86949931771, 311.33666400984606]
other derivatives: [1123.33436846  -79.22426448   26.30586096 -554.69099607  952.9194358
  197.58372218]
Current x array =  [-0.85479161 -0.62140624 -1.56134871  0.90582107 -4.88763283 -0.36714856
 -3.17967136 -3.49202499 -2.87414187 -1.74590895 -4.09801455 -4.01815764
 -2.89894985 -3.0669082  -4.10410063 -3.49359208 -3.02567987 -2.72449634]
log likelihood =  -22336.77495677721
Edge derivatives =  [220.05594478339782, 212.23393470520597, 269.93962910295085, 474.43843816213933, 53.725967895084, 76.21559004086387, 282.33482541415424, 247.67430423231443, 65.80746553029184, 217.1188253798365, 252.11302878054946, 316.6088677200089]
other derivatives: [ 867.52916104  -27.95277396   54.79014362 -506.98727136  937.07276392
  199.69738787]
Current x array =  [-0.79204592 -0.62258047 -1.52548827  0.86467435 -4.70664752 -0.35397927
 -3.20129607 -3.50621014 -2.89981927 -1.78602146 -4.10711141 -4.02767119
 -2.92319583 -3.08923908 -4.11223986 -3.50751184 -3.04868662 -2.75089263]
log likelihood =  -22789.03855116533
Edge derivatives =  [247.38337583495584, 193.14593193978024, 275.0392830593526, 397.36272772213397, 63.11959445771619, 74.97606851198181, 281.61211757426497, 246.61376147317253, 58.47643912135874, 216.02694749237958, 244.13455432687059, 302.31173699442724]
other derivatives: [-18784.7581401     483.38333727    648.32347562   -777.81369328
    713.50877988    235.67445169]
Current x array =  [-0.13505368 -0.47783476 -1.24974695  0.38592483 -3.41322407 -0.10389219
 -3.04842521 -3.34652115 -2.70416032 -1.41788118 -4.07592763 -3.97592945
 -2.71277925 -2.90838807 -4.06828025 -3.34358533 -2.86557538 -2.51554398]
log likelihood =  -21402.065735003984
Edge derivatives =  [226.919987525167, 204.88988255724666, 271.8709188172584, 442.6017299944351, 55.404914377846545, 74.64403051292769, 280.0832497882644, 244.88920938082885, 62.913628480474095, 213.83221489040096, 246.93938461193957, 307.85072663202993]
other derivatives: [-2029.27039936   183.6069714    374.69071685  -391.12928789
   838.52319221   194.29135136]
Current x array =  [-0.46010561 -0.54944881 -1.38617208  0.62278981 -4.0531552  -0.22762468
 -3.12405924 -3.4255285  -2.80096408 -1.60002139 -4.09135605 -4.00152907
 -2.81688446 -2.99786549 -4.0900296  -3.42468922 -2.95617106 -2.63198452]
log likelihood =  -20773.924024193137
Edge derivatives =  [219.00497049888523, 189.82590431796106, 252.88665830192724, 342.45076957568733, 50.33116870349301, 66.10007444196998, 253.78748988771054, 223.61887854132988, 54.03461148221023, 202.2651962330692, 223.2334263817713, 272.1431532224715]
other derivatives: [-3868.80310543   108.35537978   478.828224    -327.4584742
   742.3615898    164.93395378]
Current x array =  [-0.35395627 -0.46901949 -1.28599278  0.40682939 -3.67267061 -0.10226106
 -2.97078031 -3.28677175 -2.61202324 -1.27331269 -4.04927451 -3.94551687
 -2.62245291 -2.82683063 -4.04234482 -3.28317908 -2.78217734 -2.41651486]
log likelihood =  -19768.165575780535
Edge derivatives =  [105.96739709290028, 93.74371835038785, 104.24376161208112, -461.79521803455845, 9.438748451751216, 11.586338294517253, -10.668480303202589, 30.98097073023215, 3.9291621275249637, 88.36940931563397, 13.739353695358707, -80.75166150440208]
other derivatives: [-4764.15989397 -5596.46905458   634.62975959   418.5596481
  -107.90390661  -157.55613276]
Current x array =  [-0.33564199 -0.20089583 -0.93174926 -0.39604553 -2.40402109  0.36795812
 -2.33070143 -2.71561223 -1.82881721  0.05344687 -3.87132217 -3.71241628
 -1.82095853 -2.11972047 -3.84401987 -2.70004247 -2.06304197 -1.53014475]
log likelihood =  -18669.138703687982
Edge derivatives =  [162.9231993815393, 114.38792157487157, 188.50148363190456, -264.67107029379594, 26.366795258940016, 30.49669841471857, 88.92151321134405, 108.01868972463488, 20.149782505857345, 122.32848602171143, 87.40283107125491, 19.04722521765856]
other derivatives: [-1023.68721855   -47.86379577   190.48093236   600.0889698
  -376.88514567  -324.34691093]
Current x array =  [-0.5176576  -0.67365241 -0.79782731 -0.49213247 -1.99206316  0.42325
 -2.27802328 -2.66106477 -1.76649331  0.10964559 -3.86362722 -3.69903366
 -1.7641896  -2.0675374  -3.83288978 -2.64404275 -2.01216838 -1.47250322]
log likelihood =  -18567.147981940223
Edge derivatives =  [145.57936210576696, 105.55438722504549, 194.71752261191287, -98.50793961159768, 18.798700303591783, 24.33839432986426, 58.22018244895095, 82.20125951978855, 15.249313471955258, 110.72266209809577, 64.32928364560546, -3.6501184068393964]
other derivatives: [-136.81637938    8.37353582  675.75529101  286.29110602  429.11706259
 -273.18310458]
Current x array =  [-0.62504749 -0.73900258 -1.08170468 -0.23013826 -3.33570529  0.31869769
 -2.09287164 -2.53273715 -1.54421943  0.42088769 -3.78984963 -3.61955451
 -1.55963303 -1.87734062 -3.76532024 -2.51800314 -1.81734488 -1.25411407]
log likelihood =  -18023.717989920005
Edge derivatives =  [139.88007261338777, 98.51761776643079, 187.9313012644077, -117.5326338253017, 22.09025338582993, 25.250283774984084, 73.33924058926335, 94.48586692880238, 17.67839609367936, 108.20536506858, 75.7919703979463, 11.056503455024645]
other derivatives: [-375.71808207    7.36690708   -5.27325028  312.86363082  204.52789613
 -259.36533348]
Current x array =  [-0.60180333 -0.74799629 -0.64194274 -0.03797699 -2.83941556  0.15284919
 -1.9476894  -2.41526889 -1.36076386  0.34874573 -3.77101292 -3.59219607
 -1.4683429  -1.77414378 -3.74628584 -2.39435538 -1.72917182 -1.20980418]
log likelihood =  -17791.8967586036
Edge derivatives =  [57.11703883694426, 54.31870581841742, 47.649086605362335, -341.5488027267851, 10.033430700962075, 8.899722133454286, -33.98606182007957, 12.984060603948192, 5.726902735571912, 45.31841233925527, -10.91795613756636, -109.73015209182826]
other derivatives: [ -511.29463827     7.72342901 -1555.2068362    228.6516974
  -338.00170058  -265.33962227]
Current x array =  [-0.62467403 -0.83155915 -0.34577155  0.37448084 -2.28941359 -0.21649397
 -1.42752541 -2.00281411 -0.69935587  0.59035584 -3.65743004 -3.45072268
 -1.02456733 -1.32348247 -3.63383083 -1.96345136 -1.3091538  -0.85479192]
log likelihood =  -17490.068306670702
Edge derivatives =  [63.47919218302614, 62.15793848573452, 34.151625844698756, -195.66183547149564, 12.129478930973585, 13.319120156600983, -7.954575527145903, 23.562263455958135, 10.739585864948893, 62.268436691550534, 18.54942571157446, -33.01698700732904]
other derivatives: [-5.81494533e+00  1.11609552e+01  2.61478635e+02 -9.45874490e-03
 -1.99447095e+02 -1.14657450e+02]
Current x array =  [-0.68050895 -0.82530462 -0.61564371  0.66994715 -2.20914251 -0.48907938
 -1.42820085 -2.0137705  -0.69363354  0.26154755 -3.67181824 -3.47047211
 -1.1135212  -1.37436171 -3.65342258 -1.97354658 -1.37841325 -1.00985737]
log likelihood =  -17431.129020989567
Edge derivatives =  [70.28048880842344, 65.1761908979257, 38.015162175818844, -98.01313441955125, 13.865247263920269, 15.008415583100398, 13.6764381828574, 36.358057557640855, 13.251790846054899, 65.96095619541819, 32.94537079163825, 0.6216811414016213]
other derivatives: [  85.27895261    4.25316102  122.1880666  -118.57919162  -59.40601113
  -62.91011232]
Current x array =  [-0.69319548 -0.83064205 -0.56176326  0.84613073 -2.33207622 -0.6450074
 -1.38167949 -1.98185524 -0.64166668  0.12750683 -3.6652225  -3.4642626
 -1.11723335 -1.3588886  -3.64991423 -1.94060256 -1.37141597 -1.04586424]
log likelihood =  -17375.930221289607
Edge derivatives =  [40.879148957745805, 48.78282548972591, -15.804445660776057, -75.11238490648827, 7.897942150976667, 7.203023035450253, -33.55865720423205, -11.544648786083101, 7.396551431771587, 23.62693237321002, -17.204508255400363, -41.267817376453415]
other derivatives: [  47.26462066   62.64017429   94.02501746 -118.44276742   28.52648322
  -55.44134183]
Current x array =  [-0.69187672 -0.8866158  -0.52573526  0.8762616  -2.61175974 -0.85173178
 -1.06960109 -1.72478584 -0.31184707  0.22100109 -3.58679606 -3.37245301
 -0.89042484 -1.10758445 -3.5738471  -1.68152649 -1.13271663 -0.85671404]
log likelihood =  -17383.096788163773
Edge derivatives =  [-6.659617583924375, 38.431124062542324, -111.80639812757302, 34.41673966967348, 8.66390780550624, 9.260939229060618, 1.3338674907486272, -16.184733967662083, 10.03377843942787, -7.191117076673006, -4.613198690847447, 32.716889093948254]
other derivatives: [ 202.63360057   -6.68442226 -561.91820477   80.30947356 -187.48578441
   36.19352356]
Current x array =  [-0.7377659  -0.83697657 -0.43256945  0.58997234 -2.25389672 -1.3793822
 -0.76228723 -1.41478866 -0.24257264 -0.45506001 -3.54269767 -3.33049214
 -1.00639853 -1.0870025  -3.53566594 -1.46224252 -1.15996164 -1.08589722]
log likelihood =  -17331.84197804013
Edge derivatives =  [21.32124986915465, 44.31119332845898, -64.83172487225097, -19.299644919947674, 8.269594872064705, 8.171262226866444, -15.467306194015025, -12.628998658485575, 8.735477303662869, 11.368523284140764, -10.050473516499197, -3.3894213171317222]
other derivatives: [ 121.36079022   28.42825779 -192.93947844  -28.52539183  -59.910235
   -2.38796929]
Current x array =  [-0.7140425  -0.86263864 -0.48073351  0.73797571 -2.43890169 -1.10660199
 -0.92115973 -1.57504835 -0.27838555 -0.10555572 -3.56549528 -3.35218472
 -0.94644345 -1.09764278 -3.55540451 -1.57560607 -1.14587675 -0.96741606]
log likelihood =  -17316.132798257357
Edge derivatives =  [23.586601590510316, 45.68847384918826, -44.15773979329443, 3.1168784837385193, 9.020586896837944, 9.299745058394175, -2.057773583422251, -5.012698771215162, 9.438961346432356, 11.910874284124112, -1.2705161056636565, 9.368593937343354]
other derivatives: [ 53.32949513  24.69314495 -71.53394108  31.45250957   2.63098627
   4.79267328]
Current x array =  [-0.69747926 -0.85653045 -0.5081      0.6028249  -2.50531008 -1.11408869
 -0.89814013 -1.52673249 -0.36363474 -0.17242887 -3.55812236 -3.34666148
 -0.99150306 -1.12801684 -3.54800107 -1.5654899  -1.17513969 -1.0010207 ]
log likelihood =  -17309.07335078695
Edge derivatives =  [14.244881829435464, 42.44249183589762, -42.277816619559815, 10.365037434196488, 8.546067358023269, 8.924554425931126, -2.6440517331146873, -8.531856640295642, 8.849831077866133, 3.221271746259232, -4.175408042888258, 8.9398916276365]
other derivatives: [-45.89892342  38.61714504  16.78490662  32.37873898   0.55770215
  10.99506335]
Current x array =  [-0.67872852 -0.86507466 -0.52660355  0.59780544 -2.4989139  -1.16047738
 -0.82959259 -1.43492716 -0.39724958 -0.22040465 -3.53995178 -3.32776326
 -0.99590307 -1.12202253 -3.52997516 -1.52073307 -1.1692155  -1.00180063]
log likelihood =  -17301.40696046236
Edge derivatives =  [0.9281587472957954, 36.989963663848364, -29.65650739257377, 19.445625265137718, 8.093497960378231, 8.663737845686864, -1.565628213913274, -9.780482198716719, 8.158925265254265, -7.70263412619415, -6.048172877087451, 7.264680682388194]
other derivatives: [-59.53661457  21.23961167  93.18246157  23.95390766  12.40478014
  16.25739969]
Current x array =  [-0.67544868 -0.85885715 -0.54216503  0.60302579 -2.50544537 -1.20349634
 -0.73818723 -1.29553249 -0.47455719 -0.26824562 -3.512161   -3.2989708
 -1.00528324 -1.12287986 -3.50208218 -1.46539836 -1.16652053 -0.99637131]
log likelihood =  -17293.275776917122
Edge derivatives =  [-14.079999118933944, 29.16961557569666, -9.240579772758927, 23.411117977778215, 7.924636666216851, 8.68573264884644, 1.4250351313225376, -6.086903752910575, 7.56292020843346, -15.720047160891028, -4.978091229368549, 2.814755432182775]
other derivatives: [-28.20524969   3.37277015 113.05091903   6.32026058  17.77079888
  17.00791472]
Current x array =  [-0.68045801 -0.85111105 -0.54589866  0.62917333 -2.50020739 -1.21159714
 -0.65804226 -1.12442752 -0.59924025 -0.28701338 -3.47759685 -3.26303827
 -1.02070485 -1.14107585 -3.467034   -1.42751968 -1.17615825 -0.98373872]
log likelihood =  -17285.268145937614
Edge derivatives =  [-23.720254413943163, 19.578116075754703, 6.94789152392119, 15.043457481733858, 7.765279843897038, 8.526843256347858, 2.3615701384303134, -0.29698552355882046, 7.151162800319014, -14.14498408345054, -1.5087592710859294, -2.6204542738468617]
other derivatives: [-66.75982149 -29.77430995  50.86003512 -17.55797712  11.31447789
  11.02853275]
Current x array =  [-0.67481407 -0.83862615 -0.53323415  0.67744618 -2.48580335 -1.17301441
 -0.64294193 -0.92476867 -0.72458885 -0.25015374 -3.43106611 -3.21363696
 -1.0300477  -1.16945406 -3.42108475 -1.44124247 -1.1973987  -0.97271811]
log likelihood =  -17284.714548634285
Edge derivatives =  [-29.201114587098193, 1.8855458340682076, 22.625912218972257, -4.712747616431896, 7.365811849246198, 8.146476887890525, 3.6712366353357524, 7.419278355669493, 6.792403075830361, -8.369238466073888, 3.6726868149797474, -9.75737183889847]
other derivatives: [189.80863388  63.68391041  11.53966878   0.47148205   0.93168637
  -7.39164534]
Current x array =  [-0.72188892 -0.87181258 -0.52419665  0.65202029 -2.48498796 -1.07622254
 -0.65772606 -0.63604354 -0.88686236 -0.15623827 -3.3574901  -3.13492163
 -1.0346787  -1.20222914 -3.34850049 -1.47534923 -1.22166647 -0.9513831 ]
log likelihood =  -17281.48641447441
Edge derivatives =  [-26.9220057070168, 11.320938844556625, 15.855145525563264, 4.8986849845789475, 7.583018005809762, 8.361483772670748, 3.0958435496933108, 3.8223458964694728, 6.973448413714262, -11.030502263802852, 1.2615010292476558, -6.270846644752007]
other derivatives: [71.21525414 20.1354851  30.76456778 -8.59581633  6.87177817  1.76987669]
Current x array =  [-0.69923365 -0.85584126 -0.52854604  0.66425677 -2.48538038 -1.12280465
 -0.65061104 -0.77499556 -0.80876652 -0.20143608 -3.39289933 -3.17280422
 -1.03244998 -1.18645579 -3.38343243 -1.45893499 -1.20998735 -0.9616508 ]
log likelihood =  -17279.152482990685
Edge derivatives =  [-23.254071082511302, 9.40612212846933, 15.883223291919398, -7.772207384433704, 7.4679252374840495, 8.141331737091686, 1.4829083084256205, 5.148703380700336, 7.002233604290571, -4.8963960004522455, 2.8261741044679822, -7.474269413276595]
other derivatives: [ 18.88111001   2.81906978 -30.19194992  -9.0807589   -2.13476596
  -5.0473318 ]
Current x array =  [-0.69087499 -0.84907249 -0.51792467  0.67202032 -2.47674367 -1.08441342
 -0.69913226 -0.72963359 -0.8248259  -0.16133179 -3.3773146  -3.15576548
 -1.03085904 -1.19651924 -3.36864394 -1.49584373 -1.2204001  -0.96369086]
log likelihood =  -17277.604905582168
Edge derivatives =  [-21.004726010076457, 7.830320926334264, 12.956866459744536, -13.272308828625214, 7.234949825583899, 7.899758229651914, -0.3107103424952262, 4.283913947348076, 7.105724972152599, -0.5159655483443029, 3.5056527873801615, -5.081606134190844]
other derivatives: [  0.95678843  -8.60127329 -46.67235771  -5.24414645 -10.46973921
  -7.10897439]
Current x array =  [-0.6882748  -0.84409828 -0.51560977  0.66814781 -2.4659544  -1.0744851
 -0.74232391 -0.69845724 -0.81148061 -0.15089908 -3.36417605 -3.14132607
 -1.02838748 -1.19725969 -3.35657293 -1.52159951 -1.22468694 -0.97430365]
log likelihood =  -17274.046642479854
Edge derivatives =  [-16.123129332663282, 1.1327642438025158, 3.7069608509136756, -18.413535203281963, 6.275612955419107, 6.9151875367105955, -5.000060930454593, -0.14385693292153234, 7.1963983532624525, 8.101532632065204, 3.5470527179511646, 2.9227856442077673]
other derivatives: [-31.78975021 -14.69925337 -54.40124369   6.07069524 -20.90928319
  -9.14442353]
Current x array =  [-0.68310448 -0.84204156 -0.51507564  0.65223055 -2.45656379 -1.07590574
 -0.85457095 -0.5898006  -0.75296028 -0.14677308 -3.31815345 -3.09071845
 -1.01798594 -1.18719676 -3.31346753 -1.57306836 -1.22473049 -1.00231405]
log likelihood =  -17271.374761721712
Edge derivatives =  [-8.841774083182408, -4.721048865428565, -4.153937078614644, -11.682031511096097, 5.242406638313166, 5.888078066511011, -6.371838587395223, -3.1147929218289208, 7.058018323781536, 13.839694182973014, 2.972362051148806, 8.931286489110466]
other derivatives: [  0.70067472 -34.06967153  -9.45365173  -5.02514013 -14.1615601
  -8.18290573]
Current x array =  [-0.68829924 -0.83431772 -0.52226821  0.6661609  -2.45783666 -1.0973878
 -0.98443272 -0.48867787 -0.68932565 -0.16925395 -3.26513625 -3.03222051
 -1.01754818 -1.18129733 -3.2612283  -1.60787069 -1.22059811 -1.02031188]
log likelihood =  -17271.251099569956
Edge derivatives =  [-4.256348295728179, -12.344351096926426, -7.404473326968228, 12.290196266579311, 4.635200371431852, 5.190801300501795, 1.0652236009121372, -2.394036466840248, 6.715764377152434, 12.74450393927524, 3.1486582365700717, 16.58980722394054]
other derivatives: [-37.32347977  23.42021617 -73.24233593  19.00189091   2.76158971
  -1.96814653]
Current x array =  [-0.6811251  -0.8588063  -0.51073708  0.62606054 -2.48281277 -1.16149663
 -1.07588328 -0.37998048 -0.63978051 -0.24691089 -3.20728502 -2.96901911
 -1.03236823 -1.17468217 -3.20209393 -1.59512133 -1.21046588 -1.03615158]
log likelihood =  -17270.335860704177
Edge derivatives =  [-6.466989314766948, -8.47567054184797, -5.810852946628466, 0.9149367983830787, 4.940072305719019, 5.546403730072104, -2.4968042761801366, -2.7389223646259717, 6.8919611243563565, 13.290604916749393, 3.0732924149661773, 12.920636957239102]
other derivatives: [-18.51840352  -3.97085387 -42.03429853   7.22320692  -5.12554834
  -4.86797944]
Current x array =  [-0.6846032  -0.84693398 -0.51632749  0.64550161 -2.47070409 -1.130416
 -1.0315471  -0.43267811 -0.66380051 -0.209262   -3.2353319  -2.99965981
 -1.02518332 -1.17788927 -3.23076289 -1.60130235 -1.21537809 -1.02847232]
log likelihood =  -17269.43432461312
Edge derivatives =  [-3.620457297825222, -6.162942223928452, -4.360669557883222, 6.604774469205688, 4.782890877037306, 5.354253919708775, -0.2959233637683794, -1.6914192107800274, 6.458136223018359, 10.936421450221623, 2.051017218647777, 9.766606266152744]
other derivatives: [ 1.30785338  1.70875865  6.49015419  0.28339855  7.35162757 -3.91737558]
Current x array =  [-0.68688056 -0.84910125 -0.525237    0.65030435 -2.48106428 -1.14267785
 -1.05785194 -0.43720944 -0.6626185  -0.22059156 -3.22402091 -2.98709038
 -1.03310852 -1.18272268 -3.21693455 -1.58752143 -1.21204024 -1.01681048]
log likelihood =  -17269.034242306458
Edge derivatives =  [-2.2166557235461797, -5.137075554241692, -1.81863304743833, 9.29519581254896, 4.680780254068449, 5.181918967499021, 1.6807290714844374, -0.24046830864031987, 6.003555807426888, 8.056370450787153, 1.250632807702456, 5.820593617319769]
other derivatives: [11.01143425  5.59266482 22.18403097 -2.80670065 13.43360054 -3.80459824]
Current x array =  [-0.68813111 -0.85056051 -0.52820755  0.65231117 -2.48587119 -1.15005881
 -1.07071595 -0.43740095 -0.67396434 -0.22445604 -3.21416555 -2.97625902
 -1.0400536  -1.18873529 -3.20459258 -1.57171115 -1.21027685 -1.00370173]
log likelihood =  -17268.46520515135
Edge derivatives =  [0.28078831086181655, -2.2861922245812636, -1.2363889134168486, 10.961330766453012, 4.427412110519792, 4.729937761256349, 3.624336164340834, 1.0808046290306754, 5.274093116619774, 3.513375161491653, -0.46338955266421866, 0.018606890271895327]
other derivatives: [23.0033038   4.00978024 21.20978024 -4.23351594 14.70580173 -3.30292096]
Current x array =  [-0.6904846  -0.84962021 -0.52772262  0.65327137 -2.48404366 -1.1675317
 -1.10236392 -0.45195496 -0.67448543 -0.22765825 -3.19759098 -2.95786351
 -1.04711342 -1.19433007 -3.18379152 -1.54786159 -1.20550392 -0.98528611]
log likelihood =  -17269.49475210117
Edge derivatives =  [0.8748102137719798, -11.611096536311239, 4.270866954192857, -0.08815420885015168, 2.5921122475129605, 2.2258069517649366, 3.4821837536508067, 2.754801356178352, 2.531003312975207, -8.311435187652808, -4.506633979561968, -16.46507565522446]
other derivatives: [-48.03951015  31.30990081  77.52605597  -1.27438398  -6.32426236
  -6.05796231]
Current x array =  [-0.67764878 -0.86261689 -0.54132219  0.65104201 -2.46019283 -1.18949792
 -1.17537148 -0.36577388 -0.74052125 -0.19525549 -3.120306   -2.87392343
 -1.05920207 -1.21632846 -3.09604144 -1.49889815 -1.20607493 -0.94317072]
log likelihood =  -17268.149804015367
Edge derivatives =  [0.4544139752795618, -5.146645138993919, 0.6241746016379688, 7.454020791554838, 3.8616815283832597, 3.9580168529085493, 3.5678942548489494, 1.6311311470119798, 4.41298493878285, -0.2820287036157776, -1.7583751322291865, -5.307461738463158]
other derivatives: [ 0.16443664 12.99122232 39.81949703 -3.33457137  8.06176104 -4.19131538]
Current x array =  [-0.68628942 -0.85386796 -0.53216742  0.65254274 -2.47624841 -1.174711
 -1.12622526 -0.42378807 -0.69606817 -0.21706794 -3.17233164 -2.93042905
 -1.0510644  -1.20151988 -3.15511183 -1.53185869 -1.20569054 -0.97152138]
log likelihood =  -17267.66835476401
Edge derivatives =  [2.194110824603086, -3.3940349307991813, -0.8883061500140521, 5.5547320521977825, 3.425819456134165, 3.25256433083761, 3.6264070337025047, 1.8535743278615557, 3.765114452000996, -3.685998729677148, -2.820656056263137, -8.177306763417487]
other derivatives: [ 4.26007318  2.27046257 13.7322786  -2.35995685  1.19289325 -3.30110197]
Current x array =  [-0.6881053  -0.84929772 -0.52663989  0.65345959 -2.4661588  -1.19576326
 -1.16181809 -0.43331752 -0.68926073 -0.2135025  -3.15110325 -2.90719697
 -1.05194271 -1.20311156 -3.12997614 -1.51547364 -1.20290217 -0.96324647]
log likelihood =  -17267.455248540817
Edge derivatives =  [2.60755227201753, -3.429272629871738, -1.765476692853048, 2.1482140440965516, 3.1224362378403154, 2.7976497188094767, 2.5021066920809103, 1.4961007754043427, 3.5543000673415337, -4.067132364976578, -2.425455260634292, -7.144662225923947]
other derivatives: [ 2.75867933 -0.91822585 -4.7886715  -0.37289283 -4.48635546 -2.80087988]
Current x array =  [-0.68846985 -0.84803329 -0.52295     0.65273334 -2.45994275 -1.20509461
 -1.17816222 -0.43219301 -0.6879955  -0.20441349 -3.13717596 -2.8923697
 -1.04841078 -1.20231353 -3.114289   -1.51435433 -1.20450399 -0.96683245]
log likelihood =  -17267.289649391365
Edge derivatives =  [2.780037852809455, -3.199065872258497, -2.1545621865255242, -1.0018626632481973, 2.824498395631342, 2.370634649344627, 0.9927239857307522, 0.8691743868417042, 3.438587183185823, -3.80588129305814, -1.529252833658959, -4.590214533349677]
other derivatives: [ -4.88471414  -3.78349796 -15.15145414   1.3900717   -7.29742169
  -1.88301783]
Current x array =  [-0.68746655 -0.84708733 -0.52097589  0.65129064 -2.45762853 -1.21422334
 -1.18742415 -0.43356371 -0.68895513 -0.19485676 -3.12420048 -2.87894715
 -1.04348134 -1.20045576 -3.09964252 -1.51608065 -1.20752614 -0.974755  ]
log likelihood =  -17267.10687530216
Edge derivatives =  [2.936857360317614, -2.5916722071261544, -1.3630583270557872, -4.240072079468355, 2.431158824787518, 1.8221304820169766, -0.6699616364645715, 0.30531542783987986, 3.285579510149015, -3.4290312708638178, 0.017529483365175964, -0.8002838048609121]
other derivatives: [  0.32923708   0.14770194 -16.59063855   3.92974471  -7.71178748
  -0.48312359]
Current x array =  [-0.68844232 -0.84868886 -0.52061958  0.64726657 -2.45823203 -1.22662864
 -1.19311497 -0.43661675 -0.69650996 -0.18278945 -3.10568976 -2.86022367
 -1.03755421 -1.19851366 -3.07831971 -1.51768181 -1.21235613 -0.98566078]
log likelihood =  -17267.547739209396
Edge derivatives =  [4.835077588126601, 1.7772627758065038, -0.4858581611912496, -3.3745582661562783, 1.4636954232478296, 0.5327197273821092, -3.232859458543043, -1.580529871038892, 2.673873672733289, -1.8963113338181596, 1.7463431949829653, 5.6959254364941065]
other derivatives: [-68.84620234 -29.98458513  -4.81559255  -0.58644218   6.386108
   3.54557415]
Current x array =  [-0.6762032  -0.83840672 -0.52313306  0.65074175 -2.47504617 -1.25727558
 -1.21352801 -0.46181273 -0.69685396 -0.17814183 -3.06592913 -2.82108727
 -1.03061613 -1.19382222 -3.03096996 -1.52665218 -1.21820012 -1.00534239]
log likelihood =  -17267.028602288643
Edge derivatives =  [3.4751082974198995, -1.3567746831585075, -1.1125734522930502, -3.99130434086241, 2.1675554385204587, 1.4698857548879416, -1.3796899041158586, -0.21556147327648423, 3.1225513389779973, -2.990254475448091, 0.5048916080325954, 1.0367918531489693]
other derivatives: [-18.73704605  -8.18326953 -13.25679477   2.64990376  -3.73547664
   0.67084329]
Current x array =  [-0.6850177  -0.84581182 -0.52132287  0.64823896 -2.46293678 -1.23520393
 -1.19882672 -0.44366681 -0.69660621 -0.181489   -3.09456438 -2.84927295
 -1.03561287 -1.19720095 -3.06507082 -1.5201918  -1.21399133 -0.99116787]
log likelihood =  -17266.9140242028
Edge derivatives =  [3.6420384846513203, -0.8764764300734869, 0.3044540654680963, -4.003881040384925, 1.9229727353518764, 1.155845547193458, -1.7500112547712012, -0.2933594269302864, 2.9802279673998613, -2.5640414899341546, 1.3755400969663196, 2.958790282505711]
other derivatives: [-6.73389877 -2.79105734 -3.82133294  2.63971742 -0.26848284  1.5112164 ]
Current x array =  [-0.68681423 -0.84787849 -0.52294398  0.64669753 -2.4669456  -1.24197138
 -1.19834225 -0.44457012 -0.70437304 -0.17822449 -3.08198451 -2.8370262
 -1.03398808 -1.1968101  -3.05014325 -1.52190554 -1.21652763 -0.99613614]
log likelihood =  -17266.84947792477
Edge derivatives =  [3.724013387787064, -0.5545269910825268, 1.5034000285868205, -2.587029114590707, 1.7879121643295766, 0.9972740820806301, -1.4500728741055169, -0.18714591407599446, 2.8430675648643726, -2.106456232191047, 1.5922139409528453, 3.35184516233714]
other derivatives: [1.01426849 0.72832336 4.68062353 1.29148248 3.44807631 1.89611455]
Current x array =  [-0.68786038 -0.84926602 -0.52440932  0.64743468 -2.47071801 -1.24451492
 -1.19484728 -0.44495783 -0.70967485 -0.18010268 -3.07407453 -2.82981669
 -1.03482485 -1.197118   -3.04029039 -1.52416381 -1.21708907 -0.99673087]
log likelihood =  -17266.794343162583
Edge derivatives =  [3.6665242888208422, -0.4540978056264826, 2.419518482768968, -1.0213260084985487, 1.6622100777727242, 0.8509417101561505, -0.986169964322282, -0.08017742689690266, 2.6718514813655165, -1.5362701282965152, 1.491816187512917, 3.0658342741918885]
other derivatives: [ 4.69444785  3.05699359  8.46848707 -0.21391315  5.91862772  2.05836841]
Current x array =  [-0.68830902 -0.85024489 -0.52498932  0.64913417 -2.47297531 -1.2454068
 -1.19014659 -0.44460042 -0.71357643 -0.18348623 -3.06652767 -2.82326167
 -1.03643069 -1.19755697 -3.03063195 -1.52752104 -1.21680142 -0.99561546]
log likelihood =  -17266.681934694534
Edge derivatives =  [3.1785247686329905, -0.5421483886338089, 3.346819098927501, 1.0862309495544398, 1.324655625281467, 0.45074306376824747, -0.43768794539421907, -0.21217421161355365, 2.236954607502974, -0.2068121390216371, 0.9581819257829527, 2.122061016738825]
other derivatives: [ 8.56343831  4.03306331 11.27154974 -2.39451765  7.25558493  2.27155397]
Current x array =  [-0.68888459 -0.85070971 -0.52528165  0.65234017 -2.47333415 -1.24645539
 -1.17944141 -0.44452848 -0.71837183 -0.18960428 -3.04937902 -2.80867117
 -1.03925048 -1.19790776 -3.00853698 -1.53639121 -1.21567634 -0.99312851]
log likelihood =  -17266.545924824513
Edge derivatives =  [1.412706764133827, -0.7298766005883549, 3.5954972353763743, 2.7780008968974634, 0.8749353479267088, -0.08318004196795359, 0.056342974551261166, -0.626244473719491, 1.6566266590691021, 2.522929736511677, 0.4113320585433016, 1.7592625372474409]
other derivatives: [ 0.48748916 11.48910087  2.95112841 -1.13032002  5.31799742  2.43599061]
Current x array =  [-0.68748516 -0.85406919 -0.52366333  0.65192205 -2.47149686 -1.24246295
 -1.14853777 -0.45084333 -0.72090563 -0.19720946 -3.0256821  -2.79112343
 -1.04221001 -1.19741358 -2.97649824 -1.55446712 -1.21492989 -0.99348529]
log likelihood =  -17266.580431366456
Edge derivatives =  [0.06627170847802533, -0.23123780536213817, 0.4353774698619285, 2.7496515280098626, -0.2123011874279348, -1.3807552884641314, -0.4653545916992653, -2.0168129433868396, 0.2635208023108083, 3.2786136467007885, -2.202163796358084, -2.064206883566617]
other derivatives: [16.82783477 -9.81526682 19.83098628 -3.35676305 -2.88673618  2.64990376]
Current x array =  [-0.69111077 -0.84500359 -0.52647566  0.65567714 -2.45864149 -1.24543907
 -1.13714461 -0.46521584 -0.70810264 -0.2049341  -2.9873876  -2.75994394
 -1.04692211 -1.1980997  -2.92581482 -1.56638031 -1.21042732 -0.98571906]
log likelihood =  -17266.477730437367
Edge derivatives =  [0.8097270700417604, -0.5033306188614153, 2.184475346725228, 2.7674990920882445, 0.3948110619487207, -0.6585059967703935, -0.17851124155143608, -1.2525006840838986, 1.044326023617233, 2.8702587482525272, -0.7591406767937144, 0.0461533027010006]
other derivatives: [ 7.8794983   1.98560883 10.54540917 -2.13804014  1.64509402  2.53312464]
Current x array =  [-0.68911444 -0.84999528 -0.52492714  0.65360951 -2.4657199  -1.24380036
 -1.1434179  -0.45730206 -0.71515221 -0.20068077 -3.00847328 -2.77711196
 -1.04432754 -1.19772191 -2.95372207 -1.55982069 -1.21290652 -0.98999529]
log likelihood =  -17266.43448290298
Edge derivatives =  [0.4967524256819322, -0.35412676108811325, 1.305939184307061, 2.0210548377445874, 0.42214807071779603, -0.6419607320894567, -0.14505758988300002, -1.1346116519969853, 1.0216844430434588, 2.6907046630857705, -0.8151780981800546, -0.05720107683955411]
other derivatives: [ 3.56812961  0.09604264  0.3943569  -0.51040843 -0.27866918  2.24608812]
Current x array =  [-0.68862656 -0.84925619 -0.52303556  0.65209052 -2.4644427  -1.2404562
 -1.13862473 -0.46166019 -0.7104285  -0.19992412 -3.0090437  -2.77927475
 -1.0444746  -1.19817488 -2.95337417 -1.55939236 -1.21303726 -0.99019789]
log likelihood =  -17266.412800160673
Edge derivatives =  [0.21972543980785836, -0.27951025529564105, 0.283020161611109, 0.9491503036024991, 0.4698385455905323, -0.5961660360931991, -0.19968220352040678, -0.9922826360581148, 1.0132361489622, 2.1048416525172726, -0.9026149839177583, -0.32937500294714317]
other derivatives: [-1.60653144 -1.06338121 -3.94538802  1.02154445 -2.2824679   1.83790689]
Current x array =  [-0.68788729 -0.84883403 -0.52234677  0.65041093 -2.46315036 -1.23629517
 -1.13515111 -0.46537464 -0.70539699 -0.19818844 -3.01144952 -2.78321907
 -1.04460921 -1.19908581 -2.95527821 -1.55676656 -1.21336804 -0.99001707]
log likelihood =  -17266.398324201207
Edge derivatives =  [0.06106220107137744, -0.19744487463346316, -0.12614007150614048, 0.3024328463574697, 0.44627384270529, -0.6331166772924164, -0.203233026673451, -0.7967378300293215, 0.9379930631355312, 1.5949222518207564, -0.8421958751237422, -0.3990695304325158]
other derivatives: [-3.15230864 -1.13905116 -4.42305463  1.6312697  -2.73976184  1.5625119 ]
Current x array =  [-0.68765792 -0.84884331 -0.52230246  0.64962889 -2.4633548  -1.23351942
 -1.13222954 -0.46758108 -0.70338256 -0.19650293 -3.0104479  -2.7838406
 -1.04485101 -1.2001958  -2.95318521 -1.55450522 -1.21415812 -0.99016632]
log likelihood =  -17266.363457751548
Edge derivatives =  [-0.2722551525105147, 0.08039964126076099, -0.5891851783756725, -0.6226491850774094, 0.32810616962738565, -0.7827009884683696, 0.0474904635976178, -0.008399719925738292, 0.6371395074642261, 0.2187133665129215, -0.45279601941342773, -0.420382479580797]
other derivatives: [-2.61061359 -1.39516487 -4.80067683  1.54759618 -1.52431312  0.64901542]
Current x array =  [-0.68775827 -0.84885559 -0.52216037  0.64980365 -2.46659131 -1.22424296
 -1.12197039 -0.47276822 -0.69988252 -0.19281574 -3.00388253 -2.78366179
 -1.0461892  -1.20404772 -2.94217966 -1.54857123 -1.21722758 -0.99084856]
log likelihood =  -17266.549662197816
Edge derivatives =  [-0.9095304572076082, -0.28128381322638035, -1.2556396582673315, -0.24853189941015463, 0.09362155393846505, -0.9199587790057966, -0.559467636941777, -0.5585044942020033, 0.19951319133021272, -0.4777757322773235, -0.8459115197486119, -1.2768531787091342]
other derivatives: [-31.06251825   3.52738425  30.02060112  -2.06673576  -1.06301741
  -0.42418833]
Current x array =  [-0.68196503 -0.85164348 -0.52942426  0.65467452 -2.46709718 -1.2117042
 -1.11109778 -0.47394753 -0.69765557 -0.19532805 -2.99748757 -2.78852098
 -1.04759171 -1.20573482 -2.93065055 -1.5481754  -1.21969519 -0.99094001]
log likelihood =  -17266.360655396245
Edge derivatives =  [-0.340141465323449, 0.04219373750986197, -0.6601108556955373, -0.5795589127218266, 0.30299387221253027, -0.7973510908355519, -0.017450445667609782, -0.0672853356834241, 0.5903769236994492, 0.14404210808219764, -0.4943629107249914, -0.5118807965712502]
other derivatives: [-5.67160896 -0.86001819 -0.97461452  1.15396688 -1.47119863  0.53441909]
Current x array =  [-0.6871304  -0.84915774 -0.52294763  0.65033155 -2.46664614 -1.22288402
 -1.12079202 -0.47289603 -0.69964117 -0.19308802 -3.00318945 -2.78418843
 -1.0463412  -1.20423056 -2.94093014 -1.54852833 -1.21749501 -0.99085847]
log likelihood =  -17266.352704631092
Edge derivatives =  [-0.38245561607053047, 0.13223452705188615, -0.4940066930527416, -0.5095839554115225, 0.24570102976299996, -0.8562929489203126, 0.144686684198305, 0.25424599711480445, 0.4633882618620714, -0.25111162874017845, -0.2623111654672187, -0.4099129129191956]
other derivatives: [-1.97578629 -0.12660166  0.04692993  0.41618478 -0.17971615  0.1891749 ]
Current x array =  [-0.68771522 -0.84946058 -0.52302952  0.65129146 -2.468519   -1.21947825
 -1.11710987 -0.47385714 -0.69966901 -0.19234524 -2.99961128 -2.78354573
 -1.04693129 -1.20562625 -2.93541821 -1.54684735 -1.21885254 -0.99126543]
log likelihood =  -17266.350443339375
Edge derivatives =  [-0.34898331062164556, 0.1211728437475667, -0.29210005236593006, -0.2393510657425848, 0.2318064026554934, -0.8546945599301021, 0.16693945402008803, 0.26988559566532244, 0.4348816387431276, -0.22579375561433634, -0.17107632051570468, -0.3111462540741139]
other derivatives: [ 0.02764864  0.37543941  0.83673513 -0.10695658  0.35579433  0.10550139]
Current x array =  [-0.68802049 -0.84964494 -0.52312747  0.65199839 -2.4689525  -1.21865943
 -1.11660745 -0.47343103 -0.70041487 -0.19280453 -2.99845553 -2.78381404
 -1.0469915  -1.20566827 -2.93368913 -1.5470332  -1.21927294 -0.99155908]
log likelihood =  -17266.348691817115
Edge derivatives =  [-0.2919328784308115, 0.08632080439721587, -0.09677096827026821, 0.05317985008940784, 0.22671009295837635, -0.8346736023919574, 0.14508560751550686, 0.2216495544860122, 0.4173029863862219, -0.17190311014388104, -0.09381455616719275, -0.2141694455205]
other derivatives: [ 1.1499651   0.46238711  1.2012606  -0.6006303   0.7039489   0.02764864]
Current x array =  [-0.68818534 -0.84966022 -0.52316402  0.65270577 -2.46905734 -1.21798779
 -1.11682587 -0.47275732 -0.70123721 -0.19349343 -2.99769237 -2.78479937
 -1.04693208 -1.20546883 -2.93246038 -1.5473497  -1.21964681 -0.99189292]
log likelihood =  -17266.345899465778
Edge derivatives =  [-0.22755541871584573, 0.015250295458949459, 0.08334432682295323, 0.3594322033968216, 0.22565225307729753, -0.7858779892470267, 0.06022889253940045, 0.10150425260906604, 0.3887599125597229, -0.12355054108836327, 0.010610800093077181, -0.07787667947842969]
other derivatives: [ 1.89611455  0.45220077  1.22818165 -1.01936166  0.76433935 -0.13096724]
Current x array =  [-0.68829335 -0.84961812 -0.52315993  0.65335951 -2.46870055 -1.21665496
 -1.11732835 -0.47195672 -0.70211263 -0.19445571 -2.99675665 -2.78740876
 -1.04675098 -1.20505621 -2.93069858 -1.547719   -1.22027315 -0.9924979 ]
log likelihood =  -17266.340249145705
Edge derivatives =  [-0.144862818671333, -0.10834375929150042, 0.3023906425873131, 0.6698811420088988, 0.21473794376727678, -0.6841797254629716, -0.08859947612791311, -0.10422625228505988, 0.29253999086109456, -0.0846486031153586, 0.19481585289672068, 0.15738739946190083]
other derivatives: [ 2.00416252  0.1713488   0.73596311 -1.10121618  0.50749804 -0.44128683]
Current x array =  [-0.68830442 -0.84942138 -0.52311605  0.65348831 -2.46782565 -1.21399672
 -1.11819769 -0.47099173 -0.70346581 -0.19569824 -2.99397099 -2.79355333
 -1.04654977 -1.20447278 -2.92573661 -1.54828555 -1.22158989 -0.99372506]
log likelihood =  -17266.332465833468
Edge derivatives =  [-0.0044691976471368244, -0.15789968853397934, 0.46473212926595375, 0.7268503149123899, 0.24767600991713523, -0.43639144783355666, -0.011254382847567718, -0.1695401658342005, 0.14423147924020918, 0.21281789430361187, 0.32993444741884603, 0.40394378173579304]
other derivatives: [ 2.61861715  2.13403837  0.47402864 -0.41800376  0.07639755 -0.62864274]
Current x array =  [-0.6883705  -0.85010036 -0.52317131  0.65238924 -2.46695673 -1.2122073
 -1.12017205 -0.47048451 -0.70444241 -0.19603993 -2.98907356 -2.80600284
 -1.04679204 -1.20410691 -2.91742912 -1.5500285  -1.22263658 -0.99493133]
log likelihood =  -17266.332954236692
Edge derivatives =  [0.15579758618413042, -0.14500718507143906, 0.7231754789283986, 0.4543043787004335, 0.2199860289935665, -0.11796237257754805, 0.056164664926014296, -0.14441992499892842, -0.24024171846839948, 0.4115762093548998, 0.43949019782577964, 0.6374652768747291]
other derivatives: [-1.53122528 -4.99821908 -0.47657522  0.0858563   0.8065399  -0.75306161]
Current x array =  [-0.6877563  -0.84711606 -0.52314438  0.65104278 -2.46772168 -1.21036143
 -1.1223147  -0.47055467 -0.70618857 -0.19480729 -2.97770203 -2.82581434
 -1.04745271 -1.20455281 -2.89974138 -1.55180417 -1.22438755 -0.99654122]
log likelihood =  -17266.327600095072
Edge derivatives =  [0.07391704181832293, -0.151477370691938, 0.591069456552558, 0.5942066693984083, 0.23472529980441115, -0.27901669765274995, 0.022505626921108662, -0.1564879006847163, -0.04164396017548877, 0.31048938834350404, 0.38398232014546, 0.5184125766197564]
other derivatives: [ 0.59517333 -1.34095899  0.00800355 -0.1724402   0.43291948 -0.68976078]
Current x array =  [-0.6880707  -0.84864369 -0.52315817  0.65173202 -2.46733011 -1.21130631
 -1.12121791 -0.47051876 -0.70529473 -0.19543826 -2.98352298 -2.81567308
 -1.04711452 -1.20432456 -2.90879552 -1.55089522 -1.22349125 -0.99571714]
log likelihood =  -17266.324005974573
Edge derivatives =  [0.08215345823918374, -0.07299623994111093, 0.41067290898152153, 0.19009737425286688, 0.2662432736829786, -0.18016206082454067, 0.15741384581399864, -0.04175210273036323, -0.07894851141216608, 0.4494199735790114, 0.2525027755228391, 0.4036148193996488]
other derivatives: [ 0.13242243 -0.343789    0.03128662  0.49112714  0.03565219 -0.49985829]
Current x array =  [-0.68799945 -0.84905198 -0.52320169  0.65074736 -2.46717351 -1.21293381
 -1.12217914 -0.4712262  -0.70444323 -0.19423262 -2.98206893 -2.8202203
 -1.04731915 -1.20453378 -2.90685545 -1.55145297 -1.22287894 -0.99528681]
log likelihood =  -17266.321719727835
Edge derivatives =  [0.057086139918009426, 0.04700378279102474, 0.2011592393359436, -0.22237716907479865, 0.27822276354314823, -0.11965338438364781, 0.27822734263867, 0.17122706250905972, -0.14240835209343006, 0.3725292762602841, 0.09001444509021317, 0.1503067153586708]
other derivatives: [-1.60180207  0.4627509  -1.40207703  0.5828042  -0.11677912 -0.3259629 ]
Current x array =  [-0.68772146 -0.84949346 -0.52288824  0.65089916 -2.4675644  -1.21472334
 -1.12203123 -0.47227811 -0.70302858 -0.19273845 -2.97980324 -2.82377936
 -1.04733984 -1.20504958 -2.90451078 -1.5509043  -1.22214923 -0.99435001]
log likelihood =  -17266.320652992086
Edge derivatives =  [0.060438349473306785, 0.10656832003009709, -0.06344778687787134, -0.5391623552782667, 0.2984704774121912, -0.0441487809494272, 0.19824567318534572, 0.1370650102454063, -0.14331402018301853, 0.4288955745561496, -0.16390739853661357, -0.10918651513831601]
other derivatives: [-0.04656613 -0.0680302   0.72577677  0.57953002 -0.59590093 -0.00145519]
Current x array =  [-0.68802276 -0.8492809  -0.52324821  0.65087303 -2.46704395 -1.21793355
 -1.12371927 -0.47262579 -0.70177363 -0.19188379 -2.97914658 -2.82755733
 -1.04687845 -1.20473368 -2.90483089 -1.55086561 -1.22093726 -0.99333696]
log likelihood =  -17266.319659538247
Edge derivatives =  [0.06461754500207428, 0.11158845824156205, 0.00031308695462750613, -0.40399684703857885, 0.283427344890737, -0.05571748459781012, 0.17797714441256843, 0.16276237228514745, -0.16818027796349877, 0.312829200391326, -0.11763300130069594, -0.10366788073429556]
other derivatives: [-0.42164174  0.0345608   0.11314114  0.21645974 -0.29722287 -0.06548362]
Current x array =  [-0.68794799 -0.84936889 -0.52309054  0.65151254 -2.46744257 -1.21749239
 -1.1231139  -0.47255746 -0.70180065 -0.19208906 -2.97824166 -2.82762804
 -1.04676167 -1.20480748 -2.90393275 -1.55030097 -1.22118022 -0.99334984]
log likelihood =  -17266.318786077783
Edge derivatives =  [0.08413233471547521, 0.11287671574566527, 0.048187823113252426, -0.17657043879128498, 0.26517833044041683, -0.04497055475958045, 0.08551338493788, 0.13623173223520668, -0.19672408893002746, 0.15228251109084878, -0.07546429697039356, -0.10053027206516507]
other derivatives: [ 0.16589183 -0.02728484 -0.60463208 -0.22846507  0.00945874 -0.07967174]
Current x array =  [-0.68805517 -0.84938663 -0.52287467  0.65227977 -2.46780366 -1.21771149
 -1.12289344 -0.47229654 -0.70159725 -0.19256033 -2.97655642 -2.82920354
 -1.04631083 -1.20457797 -2.90286179 -1.5493815  -1.2213438  -0.99327958]
log likelihood =  -17266.31867542899
Edge derivatives =  [0.08954235855002451, 0.0838585560850601, 0.061927211161451945, 0.06748009171935121, 0.2391453390946972, -0.034525450322213436, -0.07315294046816867, 0.014759752033793427, -0.2218186299977687, 0.011933311048557549, -0.06082849334771017, -0.09644413380684769]
other derivatives: [-1.07356755  0.17644197  1.02154445 -0.62827894  0.24701876 -0.0512955 ]
Current x array =  [-0.68779464 -0.84954316 -0.52316328  0.65285637 -2.46802824 -1.21816295
 -1.12295562 -0.47183194 -0.70145824 -0.19323511 -2.97489164 -2.83107664
 -1.04580637 -1.20415592 -2.90218622 -1.54860991 -1.22148749 -0.9932916 ]
log likelihood =  -17266.318211986076
Edge derivatives =  [0.09191936494457209, 0.084664891390754, 0.03991126853453553, 0.0452623724177188, 0.24439177837230364, -0.02346478595097734, -0.06380146598129355, 0.01859207849029454, -0.21324474448767228, 0.023927356515029974, -0.05757889197474863, -0.08518265395046831]
other derivatives: [-0.00909495  0.02146407  0.11023076 -0.44819899  0.14370016 -0.02110028]
Current x array =  [-0.68801136 -0.84944974 -0.52297421  0.65259821 -2.46792069 -1.21850956
 -1.12316256 -0.4718308  -0.70132695 -0.1932057  -2.97478562 -2.83148513
 -1.04575467 -1.20407094 -2.90236495 -1.54858739 -1.22140995 -0.99326559]
log likelihood =  -17266.31798688381
Edge derivatives =  [0.08713180563365197, 0.07135250214016542, 0.012539584654684521, 0.05474491060023068, 0.24405611304205188, -0.015067246099190967, -0.08015923265924613, -0.010431818770090362, -0.20370842721213167, 0.022126310006802985, -0.050640020012741524, -0.06359875056716635]
other derivatives: [ 0.33760443 -0.02619345 -0.18735591 -0.26229827  0.05638867  0.01855369]
Current x array =  [-0.68808666 -0.84941648 -0.52291781  0.65230016 -2.46783154 -1.21890731
 -1.12336579 -0.47171852 -0.70120881 -0.1933071  -2.97451828 -2.83197714
 -1.04566318 -1.20390888 -2.90267738 -1.54850076 -1.2213723  -0.99328992]
log likelihood =  -17266.31768759794
Edge derivatives =  [0.06742632919513403, 0.03723402952045152, -0.028059258051110092, 0.1003403451622702, 0.23420618440298585, -0.008564021906478203, -0.11391269055294004, -0.06515854887030337, -0.19117960224473096, -0.02095535478372801, -0.02069538176939891, -0.014710367971626948]
other derivatives: [ 0.40890882 -0.02255547 -0.32086973 -0.0007276  -0.00545697  0.07639755]
Current x array =  [-0.68811049 -0.84941344 -0.52289725  0.65186129 -2.46781109 -1.21945728
 -1.12346169 -0.47144896 -0.70102191 -0.19354123 -2.97365101 -2.83275611
 -1.04552354 -1.20365693 -2.90315734 -1.54816619 -1.22141435 -0.99338117]
log likelihood =  -17266.317227956613
Edge derivatives =  [0.016918361577336394, -0.0186043466534091, -0.06820915769508429, 0.0871706326576418, 0.20891537189824239, -0.010485267062505965, -0.07917302007829127, -0.071309999762593, -0.18263003698180313, -0.10530039193075957, 0.045347832487469625, 0.05257380410091639]
other derivatives: [ 0.62645995  0.02655725 -0.13096724  0.21682354  0.00509317  0.09677024]
Current x array =  [-0.6881507  -0.84942873 -0.52294039  0.65147541 -2.46793805 -1.21952102
 -1.12295582 -0.4711461  -0.70087543 -0.1935374  -2.97163592 -2.83361367
 -1.04568434 -1.20366806 -2.90351724 -1.54766644 -1.22165602 -0.99355247]
log likelihood =  -17266.317192087936
Edge derivatives =  [-0.11498123163679419, -0.20149049420620052, -0.1910569504661519, 0.022176974821502826, 0.13681712337380247, -0.01363108493258558, -0.08430970069050855, -0.17562483476410595, -0.14247776678985613, -0.27871332198638354, 0.11194234373718132, 0.10311854860279501]
other derivatives: [-1.76987669 -1.38825271 -0.96006261  0.48203219 -0.31213858  0.18408173]
Current x array =  [-0.68777991 -0.84890262 -0.52280937  0.65116267 -2.46774292 -1.22020232
 -1.12230131 -0.47009422 -0.70063172 -0.19367979 -2.96615869 -2.83627381
 -1.04587539 -1.2034363  -2.9057192  -1.54665452 -1.22189602 -0.99369809]
log likelihood =  -17266.31684202914
Edge derivatives =  [-0.05061434208975624, -0.11223161484224953, -0.13111508273683858, 0.05389804202285364, 0.17210564409595946, -0.012057360470638212, -0.08175433778046726, -0.12468514772093842, -0.16203623833670544, -0.1940465679230079, 0.07947281430371853, 0.07847708744817794]
other derivatives: [-0.6002665  -0.69776434 -0.55551936  0.35252015 -0.15788828  0.14151738]
Current x array =  [-0.68796083 -0.84915932 -0.5228733   0.65131527 -2.46783812 -1.2198699
 -1.12262066 -0.47060745 -0.70075063 -0.19361032 -2.96883114 -2.83497587
 -1.04578217 -1.20354938 -2.90464482 -1.54714826 -1.22177892 -0.99362704]
log likelihood =  -17266.31630885253
Edge derivatives =  [-0.10890839547490028, -0.17128854829373807, -0.14794943877345768, -0.0012891738687272891, 0.13547539522642194, -0.016436581555378638, 0.006954594235497463, -0.08361212957527875, -0.1539756043511301, -0.2768759452847189, 0.14177072271323488, 0.11878576037724375]
other derivatives: [-0.30377123 -0.32341632  0.05238689  0.33323886 -0.1029548   0.12696546]
Current x array =  [-0.68799492 -0.84931885 -0.52298579  0.65133747 -2.46800888 -1.21955653
 -1.12177568 -0.47031554 -0.70071817 -0.19338595 -2.9657942  -2.83603472
 -1.04616277 -1.20379287 -2.90506765 -1.54669705 -1.22204015 -0.99372801]
log likelihood =  -17266.315792582027
Edge derivatives =  [-0.1435660988426003, -0.2046654189399083, -0.14526232078398738, -0.08304473832319448, 0.10329506714687403, -0.014224820321090847, 0.10131486212921267, -0.027443511839536083, -0.13491317333765396, -0.28232011447142913, 0.1485012326762515, 0.1017700416954802]
other derivatives: [-0.25029294 -0.00291038  0.35797711  0.19717845 -0.09822543  0.11641532]
Current x array =  [-0.68798896 -0.84946287 -0.52303631  0.65159607 -2.46807095 -1.21933812
 -1.12123251 -0.47016846 -0.70078806 -0.1930599  -2.96275403 -2.83718849
 -1.04654    -1.20407642 -2.9059857  -1.54664404 -1.22204028 -0.99364326]
log likelihood =  -17266.315071140598
Edge derivatives =  [-0.1488347778785637, -0.21836460473939823, -0.10270040079796883, -0.12527575641643396, 0.052824850472456775, -0.0026210350944306793, 0.1702563008052186, 0.008881658565913497, -0.07619286871024888, -0.17441009624901183, 0.09089902754320976, 0.042995852607452534]
other derivatives: [ 0.28667273 -0.09240466  0.98225428 -0.04729372 -0.03237801  0.13387762]
Current x array =  [-0.68806833 -0.84942563 -0.52313686  0.6519644  -2.46809325 -1.21936972
 -1.1210925  -0.47006645 -0.7010775  -0.19280252 -2.95797241 -2.83922565
 -1.04686369 -1.20431436 -2.90865206 -1.54710265 -1.22166648 -0.99336361]
log likelihood =  -17266.315036816894
Edge derivatives =  [-0.093802446431421, -0.16142419480853332, 0.022936893687124593, -0.12995277972863506, 0.013772402504755643, 0.01811597521093211, 0.2820141768174509, 0.12304951507076145, -0.003326318745502821, 0.021256100505952613, 0.027006374355178962, -0.019753294268687993]
other derivatives: [-0.71231625  1.13723218 -0.95533323 -0.09022187  0.04947651  0.10186341]
Current x array =  [-0.68787661 -0.84996201 -0.52276023  0.65222509 -2.46825952 -1.21914529
 -1.12117386 -0.47036456 -0.70155011 -0.19254171 -2.9530199  -2.84124402
 -1.04711887 -1.2046702  -2.91167876 -1.54797745 -1.22113    -0.9930217 ]
log likelihood =  -17266.314747876822
Edge derivatives =  [-0.12054351719677137, -0.18908653425755734, -0.038102953796987915, -0.12765867321718138, 0.03282219598122549, 0.008084471420884976, 0.22774871055395002, 0.06761384025424133, -0.0386813078499324, -0.07378678168894082, 0.05807899767304512, 0.010755671355954566]
other derivatives: [-0.22664608  0.53987605 -0.01382432 -0.06984919  0.00945874  0.11714292]
Current x array =  [-0.68796979 -0.84970132 -0.52294328  0.65209839 -2.46817871 -1.21925436
 -1.12113432 -0.47021968 -0.70132042 -0.19266847 -2.95542687 -2.84026308
 -1.04699485 -1.20449726 -2.91020776 -1.54755229 -1.22139073 -0.99318787]
log likelihood =  -17266.314512268204
Edge derivatives =  [-0.0824588679191699, -0.15417492807167638, -0.003514088408552274, -0.08953638856068347, 0.026639646782755322, 0.013601632803639907, 0.17503310073197598, 0.044299966602927565, -0.012730648195931615, 0.024897235514237614, -0.004423720023459178, -0.029985149083182394]
other derivatives: [ 0.01018634  0.1717126   0.05566108 -0.12369128  0.03346941  0.12696546]
Current x array =  [-0.68801583 -0.8495386  -0.5229522   0.65214071 -2.46810264 -1.21939787
 -1.12161594 -0.4703968  -0.70150198 -0.19276593 -2.95484147 -2.84060066
 -1.04683288 -1.20442723 -2.91137582 -1.54803202 -1.22106776 -0.99303354]
log likelihood =  -17266.31438036344
Edge derivatives =  [-0.045008966022195285, -0.11148455479684388, 0.020349747183873168, -0.04101896749811074, 0.02347257244341605, 0.01161250422167548, 0.08702033500167988, 0.014945730149163783, -0.0026283724392006658, 0.06740931038866416, -0.038027749568856954, -0.04364951813134754]
other derivatives: [ 0.03055902 -0.01346052 -0.01491571 -0.07421477  0.04329195  0.10477379]
Current x array =  [-0.68802377 -0.84945275 -0.52294284  0.65202393 -2.4680478  -1.21930296
 -1.12198991 -0.47069131 -0.70160795 -0.1929285  -2.95486383 -2.84056844
 -1.0465545  -1.20434659 -2.91189319 -1.54826679 -1.22092177 -0.99300571]
log likelihood =  -17266.314271639272
Edge derivatives =  [-0.015148100716297463, -0.0630942973279936, 0.03280523427389248, -0.012767107410303069, 0.010687376571348994, 0.001720456121195646, -0.005633014438939349, -0.0017926796172353932, -6.893200573743208e-05, 0.05453100159015589, -0.040693652194322645, -0.03433692790335263]
other derivatives: [ 0.0349246  -0.08367351 -0.06621121 -0.00618456  0.03819878  0.04256435]
Current x array =  [-0.6880263  -0.84941324 -0.52294057  0.65188735 -2.4679974  -1.21883251
 -1.1221085  -0.47114617 -0.70166117 -0.19304403 -2.95440319 -2.84054628
 -1.04630595 -1.20437019 -2.91216268 -1.54826092 -1.22096043 -0.99309015]
log likelihood =  -17266.314268659033
Edge derivatives =  [0.008188290573131862, -0.011106908922285774, 0.01983480501756274, -0.0007028622966698261, -0.0004836432783034139, -0.0064461559882660335, -0.053548713738599124, -0.018757841253834506, 9.6446654845872e-05, 0.033990120010167324, -0.03645238571267063, -0.02338654940393825]
other derivatives: [-4.35466063e-01  7.20319804e-02  4.20914148e-01 -1.45519152e-02
 -6.91215973e-03  3.63797881e-04]
Current x array =  [-0.68792917 -0.8494775  -0.5230516   0.65188092 -2.46787526 -1.21843866
 -1.12221461 -0.47167102 -0.70161015 -0.19314719 -2.9539754  -2.84058774
 -1.04624031 -1.20441543 -2.91233997 -1.5482201  -1.22105347 -0.99319748]
log likelihood =  -17266.31424852501
Edge derivatives =  [-0.0030977171679944515, -0.036245012028175705, 0.02610835621271468, -0.006536554285737184, 0.004919988844050316, -0.00249648831668825, -0.03037493139243924, -0.010552435208745825, 1.683410817587827e-05, 0.043924876479721764, -0.03850231595429243, -0.028680820748222535]
other derivatives: [-0.20772859 -0.00327418  0.18517312 -0.01055014  0.01491571  0.02146407]
Current x array =  [-0.68797614 -0.84944642 -0.52299791  0.65188403 -2.46793433 -1.21862913
 -1.12216329 -0.4714172  -0.70163482 -0.1930973  -2.95418228 -2.84056769
 -1.04627205 -1.20439355 -2.91225423 -1.54823984 -1.22100848 -0.99314558]
      fun: 17266.31424852501
 hess_inv: <18x18 LbfgsInvHessProduct with dtype=float64>
      jac: array([ 2.07728590e-01,  3.27418093e-03, -1.85173121e-01,  1.05501385e-02,
       -1.49157131e-02, -2.14640750e-02,  3.09771717e-03,  3.62450120e-02,
       -2.61083562e-02,  6.53655429e-03, -4.91998884e-03,  2.49648832e-03,
        3.03749314e-02,  1.05524352e-02, -1.68341082e-05, -4.39248765e-02,
        3.85023160e-02,  2.86808207e-02])
  message: b'CONVERGENCE: REL_REDUCTION_OF_F_<=_FACTR*EPSMCH'
     nfev: 85
      nit: 72
   status: 0
  success: True
        x: array([-0.68797614, -0.84944642, -0.52299791,  0.65188403, -2.46793433,
       -1.21862913, -1.12216329, -0.4714172 , -0.70163482, -0.1930973 ,
       -2.95418228, -2.84056769, -1.04627205, -1.20439355, -2.91225423,
       -1.54823984, -1.22100848, -0.99314558])
