number of sites to be analyzed:  356
log likelihood =  3935.970708407022
Lr derivatives =  [39.57914583536551, -172.19125208709926, -130.82325958435771]
other derivatives =  [ 88.38410395 -14.38033905  57.46214811 -49.23344932 299.54912861
  -4.75183697]
Current x_clock array =  [-0.59613603 -0.6344038  -0.67251087  0.74193734 -0.10536052 -0.51082562
 -0.51082562 -0.51082562 -0.51082562]
log likelihood =  3740.396505685758
Lr derivatives =  [-58.982151041948654, -202.91285974227605, -167.08869591167317]
other derivatives =  [-319.48234209   13.44606062  -88.91020116   -8.71568773  193.24033929
   -1.52103894]
Current x_clock array =  [-0.86908095 -0.63259906 -0.84996361  0.89397848 -1.03041839 -0.49615116
 -0.63305265 -0.50924811 -0.50924811]
log likelihood =  3492.250422821101
Lr derivatives =  [-44.48148544939683, -118.30849478521273, -85.97894369290427]
other derivatives =  [-135.99901649   42.03811841 -151.77483874   49.26559996   41.11416274
   12.61932994]
Current x_clock array =  [-0.68625933 -0.65558031 -0.91158079  1.07574147 -2.34931977 -0.47757525
 -0.67892404 -0.25591478 -0.29668135]
log likelihood =  3453.481256967232
Lr derivatives =  [-37.408427535815136, -42.8475583943478, 287.4274640058648]
other derivatives =  [-138.28985175  -73.70008461  283.8321052    25.69017852    8.56784936
   25.41883077]
Current x_clock array =  [-7.07439500e-01 -8.30186218e-01 -4.28001571e-01  9.33859197e-01
 -2.96936304e+00 -5.31482123e-01 -6.41541456e-01  0.00000000e+00
 -1.70802194e-03]
log likelihood =  3438.3150626997476
Lr derivatives =  [-44.050344221100765, -85.81267662552412, -37.472977403595124]
other derivatives =  [-141.47526599  -16.83747541  -44.28966349   40.42613      25.20951057
   19.96713763]
Current x_clock array =  [-0.69555622 -0.7322224  -0.69931695  1.0134632  -2.62148359 -0.50123731
 -0.6625152  -0.14358271 -0.16720479]
log likelihood =  3415.169993542929
Lr derivatives =  [2.9780501038387506, -24.878406632501264, 64.80355837275295]
other derivatives =  [102.75239219  59.8369752   76.42015589  25.63774615   9.33514457
  21.53969945]
Current x_clock array =  [-0.56995367 -0.68376423 -0.56732592  0.86769635 -3.00122589 -0.58838059
 -0.58525066  0.         -0.03760789]
log likelihood =  3407.259143470396
Lr derivatives =  [-4.939712598167581, -33.543763075770386, 15.86502315887314]
other derivatives =  [ 9.80949153 13.17425813  9.5014002  27.91939551  4.96324901 20.31861186]
Current x_clock array =  [-0.60944812 -0.72650897 -0.62538513  0.87376571 -3.02223837 -0.59196244
 -0.59078808  0.         -0.08472473]
log likelihood =  3405.1944238273404
Lr derivatives =  [-5.2746887577057855, -34.61068686389014, 8.093047069011668]
other derivatives =  [-5.67129064  0.21477717  4.68926373 24.52493391  2.54176484 19.19620445]
Current x_clock array =  [-0.61653033 -0.74154711 -0.62934191  0.83412317 -3.0613001  -0.61912588
 -0.57932775  0.         -0.0966268 ]
log likelihood =  3400.3121287571325
Lr derivatives =  [2.481545189656586, -32.88325415184865, -9.441069530068152]
other derivatives =  [-10.22940523 -16.26408448 -12.50377863   9.99903023  -3.20301297
  14.49175215]
Current x_clock array =  [-0.61713201 -0.76516069 -0.64658436  0.6558725  -3.18734055 -0.74560543
 -0.52728193  0.         -0.1350005 ]
log likelihood =  3398.3164947082673
Lr derivatives =  [3.4970724822336976, -32.45500763826945, -12.8569332472503]
other derivatives =  [-36.97664397   0.90053618  -3.12347765   0.63828338  -4.30754881
  11.15254236]
Current x_clock array =  [-0.63402365 -0.74167906 -0.63814288  0.5351467  -3.21608091 -0.87395311
 -0.52339963  0.         -0.13595313]
log likelihood =  3396.753702307441
Lr derivatives =  [1.3560040712461792, -31.55799185042733, -10.03388017953534]
other derivatives =  [ 1.26310624 -2.28210411 -2.54158294 -8.0083737  -3.34403012  8.51914592]
Current x_clock array =  [-0.61346741 -0.74436456 -0.64397399  0.4292638  -3.22115598 -1.01446499
 -0.53797644  0.         -0.1180751 ]
log likelihood =  3396.107332219261
Lr derivatives =  [0.6824537492230967, -29.49248706235237, 0.6457096524068433]
other derivatives =  [ 4.67871359  2.295792    1.52253961 -9.91367415 -0.73810043  7.83561518]
Current x_clock array =  [-0.61264414 -0.73698066 -0.64186242  0.41272671 -3.1852612  -1.08423301
 -0.55602865  0.         -0.09143903]
log likelihood =  3395.3812651137687
Lr derivatives =  [-3.5592096973939356, -30.027040101021257, 8.445995658752448]
other derivatives =  [ 8.70759322  5.79575499  7.02762009 -8.72878445  1.00972102  6.66818778]
Current x_clock array =  [-0.61117604 -0.73079971 -0.63784576  0.43462032 -3.14430681 -1.17939869
 -0.58095194  0.         -0.0742242 ]
log likelihood =  3394.274131489691
Lr derivatives =  [-1.9619351430743386, -27.586097967804672, 10.903100889916743]
other derivatives =  [ 7.84207259  8.29468263  2.9529474  -4.77093636  4.61905074  4.45670594]
Current x_clock array =  [-0.61222045 -0.72819362 -0.64081598  0.48821294 -3.08163435 -1.36292816
 -0.59144181  0.         -0.06742429]
log likelihood =  3394.08492829534
Lr derivatives =  [-19.481766859294446, -35.15464197135732, 3.8627364199695364]
other derivatives =  [ -4.08103915 -11.16172825  38.12347131   2.48996912  -4.03947524
   1.53090696]
Current x_clock array =  [-0.61788846 -0.75208038 -0.60292052  0.57348078 -3.15705773 -1.7455655
 -0.60845123  0.         -0.06348403]
log likelihood =  3392.8736268209827
Lr derivatives =  [-3.9903613787120804, -26.574239317455447, 1.9432612019952984]
other derivatives =  [-0.61249921  1.90821083 -0.35829544  2.21743903 -0.96470103  0.9660198 ]
Current x_clock array =  [-0.61590986 -0.73973762 -0.639023    0.55733602 -3.13248142 -1.81919885
 -0.58552766  0.         -0.06880033]
log likelihood =  3392.767114694315
Lr derivatives =  [-1.2629805716271285, -24.681961900104003, 1.2428505729778863]
other derivatives =  [-0.46375135  0.96820258 -2.46477612  0.78048288 -0.52455107  0.60144885]
Current x_clock array =  [-0.61596327 -0.74153934 -0.64084757  0.54021951 -3.13483655 -1.90137041
 -0.57868338  0.         -0.0692279 ]
log likelihood =  3392.7166600347828
Lr derivatives =  [0.8330073450415583, -23.22216551573734, -1.6962681203052377]
other derivatives =  [ 2.47141543e+00  1.53381734e+00 -7.41238182e-03 -8.52651283e-02
 -1.77351467e-03  1.61799107e-01]
Current x_clock array =  [-0.6148319  -0.74177289 -0.6378611   0.53160708 -3.13376525 -2.01865779
 -0.57269586  0.         -0.07195471]
log likelihood =  3392.719394667196
Lr derivatives =  [0.0847470084170574, -22.8633967481734, 1.297562464534101]
other derivatives =  [-4.82300493 -3.36381163 -1.24659891 -0.6611117  -0.01864464  0.00909495]
Current x_clock array =  [-0.61847628 -0.74675126 -0.63920224  0.52485965 -3.13385436 -2.10484936
 -0.57520195  0.         -0.0667109 ]
log likelihood =  3392.7070791248325
Lr derivatives =  [0.48503330510682474, -23.050353087986753, -0.35626155595408626]
other derivatives =  [-0.95242285 -0.76615834 -0.59094418 -0.35402081 -0.00991349  0.0856744 ]
Current x_clock array =  [-0.61653792 -0.74410338 -0.63848892  0.52844846 -3.13380696 -2.05900594
 -0.57386902  0.         -0.06949997]
log likelihood =  3392.703858533042
Lr derivatives =  [0.35775576561567846, -22.9716048029327, -0.0008705804113109394]
other derivatives =  [-0.23264874 -0.42646207 -0.1110493  -0.1072749   0.05156835  0.03628884]
Current x_clock array =  [-0.61621473 -0.74372674 -0.63799533  0.53161539 -3.13184387 -2.08161452
 -0.57488248  0.         -0.06871301]
log likelihood =  3392.703191994351
Lr derivatives =  [-0.09688845744072339, -23.173223164870226, -0.1772761850580551]
other derivatives =  [-0.33519427  0.1882654   0.08044481 -0.00263753 -0.02810339 -0.00281943]
Current x_clock array =  [-0.6162992  -0.74282238 -0.63794506  0.53255113 -3.13112761 -2.09937671
 -0.57662208  0.         -0.06851957]
log likelihood =  3392.7032983372255
Lr derivatives =  [-0.1327998279097642, -23.14618778490763, 0.08970726381552474]
other derivatives =  [ 6.39101927e-01 -2.47928256e-01 -6.77573553e-02 -3.63797881e-04
 -2.62389221e-02 -2.81943358e-03]
Current x_clock array =  [-0.61574907 -0.74338457 -0.63815228  0.53266314 -3.13126176 -2.10082609
 -0.5767525   0.         -0.06817347]
log likelihood =  3392.703125312741
Lr derivatives =  [-0.11063744976726753, -23.16286275918999, -0.07524892894412716]
other derivatives =  [ 0.03774403  0.02114575  0.02360139 -0.00172804 -0.02737579 -0.00281943]
Current x_clock array =  [-0.61608849 -0.74303771 -0.63802443  0.53259403 -3.13117899 -2.09993186
 -0.57667203  0.         -0.06838701]
log likelihood =  3392.7031042487624
Lr derivatives =  [-0.01689786883497746, -23.11061472814449, -0.01953748651800602]
other derivatives =  [-0.00045475 -0.00654836 -0.0093678  -0.00700311 -0.00336513  0.00040927]
Current x_clock array =  [-0.61611127 -0.74309961 -0.63802686  0.53257949 -3.1311018  -2.09846613
 -0.57641246  0.         -0.06837169]
log likelihood =  3392.7031032910854
Lr derivatives =  [-0.0009583686435448158, -23.098367799428747, 0.004339008929152399]
other derivatives =  [ 0.00140972  0.00331966 -0.00068212 -0.00254659  0.00081855  0.00022737]
Current x_clock array =  [-0.61611253 -0.74309488 -0.63801088  0.53264183 -3.13107005 -2.09861276
 -0.57638     0.         -0.06834634]
      fun: 3392.7031032910854
 hess_inv: <9x9 LbfgsInvHessProduct with dtype=float64>
      jac: array([ 1.40971679e-03,  3.31965566e-03, -6.82121026e-04, -2.54658516e-03,
        8.18545232e-04,  2.27373675e-04, -9.58368644e-04, -2.30983678e+01,
        4.33900893e-03])
  message: b'CONVERGENCE: REL_REDUCTION_OF_F_<=_FACTR*EPSMCH'
     nfev: 26
      nit: 22
   status: 0
  success: True
        x: array([-0.61611253, -0.74309488, -0.63801088,  0.53264183, -3.13107005,
       -2.09861276, -0.57638   ,  0.        , -0.06834634])
