number of sites to be analyzed:  316
log likelihood =  4200.267576914847
Lr derivatives =  [-163.97845618390622, -292.4232429237616, -156.97137762688214]
other derivatives =  [ 25.93051249  -7.72215571  60.21264198  15.45604391 271.27007343
  12.00278348]
Current x_clock array =  [-0.69314718 -0.77763011 -0.45942685  0.74193734 -0.10536052 -0.51082562
 -0.51082562 -0.51082562 -0.51082562]
log likelihood =  3995.5840249895946
Lr derivatives =  [66.15567745804985, -156.4844364798911, -88.24243682817843]
other derivatives =  [-100.0354132    18.0670213  -191.24090613   18.78693183  193.94428818
   21.90004125]
Current x_clock array =  [-0.77311021 -0.77538629 -0.64510714  0.69427488 -0.9418876  -0.54783912
 -0.00515827 -0.50925037 -0.50925037]
log likelihood =  3826.104469319932
Lr derivatives =  [113.47327504471359, -49.95083382930433, -9.41450328217131]
other derivatives =  [164.30476535  39.30317689  91.50608093   5.10390237 104.58852557
  24.41061042]
Current x_clock array =  [-0.63416399 -0.81366709 -0.40480823  0.61979573 -1.97668673 -0.6203429
  0.25247462 -0.35147111 -0.41535422]
log likelihood =  3785.0616081414387
Lr derivatives =  [-33.91954064923939, -94.63127436513827, -28.22557555545784]
other derivatives =  [-126.38251974  -19.16041583   41.16041055   21.17653821  -36.06696737
   16.92146725]
Current x_clock array =  [-0.80845763 -0.90223176 -0.40725862  0.55950996 -2.88120956 -0.70883319
  0.28228022 -0.25689235 -0.38581777]
log likelihood =  3768.092219760758
Lr derivatives =  [7.062439440221027, -64.28361465772392, -5.662825521661592]
other derivatives =  [  2.26209522  -8.12819962 -52.5284122   17.46743692 -12.20032573
  16.74652594]
Current x_clock array =  [-0.71810697 -0.88924992 -0.46200272  0.546409   -2.7326094  -0.72262506
  0.23306255 -0.16296063 -0.36134193]
log likelihood =  3759.1541630609217
Lr derivatives =  [36.01029896137431, -33.94211796917117, 18.36658465366692]
other derivatives =  [63.74848454 -2.33990249  8.4149633  11.14281076  7.39955794 16.90978024]
Current x_clock array =  [-0.68512139 -0.88101096 -0.43351841  0.52421033 -2.61060126 -0.74812891
  0.14736033 -0.02969807 -0.33357806]
log likelihood =  3753.483188922441
Lr derivatives =  [11.086186180717029, -46.77008015046064, 15.079936307437375]
other derivatives =  [47.68221515 -5.71981218 23.67296474 10.07451829  2.01721377 15.59101293]
Current x_clock array =  [-0.68870758 -0.87318591 -0.43075805  0.48331428 -2.50218792 -0.80168173
 -0.0091803   0.         -0.31462682]
log likelihood =  3751.1984025960155
Lr derivatives =  [-11.48680251862703, -63.26158762748231, 1.8864334404910892]
other derivatives =  [-8.6383352   3.75130185  6.25605026  7.75726221  1.56233    13.01814336]
Current x_clock array =  [-0.71937887 -0.84516085 -0.44396176  0.42663247 -2.40300109 -0.87630291
 -0.10771346  0.         -0.32036859]
log likelihood =  3750.5250329680252
Lr derivatives =  [-9.918628984389798, -62.23119295303057, -0.28906205267563934]
other derivatives =  [-10.64381649   3.88076842  -3.94165909   6.82057362  -2.59719855
  11.95862751]
Current x_clock array =  [-0.72154199 -0.84731105 -0.44862133  0.40926965 -2.45177031 -0.90117695
 -0.0830385   0.         -0.32761758]
log likelihood =  3749.2345690191005
Lr derivatives =  [-7.91898054919961, -61.35887685789453, -6.5786071326911895]
other derivatives =  [-12.04725777  -4.19022399  -9.39330675   1.32868081  -5.63873073
   8.69695214]
Current x_clock array =  [-0.72446676 -0.86155163 -0.45138852  0.34442959 -2.50273853 -1.00501363
 -0.05152029  0.         -0.34342942]
log likelihood =  3748.426171506281
Lr derivatives =  [3.409202548648029, -52.83367941739745, -1.5004364821991807]
other derivatives =  [-6.10752977 18.87929102 -6.85313353 -3.24307621 -4.88817022  4.86984391]
Current x_clock array =  [-0.72541253 -0.83176076 -0.44959873  0.28274164 -2.53637731 -1.17362551
 -0.01942068  0.         -0.33072905]
log likelihood =  3747.7501546341177
Lr derivatives =  [1.776306559610255, -53.14810703297522, -0.8176155214978245]
other derivatives =  [-0.0819      0.25438567 -3.7850441  -6.47391971 -2.11452971  3.51669769]
Current x_clock array =  [-0.72079733 -0.85674146 -0.44949067  0.25512931 -2.50656343 -1.26850799
 -0.03728762  0.         -0.32096783]
log likelihood =  3747.479128598764
Lr derivatives =  [1.032261164649615, -53.113952952043306, 0.7747266134371813]
other derivatives =  [ 2.83025656 -2.22098606  0.89030436 -6.79856385  0.42036845  2.79214873]
Current x_clock array =  [-0.71840573 -0.85898652 -0.44781344  0.25854323 -2.47303439 -1.33076424
 -0.05611725  0.         -0.31146608]
log likelihood =  3747.14423091506
Lr derivatives =  [1.3853169094074183, -52.07822677069839, 2.61481825572908]
other derivatives =  [ 3.22306732 -2.50902303  3.22438609 -4.53937901  2.84298949  1.66332939]
Current x_clock array =  [-0.71738733 -0.85913218 -0.44637001  0.29010303 -2.43947213 -1.4281032
 -0.07088383  0.         -0.30182523]
log likelihood =  3747.1750908713093
Lr derivatives =  [-8.30667821208677, -58.761733862913104, -9.183169693700513]
other derivatives =  [17.15065991  1.61426215  9.7337761  -0.08849383 -2.89378477 -0.09276846]
Current x_clock array =  [-0.70734996 -0.85413596 -0.4421197   0.33808564 -2.44991149 -1.54919263
 -0.08560894  0.         -0.31830689]
log likelihood =  3747.032737577611
Lr derivatives =  [-3.133330418222375, -55.19275730232492, -2.9365301356833697]
other derivatives =  [ 9.71804184 -0.58284968  6.24700078 -2.4725523   0.12810233  0.79057827]
Current x_clock array =  [-0.71269488 -0.85679646 -0.444383    0.31253479 -2.4443525  -1.48471222
 -0.07776778  0.         -0.30953037]
log likelihood =  3746.92758030509
Lr derivatives =  [0.6284644084379067, -51.81002493690426, -0.3330181000190109]
other derivatives =  [-2.42066562 -0.99039426  5.88502189  0.20017978  0.90717549  0.05024958]
Current x_clock array =  [-0.72051386 -0.85917959 -0.44270007  0.34162304 -2.44643828 -1.56136974
 -0.06583242  0.         -0.30440135]
log likelihood =  3746.920155529362
Lr derivatives =  [0.5884370442588214, -51.75798099624076, 0.24147704280244042]
other derivatives =  [ 1.29584805  0.1076387  -5.14696694  0.3081368   0.40795385 -0.03483365]
Current x_clock array =  [-0.7177941  -0.85737848 -0.44916742  0.33895492 -2.4464961  -1.57124893
 -0.06912356  0.         -0.30187119]
log likelihood =  3746.911150167939
Lr derivatives =  [0.2820890193682821, -52.01326960671467, -0.2925214857966729]
other derivatives =  [ 0.2233719   0.04315552 -0.21091182  0.01255103  0.24915607  0.00445652]
Current x_clock array =  [-0.71870246 -0.85753106 -0.44632503  0.33671042 -2.44944088 -1.56506452
 -0.0674985   0.         -0.30346232]
log likelihood =  3746.9109213043
Lr derivatives =  [0.18713935740554177, -52.0420272367361, -0.2517762464768829]
other derivatives =  [ 0.09008545  0.02955858 -0.06789378 -0.0093678   0.15220394  0.00068212]
Current x_clock array =  [-0.71879136 -0.85754549 -0.44624155  0.33630079 -2.45013845 -1.56568509
 -0.06752785  0.         -0.30326508]
log likelihood =  3746.9107128578207
Lr derivatives =  [0.037816495404150885, -52.04785628940194, -0.009510820475664872]
other derivatives =  [ 0.05793481  0.02037268  0.05043148 -0.00923137  0.0005457  -0.00118234]
Current x_clock array =  [-0.7188006  -0.85754471 -0.44617828  0.3360214  -2.45100904 -1.56708726
 -0.06788074  0.         -0.30246961]
log likelihood =  3746.9107197278454
Lr derivatives =  [-0.06052920854021693, -52.1104587614478, -0.04201316073604744]
other derivatives =  [-0.1376975  -0.0262844  -0.08176357 -0.00272848 -0.01546141 -0.00131877]
Current x_clock array =  [-0.71889816 -0.85756677 -0.44626266  0.33600039 -2.45076981 -1.56726874
 -0.06821446  0.         -0.30243974]
log likelihood =  3746.910708499673
Lr derivatives =  [6.789290266695502e-05, -52.0718857114278, -0.02198690964730332]
other derivatives =  [-0.01718945  0.00245564 -0.00031832 -0.00673026 -0.00559339 -0.00122782]
Current x_clock array =  [-0.71883805 -0.85755318 -0.44621067  0.33601334 -2.45091721 -1.56715693
 -0.06800885  0.         -0.30245814]
      fun: 3746.910708499673
 hess_inv: <9x9 LbfgsInvHessProduct with dtype=float64>
      jac: array([-1.71894499e-02,  2.45563569e-03, -3.18323146e-04, -6.73026079e-03,
       -5.59339242e-03, -1.22781785e-03,  6.78929027e-05, -5.20718857e+01,
       -2.19869096e-02])
  message: b'CONVERGENCE: REL_REDUCTION_OF_F_<=_FACTR*EPSMCH'
     nfev: 23
      nit: 20
   status: 0
  success: True
        x: array([-0.71883805, -0.85755318, -0.44621067,  0.33601334, -2.45091721,
       -1.56715693, -0.06800885,  0.        , -0.30245814])
