number of sites to be analyzed:  174
log likelihood =  -10387.804970706242
Edge derivatives =  [123.81703799959847, 71.77445449080567, 141.1258989985104, 87.6420561439651, 37.77082575343711, 33.654878918465734, 151.98391917787373, 116.8081334933724, 67.56207625133527, 87.02578569233147, 42.71156330581668, 77.73604145711303, 67.87360157424357, 80.718845944208, 138.57515642414052, 126.92362271759822]
other derivatives: [ -51.10778147   27.26155799  -11.47036528   26.63073246 -181.71722331
  124.19277482]
Current x array =  [-0.62498103 -0.85257492 -0.5658183   0.74193734 -0.10536052 -0.51082562
 -4.60517019 -4.60517019 -4.60517019 -4.60517019 -4.60517019 -4.60517019
 -4.60517019 -4.60517019 -4.60517019 -4.60517019 -4.60517019 -4.60517019
 -4.60517019 -4.60517019 -4.60517019 -4.60517019]
log likelihood =  -9992.62217193812
Edge derivatives =  [122.87188664652372, 70.92632135424593, 143.73901632357868, 84.35515056659261, 35.84333069613159, 31.60300546230565, 154.5683541681806, 114.08749953861985, 66.75337460420661, 87.99144467376406, 40.347659495527274, 78.57790493800485, 67.09011809173259, 80.85107974064562, 138.47236692366252, 126.66719154913488]
other derivatives: [227.53320081  57.6947059   16.60246198  -9.69066605 -59.45275916
 113.72176232]
Current x array =  [-0.74212134 -0.8507354  -0.59210866  0.80297564 -0.5218609  -0.49361063
 -4.32137847 -4.44066136 -4.28170613 -4.40429242 -4.51859852 -4.52803237
 -4.25681928 -4.33744305 -4.45031623 -4.40570493 -4.50727422 -4.42699725
 -4.44960221 -4.42016059 -4.28755249 -4.3142581 ]
log likelihood =  -8245.211955408911
Edge derivatives =  [108.27168151532346, 47.25339873612923, 119.76441209873235, 45.57983175524421, 19.347481159579722, 15.862115990433123, 102.57420278802081, 57.829571151485105, 52.709925640682705, 76.94690135493146, 18.847654282257622, 67.9261918547165, 51.306823281966174, 67.94486236183322, 82.23499197397055, 85.42687586814979]
other derivatives: [-206.0947736    -5.80603228   52.46201908 -264.13035812  633.04451032
   34.47294148]
Current x array =  [-0.526478   -0.67071906 -0.70143657  1.18885957 -3.72968841 -0.2795443
 -1.75871868 -2.95650881 -1.34391298 -2.60233258 -3.74435183 -3.83968707
 -1.094048   -1.92821805 -3.05331461 -2.59705958 -3.632593   -2.81151423
 -3.0460266  -2.74608547 -1.41507103 -1.68404037]
log likelihood =  -7588.858065029444
Edge derivatives =  [46.65785397588515, 10.657288556590576, -4.656298197364007, 5.389337168298104, 9.82937831750334, 3.2997240312091596, -74.49168628790032, -2.675447904296991, 16.436211285599217, 15.720872468994074, 2.8476668565768937, 13.976420274960454, 9.259013784504715, 12.363642134372578, -48.996273925194004, -28.063352270203307]
other derivatives: [ 826.48530224 -346.73412301  258.29458536   96.85554687  221.48342396
 -103.51850506]
Current x array =  [-1.601926   -0.5917259  -0.58119163  0.33564933 -3.54027471  0.04168049
  0.77329849 -1.56000574  1.53483362 -0.95788114 -3.03828442 -3.21766584
  1.88557792  0.25441386 -1.70138749 -0.80943948 -2.84840814 -1.21843731
 -1.69527544 -1.10551906  1.24414265  0.79711341]
log likelihood =  -7103.5909422975765
Edge derivatives =  [28.385575938100796, 9.114299071926904, -24.466654419214503, 0.3168319196600471, 8.897870804758151, 4.096355270237676, -87.79897245551709, -12.19617674288011, 23.88481442743919, 33.37291652863694, 0.7341273522206813, 19.121439820137827, 12.22362651343303, 31.610536756327313, -66.27391693072244, -55.19001545726852]
other derivatives: [  589.87716329   235.38241294 -1411.32477438   100.32554201
    94.53933671   -98.00314729]
Current x array =  [-1.09172303 -1.28961113 -0.20112063  0.48708722 -2.76028046 -0.11337716
  0.31996024 -1.85084128  0.90705742 -1.31854202 -3.17927164 -3.35127488
  1.09133881 -0.24943464 -1.96344523 -1.16270149 -3.02128271 -1.53411756
 -1.97094687 -1.43435914  0.55962067  0.2000242 ]
log likelihood =  -6992.134512880648
Edge derivatives =  [79.08329077177515, 24.71374683931918, 59.86935660565658, 18.659107493563763, 13.079482300526687, 9.983729116740372, 18.28040910278349, 24.343543000525177, 43.2087725018789, 65.30245908162858, 8.814102531950935, 52.867410792274825, 33.896714118398414, 59.36997882075045, 30.333425817897727, 34.010403603172676]
other derivatives: [-744.64696809  151.1638402   -56.76283763  -14.17492967  290.83767004
  -26.50576789]
Current x array =  [-0.37546253 -1.59234844 -0.49988958  0.82033947 -2.1636962  -0.32464667
 -0.85016072 -2.52374251 -0.4984653  -2.12721165 -3.51691695 -3.6549717
 -0.46347893 -1.34059404 -2.59738612 -2.0007804  -3.40830224 -2.2851145
 -2.61543398 -2.20649443 -0.81601869 -1.05715412]
log likelihood =  -6764.5165703329085
Edge derivatives =  [53.1310985964164, 13.530971040207703, 6.778933441417037, 5.454038023151027, 10.856755762436638, 6.874923741615013, -49.13494795646264, -2.606214607710717, 33.40872094048489, 48.3484540369362, 2.687921117595971, 39.354955296885805, 26.509802155915636, 45.48158198215649, -31.465589786900576, -15.730680301946451]
other derivatives: [374.42159737 231.57936084 162.42402125  46.43152351 150.15320969
 -94.02874639]
Current x array =  [-0.85034537 -1.3554928  -0.57619529  0.56934766 -2.07890525 -0.23518036
 -0.24732458 -2.18935468  0.20541225 -1.73474723 -3.35041199 -3.50682462
  0.28277653 -0.8137678  -2.27136575 -1.56370045 -3.22173143 -1.89714198
 -2.28939366 -1.80513546 -0.15411443 -0.44636897]
log likelihood =  -6672.480607943597
Edge derivatives =  [44.86718907119926, 11.130337721482723, -8.147167689269633, 2.365087603457624, 10.115463851170468, 6.3724069869927344, -60.4159984936912, -8.574379225817948, 32.30693633110316, 45.28401783621452, 1.9453024971338584, 37.64468334342737, 25.46683928506873, 42.98398922460383, -36.471535185267946, -19.95610177574645]
other derivatives: [ 246.97674235  211.64469217   73.39258445   65.81831258   47.94164852
 -103.43492249]
Current x array =  [-0.76528058 -1.28742691 -0.52627033  0.56478583 -1.78655353 -0.29140328
 -0.23809051 -2.20109832  0.17009383 -1.7588379  -3.35403921 -3.51281297
  0.19144571 -0.85495707 -2.26632602 -1.55363987 -3.23367032 -1.89132945
 -2.29097117 -1.79617862 -0.22643728 -0.49994946]
log likelihood =  -6551.923878889949
Edge derivatives =  [31.900909662488658, 8.63127148680771, -15.368689975451229, 0.5435567182813562, 9.355544526714654, 5.680058367017057, -44.93894455507458, -9.624845937270154, 30.691112273482837, 37.88241159080849, 2.2188439762888628, 33.19182891947982, 24.599704850024047, 35.7359722020955, -24.32623130669746, -11.28509714630916]
other derivatives: [-173.71439753  -32.38728823 -263.74409572   37.30674507  -28.58678272
  -75.51871022]
Current x array =  [-0.580753   -0.8163826  -0.37181264  0.70426983 -1.45707826 -0.55997436
 -0.17617545 -2.21108649  0.07279394 -1.80357113 -3.34800685 -3.51499193
 -0.06326898 -0.94734045 -2.21345736 -1.47533798 -3.2531367  -1.82914948
 -2.2589633  -1.72172538 -0.40315859 -0.62275185]
log likelihood =  -6521.679098027977
Edge derivatives =  [24.87749576614004, 7.500448575733552, -21.03403411071261, -0.8985697413721782, 8.739376696910371, 5.15130742226406, -48.33417777333963, -12.836478813674352, 28.94406708508673, 33.4891522385856, 1.5440602365330107, 31.03874042258155, 23.035385914198645, 32.33817003260972, -30.100269493545312, -16.243332813071156]
other derivatives: [ -63.92319847  -25.74142854 -109.10780475   32.19538485  -24.35062925
  -71.84607966]
Current x array =  [-0.62195028 -0.82842031 -0.43514592  0.72372189 -1.49178054 -0.61675656
 -0.07545461 -2.16253516  0.14773509 -1.75322378 -3.31941135 -3.49178849
 -0.00900949 -0.88796345 -2.15006367 -1.39359875 -3.22765884 -1.75645509
 -2.19996243 -1.64587626 -0.34234456 -0.55712365]
log likelihood =  -6479.750214806361
Edge derivatives =  [14.01811621206227, 6.168968016920985, -19.91592593260915, -1.723455219840411, 7.812349217690435, 4.455358412199452, -31.65994550812711, -10.943283469498628, 26.440255016094916, 25.20034684979954, 1.8533994734411832, 28.66969053157864, 20.822535490564935, 25.900031640812713, -20.925111211202914, -11.475630759536443]
other derivatives: [  6.57273631 -37.1731403   61.66501407   0.4634785  -14.68506525
 -43.74160198]
Current x array =  [-0.6508469  -0.81851812 -0.53550863  0.83288552 -1.43246739 -0.85483859
  0.05152724 -2.12231064  0.13674757 -1.7351958  -3.28506473 -3.46950191
 -0.12631193 -0.89614108 -2.04807811 -1.26535015 -3.21448798 -1.64256534
 -2.11620366 -1.52503172 -0.40219978 -0.57491649]
log likelihood =  -6456.568978830585
Edge derivatives =  [-5.754639872584645, 4.021451664313653, -22.938817369936306, -3.645276978332965, 6.343067322589814, 3.396767024730187, -20.40506776993971, -10.522764286059168, 21.949624875867812, 12.615417185170536, 1.662398658600629, 22.12704259392147, 16.001767482976575, 15.942442350426088, -16.006184438720002, -11.768058302500789]
other derivatives: [ -5.99502528 -27.6715582  131.96759028 -19.72775863 -20.18505256
 -22.39867172]
Current x array =  [-0.64434857 -0.84231179 -0.5852177   0.92510687 -1.39891875 -1.1104677
  0.23500044 -2.04990837  0.16409426 -1.68629242 -3.23005227 -3.43121805
 -0.20789244 -0.86916604 -1.89815654 -1.08556104 -3.18360134 -1.47487479
 -1.98993861 -1.35367044 -0.42551619 -0.55428744]
log likelihood =  -6446.695088675657
Edge derivatives =  [-0.26658303343487, 5.554249827755611, 6.246132219125189, 1.1809910307816747, 6.243602648330217, 3.4648293501340643, 20.65493918716101, 7.938050547087786, 20.50098097798186, 8.693195824422784, 4.395613085148307, 20.22581496375177, 13.713905161823572, 12.503970399465208, 17.857140190757434, 11.582293436046756]
other derivatives: [ 95.57852536  20.50528565 101.12134987 -36.14386515   0.16916601
   4.36430128]
Current x array =  [-0.69269101 -0.89979042 -0.56384496  0.9596938  -1.31998996 -1.3950483
  0.18288451 -2.07409093 -0.08580919 -1.77474004 -3.21297551 -3.43244185
 -0.55048841 -1.03425658 -1.79478394 -1.02285242 -3.20797682 -1.37616711
 -1.92909499 -1.27526109 -0.6875619  -0.7573066 ]
log likelihood =  -6430.494105449972
Edge derivatives =  [-29.840722178820318, 2.9468644512540783, -7.2165708392784005, -2.7910640616202502, 3.721937486133285, 1.4803895150253243, 9.446831421385534, -0.7087737107730545, 8.0074985550038, -16.661177664509697, 2.281564994777087, -1.8687448401807414, 1.4770789794256491, -9.766779949653053, 3.841904274341375, -2.778035400296478]
other derivatives: [ 36.92312021 -53.55213943  71.0239874    1.76314643  -1.35023583
   5.38557288]
Current x array =  [-0.67486321 -0.83094306 -0.52540935  0.84797489 -1.48191549 -1.60740146
  0.43621719 -1.90511418  0.05942717 -1.63720996 -3.09427117 -3.3451221
 -0.42070395 -0.88174529 -1.49097606 -0.72774018 -3.11797078 -1.048722
 -1.67480827 -0.97506571 -0.53565078 -0.59432363]
log likelihood =  -6425.873036690782
Edge derivatives =  [-18.04391855783799, 4.359621936492594, -7.404516447773929, -2.301111176030748, 3.8206159415516443, 1.646374717311208, 0.4972516089694262, -3.0415766246030547, 9.015828962217167, -6.760858885721191, 2.124717694325009, 1.2750313054877265, 2.440823211120907, -2.9191849070550644, -0.8452730904399525, -4.857414660220565]
other derivatives: [-75.62957762  54.14385669  17.78607839  12.15503289 -14.92153388
  -1.60089257]
Current x array =  [-0.61338809 -0.96739416 -0.4986464   0.82043714 -1.46428637 -1.50125756
  0.30599996 -1.91579022  0.04866147 -1.65730934 -3.09829444 -3.3515262
 -0.35102371 -0.88136298 -1.50754471 -0.82685524 -3.11833956 -1.10050663
 -1.70654441 -1.05147914 -0.49942902 -0.59574113]
log likelihood =  -6421.652977240725
Edge derivatives =  [-11.448554428560453, 5.235985633759872, -2.649385198822942, -1.0291419909728174, 4.303888190377093, 1.9082893589736634, 4.401778450102306, -0.775220906962148, 10.296296486910629, -3.9362338659672162, 2.5738440369907827, 3.2658125335949366, 3.7512041677162786, -0.5735114307215012, 2.7722749692704753, -1.093009520727994]
other derivatives: [ -4.9603841    9.39144229 -12.44188752   7.72934072  -0.06511982
  -0.64756023]
Current x array =  [-0.64879222 -0.90228947 -0.47835102  0.82441783 -1.4757162  -1.48643762
  0.26435158 -1.9315746   0.01728901 -1.6763067  -3.10747321 -3.35929089
 -0.37288466 -0.90526237 -1.52778298 -0.85614884 -3.12706759 -1.1262319
 -1.72688515 -1.07825996 -0.52359689 -0.62232014]
log likelihood =  -6421.000239432586
Edge derivatives =  [-10.163198906571704, 5.552369769957833, -1.5543021990162047, -0.7462281573184979, 4.184889517226637, 1.834596965717, 4.825871214637466, -0.47875603376603837, 9.31016352109574, -4.380887018195063, 2.546545866843362, 2.1940711600021694, 3.0997038952239007, -1.3573411134497015, 2.826889500289562, -0.6187532964668021]
other derivatives: [ -5.25978976   0.6348273  -13.33373802   6.06960384   2.30666046
  -0.22937456]
Current x array =  [-0.64910691 -0.89163362 -0.47736346  0.82799238 -1.47920111 -1.50012874
  0.25150452 -1.9216326   0.00914105 -1.67699294 -3.09835451 -3.35456399
 -0.37294339 -0.90704604 -1.50319832 -0.85285104 -3.12215756 -1.11016637
 -1.71325954 -1.06933882 -0.52353759 -0.62575326]
log likelihood =  -6418.826955446924
Edge derivatives =  [-3.4208816397823414, 7.423085889946298, 0.4632402657526017, 0.18520653050340347, 3.471977529049309, 1.348154911903112, 1.061097430874795, -1.2860102022533875, 2.9062095931237453, -4.624597615144345, 2.08219537457238, -3.5595805076918428, -0.7492685777922644, -4.106123799075188, -0.835935676329264, -1.0824405367022694]
other derivatives: [ 1.80666575e+01 -1.01539626e+01 -2.96249709e+01 -9.08130460e-01
 -5.09317033e-03 -1.18116077e+00]
Current x array =  [-0.66306264 -0.87917553 -0.46632288  0.85577864 -1.47160931 -1.54803965
  0.16327483 -1.84958243 -0.00982081 -1.67369456 -3.03993987 -3.32444619
 -0.32766107 -0.90073644 -1.35993988 -0.85848187 -3.08673768 -1.03333793
 -1.64093773 -1.03859661 -0.49185312 -0.62576333]
log likelihood =  -6418.211650245502
Edge derivatives =  [3.8661347609038046, 9.439829695052257, 4.268093177997568, 1.5194382825553094, 3.158876314756434, 1.2661115985036469, 1.5036300055663405, 0.08309402618716666, -0.8205370797223388, -2.172947792863006, 2.0323921234861806, -3.980393284563027, -1.6120682212403954, -3.528646721802432, -0.72973897703757, 1.7443294189961418]
other derivatives: [-27.05992301 -22.71526682   8.14043233  -7.42666089   3.36649464
  -0.83537088]
Current x array =  [-0.63878739 -0.86428946 -0.48987841  0.86509425 -1.45191495 -1.56611706
  0.06374377 -1.80126331 -0.05138775 -1.69147277 -3.00450219 -3.31090557
 -0.32601347 -0.92631216 -1.28758745 -0.90474615 -3.06899852 -1.02413438
 -1.62146943 -1.05968545 -0.50404197 -0.65768714]
log likelihood =  -6417.522316404563
Edge derivatives =  [2.6676683318389265, 9.207180379652637, 2.5024579637275526, 1.1151006188306958, 3.1489067311932395, 1.2094207144811384, -0.6114489280062556, -0.8885457480361303, -0.8477336204693976, -1.9692228424148637, 1.9283829211997123, -4.090013377776874, -1.7747005960013182, -3.2374576981817196, -2.014875586687637, 0.28727189747765247]
other derivatives: [-6.81166057 -6.95263225  0.29585863 -4.36148184 -0.29594958 -1.75496098]
Current x array =  [-0.64860306 -0.88293686 -0.48436711  0.86076416 -1.45393706 -1.56064042
  0.0744838  -1.79087742 -0.034486   -1.6835935  -3.0007512  -3.30819087
 -0.30853371 -0.91567841 -1.28620229 -0.90249383 -3.06479414 -1.02402306
 -1.61967952 -1.05884678 -0.49034065 -0.64447266]
log likelihood =  -6417.1582936600935
Edge derivatives =  [2.3612058484908633, 9.316446704481171, 1.3607307000629143, 0.9347552398268811, 3.109080537157804, 1.16011416884721, -2.134114125856066, -1.4077876273131513, -1.3865436021199007, -1.1898719423659054, 1.8576020102567592, -3.7834860641684225, -1.847608932264352, -2.5651616271780147, -2.7692117761053745, -0.38283367353270736]
other derivatives: [ 1.10576366  3.07109076  1.11376721 -1.74813977 -2.28974386 -2.27637429]
Current x array =  [-0.65213121 -0.89492499 -0.4847728   0.85367195 -1.45412316 -1.5597466
  0.069612   -1.76476297 -0.02501259 -1.67907424 -2.98886832 -3.30272236
 -0.29511991 -0.91260825 -1.27561235 -0.91109815 -3.05659489 -1.02836594
 -1.61810846 -1.06613213 -0.48384226 -0.63908535]
log likelihood =  -6416.493353927627
Edge derivatives =  [1.3146164577618231, 9.608389237194528, -0.34639075206977454, 0.6860958072752685, 2.974336281037593, 1.052631556277782, -3.627219933922866, -1.7930390363775923, -2.9103148335887594, 0.20821517937634082, 1.7812487261009058, -3.1480020435119607, -2.0613189937312164, -1.3236346949783835, -3.003814936765343, -0.8796276402136554]
other derivatives: [ 6.02203727 14.15792212 -1.52022039  2.0949301  -5.48343451 -2.35240805]
Current x array =  [-0.65425825 -0.90843783 -0.48356645  0.84271513 -1.4521636  -1.5738871
  0.05815494 -1.69371295 -0.01235187 -1.67122328 -2.95632385 -3.28839936
 -0.28079386 -0.91410019 -1.24627233 -0.92880361 -3.03603682 -1.03704104
 -1.61293732 -1.08128983 -0.48234699 -0.63567658]
log likelihood =  -6414.971694607542
Edge derivatives =  [-1.244235620638354, 10.356380798737677, -3.5728730240896676, 0.2878074907353213, 2.6156915741254156, 0.7964833701734455, -5.537877585945333, -2.045291852581163, -6.85265766287372, 3.4371050872004494, 1.6399013339071742, -1.1040473905348585, -2.272790577763726, 1.7308310782143836, -2.469249119084828, -1.1590988717241395]
other derivatives: [17.25293259 26.53632691  4.47680577  8.63610694 -7.94634616 -1.68565748]
Current x array =  [-0.65927991 -0.92307415 -0.48725795  0.82027376 -1.45463986 -1.6191295
  0.02494371 -1.48956806  0.01268725 -1.65227105 -2.86505581 -3.24906751
 -0.25559211 -0.92530195 -1.17355647 -0.97363957 -2.97930443 -1.06276006
 -1.60211201 -1.1214242  -0.48788846 -0.63264884]
log likelihood =  -6412.746444056669
Edge derivatives =  [-7.225939078073245, 9.909303035926238, -8.586527054420225, -0.4729660384393884, 1.741614338048954, 0.3024281367537152, -7.21488861313066, -2.0769158423199996, -13.82651738482617, 7.989292229775611, 1.3632362064770729, 2.0879905420506453, -2.498289633468901, 6.45228227979388, -0.48780289522492903, -1.3981671465998178]
other derivatives: [  7.52816049  35.48484528 -22.62258931  16.1024218  -14.25505616
  -0.30613592]
Current x array =  [-0.65519391 -0.93432696 -0.47288944  0.79962248 -1.45895586 -1.71365653
 -0.03543071 -1.08309835  0.05025304 -1.61627548 -2.68851192 -3.17378391
 -0.22457721 -0.95122443 -1.0554646  -1.04330689 -2.8698457  -1.10861979
 -1.58527556 -1.18699457 -0.50484297 -0.62922026]
log likelihood =  -6411.250282759512
Edge derivatives =  [-10.255870989250521, 4.843722775898304, -8.893978921951764, -0.3303557376666055, 0.5065991146923059, -0.19657241880428064, -3.0234513329796173, -0.06949408662736864, -19.98249878529396, 12.050171047907694, 1.1558011286234202, 6.851410602947025, -1.3944561285116273, 11.328930256971482, 4.46386576588252, 1.2202247138140008]
other derivatives: [39.86906449 34.51359589 29.32983989 14.64259185 -4.03515514  2.28556019]
Current x array =  [-0.67049226 -0.93051103 -0.50028811  0.7941949  -1.48153849 -1.83103139
 -0.1353344  -0.57964463  0.05847026 -1.58469442 -2.47698984 -3.08676815
 -0.22411426 -1.00245519 -0.95649457 -1.11897749 -2.7406994  -1.16933139
 -1.57943903 -1.26161197 -0.54670673 -0.64396374]
log likelihood =  -6408.073456400369
Edge derivatives =  [-8.7549518153018, 6.499862348553764, -5.490938073850457, 0.2701104417867553, 0.9094777685469764, 0.017692134100213613, 0.19542213270405884, 0.9977126928323584, -13.902370638629106, 10.581220554621735, 1.3989758077349044, 6.4894668110166425, -0.523569234342308, 10.18690286166405, 5.158343672698344, 1.7778106275308598]
other derivatives: [13.23942342 16.44657459  2.42853275  7.62629497  2.27901182  2.47582648]
Current x array =  [-0.65774453 -0.90905567 -0.48429999  0.81634832 -1.48773596 -1.80315036
 -0.12463493 -0.66072802  0.0345685  -1.59568423 -2.52204784 -3.1084059
 -0.25267629 -1.00396407 -1.04544082 -1.08591389 -2.76804298 -1.16807329
 -1.60249735 -1.23898575 -0.54979313 -0.64717913]
log likelihood =  -6405.436273768426
Edge derivatives =  [-7.443180959194049, 4.5637808983009025, -1.4737108728701036, 1.092988391820113, 0.381787757842175, -0.13657160511497696, 3.588289874880224, 2.2252434128641942, -10.134030139695506, 8.20521384663994, 1.222872988391749, 5.376614569706615, -0.2512464804194816, 8.408133853859091, 5.249094886087401, 1.9458771252192104]
other derivatives: [-14.17174644 -12.55775715 -17.17198757  -4.33938112   8.93032848
   2.80269887]
Current x array =  [-0.64646481 -0.87610454 -0.47197709  0.8552836  -1.49767301 -1.82541739
 -0.17430875 -0.5236234   0.00411283 -1.58981455 -2.47570052 -3.09153461
 -0.27055942 -1.0168146  -1.1062165  -1.04979255 -2.73719225 -1.15739841
 -1.60969405 -1.20975246 -0.54810179 -0.64593244]
log likelihood =  -6403.95638283456
Edge derivatives =  [-6.388495124819282, 3.900511330944116, 0.464594859273781, 1.446870889936087, 0.08309929727979684, -0.256335444952409, 4.1047189581113335, 2.1593684643712945, -6.623943379061859, 4.799774156424551, 0.955425630309766, 3.4624535388929947, -0.323434736440804, 5.473296860423779, 3.187179229295837, 0.7908442423220794]
other derivatives: [-15.07396519 -24.09178705  -3.17868398 -10.84217729  10.80097718
   2.2238055 ]
Current x array =  [-0.64667172 -0.86401473 -0.47859399  0.87609309 -1.49788586 -1.82374361
 -0.19939061 -0.47731491 -0.01285829 -1.5834791  -2.46624672 -3.08878039
 -0.27281965 -1.01162211 -1.17237188 -0.99993013 -2.72740605 -1.13290833
 -1.61340149 -1.16553455 -0.53001861 -0.63504752]
log likelihood =  -6402.3083482115135
Edge derivatives =  [-5.281014930843812, -3.065440156831472, 1.2358604553082537, 1.640026368755515, -1.1712106020198794, -0.7258194790905129, 2.2980113033411627, 1.2838351126120984, -3.610572213743243, 0.6479496394357771, 0.24538895775550412, 0.7686009879181157, -0.7731673742920754, 1.8503134966866166, -0.40786757399923756, -1.5723692169735979]
other derivatives: [-28.06154953 -17.76925274  -4.24788595 -10.25136953   3.10274118
   0.70076567]
Current x array =  [-0.64121738 -0.87379838 -0.47827044  0.87995329 -1.4910696  -1.85267947
 -0.2943245  -0.22507114 -0.02808677 -1.55542457 -2.3765143  -3.05313359
 -0.25195888 -1.00921134 -1.23975845 -0.9434928  -2.6630321  -1.10357278
 -1.61141543 -1.11104902 -0.50018626 -0.61798547]
log likelihood =  -6404.587053798016
Edge derivatives =  [0.0015078138139597574, 0.6926500660506358, 3.726224976814586, 2.637054541614729, -0.6064025597318365, -0.6540706535660723, 0.9011540029198994, 0.6599216490128832, 1.4958101932151184, -5.187684025795747, 0.38834289454310744, -3.828841949856019, -0.9885387633216376, -4.558677871255299, -2.0140672608989925, -0.8215271819679778]
other derivatives: [ 82.09526641 -25.43829396 -34.36989573  -0.68348527  -1.95841494
  -1.67583494]
Current x array =  [-0.7033381  -0.85587967 -0.46026528  0.84780757 -1.46589025 -1.81903362
 -0.38036378 -0.30635887 -0.06685133 -1.55008951 -2.42262919 -3.07693693
 -0.25188945 -0.99215448 -1.35908897 -0.86377139 -2.67993965 -1.04697451
 -1.62151219 -1.02175468 -0.48442241 -0.63460875]
log likelihood =  -6401.842330615492
Edge derivatives =  [-3.730142099868495, -1.9769467119489077, 1.9563142461431478, 1.922489355768759, -1.017614440242028, -0.7121382469946557, 1.89273638954603, 1.0960461050141705, -2.0606406099671206, -0.975815850109774, 0.28240241130970023, -0.5422649041983749, -0.8592061875639259, 0.07246077911415794, -0.8762970677642022, -1.3595824062496522]
other derivatives: [ 5.89052433e+00 -1.99985152e+01 -1.25685801e+01 -7.65221557e+00
  1.83308657e+00  1.22781785e-02]
Current x array =  [-0.65913361 -0.86863045 -0.47307758  0.87068215 -1.48380763 -1.84297567
 -0.31913907 -0.24851532 -0.03926685 -1.55388588 -2.38981429 -3.05999871
 -0.25193886 -1.00429197 -1.27417454 -0.92050036 -2.66790841 -1.08724928
 -1.61432743 -1.08529566 -0.49563981 -0.62277979]
log likelihood =  -6401.391790029831
Edge derivatives =  [-2.738261366897075, 0.35021472893966377, 1.624567558258422, 1.8298182855032283, -0.7647021642999624, -0.6397972001748868, -0.02089735858139241, 0.3043347168758439, -0.9071033771934014, -2.162239297595371, 0.26743716575010773, -1.4503378573762284, -0.9169039027797377, -1.406989153538881, -2.5144781546536388, -1.9110511296224968]
other derivatives: [ 0.43210093 -4.3768523   5.43714123 -3.40851329 -0.90576577 -1.02418198]
Current x array =  [-0.6546019  -0.88765046 -0.48400009  0.85492431 -1.47700402 -1.81898484
 -0.32357012 -0.31847256 -0.03969103 -1.55412265 -2.42139686 -3.073632
 -0.2428675  -0.99195283 -1.30192621 -0.90426267 -2.68448595 -1.07403838
 -1.61703107 -1.0663594  -0.48403403 -0.6211594 ]
log likelihood =  -6401.245089617153
Edge derivatives =  [-2.3672528148614234, -0.5054657447102822, 1.2522785725854253, 1.8493038201019396, -0.8221887357215388, -0.6515373398393114, -0.022794878317644485, 0.39694227813419947, -1.156304076319951, -1.143110258222393, 0.3286097797719295, -0.8552504711572214, -0.7706861793353608, -0.6077821945104459, -1.5006370886859144, -1.1783185774567984]
other derivatives: [ 3.56894816  1.30075932  1.77815309 -0.25274858 -0.82500264 -0.86101863]
Current x array =  [-0.6558384  -0.89399213 -0.48223375  0.84339403 -1.47882021 -1.82693966
 -0.34078189 -0.28871574 -0.03697898 -1.5493542  -2.40940604 -3.06944207
 -0.24151129 -0.99532939 -1.2948489  -0.9164857  -2.67568993 -1.08153347
 -1.61865439 -1.07550484 -0.4922045  -0.62814928]
log likelihood =  -6401.16216566495
Edge derivatives =  [-1.6336728764836665, -0.5650835157326239, 0.8772725153495644, 1.8940682535697042, -0.7710309852395385, -0.6202836600818206, 0.01857759301079487, 0.4319750743143632, -0.8707103549536809, -0.5931903606633026, 0.4167840161839393, -0.47355569100009376, -0.5261861649639766, -0.3378169292261062, -0.543664375117821, -0.30518606191667663]
other derivatives: [ 2.48755896  1.68647603  0.01155058  1.80407369 -0.19290383 -0.72714101]
Current x array =  [-0.65508338 -0.8940022  -0.48163506  0.83462236 -1.479325   -1.83115018
 -0.35963082 -0.28166319 -0.03464296 -1.54252361 -2.40874047 -3.07074546
 -0.2418363  -0.99599168 -1.29965773 -0.92311061 -2.6719521  -1.08612773
 -1.62275559 -1.07877499 -0.50065133 -0.63650564]
log likelihood =  -6401.0684625210215
Edge derivatives =  [-0.3901465931085282, -0.28884313854880544, 0.2541945481428299, 1.9196175943790572, -0.6085453152574689, -0.538012218715779, 0.126993529181453, 0.4124193980301758, 0.05926828692636221, 0.11147473070907532, 0.5247460399658836, 0.019300685579419774, -0.054522886489686284, -0.05872407750266384, 0.6975720237969604, 0.6976718720935878]
other derivatives: [ 0.71868271  2.85217538 -2.60788511  1.01154001  0.4971298  -0.55906639]
Current x array =  [-0.65396655 -0.89538926 -0.48024305  0.8369938  -1.47768901 -1.83778744
 -0.38891544 -0.28045359 -0.02938285 -1.52399603 -2.41532563 -3.07722762
 -0.24321106 -0.99371173 -1.31676591 -0.9294019  -2.66677148 -1.09214981
 -1.63126558 -1.08108692 -0.51101132 -0.64573234]
log likelihood =  -6401.03051664969
Edge derivatives =  [0.6050823338340063, -0.3524348875817472, -1.3311422324038114, 1.667071074610979, -0.5359380221113665, -0.5023751623788174, -0.7536460447365352, -0.12103697585111177, 0.3517796567371568, 0.513684402083388, 0.4794026582253116, 0.2343535024708437, 0.26328916495654675, -0.08018256603122709, 0.8248314346084831, 1.1029155620552364]
other derivatives: [-0.35497578 -3.21351763  4.63687684  1.9145773  -0.74242053 -0.50304152]
Current x array =  [-0.65355316 -0.8868128  -0.48503917  0.83227846 -1.47095912 -1.84972213
 -0.42483683 -0.2715385  -0.02048659 -1.49215831 -2.42053895 -3.08442223
 -0.23811009 -0.98737554 -1.32391459 -0.93647748 -2.65514279 -1.09512854
 -1.63617865 -1.08316638 -0.5150069  -0.65047466]
log likelihood =  -6400.986719283077
Edge derivatives =  [0.648036609611755, 0.0655836782417501, -1.110089291564028, 1.6477194641951556, -0.4507041354283401, -0.46896664192332715, -0.5947608633947421, -0.10219327863209987, 0.6196453506592517, 0.4489136920413991, 0.4759719258426704, 0.1390171666245547, 0.27874411980337377, -0.10067390867821036, 0.6826682876692929, 0.8203355262235996]
other derivatives: [-1.77897164 -1.39389158 -0.25638656  0.24347173 -0.80717655 -0.5316906 ]
Current x array =  [-0.65290856 -0.88967625 -0.48192348  0.8396454  -1.47109721 -1.84918516
 -0.42228876 -0.28328564 -0.0214575  -1.48653065 -2.42771861 -3.08843041
 -0.23982337 -0.98552564 -1.32860852 -0.93344153 -2.65656664 -1.09403232
 -1.63701081 -1.08159004 -0.51260578 -0.6474597 ]
log likelihood =  -6400.95461819588
Edge derivatives =  [0.6268978243285896, 0.19442405725570128, -0.9192383164987479, 1.567515783538229, -0.3941858814871485, -0.44623042399696744, -0.42850108152632516, -0.12216213355001364, 0.6777853132860533, 0.4337532445246589, 0.42491639200298453, 0.09585799912844167, 0.277361222051271, -0.019732690100775163, 0.34476678114597026, 0.3750125029792637]
other derivatives: [-0.76242941 -0.14997568 -0.87229637 -1.42963472 -0.52759788 -0.50067683]
Current x array =  [-0.65343493 -0.89166528 -0.48112749  0.84648478 -1.47215352 -1.85266719
 -0.4220609  -0.28589609 -0.02258162 -1.47419945 -2.43247105 -3.09225773
 -0.24087844 -0.98344248 -1.32890491 -0.93149022 -2.65379998 -1.09329247
 -1.63671946 -1.08158107 -0.50864676 -0.64252973]
log likelihood =  -6400.900899423936
Edge derivatives =  [0.7180228611268835, 0.5088844224148539, -0.8548153269453949, 1.2025830189039535, -0.2469129953107605, -0.3875684175709627, -0.4815098617474811, -0.40738605216293383, 0.7325532656588518, 0.23185699987839026, 0.27901037090907926, -0.14587525569624538, 0.24992333740731087, -0.058359250313811284, -0.646967168436553, -0.6183280212522495]
other derivatives: [-3.1158379  -0.7552444  -4.62468961 -2.17223715 -1.04937499 -0.47821231]
Current x array =  [-0.65252712 -0.89147215 -0.47874453  0.85036459 -1.47248675 -1.86407277
 -0.4319285  -0.29279053 -0.0260519  -1.43223699 -2.44717027 -3.1049149
 -0.24158158 -0.97667662 -1.32935701 -0.92656404 -2.64348004 -1.09028725
 -1.63587614 -1.0801699  -0.49931243 -0.6327126 ]
log likelihood =  -6400.844730967201
Edge derivatives =  [0.6985736684957071, 0.34661875018224175, -0.2163978883280302, 0.7037116808252971, -0.0747550943149739, -0.30583349572097723, 0.38519200206147886, -0.3921492475675168, 0.4925055639854695, 0.48827761993149865, 0.13287128465829254, 0.14407036401781237, 0.31490582856812255, 0.5237083838283638, -1.0150272571394858, -1.3287133679771155]
other derivatives: [ 2.61234163  1.68583938  0.77070581 -3.36340236  1.26910891 -0.05711627]
Current x array =  [-0.6551314  -0.89490363 -0.48079941  0.85402001 -1.47926649 -1.88656553
 -0.44387107 -0.28187319 -0.0334997  -1.37258364 -2.45896221 -3.11947126
 -0.24667991 -0.97302951 -1.32106129 -0.92588929 -2.62426512 -1.09216825
 -1.6343139  -1.08540503 -0.49376557 -0.62344829]
log likelihood =  -6400.80911078652
Edge derivatives =  [0.6344044016401993, 0.1733329881811077, -0.2988381216070035, 0.4581341441374291, -0.056386650173808256, -0.29612046993848334, 0.24006791210487688, -0.5259112382737524, 0.3115840360840151, 0.35542204984669246, 0.0944193955204381, 0.0848149255882138, 0.2592082876063613, 0.44066968600550976, -1.1005797705236402, -1.3256401782146472]
other derivatives: [ 0.78453013  0.43983164 -0.29458533 -1.31749402  0.53369149 -0.01273293]
Current x array =  [-0.65433254 -0.89306113 -0.48058482  0.8464002  -1.47829378 -1.89288849
 -0.45077247 -0.27744012 -0.03632756 -1.35410533 -2.46186313 -3.12392807
 -0.24634251 -0.97235954 -1.31791869 -0.92489963 -2.61791419 -1.09148799
 -1.63315282 -1.08499879 -0.49381838 -0.62411922]
log likelihood =  -6400.78700203978
Edge derivatives =  [0.4238559471099401, -0.08826964007981974, -0.1714818245420111, 0.2626062536362456, -0.055069231168311944, -0.28867710999647633, 0.2658128838893165, -0.5069839380876981, 0.07728576153775121, 0.1839290495649517, 0.10845996353090562, 0.10894458491711095, 0.17303770969021792, 0.32852818628408037, -0.6765974830856711, -0.8564195840435532]
other derivatives: [-0.33469405 -0.22064341  0.0262844   0.5750735   0.23410394  0.11114025]
Current x array =  [-0.65377437 -0.89191254 -0.48113055  0.8389305  -1.47768931 -1.89810444
 -0.45301359 -0.27141025 -0.04068782 -1.34045407 -2.46273499 -3.1274438
 -0.24667002 -0.9748766  -1.31359955 -0.92367671 -2.6126839  -1.0914056
 -1.63141915 -1.08423389 -0.49817471 -0.62913241]
log likelihood =  -6400.777006813729
Edge derivatives =  [0.2589099061624507, -0.05746547835050192, -0.07748679852734525, 0.10162064954656999, -0.018022916201312605, -0.27124102386825866, 0.16884968261576083, -0.48516740381441786, 0.04176625043098989, -0.02652548734438742, 0.14086092086701502, 0.05423746686120401, 0.09230701952883646, 0.11754731049140543, -0.23829055282527, -0.37092054041465006]
other derivatives: [ 1.70821295 -0.22555469 -0.56306817  0.94096322 -0.21627784  0.16671038]
Current x array =  [-0.6548784  -0.89165062 -0.48086401  0.83780556 -1.47594916 -1.89994268
 -0.45210843 -0.27355184 -0.04360227 -1.32986059 -2.46649274 -3.13223638
 -0.24595474 -0.97735951 -1.31317802 -0.92109969 -2.61009652 -1.09032025
 -1.63021695 -1.08162094 -0.5021503  -0.63426618]
log likelihood =  -6400.779318997517
Edge derivatives =  [-0.2290510207267475, -0.04393972340378749, 0.3808075789919002, -0.13095210325205156, 0.005117034018205013, -0.24644072703157183, 0.2393197646077957, -0.32243285412784295, -0.1308844494734044, -0.43527038708774335, 0.16729460977025237, -0.007912683029787648, -0.08500995026888192, -0.21951005521887457, 0.30734301828682875, 0.2728840579093008]
other derivatives: [-4.31537046  0.30531737  2.42243914  0.20090738 -0.09667929  0.31914169]
Current x array =  [-0.651665   -0.89285505 -0.48268741  0.84018792 -1.4756766  -1.90190889
 -0.44345729 -0.27688486 -0.04972778 -1.31549373 -2.47166151 -3.13957388
 -0.24564915 -0.98311732 -1.30994956 -0.91623348 -2.60652655 -1.08834824
 -1.62707736 -1.07780996 -0.50720321 -0.64074898]
log likelihood =  -6400.771804108445
Edge derivatives =  [0.03768025806486913, -0.051129804778876686, 0.13150537010825925, -0.00335563756806688, -0.007438781770753383, -0.2599258201357667, 0.20085915587489916, -0.41107126893725565, -0.03658428322083393, -0.21194934763032403, 0.15290418233768366, 0.026127422829890556, 0.011796394262710175, -0.035365846417063085, 0.009817664346947974, -0.0780560539189542]
other derivatives: [-1.02018021  0.01564331  0.79717211  0.60417733 -0.16034392  0.23592293]
Current x array =  [-0.65341882 -0.89219769 -0.48169223  0.83888767 -1.47582535 -1.90083577
 -0.44817893 -0.27506576 -0.04638459 -1.3233349  -2.46884049 -3.1355692
 -0.24581593 -0.97997481 -1.3117116  -0.91888937 -2.60847497 -1.08942453
 -1.62879089 -1.07988993 -0.50444542 -0.63721078]
log likelihood =  -6400.769670354337
Edge derivatives =  [-0.0001232008608735291, 0.009482589706328481, 0.16202681501126914, -0.011112218443950501, 0.00712775996937276, -0.2537917260890673, 0.17415805856936417, -0.3678710846406823, -0.0020926688036654872, -0.23254179470705072, 0.16807308908030377, 0.009940114269225697, -0.00474010589385343, -0.08462585127737332, 0.14658942670127506, 0.06729075707264831]
other derivatives: [-0.02819434  0.02492015  0.26575435  0.14279067 -0.13633326  0.2397428 ]
Current x array =  [-0.6539555  -0.89221701 -0.4813028   0.84075897 -1.47559212 -1.89998137
 -0.4464464  -0.27696751 -0.0465056  -1.32280614 -2.46984466 -3.13686652
 -0.24528731 -0.98129861 -1.3122911  -0.91840948 -2.60855576 -1.08910302
 -1.62859845 -1.07910608 -0.50545413 -0.63861556]
log likelihood =  -6400.768621559557
Edge derivatives =  [-0.00697299566741949, 0.02368424504948574, 0.15188897442230154, -0.012207511524344634, 0.014665547423773212, -0.2501443807534959, 0.15553594447698382, -0.32613532205517815, 0.012533576699048199, -0.18864320468024964, 0.1704031702766085, 0.012069651425894112, -0.006721759864016352, -0.07714878712032891, 0.1833513757415377, 0.11507627778405649]
other derivatives: [ 0.16771082  0.01182343 -0.07057679 -0.15961632 -0.05038601  0.23783286]
Current x array =  [-0.65406949 -0.89224038 -0.48105567  0.84195054 -1.47578743 -1.89935094
 -0.44578526 -0.27724683 -0.0461303  -1.32252733 -2.47005888 -3.1377883
 -0.24474398 -0.98252907 -1.31240705 -0.91880152 -2.60815212 -1.08908438
 -1.6285475  -1.07910463 -0.50564884 -0.6390421 ]
log likelihood =  -6400.766603369186
Edge derivatives =  [-0.01605476146728163, 0.03222014566932807, 0.0866583256403014, -0.023102845977418372, 0.026845367199727077, -0.2439027592548208, 0.07434044382507188, -0.23365338836442018, 0.022725260404916736, -0.08473524768900986, 0.16569407317875692, 0.005213261143804271, -0.013603347713867509, -0.06372234347765804, 0.18538485187761689, 0.1719256176333731]
other derivatives: [ 0.34906407  0.093587   -0.35397534 -0.45356501  0.01855369  0.21118467]
Current x array =  [-0.6541691  -0.89237167 -0.48084625  0.84314382 -1.47607047 -1.89763765
 -0.44493385 -0.27733498 -0.0451884  -1.32182479 -2.47025033 -3.14018801
 -0.24324636 -0.98575044 -1.3123901  -0.91997254 -2.60673376 -1.08894681
 -1.62838975 -1.07922488 -0.50560874 -0.63968484]
log likelihood =  -6400.763558148512
Edge derivatives =  [-0.02567728917736045, 0.04510933895031621, -0.02731321908412737, -0.05308152384267253, 0.046921760004211555, -0.23226028536383048, -0.07204159600056181, -0.05169426972525393, 0.012731125921572661, 0.0523333100579747, 0.14163846002917369, -0.03137329447133741, -0.030269955769529622, -0.06800184895564143, 0.09158485061305033, 0.20005137095714964]
other derivatives: [ 0.56043064 -0.33469405 -0.02837623 -0.59135346  0.1537046   0.14078978]
Current x array =  [-0.65429227 -0.89179961 -0.48100912  0.84357475 -1.47661629 -1.89397109
 -0.4438664  -0.27742758 -0.04391592 -1.31982865 -2.47061789 -3.14584453
 -0.24050873 -0.99236782 -1.31208114 -0.92180259 -2.60317284 -1.08844292
 -1.62798461 -1.07937278 -0.50500017 -0.64027468]
log likelihood =  -6400.76989868447
Edge derivatives =  [-0.09977448256345745, -0.11743731703643351, -0.08054624388591541, -0.12733250098971133, 0.07451177730235897, -0.20950040056456812, -0.13239510426174184, 0.3082215210552894, -0.08587344821932594, 0.37847989764249745, 0.09518911757329218, -0.02635628186896044, -0.07242970328001253, 0.125291007952195, 0.033330097414187354, 0.10464267432931351]
other derivatives: [-0.80081008  2.42562237 -3.48882168  0.19408617 -0.00927685  0.02055458]
Current x array =  [-0.65352071 -0.89534109 -0.47914782  0.84136535 -1.47817979 -1.88928992
 -0.44285245 -0.27323692 -0.04333919 -1.31422118 -2.46977499 -3.15663334
 -0.23767449 -1.00400691 -1.3093862  -0.92523388 -2.59470837 -1.08876716
 -1.62723271 -1.08145916 -0.50443344 -0.64012044]
log likelihood =  -6400.762573055103
Edge derivatives =  [-0.045449211544617785, 0.0016234734199592205, -0.041498608957220295, -0.07292494816880252, 0.054338864915524726, -0.22609213279461204, -0.08804985955120803, 0.04572455967718496, -0.01361292943383327, 0.1399716625411117, 0.12928662475547475, -0.02996770926967285, -0.041552556819882014, -0.016051724625636643, 0.07607241787164898, 0.1745631484943606]
other derivatives: [ 0.19626896  0.40781742 -0.95387804 -0.38062353  0.11050361  0.10859367]
Current x array =  [-0.65408535 -0.89274936 -0.48050996  0.84298224 -1.47703559 -1.8927157
 -0.44359448 -0.27630374 -0.04376125 -1.31832485 -2.47039184 -3.14873786
 -0.23974865 -0.99548917 -1.31135841 -0.92272278 -2.60090286 -1.08852988
 -1.62778297 -1.0799323  -0.50484818 -0.64023332]
log likelihood =  -6400.761310584387
Edge derivatives =  [-0.04063684516946059, -0.005501186923385359, -0.09378789049627945, -0.0777152245759277, 0.05623829409664102, -0.22258458281405852, -0.1434394021171801, 0.12452686234468825, -0.03367120573342111, 0.16573693815211954, 0.11034912372708824, -0.05041803751794627, -0.045814292257760014, -0.023193756878669758, -0.01866677877493339, 0.12334712936862047]
other derivatives: [ 0.18480932  0.17398634 -0.16170816 -0.14888428  0.10695658  0.05702532]
Current x array =  [-0.65406368 -0.8923767  -0.48100935  0.84195714 -1.47709836 -1.890556
 -0.44342647 -0.27611643 -0.04338226 -1.31830804 -2.47010064 -3.15164785
 -0.23876019 -0.99849277 -1.3111489  -0.9233382  -2.59903677 -1.0883383
 -1.62767564 -1.08011634 -0.50435436 -0.64000714]
log likelihood =  -6400.760713587439
Edge derivatives =  [-0.034107564425347014, -0.01588557088854764, -0.099692809754854, -0.07671146645620422, 0.053039476446937184, -0.2209802503861822, -0.14372721150283785, 0.147713888262845, -0.04816409896464188, 0.13308019086222977, 0.09792909446341042, -0.06215639062255485, -0.04527035896688014, -0.030057724697440946, -0.07271687889539524, 0.05638188925705678]
other derivatives: [-0.1794433  -0.10395524 -0.03037712  0.10604708  0.02255547  0.02637535]
Current x array =  [-0.65388897 -0.89197489 -0.48115215  0.84092434 -1.47691392 -1.8895147
 -0.44366937 -0.27599128 -0.04357249 -1.31855866 -2.46977723 -3.15336112
 -0.23876016 -0.99940526 -1.3110997  -0.92316778 -2.59796914 -1.08834681
 -1.62773079 -1.08024847 -0.50416129 -0.63956315]
log likelihood =  -6400.760177688184
Edge derivatives =  [-0.02266172122233029, -0.02549914914470164, -0.05556061733326689, -0.0683095058006227, 0.05038015669543164, -0.21700429595552323, -0.0882969380626597, 0.17424657648379188, -0.05931392010561243, 0.08094836803425287, 0.08555084434918897, -0.051967067417148405, -0.037621211778030794, -0.01653484888150092, -0.09001899469357877, -0.023852656404496853]
other derivatives: [ 7.43966666e-02  1.22145138e-01  6.51471055e-01  2.95221980e-01
  5.45696821e-04 -2.09183781e-03]
Current x array =  [-0.65397848 -0.89219017 -0.48156776  0.8401085  -1.47675105 -1.888449
 -0.44379715 -0.27582579 -0.04412349 -1.31894545 -2.46930635 -3.1557388
 -0.2392733  -0.99998507 -1.31109452 -0.92262178 -2.59659407 -1.08859659
 -1.62790025 -1.08054112 -0.50424208 -0.63895089]
log likelihood =  -6400.759437828567
Edge derivatives =  [-0.013133478022650469, -0.026450649417931182, -0.008270046150391563, -0.06113036659551542, 0.04910566141647463, -0.21142503701185886, -0.03475703096159155, 0.1876137684373803, -0.05788393889182167, 0.0093571165180385, 0.0761506113539964, -0.045115998803997415, -0.029500859479353325, -0.012410984791692115, -0.07587256866342662, -0.08531938568487363]
other derivatives: [-0.08876668 -0.01273293  0.47948561  0.38462531 -0.07594281 -0.02746674]
Current x array =  [-0.65391024 -0.89198436 -0.48150744  0.83974877 -1.47643303 -1.88744842
 -0.44392709 -0.27600676 -0.04474591 -1.31924117 -2.4689705  -3.15845372
 -0.23990421 -1.0001722  -1.31134836 -0.92180987 -2.59520372 -1.08889428
 -1.62814975 -1.0807168  -0.5045822  -0.63853519]
log likelihood =  -6400.757626980298
Edge derivatives =  [0.03602134072857732, -0.010767040725422616, 0.11791702052210384, -0.03298239452775897, 0.05250221630582666, -0.1905422824498891, 0.1025174526792838, 0.22263639366299412, -0.022920982811831803, -0.13286990241967356, 0.05316749112681686, 0.0019427124950829322, 0.005644935704633203, 0.026442301008987812, 0.005762265043135595, -0.19618972853423278]
other derivatives: [-0.12751116 -0.05329639  0.18299033  0.2838533  -0.12632881 -0.09276846]
Current x array =  [-0.65390147 -0.89188548 -0.48135573  0.84006795 -1.47588408 -1.88446552
 -0.4441856  -0.27664707 -0.04596567 -1.32020554 -2.46791755 -3.16730918
 -0.24137915 -1.00048057 -1.31242516 -0.9199865  -2.59081391 -1.08995929
 -1.62902527 -1.08135116 -0.50569716 -0.6378467 ]
log likelihood =  -6400.7554944710755
Edge derivatives =  [0.059732402982592026, 0.0017232595724129829, 0.15909325840867972, -0.022082238625700863, 0.0606120977395479, -0.1625778234225834, 0.120467669689867, 0.19387854081478556, 0.023549805161876436, -0.19938286996461363, 0.02921359237493848, 0.057030034956787545, 0.037392138632649674, 0.05060277475483732, 0.06777864600823846, -0.17321888595500012]
other derivatives: [-0.29322109 -0.06111804  0.00572982  0.15734258 -0.14897523 -0.15261321]
Current x array =  [-0.6538244  -0.8918721  -0.48125241  0.84051923 -1.47563695 -1.88154154
 -0.44389457 -0.27729765 -0.04621714 -1.32118936 -2.4663226  -3.1793709
 -0.24191183 -0.99973911 -1.31355636 -0.91904236 -2.58505032 -1.09094045
 -1.62982383 -1.08172332 -0.50656562 -0.6385062 ]
log likelihood =  -6400.761867718881
Edge derivatives =  [0.11310965641797172, 0.012773906086158748, 0.1279226847444903, -0.0030825351220852976, 0.0956741170127273, -0.09220082749805161, 0.09989534573698688, 0.0720991284693682, 0.10764610527785101, -0.16903266229123926, -0.038452647691694986, 0.11735909779262543, 0.08808569867829141, 0.11283722596840995, 0.09735942271155018, -0.08460886268525103]
other derivatives: [ 5.24332791 -0.51886673 -2.47309799  0.57370926 -0.13933459 -0.28576324]
Current x array =  [-0.65681986 -0.89088672 -0.47966125  0.8392087  -1.47589776 -1.87598277
 -0.44332257 -0.27787991 -0.04548228 -1.32346709 -2.46095857 -3.21294712
 -0.24254369 -0.99671288 -1.31519085 -0.91886176 -2.56900551 -1.09218969
 -1.63113535 -1.08214951 -0.50707426 -0.64040078]
log likelihood =  -6400.754608931812
Edge derivatives =  [0.07361791414373708, 0.004626838751734141, 0.15115335278679076, -0.0171205960722354, 0.06983183735522122, -0.14381847946960277, 0.11522388009736018, 0.16245590376066055, 0.04539990652912437, -0.1913987777480477, 0.01205576155485906, 0.07280525641495122, 0.050525309147219644, 0.0667307037439745, 0.07556985161990448, -0.15014765667696162]
other derivatives: [ 1.14323484 -0.1794433  -0.63319021  0.26475391 -0.1459739  -0.18690116]
Current x array =  [-0.6545989  -0.89161732 -0.480841    0.84018038 -1.47570438 -1.88010427
 -0.44374667 -0.2774482  -0.04602713 -1.32177828 -2.46493568 -3.1880523
 -0.24207521 -0.99895666 -1.31397897 -0.91899567 -2.5809018  -1.09126345
 -1.63016293 -1.08183351 -0.50669713 -0.63899606]
log likelihood =  -6400.752017646891
Edge derivatives =  [0.07670530939425035, 0.016237853002537994, 0.11848458377883359, -0.018697942704261068, 0.08253939747972436, -0.10179611361619864, 0.032889014032561836, 0.03873328314885431, 0.11756394406001416, -0.17728614179687174, -0.01966687705916896, 0.1549043208554468, 0.08816096537248219, 0.08323101246818543, 0.13776280154956033, 0.029972341341491293]
other derivatives: [ 0.32659955 -0.01755325 -0.50376912 -0.01300577 -0.07885319 -0.23746907]
Current x array =  [-0.65416517 -0.89192854 -0.48087984  0.84119519 -1.47589277 -1.87712778
 -0.44280185 -0.27818094 -0.04522337 -1.32321252 -2.46210529 -3.2069084
 -0.24200896 -0.99608495 -1.31540126 -0.91889441 -2.57220186 -1.09236755
 -1.63107344 -1.0819914  -0.50750796 -0.64127482]
log likelihood =  -6400.7506990344755
Edge derivatives =  [0.053923872412708906, 0.006783470194823449, 0.060752237023915245, -0.026444999414956337, 0.08539061278363658, -0.08343511753732996, -0.003751072473042627, -0.03682842879142251, 0.12255363539084393, -0.08997156377982962, -0.038639005273972724, 0.15744873901645234, 0.0870086733883193, 0.0731805802451232, 0.10480823488872348, 0.115284134882501]
other derivatives: [ 0.08403731  0.05347829 -0.26720954 -0.05502443  0.02964953 -0.22500899]
Current x array =  [-0.6540306  -0.89209164 -0.48097641  0.84131767 -1.47642076 -1.87733271
 -0.4421333  -0.27799843 -0.0443284  -1.32374779 -2.46021488 -3.21610726
 -0.2419155  -0.99412248 -1.31526217 -0.91984651 -2.56813573 -1.09215986
 -1.63101894 -1.081753   -0.50719372 -0.64224636]
log likelihood =  -6400.749104950235
Edge derivatives =  [-0.009406318874428277, -0.02548396443034684, -0.046063900475163344, -0.04215829595250872, 0.07819305937385071, -0.06371541835242636, -0.022547698691861906, -0.1279297641638632, 0.07730539858957874, 0.05341806361501067, -0.07235649723629758, 0.09119851575734711, 0.05577494730893007, 0.027564882051163586, -0.006916948469900652, 0.129388205947902]
other derivatives: [-0.09076757  0.09604264  0.02310117 -0.02119123  0.03174137 -0.17262209]
Current x array =  [-0.65395121 -0.89222649 -0.48110976  0.84123356 -1.47684826 -1.87966057
 -0.44116861 -0.27733005 -0.04301772 -1.32441377 -2.45703302 -3.22820188
 -0.2420317  -0.9915838  -1.31400548 -0.92159863 -2.56322931 -1.09084971
 -1.63030332 -1.0810686  -0.506178   -0.64255573]
log likelihood =  -6400.748182466454
Edge derivatives =  [-0.017992752204318396, -0.017161714708363585, -0.019980520530467394, -0.020610915172497107, 0.06484704326966875, -0.051962754528292736, 0.045952222019668754, -0.11830007084588275, 0.020860437382309138, 0.08997829271686208, -0.0919569297539837, 0.016528351191258728, 0.024664791425388244, -0.008190498829787507, -0.029619256827043472, 0.06169443880882253]
other derivatives: [-0.0169166  -0.19354047  0.34724508 -0.07585186  0.22573658 -0.09695214]
Current x array =  [-0.65400314 -0.89192392 -0.4812434   0.84127205 -1.47740434 -1.88268309
 -0.4409367  -0.27711625 -0.04288359 -1.32520706 -2.45434043 -3.23615041
 -0.24235801 -0.99106971 -1.31263562 -0.92203642 -2.56090766 -1.08946572
 -1.62945522 -1.08055744 -0.5058507  -0.64177618]
log likelihood =  -6400.74826462854
Edge derivatives =  [-0.05901510970002688, -0.03800096746243237, -0.034905983438400845, -0.003672770101473072, 0.03898401276918392, -0.03994542461907087, 0.0596776555568328, -0.08807877513811257, -0.07485538357212015, 0.1410750585139776, -0.11706706252278502, -0.1120519480848694, -0.03789945199744049, -0.03836570767509628, -0.08118214945425217, -0.09839487585619677]
other derivatives: [-0.46020432  0.58007572 -0.94541974  0.20963853 -0.05175025 -0.01773515]
Current x array =  [-0.65380481 -0.89296858 -0.4805506   0.8405509  -1.47728006 -1.88710544
 -0.44077763 -0.27662886 -0.04261784 -1.32643458 -2.4503374  -3.24658486
 -0.24228586 -0.99145474 -1.3104971  -0.92255672 -2.55835602 -1.08747082
 -1.62811995 -1.08001205 -0.50524733 -0.64033761]
log likelihood =  -6400.7477754627325
Edge derivatives =  [-0.03755009595896219, -0.027087990857258548, -0.02707576415132973, -0.012516662760608449, 0.05256265913655331, -0.04617691425837979, 0.05253253437141814, -0.10387133544693991, -0.02474868250876297, 0.11439744520932837, -0.10391793698240297, -0.044741706390295954, -0.005163305552005504, -0.02256605474288853, -0.054182358550928233, -0.014629335789479891]
other derivatives: [-0.22846507  0.17544153 -0.26884663  0.06039045  0.09331416 -0.05911716]
Current x array =  [-0.65390852 -0.89242227 -0.4809129   0.84092803 -1.47734505 -1.88479277
 -0.44086082 -0.27688374 -0.04275681 -1.32579265 -2.45243079 -3.24112816
 -0.24232359 -0.99125339 -1.31161544 -0.92228463 -2.5596904  -1.08851406
 -1.62881823 -1.08029726 -0.50556286 -0.64108991]
log likelihood =  -6400.747443004509
Edge derivatives =  [-0.028034217749417778, -0.013475951935611685, 0.014288279041980045, 0.004065268469111198, 0.04317201547849164, -0.04490612940639842, 0.08313357941807764, -0.06528443501156202, -0.05034240335108414, 0.0631326372609452, -0.10580937365057415, -0.07112699440697245, -0.015754300756033013, -0.033349372465549365, -0.03041970175123887, -0.07525671544730228]
other derivatives: [-0.0422915   0.02301022 -0.05302354  0.02564775  0.09222276 -0.03028617]
Current x array =  [-0.6540126  -0.89221213 -0.48103542  0.84099021 -1.47714134 -1.88604533
 -0.44108702 -0.27705218 -0.04315505 -1.32616518 -2.45154738 -3.24279259
 -0.2423808  -0.99204267 -1.31118934 -0.92171746 -2.55986203 -1.08810923
 -1.62850622 -1.08023541 -0.50579289 -0.6404367 ]
log likelihood =  -6400.747195331552
Edge derivatives =  [-0.0199719936611904, 0.00027634741144677566, 0.03661591508598344, 0.016141408841479424, 0.03514412080435586, -0.0438374131339309, 0.07043855673879329, -0.03328831103242674, -0.060897731602078814, 0.0028627401558021237, -0.10092884517826213, -0.07475476739850839, -0.019888318434158503, -0.03415433244124111, 0.007878356265561881, -0.09284113617731937]
other derivatives: [ 0.025193   -0.09067662 -0.06411938 -0.02683009  0.01891749 -0.00754881]
Current x array =  [-0.65406333 -0.89204882 -0.48104239  0.84119033 -1.47674044 -1.88701265
 -0.44135272 -0.27732546 -0.04343723 -1.32647572 -2.45081966 -3.24397335
 -0.24210114 -0.99297223 -1.31110981 -0.92102161 -2.56048419 -1.08807082
 -1.62834565 -1.08031187 -0.50615036 -0.64022325]
log likelihood =  -6400.747297516129
Edge derivatives =  [-0.004959644455275414, 0.01735076891451698, 0.050151439536089026, 0.031158304042606978, 0.024691528798151702, -0.03572340006255023, 0.03579704277074747, 0.004361197655402355, -0.05815869784013558, -0.06420696958447958, -0.09436755611175351, -0.038749459421008825, -0.014038476319841342, -0.01064059294903863, 0.049299774267002494, -0.07664880562281207]
other derivatives: [ 0.63118932  0.48830771  0.77852746 -0.01537046 -0.07403287  0.02182787]
Current x array =  [-0.65431937 -0.89271967 -0.48152353  0.84113832 -1.47619678 -1.88819583
 -0.44171293 -0.27763419 -0.04357091 -1.3270759  -2.44895423 -3.24895155
 -0.24156832 -0.99421017 -1.31134781 -0.92013809 -2.56060058 -1.08844989
 -1.62827682 -1.08065714 -0.50652694 -0.64036609]
log likelihood =  -6400.747082185097
Edge derivatives =  [-0.013661029589834617, 0.007452461953096623, 0.04230624626187285, 0.02245227023832949, 0.030763561973741693, -0.04041466046420761, 0.055900619041869715, -0.017460377702061117, -0.05974198318705054, -0.02529994411758918, -0.09817014335943472, -0.05961866673626004, -0.01742847446295026, -0.024269486180982014, 0.025290200146787067, -0.08603267359633027]
other derivatives: [ 0.27994247  0.15288606  0.29031071 -0.02191882 -0.02000888  0.00491127]
Current x array =  [-0.65417091 -0.89233068 -0.48124454  0.84116848 -1.47651202 -1.88750977
 -0.44150407 -0.27745518 -0.0434934  -1.32672789 -2.45003589 -3.24606496
 -0.24187727 -0.99349235 -1.31120981 -0.9206504  -2.56053309 -1.08823009
 -1.62831673 -1.08045694 -0.50630858 -0.64028326]
log likelihood =  -6400.746902960485
Edge derivatives =  [-0.007043868169257783, 0.017877434082171295, 0.042422021443920044, 0.029188134792358482, 0.0265636975941915, -0.03647291823764133, 0.019954660752207753, -0.0044771679934046404, -0.05170192602280696, -0.06346598755059107, -0.09178103606182368, -0.03936916584042083, -0.013156496705100995, -0.014717461126699138, 0.05635163099182017, -0.05402811813694941]
other derivatives: [ 0.15352271  0.05893526  0.11359589 -0.05011316 -0.07185008  0.01964509]
Current x array =  [-0.65412227 -0.89220878 -0.48115813  0.84129138 -1.47626682 -1.88798875
 -0.44168956 -0.2776926  -0.04351474 -1.32699178 -2.44924214 -3.24821601
 -0.24146744 -0.99406373 -1.31146081 -0.92017214 -2.56075396 -1.08851852
 -1.62833589 -1.08063149 -0.50657857 -0.64057979]
log likelihood =  -6400.746737276879
Edge derivatives =  [-0.0011277209257884446, 0.024783975804266722, 0.026479549493390542, 0.03306793437694402, 0.023998651166904972, -0.030507079080245206, -0.01856038361601353, 0.0018889954084707478, -0.03475169135670442, -0.07358777726996701, -0.08471587315437067, -0.007554617570820432, -0.005294707764302187, 0.0005244023906059159, 0.06467200353718372, 0.0001884545340495869]
other derivatives: [ 0.00491127  0.0084583  -0.00509317 -0.02946763 -0.07394192  0.03565219]
Current x array =  [-0.65405337 -0.89214819 -0.48109882  0.84120754 -1.47623857 -1.88839824
 -0.4418412  -0.27779726 -0.04331962 -1.32718774 -2.44820819 -3.25121461
 -0.24102371 -0.99446685 -1.31183309 -0.92000328 -2.56087842 -1.08891264
 -1.62839256 -1.08084466 -0.50660367 -0.64107539]
log likelihood =  -6400.746591470535
Edge derivatives =  [0.005109499960988251, 0.027479939430459566, 0.004357779468465772, 0.03479163387776963, 0.022452821679490725, -0.024842749079538533, -0.04235126016759205, 0.009838594309337478, -0.013548120053894802, -0.05490346277182545, -0.07635491834690128, 0.023986265405467, 0.002651644508833706, 0.016383040187932685, 0.04674039215369152, 0.050372194364859624]
other derivatives: [-0.06702976 -0.01018634 -0.06075425  0.00836735 -0.02737579  0.0509317 ]
Current x array =  [-0.65401684 -0.89213098 -0.48106467  0.84104043 -1.47639749 -1.88877466
 -0.4419868  -0.27772383 -0.0430156  -1.32720738 -2.44714226 -3.25390962
 -0.24067136 -0.99481656 -1.31222903 -0.92016782 -2.56140446 -1.08925879
 -1.62842591 -1.08103007 -0.50634126 -0.64148735]
log likelihood =  -6400.746413598266
Edge derivatives =  [0.00882940689884204, 0.02166524331435571, -0.019656098172047554, 0.032199780677519295, 0.018505491002154456, -0.019959036430456538, -0.045294866930243094, 0.024481988508028157, 0.009911187469242022, -0.02238036265974419, -0.06628702838705129, 0.04420129679062884, 0.00814259289542707, 0.023154631456808628, 0.0016997282202062536, 0.061495194525380326]
other derivatives: [-0.22228051 -0.01473381 -0.00309228  0.01846274 -0.00609361  0.05829861]
Current x array =  [-0.65393568 -0.89213159 -0.48110097  0.84098631 -1.47648164 -1.88894945
 -0.44216566 -0.27745666 -0.04274026 -1.32696345 -2.44589996 -3.25636469
 -0.24050934 -0.99529738 -1.31269258 -0.92054898 -2.56284344 -1.08945123
 -1.62841388 -1.08113148 -0.50584765 -0.64150207]
log likelihood =  -6400.746662104235
Edge derivatives =  [0.017829345579251366, 0.00444989537994267, -0.0802789469512944, 0.022661512602121736, 0.014716707663436163, -0.007689196860897543, -0.05112472776164889, 0.04558401191600976, 0.07547250302451733, 0.07875846047791046, -0.03708666282531202, 0.08266928761710474, 0.02026840216440451, 0.04290930857853381, -0.08459329397705007, 0.09389063224759064]
other derivatives: [ 1.0034455  -0.06566552 -0.55661076  0.03801688  0.02828529  0.05893526]
Current x array =  [-0.65459722 -0.89198579 -0.48073563  0.84101528 -1.4766747  -1.88885395
 -0.44247444 -0.27672294 -0.04203493 -1.32613924 -2.44292327 -3.26238663
 -0.24020189 -0.99605185 -1.31389381 -0.9216371  -2.56657863 -1.08982556
 -1.62842349 -1.08127047 -0.50470935 -0.64157612]
log likelihood =  -6400.746317258814
Edge derivatives =  [0.011946548962168568, 0.01571838743086512, -0.04060707817575304, 0.02890413994243002, 0.01721021886415966, -0.015695430907616527, -0.0473068355512688, 0.031781959950267696, 0.032590691431147095, 0.012601794903396302, -0.05616651390395283, 0.05751427056768804, 0.012334863701207954, 0.02998565011967924, -0.028113288891638333, 0.07269075342317832]
other derivatives: [ 0.20154403 -0.03255991 -0.19444997  0.025193    0.00582077  0.05838956]
Current x array =  [-0.65416438 -0.89208118 -0.48097467  0.84099632 -1.47654838 -1.88891644
 -0.44227241 -0.27720301 -0.04249643 -1.32667852 -2.4448709  -3.2584465
 -0.24040305 -0.9955582  -1.31310785 -0.92092515 -2.56413471 -1.08958064
 -1.6284172  -1.08117953 -0.50545413 -0.64152767]
log likelihood =  -6400.746169878836
Edge derivatives =  [0.011618160187240822, 0.002688437554189793, -0.05121947295366802, 0.022898901579763424, 0.01166607031642708, -0.013412372888800567, -0.019758492169971054, 0.04731022740080687, 0.04652691102188672, 0.047417347837631074, -0.048218670805777866, 0.052293294897044484, 0.01154713526430351, 0.021403357245296406, -0.08024570280137422, 0.03154163510135344]
other derivatives: [ 0.01437002 -0.02673914 -0.00236469  0.00136424  0.00927685  0.05384209]
Current x array =  [-0.65406373 -0.89209563 -0.48109045  0.84107037 -1.47657151 -1.8887987
 -0.44240131 -0.276807   -0.04240418 -1.32621277 -2.44386652 -3.25979837
 -0.2405691  -0.99592616 -1.31339758 -0.92139606 -2.56604905 -1.08944317
 -1.62833126 -1.08111144 -0.50493836 -0.64103972]
log likelihood =  -6400.746076305331
Edge derivatives =  [0.012396712254717668, -0.005343407002088574, -0.0400327296574588, 0.018933549974650063, 0.008039375230053158, -0.013244792487265844, 0.005019304258128354, 0.05508013619894864, 0.050286876038408646, 0.05372889351898891, -0.04190843814589337, 0.03898743510300645, 0.0089738371616912, 0.011730664913791378, -0.08642048268039804, -0.0076936279955949205]
other derivatives: [-0.01682565 -0.01073204  0.05848051 -0.02391971  0.00491127  0.04256435]
Current x array =  [-0.65404565 -0.89211262 -0.48112878  0.84116522 -1.47655108 -1.88844316
 -0.44246649 -0.27659524 -0.04254774 -1.32582678 -2.44345388 -3.25996374
 -0.2407845  -0.99606613 -1.31349655 -0.9215106  -2.56748625 -1.08924638
 -1.62828117 -1.08101425 -0.50485897 -0.64060445]
log likelihood =  -6400.74589917823
Edge derivatives =  [0.009444011838475763, -0.019736361363044352, -0.016437999621860155, 0.00819671616602241, -0.0008056008047863661, -0.011262360427730704, 0.016424325130628414, 0.050259263571281534, 0.04684215584368723, 0.04151710919978202, -0.024076095616405058, 0.011799986186899591, 0.002035716536251009, -0.005234021928898658, -0.04926700328989431, -0.04350636554240628]
other derivatives: [-0.05275069  0.02546585  0.0433829   0.00600267 -0.00873115  0.01928129]
Current x array =  [-0.65402506 -0.8921442  -0.48113634  0.84106344 -1.47655987 -1.88766573
 -0.44252448 -0.27627847 -0.04287834 -1.32505277 -2.44234988 -3.26131815
 -0.24095745 -0.99601926 -1.31348334 -0.92144167 -2.57035664 -1.08881643
 -1.62816712 -1.0808524  -0.50512343 -0.64015236]
log likelihood =  -6400.746659316634
Edge derivatives =  [0.024518726092876142, -0.008801340968541738, 0.03214254135482275, -0.0036425146915758447, -0.0107987284920735, -0.005869952031535508, 0.0033757936811313893, 0.005872762235149487, 0.030281908381848438, -0.01461524159416605, 0.008306753804797312, 0.004233052916416624, 0.005942196434170488, -0.02256981637609501, 0.0412790102740207, 0.03784844183444003]
other derivatives: [ 0.3601599  -0.74978743  1.12058842 -0.27848728  0.26611815 -0.00927685]
Current x array =  [-0.65423855 -0.891155   -0.48169392  0.84182493 -1.47693502 -1.88595422
 -0.44243806 -0.27630426 -0.04326751 -1.32387667 -2.44092427 -3.26391556
 -0.24091098 -0.99504373 -1.31319423 -0.9209837  -2.57444304 -1.088463
 -1.62819267 -1.08080949 -0.50581264 -0.64063818]
log likelihood =  -6400.745873163745
Edge derivatives =  [0.011768474758860503, -0.018050303130132173, -0.008948219952833236, 0.006377693022918934, -0.002340955819955526, -0.010429873326619238, 0.014421983590902299, 0.043430952412454996, 0.04429682791062042, 0.0328803868981008, -0.019074519258435077, 0.01064086950989096, 0.002639534598097182, -0.007898798821953656, -0.035314621754878095, -0.030970847021638437]
other derivatives: [ 0.01073204 -0.09385985  0.20936568 -0.03783498  0.03346941  0.01491571]
Current x array =  [-0.65405793 -0.89199191 -0.48122219  0.84118068 -1.47661763 -1.88740224
 -0.44251117 -0.27628244 -0.04293826 -1.32487171 -2.44213041 -3.26171803
 -0.2409503  -0.99586907 -1.31343883 -0.92137116 -2.57098576 -1.08876202
 -1.62817105 -1.08084579 -0.50522953 -0.64022715]
log likelihood =  -6400.745798924455
Edge derivatives =  [0.008221196618824811, -0.023714516674748942, 0.008456420447810531, -0.0010383695082660446, -0.007659323028911896, -0.008716857609714766, 0.0019618739867762747, 0.027373673741015306, 0.033806988696078205, 0.01039875924645084, -0.006690321044881847, -0.005489311578706246, -0.002577373493962032, -0.013820329428012146, 0.014400144735770892, -0.026081072759672752]
other derivatives: [ 0.01173248 -0.02810339  0.0687578  -0.00081855  0.01609806 -0.00127329]
Current x array =  [-0.65405823 -0.89206773 -0.48115208  0.84107258 -1.47663267 -1.88685092
 -0.44247967 -0.27621929 -0.04317078 -1.32444176 -2.44148212 -3.26284041
 -0.24094873 -0.99557496 -1.3132526  -0.92112964 -2.57251188 -1.08850346
 -1.62811702 -1.08078634 -0.50562018 -0.64022886]
log likelihood =  -6400.745777076995
Edge derivatives =  [0.005599361736555286, -0.022206646703632482, 0.006791195738532374, -0.004466195810467109, -0.00823217671895854, -0.008054815143742837, -0.00901732521218479, 0.013214810260045062, 0.024898343909241838, 0.003984341110055745, -0.0037245928558848063, -0.006236488900163817, -0.0035828531657775553, -0.010212492344747082, 0.02189453960159593, -0.004258204424193224]
other derivatives: [-0.02373781 -0.02846718 -0.03192326 -0.00454747  0.01100489 -0.00627551]
Current x array =  [-0.6540435  -0.8920747  -0.48109342  0.84110733 -1.47665677 -1.88665842
 -0.44240205 -0.27631371 -0.04315811 -1.32435039 -2.441408   -3.26321841
 -0.24092941 -0.99525265 -1.31305483 -0.92105595 -2.57271716 -1.08848039
 -1.62813406 -1.08082597 -0.50566531 -0.64044247]
log likelihood =  -6400.745766693953
Edge derivatives =  [0.0034553954835896405, -0.017979594500142748, 0.0012030610441551293, -0.006962540143058971, -0.008686102411832347, -0.007028160458989165, -0.02267580648707368, 0.0004842265888371916, 0.015128824695133353, -0.004941808743745724, -0.001848495162407926, -0.001193231845320386, -0.003247974001380882, -0.003094396667828292, 0.023901637864289116, 0.021236355377185268]
other derivatives: [ 0.03174137  0.04429239  0.01055014  0.00272848 -0.00181899 -0.00800355]
Current x array =  [-0.65406661 -0.89216621 -0.48111477  0.84109756 -1.47663437 -1.88659366
 -0.44233067 -0.27647938 -0.04310804 -1.32435405 -2.44131134 -3.26383797
 -0.240879   -0.99498088 -1.31284941 -0.92094566 -2.57272442 -1.08852589
 -1.628165   -1.08090959 -0.50567266 -0.64070252]
      fun: 6400.745766693953
 hess_inv: <22x22 LbfgsInvHessProduct with dtype=float64>
      jac: array([-0.03174137, -0.04429239, -0.01055014, -0.00272848,  0.00181899,
        0.00800355, -0.0034554 ,  0.01797959, -0.00120306,  0.00696254,
        0.0086861 ,  0.00702816,  0.02267581, -0.00048423, -0.01512882,
        0.00494181,  0.0018485 ,  0.00119323,  0.00324797,  0.0030944 ,
       -0.02390164, -0.02123636])
  message: b'CONVERGENCE: REL_REDUCTION_OF_F_<=_FACTR*EPSMCH'
     nfev: 83
      nit: 74
   status: 0
  success: True
        x: array([-0.65406661, -0.89216621, -0.48111477,  0.84109756, -1.47663437,
       -1.88659366, -0.44233067, -0.27647938, -0.04310804, -1.32435405,
       -2.44131134, -3.26383797, -0.240879  , -0.99498088, -1.31284941,
       -0.92094566, -2.57272442, -1.08852589, -1.628165  , -1.08090959,
       -0.50567266, -0.64070252])
