number of sites to be analyzed:  227
log likelihood =  3104.2728914561785
Lr derivatives =  [-133.1327015188753, -255.99017489739015, -174.1468072491619]
other derivatives =  [  5.59384716 -33.83165676  34.99535524 -10.42772055 218.21369955
   9.26711436]
Current x_clock array =  [-0.67021106 -0.7583748  -0.59200481  0.74193734 -0.10536052 -0.51082562
 -0.51082562 -0.51082562 -0.51082562]
log likelihood =  2921.8923899270885
Lr derivatives =  [45.540971206232854, -148.7175088493941, -123.33249170157019]
other derivatives =  [-15.85417522 -20.42038432 -68.65175237  -2.77823347 163.51941667
  21.07931323]
Current x_clock array =  [-0.69185542 -0.75563388 -0.72741286  0.78228548 -0.94969801 -0.54668301
  0.00430671 -0.50884908 -0.50884908]
log likelihood =  2740.868128685328
Lr derivatives =  [39.543236691181136, -80.96422052227811, -81.19878721944144]
other derivatives =  [65.29458005 25.96907507 67.83016033  9.28130248 56.26670827 26.22809916]
Current x_clock array =  [-0.63869522 -0.72453202 -0.52555792  0.82161113 -2.22380079 -0.6613068
  0.15955661 -0.31959899 -0.28450785]
log likelihood =  2753.5742304504115
Lr derivatives =  [-57.654095373974954, -95.85697697358802, 76.75548658880871]
other derivatives =  [-266.30809771  -68.54356798 -148.31448425   30.80258466  -51.84133443
   19.21371222]
Current x_clock array =  [-9.85354301e-01 -8.85581685e-01 -7.93250033e-01  7.89100480e-01
 -3.26606638e+00 -8.79935838e-01 -2.73708701e-03  0.00000000e+00
  0.00000000e+00]
log likelihood =  2706.5981622306954
Lr derivatives =  [-13.04764752981762, -87.66696608915147, -79.11288054965789]
other derivatives =  [-1.25680799e+02 -2.39105248e+01 -5.69451913e+01  1.98936505e+01
 -5.82076609e-02  2.30826117e+01]
Current x_clock array =  [-0.79990682 -0.79942715 -0.65004644  0.80649226 -2.70849978 -0.76297885
  0.08408296 -0.17097151 -0.15219928]
log likelihood =  2676.829072443891
Lr derivatives =  [-20.308196384829916, -74.69191843269736, 47.50004336528946]
other derivatives =  [-36.21671567 -21.43297024 -13.59640009  16.81737558 -21.79040166
  20.38018465]
Current x_clock array =  [-0.71218388 -0.80271082 -0.59524041  0.7732752  -3.00467751 -0.85375533
  0.01139429  0.          0.        ]
log likelihood =  2675.9885286544013
Lr derivatives =  [-1.2523642687248895, -66.14509100326798, -54.60623926612677]
other derivatives =  [28.80178727 -0.47089088  5.52845449 11.04981493 -7.56222107 19.66236596]
Current x_clock array =  [-0.66235246 -0.77150699 -0.57793408  0.75169124 -2.87912863 -0.86636523
  0.02624432  0.         -0.06628686]
log likelihood =  2673.6698652658315
Lr derivatives =  [0.2621965961321493, -64.2455814816785, -42.062928440350476]
other derivatives =  [ 7.56172085 -1.59361662  1.43268153 10.77505658 -4.25743565 19.71839083]
Current x_clock array =  [-0.67918933 -0.77113621 -0.58217714  0.74077292 -2.83580661 -0.87997182
  0.00771077  0.         -0.03838158]
log likelihood =  2671.1300368047578
Lr derivatives =  [3.1344223942983476, -61.438179234096445, 29.151851776987314]
other derivatives =  [-0.9530595   1.25860424 -1.84791134  8.92332537  0.69258022 18.69311745]
Current x_clock array =  [-0.68758881 -0.76412282 -0.58634613  0.70410723 -2.76316739 -0.93607768
 -0.02495193  0.          0.        ]
log likelihood =  2669.869117927542
Lr derivatives =  [6.415690580845023, -59.55923444813294, 0.7880212660009001]
other derivatives =  [-4.22051016  5.00153874 -4.38421921  6.15946192  5.34028004 17.31514203]
Current x_clock array =  [-6.90886901e-01 -7.56793173e-01 -5.90545779e-01  6.66197803e-01
 -2.70109275e+00 -9.96665473e-01 -4.69631929e-02  0.00000000e+00
 -2.16975549e-03]
log likelihood =  2667.503385307706
Lr derivatives =  [6.573211314638392, -58.79873590659715, 26.112729756277986]
other derivatives =  [-17.69399205  16.18459464  -7.8406174   -6.76232048  18.44550752
  11.45981514]
Current x_clock array =  [-0.7031502  -0.73098134 -0.60218145  0.47791932 -2.4911603  -1.31895918
 -0.1560239   0.          0.        ]
log likelihood =  2664.832825290033
Lr derivatives =  [-15.047302036173502, -70.87488159366686, -24.73436211395445]
other derivatives =  [-2.55366558e+01 -1.77381480e+01 -7.32688932e+00 -6.66168489e+00
 -1.54614099e-03  8.72532837e+00]
Current x_clock array =  [-0.70488292 -0.78728045 -0.60205686  0.44107207 -2.65382177 -1.49071005
 -0.16465502  0.         -0.01026145]
log likelihood =  2663.627725421132
Lr derivatives =  [-12.130050982165024, -68.62367641073237, 40.376835386268795]
other derivatives =  [ -3.52274583 -10.00553311  -3.07686605  -6.25268513  -3.45789886
   7.94757398]
Current x_clock array =  [-0.68889433 -0.77732686 -0.59563281  0.44223183 -2.71153446 -1.5392213
 -0.13923543  0.          0.        ]
log likelihood =  2663.213908761477
Lr derivatives =  [-7.147314414086665, -65.3551647859262, -22.057250623894987]
other derivatives =  [24.68386811  6.10257302  4.49981599 -9.53741619 -3.57572389  6.23085725]
Current x_clock array =  [-0.66948349 -0.75389802 -0.58772645  0.39842882 -2.73516307 -1.67740293
 -0.12501606  0.         -0.00908988]
log likelihood =  2662.807231440527
Lr derivatives =  [-7.966744650505987, -65.5042971286779, -15.756312858192327]
other derivatives =  [14.87951522  3.89713932  1.26283339 -9.7082193  -4.28581188  5.83413566]
Current x_clock array =  [-0.67708446 -0.75707299 -0.59106472  0.38894192 -2.7423666  -1.72291178
 -0.12391712  0.         -0.0055245 ]
log likelihood =  2662.020391916146
Lr derivatives =  [-5.013040404600872, -62.98311385401232, 33.998003345914185]
other derivatives =  [ -0.79699021   2.42157512  -2.36386768 -10.00703378  -4.58730938
   4.68307917]
Current x_clock array =  [-0.6911645  -0.76097883 -0.59324528  0.37435041 -2.76443249 -1.85962975
 -0.10089156  0.          0.        ]
log likelihood =  2661.6226400017267
Lr derivatives =  [0.0036561011241005303, -59.36341992045653, -13.495989812014393]
other derivatives =  [-14.23936737   0.77725417  -3.3903234  -10.45827958  -3.77785909
   3.58604666]
Current x_clock array =  [-0.70393169 -0.7661104  -0.59227965  0.36430663 -2.78615381 -2.01187918
 -0.06894728  0.         -0.00340992]
log likelihood =  2661.426155082754
Lr derivatives =  [4.435402097671641, -56.35473197090101, -10.173698709856726]
other derivatives =  [-13.86260919   2.6732323   -2.52171048 -10.38961273  -2.78478183
   3.06281436]
Current x_clock array =  [-7.05313223e-01 -7.65317836e-01 -5.89851089e-01  3.66011143e-01
 -2.79830223e+00 -2.09205323e+00 -4.60242743e-02  0.00000000e+00
 -1.95873775e-03]
log likelihood =  2660.740753672718
Lr derivatives =  [7.908822831274378, -53.97659634317144, 23.03386281710118]
other derivatives =  [-7.4064701  -7.96562745 -4.48239916 -9.9825229  -0.19226718  2.35386324]
Current x_clock array =  [-0.69995936 -0.78462578 -0.59105082  0.38418977 -2.77264691 -2.26483142
 -0.04288022  0.          0.        ]
log likelihood =  2660.2064515311167
Lr derivatives =  [10.524789898811363, -52.53519302612348, -10.177605562614957]
other derivatives =  [  7.11033863 -17.0164185   -3.95307325  -8.94528966   3.36231096
   1.88283593]
Current x_clock array =  [-6.87057006e-01 -8.01194234e-01 -5.90359759e-01  4.22232013e-01
 -2.72051214e+00 -2.43144724e+00 -5.63877671e-02  0.00000000e+00
 -2.30295938e-03]
log likelihood =  2659.7557804395656
Lr derivatives =  [12.250513701249197, -51.57364407950452, 19.66159288713243]
other derivatives =  [ 14.74932105 -16.01301847  -1.38352334  -7.13844202   5.06438482
   1.58147486]
Current x_clock array =  [-0.68073975 -0.80019569 -0.58690829  0.46205192 -2.692333   -2.55350286
 -0.06212883  0.          0.        ]
log likelihood =  2659.0624400019296
Lr derivatives =  [9.619241836989332, -53.41766239773624, 21.899177227169275]
other derivatives =  [ 18.0330062  -12.95152288   3.16777005  -3.29846443   5.51144694
   1.21735866]
Current x_clock array =  [-0.67615575 -0.79435861 -0.581683    0.52967706 -2.65305313 -2.75637913
 -0.08566063  0.          0.        ]
log likelihood =  2658.396173612371
Lr derivatives =  [1.824732694256923, -57.898760746596324, -4.316931994081841]
other derivatives =  [ 4.47644197e+00  4.18704076e+00 -1.69675332e+01  2.78118932e+00
 -5.59339242e-03  5.99084160e-01]
Current x_clock array =  [-6.83963405e-01 -7.64490607e-01 -6.03209633e-01  5.96969475e-01
 -2.66327495e+00 -3.21599511e+00 -1.12257595e-01  0.00000000e+00
 -1.21251537e-03]
log likelihood =  2658.126828907998
Lr derivatives =  [-0.6684060729653893, -59.26632973155877, 29.96735020133201]
other derivatives =  [ 1.33977665  2.69083102 -0.55274541  1.97442205 -0.72404873  0.53641998]
Current x_clock array =  [-0.68683346 -0.76635914 -0.58511516  0.58540321 -2.66595531 -3.32438559
 -0.11765922  0.          0.        ]
log likelihood =  2658.068881411998
Lr derivatives =  [-1.3494467199920592, -59.549908090146, -8.769119639992915]
other derivatives =  [-2.33590072 -0.93787094  4.71345629  1.47219907 -0.74091986  0.45160959]
Current x_clock array =  [-6.89707164e-01 -7.72138220e-01 -5.79475132e-01  5.79262737e-01
 -2.66602251e+00 -3.45995431e+00 -1.18494254e-01  0.00000000e+00
 -1.97911780e-03]
log likelihood =  2658.022050507327
Lr derivatives =  [-0.8625309757186201, -59.10478267933229, -8.804839951688724]
other derivatives =  [-5.30103534 -1.41303644  3.18600542  1.58656803 -0.95792529  0.37234713]
Current x_clock array =  [-6.92305625e-01 -7.73228864e-01 -5.80733522e-01  5.80059180e-01
 -2.67083145e+00 -3.59059330e+00 -1.14630223e-01  0.00000000e+00
 -1.92760851e-03]
log likelihood =  2657.9202370451476
Lr derivatives =  [1.9350562747225197, -57.03061330947091, -9.823020501518656]
other derivatives =  [-1.53559085  1.40830707  2.37255335  1.10253495 -1.32249625  0.19681465]
Current x_clock array =  [-6.90246558e-01 -7.70328355e-01 -5.80993229e-01  5.75081672e-01
 -2.68673309e+00 -4.01149048e+00 -1.02135375e-01  0.00000000e+00
 -2.29128924e-03]
log likelihood =  2658.1865680077367
Lr derivatives =  [-12.318405804636416, -65.16506879843618, 38.741700336686336]
other derivatives =  [ -5.2996711  -17.21077751  -4.14856913  -0.21532287  -4.35743459
   0.0464297 ]
Current x_clock array =  [-0.6889356  -0.79689646 -0.5916958   0.53481085 -2.66177006 -5.52958737
 -0.16365353  0.          0.        ]
log likelihood =  2657.82517550776
Lr derivatives =  [-2.786557037597916, -59.64130589614372, -8.12840019856947]
other derivatives =  [-2.83948793 -5.21304173 -0.08740244  0.68712325 -2.45136107  0.11405064]
Current x_clock array =  [-6.89789617e-01 -7.79588812e-01 -5.84723669e-01  5.61045055e-01
 -2.67803209e+00 -4.54063149e+00 -1.23577865e-01  0.00000000e+00
 -1.49264778e-03]
log likelihood =  2657.752586167083
Lr derivatives =  [-0.8921383319121148, -58.4301214816701, -7.084486318741526]
other derivatives =  [-1.0128133  -3.30883267 -0.43355612  0.52405085 -1.07497726  0.0764885 ]
Current x_clock array =  [-6.88704591e-01 -7.76706694e-01 -5.85051261e-01  5.61932235e-01
 -2.66540105e+00 -4.88080483e+00 -1.22779023e-01  0.00000000e+00
 -1.08094732e-03]
log likelihood =  2657.6937689131314
Lr derivatives =  [-0.12651885965306775, -57.87055616222746, -4.372561859753301]
other derivatives =  [0.62614163 0.37066457 0.19567779 0.00277396 0.14501893 0.03692548]
Current x_clock array =  [-6.87701506e-01 -7.70319880e-01 -5.84781632e-01  5.55337088e-01
 -2.64875958e+00 -5.56050109e+00 -1.28702768e-01  0.00000000e+00
 -6.06767178e-05]
log likelihood =  2657.6848233343735
Lr derivatives =  [0.04736757818189119, -57.72726251335669, 28.83994056901429]
other derivatives =  [ 0.33742253  0.47039066 -0.21645974 -0.12678356  0.35306584  0.02710294]
Current x_clock array =  [-0.6879772  -0.77010677 -0.58527564  0.55344511 -2.64634081 -5.85612764
 -0.12931622  0.          0.        ]
log likelihood =  2657.8657255093394
Lr derivatives =  [3.8428982985991595, -55.25990250250107, -13.172810252046814]
other derivatives =  [-5.6942099   0.39044608 -7.53752829 -2.68792064  4.6086825  -0.        ]
Current x_clock array =  [-6.93558391e-01 -7.69180147e-01 -5.94292737e-01  5.19808342e-01
 -2.60680060e+00 -1.21492948e+01 -1.33501462e-01  0.00000000e+00
 -2.22831342e-03]
log likelihood =  2657.6788232167455
Lr derivatives =  [0.8957789429351664, -57.12726546878307, -6.403322990242483]
other derivatives =  [-0.87766239  0.49922164 -1.75987225 -0.64583219  1.20344339  0.00718501]
Current x_clock array =  [-6.89114882e-01 -7.69917887e-01 -5.87113710e-01  5.46588510e-01
 -2.63828084e+00 -7.13894229e+00 -1.30169349e-01  0.00000000e+00
 -4.54224876e-04]
log likelihood =  2657.672554133485
Lr derivatives =  [0.19250508604022087, -57.54925314710427, -6.086364254688373]
other derivatives =  [-0.97716111  0.43087311 -0.69426278 -0.54110387  0.59708327  0.00813998]
Current x_clock array =  [-6.89115573e-01 -7.70018681e-01 -5.85930690e-01  5.47025520e-01
 -2.64369595e+00 -7.02283995e+00 -1.30422356e-01  0.00000000e+00
 -3.91916561e-04]
log likelihood =  2657.670118475652
Lr derivatives =  [0.5662732600493499, -57.302039546836326, -5.565041756548354]
other derivatives =  [ 0.60053935 -1.00030775  1.05001163 -0.50586095  0.27348506  0.00745786]
Current x_clock array =  [-6.87983826e-01 -7.72894811e-01 -5.83779170e-01  5.48819537e-01
 -2.65105588e+00 -7.09113543e+00 -1.25914144e-01  0.00000000e+00
 -3.12692575e-04]
log likelihood =  2657.676817429672
Lr derivatives =  [-0.8128540805578481, -58.15562446567366, -4.541085709641994]
other derivatives =  [ 2.14140528  0.29872353 -1.97078407  0.08176357 -0.97688826  0.00914042]
Current x_clock array =  [-6.86308337e-01 -7.70693478e-01 -5.87121370e-01  5.53849569e-01
 -2.65961928e+00 -6.87270246e+00 -1.28614294e-01  0.00000000e+00
 -2.19556244e-04]
log likelihood =  2657.6686200150216
Lr derivatives =  [0.15216761749482544, -57.55811466181814, -5.263855456828551]
other derivatives =  [ 1.06138032 -0.61227183  0.14115358 -0.33019205 -0.10168151  0.00786713]
Current x_clock array =  [-6.87482454e-01 -7.72236085e-01 -5.84779287e-01  5.50324721e-01
 -2.65361838e+00 -7.02577169e+00 -1.26722135e-01  0.00000000e+00
 -2.84822521e-04]
log likelihood =  2657.666110565103
Lr derivatives =  [0.4577412425696181, -57.35946528320839, -5.404948948615601]
other derivatives =  [-0.61972969 -0.17835191 -0.79371603 -0.1976332  -0.03915375  0.00541149]
Current x_clock array =  [-6.88916077e-01 -7.71564487e-01 -5.85637987e-01  5.51935290e-01
 -2.65388385e+00 -7.38576712e+00 -1.25263068e-01  0.00000000e+00
 -3.08504502e-04]
log likelihood =  2657.663751191403
Lr derivatives =  [0.11589077315546348, -57.57903649566121, -5.500222789552144]
other derivatives =  [-4.94856067e-01  3.03452907e-01 -3.58886609e-01 -1.88856575e-01
 -1.81898940e-04  4.00177669e-03]
Current x_clock array =  [-6.88727755e-01 -7.70591959e-01 -5.85292011e-01  5.51857843e-01
 -2.65135179e+00 -7.70245270e+00 -1.27551359e-01  0.00000000e+00
 -3.18830476e-04]
log likelihood =  2657.66106477734
Lr derivatives =  [0.025700505320727984, -57.64391156990494, -5.318065638125674]
other derivatives =  [ 0.26739144  0.15847945 -0.16020749 -0.08913048  0.03260539  0.00186446]
Current x_clock array =  [-6.88032208e-01 -7.70840675e-01 -5.85094053e-01  5.53657290e-01
 -2.65015127e+00 -8.42402697e+00 -1.28293697e-01  0.00000000e+00
 -2.88535156e-04]
log likelihood =  2657.6598958890263
Lr derivatives =  [-0.26274877517028017, -57.827481294406475, -4.974213058906532]
other derivatives =  [-0.21864253 -0.06111804  0.41873136  0.11077645 -0.13587851  0.00104592]
Current x_clock array =  [-6.88350437e-01 -7.71191334e-01 -5.84391998e-01  5.56361138e-01
 -2.65114436e+00 -9.04199496e+00 -1.28414498e-01  0.00000000e+00
 -2.03940367e-04]
log likelihood =  2657.65920543063
Lr derivatives =  [-0.04792174398182425, -57.70283742329904, -4.754869931327736]
other derivatives =  [ 0.07257768 -0.1033186   0.16843842  0.17453203 -0.01045919  0.00063665]
Current x_clock array =  [-6.88125703e-01 -7.71328553e-01 -5.84620950e-01  5.57724627e-01
 -2.65019708e+00 -9.56286006e+00 -1.27965985e-01  0.00000000e+00
 -1.52615107e-04]
log likelihood =  2657.6587430556683
Lr derivatives =  [0.0251267312172061, -57.660964838214085, -4.50290662291334]
other derivatives =  [ 0.11432348 -0.07803465  0.07316885  0.2059096   0.0509317   0.00040927]
Current x_clock array =  [-6.88097007e-01 -7.71298416e-01 -5.84709403e-01  5.58308668e-01
 -2.64956006e+00 -1.00604589e+01 -1.27912890e-01  0.00000000e+00
 -8.08430081e-05]
log likelihood =  2657.6580884699542
Lr derivatives =  [0.03673926354480983, -57.64218307127064, 28.802696760976687]
other derivatives =  [ 0.04442882 -0.09331416 -0.03587957  0.09231371  0.06266418  0.00040927]
Current x_clock array =  [ -0.68818807  -0.77129011  -0.58486705   0.55645857  -2.64956894
 -10.05928345  -0.12804282   0.           0.        ]
log likelihood =  2657.658548587904
Lr derivatives =  [0.02819305945836703, -57.65601631867194, -4.446589708226153]
other derivatives =  [ 0.09586074 -0.08212737  0.04438334  0.17589628  0.05402399  0.0003638 ]
Current x_clock array =  [-6.88121008e-01 -7.71296226e-01 -5.84750954e-01  5.57821040e-01
 -2.64956240e+00 -1.00601491e+01 -1.27947136e-01  0.00000000e+00
 -5.95352524e-05]
log likelihood =  2657.6583058973156
Lr derivatives =  [0.03244326278435494, -57.64912434241567, -4.36779030006667]
other derivatives =  [ 0.07012204 -0.08776624  0.00427463  0.13405952  0.05834409  0.00040927]
Current x_clock array =  [-6.88154538e-01 -7.71293167e-01 -5.84809002e-01  5.57139807e-01
 -2.64956567e+00 -1.00597163e+01 -1.27994979e-01  0.00000000e+00
 -2.97676262e-05]
log likelihood =  2657.657813513053
Lr derivatives =  [0.09196685878210786, -57.59706396923134, 28.75249265343882]
other derivatives =  [ 0.04056346  0.06311893 -0.07294148 -0.01941771  0.0606633   0.00022737]
Current x_clock array =  [ -0.68824247  -0.77102875  -0.58493667   0.55470645  -2.64994496
 -10.77332197  -0.12793735   0.           0.        ]
log likelihood =  2657.657985169859
Lr derivatives =  [0.06332415579560546, -57.622091112915555, -4.354388796406585]
other derivatives =  [ 0.05484253 -0.00973159 -0.03578862  0.05466063  0.05948095  0.00022737]
Current x_clock array =  [-6.88200010e-01 -7.71156433e-01 -5.84875022e-01  5.55881479e-01
 -2.64976181e+00 -1.04287328e+01 -1.27965177e-01  0.00000000e+00
 -1.43743247e-05]
log likelihood =  2657.6578074872714
Lr derivatives =  [-0.0613875264342596, -57.690549126588095, 28.876002033939585]
other derivatives =  [-0.09695214 -0.17321327 -0.13988029 -0.00372893  0.01341505  0.0001819 ]
Current x_clock array =  [ -0.6883025   -0.77136801  -0.58502783   0.55472122  -2.64994051
 -10.94514626  -0.12839232   0.           0.        ]
log likelihood =  2657.6578873033563
Lr derivatives =  [0.013342338712973856, -57.64951097494472, -4.348721662902641]
other derivatives =  [-0.00604814 -0.07526069 -0.07753442  0.03119567  0.04092726  0.00022737]
Current x_clock array =  [-6.88241096e-01 -7.71241251e-01 -5.84936282e-01  5.55416339e-01
 -2.64983345e+00 -1.06357594e+01 -1.28136416e-01  0.00000000e+00
 -8.61175907e-06]
log likelihood =  2657.657710691819
Lr derivatives =  [-0.05585236325614318, -57.682214116221395, 28.868998924735934]
other derivatives =  [-9.21772880e-02 -6.56200427e-02 -8.17635737e-02 -4.74301487e-02
 -8.95852281e-03  4.54747351e-05]
Current x_clock array =  [ -0.68832236  -0.77119258  -0.5849751    0.55400805  -2.65031556
 -11.74535227  -0.1283315    0.           0.        ]
log likelihood =  2657.8639587426132
Lr derivatives =  [-3.6249593967492473, -59.41738956835293, -7.990421847656911]
other derivatives =  [-4.17608135  1.21035555 -0.188993   -3.96248652 -2.57987267 -0.        ]
Current x_clock array =  [-6.92148168e-01 -7.67412080e-01 -5.86907027e-01  4.83514235e-01
 -2.67662094e+00 -6.51841433e+01 -1.37336861e-01  0.00000000e+00
 -5.37672261e-04]
log likelihood =  2657.6580153672503
Lr derivatives =  [-0.15229484250782832, -57.72843415643027, -4.463746220637891]
other derivatives =  [-0.20600055 -0.02773959 -0.08676579 -0.15952537 -0.08312782 -0.        ]
Current x_clock array =  [-6.88430812e-01 -7.71085413e-01 -5.85029866e-01  5.52009713e-01
 -2.65106126e+00 -1.32602166e+01 -1.28586779e-01  0.00000000e+00
 -1.52417464e-05]
log likelihood =  2657.6577428206692
Lr derivatives =  [-0.07376326549366752, -57.69079137891688, -4.377950272866592]
other derivatives =  [-0.11332304 -0.05866241 -0.08267307 -0.06830305 -0.02282832 -0.        ]
Current x_clock array =  [-6.88342489e-01 -7.71172691e-01 -5.84985265e-01  5.53637150e-01
 -2.65045396e+00 -1.20265163e+01 -1.28378879e-01  0.00000000e+00
 -2.82892109e-06]
log likelihood =  2657.6577230021385
Lr derivatives =  [-0.05982703156672642, -57.684141665395714, -4.362631501296569]
other derivatives =  [-0.09677024 -0.06421033 -0.08194547 -0.0520231  -0.01209628 -0.        ]
Current x_clock array =  [-6.88326755e-01 -7.71188238e-01 -5.84977320e-01  5.53927051e-01
 -2.65034579e+00 -1.18067526e+01 -1.28341845e-01  0.00000000e+00
 -6.17777311e-07]
log likelihood =  2657.657719726365
Lr derivatives =  [-0.056512266864082505, -57.68256210719877, -4.358982073479002]
other derivatives =  [-9.28594091e-02 -6.54836185e-02 -8.17635737e-02 -4.81122697e-02
 -9.45874490e-03  9.09494702e-05]
Current x_clock array =  [-6.88323010e-01 -7.71191939e-01 -5.84975429e-01  5.53996072e-01
 -2.65032003e+00 -1.17544302e+01 -1.28333028e-01  0.00000000e+00
 -9.13370831e-08]
log likelihood =  2657.6577192353525
Lr derivatives =  [-0.05595925737539176, -57.682298671630164, -4.358372996910187]
other derivatives =  [-9.21318133e-02 -6.57109922e-02 -8.16726242e-02 -4.74301487e-02
 -8.91304808e-03  9.09494702e-05]
Current x_clock array =  [-6.88322384e-01 -7.71192557e-01 -5.84975113e-01  5.54007590e-01
 -2.65031573e+00 -1.17456991e+01 -1.28331556e-01  0.00000000e+00
 -3.48922230e-09]
log likelihood =  2657.6577192162135
Lr derivatives =  [-0.05593733087521002, -57.682288227079866, -4.358348845978281]
other derivatives =  [-9.21772880e-02 -6.57109922e-02 -8.17635737e-02 -4.74301487e-02
 -8.95852281e-03  9.09494702e-05]
Current x_clock array =  [-6.88322360e-01 -7.71192582e-01 -5.84975100e-01  5.54008047e-01
 -2.65031556e+00 -1.17453529e+01 -1.28331498e-01  0.00000000e+00
 -5.98259460e-12]
log likelihood =  2657.657710691819
Lr derivatives =  [-0.05585236325621423, -57.682214116221445, 28.869044399471022]
other derivatives =  [-9.21318133e-02 -6.57109922e-02 -8.17635737e-02 -4.74301487e-02
 -8.95852281e-03  4.54747351e-05]
Current x_clock array =  [-6.88322360e-01 -7.71192582e-01 -5.84975100e-01  5.54008047e-01
 -2.65031556e+00 -1.17453523e+01 -1.28331498e-01  0.00000000e+00
 -1.77100924e-17]
log likelihood =  2657.6577106918185
Lr derivatives =  [-0.05585236325634213, -57.68221411622146, 28.868998924735934]
other derivatives =  [-9.20863386e-02 -6.56200427e-02 -8.17180990e-02 -4.73846740e-02
 -8.91304808e-03  9.09494702e-05]
Current x_clock array =  [-6.88322360e-01 -7.71192582e-01 -5.84975100e-01  5.54008047e-01
 -2.65031556e+00 -1.17453523e+01 -1.28331498e-01  0.00000000e+00
 -3.54207870e-17]
log likelihood =  2657.6577192161967
Lr derivatives =  [-0.05593731204582042, -57.682288218110706, -4.358348825238533]
other derivatives =  [-9.20408638e-02 -6.57109922e-02 -8.16726242e-02 -4.73846740e-02
 -8.95852281e-03  9.09494702e-05]
Current x_clock array =  [-6.88322360e-01 -7.71192582e-01 -5.84975100e-01  5.54008047e-01
 -2.65031556e+00 -1.17453526e+01 -1.28331498e-01  0.00000000e+00
 -2.99131501e-12]
log likelihood =  2657.657710691819
Lr derivatives =  [-0.055852363256320814, -57.68221411622143, 28.869044399471022]
other derivatives =  [-9.21318133e-02 -6.57109922e-02 -8.17635737e-02 -4.74301487e-02
 -8.95852281e-03  4.54747351e-05]
Current x_clock array =  [-6.88322360e-01 -7.71192582e-01 -5.84975100e-01  5.54008047e-01
 -2.65031556e+00 -1.17453523e+01 -1.28331498e-01  0.00000000e+00
 -4.06405449e-17]
log likelihood =  2657.6577106918185
Lr derivatives =  [-0.05585236325634213, -57.68221411622146, 28.868998924735934]
other derivatives =  [-9.20863386e-02 -6.56200427e-02 -8.17180990e-02 -4.73846740e-02
 -8.91304808e-03  9.09494702e-05]
Current x_clock array =  [-6.88322360e-01 -7.71192582e-01 -5.84975100e-01  5.54008047e-01
 -2.65031556e+00 -1.17453523e+01 -1.28331498e-01  0.00000000e+00
 -3.54210848e-17]
log likelihood =  2657.6577106918185
Lr derivatives =  [-0.05585236325634213, -57.68221411622146, 28.868998924735934]
other derivatives =  [-9.20863386e-02 -6.56200427e-02 -8.17180990e-02 -4.73846740e-02
 -8.91304808e-03  9.09494702e-05]
Current x_clock array =  [-6.88322360e-01 -7.71192582e-01 -5.84975100e-01  5.54008047e-01
 -2.65031556e+00 -1.17453523e+01 -1.28331498e-01  0.00000000e+00
 -3.54213826e-17]
log likelihood =  2657.6577106918185
Lr derivatives =  [-0.055852363256335025, -57.68221411622145, 28.868998924735934]
other derivatives =  [-9.20863386e-02 -6.56200427e-02 -8.17180990e-02 -4.73846740e-02
 -8.91304808e-03  9.09494702e-05]
Current x_clock array =  [-6.88322360e-01 -7.71192582e-01 -5.84975100e-01  5.54008047e-01
 -2.65031556e+00 -1.17453523e+01 -1.28331498e-01  0.00000000e+00
 -3.80309637e-17]
      fun: 2657.6577106918185
 hess_inv: <9x9 LbfgsInvHessProduct with dtype=float64>
      jac: array([-9.20863386e-02, -6.56200427e-02, -8.17180990e-02, -4.73846740e-02,
       -8.91304808e-03,  9.09494702e-05, -5.58523633e-02, -5.76822141e+01,
        2.88689989e+01])
  message: 'CONVERGENCE: REL_REDUCTION_OF_F_<=_FACTR*EPSMCH'
     nfev: 66
      nit: 44
     njev: 66
   status: 0
  success: True
        x: array([-6.88322360e-01, -7.71192582e-01, -5.84975100e-01,  5.54008047e-01,
       -2.65031556e+00, -1.17453523e+01, -1.28331498e-01,  0.00000000e+00,
       -3.80309638e-17])
{('N0', 'N1'): [3.084820708034469e-17, 3.084820708034469e-17], ('N0', 'ENSLOCG'): [0.0, 0.0], ('N1', 'ENSGACG'): [0.000479939744531057, 0.0004799397907885158], ('N1', 'ENSDARG'): [0.0005247101169420797, 0.0005247100911325415]}
