number of sites to be analyzed:  395
log likelihood =  -19432.088565533613
Edge derivatives =  [107.8281272235167, 146.2962137720314, 138.2834106239053, 127.23296958926827, 68.28635170505638, 83.62377924364309, 281.61752194969876, 322.3462803516802, 135.6849574515812, 216.0612250262, 71.57370040027358, 168.68105531289405, 153.7396398392922, 132.44928992162846, 226.1535643305692, 229.33057407801277]
other derivatives: [ -32.10298019   70.86564437 -159.8495146   -20.00924724 -945.36189863
    0.        ]
Current x array =  [-0.73662016 -0.80493413 -0.72911635  0.74193734 -0.10536052 -0.51082562
 -4.60517019 -4.60517019 -4.60517019 -4.60517019 -4.60517019 -4.60517019
 -4.60517019 -4.60517019 -4.60517019 -4.60517019 -4.60517019 -4.60517019
 -4.60517019 -4.60517019 -4.60517019 -4.60517019]
log likelihood =  -18417.502125683648
Edge derivatives =  [104.1215378279493, 148.6781271026276, 137.14441733051578, 125.02328908390972, 65.43805468141562, 82.9755019717645, 280.5192247825668, 322.78766830172117, 133.07447806442636, 217.22764201448385, 68.99945938156229, 170.71207079589314, 152.4893339315919, 131.91246470835108, 226.28743289252205, 227.83687039532657]
other derivatives: [ 211.98720788  126.5991159  -208.8596375  -101.30788723 -476.19760153
    0.        ]
Current x array =  [-0.76348961 -0.80430226 -0.86290672  0.72519007 -0.89660667 -0.51082562
 -4.51492053 -4.48272362 -4.48943015 -4.49867912 -4.54801608 -4.53517901
 -4.3694628  -4.33537377 -4.491605   -4.42433191 -4.54526465 -4.46398803
 -4.47649365 -4.49431318 -4.41588486 -4.41322577]
log likelihood =  -20284.42138712712
Edge derivatives =  [75.53652229434441, 175.61567483910838, 115.5415927879713, 112.24616271149823, 53.96367263307275, 81.07748787604257, 269.3274057163577, 307.70789870702686, 115.70012743103138, 215.00198257448847, 58.48790063087524, 190.17351029257765, 143.26797359006082, 126.70792762959009, 211.9597004798678, 218.45147530656143]
other derivatives: [-40762.78200955   1037.93645394    593.99171732  -1080.70598799
    640.74920374      0.        ]
Current x array =  [-0.05       -0.48304791 -1.78328502  0.3015039  -3.22474705 -0.51082562
 -4.0449637  -3.81469333 -3.87190324 -3.93526746 -4.25245361 -4.16157728
 -3.10684199 -2.88317634 -3.89180882 -3.44738485 -4.23378612 -3.69667802
 -3.7898788  -3.90056535 -3.39776531 -3.38749105]
log likelihood =  -17263.145009472217
Edge derivatives =  [90.07826554128074, 157.83248834751836, 129.24778645995588, 118.93809476627472, 58.88122500935612, 79.87668179501549, 272.1900865158569, 320.3437708257211, 124.87929521725808, 214.27083630087202, 62.59733067449679, 177.1513098736742, 148.53454309283447, 127.74801912960035, 222.26710192827275, 221.51343250274297]
other derivatives: [-2048.42617677   324.65613913    37.53266355  -224.52659323
    52.10895324     0.        ]
Current x array =  [-0.43410815 -0.65599565 -1.28779805  0.52959595 -1.97138936 -0.51082562
 -4.29796562 -4.17432839 -4.20434973 -4.23858093 -4.41157009 -4.3627063
 -3.7865757  -3.66496889 -4.21470994 -3.97332569 -4.40147103 -4.10976045
 -4.15951888 -4.22021034 -3.94587142 -3.9396968 ]
log likelihood =  -16004.103708237575
Edge derivatives =  [69.8990051452789, 155.93515605245415, 112.78741086593642, 96.4165006466784, 42.17738732888654, 69.19712686430069, 241.36248858405702, 279.61823126000996, 103.99853111730184, 198.5758807602862, 49.87960944885961, 174.12518216181357, 131.3840382154443, 112.4480967131932, 193.40806014285354, 201.82717098622422]
other derivatives: [-69.07848729 -93.11752365 -79.55586625 -11.67645678 619.99216996
   0.        ]
Current x array =  [-0.68606163 -0.37680847 -1.85521914  0.209391   -3.6036103  -0.51082562
 -3.96450462 -3.69318285 -3.76385968 -3.83600606 -4.20098063 -4.09568721
 -2.88378355 -2.62482894 -3.78661252 -3.274248   -4.17949937 -3.55821145
 -3.66821257 -3.79574535 -3.21732749 -3.20597134]
log likelihood =  -15558.461092457697
Edge derivatives =  [51.313010653074734, 153.938130338668, 89.32562778380455, 66.16816932914911, 28.84914603237846, 57.59291587555508, 188.3603533343273, 200.5764986340452, 82.19672674322938, 168.19871008237376, 36.01653730779276, 162.63255744216133, 110.9821024758198, 94.55366925042685, 152.56609506461672, 170.2454466845015]
other derivatives: [-117.65878298 -950.12055681  174.10311557  126.8906999   705.30404628
    0.        ]
Current x array =  [-0.67384914 -0.26540346 -2.23198822  0.02035716 -4.14256989 -0.51082562
 -3.74758714 -3.35411911 -3.46743885 -3.56862888 -4.06520365 -3.91571138
 -2.27164091 -1.91897286 -3.50150686 -2.79443893 -4.03371653 -3.17162442
 -3.33523564 -3.50842008 -2.72397916 -2.70588341]
log likelihood =  -14946.963168150367
Edge derivatives =  [23.476731810162118, 143.21133146299707, 42.326921810667656, 12.822077303865862, 11.672233478482259, 34.46963554058702, -3.9272427719544725, -94.89997843063735, 44.738337548786994, 61.91186796329317, 10.695559535059362, 116.98451050783477, 70.21645512159417, 61.80650621028339, 40.04582748335093, 59.983714593567264]
other derivatives: [-113.87037375   99.4432412   646.21199272   37.92702046  767.75795605
    0.        ]
Current x array =  [-0.72699312 -0.74978465 -2.80917673 -0.25176214 -4.62605342 -0.51082562
 -3.30461249 -2.60889018 -2.8486587  -3.02110885 -3.7903181  -3.53748825
 -0.991512   -0.4555105  -2.90891069 -1.77599127 -3.73514393 -2.33156637
 -2.63244206 -2.90274264 -1.69140533 -1.64809749]
log likelihood =  -13605.24595827199
Edge derivatives =  [31.230007028825387, 137.55467255803796, 56.223395348260986, 17.883833969679642, 14.079577820505316, 35.43113257287344, 19.410323144040262, -48.5818007041051, 53.05196259480847, 71.45739910945731, 12.949532777810711, 112.28276460952617, 77.64984557282511, 66.38662822892653, 52.275773354177936, 65.3958598682653]
other derivatives: [-207.21308829  -39.10099622  539.6817869   106.64643924  535.21689551
    0.        ]
Current x array =  [-0.68606761 -0.65243292 -2.15680646 -0.18116121 -3.36452216 -0.51082562
 -3.25847513 -2.39422521 -2.76368354 -2.97497224 -3.76592314 -3.47632445
 -0.90873247 -0.45589428 -2.82599635 -1.63573358 -3.70771684 -2.13810852
 -2.51017495 -2.79653712 -1.57954556 -1.50999794]
log likelihood =  -19409.663154329697
Edge derivatives =  [-30.85098014589533, -109.0995291071367, -67.89770199497522, -61.81401076590936, -0.5410627251486565, -15.15448679737033, -1048.4692951335342, -1134.7215799708526, -35.334620122518636, -663.8308346963893, -18.272497853945765, -458.1150178931963, -160.5925989933214, -85.83731738426677, -632.0445227445655, -762.7984317146615]
other derivatives: [  1719.14361999  -5327.82214577 -20936.0216104    -593.99899328
  -1362.76212288      0.        ]
Current x array =  [-0.51772322 -0.32456681 -0.05        0.80352729  0.74381348 -0.51082562
 -2.44458786 -0.31693335 -1.48341181 -2.17902795 -3.32562518 -2.72730579
  0.76155875  0.88283303 -1.6388355   0.18621614 -3.25089372 -0.1912747
 -0.97448715 -1.48641341  0.09158067  0.2694802 ]
log likelihood =  -12554.201500866311
Edge derivatives =  [22.40454424993546, 99.74680035335747, 46.207469724369574, -2.511076667967691, 7.710358336398645, 20.565613067205824, -137.80466922071275, -220.56110353498616, 38.395563116778376, -27.999043739843138, 2.6665184579331704, 33.066008146271976, 45.83576901672103, 42.92101008862102, -42.068106418512116, -49.76602982402594]
other derivatives: [-478.25142246 -584.1598977   613.47600422  115.89690985 -227.03006834
    0.        ]
Current x array =  [-0.61941212 -0.52261526 -1.32262239  0.20872342 -1.73783826 -0.51082562
 -2.93621876 -1.57172736 -2.25676356 -2.65982034 -3.5915884  -3.17975262
 -0.24738537  0.07417102 -2.35594336 -0.91433773 -3.52683901 -1.36726516
 -1.90212369 -2.27779734 -0.91786784 -0.80541859]
log likelihood =  -12495.636779727985
Edge derivatives =  [30.247011444790374, 85.91272521183711, 67.19749793867636, 15.615217425674238, 14.248542606292416, 23.701276817812445, -43.91122304014226, -58.49775788514861, 53.11154079597127, 13.069763296847485, 7.394811441175802, 21.403012965774167, 58.96369887979229, 43.22220379251875, -10.074512727937494, -24.81147126183457]
other derivatives: [ -461.48925321  -136.14971976 -1713.62735273    85.98271961
  -396.0883987      0.        ]
Current x array =  [-0.63589138 -0.65706021 -0.30638937  0.44315443 -1.4774947  -0.51082562
 -2.85456168 -1.27806567 -2.10025436 -2.62303862 -3.55784386 -3.10460956
 -0.4187722  -0.26649485 -2.22335699 -0.87093063 -3.50095094 -1.20290897
 -1.73499503 -2.12900614 -0.90828589 -0.8095321 ]
log likelihood =  -12332.934445354927
Edge derivatives =  [26.957125265333588, 96.16737117256346, 57.988266184904155, 6.05644865324636, 10.425529322247627, 22.59799978966214, -83.2871470248712, -135.76361480129492, 44.890578333452794, -1.7860423949388586, 5.175651671992123, 35.18382710830549, 53.71878785864939, 45.816504652524316, -18.033935463014306, -28.370736881747998]
other derivatives: [-473.48912631 -373.94365791  332.57256291  107.60741134 -271.66424843
    0.        ]
Current x array =  [-0.6248567  -0.56703454 -0.98686909  0.2861771  -1.65182333 -0.51082562
 -2.90924007 -1.47470445 -2.20505447 -2.64766803 -3.58043954 -3.1549261
 -0.30400988 -0.0383816  -2.31213814 -0.89999646 -3.51828585 -1.31296351
 -1.84690604 -2.2286382  -0.91470206 -0.80677765]
log likelihood =  -12200.928400326356
Edge derivatives =  [24.298026008970577, 69.94838420133067, 55.6085657346896, 11.766277003570265, 9.986353433949526, 17.555697083150324, -57.576678887084825, -62.90744511337775, 43.19750682026708, -13.96037197909395, 4.279538452845756, -2.3039642212444216, 42.56432757857499, 33.25820485156495, -32.996165082789226, -45.63734690134177]
other derivatives: [ -123.88100004   -53.53867891 -1198.91083159     7.1930117
   -89.87153706     0.        ]
Current x array =  [-0.70539297 -0.73593635 -0.37018635  0.4709554  -2.05832124 -0.51082562
 -2.71772755 -1.00917753 -1.8862908  -2.48664503 -3.4802045  -2.99294639
 -0.19381697 -0.04493737 -2.0333515  -0.63074971 -3.42555829 -0.97941615
 -1.51092944 -1.93929132 -0.68350222 -0.59436937]
log likelihood =  -12144.091369368578
Edge derivatives =  [27.028857975890066, 85.11234343273362, 60.2546885237638, 10.674160141783009, 10.590088101693343, 20.681973271231314, -58.743411863675014, -83.08472539810334, 44.80484831492436, -0.7789463495237325, 5.213162353455989, 21.754691302743723, 50.5254195993611, 40.898353610281795, -17.92512719439519, -28.8450899834317]
other derivatives: [-293.78479667 -191.68874132  -20.04362614   57.09880497 -172.60063032
    0.        ]
Current x array =  [-0.66285884 -0.64673317 -0.69587889  0.37336727 -1.84363493 -0.51082562
 -2.81887227 -1.2550392  -2.05464147 -2.57168712 -3.53314226 -3.07849376
 -0.25201385 -0.04147503 -2.18058884 -0.77294869 -3.47453108 -1.15557462
 -1.68837088 -2.09210591 -0.80560725 -0.70654989]
log likelihood =  -12052.75812073557
Edge derivatives =  [25.005240191465493, 74.79943625910998, 57.973310922907075, 17.191651321452767, 9.38032922525521, 18.7183941373788, -20.380544907110938, -19.27380017609498, 41.445272866611454, 2.1642411871718883, 5.732217649829516, 13.838717395572829, 41.73735964731901, 34.65041788755594, -11.285164950693002, -16.949334656769846]
other derivatives: [ 64.57757991  36.65645636 -45.39233487 -24.6667696   78.31804396
   0.        ]
Current x array =  [-0.74130876 -0.78719744 -0.65331935  0.43125168 -2.2669335  -0.51082562
 -2.72463773 -1.03101584 -1.88949895 -2.49883914 -3.48548994 -3.00362712
 -0.2574966  -0.09530424 -2.04225295 -0.68346059 -3.43431153 -1.03242703
 -1.52974999 -1.95725957 -0.74012328 -0.65979748]
log likelihood =  -12033.060001502483
Edge derivatives =  [19.19798620156815, 52.81578211352409, 46.17212406521537, 13.309397739516038, 6.699262355544599, 14.01044486520558, -46.433316268524884, -39.06196970021872, 31.506909194924734, -29.43803846830434, 3.4219951643567206, -17.657515928740377, 21.54689443987452, 21.140735611320313, -38.186428535324005, -44.33658174905154]
other derivatives: [  53.55268513   69.14597179 -256.55226636  -29.40323611    4.77666617
    0.        ]
Current x array =  [-0.75162858 -0.82779977 -0.55930775  0.4824585  -2.21816623 -0.51082562
 -2.61560281 -0.76426978 -1.70143671 -2.40243453 -3.42978607 -2.91230253
 -0.15644764 -0.02635552 -1.88149247 -0.52702843 -3.38264698 -0.8519462
 -1.34026044 -1.7958955  -0.60881276 -0.53410433]
log likelihood =  -12000.497409389522
Edge derivatives =  [15.412179855499675, 38.37936750825395, 38.056208405927386, 13.547525342756664, 4.94120120406324, 12.295514755010105, -41.90716098259594, -29.74724469801651, 23.542372288128504, -36.68204542018595, 3.0532826854309914, -25.670854087782377, 6.7287435061023055, 11.987042548424988, -38.29538328194813, -40.69469563873322]
other derivatives: [ 81.7268301   84.80456017  41.24012776 -38.30846254  -4.93309926
   0.        ]
Current x array =  [-0.75791943 -0.84214569 -0.66340119  0.48545673 -2.17330068 -0.51082562
 -2.56766649 -0.62506708 -1.59819483 -2.37059845 -3.41088375 -2.87474972
 -0.2124483  -0.09538206 -1.80467645 -0.53184655 -3.36977138 -0.82654156
 -1.26577944 -1.7299354  -0.6340527  -0.56877031]
log likelihood =  -11971.843479221947
Edge derivatives =  [12.831222222390416, 21.299378399022743, 32.04162168482978, 16.544242925093364, 4.282440739845457, 11.887362314097164, -17.018548069199944, 2.965442622035665, 17.628590977826693, -27.747894150465104, 3.8925798330329817, -25.82693881377173, -5.088500517796655, 3.87862155740305, -22.54142059370062, -21.635063882895118]
other derivatives: [ 18.99443305  45.52948667  85.02593118 -43.02346497   9.38362064
   0.        ]
Current x array =  [-0.73406764 -0.81288124 -0.6882176   0.4939251  -2.15294189 -0.51082562
 -2.52123914 -0.47078326 -1.482097   -2.34978949 -3.39724697 -2.83957559
 -0.35823005 -0.26287023 -1.7261509  -0.59737597 -3.36544009 -0.84180859
 -1.201897   -1.6699552  -0.72541606 -0.67458508]
log likelihood =  -11960.477144042326
Edge derivatives =  [8.246681099641416, -8.224704132406048, 18.620977158105905, 17.244602075222026, 3.155552042356338, 11.409446417466029, 5.31668931952465, 22.27194250355369, 8.747729905306853, -10.405476911453656, 5.07980874026891, -16.86931337261357, -17.383574781566125, -5.97428900507741, -0.6289268267847523, 3.1050080440414423]
other derivatives: [186.46005628 -26.31313691  78.11086107  -3.09664756 -35.93977453
   0.        ]
Current x array =  [-0.7981684  -0.75487706 -0.68986462  0.40556918 -2.04472641 -0.51082562
 -2.43570673 -0.24993757 -1.27111893 -2.27882753 -3.36954282 -2.7673387
 -0.52345346 -0.39495986 -1.59277519 -0.71455132 -3.34787498 -0.90999523
 -1.14254061 -1.59282331 -0.85583625 -0.81594558]
log likelihood =  -11953.69547537043
Edge derivatives =  [5.639661966690137, -18.52297404454736, 7.893129537435647, 15.278841441790327, 3.0386005679301062, 9.735732343285859, 11.787644239797197, 24.95614480527068, 3.2849376301266258, -4.491032627927851, 5.3820174380331025, -14.268675037224698, -20.229462782452924, -10.919784394672, 5.559349509092986, 8.026041214117575]
other derivatives: [-1.68626684e+02  4.00177669e-02  7.18027877e+00  3.48918547e+01
  9.61190381e+00  0.00000000e+00]
Current x array =  [-0.69168613 -0.78554898 -0.6568326   0.35801175 -2.16861837 -0.51082562
 -2.37489795 -0.14215625 -1.14213834 -2.21299355 -3.34411012 -2.71216867
 -0.55534729 -0.3966485  -1.50689384 -0.74189218 -3.3245492  -0.92823136
 -1.1109741  -1.54524809 -0.87655673 -0.83939538]
log likelihood =  -11947.455566267294
Edge derivatives =  [7.204170914782424, -8.6632414365967, 14.037935538791755, 15.516771866253704, 3.3225931214416136, 10.540056298138476, 4.471683089681384, 15.53086511521833, 7.610076896845087, -6.530139202719585, 5.122953294929021, -13.4162447377926, -14.105908982261115, -6.191377686448003, 0.539883591133065, 2.549386002029144]
other derivatives: [-4.61386662  0.22046152  1.18197931 17.77225407  2.89364834  0.        ]
Current x array =  [-0.73681596 -0.78071752 -0.65281086  0.37673214 -2.14785507 -0.51082562
 -2.40321572 -0.22150867 -1.20790828 -2.23269098 -3.35424916 -2.73457553
 -0.5051354  -0.34448839 -1.55188949 -0.71982651 -3.33083091 -0.92520238
 -1.14459708 -1.57898726 -0.84600068 -0.80338078]
log likelihood =  -11946.18897759564
Edge derivatives =  [6.811241757731917, -8.547632700641213, 12.51555498852554, 14.747710026354127, 3.260574270967115, 10.351733548145928, 1.858537483324248, 10.103544442759853, 7.32764847890456, -5.964675931863565, 5.038243038888913, -12.02542975833933, -12.642899977033846, -5.838433003560963, -0.1647620719254138, 1.4299581273240007]
other derivatives: [ 3.76548996e+00  8.84210749e-01 -8.57453415e+00  1.91639629e+01
 -1.49157131e-02  0.00000000e+00]
Current x array =  [-0.7402722  -0.78156213 -0.64772832  0.3746517  -2.14780741 -0.51082562
 -2.39518463 -0.22284663 -1.19262584 -2.21752508 -3.35032367 -2.72478327
 -0.49348378 -0.31953262 -1.54283195 -0.72194978 -3.3255194  -0.93390102
 -1.15270677 -1.58049883 -0.84150962 -0.79665178]
log likelihood =  -11941.453111743926
Edge derivatives =  [4.365524254827987, -8.974278788856832, 2.143300353132619, 11.251808310530729, 2.8641988340012983, 9.223117983951004, -5.303115213701332, -9.504550406708677, 4.226196467589219, 0.17502731315617348, 4.869358267640305, -2.5761969990781832, -5.18478972899009, -4.4504385698302595, 0.30987122894111374, 0.2206100367380106]
other derivatives: [ 14.7119863   -1.24127837 -25.64465831  12.14211807  -5.68688847
   0.        ]
Current x array =  [-0.74482376 -0.78201321 -0.63703504  0.39470755 -2.14892379 -0.51082562
 -2.3420591  -0.22356291 -1.08916423 -2.12246801 -3.32589176 -2.6579014
 -0.4740345  -0.23506083 -1.47966882 -0.75782149 -3.29314748 -0.99990063
 -1.20282776 -1.59125462 -0.84409728 -0.78956772]
log likelihood =  -11938.59866051788
Edge derivatives =  [2.740294945661766, -6.200032813030305, -5.077861857592121, 9.438552901901954, 2.344174132598586, 7.936575436812839, -4.586358597909204, -9.4570552424523, 0.5837988485216694, 2.4308926403174484, 4.631231053842085, 2.393528693497269, 0.39805303863653163, -2.548813766785921, 0.5074174886877992, -0.26384915211010807]
other derivatives: [  8.88103386   5.22832124 -11.42834662  -3.03989509  -6.9860107
   0.        ]
Current x array =  [-0.74109711 -0.78688114 -0.64140648  0.43095628 -2.13811505 -0.51082562
 -2.29554151 -0.25342609 -1.02622555 -2.02634702 -3.30154948 -2.58338015
 -0.49525389 -0.24325897 -1.42853342 -0.77815436 -3.2564591  -1.04307744
 -1.24649419 -1.6138871  -0.84928266 -0.79089267]
log likelihood =  -11936.726170843442
Edge derivatives =  [0.8946650780540026, -0.3822594142089325, -11.626609434383909, 6.283878810846256, 1.3148176963033082, 5.427102159762547, -3.036829024860017, -4.829406802703825, -4.818182479929246, 0.775622905112515, 3.9084431732773894, 4.238700997053201, 5.263370505403436, -0.24356430240212434, -2.313088068817052, -2.9660450192410153]
other derivatives: [-5.82585926e+00 -3.15507350e+01 -2.36468622e-02 -8.44593160e+00
  9.90876288e+00  0.00000000e+00]
Current x array =  [-0.73704673 -0.76448399 -0.64290954  0.44010648 -2.16637485 -0.51082562
 -2.22884225 -0.30680975 -0.98044148 -1.87249435 -3.26195825 -2.46267436
 -0.51765816 -0.26568733 -1.36884602 -0.77634417 -3.19208945 -1.06759756
 -1.28367357 -1.64405042 -0.83794028 -0.77857252]
log likelihood =  -11935.585897903904
Edge derivatives =  [0.09156374248999077, 3.4738545961737266, -12.64131279800103, 4.881570166905544, 0.8537490238692247, 4.053997408172709, 2.0626719609952997, 3.378531587954536, -6.706706411987651, 1.691387330427823, 3.721139140952617, 5.447958174582233, 7.828526457072826, 1.988840015369052, -0.6880436286123992, -1.2234284234351116]
other derivatives: [ 4.20404831 18.43000064 10.41353244 -4.01742     8.08158802  0.        ]
Current x array =  [-0.738796   -0.79656219 -0.64893849  0.43098434 -2.15521211 -0.51082562
 -2.19230004 -0.34462888 -0.98105428 -1.77644668 -3.23892194 -2.38540639
 -0.55327455 -0.30915721 -1.3474733  -0.78403126 -3.15012588 -1.08157462
 -1.30051267 -1.6673166  -0.84787611 -0.79013252]
log likelihood =  -11934.732595580877
Edge derivatives =  [0.38650152098771096, 4.567118127618118, -9.598638733434903, 4.806506040565053, 0.7474585317061355, 3.928249057130586, 1.7648417493724642, 4.3346823643158725, -5.935309225169898, -0.5914388160608071, 3.521520580003785, 2.967181628381498, 6.312917446263203, 2.0518299995113733, -1.9331785254923286, -2.1269320167558647]
other derivatives: [-1.94140739  6.04741217 11.98932296  1.66728569  0.54096745  0.        ]
Current x array =  [-0.73791644 -0.78751783 -0.65122483  0.42100755 -2.14048206 -0.51082562
 -2.19611012 -0.35986576 -1.02135962 -1.76658695 -3.23783386 -2.37683664
 -0.55418754 -0.32027514 -1.36619494 -0.7739612  -3.14226611 -1.06651065
 -1.29107527 -1.67285911 -0.84555673 -0.7897054 ]
log likelihood =  -11933.73689401132
Edge derivatives =  [1.1960333571708848, 7.250625617460823, -2.219345085343334, 4.412419566825129, 0.6326925596432896, 3.4276217206001762, 3.3272354503591464, 8.321499799130132, -3.3360429237102114, -2.4665414534663856, 3.2181004214885895, -1.5794072561496997, 3.3338134667976513, 2.607399099198098, -2.2258230810773365, -1.6153450771373525]
other derivatives: [ -4.72282409  -5.06661308 -24.05158739   4.81231837   3.64416337
   0.        ]
Current x array =  [-0.73775733 -0.77937671 -0.63727839  0.41510644 -2.14519781 -0.51082562
 -2.18883826 -0.38138014 -1.10706557 -1.70919245 -3.22629289 -2.32935894
 -0.55832619 -0.33906227 -1.40199107 -0.7565843  -3.10740182 -1.03439241
 -1.26179936 -1.6804128  -0.84456334 -0.79307489]
log likelihood =  -11933.097099577382
Edge derivatives =  [0.7994174221672239, 7.6811790735151515, -0.035396009518630756, 2.207635150344961, 0.20472230664758162, 2.255360021508553, 1.2356261497509, 4.958478302566861, -3.058917954090185, -4.108033857662322, 2.7605832151748064, -4.109722017977532, 0.3728093115410025, 2.39692685855056, -2.9928016011499503, -1.8545568056326922]
other derivatives: [  5.06042852 -10.0757461   10.79279173   7.32470653  -0.05275069
   0.        ]
Current x array =  [-0.74117848 -0.77652443 -0.6516877   0.40723946 -2.13957943 -0.51082562
 -2.17211034 -0.39022892 -1.15772281 -1.64213235 -3.21207003 -2.27625271
 -0.55470741 -0.33016751 -1.42139979 -0.75122403 -3.07085745 -1.02215962
 -1.24379151 -1.68531761 -0.84637247 -0.79596053]
log likelihood =  -11932.570834656948
Edge derivatives =  [0.18958490020640179, 6.04418490646141, -0.2042105861245097, 0.3383990672409405, 0.0184077232639005, 1.4145009064387262, 0.2833975149402377, 1.647974831982688, -2.9619639947584755, -2.5214373168596538, 2.6299914176771564, -3.75023015478819, -0.886306961440901, 2.0503829914405785, -1.5944854352837528, -0.49756896321257127]
other derivatives: [ 2.40233931 -5.05533535  5.21758921  6.69351721 -2.20115908  0.        ]
Current x array =  [-0.74059423 -0.78057616 -0.6486974   0.41082387 -2.13906133 -0.51082562
 -2.15375468 -0.37587553 -1.16662533 -1.59291268 -3.20073099 -2.23689814
 -0.55490173 -0.31619155 -1.42344507 -0.75928137 -3.04493178 -1.02649518
 -1.23346759 -1.68161492 -0.85474328 -0.80352567]
log likelihood =  -11932.158455828534
Edge derivatives =  [-0.3846373499117191, 0.6359270997256674, 0.22899213401514873, -0.9260163498994387, -0.03169597846736383, 0.8490968492138246, 0.3274931698244312, -0.8755777380924799, -1.6417566988783967, 0.8028486602104503, 2.587340723864683, -1.9599136326506317, -3.30135013928919, 0.48952653148556546, 1.2574708298447117, 2.0174962076750487]
other derivatives: [ 9.49858077  1.13395799  2.9869625  -1.25455699  3.66799213  0.        ]
Current x array =  [-0.7417209  -0.78561918 -0.64609642  0.42619888 -2.1513312  -0.51082562
 -2.13701378 -0.32167041 -1.17799598 -1.55383215 -3.1907525  -2.198678
 -0.55595246 -0.30010672 -1.43871381 -0.7734015  -3.01113944 -1.03755379
 -1.21472124 -1.6603611  -0.8691162  -0.81417166]
log likelihood =  -11932.688351503266
Edge derivatives =  [-0.985967051260606, -1.3975047197123, -0.5447255771191263, -2.4492963220403245, -0.1649293384423146, -0.023657660212529796, -1.0077685955203766, -2.7846703014041982, -1.4486416704508742, 0.006454887846390811, 2.219314961721735, -1.3597913318548194, -2.8662116563638627, 0.027197287757243505, 0.19460120763593058, 0.10509042573606786]
other derivatives: [-65.67261153   5.14319254   0.21918822   5.05187927  -3.72401701
   0.        ]
Current x array =  [-0.72008068 -0.79045315 -0.64644518  0.42477    -2.14470516 -0.51082562
 -2.12834474 -0.30884428 -1.1863689  -1.52921394 -3.18416301 -2.17128648
 -0.55571554 -0.2987887  -1.44972472 -0.77385705 -2.98359543 -1.04842539
 -1.2218725  -1.65542568 -0.86822631 -0.80926322]
log likelihood =  -11932.11906187296
Edge derivatives =  [-0.508709681665136, 0.21407370123858682, 0.07022947845980487, -1.2375494129927147, -0.05917476366887142, 0.6703677413703728, 0.049500442438387804, -1.2698554989784077, -1.6001889984859616, 0.6373397107806515, 2.5122050761604156, -1.834150973999225, -3.210254343932245, 0.3940574599374549, 1.0375859474035543, 1.6207054508894752]
other derivatives: [-5.77747414  1.9732397   2.40761437  0.03219611  2.13622116  0.        ]
Current x array =  [-0.73720859 -0.78662714 -0.64616915  0.42590094 -2.14994957 -0.51082562
 -2.13520615 -0.31899597 -1.17974186 -1.54869888 -3.18937849 -2.19296645
 -0.55590306 -0.29983189 -1.44100975 -0.77349649 -3.0053961  -1.03982068
 -1.21621239 -1.65933199 -0.86893064 -0.81314817]
log likelihood =  -11932.084027712612
Edge derivatives =  [-0.5729577526624041, 0.26953723984600253, -0.17050492281002272, -1.3562469594093067, -0.07914853635325969, 0.5814928804591959, 0.1136617104985036, -0.9483265503320042, -1.6475858853293857, 0.5734961338502491, 2.4698221903340607, -1.4622823398338787, -2.6243780747084986, 0.5278432415774379, 0.8154923014495707, 1.2841893849813424]
other derivatives: [-5.23814379  0.81945473  0.35342964 -0.15552359  0.95824362  0.        ]
Current x array =  [-0.73743997 -0.78574458 -0.64539956  0.42686822 -2.14740738 -0.51082562
 -2.13393377 -0.32033031 -1.17748677 -1.54624309 -3.18855804 -2.18978592
 -0.55712996 -0.30216327 -1.44033135 -0.77360034 -3.00227894 -1.04305948
 -1.22071773 -1.66016375 -0.86817419 -0.81171651]
log likelihood =  -11931.989285216612
Edge derivatives =  [-0.612014405210959, -0.24639243400546784, -0.20346795634438442, -1.3593680464198186, -0.08523951394710094, 0.4451270964886944, 0.24153544339026944, 0.032241947427884554, -1.0680008778365324, 0.281759056913391, 2.2878900495001706, -0.17661746622813546, -0.9187215873795459, 0.6828780688745772, 0.02100527373401695, 0.007209598359775526]
other derivatives: [-2.63662514 -1.08921085 -2.28537829 -0.67484507 -1.75750756  0.        ]
Current x array =  [-0.73825212 -0.78409482 -0.6447344   0.42880687 -2.14113465 -0.51082562
 -2.13400516 -0.31722585 -1.17901499 -1.54596478 -3.18739353 -2.18109912
 -0.55882496 -0.30875814 -1.44875998 -0.77256623 -2.98660545 -1.05352338
 -1.23467651 -1.65800368 -0.8654844  -0.80589108]
log likelihood =  -11931.926089367102
Edge derivatives =  [-0.5446502389708999, -0.7622260497994584, 0.19161839536817815, -1.2504841544481053, -0.07866726786707023, 0.29983176572582876, 0.19689899765977126, 0.4313030087522103, -0.20963460996169758, 0.062220762552447795, 2.069714852785052, 0.6961101546308595, 0.27323569326471, 0.5981161962877914, -0.4629590825576836, -0.778887840220476]
other derivatives: [-0.36488927 -1.22308847 -2.2140739  -0.19335857 -1.80698407  0.        ]
Current x array =  [-0.73893956 -0.78380266 -0.64507304  0.42736474 -2.14073767 -0.51082562
 -2.1356029  -0.31237444 -1.18542527 -1.54719403 -3.18629431 -2.17072858
 -0.55789847 -0.31094141 -1.46147912 -0.7707879  -2.96516463 -1.06038454
 -1.24467118 -1.65265655 -0.86404869 -0.80211284]
log likelihood =  -11931.856532880833
Edge derivatives =  [-0.3505571444924136, -0.7367499582840739, 0.5921924369865699, -0.8248974920255878, -0.07083765004381182, 0.07345261501734013, 0.1313380864321536, 0.7076172247500572, 0.6405502783816591, -0.25088900227990774, 1.7374204549952306, 0.982952225339947, 1.2372161587528085, 0.22819278881241623, -0.6488620152907087, -0.9623691849480362]
other derivatives: [ 0.57243597 -1.11231202 -0.48403308 -0.66211214 -0.49549271  0.        ]
Current x array =  [-0.73901427 -0.7837392  -0.64597265  0.42748667 -2.14233983 -0.51082562
 -2.14064108 -0.3116294  -1.1903881  -1.55632536 -3.18586948 -2.15919569
 -0.55577269 -0.31160362 -1.47525973 -0.76823664 -2.93160424 -1.06331514
 -1.25345055 -1.64400672 -0.86463587 -0.80187185]
log likelihood =  -11931.80847796942
Edge derivatives =  [-0.1266232818341394, -0.8488802632526199, 0.7628645773474284, -0.285307273313407, -0.07799835298471358, -0.36386832034405037, -0.4431850097358989, -0.5239536193538097, 1.476763350282948, -0.18448599932943344, 1.1410355239214232, 0.7304527150822947, 1.4527946479933047, -0.5955952133389615, -0.2875711673084012, -0.5127767415306117]
other derivatives: [ 4.26061888  6.14254532 -3.17268132  2.84835551 -2.27792043  0.        ]
Current x array =  [-0.74052633 -0.78850453 -0.64516327  0.41989013 -2.14107597 -0.51082562
 -2.14876873 -0.30967416 -1.19146161 -1.57260794 -3.18549435 -2.14236998
 -0.55098017 -0.30539431 -1.48926354 -0.76742507 -2.87246092 -1.06318004
 -1.25620264 -1.62999935 -0.86900893 -0.80579113]
log likelihood =  -11931.760834301034
Edge derivatives =  [-0.02206885665036562, -0.5172672108750024, 0.4568598011237378, 0.07146595822685575, -0.10520040454861002, -0.5737304808844031, -0.4907611481116232, -0.6380308200570868, 1.4030509712887174, -0.19859185805520418, 0.8450501137534492, 0.36423532243499623, 1.23479754379455, -1.1174848074427568, -0.011325778089007144, 0.034105397928043235]
other derivatives: [ 0.95042196 -3.00042302  1.0635631   1.04828359  0.34942786  0.        ]
Current x array =  [-0.7393703  -0.78248235 -0.64661141  0.42281294 -2.14481662 -0.51082562
 -2.15361229 -0.31227354 -1.1867699  -1.5844056  -3.18621058 -2.13826402
 -0.5500308  -0.30383098 -1.49097355 -0.767987   -2.84624862 -1.06178541
 -1.25630428 -1.62473102 -0.87215142 -0.80969416]
log likelihood =  -11931.73881760715
Edge derivatives =  [-0.01786751602426101, -0.028143783398515976, 0.03710090665476118, 0.22908579075433777, -0.10066291247739345, -0.4915699699911401, -0.29819251451094075, -0.4710189460242864, 0.9153589406624774, -0.09214920337970423, 0.9033126047558341, 0.06454661147088958, 0.9204248203303227, -1.023929566314607, 0.1689282544559294, 0.3098197127130371]
other derivatives: [-0.02328306 -1.04973878  1.66237442  0.43728505  0.55988494  0.        ]
Current x array =  [-0.73893876 -0.78383575 -0.64672875  0.42422489 -2.14480603 -0.51082562
 -2.15471069 -0.3166154  -1.17935261 -1.58939797 -3.1875329  -2.14462028
 -0.55095371 -0.30417763 -1.48314109 -0.76899165 -2.85042463 -1.05952311
 -1.25342369 -1.62747876 -0.87270432 -0.81114852]
log likelihood =  -11931.720519690545
Edge derivatives =  [0.017990895983741317, 0.30484689454293157, -0.3366558853679147, 0.40038009013193787, -0.1041691977669128, -0.5134454186541076, -0.08007308584553274, -0.38922185277503285, 0.43561559035311886, 0.19389805361392698, 0.7877153278877644, -0.2959779508251595, 0.3057647132245579, -0.9520267110968734, 0.40081490690066623, 0.5676897071951199]
other derivatives: [-0.92550181 -0.21373125 -2.73066689  0.18098945  0.3090463   0.        ]
Current x array =  [-0.73872003 -0.78446523 -0.64469057  0.42533927 -2.14459756 -0.51082562
 -2.15646483 -0.31926307 -1.1720057  -1.59459437 -3.18854942 -2.14750959
 -0.55191011 -0.30393415 -1.47499086 -0.77056725 -2.83899608 -1.05741957
 -1.24754059 -1.63028367 -0.87400107 -0.81283193]
log likelihood =  -11931.71022828589
Edge derivatives =  [-0.03702076981512231, 0.4271385436170423, -0.8570920249633349, 0.4036592285438767, -0.15869432718692855, -0.6915585930315195, -0.06943192156501321, -0.4037472666224744, -0.07090118714693705, 0.16624698151469897, 0.5335444206714118, -0.46767604299130444, -0.14178565868659188, -0.9183687362972641, 0.28482188934417174, 0.40182848600687016]
other derivatives: [-0.49330993  1.31603883  1.65000529 -0.02582965 -0.78325684  0.        ]
Current x array =  [-0.73883404 -0.785595   -0.64633459  0.42589757 -2.142481   -0.51082562
 -2.15747153 -0.32105918 -1.16612505 -1.59689277 -3.18869294 -2.14593259
 -0.55288281 -0.30446076 -1.46895799 -0.77161994 -2.81986413 -1.05777766
 -1.24438429 -1.6329672  -0.87463308 -0.81307969]
log likelihood =  -11931.70107579359
Edge derivatives =  [-0.030211794890537713, 0.2881952288498142, -0.7531293325350059, 0.3659074986129549, -0.16364203826466284, -0.7237082261093116, 0.03576304916562334, -0.16879251968823183, -0.058693418935313546, 0.2028324179655785, 0.430564475025823, -0.31394545577277405, -0.17185001403635847, -0.7715409266518134, 0.16403568482282815, 0.17437142269077066]
other derivatives: [-0.24865585  0.70067472  0.02819434 -0.2237357  -0.6870323   0.        ]
Current x array =  [-0.73892112 -0.78518332 -0.64561585  0.42639945 -2.14266285 -0.51082562
 -2.15719587 -0.31960338 -1.16747932 -1.59478565 -3.18846476 -2.14441777
 -0.55340659 -0.30548814 -1.46864211 -0.77161838 -2.81166487 -1.05920746
 -1.24359737 -1.63491649 -0.87421443 -0.81198769]
log likelihood =  -11931.689050251232
Edge derivatives =  [-0.02760511163547308, -0.11362435234386303, -0.42009500553371737, 0.21543908688305158, -0.1758529471105491, -0.752757817976047, 0.19078157375475802, 0.2517933340325742, -0.02983711370672304, 0.17987094101825996, 0.21252585074074992, 0.043920152792699896, -0.28482841295239336, -0.3701528665173508, -0.14965802823434404, -0.35663063106978043]
other derivatives: [ 0.50677045 -0.33032848 -1.07756932 -0.30304363 -0.29376679  0.        ]
Current x array =  [-0.7391745  -0.78451855 -0.64508512  0.42646331 -2.1435095  -0.51082562
 -2.15622645 -0.31557531 -1.17252606 -1.58835366 -3.18812954 -2.14239181
 -0.55421582 -0.30742053 -1.46821675 -0.77116132 -2.79488668 -1.06238731
 -1.24155387 -1.64048806 -0.87302961 -0.80941468]
log likelihood =  -11931.684585592695
Edge derivatives =  [-0.02775922605798875, -0.2270701629084525, -0.26232470083162773, 0.11298816209021756, -0.1670233036410682, -0.6794000473936701, 0.1102783806969656, 0.18036111075427907, -0.05805292600603351, 0.03294341326094008, 0.12465632845584494, 0.16615119956037816, -0.20698285988992826, -0.08192679711572204, -0.1933737382661927, -0.3848193444244603]
other derivatives: [-3.17231752 -0.22955646 -0.97425072  0.40345185 -0.25465852  0.        ]
Current x array =  [-0.73809458 -0.78467286 -0.64525668  0.4253688  -2.14399381 -0.51082562
 -2.15612185 -0.31460704 -1.17531172 -1.58560727 -3.18884535 -2.14515615
 -0.55390869 -0.30735278 -1.46739835 -0.77046001 -2.78728053 -1.06345958
 -1.2416346  -1.64443787 -0.87306568 -0.80963389]
log likelihood =  -11931.67951183514
Edge derivatives =  [-0.0014852142806647262, -0.19895231612063646, -0.052517395165298186, 0.06545342586928826, -0.15245804008068442, -0.5407192974436008, 0.102784063460853, 0.18386144757076472, -0.11390731992396352, -0.04119256715988007, 0.089958743626034, 0.24109852365455958, -0.16960008954531713, 0.24348491782486237, -0.11331051685037163, -0.19778693220834676]
other derivatives: [-0.58062142 -0.23501343  0.01164153  0.33978722  0.43655746  0.        ]
Current x array =  [-0.73882345 -0.78459913 -0.64563735  0.42490665 -2.14505748 -0.51082562
 -2.15606253 -0.31449904 -1.1776876  -1.58320852 -3.18988652 -2.14981547
 -0.55358716 -0.30705874 -1.46557472 -0.76980251 -2.78278446 -1.06360826
 -1.24113905 -1.64882011 -0.87333765 -0.81053358]
log likelihood =  -11931.677349596503
Edge derivatives =  [0.02490386803731648, -0.05368487650601783, -0.00450057921436664, 0.09423253741133819, -0.13537714249155397, -0.4391654423235024, 0.025479918561201353, 0.03113963437608902, -0.14253588386044957, -0.09539948002254395, 0.09562336189404806, 0.16426793216625296, -0.0847471285327216, 0.33734582331473817, 0.023785870597539338, 0.07299471355787679]
other derivatives: [0.00909495 0.07348717 0.3772584  0.33396645 0.5844413  0.        ]
Current x array =  [-0.73896547 -0.78476449 -0.6458192   0.42476774 -2.145214   -0.51082562
 -2.1566772  -0.31573879 -1.17780649 -1.58408625 -3.19089734 -2.15375674
 -0.5529989  -0.30623369 -1.46471166 -0.76944483 -2.78180432 -1.06274675
 -1.24162631 -1.64994752 -0.87397649 -0.81199733]
log likelihood =  -11931.675103179945
Edge derivatives =  [0.04309613956697944, 0.03531830436166572, 0.053953698141720574, 0.091415115255296, -0.11246222073848466, -0.3133900392514477, -0.12076684199336074, -0.18612396905715256, -0.13442228747905383, -0.1527794646711178, 0.08154272311831959, 0.0554091405297642, 0.01965269575685813, 0.38569140036585514, 0.07933930742419426, 0.22099606098667657]
other derivatives: [ 0.29849616 -0.11732482  0.2408342   0.17644197  0.0682121   0.        ]
Current x array =  [-0.73904122 -0.78458909 -0.64582375  0.42525757 -2.1441439  -0.51082562
 -2.15723309 -0.31682002 -1.1783762  -1.58449322 -3.19225546 -2.15873201
 -0.55235244 -0.30551429 -1.46447559 -0.76920523 -2.77984277 -1.06179258
 -1.24250952 -1.65043371 -0.87440629 -0.81302105]
log likelihood =  -11931.673213009397
Edge derivatives =  [0.07907566748967076, 0.13089001690449042, 0.15313068164069799, 0.14317280368707452, -0.07344304381867706, -0.16123312510030907, -0.10849094024899197, -0.1642965049942373, -0.0176445303422883, -0.03808092022921761, 0.04263813190844418, -0.0540619785218156, 0.10424135644858823, 0.28554966902803924, 0.13555970002319617, 0.2791328886669895]
other derivatives: [ 0.1895387   0.50731614  0.19626896 -0.31268428  0.24174369  0.        ]
Current x array =  [-0.73889731 -0.78498342 -0.64584458  0.42626455 -2.14413832 -0.51082562
 -2.15792251 -0.31754671 -1.17894139 -1.58520417 -3.19404094 -2.16427166
 -0.55216142 -0.30549956 -1.4655777  -0.7696054  -2.77587523 -1.06067242
 -1.24339213 -1.64859895 -0.87477732 -0.81341036]
log likelihood =  -11931.671951099393
Edge derivatives =  [0.07353574742560087, 0.14081920154192773, 0.11745529909737162, 0.13054092009896068, -0.04825994951122636, -0.032316383594532816, -0.08036769451887515, -0.0739141770867362, -0.009112400633207507, 0.019286173942683504, -0.002658692752761427, -0.14601661575915376, 0.04628770436220453, 0.12548082867347032, 0.05585235502545949, 0.12732606408985436]
other derivatives: [-0.12623786 -0.79780875  0.16989361 -0.16916601 -0.09749783  0.        ]
Current x array =  [-0.73886277 -0.78409825 -0.64586943  0.42606834 -2.14345765 -0.51082562
 -2.15810854 -0.31798131 -1.17836473 -1.58513682 -3.19581646 -2.16981316
 -0.55257157 -0.3062197  -1.46569924 -0.7701088  -2.77271058 -1.05994576
 -1.24346449 -1.64667556 -0.87463515 -0.81284784]
log likelihood =  -11931.671395934638
Edge derivatives =  [0.06488950081701866, 0.06487864280103928, 0.13487634861336428, 0.11169352343282313, -0.03928758086846018, -0.008689775387378584, -0.011952187465860353, 0.050416952575681684, 0.06353002584049611, 0.06760484011584467, -0.022244687859686307, -0.06761855314864668, 0.06702085860969709, 0.0636931651107262, -0.015519170942725813, -0.04020704889275928]
other derivatives: [ 0.16334525  0.13915269 -0.43419277  0.07748895 -0.27575879  0.        ]
Current x array =  [-0.73897586 -0.78472016 -0.64564755  0.42560326 -2.14325374 -0.51082562
 -2.15776772 -0.31726497 -1.17856168 -1.58413047 -3.19612006 -2.17024273
 -0.5529381  -0.30684007 -1.46651004 -0.77023121 -2.7713855  -1.06045212
 -1.2436384  -1.64552212 -0.87424947 -0.81191152]
log likelihood =  -11931.671196938849
Edge derivatives =  [0.05684123742820235, 0.04680683316162004, 0.11101005327464797, 0.10533121289438485, -0.042753419930802505, -0.02181583657956132, 0.013692777806439738, 0.08524102350196916, 0.054853414808472334, 0.06048782984015588, -0.013286760993973273, -0.04343430735298037, 0.037634337966466536, 0.03830884259140355, -0.022565995507633052, -0.056013723617564626]
other derivatives: [-0.00109139 -0.00691216  0.0003638   0.04856702 -0.06129994  0.        ]
Current x array =  [-0.73891702 -0.78464257 -0.64580324  0.4255845  -2.14364299 -0.51082562
 -2.15759021 -0.31705261 -1.17834242 -1.58392683 -3.19600694 -2.16973962
 -0.55306372 -0.30692345 -1.46652    -0.77020867 -2.77220476 -1.06061859
 -1.24346817 -1.64528322 -0.87417416 -0.81176652]
log likelihood =  -11931.671103292729
Edge derivatives =  [0.04972559283911643, 0.03272558717360463, 0.0940077033935166, 0.0929676336923746, -0.04281779037101474, -0.017822134832504832, 0.02591924169758042, 0.09484330407116337, 0.045993372921370956, 0.04730167621904302, -0.006370253879754019, -0.021046188840521507, 0.018714544845288783, 0.02698946941272684, -0.021906038594078914, -0.05640957825238946]
other derivatives: [-0.03074092 -0.09767973  0.07585186  0.05729817  0.04438334  0.        ]
Current x array =  [-0.73891119 -0.78459369 -0.64581675  0.42553194 -2.14386725 -0.51082562
 -2.15740929 -0.31689912 -1.17814489 -1.58358403 -3.19608385 -2.16987098
 -0.55313725 -0.3069191  -1.46639069 -0.77012696 -2.77267803 -1.06073668
 -1.24331859 -1.64518786 -0.87413065 -0.81171541]
log likelihood =  -11931.670942846024
Edge derivatives =  [0.029999936528822768, -0.0032412604822201763, 0.04618241670793677, 0.05523498978805019, -0.0410912623407409, 0.0017061761709861178, 0.02108684204158462, 0.06332813401902548, 0.022190736433535863, 0.0023621226327756872, 0.0022508144087049625, 0.01519592497522182, -0.019741287772411686, 0.0006035426235468933, -0.023311138595596526, -0.051897016025250764]
other derivatives: [-0.02619345 -0.08949428  0.28667273  0.03747118  0.07948984  0.        ]
Current x array =  [-0.7389184  -0.78462612 -0.64586776  0.42556648 -2.14401369 -0.51082562
 -2.15700146 -0.31660175 -1.17764131 -1.58271671 -3.19647714 -2.17068943
 -0.55321495 -0.30675973 -1.46603157 -0.76989766 -2.77319032 -1.06092314
 -1.24304432 -1.64496532 -0.87406665 -0.81169272]
log likelihood =  -11931.670965724581
Edge derivatives =  [0.017545710927064972, -0.01794404584804654, 0.0181100072681859, 0.018935142552279682, -0.035643994413294355, 0.027700564150355822, 0.021270704959114095, 0.022665376410102134, 0.0017306213944171533, -0.018570994075949088, 0.014074521323682282, 0.048889662579566395, -0.0346142312208364, 0.013785759089337546, 0.013961365482045962, 0.013028819775468214]
other derivatives: [-0.07312337 -0.21136657 -0.52150426 -0.02364686  0.19608706  0.        ]
Current x array =  [-0.7389164  -0.78456427 -0.64548982  0.42574392 -2.1443443  -0.51082562
 -2.15656185 -0.31638966 -1.17714824 -1.58171542 -3.19697862 -2.17158775
 -0.55323349 -0.30644716 -1.46541098 -0.76966462 -2.77350605 -1.0610223
 -1.24273481 -1.64515095 -0.8741179  -0.81193436]
log likelihood =  -11931.670890111134
Edge derivatives =  [0.024333326759782226, -0.009931001249578464, 0.03341107940874255, 0.03872185956476182, -0.03861126184242569, 0.013542380871662929, 0.02117597403482474, 0.04482421197392217, 0.012882172331110442, -0.0071630207647723765, 0.00763280283739827, 0.03053301795890917, -0.026508169462270637, 0.006604903645846427, -0.0063448932908456435, -0.022345323734723976]
other derivatives: [-0.04747562 -0.14479156 -0.08076313  0.00964064  0.13278623  0.        ]
Current x array =  [-0.73891749 -0.78459797 -0.64569577  0.42564723 -2.14416414 -0.51082562
 -2.1568014  -0.31650523 -1.17741692 -1.58226105 -3.19670535 -2.17109823
 -0.55322339 -0.30661749 -1.46574916 -0.76979161 -2.773334   -1.06096827
 -1.24290347 -1.6450498  -0.87408997 -0.81180269]
log likelihood =  -11931.67084777269
Edge derivatives =  [0.015592265224248947, -0.02115234573744007, 0.01009817783741973, 0.021643936639029082, -0.03719913849401901, 0.02328072014606386, 0.0034757212265184023, 0.0075958745979836095, 0.0039099179263241135, -0.025410829086257802, 0.008129353818643131, 0.03215119278608741, -0.032494098544759376, -0.0042754707347993914, -0.0064810810844219136, -0.015278400912269507]
other derivatives: [-0.00727596 -0.03074092  0.00563887 -0.00454747  0.04256435  0.        ]
Current x array =  [-0.73893232 -0.78468226 -0.64572338  0.42570736 -2.14403259 -0.51082562
 -2.15665802 -0.31645861 -1.17718899 -1.58194812 -3.19695407 -2.17155561
 -0.55320668 -0.30648962 -1.46561427 -0.76971755 -2.77332076 -1.06096696
 -1.24288694 -1.64493516 -0.87409331 -0.81185496]
log likelihood =  -11931.670834014145
Edge derivatives =  [0.013119590277636095, -0.019703916157341683, 0.0030617958434197012, 0.01618444966046062, -0.0366240945086701, 0.02376943216348848, -0.005442000602360331, -0.008059866919037706, 0.002078507466376056, -0.0223559953512229, 0.006988266366304119, 0.02280230045412246, -0.024995470396433572, -0.003337323127068359, -0.004626152826025742, -0.008489223689392311]
other derivatives: [-0.01564331  0.018008   -0.01000444 -0.00345608 -0.00800355  0.        ]
Current x array =  [-0.73893143 -0.78471466 -0.64571916  0.42572716 -2.14394783 -0.51082562
 -2.15661252 -0.31649795 -1.17713059 -1.58186228 -3.19707572 -2.17161492
 -0.55319041 -0.30644397 -1.46557882 -0.76974504 -2.77323048 -1.060908
 -1.24295212 -1.64493361 -0.87411387 -0.81190773]
      fun: 11931.670834014145
 hess_inv: <22x22 LbfgsInvHessProduct with dtype=float64>
      jac: array([ 0.01564331, -0.018008  ,  0.01000444,  0.00345608,  0.00800355,
       -0.        , -0.01311959,  0.01970392, -0.0030618 , -0.01618445,
        0.03662409, -0.02376943,  0.005442  ,  0.00805987, -0.00207851,
        0.022356  , -0.00698827, -0.0228023 ,  0.02499547,  0.00333732,
        0.00462615,  0.00848922])
  message: b'CONVERGENCE: REL_REDUCTION_OF_F_<=_FACTR*EPSMCH'
     nfev: 58
      nit: 51
   status: 0
  success: True
        x: array([-0.73893143, -0.78471466, -0.64571916,  0.42572716, -2.14394783,
       -0.51082562, -2.15661252, -0.31649795, -1.17713059, -1.58186228,
       -3.19707572, -2.17161492, -0.55319041, -0.30644397, -1.46557882,
       -0.76974504, -2.77323048, -1.060908  , -1.24295212, -1.64493361,
       -0.87411387, -0.81190773])
