number of sites to be analyzed:  167
Successfully loaded parameter value from ./save/MG942321SN1unswap.txt
log likelihood =  -1981.716530519632
Edge derivatives =  [-0.00010478813987958857, -0.006178667669421489, -0.006050358838109227, -0.011139050683176277]
other derivatives: [ 0.03549303 -0.01648459 -0.00943601  0.00238742  0.00027285 -0.00093223]
Current x array =  [-0.60545596 -0.80669058 -0.47038456  0.40544348 -2.48346513 -2.46065527
 -2.59227663 -0.7562441   0.20255379 -0.2563946 ]
log likelihood =  -1982.4900734043313
Edge derivatives =  [0.028743846899525388, 0.18690536781973588, -0.13174670586395454, 0.535466661295118]
other derivatives: [-3.96441692e+01  6.52028120e+00  5.96032805e+00 -7.74434739e-02
  1.43381840e-01  1.57569957e-02]
Current x array =  [-0.56996293 -0.82317518 -0.47982057  0.4078309  -2.48319228 -2.4615875
 -2.59238142 -0.76242277  0.19650343 -0.26753365]
log likelihood =  -1981.7165294043944
Edge derivatives =  [-6.610636675585119e-05, -0.005940546335985307, -0.006131839634031966, -0.010456565947746133]
other derivatives: [-0.00909495 -0.0084583  -0.00197815  0.00218279  0.00047748 -0.00088676]
Current x array =  [-0.60541338 -0.80671036 -0.47039588  0.40544634 -2.4834648  -2.46065639
 -2.59227676 -0.75625151  0.20254653 -0.25640797]
      fun: 1981.7165294043944
 hess_inv: <10x10 LbfgsInvHessProduct with dtype=float64>
      jac: array([ 9.09494702e-03,  8.45830073e-03,  1.97815098e-03, -2.18278728e-03,
       -4.77484718e-04,  8.86757334e-04,  6.61063668e-05,  5.94054634e-03,
        6.13183963e-03,  1.04565659e-02])
  message: b'CONVERGENCE: REL_REDUCTION_OF_F_<=_FACTR*EPSMCH'
     nfev: 3
      nit: 1
   status: 0
  success: True
        x: array([-0.60541338, -0.80671036, -0.47039588,  0.40544634, -2.4834648 ,
       -2.46065639, -2.59227676, -0.75625151,  0.20254653, -0.25640797])
