number of sites to be analyzed:  580
log likelihood =  -22332.64746268982
Edge derivatives =  [264.21238986654976, 185.50228836747772, 260.0175167959352, 219.37240887682427, 209.24116510534483, 123.63574150121923, 435.36608015907314, 326.6654845249664, 105.75208591680114, 213.30805020202658, 313.0709067406639, 357.2595965492198]
other derivatives: [ -25.81364242  168.15502022 -301.08349165   76.82829164 -863.1082892
  359.07032725]
Current x array =  [-0.69230462 -0.71489642 -0.60644262  0.74193734 -0.10536052 -0.51082562
 -4.60517019 -4.60517019 -4.60517019 -4.60517019 -4.60517019 -4.60517019
 -4.60517019 -4.60517019 -4.60517019 -4.60517019 -4.60517019 -4.60517019]
log likelihood =  -21168.317418637005
Edge derivatives =  [252.61458773466083, 187.67734729647748, 260.93984452925537, 215.23099780153458, 209.0595306566057, 119.00323872375589, 439.80640400774183, 319.25559707761744, 100.83432307166714, 215.29644314780307, 313.3557566103794, 355.3109938526696]
other derivatives: [ 224.72959245  218.63816073 -181.83018256  -39.04533514 -499.17616707
  311.50884752]
Current x array =  [-0.71210372 -0.71438645 -0.83737406  0.80086475 -0.76736573 -0.50506481
 -4.40251893 -4.46288968 -4.4057364  -4.43691126 -4.44468193 -4.51034141
 -4.27124382 -4.35461732 -4.52405819 -4.44156263 -4.36504438 -4.3311516 ]
log likelihood =  -21948.04149130039
Edge derivatives =  [-15.774213845965662, 97.8731220147576, -9.17867569577923, -9.77830481101061, 7.899298326875179, -23.106144484290933, -180.21534951276973, -65.82990159528956, -29.498185826192255, 60.394295314224976, -68.94773823021902, -118.11349560464173]
other derivatives: [-41662.02197666 -32299.03995816    812.94419942    197.38581614
    813.45497165    199.42017389]
Current x array =  [-0.05       -0.05       -1.9245169   0.58502563 -3.75643427 -0.29668238
 -2.91134047 -3.35637746 -2.86701995 -3.16712172 -3.21178001 -3.80797129
 -1.67814183 -2.47096044 -3.92879947 -3.17215006 -2.5171381  -2.23554621]
log likelihood =  -18619.00484250193
Edge derivatives =  [219.4357557178232, 177.2628642794093, 242.87076644915368, 184.55654452259608, 189.0542357612863, 92.9062557244195, 406.92461773342274, 267.93791469508886, 74.78514052819787, 211.7705255576629, 281.0558888077664, 316.4827689858844]
other derivatives: [-3416.67073371   967.62341855   254.59630706  -362.5977115
   318.80445022   219.16021069]
Current x array =  [-0.35353643 -0.35458293 -1.4261245   0.68397544 -2.38611845 -0.39221372
 -3.59495993 -3.8636496  -3.57243285 -3.74924711 -3.77699455 -4.12996755
 -2.86692979 -3.33450866 -4.20169132 -3.75410263 -3.36429673 -3.19626062]
log likelihood =  -19379.099151027884
Edge derivatives =  [6.004927060996483, 88.40897395117243, 0.5387371057020681, -13.126356291623457, 25.02297697212224, 0.372416708051279, -326.5974452711228, -99.23952167104287, -14.607065474688694, 69.83218375781132, -90.28126787848487, -197.00823327241142]
other derivatives: [  -310.03910408 -20531.81815427   1350.10341182   -563.02669691
    934.49707492     89.81987776]
Current x array =  [-0.66965324 -0.05       -2.2627248   0.40308831 -4.78262593 -0.18499928
 -2.29178042 -2.89228514 -2.22271291 -2.63980437 -2.6970123  -3.51879761
 -0.59277517 -1.69029824 -3.68480302 -2.63759259 -1.74615268 -1.36192802]
log likelihood =  -17396.350285936824
Edge derivatives =  [158.0124999126466, 151.52817930737592, 183.37888303450464, 120.24410448513099, 143.12012363159866, 60.088140256800116, 224.44520377382045, 169.33593708649119, 39.502807112937205, 176.58423275721128, 189.05656460256085, 196.82066598391916]
other derivatives: [ -483.12213039 -1311.92500703   374.62668843  -154.06876628
   723.51795097   128.09687178]
Current x array =  [-0.5040927  -0.20951987 -1.82457033  0.55019793 -3.52749791 -0.29352415
 -2.97429743 -3.40101994 -2.92960464 -3.22085521 -3.26263373 -3.83888696
 -1.78382306 -2.55142411 -3.95551404 -3.2223448  -2.59362675 -2.32262698]
log likelihood =  -16928.37528808466
Edge derivatives =  [166.47120427480596, 147.90378813436698, 183.28147442692222, 115.16123854997285, 143.684962475647, 59.55814165283189, 185.12204164096084, 157.47608978865634, 37.5098435847432, 171.1163120093495, 180.69513722934016, 177.972601785129]
other derivatives: [-160.37447494 -233.9380444   353.47111407 -159.72764231  765.6730304
   99.58239389]
Current x array =  [-0.62871889 -0.42305298 -1.86143361  0.46546388 -3.68564753 -0.23252475
 -2.77030995 -3.24193798 -2.71304281 -3.04840252 -3.09009658 -3.7452862
 -1.43122778 -2.2974474  -3.87826144 -3.03914471 -2.33886915 -2.03687421]
log likelihood =  -16149.521203873272
Edge derivatives =  [129.64846539695517, 118.1155957885015, 121.83223483620559, 61.836066122220515, 98.97750695302148, 35.856317210676465, -65.76522082777294, 54.16896870374167, 13.92933305936187, 118.39600324419744, 59.257550508270675, 2.299774970995756]
other derivatives: [476.77640396 -79.13404261 678.92433435 -75.78983059 743.5290172
 -41.10897862]
Current x array =  [-0.75575325 -0.62691605 -1.83315706  0.14490249 -3.74856117 -0.02182223
 -2.18487109 -2.77827983 -2.08570724 -2.55949636 -2.5909791  -3.48100885
 -0.444988   -1.58194378 -3.66371792 -2.50593092 -1.61129308 -1.23025306]
log likelihood =  -15151.723991664048
Edge derivatives =  [164.67924318515233, 102.08489953977251, 111.79020574849234, 53.63956989073078, 90.81155484504447, 33.528392509624595, -147.3782633305036, 30.92711586435571, 9.891336099301846, 76.33960555984216, -1.5429289748669734, -48.80179892761062]
other derivatives: [ 920.96342996  329.40133678 -488.04595281  429.13616198  -17.59672159
 -418.11490519]
Current x array =  [-1.04811035 -0.83551432 -0.52593368 -0.32102038 -2.21410587  0.2841638
 -1.6943005  -2.34877404 -1.56921193 -2.21133841 -2.17855779 -3.29369495
 -0.0197891  -1.13205742 -3.53574783 -2.03978363 -1.14232    -0.8101074 ]
log likelihood =  -14698.124674126462
Edge derivatives =  [131.17019561563617, 96.67465263627494, 98.53929037140462, 50.721564525061304, 83.68499891592883, 30.405323087273462, -99.29036268534544, 21.93078899007921, 11.06142852933494, 83.65855656994435, 17.830335912182758, -20.474311713314364]
other derivatives: [ 771.60566434  115.7341103   352.8130037   146.26657503  186.71998987
 -188.39455151]
Current x array =  [-0.88623887 -0.72778291 -0.9338976   0.08853186 -2.41869641 -0.11716405
 -1.55615565 -2.26738215 -1.48268765 -2.16919227 -2.10794146 -3.26657521
 -0.15875726 -1.11086853 -3.52776976 -1.98018479 -1.15405974 -0.86222069]
log likelihood =  -14285.770226468627
Edge derivatives =  [65.55974163106845, 73.1240230358814, 40.63066130903014, 28.001209139232742, 48.580164658631496, 18.239066017550655, -120.40954631270323, -34.149912134935796, 4.932635616342562, 44.3080670647217, -31.03459960657614, -57.33806931770074]
other derivatives: [  90.40741134 -297.45442589  426.88134272   15.89287422   67.46104191
  -98.77967386]
Current x array =  [-0.69276887 -0.61114968 -0.80310022  0.50540249 -2.2574559  -0.59743027
 -1.07608422 -1.91648873 -1.075284   -1.91050705 -1.7772254  -3.12014713
 -0.11179198 -0.83421795 -3.44018247 -1.64359499 -0.91472084 -0.69307622]
log likelihood =  -14175.461583849028
Edge derivatives =  [27.11999875713073, 60.23109763093484, 9.15653308111821, 19.098032155002244, 35.15751623789272, 13.326415599503465, -89.5735405833483, -50.102268259141, 3.7182358889471527, 17.785536996478704, -39.10071213240029, -42.84157225163059]
other derivatives: [-325.18582884 -399.85243347 -369.59427234  -27.67555998 -119.95471141
  -41.78400559]
Current x array =  [-0.63503657 -0.60288499 -0.49434895  0.78724757 -2.00744848 -0.97312949
 -0.76768847 -1.67234309 -0.83274012 -1.76269593 -1.56791824 -3.03418638
 -0.24682906 -0.73934272 -3.39838699 -1.43710846 -0.84190128 -0.69126576]
log likelihood =  -14123.825484355477
Edge derivatives =  [30.760730419070935, 62.04793732667987, 15.704899384691142, 23.280278475382993, 37.469236793847315, 14.045353723919083, -65.86681282051278, -38.42815148418239, 5.032200530339407, 22.683983180395252, -25.105821454466593, -28.505646315413337]
other derivatives: [ -74.44632502 -189.78425942   34.00364221  -42.863212    -59.92460501
  -36.35959729]
Current x array =  [-0.67239853 -0.66336206 -0.59559596  0.76159406 -2.05933256 -0.97735986
 -0.77967434 -1.66891581 -0.84914892 -1.76938004 -1.57170973 -3.03677087
 -0.28703689 -0.77229757 -3.40166501 -1.44758804 -0.86875533 -0.7175735 ]
log likelihood =  -14096.815182264161
Edge derivatives =  [14.973714504722405, 57.7945470500114, 5.798252403744588, 21.185421433300515, 30.169116998750077, 11.792072628708478, -48.485071360628595, -37.54215697093975, 4.84203487654043, 12.041197583068813, -24.16362905432143, -22.904201808142876]
other derivatives: [ 40.0819772  -33.74352673  67.22384569 -60.22564776 -59.95407264
 -23.019129  ]
Current x array =  [-0.69624009 -0.73157485 -0.59243581  0.80235137 -2.07879023 -1.09103255
 -0.66910352 -1.56275127 -0.76296912 -1.70540278 -1.48497216 -2.999225
 -0.32647964 -0.74817612 -3.38122893 -1.36986225 -0.84266069 -0.70741408]
log likelihood =  -14076.025950489646
Edge derivatives =  [-1.4102123892210658, 54.09160971585064, -0.8260668031866193, 20.506086393054737, 21.46280521949435, 9.533465905936435, -18.53098408634605, -27.30714529216302, 5.1772654186671465, 2.073872479002953, -16.60139735706201, -10.122827285341529]
other derivatives: [ 52.69739631  65.28716767  48.12573025 -69.16379789 -21.77039278
  -6.06669346]
Current x array =  [-0.69813995 -0.78626174 -0.57449835  0.82102132 -2.16229919 -1.23134266
 -0.55399216 -1.42450649 -0.67837917 -1.63134495 -1.38397901 -2.95607672
 -0.4008496  -0.75048568 -3.35887823 -1.2903554  -0.83664606 -0.71644999]
log likelihood =  -14061.080643197642
Edge derivatives =  [-17.829425080465935, 49.38673717422831, -9.215082563554892, 17.06392965012621, 7.830731958512038, 6.65073642578457, -7.383119006862831, -20.99872761513419, 4.817494331917941, -7.767256989409487, -14.697704023198321, -9.471105159086385]
other derivatives: [-54.03599062 103.85556379  23.03258952 -16.81473805  10.61598596
  -2.75540515]
Current x array =  [-0.67712636 -0.81513739 -0.56435371  0.7193512  -2.26696296 -1.30230847
 -0.47681603 -1.25040863 -0.61208093 -1.54058558 -1.28081091 -2.90791212
 -0.42234611 -0.76080558 -3.32949181 -1.22712473 -0.82883758 -0.7024167 ]
log likelihood =  -14057.253308942178
Edge derivatives =  [-36.68554069019733, 40.74042418051405, -12.807915640473572, 14.272000947811502, -7.4115114364305335, 4.211925709711477, 35.95144951659215, 5.466800834152847, 5.871032162423754, -13.688312951414684, 4.896958219712238, 14.616580834014224]
other derivatives: [189.52596292 -15.49706212 -77.66029739  -2.15550244  55.12938515
  14.46442184]
Current x array =  [-0.74227514 -0.75734741 -0.52757781  0.67092816 -2.34520312 -1.48439794
 -0.39322393 -0.9685164  -0.54802814 -1.42152748 -1.14640895 -2.84665372
 -0.56701323 -0.84041795 -3.29789394 -1.16393391 -0.88384313 -0.76340187]
log likelihood =  -14046.439463964918
Edge derivatives =  [-33.732001075441175, 41.28022495018541, -14.1874071314011, 13.051921634096939, -6.083861851731754, 4.330215513561388, 18.71307695221026, -4.347278073571496, 5.320125255493644, -11.54284373759585, -1.5235442657038556, 4.193378595107335]
other derivatives: [ 21.39549906   1.44937076 -14.14373401  12.88608473  30.35765985
   8.03556759]
Current x array =  [-0.69960526 -0.76638583 -0.55097415  0.64701285 -2.30772307 -1.41317864
 -0.44524458 -1.00378566 -0.57932363 -1.43960894 -1.18248322 -2.85862026
 -0.51147218 -0.83072155 -3.30157445 -1.19322977 -0.87579626 -0.74390533]
log likelihood =  -14042.230091449223
Edge derivatives =  [-32.463004070097526, 39.9965925148838, -14.290335279110618, 11.624119281106971, -6.137458158054965, 4.314314925412798, 10.930962084292451, -6.937150246481429, 5.163216288880301, -8.88964117295584, -2.2177850358701954, 0.6232181129587915]
other derivatives: [-47.46198101 -13.75665306  -0.75997377  26.20417945  10.85918484
   4.84524207]
Current x array =  [-0.68447261 -0.75831565 -0.55980478  0.62370498 -2.27329434 -1.37840697
 -0.49449482 -0.97711053 -0.60743016 -1.43582428 -1.19824203 -2.86000023
 -0.49152679 -0.84546032 -3.2999147  -1.21741663 -0.88628826 -0.74443864]
log likelihood =  -14035.547230778298
Edge derivatives =  [-31.12361303467597, 34.7020945327106, -13.095718051205164, 8.714402136295455, -7.701499559536233, 4.05325035662629, 4.271159177779789, -6.139782181822262, 5.155090933817636, -4.306921680315119, 0.843495852872833, -0.706269990079414]
other derivatives: [-96.29329725 -38.97039278  13.70099199  42.53633961 -16.61574061
   1.72058208]
Current x array =  [-0.67452114 -0.74435283 -0.57032282  0.59337812 -2.2211929  -1.34875866
 -0.58396787 -0.86205779 -0.65359355 -1.40385518 -1.20698107 -2.85008388
 -0.47832139 -0.88884237 -3.28925926 -1.25341493 -0.91546236 -0.75673089]
log likelihood =  -14024.724152334273
Edge derivatives =  [-25.78985846800499, 18.067797201395052, -7.285646039392222, 3.9487924496944595, -10.080913582669513, 3.5219928566768277, -1.9203146178424035, -0.60678593498678, 5.295474239279114, 2.38754269420975, 7.985212149287099, 0.4053888756338693]
other derivatives: [-117.40175978  -41.10024747   10.74313332   50.7092409   -44.56578608
   -2.63444235]
Current x array =  [-0.6698746  -0.74117045 -0.57419636  0.58095821 -2.17042255 -1.33090686
 -0.74258186 -0.5883303  -0.72271973 -1.31754394 -1.20299549 -2.81640689
 -0.45835319 -0.96378432 -3.25818279 -1.29885904 -0.95676683 -0.77274006]
log likelihood =  -14015.393124404425
Edge derivatives =  [-4.909714130722207, -6.5495306225795655, 8.696198439256836, 2.550117881334041, -4.4497762262596705, 3.7990022217889097, -12.189242324338958, 3.340143416949394, 4.734392338214686, 6.6039316839064615, 3.864310652133997, -4.757472452607551]
other derivatives: [-125.29744708  -36.18188202   48.32545528    7.11224857    0.8756615
  -12.754208  ]
Current x array =  [-0.6631142  -0.74976809 -0.57819374  0.65395003 -2.245817   -1.30682793
 -0.98977282 -0.24745094 -0.79057072 -1.19633963 -1.22672745 -2.75872856
 -0.38397305 -1.00062964 -3.19542996 -1.32287483 -0.9287948  -0.74012375]
log likelihood =  -14015.527102123942
Edge derivatives =  [-0.8542372529522184, -3.842030104647579, 7.5058783727648875, 1.1196644947741958, 1.7090086292364453, 4.25459593494247, -19.445526023165144, -0.28941184050267177, 4.281304029162096, 4.153862880154453, -2.7417174439990455, -7.68452042937449]
other derivatives: [  21.18558768   77.44965842 -102.98426787   18.65628292  -29.19750841
  -14.99902282]
Current x array =  [-0.69818991 -0.8009867  -0.53451612  0.64906148 -2.22138643 -1.33623051
 -1.02406809 -0.23910179 -0.7576049  -1.16874679 -1.24025874 -2.73825629
 -0.36166281 -0.96078806 -3.17042664 -1.30249456 -0.88834214 -0.71684203]
log likelihood =  -14013.05370783849
Edge derivatives =  [-2.757628555400955, -5.095482855345278, 8.269520983449956, 1.9552438911347014, -1.2854855679915227, 4.046220380990144, -15.535751076992323, 1.6804599257951214, 4.531615833525012, 5.493493140263379, 0.7790866687068898, -6.027218452806377]
other derivatives: [-50.80673873  22.06943464 -22.41577022  12.67490006 -13.64587661
 -13.91726983]
Current x array =  [-0.68041226 -0.77502724 -0.55665353  0.65153918 -2.23376874 -1.32132821
 -1.00668599 -0.24333344 -0.77431318 -1.18273185 -1.23340058 -2.74863239
 -0.37297046 -0.98098123 -3.18309924 -1.31282403 -0.90884503 -0.72864205]
log likelihood =  -14011.394807305533
Edge derivatives =  [-5.754766164226748, -2.0823536761553285, 5.02542405895465, 1.9711482449752014, -3.028122712554188, 3.6373787941564175, -5.991567914554137, 3.0335560436548734, 4.53433397154612, 2.086410455252993, 0.40555957044604296, -2.9434178213555446]
other derivatives: [ 4.88544174 10.99651854 -1.60107447  2.80924723  1.08411768 -9.08639777]
Current x array =  [-0.69275886 -0.77066306 -0.55822316  0.66454795 -2.25495187 -1.36544214
 -0.96207416 -0.26275585 -0.7408055  -1.18023182 -1.21651075 -2.74303071
 -0.40047577 -0.9670619  -3.18069183 -1.28701932 -0.89964478 -0.73170117]
log likelihood =  -14011.058164347864
Edge derivatives =  [-6.450105807534826, -3.467249247997869, 3.630202455941503, 1.2855231506300584, -3.4434965795630177, 3.4080497579469045, -0.7577408450839365, 4.27381577893731, 4.507069393092033, 0.6645352530608616, 0.5593894009733146, -0.5917531475056901]
other derivatives: [ 11.68064045  -1.3902536  -17.43483153  -3.25417204   3.32038326
  -6.24095264]
Current x array =  [-0.69485508 -0.76584206 -0.55225506  0.67801042 -2.25897012 -1.39667694
 -0.95994657 -0.24482659 -0.72640868 -1.16813749 -1.21031294 -2.73384289
 -0.41746827 -0.96431647 -3.1727695  -1.27575431 -0.89703402 -0.73668243]
log likelihood =  -14010.793530443236
Edge derivatives =  [-6.5494439405824645, -4.785968502787279, 1.59147595503672, 0.06547209827251932, -3.256165956418561, 3.1862841430713953, 1.892376150743877, 3.965877396985776, 4.391797606744437, -0.5525523668677416, -0.015156219997226716, 0.6203503191254984]
other derivatives: [30.57084541  5.52208803 11.50474418 -6.18347258  2.67009455 -4.17785486]
Current x array =  [-0.69871244 -0.769155   -0.5588611   0.68119272 -2.25751282 -1.42398245
 -0.97281568 -0.23236387 -0.71273303 -1.15577535 -1.21201136 -2.72209437
 -0.427919   -0.95710394 -3.16012481 -1.26744791 -0.89289124 -0.73974842]
log likelihood =  -14010.465919374503
Edge derivatives =  [-5.868577128886284, -4.102293458718474, 0.37684242522012285, -0.5052185112200313, -2.1865250194920756, 3.169476340213133, 2.5210569259050857, 3.0208810985539376, 4.266246853618935, -1.2252766219181752, -1.0993583599654129, 0.9418001400580462]
other derivatives: [20.81560524  7.04294507  8.81482265 -6.68078428  1.52394932 -3.14248609]
Current x array =  [-0.69651909 -0.77021369 -0.55818893  0.68319312 -2.25637684 -1.44085431
 -0.98724184 -0.23595926 -0.70334159 -1.15085228 -1.21917821 -2.71405599
 -0.43194555 -0.94757739 -3.14992298 -1.26280712 -0.88772038 -0.74033777]
log likelihood =  -14009.804935143915
Edge derivatives =  [-2.317202348853169, -2.7065688809712114, -2.763722449167228, -2.685315150291922, 1.8133169809025147, 3.193552488444003, 0.4827085761282359, -1.5826904661786436, 3.754140740959645, -2.1523451581143105, -4.707786914858881, 0.17919275014428493]
other derivatives: [-4.84851626 -1.03209459  2.64644768 -3.06081347 -5.93136065 -1.19416654]
Current x array =  [-0.69134898 -0.76681536 -0.55778533  0.6780207  -2.24669993 -1.48605664
 -1.05947453 -0.24343397 -0.68250109 -1.13461783 -1.25042725 -2.68370795
 -0.43225771 -0.91645283 -3.10984476 -1.25690085 -0.874087   -0.73869859]
log likelihood =  -14009.649238317143
Edge derivatives =  [-0.8281144172272566, -1.3980995178469517, -2.297357983841856, -2.437149394974617, 2.679364578780254, 3.224115389563052, 0.4644626891810796, -2.01152959680971, 3.704613250333497, -1.5798461994231126, -3.894494831751298, 0.29787186851991954]
other derivatives: [-5.30963007 -1.12231646  1.20980985 -1.22563506 -2.4554538  -0.73268893]
Current x array =  [-0.69115574 -0.76653713 -0.55781226  0.67251104 -2.25111064 -1.49544127
 -1.07925937 -0.24964861 -0.68184975 -1.13489605 -1.25615996 -2.67363864
 -0.43122475 -0.91157551 -3.09675739 -1.25883514 -0.87667154 -0.73813141]
log likelihood =  -14009.38642388943
Edge derivatives =  [2.2178486802402024, -0.07372216688667643, -0.4481068871343018, -1.6897210342934748, 2.6116283988478224, 2.8996651291553985, 0.09135011562333262, -1.868043219612826, 3.472338784797709, 0.10599109212376912, -0.2768366426026903, 0.07345440148117088]
other derivatives: [ 6.70461304 -6.0257662   0.26029738  0.48330548  0.16316335  0.18171704]
Current x array =  [-0.69375688 -0.76310237 -0.55843293  0.66529583 -2.24998897 -1.51407235
 -1.12566616 -0.25426778 -0.6892807  -1.14019304 -1.25850806 -2.64147652
 -0.42788243 -0.9125886  -3.05667626 -1.2681683  -0.89252099 -0.73735261]
log likelihood =  -14009.272120986207
Edge derivatives =  [3.3457229879348573, 2.9592163856063185, 0.3915736566557786, -0.27182083960620207, 0.7329015983755047, 2.2607981033279847, 1.4736161463827675, -0.9346573031467525, 3.1627890233158658, 0.343595001665046, 2.6924159446098255, -0.11384097569902885]
other derivatives: [-7.01293175  7.8445737  -1.6470949   1.74022716  5.21104084  1.38861651]
Current x array =  [-0.69016788 -0.76954    -0.55845421  0.66152995 -2.25621952 -1.53367816
 -1.13652464 -0.27331759 -0.68904442 -1.15307084 -1.24779012 -2.61146786
 -0.42910965 -0.91375877 -3.02034006 -1.26945802 -0.90410898 -0.73515728]
log likelihood =  -14009.17225531629
Edge derivatives =  [3.1700968161208007, 1.8223106735995114, 0.5681306363066698, -0.3009712626816291, -0.3248407943677045, 1.984789473638009, 1.190464297321212, -0.4909028530435185, 3.0110537825280943, 0.2777894656119223, 2.855861162633256, -0.4009872765253166]
other derivatives: [-0.04347385  2.72066245 -1.06156222  0.61590981  3.00133252  1.37770257]
Current x array =  [-0.69193368 -0.76707459 -0.55835028  0.66391953 -2.25232473 -1.53491257
 -1.13757555 -0.26513415 -0.6916404  -1.15386398 -1.24261303 -2.60317389
 -0.42777843 -0.91875571 -3.01058378 -1.27059819 -0.90599387 -0.73508814]
log likelihood =  -14009.064355051723
Edge derivatives =  [2.387119851575251, 0.41706285891377004, 0.42374745103054545, -0.18414443278066506, -2.7115308195253713, 1.3243080051689646, 0.575105059218595, 0.19682214457142155, 2.5999915180729674, -0.3040154739851967, 2.4733354675865646, -1.131335019564635]
other derivatives: [ 3.75512172 -1.41590135 -0.17716957 -0.68266672 -1.17070158  1.42645149]
Current x array =  [-0.69314035 -0.76535977 -0.55815551  0.66769258 -2.24650639 -1.53861806
 -1.13126247 -0.25646672 -0.69339675 -1.15856279 -1.23109875 -2.58390219
 -0.42484467 -0.9265733  -2.987238   -1.27065804 -0.90654593 -0.73424097]
log likelihood =  -14008.972674056116
Edge derivatives =  [1.7926873671102108, -0.015442227196012959, 0.2912537907243609, 0.13220897769237672, -3.709276059168824, 0.8574681892499296, -0.025281872443262854, 0.5337109749337838, 2.1739032027633924, -0.5912477113936434, 1.4302812065595814, -1.1528472931934555]
other derivatives: [ 2.29192665 -3.64598236  1.50921551 -0.72195689 -2.1453161   1.50466803]
Current x array =  [-0.69298656 -0.76458866 -0.55842915  0.66811948 -2.24596001 -1.54106613
 -1.12401434 -0.25451265 -0.69336542 -1.16432295 -1.22830042 -2.56407924
 -0.42148279 -0.93048697 -2.960989   -1.27161231 -0.9035463  -0.73538003]
log likelihood =  -14009.150655592464
Edge derivatives =  [0.5663230568235655, 0.025700014551886252, -0.03610895708963763, 1.379713343447922, -3.195830671275862, -0.2943761397053716, -1.9384782356612875, 1.3432254433761828, 0.5426784498819938, -1.3542926816128646, -3.250375455300332, 0.2575179792930391]
other derivatives: [ 35.08939699  18.5915269  -24.62238626  -0.33378456  -8.4966814
   1.51721906]
Current x array =  [-0.70128642 -0.77467018 -0.55030451  0.67136912 -2.24148153 -1.54940472
 -1.0992682  -0.25325781 -0.68588437 -1.1807654  -1.2377889  -2.49137111
 -0.4111948  -0.93430359 -2.86030742 -1.27376871 -0.88485339 -0.74134631]
log likelihood =  -14008.90331167959
Edge derivatives =  [1.3747740344842692, 0.004151186673262974, 0.18014172180616272, 0.5732150916389233, -3.5161414006552953, 0.4764756586080747, -0.6777794938887651, 0.8191481122622506, 1.638608004473389, -0.8427182809613931, -0.18202192451196086, -0.6496733564895221]
other derivatives: [13.78266461  4.14056558 -7.41438271 -0.59808372 -4.31555236  1.5106707 ]
Current x array =  [-0.69586259 -0.76808207 -0.55561383  0.66924554 -2.24440815 -1.54395559
 -1.1154394  -0.25407783 -0.69077312 -1.17002052 -1.23158833 -2.53888471
 -0.41791783 -0.93180949 -2.92610122 -1.27235954 -0.89706891 -0.73744745]
log likelihood =  -14008.77739189153
Edge derivatives =  [0.4314717730069615, -0.1554455835182434, 0.06385218951430793, 1.2295124175659793, -3.492683469385381, -0.12661441998719758, -2.2836034565156123, 0.852220720707496, 0.7785585805489275, -0.7996666900101939, -2.7241898401580613, -0.2611299998290644]
other derivatives: [ 1.68765837 -0.40818122  0.79180609  0.6184564  -2.94148776  1.38297764]
Current x array =  [-0.69317108 -0.7665188  -0.55791784  0.66639355 -2.24837699 -1.5412279
 -1.10115156 -0.25583464 -0.69100501 -1.1810343  -1.23923664 -2.50388459
 -0.41007083 -0.93524883 -2.87618933 -1.27715837 -0.88898286 -0.74130788]
log likelihood =  -14008.736034547252
Edge derivatives =  [0.41805433132487735, 0.12723760059921252, 0.2287283164285151, 1.4099380683440417, -2.315755232753763, -0.005428402710870084, -2.2442500284038758, 0.7945665904654101, 0.6846938024749512, -0.40596495634145185, -2.946873143641462, 0.20801968412068983]
other derivatives: [-1.34896254 -0.95024006 -0.94769348  0.98370947 -0.80890459  1.25692168]
Current x array =  [-0.69241373 -0.76629265 -0.55756772  0.66534615 -2.25178795 -1.53665845
 -1.09741749 -0.25770936 -0.6910029  -1.18201339 -1.24758663 -2.49924468
 -0.40977449 -0.93402367 -2.86743911 -1.27945551 -0.88806559 -0.74295561]
log likelihood =  -14008.709270999727
Edge derivatives =  [0.5448532667186914, 0.3604214333725162, 0.04611966078406321, 1.3067062270340009, 0.6011691567954895, 0.26635206847185744, -1.6481895699642328, 0.22218235427434968, 0.4637845386944674, 0.32971171881734246, -2.675296530339396, 0.8938393869101049]
other derivatives: [ 4.21605364  4.33901732 12.76894182 -0.09640644  2.61279638  1.14814611]
Current x array =  [-0.69303361 -0.76843077 -0.56123689  0.6652396  -2.25576251 -1.52907576
 -1.0959099  -0.25980365 -0.68887324 -1.17948164 -1.26955501 -2.48773432
 -0.41261909 -0.92810886 -2.84615934 -1.2837825  -0.88945575 -0.74548818]
log likelihood =  -14008.668719772802
Edge derivatives =  [0.7066007806844331, 0.11174853509426713, 0.16017375931165945, 1.1798912141330589, 1.3827002241485735, 0.3706160301462793, -1.395552272205919, 0.21385997647520857, 0.4453853998032806, 0.6467485684285486, -1.9961087258266483, 0.9213817191292502]
other derivatives: [-3.50810296  0.62864274 -2.13403837  0.4469257   1.62435754  1.01535989]
Current x array =  [-0.69159667 -0.76673844 -0.557511    0.66599483 -2.25458599 -1.525663
 -1.09741391 -0.25728694 -0.68963206 -1.17711916 -1.27495003 -2.48568718
 -0.41452529 -0.92754767 -2.84193414 -1.28556076 -0.89289056 -0.74577064]
log likelihood =  -14008.65606415053
Edge derivatives =  [0.6389048785863394, -0.10596665687038825, 0.08477501367400203, 1.092203521846821, 0.9926042787743456, 0.280872708285293, -1.1417312634327381, 0.3153396867775257, 0.4301638467973569, 0.5218602466325404, -1.5384724647620063, 0.6839897915905284]
other derivatives: [-2.14167812  0.2912202  -1.84954843 -0.00691216  0.8751158   1.05701474]
Current x array =  [-0.69192867 -0.76656423 -0.55750389  0.66706953 -2.2532024  -1.52630715
 -1.09753271 -0.2558799  -0.68972424 -1.17637574 -1.2726167  -2.48468184
 -0.41574884 -0.92822279 -2.84111928 -1.28509291 -0.8950929  -0.74502131]
log likelihood =  -14008.632106060548
Edge derivatives =  [0.3749740318280379, -0.5243233388769648, -0.2542021058050734, 0.7619394583950405, 0.6272178437556115, 0.018012245178275155, -0.20841669042020328, 0.34445356302666835, 0.21067382903390053, 0.2901383231165728, -0.07805150656320248, 0.04044113175921238]
other derivatives: [ 0.50640665 -0.52714313  0.10695658 -0.50240487 -0.2746674   0.98625605]
Current x array =  [-0.69255655 -0.76609626 -0.5579013   0.66820976 -2.25099008 -1.52342168
 -1.0950473  -0.25409057 -0.689464   -1.17311303 -1.27289866 -2.47462741
 -0.42060704 -0.92772218 -2.82663541 -1.28509025 -0.90273866 -0.7433932 ]
log likelihood =  -14008.624240743025
Edge derivatives =  [0.26658033686054516, -0.4612975876217664, -0.31402519767742504, 0.5954050318037979, 0.3776783013599001, -0.08582823347211832, 0.05218855411244716, 0.24277278460275575, 0.12353708126195974, 0.12405048835712601, 0.3430775180414588, -0.20000179899933435]
other derivatives: [ 0.67466317 -0.58516889  0.30013325 -0.05056791 -0.33687684  0.75197022]
Current x array =  [-0.69263088 -0.76605423 -0.55796107  0.66734398 -2.25106082 -1.51943101
 -1.09250015 -0.25534594 -0.69009076 -1.17093661 -1.27234022 -2.47160457
 -0.42228178 -0.92678773 -2.82157591 -1.28480827 -0.90518776 -0.74290369]
log likelihood =  -14008.6185874951
Edge derivatives =  [0.1681064687579914, -0.10400541512685157, -0.23007226305316386, 0.15587866091356828, -0.1856521077074862, -0.22124622760100432, 0.2762274576367312, -0.10657480520946727, 0.009036589892207555, -0.2773172419424013, 0.4735942540664504, -0.22190179789513476]
other derivatives: [-3.2781827   2.46764102  0.6182745  -0.84237399 -0.54023985  0.11714292]
Current x array =  [-0.69161481 -0.76761998 -0.55798748  0.66960001 -2.25101355 -1.50965605
 -1.08731731 -0.25933513 -0.69268157 -1.16391373 -1.26983278 -2.47005539
 -0.42464717 -0.92419252 -2.81641375 -1.2839282  -0.90659955 -0.74358077]
log likelihood =  -14008.61572597281
Edge derivatives =  [0.13204148991371542, 0.19076154779063992, -0.006893037187241269, 0.09915314927380348, -0.2281742092806538, -0.22894971365966632, 0.13648042515044556, -0.24736140230745557, -0.05045917907029045, -0.2781133489823847, 0.20126229009912122, -0.09047285823488393]
other derivatives: [ 1.70839485 -2.24608812  0.08294592 -0.36416168  0.72941475 -0.25902409]
Current x array =  [-0.69287846 -0.76535558 -0.55777024  0.66793829 -2.25292707 -1.50371592
 -1.08358408 -0.26227039 -0.69444571 -1.16223467 -1.2701831  -2.4692348
 -0.42421874 -0.92331617 -2.81340561 -1.28446237 -0.90585976 -0.7443987 ]
log likelihood =  -14008.612964320662
Edge derivatives =  [0.18614080574728692, 0.08434347885488341, -0.06824025197365857, 0.18420222858877344, -0.07802476189879082, -0.16087007099026374, 0.05619462133198472, -0.1654713259786276, 0.028960397749847225, -0.18162638832884193, 0.13015032815227967, -0.0570311539824675]
other derivatives: [ 0.01200533 -0.28085196  0.00600267 -0.27212081  0.29922376 -0.0343789 ]
Current x array =  [-0.69244962 -0.76627157 -0.55781934  0.66795607 -2.25232333 -1.50735202
 -1.08595257 -0.26093003 -0.69356632 -1.16374339 -1.27034039 -2.47163731
 -0.42361564 -0.92398494 -2.81768055 -1.28441908 -0.90508576 -0.74421008]
log likelihood =  -14008.612666276385
Edge derivatives =  [0.17228537147703582, 0.08891610280363604, -0.06257942967391011, 0.16718514186859956, -0.06871670910705374, -0.1464860671778896, 0.005421636137002417, -0.17109995899643496, 0.03881585214073294, -0.15937702566124123, 0.05864898383004047, -0.03248030127727275]
other derivatives: [-0.05893526  0.01091394 -0.14570105 -0.12878445  0.18662831 -0.04620233]
Current x array =  [-0.69243875 -0.76639911 -0.55779907  0.66772045 -2.2522166  -1.50719374
 -1.08576859 -0.26104763 -0.69371654 -1.16354204 -1.27028377 -2.47228266
 -0.42345619 -0.9240735  -2.81833032 -1.28452873 -0.9047539  -0.74431965]
log likelihood =  -14008.612288292788
Edge derivatives =  [0.09961138489580505, 0.05319959594188817, -0.06856403007262113, 0.09460630822620808, -0.07074893208541111, -0.11967680622184973, -0.10008559545743745, -0.1804174698475079, 0.05181669058629999, -0.09484534264431649, -0.10470700142597389, -0.0006874271434753609]
other derivatives: [-0.73159754 -0.06475602  0.0694854   0.15661499 -0.1022272  -0.06748451]
Current x array =  [-0.6923019  -0.76636281 -0.55791164  0.66724195 -2.25187414 -1.50665055
 -1.08504311 -0.2612115  -0.69421827 -1.16280282 -1.27019349 -2.47368234
 -0.42319266 -0.92447624 -2.81939613 -1.28496247 -0.90412392 -0.74459542]
log likelihood =  -14008.612143730104
Edge derivatives =  [0.06667176009714407, 0.05872473664515915, -0.018650605103266438, 0.04151506518837489, -0.015172384512811998, -0.09483467801459922, -0.07681670957814424, -0.13823843626635496, 0.05355689784023479, -0.021953760009794876, -0.12591056614999985, 0.06226848833713894]
other derivatives: [ 0.42273314  0.54169504 -0.49185473  0.21173037 -0.22810127 -0.10149961]
Current x array =  [-0.69256506 -0.76659918 -0.55775538  0.66719466 -2.25168112 -1.50581346
 -1.0841482  -0.26137456 -0.69473156 -1.16179584 -1.27037207 -2.47425667
 -0.4233229  -0.92478788 -2.81914704 -1.28540612 -0.90400556 -0.74483618]
log likelihood =  -14008.611964016221
Edge derivatives =  [0.05817449902370731, 0.030251753441999762, -0.02930941529582215, 0.04092433404079787, -0.021548089362624978, -0.09807476602112486, -0.05711991491690627, -0.12541941310226215, 0.051458687681873075, -0.01753144342164864, -0.1023882677469018, 0.04511136334049315]
other derivatives: [ 0.09313226  0.18662831 -0.17626007  0.13969839 -0.20063453 -0.07912604]
Current x array =  [-0.69248672 -0.76644704 -0.55783956  0.66731165 -2.25167725 -1.50604179
 -1.08423545 -0.26118852 -0.69469991 -1.16185652 -1.27039656 -2.47417137
 -0.42337482 -0.92490987 -2.81902904 -1.28543922 -0.90413681 -0.74479068]
log likelihood =  -14008.61182922464
Edge derivatives =  [0.036537071975188094, -0.008845075191575291, -0.02185170612840931, 0.024789793691865403, -0.00905056629988632, -0.09263607378937022, -0.005485567514456946, -0.07979198889901264, 0.050016889749855464, 0.01721211694325231, -0.06071292663060446, 0.040945542168605575]
other derivatives: [-0.04565663 -0.09968062  0.07094059  0.02783054 -0.16570993 -0.0512955 ]
Current x array =  [-0.69244674 -0.7663195  -0.55790072  0.66751336 -2.25165426 -1.50615392
 -1.08406058 -0.26093981 -0.69483577 -1.16158228 -1.27048306 -2.47429205
 -0.42351839 -0.92525044 -2.81877362 -1.28563923 -0.90433411 -0.74478432]
log likelihood =  -14008.611757524155
Edge derivatives =  [0.022337344949959887, -0.02162115328011388, 0.000968134875964255, 0.013645511403511779, 0.016774184194845887, -0.08069141428415505, 0.036522384515851325, -0.03216507442787263, 0.05152664351349441, 0.053352477167221246, -0.030625330476141577, 0.04780411950305341]
other derivatives: [-0.06748451 -0.12241799  0.07112249 -0.02055458 -0.08767529 -0.0345608 ]
Current x array =  [-0.69243352 -0.76630959 -0.55789794  0.66759562 -2.25173936 -1.50614945
 -1.08379794 -0.26083129 -0.69500666 -1.1612603  -1.27057183 -2.47460068
 -0.42359435 -0.9255651  -2.81863983 -1.28581224 -0.90444032 -0.7447835 ]
log likelihood =  -14008.611695262622
Edge derivatives =  [0.006549702287881798, -0.01811130378074355, 0.023398335407084914, 0.002324339342662185, 0.03231205841909279, -0.06380874415233995, 0.03645702722535138, 0.012522464707576293, 0.052842774452917116, 0.05852242880269265, -0.005855470488596581, 0.023132938665486158]
other derivatives: [ 0.14715624  0.09640644  0.47748472 -0.05693437  0.04256435 -0.01909939]
Current x array =  [-0.69246423 -0.76641355 -0.55799357  0.66759941 -2.25194815 -1.50625843
 -1.08348738 -0.26081762 -0.69513835 -1.16090435 -1.27051936 -2.47534304
 -0.4234408  -0.92591424 -2.81860072 -1.28575773 -0.90449717 -0.74463211]
log likelihood =  -14008.61163617071
Edge derivatives =  [-0.003343965912313938, -0.007196996355105234, 0.04598737515704354, -0.0037010227797890094, 0.04919147466264162, -0.05011439699336673, 0.03246828229562826, 0.050614811198128704, 0.05144159392550347, 0.06067531060933623, 0.016752177725516626, 0.0011242603663719208]
other derivatives: [-0.06548362  0.04492904 -0.03092282 -0.02146407  0.11841621 -0.01182343]
Current x array =  [-0.69242497 -0.76640018 -0.55785715  0.66756583 -2.25212873 -1.50630741
 -1.08319493 -0.26082944 -0.69524129 -1.16062839 -1.2704902  -2.47588386
 -0.42330995 -0.9261868  -2.8184246  -1.28570039 -0.90456845 -0.74450147]
log likelihood =  -14008.611610335636
Edge derivatives =  [-0.003843071607917928, -0.002692021313215165, 0.03686309343760302, -0.004097831840303545, 0.03755949970098049, -0.05105527255786402, 0.005726283312532554, 0.03964308578735677, 0.04972629881709216, 0.03848616271393096, 0.0109044138217963, -0.016173657813559617]
other derivatives: [-0.02892193  0.05620677 -0.03819878  0.0003638   0.08767529 -0.01418812]
Current x array =  [-0.69243798 -0.76640762 -0.5578533   0.6675294  -2.25211453 -1.50638359
 -1.08322556 -0.26086461 -0.69517633 -1.16067351 -1.27040382 -2.47599889
 -0.42321098 -0.9261455  -2.81842647 -1.28556446 -0.90454998 -0.74443736]
      fun: 14008.611610335636
 hess_inv: <18x18 LbfgsInvHessProduct with dtype=float64>
      jac: array([ 0.02892193, -0.05620677,  0.03819878, -0.0003638 , -0.08767529,
        0.01418812,  0.00384307,  0.00269202, -0.03686309,  0.00409783,
       -0.0375595 ,  0.05105527, -0.00572628, -0.03964309, -0.0497263 ,
       -0.03848616, -0.01090441,  0.01617366])
  message: 'CONVERGENCE: REL_REDUCTION_OF_F_<=_FACTR*EPSMCH'
     nfev: 56
      nit: 51
     njev: 56
   status: 0
  success: True
        x: array([-0.69243798, -0.76640762, -0.5578533 ,  0.6675294 , -2.25211453,
       -1.50638359, -1.08322556, -0.26086461, -0.69517633, -1.16067351,
       -1.27040382, -2.47599889, -0.42321098, -0.9261455 , -2.81842647,
       -1.28556446, -0.90454998, -0.74443736])
{('N0', 'N1'): [7.220596449552839, 7.220596449552838], ('N0', 'ENSLOCG'): [0.0, 0.0], ('N1', 'N3'): [22.76089525651759, 21.180458006869888], ('N1', 'N2'): [14.491363919291185, 13.419001317729883], ('N3', 'ENSGACG'): [11.958669074965128, 10.827274897638087], ('N3', 'N4'): [4.811833128049507, 4.218462351693621], ('N2', 'ENSDARG'): [35.65531006884916, 32.547593961973675], ('N2', 'ENSAMXG'): [22.35078228643166, 19.721308539854135], ('N4', 'N5'): [2.5840780810980335, 2.729069719131875], ('N4', 'ENSONIG'): [12.080808982204005, 10.954948745662495], ('N5', 'ENSXMAG'): [21.066349470980974, 18.56439218923865], ('N5', 'ENSORLG'): [19.946271095119958, 19.011438869201477]}
