number of sites to be analyzed:  581
log likelihood =  -9770.766678946762
Edge derivatives =  [215.3831723067786, 98.75280807998548, 454.0677335540444, 338.3520890349574]
other derivatives: [ -80.75112419   30.50008672 -108.75828593  128.16253729 -419.76854845
  104.53877621]
Current x array =  [-0.60690106 -0.77150709 -0.5376643   0.          0.          1.25276297
 -4.60517019 -4.60517019 -4.60517019 -4.60517019]
log likelihood =  -9072.446640085493
Edge derivatives =  [206.5201531233484, 95.92642752612332, 447.96000967236506, 323.9864486909522]
other derivatives: [ 222.38946258   52.53750714   59.22556738   74.1065378  -308.11188481
   84.12771422]
Current x array =  [-0.71222523 -0.77056603 -0.67951837  0.16716315 -0.54750658  1.26025912
 -4.32424465 -4.47636632 -4.01292698 -4.16385557]
log likelihood =  -9813.477189546828
Edge derivatives =  [36.19354835267723, 21.60718992566001, -92.90898572344271, 97.83645596728478]
other derivatives: [-26544.80103956   -452.28571253    567.9556125    -143.88115233
    242.08802643   -351.94589145]
Current x array =  [-0.05       -0.60760735 -1.16729373  1.54673656 -5.43171186  1.32186337
 -1.54732068 -3.1962318   1.91168378  0.19602576]
log likelihood =  -7277.796457841134
Edge derivatives =  [107.81701526683769, 48.88218749386162, 170.98813610210186, 194.77539456121056]
other derivatives: [-1645.02907865   -31.6193109    262.91781978  -219.47025743
   153.50187823  -205.62092686]
Current x array =  [-0.37357915 -0.68723288 -0.92895497  0.87264385 -3.04517183  1.29176206
 -2.90419244 -3.82173628 -0.98322336 -1.93431699]
log likelihood =  -7188.784196187479
Edge derivatives =  [29.43382238198642, 21.648896273084112, 63.27026773428221, 81.38505010439904]
other derivatives: [1011.25369838 -293.85410016  362.42972783 -195.54036044  195.2290404
 -267.33805498]
Current x array =  [-1.1829457  -0.63745475 -0.68512667  1.08179246 -4.38895886  1.11390053
 -1.91858059 -3.36666378  1.08497452 -0.3662983 ]
log likelihood =  -6894.4680292350495
Edge derivatives =  [34.23650212242837, 23.220796377422392, 62.64523594493336, 102.61386063259845]
other derivatives: [ 777.99595601 -110.44958228  213.78200472 -156.25837477  179.65794541
 -248.20164981]
Current x array =  [-0.96726817 -0.72928518 -0.58387095  0.95361984 -4.05110902  1.04804514
 -2.08289597 -3.44037066  0.73346455 -0.61492376]
log likelihood =  -7098.473741730171
Edge derivatives =  [52.72114804615018, 30.032277474112, 38.46377631144116, 138.5272306291209]
other derivatives: [-3779.66243832  -112.39781088  -432.25336412  -102.80118659
    94.41127986  -174.44590412]
Current x array =  [-0.24112427 -0.72845485 -0.41190511  0.55636657 -3.13557992  0.63462818
 -2.38953255 -3.57017619  0.03633955 -0.99104995]
log likelihood =  -6639.499855232517
Edge derivatives =  [37.32581544636554, 24.52636362503346, 45.77757360302614, 115.52166636913243]
other derivatives: [ -15.54953997 -102.03775673  -36.91020538 -102.84866221  139.2930244
 -205.73525035]
Current x array =  [-0.62386867 -0.72889251 -0.50254687  0.76575546 -3.61814769  0.85253682
 -2.22790696 -3.50175678  0.40378833 -0.79279697]
log likelihood =  -6562.495799295888
Edge derivatives =  [29.184425191633252, 22.411366564271155, 19.402996694080144, 90.66487852060447]
other derivatives: [-267.95278245  -45.79769666 -117.27242963  -71.72820915  105.83717085
 -182.06092136]
Current x array =  [-0.56570896 -0.78461134 -0.47372778  0.67750972 -3.57236306  0.65216849
 -2.13217532 -3.45148163  0.57914221 -0.5914422 ]
log likelihood =  -6443.994215737015
Edge derivatives =  [9.233370178478966, 17.587133341561277, -71.68498192680414, -4.672937783861789]
other derivatives: [-145.1121534   105.93239494 -149.90237105   -4.31591616  -27.55768946
 -110.00129234]
Current x array =  [-0.60375323 -0.93641749 -0.45304304  0.46471557 -3.55387941  0.07428692
 -1.803036   -3.27856224  1.18721613  0.06107573]
log likelihood =  -6423.119209322431
Edge derivatives =  [3.7141437261985333, 17.72029464710944, -80.41822176028157, -28.80002472420811]
other derivatives: [-331.90390241  -65.91935744  295.47272788    0.54578777  -33.93488441
  -51.91795935]
Current x array =  [-0.55954582 -0.81253874 -0.6460194   0.31467883 -3.40973499 -0.35017241
 -1.79233989 -3.23479675  0.96955829  0.05848388]
log likelihood =  -6376.072305539978
Edge derivatives =  [7.314136096097112, 19.15610217953297, -59.638025357128235, -7.019158227001748]
other derivatives: [-65.78284228 -67.16818461 136.92024368   3.81733116 -10.43390512
 -47.46725608]
Current x array =  [-0.625027   -0.80011426 -0.56738117  0.26563125 -3.29812527 -0.4335471
 -1.85450462 -3.25016964  0.75827698 -0.06120062]
log likelihood =  -6351.38592799908
Edge derivatives =  [15.874344561514432, 23.171952420349836, -17.00315887354662, 22.093443959544675]
other derivatives: [ 58.70397217 -38.24252417 -68.10914783  31.86369213  -5.14555722
 -25.63347152]
Current x array =  [-0.66025743 -0.79646667 -0.49460393  0.10666995 -2.966082   -0.72708545
 -1.97755034 -3.2717396   0.30006452 -0.27236481]
log likelihood =  -6344.563625969966
Edge derivatives =  [11.931587955701664, 22.371722694494895, -19.88920013982122, 3.372702748098336]
other derivatives: [ 50.23193808 -14.56355676  -4.96847861  29.18122846  -9.60935722
 -18.57288225]
Current x array =  [-0.6579143  -0.82039335 -0.51660914  0.10720252 -2.99172681 -0.8470162
 -1.92127689 -3.22459906  0.32858866 -0.18711535]
log likelihood =  -6338.252405519936
Edge derivatives =  [8.992777030436438, 22.52728909007255, -4.31845257974706, -16.193803821007723]
other derivatives: [12.75811883 -0.74251147 36.03763616 25.39982233 -6.45595719 -6.88251021]
Current x array =  [-0.64628116 -0.83580723 -0.53242048  0.11713183 -2.99003059 -1.07527977
 -1.85564093 -3.13961904  0.26109857 -0.1192017 ]
log likelihood =  -6333.989649356245
Edge derivatives =  [5.96901718561624, 22.311980442369254, 0.11625184270864972, -25.80182467310809]
other derivatives: [-14.15037332  -5.66851668  25.17845132  15.63275873   0.17480488
  -1.14778231]
Current x array =  [-0.63912032 -0.83888213 -0.52326338  0.179305   -3.03185987 -1.22663078
 -1.77629957 -3.03492311  0.2656942  -0.074145  ]
log likelihood =  -6328.160108837945
Edge derivatives =  [5.709974608779021, 24.173436999619952, 21.60672783508151, -14.591250757182662]
other derivatives: [-16.59827831  53.50493666  27.79324859  -4.42269084  20.71483323
   5.1931238 ]
Current x array =  [-0.6352708  -0.88770168 -0.5218416   0.32697087 -3.02411077 -1.49415788
 -1.66129518 -2.7907654   0.16506795 -0.14883426]
log likelihood =  -6321.70036263709
Edge derivatives =  [-1.09332167136403, 24.001437501451353, 14.452578997383915, -18.25152018653644]
other derivatives: [-31.49052645  -7.74034561 -20.77813406 -19.92339094  15.42211976
   9.03282853]
Current x array =  [-0.63336271 -0.84507216 -0.49795893  0.44652215 -2.97810028 -1.79376369
 -1.50783558 -2.48552466  0.15361827 -0.19043829]
log likelihood =  -6317.025211913698
Edge derivatives =  [-4.926296374094644, 24.465483295809875, 8.33521191441918, -11.747045804044157]
other derivatives: [ -1.32504283 -18.82717697 -22.72308848 -27.1911631    6.81329766
   9.76160663]
Current x array =  [-0.6430588  -0.83545262 -0.49669736  0.49930561 -2.89018235 -1.98013459
 -1.42483973 -2.24297852  0.11665072 -0.28868476]
log likelihood =  -6310.995423607181
Edge derivatives =  [-17.772837549716243, 21.36104143881594, -14.896073765547541, 5.185627131551212]
other derivatives: [-64.62514648  -1.44300429 -77.11532817 -29.70236892 -26.28139555
   8.98344297]
Current x array =  [-0.62616356 -0.84619312 -0.47866342  0.53931024 -2.68132409 -2.30012377
 -1.27214559 -1.6446301   0.07196234 -0.55867277]
log likelihood =  -6306.517215967818
Edge derivatives =  [-22.6735562458594, 18.0859893837569, -13.820974584302279, 9.008174410819642]
other derivatives: [ 71.59815141 -15.26250344  33.58645699 -21.54492904 -30.83341653
   8.55361577]
Current x array =  [-0.66879768 -0.82791146 -0.52341305  0.45759907 -2.61806028 -2.39732727
 -1.26958988 -1.42461319  0.01735161 -0.64753809]
log likelihood =  -6302.774119235011
Edge derivatives =  [-12.886756998852013, 23.152397072299944, -17.26120915237595, 12.65115943899621]
other derivatives: [ 46.52720236  -1.37697498  33.39227987  -9.32377588 -21.07572072
   8.35370884]
Current x array =  [-0.65889442 -0.83708455 -0.52592887  0.37282217 -2.69107925 -2.17320724
 -1.36884338 -1.58860871  0.06434932 -0.60443245]
log likelihood =  -6293.410672697937
Edge derivatives =  [-12.962006984155874, 16.739866894047417, -10.765102211848111, 16.61969613104099]
other derivatives: [-9.25474524  7.63266144 -1.80607458  0.49885784 -1.9647814   6.53444658]
Current x array =  [-0.64174038 -0.84595526 -0.51214787  0.28174265 -2.80398585 -2.04871756
 -1.41295359 -1.27457716  0.08761793 -0.62938873]
log likelihood =  -6289.371570983525
Edge derivatives =  [-13.906005031496202, 0.5833133612250937, -0.6520294722164092, 17.421585445619723]
other derivatives: [ -2.39861038   3.81769496 -17.13415259  12.33220246  11.61897671
   3.97249096]
Current x array =  [-0.64519265 -0.84346121 -0.50661361  0.16192497 -2.89440884 -1.93680213
 -1.48857659 -0.85153798  0.08314993 -0.64890056]
log likelihood =  -6289.013942679251
Edge derivatives =  [-10.388260649821744, -3.724303110745954, -11.805969182944898, -0.5406924859009063]
other derivatives: [-124.10628187    8.44784154   93.04085324    0.6616574     5.80503183
   -1.04564606]
Current x array =  [-0.60940654 -0.85325176 -0.55343062  0.24003052 -2.91290813 -1.56753327
 -1.69992371 -0.83216186  0.12906001 -0.49759253]
log likelihood =  -6287.157259342252
Edge derivatives =  [-11.86859750763908, -1.5292921162765813, -6.74840417353226, 8.47093438694511]
other derivatives: [-64.01496648   6.1456376   42.24730219   5.9386366    9.04074113
   1.75350579]
Current x array =  [-0.62660867 -0.84854552 -0.53092601  0.20248573 -2.90401565 -1.74503822
 -1.59833063 -0.84147582  0.10699136 -0.57032523]
log likelihood =  -6284.747587162468
Edge derivatives =  [-8.071380820763386, 3.152057831809345, -5.848173098914186, 1.514577768557367]
other derivatives: [-10.67246558  11.2086127   25.19245754   4.70627128   8.23856681
  -1.50885171]
Current x array =  [-0.6421378  -0.85069377 -0.52309096  0.22180142 -2.9088009  -1.55073461
 -1.71762868 -0.93353291  0.11712205 -0.48109675]
log likelihood =  -6283.632814601882
Edge derivatives =  [-8.151958735825577, -0.30256173424638544, -6.040034805037221, -3.6006906636109224]
other derivatives: [11.07682692  4.45788828 10.0599209   1.07784217 -0.4127287  -3.08855306]
Current x array =  [-0.64977527 -0.8449934  -0.51607395  0.26229929 -2.8557333  -1.5062328
 -1.78018804 -0.8781607   0.09176932 -0.46543597]
log likelihood =  -6283.1774866676315
Edge derivatives =  [-7.688408653897046, -1.207219194148491, -2.906529126519759, -3.6078986093922]
other derivatives: [11.31829777 -6.832488    1.57324394 -0.11386874 -3.42797648 -3.53502401]
Current x array =  [-0.6501528  -0.83460713 -0.51362936  0.27571171 -2.81642644 -1.50474275
 -1.82237634 -0.86101976  0.05612716 -0.47906127]
log likelihood =  -6282.874817305399
Edge derivatives =  [-6.50023636883038, -1.8597687490554582, 3.160037865037105, -0.8471231333168288]
other derivatives: [11.13885446  4.62860044 -3.21888365 -1.6571903  -4.53019311 -4.02278602]
Current x array =  [-0.64957676 -0.84110513 -0.51291773  0.29150988 -2.77900135 -1.51299014
 -1.88022815 -0.83575307  0.01353557 -0.50248849]
log likelihood =  -6282.603638835614
Edge derivatives =  [-4.936931106596027, 0.09275622540764486, 7.067129379823096, 1.7151435045231427]
other derivatives: [ -3.66662789 -12.26526365  -2.14331521  -0.45010893  -1.47192623
  -3.98695192]
Current x array =  [-0.64473674 -0.82616601 -0.51526723  0.27802284 -2.77395308 -1.52147409
 -1.94477027 -0.85540846 -0.00815741 -0.51384508]
log likelihood =  -6282.355382436977
Edge derivatives =  [-4.3775193679356255, 0.559672063023172, 6.916747554384943, 2.669091454541613]
other derivatives: [-6.64167601 -5.97847247  0.26739144  0.0602995   0.39763108 -3.93274604]
Current x array =  [-6.43536934e-01 -8.31093387e-01 -5.16280301e-01  2.72889865e-01
 -2.78569911e+00 -1.52845394e+00 -1.96991161e+00 -8.54438743e-01
 -8.98472751e-04 -5.11318106e-01]
log likelihood =  -6281.609923452593
Edge derivatives =  [-2.430182810351681, 1.804977113678764, 4.873915371964005, 5.881913064667639]
other derivatives: [-6.72871465  8.61336957 12.40541678  0.72132025  4.77693902 -3.07991286]
Current x array =  [-0.6427503  -0.84280946 -0.5211555   0.26304682 -2.81285277 -1.59699721
 -2.1013948  -0.84023032  0.02345901 -0.50440438]
log likelihood =  -6281.063687621488
Edge derivatives =  [-1.1026836292436397, 2.0997350217221826, 0.6842354295955789, 5.7115642742203905]
other derivatives: [-22.93818397  15.48769433  -0.52696123   1.96787369   3.89882189
  -2.45618139]
Current x array =  [-0.6380679  -0.84968829 -0.51517589  0.25841152 -2.82345397 -1.66689005
 -2.26433686 -0.81922976  0.04963493 -0.48269225]
log likelihood =  -6280.54228517105
Edge derivatives =  [0.16644807215542706, -0.784376453187861, -4.848493069242874, 5.632567523905999]
other derivatives: [10.02017598 11.42761903 25.35307431  2.15613909  1.08484528 -1.22336132]
Current x array =  [-0.64830487 -0.84676892 -0.525201    0.2523636  -2.81478954 -1.82771741
 -2.5849811  -0.73815255  0.06531794 -0.46777935]
log likelihood =  -6280.2634946185535
Edge derivatives =  [0.3687014239356783, -0.3229416031914688, -3.6025489857159863, 3.6984915971125543]
other derivatives: [ 0.04183676  4.97675501  3.46517481  2.66163624 -0.81108738 -1.31976776]
Current x array =  [-0.64574016 -0.84171533 -0.51625079  0.25496007 -2.80340393 -1.8339996
 -2.64735625 -0.74341945  0.05666825 -0.45571655]
log likelihood =  -6280.214419492704
Edge derivatives =  [0.4449587939072225, -0.4324971017717727, -2.6073122038410603, 2.291643079976724]
other derivatives: [-1.07265805  0.48285074 -2.23262759  2.36495907 -1.81244104 -1.32440618]
Current x array =  [-0.64562206 -0.83816667 -0.51399574  0.25888194 -2.79543386 -1.84323153
 -2.69079482 -0.74129671  0.04911671 -0.44856304]
log likelihood =  -6280.183831884388
Edge derivatives =  [0.4338584496427445, -0.51147541110095, -1.725254224637146, 1.3099449944988235]
other derivatives: [-0.72022885 -0.94814823 -2.36759661  1.68111001 -1.49784682 -1.2367309 ]
Current x array =  [-0.64576912 -0.83724381 -0.51381835  0.26322152 -2.7954567  -1.85281976
 -2.70771351 -0.73974417  0.04566754 -0.44263661]
log likelihood =  -6280.140967693204
Edge derivatives =  [0.3436145767479671, -0.6497085564493248, -0.03525691518694137, -0.23906812477713585]
other derivatives: [-0.53178155 -0.82636689  0.12378223 -0.03929017  0.31122909 -0.93568815]
Current x array =  [-0.64576554 -0.83800918 -0.51437977  0.27278852 -2.80271262 -1.87844655
 -2.72066839 -0.73623019  0.04243515 -0.43174361]
log likelihood =  -6280.130489134011
Edge derivatives =  [0.33641351209120296, -0.2878033252959017, 0.5814563995688384, -0.27000024721883786]
other derivatives: [ 3.1070158  -0.15043042 -0.30031515 -0.25993359  1.03182174 -0.78243829]
Current x array =  [-0.64682419 -0.83849376 -0.51410957  0.27376853 -2.8048485  -1.89101646
 -2.71671032 -0.73987585  0.04127683 -0.4304843 ]
log likelihood =  -6280.114362657552
Edge derivatives =  [0.25135824241852583, 0.017413018635742017, 0.7247970398860001, -0.5020677952902939]
other derivatives: [ 2.31293598  0.88421075  1.76314643 -0.60626917  1.32304194 -0.5155016 ]
Current x array =  [-0.64650031 -0.83944427 -0.51487788  0.27565886 -2.80545976 -1.91309356
 -2.70486356 -0.74423439  0.04065623 -0.42977472]
log likelihood =  -6280.097002534669
Edge derivatives =  [0.15702057984730872, 0.32322965022386463, 0.4902995354042519, -0.22792087197914734]
other derivatives: [ 2.38087523  1.93385858  1.82171789 -0.57307261  0.86529326 -0.20245352]
Current x array =  [-0.64648441 -0.84019306 -0.51492508  0.27603135 -2.80148989 -1.94426103
 -2.68857473 -0.74818812  0.03921824 -0.43365234]
log likelihood =  -6280.152207854075
Edge derivatives =  [0.08935430384656051, 0.1735808359165851, 0.14181785552182613, 1.0490505736407025]
other derivatives: [-6.13508746 -9.29121597  7.03721525 -0.47002686  2.18979039  0.31332092]
Current x array =  [-0.6439539  -0.83164345 -0.51741933  0.27079465 -2.80397751 -2.0018294
 -2.68601353 -0.7438484   0.03752008 -0.44430628]
log likelihood =  -6280.093785852949
Edge derivatives =  [0.1442627165654549, 0.2965591867642872, 0.42574689035347146, 0.016187221677660124]
other derivatives: [ 0.7730705  -0.17862476  2.81734174 -0.55379132  1.11858753 -0.09940777]
Current x array =  [-0.64600426 -0.83857081 -0.51539835  0.27503771 -2.8019619  -1.95518437
 -2.68808876 -0.74736467  0.03889602 -0.43567387]
log likelihood =  -6280.088357838097
Edge derivatives =  [0.10263002414493921, 0.36853386723343146, 0.08988578831409595, 0.28135980839022995]
other derivatives: [ 0.35443009  0.32750904  0.98862074 -0.25602276  0.36961865  0.00363798]
Current x array =  [-0.64590682 -0.83884439 -0.51472185  0.27416102 -2.7976369  -1.96805662
 -2.68002979 -0.74841171  0.03802805 -0.43906874]
log likelihood =  -6280.0873455223345
Edge derivatives =  [0.07829501792205495, 0.2325688912334453, -0.11849857958424914, 0.2321020499379831]
other derivatives: [ 0.18208084  0.13478711  0.22691893 -0.13997123  0.04138201  0.01082299]
Current x array =  [-0.64589873 -0.83871735 -0.51440167  0.27374509 -2.7964845  -1.96978252
 -2.6788832  -0.74676757  0.03820509 -0.43952027]
log likelihood =  -6280.086943410049
Edge derivatives =  [0.05517981767153376, 0.0910954868595864, -0.19996417623846888, 0.1401475009952502]
other derivatives: [-0.12978489  0.02946763 -0.1628905  -0.08230927 -0.0766704   0.00682121]
Current x array =  [-0.64583332 -0.838687   -0.5142221   0.27345344 -2.79641202 -1.96967848
 -2.67763157 -0.7450333   0.0384002  -0.43937547]
log likelihood =  -6280.086749589875
Edge derivatives =  [0.03222791073051113, -0.00029016244452537143, -0.2242628782548416, 0.07061621152619374]
other derivatives: [ 0.09440555 -0.02100933 -0.08749339 -0.0349246  -0.10077201  0.00782165]
Current x array =  [-0.64591592 -0.83867315 -0.51423701  0.27306585 -2.79662188 -1.96951154
 -2.67516831 -0.74399101  0.03849153 -0.43925936]
log likelihood =  -6280.086994738203
Edge derivatives =  [0.005919952154318828, -0.054969724700266204, 0.07765634882780317, -0.09391335787152211]
other derivatives: [-0.79289748  0.00591172 -0.93259587 -0.00673026  0.17698767  0.0091859 ]
Current x array =  [-0.64565365 -0.83876586 -0.51387702  0.27268215 -2.79817301 -1.96892004
 -2.67152892 -0.74332686  0.03799045 -0.43818975]
log likelihood =  -6280.086671347339
Edge derivatives =  [0.02356596276897103, -0.01832708368483535, -0.12466635812575766, 0.016339480173020282]
other derivatives: [-0.197997   -0.01200533 -0.36598067 -0.02564775 -0.0091859   0.00818545]
Current x array =  [-0.64582945 -0.83870372 -0.51411832  0.27293934 -2.79713331 -1.96931651
 -2.67396836 -0.74377203  0.03832632 -0.43890669]
log likelihood =  -6280.086581997016
Edge derivatives =  [0.011218965588476681, -0.03364563508765456, -0.08655001715960403, -0.010205420182727076]
other derivatives: [-0.01300577  0.04447429 -0.09122232  0.00982254  0.00854925  0.01091394]
Current x array =  [-0.64588263 -0.83873948 -0.51423691  0.27261064 -2.79722714 -1.96924143
 -2.67185933 -0.74370852  0.03814787 -0.43891734]
log likelihood =  -6280.086549127862
Edge derivatives =  [0.007581832295224786, -0.016404362792190014, -0.036116342695815234, -0.016402107900847174]
other derivatives: [0.07121344 0.0775799  0.04820322 0.02291927 0.02883098 0.01246008]
Current x array =  [-0.64590254 -0.83874891 -0.51430475  0.27248166 -2.7972024  -1.96915
 -2.67074901 -0.74402278  0.03791241 -0.43894835]
log likelihood =  -6280.086530485354
Edge derivatives =  [0.006013048959902505, -0.004263909388710879, -0.00839085878709977, -0.0237740613152026]
other derivatives: [0.02601155 0.08058123 0.10659278 0.02837623 0.01946319 0.00954969]
Current x array =  [-0.64588595 -0.83873896 -0.51433906  0.27245439 -2.79706454 -1.96869195
 -2.67008726 -0.74429567  0.03772915 -0.43898083]
log likelihood =  -6280.086532568106
Edge derivatives =  [0.005269031229200277, 0.018664316333286107, 0.05392213980822743, -0.019956219717173318]
other derivatives: [ 0.29258445 -0.06994014 -0.03983587  0.02410161  0.02919478  0.00454747]
Current x array =  [-0.64596918 -0.8385957  -0.5142877   0.27249529 -2.79689348 -1.9679011
 -2.66902913 -0.74471825  0.03741352 -0.43907855]
log likelihood =  -6280.086520962673
Edge derivatives =  [0.005659781630853088, 0.00663652038424431, 0.02122764328234154, -0.021956990893006345]
other derivatives: [0.15288606 0.00909495 0.03710738 0.02637535 0.02410161 0.00718501]
Current x array =  [-0.64592551 -0.83867087 -0.51431465  0.27247383 -2.79698323 -1.96831606
 -2.66958432 -0.74449652  0.03757913 -0.43902728]
      fun: 6280.086520962673
 hess_inv: <10x10 LbfgsInvHessProduct with dtype=float64>
      jac: array([-0.15288606, -0.00909495, -0.03710738, -0.02637535, -0.02410161,
       -0.00718501, -0.00565978, -0.00663652, -0.02122764,  0.02195699])
  message: b'CONVERGENCE: REL_REDUCTION_OF_F_<=_FACTR*EPSMCH'
     nfev: 55
      nit: 48
   status: 0
  success: True
        x: array([-0.64592551, -0.83867087, -0.51431465,  0.27247383, -2.79698323,
       -1.96831606, -2.66958432, -0.74449652,  0.03757913, -0.43902728])
