number of sites to be analyzed:  229
log likelihood =  -9026.620157360427
Edge derivatives =  [75.3362625120435, 38.53335562971759, 84.76684285907743, 58.13466006883279, 16.9567581139164, 36.43790066589186, 148.93094547973786, 139.78804678972293, 62.2796950538398, 81.41453713596738, 39.72625387884954, 91.80528429503339, 57.42675788863857, 49.87600119443931, 99.83012690915938, 120.43889985525561]
other derivatives: [ -48.25014912   88.51984603 -107.44879546   44.013359   -392.33054849
  158.85198081]
Current x array =  [-0.69015483 -0.67035946 -0.42375222  0.74193734 -0.10536052 -0.51082562
 -4.60517019 -4.60517019 -4.60517019 -4.60517019 -4.60517019 -4.60517019
 -4.60517019 -4.60517019 -4.60517019 -4.60517019 -4.60517019 -4.60517019
 -4.60517019 -4.60517019 -4.60517019 -4.60517019]
log likelihood =  -8590.986543588366
Edge derivatives =  [71.33969598667716, 38.3222406356439, 84.84879866103313, 57.88323357876153, 16.538845749631413, 35.82477523709641, 149.38397962127277, 138.64249816162547, 61.46873227147938, 81.49081410945081, 38.207248765568515, 94.50293223923171, 58.16102551726872, 48.85386124359662, 99.04042139506208, 121.22977768639123]
other derivatives: [ 241.23855837  105.42844393    5.7843863   -26.23892215 -209.12411856
  139.67292034]
Current x array =  [-0.78107594 -0.66919048 -0.62622545  0.82487477 -0.8446562  -0.49667245
 -4.46320884 -4.53255911 -4.44543814 -4.49562301 -4.57321739 -4.53650772
 -4.32452927 -4.34175787 -4.48781223 -4.45175512 -4.53031125 -4.43217512
 -4.49695696 -4.51118537 -4.41705335 -4.37821881]
log likelihood =  -9352.983449481442
Edge derivatives =  [72.35658411826333, 30.911900196635123, 83.33183792480222, 55.368088716014576, 11.014308301570283, 31.12192238880062, 141.82027750298496, 134.05089468500478, 60.95115801047141, 79.92525415761537, 30.62824733855711, 102.3929782628523, 55.76187355035187, 48.2068574029396, 95.3789414347375, 113.42557540728063]
other derivatives: [-14758.58371123    451.2610758     200.36877686   -429.84393076
    292.02674341    142.71063264]
Current x array =  [-0.05978496 -0.47368708 -1.10533948  0.92746524 -3.49754859 -0.29419134
 -3.83142982 -4.20222068 -3.71660567 -3.99698346 -4.42912599 -4.22575575
 -3.04279573 -3.14487397 -3.9557447  -3.75175563 -4.19485293 -3.63258814
 -4.00053342 -4.08654746 -3.56218308 -3.34002848]
log likelihood =  -8071.515000474644
Edge derivatives =  [66.807717971495, 35.48640821393734, 84.0302596796443, 56.061634378481315, 13.789805404642138, 33.38869995274883, 146.59376338881663, 135.7452650256654, 60.03203104489755, 79.91045663681548, 33.98965097550724, 98.0432074442952, 57.24889496999221, 46.991366803940934, 95.87608336653909, 119.17852802187753]
other derivatives: [-658.9514669   208.1378625    -0.9276846  -135.91452444   63.73629731
  116.70099411]
Current x array =  [-0.44822811 -0.57897323 -0.847318    0.8722163  -2.0688632  -0.40323527
 -4.17166731 -4.38012073 -4.10911021 -4.26552019 -4.5067248  -4.39310773
 -3.73305893 -3.78944234 -4.24228369 -4.12873249 -4.37551024 -4.06319672
 -4.26787674 -4.31523144 -4.02256386 -3.89913421]
log likelihood =  -7654.27406866964
Edge derivatives =  [61.396520209030115, 31.212931734928052, 80.16545636201381, 48.05065172559135, 9.743487940017573, 27.506435288476442, 134.47760840552783, 120.92018273734851, 53.83111653673415, 76.68083601216294, 28.131959934748696, 97.30093344887277, 54.29135780810048, 41.46928288982118, 86.93982912550615, 109.41848057339259]
other derivatives: [ 337.28410926  -33.59391485  -17.86174835 -125.46915968  259.65700843
   98.24379958]
Current x array =  [-0.64167028 -0.32347145 -1.08721613  0.80133995 -3.36163946 -0.24719822
 -3.78949218 -4.17969939 -3.66184336 -3.96079041 -4.42080558 -4.20458755
 -2.94751252 -3.05699251 -3.91696941 -3.69985921 -4.1738553  -3.5672154
 -3.96318306 -4.0564308  -3.50036142 -3.26244017]
log likelihood =  -7471.348796897895
Edge derivatives =  [50.053017526493775, 24.975925505913324, 66.07338080226013, 32.576059928440124, 3.911987386572156, 18.8560323542035, 95.97628233965064, 84.45313270424519, 42.1506932666369, 65.95658485217062, 19.30603635885356, 85.91569917718203, 46.55903721893417, 31.788178068955673, 68.50114272539314, 81.23646762970114]
other derivatives: [ 325.50869946 -960.9877452    88.24354154  -85.49814083  312.70410545
   75.30070434]
Current x array =  [-0.53151575 -0.1457221  -1.28674492  0.67012194 -4.22540923 -0.05469186
 -3.4489916  -4.00173499 -3.25821429 -3.68994757 -4.34677451 -4.03839394
 -2.24259777 -2.40258517 -3.62623091 -3.31291032 -3.9968351  -3.11443774
 -3.68840214 -3.82597293 -3.03327661 -2.6908361 ]
log likelihood =  -7310.993630084293
Edge derivatives =  [51.319351523055964, 22.134424606122458, 63.12325536250186, 26.26726626951113, 3.3789582807719727, 16.33063678017256, 66.46440879120813, 64.23662173944297, 40.657736632568195, 57.811814829272464, 14.86042687956596, 76.66201186660508, 43.467057256704116, 30.970088898356696, 58.09518771261782, 61.71072555739246]
other derivatives: [-935.28742582   60.42473615  185.62623154 -117.77501641  328.69002098
   46.18905223]
Current x array =  [-0.3723116  -0.33567479 -1.39963731  0.49690884 -4.65814318  0.15621017
 -3.16560994 -3.85413514 -2.91747393 -3.46682561 -4.28856448 -3.90247986
 -1.6557297  -1.86033938 -3.38367279 -2.98544935 -3.85285927 -2.72574491
 -3.45591339 -3.63464657 -2.64330735 -2.21358899]
log likelihood =  -7045.144396328405
Edge derivatives =  [55.19978598138129, 22.124947855636094, 65.76760508049989, 25.631746605404214, 4.036915050552837, 16.269612944093275, 62.74081037019639, 63.006064559629536, 40.71321287031117, 57.767184734124235, 14.499184770333237, 73.38108632946813, 43.73613832067888, 31.758037046112758, 56.15182878529999, 60.12227180163803]
other derivatives: [-233.49157345   49.18756531  139.67146515  -53.428721    315.11162888
   28.52393663]
Current x array =  [-0.50961573 -0.46299108 -1.32663911  0.32723374 -4.34811641  0.27492195
 -3.09156694 -3.81606159 -2.82125812 -3.41018481 -4.27702557 -3.86934631
 -1.50147631 -1.72003486 -3.31849032 -2.89338999 -3.81956114 -2.60870355
 -3.38988124 -3.58442016 -2.53947309 -2.08606424]
log likelihood =  -6573.124067619337
Edge derivatives =  [54.47255717279479, 16.786835496211783, 60.0412086370821, 14.224692575149515, 2.4275128686448233, 9.389678691968218, 8.500962085748725, 20.551516154940675, 29.901958366754084, 40.272899665780486, 6.32331790655227, 35.23910991226672, 33.5940469523912, 27.53678437939092, 23.4293132676891, 11.072428073126032]
other derivatives: [ 105.54331311  188.27486201  133.65570339  103.93196135  221.79519874
 -145.01147234]
Current x array =  [-0.70774395 -0.8084486  -1.10478218 -0.31714783 -3.44706169  0.77923815
 -2.69777309 -3.61471205 -2.32458526 -3.11052348 -4.20949927 -3.69101256
 -0.69919771 -0.98353787 -2.9778312  -2.42034091 -3.63765355 -2.02168106
 -3.0507002  -3.31936541 -1.998462   -1.42391279]
log likelihood =  -6550.804214982654
Edge derivatives =  [72.64959998033814, 15.994301211453266, 53.118590869918485, 13.169872711088644, 3.071350010924617, 11.650842834259125, -4.857665894130204, 12.034270900783161, 30.49195207275203, 43.45667225336463, 7.873506788024988, 28.031006264611285, 30.466044367207623, 31.91011233093804, 27.567212736851147, 15.079163919685659]
other derivatives: [ 101.38555808  215.93004931 -149.44598661  222.51761038 -282.40574466
 -121.02136679]
Current x array =  [-0.76887816 -0.92994971 -0.47353446 -0.30433001 -1.09792912  0.51864769
 -2.6692065  -3.63659689 -2.27913189 -3.17686038 -4.24343804 -3.73614602
 -0.94253087 -1.18007706 -2.99888292 -2.4324751  -3.70205546 -2.05371335
 -3.04354764 -3.3266317  -2.11099429 -1.6102312 ]
log likelihood =  -6397.578502006752
Edge derivatives =  [62.091166659535304, 16.972730804878438, 60.10044276529799, 14.584585009189015, 3.293440397942958, 11.158992068140325, 8.961613172526471, 23.244900551084186, 31.9844652925605, 44.07374388794402, 7.930447844845806, 35.867310021522606, 34.304253865699195, 30.419769784809016, 29.063827184730297, 18.27851222500551]
other derivatives: [ 131.91784092  207.64382498   61.83818186  150.49881767   52.96642485
 -127.51170289]
Current x array =  [-0.73476479 -0.86215114 -0.82577562 -0.31148246 -2.40876347  0.66405921
 -2.68514688 -3.62438498 -2.30449523 -3.13984387 -4.22449994 -3.7109612
 -0.80674906 -1.07040665 -2.9871359  -2.42570413 -3.66611869 -2.03583908
 -3.04753882 -3.32257705 -2.04820039 -1.50626407]
log likelihood =  -6289.043527464592
Edge derivatives =  [42.08673610244111, 10.861417106767089, 33.10579184985571, 2.910595868043925, 1.4914664460456164, 4.541271608854929, -86.87189554096801, -64.24541009412003, 21.653633412691693, 11.630689144599577, 1.4843709789219184, -30.896095264582218, 14.985035908481786, 27.829617291776554, -16.580883877744437, -49.16786405910864]
other derivatives: [  106.22325135   182.1909791  -2103.1210963     99.52409528
  -165.57278286  -141.11546989]
Current x array =  [-0.83039405 -0.95923015 -0.12330498  0.44481369 -2.0337352   0.04241947
 -1.82973222 -3.29451855 -1.37590228 -2.73769722 -4.13100978 -3.449416
  0.03439731 -0.18453807 -2.41386123 -1.63381422 -3.41969756 -1.20634556
 -2.46055523 -2.83398824 -1.29919491 -0.73507158]
log likelihood =  -6271.396472164916
Edge derivatives =  [58.56173004076319, 15.42892752904608, 57.041483138150284, 12.462965416230157, 3.142571478149399, 10.33065304125569, -4.675457474876076, 10.136444339067014, 30.75447113223235, 38.47594478610643, 6.944009411998209, 25.881372173459063, 32.168607741046955, 29.424948762759698, 21.937200838178583, 8.513579255408137]
other derivatives: [ 149.87263057  199.13723008   28.73130143  129.7493327    23.09925549
 -135.05696188]
Current x array =  [-0.75985829 -0.88762506 -0.64144452 -0.11302732 -2.31035455  0.50093845
 -2.46068265 -3.53782671 -2.06082872 -3.03431898 -4.19996775 -3.64233069
 -0.58602889 -0.83795119 -2.83670633 -2.21790905 -3.6014568  -1.81817666
 -2.89351198 -3.1943694  -1.85165836 -1.30390007]
log likelihood =  -6415.315755599485
Edge derivatives =  [-16.52431487238268, 3.281034478628783, -53.37021294778275, -2.2132573311424193, -0.8365285081059665, -2.4797599448536265, -124.08965285469567, -120.56372320224375, 1.7349254334317834, -42.60644981433563, -2.255523873986455, -94.28445010431287, -10.287539506504094, 15.586799816674219, -62.934461746271104, -91.5780228773039]
other derivatives: [ 3.97477470e+02  1.10676501e+02 -5.22471428e+03 -8.79668733e+01
 -2.83593636e+02  2.33549144e+00]
Current x array =  [-0.83294427 -0.90221917 -0.07737098  1.05338444 -2.15534217 -1.42994426
 -0.88360682 -2.98059712 -0.36056418 -2.41882165 -4.04961751 -3.2062926
  0.21908665  0.14599375 -1.791201   -0.92089089 -3.21580895 -0.65204983
 -1.84013515 -2.28973712 -0.77555212 -0.37450186]
log likelihood =  -5981.311424977752
Edge derivatives =  [37.51232631707593, 10.455369183053534, 31.732486100067476, 8.643207693991533, 2.4465644676971157, 7.239959446906143, -33.45165048230205, -24.383072394571617, 25.687786924540738, 18.52940706251039, 5.08840116945878, 0.9411165360776127, 23.287843192161006, 25.54878286256899, 6.905742334582474, -9.092728446060246]
other derivatives: [ 115.41542335  149.74320948 -156.1940735    56.51945685  -45.17914931
  -43.05211405]
Current x array =  [-0.79725087 -0.89509177 -0.35285064  0.48373758 -2.23104641 -0.48694856
 -1.65381192 -3.25273437 -1.19093163 -2.71941543 -4.12304487 -3.41924289
 -0.17411201 -0.3345408  -2.30180012 -1.55432271 -3.40414989 -1.22155753
 -2.35457852 -2.73153731 -1.30109598 -0.82839712]
log likelihood =  -6136.3118938531425
Edge derivatives =  [-11.739392284930911, 4.584337585697992, -37.286707763224946, 4.0070804397382185, 0.06903803671711313, 0.33048322441988065, -48.423155001846844, -56.22854408865995, 2.0613345961258385, -27.29833629500074, 1.5197328313962941, -31.31957600116952, 3.5337941336619747, 3.850653650271808, -27.02453487537282, -35.231847480249805]
other derivatives: [ 239.73370844   72.53620424  659.38384068 -130.55050658  -29.07445378
    8.52141966]
Current x array =  [-0.82790777 -0.83225202 -0.88428872  1.1721582  -2.30942452 -1.33044967
 -0.90823058 -2.99887288 -0.4372978  -2.46319741 -4.06115833 -3.23175396
 -0.11020713 -0.16338056 -1.79329444 -1.00473502 -3.24414895 -0.80438002
 -1.85437244 -2.27461128 -0.89129149 -0.57201585]
log likelihood =  -5945.054179125651
Edge derivatives =  [25.919437928797436, 8.630297251805189, 15.920972660004626, 7.840504266366262, 1.9697764888443072, 5.6579444820950515, -34.20216283156437, -30.447347971129027, 21.05415033952592, 9.076984762649909, 4.446569604473498, -3.6070083761941376, 20.562403511729066, 19.93766998824306, 0.8218781473736468, -12.419186174995577]
other derivatives: [166.23407646 128.60209608 173.46574168  -8.61964509 -34.49258656
 -25.02165444]
Current x array =  [-0.80649144 -0.87615069 -0.51303602  0.69124044 -2.25467104 -0.74119558
 -1.42907975 -3.17621576 -0.96377229 -2.64218652 -4.10439111 -3.36273022
 -0.15484988 -0.2829499  -2.14852699 -1.38866669 -3.35592261 -1.09581242
 -2.20380705 -2.59381125 -1.17757323 -0.75111901]
log likelihood =  -5901.045518873707
Edge derivatives =  [17.87775574164057, 7.700551023130019, 5.8098211348017825, 8.970408500443591, 1.659784085518022, 4.2698077767718035, -24.521120152978426, -27.406166188989207, 18.479946877277868, 1.7183001556306399, 4.255469426811781, -11.058786432874271, 14.572230236857193, 18.783537960699558, -2.6994907313456213, -10.655634591166649]
other derivatives: [ 74.1578333   50.03557817   6.01521606 -47.74301487 -21.71273081
  -2.95813152]
Current x array =  [-0.76700277 -0.79671814 -0.3828136   0.9747085  -2.36439165 -1.16050453
 -1.17197248 -3.09445627 -0.70779858 -2.56524311 -4.08515642 -3.30307652
 -0.16078477 -0.24356853 -1.98362951 -1.20940862 -3.30719319 -0.96906691
 -2.03858484 -2.44514781 -1.05622671 -0.68861461]
log likelihood =  -5888.677859360435
Edge derivatives =  [15.678656660884847, 7.57973116490699, 3.6445874813378385, 9.873296194972978, 1.6067940469216369, 4.162019622237399, -15.720068299108064, -19.89116005429601, 17.454303926257868, 1.0758490836258616, 4.496207960215127, -7.906595427401695, 13.017647568863907, 17.86857087038524, -0.8870064410760375, -5.760107371035498]
other derivatives: [ 16.32515705   5.47161108   3.29046088 -43.96906661   3.11347321
   3.05271897]
Current x array =  [-0.73090733 -0.74959735 -0.38341756  0.94368274 -2.44042125 -1.2557133
 -1.11723937 -3.07680472 -0.67415077 -2.5508832  -4.08225058 -3.29349528
 -0.23731344 -0.31446322 -1.93970302 -1.19631192 -3.29978161 -0.99040689
 -2.00112211 -2.4010677  -1.06344415 -0.72444522]
log likelihood =  -5876.592381068849
Edge derivatives =  [6.935030073478511, 6.455933132142185, -7.726395055922959, 9.414995472111674, 1.30132193568887, 3.367351798151549, -10.87441976800407, -15.412365372436014, 12.458262905278351, -5.111438224132709, 4.093184537255779, -8.581016708234033, 7.45524338291392, 14.007356997543042, -3.5920220254566706, -5.126448210519266]
other derivatives: [-70.49575288 -41.73753041   2.88227966 -12.12119969  -0.73014235
   8.2920451 ]
Current x array =  [-0.69111803 -0.71012633 -0.39220707  0.80010582 -2.44654216 -1.3972108
 -0.96489129 -3.01914051 -0.56403535 -2.48820176 -4.06969359 -3.25646889
 -0.32882283 -0.40404468 -1.8105955  -1.13154769 -3.26647819 -0.98853279
 -1.88958543 -2.27708537 -1.03336187 -0.7422204 ]
log likelihood =  -5870.674507375974
Edge derivatives =  [5.732125595362494, 6.275755052062512, -8.318783372749722, 10.26060234973496, 1.4530624612940741, 3.496858682064281, 0.10624793971540336, -4.190134661246308, 10.789415606595155, -4.213784030598922, 4.4755136212699815, -3.5133729547335424, 5.254407727167442, 12.192248410598497, -0.45635570209681586, 1.6380492716104338]
other derivatives: [-60.27275958 -12.20123522   7.78873073   2.017714     4.85470082
  12.16285455]
Current x array =  [-0.69557277 -0.73447546 -0.39634882  0.72438566 -2.44632581 -1.45710345
 -0.90451245 -2.99311429 -0.55766636 -2.46153029 -4.06634919 -3.24472184
 -0.45233411 -0.53081338 -1.74706195 -1.14018886 -3.25592323 -1.04152987
 -1.84284815 -2.20848036 -1.06162147 -0.80550983]
log likelihood =  -5866.144791314082
Edge derivatives =  [1.5082225274254362, 5.692933453131874, -8.979463793517814, 9.983110658413818, 1.369411508753862, 3.126740121963879, 4.187584172855369, 1.2096119115991566, 6.173318122569376, -4.878672323967011, 4.290712152620052, -1.7968214584787807, 0.5670915959399527, 8.09864431852808, -1.2201485249980577, 2.0472998521517676]
other derivatives: [ 17.03356247 -29.61733117   8.03229341  12.71437213   0.92368282
  12.08081812]
Current x array =  [-0.74823654 -0.71038086 -0.39185164  0.65788661 -2.43679111 -1.45097399
 -0.80663934 -2.93445355 -0.55434325 -2.37989548 -4.05285093 -3.21008797
 -0.50600915 -0.60633777 -1.6315933  -1.13680119 -3.21791907 -1.068245
 -1.76508438 -2.08736838 -1.05589664 -0.81301229]
log likelihood =  -5863.297486434487
Edge derivatives =  [-0.19678666246707988, 5.191527809981862, -7.918990467760313, 9.512190909316635, 1.308165267063717, 2.7848937704910397, 2.243584423947911, 1.0873377124122512, 2.946877277971256, -5.418355473915739, 3.914395013690372, -2.846038997161765, -2.378541603894805, 5.366610723957798, -3.13176913349139, -0.573583445364696]
other derivatives: [19.49101716  8.05330274  4.38849383 18.50839908 -4.57021088  8.21983122]
Current x array =  [-0.75013074 -0.75504373 -0.38956629  0.63848569 -2.43829882 -1.38491461
 -0.75307834 -2.89181196 -0.56326088 -2.31418715 -4.04162654 -3.18307689
 -0.48733927 -0.60859096 -1.55898736 -1.13283686 -3.18629635 -1.06538736
 -1.72048948 -2.01077981 -1.03646223 -0.78520561]
log likelihood =  -5860.718765162608
Edge derivatives =  [-0.17768860889971927, 4.953845512468026, -3.983041049701538, 9.249553863008563, 1.2433187215470987, 2.607473054873701, 0.0006898461272448753, 0.5776531881895107, 0.3358281905215673, -4.074531849246501, 3.675343584657002, -2.4415581909522275, -4.230832759118582, 2.9159189206342284, -3.7478146839345405, -2.5809985017557397]
other derivatives: [23.07306204 19.24690878  4.30572982 14.54318408 -2.09829523  2.52875907]
Current x array =  [-0.75123988 -0.76906674 -0.38788896  0.6556366  -2.44938527 -1.27201517
 -0.73691284 -2.8529097  -0.6184736  -2.24513097 -4.03114987 -3.16050142
 -0.46381543 -0.60981833 -1.50998121 -1.16237571 -3.15589237 -1.08322747
 -1.7074433  -1.95067866 -1.04055456 -0.76924446]
log likelihood =  -5857.554727878141
Edge derivatives =  [-2.4706124314336804, 4.387206950176264, 0.9758555014942494, 8.273751997961748, 1.0707903192046289, 2.4129724400928456, -0.3256334632057406, 1.9638579915465728, -4.840913404188738, -0.5463909609552483, 3.543152154739914, 1.423917716398873, -6.604593963544654, -2.4221302761013703, -1.769795695595215, -1.6244274318089293]
other derivatives: [-6.70952431 13.08044375 15.23112587  7.39491952 -4.78412403 -5.29453246]
Current x array =  [-0.7286899  -0.7605809  -0.39422106  0.6923653  -2.41300494 -1.10790344
 -0.71379538 -2.75956766 -0.73613869 -2.07629153 -4.00842156 -3.11175102
 -0.48859539 -0.66820376 -1.43515553 -1.25214243 -3.08747983 -1.16018662
 -1.72215149 -1.837019   -1.09962274 -0.80404773]
log likelihood =  -5856.428767724876
Edge derivatives =  [-2.9277387852627603, 4.388308400688434, 2.829115884038457, 7.852475286022589, 1.0157924414876445, 2.0981693216685304, -0.5615389656334949, 0.860637270696678, -5.110492273994558, 0.944153491010826, 3.4460001073342332, 0.671648317553759, -6.217262786586293, -3.2919766346817037, -0.7686955722307329, -0.5737788985778276]
other derivatives: [  1.19180186   2.90456228 -37.05963536 -10.93576429   4.1362
  -5.68852556]
Current x array =  [-0.73570963 -0.75610288 -0.3640587   0.79487797 -2.45615373 -1.12452659
 -0.68399234 -2.6878504  -0.73786414 -1.95258743 -3.99031322 -3.07037616
 -0.46908509 -0.64515584 -1.41097053 -1.26106538 -3.03314335 -1.15420482
 -1.74408769 -1.78761118 -1.1069696  -0.8016656 ]
log likelihood =  -5855.4373698103645
Edge derivatives =  [-3.296979981746382, 4.407068092170084, 2.369956393366974, 7.537050561406974, 0.9956093261039274, 2.199462449809541, -0.3470259200302844, 0.6673299750193546, -4.308655490921301, 1.392429601444035, 3.546362179596925, 1.625534456250254, -4.857545104376176, -2.8624022325135474, 0.2364502549048096, 0.485854800257442]
other derivatives: [ -3.10155883  -4.81286406  -3.91246431 -10.63835953   3.11501935
  -4.23615347]
Current x array =  [-0.73083137 -0.74473858 -0.37878123  0.78527642 -2.43958877 -1.12912874
 -0.70175001 -2.67932199 -0.74591289 -1.93335327 -3.98857583 -3.06738439
 -0.47947954 -0.65065597 -1.43198078 -1.27338785 -3.02643778 -1.16309709
 -1.77150196 -1.80071681 -1.12302523 -0.8170293 ]
log likelihood =  -5854.242394265246
Edge derivatives =  [-4.75649417045117, 4.33141670846248, 1.0279983569395779, 6.5262185638170696, 0.9219049693096537, 2.1628679427658053, -0.28992625420124435, -0.06760801291110158, -3.3764593296102468, 1.9239710444651337, 3.559715647571421, 2.193775729071836, -2.8812599531388243, -2.49633926496366, 1.572638356743202, 1.9996110883933969]
other derivatives: [ -8.72259989 -14.53427103  14.75855242  -8.28977136   0.15061232
  -1.68111001]
Current x array =  [-0.7269184  -0.73249333 -0.38823461  0.7711694  -2.42228532 -1.15543541
 -0.71203613 -2.63649031 -0.74323273 -1.85524093 -3.97852592 -3.04524282
 -0.49176233 -0.65267711 -1.45330545 -1.28471483 -2.99375679 -1.16819953
 -1.81654545 -1.80208952 -1.14367611 -0.8367019 ]
log likelihood =  -5852.49455078032
Edge derivatives =  [-7.182744284029055, 4.107440541550566, -0.8687900255441112, 3.7118041729100906, 0.7555232166146928, 1.8756108587279805, -0.9167036783115208, -2.0103736782374737, -1.9335936704352028, 2.838044168461897, 3.335707727457304, 2.1311651822248248, 0.3776818710214758, -2.2749593702087454, 3.373395255391955, 3.8641683195120473]
other derivatives: [ -8.79845174 -18.48420652  34.59526852  -6.01321517  -3.40905899
   1.19416654]
Current x array =  [-0.72673691 -0.72847236 -0.39675255  0.76071956 -2.41281882 -1.19998767
 -0.72003407 -2.52433633 -0.73209217 -1.65825682 -3.95154736 -2.98473348
 -0.49747788 -0.64157372 -1.47814244 -1.29719542 -2.90757858 -1.16493824
 -1.89873238 -1.78306132 -1.1705583  -0.85613089]
log likelihood =  -5851.089506285232
Edge derivatives =  [-7.649517597140496, 3.9829988242842904, -1.9364011971488757, -0.25100599947631375, 0.5543744596426939, 1.5451525715051309, -1.2757366563639514, -3.0703198007426353, 0.0742832372362803, 3.609623706937914, 2.8518470558599858, 1.6680908937714298, 3.5889180028456007, -1.2046964178734831, 4.512919740806266, 4.649630480311112]
other derivatives: [-18.2824806  -11.94575816  10.13358997   7.03566911 -10.18943294
   2.70938472]
Current x array =  [-0.7241215  -0.73421588 -0.38881292  0.71002626 -2.40065362 -1.226135
 -0.76105083 -2.39770091 -0.73225964 -1.44709081 -3.92187028 -2.91872525
 -0.5095566  -0.6419031  -1.51586623 -1.30729211 -2.80974699 -1.16361672
 -1.98824744 -1.77654355 -1.1929844  -0.86756964]
log likelihood =  -5850.952667667479
Edge derivatives =  [-6.569274580872314, 3.8907673872928017, -0.4513863719797636, -5.745929535653134, 0.3581047128627405, 0.8538587290630031, -2.4531971277977833, -5.430613589291533, 2.1110678843343744, 4.215925177996764, 1.9461707572583145, -0.3159445867104939, 6.367364630397229, -0.8579830743371566, 4.393079591805033, 3.8705206317668286]
other derivatives: [26.49239832  8.23201844 44.38552423 -6.57828423 -0.40790837  1.91093932]
Current x array =  [-0.74927139 -0.76196482 -0.39315837  0.76910889 -2.46204331 -1.25882067
 -0.78869995 -2.22217827 -0.71771882 -1.17077729 -3.8797818  -2.82355887
 -0.47194597 -0.59506724 -1.53081557 -1.29313337 -2.67383649 -1.12872943
 -2.06877688 -1.74134481 -1.18430737 -0.83585823]
log likelihood =  -5850.339624703756
Edge derivatives =  [-7.09672116366001, 3.956727181679512, -1.1951855225026864, -2.926125256355269, 0.4513804871054119, 1.1919268195243475, -1.9343674979975765, -4.350082748400457, 1.1487819203530665, 3.918722291759528, 2.396995922102102, 0.6286604307716076, 5.099244706690725, -1.0194631655199036, 4.460458853061238, 4.22742535863089]
other derivatives: [ 5.66851668 -1.21199264 27.98606147 -0.17971615 -4.90354068  2.26291377]
Current x array =  [-0.73727109 -0.74872439 -0.39108493  0.74091756 -2.43275116 -1.24322467
 -0.77550715 -2.30592907 -0.72465698 -1.30262055 -3.89986436 -2.8689676
 -0.48989192 -0.61741501 -1.52368248 -1.29988923 -2.73868632 -1.14537594
 -2.03035218 -1.75813993 -1.18844762 -0.85098936]
log likelihood =  -5849.6305439639345
Edge derivatives =  [-5.965464264883883, 4.1318401683907675, -0.8140493021460324, -2.296588214880689, 0.4233465725003788, 1.0423940235860467, -1.5948441454906774, -3.67801799169146, 0.8624125566601211, 2.7350381225159586, 2.1430399072018007, -0.5715156976721207, 4.414338656087435, -0.8690443590865098, 2.8362661677154235, 2.299013630074979]
other derivatives: [ 6.24331733  2.64089977  2.81988832  1.27947715 -1.43409125  1.21881385]
Current x array =  [-0.739883   -0.75517196 -0.37961569  0.73796804 -2.45764037 -1.24735848
 -0.78396005 -2.29402787 -0.71301179 -1.3068135  -3.89780974 -2.86337135
 -0.48261526 -0.61602591 -1.51469536 -1.27567302 -2.73041625 -1.13061532
 -2.00827499 -1.75706036 -1.16294723 -0.82544241]
log likelihood =  -5849.26144461313
Edge derivatives =  [-4.812106502340864, 4.2525454377285055, 0.006156286867197713, -2.2108171390128115, 0.35629801160416263, 0.8449601421668221, -1.1347059962457182, -2.730927590991458, 0.1727936554477493, 1.6619233840855663, 1.7982664323768178, -1.3021129429431435, 3.531394727820836, -1.2661138227598412, 1.1953070200950817, 0.27583158726610785]
other derivatives: [  2.66172719   4.76611604 -14.92644515   1.96041583   1.84918463
  -0.60035745]
Current x array =  [-0.73900684 -0.75939982 -0.37223434  0.73702448 -2.47789881 -1.233587
 -0.80014758 -2.26630979 -0.71487487 -1.29214825 -3.89257966 -2.85091418
 -0.47956464 -0.62379311 -1.50133821 -1.25883832 -2.71132067 -1.12450096
 -1.98758801 -1.74824488 -1.14200354 -0.80212924]
log likelihood =  -5848.993956920387
Edge derivatives =  [-3.893794875243158, 4.366589456003025, 0.4107089244105703, -2.1808303317020235, 0.296003823716252, 0.7270677158900561, -0.5795594139461892, -1.8617304849961362, -0.16484246117136464, 0.7749320223856332, 1.5513438137028726, -1.512250834357048, 3.0471718002697172, -1.3970113476051245, 0.06968452584305179, -1.0189959232066494]
other derivatives: [  1.24819053   4.50054358 -16.17572707   2.46118361   3.56230885
  -1.59252522]
Current x array =  [-0.73833382 -0.75928933 -0.37202504  0.73316009 -2.48548305 -1.22577129
 -0.82270776 -2.24235541 -0.71738309 -1.28479988 -3.88875751 -2.84189485
 -0.48186146 -0.63445436 -1.49758476 -1.24692021 -2.69613553 -1.12310181
 -1.97390161 -1.74870586 -1.12872671 -0.78868052]
log likelihood =  -5848.007825857865
Edge derivatives =  [-1.4020954675313697, 4.679758180181752, 0.3487193723106747, -2.8245562504619137, 0.05067595850845266, 0.2961861976897581, 0.4645578723325232, 0.0078084503789581095, -0.3794525695480441, -2.021182479117325, 0.6816654875756292, -1.7227810697159578, 1.979778902802527, -1.0340067512249216, -2.718810955112431, -3.485617646789966]
other derivatives: [ -4.88889782   2.05664037 -12.47390173   1.42563295   2.06218829
  -2.56241037]
Current x array =  [-0.73402634 -0.75620932 -0.37479617  0.73833372 -2.47651797 -1.23755593
 -0.92499201 -2.12001623 -0.71387926 -1.2491103  -3.8716469  -2.80113383
 -0.48921519 -0.66778578 -1.50638184 -1.21108423 -2.62693419 -1.12360003
 -1.93520784 -1.77052014 -1.09959376 -0.76689724]
log likelihood =  -5848.059659044246
Edge derivatives =  [3.127929611703114, 5.494931386945951, 0.9184255467184206, -0.7337473879724716, -0.10039735915368553, 0.25126719254798, 3.9826731605334658, 5.145815016118291, 0.26013036135754497, -4.160860951761704, 0.0133989971026557, 0.5149002864045741, -0.2313333646778352, 0.4821084360424203, -4.2175890841012365, -3.3867564538143267]
other derivatives: [44.33559297  5.31472324 -6.98037184  6.93062248 -0.35379344 -2.07601261]
Current x array =  [-0.76529546 -0.7482647  -0.37870874  0.69662568 -2.44681383 -1.26157373
 -1.10130631 -1.94823432 -0.71714584 -1.31180609 -3.85944196 -2.76851923
 -0.51674528 -0.73979299 -1.5309968  -1.18218296 -2.55950555 -1.14845831
 -1.84394129 -1.83572832 -1.08402513 -0.77274011]
log likelihood =  -5847.581758847271
Edge derivatives =  [0.928943619704508, 5.0901650705003, 0.6417202107010707, -1.8096139838404128, -0.023712832371530157, 0.27502374245122296, 2.144048572822988, 2.490493677437895, -0.08461095461251063, -3.057454814316151, 0.3662770850551899, -0.6380517965102831, 0.9653814458133292, -0.28353615852678316, -3.443469084695297, -3.4442110375902346]
other derivatives: [19.41589289  3.70691851 -9.82117854  3.98604243  1.01435944 -2.31639206]
Current x array =  [-0.74913975 -0.75236942 -0.37668724  0.71817482 -2.46216096 -1.24916454
 -1.01021065 -2.03698825 -0.7154581  -1.27941328 -3.86574784 -2.7853701
 -0.50252141 -0.70258929 -1.51827908 -1.19711527 -2.59434366 -1.13561487
 -1.89109564 -1.80203745 -1.09206892 -0.7697213 ]
log likelihood =  -5846.865276042316
Edge derivatives =  [1.9863116307668474, 4.883083328268821, -0.16741331364318585, -3.132838205541924, -0.26983436421572293, -0.15247396328563187, 2.498723503731085, 3.175552796509289, 0.5676260184816027, -4.364116473569396, -0.47543107045362987, -0.06848110898615112, 0.484304654133776, 0.4943202754042465, -4.041327963444193, -2.949264668479901]
other derivatives: [ 3.35921868 -0.63382686  4.29645297  0.40545274 -1.26601662 -1.25128281]
Current x array =  [-0.73718144 -0.74811689 -0.38360216  0.73775845 -2.44601223 -1.28878636
 -1.11942137 -1.87402565 -0.70792825 -1.2306623  -3.84541023 -2.73605403
 -0.50464481 -0.72483096 -1.54165615 -1.18224648 -2.51183752 -1.14260932
 -1.8659427  -1.8324359  -1.09087505 -0.77737442]
log likelihood =  -5846.487530531154
Edge derivatives =  [2.3366225038960926, 4.678328474274681, -0.4476316469798258, -2.990270563652263, -0.3241708122811727, -0.21828820384098047, 2.285575870582799, 3.1500498443169422, 1.0678311511639755, -3.7588833543572293, -0.6115134569392288, 0.6926586197096559, 0.10357864026293745, 0.9599922166668391, -2.9403637287498503, -1.0885144391049066]
other derivatives: [-0.03547029 -2.54840415  5.85787348 -2.36796041 -1.76178219 -0.1036824 ]
Current x array =  [-0.73412689 -0.74547949 -0.38431376  0.75211954 -2.43723345 -1.3136852
 -1.16401015 -1.79502187 -0.70544275 -1.23829062 -3.8396977  -2.7203733
 -0.50071836 -0.72838066 -1.55232862 -1.19098649 -2.48426678 -1.15053456
 -1.84827067 -1.84983556 -1.10602173 -0.79641016]
log likelihood =  -5845.900726114513
Edge derivatives =  [2.6839189433208106, 3.7019777427797758, -0.7682686156628469, -1.7878460608351474, -0.3574487881593135, -0.24238071312273693, 0.6450065826355462, 2.217112788738641, 1.767348978468185, -1.558963276602518, -0.745926217568323, 1.648293047768492, -0.9798488741986771, 1.6427114540703673, -0.25549532672762626, 1.9502487640944943]
other derivatives: [-7.55799192  9.64373612 20.28355084 -1.43872967 -0.71331669  1.4512807 ]
Current x array =  [-0.72717333 -0.7585055  -0.39179255  0.74613583 -2.4363972  -1.35560025
 -1.23783403 -1.61574172 -0.70153729 -1.29291657 -3.8329782  -2.6958365
 -0.47703453 -0.71556725 -1.56143111 -1.22097843 -2.44052285 -1.15479437
 -1.80190585 -1.87994476 -1.13985452 -0.82292779]
log likelihood =  -5845.506917472962
Edge derivatives =  [2.372136928639424, 2.2722634540477302, -0.3593071526643709, -1.92064503946998, -0.43690687385559535, -0.46293694289297405, -1.3884639060026067, 0.18734805637607377, 2.0217847243708236, 0.7819556346991362, -1.026961087334833, 1.549275540639975, -1.5389478952137512, 1.7870006916235706, 1.735789474670319, 3.5597925995273414]
other derivatives: [-1.76232788 -5.58275133 -1.20244295 -3.09282768  0.49758455  1.78133632]
Current x array =  [-0.73378479 -0.74160482 -0.3811188   0.75626798 -2.44353053 -1.37251465
 -1.27465331 -1.46373322 -0.70757516 -1.29638201 -3.82444267 -2.66890059
 -0.45173567 -0.69211256 -1.55991481 -1.25501433 -2.39803214 -1.15423783
 -1.78688688 -1.88374529 -1.17077476 -0.8369761 ]
log likelihood =  -5845.285485517223
Edge derivatives =  [1.9440373507888238, 2.6080757377511183, -0.12835203027983577, -1.1984148645986488, -0.3495831951216006, -0.2942030222209289, -1.7523147900127434, -0.2948987103084965, 1.4322198772687216, 1.0717711935710834, -0.6836488258263971, 0.9793541944843412, -1.5449108370824953, 1.321877231278672, 1.635541770721959, 2.547968124089805]
other derivatives: [-0.79380698 -1.9059371  -1.58815965 -0.566979    1.5450496   1.20917321]
Current x array =  [-0.73478922 -0.7459177  -0.38124472  0.74284334 -2.45214595 -1.35553025
 -1.23072793 -1.51047511 -0.7093083  -1.32695382 -3.83308029 -2.68781619
 -0.44822428 -0.67941873 -1.54479807 -1.25939734 -2.43006981 -1.14608332
 -1.79101917 -1.8697129  -1.16717545 -0.82526528]
log likelihood =  -5845.094532068078
Edge derivatives =  [0.8973407870424454, 1.5819477868280338, -0.10755791877309892, -1.118449323987595, -0.3385809569324269, -0.4823866216241899, -2.299128429297655, -1.6727218420764793, 0.4155589710200313, 1.163868964003153, -0.8557193223392813, -0.8789816991507365, -1.4099551934673975, 0.5419783067211398, 0.7210482107033763, -0.11387469165248809]
other derivatives: [10.60207069  7.80564733  6.50661605 -2.21943992  0.24683686 -0.13560566]
Current x array =  [-0.74203892 -0.75916752 -0.3823935   0.75122145 -2.45827818 -1.34616627
 -1.19507738 -1.44134869 -0.70659866 -1.33497007 -3.83448548 -2.68270669
 -0.44122801 -0.65479748 -1.5175834  -1.25880635 -2.42773269 -1.12348873
 -1.80006946 -1.84363392 -1.15530857 -0.79307694]
log likelihood =  -5844.968100383897
Edge derivatives =  [0.6167687371636894, 1.2613281656902302, -0.42982601426653483, -0.5337029184136102, -0.34693246557896873, -0.49703923976112035, -1.9355260089578585, -1.4028657102410098, -0.04709065449063665, 0.7725754693098248, -0.8820549917116693, -1.2549750719037456, -1.769764643047455, 0.4978964592388457, 0.15940390905611485, -1.2098606393049733]
other derivatives: [-0.29349394  4.68380676 -7.12452675  2.37923814 -1.69702616 -0.42537067]
Current x array =  [-0.73692328 -0.75567034 -0.37875873  0.73265937 -2.45279328 -1.34188814
 -1.19452274 -1.42068078 -0.70800843 -1.36938123 -3.83870523 -2.68875678
 -0.44962562 -0.65934421 -1.51146891 -1.25647881 -2.43647596 -1.12199332
 -1.79514729 -1.84471291 -1.15047427 -0.78548243]
log likelihood =  -5844.905309669151
Edge derivatives =  [0.30501704739517554, 1.0466975481811551, -0.5739702917910572, -0.470902134077405, -0.3504770508287285, -0.49247497741281726, -1.611385095460562, -1.3496500415383215, -0.1634553684992526, 0.7704141080237072, -0.8398308363990225, -1.1067851710057992, -1.6366071269558113, 0.3985821714570976, 0.23468594470485077, -1.131922932905474]
other derivatives: [-0.56288627 -0.95787982 -1.13650458  1.87619662 -1.38634277 -0.25129339]
Current x array =  [-0.73676135 -0.74910811 -0.38122081  0.73276388 -2.45111524 -1.34186764
 -1.19053615 -1.41228283 -0.70950244 -1.37694491 -3.84024867 -2.69085989
 -0.45460241 -0.66081476 -1.51029441 -1.25806829 -2.44002305 -1.12378047
 -1.79981432 -1.84336167 -1.15217216 -0.78741499]
log likelihood =  -5844.852229704163
Edge derivatives =  [-0.017112754002547526, 0.6475015381050981, -0.6999047660876025, -0.365572905879329, -0.3553202670340019, -0.5239954968048609, -0.9006800646212073, -1.0691155214465597, -0.29449517018851223, 0.605448292943323, -0.8443634154236511, -1.0540406535501035, -1.4123250744434008, 0.3445892040027522, 0.12419346734500547, -1.1685624398875487]
other derivatives: [-0.9175892  -3.39114195  1.95277607  0.72386683 -1.5886144  -0.11359589]
Current x array =  [-0.73637335 -0.74655367 -0.38219864  0.73793763 -2.44784546 -1.34423542
 -1.18772392 -1.38707752 -0.71027294 -1.3843999  -3.84159218 -2.69094299
 -0.46355031 -0.66430999 -1.50795956 -1.2561655  -2.44078244 -1.12518111
 -1.80720592 -1.84074004 -1.15114597 -0.78766742]
log likelihood =  -5844.794149881922
Edge derivatives =  [-0.2850021150667891, 0.31356189851159966, -0.5518822812693017, -0.05221628196564443, -0.3316563277300641, -0.49686984640114706, 0.3206098011469009, -0.37093748358725664, -0.3512300867267463, 0.43288514091490027, -0.7424761380860374, -0.7605827803239249, -0.973843936125784, 0.35391563816499616, 0.09842866670021266, -0.8194975649582769]
other derivatives: [-1.10030669 -3.2950993   1.52158464 -0.72795956 -0.85829015  0.11677912]
Current x array =  [-0.73587378 -0.74680479 -0.3814415   0.74520628 -2.4472841  -1.34619395
 -1.17971568 -1.36437708 -0.71274743 -1.39640475 -3.84507207 -2.69486549
 -0.47672924 -0.67064106 -1.50537432 -1.25238026 -2.4478559  -1.12951436
 -1.82064962 -1.83591161 -1.14940291 -0.7908909 ]
log likelihood =  -5844.760533868437
Edge derivatives =  [-0.2348988376750742, 0.10538274760243038, -0.051013307770622685, 0.35215600876305997, -0.2826165642718798, -0.35579841354937375, 1.0333698040617305, 0.4978829869454614, -0.21239959615376391, 0.05484787553384948, -0.5283725060577359, 0.15145532820145197, -0.4545622366561697, 0.41183964284132457, 0.06303930514991724, 0.04770495061075289]
other derivatives: [ 4.28071871 -1.63418008  1.86810212  0.52295945  0.25484042  0.3086825 ]
Current x array =  [-0.73914034 -0.74734708 -0.38138565  0.73700257 -2.44849725 -1.34443169
 -1.1800816  -1.34485183 -0.71946842 -1.41283101 -3.85162708 -2.70423249
 -0.48266216 -0.68010593 -1.50697881 -1.2444152  -2.46197185 -1.1406522
 -1.83533624 -1.83120227 -1.14579519 -0.79954041]
log likelihood =  -5844.740663081449
Edge derivatives =  [-0.48988957774887926, -0.0743514298093958, 0.24054260570735192, 0.25054072812872374, -0.2646565127214886, -0.33853144160342474, 0.7931606580430359, 0.2580630179999941, -0.30683557782925475, -0.08537640095537222, -0.4523772837771203, 0.13570971175311566, -0.07382312662575154, 0.19416882743343863, -0.09342900142008204, 0.05644208841956094]
other derivatives: [-1.12822818  0.81981852  1.40144039 -0.19927029  1.15833245  0.0511136 ]
Current x array =  [-0.73549681 -0.75143186 -0.38080094  0.74230671 -2.45417251 -1.33969768
 -1.16773646 -1.33719529 -0.72241414 -1.40684814 -3.85463321 -2.70774996
 -0.47908531 -0.67600193 -1.5035328  -1.24103502 -2.46907701 -1.14105234
 -1.84986941 -1.81976877 -1.14236374 -0.79835716]
log likelihood =  -5844.73349045088
Edge derivatives =  [-0.37032701007101665, 0.052814573627790296, 0.23066895056637815, 0.13262419737879877, -0.267724181278795, -0.3293395166053629, 0.4939955547421997, 0.15157103178263398, -0.21268228228862535, -0.07827840778524076, -0.45389869865974347, 0.1742583418401408, -0.09382647881592913, 0.21790948565347923, -0.06743184339891448, 0.13267546635060792]
other derivatives: [-0.13342287  0.44365152 -0.29949661  0.04938556  0.74369382  0.03883542]
Current x array =  [-0.736281   -0.75074633 -0.38017997  0.74138521 -2.45287965 -1.33922658
 -1.17118952 -1.34439808 -0.72228567 -1.40156817 -3.85439218 -2.70776136
 -0.47599699 -0.67598902 -1.50592335 -1.24118938 -2.46866551 -1.14169715
 -1.84913679 -1.82062097 -1.14297357 -0.79953344]
log likelihood =  -5844.7286292875615
Edge derivatives =  [-0.3258518055868752, 0.10156315057874832, 0.23196220300289028, 0.029367312193164047, -0.2649825203119337, -0.30310646875171093, 0.13081866799688646, 0.01296787251841136, -0.14412129502693777, -0.11980472140026693, -0.4207056241030273, 0.2521312748410576, -0.035373613569855716, 0.1742748485780173, -0.0711740378313313, 0.20680577030608757]
other derivatives: [ 0.29031071  0.07503331 -0.66247594  0.37489372  0.27303031 -0.00400178]
Current x array =  [-0.73664681 -0.7501136  -0.38013187  0.73994864 -2.45133011 -1.33769214
 -1.17317985 -1.347856   -0.72285795 -1.39829026 -3.8557176  -2.70981788
 -0.4724009  -0.6758621  -1.50789905 -1.24069512 -2.47153311 -1.14287816
 -1.85149003 -1.8191234  -1.14304434 -0.80079471]
log likelihood =  -5844.723036852489
Edge derivatives =  [-0.31790920868813843, 0.08563519859765967, 0.19835588045063157, -0.010944739654086683, -0.2555817451949044, -0.26121693843867666, -0.0947427874317075, -0.05367037853876788, -0.08109474794187478, -0.1600878456880313, -0.3508245413966285, 0.27146548759375433, 0.07255182205268347, 0.08095994211132151, -0.08569702571836729, 0.1971660952398387]
other derivatives: [ 0.28085196 -0.1981789  -0.52223186  0.36161509 -0.21846063 -0.05456968]
Current x array =  [-0.73662522 -0.74967766 -0.38021935  0.74025995 -2.44928758 -1.33610665
 -1.17474269 -1.34702665 -0.72290827 -1.39796777 -3.85899758 -2.71417604
 -0.47031731 -0.67648049 -1.50960653 -1.24009831 -2.47794009 -1.14330506
 -1.85592282 -1.81583246 -1.14285741 -0.80109471]
log likelihood =  -5844.71505570099
Edge derivatives =  [-0.08930880369873109, 0.1569417734364954, 0.09288040357898508, 0.030504575224968883, -0.23208720599770657, -0.14952479196083307, -0.2738451575140388, 0.05153478082910845, 0.11791732192763717, -0.12613969494516056, -0.18904867768462535, 0.24249542543767064, 0.14645840874448063, -0.046407332241478264, -0.024086861509782703, 0.10711005923772243]
other derivatives: [-0.26921043 -0.13915269  1.24236976  0.49585651 -0.42637112 -0.11114025]
Current x array =  [-0.73601698 -0.74933475 -0.38118217  0.73918489 -2.44745887 -1.33422083
 -1.18446018 -1.34838042 -0.72102086 -1.40019778 -3.86699965 -2.72438554
 -0.46795606 -0.6796635  -1.5143599  -1.24035975 -2.49198341 -1.14212326
 -1.85898138 -1.81250556 -1.14328456 -0.80029822]
log likelihood =  -5844.713405734149
Edge derivatives =  [-0.022066915159572542, 0.1084095716644301, 0.11898016216611446, 0.09568825849621124, -0.20169047402384802, -0.05548973637510287, -0.2632327968319524, 0.06449420558775154, 0.2337299638180862, -0.0014862674027004419, -0.013178164422846972, 0.042276175074644484, 0.33679135899191903, -0.22672460176203763, 0.033083505869904356, -0.026834859376706655]
other derivatives: [-0.11377779 -1.13077476 -1.95086614 -0.40981831 -0.05247784 -0.2309207 ]
Current x array =  [-0.73620825 -0.74840536 -0.37947626  0.74425004 -2.44888224 -1.33211786
 -1.18615996 -1.34195338 -0.7194803  -1.4013062  -3.87601675 -2.73487835
 -0.46698296 -0.67981652 -1.51555424 -1.24085818 -2.50747447 -1.13937254
 -1.86725677 -1.80474234 -1.14313586 -0.79812555]
log likelihood =  -5844.709828424122
Edge derivatives =  [0.013852499335342716, 0.13169935489667073, 0.06306826068447224, 0.11193630379775138, -0.20800293039088757, -0.07736611237001395, -0.12450945562445931, 0.12256968071483898, 0.2028270228360524, 0.018520506817311433, -0.0604456833472691, 0.02326618824052945, 0.22552222137219907, -0.15896808789981154, 0.04372864064412013, -0.06177703896219028]
other derivatives: [ 0.56061253 -0.03310561  0.92477421 -0.37962309  0.00673026 -0.17771526]
Current x array =  [-0.73637928 -0.7495501  -0.38071269  0.74337712 -2.44882797 -1.33384467
 -1.187674   -1.34310913 -0.71857708 -1.40166567 -3.87410204 -2.7320745
 -0.46842089 -0.67988619 -1.5149797  -1.24135402 -2.50297683 -1.13858792
 -1.86226986 -1.8081874  -1.14332839 -0.7975538 ]
log likelihood =  -5844.70879000051
Edge derivatives =  [0.024691147249864237, 0.11604255779716066, 0.03828858112017197, 0.1541238197908359, -0.20952755363840248, -0.08236428634684362, -0.01195787203518528, 0.18625855135088148, 0.18240575825073063, 0.017805004060107932, -0.07183901225332268, 0.014708080541203733, 0.17322743772947835, -0.12235935146291423, 0.04144031523232011, -0.07686564236303106]
other derivatives: [ 0.01000444  0.03583409  0.43310138 -0.14078978  0.03692548 -0.14715624]
Current x array =  [-0.73608093 -0.74961846 -0.38061804  0.7423076  -2.44889301 -1.33470179
 -1.18870442 -1.34152373 -0.71828021 -1.4035149  -3.87397427 -2.73160794
 -0.46970372 -0.68038077 -1.5146097  -1.24145199 -2.50207051 -1.1384327
 -1.86036392 -1.80958692 -1.14333761 -0.79742751]
log likelihood =  -5844.707864802913
Edge derivatives =  [0.0450174242337279, 0.09823567934836286, 0.0022112188453686232, 0.1844490815624958, -0.2068142758572157, -0.07624407288775131, 0.07560762796206738, 0.19957826007819518, 0.16019297307826735, 0.05660119970978056, -0.06328022755599999, -0.05209878178461633, 0.12086839793230852, -0.10735203244981138, 0.0538267357989948, -0.12664057193562533]
other derivatives: [-0.1546141   0.12605597  0.05720722 -0.07321432  0.11696102 -0.13405952]
Current x array =  [-0.73601088 -0.74975459 -0.38048511  0.7420273  -2.44932605 -1.33560852
 -1.18997317 -1.33941714 -0.7174213  -1.40458309 -3.87525356 -2.73235648
 -0.47056481 -0.68007281 -1.51392361 -1.24193188 -2.50284054 -1.13733696
 -1.85854888 -1.81033199 -1.14337085 -0.79670721]
log likelihood =  -5844.7063525746025
Edge derivatives =  [0.05322745239676124, 0.05774122471531662, -0.05260192193968627, 0.19122938198438827, -0.19963066377985772, -0.05724850503933641, 0.1274047849217259, 0.1467588086052236, 0.10879776947049395, 0.0909280623137195, -0.03428463544867373, -0.12167556688760148, 0.06004097976622785, -0.09741619167911605, 0.06242154176045292, -0.1510119832382466]
other derivatives: [-0.28785507  0.03110472 -0.22237145  0.02210072  0.16580088 -0.10822987]
Current x array =  [-0.73599918 -0.74971028 -0.3803783   0.74161324 -2.44982209 -1.33704739
 -1.19157364 -1.33588482 -0.71629099 -1.40497451 -3.87849461 -2.73448372
 -0.47115627 -0.67889558 -1.51251157 -1.24227751 -2.50534637 -1.13602189
 -1.8565174  -1.81100724 -1.14313035 -0.79617923]
log likelihood =  -5844.704780170551
Edge derivatives =  [0.07531510688203247, 0.00023047260266939595, -0.07152351977427562, 0.15539298679671204, -0.1775449942554086, -0.0009332643091840148, 0.07851983100740556, 0.007911070852925195, 0.034247589314424884, 0.10548195645961417, 0.044822278067605865, -0.12719708071110605, 0.0189407986669997, -0.07453366880157027, 0.0648087859570585, -0.06120031694626496]
other derivatives: [ 0.44319677  0.93959898 -1.17488526  0.25593181 -0.01891749 -0.06448317]
Current x array =  [-0.73654203 -0.75073798 -0.37992329  0.74088102 -2.44988917 -1.3392604
 -1.19366303 -1.33021262 -0.71533623 -1.40351322 -3.88620878 -2.73969839
 -0.47073982 -0.67658107 -1.51005431 -1.24179193 -2.51172215 -1.13524748
 -1.85495516 -1.81137524 -1.14210177 -0.79658029]
log likelihood =  -5844.703278317267
Edge derivatives =  [0.03308348007670042, -0.04610366672930011, -0.12668721160903101, 0.08467958201067541, -0.17213638373969276, 0.01546050960941383, 0.031149240188886262, -0.13538623156814195, -0.04943583281036211, 0.08460810044117315, 0.06966265569159284, -0.12856764703401333, -0.03483773383542518, -0.06870962243897857, 0.047226344536592635, -0.01786415101560021]
other derivatives: [-0.22228051 -0.04256435 -0.21609594  0.14788384  0.05911716 -0.01191438]
Current x array =  [-0.73617359 -0.74980107 -0.38030796  0.74124546 -2.45039673 -1.34100791
 -1.19432073 -1.32802805 -0.71474731 -1.40112334 -3.89022513 -2.7417083
 -0.47048531 -0.67471786 -1.50826688 -1.24157338 -2.51386496 -1.13474497
 -1.85320839 -1.81229369 -1.14152302 -0.79690312]
log likelihood =  -5844.702793092998
Edge derivatives =  [0.02179741683679276, -0.03432095818656877, -0.09960891644850928, 0.04614364362045101, -0.17161058686174321, 0.01673588097485096, -0.03858675397326722, -0.16282336629739597, -0.04770155598097153, 0.051390843892897636, 0.06830733375999638, -0.06875388336960667, -0.015067047713296311, -0.06403967252531592, 0.033373430808799426, 0.03436077994081346]
other derivatives: [-0.05011316 -0.10431904  0.04838512  0.09549694 -0.00236469 -0.00463842]
Current x array =  [-0.73626446 -0.74971679 -0.38039311  0.74148325 -2.45013419 -1.34090179
 -1.19375472 -1.32927613 -0.71533585 -1.39955566 -3.89053999 -2.74159185
 -0.46979902 -0.67467673 -1.50838178 -1.24109495 -2.51361277 -1.13555088
 -1.85378973 -1.81231094 -1.14130792 -0.79752734]
log likelihood =  -5844.702315061594
Edge derivatives =  [0.015744637536728834, -0.023846845984009546, -0.05221525658165874, 0.004627048235715581, -0.16770438022284537, 0.02511113477572003, -0.0942012447359748, -0.16584518673213755, -0.04455391055627446, 0.008689584199695871, 0.07306032806821433, 0.008875145054894229, 0.006180146911646478, -0.04831352914155075, 0.01117887071702503, 0.08807117589204452]
other derivatives: [-0.01555236  0.00500222  0.23592293  0.00745786 -0.04120011  0.0093678 ]
Current x array =  [-0.7362426  -0.74984161 -0.38043944  0.74197579 -2.44992241 -1.34100225
 -1.19332907 -1.33018595 -0.71615746 -1.39758543 -3.89224725 -2.74199229
 -0.46917545 -0.6749528  -1.50843981 -1.24037899 -2.51384514 -1.13651889
 -1.85433444 -1.8125357  -1.14087458 -0.79809854]
log likelihood =  -5844.7020377895615
Edge derivatives =  [0.03582388458502095, -0.0035693887837124905, 0.009284523718006255, -0.02301336881920199, -0.16074737682732657, 0.039564921426355745, -0.0651972103510417, -0.06992582988288898, -0.03157272133704306, -0.04820864182194057, 0.07264616973661042, 0.11275842447863188, -0.00586754713307297, 0.008310735958430737, -0.02726523261006722, 0.10965155660255396]
other derivatives: [ 1.01426849 -0.34897312  0.37880454 -0.01282388 -0.03465175  0.05484253]
Current x array =  [-0.73689851 -0.74926999 -0.38046551  0.74178885 -2.44956544 -1.34173343
 -1.19414536 -1.3309382  -0.71721657 -1.39584039 -3.89608031 -2.74252772
 -0.46928513 -0.67654467 -1.50874084 -1.23941918 -2.51361714 -1.13765213
 -1.8533839  -1.81426405 -1.14024343 -0.79836746]
log likelihood =  -5844.701453388823
Edge derivatives =  [0.03907566862582512, -0.004636299614429795, 0.023161979334001104, -0.033824264632317885, -0.15684631980247365, 0.047776485131757127, -0.06987019052805876, -0.05576117223034466, -0.028476837510397604, -0.056399802247159264, 0.08009386944010184, 0.11495285627955773, -0.003823702889326916, 0.014140377342716962, -0.0372010886047556, 0.0955594323741204]
other derivatives: [ 0.34797267 -0.0856744   0.22700988 -0.05493348 -0.03637979  0.05402399]
Current x array =  [-0.73643807 -0.74963905 -0.38042451  0.74223496 -2.44958455 -1.34184971
 -1.19430881 -1.33076654 -0.71740014 -1.39512994 -3.89795339 -2.74323943
 -0.46918489 -0.67683166 -1.50876263 -1.23923611 -2.51433751 -1.13763972
 -1.8534702  -1.81432851 -1.1400428  -0.79816681]
log likelihood =  -5844.701039459493
Edge derivatives =  [0.05592637340061313, -0.003986414293168816, 0.0342411822432212, -0.03248249762256433, -0.15109076738849608, 0.05879990082290682, -0.02338046859205256, 0.005485671950882065, -0.020439542408899725, -0.057365324203268175, 0.08569572021616198, 0.0995396666833365, -0.02200377416470256, 0.03461401196591306, -0.04997712744355587, 0.0413985554854491]
other derivatives: [-0.12487362  0.07148628  0.01127773 -0.07876224 -0.00081855  0.06039045]
Current x array =  [-0.73611106 -0.74984592 -0.38036626  0.74250116 -2.44964764 -1.34223564
 -1.19512574 -1.33028195 -0.71748809 -1.39469198 -3.90109814 -2.74410481
 -0.46953149 -0.67767449 -1.50887301 -1.23913809 -2.51496612 -1.13730718
 -1.85275509 -1.81499767 -1.13983341 -0.7975207 ]
log likelihood =  -5844.700797515984
Edge derivatives =  [0.07025718343057252, -0.0017093560831398236, 0.03968249317745576, -0.03164599719044109, -0.14595481656084988, 0.06757911293578257, 0.01943072965935594, 0.06136705586689567, -0.010654429696711182, -0.05376656466425539, 0.0882073709459815, 0.07771575002457037, -0.039384769213410706, 0.052187542801004336, -0.05881080282064524, -0.013096847679498563]
other derivatives: [-0.23410394  0.07748895 -0.12169039 -0.08476491  0.0255568   0.06448317]
Current x array =  [-0.73603379 -0.74984109 -0.380331    0.74255948 -2.44966708 -1.34251063
 -1.19585774 -1.32999086 -0.71752343 -1.39433037 -3.90408388 -2.74474044
 -0.46985607 -0.67846031 -1.509043   -1.23912915 -2.5153109  -1.13690045
 -1.8520493  -1.81563485 -1.13972663 -0.79690303]
log likelihood =  -5844.700371421264
Edge derivatives =  [0.07722024074668365, -0.004007095565569885, 0.03154580530930268, -0.03613988980928634, -0.13727265545100883, 0.07838396349330237, 0.06042194825117064, 0.11580909414233298, 0.005115916281313276, -0.034359139764900626, 0.08902774748469185, 0.023395061842331394, -0.05340575309280517, 0.06310261455398959, -0.055597745950954514, -0.08259536501419468]
other derivatives: [-0.1632543   0.24829205  0.35315679 -0.07021299  0.03783498  0.05984475]
Current x array =  [-0.73602659 -0.74999241 -0.38055204  0.7423707  -2.44962653 -1.34256646
 -1.19649876 -1.32966078 -0.71741655 -1.39383301 -3.90908411 -2.74536494
 -0.47017012 -0.67925184 -1.5093301  -1.23935599 -2.51545269 -1.13598064
 -1.85133627 -1.81621983 -1.13984393 -0.79611108]
log likelihood =  -5844.699658791791
Edge derivatives =  [0.07124518696458138, 0.009828718155642568, 0.02489407970990626, -0.08641751693767596, -0.11881120183355039, 0.09295984246909389, 0.07531552319597656, 0.20323272880088178, 0.046854747633396324, -0.014874724983988591, 0.07215115913405906, -0.09516527514403547, -0.0820893417039626, 0.10072744597550015, -0.06394792360225457, -0.21484473528066492]
other derivatives: [-0.34960976 -0.1807166  -0.51059033  0.06411938 -0.0693035   0.04156391]
Current x array =  [-0.73599773 -0.74943843 -0.38029045  0.7419077  -2.44925184 -1.34227701
 -1.19705009 -1.33075426 -0.71768807 -1.39115669 -3.92164527 -2.74587409
 -0.47028192 -0.68108186 -1.51033637 -1.23965862 -2.51434446 -1.13437234
 -1.85021592 -1.81765456 -1.14022764 -0.7949018 ]
log likelihood =  -5844.698889038471
Edge derivatives =  [0.050154568473142064, 0.008201112201479122, 0.01402136771933915, -0.10801833646824743, -0.11186463700263216, 0.09391193534489693, 0.03626224839754222, 0.1698212598590561, 0.05970926210917489, 0.011418523788760931, 0.0664395490097837, -0.1410350781008192, -0.06258330895882529, 0.08527505865039757, -0.036806300317170276, -0.19942246184881374]
other derivatives: [-0.04101821 -0.03165042  0.02419256  0.07576091 -0.08967618  0.01855369]
Current x array =  [-0.73616015 -0.74957696 -0.38049651  0.74171655 -2.44926376 -1.34159133
 -1.19625387 -1.3312981  -0.71760069 -1.39035717 -3.92572431 -2.74550914
 -0.46990658 -0.68073253 -1.51055933 -1.24001848 -2.51359636 -1.13373989
 -1.85079345 -1.81720669 -1.14072845 -0.79505849]
log likelihood =  -5844.69789148915
Edge derivatives =  [-0.005556708559248558, 0.008980035168823952, 0.0024831110166219084, -0.16911005903594575, -0.09809387804956252, 0.09219958433382497, -0.09044510015904372, 0.05369193130108035, 0.0782898899254249, 0.053001229532849, 0.052423929135914225, -0.20671625699362364, -0.012870250647933776, 0.05102370836954362, 0.019092879154965575, -0.109522891601612]
other derivatives: [ 0.35324774  0.04638423  0.4037247   0.09476935 -0.14260877 -0.02937668]
Current x array =  [-0.73640983 -0.74965549 -0.38061132  0.74155739 -2.44939215 -1.34003672
 -1.19395446 -1.33297232 -0.71760515 -1.38808892 -3.93412852 -2.74440832
 -0.46873816 -0.67945517 -1.51085459 -1.24057818 -2.51173263 -1.13297061
 -1.85252689 -1.81596247 -1.14176284 -0.79604626]
log likelihood =  -5844.697198522204
Edge derivatives =  [-0.022737800575886785, 0.012338778096183112, 0.0068183490706889005, -0.18245367242319466, -0.08744595287090147, 0.09417144991451772, -0.09718003184871365, 0.030351460101694372, 0.08317409289118596, 0.06502363778931528, 0.04486886653385585, -0.19508528336550077, -0.0012524780032934224, 0.04105860823280061, 0.04712939060235791, -0.044420910358461685]
other derivatives: [ 0.29440343 -0.10513759  0.56161298  0.04838512 -0.01500666 -0.03965397]
Current x array =  [-0.73636422 -0.74949934 -0.38065123  0.7416811  -2.44986804 -1.33947471
 -1.19317588 -1.33369941 -0.71762718 -1.38734151 -3.94084475 -2.7437177
 -0.46863767 -0.67907709 -1.51086698 -1.24068245 -2.51051511 -1.13309733
 -1.85300342 -1.81559273 -1.14222778 -0.79668255]
log likelihood =  -5844.697370819622
Edge derivatives =  [-0.0167812087853067, 0.052589658250560056, 0.05828238528720919, -0.15947127561015995, -0.033799172151223855, 0.10984364058961793, -0.026246070129927856, -0.014189732583127446, 0.11177437142894768, 0.15805822667156968, 0.018641279112919594, -0.13294119945653876, 0.029123221074372402, 0.02826565291609573, 0.1795756441917961, 0.23273574434454553]
other derivatives: [ 1.29275577  1.10212568 -1.63890945  0.04802132  0.30304363 -0.09949872]
Current x array =  [-0.73701045 -0.75079946 -0.37956773  0.74201794 -2.4514618  -1.33744713
 -1.19070597 -1.33547689 -0.71714318 -1.38638711 -3.97205009 -2.74054037
 -0.46916326 -0.67728494 -1.51031424 -1.24109662 -2.50540944 -1.13402076
 -1.85441129 -1.81388048 -1.14408418 -0.79907629]
log likelihood =  -5844.696261930531
Edge derivatives =  [-0.01989405063844915, 0.03162552086271064, 0.03145522820178043, -0.17141964490700906, -0.06141314502429149, 0.10178027347511569, -0.06315043582858115, 0.00908939383151769, 0.09694014483275694, 0.10964903183606275, 0.032396477432959585, -0.16520883258267816, 0.013317501590418765, 0.03497924198207808, 0.11060087184684123, 0.08832284786252068]
other derivatives: [ 0.77261575  0.47339199 -0.48967195  0.04811227  0.13724275 -0.06830305]
Current x array =  [-0.73667341 -0.75012139 -0.38013283  0.74184226 -2.45063057 -1.33850461
 -1.19199415 -1.33454985 -0.71739561 -1.38688487 -3.95577498 -2.7421975
 -0.46888914 -0.67821964 -1.51060252 -1.24088061 -2.5080723  -1.13353915
 -1.85367702 -1.8147735  -1.14311597 -0.79782784]
log likelihood =  -5844.695146126504
Edge derivatives =  [-0.03173327135522977, 0.034589677862054136, 0.03093855620315228, -0.16290467648713094, -0.042335681891761845, 0.10757451790981645, 0.011418463109823973, 0.03110467163581898, 0.0824217214193165, 0.08974159038228774, 0.017561343217487993, -0.07117945525506975, -0.0036868211172465942, 0.032673808625039574, 0.12353328645344056, 0.16678541635187177]
other derivatives: [ 0.14797479  0.02683009 -0.12933015 -0.04538379  0.38462531 -0.05575203]
Current x array =  [-0.73624619 -0.74965326 -0.38028622  0.74212219 -2.45125243 -1.33832712
 -1.19187795 -1.335107   -0.71740643 -1.38689487 -3.9691722  -2.74100698
 -0.46967414 -0.67828762 -1.51027884 -1.24055519 -2.50599643 -1.13468715
 -1.8533829  -1.81489222 -1.14342365 -0.79861835]
log likelihood =  -5844.694417288617
Edge derivatives =  [-0.034952999088025516, 0.03120246223962475, 0.005078800003242512, -0.13620327329786436, -0.03217191423957602, 0.10673641507511536, 0.07057290449309034, 0.03976051516249757, 0.05665143838412341, 0.06841113423650277, 0.004279874862363843, -0.012263680243062652, -0.02887526412879847, 0.027490101379750206, 0.11342542157463276, 0.174332154093396]
other derivatives: [-0.21354936 -0.06248229 -0.09604264 -0.02482921  0.37807695 -0.04865797]
Current x array =  [-0.73601149 -0.74955388 -0.38033467  0.74203743 -2.45106521 -1.3384564
 -1.19221676 -1.33488303 -0.71713093 -1.38817368 -3.97693473 -2.73994426
 -0.47049929 -0.67822148 -1.5097963  -1.24030189 -2.50464905 -1.1355255
 -1.85286041 -1.8149623  -1.14344183 -0.79876568]
log likelihood =  -5844.69333907271
Edge derivatives =  [-0.03929054899115955, 0.02243536934525725, -0.05161643138389557, -0.07799261130219343, -0.014478999873139397, 0.10168665688471352, 0.15576111186035607, 0.03703065537383804, -0.0015297048278201386, 0.019361179775327864, -0.022861782144075707, 0.0826487523541464, -0.07462117338814857, 0.013047339108017475, 0.06720494605241734, 0.1287620018865157]
other derivatives: [-0.27630449 -0.14015313 -0.00372893 -0.01418812  0.1718945  -0.04256435]
Current x array =  [-0.73596528 -0.74941565 -0.38041295  0.7420207  -2.45001086 -1.33889405
 -1.1930663  -1.33407253 -0.71658037 -1.39124581 -3.99120422 -2.73772595
 -0.47188408 -0.67795129 -1.50870751 -1.23971633 -2.5023179  -1.13698176
 -1.85195351 -1.81497603 -1.14317169 -0.79848256]
log likelihood =  -5844.6935067773375
Edge derivatives =  [-0.07195235247586995, -0.00020906526902586542, -0.08987695225718806, -0.03794549621344326, -0.005379581875045855, 0.08015195176164742, -0.010225134774559774, -0.11117857077772358, -0.040668200356768575, 0.010070971887239877, -0.0481528627585225, -0.011698461376875219, -0.04438213038428712, -0.02854475461351387, 0.018040542749417104, 0.007219413854763046]
other derivatives: [-1.54050213  0.43110049 -0.31568561  0.15916157 -0.23446773 -0.08940333]
Current x array =  [-0.73518085 -0.75018654 -0.38041358  0.7417675  -2.44900123 -1.3388791
 -1.19290199 -1.33304778 -0.71649035 -1.3943478  -4.00107753 -2.73474007
 -0.47055646 -0.67623619 -1.50801451 -1.23979177 -2.50101899 -1.13616115
 -1.85348933 -1.813522   -1.14296965 -0.79740073]
log likelihood =  -5844.6930362494295
Edge derivatives =  [-0.053826935244284196, 0.012362519545681905, -0.06864777355064894, -0.06012966055206159, -0.01040427523552381, 0.09212826147895964, 0.08188837955642897, -0.028914976078010746, -0.018941598366335258, 0.015236442088570779, -0.0341120456314655, 0.04067190792578282, -0.061145986283682494, -0.005450913635482904, 0.045327128517703236, 0.07467893123139083]
other derivatives: [-0.83855412  0.11423253 -0.14251782  0.06293703 -0.0088221  -0.06330083]
Current x array =  [-0.7356161  -0.7497588  -0.38041323  0.74190799 -2.44956143 -1.33888739
 -1.19299316 -1.33361637 -0.7165403  -1.39262663 -3.99559923 -2.73639681
 -0.4712931  -0.67718783 -1.50839903 -1.23974991 -2.5017397  -1.13661647
 -1.85263716 -1.81432878 -1.14308175 -0.798001  ]
log likelihood =  -5844.6925341635515
Edge derivatives =  [-0.0496809366534563, 0.010412332377820133, -0.0699163140530093, -0.02199952918349457, -0.003985344217300903, 0.08429700568606985, 0.061507118115497306, -0.053234024566073956, -0.04133072869975346, -0.005314637034818298, -0.04676812585847089, 0.04881954569880381, -0.05969379901248388, -0.012134968615593211, 0.004497071319687712, 0.0059905278248717775]
other derivatives: [-0.29858711 -0.01100489 -0.10750227  0.02892193 -0.14242687 -0.06466507]
Current x array =  [-0.7359741  -0.74956008 -0.38040814  0.74199936 -2.44902031 -1.33934999
 -1.19354631 -1.33299662 -0.71660142 -1.39460696 -4.00181231 -2.73479381
 -0.47112821 -0.67683777 -1.50791492 -1.23944724 -2.50095375 -1.13681728
 -1.85279821 -1.81411283 -1.14267808 -0.79732471]
log likelihood =  -5844.692297309325
Edge derivatives =  [-0.03856886385925698, 0.012754796077836361, -0.04303880817034672, 0.00079277071076711, -0.0023682574334273777, 0.0794302928262008, 0.0233996402370667, -0.05826441900278806, -0.03808411621174272, -0.005360414996491841, -0.048732252759342114, 0.02259919463318144, -0.04095620375439969, -0.00895347312022629, -0.015786533251859636, -0.04434934262327672]
other derivatives: [ 0.04101821  0.01009539 -0.02091838 -0.00209184 -0.14269972 -0.06302798]
Current x array =  [-0.73618381 -0.7495587  -0.38042329  0.7420633  -2.44905506 -1.33977406
 -1.19396954 -1.33260274 -0.71691827 -1.39554207 -4.00385017 -2.73388238
 -0.47050905 -0.67676821 -1.50787932 -1.23935898 -2.50100745 -1.13642695
 -1.85322538 -1.8139957  -1.14238517 -0.79671051]
log likelihood =  -5844.692143551632
Edge derivatives =  [-0.024144496683159378, 0.01632356602859042, -0.006608829882702227, 0.022678853793036524, -0.0015682985456661486, 0.07515315984606924, -0.009357387085747237, -0.04990579342612872, -0.027650421958880664, -0.001472691933177367, -0.0471019385218224, -0.0037959916333117627, -0.01881194834731298, -0.0011858840617536837, -0.027032415189121417, -0.07546660296248742]
other derivatives: [ 0.17498678  0.02200977  0.01600711 -0.02673914 -0.06657501 -0.05375114]
Current x array =  [-0.73626083 -0.7495654  -0.38042452  0.74210237 -2.44937009 -1.34028594
 -1.19444359 -1.33222552 -0.71731622 -1.39626624 -4.00521057 -2.73302738
 -0.46984436 -0.67684935 -1.50796501 -1.23929752 -2.5012738  -1.13598154
 -1.85368907 -1.81394325 -1.14214632 -0.79624697]
log likelihood =  -5844.692006711591
Edge derivatives =  [-0.013594162719297337, 0.0179297943647736, 0.01707763868944573, 0.03955441130202403, -0.0005829475642974077, 0.06991446827563108, -0.02251112716937398, -0.028426742314455522, -0.01698607946620527, -0.0014877646360923202, -0.04346991521595356, -0.014325457067042302, -0.002330573109042375, 0.007436998383580709, -0.026551315210967957, -0.06906190652958022]
other derivatives: [ 0.11286829 -0.02364686 -0.07230483 -0.01236913  0.00572982 -0.03046807]
Current x array =  [-0.73622469 -0.74950682 -0.38039501  0.74199927 -2.44961435 -1.34093786
 -1.19498058 -1.33183354 -0.71760195 -1.39680727 -4.00690037 -2.73196429
 -0.46945478 -0.67713606 -1.50810335 -1.23920892 -2.50157741 -1.13575448
 -1.85401575 -1.81395733 -1.14205536 -0.79621147]
log likelihood =  -5844.692292987154
Edge derivatives =  [-0.0024275369604331576, 0.01748527015040302, 0.050416407799735, 0.05930906778621295, 0.007598848159286943, 0.062096546400495126, -0.02200410718121526, 0.018348782605686842, 0.011730666437478762, 0.011755524524058314, -0.03232111243552592, -0.0018088287634561995, 0.04123974567636117, 0.010358845385316673, 0.018995888628020235, 0.0384762868031914]
other derivatives: [ 0.21627784  0.41509338  1.20826371 -0.04311005  0.22764652  0.02473826]
Current x array =  [-0.73614383 -0.74995237 -0.38090846  0.74177081 -2.45019944 -1.34198449
 -1.19566677 -1.33129064 -0.71793549 -1.39720549 -4.0137199  -2.72924711
 -0.46895915 -0.67761247 -1.50844833 -1.23915476 -2.5017923  -1.13553079
 -1.85480586 -1.81371791 -1.14236862 -0.79700466]
log likelihood =  -5844.691956450475
Edge derivatives =  [-0.010477438017387042, 0.017808798116217828, 0.026375114772504815, 0.04506317261913417, 0.0017079509151231975, 0.06774959758336112, -0.022357391899415158, -0.015385106852098929, -0.008977236526418395, 0.002210811961687792, -0.040359541940829066, -0.010825818129960474, 0.009815600069162184, 0.008254802700269973, -0.013853058308729793, -0.0390862546984517]
other derivatives: [ 0.14169927  0.09877112  0.28485374 -0.02082743  0.06748451 -0.01509761]
Current x array =  [-0.73620216 -0.74963094 -0.38053804  0.74193563 -2.44977735 -1.34122943
 -1.19517174 -1.33168229 -0.71769486 -1.39691821 -4.00880017 -2.73120733
 -0.46931671 -0.67726878 -1.50819945 -1.23919383 -2.50163728 -1.13569216
 -1.85423586 -1.81389063 -1.14214263 -0.79643244]
log likelihood =  -5844.691861937496
Edge derivatives =  [-0.004446296165950464, 0.01723690778321485, 0.03454923250503017, 0.053896799951341556, 0.0019697877058244637, 0.06178605032311592, -0.02130335373694131, 0.011107785866208808, 7.61360431067587e-05, -0.001462578773464146, -0.03511929549245792, -0.01035227855978682, 0.018753383697192386, 0.015820417946634413, -0.006161484301362624, -0.008744021050936773]
other derivatives: [-0.02946763  0.01591616  0.06239134  0.02037268  0.10059011  0.01509761]
Current x array =  [-0.73610965 -0.74952857 -0.38046721  0.74176739 -2.44984383 -1.34190163
 -1.19570085 -1.33130366 -0.71783626 -1.39719877 -4.01005226 -2.73013051
 -0.46918894 -0.67767461 -1.50836763 -1.23909843 -2.50202987 -1.13564983
 -1.85439936 -1.81394773 -1.14216096 -0.79670436]
log likelihood =  -5844.691812976044
Edge derivatives =  [-0.004949902340762979, 0.015161783522263272, 0.028300328780553385, 0.051732134028739274, 0.001756813083899576, 0.05809060702273874, -0.01736449213783009, 0.021349647970739627, 0.0034074296836260065, -0.004159382531646605, -0.03160461631177142, -0.006688880311009893, 0.020076381075406116, 0.01643551400277067, 0.001364973232201916, 0.01610757669382515]
other derivatives: [-0.08831194 -0.00663931 -0.0084583   0.04019967  0.07994458  0.03019522]
Current x array =  [-0.73607685 -0.74949361 -0.3804488   0.74170173 -2.44972071 -1.3421817
 -1.19591513 -1.33112751 -0.71780649 -1.39713483 -4.01044289 -2.72955028
 -0.46923843 -0.67787526 -1.50846279 -1.23906685 -2.50228905 -1.13569737
 -1.85442364 -1.81394608 -1.14223394 -0.79697305]
log likelihood =  -5844.691730156954
Edge derivatives =  [-0.007036467129946045, 0.010401021016133272, 0.012730674668228137, 0.04201704218502633, 0.00117465082197089, 0.04998698703587769, -0.015480639645647498, 0.029417103117126142, 0.008742362120190583, -0.007082699124311143, -0.02487756090783652, -0.005016022489841732, 0.0216756434836268, 0.012882956304660603, 0.013725690051344636, 0.052951122948255824]
other derivatives: [-0.08749339 -0.00654836 -0.0691216   0.04747562  0.01082299  0.04856702]
Current x array =  [-0.73607795 -0.74947587 -0.38043074  0.74172354 -2.44939409 -1.34252876
 -1.19623867 -1.33081246 -0.71769684 -1.39680208 -4.01107274 -2.72837334
 -0.46931691 -0.67812086 -1.50863381 -1.23905138 -2.5028469  -1.13574813
 -1.85448562 -1.81384626 -1.14237204 -0.7973829 ]
log likelihood =  -5844.691638940256
Edge derivatives =  [-0.010187109991370208, 0.0013998741884720944, -0.007073625857764387, 0.028263895583525322, 0.0003312680290591327, 0.036186023645402236, -0.015084632846924573, 0.023385045787897796, 0.008500137899767071, -0.012145490737237863, -0.018451101137013183, -0.006888346486447927, 0.019427105024800925, 0.00030611901348774617, 0.014907716944269067, 0.05688913838646889]
other derivatives: [-0.15525075 -0.14897523  0.06384653  0.00309228 -0.04129106  0.05211405]
Current x array =  [-0.73603208 -0.74932309 -0.38048527  0.7419412  -2.44913628 -1.34267672
 -1.1966808  -1.3303413  -0.71755769 -1.39633175 -4.01248731 -2.72650371
 -0.46940517 -0.6781876  -1.50875517 -1.23906664 -2.50359404 -1.13579115
 -1.85453782 -1.8136011  -1.14241473 -0.79744981]
log likelihood =  -5844.6915560408925
Edge derivatives =  [0.002925436024439315, -0.003741594116799307, -0.016011986775959358, 0.004732995504474036, 0.0008796574239513279, 0.01430763154269192, -0.0026219555622744584, 0.022196082422706098, 0.02313264741838751, 0.0022635126655046744, -0.0031883181449629885, -0.015712080400646644, 0.0211794913086958, -0.014064505325135257, 0.03338181927808359, 0.07924527620467617]
other derivatives: [ 0.08440111  0.1024091  -0.20036168 -0.05529728 -0.08749339  0.04183676]
Current x array =  [-0.7361703  -0.74960272 -0.3803364   0.74232942 -2.44900644 -1.34261433
 -1.19729013 -1.32965916 -0.71733341 -1.39497521 -4.01506903 -2.72315315
 -0.46953908 -0.67819394 -1.50904236 -1.23922607 -2.50500321 -1.13578595
 -1.85469985 -1.81308173 -1.14259178 -0.79757273]
log likelihood =  -5844.691485774822
Edge derivatives =  [0.0012045653064237383, -0.005165981280147225, -0.014506717347203268, 0.005419485570967969, 0.0006536242131828952, 0.014753608135058646, -0.004594289399507456, 0.009229789467047389, 0.014839613476350488, -0.00032149911406223475, -0.006829714359079475, -0.015552546505965742, 0.016497604235902727, -0.01772186437976049, 0.018416383768159156, 0.038534964614214656]
other derivatives: [ 0.01928129 -0.00818545 -0.01273293 -0.06657501 -0.05429683  0.02510205]
Current x array =  [-0.73613103 -0.74949865 -0.38041486  0.74231572 -2.44916784 -1.34233034
 -1.19720843 -1.32971598 -0.71736172 -1.39505627 -4.01506103 -2.72332811
 -0.46953605 -0.67798008 -1.50890869 -1.23923751 -2.50486482 -1.13579962
 -1.85461686 -1.81308127 -1.14244581 -0.79715599]
log likelihood =  -5844.691453211915
Edge derivatives =  [0.0038929153264674887, -0.005628764959140886, -0.00922434042420367, 0.004437805638166509, 0.0006950199828540705, 0.013086575209108942, -0.0022993899854913957, 0.0005180956913262702, 0.010085910215481775, 0.001011525009065456, -0.007990214683912568, -0.014906616481270313, 0.012758296656650459, -0.02014823069405565, 0.007498556289494529, 0.003610490713157749]
other derivatives: [-0.00154614 -0.03019522  0.05329639 -0.06348273 -0.01209628  0.00745786]
Current x array =  [-0.73612146 -0.74949047 -0.38043916  0.74225721 -2.44939168 -1.34203775
 -1.197202   -1.32970567 -0.71738971 -1.3949463  -4.015332   -2.72309848
 -0.46954905 -0.67778894 -1.50881415 -1.23927191 -2.50491642 -1.13582345
 -1.85454354 -1.81305267 -1.14232069 -0.79676419]
log likelihood =  -5844.691431028883
Edge derivatives =  [0.006216183856371571, -0.007180583813239938, -0.008237047815875809, -0.00018117415523202784, 0.0003936078303617089, 0.008904507394755741, 0.002185631304793323, -0.0001212709714620841, 0.007298186360878145, 0.0005587775557534536, -0.005830675043976559, -0.008567716361683686, 0.009574868272124767, -0.01969166771067067, 0.002686284344100648, -0.009675459287693422]
other derivatives: [ 0.01055014 -0.02328306  0.04383764 -0.02028173  0.00109139  0.00109139]
Current x array =  [-0.73613961 -0.74949637 -0.38044209  0.74202576 -2.44949061 -1.3419318
 -1.19731684 -1.32959794 -0.71740526 -1.39471352 -4.01561028 -2.72245671
 -0.46960538 -0.67775353 -1.5087742  -1.23928334 -2.5052169  -1.13592053
 -1.85444391 -1.81308736 -1.14224354 -0.79660897]
log likelihood =  -5844.691437198862
Edge derivatives =  [0.004744204931451224, -0.00905797138454667, -0.010888290848521831, -0.008519101130356588, 1.1540498484119421e-05, 0.004984222219198468, 0.0033784664098286954, -0.00606499324742843, 0.0011116888530283003, -0.0010683428646772186, -0.0036984140211633043, 0.00020275803116312496, 0.002793403722983631, -0.01673884091409701, 0.00033906572787884004, -0.008550146697772598]
other derivatives: [-0.19917934  0.06139089 -0.03165042  0.0167347  -0.01055014 -0.00691216]
Current x array =  [-0.73600916 -0.74961085 -0.38042974  0.74191506 -2.44949716 -1.34174323
 -1.19727434 -1.32961735 -0.71741377 -1.39436943 -4.01569074 -2.7219199
 -0.4696932  -0.67767935 -1.50869067 -1.23931391 -2.50549727 -1.13608104
 -1.85426095 -1.81322944 -1.14221319 -0.79663596]
log likelihood =  -5844.691427103346
Edge derivatives =  [0.005651191844809611, -0.007901283750422872, -0.009254759736367746, -0.003381508413461576, 0.00024695876966082664, 0.0074000233946403884, 0.0026436713885454877, -0.002403009682203361, 0.004923385702131092, -6.579916325405444e-05, -0.005012048439145253, -0.005200685619200396, 0.006971781834869184, -0.018557962567420552, 0.0017852436835495977, -0.00924349332037544]
other derivatives: [-0.07003109  0.0091859   0.01473381 -0.00609361 -0.00354703 -0.00218279]
Current x array =  [-0.73608953 -0.74954032 -0.38043735  0.74198326 -2.44949312 -1.34185941
 -1.19730053 -1.32960539 -0.71740853 -1.39458143 -4.01564117 -2.72225064
 -0.46963909 -0.67772505 -1.50874213 -1.23929508 -2.50532453 -1.13598215
 -1.85437368 -1.81314191 -1.14223189 -0.79661933]
      fun: 5844.691427103346
 hess_inv: <22x22 LbfgsInvHessProduct with dtype=float64>
      jac: array([ 7.00310920e-02, -9.18589649e-03, -1.47338142e-02,  6.09361450e-03,
        3.54702934e-03,  2.18278728e-03, -5.65119184e-03,  7.90128375e-03,
        9.25475974e-03,  3.38150841e-03, -2.46958770e-04, -7.40002339e-03,
       -2.64367139e-03,  2.40300968e-03, -4.92338570e-03,  6.57991633e-05,
        5.01204844e-03,  5.20068562e-03, -6.97178183e-03,  1.85579626e-02,
       -1.78524368e-03,  9.24349332e-03])
  message: b'CONVERGENCE: REL_REDUCTION_OF_F_<=_FACTR*EPSMCH'
     nfev: 95
      nit: 83
   status: 0
  success: True
        x: array([-0.73608953, -0.74954032, -0.38043735,  0.74198326, -2.44949312,
       -1.34185941, -1.19730053, -1.32960539, -0.71740853, -1.39458143,
       -4.01564117, -2.72225064, -0.46963909, -0.67772505, -1.50874213,
       -1.23929508, -2.50532453, -1.13598215, -1.85437368, -1.81314191,
       -1.14223189, -0.79661933])
