number of sites to be analyzed:  525
log likelihood =  6272.0028655121605
Lr derivatives =  [-87.56490514861868, -318.9934281204607, -182.37873180747374]
other derivatives =  [ 73.46807251 -26.43937478  91.56156011  -6.94681148 500.10748964
  -2.62034519]
Current x_clock array =  [-0.64905435 -0.77383813 -0.52781307  0.74193734 -0.10536052 -0.51082562
 -0.51082562 -0.51082562 -0.51082562]
log likelihood =  5884.538390899158
Lr derivatives =  [-25.071312479900627, -257.27496272892597, -169.58687708258125]
other derivatives =  [-291.17045415    3.29628165 -234.60625016   23.46096153  341.06660678
    6.88842192]
Current x_clock array =  [-0.79002344 -0.77244925 -0.70349958  0.75526675 -1.06495688 -0.50579776
 -0.34280782 -0.50984546 -0.50984546]
log likelihood =  5483.101767319979
Lr derivatives =  [-54.00016107569585, -129.80948084353557, -40.598301657627374]
other derivatives =  [ 598.42132032  106.16613508 -177.40694602   50.65830919  -33.49750841
   24.3507202 ]
Current x_clock array =  [-4.84142852e-01 -7.99637627e-01 -5.66144265e-01  7.34082984e-01
 -3.39918949e+00 -5.10060131e-01  3.17859537e-05 -3.08356940e-01
 -3.50947895e-01]
log likelihood =  5571.788144434217
Lr derivatives =  [-25.711470344077217, -93.04687750596743, 11.356415687951241]
other derivatives =  [-444.36928874  -31.05460564 1290.10741148   12.34247975  -47.79303708
   33.62592906]
Current x_clock array =  [-0.88620981 -0.9221624  -0.22193746  0.66533355 -3.7633245  -0.53981635
  0.09775423 -0.11025622 -0.25420349]
log likelihood =  5415.312748863046
Lr derivatives =  [-63.856747524089116, -122.35248058980855, -24.21591302025707]
other derivatives =  [  3.63534127  39.94291546  82.37057045  40.18174877 -44.382341
  29.99249773]
Current x_clock array =  [-0.6510589  -0.85050316 -0.42324856  0.70554201 -3.55035828 -0.52241328
  0.04060076 -0.22611644 -0.31078495]
log likelihood =  5403.621047288494
Lr derivatives =  [-31.471947608450336, -100.87818741578268, -9.979611226973233]
other derivatives =  [-18.03537089  25.34798114  25.52724254  36.07310646 -18.03273335
  30.23960744]
Current x_clock array =  [-0.65924638 -0.86340688 -0.44263802  0.69168605 -3.38066738 -0.53275993
  0.03772434 -0.18879192 -0.30663781]
log likelihood =  5389.538294812087
Lr derivatives =  [36.44456210169615, -45.196701701759594, 24.801338381262227]
other derivatives =  [-12.86434781  -5.66060407  55.7988642   18.97842594  27.14996299
  29.38504622]
Current x_clock array =  [-0.66171634 -0.90101681 -0.42989136  0.63127438 -3.21688918 -0.58503202
  0.04761145 -0.02923301 -0.30046373]
log likelihood =  5383.630716252433
Lr derivatives =  [21.606499762068463, -50.44585134880124, 14.365865644168728]
other derivatives =  [-27.07793101 -23.81148079 -48.60221452  18.60562406  10.12249413
  24.1784619 ]
Current x_clock array =  [-0.66332279 -0.91866278 -0.46608306  0.58571651 -3.29911238 -0.63623433
  0.02873271  0.         -0.32285196]
log likelihood =  5381.260897466278
Lr derivatives =  [2.787837359946028, -62.049368768684985, 2.4291785407432798]
other derivatives =  [ -8.1359758  -19.0373612  -28.93721103  16.79927664  -4.39722498
  21.25016181]
Current x_clock array =  [-0.65565218 -0.91406805 -0.46005906  0.55469393 -3.36871875 -0.67294498
  0.01242689  0.         -0.33803604]
log likelihood =  5378.979727620372
Lr derivatives =  [-8.035526452743692, -69.11394468922924, -8.774400821598945]
other derivatives =  [  7.74671207   3.81405698 -11.27837095  11.41552275  -9.45665306
  16.22938726]
Current x_clock array =  [-0.65067021 -0.89011681 -0.45670029  0.49621897 -3.37193514 -0.74558313
 -0.01587625  0.         -0.35724609]
log likelihood =  5377.270085280147
Lr derivatives =  [-14.01093374363887, -73.1169666024157, -16.202566967608817]
other derivatives =  [12.99367796  7.30506144  6.26523615  2.88791853 -7.63802745 11.24808477]
Current x_clock array =  [-0.64967073 -0.88437406 -0.4534847   0.42222378 -3.33855902 -0.84369708
 -0.04419101  0.         -0.3657668 ]
log likelihood =  5375.892149741402
Lr derivatives =  [-6.813352277678916, -65.67577967498337, -7.291345703693228]
other derivatives =  [ 5.33736966 15.10679795  5.35401341 -4.4715307  -2.69037628  7.10615495]
Current x_clock array =  [-0.65371376 -0.87796038 -0.45415406  0.35817024 -3.31799296 -0.95975444
 -0.04810353  0.         -0.33720002]
log likelihood =  5375.353879189015
Lr derivatives =  [-4.510640314351974, -62.423049791709445, -0.6523826847083534]
other derivatives =  [  6.11926225 -15.77354851  13.19403964  -8.99553925   0.31523086
   4.36339178]
Current x_clock array =  [-0.6532863  -0.90987362 -0.45031848  0.32935548 -3.31261673 -1.0776254
 -0.04624665  0.         -0.31261888]
log likelihood =  5375.047235677863
Lr derivatives =  [1.6137834131848088, -57.530650043335086, 4.459369759107624]
other derivatives =  [-3.10228643 -3.41406121 -0.56916178 -7.21338438  1.26656232  3.62088031]
Current x_clock array =  [-0.65692411 -0.89924017 -0.45386792  0.34047651 -3.31527779 -1.09933273
 -0.03661731  0.         -0.30405468]
log likelihood =  5374.891840282506
Lr derivatives =  [3.5773749083654565, -56.0843201359548, 5.093013631608553]
other derivatives =  [-4.54110705  0.87202352 -6.01548891 -5.235961    0.94514689  3.00060492]
Current x_clock array =  [-0.65745535 -0.89630889 -0.45477106  0.35745879 -3.31975336 -1.11859545
 -0.03103733  0.         -0.30338663]
log likelihood =  5374.643232844871
Lr derivatives =  [4.573546272467993, -55.40421517463837, 3.18209056473086]
other derivatives =  [-5.46970114  3.64461812 -8.08367986 -1.44582373  0.01773515  1.44236765]
Current x_clock array =  [-0.65769    -0.89582795 -0.45350632  0.39482792 -3.32431278 -1.17666301
 -0.02483766  0.         -0.30635276]
log likelihood =  5374.80317310259
Lr derivatives =  [6.2897409638441815, -53.866378769529, 3.141752886404433]
other derivatives =  [ 3.63698746e+01  4.82386895e+00 -9.98925316e+00  1.90993887e-02
  2.33321771e+00  2.12367013e-01]
Current x_clock array =  [-0.64288105 -0.89665678 -0.45448472  0.41659157 -3.30266585 -1.23353065
 -0.03242274  0.         -0.30462241]
log likelihood =  5374.611558994659
Lr derivatives =  [5.071689247828694, -54.9592212998282, 3.1716309328357752]
other derivatives =  [ 6.45095497  3.9916813  -8.65702532 -1.01472324  0.68330337  1.06983862]
Current x_clock array =  [-0.65340713 -0.89606765 -0.45378928  0.40112214 -3.31805232 -1.19310958
 -0.02703133  0.         -0.30585233]
log likelihood =  5374.534553677082
Lr derivatives =  [2.9176623440779252, -56.35768411190877, 0.3781537790810141]
other derivatives =  [ 1.92867446  1.50866981 -3.39387043  0.19117579 -0.15525075  0.22710083]
Current x_clock array =  [-0.6549037  -0.89885415 -0.4512031   0.4151217  -3.31715127 -1.23359972
 -0.02971748  0.         -0.30878304]
log likelihood =  5374.516797973363
Lr derivatives =  [1.1729149019919873, -57.28750007703744, -0.6601084574131697]
other derivatives =  [ 0.72668627 -0.02582965 -0.30677256 -0.01455192 -0.2566594  -0.06712071]
Current x_clock array =  [-0.65529945 -0.89999101 -0.4502774   0.41455706 -3.31194514 -1.25113385
 -0.03564739  0.         -0.30859826]
log likelihood =  5374.512704300252
Lr derivatives =  [0.31352102815112914, -57.631158459996335, -0.6579031269126681]
other derivatives =  [ 0.48985385 -0.29895091  0.83673513 -0.22610038 -0.19808795 -0.11514203]
Current x_clock array =  [-0.6553806  -0.89995385 -0.45007982  0.41305128 -3.30818021 -1.25604601
 -0.03970401  0.         -0.30731636]
log likelihood =  5374.511176117519
Lr derivatives =  [-0.17777987251844252, -57.77402520323072, -0.4424446032111078]
other derivatives =  [ 0.04911271 -0.54778866 -0.63637344 -0.13887984 -0.16334525 -0.08703864]
Current x_clock array =  [-0.65547229 -0.89994906 -0.45073866  0.41356253 -3.30529286 -1.25610317
 -0.04262145  0.         -0.30617659]
log likelihood =  5374.5107693514
Lr derivatives =  [-0.1793627434585474, -57.66403119320028, 0.08236930270879839]
other derivatives =  [ 0.16389095  0.42218744  0.78034645 -0.10431904 -0.01027729 -0.00309228]
Current x_clock array =  [-0.65549294 -0.89894379 -0.45027559  0.41427176 -3.3036196  -1.25357727
 -0.04376915  0.         -0.30487938]
log likelihood =  5374.510476422805
Lr derivatives =  [-0.04937927810393461, -57.62587908327628, -0.010158748031702913]
other derivatives =  [ 0.04292815  0.11295924 -0.02746674 -0.04811227 -0.03947207 -0.0172804 ]
Current x_clock array =  [-0.65551076 -0.89929591 -0.4505171   0.41460666 -3.30432046 -1.25365926
 -0.0430303   0.         -0.30527305]
log likelihood =  5374.510457933484
Lr derivatives =  [-0.005877822473614458, -57.60355212707764, 0.012219633499555016]
other derivatives =  [ 0.01627996  0.07257768 -0.09576979 -0.02455636 -0.02728484 -0.01291482]
Current x_clock array =  [-0.65551819 -0.89934699 -0.45052828  0.41483865 -3.30434516 -1.25346107
 -0.04289911  0.         -0.30526971]
log likelihood =  5374.5104468852705
Lr derivatives =  [0.0163453705551575, -57.594810816593075, 0.033915082998706936]
other derivatives =  [ 0.00763976 -0.00172804 -0.04720278 -0.0088221  -0.00627551 -0.00427463]
Current x_clock array =  [-0.65552032 -0.89942173 -0.45050433  0.41504155 -3.30425501 -1.25316661
 -0.04285381  0.         -0.30524757]
      fun: 5374.5104468852705
 hess_inv: <9x9 LbfgsInvHessProduct with dtype=float64>
      jac: array([ 7.63975549e-03, -1.72803993e-03, -4.72027750e-02, -8.82209861e-03,
       -6.27551344e-03, -4.27462510e-03,  1.63453706e-02, -5.75948108e+01,
        3.39150830e-02])
  message: 'CONVERGENCE: REL_REDUCTION_OF_F_<=_FACTR*EPSMCH'
     nfev: 26
      nit: 23
     njev: 26
   status: 0
  success: True
        x: array([-0.65552032, -0.89942173, -0.45050433,  0.41504155, -3.30425501,
       -1.25316661, -0.04285381,  0.        , -0.30524757])
{('N0', 'N1'): [5.572034923365946, 5.572034923365944], ('N0', 'ENSLOCG'): [0.0, 0.0], ('N1', 'ENSGACG'): [41.15041678485643, 39.894138041981115], ('N1', 'ENSDARG'): [32.53346964422392, 32.40133159438025]}
