number of sites to be analyzed:  492
log likelihood =  5567.242980001179
Lr derivatives =  [34.66693974180913, -212.07958093266015, -93.0290304276705]
other derivatives =  [120.01137293 -76.81946954  60.27630661 -38.10628186 525.80735428
  11.85535439]
Current x_clock array =  [-0.61147978 -0.72254616 -0.67320517  0.74193734 -0.10536052 -0.51082562
 -0.51082562 -0.51082562 -0.51082562]
log likelihood =  5154.071086686608
Lr derivatives =  [-79.89662863136832, -237.55620919507692, -130.58607188803364]
other derivatives =  [-359.72352634  -64.96757123  -74.80757631   -4.83178155  379.13478081
   16.58772817]
Current x_clock array =  [-0.83158051 -0.72131271 -0.78375185  0.81182423 -1.06969064 -0.53256833
 -0.57440475 -0.50988877 -0.50988877]
log likelihood =  4619.179258547814
Lr derivatives =  [-127.50366675574557, -133.97346802622778, -46.24187016280359]
other derivatives =  [  85.28249964   32.03713277 -168.03251128   70.23663784   11.87108865
   31.92499207]
Current x_clock array =  [-0.58842366 -0.66795994 -0.86334245  0.96145989 -3.72980258 -0.60786413
 -0.54992306 -0.25795471 -0.34777817]
log likelihood =  4668.574071614148
Lr derivatives =  [46.61321793491929, 20.108782664210167, 52.350336763665744]
other derivatives =  [-344.37580325  -37.33493941  750.77987276   15.34081093   10.79688445
   46.56958481]
Current x_clock array =  [-0.82596418 -0.75867827 -0.36173626  0.76977357 -4.19651815 -0.71823392
 -0.15605018  0.         -0.18125893]
log likelihood =  4564.47588403018
Lr derivatives =  [-57.36781910280506, -62.977177564434854, 4.746587078707847]
other derivatives =  [-150.00368876   -0.42646207   10.08129402   45.4378096     7.98818292
   42.66703399]
Current x_clock array =  [-0.69478914 -0.70858163 -0.63873411  0.87562692 -3.93878766 -0.65728532
 -0.37355535 -0.1424482  -0.27321448]
log likelihood =  4549.145222108285
Lr derivatives =  [-4.731651604768913, -16.04624891226419, 25.01920750435655]
other derivatives =  [-1.82944859  7.29833118 45.50201993 28.26927812  7.04330887 41.84921636]
Current x_clock array =  [-0.63746285 -0.71719728 -0.61022685  0.81648938 -4.08349119 -0.71328087
 -0.28626247 -0.05158919 -0.26124386]
log likelihood =  4544.3063882176575
Lr derivatives =  [12.710983431403825, 0.4861084225516983, 28.239439037185747]
other derivatives =  [37.89791663  0.83791747 -2.65736162 21.04934538  3.52829375 37.93302312]
Current x_clock array =  [-0.62306768 -0.72764072 -0.63929512  0.77549176 -4.19020759 -0.76895169
 -0.25298151 -0.00524319 -0.27719293]
log likelihood =  4538.5845781276585
Lr derivatives =  [14.959668676396083, 0.7864863266015245, 20.407631070771775]
other derivatives =  [30.78939699 -9.50303729 -2.97859515 12.9601176  -3.7252903  30.75183486]
Current x_clock array =  [-0.62752112 -0.7382388  -0.6378291   0.69978188 -4.34047349 -0.87920704
 -0.2165959   0.         -0.32198173]
log likelihood =  4547.880817302539
Lr derivatives =  [23.635801752684888, 0.6923495332729566, -0.376483354698701]
other derivatives =  [-20.86908353 254.18321457 -26.71695256   1.71075953  -9.75887815
  11.07564458]
Current x_clock array =  [-0.65927259 -0.57586322 -0.65318797  0.5228215  -4.44177202 -1.2391539
 -0.21692461  0.         -0.43570555]
log likelihood =  4535.493873355672
Lr derivatives =  [16.799165243804207, 0.21813673397181077, 13.206136691986975]
other derivatives =  [ 11.16386557  65.44141797 -10.88692443   8.72587407  -5.96210157
  23.18847692]
Current x_clock array =  [-0.63821098 -0.68357131 -0.64300002  0.64020408 -4.37457798 -1.00039146
 -0.21670657  0.         -0.36026948]
log likelihood =  4530.611249823742
Lr derivatives =  [5.666948102632512, -11.14870830380899, -4.1485007089069175]
other derivatives =  [-8.60927685 15.71879693 -4.11919245 -0.17898856 -9.93322828 14.7621904 ]
Current x_clock array =  [-0.64642667 -0.71804446 -0.6392682   0.53182297 -4.45091817 -1.18400716
 -0.20271802 -0.00518928 -0.4330848 ]
log likelihood =  4528.785202003369
Lr derivatives =  [1.4827522493917495, -15.163900409502444, -11.57004822268343]
other derivatives =  [-6.55527401  4.04679668 -0.48348738 -4.39285941 -7.64785    10.84690666]
Current x_clock array =  [-0.64603239 -0.72612344 -0.6378146   0.48583518 -4.3964064  -1.29600711
 -0.21580877  0.         -0.45596706]
log likelihood =  4526.366347021363
Lr derivatives =  [1.4059248342826383, -14.11041327077441, -12.910673263717449]
other derivatives =  [-15.14381438  -8.3598934   -8.1799044   -7.75371518  -0.28685463
   7.09469532]
Current x_clock array =  [-0.64970672 -0.73451337 -0.643443    0.45559721 -4.24237839 -1.48376824
 -0.24894573  0.         -0.42729446]
log likelihood =  4525.043844263084
Lr derivatives =  [-6.88304181825219, -13.475637906525463, -8.252346078628632]
other derivatives =  [50.77363312 -5.05315256 38.70063665 -9.31431714  4.79340088  4.420599  ]
Current x_clock array =  [-0.62484987 -0.73056379 -0.61458884  0.46089938 -4.11944075 -1.77521954
 -0.32313316  0.         -0.34146342]
log likelihood =  4523.7711892679745
Lr derivatives =  [-4.104421975660099, -9.018732623916023, -3.0395525077136694]
other derivatives =  [11.17996362 -3.33384378  8.89594958 -7.85657903  5.30462785  4.03870217]
Current x_clock array =  [-0.63932691 -0.72847912 -0.63292585  0.46542911 -4.10897978 -1.84141509
 -0.3289565   0.         -0.31504706]
log likelihood =  4523.189341929296
Lr derivatives =  [-2.496683120588074, -4.81395562487841, 2.66778301435451]
other derivatives =  [-4.02887963  2.01162038 -3.79477569 -6.63530955  3.27472662  3.4851837 ]
Current x_clock array =  [-0.64517944 -0.72443905 -0.64037423  0.47094092 -4.1430856  -1.9380094
 -0.33382576  0.         -0.28413523]
log likelihood =  4522.822418064006
Lr derivatives =  [-1.82946428821539, -1.8128234010049122, 6.674062409329962]
other derivatives =  [-6.5749191   3.70182534 -6.57755663 -5.79111656  0.60445018  2.79942469]
Current x_clock array =  [-0.64621813 -0.72374102 -0.64120605  0.47599097 -4.19086281 -2.0554497
 -0.33529226  0.         -0.26058109]
log likelihood =  4522.24421467486
Lr derivatives =  [-0.9552178635322535, -0.5052526891158358, 4.472585263225689]
other derivatives =  [-7.19956006  2.39060682 -5.61676643 -1.61144271 -1.04100764  1.69748091]
Current x_clock array =  [-0.6460023  -0.72613761 -0.63856471  0.5187058  -4.21818703 -2.22584083
 -0.32623714  0.         -0.26253826]
log likelihood =  4522.1610806880135
Lr derivatives =  [5.713328977056791, 5.315490707978155, 5.979561387792183]
other derivatives =  [ 27.27429091  -3.97130862 -13.58348527   0.29131115   0.77716322
   0.67457222]
Current x_clock array =  [-0.63248337 -0.73372756 -0.64245647  0.55050387 -4.1929915  -2.4893858
 -0.31763251  0.         -0.25435988]
log likelihood =  4521.874949596935
Lr derivatives =  [0.8175799551809622, 1.7067017218865672, 2.022548084252495]
other derivatives =  [ 1.75214154 -1.57142495  2.25008989  1.81025825  0.14297257  0.50767994]
Current x_clock array =  [-6.42221286e-01 -7.30609069e-01 -6.31575922e-01  5.59670609e-01
 -4.19443637e+00 -2.55739406e+00 -3.21829480e-01 -8.35371745e-04
 -2.61101184e-01]
log likelihood =  4521.835909542334
Lr derivatives =  [0.5528642847429532, 1.3438440322314966, 0.6222473438961682]
other derivatives =  [-1.0554686  -1.18006938  1.14823706  1.3042154  -0.0338332   0.36807251]
Current x_clock array =  [-6.43412931e-01 -7.30161509e-01 -6.32334177e-01  5.53232833e-01
 -4.19687656e+00 -2.60608378e+00 -3.21658556e-01 -1.53162409e-03
 -2.64401343e-01]
log likelihood =  4521.778182612742
Lr derivatives =  [-0.8165645900495715, 0.7218632952379569, -0.3083962471101577]
other derivatives =  [-2.07901394 -0.6258233   0.74242053  0.25083864  0.21182132  0.1119588 ]
Current x_clock array =  [-0.64391867 -0.72911788 -0.63299782  0.54060699 -4.18805945 -2.80160727
 -0.32832995 -0.00628724 -0.25804037]
log likelihood =  4521.789971520067
Lr derivatives =  [2.8626657846889683, 1.3811136538989888, 0.35447118849936765]
other derivatives =  [ 1.37051757  8.25475581 -0.39099177 -0.21800588  0.24920155  0.00836735]
Current x_clock array =  [-0.64318263 -0.72305995 -0.63329337  0.5381256  -4.19393702 -2.93684963
 -0.31452333 -0.0216219  -0.25166747]
log likelihood =  4521.768899567125
Lr derivatives =  [0.6519352351157988, 0.9825380451116486, -0.0657544450323041]
other derivatives =  [-0.71095201  2.88146111  0.28721843  0.06448317  0.22564564  0.06566552]
Current x_clock array =  [-0.64362615 -0.72671033 -0.63311528  0.53962083 -4.19039533 -2.85535556
 -0.3228429  -0.01238157 -0.25550763]
log likelihood =  4521.758186577966
Lr derivatives =  [0.40462925966193186, 0.5208534856496604, 0.15588919717266628]
other derivatives =  [-0.32659955  0.46520654 -0.55770215 -0.10686563  0.15770638  0.01737135]
Current x_clock array =  [-0.64341572 -0.72849548 -0.63372563  0.53767303 -4.19119285 -2.95075594
 -0.32207592 -0.01820493 -0.25006578]
log likelihood =  4521.756921477003
Lr derivatives =  [-0.003237169859493072, 0.035785655778258714, 0.06942200308489355]
other derivatives =  [-0.0343789   0.05757101 -0.23310349 -0.00345608  0.04765752  0.00427463]
Current x_clock array =  [-0.64324688 -0.72873831 -0.63355992  0.53844068 -4.19234082 -2.98888779
 -0.32193137 -0.02103722 -0.24809603]
log likelihood =  4521.756869997863
Lr derivatives =  [0.023223851246100935, 0.015306465103077711, 0.04376683912927665]
other derivatives =  [ 0.01600711 -0.02391971  0.11759766 -0.01218723  0.02119123  0.00127329]
Current x_clock array =  [-0.64323821 -0.72882219 -0.63330885  0.53844378 -4.19296739 -2.99367073
 -0.32155851 -0.02134945 -0.24803055]
log likelihood =  4521.756859834357
Lr derivatives =  [0.004984598878683855, -0.0058816365464563584, 0.014784038484642248]
other derivatives =  [-0.00782165 -0.01109584  0.01346052 -0.00081855  0.00854925  0.0007276 ]
Current x_clock array =  [-0.64324223 -0.72880894 -0.63338002  0.53850744 -4.19314332 -2.99375344
 -0.32155002 -0.02139055 -0.24810131]
log likelihood =  4521.756858627943
Lr derivatives =  [-0.002752356512391252, -0.010122218964038095, -0.0026648679249935323]
other derivatives =  [-0.00181899 -0.00209184  0.00090949 -0.          0.00254659  0.0005457 ]
Current x_clock array =  [-0.6432391  -0.72880175 -0.63338925  0.53850185 -4.19323728 -2.99333849
 -0.32156119 -0.02134886 -0.24817912]
      fun: 4521.756858627943
 hess_inv: <9x9 LbfgsInvHessProduct with dtype=float64>
      jac: array([-0.00181899, -0.00209184,  0.00090949, -0.        ,  0.00254659,
        0.0005457 , -0.00275236, -0.01012222, -0.00266487])
  message: 'CONVERGENCE: REL_REDUCTION_OF_F_<=_FACTR*EPSMCH'
     nfev: 29
      nit: 25
     njev: 29
   status: 0
  success: True
        x: array([-0.6432391 , -0.72880175, -0.63338925,  0.53850185, -4.19323728,
       -2.99333849, -0.32156119, -0.02134886, -0.24817912])
{('N0', 'N1'): [0.47776872553051336, 0.477768725530513], ('N0', 'ENSLOCG'): [0.0, 0.0], ('N1', 'ENSGACG'): [5.366835312426609, 5.4185571735685345], ('N1', 'ENSDARG'): [5.7190449372445284, 5.70136427750912]}
