number of sites to be analyzed:  175
Successfully loaded parameter value from ./save/MG944268NS1.txt
log likelihood =  -1786.8780234358246
Edge derivatives =  [-0.003186125708643378, 0.0010722291384056004, 0.00630628212421297, -0.003536685242534532]
other derivatives: [-0.00150067 -0.0005457  -0.01473381 -0.00613909  0.00038654  0.00159162]
Current x array =  [-0.64436947 -0.75797532 -0.50968117  0.34071239 -3.09008347 -1.6146201
 -1.34154655 -0.60559929 -0.46457907 -0.62276832]
log likelihood =  -1786.9552670381695
Edge derivatives =  [-0.03397531222727185, -0.033438659300650014, -0.4768232279656874, -0.06478826425167869]
other derivatives: [ 1.77687980e+00  3.20687832e-01  1.00353645e+01 -7.27595761e-04
 -6.34145181e-02  3.59250407e-03]
Current x array =  [-0.64587014 -0.75852101 -0.52441498  0.3345733  -3.08969693 -1.61302848
 -1.34473268 -0.60452706 -0.45827279 -0.626305  ]
log likelihood =  -1786.8780231047813
Edge derivatives =  [-0.0032408442368457163, 0.0010117668220728515, 0.005337267067493434, -0.0036469332731515758]
other derivatives: [ 0.00218279  0.00015916  0.00645741 -0.00609361  0.00027285  0.00159162]
Current x array =  [-0.64437255 -0.75797644 -0.50971136  0.34069981 -3.09008268 -1.61461683
 -1.34155308 -0.60559709 -0.46456615 -0.62277557]
      fun: 1786.8780231047813
 hess_inv: <10x10 LbfgsInvHessProduct with dtype=float64>
      jac: array([-0.00218279, -0.00015916, -0.00645741,  0.00609361, -0.00027285,
       -0.00159162,  0.00324084, -0.00101177, -0.00533727,  0.00364693])
  message: b'CONVERGENCE: REL_REDUCTION_OF_F_<=_FACTR*EPSMCH'
     nfev: 3
      nit: 1
   status: 0
  success: True
        x: array([-0.64437255, -0.75797644, -0.50971136,  0.34069981, -3.09008268,
       -1.61461683, -1.34155308, -0.60559709, -0.46456615, -0.62277557])
