number of sites to be analyzed:  167
log likelihood =  -3380.64929822145
Edge derivatives =  [56.95491409314184, 36.010167301428034, 162.0201930228162, 126.75400946380046]
other derivatives: [-16.94570528  37.65512702 -31.48102223 -70.50152817 123.54407772
  23.64799911]
Current x array =  [-0.56692789 -0.75782646 -0.49013103  1.09861229 -4.60517019  1.25276297
 -4.60517019 -4.60517019 -4.60517019 -4.60517019]
log likelihood =  -3130.153342110232
Edge derivatives =  [55.54727248126949, 34.55747577953279, 159.96048014804444, 122.6758542753854]
other derivatives: [ 98.75534488  41.79300959  -1.71594365 -51.72532838 118.01421351
  19.29283826]
Current x array =  [-0.63171996 -0.75512008 -0.61049903  0.829049   -4.13279818  1.27473759
 -4.38740251 -4.46748495 -3.98568437 -4.12052497]
log likelihood =  -2412.3317279369717
Edge derivatives =  [35.48581762731543, 22.56053768074509, 86.38396784770508, 85.58470679699077]
other derivatives: [208.92762223  34.54756552  62.10766514  32.39483704  25.78995009
 -54.27104952]
Current x array =  [-0.89088825 -0.74429455 -1.09197104 -0.24920417 -2.24331015  1.36263606
 -3.51633179 -3.91674403 -1.50774111 -2.18194412]
log likelihood =  -4170.628341591457
Edge derivatives =  [-11.476835801900314, -4.493072150775337, -2.7767305281825063, -288.7546007688095]
other derivatives: [-14766.19436289   -616.35510065    169.42749426    165.86400307
   -100.50525816    -35.66819942]
Current x array =  [-0.05       -0.42424174 -0.7050026  -0.94536287  0.18583818  0.56735676
 -2.05085335 -2.9883628   2.44781534  1.1763246 ]
log likelihood =  -2227.038492165369
Edge derivatives =  [10.75155401463567, 8.872309505463239, -30.937063307558926, 37.472002987485936]
other derivatives: [ 22.08744263 -34.39231477 113.80684555  64.33147064 -98.48968148
 -94.49759091]
Current x array =  [-0.58921119 -0.62947241 -0.95314225 -0.49895806 -1.37182892  1.07732166
 -2.99057676 -3.58367799 -0.08864572 -0.97713167]
log likelihood =  -2133.5493916825535
Edge derivatives =  [7.021692886673309, 7.271110306925662, -17.21441029662137, 20.74339752219173]
other derivatives: [-205.80655473  -22.53436833 -278.96858228   47.07508197  -68.41169125
  -61.55964911]
Current x array =  [-0.45840817 -0.68579395 -0.28515215 -0.15033511 -1.7107356   0.51514027
 -2.82826894 -3.47115596  0.05227665 -0.53678753]
log likelihood =  -2085.7933053159186
Edge derivatives =  [11.17842233339596, 10.263936988587554, 25.675295877499057, 43.071572906255994]
other derivatives: [ 80.41256478  16.25508048  -2.95462996  35.35096766 -23.47333066
 -52.49266906]
Current x array =  [-0.66087213 -0.74888347 -0.53040892 -0.03629055 -1.98760061  0.46558226
 -2.91036507 -3.51909685 -0.23988504 -0.71371807]
log likelihood =  -2054.183190925416
Edge derivatives =  [7.330811233582611, 8.066864827750322, 11.615438165447925, 24.18787090249781]
other derivatives: [ 63.97112884  10.10071173  -8.68767529  28.98796083 -29.11065167
 -44.45801096]
Current x array =  [-0.65395443 -0.75783601 -0.50073139  0.06668757 -2.03300758  0.22443903
 -2.80012822 -3.44251621 -0.04161015 -0.42707862]
log likelihood =  -2171.988376036131
Edge derivatives =  [6.826517751891085, 9.771910930087412, 34.44133905587792, 5.522971177269916]
other derivatives: [-1155.51433737   -35.0107257     74.96846592   -22.47506927
    33.10788088    -7.58573151]
Current x array =  [-0.2238079  -0.75047769 -0.67001443  0.67896349 -2.86987619 -0.81149941
 -2.57479952 -3.23076133  0.07495156  0.05822999]
log likelihood =  -2031.0932598454892
Edge derivatives =  [6.308965229503294, 7.867277800183766, 16.930680084421894, 15.510103279104078]
other derivatives: [-101.30952433   -1.64632183   26.63114174    8.41814654   -7.95280357
  -28.40552042]
Current x array =  [-0.51658288 -0.75548606 -0.5547936   0.26222394 -2.30026985 -0.10639816
 -2.72816727 -3.3748902  -0.00438501 -0.27209051]
log likelihood =  -2007.329571905209
Edge derivatives =  [2.520483853264577, 5.741872701467892, 13.875577000391658, -18.643052857983733]
other derivatives: [ 25.45887128   6.05389232 -51.69304131  -4.8994707   -4.76748028
 -11.02127953]
Current x array =  [-0.63599014 -0.81631264 -0.41185868  0.57708322 -2.6210694  -0.76025547
 -2.50417119 -3.20421769  0.29545236  0.2923257 ]
log likelihood =  -2003.638627389177
Edge derivatives =  [2.298878166364085, 5.7633763133142955, 7.722271060783862, -16.130031617099288]
other derivatives: [-0.62871095 -1.43998022  9.44376097 -5.57026851 -4.47182629 -9.58521014]
Current x array =  [-0.6091184  -0.80218789 -0.47842507  0.56547088 -2.63932537 -0.81718618
 -2.4865864  -3.17816163  0.35423836  0.26635155]
log likelihood =  -2002.2937325744829
Edge derivatives =  [2.4053158308956117, 5.92249968036284, 7.105233718225955, -12.172987747191986]
other derivatives: [-9.94750735 -2.78937478 16.19775958 -7.01897989 -0.0813543  -7.86189958]
Current x array =  [-0.59998532 -0.80167549 -0.48563946  0.57965033 -2.69488322 -0.89995734
 -2.46854254 -3.15116305  0.38818752  0.24670185]
log likelihood =  -1999.525992739719
Edge derivatives =  [2.3147518865861056, 6.121521537374484, -0.5435477625001433, -4.813524925553677]
other derivatives: [-17.30891199   0.4080448   17.38892479  -6.29004262   2.49037839
  -4.34151843]
Current x array =  [-0.59387042 -0.81415812 -0.48322557  0.57229151 -2.78533823 -1.12136593
 -2.40364892 -3.05735073  0.52547614  0.20233556]
log likelihood =  -1998.246463122944
Edge derivatives =  [2.2886867622075733, 6.436902855180319, -4.990478669913126, 0.8153049948948907]
other derivatives: [-3.55457814e+00 -3.08330300e+01  2.53066901e-02 -3.88242825e+00
  4.84558313e+00 -1.71767169e+00]
Current x array =  [-0.60868466 -0.75302679 -0.46153524  0.51391878 -2.83516206 -1.33905292
 -2.32488929 -2.90702045  0.58878722  0.13322826]
log likelihood =  -1996.8834661427638
Edge derivatives =  [2.291935574948115, 6.591234995239909, -7.24312457362106, 3.0939642249507764]
other derivatives: [ 2.07462563 -6.27276222 -5.33545972 -1.84434157  3.74168394 -0.99423687]
Current x array =  [-0.61275044 -0.80157266 -0.45476327  0.48526765 -2.84982501 -1.44886982
 -2.28122473 -2.82925456  0.6297392   0.11620549]
log likelihood =  -1996.0534442036205
Edge derivatives =  [2.1641300671760213, 6.7123768020542, -8.07604078715015, 3.1791071085247395]
other derivatives: [ 6.37933226  2.18938112 -8.03427156  0.16316335  2.71772933 -0.44337867]
Current x array =  [-0.61637009 -0.81920801 -0.45214479  0.4456435  -2.84341989 -1.54191091
 -2.23549987 -2.73429287  0.62866043  0.10522128]
log likelihood =  -1993.6713858196285
Edge derivatives =  [1.57695229191738, 7.122511273943915, -7.070256789472949, 1.6134518307752725]
other derivatives: [ 14.29389158  16.74088708 -11.10943231   6.0020966    1.33356934
   0.70417627]
Current x array =  [-0.62240899 -0.84956005 -0.45137927  0.31148088 -2.8038943  -1.83490008
 -2.08003159 -2.38656711  0.55968106  0.06735067]
log likelihood =  -1990.8154083516845
Edge derivatives =  [-0.08254760071763032, 7.190037555612306, -3.5433585621082138, -2.172616954311026]
other derivatives: [ 13.30413397  22.65824151 -11.70012638  12.3021664    0.32812295
   1.26931354]
Current x array =  [-6.20079331e-01 -8.60931646e-01 -4.55337974e-01  1.51541675e-01
 -2.73678388e+00 -2.25803209e+00 -1.84955948e+00 -1.84184989e+00
  4.28778913e-01  8.38126853e-04]
log likelihood =  -1992.108014051371
Edge derivatives =  [-7.726021063057989, -4.292786940411643, 7.720927004897822, -4.943856102526068]
other derivatives: [64.85020094 25.11187631 23.82512321 13.19776857  2.18426521  0.97436441]
Current x array =  [-0.6703964  -0.87082454 -0.49838984  0.07867186 -2.66295115 -3.22501587
 -1.38559337 -0.61071521  0.19465721 -0.19271607]
log likelihood =  -1988.6441524053619
Edge derivatives =  [-2.833171987545597, 4.839218807354841, 1.0491652552315165, -3.9072942805915223]
other derivatives: [38.9772822  24.59109965  4.83014446 12.51021331  2.80701897  1.19155175]
Current x array =  [-0.64358197 -0.86555253 -0.47544711  0.11750485 -2.70229729 -2.7097014
 -1.63284514 -1.26679811  0.3194228  -0.08956927]
log likelihood =  -1987.930277326847
Edge derivatives =  [-7.423828370196557, -3.3975428048534018, 3.1418180349740656, -7.5669419000609315]
other derivatives: [-13.82115897  13.48987553 -14.05931016  11.28835265  -1.37208644
   1.07279448]
Current x array =  [-0.59714348 -0.84977339 -0.45182038  0.14891252 -2.64910873 -3.16464496
 -1.42607854 -0.67784754  0.23816795 -0.16224844]
log likelihood =  -1984.9477051648828
Edge derivatives =  [-3.569191036835868, 2.8672760997960234, 0.9822948052985716, -5.722886504804114]
other derivatives: [-8.78158062  0.3995865  -4.97898327  2.3211669   4.20639026  1.23955033]
Current x array =  [-0.60022446 -0.81800736 -0.45987551  0.3526832  -2.68262722 -2.78827059
 -1.63544912 -1.10367668  0.3036892  -0.10613983]
log likelihood =  -1983.8805964726498
Edge derivatives =  [-3.7089789208785287, 1.8325060009452623, -1.1609788008219604, -3.7320009714196325]
other derivatives: [14.06731371 -6.10741608 12.36917342 -0.5873062   0.78732683  1.02627382]
Current x array =  [-0.62092004 -0.80007312 -0.48096663  0.41940726 -2.57371154 -2.76639563
 -1.68997127 -0.9978      0.26239121 -0.19973998]
log likelihood =  -1983.3266193237282
Edge derivatives =  [-3.6591970505735287, 1.311358959164869, -1.3045624706742522, -2.953449820910914]
other derivatives: [ 7.2050625  -6.7804649   4.71100066 -1.66744485 -2.65945346  0.85924512]
Current x array =  [-0.61426449 -0.79629304 -0.47330792  0.4540076  -2.48602429 -2.71002085
 -1.74203884 -0.94869123  0.21525516 -0.25315139]
log likelihood =  -1982.9952626456975
Edge derivatives =  [-3.1469637523762435, 1.4036619746530303, -0.7073972377485052, -0.011655239884028279]
other derivatives: [-3.11197255 -0.05825314  4.08122105 -1.30389708 -3.5107405   0.66697794]
Current x array =  [-0.60337252 -0.80773456 -0.47490365  0.44813566 -2.437057   -2.65701086
 -1.80275282 -0.91987862  0.18139396 -0.31843103]
log likelihood =  -1982.8962728845963
Edge derivatives =  [-2.590209868755034, 1.9018797101171294, 1.0777004436605024, 1.8816538785440171]
other derivatives: [ 1.80625648  1.55205271 -7.43341388 -0.75010576 -2.13883595  0.56029421]
Current x array =  [-0.60766719 -0.80916415 -0.46153912  0.4368916  -2.43560997 -2.61905056
 -1.8436792  -0.92202871  0.16492455 -0.34231034]
log likelihood =  -1982.8132074542305
Edge derivatives =  [-2.429167978615652, 2.0342774545908773, 1.1156963679872833, 2.3496118263433514]
other derivatives: [-0.63498646  2.07958237 -3.49937181 -0.69912858 -1.10283054  0.55783858]
Current x array =  [-0.6050538  -0.81051122 -0.46629399  0.43120627 -2.45013153 -2.6167647
 -1.85495768 -0.92382878  0.1707106  -0.3432598 ]
log likelihood =  -1982.6753423702166
Edge derivatives =  [-2.1153072936554738, 1.9290133438794201, 1.3626661928362767, 3.2231845466425364]
other derivatives: [-2.3110033   0.86104137  1.75862169 -0.47689355  0.85130978  0.523778  ]
Current x array =  [-0.6030606  -0.8079358  -0.47279333  0.41770766 -2.4755869  -2.61225814
 -1.8913664  -0.90373653  0.17828036 -0.34826119]
log likelihood =  -1982.5106245491256
Edge derivatives =  [-1.7290557617777742, 1.6732247019602575, 1.213765765708414, 3.65576472639166]
other derivatives: [-2.94685378 -0.93682502  4.51889264 -0.23605935  2.07999165  0.45251909]
Current x array =  [-0.60229348 -0.80414078 -0.4762043   0.40660965 -2.49446549 -2.58802953
 -1.9553289  -0.87643038  0.18775287 -0.34670331]
log likelihood =  -1982.1347919771947
Edge derivatives =  [-0.9349261225367574, 0.915382869438262, 0.19759000182391284, 3.3184892705903617]
other derivatives: [-1.88897502 -0.72268449  7.63109256  0.06396021  2.90085609  0.23667326]
Current x array =  [-0.60312226 -0.80546976 -0.47950124  0.39536338 -2.5206897  -2.49811137
 -2.13858979 -0.81569007  0.21313765 -0.32113772]
log likelihood =  -1982.0306880136804
Edge derivatives =  [-0.44562714369970646, -1.2070914056589572, 0.8709060736870914, 0.7382648572061092]
other derivatives: [-10.93114861 -10.34632078   1.3209501    1.92178504   0.02046363
  -0.24951987]
Current x array =  [-0.59569647 -0.78364019 -0.474092    0.36324591 -2.47614931 -2.32035369
 -2.41018624 -0.72272798  0.17464543 -0.29282037]
log likelihood =  -1981.7723251932402
Edge derivatives =  [-0.19489088154362158, -0.11940632588819228, 0.23220680431467688, -0.12290946439910985]
other derivatives: [ 1.62165179 -0.07566996  3.81407972  0.55770215  0.52853011 -0.29071998]
Current x array =  [-0.60665454 -0.80648309 -0.47512877  0.39218439 -2.50088231 -2.27069606
 -2.46435293 -0.76851055  0.20662557 -0.2503157 ]
log likelihood =  -1981.76126201742
Edge derivatives =  [-0.20355143570711334, 0.02016265908110247, 0.24871060186537775, 0.02549642201719904]
other derivatives: [ 0.56459157  0.07196377  1.56842361  0.45597517  0.35990979 -0.28335307]
Current x array =  [-0.60573507 -0.80671565 -0.47238985  0.39592462 -2.49659274 -2.27413204
 -2.45332331 -0.7750178   0.20491608 -0.25398519]
log likelihood =  -1981.7569716021947
Edge derivatives =  [-0.21132306473236392, 0.035814068938601014, 0.07448357554862661, -0.04620551643287313]
other derivatives: [-0.10725216  0.03135483  0.18990249  0.25897862  0.02619345 -0.28530849]
Current x array =  [-0.60521941 -0.80673818 -0.47060391  0.40167341 -2.49225017 -2.2734847
 -2.4526427  -0.77661926  0.20538144 -0.25420761]
log likelihood =  -1981.7556308893081
Edge derivatives =  [-0.20688112397016528, 0.004208516487563457, -0.06432090961804493, -0.08221710996891106]
other derivatives: [-0.37571226 -0.03560672 -0.08210463  0.14513262 -0.03610694 -0.28467184]
Current x array =  [-0.60502158 -0.8067729  -0.47014254  0.40436446 -2.49263329 -2.27358807
 -2.45645942 -0.77490307  0.20750856 -0.25335535]
log likelihood =  -1981.7537885615743
Edge derivatives =  [-0.19205223350291895, -0.08664229779957128, -0.16967350624997324, -0.06386302162747994]
other derivatives: [ 0.01732587 -0.31700438 -0.39585757 -0.02198703 -0.07566996 -0.28962859]
Current x array =  [-0.6054404  -0.80629254 -0.46959428  0.40797571 -2.49237652 -2.27471943
 -2.46564431 -0.76939263  0.20904549 -0.25369435]
log likelihood =  -1981.7522809876684
Edge derivatives =  [-0.16284812489786615, -0.19111715725849837, -0.26216508526573556, 0.03833782824933907]
other derivatives: [-0.95121777  0.13385488 -0.16350441 -0.20618245  0.11261818 -0.28228442]
Current x array =  [-0.60451509 -0.80764815 -0.46966483  0.4112846  -2.4961939  -2.28121191
 -2.47843747 -0.76127048  0.21254115 -0.25376609]
log likelihood =  -1981.7501385706191
Edge derivatives =  [-0.15934339504162998, -0.22761076989870183, -0.16180998863228968, 0.1302649827218822]
other derivatives: [-0.05838956 -0.04938556 -0.21207143 -0.22200766  0.18294486 -0.27546321]
Current x array =  [-0.60533186 -0.80713205 -0.46960329  0.41125799 -2.49545696 -2.2878133
 -2.47982038 -0.7583869   0.21102109 -0.25586541]
log likelihood =  -1981.747049314689
Edge derivatives =  [-0.16234518726856006, -0.26493174843576195, 0.052600473960745964, 0.2696160772213812]
other derivatives: [ 0.82027327 -0.05325091  0.08283223 -0.22796485  0.2853767  -0.25147529]
Current x array =  [-0.60608847 -0.80691384 -0.47003931  0.41073921 -2.49342372 -2.30420353
 -2.47896247 -0.75492423  0.20728125 -0.25968613]
log likelihood =  -1981.7438128007961
Edge derivatives =  [-0.16841477447721048, -0.2889613763662994, 0.22075548311076143, 0.33573314376414487]
other derivatives: [ 1.16615411  0.12767032  0.46718469 -0.24333531  0.30509    -0.21796041]
Current x array =  [-0.60635494 -0.80716095 -0.47060111  0.41067771 -2.49070291 -2.32471068
 -2.47940912 -0.75245022  0.20370115 -0.26254264]
log likelihood =  -1981.7372844423057
Edge derivatives =  [-0.17500491080358774, -0.30009269694220586, 0.34100784774502263, 0.30492512685706896]
other derivatives: [ 1.44968908  0.40681698  0.82602583 -0.23060238  0.29131115 -0.14513262]
Current x array =  [-0.60659679 -0.80771531 -0.47111145  0.41010662 -2.48811305 -2.36582602
 -2.48538562 -0.74989762  0.20072087 -0.26400326]
log likelihood =  -1981.7268465723014
Edge derivatives =  [-0.1554521117762876, -0.2508663565314554, 0.2947128291972177, -0.02518443117410235]
other derivatives: [ 1.66030532 -0.16134436  1.30169155 -0.18112587  0.2475872  -0.03030891]
Current x array =  [-0.60689525 -0.80657655 -0.47172813  0.40837945 -2.48738199 -2.42988045
 -2.51347705 -0.75033142  0.20042995 -0.25933574]
log likelihood =  -1981.7272980900657
Edge derivatives =  [-0.09143972156803382, 0.012470997631568025, 0.07440878544074037, -0.21676226634359766]
other derivatives: [ 2.35156676  2.15181899 -0.31839136 -0.07025847 -0.04415597  0.04606591]
Current x array =  [-0.60757242 -0.81172183 -0.46966275  0.40821269 -2.48550364 -2.48088858
 -2.54844147 -0.75841125  0.2038735  -0.25388092]
log likelihood =  -1981.7237746396117
Edge derivatives =  [-0.12402357304626382, -0.12320376916440648, 0.18885150280445545, -0.11683691741323107]
other derivatives: [ 1.99418082  0.95706127  0.52316409 -0.12776127  0.10804797  0.00734417]
Current x array =  [-0.60722156 -0.80905587 -0.4707329   0.40829909 -2.48647688 -2.45445936
 -2.5303251  -0.75422478  0.20208927 -0.25670727]
log likelihood =  -1981.7191349681862
Edge derivatives =  [-0.09264433527955981, -0.08360679576408986, 0.102915833364711, -0.22056653203749432]
other derivatives: [ 0.20893367 -0.02185061 -0.2105935  -0.02571596  0.03842615  0.04961294]
Current x array =  [-0.60567758 -0.80696445 -0.46999176  0.40616012 -2.48530631 -2.48326812
 -2.55429503 -0.75482138  0.20185559 -0.25549938]
log likelihood =  -1981.7183719548168
Edge derivatives =  [-0.077812676525231, -0.07042688583955717, -0.024418452860323736, -0.2101177095007991]
other derivatives: [-0.23640041 -0.03897185 -0.17751063 -0.04151843  0.00197815  0.04074536]
Current x array =  [-0.6052787  -0.80699405 -0.47000681  0.40661641 -2.48579425 -2.47729513
 -2.56058024 -0.7553442   0.20364572 -0.25491368]
log likelihood =  -1981.717738497522
Edge derivatives =  [-0.059330920383044154, -0.03837461129673811, -0.14766615341431755, -0.1462321091701877]
other derivatives: [-0.48330548 -0.05120455 -0.22077984 -0.04624781 -0.05711627  0.02307843]
Current x array =  [-0.60505449 -0.80694479 -0.46995859  0.40695109 -2.48545692 -2.46684633
 -2.56638298 -0.75677231  0.20501587 -0.25524049]
log likelihood =  -1981.7173081716096
Edge derivatives =  [-0.03881304172306811, 0.017867586752990466, -0.1900830957624675, -0.0742069751188627]
other derivatives: [-0.45624802 -0.00732143  0.19072104 -0.03467449 -0.04934009  0.01527951]
Current x array =  [-0.60504592 -0.80693903 -0.47051423  0.40648376 -2.48513411 -2.46286992
 -2.57311113 -0.75906099  0.20533033 -0.25567402]
log likelihood =  -1981.716957672826
Edge derivatives =  [-0.016896053584399613, 0.056573461046089735, -0.14033040312008738, 0.06585127690085171]
other derivatives: [-0.3052719  -0.04699814 -0.1281478  -0.01418812 -0.00786713  0.00418368]
Current x array =  [-0.60516386 -0.806693   -0.47018848  0.40600099 -2.48431981 -2.45947905
 -2.57889669 -0.75981456  0.20448441 -0.25754137]
log likelihood =  -1981.7168046134918
Edge derivatives =  [-0.01282019413236872, 0.06140031979354277, -0.0899673224574028, 0.05854472015704018]
other derivatives: [-0.02430625 -0.09397354 -0.04590675 -0.00095497  0.01562057  0.0080945 ]
Current x array =  [-0.60541596 -0.80653468 -0.47031346  0.40554588 -2.48410302 -2.46273876
 -2.58157082 -0.7598168   0.20377653 -0.25743872]
log likelihood =  -1981.7167179942417
Edge derivatives =  [-0.011385039130786201, 0.0539661385753016, -0.025562847282925905, 0.056187967109305376]
other derivatives: [ 0.07237304 -0.05679794  0.00081855  0.00559339  0.03444711  0.00984528]
Current x array =  [-0.60548977 -0.80657439 -0.47039901  0.40529679 -2.48374674 -2.46488631
 -2.5828485  -0.75925415  0.20283206 -0.25757981]
log likelihood =  -1981.716623614641
Edge derivatives =  [-0.008375450358842566, 0.036436014627043545, 0.012060853747787093, 0.02640323812864867]
other derivatives: [ 0.11414159 -0.05416041 -0.00293312  0.00952696  0.02944489  0.00839009]
Current x array =  [-0.60552493 -0.80656691 -0.47040964  0.40519519 -2.48345608 -2.46495847
 -2.5858874  -0.75836907  0.20225918 -0.25718505]
log likelihood =  -1981.716571118987
Edge derivatives =  [-0.0008632095066305745, 0.013528933079735059, 0.046573751076663616, 0.011575181143148788]
other derivatives: [-0.15088517  0.07908056  0.05341008  0.01209628  0.01286935 -0.0003638 ]
Current x array =  [-0.60525836 -0.80684739 -0.47051334  0.40518211 -2.4829727  -2.46113232
 -2.59058167 -0.75716293  0.20162555 -0.25693498]
log likelihood =  -1981.716533430179
Edge derivatives =  [-0.0015113339116710478, 0.005964966483244023, 0.018304666319937546, -0.013896350579234745]
other derivatives: [-0.01227818 -0.00964064 -0.01548415  0.00823093 -0.00329692  0.0003638 ]
Current x array =  [-0.60540618 -0.80667783 -0.47040234  0.40532278 -2.48312625 -2.46123925
 -2.5913245  -0.75693016  0.20206669 -0.2564856 ]
log likelihood =  -1981.7165304362302
Edge derivatives =  [-0.0012714736320711753, 0.005787849222144634, 0.008417414033365933, -0.010525988747097231]
other derivatives: [-0.00050022 -0.00804903 -0.01336957  0.00516138 -0.0048658  -0.00056843]
Current x array =  [-0.6054183  -0.80668658 -0.47039828  0.40539779 -2.48318859 -2.46064672
 -2.59127182 -0.75692652  0.20222697 -0.25649337]
      fun: 1981.7165304362302
 hess_inv: <10x10 LbfgsInvHessProduct with dtype=float64>
      jac: array([ 0.00050022,  0.00804903,  0.01336957, -0.00516138,  0.0048658 ,
        0.00056843,  0.00127147, -0.00578785, -0.00841741,  0.01052599])
  message: b'CONVERGENCE: REL_REDUCTION_OF_F_<=_FACTR*EPSMCH'
     nfev: 56
      nit: 50
   status: 0
  success: True
        x: array([-0.6054183 , -0.80668658, -0.47039828,  0.40539779, -2.48318859,
       -2.46064672, -2.59127182, -0.75692652,  0.20222697, -0.25649337])
