number of sites to be analyzed:  1886
log likelihood =  -83392.95702696862
Edge derivatives =  [804.7408369211915, 494.5284598683707, 835.4970304132012, 652.759867502717, 300.4689778123549, 258.7361057631118, 1254.6099948352175, 1209.0668404844703, 693.621688442756, 762.5394191400406, 356.76873546101217, 564.9857800518758, 661.1418266024006, 538.3685289712407, 994.3132425992945, 1040.7799262523056]
other derivatives: [ -353.10804378   727.9246347   -591.7812814    693.49916885
 -3796.97012249  1515.96905198]
Current x array =  [-0.65734556 -0.61763014 -0.703167    0.74193734 -0.10536052 -0.51082562
 -4.60517019 -4.60517019 -4.60517019 -4.60517019 -4.60517019 -4.60517019
 -4.60517019 -4.60517019 -4.60517019 -4.60517019 -4.60517019 -4.60517019
 -4.60517019 -4.60517019 -4.60517019 -4.60517019]
log likelihood =  -79134.8240124768
Edge derivatives =  [765.7740285563403, 507.41376247131353, 842.2023511976183, 646.7465652779476, 291.23941084527587, 255.74633047597564, 1257.3138419205973, 1203.7196018238344, 688.7725465816247, 762.7004847974307, 344.87296513129945, 570.4693745315587, 660.1689486553023, 535.0851687376729, 991.452307422767, 1039.2735772930039]
other derivatives: [ 1534.47617777   889.36067186  -674.5220162     53.77369234
 -2079.27951124  1278.39448396]
Current x array =  [-0.72812277 -0.61751637 -0.82178402  0.88094276 -0.86642763 -0.50932015
 -4.44386742 -4.50604659 -4.43770263 -4.47433058 -4.54494399 -4.55330896
 -4.35369536 -4.36282406 -4.46614021 -4.4523263  -4.53365923 -4.49192408
 -4.4726505  -4.49725925 -4.4058694  -4.39655559]
log likelihood =  -80373.13903806744
Edge derivatives =  [435.1861110466586, 453.19719462943135, 490.240321584668, 341.25532098108397, 69.59562232219008, 88.58452550477651, 795.2563683741944, 688.6399488272524, 385.05026039566116, 484.29951594594473, 127.06218090028298, 443.66177865968245, 364.0904780654242, 306.95810701349717, 644.4387482600748, 627.623098732524]
other derivatives: [-153982.38465423   37375.13470696    2203.35932681   -2500.54436037
    2607.81234829     970.46868177]
Current x array =  [-0.05       -0.05       -1.50675867  1.14847513 -3.62783372 -0.34524544
 -3.62244352 -3.97450951 -3.5506238  -3.78944495 -4.23438149 -4.28227951
 -3.0269789  -3.0900458  -3.73726255 -3.64703814 -4.16558629 -3.89136766
 -3.77525259 -3.93117709 -3.35804489 -3.29868249]
log likelihood =  -73174.6134334023
Edge derivatives =  [715.7108849721269, 510.46058509127215, 824.0231745731287, 607.0488107294956, 243.53590177256785, 230.4418396297897, 1220.8708911615336, 1137.4969949586, 649.3459639810654, 733.7933705830318, 309.6978781242606, 568.6154649312828, 620.5169294459469, 505.83651673317524, 952.5866596067269, 989.1809081611275]
other derivatives: [-11347.04216383   6095.74344708    177.59739421  -1503.03530972
    874.20048658    988.84047475]
Current x array =  [-0.35957473 -0.30908101 -1.19405593  1.02634199 -2.36720423 -0.42014838
 -3.99743769 -4.21716535 -3.95559058 -4.10210705 -4.37615862 -4.40600912
 -3.63264784 -3.67109102 -4.07000777 -4.01466607 -4.33361793 -4.16553202
 -4.09362676 -4.18960336 -3.83639484 -3.79988049]
log likelihood =  -70711.89906683481
Edge derivatives =  [530.0902781824973, 473.4464381242038, 615.9587930575914, 412.85869725965824, 118.48212079722234, 151.7945424130368, 890.5327788271776, 767.505635437815, 455.4419555301303, 560.2251933316738, 179.26178301662404, 510.0810660747714, 443.82967469261575, 363.12012118475354, 718.0081594969229, 719.067431110766]
other derivatives: [  6651.14057483 -37092.44920174   -192.01543182   -641.93009166
   2849.15004158    616.15573941]
Current x array =  [-0.49987381 -0.05       -1.63029646  1.15540385 -4.20044072 -0.29888799
 -3.42457319 -3.845742   -3.33645892 -3.62503435 -4.1610789  -4.2176586
 -2.7069295  -2.78429576 -3.56219622 -3.45306078 -4.07766878 -3.7459034
 -3.60793136 -3.79515886 -3.10562778 -3.03469232]
log likelihood =  -70480.56027760005
Edge derivatives =  [669.9436487859191, 501.0982933430145, 784.9030604885671, 558.430716645743, 204.29846023049873, 207.6808223753226, 1151.149325492832, 1049.6896962709527, 600.7333427205216, 690.2169916236355, 272.3735471944567, 556.3834967385417, 575.2480502446845, 466.8447716970984, 895.4193977953228, 923.8141582705376]
other derivatives: [-3872.64008168  5303.73799847   -55.87062333 -1283.98824017
  1992.53117898   811.99250417]
Current x array =  [-0.41944505 -0.19852246 -1.38021438  1.08141701 -3.14950767 -0.36840251
 -3.75297722 -4.05866656 -3.69138635 -3.89852414 -4.2843769  -4.32563365
 -3.2376128  -3.29266577 -3.85330757 -3.77501027 -4.22439586 -3.98646243
 -3.88636426 -4.02128068 -3.52455205 -3.47334906]
log likelihood =  -72976.88239251036
Edge derivatives =  [181.52982959202555, 340.8817005312771, 136.68637001610085, 53.2862483440629, -53.89577784099945, -5.84342106961786, -40.9421779764354, -130.25977646021317, 87.89974702496326, 132.90388344961028, -27.491551959773712, 273.44674060529906, 93.08069081942647, 103.92071933800474, 122.48170877661035, 45.19023929586097]
other derivatives: [-21693.24579882 -60548.60714357   2761.92004094  -1162.74313768
   3186.91018037    473.37380238]
Current x array =  [-0.23162165 -0.05       -1.97695918  1.13238719 -5.2174432  -0.15038327
 -2.9902435  -3.5560761  -2.85787179 -3.25970208 -3.99909879 -4.07394579
 -1.99338876 -2.10395907 -3.17282896 -3.02063842 -3.88402226 -3.42030288
 -3.2349081  -3.49268235 -2.54349908 -2.44638286]
log likelihood =  -69429.82234792097
Edge derivatives =  [591.3861372716118, 472.81610049258677, 681.5673703990351, 451.5679786320565, 144.46667617171218, 165.1068494683601, 959.2754167399463, 847.4468946668148, 508.1865498179631, 594.5620153646199, 205.18999230377707, 516.2427766380173, 485.6227717260555, 395.7494424733173, 767.3516172121747, 775.2418154328917]
other derivatives: [-8548.98535181  6471.72273602   805.90107245 -1449.20486491
  2698.47805612   671.89102992]
Current x array =  [-0.34148869 -0.13687801 -1.62789412  1.10257225 -4.00780712 -0.27791332
 -3.43640355 -3.85006571 -3.345435   -3.63338018 -4.16597183 -4.22117026
 -2.72119592 -2.79929144 -3.570874   -3.46190721 -4.08312333 -3.75147714
 -3.61597649 -3.80188522 -3.11736468 -3.04710534]
log likelihood =  -68884.30634423332
Edge derivatives =  [463.76767779836297, 442.8854471594988, 518.271669511802, 326.160079916155, 79.38055708239166, 116.27939212097604, 694.566890141586, 581.2804476766945, 380.4309813977678, 474.0212610359608, 130.22388273050464, 460.6321669010842, 371.0152470396146, 308.2323151620361, 597.3972635933153, 583.7892222812563]
other derivatives: [  2633.11085291 -35427.37540556    717.80086728   -475.94076023
   2776.99582512    547.43431974]
Current x array =  [-0.41894432 -0.05       -1.68680887  1.03729162 -4.12616182 -0.18774909
 -3.28486629 -3.74414211 -3.17702798 -3.50927526 -4.11447827 -4.1730896
 -2.47389537 -2.56783594 -3.43684043 -3.31110199 -4.01957909 -3.63331819
 -3.48759605 -3.69775722 -2.92166355 -2.84407775]
log likelihood =  -68599.76408733329
Edge derivatives =  [535.7686462306789, 459.6210768770929, 613.0938038300441, 396.6208578342931, 114.92140068437264, 142.64559953771052, 847.2832439916398, 733.4283938421938, 453.000367399829, 540.2548688726183, 171.12493030769733, 490.53239494569675, 435.524464716751, 356.03848761626205, 693.5226768827857, 692.4717621713811]
other derivatives: [-2275.68671107 -3888.42454413   692.40340963  -941.89745141
  2728.27455774   601.05521698]
Current x array =  [-0.37946091 -0.09428652 -1.65677677  1.07056876 -4.0658299  -0.23371077
 -3.36211319 -3.79813721 -3.26287433 -3.57253838 -4.14072738 -4.19759896
 -2.5999581  -2.68582157 -3.50516473 -3.38797573 -4.0519711  -3.69355032
 -3.55303864 -3.750837   -3.02142321 -2.94757211]
log likelihood =  -65577.84172932101
Edge derivatives =  [640.0601936640942, 431.60688757331417, 685.7605920844662, 413.91960948544914, 141.09639791994562, 156.01536581659516, 852.9163637116765, 760.1618584852927, 496.62575384791654, 571.0151867670496, 186.73550230749325, 500.630384051285, 476.1684985002559, 382.31192911671644, 712.5608456296809, 719.5717169679585]
other derivatives: [ 1483.09773067 -2539.46782323   -30.33346729  -657.08736656
  2602.02068603   560.50776038]
Current x array =  [-0.58877409 -0.20998517 -1.67163496  0.87256201 -3.81457243 -0.05004536
 -3.1613803  -3.64962243 -3.03492531 -3.41051501 -4.07872507 -4.13598377
 -2.26970517 -2.38284083 -3.32822107 -3.18594448 -3.97239747 -3.5293275
 -3.38340734 -3.61333329 -2.75976409 -2.67821754]
log likelihood =  -63203.99279340808
Edge derivatives =  [202.06033768700127, 122.2069441274364, 92.44963457663286, 36.48902273707495, -36.4217023083962, -28.137114446106033, -496.1475234802242, -465.5292577707947, -142.55949913438138, -264.18836450729873, -61.05107244488952, 31.25842336250108, -156.65273402223147, -77.3693643828236, -614.5918685840228, -689.4463323866903]
other derivatives: [ 5999.54510108  -374.13847167  4119.77089243   166.02134565
  1579.07561515 -2437.57240241]
Current x array =  [-1.30194124 -0.6105646  -2.10578011 -0.0220156  -3.61451035  0.9348968
 -1.79497923 -2.68787391 -1.51042256 -2.313456   -3.63539983 -3.71298174
 -0.06815598 -0.33658894 -2.13111776 -1.83363722 -3.41990617 -2.45358274
 -2.23636475 -2.68437388 -1.01147286 -0.86989293]
log likelihood =  -60920.151814697245
Edge derivatives =  [546.2189304659554, 300.8735509273223, 455.0717766479119, 183.32421141671054, 65.12698212439446, 76.39963077092736, 134.26138293621287, 156.1109165393001, 293.8884532996898, 311.43722292958097, 52.69170287908808, 349.4078230711264, 286.1574331478554, 230.93885980136594, 242.3875820840613, 197.9267141887576]
other derivatives: [ 3298.99630742 -1939.99148905   951.24341897  -159.91317923
  2434.55797317  -576.16198319]
Current x array =  [-0.95476405 -0.41555837 -1.89443373  0.41347409 -3.71190265  0.45541671
 -2.4601575  -3.1560631  -2.25256636 -2.84751574 -3.85121517 -3.91890353
 -1.13989304 -1.33272565 -2.71388011 -2.49195446 -3.68886468 -2.97726649
 -2.79475702 -3.13660099 -1.86255922 -1.75020417]
log likelihood =  -63264.5349075744
Edge derivatives =  [610.6028710030133, 148.71783354942042, 119.47854011787382, 34.02222674102155, 42.88297881014424, 35.89435592984876, -513.3228873328424, -324.46446296806243, 159.23406312063454, 132.95250307147882, 25.468921954875043, 216.9787524221204, 159.39792286300158, 148.43550016541266, -147.09520462271146, -185.45302224368007]
other derivatives: [ 3824.65950679 -4411.66339442   677.66959546  2415.49714701
 -4725.55766464 -2526.36382356]
Current x array =  [-1.22356865 -0.31758615 -1.04628689 -0.31245725 -0.40659398  0.516977
 -1.94182354 -2.86911383 -1.79272544 -2.65369825 -3.78979392 -3.84237084
 -0.93818812 -1.12592718 -2.42096514 -2.1765974  -3.6295209  -2.63760657
 -2.5112796  -2.90872525 -1.59557295 -1.51953361]
log likelihood =  -58572.11570009301
Edge derivatives =  [582.4525406158771, 258.305474985031, 411.6510504407052, 163.37719550349058, 68.576040019156, 71.7638984605746, 19.46604138530432, 90.09649153244915, 287.6909545875663, 295.34885776465376, 55.24389762257282, 326.8433409948184, 282.69642791401026, 227.341178590542, 184.13397296967906, 151.8618094207911]
other derivatives: [ 3714.90750695 -2875.3944207    720.65158747   864.11819211
   348.90981624  -960.78001661]
Current x array =  [-1.06884055 -0.37398048 -1.53449338  0.10540011 -2.30918098  0.48154194
 -2.24018461 -3.03428628 -2.05741702 -2.76526261 -3.82514895 -3.88642424
 -1.0542926  -1.24496359 -2.58957155 -2.35812182 -3.66368011 -2.83312009
 -2.67445361 -3.03989406 -1.74925439 -1.65231117]
log likelihood =  -56088.10411506412
Edge derivatives =  [426.0667052365565, 165.17484229000848, 267.0315278595516, 102.97911855205481, 59.23397513951437, 53.611858380983094, -206.2331194166994, -94.39420530819422, 247.39445903549753, 201.05468054538704, 33.608427952994525, 245.95868980252624, 235.10866031561014, 191.33986517177107, -3.9134416082920644, -24.91338203814071]
other derivatives: [ 4396.81025455 -2558.64797509   110.82011042   642.34991441
  -193.59358703  -987.58973763]
Current x array =  [-1.12857184 -0.40528173 -0.83232916  0.34473353 -2.08354174 -0.04415419
 -1.44041779 -2.5914933  -1.35212246 -2.35975492 -3.65402965 -3.72208636
 -0.50172718 -0.66891176 -2.0646473  -1.79350961 -3.48002897 -2.31321464
 -2.16714092 -2.628758   -1.1783019  -1.09627484]
log likelihood =  -66952.0878597153
Edge derivatives =  [-1313.0024953377322, -96.69015947656577, -1276.6739806757262, -246.34923639324356, -69.93037741444547, -71.16247537612537, -1493.5756374736457, -1409.131003745502, -593.686193209154, -835.7517764570573, -97.28446078094217, -510.6021632134174, -483.89824502185735, -227.56062612619698, -1386.3317388509709, -1401.523040451234]
other derivatives: [  10652.05724444   -7600.10298109 -123619.54431981   -3447.54662365
   -1446.22317748     371.10876292]
Current x array =  [-1.01420011 -0.4376919  -0.05        0.70612674 -2.37333379 -1.65308105
 -0.04165607 -1.86192287 -0.21140823 -1.72003624 -3.3570306  -3.44660362
 -0.07106354 -0.07415362 -1.09474975 -0.86225385 -3.19734148 -1.38933673
 -1.24543423 -1.87554588 -0.50980135 -0.46123391]
log likelihood =  -54984.60948378555
Edge derivatives =  [207.86186046291866, 113.34755176901679, 107.48750795797969, 71.34108643609919, 45.460163740217766, 38.314959428535744, -273.0236754360574, -186.62758880437866, 191.97242449045373, 115.16598957921899, 24.234292611580113, 174.71915605639646, 173.8828622541752, 149.9843680974762, -79.48498235918181, -88.92240082492089]
other derivatives: [ 4029.39986088 -2696.89699053 -1799.45782293   630.12557803
  -179.81801648  -453.31544243]
Current x array =  [-1.08749707 -0.41692132 -0.55136819  0.4745221  -2.1876159  -0.62197446
 -0.93807496 -2.32947978 -0.94245325 -2.13001022 -3.5473672  -3.62315115
 -0.34706124 -0.45531391 -1.71632415 -1.45906404 -3.37850629 -1.98141871
 -1.83612475 -2.35825395 -0.93822065 -0.86821008]
log likelihood =  -54181.27876572469
Edge derivatives =  [-93.40444167932151, 74.34234680294352, -59.37064399105213, 64.18373485294545, 10.971989625818466, 14.560127955259407, -66.42812139758453, -112.35903726791467, -27.087622283651196, -128.36740113152487, 14.67794732517371, 27.988400365620286, -45.156086391202365, 16.550701588110936, -83.91037809499025, -80.53478395290195]
other derivatives: [ 3095.82173941 -2604.52143266  2069.2263206    -93.09660527
   822.44805526    59.1709977 ]
Current x array =  [-0.96802675 -0.47416351 -0.90192229  0.80970056 -2.77659712 -1.69526923
 -0.24704792 -1.9695068  -0.42287413 -1.83130155 -3.39590657 -3.48732559
 -0.37883874 -0.35313708 -1.19809453 -1.01411946 -3.24962909 -1.50129514
 -1.35130574 -1.9563948  -0.74588585 -0.6961192 ]
log likelihood =  -53642.011938360796
Edge derivatives =  [-109.66028672067964, 76.88272544485261, -33.32452306055621, 73.77741777320276, 19.386959599254265, 21.534610272814035, 48.855261904402255, 3.199114107543108, 27.955705665839858, -38.63133397154531, 29.890902329057596, 56.52726162862076, 12.241800448987304, 48.30112482342076, 37.64680415942651, 51.49095343388878]
other derivatives: [ 2353.21494984 -3277.97533828  -108.41758922  -191.31693989
   490.00809668   118.45331755]
Current x array =  [-0.87048401 -0.43071324 -0.67863513  0.88434633 -2.51977624 -1.84681949
 -0.3135163  -2.01185408 -0.52183606 -1.89875037 -3.4236029  -3.51291891
 -0.62035222 -0.57171192 -1.26129388 -1.11708681 -3.28999222 -1.54595804
 -1.41628929 -1.99992925 -0.91341119 -0.87222486]
log likelihood =  -53485.736179851185
Edge derivatives =  [-179.73725292038552, 67.61073347200225, -78.69131120087604, 60.87549795794196, 16.863033519726894, 19.216730272159467, 57.98951884814037, 10.366959852157958, -0.5227418450740623, -52.01433479456347, 30.058351764558815, 31.711044981708717, -11.011700997970308, 33.14699022849532, 38.48015970360136, 53.28352325900286]
other derivatives: [ 1991.17421289 -2921.0896173   -398.78214011   -55.1379344
   136.78509276   129.28940123]
Current x array =  [-0.83966511 -0.45045704 -0.65452333  0.85103132 -2.37395098 -1.94999289
 -0.2853056  -1.97966374 -0.50529274 -1.87790362 -3.41397868 -3.50386449
 -0.68246387 -0.62162707 -1.22510564 -1.10986538 -3.28427027 -1.50521795
 -1.38646755 -1.96656077 -0.93703793 -0.8974338 ]
log likelihood =  -53188.83664613633
Edge derivatives =  [-192.74997821387916, 71.17975594513638, -75.66834766875371, 59.60470513550756, 16.60470460809688, 19.564119049526095, 130.571561770594, 84.3748347089312, -22.12575505023054, -26.59172427305356, 35.08887802647781, 12.962245461387885, -24.290864038985543, 19.25131972967439, 82.60705444405077, 93.12729931826851]
other derivatives: [  710.83122748 -1772.03473868  -198.26620701   134.31636035
  -172.61190806   141.54647943]
Current x array =  [-0.72542648 -0.51588467 -0.67821799  0.78118691 -2.23747927 -2.06459473
 -0.37330193 -1.94771507 -0.57412898 -1.86317608 -3.40888583 -3.49835203
 -0.82147004 -0.75652095 -1.21815418 -1.1704664  -3.28222285 -1.47958094
 -1.39138662 -1.94126472 -1.02145087 -0.97810607]
log likelihood =  -53033.0679870354
Edge derivatives =  [-159.55702978221265, 76.77826125143915, -64.50284769254812, 56.70984152836321, 14.617110364447438, 17.451239421193055, 93.30009676392363, 58.442327528036905, -36.34365256375242, -22.697032047991996, 29.70845017910472, -9.874252677866158, -35.419129942909194, 5.726739551262748, 48.58926335132457, 50.636279715350966]
other derivatives: [  -5.07643563 -812.88526417  -72.62133295  250.83936634 -135.86322893
  117.12472769]
Current x array =  [-0.6767528  -0.59296212 -0.69108938  0.72899516 -2.28812771 -2.02313932
 -0.42715739 -1.89051401 -0.58015665 -1.80382344 -3.38761126 -3.4773929
 -0.75903007 -0.71541212 -1.18706683 -1.16760899 -3.25242094 -1.43757011
 -1.36824405 -1.89950664 -0.97508117 -0.9224304 ]
log likelihood =  -52953.721581355014
Edge derivatives =  [-67.56969914176392, 90.00304852335798, -10.817119735524665, 65.59642112250052, 16.948521761028733, 18.77267864388953, 22.74588667467493, 8.27460112697935, -1.2774659705646365, 1.8238813493357595, 24.93807352908646, 9.235224976178365, -4.642525980393614, 20.526287797805125, 8.84994628713043, 4.62608960673785]
other derivatives: [279.2905434    4.634785     3.55576049 193.16648832 120.37635315
  73.50172382]
Current x array =  [-0.68730837 -0.66992842 -0.69997048  0.73102555 -2.40734496 -1.81030437
 -0.51676487 -1.88923194 -0.61262287 -1.7866947  -3.38632423 -3.4749203
 -0.62351423 -0.61732146 -1.22240665 -1.18314279 -3.23851112 -1.46819961
 -1.40063434 -1.91915175 -0.90941332 -0.8482172 ]
log likelihood =  -52935.91226073935
Edge derivatives =  [-51.44884408016343, 93.60845820508744, -9.95362289192614, 59.68009329457995, 15.502882266687822, 17.30204253460718, -16.6908512793131, -21.87180485005444, -7.364476797816781, 0.08380905635572988, 20.97130176613403, -1.619808117654466, -8.970857200222616, 14.159032393409747, -19.36852750513338, -29.13546543666838]
other derivatives: [-320.37787605   73.07680789   43.5495167   183.40942916   64.50864021
   51.75461411]
Current x array =  [-0.65151802 -0.67984121 -0.70460705  0.74973059 -2.39088515 -1.73597604
 -0.57542917 -1.8557741  -0.63235979 -1.75518222 -3.37798014 -3.46575841
 -0.58169018 -0.5938467  -1.22594034 -1.19407076 -3.22347981 -1.46291238
 -1.40692315 -1.9094305  -0.88724066 -0.82210427]
log likelihood =  -52923.016430478034
Edge derivatives =  [-33.7719932364358, 97.08296654888518, -1.1211233774269473, 59.263778102428674, 16.22235289908316, 17.69781014058166, -31.74051009122881, -30.734710632995004, 0.3180482209322806, 7.269132862742569, 20.486629538192883, 2.510781705467267, -1.1672811795377227, 17.314057513858963, -24.978235551894002, -35.04285568483943]
other derivatives: [-246.90161808  110.38937373   -7.27159204  126.09816622   11.61679393
   39.03405741]
Current x array =  [-0.65475892 -0.68137718 -0.70031364  0.78187133 -2.35575134 -1.67340961
 -0.61791706 -1.84569228 -0.6538165  -1.74825839 -3.37861476 -3.46538333
 -0.56815374 -0.59063891 -1.24433132 -1.20972669 -3.22075886 -1.47651187
 -1.42495516 -1.91786204 -0.88693278 -0.82152555]
log likelihood =  -52902.25539446301
Edge derivatives =  [-19.332119462223275, 100.13672318337595, 3.180020256850797, 54.91373109849428, 15.529232066322843, 16.7707687936944, -35.663608549044696, -28.28483700850023, -2.196444289254447, 7.417008744000459, 19.97240979182295, -4.137398234195374, -2.2718748593145994, 10.899739369456281, -25.84311050795074, -32.239435101513195]
other derivatives: [-113.53331502  131.35795598  -80.77549865   -8.82646418  -69.0932211
   18.95605237]
Current x array =  [-0.66107829 -0.68073339 -0.69255886  0.8559574  -2.30040274 -1.60270874
 -0.67729961 -1.76431896 -0.67039303 -1.69390576 -3.36468657 -3.44978113
 -0.57348595 -0.60665067 -1.24845975 -1.21772974 -3.20050101 -1.47161768
 -1.43208003 -1.90236672 -0.89559539 -0.8340439 ]
log likelihood =  -52882.915725826504
Edge derivatives =  [-10.476987948018383, 100.59955144345521, 2.5400006657786003, 45.22227925183756, 13.778768813790187, 14.910232797685534, -33.69509603171632, -22.292836029875144, -11.750495686234542, 2.235835389733521, 19.021343805761152, -16.140992492717054, -9.617343364643059, -2.144547578642552, -24.021574870795565, -26.124806949107562]
other derivatives: [ -20.20024112   99.63405319  -55.31182978  -82.6883479  -118.27869457
   -9.21354513]
Current x array =  [-0.66609291 -0.6754711  -0.69523943  0.89604905 -2.26555067 -1.52831752
 -0.74951431 -1.62604687 -0.68400654 -1.60322352 -3.33938787 -3.42241472
 -0.58743487 -0.63060039 -1.24567004 -1.22226862 -3.16570701 -1.45885321
 -1.4342877  -1.87300816 -0.90946201 -0.85249383]
log likelihood =  -52846.860442542384
Edge derivatives =  [-11.977999537065422, 79.55524313454845, -5.960240931486899, 8.314460992873046, 8.879507508462577, 9.640660330476848, -1.1468498013291877, 11.923087020482685, -37.792255838590926, -10.436935998336251, 17.020786471207256, -49.18652968292834, -30.06746130498416, -38.69047180158043, -6.79940316549849, 0.6333413849559639]
other derivatives: [  79.95840861   85.95161489  -93.72379282 -160.99074855 -152.62630768
  -60.62473403]
Current x array =  [-0.67180877 -0.6731537  -0.69044706  0.93854246 -2.23926013 -1.44055822
 -0.90133445 -1.22434076 -0.69728928 -1.34976465 -3.26346387 -3.34190219
 -0.64457674 -0.69966005 -1.21994854 -1.2199292  -3.06508106 -1.41130809
 -1.42237799 -1.78438336 -0.94748479 -0.89985247]
log likelihood =  -52826.920460952446
Edge derivatives =  [-9.028365734962456, 25.62651070781531, -8.04222132820372, -35.06614890120977, 6.275622547272199, 7.173357188925956, -12.043919842887282, -3.009508208082928, -19.024720026252655, -16.30337892938616, 13.678414961368311, -28.657987428906576, -12.780590501887808, -37.780678679195795, 0.36394913043105714, 9.703442281161362]
other derivatives: [  54.07928256 -304.92446967  184.44043235 -163.15461835  -66.90097507
 -110.10852177]
Current x array =  [-0.66994404 -0.63346766 -0.72219859  0.93447779 -2.2778374  -1.3399557
 -1.06326994 -0.83356697 -0.72444931 -1.15528981 -3.19973041 -3.27259663
 -0.63903883 -0.70280811 -1.27702584 -1.237137   -2.96884152 -1.4674867
 -1.4765943  -1.79004129 -0.97057763 -0.92534283]
log likelihood =  -52803.91101408098
Edge derivatives =  [-19.710772342320663, 16.80421941177661, -9.153674692839976, -34.98552164540899, 7.774448880831014, 8.029556051626496, 13.900432106194605, 19.22034736408768, -13.16343097186734, -3.978178198207247, 15.90739272093006, -22.591650837052498, -5.868032624967492, -31.435982228060823, 16.62036540261532, 24.32430102728517]
other derivatives: [  67.08141882 -118.30707081  -16.36217348  -33.35881047  -51.57708074
  -64.88044164]
Current x array =  [-0.67188808 -0.65226647 -0.70106743  0.86499866 -2.29531226 -1.44632705
 -1.0587268  -0.78768783 -0.7194594  -1.14693251 -3.18841985 -3.26153689
 -0.66603115 -0.71886163 -1.26912886 -1.23723911 -2.95508705 -1.46372817
 -1.46906109 -1.78854327 -0.97994087 -0.93074636]
log likelihood =  -52796.01488052642
Edge derivatives =  [-24.668230163126626, 23.201687876285572, -5.341785089751399, -22.93987041454222, 9.474255153248516, 9.759804600795164, 13.22737689567486, 14.33417216788746, 0.27700035432692177, 4.146976424841525, 16.511507912045047, -4.636539118164341, 6.111382024420304, -14.768650994006562, 16.563170540030786, 18.710332368560994]
other derivatives: [ 16.63938747  -8.68458301  49.10907592  55.08773029  14.84440872
 -31.9108949 ]
Current x array =  [-0.66865667 -0.66482606 -0.70896542  0.81289937 -2.33487683 -1.53560294
 -1.0404218  -0.80599492 -0.71520177 -1.19047571 -3.18943669 -3.26321722
 -0.65419115 -0.69735403 -1.28037199 -1.23712685 -2.95391778 -1.48686776
 -1.47417386 -1.819663   -0.96825117 -0.91224252]
log likelihood =  -52792.74253193902
Edge derivatives =  [-24.99319326510562, 0.4182127359309129, -3.3172519911252607, -29.01967691505151, 9.213757856596034, 9.209709263980056, 14.748014880559898, 14.73616173783013, 8.028978046025632, 6.777419927637135, 15.246713918000635, 2.323916210871569, 12.883982204227763, -8.532090159389933, 15.945963705936514, 16.663048462526508]
other derivatives: [-61.97369657 -10.78442438 -84.90460459  59.85275493  35.1385097
 -25.34798114]
Current x array =  [-0.66405608 -0.66557631 -0.69457443  0.812141   -2.35013423 -1.57370949
 -1.08153517 -0.69119153 -0.71792867 -1.15750747 -3.16540949 -3.2380375
 -0.65211338 -0.69187284 -1.28715783 -1.23508676 -2.91797821 -1.49873462
 -1.47715728 -1.8275314  -0.96411739 -0.90574291]
log likelihood =  -52789.23882592977
Edge derivatives =  [-26.595588542029745, -7.032509668774285, -3.581214144625937, -27.734354732905135, 8.575169086608657, 8.822689695551961, 13.902664392583736, 11.51055647035691, 7.514139952239864, 4.844473684918128, 13.93794668479483, 4.41916938126968, 11.889905829369342, -5.229201578390826, 10.654783053700834, 9.235250826948622]
other derivatives: [-59.1877324   24.24203558 -27.71921572  37.14376362  22.74318831
 -15.41193342]
Current x array =  [-0.66405678 -0.66983087 -0.69986638  0.82491973 -2.34600863 -1.62128996
 -1.09600554 -0.65439885 -0.71660156 -1.16417011 -3.15367662 -3.22612348
 -0.64841319 -0.68418954 -1.28363996 -1.22965395 -2.90018094 -1.50043467
 -1.46991928 -1.83510046 -0.9548344  -0.89435322]
log likelihood =  -52786.374908292935
Edge derivatives =  [-29.554423249790755, -0.44752327376181, -2.206330235592246, -10.378317450217482, 7.462211938087925, 8.14423870043207, 0.9935029775008084, -7.094614434214051, 3.808202754270089, -0.7776848624137414, 10.051559259239463, 7.343703882585037, 5.445727522983499, 6.137563142417507, -12.741686658487218, -21.394979416888717]
other derivatives: [ -83.56291801 -103.32369129  -37.61815606  -11.78705133  -11.56658982
   12.24325388]
Current x array =  [-0.66339716 -0.65802428 -0.69678118  0.85391524 -2.33148616 -1.77209492
 -1.1079041  -0.66557143 -0.71132085 -1.25083739 -3.13765362 -3.21071545
 -0.62465259 -0.64986882 -1.26834638 -1.21363231 -2.87332429 -1.501607
 -1.44179929 -1.86731785 -0.91874224 -0.85183225]
log likelihood =  -52789.23699893227
Edge derivatives =  [-18.510953415192127, -19.759586899411083, 7.1510191853968275, -10.101178524339403, 6.9782512714438125, 7.621045465871587, 5.333342630399776, -1.8347446800795153, 7.727064713165447, 1.0071150853821396, 9.31367104716058, 11.509753374121333, 7.9238628340011585, 8.396233719031468, -7.813604134217834, -11.925876355303703]
other derivatives: [366.92581489  45.05054676  27.84654498 -40.11453711  31.94872988
   8.82646418]
Current x array =  [-0.69051707 -0.67196969 -0.70281288  0.85770479 -2.34763994 -1.78195683
 -1.16528802 -0.56610711 -0.71473883 -1.22601974 -3.11101858 -3.18255112
 -0.61798487 -0.6464191  -1.26865561 -1.20956661 -2.83410084 -1.50353357
 -1.43771915 -1.86709727 -0.91921502 -0.85606201]
log likelihood =  -52785.31356615586
Edge derivatives =  [-25.728350425036353, -6.715621447700152, 0.9891858936545322, -10.286707215552456, 7.2981259952994275, 7.965129694504603, 2.459705057325117, -5.314292915684082, 5.148192600133614, -0.17075705258126378, 9.805951240676599, 8.759551374503607, 6.2922531059190625, 6.905183512210514, -11.070709968040989, -18.16542548777109]
other derivatives: [ 74.12600098 -51.75097613 -15.3973815  -21.70418156   3.44152795
  11.0034307 ]
Current x array =  [-0.67262012 -0.66276684 -0.69883245  0.85520399 -2.33697975 -1.77544877
 -1.12741928 -0.63174551 -0.71248324 -1.24239738 -3.12859555 -3.2011373
 -0.62238502 -0.64869564 -1.26845154 -1.21224964 -2.85998514 -1.50226219
 -1.44041171 -1.86724283 -0.91890302 -0.85327071]
log likelihood =  -52784.593040473024
Edge derivatives =  [-24.665291819312255, -9.020596514914319, 0.3009453858712932, -13.69249557539182, 7.149294787539875, 7.8023488363527145, 4.759030939468436, -1.5530647316467248, 3.647340864296085, -0.04949674342123239, 10.300069969811794, 6.255481220588743, 5.3741349258324975, 3.5288551694459835, -6.924355434099343, -12.060333324731392]
other derivatives: [ 32.6159352    5.44896466   2.36104825 -14.59775376  -1.00626494
   6.28861017]
Current x array =  [-0.66980241 -0.66865337 -0.70104201  0.85212886 -2.33534669 -1.74995202
 -1.13200575 -0.6252039  -0.71373575 -1.22657409 -3.1286992  -3.20100749
 -0.62734415 -0.65656362 -1.26817101 -1.2144256  -2.86106856 -1.4983769
 -1.44234614 -1.85875614 -0.92612154 -0.86256105]
log likelihood =  -52784.10411671155
Edge derivatives =  [-22.203415065296934, -9.941047132237014, 0.8867770419722256, -13.703012872942008, 6.856739764853614, 7.524853517848861, 3.655479533533262, -1.6423672382193706, 2.4625767460864805, -0.523807580137196, 10.152838448833812, 4.873750411979174, 3.9850529151575, 2.4206776032523223, -5.932781572458727, -9.53086443654888]
other derivatives: [ 14.6246748   20.82888386  11.7579475  -11.7928721   -2.9183866
   4.23024176]
Current x array =  [-0.66861741 -0.67027039 -0.7021649   0.85074137 -2.33441285 -1.74387345
 -1.14450366 -0.61949206 -0.71497725 -1.22640345 -3.12499922 -3.19698618
 -0.62600141 -0.65773521 -1.26725206 -1.2147496  -2.85569618 -1.49635098
 -1.44095637 -1.85681224 -0.9284807  -0.8667487 ]
log likelihood =  -52782.49313346324
Edge derivatives =  [-9.81126110779401, -9.733642363431658, 4.894431825115006, -9.30881681611564, 5.525501192057569, 6.213579001160397, -2.994127845780938, -3.6639626961011302, -2.68212425858756, -2.555172341046266, 9.111890290621083, -0.8904866315737258, -2.7682436404816313, -0.7346258457739615, -2.935262551086937, 0.046074901557595915]
other derivatives: [-25.79909051  43.67320798  24.93907232   0.85419742  -5.22122718
  -2.19151843]
Current x array =  [-0.6659957  -0.67259206 -0.70403177  0.84336563 -2.33192097 -1.73348727
 -1.20489294 -0.60636999 -0.71925038 -1.24430749 -3.10621025 -3.17670845
 -0.61557455 -0.65858886 -1.26172741 -1.21490878 -2.82768705 -1.48739805
 -1.43127393 -1.85295976 -0.93610408 -0.88233639]
log likelihood =  -52781.69434216548
Edge derivatives =  [-1.4901952096245692, -6.7826359829567435, 6.915853656033601, -3.352357534435634, 4.609096464492339, 5.266905922503862, -5.170331925050674, -3.543316450221275, -4.846324694568972, -3.1924682631069, 7.999552936077435, -3.5513642533903735, -6.072440151932852, -0.941859335764736, -1.197950291384992, 3.8391545033975074]
other derivatives: [-24.0157533   26.32223186  17.09995558   2.84708221  -0.32305252
  -2.63025868]
Current x array =  [-0.66600609 -0.67058491 -0.70338099  0.84083351 -2.33175378 -1.74404164
 -1.24621923 -0.60517911 -0.71745272 -1.26869065 -3.09041888 -3.15972545
 -0.6096401  -0.65853887 -1.25870283 -1.2148651  -2.80345869 -1.48299536
 -1.42471787 -1.85416046 -0.93967754 -0.88834485]
log likelihood =  -52781.13300284589
Edge derivatives =  [4.232961864488327, -2.6143297280835673, 3.698279555726198, 1.4635429446089327, 3.8968328600930286, 4.363986095464464, -3.558277838852101, -1.105467297504917, -3.184820700014147, -1.485163393600574, 6.510219325552856, -3.533588914471327, -4.070897202172648, 0.4625415983756567, 0.39616793658934346, 2.766288328845778]
other derivatives: [-2.67464202 12.15521479 -8.34843377  6.50034053 -4.9258233  -0.93132257]
Current x array =  [-0.66734774 -0.66859449 -0.70100931  0.83817754 -2.32709798 -1.75662323
 -1.27687245 -0.61284316 -0.7065545  -1.2910828  -3.07285007 -3.14049384
 -0.61038237 -0.66146832 -1.26237638 -1.21841426 -2.77544078 -1.48451559
 -1.42734485 -1.85613392 -0.94356241 -0.88848799]
log likelihood =  -52781.019429748005
Edge derivatives =  [6.418102066384157, -3.582120719747958, -0.3585873093279044, 2.9037203077606, 3.1327843688218984, 3.5811592154108083, -0.07443101968549948, 1.0009870702080685, -0.859189553268171, -0.8788213377194546, 4.969461739073128, -1.8005719910358242, -1.1704023928057694, 1.5912982598211651, 1.2407464661419372, 0.31750157896466347]
other derivatives: [  3.65762389 -38.39450073  18.25173968   2.27446435   5.78947947
   0.84401108]
Current x array =  [-0.66767609 -0.66325922 -0.70389755  0.83906383 -2.33035987 -1.76651532
 -1.29528844 -0.60491563 -0.69697701 -1.29708568 -3.05733812 -3.12352659
 -0.61357402 -0.66376627 -1.26833969 -1.2214951  -2.75077769 -1.4897596
 -1.43320992 -1.85745764 -0.94579091 -0.88644315]
log likelihood =  -52780.88144319695
Edge derivatives =  [5.901049094214468, -1.2236799083705354, -1.0844870320204314, 3.4122644779271782, 3.3120491123278986, 3.677298369044485, 0.7501205263546029, 1.6736663280435422, 0.2410627108109431, 0.23887806362222253, 4.9708620473113445, -1.1132040876567313, 0.2727771602925803, 2.2392743015619976, 0.748807984283566, -1.2606764906071337]
other derivatives: [  7.08096195 -11.32211764  -1.62981451   0.37252903  -0.14551915
   1.82917574]
Current x array =  [-0.66782381 -0.66594619 -0.70181549  0.84049043 -2.32755149 -1.76888483
 -1.28904954 -0.61434862 -0.69468261 -1.29994458 -3.05772719 -3.12385351
 -0.61492738 -0.66384698 -1.26923256 -1.22215727 -2.75100106 -1.49078239
 -1.43467939 -1.8577737  -0.94491954 -0.88412288]
log likelihood =  -52780.82606279137
Edge derivatives =  [5.170042502053625, -0.8917123926724245, -2.061653609102967, 2.6731738196131793, 3.352301467023746, 3.6735828814173153, 1.924633064129795, 2.4975190082822705, 1.127597530702182, 0.873278212300493, 4.922259729081812, -0.5123132379563491, 1.5530849278232803, 2.1386848389929067, 0.9320475864852298, -1.6769791020494267]
other derivatives: [ 6.14381861 -1.89975253 -5.34055289 -0.48821676 -1.02882041  1.71858119]
Current x array =  [-0.66772285 -0.66688668 -0.70146017  0.84110438 -2.32714904 -1.76551634
 -1.28394189 -0.6170852  -0.69306447 -1.29653695 -3.05707778 -3.12301119
 -0.61699462 -0.66488887 -1.27089362 -1.22320826 -2.74983477 -1.49227667
 -1.43725212 -1.85651336 -0.94534415 -0.88371624]
log likelihood =  -52780.737866854244
Edge derivatives =  [4.2053716964263135, -0.9328410694525167, -3.9379587682808896, 1.3625879979806905, 3.1488525624833206, 3.4093417712485388, 3.442204260343714, 3.2776053193256995, 2.5031390521822017, 1.6159301395903565, 4.402088175905808, 0.6188952827773144, 3.520488074342108, 1.7466644314454491, 0.9277136093935351, -2.3187250044950227]
other derivatives: [ 0.36234269  9.36197466 -3.04498826 -1.94777385 -1.26601662  1.39916665]
Current x array =  [-0.66730655 -0.66807473 -0.70173163  0.84208569 -2.32723125 -1.76070041
 -1.27834419 -0.61891319 -0.69001061 -1.29068367 -3.05171805 -3.11694348
 -0.61977222 -0.6658986  -1.2740571  -1.22505948 -2.74130444 -1.49563841
 -1.44158782 -1.85387363 -0.94605944 -0.88352399]
log likelihood =  -52780.63415164885
Edge derivatives =  [3.3611465792036936, -1.4008124398380855, -5.387062344096658, -0.23806688126776787, 2.6831161125945457, 2.8736739159861293, 3.9152201140235916, 3.1942651857077173, 3.194661874571704, 1.8416301323740925, 3.5362996745791357, 1.3649996937582034, 4.60455016738449, 0.6835578554982142, 0.7764450970326728, -1.9301370127390172]
other derivatives: [-3.62488208 12.38440746 -3.3134711  -1.48284016 -1.38461473  0.43655746]
Current x array =  [-0.66709536 -0.66845581 -0.70167914  0.84212778 -2.32762708 -1.75445218
 -1.27383218 -0.61921731 -0.68824726 -1.28367613 -3.04266765 -3.10683949
 -0.62132442 -0.66604163 -1.27651363 -1.22662085 -2.72731969 -1.4989018
 -1.44476445 -1.84986794 -0.94707846 -0.88510402]
log likelihood =  -52780.711725067595
Edge derivatives =  [0.834565611636911, 2.8585683284587984, -4.818710965783174, -0.4754909303894594, 0.9901938200303134, 1.241637477426084, -0.9963490225936357, -3.3218970757004707, 1.9148533089928128, 0.2020259175495428, 0.4199059938037457, 3.125638916423563, 2.9967694723990723, -0.7559904123556571, -3.6217841381579046, -4.252506501159729]
other derivatives: [-6.14745659 47.74410627 57.79002095 -3.71510396 -6.62766979  1.29875843]
Current x array =  [-0.66694932 -0.67263455 -0.70773671  0.84349554 -2.32697177 -1.75999631
 -1.2556121  -0.63769923 -0.69121064 -1.28670079 -3.01580967 -3.07718753
 -0.61565845 -0.65686691 -1.27697235 -1.22669485 -2.68608048 -1.50619527
 -1.44293533 -1.84631971 -0.94382808 -0.88480416]
log likelihood =  -52780.54490233776
Edge derivatives =  [2.303045537384346, 0.42084379600152866, -5.1396082833962256, -0.33575512424912224, 1.9771486979572475, 2.193617580500367, 1.8447547340693586, 0.4501563603323908, 2.6569915490360003, 1.151668622076676, 2.2458572876858467, 2.1226125056614795, 3.9287128613914644, 0.07810960254077076, -1.0768784135255873, -2.9045985182055536]
other derivatives: [-4.67553036 27.37360774 22.57147571 -2.43453542 -3.57467798  0.80181053]
Current x array =  [-0.66703365 -0.67022152 -0.70423874  0.84270572 -2.32735018 -1.75679483
 -1.26613337 -0.62702676 -0.68949942 -1.28495419 -3.03131894 -3.0943102
 -0.61893029 -0.66216489 -1.27670746 -1.22665212 -2.70989426 -1.50198362
 -1.44399156 -1.84836865 -0.94570503 -0.88497732]
log likelihood =  -52780.40849983871
Edge derivatives =  [1.0709916427693602, 0.19571424247221034, -5.275188908631716, -1.7043015268416588, 1.0728139980413782, 1.1989515284408092, 0.2932388100800154, -1.5535734531978065, 2.4664428271373393, 0.5986207485312824, 0.6221357346829489, 2.5868537897847985, 3.6358868300969727, -1.283377028608686, -2.140711259844615, -2.275082908541306]
other derivatives: [-23.2248567   10.11358108   7.28177838  -0.38780854  -2.62880349
  -0.03201421]
Current x array =  [-0.66610548 -0.66867037 -0.70245914  0.84232699 -2.32882665 -1.75363073
 -1.25944497 -0.62838005 -0.69072711 -1.27956924 -3.01607181 -3.07744594
 -0.61775184 -0.6595686  -1.27775321 -1.22731105 -2.68673156 -1.50570871
 -1.44444475 -1.84423709 -0.94600618 -0.88737951]
log likelihood =  -52780.37714450139
Edge derivatives =  [0.841851326958189, -0.13873355012596836, -3.0325241884186105, -2.1806951043720497, 0.49172959969748076, 0.5576969325550193, -0.9634587290384017, -2.6950108845202383, 1.8000434778697696, 0.14938083766788957, -0.327835082011752, 2.659737658345884, 2.5355882002971257, -2.287255081035909, -2.1189278035556045, -0.019191193379526017]
other derivatives: [28.94958016  1.22890924 -0.48748916 -0.9618816   2.36395863 -1.09357643]
Current x array =  [-0.66939175 -0.66768013 -0.70141816  0.84166202 -2.33089982 -1.75044932
 -1.25517101 -0.62700773 -0.69482605 -1.27538687 -3.00569668 -3.06600858
 -0.61551185 -0.65730128 -1.27682772 -1.22696826 -2.67143387 -1.50692027
 -1.44243384 -1.84151535 -0.94649953 -0.890526  ]
log likelihood =  -52780.32962319957
Edge derivatives =  [1.2745501582189613, 0.41532730804616136, -2.242259128412686, -1.223616319010992, 0.5657803204762017, 0.6814166422157191, -2.0853954268274766, -3.3840148686802536, 0.8600077309564431, -0.3807016372895571, -0.07952734505769637, 1.8814234717227778, 1.2561497258393408, -1.9745740269885173, -2.3983633577746137, -0.27072794059600336]
other derivatives: [ 0.91167749 -0.78289304 -0.79598976  0.40963641  0.56097633 -0.60463208]
Current x array =  [-0.66769112 -0.66758926 -0.70141498  0.84139651 -2.33033062 -1.75448743
 -1.25808184 -0.62822231 -0.69639172 -1.28062786 -3.00855905 -3.06925133
 -0.61387608 -0.65667708 -1.27493228 -1.22594686 -2.67597691 -1.5049379
 -1.43976144 -1.8434939  -0.94597023 -0.89018373]
log likelihood =  -52780.323517139695
Edge derivatives =  [1.4293519124342584, 0.6460826218630281, -1.6710331982807238, -0.8166285377884362, 0.582549038104645, 0.7137430884227856, -2.3132341057675423, -3.40566421457006, 0.48480109321405396, -0.5301716668926801, 0.006809393618649046, 1.567287883508334, 0.7319476103134133, -1.8326689297360885, -2.290581676355485, -0.19229775974151703]
other derivatives: [-0.92259143 -0.8418283  -0.61045284  0.52386895  0.39290171 -0.43146429]
Current x array =  [-0.66757554 -0.66758616 -0.70143565  0.84131174 -2.33016973 -1.7558085
 -1.25863972 -0.62869321 -0.69739497 -1.28244677 -3.00926818 -3.07005636
 -0.61337704 -0.65665844 -1.27411727 -1.2255911  -2.67723358 -1.50408681
 -1.43859082 -1.84430314 -0.9460044  -0.89020327]
log likelihood =  -52780.29787417699
Edge derivatives =  [1.2140591061032964, 0.6180477749249036, -0.3825130746808658, -0.3226551271710345, 0.4040828938811329, 0.5480017975246916, -1.1843826911738402, -1.7861419585544194, -0.2327516872931737, -0.6039536869978595, -0.09462477772871557, 0.6703700149340943, -0.17697481722224312, -1.5405884921784632, -0.9090082747207644, 0.22523154543475077]
other derivatives: [-2.48255674 -0.72614057  0.81781764 -0.01600711  0.77925506 -0.13460522]
Current x array =  [-0.66744034 -0.66755013 -0.70162289  0.84140154 -2.32977245 -1.75656126
 -1.25690707 -0.62870816 -0.70024013 -1.28394148 -3.00711824 -3.06763547
 -0.61447803 -0.6590562  -1.27292499 -1.2257409  -2.67494946 -1.50233481
 -1.43670897 -1.84596605 -0.94803643 -0.89093706]
log likelihood =  -52780.29836206745
Edge derivatives =  [-0.15920223451179707, 1.4548610112071803, -0.586947230680282, 0.13027781799980676, 0.2878774593219866, 0.40339609129521753, 0.5705739087900636, 0.33361387309158275, -0.12209020376137864, 0.02914689587989161, -0.2674178059388541, -0.06844194910892715, 0.16036820114796058, -0.23030414214337813, -0.0845305219760395, -1.5463281304793568]
other derivatives: [ 0.961154   -3.24944267 -1.41808414  0.06257324 -5.01822797  1.03973434]
Current x array =  [-0.66770905 -0.66710669 -0.70147641  0.84163583 -2.3263978  -1.75839504
 -1.24923053 -0.6342595  -0.70117431 -1.28719188 -3.00512877 -3.06515739
 -0.61714671 -0.66264115 -1.27330161 -1.22720508 -2.67354052 -1.50113202
 -1.4368576  -1.84999323 -0.94968686 -0.88921461]
log likelihood =  -52780.28995959039
Edge derivatives =  [0.53986522416833, 1.0316975427589974, -0.48364579965258836, -0.0994758001994327, 0.3469114410852833, 0.47684835519176044, -0.32059208960290947, -0.7424256501784217, -0.1783573266468893, -0.2920111449317671, -0.17973200670064107, 0.3066362595310386, -0.010855172262532298, -0.8944697250941516, -0.502710672014846, -0.6469027907856137]
other derivatives: [-0.78434823 -1.96814653 -0.28376235  0.02182787 -2.07219273  0.44383341]
Current x array =  [-0.6675727  -0.6673317  -0.70155073  0.84151695 -2.32811016 -1.75746454
 -1.25312574 -0.63144265 -0.70070029 -1.28554257 -3.00613826 -3.06641481
 -0.61579257 -0.66082208 -1.27311051 -1.22646213 -2.67425544 -1.50174234
 -1.43678218 -1.84794977 -0.9488494  -0.89008861]
log likelihood =  -52780.28882714851
Edge derivatives =  [0.21998478341184494, 0.19358870327506444, 0.9157740251161883, 0.030360535126453994, 0.016506579901559404, 0.10806953433779799, 0.505945489193671, 0.7454507275311628, -0.2759732668301098, 0.05531102126872117, -0.5771762267424275, -0.3527784626326465, -0.3116546014112841, -0.39940588246298697, 0.7119432813182519, 0.5519561357327438]
other derivatives: [ 1.58470357  5.62140485 -5.25542418  0.96551958  0.81126927  0.24301698]
Current x array =  [-0.66766655 -0.66811076 -0.70107316  0.84071957 -2.32927721 -1.75616023
 -1.25079092 -0.62846944 -0.70348063 -1.2846978  -3.00028307 -3.05977424
 -0.61625702 -0.66269514 -1.27286925 -1.22721037 -2.66713823 -1.50081494
 -1.43569497 -1.8495844  -0.95075652 -0.89182549]
log likelihood =  -52780.284775083564
Edge derivatives =  [0.15299356887657367, 0.10791620565187163, 0.23635090236378714, -0.16413336312088683, 0.09152112397811929, 0.2114080857226269, 0.5717008467322313, 0.5547240730568352, -0.26553312795560946, -0.1196323566149951, -0.4335013579789522, -0.2632684728515534, -0.1918024419401287, -0.48902590226735393, 0.5084281309822231, 0.18577738855355752]
other derivatives: [ 0.82945917 -4.01923899  2.85799615  0.24156179  0.91822585  0.26120688]
Current x array =  [-0.66763787 -0.6671036  -0.70192203  0.8410948  -2.32921664 -1.75577671
 -1.25124113 -0.62838666 -0.70249937 -1.28435039 -3.00214414 -3.06181768
 -0.6165655  -0.66273983 -1.27322609 -1.22723963 -2.66983193 -1.50098293
 -1.43638311 -1.84948765 -0.95047574 -0.89140379]
log likelihood =  -52780.28286095519
Edge derivatives =  [0.24435662303657427, 0.2904436043388525, 0.0702702087424195, -0.12106954673841167, 0.16491141283395858, 0.2776223768008741, 0.35755522847701265, 0.31151325134529895, -0.0918774407449926, -0.018942636848162442, -0.36304371896966436, -0.09588567866759368, 0.012671361226547384, -0.4376334629113632, 0.24992823188380076, -0.00043537035069735053]
other derivatives: [ 0.40818122 -0.09822543  0.15934347  0.3092282   0.08803909  0.30195224]
Current x array =  [-0.66760903 -0.66751077 -0.7016401   0.84115049 -2.32894821 -1.75610825
 -1.25158603 -0.62896636 -0.70196285 -1.28469786 -3.00298922 -3.06276073
 -0.61633605 -0.66229758 -1.27334261 -1.22716412 -2.67092017 -1.5011813
 -1.43660739 -1.84940323 -0.95002582 -0.89105376]
log likelihood =  -52780.28259242562
Edge derivatives =  [0.21901410600479188, 0.258165138806544, 0.05831751383548742, -0.12121168515684493, 0.1609255841121078, 0.27179782717119777, 0.2900400776881348, 0.2649665294368877, -0.058532810610564256, 0.0017838745299008085, -0.36591634092572806, -0.09476991626938497, 0.041494999664537735, -0.37771539837909035, 0.20096643173876738, -0.006075763662400813]
other derivatives: [ 0.31795935  0.05602487 -0.09531504  0.30777301  0.03637979  0.2924935 ]
Current x array =  [-0.66760469 -0.66752791 -0.7016139   0.84116582 -2.32894619 -1.75605
 -1.2514706  -0.62888685 -0.70194826 -1.2847422  -3.00289154 -3.06262772
 -0.61624675 -0.66223982 -1.27339081 -1.22719794 -2.67093139 -1.50119488
 -1.43662583 -1.84956901 -0.94996219 -0.89104834]
log likelihood =  -52780.28137246731
Edge derivatives =  [0.032382058844397016, -0.03404148058596693, -0.021562663754231604, -0.08510284265934014, 0.13748689395568284, 0.24091203066416894, -0.13395659615649846, -0.003893112964416412, 0.14869885170033031, 0.1209425976943252, -0.33774387331931083, -0.11469263749007008, 0.19992439846699062, 0.1155042559243209, -0.09397938655328808, -0.033823485330178815]
other derivatives: [-0.03710738  0.23574103 -0.43146429 -0.00363798 -0.12223609  0.21536835]
Current x array =  [-0.66758455 -0.66755089 -0.70158512  0.84139374 -2.32897368 -1.75551255
 -1.25065511 -0.62808573 -0.70186645 -1.2852199  -3.00241095 -3.06186113
 -0.61565501 -0.66194025 -1.27369913 -1.22743145 -2.67172417 -1.50120213
 -1.43667886 -1.85104068 -0.94954551 -0.89100107]
log likelihood =  -52780.28091698623
Edge derivatives =  [-0.04596203159952805, -0.09545180481325058, -0.06818200433503704, -0.05005959873293124, 0.09995980529013661, 0.20439618224482414, -0.13873869190616078, -0.06409733255725825, 0.07593722483010867, 0.029871931737033786, -0.2993364137452372, -0.03849308757631115, 0.0785412113002612, 0.17197368877276076, -0.09701657281953269, -0.058486739932002096]
other derivatives: [ 0.1542503   1.01790647  0.74433046  0.03929017 -0.24447218  0.12951205]
Current x array =  [-0.66759592 -0.66763741 -0.70170369  0.84138076 -2.32894703 -1.75501482
 -1.25017351 -0.6280292  -0.70183113 -1.28549679 -3.00195625 -3.06113743
 -0.61569523 -0.66185745 -1.27362304 -1.2273698  -2.67237266 -1.50142255
 -1.4364569  -1.85135327 -0.94953548 -0.89097202]
log likelihood =  -52780.28036728625
Edge derivatives =  [-0.12880333287378126, -0.18239895105250417, -0.12218333157985078, 0.029018304229975006, 0.0470682661871388, 0.1489427706154804, -0.12070838854264276, -0.15656209443601732, -0.06818722426415291, -0.14758818807623075, -0.20541263687827555, 0.09897646366796192, -0.16179008653332183, 0.21514042374495168, -0.07266515216107816, -0.06242765865957817]
other derivatives: [ 0.02255547 -0.23865141  0.19790605  0.06621121 -0.18044375 -0.04074536]
Current x array =  [-0.66759678 -0.66751481 -0.70163355  0.84139177 -2.32899432 -1.75412689
 -1.24955048 -0.62794128 -0.70176891 -1.28598174 -3.00134708 -3.06006104
 -0.61579971 -0.66169489 -1.27342615 -1.2272009  -2.673844   -1.50181502
 -1.43602536 -1.85173447 -0.94952957 -0.89094132]
log likelihood =  -52780.280192417165
Edge derivatives =  [-0.11664078760040572, -0.10845341162171523, -0.14333115833868948, 0.04403197691208692, 0.03992290003988812, 0.13967062642868, 0.03172444544788067, -0.08137413120769299, -0.10136718122127447, -0.16776865196783014, -0.1663628353459448, 0.15908463631676606, -0.18640669135317461, 0.13028610558066023, -0.002658932211826892, -0.07766296774438919]
other derivatives: [-0.56970748 -0.12369128  0.3259629  -0.02910383 -0.05675247 -0.06402843]
Current x array =  [-0.66755449 -0.66752661 -0.70164718  0.84143282 -2.32901706 -1.75389958
 -1.24944366 -0.62823142 -0.701704   -1.28600088 -3.00126352 -3.05982669
 -0.61603115 -0.66176023 -1.27340221 -1.22719741 -2.67437212 -1.50195454
 -1.43604385 -1.85150103 -0.94960034 -0.89090341]
log likelihood =  -52780.28041255354
Edge derivatives =  [-0.01601742341995127, 0.06789888514042747, -0.1038208757114692, 0.1064662907178594, 0.043339120613287124, 0.13269455739734987, 0.27788008199818165, 0.04075494658244527, -0.09918218189660355, -0.13298804648518048, -0.0667591729435382, 0.29620643827548737, -0.1585761906505812, -0.021478008245563063, 0.11184994628853584, -0.014203920584116958]
other derivatives: [ 3.26763256  0.34779077 -0.0851287  -0.39653969  0.41618478 -0.12296368]
Current x array =  [-0.66777476 -0.66755245 -0.70159958  0.84151261 -2.32910343 -1.75347301
 -1.24942075 -0.6287602  -0.70158797 -1.28603301 -3.00116366 -3.05939554
 -0.616336   -0.6617755  -1.27339922 -1.22722538 -2.67561391 -1.50218808
 -1.43615191 -1.8509848  -0.94963764 -0.89086498]
log likelihood =  -52780.28011242706
Edge derivatives =  [-0.08238895183588546, -0.04840586963993457, -0.12988152731490435, 0.06528483422124942, 0.04108628162734369, 0.13729715352541355, 0.11553034242888738, -0.03980103519463807, -0.1006245146164324, -0.1559280228808269, -0.13243224676177712, 0.20576684477614132, -0.17693202609157804, 0.07863288098435306, 0.03632212301574622, -0.05605927026238228]
other derivatives: [ 0.73632691  0.03565219  0.18553692 -0.1549779   0.10404619 -0.08440111]
Current x array =  [-0.66762948 -0.66753541 -0.70163098  0.84145998 -2.32904646 -1.75375437
 -1.24943586 -0.62841142 -0.7016645  -1.28601182 -3.00122953 -3.05967992
 -0.61613493 -0.66176543 -1.27340119 -1.22720693 -2.67479485 -1.50203404
 -1.43608064 -1.85132529 -0.94961304 -0.89089033]
      fun: 52780.28011242706
 hess_inv: <22x22 LbfgsInvHessProduct with dtype=float64>
      jac: array([-0.73632691, -0.03565219, -0.18553692,  0.1549779 , -0.10404619,
        0.08440111,  0.08238895,  0.04840587,  0.12988153, -0.06528483,
       -0.04108628, -0.13729715, -0.11553034,  0.03980104,  0.10062451,
        0.15592802,  0.13243225, -0.20576684,  0.17693203, -0.07863288,
       -0.03632212,  0.05605927])
  message: b'CONVERGENCE: REL_REDUCTION_OF_F_<=_FACTR*EPSMCH'
     nfev: 66
      nit: 54
   status: 0
  success: True
        x: array([-0.66762948, -0.66753541, -0.70163098,  0.84145998, -2.32904646,
       -1.75375437, -1.24943586, -0.62841142, -0.7016645 , -1.28601182,
       -3.00122953, -3.05967992, -0.61613493, -0.66176543, -1.27340119,
       -1.22720693, -2.67479485, -1.50203404, -1.43608064, -1.85132529,
       -0.94961304, -0.89089033])
