number of sites to be analyzed:  245
log likelihood =  -5672.691620515972
Edge derivatives =  [67.86366903641476, 86.94077410362753, 245.4051527616131, 254.28063843695108]
other derivatives: [ 183.36677385  148.05264072 -141.1903213    31.10681064  222.92315407
    3.71092028]
Current x array =  [-0.60890608 -0.71796486 -0.71364217  0.         -4.60517019 -4.60517019
 -4.60517019 -4.60517019 -4.60517019 -4.60517019]
log likelihood =  -5235.525395276131
Edge derivatives =  [64.84275771302674, 84.28758854779717, 242.9421181860717, 254.48713246280644]
other derivatives: [141.34384401 141.69372662 -57.0346856   11.7581294  209.51238184
   3.43961801]
Current x array =  [-0.60767959 -0.71649905 -1.02347717  0.06826232 -4.11597663 -4.59702676
 -4.45624681 -4.41438307 -4.06664102 -4.04716422]
log likelihood =  -3921.052032122244
Edge derivatives =  [35.78481868246978, 64.59920783888764, 189.41885444055117, 201.83530849783872]
other derivatives: [-161.0905656    91.77474567  180.82982933   13.66679498   35.02013897
    2.29329089]
Current x array =  [-0.60277362 -0.71063579 -2.26281718  0.34131159 -2.15920239 -4.56445305
 -3.86055328 -3.65123458 -1.91252436 -1.81514034]
log likelihood =  -8384.685121921579
Edge derivatives =  [-2.858479521751054e-08, -6.090181892835491e-08, -1.2325834442502776e-05, -1.6784200140896909e-09]
other derivatives: [1514.55333253 -617.60729295  779.41185737  115.85871107  219.70918169
  256.84494176]
Current x array =  [-2.6232997  -0.45375829 -2.96479183  0.95039385  1.67133227 -4.48616208
 -2.48106627 -1.72467871  3.58560805  3.92911054]
log likelihood =  -3733.011634010011
Edge derivatives =  [23.04071507944939, 54.1060446362944, 138.3903347160348, 145.59561712548805]
other derivatives: [132.45899027  40.29961929 195.29470592  18.32545422 -13.95496838
   2.16459739]
Current x array =  [-0.7896346  -0.68687941 -2.32773674  0.39764034 -1.80494938 -4.5572126
 -3.73297646 -3.4730641  -1.40404966 -1.28390427]
log likelihood =  -3569.547886015892
Edge derivatives =  [0.8237235566918589, 26.170400852455458, -57.91489954980247, -84.98435524400446]
other derivatives: [ 131.60661183  -48.39794201  305.00405046   -6.57082637 -111.53356354
    3.31701813]
Current x array =  [-0.63434999 -0.65717987 -2.18083799  0.54321511 -1.16100809 -4.53967289
 -3.45734017 -3.04956065 -0.24343956 -0.07367654]
log likelihood =  -3304.821752972152
Edge derivatives =  [5.807805577154751, 32.410593726770855, 23.755382645802584, 18.649153565557622]
other derivatives: [-339.07922443 -164.72749849  144.84594431    1.66814971  -86.90426512
    2.0850166 ]
Current x array =  [-0.460416   -0.5355504  -1.11569358  0.5201233  -1.44806037 -4.52751978
 -3.42216928 -2.92185574 -0.2891633  -0.19739331]
log likelihood =  -3801.7722116104123
Edge derivatives =  [2.674069198206078, 44.06127299954408, -16.175557821962567, -42.85250112036635]
other derivatives: [ 1.79451399e+02 -1.12882844e+02 -6.26992296e+03 -1.21305675e+01
 -4.85834335e+01  3.31801857e+00]
Current x array =  [-0.69503349 -0.61277853 -0.05        0.51959513 -1.86353275 -4.51075394
 -3.35532774 -2.69478298 -0.13961625 -0.11956027]
log likelihood =  -3232.6593096174115
Edge derivatives =  [6.6992561706179, 33.637973353533944, 41.80333913989456, 37.899607121637075]
other derivatives: [-101.40151971 -122.82484931  -29.52824616    1.76664798  -65.81062735
    1.65277925]
Current x array =  [-0.55259046 -0.56589111 -0.69701326  0.51991579 -1.6112875  -4.52093297
 -3.39590916 -2.83264539 -0.23041057 -0.16681495]
log likelihood =  -3205.112652639138
Edge derivatives =  [5.612882112735359, 30.638825167990447, 31.551582800619034, 27.43558702251859]
other derivatives: [  9.9821591   -1.32831701 -26.01009328   4.27799023 -64.08686204
   1.58897819]
Current x array =  [-0.61117225 -0.70731705 -0.68985324  0.5300596  -1.69671477 -4.51644626
 -3.36747357 -2.74845325 -0.10442616 -0.05024514]
log likelihood =  -3191.308666299685
Edge derivatives =  [3.2363660827692113, 24.770667525094158, 1.1073839380016013, -4.030012358502149]
other derivatives: [ 25.12142601  35.88143045 -71.85481081   7.1323484  -72.14330253
   1.61144271]
Current x array =  [-0.62502983 -0.7778512  -0.61799232  0.55291318 -1.82051825 -4.50885153
 -3.31633147 -2.60563252  0.11271537  0.15308382]
log likelihood =  -3177.191599252213
Edge derivatives =  [2.6534299026712382, 21.369666152607714, 1.216153879477658, 1.8698283342891617]
other derivatives: [176.76006792  44.93399501  73.30354492  -8.31942089  -5.69639269
   1.39693839]
Current x array =  [-0.72765355 -0.80995056 -0.77399016  0.6017975  -2.37523627 -4.4947392
 -3.26816369 -2.36026214  0.31757868  0.3250141 ]
log likelihood =  -3161.4429298142395
Edge derivatives =  [2.56421438046953, 21.096053663558965, 2.864161459112834, 2.278617386708784]
other derivatives: [86.87648005 20.31060831 -5.42759153 -6.65509106 -3.57158569  1.37720235]
Current x array =  [-0.65911682 -0.77995535 -0.66707873  0.59863941 -2.43322752 -4.49064696
 -3.2512772  -2.29792234  0.34811752  0.34925365]
log likelihood =  -3156.5933592918077
Edge derivatives =  [2.034019778065877, 19.56784339311023, -4.30829141444492, -4.8703844847465065]
other derivatives: [-15.40679477   0.99994395 -18.29653229  -5.09803613  -4.14584065
   1.41249075]
Current x array =  [-0.5952859  -0.76394965 -0.64775593  0.59981828 -2.52767091 -4.48390645
 -3.22260796 -2.1867401   0.43056951  0.42419635]
log likelihood =  -3155.3787477622236
Edge derivatives =  [1.9843048418914417, 19.28490058662158, -2.9432553575732228, -3.2919974463635726]
other derivatives: [-13.97975211  -2.57055035  -9.10467861  -6.10120878   4.88980731
   1.39998519]
Current x array =  [-0.59503494 -0.76276888 -0.65442304  0.60184827 -2.62518319 -4.47926797
 -3.2073944  -2.11240111  0.47349398  0.45984896]
log likelihood =  -3152.313952391475
Edge derivatives =  [1.5887004160499139, 18.73642034991324, -6.235931716182524, -6.1120928460440025]
other derivatives: [-8.39008862 -6.37719495  5.72390491 -3.57404133  8.10455276  1.38488758]
Current x array =  [-0.59825966 -0.76254654 -0.66598707  0.57748822 -2.71472472 -4.46538169
 -3.1717629  -1.90582857  0.53671913  0.50980803]
log likelihood =  -3142.1113513063506
Edge derivatives =  [0.4361038699269994, 15.096660204101374, -9.274048194321528, -10.657108764291532]
other derivatives: [ 8.44024726 -8.06621756 25.50441422  5.09476195 14.82653715  1.33027243]
Current x array =  [-0.60853286 -0.77156996 -0.67576706  0.47345538 -2.95688917 -4.40500836
 -3.03518062 -1.02433786  0.69130943  0.61991734]
log likelihood =  -3136.955471979602
Edge derivatives =  [-0.535500155899804, -4.607645922127661, -5.866683315784256, -8.786829089806352]
other derivatives: [ 5.95150595  2.95990503 33.69223123 12.55016286  6.50939     1.3179033 ]
Current x array =  [-0.60923602 -0.79406095 -0.67209054  0.41637077 -3.11499035 -4.31958295
 -2.86952734  0.16828672  0.80068797  0.64829517]
log likelihood =  -3132.9197722095923
Edge derivatives =  [-0.4403607547530899, 3.8075313455714244, -9.751419956467478, -7.68771726435203]
other derivatives: [ 20.11993274 -35.12304829  -3.27499947   2.2279437   10.14250302
   1.27329258]
Current x array =  [-0.61898098 -0.7460474  -0.63701257  0.5864854  -2.95381144 -4.31656031
 -2.91723666 -0.22355159  0.72050572  0.53719154]
log likelihood =  -3130.0791799327026
Edge derivatives =  [-0.32877898827347296, 10.575544695831917, -13.62763992254378, -3.897378084036706]
other derivatives: [ -5.4330485    8.08204277  22.14501365 -12.54084054   5.79361767
   1.16360752]
Current x array =  [-0.60118083 -0.788918   -0.67023978  0.74526929 -2.66697536 -4.3118622
 -2.98178746 -0.60099335  0.53949157  0.33498851]
log likelihood =  -3126.0649851862613
Edge derivatives =  [-0.8725063720846431, 3.517709547117032, -12.02602327258674, -4.259293667823023]
other derivatives: [  1.04378159   4.92477739   6.0547336  -12.3044174    1.39666554
   1.05505933]
Current x array =  [-0.605603   -0.78446926 -0.65170863  0.73965107 -2.58203269 -4.2836745
 -2.95852552 -0.34239426  0.45812152  0.24624337]
log likelihood =  -3127.022961079753
Edge derivatives =  [-1.8616402998311967, -9.396194189303268, 3.597371322539211, 5.665670790705311]
other derivatives: [  0.29854164 -39.84573596  37.18910193 -11.50024218 -13.44360498
   0.74946911]
Current x array =  [-0.60516359 -0.71107785 -0.70878635  0.63737381 -2.16143764 -4.24346163
 -2.99510762 -0.21542416  0.05000177 -0.10002772]
log likelihood =  -3123.7320180518973
Edge derivatives =  [-1.407128270252884, -1.8197772819893971, -7.5614081974065614, -1.9622700021465191]
other derivatives: [  0.78553057 -16.98335836  23.28315531 -12.64397724  -4.40104486
   0.90367394]
Current x array =  [-0.60539524 -0.74976817 -0.67869625  0.69129211 -2.38316601 -4.26466096
 -2.97582235 -0.28235998  0.26515344  0.08251871]
log likelihood =  -3123.014398468089
Edge derivatives =  [-1.4697827157179097, -5.638987421476697, 8.556074808190912, 3.572396052173683]
other derivatives: [  1.21754056  19.26509867 -14.34482328  -0.84933163  -2.25772965
   0.75124262]
Current x array =  [-0.60464328 -0.79018617 -0.64199773  0.52203897 -2.31602133 -4.25184739
 -2.99191084 -0.20079453  0.09406184 -0.01522929]
log likelihood =  -3121.857951832707
Edge derivatives =  [-1.3317475617131829, -1.1111783730983882, -0.1700977009691913, -2.257112453671218]
other derivatives: [0.27507667 2.1237156  0.59071681 0.0943146  0.41936801 0.8576535 ]
Current x array =  [-0.60513953 -0.77085267 -0.65724124  0.51557831 -2.40866239 -4.26963466
 -2.99459817 -0.2934903   0.19661975  0.08278225]
log likelihood =  -3121.87517468421
Edge derivatives =  [-1.2041229194473717, 2.0083235281867635, 1.1412262142638259, 0.6822922216180005]
other derivatives: [ 8.81709639 -0.20509106  1.06674634 -1.71376087 -0.32041498  0.83937266]
Current x array =  [-0.60992645 -0.76387821 -0.66121237  0.52952472 -2.35455123 -4.26686836
 -3.01350156 -0.37348026  0.16226111  0.04231744]
log likelihood =  -3121.7988143121
Edge derivatives =  [-1.2761143217770352, 0.3399166070707607, 0.40206999705539825, -0.9275295208735914]
other derivatives: [ 4.29931788  1.00599209  0.8403731  -0.74842319  0.10168151  0.84855856]
Current x array =  [-0.60738829 -0.76757627 -0.65910676  0.52212993 -2.38324252 -4.26833513
 -3.00347844 -0.33106728  0.18047905  0.06377305]
log likelihood =  -3122.0462125499425
Edge derivatives =  [-1.29255544162545, 0.6458259866604201, 0.42849714118895066, 0.5086869609309383]
other derivatives: [-28.56240826  -5.77974788  -2.785373     0.26107045  -1.04191713
   0.84332896]
Current x array =  [-0.58811235 -0.75817742 -0.65679866  0.51222807 -2.3586553  -4.25981578
 -3.01739734 -0.34484155  0.16068981  0.0362768 ]
log likelihood =  -3121.785623634839
Edge derivatives =  [-1.2794990851662964, 0.3934509334452285, 0.40147335919677196, -0.6698500769995896]
other derivatives: [-1.56746864 -0.23292159  0.17485036 -0.57216312 -0.10604708  0.84751264]
Current x array =  [-0.6038437  -0.76584795 -0.65868233  0.52030911 -2.37872126 -4.26676854
 -3.00603794 -0.33360019  0.17684007  0.05871685]
log likelihood =  -3121.778422034176
Edge derivatives =  [-1.2873325975486436, 0.15099053977069554, 0.705101467654793, -0.44111609264462254]
other derivatives: [-0.76283868 -0.45638444 -0.01941771 -0.13637873 -0.14847501  0.84241947]
Current x array =  [-0.60436176 -0.76531054 -0.65863578  0.51428318 -2.37579034 -4.26519528
 -3.00791306 -0.32849185  0.17210262  0.05420537]
log likelihood =  -3121.7560816043806
Edge derivatives =  [-1.265641883788184, 0.029331833830125553, 0.3619283078544374, 0.2012947477892052]
other derivatives: [-0.23574103 -0.31059244 -0.27316673  0.14824764 -0.10309122  0.8412826 ]
Current x array =  [-0.60472045 -0.76547699 -0.65823828  0.5108236  -2.37547704 -4.25764946
 -3.01833214 -0.32368034  0.17463037  0.04768933]
log likelihood =  -3121.676442817743
Edge derivatives =  [-1.1321068850830645, -0.19125622161671763, -0.7243401826130396, 1.820150438616043]
other derivatives: [ 0.91722541  0.0907221  -0.57839316  0.86974978  0.01173248  0.85174179]
Current x array =  [-0.6055094  -0.76595896 -0.65759883  0.50213074 -2.37543688 -4.21767689
 -3.07584607 -0.31259228  0.18340786  0.03214329]
log likelihood =  -3121.5427332892205
Edge derivatives =  [-0.8780900150364007, -0.4275532877894462, -1.5247202166288478, 3.244597034027363]
other derivatives: [ 2.11011866  0.43301043 -1.48957042  1.50757842  0.19290383  0.88839442]
Current x array =  [-0.6062621  -0.76626458 -0.65630456  0.49405092 -2.37510311 -4.13521225
 -3.19441271 -0.30002314  0.19072959  0.01928661]
log likelihood =  -3121.247442552352
Edge derivatives =  [-0.39699785832777823, -1.1270234869617064, -2.5000732912350654, 4.735818974397636]
other derivatives: [ 1.50735104  4.3050477   3.41638042  2.24536052 -0.43855835  1.0174972 ]
Current x array =  [-0.6056966  -0.77085654 -0.66208294  0.4848123  -2.36532195 -3.90749935
 -3.51586265 -0.27954557  0.19532106  0.00399499]
log likelihood =  -3120.832515787434
Edge derivatives =  [0.0707663980998405, -2.4209025813264087, -5.081315384551165, 5.671253355208897]
other derivatives: [ 10.81016308 -12.00151019 -19.912477     2.50438461  -1.02018021
   1.56260285]
Current x array =  [-0.61218721 -0.75050061 -0.63323042  0.48810356 -2.37761884 -3.23811917
 -4.45285134 -0.23434196  0.2356192   0.01215197]
log likelihood =  -3119.488201995091
Edge derivatives =  [0.08385951493997588, -3.3501146406472815, -5.878780924439202, 5.605959107448317]
other derivatives: [  8.72601049  -9.01118256 -12.69422683   2.36314008  -3.44316504
   2.02144292]
Current x array =  [-0.61051796 -0.7536257  -0.64121219  0.49391223 -2.36819332 -2.56140799
 -5.40321302 -0.22922727  0.2448166   0.02688837]
log likelihood =  -3154.1432939778188
Edge derivatives =  [0.004620755510423491, -10.669687000618222, -9.885167712834651, 3.709329018974959]
other derivatives: [  3.27054295  11.83188942   7.23694029   1.31121851 -28.03235475
 -57.37979336]
Current x array =  [-0.60384098 -0.76612607 -0.67313929  0.51714688 -2.33049125  0.14543673
 -9.20465973 -0.20876855  0.28160618  0.08583395]
log likelihood =  -3118.3166553456267
Edge derivatives =  [0.04900936218132157, -4.586727424237122, -6.52191424891504, 5.9662704318095505]
other derivatives: [ 6.85577106 -5.80621418 -6.31807779  2.26846169 -6.51966729  1.24236976]
Current x array =  [-0.60895629 -0.7565494  -0.64867959  0.49934656 -2.35937523 -1.92830698
 -6.29232931 -0.22444221  0.25342127  0.04067509]
log likelihood =  -3683.104463846614
Edge derivatives =  [-5.8393944380334846e-05, -14.767582274586259, -50.794592015252775, -36.26488764789636]
other derivatives: [  18.98702067   39.01232049  -12.86834959  -14.13450263 -172.2689376
 -342.30101846]
Current x array =  [ -0.59851536  -0.78260872  -0.67091178   0.54614863  -2.42312412
   3.04018271 -13.283811    -0.27157404   0.368759     0.24822715]
log likelihood =  -3118.114790758561
Edge derivatives =  [0.04154605419309877, -4.743846132895129, -6.494176229131174, 6.067189453256302]
other derivatives: [ 6.56191332 -4.7890353  -5.74914338  2.18096829 -7.07000254  0.53196345]
Current x array =  [-0.60859431 -0.75745285 -0.64945036  0.50096914 -2.36158534 -1.75605386
 -6.53471776 -0.22607622  0.25741993  0.04787073]
log likelihood =  -3119.8330985870043
Edge derivatives =  [0.05427736041864745, 2.061976954689993, 13.71319430331815, 17.184633453450836]
other derivatives: [-1.37829375  6.04750312 15.54608389 -3.7553491  24.47332008 -1.31217348]
Current x array =  [-0.59704658 -0.76904551 -0.68075033  0.49336493 -2.55378943 -1.43285961
 -7.09759611 -0.30933177  0.21105505  0.07614756]
log likelihood =  -3117.7143283383757
Edge derivatives =  [0.04829231147191254, -2.5364836979642664, -0.0970675119091502, 9.50867044270774]
other derivatives: [ 4.2494321  -1.51489985  1.1497832   0.36225174  2.70038072  0.10022632]
Current x array =  [-0.60511716 -0.76094353 -0.65887514  0.49867943 -2.41946019 -1.65873639
 -6.70420685 -0.25114542  0.24345894  0.05638521]
log likelihood =  -3117.2495296827583
Edge derivatives =  [0.03760288564758153, -0.9883617939301748, -0.7337106069636727, 2.7092731785137456]
other derivatives: [-1.80480129  9.82545316  3.2436219  -0.29217517 -0.82277438 -0.27848728]
Current x array =  [-0.60142228 -0.77682959 -0.66127206  0.51734922 -2.42717944 -1.5519436
 -6.86138034 -0.30581479  0.25810153  0.1322402 ]
log likelihood =  -3117.1822096226333
Edge derivatives =  [0.035044529950999305, -0.7196146161154662, -1.104686365864427, -0.522408111770091]
other derivatives: [-1.01399564 -3.3008746   9.63532329 -0.60454113 -1.19443939  0.03651621]
Current x array =  [-0.6023351  -0.76003203 -0.6687528   0.52155654 -2.43830338 -1.55624177
 -6.85848875 -0.32600342  0.26387183  0.16562205]
log likelihood =  -3117.118409108588
Edge derivatives =  [0.036774223997341614, -0.3663460999483481, -0.19924052263812608, 0.028789755588315036]
other derivatives: [-0.9267751   0.65929271  2.17687557 -0.62182153 -0.19472282  0.13033059]
Current x array =  [-0.60221455 -0.76526534 -0.65971348  0.5214341  -2.44449229 -1.57188048
 -6.83825751 -0.3246968   0.26330439  0.16540244]
log likelihood =  -3117.1142770774572
Edge derivatives =  [0.036025036191667636, -0.2916724797939928, 0.04640701203357678, 0.06193300182255984]
other derivatives: [ 0.31764102  0.23587745  0.04233698 -0.58967089  0.06607479 -0.03369678]
Current x array =  [-0.60294893 -0.76466554 -0.65715233  0.52076798 -2.44835325 -1.5486127
 -6.87184309 -0.32527961  0.26471904  0.16850286]
log likelihood =  -3117.1128624419175
Edge derivatives =  [0.036449884949811155, -0.21752868317305946, 0.048510776154460866, -0.05335209387543299]
other derivatives: [-0.33069227 -0.01523404 -0.24251676 -0.47944013  0.11996235  0.07512426]
Current x array =  [-0.60258382 -0.76439727 -0.65685089  0.51945441 -2.44889299 -1.56115435
 -6.8543665  -0.32685794  0.26450121  0.16925562]
log likelihood =  -3117.112290724287
Edge derivatives =  [0.03679027050622899, -0.12111705784831095, 0.04380420538786489, -0.1335249308597553]
other derivatives: [ 1.48634172  0.2356046   0.25352165 -0.27180249  0.10968506  0.13469617]
Current x array =  [-0.60370559 -0.76461251 -0.65753985  0.51649231 -2.44819607 -1.56863594
 -6.84364442 -0.32979331  0.26368051  0.16937881]
log likelihood =  -3117.110812324355
Edge derivatives =  [0.036554279222723446, -0.11640982978666525, -0.015363477770750422, -0.11480669041417167]
other derivatives: [ 0.24811015 -0.03574314  0.22091626 -0.13396857  0.04765752  0.09895302]
Current x array =  [-0.60296895 -0.76424072 -0.65757803  0.51487264 -2.44796958 -1.56373868
 -6.85032203 -0.33056141  0.26355272  0.16899092]
log likelihood =  -3117.1103521875602
Edge derivatives =  [0.03639147063462904, -0.09036005524795271, -0.04447099706794999, -0.07076418597646253]
other derivatives: [-0.12651071 -0.04538379  0.09058567  0.02655725  0.00673026  0.0597538 ]
Current x array =  [-0.602751   -0.76416659 -0.65751159  0.51284065 -2.44762598 -1.55885416
 -6.85686325 -0.3316566   0.26327189  0.16845027]
log likelihood =  -3117.110251213012
Edge derivatives =  [0.0364180465015213, -0.0643600201051075, -0.04730618503613848, -0.05135661418632953]
other derivatives: [-0.0392447  -0.02846718  0.07526069  0.0606633  -0.00754881  0.05275069]
Current x array =  [-0.6028048  -0.76414996 -0.6575339   0.51235664 -2.44720391 -1.55816795
 -6.85727806 -0.33248018  0.26299534  0.16811746]
log likelihood =  -3117.110101918008
Edge derivatives =  [0.036544579229175284, -0.013684938794454538, -0.03477672123277953, -0.0071520984766756945]
other derivatives: [ 0.04047251 -0.01682565  0.01218723  0.05229595 -0.02432898  0.04392859]
Current x array =  [-0.60284791 -0.76409969 -0.6575235   0.51235209 -2.44624771 -1.55757716
 -6.85637447 -0.33396606  0.26238364  0.16740696]
log likelihood =  -3117.110019175544
Edge derivatives =  [0.03678030186835197, 0.030289472469706258, 0.02749033869663775, 0.04052474521803087]
other derivatives: [0.02655725 0.05920811 0.01441549 0.00873115 0.02946763 0.04602043]
Current x array =  [-0.60282004 -0.76415803 -0.65757219  0.51266787 -2.44584836 -1.55822755
 -6.8531983  -0.33498557  0.2617328   0.16692535]
log likelihood =  -3117.109957390545
Edge derivatives =  [0.036915980769427204, 0.04267023035293982, 0.021485660868377443, 0.033677733040587216]
other derivatives: [ 0.05120455 -0.0682121  -0.03096829 -0.0351065  -0.01805347  0.04974936]
Current x array =  [-0.60284061 -0.76396831 -0.65753665  0.51325717 -2.44500063 -1.55905139
 -6.84918585 -0.33552794  0.26135367  0.16658562]
log likelihood =  -3117.1098818936457
Edge derivatives =  [0.03704438007898972, 0.047210977206050164, 0.030323483586535027, 0.010707644309876807]
other derivatives: [-0.01386979  0.04147296 -0.05397851 -0.06111804 -0.038699    0.05497895]
Current x array =  [-0.60279832 -0.76411445 -0.65750886  0.51364108 -2.44476926 -1.55979535
 -6.84525817 -0.3356669   0.26122091  0.16669267]
log likelihood =  -3117.1096608751113
Edge derivatives =  [0.037379206766101736, 0.04842409096869571, 0.05803503400975263, -0.0520750833557366]
other derivatives: [-0.16298145  0.10450094 -0.01300577 -0.11477823 -0.06052687  0.06211849]
Current x array =  [-0.60270289 -0.76421046 -0.65755037  0.51437614 -2.44462871 -1.56050053
 -6.83516117 -0.33583231  0.26101228  0.16720626]
log likelihood =  -3117.1091163563233
Edge derivatives =  [0.038283628888609186, 0.049031054515955186, 0.1321626264453557, -0.17993747457957993]
other derivatives: [-0.37989594  0.16707418 -0.10963959 -0.20745574 -0.06903065  0.0685759 ]
Current x array =  [-0.60256192 -0.76432981 -0.65740938  0.51564562 -2.44492692 -1.56058094
 -6.80919056 -0.3359387   0.26082313  0.16859518]
log likelihood =  -3117.1080302121854
Edge derivatives =  [0.04047752693390367, 0.06910480056557672, 0.18300955867598467, -0.4009189377867234]
other derivatives: [-0.77820914  0.2226443   0.3605237  -0.31541276 -0.13824319  0.07248673]
Current x array =  [-0.60230879 -0.76443241 -0.65796575  0.51711788 -2.44495534 -1.55957056
 -6.74876883 -0.33733541  0.26050646  0.17070647]
log likelihood =  -3117.1057221699393
Edge derivatives =  [0.044841973782599735, 0.10949079464788902, 0.288673693991754, -0.6974871741510289]
other derivatives: [-0.96351869  0.2492925   0.25765985 -0.43146429 -0.16025297  0.06953087]
Current x array =  [-0.60218643 -0.76453266 -0.65780731  0.51879931 -2.44620653 -1.55650115
 -6.63901127 -0.33889401  0.26070616  0.17429999]
log likelihood =  -3117.093768326993
Edge derivatives =  [0.0712637156970073, 0.31170959403797927, 0.4467224966178559, -1.5880406875826436]
other derivatives: [-1.72312866  0.24974725  0.85101419 -0.8149982  -0.28676368  0.02955858]
Current x array =  [-0.60169164 -0.76471726 -0.65844089  0.52435553 -2.45010831 -1.54153561
 -6.1375269  -0.34697106  0.26227221  0.18536678]
log likelihood =  -3116.9564210959797
Edge derivatives =  [0.28302864951331014, 0.6175124228814908, 0.24749474348274114, -5.841020789138806]
other derivatives: [-5.24732968 -0.15775186  3.41515261 -1.93840606 -1.97492227 -0.01200533]
Current x array =  [-0.59971251 -0.76545569 -0.6609752   0.54658042 -2.46571541 -1.48167343
 -4.13158941 -0.37927924  0.26853641  0.22963396]
log likelihood =  -3973.700182310422
Edge derivatives =  [-55.49111988754406, -0.680348827149066, -14.987132380191765, -13.621772448753747]
other derivatives: [-49.63580977  40.76691766  -8.76889317  52.73859642 -41.77140909
 133.05548237]
Current x array =  [-0.59179597 -0.76840942 -0.67111243  0.63547998 -2.52814384 -1.24222473
  3.89216057 -0.50851199  0.29359322  0.40670266]
log likelihood =  -3116.9561731710855
Edge derivatives =  [0.2831410595329882, 0.617024382253033, 0.24615108360120042, -5.845956559858804]
other derivatives: [-5.25151336 -0.1587523   3.41797204 -1.93895175 -1.97833288 -0.01182343]
Current x array =  [-0.59971061 -0.7654564  -0.66097762  0.5466017  -2.46573036 -1.4816161
 -4.12966848 -0.37931018  0.26854241  0.22967635]
log likelihood =  -3116.9559252769177
Edge derivatives =  [0.28325237245304785, 0.6165339927014215, 0.2448047132924387, -5.850892841933877]
other derivatives: [-5.25551513 -0.15970727  3.42079147 -1.93931555 -1.98147063 -0.01150511]
Current x array =  [-0.59970872 -0.76545711 -0.66098005  0.54662298 -2.4657453  -1.4815588
 -4.12774817 -0.37934111  0.26854841  0.22971873]
log likelihood =  -3152.394673971925
Edge derivatives =  [-47.65671692921786, -13.615718284848993, -8.778152243728536, -17.23900590048452]
other derivatives: [-28.81961336 -12.19150363  24.14899427  13.37839421 -56.24387995
   9.49189598]
Current x array =  [-0.59575234 -0.76693326 -0.66604624  0.59105148 -2.49694457 -1.36189176
 -0.1177938  -0.44392655  0.28107081  0.31821069]
log likelihood =  -3116.899861533144
Edge derivatives =  [0.04947910509836675, -0.033363152398024454, -0.8529046670374371, -8.544248807763474]
other derivatives: [-7.56772351 -0.92154551  5.02673174 -1.8706487  -4.38312782  0.24538167]
Current x array =  [-0.59877404 -0.76580584 -0.66217692  0.55711904 -2.473116   -1.45328793
 -3.18041227 -0.39459917  0.27150677  0.25062461]
log likelihood =  -3116.9006947726275
Edge derivatives =  [0.2635229892753411, 0.412940583827327, -0.17998097631037768, -7.109068693160463]
other derivatives: [-6.30689101 -0.45874913  4.14265742 -1.98992893 -2.94521669  0.06866685]
Current x array =  [-0.59925004 -0.76562825 -0.6615674   0.55177379 -2.46936238 -1.46768521
 -3.66285459 -0.38682882  0.27000019  0.23997803]
log likelihood =  -3116.8868001826354
Edge derivatives =  [0.18039577987843558, 0.19995549497718718, -0.5236537064035416, -7.893361525946702]
other derivatives: [-6.98469194 -0.69417183  4.61345735 -1.94963832 -3.68099791  0.15215846]
Current x array =  [-0.59898482 -0.7657272  -0.66190701  0.55475204 -2.47145382 -1.45966337
 -3.39404854 -0.39115828  0.27083962  0.24591007]
log likelihood =  -3972.976750696459
Edge derivatives =  [-58.54340927361761, -0.7181499192921457, -13.713085658553112, -11.947150718418856]
other derivatives: [-44.80020834  41.40574674 -11.88564056  52.95823939 -42.15580702
 133.00605133]
Current x array =  [-0.59365555 -0.76916434 -0.66857473  0.6282757  -2.53223091 -1.24358553
  3.87928339 -0.52079072  0.28613649  0.38843665]
log likelihood =  -3116.886790943483
Edge derivatives =  [0.18024499215460552, 0.19967419196891306, -0.5240724366687086, -7.894247090854238]
other derivatives: [-6.98537406 -0.69449015  4.61395757 -1.94950189 -3.68181645  0.15234036]
Current x array =  [-0.59898458 -0.76572736 -0.66190732  0.55475544 -2.47145662 -1.4596534
 -3.39371294 -0.39116426  0.27084033  0.24591664]
log likelihood =  -3116.8861030277803
Edge derivatives =  [0.16299626108305035, 0.1682596298047711, -0.5702937763971356, -7.990793793543687]
other derivatives: [-7.06299943 -0.72459443  4.66748133 -1.9397703  -3.78013283  0.16607373]
Current x array =  [-0.59895787 -0.76574458 -0.66194073  0.55512389 -2.4717612  -1.45857055
 -3.35726351 -0.3918139   0.27091699  0.2466309 ]
log likelihood =  -3116.797933503827
Edge derivatives =  [0.13613370168487243, 0.4502507880693287, -0.5437236892523153, -6.972804178349675]
other derivatives: [-9.06597961 -1.17106538  3.76958269 -1.34032234 -2.91151991  0.01923581]
Current x array =  [-0.5976889  -0.76503275 -0.66129272  0.54562623 -2.47787651 -1.43496209
 -3.24185492 -0.40200269  0.27117868  0.24074002]
log likelihood =  -3117.4860313911804
Edge derivatives =  [-0.7290861666943358, 2.091986069699821, 0.9334944172842937, 0.08314591812416489]
other derivatives: [42.95666258  9.37980076  3.3222932   0.16616468  1.73467924 -0.30731826]
Current x array =  [-0.62981026 -0.77613534 -0.66261497  0.51399852 -2.48750014 -1.33959542
 -2.39587225 -0.48709421  0.25452757  0.18656577]
log likelihood =  -3116.6780174411783
Edge derivatives =  [0.04065472918754694, 1.1100082321773335, -0.020060936452100053, -4.883550221989536]
other derivatives: [ 6.23299456  1.96337169  3.54002623 -1.06510925 -1.30899025 -0.13837962]
Current x array =  [-0.60674158 -0.76816176 -0.66166537  0.53671267 -2.48058871 -1.40808514
 -3.0034338  -0.42598382  0.26648594  0.22547223]
log likelihood =  -3116.598586977366
Edge derivatives =  [0.14057478754190425, 1.9330067261825563, -0.026270515240353842, -2.0534476251750817]
other derivatives: [ 0.99034878 -0.64583219  0.31459422 -0.37066457  0.25170266 -0.46693458]
Current x array =  [-0.60335608 -0.76380827 -0.65910563  0.52243536 -2.47745958 -1.38392166
 -3.02944877 -0.44461529  0.26240809  0.19993604]
log likelihood =  -3116.576460751884
Edge derivatives =  [0.031238686762449917, 1.7799659184516918, -0.3294119091612271, -1.686722855083051]
other derivatives: [-1.03264028 -0.46220521  0.01964509 -0.35161065 -0.05888978 -0.38744474]
Current x array =  [-0.60218903 -0.76415331 -0.65876943  0.52363956 -2.47424068 -1.38655606
 -2.92923104 -0.44505164  0.26094337  0.19318622]
log likelihood =  -3116.525764360281
Edge derivatives =  [0.008356602316360272, 1.446229855493791, -0.550019418332561, -0.4189403487974305]
other derivatives: [-2.5142981   0.27812348  0.20390871 -0.73141564 -0.20936568 -0.26366251]
Current x array =  [-0.60127566 -0.7649508  -0.65902399  0.52798733 -2.46206278 -1.41372118
 -2.94987528 -0.42999779  0.25563666  0.17307788]
log likelihood =  -3116.5061850956063
Edge derivatives =  [-0.07424055937218811, 0.2354974049767321, -0.30706789078080676, 0.1956039712641976]
other derivatives: [ 0.60217644 -5.79457264  0.15138539 -1.01081241 -0.41491148 -0.01646185]
Current x array =  [-0.60343609 -0.75706544 -0.65859463  0.53044729 -2.44991694 -1.45681135
 -2.97165273 -0.39263092  0.24502667  0.15478231]
log likelihood =  -3116.4788654792624
Edge derivatives =  [0.020803232360515896, 0.06577936777981386, -0.0036115017986806386, 0.3725059570389151]
other derivatives: [-0.32136995  0.94205461 -0.56070348 -0.82532097 -0.41500243 -0.05770744]
Current x array =  [-0.60267242 -0.7658418  -0.65763243  0.52818238 -2.44882651 -1.46833151
 -3.07140806 -0.37895792  0.24445329  0.15301958]
log likelihood =  -3116.473799935149
Edge derivatives =  [0.011458001706073136, 0.1386682253147869, 0.021809596126712627, 0.0788380796165]
other derivatives: [ 0.00109139  0.33364813  0.11846168 -0.56361387 -0.2575689  -0.09258656]
Current x array =  [-0.60287882 -0.76510092 -0.6584606   0.52468399 -2.45360787 -1.45792544
 -3.05041091 -0.38306641  0.24604365  0.15829003]
log likelihood =  -3116.4713412162364
Edge derivatives =  [-0.0011830790214000866, 0.001758102776698356, 0.05037944566018204, -0.10866101449888105]
other derivatives: [ 0.19663275 -0.17571438 -0.25193003 -0.13969839 -0.23101165 -0.10531949]
Current x array =  [-0.60305917 -0.76451484 -0.6579807   0.5194895  -2.45654486 -1.45459867
 -3.0439775  -0.3797562   0.24652732  0.16059379]
log likelihood =  -3116.471889461515
Edge derivatives =  [0.00219447888367107, -0.12899297227317913, 0.0663847034710201, 0.05781901650671978]
other derivatives: [-0.18339961  0.03342393  1.25623956  0.04183676 -0.04483809 -0.09599717]
Current x array =  [-0.60279812 -0.7648093  -0.65977495  0.51643875 -2.4577536  -1.45720775
 -3.05357186 -0.37553573  0.24621393  0.15885853]
log likelihood =  -3116.471013637008
Edge derivatives =  [0.00010101248975250693, -0.047693825763066744, 0.05647116525578422, -0.04543424886376579]
other derivatives: [ 0.05261427 -0.09627001  0.321279   -0.07080416 -0.16025297 -0.10177246]
Current x array =  [-0.60296014 -0.76462655 -0.65866138  0.51833215 -2.45700341 -1.45558847
 -3.04761727 -0.3781551   0.24640843  0.15993549]
log likelihood =  -3116.470817782347
Edge derivatives =  [0.001078653515294032, -0.07051813391104522, 0.07366056509392582, -0.04015702569221968]
other derivatives: [ 0.01509761  0.0080945   0.11623342 -0.01919034 -0.13187673 -0.09595169]
Current x array =  [-0.60293985 -0.76478526 -0.65839907  0.51769438 -2.4574775  -1.45655158
 -3.05016939 -0.37703291  0.24653533  0.16000139]
log likelihood =  -3116.4706120268684
Edge derivatives =  [0.0008754441391544548, -0.08117377650752372, 0.0788841506750877, -0.01302645437772637]
other derivatives: [-0.05657057  0.09085852 -0.04974936 -0.00409273 -0.07303242 -0.07839844]
Current x array =  [-0.60289491 -0.76493255 -0.65816754  0.51750537 -2.45819841 -1.45852302
 -3.05131837 -0.37609601  0.24694684  0.1600311 ]
log likelihood =  -3116.4704039862336
Edge derivatives =  [-0.00021647601625080642, -0.06406971543359774, 0.051710717981018006, 0.04315749629375912]
other derivatives: [ 0.03260539  0.14360921 -0.14051693 -0.01018634  0.01791705 -0.05102265]
Current x array =  [-0.60294607 -0.76504844 -0.65801461  0.51755327 -2.45925316 -1.46110375
 -3.05052755 -0.3758258   0.24784886  0.16005783]
log likelihood =  -3116.470769556936
Edge derivatives =  [0.007290306903346016, -0.03269277914758306, -0.04799151521057843, 0.017255470420675295]
other derivatives: [-1.18516255 -0.1713488  -0.21937012 -0.0300588   0.03392415 -0.01418812]
Current x array =  [-0.60221947 -0.76472653 -0.65788032  0.51803022 -2.46009554 -1.46490923
 -3.06147024 -0.37592975  0.24919484  0.16072905]
log likelihood =  -3116.4703643438174
Edge derivatives =  [0.0015917173502842975, -0.056568987737529, 0.02797097189819342, 0.03698913114053767]
other derivatives: [-0.257387    0.06853043 -0.15938895 -0.01496119  0.02169145 -0.04224603]
Current x array =  [-0.60277292 -0.76497173 -0.65798261  0.51766693 -2.4594539  -1.46201059
 -3.05313519 -0.37585057  0.2481696   0.16021778]
log likelihood =  -3116.4702883145173
Edge derivatives =  [0.0015241022605276648, -0.03372100656821014, -0.0031271755713823124, 0.0571778020223466]
other derivatives: [-0.08731149  0.03133209 -0.10031727 -0.03287823  0.05607035 -0.02855813]
Current x array =  [-0.6028761  -0.76493744 -0.6580341   0.51786934 -2.45986556 -1.46314206
 -3.05272233 -0.37626659  0.24871262  0.16031314]
log likelihood =  -3116.47025353804
Edge derivatives =  [0.0016030305826714997, -0.023651547622660196, -0.02988260064796988, 0.04075518699441061]
other derivatives: [ 0.00245564 -0.00609361 -0.02719389 -0.03774403  0.03910827 -0.02182787]
Current x array =  [-0.60293525 -0.76489079 -0.6581159   0.5179702  -2.45982211 -1.46374716
 -3.05336797 -0.37660394  0.24891921  0.16046543]
log likelihood =  -3116.4702324458613
Edge derivatives =  [0.001271429330179357, -0.019208233203593106, -0.0459421266733111, 0.014212882511938502]
other derivatives: [ 0.03878995 -0.02482921  0.02737579 -0.03387868  0.01009539 -0.01700755]
Current x array =  [-0.60296253 -0.7648643  -0.65818334  0.51796943 -2.45963984 -1.46420817
 -3.05384384 -0.37687228  0.24892845  0.16060686]
log likelihood =  -3116.4702124476353
Edge derivatives =  [0.0008708339053373551, -0.014506296416009978, -0.04539376088500191, -0.009646525651207633]
other derivatives: [ 0.04129106 -0.00914042  0.05520633 -0.0264663  -0.01091394 -0.01173248]
Current x array =  [-0.60296656 -0.76487919 -0.65822619  0.51789709 -2.4594295  -1.46477577
 -3.05406797 -0.37712925  0.24877276  0.16069685]
log likelihood =  -3116.4701875705814
Edge derivatives =  [0.0006527161316284176, -0.005633622652897741, -0.015009069374353756, -0.02280962336277706]
other derivatives: [ 0.05056791 -0.05920811  0.06175469 -0.01382432 -0.01218723 -0.00336513]
Current x array =  [-0.6029728  -0.76479205 -0.65826379  0.51765897 -2.45906598 -1.46579308
 -3.05425022 -0.37751255  0.24823142  0.16057633]
log likelihood =  -3116.4702125578724
Edge derivatives =  [-0.0009658379895377892, 0.022002216859227486, 0.004459005956301998, -0.005748391085714705]
other derivatives: [-0.07444214  0.18553692  0.0388809  -0.01291482 -0.00718501  0.00545697]
Current x array =  [-0.60288688 -0.7650978  -0.65826676  0.51762212 -2.45878015 -1.46673213
 -3.05164576 -0.37831496  0.24787983  0.16030519]
log likelihood =  -3116.4701813779584
Edge derivatives =  [0.00015519725208065424, 0.0028850471377671605, -0.009010181828618014, -0.01755244752938645]
other derivatives: [ 0.01209628  0.01627996  0.05475158 -0.01355147 -0.01055014 -0.00063665]
Current x array =  [-0.60294633 -0.76488627 -0.65826471  0.51764762 -2.4589779  -1.46608246
 -3.05344762 -0.37775983  0.24812307  0.16049277]
      fun: 3116.4701813779584
 hess_inv: <10x10 LbfgsInvHessProduct with dtype=float64>
      jac: array([-0.01209628, -0.01627996, -0.05475158,  0.01355147,  0.01055014,
        0.00063665, -0.0001552 , -0.00288505,  0.00901018,  0.01755245])
  message: b'CONVERGENCE: REL_REDUCTION_OF_F_<=_FACTR*EPSMCH'
     nfev: 95
      nit: 70
   status: 0
  success: True
        x: array([-0.60294633, -0.76488627, -0.65826471,  0.51764762, -2.4589779 ,
       -1.46608246, -3.05344762, -0.37775983,  0.24812307,  0.16049277])
