number of sites to be analyzed:  244
log likelihood =  -9304.842328862342
Edge derivatives =  [146.59608183695, 88.35295073887698, 164.69004918685636, 270.26850578111487, 106.51003900778589, 49.10507124509781, 56.33435385038512, 84.61096256013236, 120.908877922127, 162.32612429315876]
other derivatives: [ -86.27757779   33.48268365  -48.29144018  -41.29724402 -244.56167012
  112.8501026 ]
Current x array =  [-0.58556431 -0.77415425 -0.49995     0.74193734 -0.10536052 -0.51082562
 -4.60517019 -4.60517019 -4.60517019 -4.60517019 -4.60517019 -4.60517019
 -4.60517019 -4.60517019 -4.60517019 -4.60517019]
log likelihood =  -8854.77019912113
Edge derivatives =  [141.1734556960471, 86.5103027710598, 160.6861407614571, 277.40150969253165, 104.68750852583248, 46.51870871707144, 53.64909171063701, 86.3275980557042, 119.3261543885976, 162.5654022490067]
other derivatives: [ 314.16566344   68.389636     17.14433893  -40.03250069 -129.5005859
  103.24165487]
Current x array =  [-0.75289018 -0.77274983 -0.59360594  0.66184588 -0.57966097 -0.4962592
 -4.32086321 -4.43381936 -4.28577195 -4.08101415 -4.39860568 -4.5099363
 -4.4959159  -4.44107653 -4.37068072 -4.29035653]
log likelihood =  -7005.635791210986
Edge derivatives =  [87.00290736991012, 55.84030177399975, 108.18423619699438, 141.53782460344297, 83.65537352365675, 29.13521848671901, 32.28483703194745, 82.06974316238002, 88.75367629005288, 119.95549907537307]
other derivatives: [441.1237569   25.20564522  27.43399818 -43.00682122 418.84341044
  20.69000402]
Current x array =  [-0.78047241 -0.63871155 -1.06680434  0.09942257 -3.60004303 -0.34569228
 -2.3270762  -3.22805895 -2.03987435 -0.35580348 -2.94390362 -3.8443013
 -3.73147264 -3.27634201 -2.71791857 -2.0646227 ]
log likelihood =  -8777.830127919955
Edge derivatives =  [-39.06705168743579, 4.832775507615442, -88.28901502021715, -515.2099719803598, -35.070422764508336, -4.035082640414822, -8.209796038595272, -5.173519681937271, -83.62570030548038, -267.1245483764258]
other derivatives: [-1.97095433e+04 -2.02726369e+00  5.15162355e+02  8.91233140e+02
 -3.49052789e+02  3.75774107e+01]
Current x array =  [-0.05       -0.82866954 -1.85819557 -0.58248294 -2.91539858 -0.16924758
 -0.46680235 -2.09223177  0.11884054  2.73093248 -1.43696191 -3.21318597
 -3.02028683 -1.97675891 -1.06626612  0.13501884]
log likelihood =  -6466.905556709467
Edge derivatives =  [45.65477010522687, 34.37389137477872, 52.186734399314325, -11.883116829718931, 59.26870055546769, 16.247556818551537, 16.90602649518003, 62.88186913579772, 53.318744182221984, 33.074922531916826]
other derivatives: [-351.16545405    6.3851985   320.28010537   20.14276106  288.22560125
  -10.59461283]
Current x array =  [-0.47488617 -0.71817869 -1.39787539 -0.18584617 -3.31362848 -0.2718783
 -1.54884819 -2.75289637 -1.13679635  0.93550338 -2.31348878 -3.58028016
 -3.43395477 -2.73267368 -2.02696535 -1.14442342]
log likelihood =  -6144.614113321647
Edge derivatives =  [38.36605930659938, 24.859516695045492, 34.66567507898141, -137.83143590874423, 51.70850781673877, 12.68570451134538, 13.920421207125022, 55.644325354137436, 41.26271884631041, 4.176124336977098]
other derivatives: [-119.93224689   22.26242941  308.66694942   77.57380445   42.34234439
  -30.80858733]
Current x array =  [-0.54865798 -0.76546155 -1.12930644 -0.24648213 -2.32204806 -0.24967421
 -1.33375778 -2.61179997 -0.87744037  1.1292944  -2.08813074 -3.50495095
 -3.35284226 -2.51013925 -1.80246    -0.89358913]
log likelihood =  -6030.7035056879195
Edge derivatives =  [48.45306210609224, 22.903109149287026, 21.71400048220974, -100.67232562700178, 47.07380897389823, 10.07581638344, 13.189761303498033, 43.25397401397779, 34.534041309587046, 3.4519376626020115]
other derivatives: [-263.62104109   31.88852133 -577.42699937  107.15557437 -140.72593331
  -63.91364877]
Current x array =  [-0.51177782 -0.75856236 -0.31449056 -0.02127354 -1.32640572 -0.31100285
 -1.26007294 -2.56221863 -0.80713319  0.49464839 -1.92638903 -3.47887798
 -3.32770002 -2.31434875 -1.687407   -0.90061903]
log likelihood =  -5994.883029620156
Edge derivatives =  [43.18055877322544, 24.052797589070067, 33.59117651688692, -120.53035637293645, 50.9619263778215, 11.988631898876637, 14.148736985868274, 52.253880184830884, 40.247475284769166, 8.44268953916489]
other derivatives: [-169.83849491   30.06880434  131.7585884    89.57904356  -29.68117769
  -45.2410859 ]
Current x array =  [-0.5316858  -0.76228656 -0.75432974 -0.14284156 -1.86385536 -0.27789753
 -1.29984815 -2.58898273 -0.84508514  0.83723152 -2.01369752 -3.49295222
 -3.34127185 -2.42003684 -1.74951283 -0.89682428]
log likelihood =  -5955.491004386444
Edge derivatives =  [26.99218409180515, 17.467947268213134, -10.151179348028757, -106.979705128109, 30.26966276040266, 4.680570029091977, 7.574739769579116, 29.261801337998126, 13.928659266350234, -28.655272170880078]
other derivatives: [ 102.6011887  -178.50652512 -796.80212366   69.97224773  -98.61341823
  -56.02341844]
Current x array =  [-0.68189473 -0.61300356 -0.26435726  0.20548439 -1.6183089  -0.48061077
 -0.90309654 -2.35812006 -0.45805012  0.56882558 -1.60687738 -3.37205589
 -3.20204427 -2.02174366 -1.37996322 -0.61132103]
log likelihood =  -5915.1438493282385
Edge derivatives =  [38.984772298979735, 21.57732764822609, 20.58212463326329, -105.744373381151, 44.67532199615045, 9.050013098273078, 12.018778029495436, 44.82403097299813, 31.945865692934827, -2.457313929740595]
other derivatives: [-30.06498446 -40.4608727  -35.68056854  80.43625712 -49.4474989
 -52.15879355]
Current x array =  [-5.94498869e-01 -6.99860688e-01 -5.49437287e-01  2.81836811e-03
 -1.76117487e+00 -3.62666401e-01 -1.13393800e+00 -2.49244258e+00
 -6.83238185e-01  7.24991846e-01 -1.84357699e+00 -3.44239684e+00
 -3.28305087e+00 -2.25348204e+00 -1.59497777e+00 -7.77434999e-01]
log likelihood =  -5838.037356099818
Edge derivatives =  [32.09104494181033, 19.68736191147381, -2.2278966660069113, -59.590976723119546, 31.188227869210692, 4.72089886176594, 8.133047276748979, 30.587191731988558, 16.8635612215594, -15.850142716306015]
other derivatives: [  48.82349458  -53.5662366  -221.68478608   40.0650606   -44.46137609
  -50.06222636]
Current x array =  [-0.64768148 -0.70983039 -0.41557531  0.30876036 -1.72733457 -0.55855187
 -0.86862297 -2.33972412 -0.45638482  0.4306927  -1.56550194 -3.36704154
 -3.1930509  -1.98011748 -1.35703062 -0.6386074 ]
log likelihood =  -5783.672045011319
Edge derivatives =  [25.343878561808435, 18.200009504448246, -17.31673293813638, 4.079128731322056, 9.644701282103963, 1.0696760175344413, 4.349460445604832, 13.520152138552808, -2.5196504019435895, -23.441528461429442]
other derivatives: [148.80097297 -50.07514119  36.04036465 -34.37125997 -10.06756065
 -36.76623237]
Current x array =  [-0.70577156 -0.73784288 -0.5321656   0.66539122 -1.77403139 -0.83210991
 -0.5600304  -2.15708757 -0.24833553  0.04718219 -1.24716647 -3.28700777
 -3.09354471 -1.6658668  -1.10229876 -0.54043996]
log likelihood =  -5769.467495702413
Edge derivatives =  [20.095194978160038, 17.28493524008968, -22.030852873537906, 2.5706532029345177, 2.3552965453333146, 0.3050009565286818, 3.299038677263049, 6.353833947761552, -8.421130411468893, -25.041409497870614]
other derivatives: [ 40.31344361  10.06974344  -6.62075763 -30.1775799  -17.47739589
 -31.89834388]
Current x array =  [-0.65004181 -0.81276391 -0.50188117  0.67270101 -1.79843413 -0.92291419
 -0.43776416 -2.07978997 -0.19299865  0.03436695 -1.14946508 -3.25910859
 -3.05669873 -1.56808901 -1.02916631 -0.51406353]
log likelihood =  -5762.291836631259
Edge derivatives =  [17.707571978004584, 17.638096128050535, -16.794254278320025, 5.749580886273042, 1.3262026372231273, 0.47602937299061276, 3.627428440070187, 5.00619201544102, -6.979891340775055, -15.890380423997787]
other derivatives: [-45.26173143  25.34152372 -10.8745553  -23.68233254   7.27741281
 -23.82012099]
Current x array =  [-0.60960378 -0.83793957 -0.5004507   0.62666081 -1.89844593 -1.00522594
 -0.3682197  -2.02932861 -0.2140676   0.04041071 -1.11748309 -3.25061592
 -3.0404833  -1.53102812 -1.02218076 -0.55105938]
log likelihood =  -5757.008304897297
Edge derivatives =  [11.01279308026045, 16.725829305732375, -15.899789969577107, 4.323566622455386, -2.654553144068731, 0.20609983157428707, 3.5079048555553802, 1.914865488525531, -8.280874045120928, -11.157844153108531]
other derivatives: [-63.85162123  20.3077434   -0.34597178 -14.94954631  13.34410626
 -17.3722583 ]
Current x array =  [-0.6030677  -0.8374438  -0.50638413  0.58117708 -1.94288953 -1.10186325
 -0.27108554 -1.95709643 -0.22043737  0.05472252 -1.0661384  -3.2357322
 -3.01505436 -1.47342747 -0.99959723 -0.57239995]
log likelihood =  -5748.168805189845
Edge derivatives =  [-3.2321827041903255, 15.136742664538675, -8.488851826323973, 6.935737797428579, -4.735210601164943, 0.26174539448014683, 4.295538747826883, -0.7360637546089807, -3.813119841613845, 5.371925642884626]
other derivatives: [-16.9001396   23.05341695   4.2746251    3.42333806  11.19706212
  -3.96721589]
Current x array =  [-0.62320276 -0.83948315 -0.5115513   0.48466555 -1.93089927 -1.32080636
 -0.12291676 -1.7932531  -0.34042919  0.02191119 -1.03098499 -3.22342828
 -2.97212441 -1.39949658 -1.03158986 -0.68438806]
log likelihood =  -5746.198266116629
Edge derivatives =  [-13.073178588696203, 13.868387938466956, -6.154821501400053, 5.053309641414814, -5.642506072587659, 0.12668365306759366, 4.291484399662596, -2.3467939377954186, -2.591162696116422, 7.0416193270965834]
other derivatives: [-27.21790224 -39.88516255  -2.73939804   5.71508281  -0.13396857
   0.50367817]
Current x array =  [-0.62140487 -0.77386238 -0.50901998  0.47572132 -1.87827806 -1.42188354
 -0.08821762 -1.67542148 -0.42305337  0.01895529 -1.03647151 -3.2192774
 -2.94045304 -1.37406217 -1.05885403 -0.70935935]
log likelihood =  -5744.221897606363
Edge derivatives =  [-12.289911403521453, 14.585002194265037, -2.645173414118043, 4.583097806184822, -1.770198818676132, 0.5174988414210755, 4.823492606619377, -0.35331247139743893, 1.220789899080507, 9.53872054587036]
other derivatives: [ 13.6561539  -15.45195119  -5.63813956   8.18563421  -0.66556822
   1.6472768 ]
Current x array =  [-0.63757701 -0.79325135 -0.50858165  0.46170734 -1.86587396 -1.44639445
 -0.11336135 -1.62497558 -0.48225976  0.03524666 -1.06800379 -3.22386574
 -2.93014815 -1.38850904 -1.09218012 -0.72287358]
log likelihood =  -5742.076445609053
Edge derivatives =  [-11.839539490662789, 15.500414935263153, 0.653188621126273, 1.9452954132460045, 1.8140881918190146, 0.8248050475775943, 5.0163777294261855, 0.911516275176345, 4.08521538685806, 8.034924721108368]
other derivatives: [35.54287105 -0.41545718 -6.93362381  5.96573955 -3.82606231  2.18933565]
Current x array =  [-0.64648204 -0.8058647  -0.50845471  0.47311994 -1.84515033 -1.47769093
 -0.1562972  -1.52883573 -0.55092351  0.06495821 -1.10184251 -3.22546729
 -2.90445805 -1.39797067 -1.12212458 -0.70917578]
log likelihood =  -5737.519600468198
Edge derivatives =  [-12.960062410613702, 16.681162178713027, 7.620513282300078, -5.671227449346568, 7.718276457832969, 1.2887177981144244, 4.85832181700165, 1.4518708276084105, 8.447733357591959, 0.9670702694782334]
other derivatives: [ 51.45902833  20.95730451  -4.96511348  -3.21269908 -12.00351107
   3.23707354]
Current x array =  [-0.65278972 -0.82744433 -0.50945566  0.51896841 -1.80749446 -1.58916252
 -0.25470474 -1.21455461 -0.71845366  0.13910198 -1.16037922 -3.21962807
 -2.81446489 -1.39267246 -1.17437179 -0.65328576]
log likelihood =  -5732.055769648491
Edge derivatives =  [-13.09660940813381, 12.753635056689973, 14.817688877819242, -11.10336055512971, 11.775485446535255, 1.5773893283527893, 4.049553276523391, 0.23743178840138524, 11.020149703722126, -6.691564105940916]
other derivatives: [ 50.09815141  29.28236427  -1.28648026 -10.86546035 -14.30680641
   3.61787897]
Current x array =  [-0.65185598 -0.84146035 -0.50903198  0.55170051 -1.80574133 -1.75713145
 -0.39984709 -0.72098487 -0.91046859  0.2075635  -1.1976298  -3.20190109
 -2.67163066 -1.36491927 -1.20984458 -0.59109173]
log likelihood =  -5727.7536687440115
Edge derivatives =  [-4.051423403592088, -7.231122536546094, 22.510004549998968, -4.402381668969401, 11.007095706230732, 1.404134111390208, 2.2364344615223817, -0.5532941590204383, 8.35193151883147, -5.623678967942177]
other derivatives: [ 69.90849215  28.9244781  -37.94557415  -5.31554178  -9.5278665
   1.99779606]
Current x array =  [-0.66306505 -0.85281837 -0.47983551  0.52596398 -1.84476925 -1.91811573
 -0.6991677  -0.08961569 -0.98544803  0.19027276 -1.16361043 -3.16771844
 -2.47371816 -1.36064426 -1.17452219 -0.58488796]
log likelihood =  -5733.069038576478
Edge derivatives =  [-2.711364003371516, -10.385259413480453, 16.208944742335213, 4.925344155895105, 1.1934476486335228, 0.10352650056171092, 0.5348751607553714, 1.0873728727938552, -0.8224627818919644, -3.0392805178249604]
other derivatives: [ 7.04521881e+00  2.60451088e+01  1.69367831e+02 -5.09635356e+00
 -6.85122359e-01 -1.61890057e-01]
Current x array =  [-0.62460112 -0.85202765 -0.64731228  0.46358934 -1.84749983 -1.84068166
 -0.86398992 -0.10652884 -0.78392837  0.09495589 -1.09746338 -3.15900148
 -2.45068133 -1.41852593 -1.10885017 -0.65695811]
log likelihood =  -5724.853888829346
Edge derivatives =  [-3.2581547806320694, -8.106234731796704, 21.169934045956214, -0.17946959685779457, 7.8645428401856625, 0.9867011916457968, 1.7201712679413017, 0.3091172547479834, 5.445778003643707, -4.291628598911318]
other derivatives: [48.84532245 28.18060238 51.66039045 -5.56647137 -5.5196324   1.1326847 ]
Current x array =  [-0.64941269 -0.85253771 -0.53927961  0.50382476 -1.84573844 -1.89063133
 -0.7576696  -0.09561883 -0.91392076  0.15644104 -1.14013223 -3.16462445
 -2.46554148 -1.38118875 -1.1512126  -0.6104685 ]
log likelihood =  -5718.712087726442
Edge derivatives =  [0.4710495752498655, 8.124578580285116, 12.47696002815528, 9.811245134663057, 0.22435087095942025, 0.17726158676765502, 1.711826019699472, 1.632460381993364, -3.011853065832399, 1.4832245259227266]
other derivatives: [15.99473762 18.03946361 17.09577191  1.32640707 10.35987225 -2.34658728]
Current x array =  [-0.63487161 -0.83965017 -0.51814996  0.46453735 -1.89277918 -1.71153904
 -0.80485215 -0.37794277 -0.6313631   0.06079468 -1.05428457 -3.16356078
 -2.52836353 -1.42657532 -1.05140524 -0.65492771]
log likelihood =  -5716.678598438675
Edge derivatives =  [-0.3948754242402888, 2.277117583929368, 4.709215465882096, 1.9693823404958153, -4.2374848110651975, -0.4838315657654426, 0.6014714059627192, -0.2531455001675128, -6.931860161905992, -1.5239764570419572]
other derivatives: [ 6.57755663  0.87911758  6.44558895  2.77286745 -3.86899046 -3.51546987]
Current x array =  [-0.63440234 -0.82568784 -0.50776231  0.47182187 -1.87707339 -1.73025279
 -0.87631787 -0.24834554 -0.51437983  0.08395372 -1.01194909 -3.14795509
 -2.47691125 -1.41698438 -1.01803871 -0.63812481]
log likelihood =  -5716.484864816713
Edge derivatives =  [-0.7790667785935854, -2.7178895393647733, 3.7609584647578234, -1.4749593549384923, -2.8898301565384066, -0.4199992505830347, 0.573055120620151, -0.39117229696982725, -3.891831153929218, 1.022664727410489]
other derivatives: [-34.41846275   7.61483534  -9.93386493   4.42969394  -4.3775799
  -2.3337634 ]
Current x array =  [-0.61670122 -0.83714495 -0.49726629  0.46747702 -1.89276504 -1.78838147
 -0.90896194 -0.13447203 -0.49616169  0.10566289 -1.02016982 -3.14307912
 -2.43950625 -1.41242086 -1.04597708 -0.65189504]
log likelihood =  -5716.086533987777
Edge derivatives =  [-0.7549418441575237, -2.045895117628812, 2.8526254146604906, -1.5974872471851775, -3.132429799947422, -0.4512650883768182, 0.5636056966271129, -0.3833557614568622, -4.120246898374565, 0.3078990779828469]
other derivatives: [-6.47914931 -0.57789293 -4.36129994  2.56823114 -4.22469384 -2.51375241]
Current x array =  [-0.62946595 -0.82727099 -0.49968194  0.47636958 -1.89285893 -1.78242662
 -0.90506959 -0.14851729 -0.47951371  0.10671984 -1.01791058 -3.14285864
 -2.44207312 -1.41075664 -1.04355298 -0.64541255]
log likelihood =  -5715.938369483001
Edge derivatives =  [-0.7440262817062546, -1.1184869825457757, 1.9054225399849334, -1.6194769227686405, -2.5792561495813304, -0.40724621686907747, 0.7212621809421147, -0.0770833400506071, -3.1245082942428684, 0.8708405127436717]
other derivatives: [ 0.44874469 -2.56241037 -0.78125595  1.37197276 -2.28465069 -2.31611921]
Current x array =  [-0.63256655 -0.82465821 -0.50171286  0.48094141 -1.8991809  -1.78370468
 -0.90095967 -0.16353524 -0.46169028  0.10842388 -1.02272752 -3.143949
 -2.44458541 -1.41172455 -1.05271017 -0.64755906]
log likelihood =  -5715.805159628904
Edge derivatives =  [-0.7417157597083615, -0.9513745896650724, 0.4247149025589206, -1.96437181974416, -1.291697778547474, -0.30789899680333294, 0.9398243687537668, 0.31408104970523654, -0.8515707388064998, 2.1332046169279986]
other derivatives: [ 4.73373802 -1.9217623   0.81054168  0.10113581  0.54114935 -1.70330168]
Current x array =  [-0.6345088  -0.82548043 -0.50222792  0.48617805 -1.91247194 -1.80314271
 -0.90293894 -0.15701824 -0.43153973  0.11319664 -1.03278476 -3.14455291
 -2.43761925 -1.41094379 -1.07380986 -0.6520494 ]
log likelihood =  -5715.741001466788
Edge derivatives =  [-0.7231408850422911, -0.01910643242280922, 0.0016989957037359948, -0.8483788295312922, -0.2524084403258919, -0.22740609013298937, 0.9678239012497897, 0.41916528866337655, 0.16953623666538842, 0.8759619129953933]
other derivatives: [-0.04938556 -2.56477506  2.96076905 -1.09330358  1.52913344 -1.36478775]
Current x array =  [-0.63218691 -0.82445972 -0.50372104  0.49127238 -1.91228557 -1.81342473
 -0.90006285 -0.17495613 -0.42375792  0.10515043 -1.04446528 -3.14741809
 -2.43601457 -1.40974773 -1.08601403 -0.6421199 ]
log likelihood =  -5715.7000853952395
Edge derivatives =  [-0.4411255961236139, -0.7152822082382105, -1.109533307988528, -0.017980411576718536, 0.5723682573372733, -0.19282178950290862, 0.811396508537188, 0.3388876460479723, 0.9842455903147128, -0.1491973974039138]
other derivatives: [ 0.88493834  4.60422598  0.33978722 -0.31868694  0.13351382 -1.00608304]
Current x array =  [-0.63262338 -0.83255911 -0.50164032  0.48946889 -1.91057778 -1.83987061
 -0.92070403 -0.1521626  -0.40258794  0.09526326 -1.05081817 -3.14777934
 -2.41664575 -1.40719303 -1.09468422 -0.6327008 ]
log likelihood =  -5715.674654886918
Edge derivatives =  [-0.42446473986725425, -1.0112355885638649, -0.25530886272044373, 0.3836562318693763, 0.6798549423677948, -0.1741779454348892, 0.7435735499244875, 0.24368264910421267, 0.8871650982663407, -0.5286204166600443]
other derivatives: [-1.48629624 -0.11641532 -0.48275979 -0.29785951  0.42173269 -0.89057721]
Current x array =  [-0.63164917 -0.82748865 -0.5012791   0.48861722 -1.90907977 -1.84662143
 -0.92155044 -0.14947152 -0.41533696  0.09364044 -1.05303344 -3.14874044
 -2.41332783 -1.4057279  -1.094964   -0.63062343]
log likelihood =  -5715.664476346357
Edge derivatives =  [-0.3578566591720041, -0.8320663666134088, -0.07689340945103701, 0.6174869771949121, 0.5106241289037446, -0.18757763756694884, 0.683812707667384, 0.17415980089642252, 0.5312814339302233, -0.6567963903597138]
other derivatives: [-1.18743628 -0.64974301 -0.28521754 -0.04565663  0.18635546 -0.90667527]
Current x array =  [-0.63176926 -0.82676126 -0.50152801  0.4872075  -1.90698278 -1.84731028
 -0.92315232 -0.15407889 -0.41872313  0.09183333 -1.05165158 -3.14941238
 -2.41206003 -1.40543992 -1.09163549 -0.63045586]
log likelihood =  -5715.631415266716
Edge derivatives =  [-0.08315507463471805, -0.45995014967884895, 0.16131059791568847, 0.8356539125021928, 0.33147167028407126, -0.2004571316420932, 0.46227227737197585, -0.03523605903650434, 0.02540065423311845, -0.44976615616900206]
other derivatives: [-0.13324097 -1.38579708 -0.40217856  0.38653525 -0.19599611 -0.62809704]
Current x array =  [-0.63222737 -0.82565496 -0.50174131  0.48467128 -1.90311421 -1.86748643
 -0.93482062 -0.16121553 -0.42321424  0.09056285 -1.04950539 -3.15289645
 -2.39746389 -1.40284427 -1.08720722 -0.63291155]
log likelihood =  -5715.622118372299
Edge derivatives =  [0.15602527778484132, -0.4002499649634457, 0.13354138182227215, 0.1374616750042852, -0.17239211652037612, -0.24176566843514424, 0.09314174296515974, -0.30778990010211327, -0.5178649146132809, -0.21056448203341205]
other derivatives: [-1.75350579 -0.6701157   6.7111614  -0.093587   -0.63046173 -0.21591404]
Current x array =  [-0.63139155 -0.82654817 -0.50628987  0.48574702 -1.90096783 -1.90032252
 -0.951056   -0.1623981  -0.42511763  0.09686225 -1.04362067 -3.15820174
 -2.37300467 -1.39963433 -1.08283887 -0.63580391]
log likelihood =  -5715.604532337653
Edge derivatives =  [0.3252943666059896, 0.23426387749563224, 0.005417149933806598, 0.12100254995888354, 0.08197034307658391, -0.21209393857032313, 0.07576441562143192, -0.2850480108568747, -0.2603087144475559, 0.16768121254542745]
other derivatives: [ 0.99425961 -0.56024874 -0.57980287 -0.02437446 -0.33232936 -0.02582965]
Current x array =  [-0.63278331 -0.82637954 -0.50177593  0.48650841 -1.90159253 -1.91069961
 -0.95434553 -0.17053877 -0.42166426  0.09722736 -1.04453815 -3.16043818
 -2.36692704 -1.3989404  -1.08468248 -0.63711388]
log likelihood =  -5715.602590529676
Edge derivatives =  [0.2561724593191157, 0.045303553071113715, -0.012409746008481964, 0.06084444117008653, 0.15331804666615417, -0.20597663226625898, 0.12402749638682029, -0.22795313169029854, -0.08282422016899309, 0.13631431739788813]
other derivatives: [ 0.18662831 -0.23010216  0.00891305 -0.11614247 -0.17353159 -0.05675247]
Current x array =  [-0.63239985 -0.82687028 -0.5020707   0.486894   -1.9028495  -1.90771958
 -0.95214814 -0.16680961 -0.42104084  0.09778145 -1.0452737  -3.15978014
 -2.3692699  -1.39953437 -1.08637612 -0.63660975]
log likelihood =  -5715.60178926391
Edge derivatives =  [0.23236067636891417, 0.014459607803662122, 0.007982609548973674, -0.02339331287591062, 0.15879033470879492, -0.20156670715351413, 0.12655868966088119, -0.18565895403686183, 0.0034871538525885204, 0.1309414598937263]
other derivatives: [-0.01509761  0.02119123  0.17553248 -0.16207196 -0.03983587 -0.03356035]
Current x array =  [-0.63230417 -0.82719968 -0.50214283  0.4870673  -1.90366927 -1.90883433
 -0.95137902 -0.16587392 -0.42114806  0.09870333 -1.04503222 -3.16035463
 -2.36851487 -1.40001449 -1.08716202 -0.6363212 ]
log likelihood =  -5715.600594240394
Edge derivatives =  [0.17768909183061998, 0.0005025285227519705, 0.018391864665893876, -0.1426888879830573, 0.10859327453386723, -0.19675247011742514, 0.1144245223505781, -0.09833884146997449, 0.09389270213718258, 0.07019668224316611]
other derivatives: [-0.41582098  0.22628228  0.07748895 -0.08840289  0.08785719  0.01400622]
Current x array =  [-0.63214078 -0.82751131 -0.50205328  0.48671586 -1.90472988 -1.91133735
 -0.94983239 -0.16520277 -0.42123367  0.09987248 -1.04393015 -3.16217153
 -2.36633626 -1.40130137 -1.08799381 -0.63556017]
log likelihood =  -5715.600766368323
Edge derivatives =  [0.08410598405877162, -0.0005067481788872397, 0.053796681254634215, -0.137869905414646, 0.11148304607670903, -0.18033842272911035, 0.11096559716765507, 0.07300712632868428, 0.28770275691862135, -0.10671856882995412]
other derivatives: [ 1.682929    0.11850716  0.88130037 -0.10168151  0.36179699  0.08285497]
Current x array =  [-0.63310963 -0.82739594 -0.50242823  0.48662683 -1.90612265 -1.91429584
 -0.94620111 -0.16490105 -0.42116036  0.10042855 -1.04310694 -3.16548036
 -2.36364083 -1.40343692 -1.08988549 -0.63368094]
log likelihood =  -5715.600127791325
Edge derivatives =  [0.1346083302844498, 3.544668960128901e-05, 0.0346934352521725, -0.1404937413864673, 0.10993061156748311, -0.18917913013627008, 0.11282828366301952, -0.01932091238925096, 0.18326536051915726, -0.011295168142722689]
other derivatives: [ 0.55188139  0.17653292  0.44774424 -0.0948603   0.2140041   0.04574758]
Current x array =  [-0.63258719 -0.82745815 -0.50222604  0.48667484 -1.90537161 -1.9127005
 -0.94815925 -0.16506375 -0.42119989  0.10012869 -1.04355085 -3.1636961
 -2.36509431 -1.40228534 -1.08886542 -0.6346943 ]
log likelihood =  -5715.599357590293
Edge derivatives =  [0.08227410538172619, 0.05775030054953185, 0.03238758235125966, -0.1517268398986082, 0.017851422658062492, -0.18829518431916248, 0.08812981480139345, 0.04648769244160961, 0.1614893584851484, -0.12165601256265357]
other derivatives: [-0.07503331  0.14360921  0.16052581  0.05156835  0.1970875   0.0766704 ]
Current x array =  [-0.63232734 -0.8274649  -0.50206373  0.48603666 -1.90553487 -1.91432767
 -0.9465261  -0.16627547 -0.42145318  0.10016578 -1.04223245 -3.16587223
 -2.36312898 -1.40356948 -1.08869071 -0.63388183]
log likelihood =  -5715.598908748443
Edge derivatives =  [0.048367795770649424, 0.08284329298210642, 0.02030352216496739, -0.11573964391970482, -0.044999061514886834, -0.18892116847935703, 0.07097503378159642, 0.06821277373496401, 0.09676181336652871, -0.1719907682883175]
other derivatives: [-0.13260433  0.04592948  0.06039045  0.12514647  0.09185896  0.08021743]
Current x array =  [-0.63231691 -0.82735941 -0.50200642  0.48577212 -1.90514839 -1.91447537
 -0.94549732 -0.16708566 -0.4215531   0.0996716  -1.04147958 -3.16730298
 -2.36223915 -1.404181   -1.08809022 -0.63365119]
log likelihood =  -5715.598035578864
Edge derivatives =  [-0.021509661329213337, 0.0697002157772319, 0.015128387351294958, -0.01948514015570252, -0.10674893744847966, -0.18253780482573895, 0.04186267800331181, 0.09423200095590512, -0.0007715558439599784, -0.14484525593158337]
other derivatives: [-0.17780621 -0.1553417  -0.04329195  0.08012648 -0.00409273  0.08740244]
Current x array =  [-0.63232031 -0.82717212 -0.50190508  0.48614934 -1.90471273 -1.91442637
 -0.94319344 -0.16728354 -0.42160784  0.09864713 -1.0405856  -3.17083399
 -2.36033999 -1.40498531 -1.08714235 -0.63403372]
log likelihood =  -5715.59770701699
Edge derivatives =  [-0.10829062553993579, 0.05197617563554717, 0.00773760999283879, 0.08670980020338576, -0.12485627504312148, -0.16570046443720665, -0.0006463683703572809, 0.09286061745471977, -0.14203948900750762, -0.018198161339043173]
other derivatives: [ 0.4467438   0.85983629 -0.19517756  0.1202352  -0.25520421  0.07976269]
Current x array =  [-0.6325818  -0.82824749 -0.50177276  0.4862755  -1.90384935 -1.91350959
 -0.94027924 -0.16714569 -0.42164725  0.09730545 -1.03983002 -3.17709459
 -2.35742227 -1.4054274  -1.08563458 -0.63518428]
log likelihood =  -5715.59692162723
Edge derivatives =  [-0.13952001634727101, -0.015298170504239787, 0.002809417448529139, 0.12530701046506615, -0.08460876922171134, -0.15809241141560593, 0.0012904817076948016, 0.09348181509544679, -0.11299551410342674, 0.03070392697869373]
other derivatives: [ 0.07175913  0.0336513  -0.111595   -0.03628884 -0.12187229  0.08021743]
Current x array =  [-0.63244091 -0.82740826 -0.50179097  0.48696331 -1.90424664 -1.91276668
 -0.9392187  -0.16614997 -0.4213495   0.09707793 -1.04032199 -3.17855435
 -2.35725874 -1.40537671 -1.08605224 -0.63555666]
log likelihood =  -5715.59663407591
Edge derivatives =  [-0.13661649850922497, -0.03538495271442132, 0.0004884272038338522, 0.11437130295819226, -0.03310945935900561, -0.15191894157724412, 0.002579293716603537, 0.07649818935269151, -0.07913668576784787, 0.0756507701026028]
other derivatives: [ 0.01145963 -0.06984919 -0.05084075 -0.08858478 -0.0422915   0.07912604]
Current x array =  [-0.63241173 -0.82730241 -0.50182558  0.48715404 -1.90453289 -1.91245215
 -0.93926131 -0.16569527 -0.42115238  0.09726153 -1.04085102 -3.17948235
 -2.35708793 -1.40497172 -1.08644565 -0.63584638]
log likelihood =  -5715.595871463951
Edge derivatives =  [-0.1442797098869295, -0.06238716199540385, -0.017097377294199995, 0.07516948300192966, 0.06398461006920146, -0.1309731456870997, -0.026437392507271992, 0.010309536328522911, -0.06353666862165926, 0.1605496286037139]
other derivatives: [-0.15006663 -0.15170372  0.45820343 -0.13296813  0.05029506  0.07075869]
Current x array =  [-0.63232436 -0.82720535 -0.50216076  0.48718757 -1.90487102 -1.91158688
 -0.9391184  -0.16532944 -0.42081088  0.09766714 -1.04170976 -3.18536528
 -2.35491344 -1.40380622 -1.08693036 -0.63658872]
log likelihood =  -5715.59536339252
Edge derivatives =  [-0.11742880883623213, -0.04829274919428624, -0.011214228159321521, -0.04198237281114914, 0.24344394347306278, -0.0948149852640596, -0.060982264057011584, -0.08868578506878166, 0.02533425857394675, 0.2703259976088578]
other derivatives: [ 0.26784619 -0.25193003 -0.56024874 -0.10204531  0.21263986  0.05420588]
Current x array =  [-0.63253417 -0.82705088 -0.50155744  0.48703338 -1.90564198 -1.91029988
 -0.93959318 -0.16505548 -0.42043208  0.09880441 -1.04301125 -3.19475046
 -2.35163291 -1.40189429 -1.0881809  -0.63723793]
log likelihood =  -5715.594652981419
Edge derivatives =  [-0.12952750667389756, -0.01572507800441264, -0.024084561416221006, -0.05229475119274135, 0.2024757296154273, -0.08854463227221487, -0.09516493945450662, -0.10556099748752662, -0.02085489138145019, 0.18549454185363434]
other derivatives: [-0.09003998 -0.04620233  0.14533725 -0.02328306  0.14224497  0.04674803]
Current x array =  [-0.63235204 -0.82725979 -0.50203117  0.4865321  -1.90538021 -1.91011227
 -0.93942395 -0.166065   -0.4205827   0.09881592 -1.04244136 -3.19909114
 -2.34981189 -1.40184057 -1.08801417 -0.63686077]
log likelihood =  -5715.594207630598
Edge derivatives =  [-0.1274456953465508, 0.03312109244162287, -0.026198515149561813, -0.056469025340546264, 0.1383522762936363, -0.08512611554296526, -0.1227527016038588, -0.11307629564339783, -0.06705014469768661, 0.07441303196818261]
other derivatives: [-0.15024852  0.05948095  0.24783731  0.08112693  0.02964953  0.03346941]
Current x array =  [-0.63232397 -0.82734776 -0.50212455  0.48603153 -1.90494992 -1.90977923
 -0.93956333 -0.16725489 -0.42084056  0.09872206 -1.04158375 -3.20287605
 -2.34845404 -1.40196845 -1.08778271 -0.63623031]
log likelihood =  -5715.593559600207
Edge derivatives =  [-0.09004826302011598, 0.07210215187375409, -0.00406629729094532, -0.03166574562409108, 0.07101013561552014, -0.07551364394020954, -0.1408744742782136, -0.10844138491837524, -0.04312462452877447, -0.04354729191531881]
other derivatives: [-0.14533725  0.09558789  0.20227162  0.06421033 -0.00327418  0.00727596]
Current x array =  [-0.63232186 -0.82736403 -0.50210072  0.48610253 -1.90463918 -1.90873095
 -0.94055476 -0.167979   -0.42104628  0.09855743 -1.04046518 -3.20911747
 -2.34731186 -1.40218882 -1.08831608 -0.63545934]
log likelihood =  -5715.592735805461
Edge derivatives =  [-0.03537442997421553, 0.02343192127919769, -0.01650662538407291, -0.05138607581819715, -0.0659733793405907, -0.054608857704968816, -0.1367417121284431, -0.031205732875382614, 0.005311489404868058, -0.06255281738790641]
other derivatives: [ 0.64701453 -0.1546141   0.29740477  0.11887096 -0.23846951 -0.03929017]
Current x array =  [-0.63266846 -0.82701793 -0.50217773  0.48586247 -1.9034588  -1.90646749
 -0.94314673 -0.16745185 -0.42095514  0.09832442 -1.03813691 -3.22243619
 -2.34700302 -1.40350891 -1.08916908 -0.63559892]
log likelihood =  -5715.593249207737
Edge derivatives =  [0.02165842157769704, -0.017241279487189325, -0.01717731035210615, -0.05212061496753395, -0.13549733363826283, -0.03251457184778336, -0.12600284635030645, 0.011461824991535086, 0.08046327815882409, -0.030094752559831628]
other derivatives: [-1.61126081  0.04947651 -0.86529326  0.08849383 -0.32250682 -0.07858034]
Current x array =  [-0.63163277 -0.82731137 -0.50151268  0.48619279 -1.90298141 -1.90421908
 -0.94552486 -0.16636423 -0.42077367  0.09800116 -1.03657711 -3.23420549
 -2.34713684 -1.40442195 -1.09016171 -0.6359953 ]
log likelihood =  -5715.592461190827
Edge derivatives =  [-0.01418681323686316, 0.008349033056365342, -0.01675974200762384, -0.05164885363842259, -0.09165672399722423, -0.04633020677304184, -0.1327511233370604, -0.015329851554807483, 0.03321605238373557, -0.05049453210666721]
other derivatives: [-0.19044819 -0.07894414 -0.13405952  0.10768417 -0.26966518 -0.05402399]
Current x array =  [-0.63228399 -0.82712686 -0.50193085  0.48598509 -1.90328158 -1.90563283
 -0.94402954 -0.1670481  -0.42088778  0.09820442 -1.03755788 -3.2268052
 -2.3470527  -1.40384785 -1.08953756 -0.63574607]
log likelihood =  -5715.592281221902
Edge derivatives =  [0.009013553806907382, -0.011293962865951516, -0.0058498188864471445, -0.04679142306223599, -0.06374862306318532, -0.04449229725019932, -0.11294523472928986, -0.00031490504728087787, 0.08000505767559479, -0.0007837781846355973]
other derivatives: [-0.09722498 -0.06657501 -0.10759322  0.04729372 -0.17698767 -0.05284164]
Current x array =  [-0.63231508 -0.82714461 -0.50193517  0.48621743 -1.90356305 -1.90558296
 -0.94468584 -0.16639931 -0.42074837  0.09832738 -1.03779313 -3.22644035
 -2.3479857  -1.40388123 -1.08989761 -0.6359871 ]
log likelihood =  -5715.592053634289
Edge derivatives =  [0.043876633619050864, -0.010569100861731776, 0.03189027049615428, 0.036213209294500226, -0.04216307381246101, -0.036419920447268106, -0.0898341915177739, 0.0384962093910646, 0.08724408272055535, 0.03379819623571856]
other derivatives: [ 0.04638423  0.06457412 -0.02801244 -0.02728484  0.00436557 -0.05420588]
Current x array =  [-0.63235904 -0.8273019  -0.5019553   0.48646321 -1.90406911 -1.90542462
 -0.94529569 -0.16588549 -0.42063224  0.09803181 -1.03769739 -3.22825405
 -2.34926536 -1.40426099 -1.08970274 -0.63605609]
log likelihood =  -5715.591906322716
Edge derivatives =  [0.05640482706494643, -0.027024404788044958, 0.03793743106753217, 0.06498938397643111, -0.012632555885398265, -0.028663553073645626, -0.07072810948582947, 0.06226186854323634, 0.06106964356525603, 0.06134327063408951]
other derivatives: [ 0.0079126  -0.11577868  0.04238245 -0.05366019  0.11459633 -0.05056791]
Current x array =  [-0.63234052 -0.82712967 -0.50198726  0.48650686 -1.90443734 -1.90549871
 -0.94563584 -0.16538018 -0.42038714  0.09797868 -1.03780997 -3.23011666
 -2.35059094 -1.40443118 -1.08922683 -0.6361591 ]
log likelihood =  -5715.59172691327
Edge derivatives =  [0.05960859786464351, -0.034503960618056086, 0.028653595245525965, 0.07100655397520572, 0.03759727862395131, -0.013306220424615017, -0.04912599337832807, 0.0840041108971408, -0.00350478445610318, 0.08213549906041284]
other derivatives: [ 0.16661943  0.13023964 -0.0001819  -0.03701643  0.14642865 -0.04874892]
Current x array =  [-0.63240341 -0.82740628 -0.50194859  0.48644395 -1.90466065 -1.90558867
 -0.94576218 -0.16493173 -0.41996749  0.09797732 -1.03787547 -3.23454362
 -2.35227806 -1.40451018 -1.08822351 -0.63617417]
log likelihood =  -5715.59157650528
Edge derivatives =  [0.04112171951924376, -0.03895260621529101, 0.00014357496031341954, 0.03338136042918072, 0.04860041984971208, -0.007048809319934429, -0.04395977272676903, 0.07226849107880845, -0.0566751132826933, 0.04798354540744909]
other derivatives: [ 0.03592504 -0.00100044  0.05511538 -0.01073204  0.09385985 -0.04420144]
Current x array =  [-0.63235705 -0.82727512 -0.50198983  0.48634896 -1.90459362 -1.905894
 -0.94550114 -0.16503668 -0.41973228  0.09815283 -1.03787335 -3.23707414
 -2.35314907 -1.40424319 -1.08761335 -0.63593703]
log likelihood =  -5715.591455802607
Edge derivatives =  [0.016416808001959438, -0.03204882970610781, -0.03134606004165558, -0.02191452693989998, 0.04707960525726583, -0.0031870723956536617, -0.0396239713873502, 0.041424819943933266, -0.08473211178707485, -0.006163950903109505]
other derivatives: [-0.02291927 -0.04147296 -0.0001819   0.01855369 -0.00491127 -0.03801688]
Current x array =  [-0.63234683 -0.82723089 -0.50196489  0.48629658 -1.90438901 -1.90636623
 -0.94506583 -0.16539659 -0.419576    0.09840261 -1.03777719 -3.23918322
 -2.35396687 -1.40368191 -1.08730861 -0.63553849]
log likelihood =  -5715.591375365566
Edge derivatives =  [0.002280740884224697, -0.024415466830933024, -0.0430620238550726, -0.04022734270566086, 0.025104499871125292, -0.0010878765753680464, -0.029555986153618943, 0.012742088011354374, -0.06732591421086925, -0.03978176601864547]
other derivatives: [-0.12169039 -0.00400178  0.16789272  0.01073204 -0.04565663 -0.03083187]
Current x array =  [-0.63230175 -0.82726807 -0.50207747  0.48634088 -1.90425726 -1.90682405
 -0.94482744 -0.16570938 -0.41956885  0.09849118 -1.03747038 -3.24104864
 -2.35491153 -1.40311892 -1.08749571 -0.63527413]
log likelihood =  -5715.591330609977
Edge derivatives =  [-0.014577025387583209, 0.0006359552334856012, -0.04046445820296371, -0.048926109563760645, 0.009110457868051182, 0.0009189645981774464, -0.005036661774626208, -0.031881934008756135, -0.019849395944361553, -0.053816176668806115]
other derivatives: [ 0.06457412 -0.06984919 -0.23555913  0.01109584 -0.05411493 -0.01236913]
Current x array =  [-0.63240443 -0.8271848  -0.50182862  0.48643299 -1.9042482  -1.90783574
 -0.94429277 -0.16616522 -0.41963852  0.09856011 -1.03716709 -3.2423573
 -2.35667226 -1.40215346 -1.08785947 -0.63498751]
log likelihood =  -5715.591286151609
Edge derivatives =  [-0.004319296106387649, -0.0047002565417550955, -0.02770217234084743, -0.021718562504305983, 0.001537094765533209, -0.00024520482117557085, -0.006410561945171062, -0.017859406895581964, -0.006544857724008327, -0.034781733557089245]
other derivatives: [-0.00272848 -0.00627551 -0.00754881 -0.00754881 -0.01464286 -0.01518856]
Current x array =  [-0.6323588  -0.82725441 -0.50196972  0.48644903 -1.90429735 -1.90761779
 -0.94453216 -0.1660285  -0.41972616  0.09842893 -1.03711042 -3.24197998
 -2.35639627 -1.40240655 -1.08802644 -0.63515847]
log likelihood =  -5715.591279696354
Edge derivatives =  [-0.00028411593233124144, -0.004080237608614999, -0.018311428916121752, -0.004888113594686161, -0.0007956736235211759, -0.0005783156213215734, -0.0043333796450616135, -0.012910825619846494, 0.002517326484725274, -0.020953329365508644]
other derivatives: [ 0.00209184  0.00645741  0.01755325 -0.01346052  0.01191438 -0.01418812]
Current x array =  [-0.63235623 -0.82726719 -0.50198499  0.48645145 -1.90434398 -1.90762823
 -0.94458339 -0.16599649 -0.41979266  0.09834972 -1.03708166 -3.24177709
 -2.35642978 -1.40247139 -1.08810621 -0.63524867]
      fun: 5715.591279696354
 hess_inv: <16x16 LbfgsInvHessProduct with dtype=float64>
      jac: array([-0.00209184, -0.00645741, -0.01755325,  0.01346052, -0.01191438,
        0.01418812,  0.00028412,  0.00408024,  0.01831143,  0.00488811,
        0.00079567,  0.00057832,  0.00433338,  0.01291083, -0.00251733,
        0.02095333])
  message: b'CONVERGENCE: REL_REDUCTION_OF_F_<=_FACTR*EPSMCH'
     nfev: 66
      nit: 59
   status: 0
  success: True
        x: array([-0.63235623, -0.82726719, -0.50198499,  0.48645145, -1.90434398,
       -1.90762823, -0.94458339, -0.16599649, -0.41979266,  0.09834972,
       -1.03708166, -3.24177709, -2.35642978, -1.40247139, -1.08810621,
       -0.63524867])
