number of sites to be analyzed:  327
log likelihood =  4653.152344341403
Lr derivatives =  [-298.6022405124968, -361.89619904034595, -227.7231285769191]
other derivatives =  [-23.47242116 -42.37354005  11.25672497 -15.22066668 342.04076655
  -1.10630936]
Current x_clock array =  [-0.77179772 -0.71229718 -0.70075757  0.74193734 -0.10536052 -0.51082562
 -0.51082562 -0.51082562 -0.51082562]
log likelihood =  4341.122688548021
Lr derivatives =  [71.3124317344402, -143.25739433706204, -108.85652798858696]
other derivatives =  [-19.47964847 -16.22638592 -56.21186574 -14.76637408 283.36562536
  31.89497875]
Current x_clock array =  [-0.7702094  -0.71083979 -0.72552808  0.77543054 -0.8580238  -0.50839118
  0.14625086 -0.50970155 -0.50970155]
log likelihood =  4103.504521680279
Lr derivatives =  [65.03409811792343, -83.5553704229535, -73.89134396979061]
other derivatives =  [  1.55177986  30.44224286  11.82634151   3.1149284  155.26402422
  36.66827979]
Current x_clock array =  [-0.74476094 -0.7076481  -0.61868321  0.82908698 -1.95801308 -0.57644961
  0.41095003 -0.48357475 -0.45200259]
log likelihood =  4109.356036363134
Lr derivatives =  [-74.57251615152181, -73.06830607634586, -2.0108903968317904]
other derivatives =  [-188.87403712 -195.62012312 -321.9228347    28.68173397  -53.42708391
   20.02934707]
Current x_clock array =  [-0.83552565 -1.11335797 -0.94303879  0.77686072 -3.37668669 -0.87203439
  0.47244398 -0.25333978 -0.13421756]
log likelihood =  4039.861308643197
Lr derivatives =  [-5.706361534979523, -72.11811317677441, -46.61652274143277]
other derivatives =  [ -95.97115422  -98.88240129 -183.40097085   16.49468686   46.51719792
   30.6923539 ]
Current x_clock array =  [-0.7870197  -0.89654086 -0.76969856  0.80477117 -2.61852738 -0.71406969
  0.43958074 -0.37638062 -0.30404639]
log likelihood =  3996.413962986344
Lr derivatives =  [-46.62485014338307, -59.95029227633925, -14.56169612987437]
other derivatives =  [135.54035831 -44.79024938  99.72172847   7.74525688 -19.07164915
  27.28011168]
Current x_clock array =  [-0.65358984 -0.84197201 -0.54062536  0.77302172 -3.21335526 -0.84598597
  0.52081953 -0.24258143 -0.16950368]
log likelihood =  3983.6971026899064
Lr derivatives =  [-36.38146227555599, -47.50908445280565, -2.518776275563326]
other derivatives =  [-26.8516942  -14.49752745  15.10211405   8.20650712 -13.32573447
  25.3842245 ]
Current x_clock array =  [-0.74155372 -0.79931365 -0.58874213  0.76134528 -3.19271402 -0.8768794
  0.53109471 -0.19619111 -0.15495787]
log likelihood =  3979.7055443147456
Lr derivatives =  [-23.52857212483206, -31.695547459103373, 13.541449221792583]
other derivatives =  [-21.51400622   4.46652848  -7.02825673   4.35770744  -6.97054929
  23.14845915]
Current x_clock array =  [-0.74097571 -0.78039175 -0.60221397  0.74534574 -3.22360008 -0.92095842
  0.55875092 -0.13918567 -0.13485505]
log likelihood =  3973.817129878117
Lr derivatives =  [-3.2204749755019435, -3.078428841963779, 27.971873092141543]
other derivatives =  [-22.81080924  14.50202944   1.91948857  -3.97767508   4.9270966
  17.29949872]
Current x_clock array =  [-7.46542956e-01 -7.77386564e-01 -5.94786356e-01  7.12120055e-01
 -3.33809814e+00 -1.04888781e+00  6.48253186e-01 -4.17651228e-04
 -1.34891325e-01]
log likelihood =  3971.61944124607
Lr derivatives =  [-1.9271736143483942, -7.810452421229704, -1.3356676971152663]
other derivatives =  [ 27.47083272  14.88160706 -54.49523997  -5.88270268   3.69445843
  12.14211807]
Current x_clock array =  [-0.7189921  -0.78155053 -0.62990578  0.70923239 -3.43184657 -1.15509008
  0.74743432  0.         -0.21270325]
log likelihood =  3969.4390527749288
Lr derivatives =  [-8.152772474888087, -13.073635121394958, -9.385176731716951]
other derivatives =  [  8.19622983   8.25430106 -13.53687367  -6.02744876  -2.77577783
  10.41967153]
Current x_clock array =  [-0.72864287 -0.79048187 -0.60256141  0.71143677 -3.52375333 -1.21718082
  0.81118172  0.         -0.23354504]
log likelihood =  3968.3517961639204
Lr derivatives =  [-9.92162625054103, -15.69696993991148, -15.580934527191026]
other derivatives =  [-2.0727839  -2.83002919 11.39901542 -6.77841854 -5.60203262  7.99718691]
Current x_clock array =  [-0.73380995 -0.80534826 -0.58695757  0.71651046 -3.62485967 -1.30903741
  0.90102973  0.         -0.25375739]
log likelihood =  3967.4348892549747
Lr derivatives =  [-8.382935454698874, -15.205949796681134, -16.88699309315404]
other derivatives =  [-5.13609848 -8.71377779 16.90450517 -7.40456017 -5.26820259  5.73554644]
Current x_clock array =  [-0.73551422 -0.81414894 -0.5834788   0.72775807 -3.71435196 -1.40691401
  0.99114897  0.         -0.25770689]
log likelihood =  3965.3108003081697
Lr derivatives =  [-6.062472867350721, -11.635352450678674, -10.451773508615291]
other derivatives =  [ 0.83036866 -1.11917871 19.77332431 -6.06605681 -5.25724317  1.36960807]
Current x_clock array =  [-0.73220369 -0.80886355 -0.58143081  0.79406136 -3.94020761 -1.66255098
  1.20561801  0.         -0.22434947]
log likelihood =  3967.5867620469426
Lr derivatives =  [20.085321004976088, 7.59023373443104, 19.750916141562357]
other derivatives =  [  4.55820555 -57.16310625 -19.66154741  -4.30418368  18.91198735
   0.14997568]
Current x_clock array =  [-0.73300353 -0.87822696 -0.60467423  0.91807207 -3.99089652 -1.84327173
  1.36288695  0.         -0.15359408]
log likelihood =  3964.9188287355764
Lr derivatives =  [0.8728394069615497, -6.559889864856076, -3.191462776308329]
other derivatives =  [  1.67647158 -17.34056241   8.53551683  -5.53814061   1.14782779
   0.99180397]
Current x_clock array =  [-0.73242581 -0.82812626 -0.58788567  0.82850001 -3.95428428 -1.71273841
  1.2492927   0.         -0.2047002 ]
log likelihood =  3964.4850491262523
Lr derivatives =  [0.3968154035896454, -5.252139927172176, 2.1806182276481194]
other derivatives =  [ 0.53769327 -3.91564754  1.56110218 -3.81623977  0.11641532 -0.22305358]
Current x_clock array =  [-0.73321599 -0.81305319 -0.59190322  0.87075845 -4.04190045 -1.81717107
  1.329107    0.         -0.18423228]
log likelihood =  3964.4196877437475
Lr derivatives =  [0.9835207508020858, -4.943222202195844, 1.8680678489684626]
other derivatives =  [ 0.79121492  0.42869033 -0.91731636 -2.92729965  0.62104846 -0.47025424]
Current x_clock array =  [-0.73330205 -0.80824191 -0.5933384   0.89164775 -4.05550695 -1.83997762
  1.34827805  0.         -0.18529242]
log likelihood =  3964.371726812582
Lr derivatives =  [1.0957530221958542, -5.059776148323975, 0.9490988187675291]
other derivatives =  [ 0.29276634  2.0979769  -2.12139639 -1.64686753  0.79317033 -0.52032192]
Current x_clock array =  [-0.73368295 -0.80637575 -0.59402043  0.91696577 -4.05730761 -1.84845518
  1.3557803   0.         -0.18814998]
log likelihood =  3964.3552409557824
Lr derivatives =  [0.563000256763349, -5.336230787018115, 0.8588920612368653]
other derivatives =  [ 6.67610038  1.47319952  1.66719474 -0.08972165  0.4886715  -0.32468961]
Current x_clock array =  [-0.73011651 -0.8071367  -0.59163277  0.94314211 -4.04745888 -1.83895622
  1.34780103  0.         -0.18818847]
log likelihood =  3964.340276790129
Lr derivatives =  [-0.46333655560169973, -6.240485486919115, -0.6195897556194221]
other derivatives =  [-2.06819095  0.06002665 -1.20726327  0.45783963 -0.35574885 -0.13988029]
Current x_clock array =  [-0.73479539 -0.80840339 -0.59341529  0.94834739 -4.03522414 -1.82371082
  1.33545741  0.         -0.19224572]
log likelihood =  3964.3364136633263
Lr derivatives =  [-0.12935659212146078, -5.960922875167529, -0.13794445501325958]
other derivatives =  [-0.01027729  0.03183231 -0.25747795  0.02287379 -0.0599357  -0.13005774]
Current x_clock array =  [-0.73369228 -0.80846597 -0.59284613  0.9410273  -4.03360315 -1.82132897
  1.33348967  0.         -0.19104636]
log likelihood =  3964.3362157039883
Lr derivatives =  [-0.06045043864786592, -5.906787321953471, -0.033396610576458485]
other derivatives =  [ 0.00482032 -0.009004    0.11859811 -0.00336513  0.02928573 -0.09363248]
Current x_clock array =  [-0.73369261 -0.80848931 -0.59263709  0.94030184 -4.03090381 -1.81823015
  1.33110288  0.         -0.19084023]
log likelihood =  3964.3361878230917
Lr derivatives =  [-0.06712029402965669, -5.91550182043952, -0.05419649361459378]
other derivatives =  [ 0.13146746 -0.02046363 -0.12032615 -0.01646185  0.03269633 -0.07530616]
Current x_clock array =  [-0.73362922 -0.80848717 -0.59277197  0.93987539 -4.02966091 -1.81637915
  1.32988824  0.         -0.19093298]
log likelihood =  3964.3361485542455
Lr derivatives =  [-0.06207245278875817, -5.907940578569527, -0.023405049279189516]
other derivatives =  [ 0.00964064 -0.01109584 -0.02364686 -0.01036824  0.03660716 -0.07048584]
Current x_clock array =  [-0.73369282 -0.80847105 -0.59271948  0.93999939 -4.02968913 -1.81608878
  1.32994019  0.         -0.19084583]
log likelihood =  3964.336065448875
Lr derivatives =  [-0.05941684501882705, -5.895830016424199, 0.04439072610596062]
other derivatives =  [-0.17143975  0.03951754  0.09204086  0.00941327  0.0351065  -0.06102709]
Current x_clock array =  [-0.73378826 -0.8084027  -0.59266343  0.94042853 -4.03027706 -1.81548211
  1.33052055  0.         -0.19064356]
log likelihood =  3964.3359547347295
Lr derivatives =  [-0.05891263314506645, -5.886601263693919, 0.11559624074185049]
other derivatives =  [-0.31909622  0.1027729   0.12232704  0.03669811  0.0261025  -0.04961294]
Current x_clock array =  [-0.73386068 -0.80831977 -0.59265888  0.94089679 -4.03163444 -1.81463874
  1.33180261  0.         -0.19043132]
log likelihood =  3964.3357336651734
Lr derivatives =  [-0.04981244273237451, -5.887629383744784, 0.16446473690063224]
other derivatives =  [-0.48612492  0.1409262   0.16780177  0.03697096  0.00636646 -0.02669367]
Current x_clock array =  [-0.73393115 -0.80825111 -0.59265842  0.94106444 -4.03462674 -1.81260973
  1.33460511  0.         -0.19031835]
log likelihood =  3964.3354826908267
Lr derivatives =  [0.00989165612120857, -5.8831829600606715, 0.15609937941736574]
other derivatives =  [-3.71846909e-01 -3.55157681e-02  1.43381840e-01  4.71573003e-02
  3.47426976e-02  3.18323146e-04]
Current x_clock array =  [-0.73385086 -0.80843896 -0.59270127  0.94154761 -4.03873143 -1.81025209
  1.33874923  0.         -0.19044812]
log likelihood =  3964.3355562942243
Lr derivatives =  [-0.030962371656166, -5.971393861203857, -0.07265521187145474]
other derivatives =  [-0.01518856  0.510272    0.1286935  -0.00100044 -0.04561116  0.02055458]
Current x_clock array =  [-0.73363223 -0.80781192 -0.5927365   0.94076624 -4.04397488 -1.80719677
  1.34344942  0.         -0.19117204]
log likelihood =  3964.3354019558437
Lr derivatives =  [-0.00695812703192189, -5.919770879612048, 0.061052446883172795]
other derivatives =  [-0.22960194  0.18771971  0.13178578  0.02382876 -0.00618456  0.0086402 ]
Current x_clock array =  [-0.73376014 -0.80817876 -0.59271589  0.94122337 -4.04090725 -1.80898426
  1.34069962  0.         -0.19074852]
log likelihood =  3964.3353507013544
Lr derivatives =  [0.006103624059619506, -5.922464781768282, 0.02802081249810051]
other derivatives =  [-0.06966729  0.01464286  0.0466116   0.01418812  0.00941327  0.00341061]
Current x_clock array =  [-0.73367282 -0.80838705 -0.5927656   0.9410839  -4.04141811 -1.80940524
  1.34122016  0.         -0.19086165]
log likelihood =  3964.3353457087997
Lr derivatives =  [0.005318761483437129, -5.930660835909033, -0.0022779321240933292]
other derivatives =  [ 8.82209861e-03 -1.70985004e-02 -1.13686838e-02 -1.45519152e-03
  1.09139364e-03 -9.09494702e-05]
Current x_clock array =  [-0.73362744 -0.80842226 -0.59279638  0.94086928 -4.04199187 -1.80957793
  1.34172855  0.         -0.19095339]
      fun: 3964.3353457087997
 hess_inv: <9x9 LbfgsInvHessProduct with dtype=float64>
      jac: array([ 8.82209861e-03, -1.70985004e-02, -1.13686838e-02, -1.45519152e-03,
        1.09139364e-03, -9.09494702e-05,  5.31876148e-03, -5.93066084e+00,
       -2.27793212e-03])
  message: 'CONVERGENCE: REL_REDUCTION_OF_F_<=_FACTR*EPSMCH'
     nfev: 33
      nit: 29
     njev: 33
   status: 0
  success: True
        x: array([-0.73362744, -0.80842226, -0.59279638,  0.94086928, -4.04199187,
       -1.80957793,  1.34172855,  0.        , -0.19095339])
{('N0', 'N1'): [11.506079825779146, 11.506079825779144], ('N0', 'ENSLOCG'): [0.0, 0.0], ('N1', 'ENSGACG'): [80.39067702532768, 80.76686663719146], ('N1', 'ENSDARG'): [85.42501259075561, 85.74406599601093]}
