number of sites to be analyzed:  229
log likelihood =  2854.0972029954237
Lr derivatives =  [-66.36421460205287, -196.92223530997725, -134.3707442626423]
other derivatives =  [-21.57726158 -18.74359441  16.01661097   7.35781214 157.67714103
   1.4678335 ]
Current x_clock array =  [-0.69810852 -0.67517047 -0.40691459  0.74193734 -0.10536052 -0.51082562
 -0.51082562 -0.51082562 -0.51082562]
log likelihood =  2729.7438339732003
Lr derivatives =  [34.53046140194432, -132.41488563919972, -107.4596724071745]
other derivatives =  [ -15.14440555    9.22696017 -105.89556041   11.22784852  107.23547348
    7.69382495]
Current x_clock array =  [-0.69434022 -0.67153554 -0.50004002  0.6991568  -1.02214314 -0.51936005
 -0.12496399 -0.50785553 -0.50785553]
log likelihood =  2802.5347097091253
Lr derivatives =  [48.91051789166888, -40.7375366541145, -30.857572198225654]
other derivatives =  [  52.45019565   13.43869371 2897.22347588   10.60807335    5.51845005
   13.34892659]
Current x_clock array =  [-0.65923045 -0.75665359 -0.06025353  0.59038244 -2.66081943 -0.56937087
  0.15120019 -0.26699654 -0.25322403]
log likelihood =  2642.9933884153706
Lr derivatives =  [41.14005021645262, -85.02085221884114, -69.85380570506743]
other derivatives =  [ 31.63163456  10.49256753 165.23531485   6.42089617  60.21973604
  13.51681931]
Current x_clock array =  [-0.67723521 -0.71300391 -0.28578195  0.64616339 -1.82048424 -0.54372465
  0.00957949 -0.39051226 -0.38380248]
log likelihood =  2602.698783585779
Lr derivatives =  [-7.14425741275457, -73.99055247184354, -51.946735680441584]
other derivatives =  [-22.90994416 -13.28621693 -56.42705219  15.78828233 -22.21495379
  13.42095857]
Current x_clock array =  [-0.72490093 -0.77504803 -0.38312001  0.58483939 -2.71689707 -0.58791888
  0.10410709 -0.25264959 -0.23219052]
log likelihood =  2585.508471213934
Lr derivatives =  [23.99231919309704, -40.51606979590452, -3.543172128643813]
other derivatives =  [ 3.19932951 -6.81093297 -4.8326001   9.69084795 -4.9015398  14.72235454]
Current x_clock array =  [-0.708004   -0.76628467 -0.3549254   0.56036344 -2.63327882 -0.61622361
  0.03508215 -0.08397997 -0.10395743]
log likelihood =  2579.2673149305347
Lr derivatives =  [33.003506869906666, -28.378642651216303, 29.061224093875254]
other derivatives =  [-3.77908691 -0.90594767 14.39984771  7.46135811  4.90986167 14.7884748 ]
Current x_clock array =  [-0.71291122 -0.74784776 -0.34905931  0.54208722 -2.4941373  -0.65087313
 -0.07407683  0.         -0.05932004]
log likelihood =  2575.6775615270935
Lr derivatives =  [24.08410990454489, -37.56139050439282, 10.98729788435887]
other derivatives =  [ 5.69516487  6.56400516 18.0335519   6.62539605 10.81780283 14.03213901]
Current x_clock array =  [-0.69805269 -0.72066771 -0.35393049  0.52272562 -2.29006939 -0.69559523
 -0.20921164  0.         -0.08282467]
log likelihood =  2573.4619606712517
Lr derivatives =  [-11.277902301390895, -59.02100217438998, 6.953456481374147]
other derivatives =  [-7.13766894 -7.42088559 20.18441592  3.68422661  5.06879587 11.48177944]
Current x_clock array =  [-0.70130552 -0.72486488 -0.35849051  0.45657079 -2.19585595 -0.81366686
 -0.36697296  0.         -0.07487499]
log likelihood =  2572.2363866287687
Lr derivatives =  [-9.178438152059758, -58.1317958328588, 1.8417081047058765]
other derivatives =  [10.53704182  1.828721    1.8535502   2.85590431 -2.21043592 10.17406248]
Current x_clock array =  [-0.68713007 -0.71381073 -0.37012982  0.42906535 -2.28720942 -0.86327159
 -0.33675052  0.         -0.0805021 ]
log likelihood =  2571.4609339874196
Lr derivatives =  [-8.086519107620134, -57.76867397583337, -6.249138488660584]
other derivatives =  [ -4.73069122   3.1323907  -11.1926056    1.36788003  -5.91894604
   8.54638529]
Current x_clock array =  [-0.70194077 -0.71351985 -0.37727637  0.39270357 -2.34266457 -0.93963427
 -0.31009417  0.         -0.09214598]
log likelihood =  2570.721948365609
Lr derivatives =  [-6.64676127159499, -56.89708870827262, -9.95333280697238]
other derivatives =  [ -1.33022695   0.74719537 -16.82838047  -1.79752533  -6.18028935
   6.74453986]
Current x_clock array =  [-0.69983454 -0.71798396 -0.38243515  0.34619033 -2.35328777 -1.05150438
 -0.3025227   0.         -0.09680131]
log likelihood =  2569.5383214753697
Lr derivatives =  [-2.0437061621397277, -53.22380500328034, -8.947581666212574]
other derivatives =  [-7.7113782   7.20633579 -9.17912075 -6.09697963 -3.42229214  3.95330062]
Current x_clock array =  [-0.70835593 -0.70716035 -0.3779877   0.28938649 -2.3391052  -1.29574152
 -0.2953371   0.         -0.09191399]
log likelihood =  2568.8073574263603
Lr derivatives =  [5.2203966489174665, -46.333767617620296, 3.784731719851486]
other derivatives =  [  7.3256615  -12.04393811  -3.33052412  -8.13556653   1.0259555
   2.14336069]
Current x_clock array =  [-0.69589848 -0.74319723 -0.37438447  0.28323135 -2.31921684 -1.55773568
 -0.27903139  0.         -0.07171607]
log likelihood =  2568.3636672835773
Lr derivatives =  [3.7869424680715245, -47.228872255303045, 4.462420033060532]
other derivatives =  [ 2.64303708 -3.60214472  3.64316293 -7.46063051  2.39961082  1.72944965]
Current x_clock array =  [-0.69947213 -0.72617911 -0.37034305  0.29650847 -2.2864888  -1.6460825
 -0.29794758  0.         -0.06913112]
log likelihood =  2567.9576631265772
Lr derivatives =  [2.0905880336086717, -48.15280543609241, 4.868241682413757]
other derivatives =  [-1.20035111  3.08737071  6.31198418 -4.79649316  3.17531885  1.12750058]
Current x_clock array =  [-0.70151941 -0.71342729 -0.36840177  0.33686759 -2.25568447 -1.79460834
 -0.31580771  0.         -0.06613549]
log likelihood =  2567.709840284815
Lr derivatives =  [-0.16573852450012438, -49.27460603533973, -0.11494600825278667]
other derivatives =  [-1.09284883  3.45021363 14.86032488 -1.23823156  0.80244718  0.52173164]
Current x_clock array =  [-0.70085075 -0.71440061 -0.36073934  0.38804875 -2.27066164 -1.95854373
 -0.31499855  0.         -0.06984789]
log likelihood =  2567.862121280159
Lr derivatives =  [-1.231173091831474, -49.942643528151955, 1.2237813542887856]
other derivatives =  [ -8.83551365  -0.35579433 -20.92410796   3.61105776   1.77028596
   0.07248673]
Current x_clock array =  [-0.70307324 -0.71863388 -0.38498625  0.44337288 -2.23002152 -2.19844751
 -0.33227823  0.         -0.0648631 ]
log likelihood =  2567.609070214239
Lr derivatives =  [-0.5427990532818185, -49.50584711887938, 0.32487117903183105]
other derivatives =  [-4.04165803  2.00075192  0.59917511  0.58753358  1.16160663  0.31877789]
Current x_clock array =  [-0.70170084 -0.71601982 -0.37001369  0.40921002 -2.25511695 -2.05030602
 -0.32160796  0.         -0.06794123]
log likelihood =  2567.5742479221412
Lr derivatives =  [0.02882219322426316, -48.92147349209749, 0.4327561677237419]
other derivatives =  [-0.59917511  0.42687134  0.25506779  0.5194579   0.3738478   0.18308128]
Current x_clock array =  [-0.69886298 -0.7196486  -0.36998211  0.40875358 -2.26737069 -2.10225434
 -0.31623513  0.         -0.06750477]
log likelihood =  2567.5658156022664
Lr derivatives =  [0.050583341695336514, -48.801962168100566, -0.2645389452073026]
other derivatives =  [ 0.33542165 -0.51827556 -0.19790605  0.2138222  -0.04738467  0.07862582]
Current x_clock array =  [-0.69813253 -0.72145942 -0.37027283  0.40429472 -2.27299514 -2.14753955
 -0.31460461  0.         -0.06796292]
log likelihood =  2567.5640473237713
Lr derivatives =  [0.1383849785027511, -48.6266260531249, 0.5071617764458161]
other derivatives =  [ 0.47325557 -0.06452865 -0.32036951  0.08644747 -0.17394086  0.0304226 ]
Current x_clock array =  [-0.69807889 -0.72069371 -0.37040626  0.40228571 -2.27436034 -2.17673874
 -0.31469188  0.         -0.06678506]
log likelihood =  2567.5633111149073
Lr derivatives =  [-0.05589269879162018, -48.76043761479184, -0.2349497061089103]
other derivatives =  [-0.23428584 -0.20800144 -0.12105374 -0.04902176 -0.08176357 -0.00536602]
Current x_clock array =  [-0.69866259 -0.72069312 -0.37035208  0.40043379 -2.27247181 -2.19608966
 -0.31581523  0.         -0.06746367]
log likelihood =  2567.5631637101274
Lr derivatives =  [-0.0017355934524498906, -48.733347659612896, -0.07241393344329694]
other derivatives =  [ 0.0894488   0.04242793 -0.0637101  -0.00859472 -0.01318767 -0.00077307]
Current x_clock array =  [-0.69836456 -0.72026719 -0.37034692  0.40117608 -2.27148643 -2.19499841
 -0.3161278   0.         -0.06728378]
log likelihood =  2567.563154088804
Lr derivatives =  [0.0030221932497962456, -48.71991289919943, 0.03711612779218143]
other derivatives =  [-0.02451088 -0.00813998  0.0122327   0.00304681  0.00200089  0.00059117]
Current x_clock array =  [-0.69846419 -0.72035062 -0.37028427  0.40138528 -2.2713851  -2.19473255
 -0.31610994  0.         -0.06715913]
log likelihood =  2567.563152760423
Lr derivatives =  [-0.00038391558901729184, -48.72506662839118, 0.000399796291048915]
other derivatives =  [-6.36646291e-04  6.82121026e-04 -5.91171556e-04  9.09494702e-05
 -2.72848411e-04  9.09494702e-05]
Current x_clock array =  [-0.69844268 -0.72033439 -0.37029618  0.40133476 -2.27138508 -2.1949047
 -0.31612525  0.         -0.06720015]
      fun: 2567.563152760423
 hess_inv: <9x9 LbfgsInvHessProduct with dtype=float64>
      jac: array([-6.36646291e-04,  6.82121026e-04, -5.91171556e-04,  9.09494702e-05,
       -2.72848411e-04,  9.09494702e-05, -3.83915589e-04, -4.87250666e+01,
        3.99796291e-04])
  message: b'CONVERGENCE: REL_REDUCTION_OF_F_<=_FACTR*EPSMCH'
     nfev: 26
      nit: 23
   status: 0
  success: True
        x: array([-0.69844268, -0.72033439, -0.37029618,  0.40133476, -2.27138508,
       -2.1949047 , -0.31612525,  0.        , -0.06720015])
