number of sites to be analyzed:  236
log likelihood =  3573.6325722585716
Lr derivatives =  [-243.44354579311397, -312.0308644055504, -172.961393328605]
other derivatives =  [-26.59348866  -2.94739948 -22.10990715  44.32131391 167.03943402
  17.70526978]
Current x_clock array =  [-0.71369585 -0.84749011 -0.53378939  0.74193734 -0.10536052 -0.51082562
 -0.51082562 -0.51082562 -0.51082562]
log likelihood =  3413.7109627366904
Lr derivatives =  [102.7538748103382, -113.62071895282008, -57.87586901375645]
other derivatives =  [-12.90013643  14.47665454 -36.24891178  12.05412445 158.47863324
  36.08251973]
Current x_clock array =  [-0.7114767  -0.8448236  -0.53217178  0.59374333 -0.66387835 -0.57002547
  0.30315918 -0.50911761 -0.50911761]
log likelihood =  3332.1048798430634
Lr derivatives =  [83.24448983193483, -87.08323726994502, -30.216563544973983]
other derivatives =  [ 13.8150881   13.58353074  22.93668331  12.95197762 128.34766494
  32.79778866]
Current x_clock array =  [-0.69048986 -0.86959366 -0.47089166  0.5610554  -0.98130817 -0.63680521
  0.19239947 -0.33006378 -0.41856437]
log likelihood =  3312.663408413886
Lr derivatives =  [-97.93570815199294, -109.78236081356243, 20.66481195854061]
other derivatives =  [-209.7180186   -19.51557351 -232.8919436    32.12817319  -97.40670066
   10.05282684]
Current x_clock array =  [-0.84592813 -0.99644685 -0.73609332  0.33207074 -2.57433037 -0.98770082
 -0.00397927  0.         -0.19302387]
log likelihood =  3231.788081301822
Lr derivatives =  [-33.849152186128464, -78.3985389462415, -10.293582852195556]
other derivatives =  [156.78415366   9.55765245  -9.18289516   6.12144504 -18.78524927
  14.32449608]
Current x_clock array =  [-0.58864534 -0.95430129 -0.47117114  0.33768313 -2.13710115 -0.9439805
  0.06915527  0.         -0.30375917]
log likelihood =  3223.0838447769593
Lr derivatives =  [-10.364151546868754, -64.61432606016749, -3.618481685624822]
other derivatives =  [-32.5122528    2.85499482  21.57880772   4.47826096  -0.61118044
  15.76345312]
Current x_clock array =  [-0.71378902 -0.95597796 -0.44198149  0.34289097 -2.05503939 -0.93805275
  0.12306411  0.         -0.30919375]
log likelihood =  3222.055576483158
Lr derivatives =  [-7.072018153229294, -61.84873966784891, -2.0036679142550717]
other derivatives =  [-9.00581654  3.58013494 -4.17571755  3.9311999  -2.58437467 15.00379767]
Current x_clock array =  [-0.69512397 -0.95978015 -0.45970044  0.33171996 -2.0970241  -0.9556798
  0.14814487  0.         -0.30732447]
log likelihood =  3221.493502811455
Lr derivatives =  [0.02534500752050306, -56.61692952173924, 0.1688719749020926]
other derivatives =  [11.8796379   3.17836566 -1.39275471  1.71544343 -1.04046194 14.10730874]
Current x_clock array =  [-0.68076254 -0.96661182 -0.45688527  0.31575979 -2.13443988 -0.9861333
  0.18577389  0.         -0.30793427]
log likelihood =  3220.961365902867
Lr derivatives =  [3.6388816589780113, -53.31648516793297, 1.5219318225267209]
other derivatives =  [12.53688424  0.48344191 -4.47957973 -0.04783942 -1.65669007 12.77048796]
Current x_clock array =  [-0.68039482 -0.97686082 -0.45755782  0.29768207 -2.18036921 -1.0333091
  0.22086511  0.         -0.30709548]
log likelihood =  3219.633973690993
Lr derivatives =  [7.7480924656239445, -49.22387615063859, 2.3667435551190437]
other derivatives =  [ 5.47497621  3.6901838   5.46342562 -2.1032065  -2.3944267   9.19176273]
Current x_clock array =  [-0.6863056  -0.97633549 -0.44846889  0.27546936 -2.23191288 -1.18457472
  0.26256882  0.         -0.30459832]
log likelihood =  3218.1751377855653
Lr derivatives =  [14.801540200639362, -43.972230492298706, 5.307761847121613]
other derivatives =  [-11.75035322  -7.95362212  -1.92421794  -2.84344424   2.24445103
   5.33200364]
Current x_clock array =  [-0.69880596 -1.00246034 -0.45211291  0.2712404  -2.21272172 -1.42432567
  0.2726098   0.         -0.29284617]
log likelihood =  3216.812230107682
Lr derivatives =  [6.538906752736466, -48.68173701691108, 1.6756130650140548]
other derivatives =  [-12.85075086  -4.67020982   8.34584171  -1.5108526   -2.55913619
   2.5097961 ]
Current x_clock array =  [-0.69948018 -0.99446059 -0.44534583  0.27722443 -2.19196337 -1.66884731
  0.23356885  0.         -0.28542985]
log likelihood =  3215.808857526007
Lr derivatives =  [5.236643662376061, -50.205168482525025, 2.0740053143384642]
other derivatives =  [-10.28911356   4.6473815   -1.12286216   1.33977665   1.68206498
   0.57666512]
Current x_clock array =  [-0.69855695 -0.96671008 -0.45473082  0.30379899 -2.06588385 -1.98091542
  0.15477109  0.         -0.26771261]
log likelihood =  3216.111233708657
Lr derivatives =  [-13.997659727982949, -62.63992889747441, -6.794226087442077]
other derivatives =  [  4.57903298 -12.6807663    9.5923042    1.70048224  -3.73097464
   0.05493348]
Current x_clock array =  [-0.68528715 -0.99891832 -0.44970318  0.29992414 -2.03649038 -2.13480558
  0.0924171   0.         -0.26878687]
log likelihood =  3215.6943227999122
Lr derivatives =  [-1.2763202991298783, -54.42260733401719, -0.9517331255773023]
other derivatives =  [-5.23591552 -1.48525032  2.50765879  1.50475898 -0.2699835   0.37875907]
Current x_clock array =  [-0.69399234 -0.97778924 -0.45300138  0.3024661  -2.05577294 -2.03385133
  0.13332225  0.         -0.26808214]
log likelihood =  3215.662894990488
Lr derivatives =  [-0.5832710397324021, -53.78244236472938, -0.4154155704950071]
other derivatives =  [-0.84355634 -0.34069672  0.50931703  1.2271812  -0.266391    0.18490027]
Current x_clock array =  [-0.69090839 -0.97597959 -0.45449852  0.2985875  -2.05683753 -2.07466009
  0.13374136  0.         -0.26620837]
log likelihood =  3215.6542997570523
Lr derivatives =  [0.08408583689716664, -53.18712940321748, 0.10147078806325993]
other derivatives =  [ 1.18161552e+00  4.09272616e-04 -2.60479283e-01  8.75843398e-01
 -9.74068826e-02  3.48336471e-02]
Current x_clock array =  [-0.68954322 -0.97561343 -0.45510598  0.29441084 -2.05699909 -2.11084102
  0.13423592  0.         -0.2645671 ]
log likelihood =  3215.6516335395563
Lr derivatives =  [0.12738430479993212, -53.119419756477754, 0.13292550754506038]
other derivatives =  [ 0.85715328  0.00372893 -0.39672159  0.64019332 -0.10395524 -0.02314664]
Current x_clock array =  [-0.68980053 -0.97555624 -0.4552594   0.29130669 -2.05681787 -2.12583785
  0.13384175  0.         -0.26418433]
log likelihood =  3215.6500565007236
Lr derivatives =  [0.25065430869007344, -53.104139653634235, 0.09074249755339281]
other derivatives =  [ 0.00281943  0.11532393  1.69043233  0.09731593  0.25120244 -0.03801688]
Current x_clock array =  [-0.69055603 -0.97485256 -0.45404682  0.28525395 -2.05330092 -2.13282604
  0.13219547  0.         -0.26423746]
log likelihood =  3215.64879111356
Lr derivatives =  [-0.024658408275907817, -53.294976054723335, -0.14278068515928766]
other derivatives =  [-0.44110493 -0.03128662  0.02155502  0.07185008 -0.06730261 -0.04092726]
Current x_clock array =  [-0.6907878  -0.97518432 -0.45518628  0.28398072 -2.0554925  -2.13115698
  0.13250898  0.         -0.26469069]
log likelihood =  3215.6486183660104
Lr derivatives =  [0.014794804783772264, -53.279292192335475, -0.10832470188536547]
other derivatives =  [-0.19599611 -0.03278728  0.05770744  0.06625669 -0.0379714  -0.02578417]
Current x_clock array =  [-0.69061483 -0.97519478 -0.45517044  0.28401196 -2.05550648 -2.12738447
  0.13262887  0.         -0.26473038]
log likelihood =  3215.6484864063254
Lr derivatives =  [0.015112829131215477, -53.298810405554875, -0.046858212744940175]
other derivatives =  [ 0.0136879  -0.00350155  0.04406502  0.01505214  0.00427463 -0.00159162]
Current x_clock array =  [-0.69047005 -0.97505333 -0.45523262  0.2834204  -2.05503849 -2.12198246
  0.13233067  0.         -0.26469723]
log likelihood =  3215.6484804534584
Lr derivatives =  [0.0025509161877685926, -53.29613359237372, 0.020844182853355875]
other derivatives =  [-0.01309672 -0.0136879   0.00591172  0.00022737  0.00063665  0.00077307]
Current x_clock array =  [-0.6904872  -0.97505359 -0.45527022  0.28322276 -2.05496243 -2.12192186
  0.13218301  0.         -0.26451579]
      fun: 3215.6484804534584
 hess_inv: <9x9 LbfgsInvHessProduct with dtype=float64>
      jac: array([-1.30967237e-02, -1.36878953e-02,  5.91171556e-03,  2.27373675e-04,
        6.36646291e-04,  7.73070497e-04,  2.55091619e-03, -5.32961336e+01,
        2.08441829e-02])
  message: 'CONVERGENCE: REL_REDUCTION_OF_F_<=_FACTR*EPSMCH'
     nfev: 23
      nit: 21
     njev: 23
   status: 0
  success: True
        x: array([-0.6904872 , -0.97505359, -0.45527022,  0.28322276, -2.05496243,
       -2.12192186,  0.13218301,  0.        , -0.26451579])
{('N0', 'N1'): [1.0135376446673963, 1.0135376446673963], ('N0', 'ENSLOCG'): [0.0, 0.0], ('N1', 'ENSGACG'): [8.745860817549303, 8.210765368032675], ('N1', 'ENSDARG'): [8.482001182485735, 8.4457508519441]}
