number of sites to be analyzed:  379
log likelihood =  -16334.428810432526
Edge derivatives =  [171.02364360182955, 125.74099446409386, 178.85410696631968, 137.8432892659184, 35.04922943520382, 55.51097038940494, 231.1836321377089, 254.43170054877595, 102.6001416123228, 120.24608398762834, 42.76685625773407, 120.54897769057584, 76.68119606849035, 135.53156131531483, 167.1651564334294, 190.5006220968166]
other derivatives: [-203.97874323   35.6538294  -146.55979612   31.13163984 -805.10890257
    0.        ]
Current x array =  [-0.59651626 -0.74392146 -0.64965717  0.74193734 -0.10536052 -0.51082562
 -4.60517019 -4.60517019 -4.60517019 -4.60517019 -4.60517019 -4.60517019
 -4.60517019 -4.60517019 -4.60517019 -4.60517019 -4.60517019 -4.60517019
 -4.60517019 -4.60517019 -4.60517019 -4.60517019]
log likelihood =  -15552.588527516506
Edge derivatives =  [171.29405902717744, 124.53127602158192, 180.18103913640547, 136.4596102745178, 34.34989855882157, 53.53127616235772, 229.32997169821033, 254.05230067986258, 101.95500122140055, 119.8528390207514, 40.91035721357271, 122.09834773567957, 76.32391627057969, 135.1996264023862, 167.06791086294507, 189.22193903402234]
other derivatives: [ 631.81378209   96.54359019 -144.5383532   -61.51312846 -395.56416596
    0.        ]
Current x array =  [-0.79457924 -0.74324767 -0.79196646  0.77216611 -0.88711976 -0.51082562
 -4.43910655 -4.48307591 -4.43150318 -4.47132461 -4.57113745 -4.55126914
 -4.38069131 -4.35811748 -4.50554564 -4.48841146 -4.56364365 -4.48811735
 -4.53071289 -4.47356929 -4.44285313 -4.42019444]
log likelihood =  -14497.37002601792
Edge derivatives =  [165.9673396743993, 124.26070974378764, 177.8299561159937, 128.8838311159787, 28.290239141763674, 47.838254624764346, 214.1432601962645, 251.61402435748877, 92.91583776405335, 120.31653234486242, 36.8618256971544, 121.26264451683336, 74.08973226177184, 128.99035440870034, 162.3251260274162, 182.16302528206216]
other derivatives: [-1225.51864479   282.31679607   -28.45026756  -310.4134521
   399.89736251     0.        ]
Current x array =  [-0.45023641 -0.65022208 -1.24611984  0.76054006 -2.91490345 -0.51082562
 -3.90606355 -4.09282005 -3.87283041 -4.04357491 -4.46278145 -4.38067718
 -3.66274425 -3.56602627 -4.18671002 -4.11431476 -4.43260425 -4.11080001
 -4.29227543 -4.05178759 -3.92226001 -3.82829796]
log likelihood =  -14031.982745278166
Edge derivatives =  [159.4459810798839, 121.5355977566989, 170.13222883455916, 119.27870979493406, 23.525701306813623, 42.53429442869668, 200.2907443998483, 239.8898390707021, 87.911005309736, 115.53191169551101, 30.535243853833517, 122.28305863693637, 70.43777786309651, 122.55138051298248, 153.6979928544541, 173.87660391340114]
other derivatives: [ 658.48162194 -100.52772268 -236.96684366 -180.05666789  515.34534578
    0.        ]
Current x array =  [-0.7464124  -0.45070911 -1.45326465  0.57308692 -3.47366069 -0.51082562
 -3.59353378 -3.86290645 -3.5430174  -3.79538145 -4.4022521  -4.28387346
 -3.24719152 -3.099205   -4.00325765 -3.89312048 -4.35826296 -3.88729746
 -4.15266499 -3.8058296  -3.61699191 -3.48273181]
log likelihood =  -13682.187693424921
Edge derivatives =  [144.2528073376888, 118.38710337051538, 154.0970250019457, 105.4198152526596, 17.668722888191017, 36.2834880387557, 174.4327671923417, 215.63554792322506, 78.77651261295048, 109.05294359388448, 23.685178122758366, 119.91964034917861, 65.68430791495237, 111.07613949882449, 139.7909807303747, 157.8133856031933]
other derivatives: [ 742.39887908 -822.87515397 -153.13453332  -69.14688129  562.59050325
    0.        ]
Current x array =  [-0.77304892 -0.29587312 -1.70172007  0.36761582 -3.88587896 -0.51082562
 -3.27095579 -3.62479527 -3.20226985 -3.54081537 -4.34130108 -4.18543501
 -2.82072695 -2.61720718 -3.81501184 -3.66437153 -4.28317914 -3.65478234
 -4.00876523 -3.5525766  -3.30240791 -3.12660823]
log likelihood =  -12840.202155118484
Edge derivatives =  [87.11729532829747, 94.45571527352075, 80.07608481126097, 44.14467360918612, 8.33302014156651, 18.812299925573797, 51.649239416815256, 50.54913111900766, 52.80671752573871, 82.25241748480317, 8.1731958699195, 92.91972006116208, 51.75705961725856, 70.37299956540863, 83.80180629691311, 76.64483144951589]
other derivatives: [ 367.10662243 -643.63284764  350.74535845  133.30682123  605.36804085
    0.        ]
Current x array =  [-0.82067387 -0.42479378 -2.34636305 -0.24194779 -4.46867932 -0.51082562
 -2.36699176 -2.94914243 -2.24568908 -2.83239923 -4.17659085 -3.91449855
 -1.63647065 -1.26600426 -3.29113513 -3.01809957 -4.07885501 -2.99267064
 -3.60417962 -2.84404134 -2.42066619 -2.12949172]
log likelihood =  -11664.991836148669
Edge derivatives =  [71.67738390205054, 74.94073634674399, 56.75413434856718, 29.665110760461225, 7.501254081565068, 14.890509834767274, 5.918520655710786, -17.15652224648735, 52.04653363709531, 69.36812751809816, 4.558367119800844, 79.97475880760291, 46.381269065269365, 60.95963512906709, 55.56329649039895, 38.441550266389335]
other derivatives: [ 310.18880691 -692.53073889  431.95705075  164.51085685  441.39633246
    0.        ]
Current x array =  [-0.70505664 -0.44513168 -1.7868469  -0.31136882 -3.47129695 -0.51082562
 -1.80819132 -2.47371928 -1.68666883 -2.45086042 -4.08568246 -3.76005912
 -1.0509436  -0.63510202 -2.95916849 -2.57650458 -3.97254303 -2.52950992
 -3.32496334 -2.40075777 -1.88001434 -1.5643977 ]
log likelihood =  -25142.36716558823
Edge derivatives =  [-789.7794087130782, -125.25712217884124, -787.6826879342486, -149.8727392413507, -16.45404059007773, -37.0951715682283, -894.6233601712125, -942.9645743086102, -239.85686788617627, -563.8115840081994, -22.08863523725087, -705.566679370679, -114.2246208840739, -758.5112936491117, -1254.1489747840833, -1382.8119682638094]
other derivatives: [-22739.1054068    3526.05893568 -22419.86258014    642.01340138
  -1095.97021947      0.        ]
Current x array =  [-0.23338847 -1.40879188 -0.05       -0.60865034  0.55724211 -0.51082562
  1.3134208  -0.00604553  1.2574363  -0.41195546 -3.54793223 -2.90078829
  1.5073054   1.71240349 -0.91152293 -0.14356794 -3.40348168  0.04097915
 -1.72402252  0.13602886  0.79638025  1.03174076]
log likelihood =  -10844.491789580301
Edge derivatives =  [-2.7658709980470344, 32.36888215180887, -31.903947195215533, -4.425017301852175, 4.974028024847144, 4.335496974779143, -118.60924288292924, -168.28618300625044, 36.10924607332852, 28.942848906167075, -1.96326689991423, 30.699148350457627, 29.381067703376406, 15.392030333791388, -32.51687113100093, -69.60311299204061]
other derivatives: [-353.74832805 -155.06338968  600.14499468  304.29982871 -151.90416889
    0.        ]
Current x array =  [-0.55962021 -0.74227129 -1.2512992  -0.40303403 -2.22911789 -0.51082562
 -0.84565846 -1.71282492 -0.77886933 -1.82217468 -3.91986998 -3.49510743
 -0.26212083  0.08873909 -2.32778763 -1.82632123 -3.79707592 -1.73691299
 -2.83132157 -1.61855281 -1.05476199 -0.76389191]
log likelihood =  -10830.521326661896
Edge derivatives =  [27.091488550913184, 41.437623324036615, 28.83176510229327, 17.574766414206547, 10.558168642367846, 7.884313927178828, -40.37106965483707, -81.38404120163857, 52.598183220107906, 50.078103597245835, 3.16417702472545, 41.53306068979983, 28.59038572100298, 49.52892096275332, 2.9544163418020037, 1.3222252464208293]
other derivatives: [ -693.10372055   -74.62986105 -1784.71782419   260.43417165
  -273.38737709     0.        ]
Current x array =  [-0.49937559 -0.72552443 -0.25168649  0.08053549 -1.75995681 -0.51082562
 -1.00181558 -1.76579362 -0.97168094 -1.95155493 -3.94739976 -3.53939344
 -0.58305351 -0.29358422 -2.38612926 -1.89151136 -3.83726294 -1.80090662
 -2.8629609  -1.72408512 -1.22177086 -0.9875617 ]
log likelihood =  -10655.398818249967
Edge derivatives =  [14.692832194867032, 35.54452788267101, -7.783777543610354, 3.709348520711038, 6.0734959114946285, 5.87403813668528, -88.40382625694737, -131.67924249227045, 42.62585377980749, 36.01756911717203, -0.1278099154441538, 36.958388552435764, 30.596463040595705, 28.467845577169467, -16.17506064293861, -42.09186878821373]
other derivatives: [-443.72100092 -111.94861145  367.0775186   303.48110158 -176.06689653
    0.        ]
Current x array =  [-0.54165128 -0.73727627 -0.95314858 -0.25880162 -2.08918303 -0.51082562
 -0.89223484 -1.72862369 -0.8363785  -1.86076443 -3.92808118 -3.50831645
 -0.35784418 -0.025295   -2.34518897 -1.84576524 -3.80906235 -1.75600012
 -2.84075851 -1.65002953 -1.10457508 -0.83060503]
log likelihood =  -10548.312114974626
Edge derivatives =  [18.558878793048866, 29.379517842903383, 14.683006530557797, 15.398259937222653, 7.745587316778063, 5.085836909765581, -44.023539153976095, -71.05121818954272, 45.405976959305356, 38.0242844893518, 0.34269285535662375, 24.372159794273788, 22.734900963719134, 35.00538398810808, -15.526768112074436, -18.100175716923495]
other derivatives: [   20.95166565    38.12237992 -1456.54339576    50.84220902
   -55.67308108     0.        ]
Current x array =  [-0.64799452 -0.84242473 -0.28265679  0.49289626 -2.22885785 -0.51082562
 -0.74826752 -1.55713311 -0.73716142 -1.78343523 -3.8993606  -3.46892374
 -0.431876   -0.18047855 -2.18783144 -1.67940308 -3.79151374 -1.58312782
 -2.72153832 -1.49880746 -1.03088249 -0.80011415]
log likelihood =  -10463.911804020601
Edge derivatives =  [26.696600288240926, 33.974856576327745, 9.93071643653564, 11.635808550255888, 6.974451326438964, 5.947078652274852, -58.662284713732326, -90.65454122964846, 45.74508855727895, 37.836900878330624, 0.6709585961381979, 35.73684891321058, 28.560227952594435, 34.0149868905659, -9.78941020339433, -25.428902286302577]
other derivatives: [-207.90248527  -30.03115125   61.75014278  206.51932573 -112.6772986
    0.        ]
Current x array =  [-0.58527457 -0.78040945 -0.6781047   0.04955399 -2.14647934 -0.51082562
 -0.8331777  -1.65827617 -0.79567845 -1.82904305 -3.91629965 -3.49215708
 -0.38821293 -0.08895318 -2.28063899 -1.77752146 -3.8018637  -1.6850858
 -2.79185294 -1.5879964  -1.07434549 -0.8180973 ]
log likelihood =  -10367.127645271792
Edge derivatives =  [29.61885359170476, 30.223480121139094, 18.601692463647442, 18.708517771257938, 6.6881281500799314, 5.123464317423505, -30.681788333107505, -43.93181141526855, 42.614578725329196, 33.1499483155522, 0.5524003710268426, 26.7103372594428, 23.538299874860286, 29.67428812569829, -8.839371345718218, -14.21753622908663]
other derivatives: [  49.68042049   52.25101631 -181.98206817   29.34302756   17.33551471
    0.        ]
Current x array =  [-0.6480439  -0.85250158 -0.53141573  0.48308407 -2.3423132  -0.51082562
 -0.70842436 -1.53432351 -0.70673208 -1.75765384 -3.88997816 -3.45948985
 -0.43558854 -0.20243111 -2.1456168  -1.64808846 -3.78627494 -1.55503423
 -2.69924088 -1.46255487 -1.02582147 -0.80078375]
log likelihood =  -10344.842030864806
Edge derivatives =  [23.459702251795154, 27.749772803865227, 13.042347249043743, 18.790622528794, 5.769237789811281, 4.29927644104727, -24.704389800989514, -28.37081727987784, 36.72544141864595, 25.38485955316785, 0.28010298242255977, 20.094204862505638, 20.680083680207748, 20.31728380502001, -10.12418352869882, -13.859497148850016]
other derivatives: [108.01377357  76.96544344  35.20581231 -24.94525688  35.63909559
   0.        ]
Current x array =  [-0.66120657 -0.87625988 -0.61715493  0.59228378 -2.35333879 -0.51082562
 -0.64256459 -1.4718003  -0.66488165 -1.71831731 -3.87516963 -3.44351263
 -0.48170756 -0.28693935 -2.06533358 -1.57997906 -3.78025875 -1.4909391
 -2.64890701 -1.39750194 -1.01934701 -0.81406917]
log likelihood =  -10335.115357585859
Edge derivatives =  [-11.288434408737693, 15.855984903787004, -16.69381616738886, 10.072307664610435, 3.5864323257565887, 1.210175287075885, -38.09759258047319, -33.403820411093314, 21.55513359220117, 1.8492215311431581, -1.3297487828721266, -6.207640035103749, 10.98145018978796, -6.636863110526361, -32.6822884310529, -33.132033016131906]
other derivatives: [ -5.46424417  86.23319445  -7.28450686 -63.75576049 -65.42359188
   0.        ]
Current x array =  [-0.64215457 -0.8961646  -0.5814544   0.74450173 -2.21677713 -0.51082562
 -0.41520961 -1.26778587 -0.48238408 -1.57126033 -3.83025682 -3.38465682
 -0.45367284 -0.3176987  -1.85327942 -1.37367689 -3.74886482 -1.28788152
 -2.50344068 -1.19597883 -0.90710505 -0.7325472 ]
log likelihood =  -10315.075850327326
Edge derivatives =  [-2.154336400582865, 18.636893230596943, -5.4764057759668425, 13.936533638832236, 3.928012679646241, 1.8580720916196303, -18.482733732659554, -11.754910950687089, 20.944373370032412, 4.371338443349137, -0.3745926841412062, -0.03739019706049418, 11.661599988929469, -1.637372416102684, -15.991874343749618, -14.158382647614769]
other derivatives: [-51.27058103  30.25688784  31.80957719 -44.61271601  -2.52493919
   0.        ]
Current x array =  [-0.62469026 -0.85601798 -0.60582687  0.66083237 -2.29668104 -0.51082562
 -0.47228488 -1.2762644  -0.54848447 -1.58674066 -3.83342205 -3.39800542
 -0.56599543 -0.42064002 -1.84130246 -1.40087476 -3.76261379 -1.33035263
 -2.50706247 -1.23902231 -1.0050396  -0.83001584]
log likelihood =  -10322.893007726288
Edge derivatives =  [-6.822615125176949, 17.28764722177734, -5.329309925167354, 12.815631331310207, 4.136602016989998, 1.7945263263340938, -2.3224526476295275, 2.334754258182359, 13.110541507896572, 0.6323224094832014, 0.5877428183678557, 0.8232866145051114, 9.972801531840188, -2.7301759257700886, -0.17386696388182965, 2.7151216018403934]
other derivatives: [ 3.06894435e+02 -7.89441401e-01  5.78726031e+01  5.36641892e+01
  2.31739250e-01  0.00000000e+00]
Current x array =  [-0.73500806 -0.81468673 -0.62425956  0.41009562 -2.30235965 -0.51082562
 -0.46843643 -1.18242774 -0.56653215 -1.5185116  -3.8144134  -3.38874863
 -0.67925826 -0.50673767 -1.72449603 -1.36320996 -3.76619975 -1.32023219
 -2.44490993 -1.23190958 -1.09944783 -0.91870307]
log likelihood =  -10309.364131352853
Edge derivatives =  [-3.9294305762424124, 18.054975424987706, -5.502971169847003, 13.476817082344857, 4.014368330756786, 1.8096633352824165, -12.381034083872985, -6.633411529222125, 17.985156187273613, 2.85801918344563, -0.029607789852707386, 0.1841623004103055, 10.99816472882878, -2.1309616685787036, -9.788738331200442, -7.6151429126531225]
other derivatives: [99.66206562 17.73114491 43.2577508  -7.21593096 -0.40090526  0.        ]
Current x array =  [-0.66761707 -0.83993518 -0.61299939  0.56326579 -2.2988907  -0.51082562
 -0.47078738 -1.23975072 -0.55550718 -1.5601914  -3.82602541 -3.39440342
 -0.61006821 -0.4541423  -1.79585079 -1.38621865 -3.76400916 -1.32641457
 -2.4828777  -1.23625461 -1.04177569 -0.86452578]
log likelihood =  -10303.735404998122
Edge derivatives =  [-8.09935737682768, 16.122093335713334, -5.7609911810924785, 13.123942233528124, 3.636207206633396, 1.3796469210574178, -1.0908537893162116, 7.687627166631881, 11.684760632779057, -2.475791591366824, 0.2621267033157673, -3.2687427525197448, 8.192744169887623, -6.007396407334973, -3.7126796249623393, 1.1161399500347136]
other derivatives: [ 23.41967047 -21.27053449  19.41589289   1.53813744   8.4626663
   0.        ]
Current x array =  [-0.64663307 -0.81625897 -0.60413615  0.53807792 -2.31166264 -0.51082562
 -0.4527317  -1.17618019 -0.55709091 -1.5210615  -3.81311662 -3.38657622
 -0.6921882  -0.54106429 -1.71589129 -1.34740451 -3.76536705 -1.30137785
 -2.43752254 -1.21393312 -1.08862729 -0.91750613]
log likelihood =  -10302.065888872607
Edge derivatives =  [-10.663208525627457, 14.601288062454255, -6.55192911724423, 12.143921875193533, 3.4472248226159117, 1.09418056298182, 2.50214214945658, 11.490614746492957, 7.78836173424723, -5.022021156887329, 0.33806078751158525, -5.290124695793018, 6.465016339621627, -7.612705499168436, -1.691130269581425, 3.573696644530867]
other derivatives: [-1.36933522 -8.07940523  2.62043613  6.61893864  5.65960363  0.        ]
Current x array =  [-0.64010306 -0.82624642 -0.59633838  0.52919252 -2.31174775 -0.51082562
 -0.44238113 -1.12678073 -0.55337397 -1.48573948 -3.80244697 -3.37895606
 -0.71954091 -0.56365676 -1.66476331 -1.3252422  -3.76360395 -1.28548411
 -2.40568065 -1.2013574  -1.10328667 -0.93072714]
log likelihood =  -10300.115538366157
Edge derivatives =  [-12.911781968865178, 12.448922668165217, -7.334326693368803, 10.190608726902312, 3.194238054905434, 0.7613372738805423, 4.150318484524014, 11.699966033830993, 2.5273002467825347, -7.226577128718096, 0.367522762670876, -6.953415708441145, 4.262547429414364, -8.27977206424659, -0.100877619217419, 4.4920344576709965]
other derivatives: [-13.81449692   3.63743311 -17.79026206   8.97998689  -0.97934389
   0.        ]
Current x array =  [-0.6374991  -0.83545122 -0.58636032  0.5286243  -2.30557977 -0.51082562
 -0.44356009 -1.05190272 -0.55498806 -1.42902203 -3.78571014 -3.36815077
 -0.73820651 -0.56449787 -1.59967613 -1.30703927 -3.76020086 -1.27384342
 -2.36195826 -1.19627214 -1.11588728 -0.93429395]
log likelihood =  -10297.051939326
Edge derivatives =  [-12.684052554911801, 9.151837560562168, -6.333444629675107, 6.56316885996166, 2.8868801022072117, 0.47654828701750573, 4.263936290907211, 7.493252443481065, -5.330756996623757, -7.801190091017623, 0.46105069533281456, -6.576695635467865, 1.3023562445372296, -6.1512873057213175, 2.610411172217632, 4.548160404946662]
other derivatives: [-21.33310772  17.06594048 -31.64059308   9.41618055  -7.55753717
   0.        ]
Current x array =  [-0.63591586 -0.84546145 -0.57966977  0.53143054 -2.2980607  -0.51082562
 -0.48171524 -0.92545889 -0.57983379 -1.33093835 -3.75651258 -3.3532382
 -0.75518139 -0.53643963 -1.51068631 -1.30499562 -3.75560389 -1.28006208
 -2.29611536 -1.21480013 -1.13721323 -0.93173827]
log likelihood =  -10293.889767370605
Edge derivatives =  [-8.649161051545821, 4.365637417994354, -3.33303875014353, 1.1495172231553175, 2.5732278512139346, 0.3879659526921378, 2.0543794355024763, -0.5455912724614707, -12.327891175380897, -5.719550304368081, 0.5039608976658375, -3.6645973315629887, -1.6147810785442909, -2.0979969809631545, 4.026277330395104, 2.1961512531164904]
other derivatives: [-19.79824447  -6.52016752 -25.74997779   2.19624781  -9.53114068
   0.        ]
Current x array =  [-0.63719071 -0.82994927 -0.58159436  0.54756176 -2.29140818 -0.51082562
 -0.56772758 -0.76116182 -0.6301268  -1.20721384 -3.71551955 -3.33718087
 -0.76407899 -0.48741612 -1.44412263 -1.33210578 -3.75011671 -1.30990883
 -2.2246637  -1.25619876 -1.15165402 -0.91692501]
log likelihood =  -10295.466937523974
Edge derivatives =  [3.4109216663660695, 3.0472774741411652, 6.038629803839867, -1.395478192395017, 3.121972388469734, 1.3688363011244746, 1.0888721412897084, -6.857514601978162, -7.340521072174187, 4.628028078126457, 0.9498332902766787, 6.11489606127123, -0.20004955472297567, 8.001249301054257, 7.629351454474701, 2.259160052671253]
other derivatives: [-6.56455086 80.22088878 11.08746801 12.93919922  2.26773409  0.        ]
Current x array =  [-0.63481435 -0.88582519 -0.6037285   0.51282149 -2.3065923  -0.51082562
 -0.71594172 -0.65314073 -0.71852631 -1.13408487 -3.68012165 -3.33519974
 -0.76658193 -0.44205313 -1.49148061 -1.41947898 -3.75042681 -1.38852051
 -2.20533549 -1.33789407 -1.16674228 -0.91142844]
log likelihood =  -10293.051062164732
Edge derivatives =  [-4.034670878590296, 4.015791482510735, 0.19893435454769715, 0.3139539140454809, 2.776408462985166, 0.7491097705265508, 1.7501569047477747, -2.7692106340025897, -10.45809164121903, -1.8073852635306331, 0.6713154229196645, 0.03974373335275183, -1.0803372426052684, 1.7305227304231992, 5.38404237386224, 2.263518098909484]
other derivatives: [-14.65868991  27.0714736  -11.58296072   6.08069968  -4.90399543
   0.        ]
Current x array =  [-0.63631978 -0.85042768 -0.58970648  0.53482952 -2.29697313 -0.51082562
 -0.62204777 -0.7215723  -0.66252505 -1.18041222 -3.70254629 -3.33645479
 -0.76499632 -0.47079068 -1.46147924 -1.36412789 -3.75023036 -1.33871986
 -2.21757995 -1.28613993 -1.15718384 -0.91491053]
log likelihood =  -10292.205980297334
Edge derivatives =  [-1.416490648912541, 3.6842759940408887, 1.614219667629358, -0.2125182069403832, 2.807509088221656, 0.907815598914075, 0.15262011493159955, -4.647643017717295, -7.833752989788916, 0.17685726875436675, 0.5794852485943958, 1.5401031319511254, -0.645714278424928, 2.835383040845801, 3.592974380739268, 0.19071719497933765]
other derivatives: [ 1.37151801  6.70515874 -1.53850124 -1.819717   -0.45656634  0.        ]
Current x array =  [-0.64081384 -0.83580924 -0.59396521  0.55040283 -2.29868645 -0.51082562
 -0.6548009  -0.69825999 -0.67656469 -1.16820488 -3.69255088 -3.33515514
 -0.75533203 -0.4604202  -1.49252637 -1.38464759 -3.74883985 -1.35263775
 -2.21808704 -1.29791466 -1.14436122 -0.90346123]
log likelihood =  -10291.910560028944
Edge derivatives =  [-0.4540787023712808, 3.6550109777454063, 1.7439199128907044, -0.23423759979162173, 2.834186002335225, 0.9781575135137671, -0.45530808418571345, -4.091503478949487, -5.182745622035156, 1.028139152106478, 0.49315565134735845, 1.9129401958808931, -0.13197435052329765, 2.5866625809090946, 1.914275590047473, -0.8732185041863355]
other derivatives: [ 4.87125362 -3.11665644  8.7209628  -2.93221092  1.70402927  0.        ]
Current x array =  [-0.64173253 -0.82879198 -0.59900533  0.55059327 -2.29942538 -0.51082562
 -0.66902124 -0.69167879 -0.67908644 -1.17026309 -3.68613208 -3.3344358
 -0.75048699 -0.46552936 -1.52471162 -1.39401828 -3.74781732 -1.35649127
 -2.22414806 -1.29796169 -1.13258848 -0.89909205]
log likelihood =  -10291.668748922915
Edge derivatives =  [0.6422585687767991, 3.20889533228608, 2.0299054531944902, -0.3499561761767041, 2.8809984168131195, 1.035634025716813, -0.6422753122979087, -2.7400030985937445, -2.1640004763175344, 2.042003267823242, 0.41841410678561664, 2.17090396894892, 0.32530944408321427, 2.3687739830671575, 0.1942797358636128, -1.443998033664043]
other derivatives: [ 7.80892151 -7.2606781   2.12312443 -2.21552909  3.10283212  0.        ]
Current x array =  [-0.6426504  -0.82549451 -0.59651683  0.54823253 -2.30026769 -0.51082562
 -0.6861684  -0.67443838 -0.68089169 -1.16822436 -3.67453699 -3.33171535
 -0.74710559 -0.47470123 -1.55991181 -1.40225641 -3.74591645 -1.3584983
 -2.2274438  -1.29578684 -1.11960165 -0.89599282]
log likelihood =  -10291.66618868181
Edge derivatives =  [0.1882087227628746, 0.003084583127272722, 0.14718087596419022, -1.938575981248574, 2.6594909167112446, 0.8134711904151194, 0.967026879504534, 3.398507385399929, 0.17936648032585661, 0.8225490759412494, 0.2507354755890949, 0.2090808211942387, -0.22886943831167422, -1.124177376257304, -2.3161460867463624, -1.2288600987269942]
other derivatives: [ -6.13617885 -10.48647391  32.20939107  -0.95278665   3.46353772
   0.        ]
Current x array =  [-0.63863064 -0.82399825 -0.61093997  0.54193887 -2.29930245 -0.51082562
 -0.70502791 -0.60973064 -0.67368741 -1.14862652 -3.64008313 -3.31951628
 -0.75979002 -0.51588544 -1.59945715 -1.39541851 -3.74028826 -1.34434198
 -2.21507018 -1.27472941 -1.10412691 -0.90309752]
log likelihood =  -10291.507466631298
Edge derivatives =  [0.4137002352354433, 1.6403536179316087, 1.0927454065791522, -1.1364196091858703, 2.7722060971324587, 0.9254181283969791, 0.15671633747536245, 0.363793981516477, -0.9694054400855561, 1.4299587284258726, 0.33455325762745114, 1.1931830519725763, 0.04787002802342863, 0.6258424494798969, -1.056944853963467, -1.3314346957378225]
other derivatives: [ 0.84619387 -8.86102498 17.39681466 -1.59343472  3.32838681  0.        ]
Current x array =  [-0.64063283 -0.82474352 -0.60375598  0.54507366 -2.29978322 -0.51082562
 -0.69563422 -0.64196078 -0.67727578 -1.15838797 -3.65724418 -3.32559249
 -0.75347206 -0.49537209 -1.5797601  -1.39882438 -3.74309159 -1.35139307
 -2.22123333 -1.28521786 -1.11183469 -0.89955875]
log likelihood =  -10291.354452413767
Edge derivatives =  [0.4863192633728526, 0.7391525102667598, 0.8127625027068621, -1.4055646106831032, 2.761066099182296, 0.8773388844677892, 0.36451445021257584, 1.5123029281962594, 0.28984824273131143, 1.4239615240946277, 0.3048655332022267, 0.7243808748900369, 0.035216188248803765, 0.10006894234414104, -1.6982496813929089, -1.0324988205230659]
other derivatives: [ 1.10085239 -4.06598701  3.54302756  0.05620677  1.48575054  0.        ]
Current x array =  [-0.64094726 -0.82779002 -0.59748367  0.54313957 -2.29744997 -0.51082562
 -0.70167369 -0.62249521 -0.67392297 -1.15435577 -3.64434589 -3.32108343
 -0.75351098 -0.50297432 -1.59440467 -1.39658227 -3.74089801 -1.34694124
 -2.21863714 -1.27924094 -1.10661648 -0.90070138]
log likelihood =  -10291.309064034169
Edge derivatives =  [0.09640475445292496, 0.18239432190747876, 0.3872384201557432, -1.5686957023796886, 2.7180368212841572, 0.80522794705847, 0.5071280878735314, 1.8252012273761542, 0.206179199515958, 0.9069806828103575, 0.3035285968854412, 0.18574221006462754, -0.15672546422295286, -0.3280875257871477, -1.534576635873971, -0.6132995731499143]
other derivatives: [-0.54806151  0.06566552 -1.96996552  0.64428605 -0.28921932  0.        ]
Current x array =  [-0.64062856 -0.83073411 -0.59484246  0.54319122 -2.29545656 -0.51082562
 -0.69996754 -0.61322866 -0.67015583 -1.15286195 -3.63682725 -3.31803137
 -0.75450982 -0.50509034 -1.59350241 -1.39113192 -3.73965927 -1.34232178
 -2.21551028 -1.27512325 -1.10773897 -0.90299918]
log likelihood =  -10291.282957756423
Edge derivatives =  [-0.14357117241386352, -0.11972214798956607, 0.11729009761780829, -1.5931248944417338, 2.6766166303511603, 0.750356348491431, 0.4973905595307809, 1.712735639601714, 0.058124294127244375, 0.47425984585087544, 0.3079631552103246, -0.14903920586817476, -0.2693866654151797, -0.5430890310189467, -1.208953426866087, -0.2876776355915818]
other derivatives: [ 0.22155291  2.19843059 -2.92566256  0.57261786 -1.1161319   0.        ]
Current x array =  [-0.64088836 -0.8322722  -0.59424468  0.54395235 -2.29458587 -0.51082562
 -0.6985091  -0.60820947 -0.66760483 -1.15362624 -3.63013264 -3.31556496
 -0.75465002 -0.50434605 -1.59205387 -1.38700159 -3.73869251 -1.33947069
 -2.21382972 -1.27315202 -1.11006194 -0.90490203]
log likelihood =  -10291.242177641145
Edge derivatives =  [-0.3829774264846282, -0.8209101454925691, -0.33096018350027984, -1.5017026672122977, 2.539232913731826, 0.6033142835891172, -0.05956898186615606, 0.41610852253215447, -0.014374595567802878, -0.49237185947703205, 0.31883274582387905, -0.7338971168515837, -0.4442196088530971, -0.6689639087210655, -0.20008959848062757, 0.40065808936233277]
other derivatives: [-14.9515472    4.11801011  -6.33099262  -0.08876668  -2.28119461
   0.        ]
Current x array =  [-0.63680922 -0.83437226 -0.5926754   0.5465893  -2.29433101 -0.51082562
 -0.69962631 -0.59509657 -0.66322535 -1.15950288 -3.60555089 -3.30762256
 -0.75238647 -0.49615969 -1.59276623 -1.3788868  -3.7354759  -1.33533264
 -2.21140217 -1.27212563 -1.11805429 -0.90939805]
log likelihood =  -10291.175562546583
Edge derivatives =  [-0.49504877511404244, -0.9938664556153101, -0.6366986378074918, -1.1478937469643287, 2.4661767955269407, 0.5209621141076431, -0.2070188847663284, 0.029324956952136993, 0.30963572107966497, -1.10253092222821, 0.3250929026919028, -1.1131644594234118, -0.3687113188558452, -0.880686070230534, 0.4389867097546729, 0.9718643969432835]
other derivatives: [-3.45626177  5.78347681 -3.57704266 -0.4631147  -2.12221494  0.        ]
Current x array =  [-0.63993127 -0.83527137 -0.5935843   0.54723681 -2.29472577 -0.51082562
 -0.69832281 -0.59094756 -0.65862211 -1.16789824 -3.58894595 -3.30246292
 -0.75068176 -0.4932504  -1.59739461 -1.37293524 -3.73329096 -1.33166297
 -2.2124027  -1.26983444 -1.12220285 -0.9127228 ]
log likelihood =  -10291.12048506588
Edge derivatives =  [-0.20611553911740887, -0.9827580069316963, -0.6386446139200228, -0.6719277600735298, 2.3922819321953264, 0.4614910077851343, -0.614826640426389, -0.7907774903731323, 0.9969925127108522, -1.349999945905729, 0.3258744646862355, -1.1275520822804659, -0.13555782136580002, -0.7319660411822391, 0.9671783152081428, 1.2712133465867168]
other derivatives: [ 2.32321327  4.05616447 -0.19826984 -0.98880264 -0.840555    0.        ]
Current x array =  [-0.64145456 -0.83395685 -0.59504172  0.54749307 -2.29667671 -0.51082562
 -0.70133577 -0.58833    -0.65657474 -1.17861541 -3.56939575 -3.29709722
 -0.74741563 -0.48762562 -1.60677949 -1.37088148 -3.73089181 -1.33144414
 -2.21551644 -1.27083788 -1.12584138 -0.91465904]
log likelihood =  -10291.078733552318
Edge derivatives =  [0.10468872096073722, -0.961135500490101, -0.5823657204212243, -0.19030982067818397, 2.29773041839298, 0.39076040767500675, -0.9825132500996367, -1.5671864677135325, 1.6075335498269758, -1.4875032558445689, 0.3167753740376226, -1.0373801498227002, 0.09163159257949635, -0.48984988805626495, 1.3517718810131452, 1.3666615998726948]
other derivatives: [ 2.93748599  0.0514774   1.58124749 -1.03664206  0.48985385  0.        ]
Current x array =  [-0.64162603 -0.83124196 -0.59594963  0.54653508 -2.29875563 -0.51082562
 -0.70525608 -0.58598382 -0.65544449 -1.18986352 -3.54684494 -3.29114061
 -0.74474324 -0.48242196 -1.61552029 -1.37039113 -3.72813342 -1.33259385
 -2.21870066 -1.27291844 -1.12887331 -0.9155573 ]
log likelihood =  -10291.028336064333
Edge derivatives =  [0.34197306864033716, -0.972230174698671, -0.4771690998697654, 0.27057227454322275, 2.1704750702182416, 0.2960867221765203, -1.0729785455452303, -1.9663585410148143, 1.8853008653590324, -1.4776814304685681, 0.29402575147670645, -0.8554252312905846, 0.24842535855572173, -0.1821950771893629, 1.5133316516535575, 1.1632893709854797]
other derivatives: [ 1.8368155  -1.59197953  2.48546712 -0.56425051  1.27292878  0.        ]
Current x array =  [-0.64128397 -0.83010954 -0.59653369  0.54463916 -2.2999196  -0.51082562
 -0.70880269 -0.58348111 -0.65501795 -1.20061911 -3.51920187 -3.28402633
 -0.74405158 -0.47957464 -1.61999217 -1.37149168 -3.72466793 -1.33493616
 -2.22076039 -1.27552818 -1.13043231 -0.91464214]
log likelihood =  -10290.882552991516
Edge derivatives =  [0.4697861378534306, -1.2728652154059326, -0.40432444100783976, 1.435783328414447, 1.6237329883069958, -0.09853566229233043, -0.5076391115829627, -1.779830667068702, 1.5633980797769609, -1.5411463839925368, 0.18821893394738634, -0.5353281074325422, 0.34690536854921633, 0.3293616795763602, 1.4952510482497887, 0.36151940369478847]
other derivatives: [ 0.05620677 -7.84366421  1.07447704  0.64028427  1.82863005  0.        ]
Current x array =  [-0.64099016 -0.82592334 -0.59615841  0.54059682 -2.29955079 -0.51082562
 -0.714552   -0.57445213 -0.6528589  -1.22904912 -3.42351185 -3.2597435
 -0.74806534 -0.48013297 -1.61945803 -1.37511548 -3.71248826 -1.34123761
 -2.22222286 -1.28051642 -1.13230622 -0.91090047]
log likelihood =  -10290.846366407997
Edge derivatives =  [1.2639743752045767, -0.43271633505538154, 0.5462495084377985, 2.973660832628844, 0.9384737527983791, -0.47183934923902265, 0.13654330700655531, -1.8644384537665242, 0.8312406137797399, -0.31778366653415285, 0.08549890075035121, 0.8513203167399805, 0.7164797379957979, 1.7878362864978667, 1.2635771540688308, -1.1024824090149203]
other derivatives: [-2.32648745  5.0978997  11.85526344  0.62427716  3.43115971  0.        ]
Current x array =  [-0.63942983 -0.83424074 -0.60159942  0.53873004 -2.30025081 -0.51082562
 -0.72067858 -0.58376109 -0.65660114 -1.26220801 -3.31442948 -3.23525846
 -0.75110195 -0.47787605 -1.61174822 -1.39047882 -3.69910215 -1.35697304
 -2.22753608 -1.29240316 -1.13142752 -0.90282887]
log likelihood =  -10290.734612575407
Edge derivatives =  [0.6550383458355001, -0.9349611804986426, 0.15555853533311326, 2.4682521684233136, 0.9244282039848088, -0.5109437898371619, 0.5921728874508498, -0.7050229131433099, 0.1288504809096256, -0.5102829332656909, 0.062381627468645916, 0.40068818853128096, 0.3157193989936151, 1.132088242224059, 0.6794810299463017, -0.939691254217906]
other derivatives: [-0.72232069 -1.81607902  0.08039933  0.87857188  1.26510713  0.        ]
Current x array =  [-0.6405593  -0.82972084 -0.59589429  0.5399268  -2.29638353 -0.51082562
 -0.71663751 -0.57839538 -0.65504685 -1.25116215 -3.31717893 -3.23607964
 -0.75467729 -0.48613426 -1.60306281 -1.38886636 -3.69916533 -1.35349564
 -2.22197832 -1.28711127 -1.12789874 -0.90354188]
log likelihood =  -10290.705859542086
Edge derivatives =  [0.27803206810076364, -1.0056234841712126, -0.06371334301670672, 2.008503673646287, 0.9692103252125578, -0.48936002080116203, 0.8166681811910383, 0.09429067191156149, -0.45853176804263773, -0.4064677274675606, 0.05383973318069331, 0.22745028659316224, 0.06702635333669299, 0.6670826087557071, 0.14884219552277522, -0.9007475968497022]
other derivatives: [-0.50677045 -1.51740096 -1.28966349  0.58735168 -0.13096724  0.        ]
Current x array =  [-0.64076589 -0.82999805 -0.59509772  0.54153612 -2.29377455 -0.51082562
 -0.71274773 -0.58027477 -0.65521974 -1.24071855 -3.32600101 -3.23942542
 -0.75645955 -0.49199205 -1.59572438 -1.38992956 -3.70021376 -1.35212286
 -2.21881498 -1.28370232 -1.12429102 -0.90386644]
log likelihood =  -10290.667118197012
Edge derivatives =  [0.3667853524546819, -0.6742292688200016, 0.0618865809032364, 1.7282448894808902, 0.7785734630434801, -0.5800085623207804, 0.6916289424271094, 0.36528456848887036, -0.8069477600313197, 0.24564759460537172, 0.039488466591463274, 0.3827616247598324, -0.048728122731359874, 0.4812842350834702, -0.18183796312300926, -0.28923235921339113]
other derivatives: [ 2.06582627  1.47229002 -6.44340616 -0.30049705 -0.48712536  0.        ]
Current x array =  [-0.64151372 -0.83203274 -0.59253641  0.54449535 -2.29318585 -0.51082562
 -0.71060765 -0.58716047 -0.65643817 -1.23234846 -3.29529613 -3.23681596
 -0.75425111 -0.49397923 -1.59083877 -1.39595077 -3.69672099 -1.3538375
 -2.21720411 -1.28127784 -1.1216854  -0.90681914]
log likelihood =  -10290.625209548982
Edge derivatives =  [0.19073679702834423, -0.3378426768062509, -0.200269080370578, 0.9326143239270517, 0.5506450230275357, -0.6764151834525848, 0.2166967349752092, 0.6767028325288759, -1.3561180667357517, 0.783697924768471, 0.008155318179999494, 0.3286082630655098, -0.2905848797594168, -0.26117977230964134, -0.8259020575255169, 0.32780498487468984]
other derivatives: [-1.16269803  0.54151315 -1.58343028 -1.4770194  -1.01445039  0.        ]
Current x array =  [-0.64067537 -0.83178952 -0.59446532  0.54734179 -2.29233111 -0.51082562
 -0.70647033 -0.59717804 -0.65800023 -1.21544042 -3.26642925 -3.23712971
 -0.75086512 -0.49761475 -1.58565522 -1.40274583 -3.69362991 -1.35445046
 -2.2147243  -1.27645618 -1.1178026  -0.91123338]
log likelihood =  -10290.600270812785
Edge derivatives =  [0.29145056250149537, -0.12964890932929596, -0.3099098485992696, 0.6191945372753885, 0.3811240098017408, -0.7513116839808509, -0.39063490065674533, 0.16561008963014845, -0.9076836845415328, 0.8731505482630411, 0.0051381385717257436, 0.22227943475526657, -0.22382650012288072, -0.49192305056565344, -0.5975208770108863, 0.958459612467343]
other derivatives: [-0.01018634  1.24691724 -0.4800313  -1.19653123 -0.74596755  0.        ]
Current x array =  [-0.64097886 -0.83234459 -0.59487485  0.54648425 -2.29374583 -0.51082562
 -0.70562983 -0.60149815 -0.65791162 -1.20906944 -3.24146822 -3.23632484
 -0.74610877 -0.49489248 -1.59171397 -1.40359615 -3.69096393 -1.3534742
 -2.21560758 -1.2743096  -1.11933435 -0.91502702]
log likelihood =  -10290.57473069305
Edge derivatives =  [0.313039113335964, 0.13126080111035054, -0.22699306997908575, 0.19065660719526661, 0.1692882706390714, -0.8321845882451101, -0.6095188064740447, -0.03824595273467046, -0.3748205803975614, 0.6335066181339963, -0.016707102042212117, 0.04900547277192402, -0.12118850320884614, -0.45572097295491165, -0.20352843152356326, 0.7996991850718587]
other derivatives: [-3.07481969 -0.08203642  0.30740921 -0.06439222  0.49531081  0.        ]
Current x array =  [-0.64016166 -0.83173959 -0.59520973  0.54304393 -2.29776963 -0.51082562
 -0.70279694 -0.60722804 -0.659868   -1.19825065 -3.21236114 -3.23908798
 -0.74422437 -0.49322672 -1.59899868 -1.40165409 -3.68798635 -1.35202089
 -2.2166852  -1.27428039 -1.12234196 -0.91399019]
log likelihood =  -10290.613389162529
Edge derivatives =  [0.20199193173364638, 0.26781860506698274, -0.0837332522746092, -0.32785498537019886, 0.05449618206935414, -0.8497195958344627, -0.3333435633348666, 0.1987051019504883, 0.06441885045209753, 0.17623103658103956, -0.03943182756127937, -0.12874213945163704, -0.009220506481047386, -0.3264619829285516, 0.19319310440276904, 0.13615125685264196]
other derivatives: [17.01373549 -2.12548912  5.8711521   0.88657544  1.56614988  0.        ]
Current x array =  [-0.6458187  -0.82984586 -0.5973012   0.53959658 -2.30022    -0.51082562
 -0.69843013 -0.61064544 -0.66245278 -1.18441615 -3.19483111 -3.24610864
 -0.74579439 -0.49399332 -1.60494234 -1.39701219 -3.68640149 -1.34962132
 -2.21679869 -1.27489986 -1.12473131 -0.90959789]
log likelihood =  -10290.569830638982
Edge derivatives =  [0.285223007093214, 0.16556164413506322, -0.19083051476631063, 0.061568189566895526, 0.14083300426208695, -0.8365741492228047, -0.5403028438023401, 0.02093571908515901, -0.26425935987072113, 0.5189180833322897, -0.022433662210940716, 0.004422333584957139, -0.09309949906463799, -0.42337340602389967, -0.10393863233499923, 0.6333435021611762]
other derivatives: [ 1.99688657 -0.59371814  1.70512067  0.1724402   0.76506694  0.        ]
Current x array =  [-0.64158036 -0.83126467 -0.59573424  0.54217939 -2.29838415 -0.51082562
 -0.70170181 -0.60808507 -0.66051622 -1.19478116 -3.20796487 -3.24084866
 -0.74461811 -0.49341897 -1.60048926 -1.40048997 -3.68758889 -1.35141912
 -2.21671366 -1.27443575 -1.12294118 -0.91288866]
log likelihood =  -10290.564446380267
Edge derivatives =  [0.24154460817565815, 0.20827870690818678, -0.09611827420405433, -0.08481345107774602, 0.15973727041152036, -0.8171181298430228, -0.4292087334239591, 0.054731745044532154, -0.0649085601798624, 0.31835407674826366, -0.023337686295088075, -0.06771378517813287, -0.049904416800012646, -0.28480612192902394, 0.07062120025594065, 0.3223178401493944]
other derivatives: [ 0.71013346 -0.58971636  0.74251147  0.68139343  1.08702807  0.        ]
Current x array =  [-0.64123549 -0.83133343 -0.59531844  0.5408974  -2.29964105 -0.51082562
 -0.7002688  -0.60928529 -0.66161616 -1.1904825  -3.20879721 -3.24440814
 -0.74543451 -0.49322701 -1.60272746 -1.39825278 -3.68787788 -1.35049431
 -2.21702209 -1.27522935 -1.12412908 -0.91081306]
log likelihood =  -10290.558918150839
Edge derivatives =  [0.10470495941856062, 0.1965410833308828, -0.03338193029263281, -0.20911527956446196, 0.14384565803092833, -0.8073241044827522, -0.2721309660902497, 0.05603068465029171, 0.043058426311202574, 0.10613829970323846, -0.031771964705746225, -0.1056989448801684, -0.016994784347211828, -0.1095345491837586, 0.14785028706016468, -0.09996109220997795]
other derivatives: [ 0.01837179 -0.20427251 -0.01073204  0.79580786  0.63646439  0.        ]
Current x array =  [-0.64107169 -0.83160003 -0.59498213  0.5409052  -2.2989684  -0.51082562
 -0.69867927 -0.61004373 -0.66278298 -1.18741573 -3.20592107 -3.24814259
 -0.747058   -0.49320203 -1.60410531 -1.39625491 -3.68775051 -1.35018772
 -2.21728109 -1.2765101  -1.12484876 -0.90833643]
log likelihood =  -10290.55334907363
Edge derivatives =  [-0.07191397614015105, 0.145982879697237, 0.0478587592663709, -0.3099796374332051, 0.11363558718794511, -0.7878449701073977, -0.05046599147157521, 0.033515746499584886, 0.1396542827382381, -0.1475579480326759, -0.041286439253843864, -0.11571608828514157, 0.014322653652777517, 0.08889968952335986, 0.18032149636365202, -0.47355311172108944]
other derivatives: [-0.38307917  0.01491571 -0.36307028  0.24338078  0.01527951  0.        ]
Current x array =  [-0.64098648 -0.83175402 -0.59478676  0.54261292 -2.29754583 -0.51082562
 -0.69691335 -0.6102395  -0.66411136 -1.18489652 -3.20100314 -3.25407768
 -0.74943207 -0.49304096 -1.60553145 -1.39398493 -3.68752987 -1.35018868
 -2.21758005 -1.2780856  -1.12531611 -0.90628432]
log likelihood =  -10290.547681862161
Edge derivatives =  [-0.19198622889391015, 0.10139468891103612, 0.12892858495719212, -0.3376575399073766, 0.09175629663982038, -0.7499403920923529, 0.159179029376388, 0.022392267585831016, 0.19510451551759725, -0.27015957518657885, -0.042087697114897835, -0.052818664736248744, 0.03778900814459371, 0.20771048240139994, 0.1384491263857106, -0.48095110131264557]
other derivatives: [-0.32887328  0.33396645 -0.514774   -0.10477379 -0.34888217  0.        ]
Current x array =  [-0.64099627 -0.83193709 -0.59472384  0.54365664 -2.29656979 -0.51082562
 -0.69575986 -0.61006602 -0.6650412  -1.1839572  -3.19553736 -3.26226781
 -0.75150362 -0.49284856 -1.60634429 -1.39280912 -3.68741835 -1.3506475
 -2.21784577 -1.27903111 -1.12504915 -0.90635086]
log likelihood =  -10290.533539731528
Edge derivatives =  [-0.4364266497388264, -0.009568196497683229, 0.3121769883138099, -0.3552159584108145, 0.03471122347682639, -0.6147254178505729, 0.6164195887770401, -0.03175423916779563, 0.28206657759834625, -0.4572497566931555, -0.03897546519969386, 0.13422156868483637, 0.06960681796598767, 0.3789404440816192, -0.0584436924193118, -0.22192494894529957]
other derivatives: [-0.33942342 -1.24255166 -1.84372766 -0.79380698 -0.86856744  0.        ]
Current x array =  [-0.64105998 -0.83084149 -0.59414353  0.54558695 -2.29490952 -0.51082562
 -0.69351418 -0.60927094 -0.66675762 -1.18275534 -3.17839065 -3.29181021
 -0.75600668 -0.49216998 -1.60765519 -1.3909612  -3.6873218  -1.35182449
 -2.21840376 -1.28046003 -1.12369464 -0.90806388]
log likelihood =  -10290.532364860414
Edge derivatives =  [-0.6092510810069871, -0.20490224712793545, 0.6507677651539623, -0.10547275173502929, -0.01322173008077486, -0.35499079931919303, 1.4006773213753259, -0.1200958220374273, 0.49652625742014006, -0.7040662044507537, -0.015512401729532185, 0.5034411526755933, 0.1905654262617109, 0.710543158890317, -0.16943393437534326, 0.23767080727435697]
other derivatives: [-0.07112249  5.23832568  3.7935024  -1.27311068 -0.98698365  0.        ]
Current x array =  [-0.6407418  -0.83503222 -0.59683693  0.54641983 -2.29409946 -0.51082562
 -0.69196928 -0.6054952  -0.66839822 -1.18656366 -3.15161664 -3.34804554
 -0.76298119 -0.49021699 -1.61034277 -1.3878159  -3.6877921  -1.35358724
 -2.21990271 -1.28300869 -1.12216691 -0.91100383]
log likelihood =  -10290.52402498118
Edge derivatives =  [-0.5249706424831778, -0.10976877307786434, 0.4868695663334982, -0.22630751075235261, 0.011290041886469482, -0.4764574907420105, 1.0214180149579493, -0.07655984457177101, 0.3934882161967397, -0.5830211374415921, -0.026659665756684207, 0.3259307434694624, 0.13213590610475429, 0.5501430888312643, -0.11478702366396709, 0.015700762245155042]
other derivatives: [-0.19754225  2.10748112  1.06665539 -1.04009814 -0.92804839  0.        ]
Current x array =  [-0.64089608 -0.83300021 -0.59553094  0.54601598 -2.29449225 -0.51082562
 -0.69271838 -0.60732599 -0.66760272 -1.18471707 -3.16459891 -3.32077798
 -0.75959937 -0.49116396 -1.60903961 -1.389341   -3.68756406 -1.35273252
 -2.21917589 -1.28177289 -1.12290768 -0.9095783 ]
log likelihood =  -10290.511786195832
Edge derivatives =  [-0.491581054867843, -0.1152514089407027, 0.5280134747472356, -0.17064637785149855, -0.017376470545960643, -0.38395845238513554, 1.0716119762775933, -0.08838529619691549, 0.35427944442592885, -0.409869846196782, -0.015539652791793705, 0.44321500164826755, 0.11232189618852115, 0.4338976609120056, -0.2837138787976575, 0.5465539308327559]
other derivatives: [ 0.25174813  0.98116288  0.05711627 -0.87893568 -0.63992047  0.        ]
Current x array =  [-0.64105216 -0.83223554 -0.59508988  0.54544853 -2.29503167 -0.51082562
 -0.69288149 -0.60696402 -0.6672508  -1.18555371 -3.15247691 -3.34313638
 -0.75980909 -0.49088153 -1.60832204 -1.39064497 -3.68761527 -1.35317117
 -2.21917083 -1.28074407 -1.12146464 -0.91255761]
log likelihood =  -10290.496700475482
Edge derivatives =  [-0.3888326667882166, -0.13799197034084348, 0.3915393539359731, -0.12140741734572769, -0.020434448936872934, -0.2045862657878208, 0.8924188644233537, -0.08368667491140613, 0.1320789367468472, -0.1360319028643187, -0.0022725962122835744, 0.4667419602727279, 0.021579573794228785, 0.05581214076827146, -0.5284296445639163, 0.9597497271479858]
other derivatives: [-1.4411853  -2.33067112  2.27628334 -0.12660166  0.15643309  0.        ]
Current x array =  [-0.64063981 -0.8301621  -0.59610457  0.54275304 -2.29701322 -0.51082562
 -0.69423883 -0.60603981 -0.66526308 -1.18737894 -3.13747075 -3.38825613
 -0.75813842 -0.49096996 -1.60546925 -1.39315271 -3.68869176 -1.35239699
 -2.21876957 -1.27818986 -1.11964352 -0.9149612 ]
log likelihood =  -10290.488973508107
Edge derivatives =  [-0.06149359261070253, -0.05704132624623284, 0.40989649664136263, 0.08078280167860286, -0.006396442617126144, -0.09026718956685656, 0.669492422712693, -0.07200449904077588, 0.0809236682924139, 0.32644629872844955, 0.020504067861272866, 0.510836388345091, -0.00024287087691640674, -0.07090469146745787, -0.48229115722792326, 1.357551577825283]
other derivatives: [ 1.54632289  0.00381988 -1.93795131  0.7554263   0.67539077  0.        ]
Current x array =  [-0.64144465 -0.83162901 -0.59414699  0.54064454 -2.29879351 -0.51082562
 -0.69662553 -0.60546029 -0.66279696 -1.19088196 -3.12463988 -3.41856555
 -0.75472496 -0.49067151 -1.6031461  -1.39604812 -3.68912146 -1.35147044
 -2.21859514 -1.2759916  -1.11914682 -0.91623655]
log likelihood =  -10290.483270277047
Edge derivatives =  [-0.07261658243958691, -0.060037629739675524, 0.33264519347273486, 0.018516524164490678, -0.0030269836604740197, -0.08675184585948731, 0.5575931513950991, -0.09181403671860922, 0.08220147913109754, 0.2181433008036044, 0.012907538314405534, 0.389682533760365, -0.006042111800531436, -0.06324464674850949, -0.3760031175667943, 0.9208449272996528]
other derivatives: [ 0.40017767 -0.19645086 -0.55078999  0.75124262  0.59953891  0.        ]
Current x array =  [-0.64113538 -0.83157708 -0.59473124  0.54057213 -2.29887813 -0.51082562
 -0.69663818 -0.60565963 -0.66246665 -1.19003112 -3.12545152 -3.42095706
 -0.75397547 -0.49076847 -1.60331009 -1.39524722 -3.68931298 -1.35048732
 -2.21860129 -1.27621683 -1.12013092 -0.91373808]
log likelihood =  -10290.476563163684
Edge derivatives =  [-0.025826997372871974, -0.059945547272696326, 0.15304268960307932, -0.05390825984919789, -0.005085925734736804, -0.05014639599723585, 0.2332669565935861, -0.14636914986340954, 0.0538615815190433, 0.09035978679205975, -6.0030369572184467e-05, 0.12078424119453479, -0.027649064882134367, -0.050179605647088676, -0.12817865234903736, 0.0007165693434416087]
other derivatives: [-0.66611392 -0.09931682  0.65519998  0.59735612  0.26848284  0.        ]
Current x array =  [-0.64088371 -0.8317819  -0.59512171  0.54098617 -2.29874409 -0.51082562
 -0.697316   -0.60580971 -0.6608932  -1.18949133 -3.12210202 -3.43562239
 -0.75132085 -0.49098024 -1.60281729 -1.39416392 -3.68972742 -1.34802268
 -2.21858324 -1.27630429 -1.1222534  -0.90821359]
log likelihood =  -10290.475148659481
Edge derivatives =  [0.019923310311244502, -0.05409539060693874, 0.06938732992963897, -0.04902643892809988, -0.012115132688635365, -0.023045519554702625, 0.07585519720737699, -0.13380342696114222, 0.017793933350374602, 0.08596395262854828, -0.0005669329674289503, 0.03155493960372413, -0.039542576183176054, -0.056741210391416386, -0.046388403977373205, -0.15736070089793885]
other derivatives: [ 0.61481842 -0.12441888  0.68539521  0.14861143  0.10950316  0.        ]
Current x array =  [-0.64126425 -0.83177067 -0.59501881  0.54215685 -2.2983511  -0.51082562
 -0.69776955 -0.6058259  -0.65980788 -1.18996412 -3.11847122 -3.44533897
 -0.74982808 -0.49134625 -1.60220537 -1.39401844 -3.68988039 -1.34705469
 -2.21862378 -1.27612298 -1.12287404 -0.90717492]
log likelihood =  -10290.475548290913
Edge derivatives =  [0.05381889790046046, -0.05860796515802047, -0.001677660032251005, -0.021371361096249042, -0.024363181358352887, 0.005672508737967721, -0.05987992572535056, -0.11836700310662218, -0.013571432310880427, 0.1060839507053683, 0.0018423896951425787, -0.030633383018393134, -0.05512013050278897, -0.057854238595037744, -0.008381164684372111, -0.15711231914329415]
other derivatives: [-1.86319085  0.28248905 -0.81454345 -0.15043042 -0.13224053  0.        ]
Current x array =  [-0.64060083 -0.83215221 -0.59431992  0.54314967 -2.29798625 -0.51082562
 -0.69825642 -0.60573875 -0.65874748 -1.19094744 -3.11368896 -3.45617534
 -0.74855009 -0.49169724 -1.60157982 -1.39406422 -3.68998656 -1.34638232
 -2.2187388  -1.27591909 -1.12321487 -0.90708642]
log likelihood =  -10290.474831532385
Edge derivatives =  [0.03347655978912034, -0.05589266035858395, 0.04103634990135818, -0.03796981912031999, -0.016960420077605065, -0.011456401648279775, 0.02167698504659138, -0.12763155260455117, 0.0052973062210626976, 0.0940329436156625, 0.0004030778565060414, 0.006774768418685628, -0.045759165618921654, -0.05718101369509476, -0.03118452868915389, -0.15724234665521664]
other derivatives: [-0.37434802  0.03783498  0.0862201   0.02910383  0.01291482  0.        ]
Current x array =  [-0.64099929 -0.83192306 -0.59473968  0.54255337 -2.29820538 -0.51082562
 -0.697964   -0.60579109 -0.65938436 -1.19035685 -3.11656122 -3.44966694
 -0.74931766 -0.49148643 -1.60195553 -1.39403672 -3.68992279 -1.34678615
 -2.21866972 -1.27604155 -1.12301016 -0.90713958]
log likelihood =  -10290.474742817776
Edge derivatives =  [0.03655593170116145, -0.05539933409815037, 0.036563288161769125, -0.028777198697738315, -0.018906594262425323, -0.00676514903871233, 0.018879382953115087, -0.11199589824436074, -0.0007166926506413374, 0.09832120244978565, 0.0018280797922850464, 0.011763884441794992, -0.0453218125859316, -0.055135615598565, -0.03442550478783757, -0.09738655295218263]
other derivatives: [-0.01491571  0.02255547 -0.02255547 -0.05675247  0.00127329  0.        ]
Current x array =  [-0.64110054 -0.83190069 -0.59468004  0.54277778 -2.29810982 -0.51082562
 -0.69798034 -0.60578317 -0.65925731 -1.19055377 -3.11580249 -3.45114529
 -0.74924005 -0.49160376 -1.60185871 -1.39403826 -3.68992802 -1.34678543
 -2.21871009 -1.27602802 -1.12296164 -0.90747979]
log likelihood =  -10290.474693661316
Edge derivatives =  [0.03387520376907882, -0.05450639783930633, 0.030999902761364218, -0.024119350682590412, -0.019202751504294936, -0.005533238398124259, 0.02036815801010483, -0.09171463298152371, -0.003632290759395307, 0.09063567295598668, 0.002854339738927323, 0.014289898112640476, -0.04324622716838458, -0.048414529038275256, -0.03358063903674113, -0.05346483398844726]
other derivatives: [ 0.08749339  0.00636646 -0.05638867 -0.08221832 -0.00291038  0.        ]
Current x array =  [-0.6411287  -0.83188344 -0.59466534  0.54284547 -2.29805837 -0.51082562
 -0.69795221 -0.6058163  -0.65918606 -1.19067049 -3.11565467 -3.45150611
 -0.74921657 -0.4917489  -1.60182634 -1.393955   -3.68993057 -1.3467935
 -2.21876444 -1.27607352 -1.1229573  -0.90774499]
log likelihood =  -10290.474586191865
Edge derivatives =  [0.02258035497346267, -0.04912322995222351, 0.00933312621917004, -0.017876800451319175, -0.01789513526116983, -0.004571683822054799, 0.018170232023458854, -0.029130199126900957, -0.007708694114908599, 0.04934463018963342, 0.004827771908929111, 0.008732372520179887, -0.03477458474011719, -0.02020982231602053, -0.014678323249331271, 0.013856064197104445]
other derivatives: [ 0.1546141  -0.02091838 -0.06457412 -0.07476046 -0.01546141  0.        ]
Current x array =  [-0.64114672 -0.83185456 -0.59466874  0.54283511 -2.29797248 -0.51082562
 -0.69783354 -0.60599868 -0.65899201 -1.19088424 -3.11579925 -3.45183632
 -0.74910141 -0.49220546 -1.60179431 -1.39355823 -3.6899467  -1.34672664
 -2.21895238 -1.27628376 -1.12308532 -0.9081667 ]
log likelihood =  -10290.47452074293
Edge derivatives =  [0.01708106707221113, -0.03176549129542189, -0.004452197102527533, -0.011805848131387242, -0.013931761712642932, -0.00519940997319885, 0.0062257149847846915, 0.02008614984993795, -0.0034627240493468048, -0.00015682033577302246, 0.005268188326903308, -0.005326452285450589, -0.021549524588392127, 0.010580636999013904, 0.013018166371174922, 0.0077715975270686855]
other derivatives: [ 0.07767085 -0.04183676 -0.05784386 -0.01364242  0.01455192  0.        ]
Current x array =  [-0.64112499 -0.8318413  -0.59467662  0.54267283 -2.29804426 -0.51082562
 -0.69767299 -0.60638089 -0.65885813 -1.19102186 -3.11642103 -3.45167078
 -0.7488874  -0.49255241 -1.60182859 -1.39308112 -3.68995198 -1.34658993
 -2.21922602 -1.27649286 -1.12328408 -0.90813362]
log likelihood =  -10290.474545891526
Edge derivatives =  [0.01303794285845239, -0.018164869299387237, -0.014158324965608093, -0.0032517252418491904, -0.011693798686005147, -0.0016877625211101505, -0.011159742686240426, 0.023918363089532657, -0.006515681493498543, -0.00741041492931116, 0.006048712438519854, -0.0029312980234172947, -0.01286926629319421, 0.0075292279957166475, 0.008359313118681655, 0.034448919537360734]
other derivatives: [ 0.0165528   0.28430804  0.2224624   0.02946763 -0.01073204  0.        ]
Current x array =  [-0.64109252 -0.83205679 -0.59480952  0.54256417 -2.29801457 -0.51082562
 -0.69756884 -0.60668637 -0.65875913 -1.1912747  -3.11635905 -3.45257842
 -0.74870854 -0.49261435 -1.60176934 -1.3929884  -3.68994194 -1.34657803
 -2.21945327 -1.27645391 -1.12322881 -0.90831075]
log likelihood =  -10290.47451389433
Edge derivatives =  [0.015802983202542364, -0.027461857078072582, -0.007521421999093725, -0.009098766103585898, -0.013223613369498143, -0.004087590002348804, 0.0007273964480884465, 0.021299391737117812, -0.004428009817628975, -0.002450804917910887, 0.005515191568115651, -0.004568006792345369, -0.018802973420814884, 0.009615911402726385, 0.011545269683118198, 0.016212111336044388]
other derivatives: [0.05820766 0.06148184 0.03074092 0.         0.00654836 0.        ]
Current x array =  [-0.64111472 -0.83190947 -0.59471866  0.54263845 -2.29803487 -0.51082562
 -0.69764004 -0.60647753 -0.65882681 -1.19110185 -3.11640142 -3.45195791
 -0.74883081 -0.492572   -1.60180985 -1.39305179 -3.68994881 -1.34658616
 -2.21929791 -1.27648054 -1.1232666  -0.90818965]
      fun: 10290.47451389433
 hess_inv: <22x22 LbfgsInvHessProduct with dtype=float64>
      jac: array([-0.05820766, -0.06148184, -0.03074092, -0.        , -0.00654836,
       -0.        , -0.01580298,  0.02746186,  0.00752142,  0.00909877,
        0.01322361,  0.00408759, -0.0007274 , -0.02129939,  0.00442801,
        0.0024508 , -0.00551519,  0.00456801,  0.01880297, -0.00961591,
       -0.01154527, -0.01621211])
  message: b'CONVERGENCE: REL_REDUCTION_OF_F_<=_FACTR*EPSMCH'
     nfev: 70
      nit: 59
   status: 0
  success: True
        x: array([-0.64111472, -0.83190947, -0.59471866,  0.54263845, -2.29803487,
       -0.51082562, -0.69764004, -0.60647753, -0.65882681, -1.19110185,
       -3.11640142, -3.45195791, -0.74883081, -0.492572  , -1.60180985,
       -1.39305179, -3.68994881, -1.34658616, -2.21929791, -1.27648054,
       -1.1232666 , -0.90818965])
