number of sites to be analyzed:  408
log likelihood =  -17703.21447460864
Edge derivatives =  [120.56411338133702, 137.99717499997266, 138.33636926863406, 86.70388134854889, 55.1765804299568, 82.76082631147514, 276.87856765099036, 285.1244987917936, 134.7484511046242, 402.01297150351894, 63.809527208677736, 122.47164162137994, 105.96129393406663, 120.12516876422798, 190.37399947249503, 200.2691291875343]
other derivatives: [ -36.91093298  303.54203773 -229.45932869   -8.788993   -255.65677788
  309.80809242]
Current x array =  [-0.57199506 -0.65833778 -0.64553453  0.69314718 -1.2039728  -0.35667494
 -4.60517019 -4.60517019 -4.60517019 -4.60517019 -4.60517019 -4.60517019
 -4.60517019 -4.60517019 -4.60517019 -4.60517019 -4.60517019 -4.60517019
 -4.60517019 -4.60517019 -4.60517019 -4.60517019]
log likelihood =  -16940.49497861781
Edge derivatives =  [116.15627510468029, 141.95012844094336, 140.63891119309835, 80.2373913971981, 50.30295388019163, 78.1572063613513, 275.62552621934486, 284.0436820426777, 125.44204897849536, 407.194213883182, 59.713600242296934, 123.31678211182114, 104.99956618264382, 117.50190835908995, 187.7425866506664, 198.942909016308]
other derivatives: [ 224.97188183  315.84131648 -152.58410713  -36.91784514 -109.91789168
  288.74492273]
Current x array =  [-0.61783242 -0.65758232 -0.93048562  0.68223268 -1.52145686 -0.34753915
 -4.4554492  -4.43380018 -4.43337896 -4.49749809 -4.53664986 -4.50239473
 -4.26133212 -4.25109202 -4.43783457 -4.10593559 -4.52592915 -4.45308036
 -4.47358353 -4.4559943  -4.3687567  -4.35646856]
log likelihood =  -25845.005397706394
Edge derivatives =  [-17.035986217594687, -3.6516568492096404, -21.99105294555442, -3.5995865946306496, -35.2642054424523, -55.57036343635741, -329.72192982123994, -424.20511299472923, -185.35732936308906, -1183.8453501667857, -21.51212620751619, -110.17573731172261, -204.84191062038786, -290.3150051317651, -396.26626041480716, -337.80717537404416]
other derivatives: [ -20858.05390379 -108712.21893467    1056.53089122    2428.38650593
   -1071.27816591     430.51259127]
Current x array =  [-0.05       -0.05       -5.02572749  0.25053548 -5.55280041 -0.12424871
 -1.98542463 -1.52703401 -1.53415145 -2.75033336 -3.4314985  -2.82081067
  1.48959258  1.6729587  -1.71595214  4.30602016 -3.23424247 -1.89689764
 -2.27697227 -1.97932026 -0.43023484 -0.20047906]
log likelihood =  -13703.410505093529
Edge derivatives =  [81.4258683939681, 140.73637737594362, 124.64087075140472, 24.764559108087752, 13.707536647924169, 42.995506144503224, 148.62638075873087, 145.52407571823196, 56.63786755390857, -9.876779263492612, 25.08611182161088, 108.74873822443466, 78.83280250276694, 75.19368416673224, 115.74549912836852, 125.42675566064031]
other derivatives: [-2142.39626075   128.04885046   510.30037866  -186.73399609
   436.08451961   131.57368812]
Current x array =  [-0.37458961 -0.39731181 -2.68476753  0.49730622 -3.2483666  -0.25188806
 -3.39736288 -3.18862652 -3.19143464 -3.74906379 -4.06323533 -3.78205327
 -1.79780409 -1.71340186 -3.2718597  -0.50249964 -3.97260833 -3.35808641
 -3.53261947 -3.39505954 -2.68160906 -2.57616414]
log likelihood =  -18029.88781749838
Edge derivatives =  [-31.06313757580128, 20.55529696907871, -33.50275090302156, -11.52072553884852, -37.59551899152814, -52.558629333775926, -251.68167614588435, -255.2403790218597, -121.86889868076491, -689.4644898219648, -44.501952598738285, -43.96293631484251, -54.50708855584031, -95.79033647094859, -314.15441023562147, -348.74324376664566]
other derivatives: [  2743.89094557 -18281.97528084   2471.86326305   -416.78467824
   -289.65405363    237.43341444]
Current x array =  [-1.49839969 -0.05       -3.25553711  0.17058389 -3.71918131 -0.09316615
 -2.656033   -2.26156476 -2.28271107 -3.25778914 -3.75565711 -3.29058663
 -0.08597401  0.04434133 -2.49051049  1.83430956 -3.60258659 -2.56023432
 -2.86214315 -2.65319526 -1.50175703 -1.32555757]
log likelihood =  -13504.170460967562
Edge derivatives =  [55.00815614355602, 130.34395390141583, 93.24124326491736, 3.2798731818630613, 2.538535070561257, 25.161396559894037, 37.0267779419449, 16.013322455125262, 29.638232085718567, -222.928981385487, 9.831227237053971, 92.3130697822174, 60.921763004453176, 50.66077886459448, 60.17390292467742, 67.92046224914941]
other derivatives: [  306.92244763 -1310.15349325   639.10665631  -125.9988494
   421.14952521    92.78592188]
Current x array =  [-0.64653284 -0.31326817 -2.82288422  0.41824488 -3.36229588 -0.21348001
 -3.21797345 -2.96429309 -2.97153874 -3.63018355 -3.98880654 -3.66312657
 -1.38356985 -1.28805742 -3.08278626  0.06296909 -3.88306926 -3.16501955
 -3.37037542 -3.2155408  -2.39610461 -2.27353828]
log likelihood =  -13231.667231119623
Edge derivatives =  [75.28036899663452, 138.77074501966854, 120.61027411545025, 23.74232807793777, 11.910924535671837, 38.60771632939693, 141.44268624696588, 138.4923751657104, 53.17254913968694, 3.284317122587042, 23.10124968152329, 105.21024772634824, 76.01729490223352, 73.84938235107475, 110.42181582739926, 121.4086747303789]
other derivatives: [ 385.76654333 -146.12269297  310.11368264   -9.71340341  327.07248465
  121.48902897]
Current x array =  [-0.78757511 -0.46011027 -2.33775804  0.41787164 -2.88901424 -0.20075901
 -3.41966414 -3.18829366 -3.20052795 -3.78030274 -4.08413229 -3.80324526
 -1.86295849 -1.7846873  -3.31240004 -0.68328101 -3.99251123 -3.36636983
 -3.54704038 -3.41820366 -2.72028012 -2.61442471]
log likelihood =  -12967.586219770787
Edge derivatives =  [73.4996363167769, 129.94407920933608, 112.9209765544985, 13.180325623297533, 9.289479371830897, 30.74856315974454, 87.02206546989623, 79.14741453787603, 46.09333921831971, -109.5316046617438, 17.88556066899901, 95.89397728035325, 67.90171445280365, 67.91127895139755, 86.45816413435193, 95.55422221972485]
other derivatives: [484.20333769  52.83473001 439.32050175 -16.69995982 309.22492442
  80.06936696]
Current x array =  [-0.7927516  -0.59710804 -2.34029177  0.36422756 -2.91231681 -0.12102954
 -3.23972542 -2.94674121 -2.97151689 -3.67095575 -4.01630526 -3.68799981
 -1.4703834  -1.38595389 -3.13167455 -0.23778463 -3.90818506 -3.16399549
 -3.38185314 -3.2395368  -2.44134557 -2.31749843]
log likelihood =  -12095.745055145655
Edge derivatives =  [50.93441409015925, 68.2294621737857, 71.18771875601868, -6.651035451443617, 0.02432819289471734, 1.1329456044433959, -176.13997184049506, -185.5608501029441, 10.254446723864994, -241.8476326765864, -6.409437403794549, 15.901287809883724, 18.733072063359536, 23.54375618317809, -77.5536355799405, -109.27941804392451]
other derivatives: [-701.1294656  -471.69505706  107.9735739   231.53206712 -423.2793799
 -497.91979109]
Current x array =  [-0.48834626 -0.50060687 -0.7255261   0.18526904 -2.01667954  0.55150372
 -2.37730846 -1.68373632 -1.80964624 -3.26756997 -3.76136745 -3.1980039
  0.10723369  0.18173224 -2.37020797  0.66869424 -3.56767091 -2.1523531
 -2.59540102 -2.4091042  -1.22176797 -1.00848542]
log likelihood =  -11725.68324390804
Edge derivatives =  [65.65376572856842, 97.70364725862144, 100.1541240480417, 1.8380907486538018, 7.738786560063307, 17.03044656049838, -23.60572099060284, -31.2529149090123, 41.78360990370665, -74.29879656774196, 7.408571407964936, 65.32272132724911, 48.60553187944837, 57.532840526011, 29.266440701827815, 19.878041529282587]
other derivatives: [ 349.54246075   11.14894985  257.67039915   43.46311471   37.71619959
 -142.3237336 ]
Current x array =  [-0.67180563 -0.6130366  -0.98739984  0.43862046 -2.3783399   0.03677543
 -2.58004024 -1.96703085 -2.06472631 -3.39636655 -3.84189909 -3.33991986
 -0.46053804 -0.38885748 -2.58802978  0.18808548 -3.67385511 -2.41290517
 -2.79736894 -2.62239009 -1.61802771 -1.45065416]
log likelihood =  -11578.875907831673
Edge derivatives =  [58.38309696385693, 88.97835818646558, 97.56729860648552, 1.4603222811606646, 7.957318603121649, 15.123846072000163, -31.09082706757282, -36.03391671323203, 44.497384145486926, -37.689140802267964, 7.0401130446042295, 59.72146038480453, 45.1908648830726, 57.439141419792435, 25.388323915850226, 14.300574595051165]
other derivatives: [ 239.55944926   14.92298907 -113.68247215   48.05879144    0.53551048
 -140.77122614]
Current x array =  [-0.65526169 -0.61761378 -0.60572312  0.52533295 -2.30839029 -0.08468802
 -2.43798916 -1.7522945  -1.8595932  -3.35855284 -3.81459169 -3.28022516
 -0.35264815 -0.28794361 -2.48683154  0.15036144 -3.637945   -2.2610056
 -2.68038851 -2.49607288 -1.49355275 -1.32990046]
log likelihood =  -11452.510309580859
Edge derivatives =  [37.8913414764282, 72.76006852307343, 77.34251195907973, -0.8707718350585877, 6.055415285633545, 11.228965546170986, -56.11517944176834, -59.81686171384569, 39.69404313989252, -34.42328139002406, 4.901665681939914, 45.43045420866637, 36.1585925852421, 47.82736133470832, 6.885241374815382, -5.293046299727425]
other derivatives: [ -80.1817805   -33.91396604 -350.21876101    9.56952135  -19.11903382
  -93.13116607]
Current x array =  [-0.58941389 -0.62986056 -0.49451059  0.63757171 -2.35894883 -0.39374374
 -2.19132701 -1.39770489 -1.50347409 -3.28906277 -3.75789609 -3.1757994
 -0.19699283 -0.14280693 -2.28829934  0.205487   -3.57190543 -2.00549318
 -2.47949417 -2.2659209  -1.28155535 -1.13170692]
log likelihood =  -11332.661952414335
Edge derivatives =  [6.509726049433001, 43.2157949676709, 29.524508045186792, -2.881412657726463, 2.868269233396899, 5.829793289275323, -66.10116288077181, -69.15567581461957, 24.377217057382328, -18.70744776187337, 1.8672650398394621, 18.007468039521044, 19.403886512095244, 23.748291185897575, -23.836702766408788, -32.58307796769542]
other derivatives: [-461.00794862  -46.862624    119.43993741  -59.70105121    4.92946128
  -15.08542482]
Current x array =  [-0.50902769 -0.68135735 -0.67624519  0.79133906 -2.52414467 -0.98182292
 -1.81201088 -0.84424781 -0.93955663 -3.19278878 -3.67056471 -3.02084118
 -0.05575944 -0.02040416 -1.97085871  0.2745765  -3.47532191 -1.61391284
 -2.16902175 -1.90054405 -0.98996467 -0.87446473]
log likelihood =  -11286.717969100006
Edge derivatives =  [-1.359686362200211, 31.74921017889672, 15.525025501074467, -2.8993959931828095, 2.8162701816867637, 4.73336786898645, -56.2741905148249, -55.65254013231359, 23.097393777239475, 8.37922628462513, 2.101587632101824, 10.601160427406992, 14.95811315626763, 19.336336942068417, -22.990000231460208, -29.2921484423287]
other derivatives: [-141.52610675   79.78924259   -7.05877028  -70.85654943    3.01406544
    0.1542503 ]
Current x array =  [-0.57661469 -0.73628329 -0.6034611   0.82346364 -2.50358353 -1.16513208
 -1.71599504 -0.67072172 -0.77305719 -3.18250089 -3.65421293 -2.98630327
 -0.10435937 -0.07744835 -1.88685558  0.21013702 -3.45770915 -1.50535091
 -2.0815475  -1.79728663 -0.95310554 -0.85526098]
log likelihood =  -11266.941084332248
Edge derivatives =  [-4.68432573374889, 29.16287126220359, 10.176892667588936, -2.467135097395171, 2.92138071424741, 5.121627118375197, -36.254633286284815, -34.05862213795973, 23.00308074983452, 33.866993691560594, 2.93644905006307, 10.502191621987393, 14.225569160110721, 17.763790917211953, -13.687591086247812, -17.294362999195247]
other derivatives: [  7.49969331  65.32100087 -40.95054464 -73.97520676  22.66788215
  12.60377758]
Current x array =  [-0.61390251 -0.72115744 -0.58989588  0.80837817 -2.47763387 -1.26445114
 -1.70377481 -0.61304928 -0.72503061 -3.19969194 -3.65741448 -2.98841604
 -0.23111076 -0.20913586 -1.86634648  0.10828128 -3.46378135 -1.48339865
 -2.06099094 -1.76888558 -0.99841958 -0.91594945]
log likelihood =  -11251.290774324762
Edge derivatives =  [-10.10194793921527, 21.24484031081391, -2.104761059347525, -2.5075944076086, 2.426363610772076, 4.462829214819548, -20.538456109083416, -17.30780470066704, 19.172987522761083, 39.68787685039231, 3.1268855034616463, 5.677221667135559, 10.607805835159308, 11.65681083488255, -9.417305098989784, -10.469630855337595]
other derivatives: [ 93.26158761  31.82976798 -19.41589289 -46.71182978  11.23898983
  19.9475835 ]
Current x array =  [-0.6381609  -0.69957006 -0.6005973   0.73458997 -2.43274005 -1.35668412
 -1.67571739 -0.50829398 -0.64441482 -3.20965007 -3.6520643  -2.97609416
 -0.35037333 -0.33220925 -1.8108328   0.06265165 -3.46001571 -1.43214829
 -2.01333812 -1.70895195 -1.02584864 -0.95999455]
log likelihood =  -11241.036730218533
Edge derivatives =  [-11.388875002738072, 16.07361798316737, -5.498254393738393, -2.1588062757517137, 1.9610320553588845, 3.963847493368107, -0.251677433590481, 3.248376361627355, 15.708353239825328, 30.36954991322147, 3.6007710337450325, 3.3446482701455365, 7.886659433757054, 7.447876545614206, -0.9201095957727131, 0.21071451260439528]
other derivatives: [ 47.89580998  28.81006367 -19.36914487  -4.51873348   4.75356501
  22.61658665]
Current x array =  [-0.62410077 -0.69392312 -0.60741908  0.62645897 -2.41391968 -1.37656704
 -1.69519822 -0.43913309 -0.62772661 -3.22686624 -3.65017043 -2.9711762
 -0.48509738 -0.46455845 -1.76396676  0.07434406 -3.45933913 -1.41478745
 -1.98472733 -1.67384639 -1.08384816 -1.03089878]
log likelihood =  -11256.17390364372
Edge derivatives =  [-16.58489542527731, -2.8828149879647285, -23.030940682525813, -3.3376761353674707, -0.3023953823189541, -0.06504336287304358, -15.073314796270429, -14.024476315277436, 0.3217441167762615, -35.90950254076631, 1.5024636347633205, -12.497611402643976, -3.8190565761583652, -10.14846029670392, -16.73722876327949, -16.13400565050209]
other derivatives: [  60.5610694  -285.53295124   56.36848073   30.56484275  -26.85865184
    7.96044333]
Current x array =  [-0.64297328 -0.58735828 -0.62897208  0.54453185 -2.45272357 -1.31632587
 -1.66941975 -0.25732548 -0.54792442 -3.20330543 -3.61629379 -2.9123989
 -0.43336451 -0.40016526 -1.61769354  0.29053819 -3.41569398 -1.31883667
 -1.88131053 -1.56205106 -1.02123783 -0.96693675]
log likelihood =  -11238.504806794876
Edge derivatives =  [-12.797664385702037, 11.148215199098885, -10.054202454911906, -2.478960293874206, 1.3339605423555587, 2.8698558326542924, -4.132663327170445, -1.2803407727960132, 11.742734296495625, 12.309300812218861, 3.0370151731540336, -0.7934485847765926, 4.836875883105353, 2.8783272366063937, -5.053579926730571, -4.057361585021164]
other derivatives: [ 55.61669241 -44.45337254   0.68048394   5.52954589  -2.91438482
  18.50148692]
Current x array =  [-0.62932008 -0.66445196 -0.6133797   0.60380152 -2.42465113 -1.35990697
 -1.68806903 -0.38885308 -0.60565682 -3.22035036 -3.64080164 -2.95492098
 -0.47079034 -0.44675012 -1.723514    0.13413387 -3.4472688  -1.38825167
 -1.95612678 -1.64292871 -1.06653289 -1.01320969]
log likelihood =  -11235.689700716039
Edge derivatives =  [-11.131677336952107, 10.025018623359742, -6.572891931787502, -2.3231836066564906, 1.057760470747546, 2.4165482346714873, -1.2189124264353604, 1.0078683839408167, 10.010213101007325, -1.7762089966868233, 3.06151824761317, -1.3971397964190158, 3.6372070364302838, 1.7807499666473783, -3.2469938610580944, -2.163979994345209]
other derivatives: [  5.41895133 -15.82866389   5.91608114  18.09148671  -5.41731424
  14.06169758]
Current x array =  [-0.61503531 -0.67831016 -0.61774528  0.57401991 -2.43289488 -1.30982375
 -1.71599793 -0.37128474 -0.62810605 -3.22476091 -3.63800156 -2.95008469
 -0.48891665 -0.45912779 -1.70027013  0.18294651 -3.44225117 -1.39183523
 -1.94799949 -1.63681445 -1.08249006 -1.0281598 ]
log likelihood =  -11234.298065253523
Edge derivatives =  [-9.239514068483645, 9.377244640926769, -2.504572799897397, -2.175686165230879, 0.8362053974381958, 2.071758932736612, -0.5204262990099477, 0.9743180453974516, 8.528737595876091, -10.32333895952116, 3.0487838147127198, -1.5162421344846302, 2.669790754867954, 1.0815199330267888, -2.3101764584414592, -1.4892350283661635]
other derivatives: [-20.21515684  -2.68119038   2.82270776  17.48703653  -2.94021447
   8.64474714]
Current x array =  [-0.608042   -0.685307   -0.6166091   0.57589809 -2.44398531 -1.25468825
 -1.74624581 -0.35744284 -0.6536203  -3.22878781 -3.63545707 -2.9452971
 -0.49106584 -0.45509578 -1.67938147  0.21664047 -3.43612728 -1.39864217
 -1.94241628 -1.6350247  -1.09266814 -1.03524138]
log likelihood =  -11232.898592252717
Edge derivatives =  [-7.520716167628715, 6.620177521728414, 0.5983165528350225, -2.0280380038900025, 0.5162363818945218, 1.5909195238202705, 1.1914160532788007, 1.8493493669901753, 5.832134756072015, -13.641033771628967, 3.013192975690798, -2.261014235727044, 0.8325523977026624, -0.6682960417494894, -1.2024575714433394, -0.5806827536103522]
other derivatives: [-21.07663022   8.3427949    0.13278623   9.39871825   0.87347871
   2.36050255]
Current x array =  [-0.60746696 -0.69096822 -0.61466903  0.5957823  -2.45116881 -1.19939816
 -1.78344844 -0.31939365 -0.67143303 -3.23578571 -3.63097791 -2.93578451
 -0.49907745 -0.45544281 -1.6415221   0.23243208 -3.42495102 -1.40055134
 -1.92776252 -1.62511851 -1.10443514 -1.04403733]
log likelihood =  -11231.50616496646
Edge derivatives =  [-5.887262628329938, 1.9326945257095196, 2.3884159917416996, -1.9226486934219358, 0.11353783715953068, 1.189579453541847, 2.8106773885776426, 2.062968432633271, 1.8181823435656048, -7.13814224841246, 3.0037998146176395, -2.0280603252018565, -0.9799112254324529, -2.215788375975025, 0.7734107245591635, 1.1291522617727607]
other derivatives: [-16.30996849   2.10166036  -4.80740709  -0.54751581   0.72359398
  -3.37204256]
Current x array =  [-0.60864269 -0.68651011 -0.61299727  0.61968525 -2.43746502 -1.14620605
 -1.84824275 -0.26641002 -0.68825769 -3.25266512 -3.62687653 -2.92379803
 -0.51239154 -0.46023292 -1.59129316  0.20067231 -3.40559337 -1.41403659
 -1.91542866 -1.62305754 -1.12601482 -1.06158462]
log likelihood =  -11232.824541213413
Edge derivatives =  [-3.7313102614796554, 0.8768650137691563, 5.090635203194202, -1.790936843937239, -0.14217394319249865, 1.1318668580315268, 2.268914437240834, -0.010982250373519742, -0.8273260554013164, -2.0723405923086253, 3.0202413273821533, 0.793731363424985, -0.5088661953739143, -0.9603718635470004, 2.09533227378184, 2.134950029726289]
other derivatives: [68.22447176 25.34416126 67.55235518 -1.26474333  5.35419531 -7.60173862]
Current x array =  [-0.62809861 -0.69373057 -0.64940804  0.61273741 -2.43335255 -1.10411745
 -1.93724754 -0.24687517 -0.7137633  -3.27634677 -3.62588477 -2.91418481
 -0.50666461 -0.45213452 -1.56055976  0.17310924 -3.37948291 -1.44734153
 -1.92383608 -1.64660866 -1.14362343 -1.07283204]
log likelihood =  -11231.33632240202
Edge derivatives =  [-5.321282915105986, 1.6965913006334148, 3.0851974051428273, -1.887779918503125, 0.05061976277647005, 1.1765120691769417, 2.6954431023149863, 1.5641024952633569, 1.1768191391409948, -5.839769019836347, 3.0096856632559135, -1.3058334490152737, -0.8560051398559305, -1.8921899143281362, 1.115898101480964, 1.3925908732167376]
other derivatives: [ 5.25160431  8.06485332 14.14609869 -0.73723641  1.92721927 -4.41887096]
Current x array =  [-0.61350297 -0.68831385 -0.62209304  0.61794961 -2.43643768 -1.13569191
 -1.87047702 -0.26153002 -0.69462924 -3.25858103 -3.62662878 -2.92139655
 -0.5109609  -0.45820986 -1.58361566  0.19378679 -3.39907072 -1.42235649
 -1.91752892 -1.62894084 -1.13041362 -1.06439434]
log likelihood =  -11231.008354414193
Edge derivatives =  [-5.252388045475438, -0.569317327208351, 2.139823711016337, -1.937595798054306, -0.05240456498088959, 1.110179254727296, 2.022608492356651, 0.5127554607302699, -0.21752379924977538, 0.8852560885021845, 2.97560568366697, -0.995989894221228, -1.1962496924182058, -1.9762056036395248, 1.33870448482907, 1.477947965351758]
other derivatives: [ 8.62019078  1.9914296   6.10416464 -3.8973667  -0.46893547 -4.6173227 ]
Current x array =  [-0.61476199 -0.68477027 -0.61850646  0.62658066 -2.42584813 -1.13483723
 -1.89559165 -0.23972221 -0.68998126 -3.2665263  -3.62518642 -2.91548916
 -0.5091471  -0.45570294 -1.56570466  0.16507341 -3.38818947 -1.4273809
 -1.91440599 -1.63075018 -1.13348734 -1.06603945]
log likelihood =  -11230.716741313408
Edge derivatives =  [-4.826485301095297, -0.8466955460513101, 2.0462173434975046, -1.9438071260321037, -0.09564868049830044, 1.1452312514718945, 0.8851714692853767, -0.6651585437036085, -0.7470616176576108, 4.007469982882709, 2.935753440340713, 0.08905423962118988, -0.6590629889024696, -0.8725751799885385, 1.31169424898175, 1.2374616735826476]
other derivatives: [ 6.1110768  -3.47135938  2.30502337 -2.41452653  0.44328772 -4.38158168]
Current x array =  [-0.61414403 -0.68178518 -0.61728994  0.62217072 -2.4264525  -1.13870419
 -1.93107156 -0.2342915  -0.68883989 -3.27750814 -3.6249188  -2.90978367
 -0.50093271 -0.45076002 -1.55753941  0.15250023 -3.37338819 -1.43807641
 -1.91911688 -1.64152499 -1.13352911 -1.06405343]
log likelihood =  -11230.15278502628
Edge derivatives =  [-4.0264324927703585, -2.2039763316030685, 0.6192593862982877, -1.9717166955458578, -0.2269091603527743, 1.0512240209444976, -1.8915334856384773, -2.7675526778064965, -2.129940682410733, 6.669133412114501, 2.7156892744708716, 1.9807848176626135, 0.5067400625211805, 1.6836042689164716, 0.5367206503702577, 0.03913638526964014]
other derivatives: [10.10703272 -3.40878614 -9.53878043  5.10426617 -2.16568878 -3.18614184]
Current x array =  [-0.61548133 -0.68150151 -0.61226439  0.60559587 -2.4264564  -1.1650311
 -2.02874737 -0.21396994 -0.67185583 -3.30948652 -3.62309934 -2.88943846
 -0.47954466 -0.44235579 -1.53401332  0.14245994 -3.32603321 -1.45611612
 -1.92634989 -1.66230539 -1.12618829 -1.05281125]
log likelihood =  -11230.633594616065
Edge derivatives =  [-3.1066453783583907, -2.0758093518333594, -1.808094249701024, -2.023892577375138, -0.41585977747436065, 1.0153107647510284, -6.889894892763498, -6.842432841175712, -3.8714630435878807, 10.908512472666239, 2.124467185081651, 4.313257516394853, 2.3576384202703307, 4.911854750257316, -2.1135867286712395, -3.181988757486159]
other derivatives: [-64.15411917 -18.28884706  26.87211236  -2.31430022   1.12304406
   0.10077201]
Current x array =  [-0.59656249 -0.67743695 -0.62973322  0.61791903 -2.43526442 -1.2132681
 -2.18603609 -0.20264296 -0.64953962 -3.36244988 -3.62264109 -2.85912849
 -0.44145293 -0.42629193 -1.51443844  0.12596995 -3.24942986 -1.48385093
 -1.94271202 -1.69669004 -1.11092578 -1.03167365]
log likelihood =  -11229.946292192471
Edge derivatives =  [-3.660963584637769, -2.1264505954382296, -0.20476015797760796, -1.9909427507311732, -0.2950101936661602, 1.0434470697418405, -3.6140070140167992, -4.205233626154546, -2.740136578615766, 8.191261447591693, 2.516242174098247, 2.8285392136205116, 1.1640724131197913, 2.844380406903899, -0.3915951992484008, -1.0873104330402408]
other derivatives: [-15.65676939  -8.53924575   3.57176759   2.4207111   -0.93186827
  -2.0085281 ]
Current x array =  [-0.60878153 -0.68006211 -0.6184507   0.60995992 -2.42957562 -1.18211346
 -2.08444866 -0.20995867 -0.6639529  -3.32824265 -3.62293706 -2.87870467
 -0.46605508 -0.43666703 -1.52708119  0.13662027 -3.29890536 -1.46593796
 -1.93214427 -1.67448217 -1.12078332 -1.04532571]
log likelihood =  -11229.634764485221
Edge derivatives =  [-3.1598881810332795, -2.2561759121189913, -0.5885039347831185, -1.9455971565484917, -0.35483506152618965, 0.9189670169095286, -4.291363679305305, -4.104737632922672, -3.157303924821421, 5.471466289642685, 2.338227299283959, 3.3930510974292245, 1.6987392206440028, 3.9854783871755926, -0.9542729855254628, -1.7759055575275864]
other derivatives: [-11.18442015  -2.9347575   -0.14988473   5.53882273  -1.16415322
  -1.50648702]
Current x array =  [-0.60998134 -0.68309833 -0.61626703  0.60344944 -2.4349603  -1.19982174
 -2.14156279 -0.2024294  -0.65328749 -3.34767739 -3.6219828  -2.86571141
 -0.45668863 -0.43609092 -1.51769165  0.15008934 -3.26920525 -1.47085387
 -1.93439925 -1.68172006 -1.11459334 -1.03785641]
log likelihood =  -11229.101734830969
Edge derivatives =  [-2.2194849948329134, -2.337719173377169, -1.284735981684768, -1.7725730175497258, -0.4859022035807271, 0.6240964257657725, -3.480076750744855, -2.0645275652947115, -3.968770180110359, -0.8020112522375098, 1.9075733924573621, 3.6141489440995835, 2.0482624295595593, 4.846702066854233, -1.6413622337314484, -2.429754472017799]
other derivatives: [-0.09058567 -6.02121872 -1.84245437  5.25105861  0.70940587 -0.29685907]
Current x array =  [-0.61315044 -0.68270904 -0.61391261  0.60444268 -2.44566081 -1.23744279
 -2.26095809 -0.18804807 -0.63268274 -3.39048654 -3.62063948 -2.83772321
 -0.44985348 -0.44435345 -1.50336299  0.18025644 -3.20548039 -1.47205359
 -1.93297629 -1.68464693 -1.10634622 -1.02909946]
log likelihood =  -11229.090612077483
Edge derivatives =  [-1.0905446923716566, -2.0137075210710984, -1.5787255529402553, -1.4919162755705655, -0.4470735876440538, 0.4781442315169926, -0.20598648733769576, 2.2136030580526858, -3.4746523881607057, -0.1006729206595399, 1.4304915442902941, 3.1840744628251465, 2.049015417601886, 5.195804084479343, -0.9418951760881857, -1.2957751930392776]
other derivatives: [-3.2105163  42.92614904 -7.83747964 -0.83509804  1.70857675  2.41252565]
Current x array =  [-0.6114001  -0.70640441 -0.61024015  0.62098824 -2.44765958 -1.29287171
 -2.40949832 -0.17534989 -0.60769756 -3.44834492 -3.62118894 -2.80308706
 -0.45330197 -0.46131567 -1.49909724  0.18814281 -3.12379837 -1.46374434
 -1.92591033 -1.67484022 -1.10304582 -1.02783309]
log likelihood =  -11228.878226478135
Edge derivatives =  [-1.6114017983840792, -2.1463538387777086, -1.3889399283693464, -1.6284165914762483, -0.4656740125190991, 0.5582851276867842, -1.8027051758470691, 0.09570992657568334, -3.7096175832415357, -0.42579673275146646, 1.6794048220227755, 3.4116373885462794, 2.0560780873768536, 5.032618347827857, -1.2718577216310387, -1.8395235902208715]
other derivatives: [-1.54723239 19.07701517 -4.88744263  2.19588401  1.26547093  1.09339453]
Current x array =  [-0.61226913 -0.6946399  -0.61206349  0.61277354 -2.44666721 -1.26535182
 -2.33574962 -0.18165441 -0.62010245 -3.41961883 -3.62091614 -2.82028355
 -0.45158983 -0.4528941  -1.50121514  0.18422731 -3.16435266 -1.4678698
 -1.9294185  -1.67970915 -1.10468443 -1.02846183]
log likelihood =  -11228.629043698667
Edge derivatives =  [-1.247455215208128, -1.680096345148661, -1.697032074421371, -1.505850805836869, -0.5016035557617389, 0.4463200786071353, -0.2564905298292397, 1.7118030955582653, -3.686986087248706, -2.7603942406156126, 1.406609970782285, 2.8183505388191943, 1.7258604680846674, 4.316813312332837, -1.2652804178090942, -1.6151353945534899]
other derivatives: [ 4.16148396  8.72842065 -0.72250259 -1.62181095  2.8499926   1.92012521]
Current x array =  [-0.61398314 -0.69004084 -0.61307454  0.62092871 -2.44879842 -1.28472954
 -2.39321827 -0.18019674 -0.61266963 -3.44266274 -3.62150423 -2.806747
 -0.45558136 -0.46095053 -1.5033756   0.19467833 -3.13218651 -1.46140593
 -1.92510291 -1.67167822 -1.10430076 -1.02946539]
log likelihood =  -11228.403831125825
Edge derivatives =  [-0.7825231858401867, -1.442402836970141, -1.4762703993479698, -1.3762349647645442, -0.5428997224988781, 0.34439607916100246, 1.5539722393478574, 2.815710624334036, -3.648795099853979, -3.9179523010352413, 1.1221640050475046, 1.810766155409849, 0.9268310271929517, 2.7507891615351197, -0.6725202979925471, -0.759504164325884]
other derivatives: [ 2.89019226  0.7728886   3.21870175 -3.91046342  2.10548023  2.03053787]
Current x array =  [-0.61382001 -0.68609741 -0.61478668  0.62569465 -2.44433145 -1.29347133
 -2.45263666 -0.17916168 -0.61249973 -3.46752664 -3.62289625 -2.79354195
 -0.46362339 -0.46833899 -1.50890256  0.19648056 -3.10012047 -1.45262465
 -1.91787617 -1.65742048 -1.10990035 -1.03678673]
log likelihood =  -11228.161994039721
Edge derivatives =  [-0.17812214177768043, -0.5022045613335387, -0.6639683952392216, -1.230573365370889, -0.5217601415789472, 0.34557622405703775, 2.648227887991906, 2.7943663002252155, -2.868847805529309, -2.3882539094078585, 0.756220578981855, 0.7548236534978094, 0.1551705470838039, 0.9604771834001385, 0.1798870059327886, 0.30813405962234414]
other derivatives: [ 1.46974344 -4.48198989  3.66799213 -4.58494469  1.54068402  1.9917934 ]
Current x array =  [-0.61348835 -0.68281544 -0.61553453  0.62620191 -2.43831471 -1.29999556
 -2.528361   -0.18470834 -0.6171112  -3.50069197 -3.62613877 -2.77790151
 -0.46717524 -0.47003214 -1.52442289  0.18698103 -3.05957801 -1.44319288
 -1.91121917 -1.64060352 -1.11761027 -1.04606136]
log likelihood =  -11227.97211999428
Edge derivatives =  [0.2887597969364936, 0.33734553491043795, -0.29980886003516005, -1.146843362144122, -0.45763674817445205, 0.3139951543342622, 1.208146960277624, 0.7746068985199195, -1.4574764489848377, -1.6912385571526878, 0.20995880993544536, -0.47070996133659293, -0.41261636989773276, -0.6329803380054343, 0.1635524393502079, 0.32367114578123124]
other derivatives: [-2.31520971 -3.48154572  2.29592843 -0.11841621 -2.53621693  1.42208592]
Current x array =  [-0.61265192 -0.68266976 -0.61571562  0.61631447 -2.43090828 -1.30409682
 -2.60983891 -0.19128461 -0.61916713 -3.54054828 -3.63124843 -2.7592567
 -0.45742263 -0.46232    -1.54908988  0.17937622 -3.01293122 -1.4330888
 -1.9063384  -1.62482517 -1.12008982 -1.04925565]
log likelihood =  -11228.102091320994
Edge derivatives =  [0.6993444852155272, 1.4301147741657525, 0.9578733634061585, -1.0573548833111066, -0.32247833799254466, 0.529697940137271, -0.509849022779636, -1.0099302697605048, 0.006703385056196665, 5.650195333347352, -0.06599884709475351, 0.09177932024516822, 0.03026663019383695, -0.3647164752418475, 0.29886156918046436, 0.30748195998296896]
other derivatives: [24.51815817  0.95242285 11.87981979 -3.61324055  4.43942554  0.98843884]
Current x array =  [-0.61884521 -0.68336319 -0.62031141  0.62059405 -2.43757953 -1.29990548
 -2.66714219 -0.19556542 -0.62441236 -3.57132616 -3.63653248 -2.74710301
 -0.44181962 -0.45009248 -1.56790924  0.15483821 -2.98235278 -1.43716037
 -1.90991984 -1.62635088 -1.12135234 -1.04891626]
log likelihood =  -11227.949818899198
Edge derivatives =  [0.4067086572166303, 0.6410920486902427, 0.04986776688629066, -1.1215381179998742, -0.42009095896479726, 0.3734231980718813, 0.7351682168481447, 0.28113218523495287, -1.0502222408857051, 0.3433551637798491, 0.13541236097525025, -0.3148424505363613, -0.2903532247757078, -0.5586914787970175, 0.20126277010387572, 0.31935071578195434]
other derivatives: [ 5.15083229 -2.24663381  4.95820132 -1.08793756 -0.59280865  1.29930413]
Current x array =  [-0.61436248 -0.68286128 -0.61698496  0.61749648 -2.43275086 -1.30293919
 -2.62566585 -0.19246695 -0.62061584 -3.54904901 -3.63270787 -2.7558999
 -0.45311314 -0.45894281 -1.55428772  0.17259892 -3.00448557 -1.43421335
 -1.90732758 -1.62524657 -1.12043852 -1.04916191]
log likelihood =  -11227.924366757523
Edge derivatives =  [0.48881406312916215, 0.86496791457882, 0.35057676494035606, -1.1124863684902913, -0.37582549260835163, 0.4024512095155278, -0.0749197977981848, -0.38584478070547323, -0.49746716846600186, 0.9680886169768289, 0.051468842617149055, -0.370527166019171, -0.22209688655401738, -0.5305880179094227, 0.08625219896179054, 0.12763067277905837]
other derivatives: [ 0.4803951  -0.78289304 -1.01390469  0.12732926 -0.25411282  0.93041308]
Current x array =  [-0.61318708 -0.68354757 -0.61447522  0.61489039 -2.43446294 -1.30020957
 -2.63611837 -0.19399123 -0.62149864 -3.55670433 -3.6344283  -2.75286172
 -0.44776496 -0.4549805  -1.56158466  0.17087854 -2.99768272 -1.43374911
 -1.90793106 -1.62458645 -1.11963076 -1.04802436]
log likelihood =  -11227.91749434586
Edge derivatives =  [0.48349011269625675, 0.7943343972291834, 0.38889313644818924, -1.1150811749463465, -0.3663336233341369, 0.40083305814159126, -0.3163743470401854, -0.502996813961884, -0.3907964530449332, 0.7115662936896348, 0.05261382444399453, -0.32995814942103385, -0.17014153883084382, -0.4294562520009766, -0.013568645380288513, -0.00151807086570116]
other derivatives: [ 0.14733814  0.2921297  -0.93277777  0.54824341 -0.07057679  0.71431714]
Current x array =  [-0.61306259 -0.68410929 -0.61453268  0.61390967 -2.43559587 -1.29764872
 -2.63325179 -0.19332623 -0.62148614 -3.55733101 -3.6349595  -2.75279966
 -0.44636028 -0.45411665 -1.56297265  0.17218914 -2.9986334  -1.43427396
 -1.90846867 -1.62550338 -1.11902252 -1.0472188 ]
log likelihood =  -11227.901446914217
Edge derivatives =  [0.48579054584509207, 0.45491341115641687, 0.43685609261232317, -1.1022479983521514, -0.34201856745019615, 0.38423530290325975, -0.5994746250854714, -0.44372569182349786, -0.11585094909578014, 0.08882152411521495, 0.04364843326574646, -0.17635047891644717, -0.040018150686987414, -0.15343117606339574, -0.18095826780385976, -0.22535884621390295]
other derivatives: [-0.14206307  1.13814167 -1.31039997  0.48185029  0.77052391  0.1366061 ]
Current x array =  [-0.61291759 -0.68462901 -0.61433469  0.61404717 -2.43836436 -1.29051206
 -2.62843416 -0.18980582 -0.62074472 -3.56254622 -3.63709068 -2.75115764
 -0.44444114 -0.45370892 -1.56687662  0.17554902 -2.99931592 -1.43626418
 -1.90989722 -1.62831236 -1.11821019 -1.04595911]
log likelihood =  -11227.885028486158
Edge derivatives =  [0.49094915337772127, -0.12809867090199856, 0.06603741111778721, -1.0705077881824212, -0.3126359485558512, 0.3282806501311203, -0.8628235319468137, -0.5551190179613867, 0.2895205886821324, -0.45565218455647927, -0.06049200180316514, -0.09548137330988668, 0.04666457432184587, -0.029476717103843753, -0.3377144251151963, -0.39691828308603766]
other derivatives: [-3.2960088   2.17587512  3.25999281  0.50258677 -0.14479156 -0.45292836]
Current x array =  [-0.6119867  -0.68510242 -0.61666759  0.61408514 -2.4369424  -1.28264619
 -2.63238535 -0.18494664 -0.61848669 -3.58002204 -3.64208794 -2.74479912
 -0.44363198 -0.45404564 -1.57511559  0.17620258 -2.99340676 -1.43871368
 -1.91146677 -1.63087412 -1.1188726  -1.04633384]
log likelihood =  -11227.871447304413
Edge derivatives =  [0.513132512225013, -0.661998285428421, -0.14671837229111195, -1.0237317398397316, -0.2842237981283997, 0.2753602257688855, -0.5866121427154982, -0.11617851821687075, 0.62740185314385, -1.13423068685938, -0.10970354778777545, 0.024838269875431473, 0.1209870034361643, 0.13710812530882055, -0.265870341960899, -0.31997195131166195]
other derivatives: [ 2.05272954  1.78297341  0.35142875  0.49676601 -0.7719791  -0.94041752]
Current x array =  [-0.6133949  -0.68468271 -0.61532054  0.61483934 -2.43563568 -1.27669725
 -2.63397163 -0.18013052 -0.61613239 -3.595038   -3.64637321 -2.73927049
 -0.44534723 -0.45634996 -1.58066019  0.17843342 -2.98917494 -1.44050912
 -1.9123062  -1.63271031 -1.11994889 -1.04737229]
log likelihood =  -11227.861574488066
Edge derivatives =  [0.5164110077503608, -0.7782519285303189, -0.30059919356430165, -0.9998500547894367, -0.2776018112194941, 0.2655338152886549, -0.23681959593783553, 0.12836251557846146, 0.6625848260253018, -0.5558990503786944, -0.1228637817676011, 0.13897767247988693, 0.1581298816663993, 0.20726554649832185, -0.12383293575116155, -0.15288889746488854]
other derivatives: [ 0.43219188 -0.18335413  0.05748007 -0.41545718 -0.50149538 -0.84437488]
Current x array =  [-0.61297857 -0.68366677 -0.61526923  0.61679333 -2.43482377 -1.276432
 -2.63588465 -0.17902203 -0.61529854 -3.60259332 -3.64838231 -2.7366733
 -0.44741683 -0.45787362 -1.58170679  0.1758797  -2.98705416 -1.44189431
 -1.91281157 -1.63386453 -1.12123408 -1.04871358]
log likelihood =  -11227.85279240863
Edge derivatives =  [0.5231658407440473, -0.7846977935446855, -0.46542974168241386, -0.9685686700684043, -0.27152390408317806, 0.24522095129882424, 0.2721619753087162, 0.410194951874121, 0.6708881475125714, 0.026882403007362138, -0.13727466181913575, 0.2007769744811244, 0.15988172152767205, 0.2094231596032307, 0.09965031838327698, 0.1216463878714451]
other derivatives: [-0.24228939 -0.74796844 -0.00381988 -0.8067218  -0.61972969 -0.6180926 ]
Current x array =  [-0.61277894 -0.6832231  -0.61537244  0.61759867 -2.4332062  -1.27783188
 -2.63822532 -0.1790024  -0.61452707 -3.61265518 -3.65097854 -2.73320049
 -0.4504169  -0.45965347 -1.58223926  0.17302857 -2.98424982 -1.44263001
 -1.91281691 -1.6341252  -1.12291571 -1.05062129]
log likelihood =  -11227.835704575802
Edge derivatives =  [0.4775192195160852, -0.6835184021481788, -0.790163576400566, -0.9114605167683025, -0.25908871871989697, 0.16831946879156348, 0.544101255193757, 0.3716379836963487, 0.6907468836753629, 0.4757966428986994, -0.17959875786683338, 0.2998640172655207, 0.19643724289320852, 0.25096764923947334, 0.21960959870333197, 0.26709377971191656]
other derivatives: [-1.05028448 -6.23840606  0.44328772 -0.09349606 -0.31723175 -0.44419721]
Current x array =  [-0.6126245  -0.68052685 -0.61578665  0.61530261 -2.4329157  -1.2781936
 -2.63472043 -0.18021119 -0.61383061 -3.63846977 -3.65849618 -2.72488062
 -0.45241471 -0.45984961 -1.58389752  0.17018742 -2.9808234  -1.44416016
 -1.91323235 -1.63546954 -1.12441968 -1.05214513]
log likelihood =  -11227.807575673
Edge derivatives =  [0.4173047964641945, -0.560815091587264, -1.0188384428621922, -0.839502924755356, -0.23843856639690827, 0.0767279399517067, 1.230374284008016, 0.7344761435402253, 0.6315806515948765, 1.0608141616430409, -0.15163771547401556, 0.5323262538015507, 0.2937253644116127, 0.5117858196884013, 0.5069561112820073, 0.6049338368056378]
other derivatives: [-1.00881152 -5.10190148  0.59844751  0.38780854  0.11168595 -0.14024408]
Current x array =  [-0.61250545 -0.68084913 -0.6160674   0.61381873 -2.43272566 -1.27908546
 -2.62193497 -0.18141376 -0.61305295 -3.66855268 -3.66782075 -2.71576594
 -0.45646576 -0.4612293  -1.58270778  0.16776641 -2.98101768 -1.44656364
 -1.91376811 -1.63806254 -1.1262291  -1.05399607]
log likelihood =  -11227.722045287155
Edge derivatives =  [0.1873439256718603, 0.06969574325220695, -1.215897175681119, -0.6429578645037888, -0.17847477901663722, -0.2825241778373367, 1.6727743927202758, 0.6276276785614283, 0.4514528752711595, 1.6581351071185222, -0.14008965337812512, 0.8747823853705865, 0.4258186821628249, 0.9710490411305774, 0.799718008670536, 0.9072895723847814]
other derivatives: [-1.68820407 -4.17312549  0.12987584  0.71686372  0.09385985  0.29540388]
Current x array =  [-0.6122183  -0.68112383 -0.61606977  0.61301646 -2.43131017 -1.27966888
 -2.57678201 -0.18830641 -0.61534507 -3.77583476 -3.70116959 -2.68430275
 -0.45991393 -0.45885824 -1.57986646  0.1646316  -2.98121537 -1.45118984
 -1.91426874 -1.64309631 -1.12844824 -1.05565374]
log likelihood =  -11227.68022321642
Edge derivatives =  [0.07713357994889865, 0.7432037233056539, 0.5294362060687225, -0.32290030729622227, -0.04487397064109227, -0.7968427589654716, 1.8602353010508939, 1.8956276297342827, 0.7012926454525776, 3.286055391727642, -0.340523115870836, 0.13935402997501786, -0.09072746933685504, -0.08664470249319467, 0.7545630765158161, 0.8759623580508655]
other derivatives: [ 7.88495527 -0.53787517  6.55891199 -2.57896318  6.15309546 -0.0172804 ]
Current x array =  [-0.6141886  -0.68285912 -0.61864377  0.61785161 -2.44049734 -1.27894842
 -2.53280938 -0.19049802 -0.62862376 -3.96908829 -3.75849842 -2.63479021
 -0.45685884 -0.45874242 -1.58262592  0.16225599 -2.96684396 -1.44546636
 -1.90872761 -1.63215459 -1.12772834 -1.05461648]
log likelihood =  -11227.657816249577
Edge derivatives =  [-0.14832948965764597, 0.572795082374025, 0.5515609184299789, -0.26651104395390046, -0.018811472766751432, -1.1735907375927457, 0.9349626675198011, 1.2282884070062117, 0.6441753184980834, 0.6048722801669119, -0.4181079898917044, -0.25069307397034046, -0.28867970728083425, -0.20105493080705372, 0.461662255116525, 0.48158675531055556]
other derivatives: [-14.3851139    0.72450348  -8.25020834   0.54369593   1.65582605
  -0.44346962]
Current x array =  [-0.60897719 -0.68419971 -0.61210846  0.61372562 -2.43656049 -1.27606588
 -2.50057135 -0.19221259 -0.63157304 -4.04973761 -3.78339783 -2.61321308
 -0.45425823 -0.45527608 -1.5825451   0.17047682 -2.96601673 -1.44424739
 -1.90710045 -1.63066547 -1.12629434 -1.0527735 ]
log likelihood =  -11227.607681974136
Edge derivatives =  [-0.08609085738939291, 0.676237327721606, 0.26895226701630837, -0.34385599113977566, -0.06290038074232043, -0.9520291066804196, 0.6750692287517309, 0.6877781471503598, 0.47672749841666634, 0.5910216006859336, -0.35581451446943463, -0.11728351749614441, -0.18797179744209158, -0.11882368515130193, 0.35941751045257087, 0.3865735359462282]
other derivatives: [-1.41917553  0.18517312 -0.93004928  0.56370482  0.96952135 -0.21991582]
Current x array =  [-0.61224635 -0.68367529 -0.61522078  0.6134242  -2.43477642 -1.27891814
 -2.51657742 -0.19334447 -0.62934168 -3.98555948 -3.76417253 -2.63079799
 -0.45298026 -0.45381893 -1.58002858  0.16992038 -2.97065159 -1.44421448
 -1.90799453 -1.63173734 -1.12554135 -1.05212334]
log likelihood =  -11227.6031529784
Edge derivatives =  [-0.1120960081301216, 0.7132447222877045, 0.31841297227309334, -0.35367101373257465, -0.06913857152939443, -0.9475618107040054, 0.33670664680915086, 0.40283754495493984, 0.3939804644258254, 0.25876152163157423, -0.34444458660158056, -0.15506156814874164, -0.19963915975506452, -0.14149086444320724, 0.22661952010661202, 0.2285409792981184]
other derivatives: [ 0.14806574  0.4461981  -0.10786607  0.51186362  0.54442353 -0.23865141]
Current x array =  [-0.61268619 -0.68388298 -0.61547084  0.6137845  -2.43448069 -1.27932691
 -2.51383924 -0.19398443 -0.63000121 -3.98328538 -3.7637058  -2.63227342
 -0.45124576 -0.45229484 -1.57862207  0.17117384 -2.97254016 -1.44376914
 -1.90789089 -1.63147481 -1.12459337 -1.05105468]
log likelihood =  -11227.598618426846
Edge derivatives =  [-0.17018835052700482, 0.657784046865266, 0.3485579489610507, -0.3547168015120031, -0.0708975748105666, -0.9693898829258505, -0.06293415068214347, 0.0813311341386811, 0.28032506952047387, -0.16310518559828663, -0.33298239506300753, -0.18148508141993322, -0.20693403460122975, -0.1465339402439525, 0.06186321190386307, 0.033647439721653016]
other derivatives: [ 0.54187694  0.57043508  0.31595846  0.23792381 -0.05784386 -0.25556801]
Current x array =  [-0.61285093 -0.68409833 -0.61551196  0.6148318  -2.4339692  -1.27964013
 -2.50736528 -0.1939639  -0.63079858 -3.99114879 -3.76633858 -2.63209965
 -0.44933945 -0.45046134 -1.57670798  0.17274373 -2.97474742 -1.4436184
 -1.90790326 -1.63141572 -1.12347025 -1.04976318]
log likelihood =  -11227.591383906216
Edge derivatives =  [-0.23750917523132536, 0.390870784784575, 0.3419171563241149, -0.345415571058948, -0.06088491367983072, -0.9614182541266485, -0.3009073268539648, -0.0968251714743743, 0.1801712291826066, -0.24276997719094093, -0.3033508145315277, -0.12087829837097325, -0.16272946119310377, -0.09021288469295308, -0.04244242882993188, -0.08568033906918204]
other derivatives: [ 1.92994776  0.32250682 -0.86401997 -0.18371793 -0.25465852 -0.19463187]
Current x array =  [-0.61327969 -0.68410089 -0.61479541  0.61619955 -2.43401642 -1.28057771
 -2.50073987 -0.19170659 -0.63087125 -4.0066008  -3.77105878 -2.63319126
 -0.44812309 -0.44900554 -1.57415879  0.17352576 -2.97720671 -1.44398541
 -1.90840344 -1.63155742 -1.12241411 -1.04864383]
log likelihood =  -11227.584184900361
Edge derivatives =  [-0.4382124773457291, -0.545887132332677, 0.13773964502147062, -0.3307303461100612, -0.04219206488884057, -0.8829274068712522, -0.8618294913238691, -0.5730421075075632, -0.2198594158347676, -0.2879704309512431, -0.22719170421539944, 0.01857204824868064, -0.053289338019219146, -0.04011732460695716, -0.4240455483682847, -0.47099671758184974]
other derivatives: [-2.45381671 -0.41763997  3.44898581 -1.82408257 -0.12350938  0.11405064]
Current x array =  [-0.6121895  -0.68434986 -0.61643798  0.6199927  -2.43549533 -1.28393167
 -2.48616946 -0.18333629 -0.63018945 -4.04508922 -3.78258668 -2.641072
 -0.44534137 -0.44564661 -1.56637715  0.17476258 -2.98481978 -1.44512124
 -1.91025522 -1.63181214 -1.11940299 -1.0456105 ]
log likelihood =  -11227.572710108288
Edge derivatives =  [-0.4261706877646339, -0.8100706356664482, 0.009573151717309526, -0.31777594946286375, -0.0246897183808348, -0.8468300812833149, -0.5291333585748117, -0.3312929793056103, -0.11844296045967367, -0.09041688972092701, -0.20976921665953452, 0.1415451479128026, 0.028742750920933424, 0.07939653114180018, -0.2662444572403154, -0.2903732341915443]
other derivatives: [ 0.09822543 -0.54478733 -0.68903319 -0.91204129 -0.22537279  0.14806574]
Current x array =  [-0.61288419 -0.68409664 -0.61462295  0.61815402 -2.43528322 -1.28399701
 -2.48825228 -0.18082285 -0.62851093 -4.05337995 -3.78469602 -2.64269345
 -0.44717199 -0.44676038 -1.56681271  0.17419108 -2.98422565 -1.44588632
 -1.91094433 -1.63231319 -1.12006413 -1.04646465]
log likelihood =  -11227.5672965717
Edge derivatives =  [-0.3870284282959989, -0.9951409982846731, -0.045421299883317695, -0.3088486150109375, -0.011999802485087384, -0.7865017143066674, -0.17917857237486556, -0.03324340844181384, -0.03401418778486051, 0.22225101207592535, -0.20375178428846166, 0.18089584362875855, 0.06106453352180262, 0.07368159961919185, -0.14668993279333015, -0.13837225843286738]
other derivatives: [ 0.67066139 -0.16807462 -1.36260496 -0.3956302   0.20299922  0.18644641]
Current x array =  [-0.61297794 -0.68415114 -0.61442058  0.61668169 -2.43590888 -1.2842582
 -2.49359878 -0.17863655 -0.62728423 -4.05620543 -3.78501918 -2.64601374
 -0.44878404 -0.44822678 -1.56743903  0.17326667 -2.98326381 -1.44591528
 -1.91131134 -1.63190335 -1.12064209 -1.04728052]
log likelihood =  -11227.557926694548
Edge derivatives =  [-0.36911776995456247, -1.2336844995559675, -0.14198725393787762, -0.2833294999256843, 0.012237656574736234, -0.6998807005416736, 0.18145068597782066, 0.23136312804613546, -0.011750808952055353, 0.24946231872902322, -0.18995647582756084, 0.17655024772588868, 0.08203724450513265, -0.014983021005081254, -0.06305130752184368, -0.02256047227172281]
other derivatives: [ 0.566979   -0.55370037 -1.14778231  0.42637112  0.39854058  0.24519977]
Current x array =  [-0.61291353 -0.68391138 -0.61462787  0.61446055 -2.4363902  -1.2847261
 -2.49672374 -0.17612834 -0.62597096 -4.0781375  -3.79063163 -2.65223076
 -0.4506052  -0.44947945 -1.56685065  0.17318993 -2.98353396 -1.44552166
 -1.91186274 -1.63080244 -1.12107465 -1.04799546]
log likelihood =  -11227.559429265037
Edge derivatives =  [-0.21331467863443626, -1.2733409609785706, 0.13131067725781082, -0.2158082973603129, 0.11070186514556832, -0.2823624710764109, 1.0608349020019312, 0.8570393338823304, 0.08908096537850008, 1.2526200620463566, -0.04264947592211496, 0.26901818114627063, 0.24789234385057912, -0.02172409985068774, 0.294743896026092, 0.3934991977133057]
other derivatives: [ 3.01679393 10.39879862 -0.88530214  0.76579454  1.53777364  0.50677045]
Current x array =  [-0.61314222 -0.68884751 -0.61485863  0.61335008 -2.43810032 -1.28718797
 -2.50592372 -0.17382659 -0.6232647  -4.14020426 -3.80597076 -2.68188244
 -0.45335542 -0.45047566 -1.56135515  0.17192633 -2.98996986 -1.44380944
 -1.91386417 -1.62811494 -1.1215195  -1.04902085]
log likelihood =  -11227.54841256727
Edge derivatives =  [-0.2937466051724769, -1.2518859265196656, -0.00941385214153459, -0.2498561290292212, 0.059990485646886735, -0.4962387572807044, 0.6051272174397445, 0.533427902395419, 0.03746615312816512, 0.7324631926229191, -0.11893372036888869, 0.22168597275739754, 0.16205665454921506, -0.017784029722987094, 0.10938332315546229, 0.17785537412153024]
other derivatives: [ 1.7504135   4.73482942 -1.02299964  0.58935257  0.94787538  0.37107384]
Current x array =  [-0.61302341 -0.68628311 -0.61473875  0.61392699 -2.43721188 -1.28590898
 -2.50114417 -0.17502239 -0.62467065 -4.10795946 -3.7980018  -2.66647786
 -0.45192664 -0.44995811 -1.56421016  0.17258279 -2.9866263  -1.44469897
 -1.91282439 -1.62951115 -1.1212884  -1.04848814]
log likelihood =  -11227.5303894354
Edge derivatives =  [-0.2628034048018494, -1.2184731526135189, -0.09708863659043832, -0.21213437562699275, 0.09759436724208455, -0.30895614313736947, 0.893344651686266, 0.6068115861364395, -0.0556973591954725, 0.4908825447092823, -0.07449201435550352, 0.14149680648519306, 0.16575994331599936, -0.22687577907122758, 0.1492646880284636, 0.22926549506475058]
other derivatives: [1.05756044 2.19533831 0.28921932 1.23982318 0.961154   0.47202775]
Current x array =  [-0.61286108 -0.68511063 -0.6153942   0.61203611 -2.4372597  -1.28674033
 -2.50446945 -0.17518067 -0.62339905 -4.15004265 -3.80868521 -2.68243908
 -0.45336079 -0.45022707 -1.56119586  0.17327468 -2.99029934 -1.44323633
 -1.9136366  -1.62757088 -1.12154468 -1.04902305]
log likelihood =  -11227.510169260999
Edge derivatives =  [-0.22335502521325823, -0.755186988919312, -0.05603447490458757, -0.1635744207149253, 0.1504602380096138, -0.07371950051778614, 0.9058202354608813, 0.41999040855281833, -0.217144828401998, -0.01156133040361515, -0.0034321094738623617, -0.01158018006711442, 0.14832863990931364, -0.4585911588404436, 0.13769974440909233, 0.1894615393240725]
other derivatives: [-0.15061232 -0.07003109  1.07411324  1.25801307  0.5155016   0.52077667]
Current x array =  [-0.61261014 -0.6841532  -0.61570548  0.61202923 -2.43631526 -1.28691872
 -2.50409297 -0.17962208 -0.62292443 -4.21538397 -3.82553014 -2.70411837
 -0.45323425 -0.4488339  -1.55623006  0.1749419  -2.99713443 -1.44089619
 -1.91433896 -1.62553952 -1.12146798 -1.04906185]
log likelihood =  -11227.498955390824
Edge derivatives =  [-0.1691385126602583, -0.12609893663524885, 0.044120208220431355, -0.1327334222610418, 0.19056278287423056, 0.08699326157293631, 0.6845153352288921, 0.21815441402606783, -0.26299507858549764, -0.13014713097075897, 0.04442842509940651, -0.10447405103606816, 0.1338253760630365, -0.5024096738903623, 0.12922568583330618, 0.14612813491589455]
other derivatives: [ 0.02346496 -0.86274667  0.73450792  0.46493369  0.22882887  0.44419721]
Current x array =  [-0.61269027 -0.68380106 -0.61546532  0.61413831 -2.4351204  -1.28550493
 -2.50393408 -0.18558452 -0.62279049 -4.26151694 -3.83694783 -2.71895822
 -0.45166262 -0.44734974 -1.5536234   0.17538349 -3.00195145 -1.43939291
 -1.91439434 -1.62548531 -1.12148452 -1.04905375]
log likelihood =  -11227.510105760579
Edge derivatives =  [-0.11663056336568814, 0.18726689210927022, 0.003328633081877898, -0.12362882584640872, 0.21550737360768285, 0.15755637445904302, 0.12580784851449145, 0.01509030906136477, -0.11939889141865206, -0.18070181933269178, 0.03620396198634122, -0.18025624287054373, 0.09185738921610691, -0.3166911368323627, 0.07598597622522513, 0.06828538407230805]
other derivatives: [-10.03572834   0.46711648  -4.33410605   0.92004484  -0.94842108
   0.14933903]
Current x array =  [-0.61019479 -0.68452981 -0.61342376  0.61393845 -2.4333518  -1.2818129
 -2.50770444 -0.18928018 -0.62184955 -4.28687534 -3.84165774 -2.72559543
 -0.44879919 -0.44673072 -1.55516552  0.17493472 -3.00266663 -1.43902822
 -1.91344246 -1.6279129  -1.12155137 -1.04916258]
log likelihood =  -11227.497589972769
Edge derivatives =  [-0.15606381510414047, -0.04820257305486686, 0.034109682157917036, -0.1304102997459693, 0.19678026460262552, 0.10458741674090613, 0.5459695298526114, 0.16777800582689661, -0.22733619411503414, -0.14264450243105253, 0.04238482325164312, -0.12327898744813029, 0.12345181735491834, -0.4562701230754513, 0.11601803490947071, 0.12680737657248536]
other derivatives: [-2.46618583 -0.5320544  -0.52186806  0.57789293 -0.06293703  0.37143764]
Current x array =  [-0.61207064 -0.68398201 -0.6149584   0.61408869 -2.43468125 -1.28458819
 -2.50487027 -0.18650216 -0.62255685 -4.26781349 -3.83811731 -2.72060626
 -0.45095163 -0.44719603 -1.55400631  0.17527206 -3.00212903 -1.43930236
 -1.91415798 -1.62608809 -1.12150112 -1.04908077]
log likelihood =  -11227.494660223882
Edge derivatives =  [-0.13932179139939105, 0.22263335155918168, 0.0763705566409025, -0.12330108227025997, 0.2088381358765961, 0.13877805851369446, 0.27350970059637936, 0.030988456579737256, -0.20636473105042227, -0.11781492944102012, 0.051736541064825316, -0.13106401495304018, 0.11937663025656906, -0.3801722807053264, 0.07730645402382347, 0.07073391953217956]
other derivatives: [-0.95133146 -0.20772859 -0.69921953  0.04274625 -0.24847395  0.26811904]
Current x array =  [-0.61246509 -0.68410428 -0.61481305  0.61557122 -2.43398902 -1.28320397
 -2.50411805 -0.18916386 -0.62259074 -4.28133418 -3.84114465 -2.72381604
 -0.44930809 -0.44631078 -1.55379536  0.17519626 -3.00347985 -1.43910314
 -1.91385214 -1.6271103  -1.1213416  -1.04884959]
log likelihood =  -11227.492763530428
Edge derivatives =  [-0.1315921942400151, 0.2534434626790518, 0.04056219370548365, -0.12150395570986014, 0.2136022248236983, 0.1399720132388411, 0.05749181585835694, -0.012107208454266272, -0.1405338271707307, -0.06477263273283729, 0.04172583732495066, -0.11282168568928691, 0.11401578695185519, -0.27349002832967484, 0.035245856795917074, 0.029918626495117173]
other derivatives: [-0.09204086  0.0689397  -0.7210474   0.02892193 -0.35306584  0.14497346]
Current x array =  [-0.61267561 -0.68418645 -0.61482153  0.61569065 -2.43374154 -1.28168532
 -2.50493277 -0.18955318 -0.6222186  -4.2861381  -3.84160061 -2.72373385
 -0.4480766  -0.4461374  -1.5548566   0.17489603 -3.00311124 -1.4393758
 -1.91337717 -1.62850787 -1.12124825 -1.0487623 ]
log likelihood =  -11227.490373104845
Edge derivatives =  [-0.11343551843047261, 0.1896491829831634, -0.05436477441931845, -0.1168911362733028, 0.2227921037472754, 0.143338175899465, -0.225028842222172, 0.0008471892427296401, 0.004362831514269583, 0.09913188606672325, 0.018205209778927332, -0.061219436740874905, 0.10243412819826507, -0.06886281000763034, -0.02591178938419536, -0.015226217364411931]
other derivatives: [ 0.66629582  0.26211637 -0.44201443  0.11878001 -0.24829205 -0.07839844]
Current x array =  [-0.61283108 -0.6841959  -0.61502663  0.61542651 -2.43389666 -1.27887063
 -2.50784372 -0.18893915 -0.62120748 -4.29500007 -3.84203836 -2.72326976
 -0.44635665 -0.44628966 -1.55730076  0.17418738 -3.00177773 -1.44008343
 -1.91241725 -1.63124422 -1.12120179 -1.04879299]
log likelihood =  -11227.489455392988
Edge derivatives =  [-0.09165005013448102, 0.14228623203393775, -0.08196338951802468, -0.11148296152882431, 0.2278158436606538, 0.1539237520978439, -0.23186545233937705, 0.0295463552949895, 0.07132134456544056, 0.1652386880090738, 0.006362220391662385, -0.02727714889493532, 0.07884552579025522, 0.029465224426704295, -0.04260855134829489, -0.01937788205816854]
other derivatives: [-0.29649527  0.19208528  0.82145561 -0.22773747  0.08712959 -0.17025741]
Current x array =  [-0.61253475 -0.68417183 -0.61564351  0.61600737 -2.43437152 -1.27756553
 -2.51046447 -0.18822889 -0.62071413 -4.30290411 -3.84232907 -2.72367286
 -0.44609334 -0.44639108 -1.55855309  0.17400514 -3.00104127 -1.44054823
 -1.9116885  -1.63280423 -1.12133262 -1.04894548]
log likelihood =  -11227.488656057443
Edge derivatives =  [-0.07293561599601271, 0.0037131451012252237, -0.11059439576883168, -0.10526832718672605, 0.23430271425882682, 0.16703506682004382, -0.13208626864335693, 0.12688569807271155, 0.14136266555938726, 0.1846886936216961, 0.0006885915688276331, 0.007613894150652029, 0.07069015266763534, 0.09189070331639126, -0.015036867167679158, 0.019949523379564127]
other derivatives: [ 0.06421033 -0.16952981  0.14097168  0.00800355  0.24301698 -0.22828317]
Current x array =  [-0.61262272 -0.68395196 -0.61537671  0.61540477 -2.43470142 -1.27691316
 -2.51312116 -0.18673264 -0.6201258  -4.31017149 -3.84290621 -2.72421353
 -0.44649532 -0.44682707 -1.55948628  0.17400459 -3.00018816 -1.44084694
 -1.91125055 -1.6335685  -1.1215357  -1.04921853]
log likelihood =  -11227.488046829107
Edge derivatives =  [-0.0643428411041793, -0.07256683071177567, -0.10844768994969167, -0.10241220969634185, 0.2341392250688413, 0.1674082741545536, -0.020674022027247885, 0.1296784155744206, 0.14367059118106507, 0.055042634828578796, -0.0011370144520144593, 0.014964285099878655, 0.05323753777712621, 0.0888836851676969, 0.004788954861652428, 0.03908023207245148]
other derivatives: [-0.0691216  -0.23701432  0.09731593  0.10804797  0.13369572 -0.22027962]
Current x array =  [-0.61259305 -0.68391769 -0.61536676  0.6152085  -2.43457258 -1.27714522
 -2.5143441  -0.18596337 -0.62008511 -4.31427848 -3.84297626 -2.724269
 -0.4471175  -0.44684433 -1.55955361  0.17441469 -2.99984582 -1.44093236
 -1.91095604 -1.63360192 -1.12167715 -1.04933478]
log likelihood =  -11227.486405255411
Edge derivatives =  [-0.03311128925768603, -0.19483382769641344, -0.02304584656817915, -0.09288270580900851, 0.2296149443275158, 0.15403055627912846, 0.25805193514016, 0.0598002508058888, 0.13220700820750872, -0.18095064392913254, -0.005940831056133161, 0.05697779321742774, -0.01963236229891363, 0.10903194875292538, 0.062470278753595954, 0.07434921160194735]
other derivatives: [-0.291584   -0.82836777 -0.43219188 -0.1031367   0.09422365 -0.17771526]
Current x array =  [-0.61256313 -0.68365854 -0.61509268  0.61578484 -2.43450883 -1.27821326
 -2.51785963 -0.18444233 -0.62047187 -4.32845926 -3.84204456 -2.72286667
 -0.44845498 -0.44623631 -1.55951174  0.17533593 -2.99876743 -1.44134437
 -1.90958788 -1.63405634 -1.12200692 -1.04941079]
log likelihood =  -11227.485515152071
Edge derivatives =  [0.023315601149313234, -0.29791498085291235, 0.11689103859712019, -0.07579239496067126, 0.23333742814897096, 0.16584173770830435, 0.5670617952189108, -0.003514461748820974, 0.13495972117355906, -0.38312219212049087, -0.0012555800163853506, 0.10294885402462242, -0.10501773521072359, 0.1535743294536181, 0.15219925331193646, 0.13908140785520223]
other derivatives: [ 0.14661055  1.51849235 -0.26375346  0.06766641 -0.10659278 -0.12514647]
Current x array =  [-0.61261623 -0.68472521 -0.61518465  0.61551618 -2.43431817 -1.27970118
 -2.52329808 -0.18288771 -0.62071441 -4.35729775 -3.84243689 -2.72338174
 -0.44965215 -0.44537614 -1.55896871  0.17628202 -2.99791189 -1.44157672
 -1.90776614 -1.63449741 -1.12233337 -1.04943444]
log likelihood =  -11227.483908475138
Edge derivatives =  [0.019584259812302426, -0.21395900590006295, 0.12331908574255246, -0.07421336819761788, 0.2279180966158897, 0.15394982009682048, 0.44503567245589226, -0.1419514183603694, 0.08450296320559875, -0.4136596483185606, -0.005699924510329073, 0.0927749266297114, -0.13844977320451435, 0.14238354482569315, 0.1158454501971859, 0.08135631744424315]
other derivatives: [-0.00491127  0.28612703 -0.22046152 -0.15206751 -0.20318112 -0.11004886]
Current x array =  [-0.612623   -0.68418547 -0.61516412  0.61605778 -2.43406302 -1.28009628
 -2.52347956 -0.1837373  -0.62103714 -4.36355224 -3.84208346 -2.72274695
 -0.44900333 -0.44470112 -1.55853465  0.17622744 -2.99802798 -1.44156248
 -1.90728759 -1.63468172 -1.12220183 -1.04914772]
log likelihood =  -11227.482166433289
Edge derivatives =  [0.02271357328023453, -0.0851353586419708, 0.150706055981387, -0.06862106482210567, 0.22143511319068382, 0.13788123718730438, 0.23140852626487152, -0.3140777027515107, 0.0208292324724266, -0.3128307382811326, -0.012048737789366583, 0.08670403138299815, -0.19283465172112146, 0.14959831707879268, 0.06871556152830943, 0.00272202173853775]
other derivatives: [ 0.09131327 -0.50968083 -0.08712959 -0.30704541 -0.23574103 -0.08221832]
Current x array =  [-0.61267877 -0.68384486 -0.61518874  0.61640425 -2.4339465  -1.28095247
 -2.52494924 -0.18485762 -0.62138392 -4.37883146 -3.84128341 -2.72158176
 -0.44763463 -0.44370476 -1.55784584  0.17575959 -2.99794517 -1.44153971
 -1.90630799 -1.63506808 -1.12192849 -1.04862551]
log likelihood =  -11227.480179512704
Edge derivatives =  [0.03131803937477769, 0.0039650339985892735, 0.18134765286282678, -0.058536794067236386, 0.21152890767846316, 0.11046486249863943, 0.042998310811373175, -0.39769523953800046, -0.05836875592794291, -0.0935324150437071, -0.021561133920694045, 0.08179808592949334, -0.2577291498538782, 0.14427575265911974, 0.030592419467327714, -0.061744975408484004]
other derivatives: [ 0.3268724  -0.83255145  0.11605152 -0.26993803 -0.11186785 -0.00381988]
Current x array =  [-0.6127481  -0.68371868 -0.61525904  0.61619049 -2.43419893 -1.28279822
 -2.52834616 -0.18534566 -0.6215437  -4.40187119 -3.83925255 -2.71920428
 -0.44614841 -0.44301143 -1.55692175  0.17499019 -2.99726918 -1.44146243
 -1.90508259 -1.63515903 -1.1215614  -1.04801747]
log likelihood =  -11227.483333640208
Edge derivatives =  [0.045277839566887634, 0.10482533469839872, 0.11943155096174535, -0.041678006359190466, 0.19700813053900862, 0.05140886297615005, -0.4872330212627547, -0.4144620207389331, -0.12776155009392456, 0.10851225016541086, -0.05156482876981246, 0.021873711612688723, -0.3411110718771169, 0.20038075643029057, -0.0778987371507503, -0.18387801171402657]
other derivatives: [-5.50517143 -0.23610482 -2.33994797  0.19426807 -0.61572791  0.01855369]
Current x array =  [-0.61130823 -0.68414213 -0.61424617  0.6154055  -2.43382371 -1.28470003
 -2.53536104 -0.18615152 -0.62074273 -4.44890207 -3.83570708 -2.71482048
 -0.44271537 -0.4428285  -1.55647299  0.17400233 -2.99569144 -1.44121648
 -1.90349254 -1.63582373 -1.12077748 -1.04714725]
log likelihood =  -11227.479493561601
Edge derivatives =  [0.03554455206948284, 0.034073178716582275, 0.16321732289757318, -0.05331140521074356, 0.20723618419741885, 0.09295975705765988, -0.11399984810807129, -0.402469712576099, -0.0789710402744006, -0.03351809810071893, -0.030472776455760534, 0.06398683574221142, -0.2824787616240085, 0.1609481153388332, -0.0016311625600706758, -0.09800431620563799]
other derivatives: [-1.40207703 -0.65519998 -0.61299943 -0.13242243 -0.26102498  0.00272848]
Current x array =  [-0.6123204  -0.68384446 -0.61495817  0.61595731 -2.43408747 -1.28336313
 -2.53042986 -0.18558503 -0.62130578 -4.41584123 -3.8381994  -2.71790212
 -0.44512866 -0.44295709 -1.55678845  0.17469675 -2.99680053 -1.44138937
 -1.90461028 -1.63535647 -1.12132855 -1.04775898]
log likelihood =  -11227.478002741405
Edge derivatives =  [0.05214667727055289, 0.04378933977876237, 0.1752857231637521, -0.04080504007467063, 0.19890363331108704, 0.06624793711595836, -0.1921985655327001, -0.3298092373823095, -0.12980419476417607, 0.1867475100363214, -0.0405261978551486, 0.06452919041466174, -0.3297050859195962, 0.15673964137759422, -0.014901591051140028, -0.11488405697260379]
other derivatives: [-0.36925485 -0.28030627 -0.23756002  0.06511982 -0.03219611  0.08494681]
Current x array =  [-0.61256022 -0.68400647 -0.61512073  0.61531197 -2.43456521 -1.28534113
 -2.53514116 -0.18514487 -0.62101885 -4.44168082 -3.83579483 -2.71537351
 -0.44409769 -0.44297981 -1.55616144  0.17405452 -2.99568916 -1.44128549
 -1.90359748 -1.63524787 -1.12102456 -1.04736206]
log likelihood =  -11227.477074804188
Edge derivatives =  [0.05992270027634282, 0.004768368765592168, 0.13937360838353258, -0.03367676101866653, 0.19355965304122583, 0.04446793508446216, -0.18228857473158522, -0.1765406085027581, -0.1394160866534779, 0.21199652861746657, -0.04880766210779644, 0.051718994710462624, -0.32746630447124153, 0.14361555361777634, -0.020710218770557898, -0.0988639263894443]
other derivatives: [ 0.03201421  0.04911271 -0.07930794  0.20336302  0.03310561  0.11732482]
Current x array =  [-0.61264603 -0.68415305 -0.61519401  0.61492685 -2.43474792 -1.28623472
 -2.53788445 -0.18450971 -0.62046685 -4.45482882 -3.83398469 -2.71359708
 -0.44385738 -0.44364477 -1.55619938  0.17402869 -2.9949026  -1.44115321
 -1.90358867 -1.63493863 -1.12088193 -1.04735079]
log likelihood =  -11227.475699066285
Edge derivatives =  [0.06468460183753702, -0.037291006457427944, 0.042655783230568886, -0.024788103200731534, 0.18322048186409898, -0.0019371582442893956, -0.1538274174149683, 0.12906147649746325, -0.13703795623388615, 0.14187237267729857, -0.06250385638098832, 0.009282033251479832, -0.2720835826513204, 0.10383345582525849, -0.03752991332631633, -0.05793490945834118]
other derivatives: [ 0.47493813  0.40326995 -0.09986252  0.25847839  0.04783942  0.14315447]
Current x array =  [-0.61274656 -0.68432095 -0.61516497  0.61480591 -2.43482779 -1.28713553
 -2.54089622 -0.1838256  -0.61934232 -4.46950784 -3.83039193 -2.71019146
 -0.44368177 -0.44512499 -1.5566907   0.17435821 -2.99387792 -1.44081429
 -1.90461108 -1.63405273 -1.12065331 -1.04752969]
log likelihood =  -11227.475322525981
Edge derivatives =  [0.0684958938472193, -0.06428475072291856, -0.07688710762344281, -0.017968618375582036, 0.16891511749438354, -0.0563847468606573, -0.05047117228839071, 0.2931361642085025, -0.14388144889773088, -0.02325756017072439, -0.08037964690795138, -0.045750130239034154, -0.1982574682961096, 0.025805201237941333, -0.06523113248455026, -0.02523854772199713]
other derivatives: [-0.89094101  0.32505341  1.63799996 -0.0170985   0.14479156  0.16734703]
Current x array =  [-0.61236297 -0.68436126 -0.61594756  0.61528236 -2.43501069 -1.28767584
 -2.54343042 -0.18328863 -0.61835629 -4.48271991 -3.82609023 -2.70644876
 -0.44404549 -0.44599817 -1.55756274  0.17488793 -2.99302817 -1.44057121
 -1.90622649 -1.63300627 -1.12059262 -1.0478493 ]
log likelihood =  -11227.474291114242
Edge derivatives =  [0.06635017494653592, -0.0374837324235025, -0.10121543712620343, -0.018063744711807318, 0.16794335837263227, -0.06998413482437696, -0.07702761199780028, 0.37053692107840785, -0.10978346711535883, -0.05003672323013936, -0.07983947409074846, -0.055928840784346984, -0.14264826343804832, 0.03134924011434931, -0.06311058174406536, -0.004586164643968993]
other derivatives: [-0.02692104  0.20954758  0.30668161 -0.05056791  0.05820766  0.13169483]
Current x array =  [-0.61261308 -0.68428078 -0.6153079   0.61555552 -2.43480548 -1.28725118
 -2.54274609 -0.18361692 -0.61803102 -4.48026602 -3.82498586 -2.7054612
 -0.44391866 -0.44638035 -1.5580437   0.17504707 -2.99307877 -1.44045659
 -1.90715876 -1.63269948 -1.12053786 -1.04797547]
log likelihood =  -11227.473896981639
Edge derivatives =  [0.0659711537362361, -0.004196066350230954, -0.10548491689621685, -0.019363086554814002, 0.16712681442023108, -0.0760976001587484, -0.07751148633959914, 0.3106966211166522, -0.09057643799867818, -0.08776657495166473, -0.07866670214555575, -0.05902652276425793, -0.10729115742946242, 0.028877430188624265, -0.0605768236873136, -0.0005713096357063963]
other derivatives: [ 0.04511094 -0.04274625 -0.10113581 -0.15861588  0.00145519  0.10422809]
Current x array =  [-0.61264815 -0.68416444 -0.6151051   0.61589765 -2.43465417 -1.2867859
 -2.54192699 -0.18401263 -0.61804765 -4.47788258 -3.82434509 -2.70506948
 -0.44400085 -0.44609205 -1.55840763  0.17515957 -2.99330759 -1.44046747
 -1.90781526 -1.6325552  -1.1205928  -1.04805682]
log likelihood =  -11227.473349175205
Edge derivatives =  [0.07083449605030673, 0.046681089994877245, -0.11168312767268246, -0.019632717693160266, 0.16306986298059492, -0.09382717218403042, -0.05787441001366744, 0.16577899726606227, -0.06185315298061439, -0.1375221229595283, -0.07879710250932281, -0.06348727459623962, -0.04395176612724942, 0.013447409284048473, -0.05297827455916776, 0.006292521307898313]
other derivatives: [-0.01218723 -0.2924935  -0.30704541 -0.29085641 -0.07166818  0.0691216 ]
Current x array =  [-0.61264641 -0.68405691 -0.61499461  0.6162939  -2.43447466 -1.28624603
 -2.54148231 -0.18453496 -0.61807768 -4.47945433 -3.82231887 -2.70377505
 -0.44417832 -0.44533565 -1.55910783  0.17527033 -2.9935316  -1.44052547
 -1.9090077  -1.63218075 -1.12071921 -1.04817588]
log likelihood =  -11227.472644398253
Edge derivatives =  [0.08362649331101922, 0.08821095938588652, -0.08970447217440375, -0.0186801531693186, 0.1578777844312415, -0.11392385309055403, 0.0009232760048660804, -0.031577949387896154, -0.010729811995075833, -0.12931108098775926, -0.07576934606715535, -0.052918486509867524, 0.04434244013431725, -0.005177720356751625, -0.021318728864436864, 0.024891550612207436]
other derivatives: [ 0.02200977  0.03728928 -0.35834091 -0.22573658 -0.10641088  0.02637535]
Current x array =  [-0.6126419  -0.68419752 -0.61498713  0.61618266 -2.43441336 -1.28559342
 -2.54138021 -0.1848986  -0.61826838 -4.48447468 -3.81896249 -2.70202486
 -0.44452307 -0.44423216 -1.56014542  0.17516986 -2.99383521 -1.44072369
 -1.91059882 -1.63160925 -1.12097764 -1.04831509]
log likelihood =  -11227.473510491987
Edge derivatives =  [0.10136936675433574, 0.05987660530148731, -0.0845446144418821, -0.009420593111259304, 0.1382555041759907, -0.15871669550076162, 0.053430952003184706, -0.3009258653578354, 0.002853449584263784, -0.0063421242800723865, -0.08142067932747166, -0.02769802226132867, 0.12399132702649825, -0.09203997545043124, 0.0017165551136445467, -0.0007118793076178465]
other derivatives: [-0.26648195 -2.36414053 -0.08894858  0.18480932  0.14497346  0.02437446]
Current x array =  [-0.61259543 -0.68307452 -0.61516336  0.61491469 -2.43490557 -1.28582735
 -2.54464542 -0.18437187 -0.61863891 -4.51141167 -3.81133319 -2.6981984
 -0.44468614 -0.44277319 -1.56149173  0.17436839 -2.99374278 -1.44119968
 -1.91225109 -1.63060027 -1.12132546 -1.04824736]
log likelihood =  -11227.472398585127
Edge derivatives =  [0.08932934257698992, 0.07922620087704246, -0.08794985422606778, -0.01565032473729671, 0.15164425065549253, -0.12819567524547495, 0.01779807426302704, -0.11751048797685903, -0.006342608042801651, -0.08992910590927783, -0.0775718891209767, -0.044828037857167685, 0.06984774282145798, -0.03291866543450711, -0.013924656660702583, 0.01673199081715071]
other derivatives: [-0.06984919 -0.72941475 -0.27212081 -0.09422365 -0.02564775  0.02582965]
Current x array =  [-0.61262704 -0.68383839 -0.61504349  0.61577717 -2.43457077 -1.28566823
 -2.54242441 -0.18473015 -0.61838687 -4.49308906 -3.81652266 -2.70080117
 -0.44457522 -0.44376559 -1.56057596  0.17491356 -2.99380565 -1.44087591
 -1.91112721 -1.63128658 -1.12108887 -1.04829343]
log likelihood =  -11227.472065897828
Edge derivatives =  [0.09813082435256844, 0.07140961634646292, -0.04924232642800031, -0.014521301175976442, 0.14952900183124154, -0.1314889313545141, 0.05950497619733586, -0.19072853475491136, 0.02429962292358176, -0.033982994205431716, -0.07290449975106761, -0.025261438436549016, 0.10565975551870375, -0.039611360847305876, 0.01354198564170267, 0.02620893115534989]
other derivatives: [-0.05948095 -0.17553248 -0.09840733  0.05638867  0.00400178  0.00727596]
Current x array =  [-0.61260289 -0.68407447 -0.6151571   0.61538713 -2.43464063 -1.28535124
 -2.54251002 -0.18460788 -0.61865648 -4.49673975 -3.81455996 -2.70025106
 -0.44478511 -0.44331499 -1.56110015  0.17468313 -2.99405108 -1.44108653
 -1.91174484 -1.63103722 -1.12127064 -1.04832073]
log likelihood =  -11227.471858732599
Edge derivatives =  [0.10094514131161633, 0.04733265083281979, -0.016437687904785503, -0.013708494765161847, 0.1484628784438454, -0.12778307446756804, 0.07114244420772053, -0.18494796070719766, 0.037265611869597565, 0.014965859271386078, -0.06863061341163684, -0.007576336134262368, 0.11196266493356807, -0.04293798923200809, 0.02720771632312713, 0.024326350715713707]
other derivatives: [ 0.07057679  0.07312337  0.09240466  0.14078978  0.04656613 -0.0005457 ]
Current x array =  [-0.61261881 -0.6841703  -0.61526761  0.61513881 -2.43469446 -1.28517373
 -2.54242164 -0.18436603 -0.61890617 -4.49841647 -3.81345705 -2.70033535
 -0.44484381 -0.4433174  -1.56131493  0.1744811  -2.99429819 -1.44125459
 -1.91185279 -1.63098018 -1.12136332 -1.0482891 ]
log likelihood =  -11227.471469160566
Edge derivatives =  [0.10329252931723165, -0.016446604718078406, 0.05707829111816155, -0.012069584135074122, 0.14544481558498415, -0.11756979696298117, 0.06160322125445672, -0.12898630333328032, 0.058927837358833585, 0.1193862309605157, -0.05862513605377206, 0.029992701204464373, 0.11215261351350644, -0.04786292518246027, 0.04882460853132231, 0.00949907001782263]
other derivatives: [-0.23901521  0.41836756  0.1371518   0.28867362  0.09858923 -0.01855369]
Current x array =  [-0.61251485 -0.6843008  -0.61534395  0.61472146 -2.43473704 -1.28477773
 -2.5420124  -0.18379597 -0.61948629 -4.50185351 -3.81090075 -2.70077049
 -0.44481883 -0.44358805 -1.56170576  0.17402393 -2.99496013 -1.4416329
 -1.91188494 -1.63094502 -1.12151731 -1.04817006]
log likelihood =  -11227.471202434237
Edge derivatives =  [0.10264417834978047, -0.10356457430596183, 0.1765900666102486, -0.009626249907227958, 0.13907356503883925, -0.09926730447978135, 0.029647734892165434, -0.007312462780036388, 0.09430930905113602, 0.24583770039127797, -0.039164887451290833, 0.09895401882433705, 0.11502110772789502, -0.05696584728724552, 0.07253562944491959, -0.021163007582597648]
other derivatives: [ 1.47865649  0.60608727  0.82800398  0.26866473  0.20427251 -0.06402843]
Current x array =  [-0.61291721 -0.68429867 -0.61568983  0.61464685 -2.43462441 -1.28381791
 -2.54035845 -0.18306156 -0.62048885 -4.50497633 -3.80610288 -2.70178584
 -0.44471338 -0.4441821  -1.56242373  0.17343231 -2.99642694 -1.44227091
 -1.91197516 -1.63097362 -1.12173463 -1.04797762]
log likelihood =  -11227.470616352575
Edge derivatives =  [0.09925101021448764, -0.12264138748220554, 0.19496278806206987, -0.009886400912029773, 0.1369369292689111, -0.09616690459707412, -0.0043326836568242655, 0.01781874108998127, 0.09620739710114176, 0.2475812164136321, -0.03552326231713524, 0.10515458227805971, 0.10836684129242008, -0.057131208156174285, 0.0696668672284173, -0.03526980660620893]
other derivatives: [ 0.43892214  0.47966751  0.41309249  0.23774192  0.14097168 -0.07548806]
Current x array =  [-0.61266132 -0.6842567  -0.61552052  0.61476789 -2.43450485 -1.28357858
 -2.53977523 -0.18298906 -0.62068729 -4.50516235 -3.80500408 -2.70210585
 -0.4446142  -0.44436735 -1.56254157  0.17335826 -2.99682644 -1.44238684
 -1.911931   -1.63103234 -1.1217475  -1.04792499]
log likelihood =  -11227.47002924197
Edge derivatives =  [0.09095999140130476, -0.14920639383367967, 0.23292451314607346, -0.010329724111469917, 0.13100703489764312, -0.09099461584354229, -0.07427558215220087, 0.0736526403979193, 0.1052374186190079, 0.22465661049092933, -0.025699667943498636, 0.12310158383278014, 0.10473642809129119, -0.05938963070394898, 0.06065508304539596, -0.06394485890756924]
other derivatives: [-0.37143764  0.08913048 -0.06639311  0.04583853  0.02019078 -0.11241355]
Current x array =  [-0.61247369 -0.68408392 -0.61531099  0.61531508 -2.43415794 -1.28285606
 -2.53800678 -0.18297148 -0.62112168 -4.50480727 -3.80194796 -2.70277458
 -0.44442062 -0.44475402 -1.56293245  0.17329748 -2.99791096 -1.44264865
 -1.91201073 -1.63114455 -1.12177605 -1.04783966]
log likelihood =  -11227.469708140896
Edge derivatives =  [0.08475281658060302, -0.16217529117191387, 0.25566992497987284, -0.010374047686621018, 0.12503759424746097, -0.08883158641167269, -0.11385550928590626, 0.10531240904504924, 0.11332627849412649, 0.18782804889492014, -0.01685329137859083, 0.13766137548883456, 0.10646359796130975, -0.06117551281335876, 0.05397945209970034, -0.07985816838243515]
other derivatives: [-0.40799932 -0.16916601 -0.18098945 -0.10513759 -0.06566552 -0.14260877]
Current x array =  [-0.61247439 -0.6839606  -0.6152546   0.61573331 -2.43388755 -1.28226079
 -2.53648843 -0.18301428 -0.62140374 -4.50517669 -3.7989364  -2.70326214
 -0.44434142 -0.4449711  -1.56329853  0.17332479 -2.99887563 -1.44283753
 -1.91213538 -1.63122255 -1.12179876 -1.04780974]
log likelihood =  -11227.468918345381
Edge derivatives =  [0.07369164719267651, -0.16430564063115727, 0.25726156278724915, -0.009720087661820935, 0.112231655895876, -0.08879964909454696, -0.137029506827252, 0.141039688216129, 0.11654453624919814, 0.09322505624922298, -0.00016365413434880904, 0.15096271362857117, 0.10079380854530486, -0.05332720677272407, 0.04258759738454554, -0.08098307650967967]
other derivatives: [-0.31195668 -0.42218744 -0.30231604 -0.21100277 -0.17844286 -0.17626007]
Current x array =  [-0.6125107  -0.68384597 -0.61518899  0.61606745 -2.43361807 -1.28153908
 -2.53393774 -0.18320764 -0.62151325 -4.508239   -3.79276269 -2.70421352
 -0.44439114 -0.44517743 -1.563782    0.17356536 -3.00064099 -1.44297987
 -1.91211852 -1.63144088 -1.12176509 -1.04786509]
log likelihood =  -11227.466840179288
Edge derivatives =  [0.03607386339301481, -0.12667904851182538, 0.17963892398847597, -0.006724351141499657, 0.06977862517279476, -0.09144008016703428, -0.13407428766652452, 0.23771387534499167, 0.08555295446996189, -0.1378591883962585, 0.04788181196689301, 0.15310250673200404, 0.04658717278463852, -0.01813113007085071, -0.003596087880466281, -0.05020251949537613]
other derivatives: [-0.53460099 -0.85619831  0.23428584 -0.42655302 -0.24920155 -0.21063897]
Current x array =  [-0.61246053 -0.68370424 -0.61539625  0.61662964 -2.43348979 -1.28029406
 -2.52670485 -0.18396486 -0.6210603  -4.52127793 -3.77345091 -2.70751307
 -0.44473723 -0.44559615 -1.56466578  0.17432641 -3.00585085 -1.44292353
 -1.91130747 -1.63230517 -1.12146689 -1.0481343 ]
log likelihood =  -11227.473090609983
Edge derivatives =  [0.010348205645940245, 0.02102035384235562, 0.10230491132515088, 0.005755486846278083, -0.009220103264874133, -0.11399718369452412, 0.0765979712519923, 0.2154262094404511, 0.12842901269684276, -0.16493285873373925, 0.1500439020008001, 0.17854299216687006, 0.03617798246157389, 0.1435505498912713, 0.06393149892229522, 0.15307879631233412]
other derivatives: [ 2.94166966 -0.45365596 -5.24341885  0.19499566 -0.18371793 -0.24556357]
Current x array =  [-0.61342933 -0.68385278 -0.61279419  0.61576232 -2.43399914 -1.27938626
 -2.51642625 -0.18552113 -0.61943595 -4.56367044 -3.73438882 -2.71127676
 -0.44584462 -0.44439595 -1.56649801  0.17514015 -3.01459949 -1.44233033
 -1.91047108 -1.63331004 -1.12103057 -1.04874954]
log likelihood =  -11227.466158919873
Edge derivatives =  [0.03003320607370208, -0.09112061406477623, 0.16146198791448135, -0.003605004917898797, 0.05150652899856438, -0.09659266367127473, -0.08335801830733403, 0.2327738877273975, 0.09638217112434588, -0.1440724547147542, 0.07244633170231626, 0.15935671879120217, 0.04421880905809847, 0.02053085753866335, 0.012632210394455168, -0.0015896758291134017]
other derivatives: [ 0.29649527 -0.75906428 -1.06956577 -0.27848728 -0.23283064 -0.21864253]
Current x array =  [-0.61269181 -0.6837397  -0.61477506  0.61642259 -2.43361138 -1.28007734
 -2.52425106 -0.18433638 -0.62067252 -4.53139822 -3.76412569 -2.70841157
 -0.44500159 -0.44530963 -1.56510319  0.17452067 -3.0079394  -1.44278192
 -1.9111078  -1.63254506 -1.12136273 -1.04828117]
log likelihood =  -11227.46499558004
Edge derivatives =  [0.012350689459696737, -0.039760295622946806, 0.058646557975892646, -0.0012226797243240339, 0.028190658526539417, -0.10295772189573313, -0.010935692571847566, 0.2197504957833013, 0.05774957794713348, -0.2098806935842657, 0.09285062574518971, 0.12972162068101664, 0.0017959151828900732, 0.04679748986342208, -0.008115179040054488, 0.04542635399598699]
other derivatives: [ 0.18389983 -0.56443241 -0.37161954 -0.16789272 -0.11750672 -0.18226274]
Current x array =  [-0.61264726 -0.68388356 -0.61507215  0.61607652 -2.43402429 -1.28031183
 -2.52154721 -0.18481584 -0.61980596 -4.5421014  -3.75425704 -2.71001968
 -0.44538801 -0.44506278 -1.56514097  0.17489595 -3.01017226 -1.44234215
 -1.91029942 -1.63300267 -1.12110463 -1.04849151]
log likelihood =  -11227.464336155761
Edge derivatives =  [0.00373340399694963, 0.01775609418557389, -0.04372122412532898, -0.00016416480481269355, 0.017476266970188253, -0.10781563440741404, 0.0567884124788125, 0.12939920475238464, 0.022571188778381934, -0.1530474147609243, 0.09777560271692756, 0.07584050318055663, -0.029009069473120805, 0.06785398794266645, -0.014671395239226837, 0.08109756044764216]
other derivatives: [ 0.04365575  0.11441443  0.05875336 -0.00254659 -0.00272848 -0.11132215]
Current x array =  [-0.61259328 -0.68424956 -0.61524657  0.61562053 -2.43448217 -1.28130347
 -2.52096409 -0.18521394 -0.61884036 -4.54989581 -3.74970756 -2.71086592
 -0.44561099 -0.44438085 -1.56473682  0.17492532 -3.01075008 -1.44163128
 -1.90959579 -1.63318035 -1.12087379 -1.04854532]
log likelihood =  -11227.464172113605
Edge derivatives =  [0.001383806556962991, 0.019124826063479594, -0.07200903397659539, 0.00028663416665232304, 0.015551666849624841, -0.1063944645206394, 0.07321507295604002, 0.053941858140815424, 0.009718395228213134, -0.048985031000184004, 0.09489699766532528, 0.051882055688759976, -0.036068362601427054, 0.05935709634835262, -0.00948151408079495, 0.07285409926668152]
other derivatives: [ 0.11787051 -0.04874892  0.18790161  0.13624231  0.09658834 -0.06984919]
Current x array =  [-0.61261334 -0.68418239 -0.61530529  0.61520735 -2.43473978 -1.2819258
 -2.52142569 -0.18514149 -0.61863303 -4.5534282  -3.7488783  -2.71107864
 -0.44563084 -0.44392404 -1.56454874  0.1745993  -3.01051049 -1.44132617
 -1.90942582 -1.63306629 -1.12085906 -1.04842866]
log likelihood =  -11227.46404735725
Edge derivatives =  [-0.0009680229622563152, 0.009837186550028076, -0.05047764390951695, -0.0002665362663992546, 0.014668366356290374, -0.0970593384598528, 0.03770193124492027, -0.03430110017336474, 0.013379863581249346, 0.1141892243923515, 0.09224384163486991, 0.01878436979888698, -0.03313306035276148, 0.04977123409408818, 0.006406215920665703, 0.0348294008296402]
other derivatives: [-0.21700544  0.62264007  0.04329195  0.12896635  0.052205   -0.02910383]
Current x array =  [-0.61252147 -0.68450802 -0.61523996  0.61526282 -2.43467853 -1.28254978
 -2.52140704 -0.18504984 -0.61875717 -4.55613093 -3.74753714 -2.71172147
 -0.44539487 -0.44337514 -1.56443526  0.17406961 -3.01021949 -1.4409329
 -1.90943603 -1.63279146 -1.12088937 -1.0480796 ]
log likelihood =  -11227.463915091153
Edge derivatives =  [-0.002973529982163603, 0.0008443762546830325, -0.04278505458108836, -0.0003718505654430899, 0.014110213088858924, -0.09483309868942835, 0.02113679766810206, -0.04550297577712781, 0.01197897249078475, 0.11325874635460459, 0.09044533092262094, 0.01522018922631338, -0.031019869459209898, 0.0383888934222682, 0.004868705261127537, 0.017465873520736586]
other derivatives: [-0.0680302   0.2404704   0.052205    0.09331416  0.04292815 -0.02673914]
Current x array =  [-0.61257061 -0.6843285  -0.61523696  0.61534057 -2.43462425 -1.28258034
 -2.52134996 -0.18499587 -0.6188917  -4.55610266 -3.74739441 -2.71187895
 -0.44533677 -0.44334718 -1.56446101  0.17402692 -3.0101344  -1.44091058
 -1.90951636 -1.6327043  -1.12091547 -1.04799948]
log likelihood =  -11227.463809663548
Edge derivatives =  [-0.007935762223781076, -0.011424018721915952, -0.022719682519834715, -0.0006421902459972356, 0.01147933994313587, -0.0886061631156541, -0.015601407223179264, -0.06553334054969095, 0.010453166557048144, 0.11567936435945853, 0.08875707055498387, 0.001718492641032937, -0.028628661119386084, 0.02120973181957264, 0.0035503262736039654, -0.016484677514500723]
other derivatives: [ 0.04747562 -0.09804353  0.04783942 -0.00309228 -0.00818545 -0.0170985 ]
Current x array =  [-0.612615   -0.68417603 -0.61521949  0.61559064 -2.43447736 -1.28269826
 -2.52087461 -0.18495102 -0.61913719 -4.55671415 -3.7461559  -2.7124915
 -0.4451918  -0.44326445 -1.5645004   0.17396715 -3.01011626 -1.44078115
 -1.90962321 -1.63254023 -1.12094254 -1.04780838]
log likelihood =  -11227.463746637342
Edge derivatives =  [-0.010754335968540502, -0.012608603479817015, -0.012494711869488646, -0.0006866344554722799, 0.009735231297152085, -0.08404512741138975, -0.029857786955814092, -0.07145986387168624, 0.00687312486586833, 0.09781884800687131, 0.08679057761415329, -0.012365531140969832, -0.02903968188791131, 0.012491931437353165, 0.0027913504277877754, -0.032314732984473016]
other derivatives: [-0.00854925 -0.18662831  0.02401066 -0.04547474 -0.03692548 -0.00327418]
Current x array =  [-0.61260819 -0.68414628 -0.61519714  0.61570872 -2.43443548 -1.28290384
 -2.5206235  -0.18495953 -0.61922465 -4.55742653 -3.74531786 -2.71302214
 -0.44512417 -0.44322327 -1.56444573  0.17403918 -3.00999268 -1.44062846
 -1.90963962 -1.63243081 -1.12093346 -1.04770249]
log likelihood =  -11227.463681461819
Edge derivatives =  [-0.013958617468805265, -0.010035943359325172, 0.04549602010740616, -0.0004369939402861893, 0.00922546684272271, -0.06342386053574581, -0.05901332597424769, -0.05572875381061915, 0.0018694354783624356, 0.04102596416725571, 0.07532238081604203, -0.054770398714907936, -0.022384797281369523, -0.015208110173475786, 0.008707423617450027, -0.07494091409546588]
other derivatives: [ 0.8241841  -0.018008    0.24283509 -0.16716513 -0.07075869  0.0511136 ]
Current x array =  [-0.6128275  -0.68423587 -0.615246    0.61602622 -2.43439087 -1.28380043
 -2.52042575 -0.18493025 -0.61956032 -4.55842309 -3.7443072  -2.71488968
 -0.44488537 -0.44319513 -1.56408842  0.17437277 -3.00885673 -1.44009499
 -1.90974733 -1.63196074 -1.12090241 -1.04735305]
log likelihood =  -11227.463524923834
Edge derivatives =  [-0.01657416330666585, -0.0015933206224326146, 0.041186608926595786, -0.00013489114829759452, 0.006341862214622077, -0.06014886137396862, -0.048886484670172425, -0.042466750761702254, -0.00834458881213207, -0.029143668185257182, 0.07263276225721524, -0.07153391150566185, -0.027569600471992445, -0.019264880844217902, 0.004452753307955415, -0.07183158159142711]
other derivatives: [-0.01346052 -0.16625563  0.00545697 -0.12769306 -0.07476046  0.07039489]
Current x array =  [-0.61262373 -0.68420226 -0.61513737  0.61594769 -2.43450465 -1.28408719
 -2.52023537 -0.18500259 -0.6194818  -4.55993499 -3.74319323 -2.71556266
 -0.44493708 -0.44324583 -1.56395281  0.17467348 -3.00865334 -1.43992524
 -1.90968378 -1.63189792 -1.12084562 -1.04736469]
log likelihood =  -11227.46347446656
Edge derivatives =  [-0.014122308464899452, 0.0038416019841885918, 0.03918304163628745, 0.00014529694782686176, 0.00782301913931133, -0.05962416163176991, -0.02959413069999206, -0.02325210753389484, -0.008951385316926158, -0.04726445738512894, 0.07073783037532286, -0.06858783684284459, -0.027103783432984363, -0.015977958873213516, 0.005294746972845765, -0.05735611317613887]
other derivatives: [-0.10404619 -0.07730705 -0.018008   -0.07021299 -0.03819878  0.07330527]
Current x array =  [-0.612596   -0.68424565 -0.61513135  0.61579433 -2.43461841 -1.28415602
 -2.52053445 -0.18500295 -0.61940292 -4.55977637 -3.74379717 -2.7155791
 -0.44500235 -0.44332552 -1.56386822  0.17478321 -3.00838046 -1.43994322
 -1.9096672  -1.63190014 -1.12082625 -1.04744149]
log likelihood =  -11227.463394458813
Edge derivatives =  [-0.009463051569656725, 0.004889707327756232, 0.05353637928504986, 0.0005480972841118599, 0.011833079301637378, -0.05160708536111891, -0.008093409113456684, 0.019472694329773943, -0.007467317906687809, -0.07503063002506696, 0.06263533408697128, -0.06196484439709102, -0.019653106636551898, -0.0199780905048636, 0.006580928861384061, -0.04097716836267268]
other derivatives: [-0.09531504  0.02237357 -0.02182787  0.00309228  0.02055458  0.08258212]
Current x array =  [-0.61259178 -0.68429078 -0.61513332  0.61558912 -2.43477829 -1.28433304
 -2.52114509 -0.1849272  -0.61940414 -4.55891236 -3.74517245 -2.71608724
 -0.44505121 -0.44351903 -1.56366946  0.1749567  -3.00740201 -1.43998986
 -1.90977819 -1.63176719 -1.12080419 -1.04753317]
log likelihood =  -11227.463271728722
Edge derivatives =  [-0.005618650936083658, -0.0015232953065001942, 0.04552517570102717, 0.0006115556425784624, 0.015323878816944726, -0.04075070182951536, 0.005379563514659846, 0.04130301025168115, -0.005177345587604049, -0.060052547868341105, 0.05247870313377865, -0.03996912838606087, -0.008548419479631766, -0.02252205746515107, -0.0005359472209948146, -0.015565955224646433]
other derivatives: [-0.08094503  0.06530172 -0.0693035   0.06129994  0.04292815  0.07767085]
Current x array =  [-0.61259089 -0.68430362 -0.61511979  0.61543753 -2.43482114 -1.28422342
 -2.52160978 -0.1848442  -0.6192765  -4.5581281  -3.74611429 -2.7169472
 -0.44511255 -0.44364715 -1.5635143   0.17491934 -3.00622724 -1.44022343
 -1.90998707 -1.63167579 -1.12076657 -1.0477361 ]
log likelihood =  -11227.463422346798
Edge derivatives =  [-0.0005991054321983769, -0.01961515428463395, 0.009754512794555768, -0.00029321282039717483, 0.021388497604381815, -0.003292949640243653, 0.004908344934199449, 0.056400226042802815, -0.018297128286463155, -0.0629800886712846, 0.012735276821615266, 0.0014263076121817653, 0.01878070298917707, -0.056000873975255216, -0.03932977037936569, 0.007237369597613286]
other derivatives: [-0.68466761 -0.03710738  1.10412657 -0.03128662  0.07348717  0.05802576]
Current x array =  [-0.61241362 -0.684277   -0.6156692   0.61552729 -2.43481302 -1.28371152
 -2.52243828 -0.1846908  -0.61902853 -4.55569314 -3.74774755 -2.7204323
 -0.4451738  -0.44388209 -1.5630606   0.17484481 -3.00240357 -1.44083098
 -1.91069639 -1.63137761 -1.12073841 -1.04815531]
log likelihood =  -11227.463192574718
Edge derivatives =  [-0.0037590155463234076, -0.008208334812137397, 0.03230856927595875, 0.0002777171764043289, 0.017569797994037056, -0.026867736355142516, 0.0052144481784637264, 0.046896078041464895, -0.010023539282041, -0.06112274442459281, 0.03781527198245527, -0.024648499119406198, 0.00156482533732423, -0.034898761271698886, -0.01487528152688622, -0.007121040333434858]
other derivatives: [-0.30395313  0.02764864  0.36507117  0.02710294  0.05402399  0.07039489]
Current x array =  [-0.61252533 -0.68429377 -0.61532298  0.61547072 -2.43481814 -1.2840341
 -2.52191619 -0.18478747 -0.61918479 -4.55722757 -3.74671833 -2.71823611
 -0.4451352  -0.44373404 -1.56334651  0.17489177 -3.00481311 -1.44044813
 -1.91024941 -1.63156551 -1.12075616 -1.04789114]
log likelihood =  -11227.463032030153
Edge derivatives =  [-6.783983787006509e-06, -0.02232022805597833, 0.011732935130817655, 1.805891208378832e-05, 0.020619185182997945, -0.003290821887368362, 0.0046118083923778475, 0.048474394180876845, -0.003911656878276409, 0.0047065374039105545, 0.019825134342793094, 0.014007332114163523, 0.022811509097350094, -0.037149031991493, -0.02781631177658045, 0.025112321630392176]
other derivatives: [-0.10422809  0.01437002  0.00563887  0.03910827  0.02382876  0.04984031]
Current x array =  [-0.61258061 -0.68427336 -0.61515975  0.61548775 -2.43470178 -1.28362808
 -2.52209106 -0.18470568 -0.61893625 -4.55677848 -3.74663226 -2.72041205
 -0.44517464 -0.44376981 -1.56315     0.17465427 -3.00280098 -1.44086434
 -1.91066944 -1.63143144 -1.12071087 -1.04819339]
log likelihood =  -11227.462984288468
Edge derivatives =  [-0.0014325249801997175, -0.021449328840715043, -0.005731126962706702, -0.00019714983707563513, 0.01829624421245485, 0.0012094609359526373, -0.003352297693313022, 0.02244296516880606, -0.005481717015837162, 0.02221083812590044, 0.01703872516885474, 0.01872552064451355, 0.024026835403454253, -0.03398185472591636, -0.031074838889992074, 0.023809445154802544]
other derivatives: [-0.04474714 -0.06511982 -0.04129106  0.00381988 -0.01000444  0.03565219]
Current x array =  [-0.61260044 -0.68423737 -0.61513347  0.61559636 -2.43461032 -1.28336856
 -2.52169432 -0.18477328 -0.61882104 -4.55752318 -3.74537282 -2.72111296
 -0.44518118 -0.44364952 -1.56317549  0.17456199 -3.00258812 -1.44093681
 -1.91071595 -1.63149598 -1.12073051 -1.04822999]
log likelihood =  -11227.46293690899
Edge derivatives =  [-0.003108310375511708, -0.013291290515945686, -0.017203587572945565, -0.00037037811941961415, 0.013448213639419847, 0.005950974951305348, -0.014000339812755502, -0.016966053981482432, -0.006503610189142722, 0.033138876121129035, 0.015326964669228116, 0.014719194594323581, 0.022019939377391162, -0.02432931517898046, -0.02496160755753596, 0.00930850886818263]
other derivatives: [-0.03983587 -0.02892193 -0.05893526 -0.05347829 -0.04965841  0.01291482]
Current x array =  [-0.61260399 -0.68426012 -0.61511904  0.61576769 -2.434517   -1.28298761
 -2.52091203 -0.18492299 -0.61873836 -4.55911247 -3.74293765 -2.72204477
 -0.44518035 -0.44343465 -1.56326912  0.17450324 -3.00254738 -1.44093038
 -1.91069349 -1.63165199 -1.12082759 -1.0481768 ]
log likelihood =  -11227.46306176085
Edge derivatives =  [-0.004821622443114154, 0.017698164811655204, -0.05903928454582279, 0.00047369563231556763, 0.003633001918518619, 0.0024491078984462365, 0.014363049234487724, -0.04794257160317961, -0.01673125975416226, -0.016685034858862385, 0.016057568419680444, 0.012668430344340537, 0.0065583406495428875, 0.002732868264360977, -0.009139324462700993, 0.003149781177943678]
other derivatives: [ 0.18699211 -0.75942808  0.04929461  0.02200977  0.05511538 -0.03765308]
Current x array =  [-0.61267055 -0.68392124 -0.61516953  0.61552147 -2.43473529 -1.28216587
 -2.51980939 -0.18525651 -0.61847524 -4.5620583  -3.73914903 -2.72275759
 -0.44540201 -0.44327106 -1.5635227   0.17464115 -3.00291344 -1.44097678
 -1.91040636 -1.63220152 -1.12106285 -1.0482325 ]
log likelihood =  -11227.46292575053
Edge derivatives =  [-0.003488987391802409, -0.0063926473418238206, -0.02650764362783506, -0.0001820118739232872, 0.011270844807288339, 0.0051741764662191665, -0.0076845126845128675, -0.023855132723827, -0.008773626793972117, 0.022057458007404884, 0.015490202653994221, 0.014265785743066889, 0.018582551466171868, -0.018304343881939522, -0.021438538315847744, 0.007940626025830566]
other derivatives: [ 0.01091394 -0.19099389 -0.0347427  -0.03637979 -0.02619345  0.00200089]
Current x array =  [-0.6126188  -0.68418472 -0.61513027  0.61571291 -2.43456557 -1.28280478
 -2.52066671 -0.18499719 -0.61867981 -4.55976788 -3.74209472 -2.72220336
 -0.44522967 -0.44339826 -1.56332554  0.17453393 -3.00262883 -1.4409407
 -1.9106296  -1.63177426 -1.12087993 -1.04818919]
      fun: 11227.46292575053
 hess_inv: <22x22 LbfgsInvHessProduct with dtype=float64>
      jac: array([-1.09139364e-02,  1.90993887e-01,  3.47426976e-02,  3.63797881e-02,
        2.61934474e-02, -2.00088834e-03,  3.48898739e-03,  6.39264734e-03,
        2.65076436e-02,  1.82011874e-04, -1.12708448e-02, -5.17417647e-03,
        7.68451268e-03,  2.38551327e-02,  8.77362679e-03, -2.20574580e-02,
       -1.54902027e-02, -1.42657857e-02, -1.85825515e-02,  1.83043439e-02,
        2.14385383e-02, -7.94062603e-03])
  message: b'CONVERGENCE: REL_REDUCTION_OF_F_<=_FACTR*EPSMCH'
     nfev: 120
      nit: 105
   status: 0
  success: True
        x: array([-0.6126188 , -0.68418472, -0.61513027,  0.61571291, -2.43456557,
       -1.28280478, -2.52066671, -0.18499719, -0.61867981, -4.55976788,
       -3.74209472, -2.72220336, -0.44522967, -0.44339826, -1.56332554,
        0.17453393, -3.00262883, -1.4409407 , -1.9106296 , -1.63177426,
       -1.12087993, -1.04818919])
