number of sites to be analyzed:  492
log likelihood =  -15385.939460214573
Edge derivatives =  [162.14220090887324, 117.65213336896768, 113.36573545078976, 117.93636297842112, 65.17610206737845, 61.84290512778814, 230.42926518076857, 226.44961276992746, 126.4665679140102, 130.68176649732837, 265.9640250437735, 185.3781413536687, 115.98969414455927, 101.17689236544345]
other derivatives: [ -261.48336474   155.22673493  -106.14112398   110.92033674
 -1065.26858872   364.64625737]
Current x array =  [-0.60951493 -0.72191023 -0.68336038  0.74193734 -0.10536052 -0.51082562
 -4.60517019 -4.60517019 -4.60517019 -4.60517019 -4.60517019 -4.60517019
 -4.60517019 -4.60517019 -4.60517019 -4.60517019 -4.60517019 -4.60517019
 -4.60517019 -4.60517019]
log likelihood =  -14365.748431577242
Edge derivatives =  [151.50188641710213, 123.64439238731848, 113.956397080544, 116.31886587175964, 62.54333047853452, 62.15271415340342, 231.1640144951175, 224.90954804200675, 124.11032175038451, 131.45775268603174, 268.57817739218245, 181.58024930284, 114.50498978899998, 101.21814473175968]
other derivatives: [ 538.36683946  189.12505766 -102.3605364    13.54746928 -718.29927037
  297.98611649]
Current x array =  [-0.81833421 -0.72137364 -0.76812414  0.83051776 -0.9560786  -0.50482752
 -4.47568425 -4.51121379 -4.51463689 -4.51098681 -4.55312088 -4.55578276
 -4.42115055 -4.42432868 -4.50417463 -4.50080839 -4.39277267 -4.45712814
 -4.51254141 -4.52437083]
log likelihood =  -12549.942398088842
Edge derivatives =  [142.36753875405637, 122.51108406358544, 108.81112616625217, 109.17159548177737, 53.80606070080098, 57.20421239542066, 220.24626930233006, 208.914999824489, 116.8529548728214, 123.28110707557721, 256.0704453098565, 165.14428123783142, 106.07028640723269, 93.97210834473172]
other derivatives: [-1777.19120984   416.16767703     7.03694241  -301.45602068
    82.74291758   215.32014216]
Current x array =  [-0.41818141 -0.56996252 -1.12481053  1.05213408 -4.03598793 -0.36914384
 -3.93867698 -4.09937176 -4.12618451 -4.11048369 -4.33460071 -4.34389556
 -3.63232875 -3.65278979 -4.0757094  -4.05286807 -3.47944872 -3.8296287
 -4.1184774  -4.17847009]
log likelihood =  -12025.318102762669
Edge derivatives =  [133.1561889867853, 116.97542860830364, 95.8046486773178, 95.32833147160437, 40.73511643310211, 50.27838557896359, 196.94470358218476, 176.49030470232495, 101.36164618203001, 112.09872475471701, 222.16931545356147, 145.03410148165872, 89.24615963603777, 86.56422060158506]
other derivatives: [ 1159.27050501 -1262.59783428  -200.46882128  -218.57031243
   155.97925085   171.52178771]
Current x array =  [-0.87875441 -0.23059061 -1.32217344  0.95255537 -5.57987586 -0.2213931
 -3.55235105 -3.78849291 -3.83936402 -3.81761132 -4.17907017 -4.18873603
 -3.05053335 -3.0886906  -3.76264693 -3.72339137 -2.8043659  -3.37488576
 -3.83106896 -3.92504183]
log likelihood =  -11677.452467140185
Edge derivatives =  [133.12727496550562, 113.36089343135771, 93.30572652676241, 89.9039323388686, 38.16561323417045, 44.884653430971895, 183.44351183846769, 166.83352426604586, 99.05253008041035, 105.25992813181456, 204.61928854948255, 136.23443374999613, 86.03693874796501, 82.51285863929971]
other derivatives: [ 777.94447861 -351.47950257 -114.61015674 -207.11649995  162.90396161
  155.47684598]
Current x array =  [-0.7897206  -0.35318833 -1.41503499  0.93157605 -6.09867178 -0.15876327
 -3.42342456 -3.68605405 -3.74555253 -3.72169737 -4.12894252 -4.13805268
 -2.85975056 -2.90508105 -3.6601297  -3.61517426 -2.5842159  -3.22579947
 -3.73748784 -3.84159443]
log likelihood =  -11219.232452061919
Edge derivatives =  [118.34928058727985, 86.39795614200911, 58.44645296694244, 43.756026182573166, 16.24047144037421, 13.470631943541896, 68.25990170884235, 63.66518724446213, 65.45725315273984, 60.406778828838874, 16.509248838504615, 71.61912322949873, 51.497667314388465, 54.753302436292564]
other derivatives: [-554.11655921 -234.01880753  350.40138755 -146.1685315   173.84445528
    0.91768015]
Current x array =  [-0.53517639 -0.40751005 -1.82932725  0.79674035 -8.64169303  0.15085463
 -2.77093623 -3.16539182 -3.26904032 -3.23635764 -3.87515078 -3.88242895
 -1.89485277 -1.97471409 -3.13992603 -3.0675624  -1.47058113 -2.47202992
 -3.2627028  -3.41903381]
log likelihood =  -11056.6159863227
Edge derivatives =  [123.94302230989852, 85.41123594079542, 60.70971959471598, 44.961378088367155, 16.960031880660974, 13.564354184916127, 68.47322989502409, 66.33537995389871, 66.73981440908734, 62.29635564230327, 22.463736139742544, 68.92552830044254, 53.83666621794022, 55.587738342486375]
other derivatives: [ 143.87369447  -93.52170309  259.16306186 -109.71707525  173.74732124
  -17.80790626]
Current x array =  [-0.67725738 -0.50256023 -1.67001806  0.69221233 -8.53708476  0.17602522
 -2.6920384  -3.1043454  -3.22474183 -3.19981758 -3.86034416 -3.86811356
 -1.83061525 -1.91490011 -3.09132396 -3.0203426  -1.42747425 -2.41399889
 -3.2227933  -3.3784965 ]
log likelihood =  -10878.771873722697
Edge derivatives =  [135.56788796540852, 81.12563655461418, 63.032498097209675, 45.34268525603643, 18.02908639588481, 13.067824400222738, 67.30875469896566, 68.76639795012696, 67.81323081003654, 64.13063293396841, 27.840478906899097, 63.61197971122096, 57.402308479606674, 55.4805182466882]
other derivatives: [394.59191612 105.84153642 158.2711775  -43.89494279 173.4455509
 -55.92919479]
Current x array =  [-0.75040278 -0.63905367 -1.38043311  0.49642321 -8.31706256  0.2285321
 -2.53235174 -2.98385949 -3.13642673 -3.1277076  -3.83124509 -3.84044127
 -1.7056193  -1.7974919  -2.99480167 -2.92664368 -1.34413015 -2.30140886
 -3.14323234 -3.29812522]
log likelihood =  -10614.313743437511
Edge derivatives =  [153.19507473757545, 68.41775698392917, 60.138802976976535, 41.33453061313124, 18.9748136955763, 11.032258718088752, 59.34962641438699, 64.70479494909064, 66.35162486478482, 66.51104456579664, 32.098813951796295, 49.870813702881854, 62.039298494518476, 51.726697840547175]
other derivatives: [ 480.46404117  306.5515557  -159.29417714  124.05598682  171.96089175
 -134.19285096]
Current x array =  [-0.78453647 -0.83678127 -0.71555737  0.13564052 -7.65392084  0.26035654
 -2.12454424 -2.70715828 -2.93103016 -2.97041009 -3.76977324 -3.78729221
 -1.4493839  -1.55131318 -2.77166423 -2.7128815  -1.20753049 -2.06484203
 -2.95819722 -3.11345636]
log likelihood =  -10366.695160034858
Edge derivatives =  [140.70045775156086, 53.38372575264657, 49.79998170007881, 34.76483548868728, 17.64715839438865, 9.372209176938274, 46.79592303986105, 50.949743782788104, 61.47631603606319, 63.331785226575086, 39.45605002822492, 39.11741562823074, 59.583712112392355, 46.16488302212847]
other derivatives: [ 418.86614781  336.77388274 -536.32793424  173.08375391  167.89726942
 -117.13036656]
Current x array =  [-0.79050847 -0.8997865  -0.45809952  0.12770766 -6.84812915  0.05114423
 -1.6383679  -2.44126894 -2.7300151  -2.83225874 -3.71517198 -3.75228911
 -1.25137815 -1.35166079 -2.54727479 -2.49682522 -1.16052589 -1.87221863
 -2.76493362 -2.93238293]
log likelihood =  -9921.862516951225
Edge derivatives =  [-203.86389091177514, -11.995934674614395, -15.1991070557493, -5.706993307972396, 0.027441838856915396, -1.3805096424034091, -97.4045842491898, -98.61080108481755, -18.810837866115808, -24.682883551132193, 18.769785171268015, -77.57503489843889, -4.808941713441962, -8.557791188456]
other derivatives: [  328.98187783   317.88331398 -1503.3319869     72.50800991
  -297.40858736   -11.57495717]
Current x array =  [-0.80303452 -0.97335774 -0.34171245  0.59050428 -3.21535113 -1.19185419
  0.78894204 -1.17694123 -1.76249687 -2.17356033 -3.44618218 -3.59186935
 -0.33472112 -0.41565397 -1.44776207 -1.43333483 -0.9586069  -0.96872997
 -1.80591212 -2.05294999]
log likelihood =  -9810.237008493283
Edge derivatives =  [50.265075312453156, 18.520750697936073, 23.72440350354359, 19.743511223927012, 10.155026511768963, 5.241752619664805, 8.938155318497536, 9.347039635550956, 39.710845294576025, 38.99098910693938, 47.81499635019632, 8.442025464212291, 41.12823752922827, 29.92827997515957]
other derivatives: [ 383.1963113   307.48851714 -700.17358667  111.71741789  133.71100067
  -63.19223758]
Current x array =  [-0.79596105 -0.93181201 -0.40743632  0.32916269 -5.26678356 -0.48993206
 -0.58176168 -1.89090802 -2.30885513 -2.54552781 -3.59808092 -3.6824585
 -0.85235802 -0.94421771 -2.06865771 -2.03388863 -1.0726307  -1.47893068
 -2.34747227 -2.54956642]
log likelihood =  -13044.935645024623
Edge derivatives =  [-481.91676740413794, -68.44336416587704, -3.360593921714844, 2.542803398892342, 13.158602774794671, 18.17619432143023, -24.233711141137153, -26.61890306170719, -49.170027187523836, -31.597709789905117, 128.65113874506415, -1.6898452853505783, -24.1997830140339, -8.892838318806005]
other derivatives: [  -52.38853191  -264.60020308   -33.55216904   299.45549613
 -1097.70790004   403.52642827]
Current x array =  [-0.66851749 -0.54294658 -0.73556766  0.29882369  0.66858398 -1.6729448
  0.55392776 -1.31422963 -1.92120503 -2.40354255 -3.61352721 -3.78863696
 -1.14439917 -1.212835   -1.5354746  -1.61146219 -1.80621874 -1.50820762
 -1.8973547  -2.11217555]
log likelihood =  -9642.957443120364
Edge derivatives =  [23.079755026966662, 13.292563304392436, 24.049204310927323, 20.977199529134435, 10.274735861861021, 6.688202866043357, 12.875586537370724, 11.95628316414095, 35.56144737024289, 35.206305542488415, 69.96285255385884, 14.038654235872778, 36.609894444169306, 27.55245881129824]
other derivatives: [ 338.43734855  252.76149245 -519.89609346  116.69235391   76.37299859
  -21.59904398]
Current x array =  [-0.77704304 -0.87408794 -0.45614488  0.3246591  -4.38572407 -0.66554117
 -0.41317735 -1.80530456 -2.25131146 -2.52445119 -3.6003738  -3.69821987
 -0.89570927 -0.98409188 -1.9895108  -1.97118269 -1.18152618 -1.48327662
 -2.28065579 -2.48463912]
log likelihood =  -9527.44184124627
Edge derivatives =  [-77.94192278555394, -3.044812577954976, -3.7005475288356915, 2.1118414997162813, -1.3551508305572433, -1.4254976115714504, -50.8134602537868, -50.25501753023429, -20.14270210251738, -28.382270208670874, -0.8826885576127484, -42.88554696816819, -12.708101366298298, -7.567973405210162]
other derivatives: [ -7.47095328  17.78935257 261.91628422  69.13978723 -58.32043826
 -39.42823241]
Current x array =  [-0.68599357 -0.75698214 -0.75025737  0.52893672 -3.74909963 -0.95851993
  0.22858694 -1.37002125 -1.86920253 -2.22850705 -3.47717688 -3.61152863
 -0.55782384 -0.65346674 -1.53277759 -1.54335521 -0.81205364 -1.12564464
 -1.87238034 -2.11058969]
log likelihood =  -9473.193017090985
Edge derivatives =  [-25.063873019881107, 5.021039339036396, 13.142732798106653, 13.68882264324598, 3.7724858957962417, 2.9326846467401633, -8.985669123705701, -10.87079163698302, 8.48590428597373, 4.112762284299109, 38.5967120888475, -4.046680022452701, 10.80990671889834, 10.512187863140118]
other derivatives: [ 11.83689164  12.34020601  68.43747542  37.54958016  16.44893928
 -16.04184945]
Current x array =  [-0.67067171 -0.72148934 -0.686233    0.57712503 -3.95902176 -0.88133225
 -0.1740806  -1.60813647 -2.06643385 -2.38362254 -3.54611528 -3.66650346
 -0.81315405 -0.90384715 -1.76653354 -1.77348925 -1.00381231 -1.36153375
 -2.07578507 -2.29685316]
log likelihood =  -9468.248140567255
Edge derivatives =  [-32.20409011011032, 4.804943396588967, 15.40730058112879, 15.374044569044848, 4.237402802531651, 3.3908054295644625, -2.532069385365511, -5.720512633939586, 7.904041140493224, 5.61757717253735, 34.368177252120866, 0.795933987784353, 10.145432037141049, 8.959255864032327]
other derivatives: [-84.71652109 -40.05469236 -39.44842319  12.22470019 -35.45210348
  -2.3515895 ]
Current x array =  [-0.64598467 -0.69338561 -0.62899818  0.7017093  -3.61446531 -0.96674383
 -0.21610471 -1.59856449 -2.04291237 -2.36780641 -3.54780545 -3.67364358
 -0.88234892 -0.9754038  -1.74885665 -1.76943751 -0.98181288 -1.40152837
 -2.0535469  -2.27465801]
log likelihood =  -9456.7829249083
Edge derivatives =  [-24.382084957452072, 5.801548923509048, 12.28007884918431, 13.334533491425923, 2.4200668777721943, 1.6615153666628715, -8.1520941872054, -10.882797986782776, 2.2329473312104975, -0.7854575455466836, 8.169235136322854, -6.002189179966957, 4.555886306072837, 4.31275781808474]
other derivatives: [-35.53614079 -50.77235983 -13.38303264  -9.13551048  -1.02681952
 -15.51270543]
Current x array =  [-0.66083656 -0.69585237 -0.63302018  0.76663984 -3.8355365  -0.98162789
 -0.21385789 -1.54294311 -1.97333106 -2.29714663 -3.5179314  -3.64606489
 -0.81813372 -0.9182412  -1.6877014  -1.71372008 -0.81642333 -1.34560904
 -1.99082607 -2.21812699]
log likelihood =  -9456.279864096981
Edge derivatives =  [-13.598753326943221, 8.797285915110265, 13.139206514949715, 14.240993489939182, 2.4719086936279786, 1.526312997301738, -4.467725191836084, -5.033097361682025, 2.2663546510464636, 1.188313374913677, -6.89468245139427, -3.5636903259540467, 3.559214417264907, 3.006977542931821]
other derivatives: [-33.14089554 127.50679161   4.40304575 -19.75931809   2.13585736
 -11.6391675 ]
Current x array =  [-0.65603531 -0.80601935 -0.63916341  0.80634107 -3.84709288 -1.05817348
 -0.30616104 -1.50351913 -1.90104731 -2.22223528 -3.49863561 -3.63106653
 -0.83487518 -0.94658813 -1.65574666 -1.69642262 -0.71209567 -1.35443722
 -1.94846202 -2.17924483]
log likelihood =  -9450.59000884647
Edge derivatives =  [-13.067860378400109, 9.223856515134058, 13.214312801590886, 14.383200854327326, 2.3149564205840583, 1.6274288196895135, -2.6649788396262974, -4.129953500843547, 1.5069670545275045, 0.5101236700988518, -6.527845757634618, -1.658012050566314, 2.6128928968114677, 2.589310208477727]
other derivatives: [ 41.83857527  38.32265065   9.32959665 -22.04578777   0.15352271
 -10.59379429]
Current x array =  [-0.6809002  -0.74439336 -0.64086905  0.80291745 -3.82023993 -1.06163699
 -0.33034461 -1.50637839 -1.89988612 -2.2202067  -3.499925   -3.63280716
 -0.85166721 -0.96388043 -1.65682972 -1.69983697 -0.71413217 -1.36543677
 -1.94851633 -2.17890459]
log likelihood =  -9448.336650125624
Edge derivatives =  [-11.604935858612274, 10.064170663909993, 12.406332170012078, 13.884161110200802, 1.9534731416354583, 1.4576089654388777, -2.1115812508428435, -3.689365348138997, -0.359064037371482, -0.9437935529192915, -11.556035194547778, -0.9939437820663151, 0.6592329555630503, 1.055159063935538]
other derivatives: [-11.53766789 -19.2947482   19.61197995 -17.28731149   0.38417056
  -9.78907337]
Current x array =  [-0.6664116  -0.71214017 -0.64689779  0.78641302 -3.81851936 -1.07583224
 -0.38001561 -1.4971896  -1.87815669 -2.19581744 -3.49571873 -3.62978026
 -0.86798181 -0.9842421  -1.65071611 -1.69894547 -0.69406969 -1.3752413
 -1.93910819 -2.16971024]
log likelihood =  -9445.85490926441
Edge derivatives =  [-8.72350048704897, 11.749460333647292, 11.67445220996172, 13.541572310434114, 1.7968879039609957, 1.4619299064396676, -0.22657133521486472, -1.455449759859106, -1.5567986490736165, -1.04730114676899, -16.29656560815222, 0.8126541159893936, -0.8709984050459071, -0.2664400875592945]
other derivatives: [ -3.52483767 -28.35713531  17.40518201  -8.53469828  -2.65936251
  -7.56699592]
Current x array =  [-0.67008167 -0.70612301 -0.64617375  0.75534261 -3.79361323 -1.11222788
 -0.45050392 -1.47327729 -1.83503399 -2.1494386  -3.48731604 -3.6237916
 -0.88976904 -1.01312678 -1.6389581  -1.69560119 -0.66877298 -1.3884763
 -1.9216855  -2.15284045]
log likelihood =  -9439.107017069251
Edge derivatives =  [-4.630413168090876, 16.16826271304576, 5.030562130824632, 9.210364136822424, 1.139702301900599, 1.317664716329509, 0.7675480440254141, 0.8090639570852354, -5.524132386014362, -2.4256494426187394, -18.786972935418895, 1.573166226162277, -5.57323219147324, -4.676184719225394]
other derivatives: [-40.29643605 -14.75691533  -1.27511157  21.16958058  -1.44864316
  -3.49136826]
Current x array =  [-0.66266385 -0.71595219 -0.63677821  0.66207446 -3.8057668  -1.24018
 -0.64911292 -1.32634371 -1.64580991 -1.9423695  -3.44675256 -3.59164029
 -0.91321076 -1.06067332 -1.59420222 -1.6676813  -0.64710215 -1.39112316
 -1.86067363 -2.09307642]
log likelihood =  -9433.918742222064
Edge derivatives =  [-4.665127285438357, 20.819486026027374, -5.574764113457757, 1.973760054222725, 0.6762727184515126, 1.556190105586862, 7.683666170035419, 7.044167929219857, -8.407072317440388, -2.861161786359452, -15.518317024865642, 4.5929899308570645, -10.110004132405725, -8.534555586611534]
other derivatives: [21.87334758 -0.84219209 24.62875273 15.22021194 -9.64373612  1.37588358]
Current x array =  [-0.68157525 -0.72416127 -0.64499974  0.68077442 -3.74100206 -1.41722262
 -0.91277351 -1.11827436 -1.4168038  -1.68220159 -3.39848507 -3.55378033
 -0.96320501 -1.13849378 -1.55529688 -1.64314059 -0.64647083 -1.40560297
 -1.80141148 -2.0332468 ]
log likelihood =  -9430.230735815492
Edge derivatives =  [-5.871551087433042, 20.233460526934692, -11.610707520511577, -3.1516194862585065, 0.6488579258755226, 1.7433207974274691, 8.392588609013684, 7.034737418071647, -7.178818068733101, -1.828685009226218, -3.369942988815545, 4.055905871734765, -9.102847533959144, -8.178405700045746]
other derivatives: [ 6.43085514  7.57372618  1.53049768 11.34994818 -2.85344868  2.3861503 ]
Current x array =  [-0.6766867  -0.73085952 -0.63303373  0.69508503 -3.7829141  -1.4890375
 -1.04020447 -0.97300794 -1.31350641 -1.54698713 -3.37286423 -3.53079309
 -0.95911529 -1.1487134  -1.55745799 -1.63769785 -0.6978231  -1.3948071
 -1.79758548 -2.02628464]
log likelihood =  -9426.384577016965
Edge derivatives =  [-6.772749047456466, 16.653335862793977, -14.458268779994077, -7.319166098837321, 0.8507057824232308, 2.1370675904204486, 6.946126961859404, 5.073378558836648, -2.7111568660350156, 0.6894744568036201, 12.012660722195383, 3.570188952904541, -4.153943376304118, -4.385851848661434]
other derivatives: [-9.83309292 12.97084964  8.82500899 -4.79049049  5.85187081  3.37749952]
Current x array =  [-0.66941533 -0.73437863 -0.63643885  0.74334637 -3.83142402 -1.54412509
 -1.18632993 -0.78365168 -1.26954436 -1.44352683 -3.35074417 -3.50666325
 -0.93656511 -1.14373729 -1.59455605 -1.64920057 -0.76883097 -1.38058645
 -1.83450937 -2.05706592]
log likelihood =  -9424.185853028956
Edge derivatives =  [-5.809876512788347, 8.56845936741512, -12.748476083277794, -9.40561533264253, 0.9658383554777416, 2.3051342555561765, 4.423933672837135, 1.7403681904967154, 2.7414256641366186, 3.8829494497947583, 16.985858917455783, 1.7654545597028313, 2.9404937194560143, 0.6338816242653939]
other derivatives: [ 29.96766852  -4.62478056 -83.73044693  -9.0285539    8.53742677
   1.24109647]
Current x array =  [-0.68303359 -0.72187789 -0.59675193  0.75814969 -3.85129023 -1.56988928
 -1.35389789 -0.5544168  -1.28968931 -1.38349022 -3.32926079 -3.47760917
 -0.89868564 -1.12868231 -1.63947817 -1.65914547 -0.78770811 -1.35714575
 -1.88391558 -2.10213821]
log likelihood =  -9421.202520261519
Edge derivatives =  [-5.54819017817243, 6.067040184002011, -9.933599615222711, -8.13570451995767, 0.8296462453610993, 2.211745136835258, 1.267457384821889, -0.3648446610147067, 3.8088446959448454, 3.664536658605698, 14.468879244661542, 0.9207273622363003, 4.679482734562127, 2.4769536679438984]
other derivatives: [  9.64173523  -4.64460754 -23.6555934   -9.76033334   8.28931661
   0.20227162]
Current x array =  [-0.67566319 -0.7213485  -0.62366123  0.75745105 -3.84836524 -1.55241335
 -1.3775967  -0.50945114 -1.34585678 -1.41533569 -3.33027038 -3.47360288
 -0.88074091 -1.11590407 -1.66092404 -1.66679928 -0.77845573 -1.3511574
 -1.9096576  -2.12772032]
log likelihood =  -9419.082436572548
Edge derivatives =  [-4.677817753235894, 2.0450931421054306, -5.907637398432133, -6.269042323065044, 0.5007824026599087, 1.8794787868014597, -1.6094711695261679, -2.0671840682901763, 4.240718449586815, 2.9957329459666937, 3.093542782825839, -0.21273868878170477, 6.074802894845007, 3.9023041782246666]
other derivatives: [-0.7206836  -6.94744813  9.28066584 -2.90547177  2.27828423 -2.27937562]
Current x array =  [-0.67310372 -0.71899003 -0.64056742  0.73636594 -3.81379713 -1.53472348
 -1.42940122 -0.44387095 -1.42400129 -1.46107474 -3.32919124 -3.4650966
 -0.86438635 -1.10923402 -1.67739595 -1.66959633 -0.72532629 -1.34614005
 -1.92969146 -2.15037587]
log likelihood =  -9418.455058258854
Edge derivatives =  [-3.8079978557737952, -0.4356015444945325, -3.8991910322011045, -5.388881528689738, 0.34892354868443043, 1.7503051459094037, -1.215495659749602, -1.5149701630217933, 3.6738083554743843, 2.417076319943113, -2.9715392448930227, -0.29952659394300796, 5.552309580626822, 3.5750965185375776]
other derivatives: [-4.28244675 -3.60214472  9.06838977  0.42655302 -2.64753908 -3.31638148]
Current x array =  [-0.67262944 -0.72058355 -0.6409926   0.72809536 -3.78571368 -1.54352664
 -1.47753109 -0.40130435 -1.45488031 -1.47734824 -3.32515996 -3.45615877
 -0.86518265 -1.11666157 -1.673955   -1.66391512 -0.69590521 -1.34689341
 -1.92306799 -2.14884937]
log likelihood =  -9417.848895846964
Edge derivatives =  [-1.866137571912675, -0.9864790634934342, 0.48935094482257535, -1.9454703193264327, 0.18763535098424133, 1.7108461459003674, -0.14285810588616737, 0.04959531293147501, 1.2981633071901508, 0.6283408121648618, -4.811034084796658, -0.07898357942015544, 2.2751628725886466, 1.5214181951237549]
other derivatives: [24.81938282 -9.80999175 14.77037586  3.04426067 -0.40781742 -4.63769538]
Current x array =  [-0.68167389 -0.71549896 -0.64355595  0.71345623 -3.79625097 -1.55729597
 -1.52752733 -0.37911302 -1.5192366  -1.53936601 -3.32171615 -3.43917876
 -0.86359676 -1.12253016 -1.65139194 -1.64482427 -0.68495878 -1.34582865
 -1.88871751 -2.13090046]
log likelihood =  -9417.439051826645
Edge derivatives =  [-0.485307690355493, -4.158768112512207, 1.7987638400262642, -1.8617374240539242, 0.09874215698076086, 1.7764852652272525, 2.622681013306306, 2.100896839172737, -0.5702165273808746, -0.41322769159392553, -3.4499575239772833, 0.41714336487953774, -0.6422678113505818, -0.6573678140815178]
other derivatives: [-11.69701136  -9.63846105  -1.69275154   1.0986696   -1.5957994
  -4.26807674]
Current x array =  [-0.67089977 -0.71733603 -0.63568875  0.72352906 -3.79099809 -1.60959988
 -1.6226858  -0.31883089 -1.51960771 -1.53250288 -3.30961779 -3.41751728
 -0.8735697  -1.14314221 -1.63027774 -1.6282358  -0.69044876 -1.34933105
 -1.85413779 -2.10820912]
log likelihood =  -9417.29230620862
Edge derivatives =  [-0.5742351673091292, -1.3476100002379219, 1.765253568796131, -1.1838861458210608, 0.2228592616346867, 1.8697383243508563, 2.9186065205760463, 2.5747947195267082, -0.6193025905255446, -0.13801767305065388, -0.9750742726468297, 0.7409520103901274, -0.9406724734859692, -0.8807522292335099]
other derivatives: [-2.25300028  4.32137313 -2.82288966 -0.43364707  0.60244929 -3.82169674]
Current x array =  [-0.67283922 -0.72472549 -0.63496475  0.72630121 -3.80078035 -1.60687439
 -1.59378768 -0.35586961 -1.51620438 -1.54375032 -3.31308787 -3.42042139
 -0.8744855  -1.14033489 -1.62591155 -1.62777394 -0.70115554 -1.35054844
 -1.84933416 -2.10394218]
log likelihood =  -9417.230902511797
Edge derivatives =  [-0.7191812474410026, -1.5485136631248837, 1.139672748545269, -1.7171366649401745, 0.19487352594660856, 1.8967540470589257, 2.750304873624705, 2.3304560557666574, -0.7527779216211841, -0.2180343878198236, 0.7588192080117029, 0.7863130164297704, -1.1863535894210036, -1.0225411946857699]
other derivatives: [ 3.82715371  0.39126462  0.86256478 -1.23327482  1.32749847 -3.40842234]
Current x array =  [-0.67472673 -0.72262561 -0.6362393   0.727872   -3.80537171 -1.61985632
 -1.60435339 -0.35074028 -1.50337555 -1.53446132 -3.31070071 -3.41612437
 -0.87239777 -1.13964688 -1.62416187 -1.62634809 -0.70886569 -1.34963848
 -1.84650757 -2.1014961 ]
log likelihood =  -9417.145140671651
Edge derivatives =  [-0.7917225454480858, -1.2157360838645652, 0.8648503840102182, -1.8363422573809922, 0.16210492180144884, 1.9025389290987376, 2.1715010132781996, 1.932365548694222, -1.04064909579663, -0.37567759243746013, 1.8483605715843214, 0.7706215242590186, -1.5623574565824045, -1.25875206590265]
other derivatives: [ 3.06390575 -3.28691385  2.5749614  -1.17397576  1.60180207 -2.93148332]
Current x array =  [-0.67465463 -0.72074952 -0.63680043  0.72732318 -3.80726066 -1.63704531
 -1.61483292 -0.35355504 -1.49610151 -1.53658551 -3.30876712 -3.40894069
 -0.86746484 -1.13664935 -1.6210684  -1.62392373 -0.71377619 -1.34856554
 -1.84202358 -2.09856407]
log likelihood =  -9416.904054801318
Edge derivatives =  [-0.38359812069058336, -2.183638477157953, 0.37315231377340363, -2.3472312472493275, 0.04579210305875124, 1.921154158494997, -0.39088096639936853, 0.23701528707839514, -1.3956493423489003, -0.4383423760346097, 5.014946502850704, 0.6179145793908805, -2.049444484368994, -1.4412090656261896]
other derivatives: [ 7.98736437 -0.04802132  7.74598448 -1.0299118   0.32960088 -1.15287548]
Current x array =  [-0.67642438 -0.7230455  -0.63830784  0.72700583 -3.80294073 -1.72891088
 -1.70320427 -0.32494976 -1.46709713 -1.54010658 -3.29538267 -3.36712956
 -0.84182391 -1.12448762 -1.613642   -1.61384097 -0.72525891 -1.34171806
 -1.82850634 -2.09189958]
log likelihood =  -9416.940595248492
Edge derivatives =  [-0.7368156467973639, 3.097783257631971, 0.2450771484991239, -0.8295601802730104, -0.14501748627613098, 1.6737853333055799, -4.553163342005282, -2.363280962641242, -1.8853321794092828, -0.8949117486087691, 3.08270063565197, -0.3524635303621315, -2.010136086521743, -1.3380955265263177]
other derivatives: [-14.66360118 -21.36730473   4.53546818   2.23662937   0.85456122
   0.43946784]
Current x array =  [-0.67079692 -0.71154546 -0.63709074  0.71641022 -3.80652762 -1.79732689
 -1.70765123 -0.39620802 -1.46006981 -1.60803136 -3.29427055 -3.32668567
 -0.81347282 -1.09612488 -1.61068267 -1.60821132 -0.71517676 -1.33319791
 -1.82594169 -2.09353911]
log likelihood =  -9416.767455232926
Edge derivatives =  [-0.5640337803320279, 0.2997854800910694, 0.3228094212511644, -1.605948087866959, -0.042570263452337526, 1.8091205526055472, -2.341012028793685, -0.982448382687926, -1.6183326825032598, -0.6437333616432892, 4.121117372299794, 0.17425668498284086, -2.0237017326452302, -1.3869748473048789]
other derivatives: [-2.56513886 -9.94659786  6.22349035  0.48876245  0.59790182 -0.37252903]
Current x array =  [-0.67377898 -0.71763947 -0.6377357   0.72202496 -3.80462688 -1.76107243
 -1.70529473 -0.35844742 -1.46379367 -1.57203721 -3.29485988 -3.34811737
 -0.8284964  -1.11115463 -1.61225085 -1.61119454 -0.72051941 -1.33771284
 -1.82730073 -2.0926703 ]
log likelihood =  -9416.655381806879
Edge derivatives =  [-0.27663907956964895, 0.24127860200130252, 0.6718981460490694, -1.2374842974119107, -0.06056380632815736, 1.7585683987854541, -2.504597732385044, -1.0650781900935553, -1.230326230043677, -0.37676573396860863, 2.5692076349785866, 0.06626497682245858, -1.4350444808421796, -0.969786211316686]
other derivatives: [-1.73695298 -4.82614269  2.08110578  0.46857167 -0.65811037 -0.08676579]
Current x array =  [-0.67402198 -0.72025466 -0.63594301  0.72277956 -3.79756164 -1.78261573
 -1.72646887 -0.3536188  -1.46228045 -1.58228133 -3.29240502 -3.33467566
 -0.8251348  -1.10873743 -1.61455003 -1.61037246 -0.71130033 -1.33598667
 -1.82947552 -2.09546626]
log likelihood =  -9416.57376389222
Edge derivatives =  [0.05184776526424878, 0.28696687549513256, 1.069866891573774, -0.650510492454752, -0.10825992144337235, 1.6561036397794848, -2.0939780008202065, -0.8472607560778695, -0.6269576649865902, -0.08215711454216246, -0.134062648427692, -0.1227071674810093, -0.5423244103067149, -0.32478742535959415]
other derivatives: [-2.00743671  1.67165126  0.10932126  0.06330083 -1.81844371  0.30522642]
Current x array =  [-0.67379809 -0.72356371 -0.63530729  0.72443236 -3.79092002 -1.8101417
 -1.75243763 -0.34919284 -1.45883943 -1.5983698  -3.28955551 -3.31424195
 -0.82546188 -1.10738177 -1.61919065 -1.60965416 -0.69594273 -1.3337739
 -1.83419267 -2.10032645]
log likelihood =  -9416.547601733619
Edge derivatives =  [0.14734418589041082, 0.3351688327974777, 0.8711462688323389, -0.5187705244686579, -0.13163937429189349, 1.6114583258449597, -1.305640899127698, -0.5482443106390696, -0.21361202596825707, 0.13408515873430116, -0.6011239037811813, -0.18412108731100718, -0.02747941664628173, 0.004912729387942072]
other derivatives: [ 2.42798706  0.71649993 -7.06349965 -0.22519089 -1.42154022  0.59480953]
Current x array =  [-0.6752194  -0.72275761 -0.63202266  0.7250317  -3.79335321 -1.82611095
 -1.76614057 -0.34627813 -1.44889503 -1.60225706 -3.28771694 -3.30065202
 -0.82886001 -1.10803126 -1.62186844 -1.60917533 -0.69212558 -1.33266323
 -1.83653468 -2.10214488]
log likelihood =  -9416.51648768659
Edge derivatives =  [0.17377784528194234, 0.36830928525229345, 0.7356455280785199, -0.36484112310841516, -0.17844201981884766, 1.5553569811045873, -0.6521955459765738, -0.25580398154115325, -0.039801301882947726, 0.09861291613611323, -1.1381774181978428, -0.284303073633388, 0.18072338553487, 0.17875961149221065]
other derivatives: [ 1.81025825  1.37679308 -3.90900823 -0.41363819 -0.82563929  0.79780875]
Current x array =  [-0.67490146 -0.72307116 -0.63355304  0.72498057 -3.7969491  -1.83735571
 -1.77614472 -0.3445661  -1.44258293 -1.60783336 -3.2865344  -3.28890363
 -0.83269139 -1.1090265  -1.62376399 -1.60842172 -0.68882008 -1.33185641
 -1.83790589 -2.10335076]
log likelihood =  -9416.48594834589
Edge derivatives =  [0.11625631627261362, 0.327976827931305, 0.2978161249629039, -0.29814559352506953, -0.24253653712980655, 1.4875092630141877, 0.36381326657444196, 0.16200497225833704, 0.12047249753696743, -0.02477435415657203, -0.9735326911153039, -0.3917707998830864, 0.2966184887632404, 0.28849994365753606]
other derivatives: [ 0.44419721  0.36707206  0.27739588 -0.3265086   0.54624252  1.03500497]
Current x array =  [-0.67435237 -0.72251128 -0.63557233  0.72365838 -3.80529282 -1.84832326
 -1.78658104 -0.34174012 -1.43084962 -1.61270734 -3.2854733  -3.27164437
 -0.83925891 -1.11106027 -1.62593593 -1.60740904 -0.68926349 -1.33149163
 -1.83890261 -2.10387193]
log likelihood =  -9416.473519802003
Edge derivatives =  [0.09046803249443236, 0.2725217480008129, 0.13230869468735407, -0.257746585794694, -0.2615074773520306, 1.4646524877975644, 0.6697113161479795, 0.2833219738350473, 0.14418474143837356, -0.08832108283415452, -0.6619446694811714, -0.3887364347119451, 0.25657507973363386, 0.2640875134401709]
other derivatives: [-0.06730261 -0.24429028  1.25764927 -0.07785275  0.93805284  1.05792424]
Current x array =  [-0.67417007 -0.72216718 -0.63607502  0.72257577 -3.80758921 -1.84882818
 -1.78867661 -0.34068822 -1.42674917 -1.61532441 -3.28578184 -3.26319769
 -0.84145805 -1.11172942 -1.62653486 -1.6071885  -0.69109753 -1.33220706
 -1.83879716 -2.1035584 ]
log likelihood =  -9416.431614666128
Edge derivatives =  [0.06861373929966785, 0.1310133926463643, -0.22897247994285932, 0.04218955205857128, -0.31615511733834306, 1.376429602175931, 1.3380776907469158, 0.5452543553365314, 0.20545334772690682, -0.2716221971990336, 0.18306139694009715, -0.29834133461300083, 0.07880331766841525, 0.14481713705521249]
other derivatives: [ 0.26739144 -1.79734343  3.56758392  0.73250703  1.53140718  0.97643351]
Current x array =  [-0.67418954 -0.72117196 -0.63732645  0.71918591 -3.81048644 -1.84403449
 -1.79251943 -0.33859901 -1.41641861 -1.62864599 -3.28846596 -3.23024234
 -0.84661289 -1.11279569 -1.62846038 -1.60712053 -0.69685202 -1.33617545
 -1.83836403 -2.10239299]
log likelihood =  -9416.42350888997
Edge derivatives =  [0.14014759903865276, -0.8774849419356876, -0.8371603163563288, 0.3267269634119583, -0.39055386231719813, 1.1759737240689487, 2.2143000138719517, 0.8242262890244877, 0.37301575130251885, -0.4210732053190023, 1.3912125089371885, -0.24041768930609786, -0.1071793204051395, -0.08485098823584769]
other derivatives: [-17.01882866  -1.30312401  -1.61016942   1.6647391    1.4071702
   0.69558155]
Current x array =  [-0.66901905 -0.72195337 -0.63542015  0.71779833 -3.81005607 -1.83392698
 -1.80605535 -0.32478486 -1.39799256 -1.6456515  -3.2932055  -3.16913447
 -0.85332434 -1.11523015 -1.63173019 -1.60791201 -0.70643921 -1.34413741
 -1.83783732 -2.10031831]
log likelihood =  -9416.35723608926
Edge derivatives =  [0.1648533706892487, -0.34894212223953924, -0.6727554732701919, 0.7001383830148811, -0.398514486430057, 1.1508792854207206, 1.869436763994776, 0.6976414963760063, 0.3201261761876944, -0.47324741660503783, 1.508668909548036, -0.06474708143754782, -0.2614417016830983, -0.15141936820030222]
other derivatives: [-3.93483788 -2.21971277  2.11784936  1.78024493  1.18852768  0.49603841]
Current x array =  [-0.67282827 -0.7208794  -0.63705324  0.71588976 -3.80707121 -1.82324633
 -1.79680421 -0.33291868 -1.40077859 -1.65715461 -3.29651412 -3.15745266
 -0.85149192 -1.11298965 -1.63178278 -1.60872297 -0.7076861  -1.34673741
 -1.8376113  -2.0998858 ]
log likelihood =  -9416.324465290363
Edge derivatives =  [0.2659459510149278, -0.16092075395736194, -0.45367516111827055, 1.0244549035566832, -0.4015602968401638, 1.0978217949883555, 1.32922437205414, 0.4577197590178958, 0.3159905202263222, -0.4361323641747883, 1.3262800564951713, 0.05861512384056389, -0.32557925278459693, -0.19984629453092673]
other derivatives: [ 1.26201485 -1.3566023   1.83354132  1.64218363  0.28248905  0.23537723]
Current x array =  [-0.67435297 -0.72110275 -0.63691581  0.71616466 -3.80060562 -1.81340181
 -1.79263753 -0.33626498 -1.40325446 -1.66788425 -3.29991326 -3.14080453
 -0.84801684 -1.11056917 -1.63197333 -1.60992952 -0.70779684 -1.3499001
 -1.83764601 -2.09965203]
log likelihood =  -9416.300447426333
Edge derivatives =  [0.4132629732265894, -0.25114572307341704, -0.3305525064915202, 1.3370713218067993, -0.42223674521086196, 0.9827573916865588, 0.8113254209106672, 0.2030496495848067, 0.3531337732874541, -0.3662176639564872, 1.091010463575695, 0.15556970617003008, -0.3487837956813502, -0.24617778914508925]
other derivatives: [ 2.71011231  0.16952981  0.17571438  1.09139364 -0.79053279 -0.1031367 ]
Current x array =  [-0.67474011 -0.72187719 -0.63616828  0.71825964 -3.79342676 -1.80284105
 -1.79291661 -0.33533152 -1.40247667 -1.67970638 -3.30427233 -3.11167521
 -0.84448078 -1.10840529 -1.63255737 -1.61167954 -0.70807129 -1.35438241
 -1.8380274  -2.09939384]
log likelihood =  -9416.278576870965
Edge derivatives =  [0.46007060013423884, -0.22134270395106265, -0.35556520717670886, 1.3805519952454475, -0.45850333785948283, 0.858007889495862, 0.20987535254989997, -0.12162705001795926, 0.2952955914804983, -0.287319824773554, 0.40543163459805287, 0.10864784104671898, -0.27466356794583746, -0.22361633153309535]
other derivatives: [ 1.20271579 -1.56433089 -0.2746674   0.00709406 -1.08320819 -0.31359377]
Current x array =  [-0.67433918 -0.7210564  -0.63586668  0.72197924 -3.79168209 -1.79783076
 -1.79279461 -0.33567466 -1.40168071 -1.68333935 -3.30805897 -3.0895749
 -0.8402619  -1.10654631 -1.63211731 -1.61375773 -0.70531723 -1.35674934
 -1.83937534 -2.1000027 ]
log likelihood =  -9416.271125325486
Edge derivatives =  [0.6776527102544582, -0.3736996088450932, -0.7109024596387293, 1.48922476307927, -0.542892735289726, 0.44575346846707753, -0.1136928993492416, -0.20808946435529083, 0.4313000994595568, 0.1532754372559363, -0.1966402266802184, 0.01762873907226481, 0.1557718809756763, -0.00604405158449961]
other derivatives: [-0.01437002  8.17617547  0.21955202 -2.20406946 -0.25411282 -0.70795068]
Current x array =  [-0.67351296 -0.726884   -0.63593428  0.72928348 -3.79735325 -1.78932348
 -1.80060781 -0.32879877 -1.38852373 -1.68873802 -3.31862005 -3.01344452
 -0.8359404  -1.10559265 -1.63157099 -1.61905555 -0.70292115 -1.36379101
 -1.84300939 -2.1010973 ]
log likelihood =  -9416.23815172049
Edge derivatives =  [0.49659369930180447, -0.2380048745147802, -0.6778296590429806, 1.1732877844087142, -0.5301936024480869, 0.5450330023041462, -0.5391916092634691, -0.45879663662464015, 0.1656356388119996, 0.03925206116005708, -0.4364988187837604, -0.0366839983240137, 0.024320325594651138, -0.08512519432389998]
other derivatives: [-2.14986358  0.56770659  0.64956112 -1.69839041 -0.13897079 -0.63300831]
Current x array =  [-0.67322224 -0.72271175 -0.63606386  0.72780921 -3.79850778 -1.79002417
 -1.79303814 -0.33319229 -1.39534518 -1.67915778 -3.31784782 -3.0354195
 -0.83408775 -1.10544415 -1.62972928 -1.61891265 -0.70165847 -1.36142687
 -1.84273681 -2.10135181]
log likelihood =  -9416.22651432281
Edge derivatives =  [0.42013065516914344, -0.160682767652983, -0.741263306689216, 0.9881610414579336, -0.5266787462911732, 0.5524475702635859, -0.5158030953610041, -0.4403843856986601, 0.0824192667803555, 0.0783162871401244, -0.4101292879883949, -0.06716629875948021, 0.06501979894996118, -0.06168259138577581]
other derivatives: [-1.55050657 -1.39807526 -0.16261765 -1.27292878  0.38708095 -0.56497811]
Current x array =  [-0.67352614 -0.72162896 -0.63564004  0.72639147 -3.80213194 -1.79138068
 -1.79030591 -0.33442306 -1.3963542  -1.6726107  -3.31879231 -3.0376695
 -0.83419541 -1.10619033 -1.62862477 -1.61926893 -0.70146557 -1.36069642
 -1.84304051 -2.10165744]
log likelihood =  -9416.208220382481
Edge derivatives =  [0.26310083851476507, 0.02432504060457863, -0.8170220533164964, 0.6144405427874511, -0.5283596119060585, 0.501964409926432, -0.737251887108713, -0.48245020710669917, -0.14780343537193175, 0.1810528490348926, -0.5906372559802914, -0.13431081761554575, 0.14858209304379477, -0.000979802270736796]
other derivatives: [-0.80017344 -2.56823114  1.37588358 -0.28285285  1.10176188 -0.49276423]
Current x array =  [-0.67390414 -0.72104439 -0.63627735  0.72326437 -3.80740629 -1.7915956
 -1.78311247 -0.33773768 -1.39995051 -1.65988617 -3.32365077 -3.03063079
 -0.83289785 -1.10734171 -1.62591704 -1.62085017 -0.70042875 -1.36060532
 -1.84405034 -2.10257588]
log likelihood =  -9416.20215669843
Edge derivatives =  [0.21333547107958256, -0.14147273111357977, -1.0301845862058383, 0.24536441956005772, -0.5549786601260401, 0.19412845723057137, -0.373568562613289, -0.21414513833785925, -0.21869512148408435, 0.5520144960331925, -0.3103839405309734, -0.16101291968358122, 0.4877065985117516, 0.158919598525201]
other derivatives: [ 3.0038791  -3.23980203 -7.7932782   0.92841219  1.80862116 -0.51659299]
Current x array =  [-0.67535279 -0.72060075 -0.63201371  0.72000429 -3.81268774 -1.78979081
 -1.78086694 -0.33460585 -1.39765713 -1.6459767  -3.33700739 -2.97485274
 -0.834091   -1.11107211 -1.62337576 -1.62417709 -0.70240322 -1.3654884
 -1.84599766 -2.10372816]
log likelihood =  -9416.177626103869
Edge derivatives =  [0.14463981220436595, -0.02038559040796656, -0.9181794986223482, 0.2100819635531731, -0.5524113117245482, 0.2106892896804589, -0.7113696370857343, -0.33087888243370833, -0.35388229336314425, 0.44944818619413507, -0.49671765644610955, -0.15551413459706365, 0.35705077142289104, 0.1148834106343325]
other derivatives: [ 1.94741006 -1.75714376 -1.22236088  1.11394911  1.38734322 -0.50931703]
Current x array =  [-0.67492928 -0.72146458 -0.63505365  0.71931271 -3.80993144 -1.78830921
 -1.77654476 -0.33775535 -1.40235627 -1.64527949 -3.33821953 -2.9783048
 -0.83280195 -1.11057359 -1.62285106 -1.62412463 -0.70193809 -1.36549495
 -1.84570864 -2.10383863]
log likelihood =  -9416.164490653035
Edge derivatives =  [0.11222747315755932, -0.06853061215750944, -0.8131289252697327, 0.17101726000600087, -0.5527260498101777, 0.14978063545801165, -0.8149329269341177, -0.3244380985453653, -0.42545506785992937, 0.41571955114021963, -0.4885350970296086, -0.12745366553755588, 0.2883466088220659, 0.08978223329024904]
other derivatives: [ 0.99280442 -0.18462742  1.37915777  1.28984539  0.76215656 -0.514774  ]
Current x array =  [-0.67459168 -0.72235211 -0.63630875  0.7189814  -3.80585703 -1.78673632
 -1.77418597 -0.33829184 -1.40600677 -1.64365996 -3.3422713  -2.96717164
 -0.83271118 -1.11117687 -1.6225894  -1.6243019  -0.70276341 -1.36712481
 -1.84545094 -2.10395029]
log likelihood =  -9416.150209561018
Edge derivatives =  [0.059334965170205756, -0.1669771873306959, -0.6427905838189238, 0.047246082026295544, -0.5453053727322822, 0.0383773756744922, -0.7422833811694285, -0.19710160699198756, -0.49949519095827133, 0.4028606567105295, -0.3086903393281716, -0.07197548188276648, 0.2242083218253605, 0.06672374355472066]
other derivatives: [-0.50622475  1.18234311  2.29756552  1.43172656 -0.07330527 -0.46911737]
Current x array =  [-0.67412887 -0.7231203  -0.63680881  0.71899514 -3.80031128 -1.78563418
 -1.77034601 -0.33860428 -1.4121273  -1.63782098 -3.35012524 -2.94646589
 -0.83383804 -1.113124   -1.62221572 -1.62439287 -0.70475586 -1.36988569
 -1.84495542 -2.10418125]
log likelihood =  -9416.138900787608
Edge derivatives =  [0.033190143660145055, -0.1085211988861437, -0.3265818514987269, -0.08169103207395009, -0.5141720431550574, -0.028555678914178068, -0.42131254241416033, 0.07641683028574275, -0.47088792162111326, 0.4037943692833956, -0.01217319537493533, 0.06951120450498582, 0.17512312834859883, 0.08123457661428646]
other derivatives: [ 3.67926987  1.72240107  2.85344868  0.33523975 -0.68994268 -0.32778189]
Current x array =  [-0.67529665 -0.72323405 -0.63698341  0.7221889  -3.7952327  -1.7869605
 -1.76481559 -0.34035433 -1.42155088 -1.62813948 -3.35960436 -2.92941699
 -0.83606409 -1.11562609 -1.62244821 -1.62351876 -0.70650839 -1.3721652
 -1.84400179 -2.10451353]
log likelihood =  -9416.135608765753
Edge derivatives =  [-0.09013691841166299, -0.06241431765746719, -0.08996028119149482, -0.4276361603202247, -0.4646631247265271, -0.053884743675396085, 0.19782343420068557, 0.45345269529869375, -0.4573552373163604, 0.3473640980261039, 0.4350399826784479, 0.10416609835412338, 0.11475485451507456, 0.050533243056221866]
other derivatives: [-4.98457666  1.05374056 -0.43000909  0.06493792 -0.73978299 -0.02874003]
Current x array =  [-0.67274571 -0.72309472 -0.6355912   0.7239018  -3.79466985 -1.79207498
 -1.75806144 -0.34256245 -1.43159431 -1.61236232 -3.36886885 -2.92140637
 -0.84073666 -1.11942842 -1.62272784 -1.62161158 -0.70914164 -1.37293259
 -1.84260033 -2.10475134]
log likelihood =  -9416.129277961576
Edge derivatives =  [-0.029093075578795924, -0.029411521433020005, -0.1761407457197524, -0.2792378761485384, -0.47785785840452566, -0.012140704160244042, 0.039330329925927186, 0.3250486770435513, -0.40760776330016046, 0.36489939464681775, 0.2643910282271733, 0.09881513569126177, 0.15117611081966592, 0.072443649642841]
other derivatives: [-0.29613147  0.56206773  0.12660166 -0.13005774 -0.44256012 -0.12387318]
Current x array =  [-0.6741312  -0.72269171 -0.63575099  0.72394265 -3.79648562 -1.79116307
 -1.76098386 -0.34190491 -1.42742187 -1.61823495 -3.36463441 -2.92878115
 -0.83920884 -1.11774984 -1.62303075 -1.62189537 -0.70771366 -1.37197727
 -1.84303595 -2.104606  ]
log likelihood =  -9416.12847905392
Edge derivatives =  [-0.022028910759055942, -0.00447048760520008, -0.1742487539838275, -0.2634950010123203, -0.47592941780091397, 0.002343873419468817, 0.06148734026747857, 0.3179784659343118, -0.3747363032199986, 0.3506104234811187, 0.2401231928320966, 0.0983702223049685, 0.15034329997053064, 0.07381417803017443]
other derivatives: [ 0.28248905  0.22155291 -0.00800355 -0.24283509 -0.30395313 -0.1202352 ]
Current x array =  [-0.67430461 -0.72248692 -0.63566763  0.72417362 -3.79731292 -1.79162877
 -1.7612298  -0.34201197 -1.42722164 -1.61855924 -3.36433842 -2.93094263
 -0.83926217 -1.11747885 -1.62336435 -1.62157902 -0.70739778 -1.37162453
 -1.84294913 -2.10455151]
log likelihood =  -9416.126655115599
Edge derivatives =  [-0.015508907560397578, 0.04186420748519154, -0.13563956361699642, -0.2388458880600975, -0.46954048129166215, 0.018044438262158125, 0.1052393591677083, 0.2914105098512045, -0.2872889993578147, 0.2854270295252641, 0.16020689248295894, 0.09357271846200466, 0.12310882389338124, 0.06422077448343222]
other derivatives: [ 0.81345206 -0.47366484 -0.18062565 -0.40599843 -0.08130883 -0.10859367]
Current x array =  [-0.67447433 -0.72208717 -0.63555998  0.72450511 -3.7986537  -1.79269993
 -1.76121233 -0.34240368 -1.42791344 -1.61880388 -3.36522899 -2.93323925
 -0.83949914 -1.11681433 -1.62446123 -1.62050073 -0.70671681 -1.37108881
 -1.84252248 -2.10439137]
log likelihood =  -9416.123556849103
Edge derivatives =  [-0.003085966319502198, 0.10064995417310274, -0.029929075128390478, -0.19110479679604314, -0.4545666205811584, 0.021567818192000737, 0.1633026261268196, 0.23065567389290503, -0.10399618426630514, 0.15353506974674724, 0.0079683626558964, 0.0818184025963975, 0.06436816010434548, 0.04270389514350614]
other derivatives: [ 1.28165993 -0.72886905 -0.4467438  -0.46893547  0.18626451 -0.09567884]
Current x array =  [-0.67462754 -0.72193384 -0.63541673  0.72452537 -3.80035179 -1.79439402
 -1.76087505 -0.34293955 -1.42997645 -1.61918368 -3.36872301 -2.93327577
 -0.83988721 -1.11545533 -1.62679142 -1.61826938 -0.70562364 -1.37053321
 -1.8415683  -2.10405522]
log likelihood =  -9416.121289895895
Edge derivatives =  [-0.06340393004309614, 0.04718541309072677, 0.09624621850818842, -0.21114891598227387, -0.4482979010313737, -0.07662406945086081, 0.01367171626946044, -0.02007229999969168, 0.06714001597585634, -0.14343356136682617, -0.27329852246926634, 0.018685955651773556, -0.1105151637055275, -0.037528318742606315]
other derivatives: [ 0.27612259 -3.17304512  1.09193934 -0.09895302  0.17626007 -0.10986696]
Current x array =  [-0.67447108 -0.7206306  -0.63612588  0.72332486 -3.8005778  -1.79568439
 -1.75900298 -0.34329407 -1.43477097 -1.61896552 -3.37978431 -2.91938053
 -0.83965433 -1.11310804 -1.63019315 -1.61503062 -0.70467317 -1.37110093
 -1.84010302 -2.10362684]
log likelihood =  -9416.117941774493
Edge derivatives =  [-0.022811242478886884, 0.09572061541074028, 0.20793558788776795, -0.1460177062949714, -0.4237243305402434, -0.08259385673221488, 0.07652101926727486, -0.030387523526067883, 0.24975048217402396, -0.16370749953341696, -0.2942865753011559, 0.016994763592679485, -0.08824778740400385, -0.01994693148020288]
other derivatives: [ 0.79708116 -0.66320354 -0.2397428   0.04929461  0.33178367 -0.10077201]
Current x array =  [-0.67457585 -0.72200463 -0.63552476  0.7229239  -3.80170416 -1.79685061
 -1.75891732 -0.34327566 -1.43598221 -1.61937415 -3.38372079 -2.91658649
 -0.83978172 -1.11202339 -1.63184157 -1.61353208 -0.70422667 -1.37090846
 -1.83951486 -2.10340407]
log likelihood =  -9416.116990922208
Edge derivatives =  [-0.0267702592800646, 0.06491707299996041, 0.20793826487334505, -0.14993045151862605, -0.42146539953711865, -0.1051837541394531, 0.029220133507541227, -0.044375588895899265, 0.23144179048525004, -0.14166163070022086, -0.24587100520963845, 0.012493422247406905, -0.07626577774509624, -0.015627098877131318]
other derivatives: [ 0.33014658  0.05420588 -0.15716068  0.16698323  0.19754225 -0.10622898]
Current x array =  [-0.67442667 -0.72241907 -0.63558338  0.72268905 -3.8009352  -1.79646889
 -1.75878624 -0.34297817 -1.43599066 -1.61947428 -3.38529106 -2.91290479
 -0.83951275 -1.11201458 -1.63158018 -1.61380402 -0.70465292 -1.3713058
 -1.83963808 -2.10345094]
log likelihood =  -9416.11605577762
Edge derivatives =  [-0.036543407573023545, 0.021781262508983545, 0.20662032687587636, -0.14544723508300694, -0.4163481308673875, -0.13686157353426304, -0.054938770457659665, -0.09224088792142074, 0.21289157142095327, -0.13021578499642195, -0.18495226736872894, 0.0012719700214325336, -0.06965412802830867, -0.015492317249996446]
other derivatives: [-0.29322109  0.50022209  0.02946763  0.26084308  0.03637979 -0.11223165]
Current x array =  [-0.67424025 -0.72268844 -0.63568974  0.72253481 -3.80000304 -1.79617276
 -1.75866461 -0.34257993 -1.43597951 -1.62013097 -3.38838925 -2.90774439
 -0.83904195 -1.11171951 -1.63137929 -1.61399745 -0.70520188 -1.37176677
 -1.83976457 -2.10348016]
log likelihood =  -9416.114823604916
Edge derivatives =  [-0.045428095382172684, -0.017111521966049148, 0.19840409910019535, -0.11867533153788967, -0.40515971463312217, -0.16171065513656646, -0.14197255024503558, -0.15386280366187147, 0.1997667754184081, -0.11628951517429398, -0.09067856696192367, -0.010326057360094176, -0.05712608511718248, -0.013450585287118288]
other derivatives: [-0.7214112   0.7545168   0.19117579  0.25447662 -0.07767085 -0.11095835]
Current x array =  [-0.67410737 -0.72284314 -0.63577735  0.72263107 -3.79932099 -1.7962536
 -1.75881175 -0.34210125 -1.43550148 -1.62163922 -3.39262145 -2.90308687
 -0.83849561 -1.11117275 -1.63116232 -1.61413246 -0.70583852 -1.37206182
 -1.83993416 -2.10347998]
log likelihood =  -9416.111833147286
Edge derivatives =  [-0.07077715604100676, -0.07630226056376915, 0.19722194402444873, -0.049572135100419135, -0.3646826443396525, -0.1998905271907065, -0.2244545643564617, -0.2350665840658221, 0.18022937203699302, -0.07975079579347316, 0.20120983386813318, -0.01767097887162028, -0.023426856501021998, -0.003822885613006699]
other derivatives: [-0.88366505  0.94587449  0.2397428   0.05784386 -0.23737812 -0.06020855]
Current x array =  [-0.67404178 -0.7229365  -0.63581318  0.72327368 -3.79821323 -1.79771018
 -1.75892207 -0.34123324 -1.43466102 -1.62467498 -3.40474142 -2.89363681
 -0.83790297 -1.11017896 -1.63058227 -1.61413804 -0.70745573 -1.372472
 -1.84020605 -2.1034461 ]
log likelihood =  -9416.117064992866
Edge derivatives =  [-0.05211147082267259, -0.13298084284902245, -0.181534103738345, 0.34904907246191647, -0.2919474691922779, -0.11864780011847115, -0.6300603457749046, -0.5652410619626007, 0.04184597902357495, 0.03500533647747406, -0.03918268498373734, -0.14683399651130025, 0.11150135542563755, 0.016420002106306453]
other derivatives: [-4.64006007  2.00652721  3.06645234 -0.0689397   0.24538167 -0.09531504]
Current x array =  [-0.67280311 -0.72368532 -0.63718395  0.72354472 -3.80202164 -1.80073848
 -1.76756475 -0.33820539 -1.41968715 -1.64519978 -3.42131309 -2.90309173
 -0.8346257  -1.10606518 -1.6278921  -1.61556133 -0.70546217 -1.36980057
 -1.84211622 -2.10300174]
log likelihood =  -9416.11007159636
Edge derivatives =  [-0.06479985119855836, -0.09529517260660902, 0.07326953628693307, 0.08568975562386322, -0.3400224571852231, -0.1724507432702507, -0.360118525200898, -0.3451047799285618, 0.13421878434464207, -0.04118569760348034, 0.12090203707536995, -0.06058949541242942, 0.02174672406666872, 0.0029413573453948016]
other derivatives: [-2.13567546  1.30203262  1.1837983   0.01491571 -0.07512426 -0.07221388]
Current x array =  [-0.67362799 -0.72318665 -0.6362711   0.72336422 -3.79948547 -1.79872182
 -1.76180925 -0.34022176 -1.42965884 -1.63153151 -3.41027736 -2.89679533
 -0.83680816 -1.10880471 -1.62968359 -1.61461351 -0.70678976 -1.37157958
 -1.84084416 -2.10329766]
log likelihood =  -9416.106515849797
Edge derivatives =  [-0.07680912593746098, -0.136731418649102, 0.05632356389162009, 0.22223057254846101, -0.28502887672782384, -0.19248205204411864, -0.38836966863704153, -0.41471747500902173, 0.12257375007865484, 9.557120910674843e-05, 0.2814484464408733, -0.06315482162417752, 0.06607541878877216, 0.012082904067571731]
other derivatives: [-0.49203663  0.68994268  0.19008439 -0.01837179 -0.1722583  -0.02601155]
Current x array =  [-0.67416047 -0.72274828 -0.63581169  0.72335086 -3.798816   -1.80101202
 -1.76291726 -0.33926082 -1.42740607 -1.63698357 -3.42599714 -2.88903243
 -0.83634644 -1.10756934 -1.62893713 -1.6143444  -0.70745547 -1.37158787
 -1.84105304 -2.10310677]
log likelihood =  -9416.104206437973
Edge derivatives =  [-0.08443642439863502, -0.10514668186260856, 0.05510155149762121, 0.29557974296703104, -0.2463006380495145, -0.16313747237134088, -0.23862976388258453, -0.3595192380223688, 0.12474287950694135, 0.0007645036673969985, 0.3216460436371593, -0.051075461310343684, 0.0720151702597332, 0.006879786296663859]
other derivatives: [-0.33414835 -0.309592   -0.71559043 -0.21445885 -0.04401954  0.04038156]
Current x array =  [-0.67422619 -0.72214901 -0.63539782  0.72382695 -3.79946717 -1.80351345
 -1.76359979 -0.33931398 -1.42628748 -1.63927183 -3.43451286 -2.89011774
 -0.83713929 -1.10751306 -1.62858264 -1.61374811 -0.7073155  -1.37103028
 -1.84089624 -2.10292218]
log likelihood =  -9416.10282796107
Edge derivatives =  [-0.09070453685960533, -0.023138006664638777, 0.05652504314523284, 0.3804485862804909, -0.19871523230382288, -0.10383684731443217, 0.0505109479992856, -0.19363992807691316, 0.11913170821191882, -0.013096515211813986, 0.31658642381932034, 0.0004649196183013071, 0.05321202391086005, 0.006428071993713758]
other derivatives: [ 2.58041837 -0.62063918  0.44310582 -0.52841642  0.20372681  0.1378794 ]
Current x array =  [-0.67504656 -0.72183824 -0.63589672  0.7242448  -3.80062715 -1.80696139
 -1.7644823  -0.33973017 -1.42503766 -1.6411124  -3.44458507 -2.89403257
 -0.83876523 -1.10813287 -1.62804022 -1.6128494  -0.7065977  -1.37017507
 -1.84050453 -2.10266846]
log likelihood =  -9416.101506883464
Edge derivatives =  [-0.0946573652892217, -0.0034198423466509364, 0.06466410838441959, 0.35388339221946513, -0.19526110110714873, -0.08990064519520319, 0.13995695419057322, -0.13001907827661258, 0.11162599667608691, -0.0173038060224438, 0.28256844133274384, 0.0017576746439601498, 0.044818344988647674, -0.0020846809325210103]
other derivatives: [ 0.97352313 -0.8074494  -0.26120688 -0.50713425  0.23537723  0.15934347]
Current x array =  [-0.67457649 -0.72177758 -0.63559908  0.72432471 -3.80086038 -1.80739258
 -1.76428102 -0.34008436 -1.42545233 -1.63985509 -3.44411598 -2.89622936
 -0.83939116 -1.10876411 -1.62795318 -1.61271822 -0.70640708 -1.37003179
 -1.84034596 -2.10266577]
log likelihood =  -9416.100447518369
Edge derivatives =  [-0.10174005050532448, 0.015499858114855547, 0.07426497124204996, 0.3248027415450732, -0.18622004809478754, -0.0799729760133826, 0.2470539926796614, -0.04038683547008748, 0.09086286865198134, -0.018147440606433196, 0.23826503554801226, 0.01066150462921589, 0.03234447174103727, -0.009053005346979504]
other derivatives: [-0.068394   -0.54169504 -0.46529749 -0.4116373   0.2230081   0.18735591]
Current x array =  [-0.67426376 -0.72194684 -0.6355324   0.72413484 -3.80081437 -1.80800245
 -1.76406605 -0.34042537 -1.42588612 -1.63839948 -3.44558426 -2.89721829
 -0.8401303  -1.10962165 -1.62766432 -1.61256622 -0.70615307 -1.36999396
 -1.84013398 -2.10265721]
log likelihood =  -9416.099192969048
Edge derivatives =  [-0.11775064024388615, 0.031880806376989645, 0.07928919217381199, 0.29430283997575307, -0.1627052447596104, -0.07329162157249318, 0.3871818929879345, 0.08589238841829994, 0.04276094520538981, -0.01725100448438066, 0.16269002376881025, 0.025716225802543513, 0.011740570990037835, -0.019109760475942816]
other derivatives: [-0.78252924 -0.03001333 -0.3601599  -0.18499122  0.14388206  0.23301254]
Current x array =  [-0.67405438 -0.72223206 -0.63561598  0.72353299 -3.80038405 -1.80924585
 -1.76397774 -0.34075293 -1.42613706 -1.63690609 -3.45159795 -2.89654231
 -0.84107806 -1.11082136 -1.62696938 -1.61229086 -0.70571521 -1.37001938
 -1.83980638 -2.10261268]
log likelihood =  -9416.098112328433
Edge derivatives =  [-0.13466256934619436, 0.029702161273049144, 0.060789399338630534, 0.2636323688083828, -0.13834160083326433, -0.07505129158299215, 0.42166223603753095, 0.14487057792239577, -0.016727548308975382, -0.02182748565099668, 0.05255627303927768, 0.0296282050728488, -0.012138020591582754, -0.030921974528703933]
other derivatives: [-0.84910425  0.0862201  -0.03656169  0.08822099  0.01964509  0.25502231]
Current x array =  [-0.6740662  -0.72228688 -0.63578113  0.72275823 -3.79975588 -1.81022623
 -1.76427308 -0.34084936 -1.42587128 -1.63605664 -3.45927813 -2.89468993
 -0.84131266 -1.11159624 -1.62620099 -1.61205753 -0.7051325  -1.37004765
 -1.83953895 -2.10256935]
log likelihood =  -9416.096868817174
Edge derivatives =  [-0.10344069170975656, 0.07686835322175295, 0.024512637454518094, 0.22826725409999366, -0.09126825897158623, -0.048421116527572014, 0.34912647332246227, 0.18923195610931842, -0.0628166021034336, 0.03651931198318614, -0.1557844766941633, 0.037239383409786275, 0.003963124966316511, -0.020439594463575128]
other derivatives: [ 0.04074536  1.30348781 -0.7890776   0.32341632 -0.06421033  0.2408342 ]
Current x array =  [-0.67435451 -0.72294185 -0.63541782  0.72217944 -3.79956382 -1.8109847
 -1.7659464  -0.34091925 -1.42419137 -1.63483325 -3.47061637 -2.89539253
 -0.84036155 -1.11235    -1.62499591 -1.61188185 -0.70367975 -1.36963884
 -1.83927534 -2.10258573]
log likelihood =  -9416.095395758291
Edge derivatives =  [-0.11757427394399006, 0.05911098888438532, -0.02664794369222674, 0.1339569329874999, -0.07125503561642701, -0.05538658520634415, 0.18163601386212797, 0.1353603614072748, -0.13644577668425906, 0.008110674222065684, -0.2706235460990122, 0.024285724044890378, -0.04304895262117786, -0.03963392453876302]
other derivatives: [ 0.01109584  0.36834535  0.04311005  0.40072337 -0.19917934  0.22046152]
Current x array =  [-0.67440848 -0.72244562 -0.63577179  0.72200889 -3.79892158 -1.81100273
 -1.7666181  -0.34092778 -1.42394961 -1.63267189 -3.47890352 -2.89334638
 -0.83928322 -1.1127595  -1.62433733 -1.61168979 -0.70316443 -1.36963255
 -1.83902013 -2.10266141]
log likelihood =  -9416.094430049812
Edge derivatives =  [-0.10016861831105212, 0.061693149583418094, -0.05640079778590916, 0.068600743154212, -0.05996682632265565, -0.04882723616421389, -0.009745050761928477, 0.04891738451194244, -0.14631020057966665, 0.006746089583109627, -0.27835290562013226, 0.014308288648715584, -0.05344389743119227, -0.039246889245536876]
other derivatives: [ 0.22882887 -0.14733814  0.1895387   0.21573214 -0.19645086  0.17935236]
Current x array =  [-0.67449414 -0.72218231 -0.63579577  0.72260526 -3.7990249  -1.8102625
 -1.76743394 -0.3408508  -1.42363767 -1.63101601 -3.48242706 -2.89360403
 -0.83788897 -1.11260715 -1.62424458 -1.61164613 -0.70307894 -1.36946151
 -1.83898331 -2.10280084]
log likelihood =  -9416.093728442058
Edge derivatives =  [-0.06838569434881325, 0.0695199058233843, -0.06786861530931346, 0.01257765513737058, -0.04443665092790449, -0.03270789316015063, -0.15217427000505168, -0.014238607647749646, -0.12595383731940224, 0.017285785195935932, -0.18511201037352265, 0.009700059415929774, -0.047039274125966146, -0.02860003735320682]
other derivatives: [ 0.18608262 -0.23210305  0.14551915 -0.04220055 -0.11641532  0.14260877]
Current x array =  [-0.67446832 -0.72215556 -0.63574837  0.72340935 -3.79952911 -1.80935456
 -1.7683884  -0.3406922  -1.42343708 -1.62925511 -3.48570811 -2.89460633
 -0.83678937 -1.1124893  -1.62439776 -1.61156411 -0.70346631 -1.36921075
 -1.83903135 -2.10299846]
log likelihood =  -9416.093134150855
Edge derivatives =  [-0.031485412648971034, 0.04053285032437365, -0.04867387636701462, -0.04354393271693846, -0.02810759366089699, -0.01906153646432851, -0.14826615345151892, -0.015561516598989411, -0.07567691675645305, 0.0184346611624282, 0.0016299442480838255, 0.0066206326825019035, -0.02978711514322857, -0.010838091256764715]
other derivatives: [ 0.16298145 -0.24410838 -0.12369128 -0.01891749 -0.02164597  0.10768417]
Current x array =  [-0.67445202 -0.72212563 -0.63565097  0.72330421 -3.80006224 -1.80788223
 -1.76922616 -0.34024839 -1.42396888 -1.6270128  -3.48892281 -2.89494334
 -0.83686296 -1.11274525 -1.62500709 -1.61135566 -0.70446587 -1.36905864
 -1.83920534 -2.10329211]
log likelihood =  -9416.094232371383
Edge derivatives =  [0.028237734553871296, 0.0007651724888348976, -0.03845979228160641, -0.01258736685718459, 0.0063916320836095025, 0.011523038714286227, -0.1103315005661438, -0.038766735214883996, 0.016145205872240387, -0.004403366721326685, 0.14778937855104535, -0.018521337766727708, 0.0008953916046794963, 0.0187075953861211]
other derivatives: [ 0.0163709   1.12577254  1.89065759 -0.18517312  0.22446329  0.06002665]
Current x array =  [-0.67428441 -0.72286707 -0.63663429  0.72355918 -3.80148152 -1.80642645
 -1.77158707 -0.33918158 -1.42297895 -1.62797941 -3.49706978 -2.89665599
 -0.83726502 -1.11218803 -1.62605342 -1.61080961 -0.70509117 -1.36833419
 -1.83969382 -2.10356182]
log likelihood =  -9416.093006422303
Edge derivatives =  [-0.01688781275729706, 0.030865230189247472, -0.04615168171348977, -0.03597611906836523, -0.019639677344102616, -0.011582853940311916, -0.1389866259274703, -0.021193384453346287, -0.053258981774612024, 0.01290599353710653, 0.03731034414327605, 0.0005338243988664004, -0.02228936833776546, -0.0036230302695252625]
other derivatives: [ 0.12732926  0.09022187  0.36816346 -0.05966285  0.03856258  0.09604264]
Current x array =  [-0.67441115 -0.72230643 -0.63589075  0.72336638 -3.80040834 -1.80752723
 -1.76980188 -0.33998825 -1.42372748 -1.62724851 -3.49090949 -2.89536098
 -0.836961   -1.11260937 -1.62526224 -1.6112225  -0.70461835 -1.36888198
 -1.83932446 -2.10335788]
log likelihood =  -9416.092864358969
Edge derivatives =  [-0.0010032690675609857, 0.01143014236440082, -0.027477793869151404, -0.044409957968858715, -0.012245767388949155, -0.005600704248733573, -0.06455076690367981, 0.008033330590300813, -0.0241289503733485, 0.009295853636165363, 0.10300146252251063, -0.001109045921556251, -0.010922962447458107, 0.004089104097188545]
other derivatives: [0.05038601 0.08694769 0.1022272  0.02110028 0.08039933 0.0865839 ]
Current x array =  [-0.67438556 -0.72228173 -0.63579787  0.72309526 -3.80062042 -1.80694393
 -1.77011373 -0.3397469  -1.42405017 -1.62662311 -3.49230012 -2.89556519
 -0.83753675 -1.11281964 -1.62561958 -1.61106957 -0.70498701 -1.36880921
 -1.83943078 -2.10346761]
log likelihood =  -9416.092788801958
Edge derivatives =  [0.007912643765153382, -0.005540233893761792, -0.0225338150808526, -0.03287581598910086, -0.007428173416936121, -0.006293600162753432, -0.0414152705914722, 0.0037052411044116718, -0.011187087086856395, 0.0028350577392386445, 0.07288191563420976, -0.011758681443615915, -0.004056350214877491, 0.0049075983366639875]
other derivatives: [-0.26811904  0.06075425 -0.03547029  0.04984031  0.0691216   0.07275958]
Current x array =  [-0.67429326 -0.7222678  -0.63575292  0.72303292 -3.80056692 -1.80659624
 -1.77044135 -0.33953174 -1.42392909 -1.62704928 -3.49379998 -2.89538588
 -0.83776274 -1.11270911 -1.62579171 -1.6109774  -0.70486708 -1.36874323
 -1.83952969 -2.10348791]
log likelihood =  -9416.092715086197
Edge derivatives =  [0.02152836854125778, -0.02705722836883756, -0.008490684780984553, -0.008737759565203007, -0.004146905209937629, -0.00750064964957145, 0.008858796643572295, 0.003712242828573298, 0.013672468430914186, -0.006299452501823066, 0.04426490603355604, -0.019896019729429892, 0.006553011698333999, 0.008307295283777716]
other derivatives: [-0.07748895  0.00363798 -0.11059456  0.04911271  0.05911716  0.05420588]
Current x array =  [-0.67434789 -0.72221434 -0.63573469  0.72299957 -3.80045805 -1.80602812
 -1.77074337 -0.33924962 -1.42390978 -1.62773574 -3.49490323 -2.89514186
 -0.83819559 -1.11252284 -1.62611563 -1.61086813 -0.70475111 -1.36869577
 -1.83968308 -2.10350868]
log likelihood =  -9416.092681733948
Edge derivatives =  [0.02592427245101875, -0.033947793928782666, -0.0051118716305842415, -0.0015869411337290917, -0.003850404246811018, -0.01069956170947478, 0.006525380002933699, -0.006866485030321334, 0.01585404854401551, -0.012069301696484791, 0.0005465104673862964, -0.022659531176684955, 0.005186433921567202, 0.005533649740759761]
other derivatives: [-0.09586074 -0.02855813 -0.05911716  0.02528395  0.01982698  0.04092726]
Current x array =  [-0.67434334 -0.72219685 -0.63576076  0.72308501 -3.8002042  -1.80566718
 -1.77079225 -0.33920362 -1.42391573 -1.62801947 -3.4953623  -2.89482498
 -0.83823908 -1.11240927 -1.62618415 -1.61085868 -0.7045657  -1.36874566
 -1.83972307 -2.10349446]
log likelihood =  -9416.092653526346
Edge derivatives =  [0.032129613131706924, -0.030077161236687244, 0.004204631871634071, -0.004701959046802984, -0.004775961512092072, -0.011834263361371694, 0.0054965650365347285, -0.007633368202774549, 0.017035669476654858, -0.012639562053461728, -0.0009929263240653352, -0.011825468390622262, 0.0005386759768908345, 0.002723948426244016]
other derivatives: [ 0.16279955 -0.02910383  0.02182787 -0.0170985  -0.01145963  0.02746674]
Current x array =  [-0.67441542 -0.72218623 -0.63579572  0.72319899 -3.79994565 -1.80505378
 -1.77059585 -0.3393238  -1.42419724 -1.62777719 -3.49513006 -2.89457803
 -0.83828446 -1.11242888 -1.62624213 -1.61091626 -0.70460324 -1.36891787
 -1.83973514 -2.10349214]
log likelihood =  -9416.092641981717
Edge derivatives =  [0.032662746588864755, -0.025941968610626587, 0.0061261405666838825, -0.007791598859637483, -0.005733927151347157, -0.012600189343877355, -0.0009831944998414735, -0.008991257048966306, 0.013611390365006137, -0.012369578491289002, -0.003812232412766514, -0.007221765607070552, -0.003056413950905501, 2.4786279230637476e-05]
other derivatives: [ 0.07912604 -0.02182787  0.04311005 -0.02910383 -0.02528395  0.02346496]
Current x array =  [-0.67438888 -0.72219388 -0.63580597  0.72324822 -3.7998456  -1.80482673
 -1.77045642 -0.33942239 -1.42430838 -1.62766041 -3.4948598  -2.89451382
 -0.83826511 -1.11244925 -1.62622628 -1.61096272 -0.70461697 -1.3690053
 -1.83972776 -2.10348404]
      fun: 9416.092641981717
 hess_inv: <20x20 LbfgsInvHessProduct with dtype=float64>
      jac: array([-7.91260391e-02,  2.18278728e-02, -4.31100489e-02,  2.91038305e-02,
        2.52839527e-02, -2.34649633e-02, -3.26627466e-02,  2.59419686e-02,
       -6.12614057e-03,  7.79159886e-03,  5.73392715e-03,  1.26001893e-02,
        9.83194500e-04,  8.99125705e-03, -1.36113904e-02,  1.23695785e-02,
        3.81223241e-03,  7.22176561e-03,  3.05641395e-03, -2.47862792e-05])
  message: b'CONVERGENCE: REL_REDUCTION_OF_F_<=_FACTR*EPSMCH'
     nfev: 92
      nit: 86
   status: 0
  success: True
        x: array([-0.67438888, -0.72219388, -0.63580597,  0.72324822, -3.7998456 ,
       -1.80482673, -1.77045642, -0.33942239, -1.42430838, -1.62766041,
       -3.4948598 , -2.89451382, -0.83826511, -1.11244925, -1.62622628,
       -1.61096272, -0.70461697, -1.3690053 , -1.83972776, -2.10348404])
