number of sites to be analyzed:  786
log likelihood =  -27069.327312986956
Edge derivatives =  [194.13287752316296, 234.90619980634338, 70.03248141581292, 93.74999675090837, 2.8398684358336, -8.722668369649202, 352.91991346440744, 544.0921278046326, 72.51753398880726, 152.23085810677182, 62.03904314063164, 557.1525786062371, 11.592628007146931, 49.997744236766415, 228.4972936853265, 227.52028619646214]
other derivatives: [  -42.55853128   295.12411857  -299.41147659    47.91836545
 -1408.0607798    398.23353291]
Current x array =  [-0.69319707 -0.69115336 -0.66403991  0.74193734 -0.10536052 -0.51082562
 -2.30258509 -2.30258509 -2.30258509 -2.30258509 -2.30258509 -2.30258509
 -2.30258509 -2.30258509 -2.30258509 -2.30258509 -2.30258509 -2.30258509
 -2.30258509 -2.30258509 -2.30258509 -2.30258509]
log likelihood =  -25647.779671449607
Edge derivatives =  [140.22556793481772, 245.5200572666401, 66.24468981574273, 83.59514528220615, -0.2855143995072915, -14.35132367888003, 319.90663922074566, 528.6665934439741, 68.84727909447724, 159.34921424085374, 46.888823443184506, 545.805234397657, 20.49314217627677, 53.59315862716403, 217.2265330169089, 220.8745068716347]
other derivatives: [ 351.71360651  269.6604497    22.16984285 -141.58322301 -670.92514655
  316.18692447]
Current x array =  [-0.71755407 -0.69078642 -0.83539837  0.76936187 -0.91121846 -0.50652705
 -2.19147943 -2.16814414 -2.26250427 -2.24893032 -2.30095979 -2.30757723
 -2.10060282 -1.9911916  -2.26108203 -2.2154607  -2.26707906 -1.98371688
 -2.29595043 -2.2739705  -2.17181207 -2.17237123]
log likelihood =  -29644.569594915116
Edge derivatives =  [119.69443972208138, 216.16906722569908, 71.99937901451587, 36.278250223509936, -13.83730897509387, -36.11881542898922, 170.37770957926932, 268.52848555812693, 61.11039691981856, 139.1912862093937, -8.327200049735714, 318.9626416772815, 36.89458665370415, 56.65631930943864, 158.9683720510396, 137.54776762407522]
other derivatives: [-59928.75048833   -689.24236984    206.9715265    -528.34548114
    912.75614977    180.0031896 ]
Current x array =  [-0.05       -0.50388936 -0.86761079  0.49071748 -2.65648265 -0.34235146
 -1.85273627 -1.60232209 -2.10810948 -2.05270073 -2.30080894 -2.33934984
 -1.35117972 -0.76288812 -2.10069066 -1.84828642 -2.15455673 -0.71678302
 -2.25080459 -2.15079267 -1.66582658 -1.65913936]
log likelihood =  -24757.871394633145
Edge derivatives =  [97.94907464026355, 238.650117710045, 62.84691843690918, 62.42708280233615, -13.074917544459527, -27.466031028417433, 252.2929407057409, 442.3439287519783, 56.468874879931604, 144.3862838219803, 17.034276265288735, 473.9214770501225, 18.38670789991353, 47.834862091771264, 185.20475561341772, 182.64631632302502]
other derivatives: [-2348.3455152    102.18573152   105.81388779  -233.47347451
   -57.94536264   202.16575649]
Current x array =  [-0.44966916 -0.6157859  -0.84832499  0.65754377 -1.61158112 -0.4406445
 -2.0555441  -1.9410836  -2.20054669 -2.17018472 -2.30089925 -2.32032736
 -1.79986442 -1.49828176 -2.19671806 -2.06811616 -2.22192461 -1.47530493
 -2.27783371 -2.22454008 -1.96876353 -1.96641477]
log likelihood =  -24125.926828340787
Edge derivatives =  [61.04534111374228, 221.27155097947283, 52.45850321556562, 35.77309704307727, -24.46614133832726, -37.65122782955476, 165.06562866691695, 292.3142314850316, 40.97024225028511, 121.47603369545725, -9.404071516405162, 312.7685106869157, 16.7943803581396, 38.56492135039961, 134.8349999736303, 135.5960570874727]
other derivatives: [ 262.84797059 -419.01294026  421.84583435 -261.3182005   765.45475167
   52.02891771]
Current x array =  [-0.66047294 -0.54629528 -0.90037111  0.52316286 -2.53301014 -0.36458092
 -1.87631289 -1.64557913 -2.11914369 -2.06906325 -2.30274147 -2.33867533
 -1.41208318 -0.8641986  -2.11386687 -1.87837783 -2.16581113 -0.81876087
 -2.25582396 -2.16121805 -1.70611446 -1.70184695]
log likelihood =  -23836.267578851403
Edge derivatives =  [68.4873015058971, 220.74441329293444, 57.447362527137656, 33.05839622054447, -24.433652484852637, -36.54051186139637, 144.53902997664125, 244.76146750677623, 43.38066339106586, 113.1697468563498, -15.211578744297903, 259.7369482564516, 18.59518960319747, 42.55226926641293, 121.01230748316182, 121.41684485506461]
other derivatives: [ -73.61304597 -258.22628231  250.0230039  -112.17562133  634.86295403
   -1.90339051]
Current x array =  [-0.62928753 -0.59250951 -0.7906017   0.42809702 -2.44998862 -0.31704973
 -1.84133214 -1.55280751 -2.09599895 -2.04670978 -2.30819962 -2.34970005
 -1.32022822 -0.70504998 -2.09274291 -1.82280638 -2.16025823 -0.65135241
 -2.24793258 -2.14291553 -1.63809465 -1.63288402]
log likelihood =  -23422.472420605278
Edge derivatives =  [64.77242879784713, 193.03371471465152, 51.651410213343134, 3.831212417259185, -34.599137469161406, -42.03880577747443, 31.301473228707472, -40.97945944310824, 31.696846798376004, 56.57763842624767, -42.174478531136494, -80.12881855481199, 12.388957801692206, 38.14560229367043, 34.759562949067046, 31.8534830154932]
other derivatives: [-707.40934461  -66.84567779 -828.80142145  291.73097573  -50.51042535
 -230.41320674]
Current x array =  [-0.60698907 -0.69843493 -0.48186442  0.20820902 -2.09361053 -0.20268763
 -1.66835358 -1.11524335 -1.97986654 -1.95056496 -2.33756833 -2.40353528
 -0.93371612 -0.05578848 -1.99209873 -1.57672935 -2.14929758  0.02706054
 -2.20892089 -2.05221995 -1.34654881 -1.33754546]
log likelihood =  -23313.534185210796
Edge derivatives =  [41.96351724541207, 165.0904808200361, 40.468861800178615, -2.139184007909907, -37.2458546198471, -42.73408837778443, 19.85634270002718, -57.95190054149937, 19.6923733809484, 52.43975746307772, -40.84445587026483, -97.94282044892356, 9.800888720445027, 30.116170742373434, 26.579060713787108, 25.649258898941785]
other derivatives: [-242.51348805  199.86728148  370.81881601  172.29685909  -38.68808562
 -183.72084014]
Current x array =  [-0.64490662 -0.80224268 -0.74541306  0.27995003 -2.07792469 -0.28557855
 -1.63326527 -1.01721756 -1.9549028  -1.94308595 -2.35263525 -2.42293666
 -0.89487384 -0.02615493 -1.97506032 -1.53992538 -2.16306254  0.04368735
 -2.20297074 -2.03395841 -1.3139016  -1.30571591]
log likelihood =  -23265.12197475291
Edge derivatives =  [43.13221487565345, 167.67248083315815, 42.64695914793913, 0.1416001144488917, -34.421560612434185, -40.5520784983371, 26.63255579198532, -39.23597654066266, 23.677560430216108, 54.84927659114543, -37.74046062313012, -68.89514026628363, 12.00579238298384, 33.2263025362002, 31.787448789187614, 31.190927242336727]
other derivatives: [ -97.20242815  124.20787243  215.69976525  144.54635675  -16.98354026
 -161.89369489]
Current x array =  [-0.66730026 -0.76987405 -0.68885592  0.31890092 -2.07596367 -0.32321792
 -1.62795374 -0.99104997 -1.94863571 -1.94537088 -2.35973635 -2.43076129
 -0.89829872 -0.04996713 -1.972778   -1.53363404 -2.1718681   0.01140639
 -2.20159495 -2.02939186 -1.31387249 -1.30591887]
log likelihood =  -23168.498399926953
Edge derivatives =  [28.09413177485166, 147.19077200866752, 40.26903525227102, -2.9392685366244615, -27.525921235274993, -35.01014942092545, 14.608851735836327, -53.526271801167404, 27.26229001016351, 43.85673940109905, -31.35335280332193, -61.757614654898816, 15.45076148461919, 36.36848219563008, 21.991516091358672, 22.00142839694324]
other derivatives: [ 184.77330741 -113.39216144 -275.7900802    53.19234333  -39.91808626
  -98.60304999]
Current x array =  [-0.72735935 -0.70203365 -0.54134899  0.46051356 -2.07876346 -0.50007158
 -1.54554008 -0.725801   -1.88046999 -1.92815826 -2.40344631 -2.48560927
 -0.79991648  0.01625468 -1.92830163 -1.4303457  -2.21176865  0.04697232
 -2.18212499 -1.97666976 -1.2277295  -1.22012852]
log likelihood =  -23116.79037392127
Edge derivatives =  [12.771112813718174, 119.74790396483886, 35.62834804632652, -4.886428477125818, -23.88519864582329, -31.905447241216546, 8.513377994716834, -45.60726999936913, 25.34785959263719, 35.64754410473098, -26.606949034343504, -39.08864803160957, 15.880700682401029, 34.553308790447225, 16.51557989028283, 17.23449019559375]
other derivatives: [ 286.91465559 -109.75054465 -139.61325749  -36.66245902   -8.34770617
  -50.24739949]
Current x array =  [-0.74364794 -0.71443488 -0.55180759  0.55634417 -2.10688022 -0.63938192
 -1.49142286 -0.53098509 -1.83007478 -1.92057098 -2.43763525 -2.52843175
 -0.7427922   0.0283066  -1.89559258 -1.35977581 -2.24496534  0.03733397
 -2.16688573 -1.93619902 -1.17457782 -1.16740369]
log likelihood =  -23057.375850314034
Edge derivatives =  [-14.175397534148642, 46.21575195335548, 25.213202940714737, -10.003766103346305, -18.37725684387468, -27.143591640348323, -14.112036997657476, -45.95519849901167, 18.433225888431895, 8.173890158335505, -20.595914798102477, -25.393877377259162, 13.009451482427005, 26.26761916123035, -3.7822336649834223, -3.0987764825120245]
other derivatives: [245.39622245 -19.52976163  10.53376764 -93.40219549 -30.4360583
   3.84970917]
Current x array =  [-0.73879717 -0.76814889 -0.55757721  0.63052363 -2.15241968 -0.87823845
 -1.38797028 -0.10385757 -1.71377581 -1.90544963 -2.51245197 -2.62569577
 -0.61655519  0.06742531 -1.81629337 -1.203467   -2.31652846  0.05501736
 -2.12692179 -1.83773918 -1.05611548 -1.04874234]
log likelihood =  -23033.365577584773
Edge derivatives =  [-23.914801868795752, 3.0079952836677553, 20.39962620540383, -10.308706149794553, -15.529084243979284, -24.03993796406391, -13.708891844104993, -12.981841245797265, 12.620952075659261, -5.896794532763683, -16.436867609706407, 4.072934209073545, 7.858223590176888, 15.270853926734148, -6.448099128901817, -6.919018720973683]
other derivatives: [ 85.1949153  -71.56631909  83.55273167 -36.34631867   4.37139533
  21.11773938]
Current x array =  [-7.14231507e-01 -7.62653841e-01 -5.66864812e-01  5.47186372e-01
 -2.20969580e+00 -9.70391124e-01 -1.37668887e+00  1.05824543e-01
 -1.63344014e+00 -1.91741536e+00 -2.56816718e+00 -2.70319908e+00
 -6.03255206e-01  2.53186821e-03 -1.76076826e+00 -1.14245621e+00
 -2.37659530e+00  1.43058312e-02 -2.09344851e+00 -1.76341390e+00
 -1.02646498e+00 -1.01889627e+00]
log likelihood =  -23027.478141259948
Edge derivatives =  [-21.444808817712893, -7.633749612116541, 21.476599588884437, -8.243456911589146, -12.603574467241216, -21.377454321608308, -5.368078832737274, 10.676755694602965, 12.464671754580946, -8.181400470893434, -13.511652565131081, 19.51107129194402, 5.451715845985119, 10.749240051100324, -3.6687171171900137, -3.8773206365405612]
other derivatives: [ 16.66558092  67.55399227 -42.48431651  15.35336196   9.62718332
  21.41714504]
Current x array =  [-7.02801931e-01 -8.10293002e-01 -5.44689031e-01  4.90274329e-01
 -2.23802106e+00 -9.86926909e-01 -1.39487187e+00  1.91838857e-01
 -1.58108818e+00 -1.93226722e+00 -2.60511491e+00 -2.75711012e+00
 -6.13583921e-01 -3.99341817e-02 -1.72578977e+00 -1.12486394e+00
 -2.41697860e+00 -1.45931141e-03 -2.07207715e+00 -1.71818921e+00
 -1.02238938e+00 -1.01530179e+00]
log likelihood =  -23025.117282928626
Edge derivatives =  [-20.511972955907662, -6.665640243692389, 21.00630568161359, -8.42107104631702, -13.289534591188024, -21.415845034957783, -4.798232292447112, 8.814701724045234, 10.711992328488014, -7.771522315052618, -13.840641517315971, 13.599274566036618, 4.097028031358833, 8.407000539376565, -3.0364671169180086, -3.519540181276065]
other derivatives: [-36.8210749   16.40401024 -15.31843736  23.55627657  11.14276529
  17.01846486]
Current x array =  [-0.69528284 -0.79274744 -0.5514733   0.47810483 -2.23455955 -0.96427088
 -1.41130023  0.17218814 -1.57499825 -1.93775847 -2.60900545 -2.76464876
 -0.62446126 -0.04312682 -1.72232667 -1.13536814 -2.42166719  0.00371264
 -2.07009112 -1.71521734 -1.03050837 -1.0235448 ]
log likelihood =  -23022.212270486998
Edge derivatives =  [-17.994366699650044, -6.814186731930414, 20.075747946469082, -8.603417724305736, -13.845521876373729, -20.923949279415506, -3.8983647069969276, 4.366756911336546, 7.633076629661237, -7.744412375360352, -13.960723849191185, 0.7495391078886351, 1.484972752955024, 3.7974400014736984, -2.811560385443337, -3.432768023767435]
other derivatives: [-50.17172953 -25.93515092  10.44936653  34.16862455   4.01014404
   8.11778591]
Current x array =  [-0.69425331 -0.77794449 -0.55759136  0.46387961 -2.22671553 -0.92801599
 -1.44230651  0.15844903 -1.55023393 -1.94951734 -2.6249253  -2.79122977
 -0.6378186  -0.04164581 -1.70793423 -1.14788394 -2.43872656  0.02134773
 -2.06284154 -1.7014282  -1.03882664 -1.03229587]
log likelihood =  -23017.11038023323
Edge derivatives =  [-11.89288729752836, -5.304952382681862, 18.57694061590401, -7.931524609075556, -13.565333775743905, -18.980697992509636, 2.104136903760535, 3.729567286777276, 2.135161173391713, -5.808219279861121, -12.88638338516014, -11.859088254792926, -3.7084578168804194, -5.360694743635382, -0.050075289113422905, -0.6771012847454194]
other derivatives: [-80.58923413 -63.83379514  13.88980309  31.64386726   3.83151928
  -7.08823791]
Current x array =  [-0.68974693 -0.7649041  -0.55939388  0.46803182 -2.21861279 -0.86814052
 -1.51447205  0.1426797  -1.48138973 -1.98068466 -2.67109158 -2.86468112
 -0.66868518 -0.0496241  -1.6712221  -1.17447561 -2.48802347  0.03999078
 -2.04590334 -1.66744442 -1.05708708 -1.05186215]
log likelihood =  -23011.87081481757
Edge derivatives =  [-4.996580715218337, -14.628713377890765, 10.95573955414606, -7.207830739508982, -11.544079015140321, -14.782015612206544, 9.26688679745269, 4.664146969253885, -8.488505330930744, -5.2294133361495785, -9.572913497826658, -22.767598478915055, -11.83121700340885, -21.417185341648132, 2.4100139056664776, 1.9636468603102188]
other derivatives: [ 62.91957106 -47.93073458  99.3062713   32.82621037  -1.35878508
 -25.28031473]
Current x array =  [-0.71102491 -0.76755483 -0.57161882  0.46049512 -2.21593141 -0.81234849
 -1.6318967   0.18927289 -1.32178552 -2.03987344 -2.77740563 -3.02808871
 -0.69481115 -0.0548872  -1.59170564 -1.19634646 -2.59839224  0.06502658
 -2.01390416 -1.59775397 -1.06668406 -1.06366282]
log likelihood =  -23007.57175730078
Edge derivatives =  [-1.9741738891661669, -13.4175809625158, 6.785928061198345, -6.814447743798005, -9.885233501610292, -12.656936683506567, 12.202960379400572, 0.8961008017480456, -11.724782153988027, -2.4777646105958535, -7.807986239305115, -22.321004546082236, -14.186864677781209, -25.60636549230234, 3.946386645223257, 3.5149705297167504]
other derivatives: [-13.18185241 -43.71540854 -19.0892024    3.17922968 -11.54985512
 -29.21005944]
Current x array =  [-0.69931031 -0.77161156 -0.54823471  0.51198095 -2.20719555 -0.80036165
 -1.69327491  0.19850968 -1.23703054 -2.07286734 -2.8356091  -3.11621747
 -0.70297264 -0.04876253 -1.55683458 -1.21269248 -2.65779543  0.06810294
 -2.00481773 -1.57536681 -1.07099539 -1.0694876 ]
log likelihood =  -23005.381591015794
Edge derivatives =  [-2.1193699390366234, -12.459113007747716, 5.314007987786591, -6.561455522113146, -8.71449352039565, -11.818438577401977, 12.570823628862161, 3.2115647754194114, -10.33482105640746, -0.401662166415669, -6.63768556930196, -9.63758331633726, -12.51331688696574, -22.582018789925108, 4.99145837180336, 4.723703378620907]
other derivatives: [ -5.81349013   2.34285835 -21.47025953 -12.52519723  -2.90674507
 -20.90091584]
Current x array =  [-0.69856726 -0.78715503 -0.54643165  0.53175937 -2.21250071 -0.82493191
 -1.70319531  0.20687521 -1.21201759 -2.08291002 -2.85506142 -3.14366738
 -0.69489985 -0.04800781 -1.55367402 -1.213012   -2.67648518  0.05225355
 -2.00956731 -1.5817671  -1.06685657 -1.06580549]
log likelihood =  -23003.076870501503
Edge derivatives =  [-2.7061662591047293, -11.39899412841192, 0.9248554700117082, -6.617029799736039, -7.100612527568278, -10.421590521320173, 10.972863450795757, 3.129970751328236, -8.770883414779812, 2.416732793443589, -4.864776708700259, 5.535547040562938, -9.636254625867217, -17.452438430945065, 5.656809924511683, 5.40670846245037]
other derivatives: [ 25.3534381   25.52224032 -21.90099622 -23.33690645   4.43033059
  -9.01090971]
Current x array =  [-0.70223285 -0.79479853 -0.54502069  0.54384508 -2.21624409 -0.86148678
 -1.72774287  0.21291016 -1.16335095 -2.10507806 -2.89435519 -3.20014561
 -0.67874666 -0.04424381 -1.54911928 -1.21520317 -2.71370336  0.03213837
 -2.0204954  -1.59770143 -1.05892856 -1.05878938]
log likelihood =  -23000.573788937374
Edge derivatives =  [-2.4773393322763573, -4.108529081769655, -7.721140396121305, -6.81952332913079, -5.442543000287336, -8.475196699066148, 6.775854004722111, -4.320721376029997, -7.563964703052304, 7.35952488135211, -2.866609480187599, 12.462259401753077, -5.431936800542387, -9.449670605424586, 5.748790796275092, 5.366250041759827]
other derivatives: [ -1.60034688  63.92474461  24.27950676 -20.8059646   -0.37580321
  -0.28812792]
Current x array =  [-0.6958601  -0.80665967 -0.55541863  0.54109638 -2.20729389 -0.88397903
 -1.78927444  0.17547897 -1.08674607 -2.15049488 -2.96160022 -3.29947592
 -0.65970332 -0.03357049 -1.54772732 -1.23271021 -2.77618147  0.0203933
 -2.04360626 -1.63518293 -1.05333728 -1.05518795]
log likelihood =  -22998.92039327872
Edge derivatives =  [-2.6903999494778286, 2.8438909779091097, -15.011433815139814, -6.781374190885756, -3.6313481652680863, -6.691520884287171, 2.420791037275771, -4.804138381740692, -4.041590018733622, 10.807239375728718, -0.8003691523346709, 23.076157159398214, 0.21835645982683777, 0.6990539721037454, 5.309136388509378, 4.782027364698763]
other derivatives: [ 50.64284778  21.02606231 -38.26971806  -3.18359525   5.35874278
  11.2100679 ]
Current x array =  [-0.70564536 -0.78923593 -0.5453764   0.51741724 -2.21027251 -0.92168281
 -1.8403025   0.15224898 -1.0243878  -2.1963339  -3.02786288 -3.3963337
 -0.63372195 -0.03561095 -1.55415209 -1.23692187 -2.83587907  0.00646216
 -2.07002721 -1.67810383 -1.04066989 -1.04462982]
log likelihood =  -22997.867536553033
Edge derivatives =  [-2.4925832369757606, 2.2314387584161834, -14.787570872657303, -6.765844036180779, -3.939673732240988, -6.692872217067736, 1.3237370398505524, -5.277440458156298, -4.869111810626631, 9.112031988141606, -1.0461062987564476, 13.521579550312222, -0.08382424707633991, 0.19811099746349878, 3.767165620029661, 3.183112683080315]
other derivatives: [ 5.390757    6.30971044 -3.65434971  3.82715371  1.63890945  7.75507942]
Current x array =  [-0.69870449 -0.78482423 -0.55295434  0.50828093 -2.20782146 -0.90985661
 -1.84875179  0.14444155 -1.02924534 -2.20369312 -3.03369944 -3.4059448
 -0.63364813 -0.03897769 -1.55730999 -1.23448234 -2.8397709   0.01970895
 -2.07175425 -1.68115    -1.0392025  -1.0436751 ]
log likelihood =  -22997.35513838826
Edge derivatives =  [-2.0494761411826428, 1.5084563473096166, -13.884701881266864, -6.592822179220206, -4.098813751531008, -6.599111499919952, 0.42770182292355324, -4.412317985065545, -5.333884617414685, 6.919186819264405, -1.1885050966451, 3.48476030173092, -0.2539554247341881, -0.0992610437248671, 1.9540993080015356, 1.3958810849375898]
other derivatives: [-20.736843   -13.97747837  10.0080797    9.12223186  -1.38606993
   4.19131538]
Current x array =  [-0.69522536 -0.7784173  -0.55632695  0.50160065 -2.2064112  -0.89915232
 -1.85861322  0.14080108 -1.03518126 -2.21404751 -3.0431872  -3.4210266
 -0.63219959 -0.04426315 -1.56090854 -1.22860388 -2.8464175   0.03490721
 -2.07346053 -1.68365566 -1.03584418 -1.04104824]
log likelihood =  -22996.926810909245
Edge derivatives =  [-1.3053198243671587, 2.2312607732513254, -12.214886318255163, -6.213072315405816, -4.001871197278291, -6.395078293548981, -0.24136081601169018, -2.990352343166182, -4.8117588380408955, 5.191334559144552, -1.1393603111014188, -4.114417471711972, 0.21180758332685473, 0.7881211739151445, 0.41216510939526374, 0.019461543025959704]
other derivatives: [-22.84286893 -17.14979589  12.60705176   9.91058187  -3.54411895
   1.68365659]
Current x array =  [-0.69497628 -0.77697721 -0.55731686  0.50090811 -2.20464279 -0.89225836
 -1.86897018  0.13539476 -1.04297462 -2.22680316 -3.05497571 -3.43939813
 -0.6286789  -0.04866494 -1.56722567 -1.22185488 -2.85438586  0.04730763
 -2.07712878 -1.68959305 -1.031643   -1.03772698]
log likelihood =  -22995.847671770753
Edge derivatives =  [0.6770236966004246, 0.9039611422831019, -8.551374989182289, -4.7289447459039975, -2.738835700052953, -5.133311108350949, -1.708815557199761, 3.2609430141855182, -2.836958630808338, -0.3571472524364362, 0.05270369905829973, -9.731081544695064, 1.6701393279424557, 3.047446292739706, -3.0443846491528945, -2.8915394973670416]
other derivatives: [-28.09538273 -30.53282853  18.57515599   0.45984052   3.77840479
  -0.46638888]
Current x array =  [-0.69386778 -0.77275834 -0.55820714  0.51105959 -2.20931113 -0.88989743
 -1.91420339  0.14363426 -1.04823775 -2.28576383 -3.11995257 -3.5388555
 -0.61197753 -0.06138892 -1.58174434 -1.19442863 -2.90315624  0.05972329
 -2.08666662 -1.70092808 -1.01596967 -1.02514404]
log likelihood =  -22997.308957340545
Edge derivatives =  [5.532940355394559, 1.3741895965034612, 5.00225284932072, -2.044346638212912, -0.9564753865125686, -3.7227628323756683, -3.328169314009058, 5.9956253324953295, 3.0770559352523916, -8.788398886838202, 1.3915937306860764, -23.740467374454273, 3.465511644800385, 5.985903206393894, -6.732285941753257, -5.421587643413463]
other derivatives: [ 18.39107426  76.13634807 -34.66193448  32.45077096 -24.78518581
 -11.36104402]
Current x array =  [-0.70046677 -0.80315069 -0.55230224  0.4797886  -2.19284521 -0.86445207
 -1.95862522  0.14426556 -1.11387977 -2.36922998 -3.1934696  -3.65694446
 -0.59430826 -0.0677617  -1.6195533  -1.15273722 -2.94594356  0.07893572
 -2.09521789 -1.71120001 -1.0022239  -1.01447197]
log likelihood =  -22995.40873021249
Edge derivatives =  [2.2542671978579314, 1.0683643932322513, -4.088324526994423, -3.818202465188413, -2.1424526300072952, -4.649618272589354, -2.187016652958698, 4.141934950904931, -0.8990976425837673, -2.991326429277632, 0.4974340303412529, -14.187088547492946, 2.260316086665042, 4.013162232752389, -4.217739547196379, -3.688561153117445]
other derivatives: [-12.7714884    5.07534423   1.37879397  10.76550689  -5.32490958
  -3.9646693 ]
Current x array =  [-0.69599826 -0.78257047 -0.55630075  0.50096379 -2.20399513 -0.88168243
 -1.92854493  0.14383807 -1.0694302  -2.31271078 -3.14368746 -3.57698038
 -0.60627303 -0.06344637 -1.59395091 -1.18096861 -2.91697007  0.065926
 -2.08942739 -1.70424436 -1.01153187 -1.02169858]
log likelihood =  -22994.970681831837
Edge derivatives =  [3.171578052249823, -0.5509354804127202, -3.51168104995207, -3.111694264404953, -1.274427713402983, -3.9112367548701683, -1.9582155337961242, 5.012748500851253, -0.23413867972146835, -4.471450032396452, 1.396439623492746, -9.009839924569976, 2.3297166496397517, 3.7422309853543867, -4.219890105997495, -3.4965712489336713]
other derivatives: [ 4.59949661  4.27608029  1.87210389  0.26411726 -0.90731191 -3.25562723]
Current x array =  [-0.69824028 -0.78225098 -0.5554268   0.5130848  -2.20526457 -0.88461402
 -1.95556499  0.15513098 -1.06093332 -2.34771478 -3.18483163 -3.64077442
 -0.6002079  -0.06350692 -1.59512127 -1.17176211 -2.94874693  0.05933417
 -2.08995138 -1.70131454 -1.00764232 -1.01892755]
log likelihood =  -22994.80601444597
Edge derivatives =  [3.847954211977741, -2.1357322075954785, -2.346596026150707, -2.460874224010664, -0.3681692744174431, -3.2185403366064245, -1.6052306277822497, 3.3215688589351515, 0.792546168822711, -4.649437954002786, 2.3071523893075865, -0.9297143136296597, 2.104974575795036, 2.96723562276707, -3.066202814685796, -2.3885361329056396]
other derivatives: [-22.8475983    4.11855581 -29.91328074  -3.83843144   0.05456968
  -1.34423317]
Current x array =  [-0.69408291 -0.78280857 -0.54973018  0.52061772 -2.2056011  -0.89097104
 -1.9756421   0.16583459 -1.05802334 -2.38196573 -3.22266705 -3.70146917
 -0.59627638 -0.05890443 -1.59657089 -1.16726938 -2.97538206  0.04631757
 -2.08802172 -1.69488848 -1.00781511 -1.01936418]
log likelihood =  -22994.595318064923
Edge derivatives =  [4.174214683793491, -2.9019294140162044, -2.043764175653303, -2.1775754567510925, -0.06963350001843338, -2.9657206932397657, -0.9823188889200494, 1.6518973830670356, 0.8511382336101541, -4.060353472066194, 2.695603504865679, 3.2137168275002566, 1.649398679710816, 1.8210940267939764, -1.793735896391588, -1.2052099752678547]
other derivatives: [10.67892299  6.23003871 -4.94292181 -4.89453669  2.01762305 -0.68321242]
Current x array =  [-0.69881283 -0.78252273 -0.55396408  0.51924397 -2.20446793 -0.89127995
 -1.98189099  0.16775104 -1.05929753 -2.39597119 -3.23640702 -3.72493533
 -0.59700368 -0.05445346 -1.59677132 -1.16873179 -2.98365252  0.03908269
 -2.08550578 -1.68968813 -1.01080986 -1.02205919]
log likelihood =  -22994.506507339836
Edge derivatives =  [4.21131005676535, -3.0706497989602353, -1.4575812225493816, -2.1134241646121517, -0.07583994892090104, -2.9570534526639425, -0.7172324387772999, 0.31885083461657926, 0.7861452978169378, -3.5334987245234895, 2.710717138690886, 3.3046988733237583, 1.2489442545253029, 1.0316259440491202, -1.1365267428456487, -0.6816327614940061]
other derivatives: [ 9.86365194  5.0473318   0.56752469 -1.76296453  1.02372724 -0.82909537]
Current x array =  [-0.69873576 -0.78185269 -0.55535477  0.51507512 -2.20326314 -0.889854
 -1.97825496  0.16607018 -1.06550165 -2.39735048 -3.23510481 -3.72491784
 -0.59909358 -0.05202501 -1.597402   -1.17136435 -2.98021583  0.03784354
 -2.08339902 -1.68662959 -1.01363313 -1.02437118]
log likelihood =  -22994.34690548967
Edge derivatives =  [4.431039547019063, -2.917374212750681, 0.6230507155366055, -1.7557169688369907, 0.036752531679502105, -2.827220668904015, 0.16009010345007957, -2.2275162219840614, 0.8451736705946683, -1.9796173585477743, 2.8322361594680023, 2.436047068151367, 0.18909171975907244, -0.9993092327035269, 0.5230118552147764, 0.6150585437853053]
other derivatives: [ 2.05727702 -0.55115379  3.79041012  2.87291186 -0.57116267 -1.03173079]
Current x array =  [-0.69769887 -0.77948759 -0.55682492  0.50925471 -2.20061688 -0.88691454
 -1.96920187  0.16076206 -1.08280278 -2.40837943 -3.2380626  -3.73712096
 -0.60376666 -0.04724729 -1.59932185 -1.17831658 -2.97355831  0.03727228
 -2.07747588 -1.67836698 -1.02030164 -1.02971336]
log likelihood =  -22994.23248483865
Edge derivatives =  [4.454412546147894, -1.948596849539426, 1.918705860491992, -1.398851031364164, 0.18921405736442926, -2.6716362802408753, 0.7493615946079177, -2.5453015832175, 0.9424886985178711, -0.494612442214922, 2.9321667094750556, 1.0883714140434468, -0.41956703573348697, -2.0185980244805957, 1.422522462983256, 1.2738560032511141]
other derivatives: [-3.88754415 -0.95569703  5.86587703  2.8318027  -0.32960088 -0.63737389]
Current x array =  [-0.6966737  -0.77909491 -0.55764058  0.50926354 -2.19932375 -0.8866274
 -1.9604858   0.1546731  -1.09256617 -2.42158597 -3.24429799 -3.75546156
 -0.60577871 -0.04656029 -1.59981921 -1.18428394 -2.96891726  0.03903002
 -2.07359005 -1.67421941 -1.02355239 -1.03210896]
log likelihood =  -22994.099304913805
Edge derivatives =  [4.163196492969308, 1.439867967979668, 4.144338521368613, -0.6235094929339013, 0.5065571723679636, -2.325153262715339, 1.7365750542494682, -2.0216196424436856, 1.1016135988945754, 3.1089175062108656, 3.026766842034326, -2.8481034378783496, -1.5556261779202007, -3.5498885750744065, 2.768033350632887, 2.1384685000739547]
other derivatives: [  9.66683729 -13.22696335 -15.7244358    3.8453436   -1.3897079
   0.33978722]
Current x array =  [-0.69927302 -0.77382014 -0.55427595  0.50851684 -2.19514775 -0.88642812
 -1.93257041  0.13827001 -1.11002127 -2.45465306 -3.2586882  -3.80348585
 -0.60894706 -0.04803625 -1.59838569 -1.19878647 -2.95321967  0.04500254
 -2.06515162 -1.66775854 -1.0285792  -1.03540442]
log likelihood =  -22993.923628631383
Edge derivatives =  [3.7377717881697965, 2.1852619267690563, 4.615709815497026, -0.13043699477557386, 0.8346438558418251, -2.009411680119352, 1.3314906164532805, 0.1692035856207732, 1.0272760156199774, 3.73965587481296, 3.2017858976490885, -4.331505985818895, -1.8526370092183497, -3.687463794671776, 2.231294749135531, 1.5142901158633737]
other derivatives: [-12.23488653  -4.30663931   1.26565283  -1.67601684  -0.22919266
   1.39480107]
Current x array =  [-0.69519502 -0.77715275 -0.557607    0.51532142 -2.19421864 -0.88918183
 -1.92345985  0.13318301 -1.11207358 -2.48562275 -3.28123622 -3.85459415
 -0.6056406  -0.05271974 -1.5974219  -1.20093971 -2.95416114  0.04778812
 -2.06300404 -1.66811781 -1.02611207 -1.03291784]
log likelihood =  -22993.816674253423
Edge derivatives =  [3.2672663539089957, 2.6211941144812774, 3.604772084987301, -0.11552629050020788, 0.8755339364741649, -1.962238954250967, 0.846976816933384, 1.6033708934724205, 0.8207126987584091, 3.6698336018941373, 3.140284252641777, -3.4486891389553795, -1.586440791011343, -2.8831739085535992, 1.4623933708831607, 0.8585888499192627]
other derivatives: [-7.7077857   0.72541297  1.77024049 -3.94575181  0.19499566  1.94668246]
Current x array =  [-0.6957212  -0.77889048 -0.55737818  0.51814952 -2.19441783 -0.8911369
 -1.91741236  0.13278657 -1.10482394 -2.492071   -3.28567111 -3.86788107
 -0.60325287 -0.05549748 -1.59469597 -1.20038469 -2.95201401  0.04705639
 -2.06393686 -1.67156208 -1.02304817 -1.030301  ]
log likelihood =  -22993.5961209947
Edge derivatives =  [1.6947487500481793, 3.515047792148563, 1.120141278869859, 0.03656961310206039, 0.9741579514328875, -1.7785728285620976, -0.8346087538634519, 4.221219403538896, 0.027088128975615508, 2.986608621946693, 2.8782884029301794, -1.8391083179042869, -1.1023106172928507, -0.9420870737522069, -0.8870581405670838, -1.1942881135339765]
other derivatives: [ 2.07364792  4.40522854  0.23828761 -5.78911568 -0.98407327  2.62480171]
Current x array =  [-0.69725864 -0.7801285  -0.55663009  0.52073492 -2.19335529 -0.89281116
 -1.89134223  0.13014354 -1.09023228 -2.52053571 -3.30197071 -3.92091902
 -0.59705082 -0.06132714 -1.58751789 -1.1980578  -2.93935317  0.0449729
 -2.06549464 -1.68120394 -1.01506866 -1.02362132]
log likelihood =  -22993.414879241856
Edge derivatives =  [0.3519945098471081, 4.126629696222426, 0.067203667680033, 0.3544283888058975, 1.082812187739424, -1.5930230307296158, -1.2028147665649382, 4.221778344400322, -0.5131350741354074, 2.4253610332772584, 2.6230479871743393, 0.8416259710002785, -0.957207837907206, 0.21127815574870992, -1.6224013737637097, -1.7101883381884244]
other derivatives: [ 6.19547791  8.87121132 -1.97651389 -2.42835085 -0.39908628  2.34358595]
Current x array =  [-0.69801053 -0.78155171 -0.55621704  0.51654687 -2.19482489 -0.8892483
 -1.85868012  0.12837869 -1.08682214 -2.55016316 -3.31416267 -3.97370052
 -0.59587967 -0.05996719 -1.58280006 -1.1961728  -2.91785934  0.04072307
 -2.06545463 -1.68732703 -1.01303874 -1.02243424]
log likelihood =  -22993.50474193851
Edge derivatives =  [-3.036575005775666, 1.6401368857531722, -3.86414406045987, 0.5752497517504378, 0.9993769774318336, -1.3280954688984574, -2.971613250966857, 1.8218012702025352, -2.5143465945856156, -0.9712245788002634, 1.8567098906221664, 3.903082146172924, -0.5742986378746622, 2.1296764548777283, -3.5363986864540915, -3.2592131050790414]
other derivatives: [ -9.88075044 -34.08313205  13.90108082  -5.82040229   3.78495315
   1.91357685]
Current x array =  [-0.69655392 -0.76926577 -0.55823286  0.51895518 -2.19939539 -0.88188346
 -1.79995497  0.13521435 -1.07189165 -2.60619735 -3.33841677 -4.08138868
 -0.59331235 -0.0540129  -1.57389969 -1.18645444 -2.87593055  0.03545372
 -2.06940541 -1.70121353 -1.00917796 -1.02075971]
log likelihood =  -22993.32080365844
Edge derivatives =  [-1.030867350886926, 3.0899838227867185, -1.5684085955054465, 0.45392431285609974, 1.0509116776754788, -1.4759954006159914, -1.924106514576503, 3.230247006696212, -1.340091413994525, 1.0164702228382008, 2.31577716045846, 2.131376184492542, -0.7965428946756247, 1.0179859356705143, -2.410535663420313, -2.3473360220347375]
other derivatives: [-0.45038178 -8.83555913  4.62750904 -3.85043677  1.37733878  2.16168701]
Current x array =  [-0.69740249 -0.77642315 -0.55705851  0.51755218 -2.19673277 -0.88617397
 -1.83416628  0.13123212 -1.08058966 -2.5735537  -3.32428714 -4.01865315
 -0.59480798 -0.05748167 -1.57908475 -1.19211603 -2.90035686  0.03852347
 -2.06710382 -1.69312372 -1.01142712 -1.02173523]
log likelihood =  -22993.20495872459
Edge derivatives =  [-1.811116563357891, 2.756702323659738, -1.0749452322445603, 0.786161503918045, 1.1243117613327944, -1.350554067182266, -1.1458916743187908, 0.6081280841428516, -1.443078683866204, 0.5092496688318976, 2.0811505412516094, 3.440817673040773, -0.9410545337959706, 1.1411052735192888, -1.5774155918082207, -1.420741400084959]
other derivatives: [ 1.28202373 -1.94777385  1.24418875  2.25554686  0.29649527  0.92804839]
Current x array =  [-0.69784971 -0.77849611 -0.55672918  0.5104271  -2.19776215 -0.87884063
 -1.80599749  0.13266144 -1.08746295 -2.5958004  -3.32947971 -4.05787154
 -0.5983186  -0.05003045 -1.57830804 -1.19051263 -2.87665592  0.03591536
 -2.06626791 -1.69412906 -1.01535772 -1.02584579]
log likelihood =  -22993.140469819056
Edge derivatives =  [-1.8500713387738095, 1.5260045720214952, -0.5656374525298579, 0.917767984889738, 1.1304384658582363, -1.307193501653116, -0.43434609100885474, -0.8970949262081591, -1.2144611730211334, -0.15421068437720442, 1.9582687230227163, 2.0524272441521134, -0.8639424281089209, 0.9918751822836612, -0.7491156042009562, -0.5790000457526985]
other derivatives: [ 0.65083441 -0.2910383   0.31250238  2.58478394 -0.66065695 -0.01018634]
Current x array =  [-0.6978345  -0.77921426 -0.55643891  0.51050945 -2.19831444 -0.87458437
 -1.79890072  0.13832302 -1.09090022 -2.60273084 -3.32997866 -4.07440297
 -0.60095455 -0.04577241 -1.58017571 -1.1880364  -2.86537782  0.03841618
 -2.06769093 -1.69320657 -1.01880872 -1.02926461]
log likelihood =  -22993.06298623357
Edge derivatives =  [-1.6304675851401802, -0.29065997012758044, 0.40928623275053366, 1.154210505022884, 1.169589057532515, -1.2372552644342187, 1.0247012726193314, -0.6356959180464474, -0.2909067683156472, -0.6430398273753362, 1.7390258726358827, 0.37510105617868716, -0.3867943502423473, 0.7114485388178344, 0.7384591158226024, 0.8360128677819327]
other derivatives: [ 0.19463187  0.75633579 -2.68737494  0.45583874  2.67609721 -1.00480975]
Current x array =  [-0.69772299 -0.78001617 -0.55540604  0.51302342 -2.20270494 -0.86996374
 -1.7943468   0.14940642 -1.09453941 -2.60976016 -3.32774603 -4.10310699
 -0.60429224 -0.04370549 -1.58547035 -1.18519596 -2.8437954   0.04289989
 -2.07260473 -1.69002527 -1.02397349 -1.03406264]
log likelihood =  -22993.051987868217
Edge derivatives =  [-1.7794399670038314, -3.090348667059093, 0.4673119491118418, 1.1361357582338845, 1.0563204795925434, -1.2200855957591932, 0.759734459143379, -1.999340093980296, 0.1317696269211832, -0.5909285131331802, 1.28884213742307, -4.567072835150923, -0.2131764674850949, -0.5142071838013635, 1.2257471290957123, 1.0759378116976706]
other derivatives: [ 9.24337655  0.40381565 14.80766514  0.02910383 -4.24515747 -1.44354999]
Current x array =  [-0.69918745 -0.77969939 -0.55850833  0.51395282 -2.19711186 -0.86857716
 -1.79296371  0.1568413  -1.09810373 -2.61388707 -3.32234501 -4.13382479
 -0.60532791 -0.04271247 -1.59075531 -1.18672378 -2.81795879  0.04951932
 -2.07715831 -1.68397928 -1.02778466 -1.03698287]
log likelihood =  -22992.99669203416
Edge derivatives =  [-1.733815226595127, -3.1075059784419157, 0.13961225946882355, 1.0686616731024106, 1.0484384543715655, -1.23086916317313, 0.5900292363910828, -0.8389302944566084, 0.45086729870487613, -0.6380085596113468, 1.1918345417037832, -3.821799709598201, 0.17690196419650356, -0.1312186146430472, 0.9309758625721316, 0.7926486442979054]
other derivatives: [-6.49015419  0.27939677 -1.31403795 -0.28630893 -3.55576049 -1.28202373]
Current x array =  [-0.69689539 -0.78017601 -0.55553943  0.51555298 -2.19874576 -0.87008705
 -1.79685525  0.15930264 -1.0936225  -2.60976855 -3.31914049 -4.13514138
 -0.60407247 -0.04516776 -1.59139849 -1.18593332 -2.81419773  0.04882278
 -2.07981607 -1.68440651 -1.02651289 -1.03581666]
log likelihood =  -22992.964880093547
Edge derivatives =  [-1.7305618564762228, -2.6863917590053776, -0.16650387581483367, 1.0190524850264495, 1.0339119753705668, -1.2460176016827553, 0.4370242383382418, 0.38777452796601364, 0.5916537552667553, -0.2579677188273176, 1.1247535231800558, -2.5859999099949302, 0.3795103681245926, -0.010119071050031209, 0.6796866075907745, 0.5254586738615648]
other derivatives: [-3.62415449  0.02692104 -3.05008143 -0.49403752 -1.72221917 -0.86583896]
Current x array =  [-0.69729535 -0.78005766 -0.55513737  0.51536275 -2.1999257  -0.87196776
 -1.79944221  0.15865053 -1.09106871 -2.60584987 -3.31576978 -4.13452839
 -0.60289959 -0.04766725 -1.59153899 -1.18696536 -2.81088416  0.04713449
 -2.08109247 -1.68421939 -1.02528275 -1.03454103]
log likelihood =  -22992.893092203638
Edge derivatives =  [-1.994661166909407, -2.480418368018159, -1.3048680379358761, 0.8378710331431117, 0.8914598421148457, -1.2793503457763316, -0.4575041354057538, 3.508353285013744, 1.2318315128294726, 1.3253808330113912, 0.43595374064616327, -0.4806359294354735, 1.1371673383751169, -0.4455498832822886, -0.11038498663948476, -0.4829839023884399]
other derivatives: [-5.76546881  2.10238795  1.0462827  -0.15861588  0.22555469  0.4467438 ]
Current x array =  [-0.69678285 -0.7808243  -0.55587607  0.51419828 -2.20081939 -0.87834966
 -1.80534529  0.15829102 -1.08486171 -2.5961509  -3.29892285 -4.1605002
 -0.5990983  -0.05537049 -1.59471529 -1.19262673 -2.77565302  0.04340877
 -2.08831123 -1.6793856  -1.02302344 -1.03160406]
log likelihood =  -22993.10516327581
Edge derivatives =  [-1.328008448362299, -2.119185707990201, -1.3107029314416945, 0.6073119336074378, 0.6081509257545076, -1.310239640140651, -0.7838782358232874, 2.695531045843831, 2.6481984347106993, 3.1548292014149975, -0.8783161374242734, -0.43461792918521225, 2.080358284788132, -1.9961942003556423, 0.039697861780817134, -0.6067053712197324]
other derivatives: [ 34.85984053 -15.53089533 -33.33479981   1.23909558  -3.83297447
   0.93314156]
Current x array =  [-0.70414713 -0.7739402  -0.54930386  0.51312308 -2.19686868 -0.88412118
 -1.82180344  0.15861756 -1.08674077 -2.57837566 -3.26593522 -4.21109584
 -0.59737699 -0.05508325 -1.60231114 -1.19884999 -2.70858265  0.0420388
 -2.09856843 -1.66674498 -1.02529091 -1.03279255]
log likelihood =  -22992.86838209029
Edge derivatives =  [-1.8282085500918375, -2.388314353760607, -1.301637783300492, 0.7828576772260984, 0.8252364428113869, -1.2862408906372305, -0.533376434658238, 3.3160853930737866, 1.5802895275736415, 1.7751660935688105, 0.13249291902845725, -0.4608272145426021, 1.369736321326207, -0.8202736363479889, -0.068006611126882, -0.5083473502900306]
other derivatives: [ 4.25461621 -2.17332854 -7.26286089  0.17607817 -0.74869604  0.56970748]
Current x array =  [-0.6985817  -0.77914275 -0.5542707   0.51393565 -2.19985437 -0.87975944
 -1.80936546  0.15837078 -1.0853207  -2.59180901 -3.29086509 -4.172859
 -0.59867784 -0.05530033 -1.5965707  -1.19414686 -2.75927     0.04307413
 -2.09081671 -1.67629792 -1.0235773  -1.03189437]
log likelihood =  -22992.84020185061
Edge derivatives =  [-1.7867108209018103, -2.2301518255326727, -1.2212909334052398, 0.7773629602097075, 0.7663365745401612, -1.2872435109849345, -0.497724427069688, 2.849296060525538, 1.6596294171357264, 2.0737773109730053, -0.12755048041953618, -0.0830187996138827, 1.4099846033601369, -1.224223004261154, 0.03327573191648475, -0.44809164193094203]
other derivatives: [ 4.58858267 -1.49811967 -3.28000169  0.80835889 -0.57480065  0.59844751]
Current x array =  [-0.69857643 -0.77930829 -0.55509267  0.51281383 -2.19981932 -0.88025825
 -1.81030459  0.15710579 -1.08725365 -2.59012294 -3.28493922 -4.1847911
 -0.5988523  -0.0542831  -1.5975582  -1.19538427 -2.74520193  0.0420436
 -2.0919614  -1.67398524 -1.02439064 -1.03255764]
log likelihood =  -22992.77890722024
Edge derivatives =  [-1.3825097107397788, -1.2584350047452717, -0.7716991561512414, 0.7549136508202695, 0.5900340553799742, -1.2958623363224557, -0.1774984825348061, 0.40205219922127733, 1.5332760132240448, 2.085344751237827, -0.7466532532267782, 0.8545569073478169, 1.3641313902114196, -1.9939242740025498, 0.29735721965778006, -0.12506421931764006]
other derivatives: [ 2.87946023 -0.53078111  2.81215762  1.15942385 -0.00800355  0.28630893]
Current x array =  [-0.69819066 -0.77961695 -0.55642739  0.51182119 -2.20005845 -0.8808842
 -1.81672619  0.15207012 -1.09320834 -2.58335449 -3.26925756 -4.21150812
 -0.59987971 -0.04848144 -1.59832857 -1.19559481 -2.71331488  0.03958603
 -2.09322247 -1.66982428 -1.02636279 -1.03473876]
log likelihood =  -22992.742175469466
Edge derivatives =  [-0.7062404070277066, 0.061339043884579336, -0.318858971692747, 0.6903148515916208, 0.4556334911655287, -1.3197440401544818, 0.11294290843908328, -0.7721981426279827, 1.1846776537658232, 1.4593292008657108, -1.0131989690845804, 0.8946613255813693, 1.2836034999355392, -1.9154171812656002, 0.25842129245272943, 0.04914834712473959]
other derivatives: [ 3.80314304  4.39213181  2.32939783  0.02182787  0.12842065 -0.02255547]
Current x array =  [-0.69815007 -0.78119818 -0.55640049  0.51324213 -2.2000803  -0.88241527
 -1.82932888  0.14724097 -1.09605383 -2.57238427 -3.25733356 -4.21955085
 -0.60007031 -0.04545638 -1.59671654 -1.19290219 -2.70065952  0.03936522
 -2.09228942 -1.66998802 -1.02636077 -1.03545684]
log likelihood =  -22992.75705692327
Edge derivatives =  [0.14119409739513877, 1.4188915699583196, -0.08241954738376409, 0.42435078017701294, 0.09882254157092592, -1.3827968240266024, 0.00869668231159404, -2.6880722258151666, -0.12768778842203837, -0.4715766899101025, -1.3929720095055969, 0.32793626625933026, 0.8648858364803607, -1.6502199650228548, -0.19350184355828576, -0.08702106104571394]
other derivatives: [-11.21807145 -13.05670594   5.56719897  -2.13258318   2.3348548
  -0.36416168]
Current x array =  [-0.69604362 -0.77599137 -0.55717417  0.51505121 -2.20124449 -0.88541467
 -1.85275881  0.13969005 -1.09957874 -2.55106185 -3.2377394  -4.2256818
 -0.60000479 -0.04206441 -1.59212918 -1.18649185 -2.68744658  0.03935819
 -2.08878042 -1.6734564  -1.0255163  -1.03608386]
log likelihood =  -22992.72330198409
Edge derivatives =  [-0.33915122322142455, 0.6437939378218966, -0.21638735173877197, 0.5784494855700659, 0.304304223362752, -1.3468111637618476, 0.07075026067517604, -1.5896083487013675, 0.6243204716528956, 0.6346457891661512, -1.1747184409519908, 0.6545353235876198, 1.1047407759382488, -1.800898811662736, 0.06540147300082949, -0.008310141166838703]
other derivatives: [-2.60552042 -3.0380761   3.71364877 -0.90112735  1.07793312 -0.16916601]
Current x array =  [-0.69724858 -0.77896984 -0.5567316   0.51401636 -2.20057853 -0.88369891
 -1.83935611  0.14400943 -1.09756237 -2.56325898 -3.24894791 -4.22217469
 -0.60004227 -0.04400473 -1.59475331 -1.19015878 -2.69500482  0.03936221
 -2.09078768 -1.67147237 -1.02599936 -1.03572518]
log likelihood =  -22992.708291416526
Edge derivatives =  [-0.009371054454887867, 1.015991830788145, -0.031035010743048208, 0.5337648936024597, 0.265227639959082, -1.3569121360378993, 0.1412383797440191, -1.374197841581227, 0.3652590044873133, 0.007393373241185552, -1.1287171850191635, -0.012346869760137102, 1.0416714327645438, -1.3319444621610617, -0.04319738637906817, 0.02283148248470168]
other derivatives: [-1.9404979  -0.2401066   0.3605237  -1.42135832  0.52787072 -0.31977834]
Current x array =  [-0.6973104  -0.77986645 -0.55609818  0.51499873 -2.20029997 -0.88453426
 -1.84633672  0.14321275 -1.09749348 -2.55766948 -3.2458737  -4.21990272
 -0.59982627 -0.0444979  -1.59306027 -1.18757375 -2.69758177  0.04062308
 -2.08922598 -1.6739544  -1.02538405 -1.03558696]
log likelihood =  -22992.695227908458
Edge derivatives =  [0.1862648421695641, 0.9767162668120989, 0.04475966278701132, 0.4811060256578286, 0.2268009852676589, -1.3595706534405005, 0.08552502989317157, -0.6896750151549278, 0.1021118131645329, -0.5323917360516672, -1.0865930361088543, -0.7302784148173753, 0.9589230854313177, -0.8012892480194531, -0.15394443844534877, 0.0009703926933281037]
other derivatives: [-1.19252945  0.90294634 -1.54977897 -1.16997398 -0.15861588 -0.33614924]
Current x array =  [-0.69743927 -0.78019386 -0.55575348  0.5148897  -2.19986292 -0.88558046
 -1.85188808  0.14366978 -1.09710103 -2.55290158 -3.24315466 -4.22023503
 -0.59941939 -0.04636786 -1.59144971 -1.18549937 -2.69995128  0.04181639
 -2.08734498 -1.67703354 -1.02484073 -1.03536009]
log likelihood =  -22992.676179015656
Edge derivatives =  [0.35495254434929446, 0.6069979068383158, 0.16960431303127646, 0.42192136547268905, 0.17927935525466357, -1.3426591265805452, 0.037752588587778246, 0.3270164461631224, -0.2239112872478237, -0.9997170064703302, -1.072311782071729, -1.1237386907589304, 0.7608834266849995, -0.08380068328988574, -0.12611537479123064, 0.07907413159006255]
other derivatives: [ 0.37653081  1.40134944 -1.72985892 -0.16189006 -0.54169504 -0.2055458 ]
Current x array =  [-0.69770464 -0.78025951 -0.55575452  0.51358095 -2.1995869  -0.887111
 -1.85761081  0.14531336 -1.09741462 -2.54722404 -3.2383523  -4.22869732
 -0.59904033 -0.04908651 -1.58952808 -1.1837666  -2.69957666  0.04233998
 -2.08388791 -1.68154178 -1.02476722 -1.03546109]
log likelihood =  -22992.6584360153
Edge derivatives =  [0.42445486147481065, -0.15108269184301665, 0.437710091458816, 0.36106230260739336, 0.15161843439086642, -1.2748036426770097, -0.04029511383147577, 1.6844721810505758, -0.2898913664915088, -0.6743948836534355, -1.1711978910123526, -0.43243186442530823, 0.3821698462189027, 0.7599854066056668, 0.12371716617460313, 0.21470800443171467]
other derivatives: [-6.89324224  2.15586624 -9.75669536  2.04381649 -0.99425961  0.23574103]
Current x array =  [-0.69670668 -0.78055274 -0.55448003  0.51141886 -2.1995642  -0.88954252
 -1.86164086  0.14905488 -1.09887312 -2.54071835 -3.22900395 -4.25779194
 -0.59854177 -0.05273711 -1.5884476  -1.18495229 -2.69083614  0.04082737
 -2.07805477 -1.68681364 -1.02555443 -1.03580297]
log likelihood =  -22992.63356068189
Edge derivatives =  [0.535852565587902, -0.8468334112244804, 0.7695064797254383, 0.3463147060187913, 0.138388328441372, -1.213187112223759, 0.15950958255968467, 2.047517968329765, -0.667751750920342, -0.7855483219562498, -1.0669577733044955, 0.2137903721999005, -0.1927580373959634, 1.4725971803403555, 0.5379907638645162, 0.597354891003081]
other derivatives: [ 1.69166015  1.04482751 -1.65273377  1.94122549  0.27066562  0.43582986]
Current x array =  [-0.69794532 -0.77999022 -0.55585129  0.51052146 -2.19999765 -0.89018807
 -1.86390499  0.15172392 -1.10158809 -2.53679666 -3.224142   -4.27807849
 -0.59900214 -0.05335341 -1.58653619 -1.18464876 -2.69099402  0.03973716
 -2.07099176 -1.69255708 -1.02662546 -1.03670179]
log likelihood =  -22992.619207846197
Edge derivatives =  [0.42471854445267, -1.1287648187838146, 0.8626669897035992, 0.37056109919516556, 0.16175742451101727, -1.1758845609374065, 0.22914359960240405, 1.4406854527122126, -0.5318243458874647, -0.222443105231182, -1.0953342686959977, 1.0255652978170844, -0.4155096101996393, 1.3106805296044723, 0.767975686078747, 0.7118744504716077]
other derivatives: [1.87937985 0.19172148 0.33905962 1.65236997 0.70758688 0.51586539]
Current x array =  [-0.6979617  -0.77972624 -0.55620178  0.51068686 -2.20016522 -0.8896756
 -1.86027391  0.15263145 -1.10318467 -2.53844241 -3.22297146 -4.29141869
 -0.59944076 -0.05177649 -1.58741822 -1.18688116 -2.68732618  0.03827239
 -2.06911503 -1.69222057 -1.02752253 -1.03714933]
log likelihood =  -22992.59075840152
Edge derivatives =  [0.15095826965841935, -1.8556470854249143, 0.8724046275351612, 0.3568168625497368, 0.1861269657622845, -1.0831573848595493, 0.09194573755322832, 0.2407292202744673, -0.29186663817609315, 0.8433818281469405, -1.1169861028496364, 1.6104507965116235, -1.0321150568113442, 1.0851810385314988, 0.8904801537589424, 0.6008816678520601]
other derivatives: [-1.45410013 -0.21718733  4.02396836  0.309592    0.10804797  0.54533302]
Current x array =  [-0.6974227  -0.77977548 -0.55682257  0.51250962 -2.19960486 -0.88864425
 -1.85340205  0.15487545 -1.10505049 -2.53986203 -3.21933545 -4.32652043
 -0.59976939 -0.04908078 -1.58919171 -1.1913701  -2.68307721  0.03703543
 -2.06365366 -1.6925302  -1.02827751 -1.0370088 ]
log likelihood =  -22992.57706263966
Edge derivatives =  [0.030084346718700722, -1.714327323855226, 1.0072560380767412, 0.32636919554787963, 0.16373480832650839, -0.9646885542290572, 0.10370073598970331, -1.405452700880975, 0.21202720206125725, 2.2262822453929045, -1.3293397446021595, 2.352089724588775, -1.6882750173287155, 0.698622759348833, 0.9553909503539497, 0.4445484869474844]
other derivatives: [ 6.14854798 -4.55365807 -4.2400643  -0.98916644 -0.09749783  0.36307028]
Current x array =  [-0.69883768 -0.77831179 -0.55509945  0.51437488 -2.19955638 -0.88764641
 -1.84727274  0.15517919 -1.10763741 -2.53793309 -3.20868587 -4.38311257
 -0.6001087  -0.0448398  -1.59195381 -1.19667715 -2.66913111  0.03589155
 -2.05765992 -1.69121663 -1.02880341 -1.03664493]
log likelihood =  -22992.54968065727
Edge derivatives =  [0.0002437603003868083, -1.7909821724461856, 0.8616204190262764, 0.2619956599684178, 0.11895561139502414, -0.9321028234602302, -0.09988828175887704, -1.4556447463799875, 0.13176346358419222, 2.0908612153750594, -1.3130319519230302, 1.2477650593547185, -1.9509097752849984, 0.7511176421423623, 0.6345103741173801, 0.14081907684565947]
other derivatives: [-0.08294592 -0.76033757  0.4809408  -1.74004526 -1.01863407  0.15279511]
Current x array =  [-0.69773726 -0.77979308 -0.55597628  0.51560137 -2.19920462 -0.88751927
 -1.84795861  0.1550851  -1.10678726 -2.53491195 -3.20528921 -4.39986199
 -0.59977378 -0.04492782 -1.59203099 -1.19641649 -2.67071891  0.03775641
 -2.05525661 -1.69221721 -1.02780223 -1.03573036]
log likelihood =  -22992.5238560512
Edge derivatives =  [0.04621127367037564, -1.3982646706559994, 0.6451338748811224, 0.1687196829823513, 0.03595397706730456, -0.891056800875975, -0.30254386373639125, -1.1341196286646973, 0.05054291578609549, 1.6554140651655926, -1.3135174435334567, -0.5178201721847837, -2.1542058919842497, 0.8493834231816335, 0.10718378538798054, -0.2847329703466429]
other derivatives: [-2.85872375  2.36395863  1.81644282 -2.16568878 -1.79643393 -0.2237357 ]
Current x array =  [-0.6972481  -0.78100044 -0.55618341  0.51642697 -2.19924064 -0.8875432
 -1.85030482  0.1537268  -1.10493483 -2.52936806 -3.19936301 -4.42345551
 -0.59921069 -0.0457211  -1.59202008 -1.19482962 -2.67215333  0.04101977
 -2.05320451 -1.69308254 -1.0259359  -1.03428663]
log likelihood =  -22992.488053604324
Edge derivatives =  [0.05011803596130002, -0.4979938870694614, 0.30879167517998557, 0.04684953873012168, -0.09203186187671264, -0.807002421479867, -0.4366409500850112, -0.7509464072753436, -0.0036819645878591045, 0.9643996915413677, -1.3022636969403296, -2.469952854755652, -2.424439071525861, 0.8280830882570919, -0.5471456943282303, -0.7681759174172915]
other derivatives: [-4.92327672  2.56295607  2.06964614 -2.17733032 -1.38425094 -0.75342541]
Current x array =  [-0.69695133 -0.78130347 -0.55616322  0.51642641 -2.20050129 -0.88727969
 -1.85160438  0.15069003 -1.10255708 -2.52154221 -3.18920273 -4.46970584
 -0.59887692 -0.04631035 -1.59246569 -1.19214862 -2.67311495  0.04493162
 -2.05073044 -1.6932874  -1.02341599 -1.03252905]
log likelihood =  -22992.467088433776
Edge derivatives =  [-0.23458551262203067, 1.4211208773699382, -0.3801133693883969, -0.049661572561093034, -0.158752886938626, -0.6020775334829165, -0.20634053188581336, 0.6080591112873843, 0.7768967845140256, 0.7305028520903305, -1.1846939179847729, -2.108279090245306, -2.260501396081106, 0.4007528852147347, -0.9841362859070499, -0.9311323163277853]
other derivatives: [ 5.64323273 18.73959263  0.34669938  0.76033757 -0.23828761 -0.89967216]
Current x array =  [-0.6983081  -0.78648679 -0.55580703  0.51266241 -2.20275703 -0.8876647
 -1.84432025  0.14580053 -1.0978624  -2.51198746 -3.16989313 -4.58224792
 -0.59914747 -0.0478687  -1.59622851 -1.18970637 -2.6706074   0.04567498
 -2.05203273 -1.68858274 -1.02052105 -1.03069564]
log likelihood =  -22992.405246492977
Edge derivatives =  [-0.4297760889663171, 1.5469326311872424, -0.7835522509038174, -0.18188486341609222, -0.3011915219302197, -0.5458802620300353, -0.45689059965591067, 0.13054220878140343, 0.5357018204454589, 0.05780502812115551, -1.1938795333532484, -2.825619088540913, -2.496003191577871, 0.13897044029583014, -1.3199894243104568, -1.2072145015195412]
other derivatives: [-1.60871423  5.37693268  1.41517376  0.81236067  0.72905095 -1.0302756 ]
Current x array =  [-0.69749993 -0.78238442 -0.55602311  0.51217852 -2.20361476 -0.88757306
 -1.84354971  0.14394432 -1.09718169 -2.50708741 -3.16196723 -4.62284157
 -0.59940464 -0.04737623 -1.59650791 -1.18776749 -2.67053869  0.04665117
 -2.05084924 -1.68828036 -1.01957116 -1.03025316]
log likelihood =  -22992.37819618912
Edge derivatives =  [-0.6591150292457004, 1.4510309567543533, -1.0004409549072433, -0.218817009616734, -0.32038021182764764, -0.48963031143451197, -0.43004448310664295, -0.10191031549974294, 0.5638955230258558, -0.1470994638529189, -1.0980602979968164, -1.7177696764702128, -2.415588077302323, -0.07204043087347076, -1.1253032502781808, -0.9970908893182215]
other derivatives: [-1.23800419 -0.63118932  1.54614099  1.43918442  1.4755642  -0.71304385]
Current x array =  [-0.69769944 -0.78039524 -0.55607442  0.51103686 -2.20379514 -0.88785937
 -1.83986033  0.14369004 -1.097274   -2.50612144 -3.15781413 -4.65548582
 -0.60014246 -0.04709463 -1.59708468 -1.18701785 -2.67132701  0.04452462
 -2.0521317  -1.687111   -1.02005542 -1.03093841]
log likelihood =  -22992.3489039861
Edge derivatives =  [-0.9631382960979983, 1.1396244070808978, -1.221400940239567, -0.2683742428497047, -0.3140139315999029, -0.39448745659537565, -0.3044250327149599, 0.0663039428413672, 0.6320700845478824, -0.5173022286587317, -0.8457979605858097, 0.13935223298875066, -2.168900536767588, -0.1009296317166796, -0.6876464444924908, -0.5112354909533465]
other derivatives: [-0.53696567 -3.82497092 -0.02110028  2.42544047  1.72221917 -0.06002665]
Current x array =  [-0.69790542 -0.77925833 -0.55585069  0.50971562 -2.2033442  -0.88887124
 -1.83489965  0.14449346 -1.09731706 -2.50365658 -3.15088903 -4.71155014
 -0.60135371 -0.04789969 -1.59739512 -1.18539366 -2.67551546  0.04100562
 -2.05455888 -1.68641896 -1.02100272 -1.03221488]
log likelihood =  -22992.31957936262
Edge derivatives =  [-1.1612252091438795, 0.4358807357958893, -1.3654118419159469, -0.35033684632410916, -0.32406035979391407, -0.289844411727435, -0.1539230158507549, 0.5265612184963124, 0.4857113727582929, -1.1638295396280132, -0.4495095275633014, 1.0426838010356536, -1.6515302664378053, 0.08129794818403124, -0.2348041842317469, 0.0180500441478168]
other derivatives: [ 7.22393452 -5.11245162  4.79485607  0.62136678  1.13032002  0.68539521]
Current x array =  [-0.69903037 -0.77864553 -0.55657051  0.51172541 -2.20143373 -0.89012976
 -1.83238323  0.14653414 -1.09749871 -2.49875278 -3.14231449 -4.78053175
 -0.60272957 -0.04958809 -1.59638557 -1.18289462 -2.6856182   0.03909374
 -2.0594385  -1.68669004 -1.02185638 -1.03347178]
log likelihood =  -22992.30189117379
Edge derivatives =  [-1.3663773225931837, 0.0012129621532761536, -1.3192885849811327, -0.43990846902696573, -0.31003628919484283, -0.16410211981667688, 0.06371169095239226, 0.9193959559782874, 0.6280126926862709, -1.612085367679665, -0.0026205113257359094, 2.0914172396715998, -0.8988156133168805, 0.325136757671351, 0.25460916625015495, 0.5732957380266909]
other derivatives: [-2.14386091 -2.1449523  -8.64092726  0.43401087 -1.2532837   1.38643372]
Current x array =  [-0.69766327 -0.77973347 -0.5542471   0.51368543 -2.19921753 -0.89140046
 -1.8283366   0.14868753 -1.09782732 -2.49212902 -3.12940772 -4.87996967
 -0.60448775 -0.05137309 -1.59579402 -1.1808431  -2.69623869  0.03683222
 -2.06634361 -1.68592172 -1.02276323 -1.03475236]
log likelihood =  -22992.28819342848
Edge derivatives =  [-1.2552947898252018, -0.0004209909150529323, -1.2461713821283227, -0.43369064446543815, -0.33087019177984855, -0.17984870729976396, 0.025588347976488734, 0.7749795924723948, 0.5556070981687495, -1.368712156798509, -0.07871722954424137, 1.2423883192630067, -1.0012596186351361, 0.27491139527220343, 0.0845668806947032, 0.36006991397114946]
other derivatives: [ 1.00335455 -0.4980393  -1.72076398 -0.6868504  -0.91276888  1.12013367]
Current x array =  [-0.69800829 -0.78028246 -0.55540179  0.51464371 -2.19948648 -0.89079505
 -1.83009552  0.14856645 -1.09815592 -2.49217551 -3.13019908 -4.8704175
 -0.60411435 -0.05074526 -1.59566737 -1.18196415 -2.69473451  0.03847582
 -2.06553142 -1.686093   -1.02235815 -1.03413153]
log likelihood =  -22992.281955364888
Edge derivatives =  [-1.1458306701741015, -0.049473813410973566, -1.0824517198875785, -0.42427945082604507, -0.3375894710968775, -0.1818060194293325, 0.04506923262947293, 0.6144916378990108, 0.5075239411333716, -1.1193696927004815, -0.09487071316059088, 0.5912930999914212, -0.9477096571621437, 0.2535627329687005, 0.022049113399310233, 0.2457088352262518]
other derivatives: [ 0.95678843  0.9265932   1.22090569 -1.41008059 -0.85346983  0.91386028]
Current x array =  [-0.69791522 -0.78079399 -0.55590069  0.51546963 -2.19961447 -0.89017603
 -1.83143121  0.1487724  -1.09891313 -2.4919829  -3.13003086 -4.87090562
 -0.60403181 -0.0502058  -1.59531972 -1.18306408 -2.69458003  0.03969438
 -2.06620531 -1.68599749 -1.02224358 -1.03379063]
log likelihood =  -22992.273561924405
Edge derivatives =  [-0.9782534777325091, -0.1446451670133735, -0.7405387546748523, -0.40051990533591764, -0.33381368331465155, -0.17192653277046224, 0.1428671425419274, 0.33281892219531506, 0.44503264106744095, -0.709780977435057, -0.06416986744579614, -0.10193021273263136, -0.7445716350695478, 0.2293620901697637, 0.041733367559531165, 0.17412136448519455]
other derivatives: [ 0.44055923  1.86337274  2.77286745 -1.86919351 -0.67302608  0.62536856]
Current x array =  [-0.697778   -0.78113915 -0.55617225  0.51602658 -2.19991897 -0.88905782
 -1.83289442  0.14929705 -1.10063734 -2.49178906 -3.12910928 -4.88048615
 -0.60417295 -0.04932388 -1.59455834 -1.18481243 -2.6954172   0.04100126
 -2.06840647 -1.68558978 -1.02236188 -1.03353989]
log likelihood =  -22992.260635032646
Edge derivatives =  [-0.69527481612975, -0.26055889147874467, -0.09711409526310483, -0.3578159748467402, -0.3174751694650866, -0.13773013689590435, 0.32694166022721827, -0.07986456575557854, 0.3295272620338979, -0.02384751621551645, 0.05720956609868884, -0.8041839843489521, -0.2677249506896269, 0.18316351677980214, 0.1349807322450148, 0.11346952035813801]
other derivatives: [ 0.9262294   1.95395842  2.39160727 -1.27402018 -0.1724402   0.10695658]
Current x array =  [-0.69785812 -0.7811345  -0.556149    0.51523866 -2.20067811 -0.88687629
 -1.83489284  0.15015881 -1.1040171  -2.49129733 -3.12622033 -4.91133573
 -0.60448592 -0.0480173  -1.59288619 -1.18769394 -2.69827844  0.04235245
 -2.07345578 -1.68450695 -1.02260824 -1.03319896]
log likelihood =  -22992.296855617493
Edge derivatives =  [-0.9143633954899824, -0.7001802096780021, -0.09576198656452076, -0.425692077794955, -0.36806332480833576, -0.050989493632595154, 0.03163363665289326, -0.27494284656594603, -0.051607508421257164, -0.22696278528110225, 0.33935940795082487, 0.9755172764090151, 0.355992989002011, -0.2975964980896413, 0.13418275161477297, 0.08545411704458938]
other derivatives: [-18.05419743   0.21027518  10.05573722   1.70148269   0.46893547
   0.08476491]
Current x array =  [-0.69488822 -0.78087488 -0.55804173  0.51140697 -2.20105317 -0.88569919
 -1.8328299   0.14973858 -1.10618827 -2.48900262 -3.11605434 -5.00829155
 -0.60469363 -0.0485418  -1.59102099 -1.18766118 -2.70504397  0.03827778
 -2.08165888 -1.68129372 -1.02253644 -1.03334658]
log likelihood =  -22992.259111775064
Edge derivatives =  [-0.7317539381894734, -0.33366727493016796, -0.09651145992845828, -0.36912504103879823, -0.32533637985237, -0.12198126549000318, 0.27787784881020494, -0.11217706059239596, 0.26637154706043625, -0.05726639132988748, 0.10537157649028053, -0.5062373899101935, -0.16292464947043234, 0.10316425241813734, 0.13572749129921505, 0.10948114373043355]
other derivatives: [-2.22935341  1.66364771  3.67726898 -0.77816367 -0.06330083  0.1036824 ]
Current x array =  [-0.69736212 -0.78109114 -0.55646511  0.51459873 -2.20074075 -0.8866797
 -1.83454831  0.15008863 -1.1043797  -2.49091409 -3.12452251 -4.92752831
 -0.60452061 -0.0481049  -1.59257469 -1.18768847 -2.69940835  0.04167194
 -2.07482578 -1.68397031 -1.02259625 -1.03322361]
log likelihood =  -22992.254920191266
Edge derivatives =  [-0.5986955400273122, -0.2883594959598006, 0.20187593299551934, -0.3507094661556196, -0.313980741638875, -0.10043381836062358, 0.3385569701437168, -0.21457322812628643, 0.20481955747387492, 0.19620840636236386, 0.18709979865501053, -0.5309027019194198, 0.10048370017363337, 0.07969492624678651, 0.16691710737229046, 0.08933918080585451]
other derivatives: [-0.78325684  0.87129592  1.23145583  0.04583853  0.21282176 -0.14952093]
Current x array =  [-0.69764738 -0.78075296 -0.55605878  0.51357232 -2.20112002 -0.88564413
 -1.83545865  0.15023333 -1.10590878 -2.4906357  -3.12265605 -4.94810015
 -0.60454374 -0.04774228 -1.59159211 -1.18872011 -2.70130343  0.04175654
 -2.07758538 -1.68326874 -1.02258637 -1.0330342 ]
log likelihood =  -22992.253467523617
Edge derivatives =  [-0.5711834376599125, -0.21760865752699587, 0.23083748817365118, -0.35142390027791015, -0.31159651994365756, -0.09468684131193005, 0.2695225946550399, -0.17505747205113353, 0.15465493546801073, 0.17759697020124532, 0.20536336924885096, -0.3203300658248308, 0.1508986275653266, 0.05220316901577948, 0.11398377053687708, 0.044478519767073954]
other derivatives: [-0.36452548  0.10622898  0.02910383  0.34779077  0.23574103 -0.21027518]
Current x array =  [-0.69774868 -0.78046518 -0.55586163  0.51320021 -2.20108899 -0.88550206
 -1.83607107  0.1499555  -1.1060319  -2.49079569 -3.12235232 -4.95411655
 -0.6042558  -0.04791313 -1.59117634 -1.18867611 -2.70178232  0.04132737
 -2.07820042 -1.68299679 -1.02238408 -1.03288433]
log likelihood =  -22992.25176383848
Edge derivatives =  [-0.5329798506802248, -0.0708140114068258, 0.21721462676818604, -0.3551623024343381, -0.30890567074574476, -0.09048933861479494, 0.10157369440150121, -0.07630254163581984, 0.06201744579715622, 0.09718814206511023, 0.21091966151412092, 0.054762941503000095, 0.17386517861626433, -0.00551529275991125, -0.01980953370248273, -0.05998316846696894]
other derivatives: [ 0.06548362 -0.64901542 -1.11103873  0.55515557  0.18044375 -0.28012437]
Current x array =  [-0.69784571 -0.78016946 -0.55568199  0.51294683 -2.20088633 -0.88550806
 -1.8374627   0.14928621 -1.10584507 -2.49134396 -3.12246391 -4.95953105
 -0.60357057 -0.048318   -1.59055456 -1.18841234 -2.70197816  0.04054418
 -2.07864298 -1.6826077  -1.02193172 -1.03257675]
log likelihood =  -22992.250012195753
Edge derivatives =  [-0.4671296946371544, 0.11174509291256118, 0.20156899144563611, -0.3538315488742706, -0.30370499163935466, -0.08945062398045285, -0.09811954744774065, 0.013926861001186452, -0.04882364104863496, 0.04107917413002221, 0.19773452102869749, 0.37712093502863653, 0.16893330561075726, -0.08265351352217187, -0.1817405672019231, -0.19016475136734184]
other derivatives: [ 0.3939931  -0.84401108 -1.4071702   0.52059477  0.09604264 -0.35252015]
Current x array =  [-0.6978951  -0.7800634  -0.55565139  0.51297652 -2.20061571 -0.88563656
 -1.83965048  0.14843697 -1.10552355 -2.49235156 -3.12314075 -4.96254616
 -0.60267627 -0.04870375 -1.58984785 -1.18824855 -2.70158084  0.03985065
 -2.07885377 -1.6821734  -1.02141041 -1.03220681]
log likelihood =  -22992.246587682104
Edge derivatives =  [-0.2965025490952483, 0.3333304607325782, 0.2158067132544143, -0.3302140581150176, -0.2830259739987816, -0.0897831515818629, -0.31495815741849426, 0.07321823616991185, -0.2216109632811441, 0.02540125083974032, 0.16781048242479457, 0.4165150830555917, 0.15234567095958426, -0.18197301764445392, -0.30177978166400243, -0.2787761098788444]
other derivatives: [ 0.03310561 -1.48429535 -1.33914     0.21027518 -0.07821654 -0.32741809]
Current x array =  [-0.69782774 -0.77981593 -0.55569711  0.51334673 -2.20018238 -0.88643504
 -1.84487992  0.14734583 -1.10481661 -2.49510978 -3.12541011 -4.96487904
 -0.60140627 -0.04912708 -1.58869789 -1.18823321 -2.70014046  0.03962963
 -2.07898014 -1.68165648 -1.02101495 -1.03199495]
log likelihood =  -22992.257140655805
Edge derivatives =  [0.17332085635602346, 1.0068266526920704, 0.3218175819025314, -0.2018262403490676, -0.14660118132521888, -0.05043493764520418, -0.36138685068705506, 0.7730141804155919, -0.4201748919751914, -0.07357947076037985, 0.2897627028262006, 2.120414483936031, 0.46397066261385256, -0.2829200290808168, -0.06455207457838125, 0.11529238640119543]
other derivatives: [ 5.1502866   7.35744834 -0.65338099  1.07393134 -0.24883775  0.19790605]
Current x array =  [-0.69833714 -0.78235138 -0.55597199  0.51219572 -2.19925485 -0.88956425
 -1.85778223  0.1453336  -1.10245105 -2.50274342 -3.12852203 -5.00921306
 -0.5991691  -0.05086091 -1.58593739 -1.18702942 -2.69873814  0.03663552
 -2.08196986 -1.67967006 -1.02097516 -1.03265214]
log likelihood =  -22992.244838247592
Edge derivatives =  [-0.16684434533288334, 0.5175155309701054, 0.2451460804828935, -0.29492754766928275, -0.24548432292901148, -0.07863735767890107, -0.3272575640727583, 0.2646655863147458, -0.27566472677771864, -0.0014768360804711667, 0.2014414989690831, 0.8827121057459116, 0.23783431236664995, -0.20944946214482021, -0.23649206511985527, -0.170661049827804]
other derivatives: [ 1.43409125  0.94114512 -1.15214789  0.4460162  -0.12369128 -0.18371793]
Current x array =  [-0.69796704 -0.78050929 -0.55577228  0.51303197 -2.19992873 -0.88729077
 -1.84840824  0.14679556 -1.10416972 -2.49719731 -3.12626111 -4.9770028
 -0.60079448 -0.04960122 -1.58794299 -1.18790402 -2.69975698  0.03881085
 -2.07979772 -1.68111327 -1.02100407 -1.03217467]
log likelihood =  -22992.24167305694
Edge derivatives =  [0.009117758647067292, 0.5694459100526286, 0.24597527472259434, -0.2538042911189068, -0.21547581765575372, -0.0811916057661175, -0.3462486134021389, 0.2437961920117122, -0.37101319560315604, 0.016832159141212943, 0.16742676779054896, 0.49124794266805616, 0.19772987515438542, -0.2442848495175404, -0.15824464450533898, -0.08408506866420429]
other derivatives: [ 0.38817234  0.26484486 -0.06766641 -0.11568773 -0.23428584  0.034197  ]
Current x array =  [-0.69777504 -0.78029555 -0.55597871  0.51368948 -2.19963788 -0.88866244
 -1.85400587  0.14644217 -1.10310559 -2.50061394 -3.12935472 -4.97581526
 -0.60012699 -0.04974478 -1.58729901 -1.18791769 -2.69767106  0.03946901
 -2.07941771 -1.68102183 -1.02121785 -1.0324844 ]
log likelihood =  -22992.239748232103
Edge derivatives =  [0.11612858052751115, 0.47139128190476925, 0.22923387215916208, -0.21442495807491296, -0.18626942035571764, -0.08066948704511195, -0.1832975572125562, 0.18767559770958475, -0.32960174297404554, 0.02536295344360645, 0.15440215404816857, 0.11456682362431236, 0.1774315901841747, -0.1949692534901758, 0.014871479139513283, 0.07905783907741604]
other derivatives: [-0.63337211  0.28740033  0.16661943 -0.2743036  -0.26811904  0.24738256]
Current x array =  [-0.69760031 -0.78033107 -0.55601945  0.51390839 -2.19967646 -0.88967925
 -1.85729919  0.14698329 -1.1020562  -2.50311053 -3.13148994 -4.97624065
 -0.60024856 -0.04961084 -1.5874398  -1.18777708 -2.69620509  0.04023472
 -2.07894937 -1.68128479 -1.02169185 -1.03295313]
log likelihood =  -22992.239888923636
Edge derivatives =  [0.221785496671329, 0.13202583310535393, 0.17262136427162758, -0.16624117038874858, -0.1583635904228608, -0.06911549672319833, 0.11733760970493778, 0.07975740401702325, -0.26691499245405303, 0.02725817493285765, 0.17536699838567626, -0.18644205537517688, 0.2305538754731614, -0.15365260277950532, 0.26256701314144437, 0.2865657115760331]
other derivatives: [ 2.01907824 -0.73123374  4.52128006 -0.31286618  0.34451659  0.44892658]
Current x array =  [-0.69796943 -0.77997227 -0.55675643  0.51349465 -2.20016401 -0.89036523
 -1.86058003  0.1484247  -1.10083411 -2.50603161 -3.13294526 -4.98941765
 -0.60080123 -0.04918628 -1.58787944 -1.18760759 -2.6952781   0.04097986
 -2.07923316 -1.68153863 -1.02231689 -1.03348095]
log likelihood =  -22992.238948697508
Edge derivatives =  [0.1668832270102935, 0.30865229784191955, 0.20216779008346528, -0.19127735146291688, -0.17285783025026913, -0.07508534822810463, -0.03906067751855824, 0.13599234989220954, -0.29950310963149085, 0.026314284570965074, 0.1644897628335319, -0.029752904675830805, 0.20292038996398123, -0.17513373833597679, 0.13374701129971414, 0.17864630871702608]
other derivatives: [ 0.63955667 -0.20081643  2.25700205 -0.2924935   0.02619345  0.34488039]
Current x array =  [-0.69777736 -0.78015897 -0.55637294  0.51370994 -2.19991031 -0.89000828
 -1.85887283  0.14767466 -1.10147003 -2.50451162 -3.13218798 -4.98256097
 -0.60051365 -0.0494072  -1.58765067 -1.18769578 -2.69576046  0.04059213
 -2.07908549 -1.68140654 -1.02199165 -1.0332063 ]
log likelihood =  -22992.2377403645
Edge derivatives =  [0.21021924689976487, 0.1569800856430374, 0.16441344489609167, -0.16323408509685022, -0.1496141883815897, -0.07135978470240463, 0.16178577358603619, 0.07910421851269822, -0.18442810615451488, 0.0020170656907530504, 0.16651914835154563, -0.19749189462176997, 0.2007947781100632, -0.09119407484747924, 0.280485540840106, 0.31084460807343983]
other derivatives: [-2.94312485e-01  1.06228981e-01  1.21290213e+00 -8.65838956e-02
 -1.09139364e-03  4.63842298e-01]
Current x array =  [-0.69764284 -0.78029254 -0.55618039  0.51355106 -2.20011592 -0.89047665
 -1.86014687  0.14861274 -1.10053028 -2.50603769 -3.1332382  -4.98588253
 -0.60095464 -0.04918526 -1.58821983 -1.18739823 -2.69502112  0.04102793
 -2.07871337 -1.68177275 -1.02237484 -1.03354573]
log likelihood =  -22992.23678475197
Edge derivatives =  [0.2282069069118163, 0.02684265076951098, 0.10613583296065737, -0.14688138322702082, -0.13499971224623875, -0.0669634344439407, 0.2787182806381406, 0.037817577895221444, -0.0810686722224875, -0.0445519335017065, 0.16539845988823382, -0.17462166710108906, 0.1957005604353087, -0.029817432116230697, 0.3151666043415089, 0.3340941136638327]
other derivatives: [-0.15315891  0.16880222  0.22191671  0.12805685  0.0174623   0.45365596]
Current x array =  [-0.69768513 -0.78032553 -0.55598255  0.51333368 -2.20032636 -0.8904552
 -1.86066902  0.14945163 -1.09968785 -2.50713612 -3.13379092 -4.99088277
 -0.60120154 -0.04899599 -1.58879066 -1.18707809 -2.69459224  0.04110198
 -2.07842791 -1.68205103 -1.0224314  -1.03356387]
log likelihood =  -22992.235659213216
Edge derivatives =  [0.23899077728624504, -0.1720509935090258, -0.005836551365349607, -0.1329165281664808, -0.1210949984407921, -0.0572345912961145, 0.3246209231325725, -0.024347582648403865, 0.02425635833152323, -0.14473710690080022, 0.16338729879888733, 0.08006501708049751, 0.19853726051736306, 0.010472564856347677, 0.23554124192040415, 0.23826926058632225]
other derivatives: [-0.58171281  0.0170985  -0.43291948  0.54169504  0.0862201   0.29831426]
Current x array =  [-0.69764735 -0.78030789 -0.55585645  0.5128476  -2.20063937 -0.88994203
 -1.86131434  0.15054627 -1.09847956 -2.50877664 -3.13419971 -5.00372906
 -0.60121892 -0.04879344 -1.58947424 -1.18660414 -2.69427     0.04073112
 -2.07835426 -1.68225499 -1.02214778 -1.03324357]
log likelihood =  -22992.23542844262
Edge derivatives =  [0.30155260390709027, -0.23087029166414047, -0.07748999436899406, -0.11124524444037183, -0.10333749018010432, -0.053477205778107266, 0.28109171158604185, -0.07656166618430493, 0.14283086939852793, -0.1357528308069164, 0.1219386478806345, 0.01774044607791425, 0.13851904188949285, 0.06034883930049573, 0.0513628794384175, 0.03576932535356753]
other derivatives: [ 2.47564458e+00 -5.89352567e-02 -2.04163371e+00  1.50248525e-01
  2.36468622e-02  1.81898940e-03]
Current x array =  [-0.69815062 -0.78026034 -0.5554654   0.51338019 -2.20077284 -0.88913235
 -1.86246264  0.15135959 -1.09720992 -2.51106763 -3.1355908  -5.0115544
 -0.60071592 -0.0484953  -1.59012874 -1.18654982 -2.69303814  0.04102472
 -2.0776009  -1.68257565 -1.02157457 -1.03259084]
log likelihood =  -22992.234456404098
Edge derivatives =  [0.2647118155812159, -0.2715967182712738, -0.10662092475433979, -0.12193647284485569, -0.11180630602804276, -0.05119607884149093, 0.209789645399447, -0.07971938991346361, 0.10480402997312988, -0.17375520928965926, 0.12788140295379286, 0.17621976228216107, 0.14770425835989087, 0.021919241831977215, -0.003862970211876149, -0.018630601654030132]
other derivatives: [ 0.61991159  0.03819878 -0.74833224  0.31286618  0.06184564 -0.04220055]
Current x array =  [-0.6978463  -0.78033271 -0.555739    0.51315086 -2.20079465 -0.88891342
 -1.86198105  0.15127157 -1.09732261 -2.5107921  -3.13507657 -5.01502422
 -0.60062569 -0.04857428 -1.59005385 -1.18650502 -2.69343056  0.04064976
 -2.07788603 -1.6824432  -1.02144116 -1.03247802]
log likelihood =  -22992.2341147428
Edge derivatives =  [0.2566231701390338, -0.26119930552819703, -0.12153744806787331, -0.12581878782087055, -0.11520014201628445, -0.05020556352905633, 0.11518914289399823, -0.07759708349493621, 0.07665575678955779, -0.16939125568295998, 0.12028171046545885, 0.20822086083947078, 0.13563008081145503, -0.008559185432442551, -0.08247771975310439, -0.09740642724062526]
other derivatives: [ 0.03819878  0.09313226 -0.00181899  0.19826984  0.05384209 -0.12150849]
Current x array =  [-0.69774324 -0.78036927 -0.5558804   0.51327855 -2.20075821 -0.88866632
 -1.86197561  0.1511121  -1.09731116 -2.51103212 -3.13509216 -5.01756469
 -0.60032915 -0.04862259 -1.58996826 -1.18660242 -2.69337762  0.04054751
 -2.07791381 -1.68236107 -1.02123529 -1.03228115]
log likelihood =  -22992.233836893338
Edge derivatives =  [0.2620142197282872, -0.23613511477512555, -0.13572734766496625, -0.12359167901195912, -0.11336035086104791, -0.04843433112270444, 0.016836817548311567, -0.07026289668908703, 0.060758137520789, -0.14446206217943874, 0.1089812703318532, 0.1821881017177015, 0.11559172454435188, -0.03144536184137428, -0.15665912989956574, -0.17297454849592214]
other derivatives: [-0.17316779  0.1204171   0.45365596  0.00327418  0.03965397 -0.20154403]
Current x array =  [-0.69770003 -0.78039044 -0.5559579   0.51351731 -2.20072034 -0.8884505
 -1.86227424  0.15096722 -1.0971529  -2.5117477  -3.13543002 -5.0213036
 -0.59993851 -0.04866259 -1.58991051 -1.18675536 -2.69306137  0.040579
 -2.07782351 -1.68231566 -1.0210331  -1.0320857 ]
log likelihood =  -22992.233402627062
Edge derivatives =  [0.2545138960212131, -0.20134047215823747, -0.14970042794570415, -0.11837456990514082, -0.10863957883721323, -0.0447967404780714, -0.08648251801483892, -0.057553058317141303, 0.05695366773509128, -0.08965833443187549, 0.10064141980166118, 0.08550251045835155, 0.08930082729199892, -0.047654936777283635, -0.20179233612841302, -0.2222742859843328]
other derivatives: [-0.4125468  -0.16043487  0.64283086 -0.17680577  0.05020411 -0.2575689 ]
Current x array =  [-0.69766358 -0.7803119  -0.55598644  0.51374181 -2.20071124 -0.88826418
 -1.86226789  0.15078916 -1.09700144 -2.51274112 -3.13584156 -5.02721626
 -0.59953023 -0.04870777 -1.58990049 -1.18702051 -2.69264171  0.04075471
 -2.07764264 -1.68232024 -1.02091667 -1.03197317]
log likelihood =  -22992.232506232416
Edge derivatives =  [0.22547916367224755, -0.04602143713263479, -0.16789800428135154, -0.08900179385243888, -0.08027612515098803, -0.031098313177702147, -0.29742563614356926, 0.056212615257488, 0.08234059264973946, 0.09478614732590668, 0.09865591447838071, -0.10531380314614802, 0.031045122344583453, -0.053671144236246415, -0.21475795043550136, -0.23281083251537493]
other derivatives: [-0.17716957  0.89276     1.27620297 -0.39217412  0.03637979 -0.29940566]
Current x array =  [-0.69766063 -0.78064711 -0.5561021   0.51402684 -2.20066314 -0.8880537
 -1.86176636  0.15019995 -1.09661841 -2.51584227 -3.13700955 -5.04718315
 -0.59855368 -0.04891517 -1.58988226 -1.18774082 -2.69143332  0.04117208
 -2.07709474 -1.68239244 -1.02085162 -1.03195615]
log likelihood =  -22992.231553952945
Edge derivatives =  [0.16202849211743023, 0.04588808788881904, -0.18410511746866623, -0.0651833676767255, -0.05890576007322469, -0.01716886988477667, -0.42356086757641254, 0.0797169066975556, 0.08264200847113505, 0.23329413341955385, 0.1099831844676109, -0.307324723575625, -0.013678607470616166, -0.06186670495160565, -0.13320319722570068, -0.1545980386052257]
other derivatives: [-0.88621164 -0.68430381  0.59226295 -0.34997356  0.09604264 -0.19972504]
Current x array =  [-0.69759498 -0.78013294 -0.55599848  0.51398441 -2.20063613 -0.88819213
 -1.86071564  0.1496701  -1.09655288 -2.51851302 -3.13784439 -5.06653051
 -0.59806415 -0.04904176 -1.58978795 -1.18832819 -2.69047572  0.04153657
 -2.07669173 -1.68249076 -1.02110161 -1.03226069]
log likelihood =  -22992.23087352254
Edge derivatives =  [0.13785919120469145, 0.044516558672807016, -0.18619948152834115, -0.04474829578427389, -0.04235758793800551, -0.010072991227925206, -0.3321175069296197, 0.09309316510157473, 0.11398968644906143, 0.2476857972273332, 0.12965256386672375, -0.2675570544993833, -0.0114647818648837, -0.027305759986114092, -0.013255820807965779, -0.02942616131136322]
other derivatives: [-0.33287506 -0.42600732  0.39945007 -0.08403731  0.12769306 -0.07094059]
Current x array =  [-0.69768133 -0.78018687 -0.55597544  0.51363996 -2.20065632 -0.88849131
 -1.86010496  0.14972951 -1.09648608 -2.51959283 -3.13810561 -5.07525088
 -0.59830855 -0.04902392 -1.58985072 -1.18828587 -2.69015094  0.04151604
 -2.07656463 -1.68262219 -1.02140825 -1.03259858]
log likelihood =  -22992.23041759021
Edge derivatives =  [0.10500811937200802, 0.09787583712001574, -0.13542755359286124, -0.016171500380863707, -0.022103655985118466, -0.0013925848186174773, -0.1843830252425026, 0.08074075126455371, 0.1140568373740453, 0.22513430225892633, 0.15548919530818614, -0.09739948346227856, -0.00018465846932513852, 0.012034616209539606, 0.10990433031630792, 0.1121141417326657]
other derivatives: [-0.53587428  0.3092282  -1.12413545  0.29831426 -0.04947651  0.08330971]
Current x array =  [-0.69765867 -0.78039032 -0.55573826  0.51329236 -2.20048583 -0.8888624
 -1.85888122  0.14956357 -1.09686295 -2.52065893 -3.13819965 -5.08607755
 -0.59879939 -0.0489836  -1.58962007 -1.18808948 -2.68980728  0.04120203
 -2.07654462 -1.68269384 -1.02173269 -1.03299293]
log likelihood =  -22992.23018779361
Edge derivatives =  [0.08984850341345907, 0.0599719428892177, -0.1426091457828808, -0.0035689873665757377, -0.017464230706607554, 0.0021951377768493095, -0.10601979937943234, 0.06637095999443465, 0.1009211260753995, 0.1843632884518453, 0.16197467785900327, -0.008763379561121831, -0.0019872512154356647, 0.016126843322392087, 0.14582690857924113, 0.1518389062250734]
other derivatives: [ 0.63118932  0.09749783 -0.20299922  0.29904186  0.05966285  0.1371518 ]
Current x array =  [-0.69783247 -0.78029208 -0.55589447  0.51317693 -2.20048348 -0.88895742
 -1.85849694  0.1496551  -1.09691345 -2.52127039 -3.13832103 -5.09140017
 -0.59905634 -0.04891754 -1.58957787 -1.18791251 -2.68957254  0.04105408
 -2.0765204  -1.68274926 -1.02182301 -1.0331024 ]
log likelihood =  -22992.230054756925
Edge derivatives =  [0.08638006306725834, 0.054974775586282165, -0.13675556121739624, -0.0010659927883488601, -0.018640246197806333, 0.00277165659361402, -0.10094548037334106, 0.04913710689226125, 0.08094408336394479, 0.1568914628407731, 0.15814780813334106, 0.03209892739477738, -0.006110502316794025, 0.007778008876020648, 0.11409608342763863, 0.12190345772250594]
other derivatives: [ 0.48275979  0.04438334 -0.1022272   0.2401066   0.03747118  0.11095835]
Current x array =  [-0.69780898 -0.78027923 -0.55591318  0.5132541  -2.2004408  -0.88887296
 -1.8583546   0.1496316  -1.09701077 -2.52140618 -3.13832858 -5.0929016
 -0.59909603 -0.04889044 -1.58949269 -1.18783333 -2.68947818  0.04095547
 -2.07653835 -1.68273    -1.02174391 -1.03302975]
log likelihood =  -22992.229688202027
Edge derivatives =  [0.07103136420267012, 0.039248880644507045, -0.07514003912335687, 0.023077804529563234, -0.01927619074520865, 0.006186453793679281, 0.005668633061387429, -0.027653444707467667, -0.011124718034073153, 0.01821706210568924, 0.1395320428815033, 0.11903710659870381, -0.028868229629007064, -0.010313965570518807, 0.013706580286002468, 0.031006612515145082]
other derivatives: [-0.0520231  -0.04620233  0.06148184 -0.07348717 -0.08221832  0.04038156]
Current x array =  [-0.69772333 -0.7802655  -0.5559401   0.51368378 -2.20023371 -0.88864564
 -1.85742532  0.14954552 -1.09764217 -2.52234802 -3.13857739 -5.10094488
 -0.59952556 -0.04872331 -1.58904613 -1.18738017 -2.68869781  0.04070981
 -2.07651301 -1.68272596 -1.02151184 -1.03282469]
log likelihood =  -22992.22960696584
Edge derivatives =  [0.06715223392810227, 0.0376268128661551, -0.04239847478551642, 0.030338208623317445, -0.01987326316258385, 0.0066415600703980514, 0.041193251571141565, -0.014221634860304366, -0.028106760919615045, -0.014314737126371102, 0.13221349661473658, 0.07613487327642776, -0.028061062317363036, -0.007379027341999939, -0.004064609591434537, 0.011338852783227937]
other derivatives: [-0.10986696 -0.03165042  0.0520231  -0.0851287  -0.0512955   0.0163709 ]
Current x array =  [-0.6977155  -0.78027591 -0.5559358   0.51369485 -2.20027733 -0.88857534
 -1.85706009  0.14956483 -1.09790189 -2.52247708 -3.13862601 -5.10249422
 -0.59964285 -0.04871363 -1.58895322 -1.18725864 -2.6883843   0.04079255
 -2.07653907 -1.68273963 -1.0214693  -1.03276884]
log likelihood =  -22992.22943543887
Edge derivatives =  [0.04334111866541657, 0.007804938125052396, 0.035890676600322385, 0.03617177114820616, -0.023249004979038663, 0.006051753182803472, 0.034856517134517206, -0.02361875598380303, -0.05621330402042664, -0.0646414329364447, 0.1016907205448837, -0.053164903474364755, -0.013945151575900552, 1.3682204797998976e-05, -0.061992505971253525, -0.06101403052562948]
other derivatives: [ 0.14224497 -0.00363798 -0.2055458  -0.03819878 -0.13969839 -0.05857146]
Current x array =  [-0.69777132 -0.78029151 -0.55587931  0.51366215 -2.20030166 -0.88837032
 -1.8559033   0.1496956  -1.09866854 -2.52242137 -3.13873435 -5.10463332
 -0.59966595 -0.04862745 -1.58879768 -1.18708328 -2.68722998  0.0410098
 -2.07670693 -1.6827451  -1.02135322 -1.03257756]
log likelihood =  -22992.22967366005
Edge derivatives =  [-0.024378596791601648, -0.09544815165571208, 0.10475312092623068, 0.04453314371938338, -0.02249385548785176, 0.006713093193738848, 0.08303223383103281, -0.0017698655227622595, -0.05878932350055227, -0.09821720776554904, 0.07662246325907335, -0.2051577620926479, 0.014277514804285935, 0.02668769131620674, 0.017024305396483586, -0.00632207763967807]
other derivatives: [-1.3566023   0.13060344  0.84583007  0.28339855  0.05020411  0.02728484]
Current x array =  [-0.69753585 -0.7803872  -0.55609254  0.51320132 -2.2006209  -0.88856514
 -1.85410263  0.15002371 -1.0995504  -2.52229818 -3.1388929  -5.10777734
 -0.59990885 -0.04855807 -1.58883161 -1.18691739 -2.68561659  0.04131286
 -2.07691804 -1.68285755 -1.02163532 -1.03276326]
log likelihood =  -22992.229383300644
Edge derivatives =  [0.023217672840412595, -0.02292168842226322, 0.0563992433205692, 0.038659191825846706, -0.02302248280710166, 0.006249774519879584, 0.04919306852345051, -0.0171127086553291, -0.0569767841821571, -0.07462742615240509, 0.09424435956209753, -0.09839033514086681, -0.005545257792562042, 0.007952455445097206, -0.03847155955466561, -0.04473295837486474]
other derivatives: [-0.30340743  0.03601599  0.10732037  0.05748007 -0.08294592 -0.03274181]
Current x array =  [-0.69770125 -0.78031999 -0.55594276  0.51352502 -2.20039666 -0.8884283
 -1.85536747  0.14979323 -1.09893095 -2.52238472 -3.13878153 -5.10556889
 -0.59973823 -0.04860681 -1.58880778 -1.18703392 -2.68674988  0.04109998
 -2.07676975 -1.68277856 -1.02143716 -1.03263282]
log likelihood =  -22992.229322556857
Edge derivatives =  [0.016349766124770182, -0.033119902070284646, 0.06902509398551906, 0.032527472319201625, -0.024712398318583753, 0.00446193961991662, 0.01378018555795224, -0.006216721210312581, -0.04326103040808055, -0.05580333013177924, 0.08386253849451614, -0.12468852765562655, 0.007250160089359081, 0.013157244571638471, -0.037646275856107386, -0.052249782306248715]
other derivatives: [-0.11459633  0.02946763  0.04583853  0.08003553 -0.04292815 -0.04001777]
Current x array =  [-0.69773456 -0.78032143 -0.55592393  0.513486   -2.20047768 -0.88841199
 -1.85514009  0.14987944 -1.09908421 -2.52197827 -3.13875935 -5.10340591
 -0.59962214 -0.0485952  -1.58887597 -1.18709077 -2.68640575  0.04116988
 -2.07686233 -1.68276842 -1.02144752 -1.03260464]
log likelihood =  -22992.2292462433
Edge derivatives =  [-0.0001246636440557225, -0.042483328640119444, 0.07325476822174828, 0.0220599277249707, -0.025284825523704126, 0.0019538613547365087, -0.038580234398482405, 0.0033732524905794037, -0.014735520991414883, -0.011963867869506484, 0.06925775703949805, -0.08886017676266111, 0.025333150529757487, 0.019176399549840795, -0.015547858874339932, -0.03844516183736579]
other derivatives: [ 0.07457857  0.00836735 -0.02364686  0.06002665  0.04911271 -0.0167347 ]
Current x array =  [-0.69776537 -0.78032078 -0.55590028  0.51349052 -2.20058666 -0.88846317
 -1.85476424  0.14997453 -1.09924102 -2.52134342 -3.13875836 -5.10016976
 -0.59945792 -0.04856846 -1.58901632 -1.18722545 -2.68580023  0.04114293
 -2.07698342 -1.68274193 -1.02152383 -1.0326426 ]
log likelihood =  -22992.22919531409
Edge derivatives =  [-0.01758984576274103, -0.05095611417813006, 0.05819581930028131, 0.01426772682601507, -0.02588764418267578, 0.00027311434552713693, -0.0656403379438728, -0.011680969924758866, 0.002014523790142775, 0.013116414813077182, 0.05545319785840566, -0.03927503749392902, 0.03051663358219675, 0.015337911592161718, -0.0005564626509970971, -0.022073362013153908]
other derivatives: [ 0.1033186  -0.0003638  -0.01818989  0.02037268  0.04110916  0.00945874]
Current x array =  [-0.69776965 -0.7803198  -0.55589825  0.51354168 -2.20056771 -0.88851397
 -1.8544532   0.14998823 -1.0992784  -2.52093717 -3.13882306 -5.09836378
 -0.59941679 -0.04854082 -1.5891219  -1.18731591 -2.68521834  0.04104903
 -2.07702421 -1.68270554 -1.021597   -1.03271887]
      fun: 22992.22919531409
 hess_inv: <22x22 LbfgsInvHessProduct with dtype=float64>
      jac: array([-0.1033186 ,  0.0003638 ,  0.01818989, -0.02037268, -0.04110916,
       -0.00945874,  0.01758985,  0.05095611, -0.05819582, -0.01426773,
        0.02588764, -0.00027311,  0.06564034,  0.01168097, -0.00201452,
       -0.01311641, -0.0554532 ,  0.03927504, -0.03051663, -0.01533791,
        0.00055646,  0.02207336])
  message: b'CONVERGENCE: REL_REDUCTION_OF_F_<=_FACTR*EPSMCH'
     nfev: 112
      nit: 102
   status: 0
  success: True
        x: array([-0.69776965, -0.7803198 , -0.55589825,  0.51354168, -2.20056771,
       -0.88851397, -1.8544532 ,  0.14998823, -1.0992784 , -2.52093717,
       -3.13882306, -5.09836378, -0.59941679, -0.04854082, -1.5891219 ,
       -1.18731591, -2.68521834,  0.04104903, -2.07702421, -1.68270554,
       -1.021597  , -1.03271887])
