number of sites to be analyzed:  320
log likelihood =  -11570.988743765683
Edge derivatives =  [91.87083109217429, 52.937464284228724, 108.71318513257903, 210.98119481216554, 49.35353666024944, 41.41094320631884, 100.21327424863233, 104.77501091801362, 44.316812542871254, 72.01710599957515, 193.1567291798088, 104.28874705542233, 123.78749970994028, 228.2005473889033]
other derivatives: [ -13.57529982  140.97877283  -99.74501154   17.5616151  -480.28105084
  213.35872589]
Current x array =  [-0.66401828 -0.66730466 -0.62934689  0.74193734 -0.10536052 -0.51082562
 -4.60517019 -4.60517019 -4.60517019 -4.60517019 -4.60517019 -4.60517019
 -4.60517019 -4.60517019 -4.60517019 -4.60517019 -4.60517019 -4.60517019
 -4.60517019 -4.60517019]
log likelihood =  -10963.927489685782
Edge derivatives =  [87.18414121177267, 53.41095090764785, 105.82574231590831, 213.1422202356437, 47.28735386253741, 41.13990190718846, 97.28479002568962, 103.92709180153473, 42.17202306917912, 71.23850759686835, 195.3839481249153, 101.75225284077024, 121.17283135096952, 230.19194692140158]
other derivatives: [ 125.02914615  171.92669475  -67.70987966  -31.26442607 -287.13002393
  182.72949092]
Current x array =  [-0.68410728 -0.66639116 -0.77695154  0.76792537 -0.81608995 -0.49971095
 -4.46921791 -4.52683228 -4.44429426 -4.29295602 -4.53213584 -4.54388945
 -4.45687259 -4.45012204 -4.53958929 -4.49859784 -4.31933302 -4.45084163
 -4.42198699 -4.26747448]
log likelihood =  -11422.664285308027
Edge derivatives =  [-9.792300026220813, 21.901773453389527, -27.10534864492192, -117.73064342564491, -20.5038482615423, -12.297208535073025, -20.50007630181033, -3.9299331062996172, -19.150816287386654, 17.371421566009065, -95.77252036974696, -26.478600222777427, -26.74612572726025, -161.41606330135198]
other derivatives: [-21753.49764002 -21618.41439374    380.59988583    169.81357476
    376.85313146     95.0476533 ]
Current x array =  [-0.05       -0.05       -1.53655687  0.42414886 -4.0435399  -0.26474313
 -3.49514252 -3.9304581  -3.26225    -1.91308961 -4.00386424 -4.08446134
 -3.3701984  -3.28950278 -4.06843063 -3.70301097 -2.1377758  -3.31432337
 -3.06859569 -1.6971997 ]
log likelihood =  -9630.029628076885
Edge derivatives =  [75.67920681073997, 47.044314730512376, 87.90796919651252, 201.3378381761861, 34.960972831124444, 34.32159075332446, 82.85425603249091, 95.40751645645437, 31.01660150377285, 70.44392918390902, 180.366951202385, 82.78976965105586, 99.06385597112389, 208.76595193628467]
other derivatives: [-1560.69072546   576.34442783    77.79890439  -186.40075723
   145.49186744   119.53179637]
Current x array =  [-0.34235335 -0.33418538 -1.18634301  0.58264604 -2.55553335 -0.37307437
 -3.94423719 -4.2054147  -3.80722811 -3.0103202  -4.24742235 -4.29627935
 -3.87120642 -3.82460297 -4.28565698 -4.06981402 -3.1435765  -3.83831185
 -3.69257287 -2.88221752]
log likelihood =  -9984.689690456054
Edge derivatives =  [22.988740846099837, 26.60048330752905, 24.981249523240823, -109.41879570938984, 8.404804436610808, 12.801814274789445, 14.192889775762946, 35.897145856441114, -0.09833462676712011, 45.21917246385894, -97.95496028697751, 7.750246085633242, 16.573844246850047, -133.95112068315512]
other derivatives: [ -246.83668016 -9868.37931123   560.51721913  -147.48420654
   416.62697186   -22.80285116]
Current x array =  [-0.66634746 -0.05       -1.82824705  0.13442935 -5.37155236 -0.11534065
 -3.00162007 -3.62656609 -2.6646189  -0.69212453 -3.73967331 -3.85175281
 -2.81966997 -2.69647227 -3.83301911 -3.29354988 -1.02097006 -2.74065503
 -2.38501427 -0.38388807]
log likelihood =  -9012.13357709604
Edge derivatives =  [57.083507838105355, 38.344731409413875, 62.71975596341064, 124.21520328516675, 22.175709691087825, 25.958710852986016, 60.524180930660265, 76.75360013799502, 17.597712163875535, 63.92500388200311, 110.49663779960545, 54.588993771481775, 68.91951616334626, 101.20902830785654]
other derivatives: [ -90.34665709 -719.59620982  135.88905858  -51.51232472  342.49424061
   46.18777893]
Current x array =  [-0.49540534 -0.19993868 -1.48957289  0.37091238 -3.88579621 -0.2513232
 -3.49895307 -3.93197166 -3.26746947 -1.91522475 -4.00756612 -4.08628889
 -3.37446976 -3.29168385 -4.07183479 -3.7031136  -2.1408757  -3.31978833
 -3.07489357 -1.70202844]
log likelihood =  -8822.28443032803
Edge derivatives =  [60.08777350848523, 36.854681138983246, 67.25082165584843, 110.49198482213176, 23.915298808575198, 26.654721240681308, 61.77610772907608, 78.33023445539015, 17.77981677802016, 63.77726614432995, 98.82054092366472, 54.37595844060971, 69.5577768242731, 79.12606377501304]
other derivatives: [ -8.53269739 -20.4965545  119.17200027 -42.89322533 362.43618524
  18.31904228]
Current x array =  [-0.60804844 -0.42875321 -1.52501372  0.27321714 -4.10667155 -0.1890824
 -3.35260212 -3.84012665 -3.09125975 -1.55531713 -3.93130451 -4.01702577
 -3.21149798 -3.11248187 -4.00457528 -3.57645944 -1.81235259 -3.15214478
 -2.87392681 -1.32403115]
log likelihood =  -8594.277843924068
Edge derivatives =  [52.826788069689584, 32.55411573560295, 63.15699367995663, 41.578055362638516, 21.14489218495067, 23.21197614136556, 51.19452923062446, 67.60523473297508, 12.028299072913587, 57.98761668794615, 38.1473792201505, 42.48164540627368, 55.41827471639576, 1.6514134925293906]
other derivatives: [ 15.62584657  25.48185876 198.49212549   9.07039066 354.37406041
 -51.50286597]
Current x array =  [-0.64067677 -0.54250417 -1.51555646  0.07145883 -4.14474796 -0.06781639
 -3.10839037 -3.68481127 -2.79615087 -0.9618143  -3.80613299 -3.90039419
 -2.93975177 -2.80783541 -3.89603741 -3.3586807  -1.27071935 -2.87577657
 -2.54038867 -0.716283  ]
log likelihood =  -9383.262849810762
Edge derivatives =  [39.695834110224844, 24.342885783887013, 30.172612347464153, -243.98420211084905, 9.789475364416221, 8.580346863267298, 7.6713525794330275, 22.4393162990073, -1.0272127757689575, 20.760278644190695, -197.15225691452196, 16.429323121230798, -4.8090227407727655, -294.0647036384962]
other derivatives: [   901.25467977    209.58141249 -10954.1171696     137.1736289
   -338.308746     -220.75219022]
Current x array =  [-1.18026988 -0.82898963 -0.05       -0.17021424 -1.65767285  0.05001613
 -2.50355231 -3.28879767 -2.04501864 -0.10328292 -3.52652433 -3.61645445
 -2.30960906 -2.03165684 -3.70094887 -2.73908981 -0.47926916 -2.28988456
 -1.8099014  -0.07949627]
log likelihood =  -8129.252346515005
Edge derivatives =  [55.08804657900061, 29.125111785473713, 68.25271277770935, 10.388333763132092, 20.613136421044068, 21.689066294172225, 46.98880776443312, 61.04076483365075, 8.879505956564813, 53.21659197862052, 9.38199358011762, 41.00862930925989, 50.1129297601468, -25.307485208331453]
other derivatives: [ 456.44783313  137.39054339  -29.69227353   88.03908713  188.39164113
 -131.06500774]
Current x array =  [-0.89607134 -0.67810047 -0.82189459 -0.04292734 -2.96759156 -0.01204513
 -2.82211474 -3.49737425 -2.44063281 -0.5554632  -3.67379154 -3.7660028
 -2.64149921 -2.44046268 -3.80370014 -3.06542242 -0.89611842 -2.59846829
 -2.19464207 -0.41488576]
log likelihood =  -7949.270083806017
Edge derivatives =  [43.974053040764666, 24.858030174685034, 57.23853504742646, -69.40008345280911, 16.596023301867223, 17.074040193701503, 33.554568323178955, 42.04331410178213, 3.5477573697630707, 42.78928875696783, -52.75060910312823, 28.577446103538062, 29.54174071960552, -94.09509104435557]
other derivatives: [ 374.004685     82.92226994 -211.4430572   131.81543181  -53.71903171
 -149.00460883]
Current x array =  [-0.87402399 -0.66216428 -0.57539906  0.04270691 -2.20077596 -0.22091172
 -2.50853547 -3.30861731 -2.05333534 -0.20396064 -3.53662117 -3.62879374
 -2.33477337 -2.06545948 -3.71466519 -2.76113307 -0.57465488 -2.31106362
 -1.84424283 -0.1726412 ]
log likelihood =  -7779.239950197334
Edge derivatives =  [28.109711309123995, 21.567547075942866, 33.69433682333743, -84.97341224573158, 12.400769415528574, 12.611198612010591, 21.49425482545775, 20.791253044211473, 0.34574836884118054, 34.56092557088424, -61.785408562617725, 14.104709498875833, 11.528611122047439, -78.20289279366614]
other derivatives: [ 150.52009985  -84.64703569  179.77836251   44.52558642 -102.53661458
  -72.22170098]
Current x array =  [-0.74329963 -0.57149106 -0.90207911  0.37963411 -1.96903425 -0.65670027
 -2.27785821 -3.17424759 -1.76802771 -0.24955779 -3.44608458 -3.53507119
 -2.13421946 -1.81487284 -3.67426647 -2.53099855 -0.59001276 -2.13537693
 -1.64209434 -0.33298711]
log likelihood =  -7704.361469595824
Edge derivatives =  [26.217516103115145, 22.27175780621248, 25.447006912384175, -36.31714624902231, 11.859073815420047, 11.274707488384673, 20.363710457387143, 17.02005696141659, 1.2074540377232754, 30.87390907599547, -23.201876395226396, 14.496352429962313, 11.690872254907607, -15.391929179498698]
other derivatives: [  -7.66376616 -193.3243766    89.21415429  -18.78706826  -65.98666005
  -26.8983058 ]
Current x array =  [-0.66746633 -0.50823593 -0.79821092  0.60172181 -1.95937635 -0.93945816
 -2.18677937 -3.11810424 -1.65764296 -0.4714213  -3.4147679  -3.50028716
 -2.06938622 -1.7346815  -3.67584863 -2.42702559 -0.76309257 -2.09229088
 -1.60038152 -0.60083776]
log likelihood =  -7655.1742627062085
Edge derivatives =  [18.16193500104282, 20.13964518888482, 12.962661476061482, -27.124150508784176, 10.21189584600103, 7.819691301241891, 12.027198201844474, 4.075526252333721, -0.05242982750124581, 20.622180278284794, -20.856248134979563, 7.950831821408493, -0.5087421382526102, -6.885771895892238]
other derivatives: [ -88.72639228 -157.46991266    5.46542651  -39.52163752  -21.61386874
  -17.96233846]
Current x array =  [-0.64322909 -0.55229966 -0.688785    0.67025164 -2.1454032  -1.18571401
 -1.9766208  -2.97908739 -1.41202331 -0.4435174  -3.31943891 -3.40922598
 -1.87762543 -1.52446313 -3.62890787 -2.21687212 -0.70306645 -1.9219258
 -1.41154838 -0.56801998]
log likelihood =  -7624.714933761395
Edge derivatives =  [10.620568856363917, 18.14763632581021, -2.7162883660912986, -4.95401946429422, 8.700379080346028, 4.45706552248334, 3.8890335694563696, -7.089667671905781, -0.6862145187750508, 8.367431542464475, -5.554274840403961, 2.3523310726180826, -9.795421745783006, 10.444088498918454]
other derivatives: [ 16.22911441 -11.22316462 -41.04231266 -32.88687367   6.0947059
  -6.70634108]
Current x array =  [-0.68300294 -0.65688579 -0.63726494  0.64048233 -2.27626725 -1.47924304
 -1.74269809 -2.80137528 -1.15996632 -0.50927119 -3.20636171 -3.30779411
 -1.67841914 -1.33191257 -3.58856706 -1.978438   -0.72499734 -1.75260051
 -1.25322274 -0.58946275]
log likelihood =  -7620.381241629186
Edge derivatives =  [6.935249874801863, 17.07600596780671, -8.743767722282808, -3.7977125989756013, 7.957540979288138, 3.3717326926267326, 0.3933079251632372, -11.049800419861084, -1.0418406337128745, 4.36011035308535, -4.666964853267612, -0.8547123444543194, -12.69370086646497, 7.68896558669654]
other derivatives: [  4.10782377  13.02378223   5.83531801 -18.53804861   8.32524165
  -5.14082785]
Current x array =  [-0.67835989 -0.68088805 -0.66789996  0.58306088 -2.3096414  -1.55138096
 -1.67229461 -2.73407752 -1.10331281 -0.5187899  -3.16683246 -3.27706062
 -1.62416126 -1.29425602 -3.57828607 -1.91089036 -0.72633655 -1.70672441
 -1.22583941 -0.56645477]
log likelihood =  -7617.456938297827
Edge derivatives =  [5.27422901016075, 16.801771238289035, -10.587678984800544, -0.20866655689986713, 7.7629041625791, 2.9603690595257004, -0.6074191557789235, -9.793782531231997, -0.9076916151649387, 2.450855218248392, -0.3586867036749073, -1.3000667797652028, -10.06965684072223, 6.007006706255225]
other derivatives: [ 1.52131179 29.65034582  6.88605724  0.61081664  1.97223926 -2.48410288]
Current x array =  [-0.67721809 -0.69195709 -0.67127163  0.51524627 -2.2985082  -1.59905184
 -1.63023513 -2.67011099 -1.10133753 -0.55304977 -3.13499849 -3.25830419
 -1.60454946 -1.30726534 -3.57919499 -1.87367698 -0.75575015 -1.69439095
 -1.24876319 -0.55929683]
log likelihood =  -7614.624345023919
Edge derivatives =  [-0.11437885060061903, 15.66918888951772, -13.576828099084588, 3.5481011866736756, 7.03411371256676, 1.9026586818736662, -3.731075735411197, -7.804634201051424, -0.8237589489828285, -2.368436667903664, 4.4820734873589485, -3.474110195326836, -5.332442502594945, 1.1394398164139985]
other derivatives: [68.03502401  2.402885   22.46551958 13.82586561 -0.69812813  1.58488547]
Current x array =  [-0.70739378 -0.66878957 -0.68114325  0.46026021 -2.29564934 -1.70414465
 -1.530114   -2.50749659 -1.10684264 -0.59253267 -3.05358764 -3.21227049
 -1.55792157 -1.33085282 -3.57858872 -1.79046215 -0.78576864 -1.66184128
 -1.2886573  -0.52815688]
log likelihood =  -7611.509011612319
Edge derivatives =  [-1.5932127654448516, 15.422390536015545, -10.542770066463017, 4.714100393456628, 7.115805253303971, 1.9033801641211063, -2.938632026104135, -2.6816747988247114, -0.4280443497111941, -2.767097413333003, 6.7245785899065496, -2.543421034085254, 0.6004286759177189, -4.121378902294426]
other derivatives: [16.41610652  0.04220055 10.367512   23.58738129 -4.67916834  2.98423402]
Current x array =  [-0.68483007 -0.66537034 -0.67748094  0.42828673 -2.28359167 -1.71659129
 -1.507658   -2.41730238 -1.17009757 -0.61329523 -3.013915   -3.19875225
 -1.56801296 -1.39152574 -3.58708352 -1.78081629 -0.80533638 -1.67617952
 -1.35184968 -0.50731403]
log likelihood =  -7608.757896628897
Edge derivatives =  [-3.911568367424416, 14.857394826083818, -7.115704103745528, 4.608966516357548, 7.028989547815663, 1.8017986264033168, -2.335204060021483, 2.162776018673539, -0.06700433382429907, -3.4827192204817683, 7.039729171567167, -1.9138850441882025, 5.919073420181799, -8.150292327243408]
other derivatives: [-16.99027052 -14.01640475  -0.35670382  18.46328814  -5.67624738
   3.96939868]
Current x array =  [-0.67107462 -0.6546411  -0.67144301  0.44967832 -2.27244863 -1.73459768
 -1.47970715 -2.29790332 -1.24376292 -0.62079081 -2.95991328 -3.17948797
 -1.57668529 -1.45072774 -3.59490829 -1.76888544 -0.80953942 -1.68891281
 -1.40976812 -0.48969161]
log likelihood =  -7605.853952918915
Edge derivatives =  [-7.510820436956199, 13.490006955374144, -2.773475771516554, 4.322046184772701, 6.718445293649458, 1.5518922942252433, -1.5665452134589857, 7.634641743323072, 0.35698046676813994, -4.5779230109528015, 6.198175854019972, -1.1818196934572296, 11.589205520701846, -10.321365019468447]
other derivatives: [-25.38035915 -15.98837116  -4.18967829   3.59868864  -5.21467882
   4.85106284]
Current x array =  [-0.66650614 -0.65300955 -0.66832389  0.50561916 -2.26105733 -1.76509902
 -1.44014913 -2.11061621 -1.34200239 -0.61975797 -2.87324572 -3.14736594
 -1.58371694 -1.51688593 -3.60324807 -1.7502305  -0.8008386  -1.70139091
 -1.46970243 -0.4760624 ]
log likelihood =  -7601.743012012525
Edge derivatives =  [-13.52532675409321, 9.15129279963317, 0.08356365769140817, -0.2288172384057685, 4.802043502025446, 0.22610583437654563, -2.68254022821568, 7.941687926858208, 0.2397035472186104, -7.66529385269922, -0.8231849979864352, -2.0357245403779163, 10.760008223954257, -7.249743476997939]
other derivatives: [-44.96669135 -33.31733751 -25.731606    -1.6057129    1.93267624
   3.90291461]
Current x array =  [-0.66099363 -0.64697766 -0.64777438  0.52339387 -2.29444681 -1.81623907
 -1.39845341 -1.76088875 -1.44272044 -0.58320327 -2.70158619 -3.07959049
 -1.56699356 -1.52785757 -3.60264835 -1.7168493  -0.7458702  -1.69339163
 -1.45444946 -0.48396001]
log likelihood =  -7599.777390169564
Edge derivatives =  [-13.667422076467574, -3.556724180175605, 9.379156783679896, 1.3028390936456362, 1.8964540288113434, -0.4247275593650809, 3.17596303492671, 13.753440530404573, 0.893599510653166, -3.2776308350912347, -4.501867363527559, 2.9677065894157075, 14.100100336531268, 10.32433601567321]
other derivatives: [12.20250851 35.91694622 13.69289748 -9.26302164  3.45844455  2.51729944]
Current x array =  [-0.67681959 -0.69235403 -0.67554295  0.54902947 -2.28329216 -1.80320472
 -1.47863843 -1.20519458 -1.71675051 -0.56347685 -2.43990717 -3.00626477
 -1.63563514 -1.60549206 -3.62321057 -1.78420734 -0.70791605 -1.76599197
 -1.47115964 -0.56926589]
log likelihood =  -7595.966329521696
Edge derivatives =  [-9.963120224010428, 4.637504980976448, 6.161527867976484, -3.194063334896229, 2.6843088507878896, -0.04461056639403438, 0.665099792191345, 5.800826079840257, 0.11361238040756182, -2.8087762198137374, -5.920896097274666, 0.8915732645634653, 4.8308108142141615, 8.922815288438926]
other derivatives: [-2.06255208  7.30451575 -4.80904419 -5.55573934  7.656854    0.58935257]
Current x array =  [-0.67454407 -0.6733756  -0.66028037  0.53443317 -2.3051857  -1.77029532
 -1.52416171 -1.44203236 -1.57789338 -0.54486035 -2.54469214 -3.04307659
 -1.61459954 -1.5030656  -3.60864304 -1.79973131 -0.70283896 -1.73795398
 -1.37531785 -0.56522573]
log likelihood =  -7594.444721850601
Edge derivatives =  [-9.951987064659754, 2.7451001208293357, 4.494952073444557, -3.145957249357559, 1.2424495220719944, -0.7182597592526601, -1.1664231255082333, -0.0653893883164045, -0.4383572589110214, -3.6123384815929365, -4.576986816164064, -0.375102680709676, -1.8699717952673076, 6.287324045057763]
other derivatives: [-8.89504008 -9.80890036 -3.47608875 -2.02899173  2.98186933 -0.49003575]
Current x array =  [-0.67438187 -0.66389946 -0.65816803  0.52463277 -2.29703845 -1.78666424
 -1.56809398 -1.36521441 -1.5402993  -0.55342431 -2.50169804 -3.02896122
 -1.59882882 -1.44256985 -3.60346637 -1.80419997 -0.71581719 -1.72284611
 -1.31072193 -0.55499093]
log likelihood =  -7593.280460135548
Edge derivatives =  [-6.235645245388438, 2.3322250881017217, 4.759182463802831, 0.03877037557659335, 0.5078477730449205, -0.7315880897517979, -0.510366980568945, -4.176082538235586, -0.7487696786680845, -1.2335173231539216, 0.8587135347175647, 0.7605580175338774, -6.511085857508495, 0.7830531151919784]
other derivatives: [ 12.56294127   6.15500539 -19.23635864   4.368394    -3.54048098
  -2.18251444]
Current x array =  [-0.68341788 -0.67383969 -0.64666352  0.50843481 -2.27803431 -1.77016293
 -1.68902288 -1.3014915  -1.50502472 -0.57474696 -2.46684657 -3.03016503
 -1.60946293 -1.39369446 -3.60471902 -1.85242073 -0.7507295  -1.72774116
 -1.26058734 -0.526789  ]
log likelihood =  -7592.870367738365
Edge derivatives =  [-4.748999575187861, 0.07881130522841873, 4.421990778765653, 0.6122593105244398, -0.48622557613157064, -0.8382019309116222, -0.24995687759801624, -6.143173048080453, -0.8786772867788136, 0.5192839775363989, 2.345397691984463, 0.6617522885668076, -8.057171090887914, -3.021513292447576]
other derivatives: [-6.23795131 -3.51747076 23.16455721  1.2788405  -5.37302185 -3.19314495]
Current x array =  [-0.67519819 -0.66752757 -0.67750058  0.51728816 -2.26780726 -1.75863626
 -1.78034319 -1.23235345 -1.49908998 -0.58577749 -2.4333576  -3.03068259
 -1.62578312 -1.38643449 -3.60982631 -1.89145022 -0.76825754 -1.73791932
 -1.25398348 -0.51222938]
log likelihood =  -7592.478598762233
Edge derivatives =  [-4.571288103156241, 0.4165146988932226, 5.0211300350710975, 1.0546827787833013, -0.11883817526157409, -0.7041506372228867, 0.35005834009296843, -3.9402239549473412, -0.6875484651632807, 0.7411321350229859, 2.4249960098772583, 1.20131299884808, -5.33013439686108, -2.8431259049615925]
other derivatives: [ 0.32378011  0.39217412  7.30906322  0.89657988 -3.62852006 -2.85008355]
Current x array =  [-0.67745119 -0.66925726 -0.6663077   0.51913044 -2.27214481 -1.75960664
 -1.77549684 -1.23524705 -1.50530914 -0.58448423 -2.43632764 -3.03207623
 -1.62845904 -1.40483564 -3.61181732 -1.88912394 -0.76526731 -1.7399997
 -1.27510056 -0.51041544]
log likelihood =  -7592.160075110036
Edge derivatives =  [-3.765271198515583, 0.7479097896042521, 5.080631154010294, 1.4085537537359691, 0.1379051641635758, -0.5635708215686829, 0.9411246842828804, -2.15516461471592, -0.49884360286851614, 1.4686788627326242, 2.5718667623889733, 1.5980666153488172, -2.6592369103249407, -3.5951219984420346]
other derivatives: [ 0.97388693  1.1506927  -4.3253749  -0.31905074 -1.0392796  -2.74412741]
Current x array =  [-0.67731587 -0.66918713 -0.65833421  0.52333911 -2.27927134 -1.75940404
 -1.80369949 -1.2324925  -1.49382527 -0.58350926 -2.43647962 -3.03662111
 -1.63326109 -1.42081057 -3.61519088 -1.89657878 -0.76367986 -1.74093032
 -1.29681244 -0.50401052]
log likelihood =  -7591.7907320178465
Edge derivatives =  [-2.689284667743434, 0.7731924430160985, 4.176820991980736, 1.422344372016425, 0.1897853272563897, -0.49647346141096205, 1.232803338216278, -0.9013566065109042, -0.3169936346555101, 2.3395425465388873, 2.2952796338841344, 1.571277649008169, -0.21248950689753518, -4.2041939647631885]
other derivatives: [ 2.13231033 -1.10585461 -9.50321919 -1.57378963  2.02117008 -2.69765223]
Current x array =  [-0.67754639 -0.66749522 -0.65451914  0.52675538 -2.28915908 -1.76486659
 -1.86230387 -1.21819332 -1.45837781 -0.58113495 -2.43082901 -3.04264265
 -1.63581615 -1.43273234 -3.619532   -1.90741937 -0.7599251  -1.7366168
 -1.31683736 -0.49810359]
log likelihood =  -7591.407846548596
Edge derivatives =  [-1.552420276125383, 0.8337234820375741, 0.34622660191386834, 0.25542887666376424, 0.15746094835225494, -0.6157223464431648, 0.6610445681906703, -0.09519763304188367, -0.11676872701481404, 2.5271087567704935, 0.49114263364466515, 0.4988155320480161, 1.9424545508956186, -3.103865269752991]
other derivatives: [-21.75765985  12.24052539 -14.07652235  -0.03255991   2.05445758
  -2.20534275]
Current x array =  [-0.66776958 -0.67992845 -0.65063089  0.52439272 -2.29716145 -1.79542309
 -1.96814864 -1.19891166 -1.36104896 -0.57301838 -2.42260379 -3.05329052
 -1.62503037 -1.43888331 -3.62494413 -1.90630188 -0.74637483 -1.71409292
 -1.33363764 -0.50127865]
log likelihood =  -7591.198946406685
Edge derivatives =  [-1.2546799698768973, -0.48778522568353855, -2.8081143740340817, -0.12456730162484386, -0.2858787994735264, -0.8111999060223717, -0.07264438507005688, 0.37866068317344453, -0.018749906996768997, 2.4592374383327598, -0.769622747768977, -0.6088353125788118, 3.4524500765661745, -1.9397285949083778]
other derivatives: [17.17380655 -0.09731593 -0.4800313  -1.71430656  3.56121745 -1.6570084 ]
Current x array =  [-0.68397113 -0.67056023 -0.65793852  0.52649687 -2.30238732 -1.82422916
 -2.04181101 -1.15893345 -1.29895694 -0.56823997 -2.40411788 -3.05642164
 -1.61578561 -1.44459556 -3.62906    -1.90122822 -0.73686809 -1.69747278
 -1.34474603 -0.50347851]
log likelihood =  -7591.060663464672
Edge derivatives =  [-1.566452095946078, -0.7373012429295648, -1.549541662224522, -0.2951333413838608, -0.41043296218800074, -0.8450364113212995, -0.06905439826636234, -0.5041806203704442, -0.13892534673367885, 2.0876886182331518, -0.5159450325429824, -0.40187568244694705, 1.680863841323739, -1.6181049295785994]
other derivatives: [ 1.91721483  1.15496732 -0.48748916 -0.67611836  1.53577275 -1.88592821]
Current x array =  [-0.67784287 -0.67183878 -0.65845781  0.52442523 -2.2958288  -1.81759755
 -2.01222272 -1.15819363 -1.32823827 -0.57029576 -2.40299588 -3.05222993
 -1.61760971 -1.43700517 -3.62687435 -1.89947654 -0.74052394 -1.70345718
 -1.33021801 -0.50816242]
log likelihood =  -7591.031060865262
Edge derivatives =  [-1.6085821195660772, -0.7253518167975159, -1.6029872357795727, -0.46823023733392466, -0.45481409822002805, -0.8663062395730831, -0.20953793197012943, -0.8101602611507495, -0.18332938157385842, 1.7956782336477262, -0.6361322253980619, -0.5073591718001894, 0.9687117889985919, -1.0565759936543964]
other derivatives: [-1.31749402  0.721775    0.77361619 -0.13415047  0.58644218 -1.83090378]
Current x array =  [-0.67665822 -0.67168387 -0.65938572  0.52297328 -2.29305558 -1.82058134
 -2.01154294 -1.1595481  -1.3290022  -0.570258   -2.40346584 -3.05267154
 -1.61638021 -1.43444211 -3.6264758  -1.8956146  -0.74055611 -1.70297831
 -1.32427467 -0.51206439]
log likelihood =  -7590.983518265364
Edge derivatives =  [-1.4795239618779, -0.5178616104058265, -1.6761406934801293, -0.5517245565742932, -0.44654764649698786, -0.8516211767090118, -0.3227256520077928, -0.9007421006856429, -0.2297767691774571, 1.3043798710473147, -0.6844893379205628, -0.5949004586396136, 0.09609510403780824, 0.024423866227120446]
other derivatives: [-3.20869731 -0.06020855  2.24408723  0.60090315 -0.7550625  -1.605531  ]
Current x array =  [-0.67598554 -0.67098816 -0.66063133  0.52091484 -2.28842971 -1.82860643
 -2.02003728 -1.16401704 -1.3279975  -0.57058052 -2.40583626 -3.05617073
 -1.61522952 -1.43415588 -3.62679739 -1.88770326 -0.74114556 -1.70257703
 -1.31702951 -0.51884574]
log likelihood =  -7590.915205445458
Edge derivatives =  [-1.0076178462993475, -0.0977718474136613, -1.3888962991056824, -0.16050694442257196, -0.323068001009112, -0.7540935703410012, -0.19795810756881835, -0.4129895500126255, -0.25475323002900846, 0.6627541476091019, -0.2913728540881926, -0.452038001410496, -0.5608300506362649, 1.2445669809283686]
other derivatives: [-2.78587322  0.0349246   2.64562914  0.68866939 -1.38779797 -1.18025127]
Current x array =  [-0.67598398 -0.67049336 -0.66138698  0.52080147 -2.28482569 -1.8434919
 -2.04372919 -1.16892144 -1.32903575 -0.57201368 -2.40957112 -3.06451025
 -1.61577087 -1.43901599 -3.62881073 -1.8755618  -0.7435151  -1.70402144
 -1.31123251 -0.52535679]
log likelihood =  -7590.96564514077
Edge derivatives =  [-0.14277391566710357, -0.11160331531372164, -1.4864753927915946, -0.2456176995595183, -0.32305544967583344, -0.6300297300027772, -0.2610238196123207, 0.006241392037403037, -0.2971802991639705, -0.4280309056027246, -0.32161648815411814, -0.486569210291497, -0.8084505680034699, -0.32036309403550073]
other derivatives: [ -7.8449375  -19.07610567  -2.1807864    0.52705218  -1.25437509
  -0.53942131]
Current x array =  [-0.6749244  -0.65690135 -0.65797584  0.52104163 -2.28557792 -1.88074858
 -2.1142676  -1.15668263 -1.32159058 -0.56955641 -2.40873605 -3.08444228
 -1.61470263 -1.4448539  -3.63590566 -1.85577873 -0.74378141 -1.70411072
 -1.31019241 -0.5167759 ]
log likelihood =  -7590.8863776791595
Edge derivatives =  [-0.6676624936315955, -0.09570880617104588, -1.420018480857228, -0.1871431105714636, -0.3216273432212792, -0.7062043397961267, -0.21870600910819, -0.2521703217779658, -0.27037249856899037, 0.25794869371630597, -0.29753051173053224, -0.46235541039817574, -0.6507450760177755, 0.6628753342642913]
other derivatives: [-4.66625352 -7.04776539  0.82745828  0.62964318 -1.33222784 -0.93396011]
Current x array =  [-0.67558521 -0.66537804 -0.6601032   0.52089185 -2.28510879 -1.85751338
 -2.07027619 -1.16431538 -1.32623377 -0.57108889 -2.40925684 -3.07201163
 -1.61536884 -1.44121308 -3.63148089 -1.86811647 -0.74361532 -1.70405504
 -1.31084107 -0.52212739]
log likelihood =  -7590.833132561791
Edge derivatives =  [0.007997398665103295, 0.3685242425845348, -0.6125372763764046, 0.4955614201335016, -0.08587334692601772, -0.5308234315298578, 0.16141285196633118, 0.5612408005045371, -0.2610495897436606, -0.29079897123932685, 0.41747588473049557, -0.03202175255169752, -0.702996010695823, 0.9076551398837813]
other derivatives: [-0.68157533 -1.91193976 -0.56752469  0.40599843 -1.16424417 -0.5066795 ]
Current x array =  [-0.67670776 -0.66834102 -0.65966927  0.52186355 -2.2845015  -1.8761216
 -2.10237125 -1.16574118 -1.33188931 -0.57165545 -2.41276809 -3.08390793
 -1.61703108 -1.44741067 -3.63518206 -1.855617   -0.74613779 -1.70728426
 -1.30900098 -0.52149102]
log likelihood =  -7590.818819713152
Edge derivatives =  [0.18848497063608888, 0.3410029496429446, -0.3231755470359889, 0.5796324210274317, -0.03320909838247832, -0.472602281803723, 0.2701614067307053, 0.7248378224862958, -0.242308386141496, -0.3082989992523182, 0.5116603542669833, 0.08698996454275532, -0.34074822837204155, 0.2961688321697451]
other derivatives: [ 0.27803253 -0.69449015  0.09758878 -0.04192771 -0.40190571 -0.43119144]
Current x array =  [-0.67694247 -0.66923266 -0.66019247  0.52304642 -2.28717533 -1.88225057
 -2.11310294 -1.16199279 -1.33446074 -0.57042723 -2.41243374 -3.08811129
 -1.61731602 -1.44832059 -3.63703525 -1.85380425 -0.74570986 -1.70822735
 -1.31168209 -0.51696451]
log likelihood =  -7590.8097854853395
Edge derivatives =  [0.2785989370143148, 0.1796781144833124, 0.08478097043295878, 0.3388731499519303, -0.009128156838572044, -0.42003806910298924, 0.27045760059213747, 0.4783585633264638, -0.22621037456224202, -0.30099378852456515, 0.35635633876535744, 0.18907607214543898, -0.05391843539112867, -0.44736265346251525]
other derivatives: [ 1.39525582  0.7210474  -2.79260348  0.02910383  0.01946319 -0.40163286]
Current x array =  [-0.67746106 -0.67048717 -0.65792629  0.52305752 -2.28998562 -1.88969081
 -2.11841022 -1.1545799  -1.33963475 -0.56700992 -2.41074539 -3.09255255
 -1.61570645 -1.44387743 -3.63922292 -1.85264958 -0.74331112 -1.70846652
 -1.31277212 -0.51146239]
log likelihood =  -7590.803653903755
Edge derivatives =  [0.27177669294922435, 0.024365183617532538, 0.07536394179070108, 0.07841753657630224, -0.0339376529505071, -0.4030173949525009, 0.1674015653057222, 0.24401004096796874, -0.21927434100469617, -0.2882059744195059, 0.10282776828959861, 0.0956006323297908, 0.07257742998505953, -0.6679801930418027]
other derivatives: [ 0.8238203   0.39317456  0.40918167 -0.18135324  0.34997356 -0.35761332]
Current x array =  [-0.67722582 -0.67052319 -0.6600903   0.52335331 -2.29168666 -1.89458071
 -2.12223315 -1.15090127 -1.3400637  -0.56495958 -2.41001085 -3.09548633
 -1.6143324  -1.44154122 -3.64067648 -1.85228565 -0.74155553 -1.70786206
 -1.31388422 -0.50975198]
log likelihood =  -7590.800961075753
Edge derivatives =  [0.23213421364051862, -0.013629049669980797, 0.07769693479455603, -0.0664811527253002, -0.04712659154008658, -0.4008102014246766, 0.09337596988408262, 0.055572882685619884, -0.22176602264948844, -0.30165106345759074, -0.0220676898671881, 0.049518498205965794, -0.03489028683814957, -0.4801323475489577]
other derivatives: [ 0.12387318  0.19435902  0.49631126 -0.03528839  0.17143975 -0.33505785]
Current x array =  [-0.67700008 -0.67047989 -0.66009321  0.52296129 -2.29139357 -1.89618477
 -2.12062527 -1.15028417 -1.34078243 -0.56424189 -2.40994312 -3.09640829
 -1.6134065  -1.43951493 -3.64108946 -1.852189   -0.7408605  -1.7074794
 -1.31279684 -0.51081707]
log likelihood =  -7590.797763944953
Edge derivatives =  [0.18477002523267655, -0.05038214884090281, 0.09984638517968768, -0.24738331321013973, -0.043895894588426965, -0.37755054914385, -0.0160896664164471, -0.20062027167288737, -0.21415998773202127, -0.27785151402460373, -0.18514231473868348, -0.007454829189067327, -0.1169101286294543, -0.04446571025562769]
other derivatives: [-0.54733391  0.02874003  0.25356712  0.12432793 -0.02983143 -0.24210749]
Current x array =  [-0.67678515 -0.67046759 -0.65983374  0.52258798 -2.29103623 -1.90044721
 -2.11888553 -1.14932636 -1.34178294 -0.56321977 -2.41013611 -3.09949476
 -1.61173206 -1.43648729 -3.64253156 -1.85238502 -0.73982156 -1.70681716
 -1.31157257 -0.51304086]
log likelihood =  -7590.795398979846
Edge derivatives =  [0.14997814244958355, -0.07192562230325622, 0.12803390273031073, -0.24660311243875177, -0.020756170758880477, -0.34236466807876087, -0.0647074788477438, -0.28860692154211487, -0.19977336482831176, -0.17651403677774857, -0.19298222126075126, -0.020873294114209046, -0.07865446140806628, 0.23138858157638933]
other derivatives: [ 0.2575689  -0.21300366  0.22109816  0.10204531 -0.07075869 -0.13315002]
Current x array =  [-0.67710725 -0.6702547  -0.65976329  0.52267507 -2.29077233 -1.90416798
 -2.11712754 -1.14866438 -1.34255009 -0.56323806 -2.41039385 -3.10313018
 -1.61073533 -1.43521678 -3.64439119 -1.85358731 -0.73969054 -1.70651059
 -1.31134367 -0.51428533]
log likelihood =  -7590.7950920555995
Edge derivatives =  [0.12396536639636492, -0.05889576567854027, 0.2618596177248009, -0.0460584672867097, 0.09499621519132045, -0.2235145440101246, -0.08319863352159695, -0.24074653035626548, -0.1513524323564758, 0.10997326510434458, -0.013298959953197631, 0.0285957518393406, 0.1506635976034373, 0.7035580541114123]
other derivatives: [-3.31156116  0.43537511 -0.70995156 -0.0941327  -0.052205    0.20154403]
Current x array =  [-0.67553003 -0.670752   -0.65922896  0.52369576 -2.2904544  -1.91530045
 -2.1156357  -1.14762361 -1.34473195 -0.56452497 -2.41160655 -3.11500596
 -1.60912984 -1.4348867  -3.65042747 -1.8568522  -0.74058962 -1.70644517
 -1.31212409 -0.5162884 ]
log likelihood =  -7590.793364783614
Edge derivatives =  [0.1364642631414109, -0.06510179936799526, 0.19770166544179835, -0.14228155968161116, 0.039484515398648945, -0.28024242227172513, -0.07426056330466596, -0.26364542709838784, -0.17453388344923704, -0.02727729186029204, -0.09940603370288104, 0.0049138584802025514, 0.04078605992852835, 0.4770724761175385]
other derivatives: [-1.5963451   0.12432793 -0.26320777  0.         -0.06111804  0.04183676]
Current x array =  [-0.67628681 -0.67051338 -0.65948535  0.52320601 -2.29060695 -1.90995885
 -2.11635152 -1.14812299 -1.34368504 -0.56390748 -2.41102467 -3.1093077
 -1.60990019 -1.43504508 -3.64753113 -1.85528563 -0.74015822 -1.70647656
 -1.31174963 -0.51532728]
log likelihood =  -7590.7914358645
Edge derivatives =  [0.09801541424606748, -0.08213618708841941, 0.18638092595497915, -0.0037691939048976053, 0.07296979231203854, -0.2432566681552828, -0.06649049032900742, -0.1888544157630554, -0.15728505116534264, 0.14223819164689855, 0.006641980988424834, 0.020703903982271843, 0.18206886499714744, 0.4790735570794717]
other derivatives: [-0.01955414 -0.15234036 -0.14624675 -0.12878445  0.01300577  0.13433237]
Current x array =  [-0.67688548 -0.67019535 -0.65955319  0.52354778 -2.2905071  -1.91214718
 -2.11404869 -1.14778548 -1.34361651 -0.56481822 -2.41112862 -3.11293407
 -1.60964651 -1.43558516 -3.64961591 -1.85753057 -0.74074305 -1.70638316
 -1.31248306 -0.51508146]
log likelihood =  -7590.790616578201
Edge derivatives =  [0.08773546209777133, -0.08098471433845628, 0.16495181168019935, 0.09261281633674501, 0.09101822729630848, -0.22756984373567313, -0.03637847400527422, -0.08404018075345926, -0.15215849179121976, 0.2108365671163812, 0.08713995538841113, 0.040071993842253115, 0.24656972535713773, 0.3215586124438113]
other derivatives: [ 0.34051482 -0.13096724 -0.0691216  -0.16725608  0.03374225  0.16134436]
Current x array =  [-0.6770064  -0.67016052 -0.65963327  0.52365389 -2.29046359 -1.91249465
 -2.11337039 -1.14787704 -1.34320732 -0.56547545 -2.41109726 -3.1145726
 -1.60990028 -1.43666489 -3.6506176  -1.85845082 -0.74123795 -1.70645182
 -1.31291846 -0.51416882]
log likelihood =  -7590.789187564525
Edge derivatives =  [0.048872124437834744, -0.0799900861105537, 0.10675793917595502, 0.14217806821370504, 0.11032562050873734, -0.20446012254758217, -0.014278801253126833, 0.01575541158149346, -0.15225749980817466, 0.2666916067993368, 0.1259850448204367, 0.04614044277340487, 0.21803149572231306, 0.07388538575779273]
other derivatives: [ 0.45592969  0.13405952  0.06666596 -0.05029506 -0.08394636  0.18699211]
Current x array =  [-0.67705522 -0.67035222 -0.65974067  0.52331186 -2.29025445 -1.91302659
 -2.11121853 -1.14824909 -1.3424254  -0.5659814  -2.41083957 -3.11790293
 -1.61001735 -1.43768419 -3.65264278 -1.85919185 -0.74150123 -1.70629016
 -1.31240029 -0.51279352]
log likelihood =  -7590.78807923977
Edge derivatives =  [-0.02861545282384849, -0.07495774228462526, -0.01576743831549096, 0.13553916597286153, 0.12710625641922263, -0.15704508149912366, 0.00456101569635714, 0.16411284439178792, -0.16020856070263817, 0.2720465662237858, 0.1057294693392623, 0.026210008817009814, 0.0667161287132989, -0.4695367361588951]
other derivatives: [-0.38789949 -1.54323061 -0.21518645 -0.02255547  0.04483809  0.21682354]
Current x array =  [-0.67683912 -0.66925378 -0.65948766  0.52310785 -2.29109622 -1.91439805
 -2.10776298 -1.1489952  -1.34090563 -0.56626577 -2.40980437 -3.1264206
 -1.61019691 -1.43943093 -3.65784399 -1.85908227 -0.74144147 -1.70582974
 -1.31066135 -0.50978171]
log likelihood =  -7590.78608581504
Edge derivatives =  [-0.06457566334713125, -0.04298801822274939, -0.05377505973042035, 0.10635977752300763, 0.1383648894363478, -0.13703423785541613, 0.0060714120051311715, 0.17853362391802763, -0.16424397639933697, 0.2412332424176845, 0.07472856919543736, 0.016893065858370346, -0.08714350637830645, -0.39894647314981085]
other derivatives: [-0.05011316 -0.0165528   0.22128006  0.13224053 -0.09349606  0.22664608]
Current x array =  [-0.67693557 -0.67040821 -0.6597783   0.52267395 -2.29096011 -1.91476115
 -2.10515896 -1.14996161 -1.34020182 -0.56609149 -2.40940573 -3.13001566
 -1.60995671 -1.43932395 -3.66004794 -1.85838711 -0.74110502 -1.70539631
 -1.30886966 -0.50998917]
log likelihood =  -7590.785132259178
Edge derivatives =  [-0.07521698753026393, -0.017858707491115733, -0.05781606132153004, 0.03554198295862743, 0.1316601829148554, -0.1295624775195754, -0.008670170804484068, 0.1319427768105227, -0.1675186114554138, 0.16749379943088416, 0.010048882448678853, -0.00012963658305453762, -0.19736147880459878, -0.2527293224323538]
other derivatives: [-0.07821654  0.27648639  0.16025297  0.13815225 -0.05329639  0.21773303]
Current x array =  [-0.67693387 -0.67067978 -0.65969302  0.52265249 -2.29124661 -1.91481857
 -2.10427025 -1.15052764 -1.3400273  -0.56556665 -2.40898812 -3.13207848
 -1.60972432 -1.43871635 -3.6613743  -1.85712489 -0.74060299 -1.70510258
 -1.3077131  -0.51067099]
log likelihood =  -7590.783349045029
Edge derivatives =  [-0.09331085519252742, 0.03178011847820056, -0.0727110991933798, -0.045148996172867495, 0.11483129100939132, -0.0973645848555198, -0.013532340594923253, 0.09766472613327887, -0.16311576446099116, 0.037647320535126094, -0.06283208684628105, -0.02463351745072291, -0.28075841727681794, -0.08623500178037107]
other derivatives: [-0.05766196  0.34970071  0.12432793  0.0088221   0.10522854  0.20527295]
Current x array =  [-0.67695136 -0.67080837 -0.65960927  0.52302506 -2.2918503  -1.9144661
 -2.10259465 -1.15172176 -1.33947304 -0.56496852 -2.4074427  -3.1389948
 -1.60965829 -1.43828939 -3.66610752 -1.85459876 -0.74004051 -1.7046302
 -1.30667491 -0.51135945]
log likelihood =  -7590.781721654266
Edge derivatives =  [-0.0874078629806557, 0.12301776678310955, -0.06974410130650063, -0.11193867440370231, 0.059686983029469565, -0.03875351072875499, 0.010410908057547213, 0.03430163603754499, -0.13404143025282522, -0.16399087181797933, -0.09320828605265552, -0.024223074019772098, -0.15751654936526494, 0.10814484345110596]
other derivatives: [ 0.31322998  0.62591425 -1.72531145  0.31295713 -0.29431249  0.13505996]
Current x array =  [-0.67714924 -0.67091775 -0.65832273  0.5223455  -2.29057283 -1.91018625
 -2.10036662 -1.15384329 -1.33865727 -0.56489636 -2.4034685  -3.15184049
 -1.61020704 -1.43774203 -3.6761658  -1.85049161 -0.74012007 -1.70426357
 -1.30754788 -0.51260479]
log likelihood =  -7590.779832174814
Edge derivatives =  [-0.11207816628412436, 0.1196570301195915, -0.10933459635024559, -0.15527023593882427, 0.013586786587082456, -0.0006395889679703393, -0.016557637071693304, -0.05375514975374973, -0.1183212652437774, -0.24530246013263346, -0.13523467929507627, -0.08214059023211556, -0.093415908092389, 0.22712678096081712]
other derivatives: [-0.26293492 -0.09767973  0.25102054  0.08776624 -0.18271749  0.120599  ]
Current x array =  [-0.67689143 -0.67043817 -0.6597426   0.52283221 -2.2906719  -1.90890845
 -2.09913046 -1.1546741  -1.33840152 -0.56497875 -2.40125314 -3.1604176
 -1.61036587 -1.43746844 -3.68257963 -1.84868161 -0.74023028 -1.7040357
 -1.30832949 -0.51333705]
log likelihood =  -7590.779130911433
Edge derivatives =  [-0.0983641794522512, 0.1111659066242055, -0.09422906939731934, -0.057213538929040464, 0.022120636699430207, 0.0048522555638590426, 0.011237810066453663, 0.014871258346470018, -0.11198935301794845, -0.1792906268629335, -0.049371952568903144, -0.055480715473878006, 0.017560359584316954, 0.0789935287660924]
other derivatives: [-0.05838956 -0.19181243  0.12332748  0.04019967 -0.12441888  0.12432793]
Current x array =  [-0.67695038 -0.6703107  -0.65968633  0.52296615 -2.29070071 -1.90856193
 -2.09965795 -1.15432114 -1.33845515 -0.56557449 -2.40119612 -3.1604873
 -1.61065855 -1.43820816 -3.68284208 -1.8496383  -0.74077212 -1.70430222
 -1.30930775 -0.512524  ]
log likelihood =  -7590.778502377247
Edge derivatives =  [-0.07361770613469225, 0.10413949073944484, -0.04314052496520486, 0.05221039264749372, 0.017864929661238427, 0.026706283453163615, 0.03554650906338774, 0.0401853536130477, -0.09661230825481028, -0.10664826716667519, 0.04561420257605597, -0.02466294978843718, 0.15787661130861197, 0.0036392999480953925]
other derivatives: [-0.33041943 -0.05438778 -0.11787051 -0.03219611 -0.00063665  0.10204531]
Current x array =  [-0.6767952  -0.67036761 -0.65955878  0.5231919  -2.2909053  -1.90700663
 -2.10006452 -1.15383588 -1.3387973  -0.56624282 -2.40015667 -3.1636059
 -1.61089323 -1.43852692 -3.68594745 -1.85055381 -0.74139959 -1.70466285
 -1.31041004 -0.51208281]
log likelihood =  -7590.77932912626
Edge derivatives =  [-0.041896157044479604, 0.07514349246910962, 0.03832856957270664, 0.1480267465597348, -0.003068942584868395, 0.06494668612061205, 0.045410848095749884, 0.02290089353690189, -0.08034043814401431, -0.00693966112394806, 0.11507736497153731, 0.0051963908760434135, 0.2506802296853782, -0.11031339195500967]
other derivatives: [ 2.48219294 -0.37261998  0.06220944 -0.06702976  0.16689228  0.03919922]
Current x array =  [-0.6779166  -0.66997818 -0.65964876  0.52306696 -2.29119393 -1.90413761
 -2.10028153 -1.1527992  -1.33940687 -0.56666635 -2.39814323 -3.16949552
 -1.61092126 -1.43835421 -3.69193926 -1.85172293 -0.74181074 -1.70512056
 -1.31070636 -0.5112539 ]
log likelihood =  -7590.778299239953
Edge derivatives =  [-0.06387031729020456, 0.0952319516753724, -0.018093197090469637, 0.08166873919039819, 0.0114466265991649, 0.03851087546919196, 0.03858571884936843, 0.03487848837228885, -0.09158505950108392, -0.07597150893763327, 0.0669705431200538, -0.015477451152806479, 0.18642154144719023, -0.03137634344152403]
other derivatives: [ 0.53514668 -0.15224941 -0.06257324 -0.04311005  0.0507498   0.08258212]
Current x array =  [-0.67713991 -0.6702479  -0.65958644  0.5231535  -2.29099402 -1.90612471
 -2.10013123 -1.15351721 -1.33898468 -0.56637301 -2.39953775 -3.16541634
 -1.61090185 -1.43847383 -3.6877893  -1.85091319 -0.74152598 -1.70480355
 -1.31050113 -0.51182801]
log likelihood =  -7590.778011828839
Edge derivatives =  [-0.05131355504592636, 0.08145909894212655, 0.01620567915724755, 0.09850735298073166, 0.003498357940014296, 0.04765287717862876, 0.034632905426340344, 0.00548409709175629, -0.0862706139263515, -0.03968640776083787, 0.08004721380593471, -0.007590218734101303, 0.20333955930640354, -0.03079063861046028]
other derivatives: [ 0.31641321 -0.03783498 -0.09231371 -0.03637979  0.08612915  0.05720722]
Current x array =  [-0.67703855 -0.67033179 -0.65957326  0.52312825 -2.29109106 -1.90509972
 -2.10037943 -1.15304278 -1.33935031 -0.56648049 -2.39895222 -3.16685448
 -1.61082757 -1.43820791 -3.68954367 -1.85147041 -0.74164178 -1.70499543
 -1.31054326 -0.51183486]
log likelihood =  -7590.777571485628
Edge derivatives =  [-0.03639346554715875, 0.04154749485699233, 0.06558251926562075, 0.06449598199552775, -0.012426052925840536, 0.05998140900565585, 0.012253100449487575, -0.06144004211602766, -0.08332379087210724, 0.020051099982450582, 0.04973656035687579, -0.0030420838405949557, 0.13706992227361853, -0.04240225853994081]
other derivatives: [-0.00891305  0.0689397  -0.06903065  0.01991793  0.07103154  0.00136424]
Current x array =  [-0.6769134  -0.67043883 -0.65957533  0.52296541 -2.29114597 -1.90334561
 -2.10081639 -1.15192467 -1.33997043 -0.56630952 -2.39802167 -3.16897213
 -1.61050325 -1.43760299 -3.69265972 -1.85255076 -0.74152888 -1.70532365
 -1.30970815 -0.5118124 ]
log likelihood =  -7590.777367810457
Edge derivatives =  [-0.033796478932732146, 0.0132375342863994, 0.07223492798333854, 0.01460404858655151, -0.018526597180989812, 0.0617914421628073, -0.002242650963081322, -0.07467746890292148, -0.0854695021022643, 0.03941450077684128, 0.011425592825407449, -0.003408883980591082, 0.05187170960406348, -0.03788884563728522]
other derivatives: [-0.08740244  0.02155502 -0.03619789  0.02028173  0.02701199 -0.02510205]
Current x array =  [-0.6768983  -0.67042855 -0.65957359  0.52300473 -2.29107217 -1.90267438
 -2.10118339 -1.15122058 -1.3400643  -0.56603679 -2.39773572 -3.16942501
 -1.61028999 -1.4375256  -3.69416223 -1.8530149  -0.7413244  -1.70549744
 -1.30880662 -0.51187051]
log likelihood =  -7590.777220029249
Edge derivatives =  [-0.030142040431730188, -0.014987954098538814, 0.056651757130984456, -0.023997712988779396, -0.018391857530335565, 0.062487113868382904, -0.003452868706870116, -0.031032830871139727, -0.08558541998871254, 0.04257978521696493, -0.012300513340111507, 0.005342690273109588, -0.035370106726761164, 0.02209066610216886]
other derivatives: [ 0.09549694  0.46975401  0.1805347   0.00600267 -0.03974492 -0.0421096 ]
Current x array =  [-0.67695746 -0.67076262 -0.6597114   0.52311124 -2.29089657 -1.90214121
 -2.10182117 -1.15049198 -1.33964088 -0.56579922 -2.39750793 -3.16971114
 -1.61014146 -1.43799432 -3.69654378 -1.85312917 -0.74114808 -1.70570744
 -1.30779667 -0.5121657 ]
log likelihood =  -7590.777034231354
Edge derivatives =  [-0.032207322757665274, -0.039127597973244166, 0.028702800061597394, -0.058420139457157516, -0.021733354352450662, 0.0611318397279802, -0.008412419463089765, 0.0066287106019014, -0.08640583241819953, 0.0395410514291199, -0.03564282068188529, 0.006119126646420753, -0.0978749414841355, 0.021046319285461697]
other derivatives: [-0.02528395  0.01218723  0.05238689 -0.01491571 -0.07212293 -0.05275069]
Current x array =  [-0.67693967 -0.6704371  -0.65960309  0.52320731 -2.29078949 -1.90177519
 -2.10235447 -1.14997101 -1.33921238 -0.56568746 -2.39735612 -3.16988438
 -1.61008899 -1.43851959 -3.69839693 -1.85320569 -0.74106749 -1.7058712
 -1.30715628 -0.51222633]
log likelihood =  -7590.776925951368
Edge derivatives =  [-0.03193632217693157, -0.04106061775044001, 0.005934511400881054, -0.04235337252802207, -0.0182925433091784, 0.05902619957719912, -0.00015124406245217714, 0.051267279906755836, -0.08456249009899673, 0.030909933635016262, -0.021147485973059155, 0.011351732134780038, -0.08722545447843796, 0.028269650306984632]
other derivatives: [-0.00654836 -0.06939445  0.01482476 -0.0338332  -0.05875336 -0.04401954]
Current x array =  [-0.6769448  -0.67036567 -0.65958286  0.52326369 -2.29078753 -1.90190901
 -2.102687   -1.14992433 -1.33878535 -0.56580381 -2.39743892 -3.16960868
 -1.61016883 -1.43901241 -3.69915479 -1.8530379  -0.74115225 -1.70591986
 -1.30722473 -0.51225734]
log likelihood =  -7590.776668925095
Edge derivatives =  [-0.023543497628539967, -0.04435397764442245, -0.039408047373504396, 0.00014519142260360773, -0.01502677779827677, 0.05525126524378132, 0.010846093392838596, 0.11867037445821504, -0.07667572915032779, 0.009109790511061866, 0.005081899228985609, 0.02138138032888634, -0.053092138021786306, 0.055291933718273865]
other derivatives: [ 0.01582521 -0.11223165 -0.04156391 -0.02792149 -0.0093678  -0.03310561]
Current x array =  [-0.67694449 -0.67031437 -0.65955858  0.52320999 -2.2909039  -1.90201713
 -2.10377182 -1.14974172 -1.33778193 -0.56606654 -2.39746743 -3.16925678
 -1.61023227 -1.43975281 -3.70248604 -1.85256057 -0.74128791 -1.70602436
 -1.30736399 -0.51233931]
log likelihood =  -7590.776232655979
Edge derivatives =  [-0.004587704674511445, -0.04630651415190107, -0.09982788557446642, 0.026093390263325356, -0.019680314391116394, 0.04659059206563387, 0.004145965704260263, 0.13218918761475257, -0.06356746057459417, -0.027724387188083233, 0.010154735190087028, 0.018365450678304487, -0.009687208984178158, 0.015936861770742085]
other derivatives: [-0.04447429 -0.22773747  0.12050805 -0.04038156 -0.00272848 -0.02892193]
Current x array =  [-0.67692404 -0.67023641 -0.65967895  0.52324529 -2.29094451 -1.90228587
 -2.10587227 -1.14954859 -1.3364817  -0.5662144  -2.39756009 -3.16832166
 -1.61014603 -1.43996062 -3.70946909 -1.85179214 -0.74132837 -1.70605697
 -1.30743631 -0.51202092]
log likelihood =  -7590.77798494865
Edge derivatives =  [0.09071746917682387, 0.007030732384740612, -0.161103418366912, 0.08289960323159695, -0.006710856037006163, 0.0183341541622154, 1.5632921018665646e-05, 0.13308993429718358, -0.022999416707143353, -0.12125865621052889, 0.032014773086609605, 0.06309464694046991, 0.06848435783414847, 0.08092750251719116]
other derivatives: [ 0.50004019  0.50467861 -2.38260327  0.11559678 -0.02255547 -0.02264642]
Current x array =  [-0.67718134 -0.67075229 -0.65786106  0.5230604  -2.29119647 -1.90351746
 -2.112429   -1.14889503 -1.33348053 -0.56597743 -2.39838106 -3.16342817
 -1.6095149  -1.4392256  -3.73058247 -1.84976653 -0.74100225 -1.70604681
 -1.306438   -0.51173749]
log likelihood =  -7590.776018649391
Edge derivatives =  [0.019199979199306633, -0.03304486001625617, -0.11491812731420598, 0.04020587246345575, -0.016448081761558764, 0.0396233026869105, 0.003146649772092891, 0.1324262056784996, -0.053297941353145514, -0.05082521838954224, 0.015621606016372969, 0.029474315336695797, 0.009952224950770694, 0.03217445665382237]
other derivatives: [ 0.09049472 -0.04583853 -0.49903974 -0.00181899 -0.0077307  -0.02746674]
Current x array =  [-0.67698783 -0.67036432 -0.65922821  0.52319945 -2.29100698 -1.90259125
 -2.10749802 -1.14938654 -1.33573756 -0.56615564 -2.39776365 -3.16710831
 -1.60998954 -1.43977837 -3.71470417 -1.85128989 -0.74124751 -1.70605445
 -1.30718878 -0.51195065]
log likelihood =  -7590.775632975003
Edge derivatives =  [0.04430692445047242, -0.02797117403488436, -0.13986707538149176, 0.03392047428462219, -0.027845978568702134, 0.030583520440588097, -0.022895750635578138, 0.05079724753548981, -0.040708116058896904, -0.0779029947402049, -0.004958127036579274, 0.012792027919184615, 0.03809901347285369, -0.02721780811945646]
other derivatives: [ 0.00263753 -0.03783498 -0.14852048 -0.01091394 -0.01837179 -0.03574314]
Current x array =  [-0.67696082 -0.67040467 -0.65946805  0.52323329 -2.29106997 -1.90290665
 -2.10961096 -1.14930825 -1.33507599 -0.56603414 -2.39790618 -3.16589178
 -1.60973097 -1.43893316 -3.72224506 -1.85070208 -0.74113157 -1.7059607
 -1.30707202 -0.51148938]
log likelihood =  -7590.775434221021
Edge derivatives =  [0.06539346713271979, -0.02111961839304005, -0.10898350046162751, 0.020588438786772745, -0.0347049164065511, 0.02920472331601709, -0.0400593589306521, -0.03524154871821167, -0.03292108406850969, -0.06622768513725719, -0.012849224437445628, 0.0038987361202773158, 0.04005484556246838, -0.03554746380255876]
other derivatives: [ 0.19363142 -0.02437446  0.02364686 -0.01564331  0.01991793 -0.04711183]
Current x array =  [-0.67704076 -0.67042409 -0.65957809  0.52321761 -2.29123693 -1.90299057
 -2.11066363 -1.14923598 -1.33540964 -0.56581585 -2.39798192 -3.16526104
 -1.60956734 -1.43796321 -3.72688154 -1.85080431 -0.74105935 -1.7058937
 -1.30677139 -0.5113087 ]
log likelihood =  -7590.77561435871
Edge derivatives =  [0.08416568943017337, -0.000977246099026774, -0.07026005243681835, -0.050554347258483956, -0.034340049051706956, 0.019980192212225578, -0.05728045135845275, -0.1410086794922647, -0.025966858904138745, -0.06771913539941943, -0.042493616121559, -0.014850638002913988, -0.0048914130981290715, -0.023732004359375995]
other derivatives: [-1.23000063  0.25502231  0.08794814  0.00418368 -0.01618901 -0.04311005]
Current x array =  [-0.67647035 -0.67071776 -0.65964175  0.52326141 -2.29130718 -1.90399366
 -2.11180926 -1.1494874  -1.3361076  -0.56528732 -2.39866405 -3.16302864
 -1.60948216 -1.43677733 -3.73228813 -1.85082572 -0.74088528 -1.70565836
 -1.30605982 -0.51128867]
log likelihood =  -7590.775358880449
Edge derivatives =  [0.07200346354997243, -0.014030587588908017, -0.09535081381108367, -0.004440845586475284, -0.03457542970942057, 0.02596473926993148, -0.0461200156030096, -0.0724494455590805, -0.030461420805841286, -0.06674667660259526, -0.023281661742424298, -0.002699474329349874, 0.024263796454775888, -0.03138498114214854]
other derivatives: [-0.30695446  0.07412382  0.04629328 -0.0086402   0.00736691 -0.04556568]
Current x array =  [-0.67684001 -0.67052744 -0.65960049  0.52323303 -2.29126165 -1.90334359
 -2.11106682 -1.14932446 -1.33565527 -0.56562984 -2.39822199 -3.16447538
 -1.60953736 -1.43754586 -3.72878431 -1.85081184 -0.74099809 -1.70581088
 -1.30652097 -0.51130165]
log likelihood =  -7590.775262915128
Edge derivatives =  [0.07898623342211857, -0.006927283774029236, -0.05992662348552566, -0.018231974738502466, -0.03315304696149718, 0.026874334900644503, -0.04734814678696864, -0.10568934780746148, -0.028885180500005908, -0.04786691240103447, -0.021140528102761902, -0.004303265827690569, 0.011935647990488851, -0.013254625876404587]
other derivatives: [-0.13324097  0.07048584  0.04929461 -0.01264198  0.03083187 -0.04520189]
Current x array =  [-0.67691001 -0.67051711 -0.65959902  0.52322989 -2.29132903 -1.90353727
 -2.11111471 -1.14938688 -1.33623946 -0.56546155 -2.39839014 -3.16402923
 -1.60955459 -1.4371256  -3.72977242 -1.85110624 -0.7409858  -1.70575648
 -1.306282   -0.5113379 ]
log likelihood =  -7590.775113134135
Edge derivatives =  [0.08489686906167498, 0.005051119281584637, -0.01578955921900997, -0.0355372642531675, -0.024285811855353556, 0.02670198037748195, -0.03711343679810236, -0.11261839351441161, -0.026481601366142804, -0.02149291616734672, -0.010263104650360066, -0.003748408841697165, -0.006132434109971635, 0.018412999148285758]
other derivatives: [ 0.02946763  0.04174581  0.02737579 -0.0093678   0.03683454 -0.02992238]
Current x array =  [-0.67697342 -0.67047242 -0.65959335  0.52321176 -2.29130812 -1.90417793
 -2.11106737 -1.14958186 -1.3370665  -0.56527024 -2.39887041 -3.16289475
 -1.60974612 -1.43696062 -3.73118598 -1.85151592 -0.74102591 -1.70566216
 -1.30594554 -0.51143724]
log likelihood =  -7590.774936264063
Edge derivatives =  [0.08810131356774205, 0.016815705186448926, 0.02197916595861725, -0.04634885473384909, -0.006232200462463144, 0.023788584447713923, -0.011946590052528822, -0.0684628724557162, -0.022040133250903426, 0.006553137349616378, 0.004790189660741184, -9.194737112984408e-05, -0.028266486585166672, 0.0446645736242933]
other derivatives: [0.14761099 0.03601599 0.02355591 0.00045475 0.00518412 0.00218279]
Current x array =  [-0.67701469 -0.67042857 -0.65961819  0.52319423 -2.29114068 -1.9053059
 -2.11103989 -1.14982317 -1.33788637 -0.56514425 -2.39970245 -3.1608854
 -1.61014346 -1.43733133 -3.73398994 -1.85193136 -0.74109198 -1.70554326
 -1.30548703 -0.51149336]
log likelihood =  -7590.7748641289
Edge derivatives =  [0.08070857664242885, 0.014744965674228283, 0.04293695543519507, -0.021913539564550888, 0.005077918301688078, 0.019856702587163988, 0.0037438584822713505, -0.032660793926865606, -0.01708717315736942, 0.028560915518914598, 0.00035855854009136934, -0.0030613157391322643, -0.023980597568347778, -0.00232137490029842]
other derivatives: [-0.06421033 -0.38926373 -0.13606041  0.00254659  0.03028617  0.02273737]
Current x array =  [-0.67694547 -0.67010389 -0.65952302  0.52316911 -2.291181   -1.90598482
 -2.11050451 -1.14986886 -1.3385186  -0.56532995 -2.40028205 -3.15934834
 -1.61046088 -1.43771518 -3.73707943 -1.85228423 -0.74108152 -1.70543654
 -1.30533391 -0.5112021 ]
log likelihood =  -7590.774767164223
Edge derivatives =  [0.07669144706776554, 0.014190732908320514, 0.04005392495865827, 0.00282321711913891, 0.015328748636761702, 0.018089180472307675, 0.021470141145760624, 0.021412095486417648, -0.01467484138905803, 0.03197869300646616, 0.011771421862521336, 0.0036819512950559824, -0.014171379319170146, -0.000939202119211606]
other derivatives: [ 0.01073204 -0.06493792 -0.04074536  0.00745786  0.01509761  0.03765308]
Current x array =  [-0.67695321 -0.67032318 -0.65960916  0.52316645 -2.2911138  -1.90633911
 -2.110261   -1.14989065 -1.33849682 -0.56547005 -2.40055749 -3.15864427
 -1.6106427  -1.43823276 -3.73811146 -1.85227383 -0.74110684 -1.70541486
 -1.30532215 -0.51115526]
log likelihood =  -7590.774729722616
Edge derivatives =  [0.07098061462008326, 0.007567907552492037, 0.025698410811089922, 0.020641460291796143, 0.015137259444662265, 0.01652176791382931, 0.021952279980699818, 0.034617016880228224, -0.013439778602497843, 0.025618364256847492, 0.007598324705292647, 0.0034935684586601956, 0.0007013908216109699, -0.02165877046050141]
other derivatives: [-0.02401066  0.00945874 -0.00645741  0.00654836  0.01500666  0.03665264]
Current x array =  [-0.67693559 -0.67038258 -0.65963392  0.523171   -2.29112689 -1.90623172
 -2.11003687 -1.1498043  -1.33827419 -0.56560953 -2.40051249 -3.15861444
 -1.61062941 -1.43838584 -3.73866284 -1.85214838 -0.74107627 -1.70541655
 -1.30544285 -0.51103737]
log likelihood =  -7590.774664784338
Edge derivatives =  [0.05617940000974511, -0.006861659325536951, 0.006353896535552059, 0.0391969000912995, 0.013372861981749862, 0.012297575443153463, 0.01846311169668413, 0.04085238081834075, -0.010369047436633555, 0.017785511039614232, -0.005728841075256064, -0.0006568264822368469, 0.023219857848187614, -0.054500127056415784]
other derivatives: [-0.07130438  0.05193215  0.0253749   0.00472937  0.00954969  0.03392415]
Current x array =  [-0.67691802 -0.67042551 -0.6596513   0.5231837  -2.29113611 -1.90603206
 -2.109317   -1.14964652 -1.33808062 -0.56578844 -2.40048319 -3.15827486
 -1.61058605 -1.43847467 -3.74029256 -1.85199913 -0.74099654 -1.70538405
 -1.3055807  -0.51084652]
log likelihood =  -7590.774563300484
Edge derivatives =  [0.02658499047579685, -0.028392007966179023, -0.014717769432667102, 0.03423680563500753, 0.009057381651054519, 0.004252123048139933, 0.009529281602882633, 0.03350516639350204, -0.006141946398281306, 0.007673352321700522, -0.01731540667774567, -0.008388068456814682, 0.03605547629804798, -0.05322154825882646]
other derivatives: [-0.08712959  0.0597538   0.06384653 -0.00309228 -0.00227374  0.03010427]
Current x array =  [-0.67691847 -0.67044772 -0.65966491  0.52321749 -2.29111753 -1.90568827
 -2.10771509 -1.1495095  -1.33806168 -0.56586501 -2.40049819 -3.15743431
 -1.6105043  -1.43842592 -3.74281532 -1.85184745 -0.7409406  -1.70532805
 -1.30558225 -0.5108396 ]
log likelihood =  -7590.774903700594
Edge derivatives =  [0.006429004409112329, -0.01734244161356835, 0.002665230940621169, 0.061055695836644164, 0.009425151568454693, -0.006683641784066663, 0.011920058786984461, 0.02112112743447908, 0.004860723146771051, -0.005525029406944881, 0.026199690142738596, 0.014556620597508813, 0.052779619622164986, -0.04210256357520096]
other derivatives: [ 0.04765752  0.4290996  -0.99253157  0.06648406  0.00582077  0.0165528 ]
Current x array =  [-0.67698513 -0.67070884 -0.6589011   0.52309453 -2.29121915 -1.90487289
 -2.10555554 -1.14975857 -1.33831516 -0.56599578 -2.40053907 -3.15574348
 -1.61036416 -1.43804917 -3.7490916  -1.85158683 -0.74108063 -1.70541856
 -1.30520843 -0.51074827]
log likelihood =  -7590.774544617279
Edge derivatives =  [0.022851203433775155, -0.026334709390677113, -0.011483245538111059, 0.03922551513087624, 0.00912774091190921, 0.0022254466669419104, 0.00997717200463405, 0.031208407222913792, -0.004084262370036146, 0.005229056794611386, -0.009227849144925582, -0.004124752210955485, 0.03918138497495696, -0.0511426783181503]
other derivatives: [-0.06202754  0.12842065 -0.13196768  0.00982254 -0.0007276   0.02764864]
Current x array =  [-0.67693085 -0.67049621 -0.65952309  0.52319466 -2.2911364  -1.90553688
 -2.10731412 -1.14955575 -1.33810874 -0.56588929 -2.40050578 -3.15712037
 -1.61047828 -1.43835597 -3.74398065 -1.85179906 -0.7409666  -1.70534486
 -1.30551284 -0.51082265]
log likelihood =  -7590.774483176995
Edge derivatives =  [-0.0020841961084320793, -0.040546334697992126, -0.018186683108930082, 0.011684362028131945, 0.0023232184792796318, -0.004712870069317754, -0.002894517363574073, 0.0003709338185819977, -0.0013964977259769418, -0.0005447534581043412, -0.012795001326649125, -0.012535846663443623, 0.029573692377198563, -0.02158128944097141]
other derivatives: [-0.018008    0.04629328 -0.03683454 -0.00063665 -0.00281943  0.02137313]
Current x array =  [-0.67695873 -0.6704492  -0.6595754   0.52321688 -2.29113102 -1.90516628
 -2.10584412 -1.14956678 -1.33833953 -0.565802   -2.40051938 -3.15633206
 -1.61037739 -1.4380675  -3.74607462 -1.8517534  -0.74097525 -1.70531638
 -1.3053342  -0.51097774]
log likelihood =  -7590.774465090481
Edge derivatives =  [-0.0038729807622006063, -0.033720609894800246, -0.007294230115124978, -0.0031097376475166527, -0.00032325928824822325, -0.006272782394713405, -0.006197840906875168, -0.018275253602508867, -0.0010824377400328045, -0.0004919619316677837, -0.004007924344211933, -0.011838427424981104, 0.008540685483562405, -0.0031421436089995106]
other derivatives: [-0.09167707  0.03019522 -0.00836735  0.00291038  0.00327418  0.0169166 ]
Current x array =  [-0.67693084 -0.6704403  -0.65959838  0.52319667 -2.2911463  -1.90499219
 -2.10551556 -1.14979008 -1.33859907 -0.56571596 -2.40054729 -3.1560281
 -1.61036171 -1.43788491 -3.74691254 -1.8517908  -0.74104433 -1.70536923
 -1.30510658 -0.51107842]
log likelihood =  -7590.7744955214275
Edge derivatives =  [-0.002419568607329156, -0.01613809956744322, 0.004993057573334597, -0.002103975103122213, -0.004273867614864868, -0.007389270756796296, -0.006613934581071984, -0.023906408052962125, -0.000848114061733421, -0.003952899662123199, 0.018832259417880692, -0.003641128688709347, -0.01969368660830892, 0.01737229724993586]
other derivatives: [ 0.44219632 -0.09622454  0.03747118 -0.00400178  0.03155947  0.00873115]
Current x array =  [-0.67714955 -0.67031488 -0.65962897  0.52316283 -2.29116474 -1.9045417
 -2.10512584 -1.15027035 -1.3388142  -0.56569575 -2.40051956 -3.15575718
 -1.61035912 -1.43783884 -3.7482046  -1.85174445 -0.74118321 -1.70554487
 -1.30477036 -0.51116324]
log likelihood =  -7590.774456826142
Edge derivatives =  [-0.003413744041816602, -0.028161887288413845, -0.0034099266092979252, -0.0027916042356272985, -0.0015719392914274044, -0.0066255626011407776, -0.006329250979793005, -0.020055059450799273, -0.0010080122491827465, -0.0015854703756256194, 0.0032112095802858676, -0.009247422640192127, -0.00038036943925126576, 0.0033420866192031135]
other derivatives: [ 0.0772161  -0.00982254  0.00609361  0.00063665  0.01218723  0.01418812]
Current x array =  [-0.67699997 -0.67040066 -0.65960805  0.52318597 -2.29115212 -1.90484981
 -2.10539238 -1.14994188 -1.33866707 -0.56570957 -2.40053853 -3.15594247
 -1.61036089 -1.43787035 -3.74732092 -1.85177615 -0.74108823 -1.70542475
 -1.30500031 -0.51110522]
      fun: 7590.774456826142
 hess_inv: <20x20 LbfgsInvHessProduct with dtype=float64>
      jac: array([-0.0772161 ,  0.00982254, -0.00609361, -0.00063665, -0.01218723,
       -0.01418812,  0.00341374,  0.02816189,  0.00340993,  0.0027916 ,
        0.00157194,  0.00662556,  0.00632925,  0.02005506,  0.00100801,
        0.00158547, -0.00321121,  0.00924742,  0.00038037, -0.00334209])
  message: b'CONVERGENCE: REL_REDUCTION_OF_F_<=_FACTR*EPSMCH'
     nfev: 88
      nit: 77
   status: 0
  success: True
        x: array([-0.67699997, -0.67040066, -0.65960805,  0.52318597, -2.29115212,
       -1.90484981, -2.10539238, -1.14994188, -1.33866707, -0.56570957,
       -2.40053853, -3.15594247, -1.61036089, -1.43787035, -3.74732092,
       -1.85177615, -0.74108823, -1.70542475, -1.30500031, -0.51110522])
