number of sites to be analyzed:  179
log likelihood =  -5635.34816193973
Edge derivatives =  [50.27065888397116, 28.603023974049293, 51.77191579561077, 48.88532042392207, 13.274567581144916, 15.033940865214912, 90.86154160676814, 110.57597775425421, 77.08325061686435, 53.45239234034002, 13.383757460145052, 35.246968438643115, 60.867316904635345, 71.6527064760987]
other derivatives: [ -46.47336027   61.09276001  -77.06839824   35.53404895 -303.1860615
   86.37180144]
Current x array =  [-0.65927667 -0.64012271 -0.61525797  0.74193734 -0.10536052 -0.51082562
 -4.60517019 -4.60517019 -4.60517019 -4.60517019 -4.60517019 -4.60517019
 -4.60517019 -4.60517019 -4.60517019 -4.60517019 -4.60517019 -4.60517019
 -4.60517019 -4.60517019]
log likelihood =  -5310.396133417167
Edge derivatives =  [47.56685953492636, 28.06475727724927, 52.337263656018266, 48.888798492141376, 13.159496622451872, 15.448219416348955, 89.9861449931464, 110.12815183320647, 77.2408541944972, 52.61126742205312, 13.631208558370588, 34.971769541136695, 60.2515212661118, 71.09636772032763]
other derivatives: [ 147.84554878   66.51625881  -42.04284778   -4.07526386 -184.82969608
   72.22479326]
Current x array =  [-0.77939038 -0.6385975  -0.81444673  0.83377763 -0.8889665  -0.49141336
 -4.47524209 -4.53124363 -4.47136198 -4.47882259 -4.57086112 -4.56631389
 -4.37033206 -4.31937869 -4.40594303 -4.46701867 -4.57057891 -4.51407188
 -4.44785427 -4.41997866]
log likelihood =  -5634.7105429665735
Edge derivatives =  [18.63230159827225, 9.821675492997247, 26.715239198216075, 17.63600885082828, -3.4002926252486576, 5.2618872648069885, 44.35636716965732, 51.9954736396398, 29.19382146313825, 27.210242623518283, -1.880163362927364, 21.052608849871948, 27.15815754197251, 35.99259192709871]
other derivatives: [-11509.30393123   -547.08234529    187.6764145    -166.06909412
    130.67547115     56.10636435]
Current x array =  [-0.05       -0.05       -1.56899857  1.01408092 -3.99619831 -0.31050921
 -3.8391569  -4.16217852 -3.79234934 -3.84145781 -4.39861668 -4.36735002
 -3.19198309 -2.88094917 -3.39984807 -3.77614479 -4.39432104 -4.05650732
 -3.65869892 -3.48978457]
log likelihood =  -4879.209230486311
Edge derivatives =  [44.40805800107718, 24.13022762062086, 51.53621727727094, 45.698885877458096, 10.343040491984631, 15.37639323802277, 84.45193315977066, 104.98220259233646, 72.31713329891893, 49.671615341951785, 12.45260757276594, 34.133147458008864, 55.60554912064666, 68.05964224346124]
other derivatives: [-589.61195464  226.36722861   28.01152732  -90.73246474   16.07058948
   55.04944056]
Current x array =  [-0.40859753 -0.33937811 -1.19803066  0.9254366  -2.46855867 -0.39944894
 -4.15188186 -4.34362572 -4.12617916 -4.15481187 -4.48329895 -4.46516863
 -3.77130665 -3.58813875 -3.89448466 -4.11580606 -4.48097647 -4.28146439
 -4.0466793  -3.94710525]
log likelihood =  -4847.790367553252
Edge derivatives =  [33.17443050408769, 17.228721098600218, 40.638330296171915, 32.20925057545023, 3.9674493241010755, 13.627289764147998, 65.54622331699427, 76.6448271569127, 56.46207927018347, 35.97949373618808, 6.850452017075768, 31.831183338412472, 44.13242167548363, 53.21576649900928]
other derivatives: [  450.94375309 -3679.1164348     15.21102604   -46.84698069
   129.84628484    40.40948625]
Current x array =  [-0.66112703 -0.05       -1.56526078  0.91458494 -4.09611818 -0.27655556
 -3.76233452 -4.1193502  -3.70529144 -3.76283003 -4.37965551 -4.34150181
 -3.04675136 -2.7014532  -3.27551159 -3.69085148 -4.37276074 -3.99858672
 -3.56251895 -3.37354445]
log likelihood =  -4741.528997757049
Edge derivatives =  [41.364134802618594, 21.95130670937381, 49.56588486674741, 42.95199323788244, 8.442881375830424, 14.923128877638533, 80.55245270912312, 99.5174442682433, 68.99830535761573, 46.38728466589568, 11.265337312588928, 33.315009671546385, 52.55729535334306, 64.99876347311677]
other derivatives: [-124.70936781   56.57193469   15.59083103  -74.31508493   67.33598639
   47.42632882]
Current x array =  [-0.49187106 -0.24395346 -1.3191276   0.92185818 -3.00525888 -0.35892391
 -4.02342564 -4.26966915 -3.98738821 -4.02555286 -4.44912173 -4.42438855
 -3.53237899 -3.2957474  -3.69037355 -3.97567404 -4.44529151 -4.18818331
 -3.88702372 -3.75796918]
log likelihood =  -4749.054674589544
Edge derivatives =  [25.665179145756635, 14.251547971412387, 34.277256832950194, 24.213036668225403, 1.0240590595823913, 10.67195306594984, 53.507311553065485, 59.925118866851626, 44.32988366931448, 30.263909590220784, 3.7638067411781835, 27.050496598818768, 35.950286115627776, 44.8283088215908]
other derivatives: [  146.27757992 -3213.02059092    96.11057976   -46.76603567
   128.19409676    33.58618414]
Current x array =  [-0.44376403 -0.05       -1.58734204  0.8828511  -4.16309212 -0.24455681
 -3.71502725 -4.09241989 -3.65074819 -3.71357832 -4.36803965 -4.32521397
 -2.95522457 -2.58921996 -3.1968894  -3.63799164 -4.3594216  -3.96197639
 -3.50193361 -3.30066654]
log likelihood =  -4667.988789671327
Edge derivatives =  [35.91909955692349, 18.447617024122927, 44.80294517704, 36.335195539863385, 5.370631891967857, 13.614154718278172, 71.43314896769967, 86.27101125848576, 60.42383603521297, 40.41503467963088, 8.603035067702642, 31.075316754444806, 46.207013956505335, 58.192795855133916]
other derivatives: [  -3.30564944 -363.84035411   45.07464837  -64.49045031  105.69656297
   39.73191269]
Current x array =  [-0.4659188  -0.13932154 -1.46382104  0.90081506 -3.6298743  -0.29722638
 -3.85705419 -4.17404862 -3.80578128 -3.85725219 -4.40538044 -4.37088692
 -3.22102193 -2.91459758 -3.42415403 -3.79350477 -4.39896733 -4.06615164
 -3.67927945 -3.51126847]
log likelihood =  -4555.650561785506
Edge derivatives =  [36.5034427297343, 17.097798361175446, 44.61326708655236, 31.967307657772402, 5.387461151021526, 12.449487470159502, 63.16785181509908, 72.49493267865093, 55.64755052047766, 36.72106863975803, 8.251510056229993, 29.537907131362054, 42.68770676607909, 53.61868131496206]
other derivatives: [-105.33321984 -102.33752619   68.17581379  -80.76422091  136.01884348
   31.8947059 ]
Current x array =  [-0.5252258  -0.25401019 -1.6343346   0.83469682 -4.42390326 -0.19292906
 -3.61046528 -4.03381405 -3.53380939 -3.60818603 -4.34300602 -4.2905574
 -2.75777678 -2.34812726 -3.02857038 -3.52313706 -4.33123564 -3.88280565
 -3.37104921 -3.14325244]
log likelihood =  -4430.681762637615
Edge derivatives =  [33.121435953601825, 13.636802466834135, 39.00123572450713, 18.892506298749204, 3.3823437412312316, 9.859388529162404, 39.132814573111666, 28.324034750351093, 37.10202252372343, 26.656289693964027, 5.723511758832433, 25.18078294194878, 32.554524536506236, 37.337270886835285]
other derivatives: [  73.30672815 -120.34342944  114.00143194  -69.90076145  151.11136236
    4.5568413 ]
Current x array =  [-6.72654646e-01 -3.95912417e-01 -1.77592976e+00  6.24964326e-01
 -5.33937609e+00  4.11639798e-03 -3.21475294e+00 -3.81404454e+00
 -3.09161497e+00 -3.21684996e+00 -4.24751720e+00 -4.16148907e+00
 -2.02579485e+00 -1.46105102e+00 -2.39962076e+00 -3.09556354e+00
 -4.22473269e+00 -3.58644703e+00 -2.88194133e+00 -2.55628191e+00]
log likelihood =  -4261.028626330418
Edge derivatives =  [35.5933858341496, 13.61626280896725, 39.133948160341355, 15.55652028465596, 3.5386367153995115, 9.369073239092007, 32.40209578828646, 22.516722046362357, 31.415870749259067, 23.965539877761366, 5.426271904479725, 23.852954351973338, 29.969645633231707, 30.831169229581537]
other derivatives: [156.14068616 -48.5367309   90.59167496 -32.38592399 147.88683984
 -20.69891707]
Current x array =  [-0.73256001 -0.49875384 -1.41608827  0.31725554 -5.15944413  0.12823658
 -2.96423988 -3.6932978  -2.80942361 -3.02666084 -4.20404204 -4.08477837
 -1.65956822 -1.09872146 -2.07209968 -2.86256278 -4.16958014 -3.40084664
 -2.60851055 -2.23976451]
log likelihood =  -4391.397620603352
Edge derivatives =  [45.295237072649165, 12.484912209851835, 19.541840727834682, 3.5384979937222845, 1.5655917955152885, 4.1947590391416325, -23.543619453218383, -28.8466586426338, -15.998242242859732, 9.018594628776656, 2.9060705250864776, 13.062669681849373, 6.964948917296901, -16.31005069221672]
other derivatives: [   77.32642189    70.81680451 -5109.49421368   173.37979443
    -9.0200956   -167.99822333]
Current x array =  [-0.78028651 -0.72916805 -0.05       -0.72619299 -3.05145341  0.32756199
 -1.99259103 -3.27189579 -1.73640677 -2.43628699 -4.07100425 -3.80732586
 -0.49593523 -0.06945943 -1.00734632 -2.07397293 -3.98729885 -2.71630116
 -1.66541114 -1.20057775]
log likelihood =  -3960.0277365316047
Edge derivatives =  [39.33540426946513, 12.592833758214876, 36.659852954731484, 11.019008924339653, 3.176201628131394, 8.06696228095591, 18.645119523819446, 17.722752733583715, 16.916667923792826, 18.234050013607735, 4.464438713212105, 20.75934893927658, 22.592849515722918, 15.273276332216007]
other derivatives: [155.87884263  29.94779607 -41.24553925  67.20397323 110.0247573
 -82.33350854]
Current x array =  [-0.75789669 -0.62107436 -0.69086986 -0.23668237 -4.04037027  0.23405291
 -2.44841844 -3.46958715 -2.2397887  -2.71324772 -4.13341596 -3.93748652
 -1.04182771 -0.55231477 -1.50685162 -2.44392228 -4.07281205 -3.03744041
 -2.10784521 -1.68808905]
log likelihood =  -3938.6020842348134
Edge derivatives =  [20.49260025020217, 7.039173338005818, 6.5904761134967185, -3.606954459235536, 1.022235834889855, 3.546890357888752, -54.88540825965567, -76.63816502005206, -36.07424753064352, 2.032525292720494, 1.102208070359075, 10.71219661599285, -6.0546622331961775, -31.270557836809594]
other derivatives: [ 118.34208635   37.20174391 -333.28888094  129.75651771 -200.787008
  -96.99824659]
Current x array =  [-0.80542628 -0.74244485 -0.37616559 -0.33662932 -1.97203293 -0.2397283
 -1.63625584 -3.1572815  -1.39579233 -2.32188973 -4.04595545 -3.7298297
 -0.29946057  0.09635837 -0.83255205 -1.89183941 -3.94627233 -2.51387199
 -1.44576955 -1.03077817]
log likelihood =  -3843.1004050834954
Edge derivatives =  [35.13132369631213, 10.677284747872658, 30.37336122548508, 7.178446151016673, 2.5660773409708244, 6.7231999596178635, 3.008597405769921, -1.3466901819589385, 4.092019317797355, 14.143008856902483, 3.468375201542147, 18.067952551334802, 15.512867992347102, 3.7102955980822365]
other derivatives: [137.97498468  33.43234312 -86.74642231  87.13441275  41.52552719
 -87.86291801]
Current x array =  [-0.7765705  -0.66875939 -0.56722629 -0.27595034 -3.22774506  0.04790989
 -2.12932938 -3.34688597 -1.90819254 -2.55948781 -4.09905376 -3.85590062
 -0.75016047 -0.29745879 -1.24192732 -2.22701547 -4.0230961  -2.83173659
 -1.84772354 -1.4298394 ]
log likelihood =  -3784.968315287932
Edge derivatives =  [4.853698309697011, 4.340125195192701, -0.901253282781697, -2.2229064937989915, 0.7010280832454268, 3.013991133640082, -42.10400521855658, -53.18968765095668, -28.848779163782552, -0.33669802782663316, 0.7134388448082648, 9.26154695182022, -9.449392709717793, -24.343663216236305]
other derivatives: [157.83671188  11.44348971 182.53244889  48.84141163 -92.79015103
 -38.69240572]
Current x array =  [-0.81248819 -0.73882201 -0.84857439  0.05193903 -2.39180879 -0.74422828
 -1.41575662 -3.08263232 -1.20581504 -2.2698868  -4.02550569 -3.68359457
 -0.34909536 -0.05646548 -0.84573746 -1.78415548 -3.92152849 -2.38075733
 -1.35065499 -1.02914904]
log likelihood =  -3704.43882514906
Edge derivatives =  [16.62029691738132, 6.721309642623168, 11.166767542720958, 3.976114711472816, 1.6594214867000585, 4.429122377601433, -11.473015819378997, -13.002545078410698, -2.8502354238656875, 8.412919032058701, 2.3438432290830096, 13.201471235860632, 4.295412370051588, -3.7211165030333015]
other derivatives: [ 83.28788681 -20.25108188  -1.73795343  31.04996722 -30.65406418
 -20.71965355]
Current x array =  [-0.73796356 -0.66691526 -0.58319944  0.28868171 -2.61055162 -0.90990663
 -1.50646382 -3.12558181 -1.32399319 -2.35810164 -4.04434914 -3.70885357
 -0.61269802 -0.34685654 -1.06068958 -1.88499016 -3.94427934 -2.43566728
 -1.49196152 -1.22692706]
log likelihood =  -3684.0160116262077
Edge derivatives =  [11.403702242297292, 5.5139443710204255, 6.973299529767347, 4.08188307061139, 1.2922878581890376, 3.477371320101666, -8.860661537485456, -6.145071130997159, -3.3140644730971034, 5.485427942291905, 2.0154507082042183, 10.347812894383898, 0.5104195204816266, -5.403097822973006]
other derivatives: [ 34.75688573 -57.48324838  -7.32916305  -0.40208761   4.49363142
 -12.58804332]
Current x array =  [-0.69527096 -0.65164411 -0.54256695  0.50324639 -2.88910376 -1.17239189
 -1.30670172 -3.042058   -1.1477884  -2.2723745  -4.01829867 -3.65641829
 -0.57884517 -0.34154402 -0.99597403 -1.75727489 -3.91216994 -2.29431674
 -1.37505745 -1.1619391 ]
log likelihood =  -3675.98037486917
Edge derivatives =  [4.756322607516823, 4.49283032963183, -0.08761681800425203, 3.766704998133698, 0.994849925859567, 2.5235301438472018, -8.100395074112052, -2.799423584958582, -2.5295751673658637, 2.1545510064251454, 1.8033514901539798, 7.096910951784839, -3.070704755772051, -5.607201000563049]
other derivatives: [  8.33233571 -57.20012268 -35.51895134 -11.307975    -4.91031642
  -5.24287316]
Current x array =  [-0.67845281 -0.67319719 -0.50177861  0.62932462 -2.82980664 -1.46716752
 -1.09376428 -2.95558102 -0.97037618 -2.19779851 -3.9957326  -3.6004847
 -0.60884658 -0.4044788  -0.97847396 -1.6413844  -3.88034129 -2.13828692
 -1.28814799 -1.14874348]
log likelihood =  -3674.35165721625
Edge derivatives =  [-4.837142610072758, 3.041162360751178, -7.059991089602282, 2.993624646292004, 0.6898487997248381, 1.7475698776376474, -5.446050186214719, -0.7461259986743806, -2.8231348111192935, -2.6297927159586854, 1.5044864500327333, 2.46599066364892, -6.450166710225957, -3.68042517747538]
other derivatives: [-60.69158189 -41.35899871  68.60409485 -14.06679075   3.16022124
  -1.68847691]
Current x array =  [-0.61436865 -0.72222248 -0.60324623  0.60253847 -2.92228625 -1.69546066
 -0.90384703 -2.8543288  -0.83858384 -2.10274457 -3.96702268 -3.53922461
 -0.67262363 -0.4449312  -0.96935025 -1.53147427 -3.84005551 -1.96971997
 -1.23773397 -1.16618789]
log likelihood =  -3669.427165591168
Edge derivatives =  [-0.9933830949119088, 3.678941077068629, -4.315149250045646, 3.884476845408148, 0.8656126403220319, 1.9593754794645835, -3.4054216401886452, 1.724040934944663, 0.18338373852736783, -0.6083960423814594, 1.7523043893596721, 3.868830257895262, -3.7864794012927407, -2.029653744586614]
other derivatives: [-10.76878107 -12.69336281  16.55885171 -10.29766281  -1.73167791
  -1.47501851]
Current x array =  [-0.65270157 -0.75095351 -0.54672336  0.6036871  -2.87164795 -1.6815286
 -0.93338877 -2.86646036 -0.86658572 -2.11925019 -3.9716598  -3.54631784
 -0.6921028  -0.46511289 -0.98952163 -1.55433255 -3.84518014 -1.9894808
 -1.26042609 -1.18402803]
log likelihood =  -3668.536462108839
Edge derivatives =  [-0.6479300615300569, 3.7531402205823814, -4.1425485978897, 3.9342304391185543, 0.8689384212041632, 1.8586592333658005, -2.8875277803464767, 1.7313497179801136, 0.4965175726758787, -0.8578397644487903, 1.7842093439291573, 3.362146934409926, -3.3262573966270987, -1.723420156456421]
other derivatives: [-9.44851308  1.68729457 -6.8492227  -3.77890501 -1.52917892 -1.69407031]
Current x array =  [-0.65471991 -0.77602397 -0.52412828  0.5614201  -2.89617235 -1.69123943
 -0.90934196 -2.84474568 -0.85457206 -2.09425589 -3.96504537 -3.5337556
 -0.69399409 -0.44819533 -0.97754063 -1.53595383 -3.83549318 -1.95854706
 -1.25510283 -1.18098044]
log likelihood =  -3668.076443414806
Edge derivatives =  [-1.2215086103605586, 3.700877390754789, -4.2470317178459105, 4.003489254955444, 0.8582699329215471, 1.7653177003882659, -1.659957636125316, 2.422523135551023, 1.0179034223755723, -1.2514943484073031, 1.7994878066081326, 2.593997866556785, -2.739047501774452, -0.7414021059686305]
other derivatives: [ 5.22704795  7.88522811 -2.30284058 -1.1593329   1.31512934 -1.24255166]
Current x array =  [-0.66500012 -0.78626677 -0.52711168  0.53256545 -2.9234295  -1.72156288
 -0.88392261 -2.81915657 -0.8476476  -2.06860207 -3.9579898  -3.51930121
 -0.71446036 -0.44846429 -0.97671113 -1.52116952 -3.82438143 -1.92314642
 -1.25856041 -1.19089605]
log likelihood =  -3667.6542060075444
Edge derivatives =  [-1.8789451410104543, 3.6657559785322826, -4.236210116269323, 3.9332824675371905, 0.8421101242161002, 1.7109005146628866, -0.6806273258273723, 2.2844541751760645, 1.10480304801782, -1.505739917301992, 1.8196073003152726, 1.7219057971724125, -1.8640328291263337, 0.3247201107231539]
other derivatives: [ 3.60532795  7.17386683 -2.09765858  3.80932761  1.36642484 -0.89376044]
Current x array =  [-0.66419831 -0.7842966  -0.52958525  0.48843386 -2.92978247 -1.74140811
 -0.87004497 -2.78983582 -0.85732995 -2.0388892  -3.95040469 -3.50357318
 -0.74084755 -0.44497895 -0.97750159 -1.51476724 -3.811081   -1.88866334
 -1.27325916 -1.20594209]
log likelihood =  -3666.6257962869995
Edge derivatives =  [-3.092998691819851, 3.62408787871024, -3.167945664832825, 3.634600615120874, 0.7315904143689907, 1.5294073822929195, 0.9340777276371234, 1.5964881166411409, 0.49980856553242525, -1.791251354609815, 1.781086257506134, -0.7774862020192369, -0.16264841901393434, 1.4249334526738406]
other derivatives: [11.40524546 -0.40472514  0.68894224  3.96535142  2.27018973 -0.01609806]
Current x array =  [-0.67134575 -0.77101257 -0.53074652  0.48012211 -2.93397674 -1.80664346
 -0.85330336 -2.69965398 -0.90132223 -1.94736889 -3.92828578 -3.45687433
 -0.79280707 -0.42829337 -0.97028771 -1.51082376 -3.76913277 -1.80696568
 -1.3053444  -1.22363733]
log likelihood =  -3665.36186086438
Edge derivatives =  [-2.7595044997509044, 3.901488720079964, 0.9577502672039959, 2.929788918373395, 0.5866883880575607, 1.4113921869078339, 2.641223450798326, -1.5964745118557329, -0.8466029163965421, -0.6948859992494922, 1.7223694348131258, -4.479418765004747, 3.3935993147286343, 2.7499020797818328]
other derivatives: [-6.92743924  2.29119905  5.1065399   4.40941221  1.56401256  0.44083208]
Current x array =  [-0.65612081 -0.77612474 -0.53873808  0.47262233 -2.92500372 -1.86183155
 -0.89637327 -2.52486135 -1.04485234 -1.76825799 -3.88743083 -3.37166603
 -0.87068314 -0.37287023 -0.95737499 -1.54440882 -3.6853119  -1.70170788
 -1.38241205 -1.24524472]
log likelihood =  -3664.6737270899957
Edge derivatives =  [-2.6477562577695464, 4.026691169405115, 2.0517892600759438, 2.0739882466043302, 0.47917621942192024, 1.2964069909844311, 1.9502025395170417, -3.054192894295633, -1.7229899741926724, -0.31656974970743423, 1.5836736324108363, -5.407090650830224, 3.48069740316578, 1.6284560113689803]
other derivatives: [ 1.07838787 -6.8913323  -2.13694875  0.44033186 -0.82113729  0.51518327]
Current x array =  [-0.66460212 -0.76042171 -0.52868844  0.50878177 -2.90058071 -1.88973144
 -0.92490006 -2.43083228 -1.09273956 -1.67731815 -3.86749033 -3.32840606
 -0.87880124 -0.35465719 -0.94985855 -1.55973807 -3.64121817 -1.68252631
 -1.38877458 -1.23101933]
log likelihood =  -3663.9386956880994
Edge derivatives =  [-2.064365304417997, 4.172555005996194, 3.124685666103451, 1.0353701424975421, 0.3955147669609097, 1.2167348804834532, 0.8725833352004008, -3.7442005514201, -2.0105835631367155, 0.22408773048803932, 1.4061298218953602, -5.203824630805967, 2.7654308991568928, -0.014966250528715905]
other derivatives: [ 2.32421371 -6.06323738 -2.15236469 -4.0811301  -1.2653345   0.32473508]
Current x array =  [-0.66549557 -0.76328979 -0.52634774  0.54607305 -2.89409981 -1.90617868
 -0.96831818 -2.3250944  -1.13125298 -1.58194315 -3.84659392 -3.2827603
 -0.870653   -0.34411224 -0.94640099 -1.57698534 -3.59274789 -1.69295331
 -1.37790584 -1.2057008 ]
log likelihood =  -3662.224477971794
Edge derivatives =  [-1.6089249624331687, 4.081794559208231, 4.214185802723419, -2.686601448914948, 0.2041084473022371, 0.9178864536487912, -0.826370652246326, -2.356003010453874, -0.9376911107108437, 1.2108253986586606, 0.9079555541780139, -3.6016857357989576, 0.6870043050830349, -2.1986026616994]
other derivatives: [-2.14422471 -9.36224751 -6.5317181  -6.31407602 -0.83700797  0.13969839]
Current x array =  [-0.6633662  -0.7604575  -0.52057449  0.56161702 -2.89769303 -1.9602213
 -1.08409782 -1.99612752 -1.18937339 -1.32937115 -3.78609169 -3.146833
 -0.8730882  -0.36434146 -0.96248853 -1.60853998 -3.4505088  -1.74624031
 -1.34101302 -1.17251244]
log likelihood =  -3662.6403490610437
Edge derivatives =  [-1.5808703614953385, 2.307107143405286, 3.4989550880036964, -7.961357963234176, -0.023167359605045207, 0.36103515073957926, -3.8644884956306034, -4.619176155104617, -1.9151293127350346, 1.599700819733214, 0.19881718586650393, -0.015866772709385704, -1.8370872256107924, -3.813433909626955]
other derivatives: [33.36031114  8.83314897 40.31098797 -2.28101271 -9.16052159 -0.78298399]
Current x array =  [-0.68996301 -0.78738225 -0.56475917  0.51250091 -2.84051141 -1.95278527
 -1.27561863 -1.5804343  -1.21155954 -1.12714983 -3.71954108 -2.99180558
 -0.85964326 -0.35977231 -0.95946378 -1.63738204 -3.28502474 -1.87358441
 -1.30538668 -1.15324169]
log likelihood =  -3661.5698663259054
Edge derivatives =  [-1.555135619197437, 3.6071023276950087, 3.92932393142775, -4.7998363991483615, 0.10689625193036519, 0.7032191430074081, -2.1261059252902066, -3.3353379620824626, -1.3579874365843456, 1.3901322299243755, 0.6185024215565873, -1.9381007398375283, -0.4084021919454095, -2.8794519441880864]
other derivatives: [14.16128725 -0.91558832 14.59111445 -4.53310349 -4.31182343 -0.27966962]
Current x array =  [-0.6751088  -0.77234489 -0.54008221  0.53993205 -2.87244711 -1.95693827
 -1.16865507 -1.8125972  -1.19916867 -1.24008958 -3.75670932 -3.07838774
 -0.8671522  -0.36232416 -0.96115309 -1.62127387 -3.37744689 -1.80246327
 -1.32528384 -1.16400432]
log likelihood =  -3660.696126149065
Edge derivatives =  [-1.443216550071066, 3.20974623080364, 2.737381392219431, -5.262270223470273, 0.12576557568500882, 0.6514040385129202, -2.2261301213942932, -0.592406438535483, 0.1645793416547372, 1.2931677049121655, 0.5014432186355643, 0.4276935179550048, -2.2277630539851416, -2.867388876364568]
other derivatives: [ 5.49325705  1.11595     3.72388058 -0.37980499 -2.6608177  -0.4982212 ]
Current x array =  [-0.66892723 -0.77676214 -0.53125932  0.5084493  -2.89236543 -1.95405002
 -1.21167433 -1.70878939 -1.14798603 -1.21836395 -3.74384607 -3.04515255
 -0.85198228 -0.40239185 -0.97721462 -1.61348553 -3.34141472 -1.87684969
 -1.2848966  -1.16228716]
log likelihood =  -3660.187501784738
Edge derivatives =  [-1.5727044810427842, 2.8142868213772383, 1.3095337808099545, -4.610845020017663, 0.1340020823786107, 0.5564606392016804, -1.3089175747285426, 1.3103882041865953, 0.881325622119719, 0.7827244580230847, 0.5024057334693219, 1.5875183099877614, -2.5787993044108846, -1.5502202968749974]
other derivatives: [ 0.61418177  3.12802513  2.21070877  2.48969627 -0.39690349 -0.47884896]
Current x array =  [-0.6647016  -0.78054812 -0.53107232  0.48319166 -2.91170153 -1.95747509
 -1.23555923 -1.64018042 -1.09359124 -1.24524131 -3.73755719 -3.0262705
 -0.85720654 -0.42789557 -0.98385516 -1.59668461 -3.32259746 -1.91447822
 -1.27377919 -1.18117861]
log likelihood =  -3659.607307723818
Edge derivatives =  [-1.3713604434922146, 1.64367363930584, 0.1392478790650753, -4.374921088935153, 0.039475875712688756, 0.09249402881589082, 0.019179748436840588, 2.093419678285433, 0.843387229503091, 0.23073327867244237, 0.3860152534442073, 2.0712405932697493, -1.310002751526346, 0.411416282201692]
other derivatives: [ 1.66692189  8.12278813 -7.38382369  4.51364031  0.51263669 -0.46602509]
Current x array =  [-0.66627103 -0.79043473 -0.52035616  0.47032022 -2.92355541 -1.98667881
 -1.306083   -1.43583379 -1.05261788 -1.24197883 -3.70954785 -2.95655608
 -0.88610389 -0.42620795 -0.97599658 -1.57829076 -3.25276745 -1.93030865
 -1.2906651  -1.21090679]
log likelihood =  -3659.867519183697
Edge derivatives =  [-1.9157353959813714, -1.6234281174222973, -4.5897730811192465, -2.8677583757106153, -0.1738437669615638, -0.6211992077132242, 0.5239485002098279, 0.8956936818747455, -1.6945326507237817, -2.028884644615654, 0.11367917394935288, 2.9943333290543017, -1.469742096725445, 1.9749216431607393]
other derivatives: [-30.54401532 -13.25556696  17.46338967   1.05878826   0.76156539
  -0.7248218 ]
Current x array =  [-0.64300535 -0.76200249 -0.54176018  0.48657729 -2.9235611  -1.99611504
 -1.4144236  -1.20338214 -0.933425   -1.36966646 -3.68827559 -2.89473103
 -0.89333047 -0.41982205 -0.9561393  -1.53855796 -3.18745096 -1.98972039
 -1.30211144 -1.24615048]
log likelihood =  -3659.2642342343634
Edge derivatives =  [-1.6465981121097981, 0.3824546181184746, -1.8111798410713589, -3.677070796341525, -0.05161308539167887, -0.20565820859353637, 0.25761270734664105, 1.5820869634958838, -0.24027099885437797, -0.726972748500314, 0.2724310448257613, 2.485838855349241, -1.3757310328423518, 1.099469525170546]
other derivatives: [-11.87991074  -0.7383278    3.39405233   2.9875082    0.70494934
  -0.5914444 ]
Current x array =  [-0.65621893 -0.77815038 -0.52960391  0.4773442  -2.92355787 -1.9907558
 -1.35289231 -1.33540143 -1.00111976 -1.29714717 -3.70035702 -2.92984413
 -0.88922618 -0.42344888 -0.9674171  -1.56112393 -3.22454701 -1.95597791
 -1.29561057 -1.22613408]
log likelihood =  -3658.9264570270884
Edge derivatives =  [-1.1562423204380565, 0.8585247721970009, -2.4186665726337093, -1.7151080634822093, -0.05284268380115243, -0.2685502373139552, 1.1949601838244173, 0.31255067369413636, -1.1728896546168446, -1.260709955279368, 0.42062568169979886, 2.013194539296152, 0.27019500093708837, 2.1439346971000215]
other derivatives: [-2.22221388  1.55264388 -0.7251856   1.32017703  0.79612619 -0.63487278]
Current x array =  [-0.66340147 -0.78035458 -0.52439311  0.49450916 -2.91908429 -1.98557184
 -1.35959161 -1.34711676 -0.97219334 -1.40095348 -3.70809832 -2.94400515
 -0.89649496 -0.39873951 -0.95188236 -1.54596116 -3.23878432 -1.93549111
 -1.32487728 -1.24297593]
log likelihood =  -3658.7602305103037
Edge derivatives =  [-0.885834096131363, 0.3140472548168109, -1.6438525948562275, -1.7006146020703832, -0.10904995346057604, -0.451203459968528, 1.1275557334095494, -1.0811449895340701, -1.6497612487227051, -1.0213716010790728, 0.29924485848333926, 1.2656167440021069, 1.0659230251282052, 1.8202370640329841]
other derivatives: [ 0.45110937  0.08544703 -0.97725206 -0.47634785 -0.28189788 -0.71713657]
Current x array =  [-0.66615852 -0.7778263  -0.5226361   0.50957703 -2.90821623 -1.99564134
 -1.39202128 -1.28345968 -0.99817993 -1.40246284 -3.69896888 -2.92337643
 -0.90329619 -0.37671367 -0.94716897 -1.55411724 -3.21439797 -1.91211891
 -1.34394293 -1.23873108]
log likelihood =  -3658.5828564258936
Edge derivatives =  [-0.5653924533805199, 0.08301319293485743, -1.006382934351719, -1.0095145826040561, -0.09596494878735581, -0.47429127717133984, 1.219152717766103, -0.6720501616408707, -0.5341367352349862, -0.5562610496304525, 0.157681635039222, 0.6030329932574247, 0.7304670456208961, 0.6848417031213169]
other derivatives: [ 7.09133019 -2.10011422  2.20707079 -1.94622771  1.32877176 -0.72341209]
Current x array =  [-0.67129717 -0.7724675  -0.52509366  0.51546658 -2.91271085 -2.00889331
 -1.41880211 -1.25191598 -1.01349561 -1.44803697 -3.69807191 -2.92263
 -0.89200984 -0.38267633 -0.96435601 -1.56442091 -3.20293604 -1.88986546
 -1.34067111 -1.21899321]
log likelihood =  -3658.467571536111
Edge derivatives =  [-0.02998367424107254, 0.15287771864189198, 0.14035967789324, -0.0850237748213431, -0.06219031803726542, -0.4268425193563559, 1.066359638560879, -1.0741903563353437, 0.45932697518950916, 0.14436353895943616, 0.039269531981646386, -0.49349901756118036, 0.5365982627589119, -0.774500095655049]
other derivatives: [-1.31030902  2.40461304  2.46745913 -2.13531166  0.43442014 -0.83914529]
Current x array =  [-0.6639309  -0.77953637 -0.52754252  0.51723159 -2.90229038 -2.01992761
 -1.44581209 -1.24081409 -1.04258776 -1.51647268 -3.70130267 -2.93300876
 -0.87407499 -0.38030916 -0.9804845  -1.57983377 -3.19890655 -1.85242064
 -1.34241637 -1.19415426]
log likelihood =  -3658.4163048522105
Edge derivatives =  [-0.04782932320870251, -0.046720991919105614, -0.19571445700038081, -0.017183078023533804, -0.04735805783757577, -0.41508335755514325, 0.7645821394740304, -0.4233608120949711, 0.8247837452550355, 0.180493927613537, -0.007119245345347511, -0.14233407459870795, -0.08906769112159252, -1.0268903426526785]
other derivatives: [ 0.66333996 -0.86447471 -0.05952643 -0.55606506  0.2323759  -0.85169631]
Current x array =  [-0.66643805 -0.77296958 -0.52569769  0.50399878 -2.90091111 -2.02278154
 -1.45778908 -1.22420347 -1.03352729 -1.53169731 -3.70099093 -2.93295481
 -0.86161773 -0.393501   -0.98650493 -1.58009769 -3.19369467 -1.86397619
 -1.33004747 -1.19049182]
log likelihood =  -3658.4003841129424
Edge derivatives =  [-0.0754726036499872, 0.01872139216163715, -0.31008621238220857, 0.03218339100055895, -0.040081480681586776, -0.38767512872641957, 0.68822242474184, -0.19060644793189552, 0.6785839669592477, 0.11052495177049315, 0.020682389693453346, -0.024052870901545204, -0.11293558763755651, -0.706854698606595]
other derivatives: [ 0.20190782 -0.30745468 -0.30167939  0.05748007  0.16643753 -0.81581675]
Current x array =  [-0.66602301 -0.77381417 -0.5258677   0.49931988 -2.90103414 -2.02545624
 -1.45574776 -1.22933854 -1.02947014 -1.53743169 -3.70237043 -2.93719146
 -0.85729326 -0.39783776 -0.98383798 -1.57782256 -3.1962358  -1.86672207
 -1.32854521 -1.19549615]
log likelihood =  -3658.3739356619517
Edge derivatives =  [-0.06300535288277387, 0.11362043529262211, -0.13677527512101095, 0.14172620077130363, -0.031971430000145816, -0.3302321720839689, 0.3265392135155267, 0.12901482431962386, 0.17519052729595785, 0.07833964330261795, 0.061096414261991416, -0.05494752234652053, -0.007769647096038446, -0.05596332541982027]
other derivatives: [-1.44250407 -0.41245585 -1.68561201  0.65479071 -0.03346941 -0.70158421]
Current x array =  [-0.66487606 -0.77351464 -0.52516114  0.49515552 -2.89959951 -2.04059989
 -1.45677899 -1.23399964 -1.0331364  -1.5521695  -3.70483086 -2.94800818
 -0.84353346 -0.4046502  -0.9757988  -1.57595557 -3.19845973 -1.8631411
 -1.32907436 -1.20594498]
log likelihood =  -3658.3845871693197
Edge derivatives =  [-0.1030002180454897, -0.20689869636413033, 0.03462475799950693, 0.1591808019811901, -0.029959420164312023, -0.3137020923487159, -0.1826681358833886, 0.5178021378009234, -0.21284875566531186, 0.07494296259170688, 0.039379392972244034, -0.019841148153019364, -0.049613555305146995, 0.5581597509681762]
other derivatives: [ 2.87855073  2.30143087  4.98880581  1.05237632 -0.22250788 -0.56002136]
Current x array =  [-0.66758836 -0.7776558  -0.53147912  0.48852398 -2.89709643 -2.0649348
 -1.47019879 -1.2109988  -1.03876619 -1.56328127 -3.70384259 -2.95280222
 -0.8267326  -0.41378526 -0.96947303 -1.57510336 -3.18991867 -1.861856
 -1.32733187 -1.2153746 ]
log likelihood =  -3658.3661530575373
Edge derivatives =  [-0.07887353979567086, -0.010545524831792386, -0.06920972281971949, 0.14860477712769102, -0.031142558477149244, -0.32360004338011655, 0.1291444099524993, 0.2823522218817637, 0.023327388401161997, 0.07733814852117876, 0.05268345279194822, -0.040834118545598694, -0.023858234098606657, 0.1868795914239149]
other derivatives: [ 0.26398084  0.6616574   0.95997166  0.81126927 -0.10604708 -0.64492269]
Current x array =  [-0.66594352 -0.77514445 -0.52764767  0.49254558 -2.89861439 -2.05017724
 -1.46206054 -1.22494734 -1.03535208 -1.55654269 -3.70444191 -2.94989494
 -0.83692125 -0.40824543 -0.9733092  -1.57562017 -3.19509828 -1.86263533
 -1.32838858 -1.20965614]
log likelihood =  -3658.3592136910797
Edge derivatives =  [-0.05435569393577619, 0.00026179416364563446, 0.14793124791955514, 0.14584092903368984, -0.032264122040055736, -0.30633863381427356, -0.04742294117753176, 0.2922734875243195, -0.19777159957154206, 0.10772315948666303, 0.0585059605355883, -0.13773885464122781, 0.08335782628432942, 0.37375406109558806]
other derivatives: [-0.13915269  0.23978828  0.2611614   0.57680154 -0.12973942 -0.58930709]
Current x array =  [-0.66573779 -0.77449277 -0.52691303  0.494665   -2.89802519 -2.05903343
 -1.46380327 -1.22383423 -1.04130853 -1.55831439 -3.70476629 -2.9535838
 -0.83195173 -0.40867964 -0.96985589 -1.5759876  -3.19424765 -1.85862713
 -1.33010602 -1.21269204]
log likelihood =  -3658.351461609012
Edge derivatives =  [-0.03332759046537226, -0.04954383255706357, 0.2718731745488373, 0.11575011498834203, -0.03131290656488026, -0.2882956487219397, -0.18607630054407298, 0.3238236867722588, -0.23522129707115086, 0.12265490762500425, 0.05199000725707994, -0.12935208800217518, 0.10665675582161582, 0.4347069038507726]
other derivatives: [-0.20868356  0.12014425 -0.252885    0.12573764 -0.01809894 -0.51409188]
Current x array =  [-0.66572906 -0.77454354 -0.52607409  0.49842047 -2.89868653 -2.07121193
 -1.46750664 -1.21753313 -1.04406804 -1.55728096 -3.70447097 -2.95682611
 -0.82792647 -0.40872041 -0.96854457 -1.57535048 -3.19114782 -1.8580498
 -1.32995988 -1.21333275]
log likelihood =  -3658.341016506927
Edge derivatives =  [-0.07738663554983102, -0.10234438363554743, 0.23835098912366215, 0.06686213483166598, -0.026994831783259822, -0.2273292063714123, -0.4270060665251385, 0.11029691899447314, -0.3031074450817569, 0.0374742139868581, 0.038665149376254614, -0.08428980648982137, 0.04003936414114295, 0.35438819556734225]
other derivatives: [-1.24337021 -1.39507392  0.99216777 -0.66943358  0.01541594 -0.3425157 ]
Current x array =  [-0.66496356 -0.77258702 -0.52677057  0.50402265 -2.89899043 -2.09755746
 -1.47201675 -1.21417182 -1.04351047 -1.55958147 -3.70561004 -2.96882702
 -0.82161761 -0.40581891 -0.96725458 -1.57180298 -3.18816586 -1.85856349
 -1.32858047 -1.21134277]
log likelihood =  -3658.3350943547666
Edge derivatives =  [0.014571910844665026, 0.02465957272497299, 0.29150212865733105, 0.13569793834136087, -0.0024234723072960457, -0.14048277955974056, -0.5027589665556059, 0.00235371508231097, -0.013592982700689371, 0.04859909722437836, 0.04163663549454777, 0.04675592308473912, 0.058022402722644806, 0.1760227729845109]
other derivatives: [ 1.88524609  0.4636604  -1.33941285 -1.10021574 -0.01318767 -0.15606929]
Current x array =  [-0.66736384 -0.77568701 -0.52389907  0.50885535 -2.89946283 -2.12766231
 -1.47736787 -1.21169098 -1.04129177 -1.56411187 -3.70724236 -2.98347591
 -0.81630165 -0.40188521 -0.96819131 -1.56777025 -3.18511746 -1.85919285
 -1.3264937  -1.20634286]
log likelihood =  -3658.328538705129
Edge derivatives =  [-0.04533516777088628, -0.004874217218824917, 0.1031770250613413, 0.1085766556785116, -0.004070547923754102, -0.14474487381867857, -0.428585014034483, -0.02660097164397146, -0.015159866356093121, -0.015335072286271678, 0.040862533297037505, 0.1078097080623571, -0.014061269747093985, 0.14356576883402136]
other derivatives: [ 0.58385012 -0.02346496 -0.093587   -0.81927283 -0.03501555 -0.16971171]
Current x array =  [-0.66629167 -0.77502283 -0.52531156  0.50602206 -2.89984898 -2.12403308
 -1.47551416 -1.21378818 -1.03711257 -1.56274237 -3.70733074 -2.98268758
 -0.81899898 -0.40200703 -0.96886203 -1.56685728 -3.18613397 -1.86193149
 -1.32562966 -1.20598116]
log likelihood =  -3658.3251367610283
Edge derivatives =  [-0.07999022158526486, -0.0019146886769128568, -0.073693731573784, 0.09933296944527409, 0.0011220430501238943, -0.12703113767273594, -0.3481525614954135, -0.0759767454172493, 0.04491806636917034, -0.0716219603381213, 0.04109267968366068, 0.19670063704441704, -0.07009832392882931, 0.07244330066229099]
other derivatives: [-0.16761987  0.02764864  0.40681698 -0.48521542 -0.09586074 -0.13801582]
Current x array =  [-0.66565621 -0.77524728 -0.52595588  0.50317719 -2.9003365  -2.12803077
 -1.47510947 -1.21507739 -1.0324262  -1.56219586 -3.70778404 -2.98561545
 -0.82101363 -0.40121693 -0.96956824 -1.5650136  -3.18627106 -1.86456046
 -1.32442364 -1.20440914]
log likelihood =  -3658.322461507336
Edge derivatives =  [-0.07964128277040328, 0.005741608498846029, -0.11506772049370917, 0.09791615836966347, 0.006690461299222135, -0.10607162575490398, -0.2672939098899777, -0.1184005512598536, 0.0597363922250862, -0.08136064502394591, 0.03890964811850612, 0.21128492667475987, -0.05081939221603182, 0.023199643843632045]
other derivatives: [-0.3742116   0.13487806  0.38057806 -0.23032953 -0.10531949 -0.08990355]
Current x array =  [-0.66549218 -0.77547908 -0.52602302  0.501027   -2.90093285 -2.13572987
 -1.47631904 -1.21432779 -1.03126755 -1.56130718 -3.70803702 -2.9894679
 -0.82274659 -0.40008886 -0.96928436 -1.56397491 -3.18524841 -1.86423802
 -1.32445383 -1.20301101]
log likelihood =  -3658.319569271869
Edge derivatives =  [-0.06669246284146549, -0.0022620171360174246, -0.10223710820691934, 0.08400522137145155, 0.01408303140864501, -0.07349105051103524, -0.06878387874907088, -0.06943256726339397, -0.008347808309205285, -0.06054235376618777, 0.027226578816503588, 0.14721256836789026, 0.008582550805170563, -0.019231987086099495]
other derivatives: [ 0.62009349 -0.73187039  0.09104042  0.24620022  0.0554337   0.00300133]
Current x array =  [-0.66645338 -0.77381801 -0.52581898  0.4964192  -2.90253161 -2.15085455
 -1.48011198 -1.21053362 -1.03211686 -1.55784173 -3.70798364 -2.99649627
 -0.8271636  -0.39984443 -0.96758268 -1.56331621 -3.18208205 -1.86065305
 -1.3250055  -1.20141568]
log likelihood =  -3658.3191286421097
Edge derivatives =  [0.004953252829744043, -0.029031752743723382, 0.08238375958525035, 0.08235617725776495, 0.020780721014849825, -0.0457842028536229, 0.00020114517003780308, -0.05882279031318982, 0.009688163943789851, 0.015132664439436644, 0.012614076738224449, 0.059243821151294965, 0.07880492591302624, -0.0720016431495285]
other derivatives: [-0.9694304   0.56547833 -0.53969416  0.23023858  0.04602043  0.07257768]
Current x array =  [-0.66508157 -0.77635286 -0.52528825  0.49700122 -2.90304397 -2.1662125
 -1.48546808 -1.20368872 -1.03625142 -1.55515035 -3.70752493 -3.00194304
 -0.82813616 -0.3988377  -0.96657575 -1.56357881 -3.17785007 -1.85619313
 -1.32580413 -1.19963068]
log likelihood =  -3658.317852316943
Edge derivatives =  [-0.022525556279467424, -0.012843909542747334, 0.02731702992350904, 0.07973625561134925, 0.01598359272679499, -0.06332251092120657, -0.02393984123128612, -0.0645948524071186, -0.001525351132148578, -0.007983026090108092, 0.018420736172240174, 0.06986654848785485, 0.05119804627479607, -0.052138097489757285]
other derivatives: [-0.11064003  0.02119123 -0.10650183  0.09686119  0.07066774  0.0302407 ]
Current x array =  [-0.6657806  -0.7752681  -0.52561357  0.49783187 -2.90265556 -2.15726701
 -1.48269229 -1.20733206 -1.03520745 -1.55570102 -3.70760364 -2.99869052
 -0.82810584 -0.39928188 -0.96711767 -1.56397262 -3.17997922 -1.85748004
 -1.32567794 -1.20052136]
log likelihood =  -3658.3177267808487
Edge derivatives =  [-0.022822935925736587, -0.017725386816241417, 0.037175158219163285, 0.07465026713471587, 0.014908615526780238, -0.06603455362421218, -0.0189316688408665, -0.05045767123787237, -0.014843031345752822, -0.003552369150967294, 0.017183692022047656, 0.05247994444785595, 0.049439562790273284, -0.04061590912618515]
other derivatives: [ 0.0606633  -0.00181899  0.06666596  0.0604814   0.07676135  0.02605702]
Current x array =  [-0.66590563 -0.77520167 -0.52575805  0.49802609 -2.90251841 -2.15648533
 -1.48272105 -1.20723085 -1.03560581 -1.55519665 -3.70747734 -2.99838652
 -0.82836129 -0.39957942 -0.96702017 -1.56423829 -3.17991012 -1.8570137
 -1.32572243 -1.20080551]
log likelihood =  -3658.3175741932528
Edge derivatives =  [-0.021024526671749366, -0.02380997807164492, 0.05085877275473183, 0.06429290578343899, 0.013256651497470656, -0.06938433890196717, -0.008112605719040766, -0.022229870102045246, -0.034460927651610074, 0.004440256065064735, 0.014698769120929343, 0.020391919669819042, 0.041282950481664304, -0.022713653571020037]
other derivatives: [ 0.12232704 -0.102591    0.1110493   0.01605258  0.06448317  0.02037268]
Current x array =  [-0.6659696  -0.775007   -0.52578717  0.49836301 -2.9021738  -2.155472
 -1.482898   -1.207024   -1.03616554 -1.55419191 -3.70724476 -2.99816499
 -0.82888362 -0.40015447 -0.96688306 -1.56465636 -3.17969971 -1.85611569
 -1.32568265 -1.20128164]
log likelihood =  -3658.3173849555433
Edge derivatives =  [-0.018520888948105524, -0.030611077169575396, 0.04101815807608422, 0.04602232859269825, 0.013020105307884264, -0.06586160850735573, 0.01452236520337058, 0.00045307500013669344, -0.03253579248488059, 0.007239350797710736, 0.009985474804107067, -0.010388145090644077, 0.016766958587375758, -0.01132248564713162]
other derivatives: [ 0.17644197  0.0079126   0.31595846 -0.01055014  0.01105036  0.02623892]
Current x array =  [-0.6659931  -0.77519762 -0.52596812  0.49857684 -2.90162304 -2.15641739
 -1.48364962 -1.20654149 -1.03602974 -1.55253154 -3.70695548 -2.99942279
 -0.82972389 -0.40066031 -0.966928   -1.56475004 -3.17902563 -1.85506887
 -1.32525957 -1.20157097]
log likelihood =  -3658.317213439116
Edge derivatives =  [-0.01724921022311976, -0.02464001668044913, 0.00037638076718726765, 0.020791512884195895, 0.012111995661273856, -0.06348371622142149, 0.0345729938106151, 0.03569370410244621, -0.018731664101217793, 0.0028506228465027816, 0.007056051381567396, -0.035470885275902767, -0.02631174827683891, 0.011676219704575441]
other derivatives: [-0.08062671 -0.16225385 -0.02783054 -0.00868567 -0.07657945  0.02091838]
Current x array =  [-0.66585726 -0.77492136 -0.52566141  0.49887549 -2.9008615  -2.15508844
 -1.4838405  -1.20716372 -1.035015   -1.55046208 -3.70658581 -3.00052276
 -0.83072862 -0.40147987 -0.96727039 -1.56480863 -3.17876947 -1.85439613
 -1.32450373 -1.20225553]
log likelihood =  -3658.317132808811
Edge derivatives =  [-0.01531405184458634, -0.019677098512878133, -0.011929576852929058, 0.02153323135246099, 0.013387691273293145, -0.05919312618813907, 0.03576072338233752, 0.026004632538581207, 0.0004666214073084096, -0.0007065112076670432, 0.0075504502562001655, -0.021489408304331617, -0.02684402394428398, 0.005034553118607843]
other derivatives: [-0.02669367 -0.01600711  0.00586624  0.00818545 -0.07157723  0.02582965]
Current x array =  [-0.66587503 -0.77517992 -0.52568908  0.49874713 -2.90102134 -2.15589508
 -1.48396695 -1.20725911 -1.03452282 -1.55046354 -3.70661205 -3.00120961
 -0.83065225 -0.40123839 -0.96741636 -1.56455334 -3.17869208 -1.85470904
 -1.32439914 -1.20204198]
log likelihood =  -3658.3170690206553
Edge derivatives =  [-0.01247374156105202, -0.01320984905533612, -0.02565714866672364, 0.019018765722534525, 0.014518833103540331, -0.053829391041243485, 0.0341578596459472, 0.015242133451789486, 0.018282937200270466, -0.004812549430131624, 0.008074463087559866, -0.008512568743173785, -0.026668592297351745, 0.0004500517218004041]
other derivatives: [-0.04602043  0.04783942  0.02432898  0.01564331 -0.04874892  0.02878551]
Current x array =  [-0.66584297 -0.77531085 -0.52570308  0.4986736  -2.90131711 -2.1563642
 -1.48408849 -1.20755897 -1.03398722 -1.55025051 -3.7065737  -3.00212012
 -0.83055949 -0.40097854 -0.96757161 -1.5643139  -3.17862073 -1.8550204
 -1.32432949 -1.20188598]
log likelihood =  -3658.317041421396
Edge derivatives =  [0.005877866484684163, 0.009243209372204075, -0.024891142892487617, 0.008950448516317683, 0.016172193910994496, -0.04420414877469708, 0.028643028390126668, 0.018902593661421663, 0.04633557944790151, 0.0013190672500315859, 0.009460437947408924, 0.001473576685097372, -0.015587593253296617, 0.010518430496789799]
other derivatives: [ 0.3176865   0.22387212 -0.24233486 -0.00586624  0.00122782  0.02505658]
Current x array =  [-0.66611966 -0.77558448 -0.52539986  0.49896598 -2.90175475 -2.15565804
 -1.48440289 -1.20823405 -1.03353613 -1.54900301 -3.70620044 -3.00386119
 -0.83040054 -0.40079731 -0.96772386 -1.56424146 -3.17837261 -1.85511845
 -1.3243348  -1.20199345]
log likelihood =  -3658.3169344884705
Edge derivatives =  [0.0024444456441176654, 0.0055008502778510215, -0.03539473978134966, 0.003220761205603523, 0.01612532315187938, -0.041407167932745986, 0.024748935432199276, 0.006796938259492347, 0.04156264551812827, -0.004134406773686816, 0.008693024814729888, 0.003064072357184741, -0.018230996697829238, 0.006021674447952929]
other derivatives: [ 0.07535164  0.11036718 -0.05775291 -0.00704858  0.0214186   0.02623892]
Current x array =  [-0.66592216 -0.77543685 -0.52559198  0.49885003 -2.90196992 -2.15590023
 -1.4844849  -1.2083901  -1.03334024 -1.54880312 -3.70615169 -3.00443837
 -0.83039582 -0.40065644 -0.96772403 -1.56413948 -3.17830679 -1.85520966
 -1.3243578  -1.20191506]
log likelihood =  -3658.3168819936163
Edge derivatives =  [0.004331237712677516, 0.005357119331145854, -0.03369595491146726, -0.005404158810666054, 0.01582387083642793, -0.03862831964800988, 0.018346633350943164, 0.003549845203560942, 0.032225770617587135, -0.0036871244147432813, 0.007965932341274913, -0.0019432904655604516, -0.015880498279959743, 0.009185008115389526]
other derivatives: [-0.01750777  0.01919034  0.0176442  -0.02287379  0.04274625  0.02328306]
Current x array =  [-0.66585075 -0.77530159 -0.52566446  0.49890657 -2.9021229  -2.15546528
 -1.48461834 -1.20857258 -1.03342162 -1.54822906 -3.70595755 -3.00507196
 -0.8303775  -0.4006401  -0.96764107 -1.56420539 -3.17817352 -1.85508237
 -1.32445756 -1.20200454]
log likelihood =  -3658.3168375633
Edge derivatives =  [0.009592810514906847, 0.007679313808137078, -0.02544525338783865, -0.01714307342277549, 0.01553412345784859, -0.03445897662090243, 0.007425807216442537, 0.0005172609774075632, 0.018965733641652105, -0.00032593000554112517, 0.0071683390468560496, -0.008731415247044266, -0.009262075512025292, 0.014455117693015135]
other derivatives: [-0.04160938 -0.04538379  0.04133653 -0.03979039  0.05979928  0.01814442]
Current x array =  [-0.66583669 -0.77520064 -0.5256824   0.49900463 -2.90223553 -2.15472325
 -1.48482436 -1.20878514 -1.03364944 -1.54738338 -3.70563394 -3.00600826
 -0.83029646 -0.40062992 -0.96748231 -1.56433542 -3.17795011 -1.85487319
 -1.32462763 -1.20213998]
log likelihood =  -3658.31677985692
Edge derivatives =  [0.013582811799079525, 0.010931226089217316, -0.015785850669630674, -0.028218888777977458, 0.01541529625672751, -0.029053387832347368, -0.010198313289138894, -0.011946399781592398, -0.0002678173554738761, 0.0022495063012118455, 0.0066049610356929064, -0.009316953375462483, 0.0005236291184075315, 0.012860534586074057]
other derivatives: [-0.06962182 -0.04156391  0.02655725 -0.02060005  0.03601599  0.01145963]
Current x array =  [-0.66582272 -0.77520527 -0.52568412  0.49888651 -2.90210537 -2.15380419
 -1.48491695 -1.20902972 -1.03395632 -1.54672617 -3.70522372 -3.00717305
 -0.83009366 -0.40054451 -0.96723596 -1.56442579 -3.17772603 -1.85483994
 -1.32486583 -1.20215278]
log likelihood =  -3658.3167901693146
Edge derivatives =  [0.008089053099903487, 0.011988745732497197, -0.025691412043726602, -0.04321191130749377, 0.015262248086649825, -0.018250732417057425, -0.023926207261934923, -0.022518514455463268, -0.017625639064022258, -0.00549311850426884, 0.0040085019557592055, -0.0013559699177194545, -0.005330988836572237, -0.0028498150431457425]
other derivatives: [ 0.28162503 -0.17157618  0.19113031  0.00895852 -0.0178261   0.004502  ]
Current x array =  [-0.66612257 -0.77491554 -0.52583576  0.49858862 -2.90161378 -2.15243493
 -1.48479217 -1.2094788  -1.03394278 -1.54605896 -3.70439393 -3.00973732
 -0.83013507 -0.40067779 -0.96713138 -1.56430618 -3.17732066 -1.85512098
 -1.32489372 -1.20200356]
log likelihood =  -3658.31675253738
Edge derivatives =  [0.01105615754442027, 0.011417968880844342, -0.02034143148849421, -0.0351114997933927, 0.015345153961515756, -0.024079057710434053, -0.01651103719029115, -0.016808182418743822, -0.00824899937252438, -0.0013095842753189646, 0.005411425995617863, -0.005655034124337474, -0.002168058202078438, 0.0056370782207429415]
other derivatives: [ 0.09185896 -0.10145413  0.10218173 -0.00709406  0.01123226  0.00818545]
Current x array =  [-0.66596061 -0.77507203 -0.52575386  0.49874952 -2.9018793  -2.1531745
 -1.48485957 -1.20923624 -1.03395009 -1.54641934 -3.70484212 -3.00835229
 -0.8301127  -0.4006058  -0.96718787 -1.56437079 -3.17753961 -1.85496918
 -1.32487866 -1.20208416]
log likelihood =  -3658.3167152942233
Edge derivatives =  [0.013194109387669822, 0.014601739073445419, -0.010398200667724788, -0.036472348264563026, 0.0155784759333688, -0.019571528472891373, -0.02635169300995352, -0.023678665906283314, -0.01737672202165924, -1.6091306662024962e-05, 0.005386513185852766, 0.0013819454146895144, 0.005871616400472179, -0.0023667281739473134]
other derivatives: [ 0.0430191  -0.03828973  0.01359695  0.02410161 -0.01882654  0.0037744 ]
Current x array =  [-0.66592803 -0.7751723  -0.52569366  0.49858906 -2.90171053 -2.15256442
 -1.48476557 -1.20934824 -1.0342144  -1.54640613 -3.70450528 -3.00926066
 -0.82994691 -0.40055465 -0.96704703 -1.56436463 -3.17740498 -1.8551514
 -1.325052   -1.20195125]
log likelihood =  -3658.3166883237236
Edge derivatives =  [0.012751531470701405, 0.015076808780997653, -0.0036798530506620963, -0.03258816714980278, 0.01570971088519911, -0.016788690754630083, -0.025285525805649495, -0.01959964738415665, -0.01814067856723045, -0.0002433208141629506, 0.005155128191378866, 0.007360993365072482, 0.0075915401264983196, -0.009372302155317785]
other derivatives: [ 0.03246896 -0.00154614 -0.02291927  0.034197   -0.02996785  0.00172804]
Current x array =  [-0.66592002 -0.77522402 -0.52567073  0.49854709 -2.90160865 -2.15219705
 -1.48459229 -1.20934111 -1.03439064 -1.54668538 -3.70424499 -3.009859
 -0.82995093 -0.40063362 -0.96703671 -1.56432923 -3.17732314 -1.85532327
 -1.32510619 -1.20183674]
log likelihood =  -3658.316631790965
Edge derivatives =  [0.01007951929578077, 0.014412247717024929, 0.008848450106119454, -0.020957016197376582, 0.015899677527676105, -0.009188808947103923, -0.0121753245459785, 0.0020699956509869777, -0.011384394473477943, -0.002328348049982748, 0.003935743848583764, 0.019688783090814704, 0.004701820903792786, -0.023205689594657436]
other derivatives: [ 0.00177351  0.0381533  -0.07262315  0.03392415 -0.03497007 -0.00222826]
Current x array =  [-0.66589439 -0.77526777 -0.52564094  0.49860469 -2.90144599 -2.1512613
 -1.48410369 -1.20929107 -1.03470421 -1.54742463 -3.7034774  -3.01160288
 -0.83018014 -0.40097947 -0.96715555 -1.56421532 -3.17706298 -1.85568918
 -1.32511996 -1.20163814]
log likelihood =  -3658.3166024645298
Edge derivatives =  [0.006930824235892058, 0.01028415298593699, 0.0192276535284277, -0.011309576929178, 0.015640392429725918, -0.004136532154298135, 0.0005474015478536265, 0.016044959556826277, -0.006272381355390766, -0.0018893976975292714, 0.0028209799023226068, 0.02028630962817339, 0.0036509789609316945, -0.019438790794455152]
other derivatives: [ 0.02019078  0.10022632  0.04911271  0.00627551 -0.01718945 -0.00541149]
Current x array =  [-0.66588601 -0.77536301 -0.52575204  0.49878007 -2.90144197 -2.15049051
 -1.48370987 -1.20912951 -1.03496552 -1.54800331 -3.70276662 -3.01290648
 -0.83041153 -0.40117464 -0.96725054 -1.56422072 -3.17682483 -1.85569157
 -1.32515881 -1.20173755]
log likelihood =  -3658.3165807474775
Edge derivatives =  [0.002386084438692093, 0.006890789809254949, 0.019025902513789772, -0.002894352339708056, 0.01528954112210331, -0.0005543152374760348, 0.015876143788702474, 0.03037885006968044, 0.0036186520084243723, -0.0033396060071382017, 0.0017214748844515543, 0.018830648738230094, -0.0032900268022183488, -0.01525441411446024]
other derivatives: [-0.02096385 -0.0039563  -0.03360583 -0.00832188 -0.00495675 -0.00604814]
Current x array =  [-0.66587236 -0.7751777  -0.525669    0.49892249 -2.90142375 -2.15003578
 -1.48334792 -1.20895721 -1.03496447 -1.54854875 -3.70217956 -3.01394582
 -0.83073186 -0.40137017 -0.96743255 -1.56418132 -3.17663303 -1.85565081
 -1.32506481 -1.20186965]
log likelihood =  -3658.316569308769
Edge derivatives =  [0.0015800652295256123, 0.005759897644534273, 0.01509821120877386, -0.0032420656132769177, 0.01516437523507664, -0.0012303110360838364, 0.015208249558589876, 0.023272122036978593, 0.004726212881758618, -0.002815584783066122, 0.0018584772441437789, 0.014877182900203734, -0.0022478541083934545, -0.0082154798266314]
other derivatives: [-0.00832188 -0.00932232  0.00841283 -0.01118678  0.00368345 -0.0050477 ]
Current x array =  [-0.66587851 -0.7751762  -0.52570058  0.4989132  -2.90151553 -2.15021041
 -1.48336773 -1.20890559 -1.03485252 -1.54855087 -3.70216799 -3.01384373
 -0.83071254 -0.40123501 -0.96743762 -1.5642009  -3.17663719 -1.85551472
 -1.3250678  -1.2019798 ]
log likelihood =  -3658.3165531776535
Edge derivatives =  [-0.0006696181306746207, 0.003549131903263336, 0.007963606721437477, -0.002166999539271991, 0.01482235436719058, -0.0012834383185734335, 0.012735121251703424, 0.005544412580651192, 0.006817530446886877, -0.0011852257492044604, 0.00207396426533836, 0.006935179727035404, 0.001689095626512871, 0.0068122013030963435]
other derivatives: [ 0.01678018 -0.01869012  0.04606591 -0.00977707  0.01609806 -0.0037744 ]
Current x array =  [-0.66589654 -0.77517453 -0.52571959  0.49886744 -2.90168214 -2.15042538
 -1.48330898 -1.20875535 -1.0346331  -1.54871933 -3.70192174 -3.01398335
 -0.83064113 -0.40090198 -0.96743487 -1.56423849 -3.1765843  -1.85521956
 -1.32510355 -1.20221939]
log likelihood =  -3658.3165438793394
Edge derivatives =  [-0.003708103450014627, 0.0012859656183172308, 0.003080934340494057, -0.0005171395993373296, 0.014346013948556356, -0.0001232586991888959, 0.008430182460660879, -0.006521995451733709, 0.005269436917031245, -0.0010397766456114177, 0.0017414057416993908, 0.002943598737812164, 0.002504241522149009, 0.010586079810615656]
other derivatives: [-0.00281943 -0.01982698  0.04706635 -0.00291038  0.0077307  -0.0043201 ]
Current x array =  [-0.66588498 -0.77518434 -0.52571511  0.4988237  -2.90167746 -2.15038486
 -1.48316971 -1.20863191 -1.03449958 -1.54899175 -3.70152074 -3.01442279
 -0.83054434 -0.40071719 -0.96740455 -1.56424166 -3.17649109 -1.85506996
 -1.32511692 -1.20229004]
log likelihood =  -3658.316578596624
Edge derivatives =  [-0.004509768385478008, 0.002644677421153707, 0.00020613337731489878, 0.011867036289143956, 0.013454178797700451, 0.0010408823126910457, 0.01063576434105351, -0.010414890015868927, 0.015031190846489961, 0.0049008768450868045, 0.00180554886911026, -0.006341894670040704, 0.007352867775806016, 0.021633272971654904]
other derivatives: [ 0.2453362   0.09313226 -0.12614692 -0.00363798  0.01668923 -0.00391083]
Current x array =  [-0.66608492 -0.77536644 -0.5255036   0.49891463 -2.90181322 -2.15048586
 -1.48285599 -1.2082205  -1.03418445 -1.54982626 -3.70051779 -3.01510049
 -0.83037127 -0.40047709 -0.96738194 -1.5642832  -3.17630366 -1.85462457
 -1.32507389 -1.20243818]
log likelihood =  -3658.316540627944
Edge derivatives =  [-0.003889269970768161, 0.0015935683570563741, 0.0024302816046457565, 0.002289001614430297, 0.014144307357024356, 0.00014073515894669339, 0.008930261266154288, -0.007402731820506658, 0.007480084735343895, 0.00030578761618965666, 0.0017560047252193137, 0.0008420576910693894, 0.003602191853883996, 0.013088012312590824]
other derivatives: [ 0.05338734  0.00572982  0.00782165 -0.00313776  0.00973159 -0.00418368]
Current x array =  [-0.66593024 -0.77522557 -0.52566722  0.49884429 -2.90170819 -2.15040772
 -1.48309868 -1.20853877 -1.03442824 -1.54918068 -3.70129368 -3.01457622
 -0.83050516 -0.40066283 -0.96739943 -1.56425107 -3.17644865 -1.85496912
 -1.32510718 -1.20232358]
      fun: 3658.316540627944
 hess_inv: <20x20 LbfgsInvHessProduct with dtype=float64>
      jac: array([-0.05338734, -0.00572982, -0.00782165,  0.00313776, -0.00973159,
        0.00418368,  0.00388927, -0.00159357, -0.00243028, -0.002289  ,
       -0.01414431, -0.00014074, -0.00893026,  0.00740273, -0.00748008,
       -0.00030579, -0.001756  , -0.00084206, -0.00360219, -0.01308801])
  message: b'CONVERGENCE: REL_REDUCTION_OF_F_<=_FACTR*EPSMCH'
     nfev: 78
      nit: 67
   status: 0
  success: True
        x: array([-0.66593024, -0.77522557, -0.52566722,  0.49884429, -2.90170819,
       -2.15040772, -1.48309868, -1.20853877, -1.03442824, -1.54918068,
       -3.70129368, -3.01457622, -0.83050516, -0.40066283, -0.96739943,
       -1.56425107, -3.17644865, -1.85496912, -1.32510718, -1.20232358])
