number of sites to be analyzed:  253
log likelihood =  3517.6728654788103
Lr derivatives =  [-171.83202476060404, -294.097028859419, -174.01617763882612]
other derivatives =  [-26.39530976 -17.56152415  -4.62805474   8.36944309 180.60441107
   8.67908057]
Current x_clock array =  [-0.78787782 -0.8058735  -0.64364379  0.74193734 -0.10536052 -0.51082562
 -0.51082562 -0.51082562 -0.51082562]
log likelihood =  3370.4422870367707
Lr derivatives =  [104.1675467053742, -131.18185379396897, -84.10911167969118]
other derivatives =  [-13.83223207  11.46136128 -71.74903658  -1.68433871 159.52800823
  23.21994543]
Current x_clock array =  [-0.78492137 -0.80284495 -0.64126525  0.70840361 -0.82898581 -0.54559998
  0.17765147 -0.50877891 -0.50877891]
log likelihood =  3257.8049711313574
Lr derivatives =  [94.37439687524892, -84.48787491345118, -44.73674387393382]
other derivatives =  [ 11.55945029  20.4963726   58.76040632   0.65770109 123.02380128
  24.39542186]
Current x_clock array =  [-0.76412635 -0.83277777 -0.48832645  0.7000136  -1.42947515 -0.60776332
  0.20089446 -0.34021987 -0.39476783]
log likelihood =  3226.441856921685
Lr derivatives =  [-109.09101881313752, -124.66606960097587, 36.03312053335762]
other derivatives =  [ -99.79671631  -17.70122253 -203.64636839   32.0142135  -109.46464499
    9.97215466]
Current x_clock array =  [-0.81633062 -0.9873922  -0.63912143  0.66369515 -3.29367684 -0.83755019
  0.18007564  0.         -0.11111739]
log likelihood =  3161.228184153231
Lr derivatives =  [-25.911748523647088, -80.02545684778435, -17.15792854948667]
other derivatives =  [ 89.38891369  -0.64678716  13.690169     6.0203547  -19.36909939
  14.5523245 ]
Current x_clock array =  [-0.6904435  -0.94733271 -0.47131613  0.62803465 -2.62875558 -0.8096691
  0.18612562  0.         -0.2355699 ]
log likelihood =  3157.2665173701
Lr derivatives =  [-0.9631607633568784, -66.96624777144521, -9.293781274597734]
other derivatives =  [-32.83457772  -3.20851541  15.87713996   5.54209691   4.96584107
  15.56163625]
Current x_clock array =  [-0.79174564 -0.93739952 -0.47010887  0.62252341 -2.46207635 -0.81335794
  0.1947927   0.         -0.23658123]
log likelihood =  3156.2011634926994
Lr derivatives =  [-4.688729047733389, -68.04569423042093, -7.033396179714025]
other derivatives =  [-6.14541023 -1.15578587 -4.62036951  5.48261596 -1.03486855 14.72053555]
Current x_clock array =  [-0.76688305 -0.93804488 -0.48215523  0.61730776 -2.51712221 -0.8301527
  0.20590743  0.         -0.2256625 ]
log likelihood =  3155.647602409511
Lr derivatives =  [-3.932337643009447, -66.04044939710198, -2.4152609398452682]
other derivatives =  [ 8.96116035  0.64042069 -0.18380888  3.9403858  -2.18606147 13.84578354]
Current x_clock array =  [-0.75502358 -0.93830268 -0.47831857  0.60617637 -2.55443464 -0.85986378
  0.22519104  0.         -0.21279071]
log likelihood =  3154.769306410951
Lr derivatives =  [-0.3608403936125457, -61.45257584977701, 6.4765485879127205]
other derivatives =  [17.00905159  2.6608177  -2.31893864  1.18457137 -2.3425855  11.78314051]
Current x_clock array =  [-0.75022693 -0.93965163 -0.47741306  0.5807363  -2.61216129 -0.93468552
  0.2670458   0.         -0.19149887]
log likelihood =  3153.5849693928094
Lr derivatives =  [0.8836500784404979, -58.61708933343741, 6.322330175855658]
other derivatives =  [13.05147634  2.11725819  3.57322278 -2.19956746 -3.96548785  8.21200956]
Current x_clock array =  [-0.75567515 -0.94784929 -0.47002167  0.54327878 -2.69978697 -1.0768632
  0.33250538  0.         -0.19036887]
log likelihood =  3153.60902381728
Lr derivatives =  [27.34535720755681, -42.19817686220703, 16.654048412764332]
other derivatives =  [  5.50744517   4.15825525 -37.81051419  -4.7814865   14.6678758
   3.82956387]
Current x_clock array =  [-0.76619567 -0.94509184 -0.49512355  0.53656017 -2.63169292 -1.32217493
  0.37743075  0.         -0.17968219]
log likelihood =  3152.9990641047666
Lr derivatives =  [13.655436312948282, -50.70810396575219, 11.309026676439988]
other derivatives =  [  9.17320904   3.14207682 -17.18217391  -3.39709914   5.0257313
   5.88156581]
Current x_clock array =  [-0.76086539 -0.94648892 -0.48240555  0.53996419 -2.66619313 -1.19788645
  0.35466908  0.         -0.18509665]
log likelihood =  3152.2943273242536
Lr derivatives =  [10.661463000661076, -52.18827254792889, 5.297444743739131]
other derivatives =  [-2.67800715  0.79171514 -3.66035238 -3.83533916  2.55586201  3.88527042]
Current x_clock array =  [-0.77108149 -0.95341698 -0.47216279  0.53318349 -2.69835851 -1.31881854
  0.37280488  0.         -0.19558568]
log likelihood =  3151.8029909739626
Lr derivatives =  [7.990967385768334, -54.48997836463717, -1.2427654027411634]
other derivatives =  [-8.37308107e+00 -9.70430847e-01  4.45652404e-03 -2.73716978e+00
  6.41648512e-01  2.39633664e+00]
Current x_clock array =  [-0.77543017 -0.95664488 -0.46934454  0.54513991 -2.68890391 -1.43187745
  0.36114149  0.         -0.20799969]
log likelihood =  3151.1581111442997
Lr derivatives =  [4.749985381645292, -57.844071570237446, -5.296969388006815]
other derivatives =  [-11.50197022  -1.69798113   5.24560164   0.45765773  -0.29504008
   0.9915766 ]
Current x_clock array =  [-0.77669221 -0.95366271 -0.46719388  0.58254323 -2.61967727 -1.59190595
  0.30337655  0.         -0.21180646]
log likelihood =  3150.7215338238116
Lr derivatives =  [-0.42239708903415707, -62.697570144769294, -5.287551096429588]
other derivatives =  [-6.85718078 -2.42985152  2.46186573  3.86980901 -1.09616849  0.20959305]
Current x_clock array =  [-0.77012581 -0.94734922 -0.47211341  0.61020401 -2.5219464  -1.73790442
  0.21685493  0.         -0.20294128]
log likelihood =  3150.5962448196688
Lr derivatives =  [0.8488068967235147, -62.0115099886726, -0.18781934992176375]
other derivatives =  [-1.25755832  2.15572982  6.91752575  2.98978193  0.60113052  0.06575647]
Current x_clock array =  [-0.76581677 -0.93466466 -0.47160404  0.59554439 -2.48454411 -1.78909552
  0.18901166  0.         -0.1901434 ]
log likelihood =  3150.537854725221
Lr derivatives =  [0.1502371584736153, -62.37194480860346, 2.399458183744059]
other derivatives =  [ 0.986347    1.95568646 -2.79856067  2.02826413 -0.63037078 -0.03119567]
Current x_clock array =  [-0.76366231 -0.93436844 -0.4782549   0.57622635 -2.48604681 -1.80764046
  0.18133823  0.         -0.18344731]
log likelihood =  3150.519842061917
Lr derivatives =  [0.46762953895551984, -62.24286134049526, 2.107341703372981]
other derivatives =  [ 1.56542228  1.36351446 -1.79461495  1.41380951 -0.35256562 -0.02928573]
Current x_clock array =  [-0.76334469 -0.93548085 -0.47787355  0.56848529 -2.48519943 -1.80746796
  0.18128654  0.         -0.18430695]
log likelihood =  3150.498006245842
Lr derivatives =  [-0.34076689236845326, -63.46597773833702, 0.5953452619120831]
other derivatives =  [-2.63498805 -0.29299372  0.11164047 -0.14656507  0.07198651  0.01914486]
Current x_clock array =  [-0.76698306 -0.93610652 -0.4783011   0.54261256 -2.46652944 -1.80892696
  0.16587979  0.         -0.18691556]
log likelihood =  3150.494649121306
Lr derivatives =  [-0.031129374826496914, -63.222155767830465, -0.6872405193858917]
other derivatives =  [ 1.11231202 -0.01491571  0.27125679 -0.14088073 -0.11882548 -0.03119567]
Current x_clock array =  [-0.76392089 -0.93673501 -0.47780006  0.54486611 -2.47483725 -1.80845705
  0.17253933  0.         -0.19005223]
log likelihood =  3150.4933697898387
Lr derivatives =  [-0.005848330068809915, -63.16657524578623, -0.019574899989091676]
other derivatives =  [-0.05870788  0.02796696  0.02446541 -0.00345608 -0.02200977 -0.01255103]
Current x_clock array =  [-0.7648671  -0.93640656 -0.47797476  0.54635172 -2.4728575  -1.80811964
  0.17131258  0.         -0.18856592]
log likelihood =  3150.4933594795875
Lr derivatives =  [-0.010259528199542345, -63.17204300940238, -0.0048279326354219165]
other derivatives =  [-0.03319656  0.0048658   0.02587512 -0.00163709 -0.01437002 -0.00854925]
Current x_clock array =  [-0.76484014 -0.93644086 -0.4779851   0.54637514 -2.47269375 -1.80756948
  0.17119614  0.         -0.18853821]
log likelihood =  3150.4933529928608
Lr derivatives =  [0.016167587592821775, -63.164820116363515, -0.0041428822794919995]
other derivatives =  [-0.00741238  0.00109139 -0.03319656 -0.00095497  0.0125965  -0.00013642]
Current x_clock array =  [-0.76481666 -0.93643452 -0.47803663  0.54640318 -2.47247101 -1.80615768
  0.1711626   0.         -0.18857664]
      fun: 3150.4933529928608
 hess_inv: <9x9 LbfgsInvHessProduct with dtype=float64>
      jac: array([-7.41238182e-03,  1.09139364e-03, -3.31965566e-02, -9.54969437e-04,
        1.25965016e-02, -1.36424205e-04,  1.61675876e-02, -6.31648201e+01,
       -4.14288228e-03])
  message: b'CONVERGENCE: REL_REDUCTION_OF_F_<=_FACTR*EPSMCH'
     nfev: 24
      nit: 22
   status: 0
  success: True
        x: array([-0.76481666, -0.93643452, -0.47803663,  0.54640318, -2.47247101,
       -1.80615768,  0.1711626 ,  0.        , -0.18857664])
