number of sites to be analyzed:  566
Successfully loaded parameter value from ./save/MG943337NS1.txt
log likelihood =  -7524.071521295209
Edge derivatives =  [0.008126179967275476, 0.024247372037367817, -0.0037542195104467435, 0.017072720632558908]
other derivatives: [-0.00536602  0.03128662 -0.01236913  0.00763976  0.00418368 -0.00063665]
Current x array =  [-0.66327101 -0.80561192 -0.57735164  0.35316345 -2.06055757 -1.69266038
 -1.1332926  -0.77989786  0.01654869 -0.15356233]
log likelihood =  -7525.188250893301
Edge derivatives =  [-2.282191803087602, -3.0061641261163414, -1.8125705659786997, -6.910242531569041]
other derivatives: [ 13.82913979 -50.45640137  29.92528607  -2.79014785  -2.71556928
   0.2739398 ]
Current x array =  [-0.66863703 -0.7743253  -0.58972077  0.3608032  -2.05637389 -1.69329703
 -1.12516642 -0.75565049  0.01279447 -0.13648961]
log likelihood =  -7524.071520195319
Edge derivatives =  [0.005896615154744291, 0.02131086097383901, -0.005407803577450743, 0.010344208971192426]
other derivatives: [ 0.00891305 -0.0165528   0.0178261   0.00500222  0.00163709 -0.0003638 ]
Current x array =  [-0.66327633 -0.80558089 -0.57736391  0.35317102 -2.06055342 -1.69266101
 -1.13328454 -0.77987381  0.01654496 -0.1535454 ]
      fun: 7524.071520195319
 hess_inv: <10x10 LbfgsInvHessProduct with dtype=float64>
      jac: array([-0.00891305,  0.0165528 , -0.0178261 , -0.00500222, -0.00163709,
        0.0003638 , -0.00589662, -0.02131086,  0.0054078 , -0.01034421])
  message: b'CONVERGENCE: REL_REDUCTION_OF_F_<=_FACTR*EPSMCH'
     nfev: 3
      nit: 1
   status: 0
  success: True
        x: array([-0.66327633, -0.80558089, -0.57736391,  0.35317102, -2.06055342,
       -1.69266101, -1.13328454, -0.77987381,  0.01654496, -0.1535454 ])
