number of sites to be analyzed:  500
log likelihood =  -10380.673975820915
Edge derivatives =  [189.21619347159836, 97.15043944742926, 387.6856960921048, 460.4874646920858]
other derivatives: [ -29.27263267  161.46641428 -106.24517017 -226.72375053  450.05581342
   74.55582818]
Current x array =  [-0.51930592 -0.71994869 -0.59181055  1.09861229 -4.60517019  1.25276297
 -4.60517019 -4.60517019 -4.60517019 -4.60517019]
log likelihood =  -9585.386273417744
Edge derivatives =  [185.5780106946698, 92.79435160709978, 378.86467524463046, 454.5823443264842]
other derivatives: [ 221.09470592  175.10355974  -45.70338206 -167.50436771  429.55161916
   66.16119208]
Current x array =  [-0.55496921 -0.71913249 -0.72125063  0.82239135 -4.05686045  1.25976491
 -4.37464527 -4.48681035 -4.1328469  -4.04415142]
log likelihood =  -7264.208855118319
Edge derivatives =  [147.55109651960635, 61.84067619248478, 268.47843461746487, 278.1180500210586]
other derivatives: [506.29359976 147.56442397 186.71616999 144.33771867  58.33189789
 -89.20360415]
Current x array =  [-0.69762236 -0.71586765 -1.23901095 -0.2824924  -1.86362153  1.28777269
 -3.45254559 -4.01337102 -2.24355376 -1.80007634]
log likelihood =  -14628.069171961644
Edge derivatives =  [-46.44172086413466, -10.919859951719557, -724.4705839999252, -23.38234140938605]
other derivatives: [-4.81657939e+04 -3.34793571e+04  1.94689346e+02 -7.23261110e+01
  1.04188985e+02  4.16370312e+01]
Current x array =  [-0.05       -0.05       -0.63915139 -0.44515394  0.41719925  0.66981203
 -1.79511989 -3.24140697  0.96022205  1.77380563]
log likelihood =  -6728.48474297549
Edge derivatives =  [71.45867013903263, 30.137840387760047, 123.47696082584119, 4.428926207029478]
other derivatives: [ -67.22548278 -317.20355764  259.76896723  163.47339624 -275.96688597
 -244.92801458]
Current x array =  [-0.47939081 -0.49148792 -1.0368742  -0.33730502 -1.09504544  1.07953635
 -2.8940371  -3.75323961 -1.16396632 -0.59577295]
log likelihood =  -6396.992556842256
Edge derivatives =  [38.070914297020515, 17.32086194899617, 54.95150566573383, -61.89252719172248]
other derivatives: [-191.91511456  -51.96152415 -226.15831767  103.64683476 -231.83665689
 -184.63051674]
Current x array =  [-0.48418804 -0.67048494 -0.4757063   0.02683026 -1.2730452   0.63792298
 -2.5675267  -3.61317174 -0.57054411 -0.12135957]
log likelihood =  -6212.100121726489
Edge derivatives =  [38.47807002771535, 19.01742664840684, 34.71482617481332, 3.046411436168451]
other derivatives: [220.86187528 -62.61161616 -56.54728739   7.3638148  -66.84122127
 -92.06560208]
Current x array =  [-0.60816741 -0.6997528  -0.53701228  0.43780836 -1.79608195  0.19273941
 -2.40860091 -3.54983019 -0.31847172 -0.0981687 ]
log likelihood =  -6174.040155556532
Edge derivatives =  [34.661363540996604, 18.99925210142037, 1.9354858395850068, 27.213211240212587]
other derivatives: [-373.79168134    6.26032488   43.28148862  -66.25923561   10.07992978
  -39.92354323]
Current x array =  [-4.59328767e-01 -8.04956277e-01 -5.83639477e-01  7.16494280e-01
 -2.17687161e+00 -2.28486165e-01 -2.22031416e+00 -3.46796381e+00
 -3.84578630e-02  7.40705296e-04]
log likelihood =  -6157.107867652786
Edge derivatives =  [22.17472378304005, 15.117303226607456, -57.81268475225939, -28.328804102845762]
other derivatives: [ 67.77545423  52.50412869  15.53007678 -48.07907317 -47.92191248
 -31.48716132]
Current x array =  [-0.56760677 -0.84690531 -0.54546155  0.7451505  -2.16456581 -0.38891064
 -2.07843619 -3.40144637  0.19933498  0.20922952]
log likelihood =  -6150.057217528281
Edge derivatives =  [28.71712466538587, 17.145421203734568, -23.01704830277882, 3.0834602349739217]
other derivatives: [ 39.90644473  17.43082976   5.80421329 -53.48729246  -7.94461812
 -33.32061169]
Current x array =  [-0.55784559 -0.8148433  -0.54473437  0.71752991 -2.19812038 -0.34181598
 -2.12875683 -3.42354693  0.07603044  0.10712803]
log likelihood =  -6139.661592951319
Edge derivatives =  [28.429695825201257, 17.3483025397837, -17.575242732405364, -2.5028960014060537]
other derivatives: [ -6.69715519 -14.67915354  -1.11413101 -38.18258847  -1.87237674
 -25.58099368]
Current x array =  [-0.54452037 -0.79321445 -0.54302805  0.62144609 -2.22765179 -0.42761925
 -2.06481119 -3.38655994  0.04647015  0.11854888]
log likelihood =  -6121.97628260475
Edge derivatives =  [28.006115454435786, 18.12607301207609, 2.907192000981543, -11.500151280213268]
other derivatives: [-43.3605237    6.37628546  25.36253305   9.35051503  16.09523679
  -5.24378265]
Current x array =  [-0.53109848 -0.80799374 -0.56387845  0.31431225 -2.33688491 -0.73991077
 -1.81201682 -3.23969976 -0.03968294  0.14747528]
log likelihood =  -6125.195187015095
Edge derivatives =  [16.49931944017241, 15.880136838928673, -21.3903812257269, -18.07471771174465]
other derivatives: [  22.28025551 -132.76840036 -172.56998035   15.42612154   20.75112207
    9.20736056]
Current x array =  [-0.55696707 -0.73861062 -0.45727548  0.2692428  -2.45026278 -1.11468533
 -1.42120898 -3.01480904  0.05589785  0.18735972]
log likelihood =  -6117.751990078086
Edge derivatives =  [23.9562593847221, 17.26538117319959, -7.6277717276100265, -13.814180202935267]
other derivatives: [-13.64314812 -49.7034307  -48.07488949  12.33820512  19.12148946
   1.91603249]
Current x array =  [-5.42333568e-01 -7.77859694e-01 -5.17579305e-01  2.94737966e-01
 -2.38612648e+00 -9.02680536e-01 -1.64228358e+00 -3.14202661e+00
  1.82912014e-03  1.64797645e-01]
log likelihood =  -6113.025841470895
Edge derivatives =  [20.2008481254234, 16.648773383730138, -12.100780738552322, -13.8708711819073]
other derivatives: [  8.48976924 -31.1900294  -16.90141289  18.6681973   18.80180207
   6.61448212]
Current x array =  [-0.54790432 -0.79284145 -0.5327775   0.24966935 -2.40576691 -1.0358291
 -1.481143   -3.04455776  0.00682585  0.15854846]
log likelihood =  -6105.4067778796725
Edge derivatives =  [7.594968289307667, 14.665689808992393, -17.349711640003747, -9.124523475466802]
other derivatives: [29.28863978  6.04713932  4.960566   25.01492418 12.91391527 12.17804311]
Current x array =  [-0.55352853 -0.82143713 -0.54346725  0.21476224 -2.38519297 -1.24788429
 -1.13770862 -2.82331889 -0.02530301  0.09191197]
log likelihood =  -6099.2234643093025
Edge derivatives =  [-5.908213584859283, 12.625889508056757, -14.229795383034954, -6.344157030303904]
other derivatives: [22.00977178  9.89311957 23.27569746 20.14339771  2.57559805 13.39058144]
Current x array =  [-5.52241744e-01 -8.20544137e-01 -5.56250213e-01  2.65222466e-01
 -2.28360646e+00 -1.27961790e+00 -9.40464611e-01 -2.65675081e+00
 -1.19772713e-01 -1.44177295e-03]
log likelihood =  -6101.3039266301475
Edge derivatives =  [-2.6219549844697956, 13.087747170928672, 18.941052245470093, 21.56576065981195]
other derivatives: [-17.16298357 117.61549104 -95.05511116  -1.75550667   0.86165528
   7.57572707]
Current x array =  [-0.53956099 -0.89319257 -0.49861411  0.44915295 -2.11714242 -1.09545169
 -0.92134849 -2.46286364 -0.31457088 -0.1797946 ]
log likelihood =  -6096.221204238858
Edge derivatives =  [-4.4326406319214104, 12.887299496387586, 0.4152742084556221, 5.7527640116701795]
other derivatives: [  6.64922482  60.63528417 -26.61081453  11.43998816   2.82479959
  10.85736585]
Current x array =  [-0.54672471 -0.85215139 -0.53117439  0.34524535 -2.21118273 -1.19949246
 -0.93214773 -2.57239606 -0.20452381 -0.07903798]
log likelihood =  -6092.683891518427
Edge derivatives =  [-4.043674991721404, 12.477505163278233, 4.606923976842507, 7.906298489665458]
other derivatives: [ 5.06552169 17.47657734 13.91563274 -7.90550985 -4.8243237   7.15699571]
Current x array =  [-0.54760411 -0.81042611 -0.55886354  0.46383345 -2.08506301 -1.04457124
 -0.96207662 -2.51123952 -0.28897295 -0.15058533]
log likelihood =  -6091.841529491445
Edge derivatives =  [-3.6829429198807317, 12.496346834321933, 2.6697054500530624, 3.432859904613716]
other derivatives: [-10.03118086   1.24910002   1.65036909  -6.37774065  -5.46033334
   6.41712177]
Current x array =  [-0.54396789 -0.80012061 -0.55128521  0.45339365 -2.09658133 -1.02772618
 -0.98010456 -2.49448702 -0.2768713  -0.12868255]
log likelihood =  -6090.471809270792
Edge derivatives =  [-2.84409380031725, 12.463141275630148, 4.086128053148837, -2.6870660265408786]
other derivatives: [  3.67454049 -22.91453711 -24.35353963  -1.75368768  -4.88907972
   3.68654582]
Current x array =  [-0.54828895 -0.78271678 -0.53676607  0.42376822 -2.11327868 -0.96691147
 -1.01311655 -2.40768078 -0.28019048 -0.09940567]
log likelihood =  -6088.9862064859135
Edge derivatives =  [-4.268328333983743, 11.700547103592713, 5.8130746190165885, -7.076181285398624]
other derivatives: [-25.2684913  -33.62365533 -38.49945642   1.9736035   -5.18930392
   0.44892658]
Current x array =  [-0.54022304 -0.77597263 -0.5301952   0.39694536 -2.12565039 -0.89638293
 -1.02408106 -2.25434211 -0.29204291 -0.08388114]
log likelihood =  -6086.2731301405365
Edge derivatives =  [-6.642081440485969, 8.245233836152263, 8.256063174490592, -12.954739304083379]
other derivatives: [ -8.20818968 -33.15562935 -44.41071724   9.27311703  -5.06843207
  -8.94124241]
Current x array =  [-0.54372495 -0.77573486 -0.52827023  0.34696505 -2.15798491 -0.73071373
 -1.05275108 -1.88739161 -0.30603629 -0.0572195 ]
log likelihood =  -6086.16525315039
Edge derivatives =  [-11.233783596606708, 0.26118707444724953, 6.955078626175648, 1.4474644755361403]
other derivatives: [-130.36378732  -39.44496711  -18.6509169     5.33991624   15.74289854
   -9.44492058]
Current x array =  [-0.51124779 -0.78395757 -0.54103124  0.33283531 -2.27109091 -0.72088668
 -1.04504006 -1.44402631 -0.26696191 -0.07910482]
log likelihood =  -6084.912821138162
Edge derivatives =  [-9.014989303931044, 5.030584732732217, 7.4332524251044, -5.725246784932318]
other derivatives: [-66.04514056 -35.89730113 -31.69416232   7.22538971   5.45614967
  -9.22254912]
Current x array =  [-0.52781676 -0.77976256 -0.53452091  0.34004392 -2.21338726 -0.72590018
 -1.04897402 -1.6702194  -0.28689661 -0.06793952]
log likelihood =  -6083.259114410668
Edge derivatives =  [-8.129219586626292, 3.9147249880330075, 6.553729474931923, 0.786167727656083]
other derivatives: [-24.31715984 -14.82421794 -12.03788997   4.82086762  11.78359526
  -9.42027327]
Current x array =  [-0.53779762 -0.79518616 -0.54395     0.3504441  -2.24090505 -0.73209242
 -1.06478926 -1.57990024 -0.26421123 -0.0785132 ]
log likelihood =  -6082.515396635428
Edge derivatives =  [-7.13677911175829, 4.154424802356173, 3.6911185207997024, 6.354543526530474]
other derivatives: [ 1.43336365  2.27582859  8.03156581 -0.36670826 14.47833711 -7.96080712]
Current x array =  [-0.54431694 -0.808107   -0.55395604  0.38286779 -2.24326193 -0.76648026
 -1.0797943  -1.56524383 -0.24107679 -0.09609729]
log likelihood =  -6082.138635630122
Edge derivatives =  [-7.56523929824437, 2.961242264824984, 0.9929152600821703, 6.331076729191213]
other derivatives: [ 8.87930582  6.72662281 11.41097528 -1.85664248 12.14912118 -8.14206942]
Current x array =  [-0.5464677  -0.81207785 -0.55513943  0.39542042 -2.23686901 -0.77281708
 -1.09177008 -1.50992142 -0.22971424 -0.09877882]
log likelihood =  -6081.204677979364
Edge derivatives =  [-8.30739016646279, 0.9834873277974329, -7.728029206895361, 2.5806059731337783]
other derivatives: [12.06417437 13.3557478  13.06998456 -3.54066287  2.94548954 -6.4548658 ]
Current x array =  [-0.54808548 -0.81929107 -0.55400222  0.41741676 -2.21402339 -0.8361025
 -1.13397656 -1.42101281 -0.19548181 -0.09085402]
log likelihood =  -6080.214148917994
Edge derivatives =  [-7.726737018086956, -1.659920093061418, -8.964811907122963, 1.9552301733356405]
other derivatives: [17.2511136   9.13132681  0.98789315 -5.11145117 -0.45738489 -4.47062121]
Current x array =  [-0.55038315 -0.81662213 -0.54631725  0.43192987 -2.1904306  -0.91861181
 -1.20053434 -1.30258719 -0.19954885 -0.09515565]
log likelihood =  -6079.272163375466
Edge derivatives =  [-3.892864599347995, -1.8878846484329903, -10.869902455063572, -11.77287297547439]
other derivatives: [ -2.0940206   -8.50141078  27.10075933  -4.15357135 -11.07364369
  -0.77870936]
Current x array =  [-0.54588504 -0.80177219 -0.5635896   0.42745163 -2.12839173 -1.0863899
 -1.38812847 -1.24402921 -0.22474941 -0.06043975]
log likelihood =  -6078.817325370555
Edge derivatives =  [-0.3938957332122487, 0.5580050821742875, -0.43387223678218234, -4.621358096437743]
other derivatives: [-14.02913767  18.04855856 -20.95011951  -2.1622327   -6.1368155
   0.24383553]
Current x array =  [-0.54199628 -0.81798996 -0.53720307  0.41927445 -2.12277759 -1.1605438
 -1.44643795 -1.24776226 -0.26066729 -0.07881577]
log likelihood =  -6078.47483145756
Edge derivatives =  [-0.9485206519936968, -0.7373682361986216, 0.06513417697160209, -2.7496783895403856]
other derivatives: [-2.64108166 -1.71121428 -5.38266249 -2.64844857 -0.64192136 -0.10550139]
Current x array =  [-0.54520411 -0.80424095 -0.54593024  0.41157397 -2.14261829 -1.13236703
 -1.43107754 -1.22372835 -0.26185272 -0.08228767]
log likelihood =  -6078.44613170348
Edge derivatives =  [-0.4975182673939378, 0.15979277358551053, 0.6872341636556907, -2.0804225444581683]
other derivatives: [-0.91604306 -1.93231244 -1.16124284 -2.31448212  0.37507562  0.06466507]
Current x array =  [-0.54552387 -0.80342973 -0.54870664  0.40803833 -2.14289896 -1.13505222
 -1.43450782 -1.24334036 -0.26441976 -0.08416021]
log likelihood =  -6078.424723711263
Edge derivatives =  [-0.19025223237761985, 0.1326151893344074, 0.9380505559972884, -1.0057629676091555]
other derivatives: [-0.92568371 -0.92104528  0.38335202 -1.34568836  0.96442818  0.18699211]
Current x array =  [-0.54534907 -0.80377317 -0.54994181  0.40121777 -2.14305166 -1.14309599
 -1.44430826 -1.23660393 -0.26588514 -0.08809216]
log likelihood =  -6078.435028043726
Edge derivatives =  [0.04776731363055679, 0.3043857987081443, 0.4860457294107361, -0.6453610260491877]
other derivatives: [10.28402039 -0.4029971  -2.18287823  0.92031769 -0.39481165  0.24310793]
Current x array =  [-0.5484252  -0.80295927 -0.54884163  0.39000668 -2.13612994 -1.1513764
 -1.45410933 -1.23742709 -0.2667707  -0.0918997 ]
log likelihood =  -6078.419723134737
Edge derivatives =  [-0.1041964142572023, 0.1944801569052318, 0.7723323465495274, -0.8770553627956437]
other derivatives: [ 3.16076694 -0.73341653 -0.54824341 -0.5234142   0.47102731  0.20754669]
Current x array =  [-0.54646793 -0.80347714 -0.54954165  0.39714005 -2.14053407 -1.14610776
 -1.44787313 -1.23690333 -0.26620723 -0.08947705]
log likelihood =  -6078.413949110768
Edge derivatives =  [-0.0893613078291137, 0.009558615735336506, 0.2520513701134348, -0.1563928928143668]
other derivatives: [0.42882675 0.41818566 0.43919499 0.1024091  0.33178367 0.2318302 ]
Current x array =  [-0.5456082  -0.80429436 -0.55027926  0.39326304 -2.14012225 -1.14833976
 -1.45097866 -1.23072362 -0.26439399 -0.09278537]
log likelihood =  -6078.413268764471
Edge derivatives =  [-0.1271941028812799, 0.006204844132446069, 0.08070410674791226, -0.1478824517257682]
other derivatives: [-0.17853381 -0.1024091   0.02564775  0.15879777  0.16871127  0.19517756]
Current x array =  [-0.54546141 -0.8039172  -0.55005908  0.39307789 -2.13962269 -1.1463154
 -1.44991694 -1.23168135 -0.26393291 -0.09320655]
log likelihood =  -6078.41291320774
Edge derivatives =  [-0.17487355992751485, -0.025911933214599753, -0.10869507477466, -0.11961312571000249]
other derivatives: [-0.16962076 -0.11750672 -0.15279511  0.11305019 -0.01182343  0.14279067]
Current x array =  [-0.54547553 -0.80391872 -0.54993784  0.39361221 -2.13912735 -1.14392438
 -1.44854668 -1.23195379 -0.26325834 -0.09364675]
log likelihood =  -6078.412544919842
Edge derivatives =  [-0.12489307384759628, -0.019124712126906418, -0.11601931116561537, -0.01886494790910037]
other derivatives: [-0.08403731 -0.11095835 -0.14515535  0.02892193 -0.03165042  0.10550139]
Current x array =  [-0.54549568 -0.80386735 -0.54996461  0.3941642  -2.13856184 -1.14287657
 -1.44963604 -1.23192357 -0.26334442 -0.09419995]
log likelihood =  -6078.412325794543
Edge derivatives =  [-0.04428342559425419, -0.013984294358658639, -0.05474733174409818, -0.12920784897589055]
other derivatives: [ 0.06721166  0.11768861  0.41654857  0.00618456 -0.19372237 -0.01109584]
Current x array =  [-0.54551145 -0.80389834 -0.55036648  0.39437656 -2.1375602  -1.13911169
 -1.45145003 -1.23212106 -0.26395818 -0.09414181]
log likelihood =  -6078.412198087481
Edge derivatives =  [-0.007126023833891326, -0.004904974590828393, 0.014371050253390222, 0.03118031195271176]
other derivatives: [-0.0007276  -0.05329639  0.02955858 -0.02582965 -0.02246452  0.0084583 ]
Current x array =  [-0.54549553 -0.80377916 -0.55014016  0.39443046 -2.13789284 -1.14002341
 -1.45217036 -1.23170601 -0.26406165 -0.09453983]
log likelihood =  -6078.412191115969
Edge derivatives =  [-0.010436076059948757, -0.0051395621012534365, 0.019025236629180486, 0.01794546856087509]
other derivatives: [ 0.00572982 -0.01036824  0.02837623 -0.01455192 -0.01828084  0.00736691]
Current x array =  [-0.54549563 -0.80381586 -0.55013663  0.39435852 -2.13799511 -1.13994321
 -1.45203712 -1.23172562 -0.26403934 -0.09444933]
      fun: 6078.412191115969
 hess_inv: <10x10 LbfgsInvHessProduct with dtype=float64>
      jac: array([-0.00572982,  0.01036824, -0.02837623,  0.01455192,  0.01828084,
       -0.00736691,  0.01043608,  0.00513956, -0.01902524, -0.01794547])
  message: b'CONVERGENCE: REL_REDUCTION_OF_F_<=_FACTR*EPSMCH'
     nfev: 45
      nit: 38
   status: 0
  success: True
        x: array([-0.54549563, -0.80381586, -0.55013663,  0.39435852, -2.13799511,
       -1.13994321, -1.45203712, -1.23172562, -0.26403934, -0.09444933])
