number of sites to be analyzed:  466
log likelihood =  -16443.010732313316
Edge derivatives =  [73.36546888041659, 160.48460416898942, 139.38713491326786, 127.14581017727598, 50.877836820770526, 67.61478939990263, 251.28307337485398, 237.99661128996652, 115.78004701489374, 143.11337040816554, 59.19780612662901, 112.29069853373942, 76.03382771911981, 99.95194676914814, 190.46410357294434, 183.52850940943824]
other derivatives: [ -144.02467059    93.25958672  -161.48587747    94.06794561
 -1090.78864625     0.        ]
Current x array =  [-0.68101872 -0.82350058 -0.66393086  0.74193734 -0.10536052 -0.51082562
 -4.60517019 -4.60517019 -4.60517019 -4.60517019 -4.60517019 -4.60517019
 -4.60517019 -4.60517019 -4.60517019 -4.60517019 -4.60517019 -4.60517019
 -4.60517019 -4.60517019 -4.60517019 -4.60517019]
log likelihood =  -15421.889667723288
Edge derivatives =  [71.5709136910562, 160.0921962921188, 138.48950864643516, 127.00916690922809, 49.374967105258776, 66.9861404592803, 251.4456494454637, 235.79991868821958, 113.2108983297326, 144.5849325321335, 58.8409457325372, 113.94341833261701, 75.45587689206546, 99.59437802456317, 188.5439430230077, 183.91299742471455]
other derivatives: [ 411.13271436  147.18261809 -149.447078    -40.29716365 -631.01433625
    0.        ]
Current x array =  [-0.79578399 -0.82288422 -0.79261     0.81689487 -0.97454947 -0.51082562
 -4.54670931 -4.47728891 -4.49410031 -4.50385474 -4.56462846 -4.55129171
 -4.40493665 -4.41552389 -4.51291149 -4.49113108 -4.55799874 -4.51569196
 -4.54458305 -4.52552403 -4.45339991 -4.4589265 ]
log likelihood =  -17792.05489037701
Edge derivatives =  [56.65431765465301, 166.84597338851142, 138.36748200961557, 124.87408026527547, 47.699764464978216, 66.8327790043694, 250.06249881201055, 231.30490642839933, 99.04765376499013, 160.14732867717473, 53.520613912071155, 132.34140528040632, 78.60313403809069, 96.30468902172053, 184.28490854633236, 182.31406279935976]
other derivatives: [-37774.06091103    259.35405574    432.66009015   -860.57843873
    297.3334631       0.        ]
Current x array =  [-0.05       -0.61287806 -1.31053345  0.82103747 -3.58871423 -0.51082562
 -4.30282268 -3.93553968 -4.02487095 -4.07424044 -4.39610047 -4.32412644
 -3.55486282 -3.61588956 -4.12741311 -4.00376619 -4.3586598  -4.13212824
 -4.288831   -4.18837982 -3.81384691 -3.83744092]
log likelihood =  -14562.747852720955
Edge derivatives =  [64.72062877170713, 158.642184338292, 134.90510321362027, 126.40534780357406, 45.396756210015944, 65.72753963322106, 248.80662731467203, 232.17591238460395, 106.19656058432227, 147.0205466489862, 55.62812795881102, 118.37525433407808, 75.24006840548508, 96.07425975327658, 185.34357164795816, 181.15074011707947]
other derivatives: [-1342.02546178   189.92013793   -55.43406587  -198.6974894
  -141.02242858     0.        ]
Current x array =  [-0.4748782  -0.73251999 -1.01546895  0.8186774  -2.09940683 -0.51082562
 -4.44176655 -4.24417789 -4.2921941  -4.31899462 -4.49211201 -4.45354403
 -4.03915565 -4.07144667 -4.34703415 -4.28142128 -4.47222455 -4.35064709
 -4.43453468 -4.38045316 -4.17820459 -4.19150547]
log likelihood =  -13878.427111102714
Edge derivatives =  [57.46055934736923, 153.5814677024873, 129.3349961266232, 119.39490043201674, 38.60168518273726, 61.431447924561944, 240.39698218580614, 220.58502371199376, 98.08667284915583, 144.37714493443576, 50.6142827621082, 120.27371525378325, 71.50889064531182, 90.09874733661387, 176.17346231665877, 175.3247284695864]
other derivatives: [ 317.26758607  109.47533156 -176.66807253 -211.70399123  234.54904294
    0.        ]
Current x array =  [-0.71656841 -0.58211929 -1.27631422  0.75086691 -3.39282906 -0.51082562
 -4.30352868 -3.93134786 -4.0222124  -4.07068644 -4.3962917  -4.32265338
 -3.54840061 -3.61037515 -4.12696421 -3.99839445 -4.35821785 -4.12685517
 -4.28667776 -4.18684233 -3.80956632 -3.83304449]
log likelihood =  -13503.494740982402
Edge derivatives =  [46.50560093919365, 145.46797077760758, 118.06619690190935, 107.45136979144661, 30.569228506501936, 55.2000879390668, 218.93373896170525, 200.0181632546652, 84.93564615838254, 139.2665921184151, 42.4483597743642, 120.46129061959438, 66.424909293179, 79.83042816251209, 160.59142402282592, 161.75045351353612]
other derivatives: [ 189.87830117  -86.03128663  -64.71709639 -172.106229    339.62678572
    0.        ]
Current x array =  [-0.68312359 -0.41975736 -1.55903309  0.61514805 -4.33083964 -0.51082562
 -4.17055568 -3.62141926 -3.75594374 -3.82573082 -4.30466907 -4.19411269
 -3.06237624 -3.15590968 -3.91276296 -3.71591457 -4.24732772 -3.90111035
 -4.14066865 -3.99692184 -3.44627638 -3.47809856]
log likelihood =  -12727.858734810108
Edge derivatives =  [23.2799848935638, 126.41465683452527, 90.3980409909473, 55.913075391515015, 22.701562082628918, 40.93396687870915, 82.47880497115467, 91.54895738182825, 63.8505231589938, 105.06435801275126, 21.497133538581366, 97.9674835059316, 54.598304754689345, 63.45326293894988, 93.51403284230175, 101.54303280012431]
other derivatives: [-368.57400119  310.92295103  356.49118217   60.97543519  404.13742681
    0.        ]
Current x array =  [-0.63536532 -0.96826635 -1.95124802  0.18121065 -5.74539094 -0.51082562
 -3.80047272 -2.62027457 -2.92584691 -3.07130677 -4.05455598 -3.80009552
 -1.54513057 -1.74745228 -3.27969027 -2.78245918 -3.92842681 -3.12062192
 -3.67809558 -3.42232999 -2.31551764 -2.35811098]
log likelihood =  -11958.790700913149
Edge derivatives =  [11.88769205638985, 100.86509373975517, 68.92947614575652, 24.611041965954954, 16.716806583764914, 31.99200200904749, -40.048995977735615, -14.000654812770529, 53.40924849739433, 64.4177593986066, 9.851340058995662, 74.91323252554731, 46.73092836476946, 54.7954766236593, 33.723297632848876, 39.7980753548077]
other derivatives: [-10.54559107  19.27328412 465.07448133  14.98010533 397.84681576
   0.        ]
Current x array =  [-0.64146847 -0.77978677 -1.46234695  0.16388688 -5.5500364  -0.51082562
 -3.59945439 -1.94059913 -2.3922587  -2.63732493 -3.90704304 -3.55178959
 -0.72357354 -0.95851436 -2.88613553 -2.17064094 -3.75163947 -2.58579109
 -3.37254182 -3.05393925 -1.64433682 -1.67473891]
log likelihood =  -12167.629448731303
Edge derivatives =  [0.42782855414623433, 94.58535108123152, 19.548045965615763, -7.444774073862139, 19.598563069532457, 6.65345383719611, -260.54173827949114, -183.3638467766028, 76.4068488151827, -27.318617834054987, -0.8053276027384626, 6.992110889254816, 31.616797593340113, 51.41425881993999, -94.51205516697573, -120.44193550310646]
other derivatives: [-3.68618748e+02 -7.79195216e+02 -1.51330954e+04  1.25228689e+02
  8.95088306e+00  0.00000000e+00]
Current x array =  [-0.62110561 -0.58704993 -0.05        0.18779873 -3.21529407 -0.51082562
 -3.36210182 -0.86708407 -1.59282278 -2.08696256 -3.70913883 -3.18375976
  0.0787555  -0.11962884 -2.30590394 -1.27222938 -3.53835458 -1.73335388
 -2.89084    -2.48925812 -0.79574575 -0.78538758]
log likelihood =  -11036.59698930129
Edge derivatives =  [9.837894156691954, 93.15629389729881, 67.0114188343978, 22.949703029777183, 17.127813808262733, 25.653026354935562, -53.49585676043434, -33.575166207534664, 62.94360521401545, 32.81996913482402, 6.909588012262986, 52.74799546219099, 43.172117639355164, 58.328609412498395, 10.119240026744034, 3.573781395242141]
other derivatives: [-183.72284103 -220.14155547   89.65034795  101.24040273  307.10434658
    0.        ]
Current x array =  [-0.63029882 -0.6740647  -0.68763132  0.17700326 -4.26935861 -0.51082562
 -3.46925922 -1.35174319 -1.95374357 -2.33543429 -3.79848651 -3.34991394
 -0.28347145 -0.49835992 -2.5678607  -1.67783464 -3.63464616 -2.11820313
 -3.10831359 -2.74419433 -1.17885859 -1.18690242]
log likelihood =  -14642.344003045553
Edge derivatives =  [-23.318226053591207, -177.04440336986497, -187.34437420854985, -110.11760402703439, 1.1502347096074286, -21.56311246569215, -892.1510307336895, -757.2544898041328, -0.7979514375543171, -285.43031620993673, -19.534092624932615, -181.55593399032932, -7.8306044951365035, -15.758997050218328, -454.1635464286637, -479.91292189264595]
other derivatives: [  2258.83777603    594.81262724 -20321.01183431   -519.71364883
  -1617.91067512      0.        ]
Current x array =  [-0.77864831 -1.04184719 -0.05        0.76548704 -0.7112736  -0.51082562
 -3.24288489 -0.09662517 -1.03125932 -1.782404   -3.57517721 -2.9524806
  0.26754027  0.13845979 -1.85101059 -0.79288266 -3.43470429 -1.20180711
 -2.54793871 -2.05859215 -0.41339151 -0.4116502 ]
log likelihood =  -10688.02112795748
Edge derivatives =  [6.064658041107405, 75.17174465571385, 51.91589097279325, 14.331680055347372, 15.081711020371907, 17.84095706568284, -108.15198699588385, -78.85583402353365, 62.34328042818761, 0.46680472219111213, 3.052230349808263, 25.61918395522225, 36.784985792804044, 53.86147650296052, -29.60151224761308, -38.694147551423576]
other derivatives: [-109.14463928  -91.75055311 -293.40772016  109.10407582   54.88345778
    0.        ]
Current x array =  [-0.67824212 -0.79292394 -0.48156285  0.36718833 -3.11946347 -0.51082562
 -3.3961     -0.94611654 -1.65561687 -2.15670701 -3.72631783 -3.22147219
 -0.10539653 -0.29255374 -2.33619045 -1.39183754 -3.57002933 -1.82204401
 -2.92721271 -2.52262272 -0.93147639 -0.93635788]
log likelihood =  -10723.753297941188
Edge derivatives =  [1.3482142691586136, 24.932104973962023, 23.46237490694119, 10.61493252118551, 10.406717465416673, 15.505108203753023, -96.64152994004272, -87.72476600115134, 37.87239118508623, -21.15129429508902, 2.5185247639674335, 10.211511653468571, 29.449680893098257, 34.713610013136126, -41.0466529982836, -39.40925935248383]
other derivatives: [ 239.33735065    6.33772288  455.50532377  -42.23402357 -245.67234505
    0.        ]
Current x array =  [-0.75769079 -0.82909385 -0.85956054  0.71705169 -2.10128163 -0.51082562
 -3.41572472 -0.77044385 -1.55375904 -2.17470727 -3.70756072 -3.19104488
 -0.5047138  -0.59616729 -2.21639012 -1.40206628 -3.5893102  -1.75264408
 -2.84538858 -2.41117071 -1.06448376 -1.0770107 ]
log likelihood =  -10619.484835912783
Edge derivatives =  [4.030096104066508, 55.66028499268122, 42.233867324222594, 12.911080506399005, 12.94733041317616, 17.37505699233551, -104.66643875797669, -83.10228665200677, 52.277806834922245, -7.31777615288397, 2.8485654476921107, 20.698463643103747, 34.048964575603414, 46.41321769596305, -32.56585777095032, -36.55120579264376]
other derivatives: [ 62.88191798 -49.99201337 152.24850358  40.61766958 -59.96625987
   0.        ]
Current x array =  [-0.71275037 -0.80863421 -0.64574479  0.51915022 -2.67721984 -0.51082562
 -3.40462392 -0.86981373 -1.61137529 -2.16452536 -3.71817075 -3.2082562
 -0.27883856 -0.4244272  -2.28415561 -1.39628036 -3.57840391 -1.7919004
 -2.89167269 -2.47421394 -0.98924766 -0.99744993]
log likelihood =  -10590.350910522542
Edge derivatives =  [4.800259974839973, 56.29921354885707, 44.98566464438092, 18.198388896081305, 13.316509751138371, 17.597871587131653, -72.85859808826717, -58.80456649512764, 52.976992331104086, -2.175120769146592, 4.264711948299585, 21.943708453985263, 33.60856637907081, 45.85558994044836, -19.30825395543243, -23.116727183317536]
other derivatives: [ 68.36780813 -45.19970389  79.85872799  16.51205821 -65.17784641
   0.        ]
Current x array =  [-0.71161688 -0.80213839 -0.61846867  0.58298378 -2.61006866 -0.51082562
 -3.4160612  -0.85777453 -1.60707852 -2.1837284  -3.71722981 -3.20929498
 -0.4271988  -0.54791782 -2.2643418  -1.43559052 -3.58891741 -1.80304983
 -2.88096032 -2.45712303 -1.06006009 -1.0713295 ]
log likelihood =  -10499.326260938738
Edge derivatives =  [2.8003543984621393, 28.765953212267952, 28.718803762051184, 25.205349727600552, 10.734128123398445, 11.36564456573188, -7.732373682699988, -11.539981578004062, 41.61255226118708, -11.920696375273128, 4.226239185577334, 1.386050717536668, 23.267991531415845, 31.44865308212971, -12.213629028590983, -13.59499788071822]
other derivatives: [ 24.14362825  46.83661246 -19.04554665 -40.49907147 -27.10330591
   0.        ]
Current x array =  [-0.6927687  -0.9022521  -0.5437281   0.74782598 -2.70240324 -0.51082562
 -3.36873818 -0.47636881 -1.31536002 -2.05202739 -3.6325889  -3.09245862
 -0.72648005 -0.760829   -1.95185212 -1.35948398 -3.54937458 -1.62168161
 -2.67656621 -2.18220495 -1.0790205  -1.10836737]
log likelihood =  -10465.638329114317
Edge derivatives =  [-0.1102102374056955, -5.274385138884284, -0.06528383999499682, 20.895115742457833, 7.360085914528169, 5.562680037434784, 16.183396536746265, 7.71764210622916, 17.497211629584303, -19.199770456729013, 3.6891256356410627, -15.52202962887208, 9.74361237598444, 9.635066039618122, -7.781856923819321, -8.110144313479607]
other derivatives: [-68.84365575  -8.96197889 -50.05240382 -21.27380867 -20.23098205
   0.        ]
Current x array =  [-0.67447087 -0.88371808 -0.51234124  0.72620915 -2.7725576  -0.51082562
 -3.32452433 -0.13975996 -1.03655822 -1.873027   -3.54318972 -2.97837428
 -0.88456634 -0.88352769 -1.62094336 -1.33270419 -3.50608747 -1.49524064
 -2.47070535 -1.90796477 -1.1075886  -1.15083123]
log likelihood =  -10459.76908344677
Edge derivatives =  [-0.585722909419522, -5.442732492928688, -3.9174451423092584, 18.45670479868176, 7.290898111999364, 4.61723491483337, 21.10633191000925, 14.007555073195148, 7.690868039105558, -10.354964128790446, 4.193617996374702, -11.170009101695701, 4.644454624871301, 2.47672013963693, 2.3657052098922327, 1.949004996082535]
other derivatives: [84.04131222 26.3671609  11.74594217  8.56944098 24.54598871  0.        ]
Current x array =  [-0.71862589 -0.90975704 -0.52412114  0.63060051 -2.91353349 -0.51082562
 -3.31407534 -0.09132187 -0.98145624 -1.77132019 -3.49929906 -2.93535946
 -0.89613435 -0.90924771 -1.49454972 -1.39733419 -3.48448825 -1.52323399
 -2.3952944  -1.81808332 -1.1504265  -1.19762761]
log likelihood =  -10455.976105274905
Edge derivatives =  [-1.1434610114402148, -8.692025640881381, -7.52368198006788, 14.953611756923834, 6.854374341851871, 4.084982050054621, 11.101905230780096, 5.734171601498617, 3.783695313592591, -10.824403412552071, 3.8882531900542823, -11.370246238271447, 3.1978435928929203, -0.0407354564444849, -0.6808041934319011, -1.0274940737275058]
other derivatives: [ 0.07166818  3.19523679 11.26863935 15.66568244  8.76916602  0.        ]
Current x array =  [-0.6955403  -0.89715194 -0.52602316  0.62314852 -2.88130489 -0.51082562
 -3.31010623 -0.08495113 -0.97296009 -1.73511997 -3.48677825 -2.92347011
 -0.84840238 -0.87395687 -1.46933336 -1.40422447 -3.47554945 -1.53017671
 -2.37920383 -1.80221831 -1.13977848 -1.18693743]
log likelihood =  -10454.108209304224
Edge derivatives =  [-1.3324973151768797, -7.508613264675564, -7.12700351291762, 12.286599877857837, 6.87756904756721, 4.115548605750182, 1.437136066381925, -1.3687400348210261, 2.1506890368135627, -8.171093796440015, 3.9054238618325248, -8.470152606600864, 2.644476342439333, -0.5252642500617979, -1.120790615702362, -1.6714686586592353]
other derivatives: [-18.99443305  -4.85106284   1.85591489  20.29628376  -3.39532562
   0.        ]
Current x array =  [-0.69160365 -0.89102259 -0.52464935  0.61692203 -2.85006445 -0.51082562
 -3.31129148 -0.11042866 -0.98964936 -1.70065131 -3.47478514 -2.91620243
 -0.79914121 -0.84216383 -1.45895063 -1.43141805 -3.46780163 -1.5600281
 -2.37232465 -1.80172322 -1.14023428 -1.18679929]
log likelihood =  -10451.928534735149
Edge derivatives =  [-1.422002655120888, -4.001055118151255, -5.136648358045984, 8.636547064797366, 6.886721900413693, 4.093677008367618, -6.113882404621651, -5.193653741232775, -2.1358639869905724, -1.8523381099358829, 4.186420498150393, -2.979293817999213, 0.9346483078993227, -2.4117854704360284, 1.3251546959704865, 0.7773640543355158]
other derivatives: [-29.46217137  -6.9356247   14.31944838  13.47307261  -2.5915142
   0.        ]
Current x array =  [-0.68781997 -0.89073504 -0.52840557  0.6334758  -2.84998797 -0.51082562
 -3.31478417 -0.14490112 -1.01250447 -1.62517589 -3.44088672 -2.89365301
 -0.75923913 -0.82651443 -1.42220804 -1.49022874 -3.44900909 -1.6143956
 -2.34748717 -1.78696211 -1.15506009 -1.2031298 ]
log likelihood =  -10452.461809036116
Edge derivatives =  [-1.3621667732224405, -0.910086167840676, -3.311376520907365, 3.668369454350366, 6.394689508048404, 3.2462133007948526, -12.261330162425352, -8.023420869882992, -5.431169569563033, 1.095966212013462, 3.8478430800004664, -0.5179711608075848, -1.0084556156125566, -3.2512265535981024, -1.575330717192322, -2.182735702697657]
other derivatives: [ 53.5068466  -35.91594577 -45.72448233 -16.16026566 -14.49425326
   0.        ]
Current x array =  [-0.71682802 -0.86786477 -0.50166977  0.71333991 -2.81367539 -0.51082562
 -3.31933594 -0.15819081 -1.03030946 -1.51077244 -3.37557284 -2.84860618
 -0.73174412 -0.81226005 -1.38961669 -1.52040051 -3.408947   -1.64915163
 -2.31405652 -1.77375126 -1.13534071 -1.18783359]
log likelihood =  -10451.071272309946
Edge derivatives =  [-1.3953423585647589, -2.635771506494301, -4.284207048728865, 6.550463343447213, 6.679195546111282, 3.7320586909191125, -8.79721305973019, -6.4169483372178995, -3.5629454258900433, -0.5217389452641835, 4.040584437991574, -1.8592497559152594, 0.08620405735651754, -2.7663712128854616, 0.07670472759430863, -0.4916313137266045]
other derivatives: [  8.36189429 -19.43371899 -10.6092557    0.35634002  -7.66503945
   0.        ]
Current x array =  [-0.70058847 -0.88066821 -0.51663725  0.66862967 -2.83400423 -0.51082562
 -3.31678772 -0.15075085 -1.02034171 -1.57481881 -3.41213745 -2.87382471
 -0.74713663 -0.82024007 -1.40786227 -1.50350948 -3.43137492 -1.6296942
 -2.33277197 -1.78114708 -1.14638019 -1.19639686]
log likelihood =  -10450.258092661014
Edge derivatives =  [-1.2999454621917077, -0.07956333988709774, -2.3202691114649996, 4.915803504213008, 6.703000688642464, 3.64283299981588, -7.540023987962796, -4.230481852066243, -5.445638110502114, 2.9520013252853072, 4.235666354761723, 0.9154394338674086, -0.8088190757488766, -3.5068495663800965, 2.0943163415539074, 1.7042660196447077]
other derivatives: [ 6.75572664 -6.21876097  1.73022272 -6.49197318 -0.0691216   0.        ]
Current x array =  [-0.69800073 -0.89167592 -0.5197438   0.68334346 -2.85158763 -0.51082562
 -3.3207467  -0.16602734 -1.03347099 -1.52572948 -3.38365228 -2.85543572
 -0.75205744 -0.83153473 -1.38915047 -1.53495737 -3.41578903 -1.65804915
 -2.31700024 -1.77343701 -1.15637647 -1.20857769]
log likelihood =  -10449.597585289375
Edge derivatives =  [-1.231286003376967, 1.1243511299273323, -0.9982847448969023, 3.350095486196616, 6.627328468103853, 3.3585666999817456, -4.755901325613171, -1.7541935034870921, -5.526219810140116, 4.167188496497198, 4.184891527067704, 2.1175701211525837, -1.1164579376175383, -3.2361055250828943, 2.1790181539759197, 1.954297339724272]
other derivatives: [ 6.84594852  3.89918569 -0.97079464 -6.69133442  1.10394467  0.        ]
Current x array =  [-0.69733522 -0.89929676 -0.51910199  0.68420544 -2.85288555 -0.51082562
 -3.3261668  -0.17422269 -1.04586946 -1.48318486 -3.35057004 -2.83552519
 -0.76981229 -0.84619973 -1.3888868  -1.5470524  -3.39642801 -1.6729149
 -2.30851951 -1.77602243 -1.15638301 -1.21086046]
log likelihood =  -10448.693150471834
Edge derivatives =  [-1.1530007979523762, 1.896123409024617, 1.567744678531587, -1.7385852917397673, 5.886400395026812, 2.3354678996200104, 3.9711933580094962, 4.864158601625438, -4.254071105241229, 4.400959210623633, 3.706030860592757, 3.841916098809539, -1.248917349127262, -1.7777687168971852, 0.23491291492642818, 0.7580147708171154]
other derivatives: [ 10.74149623  -0.20190782  34.97407306 -11.76231308   1.46737875
   0.        ]
Current x array =  [-0.69683251 -0.89368217 -0.53312635  0.68935532 -2.84006881 -0.51082562
 -3.34600265 -0.19678934 -1.08700272 -1.37631696 -3.2474095  -2.77795568
 -0.83300431 -0.88962551 -1.41949363 -1.5590085  -3.33513361 -1.70129842
 -2.29838472 -1.80227822 -1.14920503 -1.2097775 ]
log likelihood =  -10448.563404443341
Edge derivatives =  [-0.9867023515420563, 4.429682968334511, 3.3994245529940916, -3.812672492116164, 5.729410649997739, 1.6723626577037458, 7.553605055363183, 7.728924497650314, -1.367819901695588, 4.760763197987858, 3.521073911898314, 4.409038229042756, -0.8163835546556402, 0.3050631333676237, 0.6844338462473663, 0.6322426697139327]
other derivatives: [-10.21016942   3.04862624 -40.9932909    7.10042514   3.45371518
   0.        ]
Current x array =  [-0.69356129 -0.89544338 -0.51027808  0.65215493 -2.85395305 -0.51082562
 -3.35687419 -0.2050521  -1.10296756 -1.32815309 -3.18930342 -2.74716851
 -0.85649855 -0.90297502 -1.43917442 -1.56012362 -3.30028951 -1.71046665
 -2.29514454 -1.81629277 -1.14894431 -1.21145093]
log likelihood =  -10448.021303429492
Edge derivatives =  [-1.0996033788684803, 2.3393080787637035, 1.9784434138813634, -2.2834191932135717, 5.750034826921896, 1.9470482092558303, 4.906307736169634, 5.030384677852857, -1.7092287808586366, 3.112157528135096, 3.470555442681512, 3.0804947652698607, -0.575851471038269, -0.15066646250274526, -0.5794730415228112, -0.3932331935104103]
other derivatives: [-0.31923264 -1.32768037 -6.50361471  0.8059942  -0.62009349  0.        ]
Current x array =  [-0.69570907 -0.89203477 -0.52087454  0.66402889 -2.83999399 -0.51082562
 -3.35196054 -0.19656224 -1.09261959 -1.36490843 -3.21869515 -2.76456982
 -0.84113076 -0.88929874 -1.44121128 -1.54581269 -3.31713141 -1.69525641
 -2.30323121 -1.81542135 -1.14387924 -1.20474749]
log likelihood =  -10447.858635647073
Edge derivatives =  [-1.1526583517132258, 1.4909276247184442, 1.3940201745368572, -2.5226001160852647, 5.590514820206455, 1.7691680012237165, 3.9251053868196424, 3.859827708103005, -1.3981859576339617, 2.0358037637448176, 3.320892526494832, 2.302787771513627, -0.4675384571034536, -0.01625696054228115, -1.4713886591454504, -1.2385091920019398]
other derivatives: [ 1.23345671 -3.06154107 -1.06156222  1.03718776 -2.99260137  0.        ]
Current x array =  [-0.69638739 -0.89080389 -0.52262379  0.66349415 -2.83444798 -0.51082562
 -3.35305826 -0.19218835 -1.09051372 -1.36575541 -3.21109714 -2.76130583
 -0.8371269  -0.88315516 -1.44703912 -1.53701955 -3.31203955 -1.6886087
 -2.30488805 -1.81796874 -1.13973883 -1.20047146]
log likelihood =  -10447.434614080932
Edge derivatives =  [-1.251037457996496, -0.11478252864088434, 0.1785588665423502, -3.823587327261922, 4.960118743261934, 0.9457433602865962, 1.686365511350892, 1.1175601751513122, -0.33694168007324676, -0.611460176738611, 2.870051996645996, 0.2934993075972889, -0.31013748733678714, 0.5002668994288991, -3.003099491717262, -2.7817395337133837]
other derivatives: [ 3.68272595 -3.18959792  4.96493158  2.87782314 -5.62686182  0.        ]
Current x array =  [-0.69765344 -0.89169723 -0.52405593  0.65984103 -2.83246044 -0.51082562
 -3.36057796 -0.17959453 -1.08622269 -1.3518353  -3.16266315 -2.73869508
 -0.82762459 -0.86657504 -1.46320631 -1.51552478 -3.28186452 -1.67297548
 -2.30488197 -1.82418569 -1.1325683  -1.19350118]
log likelihood =  -10447.088305613881
Edge derivatives =  [-1.2946266281462822, -1.7971002842826476, -1.0205844979089247, -5.016569203013994, 3.664096089878138, -0.4514688109702143, -0.4711120850117765, -1.4949835611596105, 0.4737201535418626, -3.559190671280647, 2.2861616119311585, -2.27303024720988, -0.36069240323875135, 0.6483742358055622, -3.3619483612679906, -3.2924273064033094]
other derivatives: [-24.19874363 -15.07978595   7.45767466  -4.30954969  -3.27672751
   0.        ]
Current x array =  [-0.68954649 -0.88665505 -0.52336268  0.67961865 -2.84428302 -0.51082562
 -3.37653582 -0.16109052 -1.08033214 -1.33650757 -3.0700306  -2.69962652
 -0.81781159 -0.84832909 -1.4805401  -1.49393497 -3.22552541 -1.65514775
 -2.3015167  -1.82739905 -1.13355884 -1.19527668]
log likelihood =  -10446.726089609025
Edge derivatives =  [-1.2034672381826705, -1.9646742964479769, -1.1847271759781206, -4.825869718062952, 2.7578901147440766, -1.519634581199034, -0.2612668234418858, -2.0940400889113064, 2.397349361130601, -5.239481819034897, 1.8851309276793393, -3.878084651602223, -0.013460456891055086, 1.6434349393621155, -1.7839320919972383, -2.0122072141417933]
other derivatives: [ 1.01344995e+01 -1.13450369e+00  8.25475581e+00 -2.54658516e-03
  3.21870175e+00  0.00000000e+00]
Current x array =  [-0.69950244 -0.89667192 -0.52211069  0.66609838 -2.86691387 -0.51082562
 -3.39184575 -0.14773539 -1.0764776  -1.33153464 -2.98909986 -2.66780596
 -0.81584269 -0.8376918  -1.50012416 -1.47800736 -3.1765666  -1.64159707
 -2.30176179 -1.8326347  -1.14136415 -1.20340635]
log likelihood =  -10446.560164301169
Edge derivatives =  [-1.1382200545765317, -1.0990664775324295, -0.5216824495151929, -4.513373374053282, 2.8768002605559952, -1.380217642771839, 0.5166146043048943, -0.9557609854942928, 1.891833312806302, -3.7977464173683155, 2.0449661849295273, -2.8633556845050863, -0.1997276992165823, 1.3338100691643937, -0.7158127048378649, -0.9749841734190949]
other derivatives: [ 3.844616    0.28521754  1.77460606 -1.22454367  4.71354724  0.        ]
Current x array =  [-0.69731948 -0.89790819 -0.52014014  0.66967541 -2.86948827 -0.51082562
 -3.3924158  -0.15286194 -1.07923798 -1.33257859 -2.98997967 -2.67008429
 -0.81879903 -0.84417569 -1.49230573 -1.49068703 -3.17750736 -1.65109028
 -2.29945399 -1.82851307 -1.14714217 -1.20961872]
log likelihood =  -10446.34728644746
Edge derivatives =  [-1.0281927691091846, -0.2895690335183959, 0.20210501605703707, -3.9785229500204045, 2.6223388514454293, -1.5483434877520086, 1.1242377697097674, 0.08172892907686435, 1.228245346709423, -2.0612700870759904, 2.0921786858709988, -1.7435236857629242, -0.48943237422045854, 0.84473929290056, 0.9775105399009529, 0.669926751229484]
other derivatives: [-2.99951353  2.68300937 -5.11445251 -2.67282303  6.10361894  0.        ]
Current x array =  [-0.69491589 -0.90010559 -0.51794461  0.67391336 -2.87169746 -0.51082562
 -3.39965461 -0.15674541 -1.08233968 -1.33699607 -2.96036341 -2.66428701
 -0.82031342 -0.85004213 -1.48432519 -1.50799552 -3.15968128 -1.6636443
 -2.2960048  -1.82223188 -1.15747272 -1.22112161]
log likelihood =  -10446.091380277841
Edge derivatives =  [-0.9046135786343135, -0.00315457366284283, 0.6541672819170663, -3.11746369798446, 1.98427198186193, -1.9534427794102758, 1.2123278131583874, 0.5740103124270113, 0.4480699303675194, -0.49096566847123213, 1.9460622137965744, -0.7566337802517026, -0.7934004829961019, 0.21400893110151417, 2.4318760522035983, 2.1282814485455654]
other derivatives: [-5.88970579  3.22397682 -9.61063051 -2.93166522  5.12409315  0.        ]
Current x array =  [-0.69400247 -0.90049234 -0.5166599   0.67493202 -2.8670092  -0.51082562
 -3.41272856 -0.15887953 -1.08478112 -1.35003515 -2.9064137  -2.65479187
 -0.81936702 -0.85404463 -1.47803113 -1.52656822 -3.1260187  -1.67705066
 -2.29368487 -1.81516467 -1.16782471 -1.23330873]
log likelihood =  -10445.785037017333
Edge derivatives =  [-0.7547012222773143, -0.4117444890900283, 0.564231829928602, -1.1145159515817264, 0.7471846374975374, -2.5189522028777316, 0.4829485081843392, 0.24650378290620267, -0.4216739227508485, 0.8665103105617226, 1.3756277196121003, 0.08294458508841385, -0.9182297230525667, -0.5882732957217478, 2.7112544677245367, 2.6279920299072845]
other derivatives: [-14.41803761   6.15364115  -3.52192728   2.5747795    1.84954843
   0.        ]
Current x array =  [-0.69144011 -0.90262436 -0.5199924   0.66077706 -2.85692999 -0.51082562
 -3.43602801 -0.1606055  -1.08408097 -1.38902398 -2.8184574  -2.64968564
 -0.81311012 -0.85545928 -1.47499658 -1.54690567 -3.06768555 -1.69188975
 -2.29702639 -1.80752735 -1.17343517 -1.24172294]
log likelihood =  -10446.098184922412
Edge derivatives =  [-0.48225889884411416, -0.24306923843062345, 0.5044001934677314, 2.049575269908621, -0.9044472068115705, -2.951939162012993, -1.8792102673469995, -0.7473372365280757, -1.6499225286063601, 2.1431902950449104, 0.5553846443741672, 0.7342637468488892, -1.0707060523640994, -1.557668701380146, 1.7245188384700885, 1.7524157279040689]
other derivatives: [ 22.07161742 -15.72661859 -21.45898179  -6.8494046   -4.64751793
   0.        ]
Current x array =  [-0.70428172 -0.88407754 -0.51195732  0.68328805 -2.83321937 -0.51082562
 -3.46288317 -0.161563   -1.07828183 -1.44693321 -2.72436471 -2.65652467
 -0.79547662 -0.85137591 -1.46549647 -1.56791383 -3.00194003 -1.70641132
 -2.30250733 -1.79514303 -1.17072794 -1.2420184 ]
log likelihood =  -10445.679645092998
Edge derivatives =  [-0.6629851284838276, -0.3507314012361126, 0.5516380936749637, -0.027754122745237947, 0.22618877386088193, -2.661953242755182, -0.29369034953568907, -0.08977576386459535, -0.8300338834118587, 1.3027311526861725, 1.1133173241475058, 0.3081648257654256, -0.9688903805399107, -0.9074383899593482, 2.3859489074686597, 2.3415432081842673]
other derivatives: [-1.98742782 -1.0466465  -9.41072358 -0.58680598 -0.291584    0.        ]
Current x array =  [-0.69573256 -0.89642487 -0.51730658  0.66830161 -2.84900445 -0.51082562
 -3.44500465 -0.16092556 -1.08214254 -1.4083808  -2.78700585 -2.65197167
 -0.80721592 -0.85409437 -1.47182106 -1.55392789 -3.04570936 -1.69674375
 -2.29885846 -1.80338775 -1.17253025 -1.2418217 ]
log likelihood =  -10445.611215847002
Edge derivatives =  [-0.6651959560685857, -0.7067273015264752, 0.20483294253966677, 0.4150151184662071, 0.12093112668490774, -2.595027781979967, -0.6863608615309497, -0.5288141172248273, -0.7355697995853812, 0.8817302117051802, 0.931384748127354, 0.05977092298405276, -0.793841629024374, -0.839120633591248, 1.3068393183300013, 1.406406176258954]
other derivatives: [ 0.20409061 -0.62100298 -1.1163138   0.47039066 -1.25583028  0.        ]
Current x array =  [-0.69630129 -0.89655841 -0.52026011  0.66462824 -2.84630174 -0.51082562
 -3.4477233  -0.16073313 -1.07986528 -1.41915359 -2.78201472 -2.65852568
 -0.80481631 -0.85225032 -1.47464038 -1.55059042 -3.04021588 -1.6947343
 -2.30268092 -1.8047848  -1.16688797 -1.23622517]
log likelihood =  -10445.57745016388
Edge derivatives =  [-0.6673804825891554, -0.8762485180562989, -0.11022250578835013, 0.7679097124563, 0.1336166174529353, -2.4658948147439435, -0.9780153187977513, -0.918226981153649, -0.34950961700909877, 0.21906462268992388, 0.7697158382715233, -0.3511780812468498, -0.5195619658916089, -0.5390936668927961, 0.054127974120227296, 0.23471437342664142]
other derivatives: [ 1.62981451 -0.24392648  1.53104338  1.38807081 -1.85173121  0.        ]
Current x array =  [-0.69679534 -0.89677402 -0.52126741  0.66204076 -2.84532193 -0.51082562
 -3.44931348 -0.16036668 -1.07712238 -1.42716184 -2.78285893 -2.66720662
 -0.80297101 -0.84996531 -1.47907124 -1.54384124 -3.03795129 -1.69054055
 -2.30714245 -1.80771564 -1.1597199  -1.22871828]
log likelihood =  -10445.56000004922
Edge derivatives =  [-0.6275233790766239, -0.49529464456177563, -0.04851376484236852, 1.2008754473498848, 0.15552969886917145, -2.1542370633604686, -0.4096193842562069, -0.2522918935141935, -0.4380394592873055, 0.3114545020613958, 0.6836519596654783, -0.03985492139047159, -0.3516321978952245, -0.48915380346715664, -0.5182587120745195, -0.23013017276784675]
other derivatives: [ 4.71245585 -1.00571924 13.25424819 -1.53631845  0.33724064  0.        ]
Current x array =  [-0.69708086 -0.89609688 -0.52498044  0.66675677 -2.84895584 -0.51082562
 -3.45332994 -0.16460993 -1.07614353 -1.43297063 -2.78147344 -2.68243125
 -0.80497405 -0.85354672 -1.47883211 -1.54472946 -3.03300822 -1.69329995
 -2.31091524 -1.80884754 -1.15666991 -1.22525651]
log likelihood =  -10445.524574528632
Edge derivatives =  [-0.6015696382712292, -0.2872370780440862, -0.044593730915917784, 1.4130626359929501, 0.09762493744861982, -2.1233329351430195, -0.343932513802985, -0.21406113130002025, -0.08722918295827758, 0.11069505399305843, 0.5886540317229212, -0.16202545598912393, -0.18267203090658546, -0.22920565401004092, -0.8032214249959504, -0.5723645811037176]
other derivatives: [ 2.86909199 -0.15770638  6.74153853 -0.38307917  0.37307473  0.        ]
Current x array =  [-0.69673805 -0.89683839 -0.52292949  0.66476467 -2.85001686 -0.51082562
 -3.45608645 -0.16477791 -1.07504464 -1.43584113 -2.77523313 -2.68674341
 -0.80494079 -0.85317533 -1.48131405 -1.54232489 -3.02734911 -1.69224888
 -2.31309218 -1.8103219  -1.15487687 -1.22325297]
log likelihood =  -10445.491284743395
Edge derivatives =  [-0.5436201211935237, 0.31652160371485527, 0.11830992506913146, 1.7489748405411394, 0.07715861190817944, -1.921133263818141, 0.12880529703243526, 0.32029142801801813, 0.25928571911605275, 0.1224918502138051, 0.48284787201622653, 0.002723971462996133, 0.062106112204559916, 0.09893839904477747, -1.0400773237965537, -0.8978553878685873]
other derivatives: [-0.60463208  0.41982275 -1.1848897  -0.11568773  1.20544428  0.        ]
Current x array =  [-0.69579193 -0.89741337 -0.52044419  0.66486283 -2.85250935 -0.51082562
 -3.46146854 -0.16760993 -1.07398722 -1.43900098 -2.76738112 -2.69970129
 -0.80677536 -0.85546821 -1.48290593 -1.54171014 -3.01844846 -1.69386235
 -2.31669117 -1.81210286 -1.15339484 -1.22124765]
log likelihood =  -10445.476745095437
Edge derivatives =  [-0.5095668093760276, 0.6809724823089885, 0.22670184041119373, 1.8739210940102475, 0.07514439937637361, -1.7544849808692025, 0.49423841667817064, 0.7387892371139628, 0.3577065776910858, 0.2190191280803824, 0.4376427611246592, 0.21557219569291733, 0.18267807970026584, 0.23627946805492042, -1.0225397144082922, -0.928395043708884]
other derivatives: [-1.64454832  0.60335879 -3.17686499 -0.50949893  1.86028046  0.        ]
Current x array =  [-0.69541496 -0.89757105 -0.51982275  0.66583766 -2.85385205 -0.51082562
 -3.46519059 -0.16986804 -1.07360318 -1.43942735 -2.76295525 -2.70955884
 -0.80846011 -0.85759279 -1.48301871 -1.54237429 -3.01287904 -1.69584973
 -2.31870154 -1.81290224 -1.15359435 -1.22103959]
log likelihood =  -10445.439853008254
Edge derivatives =  [-0.46722967474709876, 1.1280589973609225, 0.27867003923316364, 1.8008389498034838, 0.09678331446791559, -1.3997876726936125, 0.9660576210014501, 1.2587418511766273, 0.49041060934462954, 0.2750693966383211, 0.37321683319315857, 0.5693848057003955, 0.38492286998241526, 0.46083223760332565, -0.7665336719370315, -0.786794259491459]
other derivatives: [-1.89866114  0.79780875 -5.22632035 -0.78543962  2.27610144  0.        ]
Current x array =  [-0.6952807  -0.89762872 -0.5192133   0.66652885 -2.85422916 -0.51082562
 -3.4727134  -0.17315586 -1.07263394 -1.43605822 -2.75604466 -2.73127166
 -0.81126174 -0.86051942 -1.48310502 -1.54264617 -3.00262078 -1.6988115
 -2.32223308 -1.81445479 -1.15560562 -1.22200645]
log likelihood =  -10445.372078818666
Edge derivatives =  [-0.43644316003631306, 1.23032296811127, -0.10786154805838327, 0.9819632105167256, 0.07477414313080305, -0.6430166276869649, 0.9427554285692652, 1.2489520645747834, 0.5402747537706525, -0.11277447376192706, 0.1811816830355, 0.9006142308334709, 0.7205635869564925, 0.7145649487226591, -0.30582888950717896, -0.5423864394643823]
other derivatives: [-9.55660653 -3.43807187 -6.84012775 -0.96351869  0.83164196  0.        ]
Current x array =  [-0.69323796 -0.89463204 -0.51893475  0.6678308  -2.84971088 -0.51082562
 -3.4908488  -0.17621551 -1.06943398 -1.42270228 -2.74157318 -2.78453324
 -0.81376193 -0.86174813 -1.483269   -1.53976023 -2.97907506 -1.7009357
 -2.32913228 -1.81717475 -1.16076695 -1.22479   ]
log likelihood =  -10445.355291207976
Edge derivatives =  [-0.3787292594785314, 1.612833162472746, -0.15418386815840596, -0.07131362706496686, 0.1979636226528066, 0.07878290208655964, 1.317902173730662, 1.4730085113476719, 0.9704095306821282, -0.31992222148666416, 0.057344984723948916, 1.2380436995134452, 1.078373295090517, 1.2287367638435442, 0.9967176325399116, 0.512501878979347]
other derivatives: [ 8.41864676  4.21387085 -6.9525413   0.69940143  0.01527951  0.        ]
Current x array =  [-0.6984913  -0.89963617 -0.51850639  0.66347991 -2.84726074 -0.51082562
 -3.51012855 -0.17789512 -1.06738315 -1.40111815 -2.72681163 -2.83932965
 -0.81752546 -0.86237465 -1.48400252 -1.53642352 -2.95501847 -1.70172224
 -2.33457607 -1.82004357 -1.1694484  -1.2310013 ]
log likelihood =  -10445.314470025023
Edge derivatives =  [-0.42120222553837033, 1.0183701336124749, -0.3311391967418319, 0.10360396001616634, 0.10116279014114128, -0.16258417957870924, 0.6645242372235152, 0.8506775068521906, 0.5919022213653244, -0.3719180683430918, 0.07026934813563536, 0.942176630933836, 0.859144836437239, 0.8328166783840791, 0.4317637087089369, 0.11606364229675803]
other derivatives: [ 0.37434802 -0.03874447 -2.11002771 -0.1031367  -0.6186383   0.        ]
Current x array =  [-0.69613132 -0.8968408  -0.52022567  0.66538192 -2.84575642 -0.51082562
 -3.50436831 -0.175292   -1.06786165 -1.40791805 -2.73134484 -2.82217718
 -0.8140368  -0.85973181 -1.48290516 -1.53727731 -2.96253337 -1.69975831
 -2.33187231 -1.81788287 -1.16643243 -1.22908821]
log likelihood =  -10445.307625999962
Edge derivatives =  [-0.4381478397102335, 0.7038863657781171, -0.39216522729932, -0.014902645169138973, 0.07707658832282095, -0.2202880586838123, 0.3298398152071468, 0.47927759226107747, 0.45791197870607514, -0.4131388596403486, 0.07332370191697171, 0.7635625343554475, 0.7535318863486785, 0.6677592242935877, 0.3873090643163192, 0.13999707057966937]
other derivatives: [-0.73123374 -0.39381121  0.21191227  0.02255547 -0.9957148   0.        ]
Current x array =  [-0.6958114  -0.8967218  -0.52096574  0.66507318 -2.84516528 -0.51082562
 -3.50364194 -0.17329782 -1.06820796 -1.40728875 -2.73219704 -2.81899768
 -0.81248607 -0.85780993 -1.48230842 -1.53725581 -2.96397593 -1.698036
 -2.33032675 -1.81675562 -1.16632942 -1.22938609]
log likelihood =  -10445.300794249411
Edge derivatives =  [-0.4446901999755215, 0.39455287448649207, -0.39232435380063524, -0.16128310395541848, 0.05256346986794659, -0.24113797227917122, -0.01603506698244428, 0.07690936334360138, 0.33751507143111326, -0.43477866748374505, 0.05393914844013465, 0.5327449282906462, 0.6350790455854827, 0.4902175838282149, 0.3517330804245641, 0.18603993523943474]
other derivatives: [-0.55442797 -0.58753358  1.84045348  0.2053639  -1.16306182  0.        ]
Current x array =  [-0.69590905 -0.89672745 -0.52137242  0.66461252 -2.84537909 -0.51082562
 -3.50460035 -0.17071395 -1.06870877 -1.40564486 -2.73155474 -2.81923686
 -0.81079387 -0.85541903 -1.4814693  -1.53727412 -2.96353842 -1.69557913
 -2.32849993 -1.81523812 -1.16622823 -1.22976886]
log likelihood =  -10445.290727797508
Edge derivatives =  [-0.4283019886645914, 0.11014113727552632, -0.2504611194374425, -0.2973292524064996, 0.029981024247288532, -0.18666326246706613, -0.3294687038452204, -0.3110011043092013, 0.19480099347824031, -0.3656301736121272, -0.010327021074366532, 0.22444332368576161, 0.47819017900718347, 0.2519787692572579, 0.2534579304290439, 0.2132230911594613]
other derivatives: [-0.25193003 -0.3432433   2.74358172  0.22901077 -0.83618943  0.        ]
Current x array =  [-0.69603102 -0.89720921 -0.52139572  0.66456813 -2.84729768 -0.51082562
 -3.50881774 -0.16725131 -1.06957891 -1.40312482 -2.72841187 -2.82603504
 -0.8090371  -0.85261526 -1.47978886 -1.53793458 -2.95980695 -1.6920325
 -2.32599589 -1.81274919 -1.16572282 -1.22995047]
log likelihood =  -10445.282702363427
Edge derivatives =  [-0.37991494837031903, -0.1027765253766787, 0.03777346822945621, -0.20592406398478413, 0.008271239328515728, -0.08874273443740471, -0.4134410479308177, -0.4404993346536472, -0.02792633813524384, -0.12490767152779009, -0.11495776513480029, -0.1030228956524458, 0.23191175407922338, -0.07865320781557542, -0.07404866014611255, 0.01806081761487177]
other derivatives: [ 1.5628757  -1.93103915  0.37543941 -0.25975169 -0.16661943  0.        ]
Current x array =  [-0.6967759  -0.89623018 -0.52014916  0.66580761 -2.8500189  -0.51082562
 -3.51599578 -0.16325467 -1.07054489 -1.40304793 -2.72384779 -2.83666631
 -0.80807933 -0.85095129 -1.4767411  -1.54019255 -2.95458476 -1.68816556
 -2.32203209 -1.80905902 -1.1636983  -1.22870855]
log likelihood =  -10445.280076466952
Edge derivatives =  [-0.33675148456735265, -0.045129818814033607, 0.24346439721080837, -0.21766490094878582, 0.019317401388767322, 0.08326331923799933, -0.13955963826472007, -0.2111336561184915, -0.06068453946482963, 0.048610495132524356, -0.20137556861487935, -0.15827307299153887, 0.17793095177466947, -0.14966744849571154, -0.11743293303178332, 0.01868089020065561]
other derivatives: [-0.86329237  1.27347448  0.66847861 -0.04874892  0.4798494   0.        ]
Current x array =  [-0.69583184 -0.89905304 -0.52020824  0.66548021 -2.85237972 -0.51082562
 -3.52367585 -0.16229063 -1.0707299  -1.40096229 -2.7183792  -2.85169988
 -0.80936628 -0.85163602 -1.47535215 -1.54145833 -2.94751484 -1.68705451
 -2.32088487 -1.80786035 -1.16364492 -1.22856665]
log likelihood =  -10445.278101914415
Edge derivatives =  [-0.34657819519557237, 0.007260645422123901, 0.16024619957719394, -0.15427067135111353, 0.02108550180951682, 0.03630469219783325, -0.09813435394056658, -0.13731953638734934, -0.02843211614742025, 0.005504530612333247, -0.16837838477948014, -0.069669865784768, 0.20999885943197738, -0.08488838363971885, -0.09757347004085376, -0.012265242477289329]
other derivatives: [-0.11150405  0.11677912 -0.13442332 -0.10713848  0.23155735  0.        ]
Current x array =  [-0.69613729 -0.89798261 -0.5200044   0.66558884 -2.85128463 -0.51082562
 -3.52153187 -0.16325644 -1.07035193 -1.40243151 -2.72019299 -2.84705819
 -0.80962749 -0.85235049 -1.47595051 -1.54116606 -2.94998053 -1.68815435
 -2.32141071 -1.8086641  -1.16369694 -1.2284133 ]
log likelihood =  -10445.277536220652
Edge derivatives =  [-0.3434351691019122, 0.02862214796076995, 0.1353721863541304, -0.10674513872336416, 0.019826352391994262, 0.03990982378068429, -0.010664909053374805, -0.039026869443265055, -0.03214025129689396, 0.01502501055821473, -0.1651292936008119, -0.025693069438183974, 0.20320792025084622, -0.0722289141031858, -0.09774611300862657, -0.03648390194790818]
other derivatives: [ 0.30067895 -0.12769306 -0.08058123 -0.14551915  0.20700099  0.        ]
Current x array =  [-0.69626316 -0.89772856 -0.52004008  0.66559662 -2.85099892 -0.51082562
 -3.5220773  -0.16359056 -1.07006456 -1.40316665 -2.72016446 -2.84712921
 -0.81008091 -0.85300644 -1.47599302 -1.54131693 -2.95022141 -1.68861005
 -2.3212448  -1.80889969 -1.16371737 -1.22825396]
log likelihood =  -10445.276538667518
Edge derivatives =  [-0.33380297389360863, 0.012989285419575614, 0.06884237961132317, 0.0324470778392662, 0.014861726586233914, 0.022616249237817063, 0.13211576315760049, 0.13200270494302346, -0.06261863274458696, 0.05869497254060027, -0.15017193114590122, 0.02380272697259747, 0.12794793563395995, -0.08329073005175328, -0.1126092794342049, -0.11218708774791963]
other derivatives: [-0.33596734 -0.50258677 -1.19962351  0.0340151  -0.09840733  0.        ]
Current x array =  [-0.69612493 -0.89738395 -0.51975987  0.66530309 -2.84997261 -0.51082562
 -3.52401338 -0.16367893 -1.06927123 -1.40561094 -2.72027307 -2.84580278
 -0.81080273 -0.85424629 -1.47585111 -1.54191943 -2.95174605 -1.68920143
 -2.31966691 -1.80911465 -1.16366899 -1.22781435]
log likelihood =  -10445.275578661403
Edge derivatives =  [-0.32011110216833016, -0.027036911993857382, 0.036547843219494947, 0.10081375280617552, 0.005446365134780584, 0.04584481637275889, 0.2515449819249289, 0.2526292393605084, -0.10591220426220768, 0.10049468844271855, -0.1548431651794343, 0.041839598549241575, 0.05359473675718657, -0.11476627136837547, -0.10272408133851574, -0.12678107299963498]
other derivatives: [ 0.56534191 -0.3088644  -0.1371518   0.03310561 -0.07621566  0.        ]
Current x array =  [-0.69635164 -0.89748124 -0.52009904  0.66508696 -2.84983581 -0.51082562
 -3.52728271 -0.16345272 -1.06869357 -1.40658132 -2.71916656 -2.84795095
 -0.81137561 -0.85499653 -1.47557246 -1.542443   -2.951468   -1.68926726
 -2.3181829  -1.80911424 -1.16381413 -1.22766281]
log likelihood =  -10445.27478561492
Edge derivatives =  [-0.3105552071065448, -0.10825150737896194, 0.009270566148051551, 0.1141638022449176, -0.004931694001720943, 0.0555025156198502, 0.24193125101634766, 0.236850596511456, -0.14587824732210491, 0.1217547454329265, -0.156193396829362, 0.005711890366678379, -0.02706591101836245, -0.16088698468156465, -0.0769648397573261, -0.10967157277475459]
other derivatives: [ 0.36870915 -0.08840289  0.36761776  0.14752004 -0.1373337   0.        ]
Current x array =  [-0.69627833 -0.89769227 -0.52026187  0.66479961 -2.84977264 -0.51082562
 -3.53018726 -0.16277424 -1.06830677 -1.40688904 -2.71825788 -2.84936478
 -0.81131848 -0.85492954 -1.47530107 -1.54275335 -2.95142485 -1.68880416
 -2.31657871 -1.80892762 -1.1640453  -1.22775991]
log likelihood =  -10445.273662811916
Edge derivatives =  [-0.29599900203541624, -0.19118502411619914, -0.0339610756900256, 0.12241762934479117, -0.017708734642007548, 0.06005353349817627, 0.159486593365742, 0.15560334431244582, -0.16643064308524727, 0.1312179310864342, -0.14430338457121022, -0.0428477370002891, -0.13345037647969266, -0.19114713256310512, 0.003310635550675567, -0.044905900380275254]
other derivatives: [ 0.04474714  0.25393092  0.63628249  0.25047484 -0.22064341  0.        ]
Current x array =  [-0.69616648 -0.89802057 -0.52034076  0.66461024 -2.84973745 -0.51082562
 -3.53460123 -0.16196953 -1.06769312 -1.40718493 -2.7172314  -2.85050013
 -0.81083029 -0.85444656 -1.4752187  -1.54292524 -2.95204026 -1.68817099
 -2.31427051 -1.80899087 -1.16456566 -1.22812437]
log likelihood =  -10445.272039807645
Edge derivatives =  [-0.27172742557725776, -0.20470708623292955, -0.09527959271417319, 0.1394701636349826, -0.03521406792782408, 0.0707455404844477, 0.0570548140140868, 0.07102601630694105, -0.14098390475645728, 0.11405553003035837, -0.11571370297117096, -0.05421429717173601, -0.2401829818933313, -0.15955061769754508, 0.1347885590019013, 0.0594687100791883]
other derivatives: [-0.53951226  0.26593625  0.81654434  0.17753337 -0.13460522  0.        ]
Current x array =  [-0.69596405 -0.89809406 -0.5204008   0.6647996  -2.85005809 -0.51082562
 -3.54144797 -0.16170888 -1.06675332 -1.40753763 -2.71596664 -2.85183405
 -0.81017049 -0.85390442 -1.47565249 -1.54281002 -2.9534201  -1.68785511
 -2.31162644 -1.80983563 -1.16534367 -1.22868893]
log likelihood =  -10445.27203183045
Edge derivatives =  [-0.21788953792599078, -0.025571931166651574, -0.14752145187186277, 0.19519718606077044, -0.03411528163040921, 0.08770243072906589, -0.06198439988671872, -0.0017508470890637007, 0.057147367264950844, 0.07717470735545018, -0.04148343691508147, -0.000343282570135911, -0.3481743401530476, 0.055753906280351734, 0.424433394589342, 0.2847564747849025]
other derivatives: [ 1.62654032  1.88410922 -1.16415322  0.27775968 -0.10404619  0.        ]
Current x array =  [-0.6965787  -0.89924036 -0.51971964  0.6647315  -2.85025919 -0.51082562
 -3.55431075 -0.16223154 -1.0650753  -1.40775771 -2.71413423 -2.85322837
 -0.80915447 -0.85312667 -1.47716919 -1.54206315 -2.95677586 -1.68797049
 -2.30787143 -1.81228058 -1.16670497 -1.2297126 ]
log likelihood =  -10445.271064062372
Edge derivatives =  [-0.24460180530250664, -0.11493197905434588, -0.12130681185006043, 0.16743112083610992, -0.034657173963822216, 0.07926209355105478, -0.0025199194695201266, 0.03459668564631624, -0.04171207065461929, 0.09560230085766278, -0.07848540589569017, -0.02720838373235812, -0.29415925059574766, -0.05161003044966608, 0.2799346702176649, 0.17237050471839022]
other derivatives: [ 0.54624252  1.07738742 -0.17498678  0.22791937 -0.11914381  0.        ]
Current x array =  [-0.69627192 -0.89866823 -0.52005962  0.66476549 -2.85015882 -0.51082562
 -3.54789084 -0.16197068 -1.06591281 -1.40764787 -2.7150488  -2.85253245
 -0.80966158 -0.85351485 -1.47641219 -1.54243592 -2.95510097 -1.6879129
 -2.30974559 -1.81106029 -1.16602553 -1.22920168]
log likelihood =  -10445.269694968312
Edge derivatives =  [-0.22417563884704933, -0.05114931332785261, -0.17101820337574364, 0.16426651762878303, -0.051621849468251366, 0.08027775977201931, -0.12271435326652269, -0.06123569312260774, 0.021013697111885193, 0.03303717434457071, -0.044876469087721374, 0.001361109302743524, -0.3283559785068389, 0.03753010660811862, 0.3478475949024254, 0.237345829313031]
other derivatives: [-0.17462298  0.33851393 -0.02110028 -0.04165486  0.07548806  0.        ]
Current x array =  [-0.69604671 -0.89812617 -0.52012975  0.66534645 -2.85060701 -0.51082562
 -3.55374413 -0.1625628  -1.06528294 -1.40770908 -2.71455587 -2.85241753
 -0.8089479  -0.8529402  -1.4773244  -1.54186789 -2.9571252  -1.68809939
 -2.30849956 -1.81242624 -1.16636368 -1.22954554]
log likelihood =  -10445.268817619557
Edge derivatives =  [-0.21270934436454636, 0.022434516836707497, -0.16883883969225982, 0.1520929521928223, -0.05586442399829923, 0.08013308709822292, -0.15142849255044888, -0.08340942394854778, 0.07126518965144676, -0.011593115118980063, -0.03140817703692864, 0.03438782016395611, -0.2986000394102682, 0.11181561481656002, 0.30803950119092605, 0.21841772106737356]
other derivatives: [-0.16498234 -0.06457412 -0.10950316 -0.15588739  0.15115802  0.        ]
Current x array =  [-0.69605656 -0.89778193 -0.52012276  0.66555953 -2.85070531 -0.51082562
 -3.55657516 -0.16326416 -1.06525125 -1.40743682 -2.71458179 -2.85200061
 -0.8088042  -0.85280875 -1.47792643 -1.54141119 -2.95828321 -1.68843015
 -2.30880721 -1.81326355 -1.16604244 -1.22939297]
log likelihood =  -10445.267078436722
Edge derivatives =  [-0.18375285410034992, 0.14080485382215524, -0.13457080157499512, 0.10538007690254289, -0.06317106050689274, 0.08032970445770542, -0.16514562088412277, -0.10618032995734877, 0.15614082634116982, -0.09870187030045557, -0.012133327195456678, 0.08321513685496229, -0.22305415629336073, 0.24631835901823704, 0.1360025900647473, 0.11581518142577402]
other derivatives: [-0.08676579 -0.4636604  -0.15352271 -0.1888111   0.1380613   0.        ]
Current x array =  [-0.6960942  -0.89739448 -0.52017876  0.66553675 -2.85050681 -0.51082562
 -3.56375003 -0.16451887 -1.06547905 -1.40643396 -2.71454136 -2.8513397
 -0.80886781 -0.85271901 -1.47896956 -1.54053272 -2.96073915 -1.68894521
 -2.30987984 -1.81469703 -1.16485356 -1.2286864 ]
log likelihood =  -10445.264900471902
Edge derivatives =  [-0.13127370468697508, 0.16025724431968863, -0.017922199365645264, 0.04904862422967843, -0.0748637543171169, 0.08960759915961622, -0.0925903086485465, -0.0810703265584351, 0.16878164397928913, -0.12456721485636418, 0.0004638190091347527, 0.05164623735378965, -0.18773814956275986, 0.27402262921165843, -0.08059927688658308, -0.02203970876334843]
other derivatives: [ 0.1715307  -0.70067472 -0.29958755 -0.15934347  0.1549779   0.        ]
Current x array =  [-0.69620043 -0.89717879 -0.52014059  0.6653737  -2.85056986 -0.51082562
 -3.57648893 -0.16456644 -1.06603935 -1.40471458 -2.71364529 -2.85213633
 -0.80943047 -0.85277917 -1.47914332 -1.54027827 -2.96339086 -1.68850081
 -2.31059485 -1.81488002 -1.16338744 -1.22769365]
log likelihood =  -10445.266902475094
Edge derivatives =  [-0.04964059473680646, 0.2944727047483159, 0.1034601136412856, -0.07977684507905572, -0.06748724034405101, 0.02141675513308311, -0.03294635028406223, -0.05331106904964633, 0.2761061369004384, -0.2271149801998956, 0.09745369228880155, 0.11730890047703171, 0.05896045198364305, 0.412849769280738, -0.3061052501213525, -0.16943648117648547]
other derivatives: [-3.31838237  1.44282239  0.39726729 -0.0858563  -0.3263267   0.        ]
Current x array =  [-0.69498616 -0.89891336 -0.52065799  0.66547872 -2.84916734 -0.51082562
 -3.59831489 -0.1662257  -1.06668461 -1.40197825 -2.7155825  -2.845083
 -0.81015496 -0.85318822 -1.48033083 -1.53916533 -2.97267431 -1.68937509
 -2.31543752 -1.8157323  -1.16170375 -1.22645644]
log likelihood =  -10445.263887465193
Edge derivatives =  [-0.10097288110126831, 0.20954848046703523, 0.026800977606293575, 0.001991802781638602, -0.07212375643321778, 0.06474689851545234, -0.07061426983957297, -0.07085020995667768, 0.20821488634180368, -0.16214442902270024, 0.03627030650732384, 0.07581225458280977, -0.09709708300544372, 0.32495679018712453, -0.1632246308715427, -0.07602622503351775]
other derivatives: [-1.10630936  0.0865839  -0.04383764 -0.13242243 -0.02128218  0.        ]
Current x array =  [-0.69575509 -0.89781495 -0.52033035  0.66541222 -2.85005548 -0.51082562
 -3.58449368 -0.16517498 -1.066276   -1.40371102 -2.71435577 -2.84954949
 -0.80969618 -0.85292919 -1.47957884 -1.53987009 -2.9667956  -1.68882145
 -2.31237092 -1.8151926  -1.16276994 -1.2272399 ]
log likelihood =  -10445.26238906779
Edge derivatives =  [-0.056548620113720305, 0.08876045247919773, 0.13071870528027613, -0.03853203091549337, -0.0814333101326927, 0.06543014153623024, 0.030958496668479774, -0.025270616291003634, 0.12369631457851776, -0.11395278965687361, 0.042649959398109075, -0.011884170067054417, -0.11122057907185708, 0.21097793579353064, -0.2799245493170974, -0.16138923434299018]
other derivatives: [-0.07312337  0.09349606  0.27030183 -0.02837623 -0.08749339  0.        ]
Current x array =  [-0.69609492 -0.89779753 -0.52037133  0.66504691 -2.84998469 -0.51082562
 -3.59592504 -0.16393049 -1.06672616 -1.40232096 -2.71353576 -2.85027993
 -0.81037737 -0.85312137 -1.47869098 -1.54043328 -2.96872179 -1.6877592
 -2.31271566 -1.81380634 -1.16199361 -1.22657101]
log likelihood =  -10445.261954974849
Edge derivatives =  [-0.03812105813179337, -0.002974927011362538, 0.1781620896553338, -0.04486682402465411, -0.0777725275840852, 0.059465251509843, 0.10338958033603629, 0.02799381284532132, 0.04930808310822893, -0.04092550340481069, 0.04616764160382472, -0.07104106470771121, -0.12156607180012707, 0.08971904244740087, -0.2533332970898207, -0.16937328343464786]
other derivatives: [-0.52714313  0.04001777 -0.87784429  0.18153514 -0.17425918  0.        ]
Current x array =  [-0.69602188 -0.89780736 -0.51996662  0.66472705 -2.84998907 -0.51082562
 -3.60065573 -0.16277461 -1.06680024 -1.4018294  -2.71337816 -2.85039999
 -0.81080854 -0.85339549 -1.47766246 -1.54118765 -2.96925232 -1.68707894
 -2.31312539 -1.81220382 -1.16214166 -1.22649564]
log likelihood =  -10445.26143012392
Edge derivatives =  [-0.029380770417772352, -0.07341738784974328, 0.15417505390772407, -0.04437270942206839, -0.07830881831568992, 0.04776229979085661, 0.10940313060353452, 0.035388504220573325, -0.0032432881326359686, -0.005489218471471408, 0.06328034633431427, -0.08421395575124407, -0.13103530611307607, 0.011756733906146177, -0.14676952367443624, -0.10143024906371217]
other derivatives: [ 0.07985363  0.28339855  0.21082087  0.09749783 -0.13242243  0.        ]
Current x array =  [-0.69615801 -0.89799318 -0.52028457  0.66478992 -2.85005402 -0.51082562
 -3.60375012 -0.16219715 -1.06646804 -1.40181549 -2.71361204 -2.84956516
 -0.81078392 -0.8534605  -1.47716351 -1.54160805 -2.97016329 -1.68687284
 -2.31332976 -1.81134903 -1.16279187 -1.226825  ]
log likelihood =  -10445.261136815467
Edge derivatives =  [-0.03285331180703817, -0.06530384672925238, 0.1206773227712078, -0.037326909327821095, -0.07342625858028386, 0.036662151024594095, 0.0907358048768685, 0.03483943979119919, -0.006172633370887415, 0.003358307639319824, 0.0751793630235183, -0.0626757844411372, -0.11081438837503449, -0.0008995275538200287, -0.05829726856636602, -0.04716802292734806]
other derivatives: [ 0.0178261   0.26684575  0.30358933  0.03001333 -0.09295036  0.        ]
Current x array =  [-0.69612593 -0.89798244 -0.52031305  0.6649488  -2.85011749 -0.51082562
 -3.60320065 -0.1622775  -1.06618297 -1.40203852 -2.714185   -2.84845258
 -0.81062071 -0.85348831 -1.47708919 -1.54169676 -2.97049171 -1.68710859
 -2.31385215 -1.81112342 -1.16331759 -1.22714351]
log likelihood =  -10445.260709954342
Edge derivatives =  [-0.03422083634006319, -0.008883954359076629, 0.0542704618418991, -0.039362777945479405, -0.05435932218786313, 0.003522532782122653, 0.046542062310784504, 0.03217843530361758, -0.0023348774551825435, 0.014883670202667176, 0.0979370845388331, -0.003976959716905648, -0.0012878237927204383, -0.014286234017825222, 0.03523523861532035, 0.004874798066813679]
other derivatives: [ 0.21882443  0.05384209  0.00782165 -0.0178261  -0.04565663  0.        ]
Current x array =  [-0.69619731 -0.89778016 -0.5202186   0.66506928 -2.8501774  -0.51082562
 -3.6036514  -0.1627682  -1.06559021 -1.40214909 -2.71611401 -2.8450362
 -0.81026306 -0.85356067 -1.4769037  -1.54177319 -2.97158856 -1.68781882
 -2.3164603  -1.81047771 -1.16378383 -1.22742652]
log likelihood =  -10445.26069502809
Edge derivatives =  [-0.03583522408132904, -0.0321098373974974, 0.013074805238981635, -0.04249548794029104, -0.05299571020930946, 0.002607834205155299, 0.014861048046632686, 0.00851052568936772, -0.03321215284716167, 0.021789239706402813, 0.08877610131950694, -0.008836484011486095, 0.006918129688034791, -0.04965119992147826, 0.021200851416737, 0.0006782702339329094]
other derivatives: [-0.46857167 -0.32177923  0.33687684  0.018008    0.05329639  0.        ]
Current x array =  [-0.69599848 -0.89753851 -0.52033427  0.66494857 -2.85052183 -0.51082562
 -3.6040557  -0.16265425 -1.06525818 -1.40229476 -2.71648911 -2.84499582
 -0.8100626  -0.85347094 -1.47664682 -1.54190674 -2.97099675 -1.68780723
 -2.3168641  -1.81011144 -1.16375162 -1.22745692]
      fun: 10445.26069502809
 hess_inv: <22x22 LbfgsInvHessProduct with dtype=float64>
      jac: array([ 0.46857167,  0.32177923, -0.33687684, -0.018008  , -0.05329639,
       -0.        ,  0.03583522,  0.03210984, -0.01307481,  0.04249549,
        0.05299571, -0.00260783, -0.01486105, -0.00851053,  0.03321215,
       -0.02178924, -0.0887761 ,  0.00883648, -0.00691813,  0.0496512 ,
       -0.02120085, -0.00067827])
  message: b'CONVERGENCE: REL_REDUCTION_OF_F_<=_FACTR*EPSMCH'
     nfev: 74
      nit: 65
   status: 0
  success: True
        x: array([-0.69599848, -0.89753851, -0.52033427,  0.66494857, -2.85052183,
       -0.51082562, -3.6040557 , -0.16265425, -1.06525818, -1.40229476,
       -2.71648911, -2.84499582, -0.8100626 , -0.85347094, -1.47664682,
       -1.54190674, -2.97099675, -1.68780723, -2.3168641 , -1.81011144,
       -1.16375162, -1.22745692])
