number of sites to be analyzed:  1892
log likelihood =  -55685.84461165365
Edge derivatives =  [599.7354873787069, 430.03331315564475, 1016.9034436064443, 1293.7847038263621, 263.1343838570964, 255.43617422234183, 936.0379952278834, 850.9655920237394, 943.8675983158475, 634.4494934934271]
other derivatives: [ -680.04446803   311.51575968  -470.35573516   241.23291951
 -2773.1526643    911.23438324]
Current x array =  [-0.61972439 -0.74230225 -0.57917652  0.74193734 -0.10536052 -0.51082562
 -4.60517019 -4.60517019 -4.60517019 -4.60517019 -4.60517019 -4.60517019
 -4.60517019 -4.60517019 -4.60517019 -4.60517019]
log likelihood =  -52507.94361734546
Edge derivatives =  [556.2461322031461, 441.015395186765, 1016.169933498392, 1313.213220559258, 250.21279226227173, 241.87612348436258, 935.9999323463276, 840.9520371672116, 941.5628025026733, 627.4314339471007]
other derivatives: [ 1961.43228095   453.89460865  -132.76585378   -61.77579053
 -1693.25066963   770.22850746]
Current x array =  [-0.79701471 -0.74212176 -0.70180014  0.80482774 -0.82833255 -0.50886752
 -4.44881674 -4.49305878 -4.34005938 -4.26787532 -4.53657    -4.53857695
 -4.36114132 -4.38332004 -4.35910011 -4.43976666]
log likelihood =  -45393.94239095054
Edge derivatives =  [428.81628103954773, 412.62289656744036, 957.7626807946585, 1259.7260867279147, 170.59034121341952, 158.55924392737037, 848.4672637417785, 716.2333341826994, 841.9430848801461, 540.7883089916892]
other derivatives: [-4982.47682117   876.87294581   361.54306144 -1115.2929801
  1349.14444061   477.96638682]
Current x array =  [-0.44511173 -0.6274531  -1.13946097  0.96990776 -3.82505551 -0.4223192
 -3.71382435 -3.94676006 -3.06043256 -2.63052244 -4.21127505 -4.22326358
 -3.18298072 -3.31680037 -3.172121   -3.64440304]
log likelihood =  -43169.26167023684
Edge derivatives =  [286.49899540990424, 324.7171318247013, 761.7620323218111, 766.8574810975706, 91.5901394230824, 85.17756486658418, 578.6645733197237, 459.1329352007708, 531.0616269542256, 410.19380657455264]
other derivatives: [ 3835.36462323 -3638.75296898   361.91486288  -840.46987467
  1655.35020642   212.04177756]
Current x array =  [-0.93398048 -0.33242065 -1.2710233   0.76097726 -5.20009932 -0.29756667
 -3.16132015 -3.50675832 -2.03637377 -1.30870363 -3.97013915 -3.99129027
 -2.24779516 -2.4840385  -2.23332858 -3.02173634]
log likelihood =  -41825.71060136387
Edge derivatives =  [262.33501612697756, 294.30032217031123, 759.6015045186816, 677.4984018917289, 83.68557712619166, 75.70425161779401, 523.8955614566758, 429.5658230043369, 492.9840456372275, 376.3896610874732]
other derivatives: [2941.7242331  -811.91974459  589.38458096 -646.81080403 1649.80083355
  137.1219696 ]
Current x array =  [-0.85204082 -0.5301956  -1.25786433  0.662551   -5.22645137 -0.25202536
 -3.07169704 -3.42795714 -1.85231525 -1.08565464 -3.93368864 -3.9565181
 -2.08819072 -2.34638098 -2.07666665 -2.91415414]
log likelihood =  -39446.46144560639
Edge derivatives =  [157.9339653453948, 185.14480530747466, 675.8734743923053, 338.36670795048, 49.715322198334064, 40.683683429876666, 270.8114375562438, 269.69860233028515, 259.08199653366285, 257.1142197380202]
other derivatives: [-3.00748798e+02  4.03817103e+02  1.19641772e+03 -1.56505848e+00
  1.59692863e+03 -1.66588870e+02]
Current x array =  [-0.5958185  -0.74576129 -1.13302693  0.32534692 -5.13218103 -0.10091115
 -2.78978524 -3.17488845 -1.24851866 -0.37750484 -3.82016602 -3.8488827
 -1.57959273 -1.90747335 -1.57652739 -2.57047728]
log likelihood =  -37697.84165190124
Edge derivatives =  [99.02543964128354, 121.5087670581534, 555.4761494539672, 124.3518571668231, 38.32097439287961, 27.391725848459842, 133.28605040177612, 209.57955167876287, 165.45711442796417, 179.1494763695209]
other derivatives: [-4675.6118536   1264.66620713  -298.11926652   682.35676736
  1180.53576443  -513.65786931]
Current x array =  [-0.42232672 -1.02293594 -0.64595216 -0.02768713 -4.0341406   0.02204753
 -2.64718644 -3.0118149  -0.80336716  0.01553098 -3.77150219 -3.80558121
 -1.29315869 -1.66235652 -1.30303382 -2.35924681]
log likelihood =  -36847.09079271403
Edge derivatives =  [59.43994874591695, 90.25038315778778, 377.8829338053952, -151.70205293865723, 30.046446124342875, 19.781900736779615, 32.41699842125991, 149.77200714068542, 78.19066047268096, 128.09907476793987]
other derivatives: [ -691.65616878  1618.51785379 -2154.51364056   957.77213573
   501.56886573  -777.54157246]
Current x array =  [-0.60808925 -1.14730242 -0.44177975 -0.17038563 -3.29029889  0.03609687
 -2.54502502 -2.89556488 -0.47308577  0.28226017 -3.73473287 -3.7731406
 -1.09459515 -1.48239047 -1.10849804 -2.20658425]
log likelihood =  -36281.192474255324
Edge derivatives =  [62.25966471223612, 97.1288896787983, 381.4162489785287, -84.18694627608468, 30.266530721298174, 20.55484130751276, 56.70174532176635, 144.16641310139332, 76.96067980076542, 147.606519964117]
other derivatives: [ 857.81721282 1309.90592879  112.73950804  694.92307375  524.33751989
 -600.61720433]
Current x array =  [-0.71749413 -1.02297592 -0.67336225 -0.02772833 -3.25560472 -0.06750508
 -2.56392508 -2.90894444 -0.48634757  0.2032167  -3.74154495 -3.78047495
 -1.13730452 -1.50594241 -1.14559531 -2.22374359]
log likelihood =  -35869.90995721964
Edge derivatives =  [49.66624030536074, 95.38798893931131, 253.40838851745312, -190.95878473859403, 29.12829427038997, 20.170211447963887, 57.20780117775691, 130.74492229017332, 64.60994224236612, 154.27710613107706]
other derivatives: [ 986.58929346  924.50645752  463.15108193  614.78931457   33.36463124
 -464.23374442]
Current x array =  [-0.73346914 -0.91196383 -0.71649471  0.10234069 -2.78529602 -0.19965839
 -2.58316141 -2.90522038 -0.43000597  0.1172875  -3.75149254 -3.79254572
 -1.17292313 -1.51707853 -1.17754239 -2.22049583]
log likelihood =  -35525.51363052185
Edge derivatives =  [49.308992553753036, 106.502413811108, 100.53456638958134, 71.1844029956757, 29.26391485927764, 20.2190288487004, 110.25855361016126, 115.9888188941262, 80.96450288146951, 155.3456524151011]
other derivatives: [ 1298.92723635 -1437.68193084   426.90589908  -154.12297216
   192.83324946  -123.93284123]
Current x array =  [-0.7647851  -0.55425207 -0.65377064  0.74675583 -2.75511611 -0.67447859
 -2.56400331 -2.84260527 -0.2525573  -0.12882185 -3.7368221  -3.78542632
 -1.17160781 -1.43932908 -1.16681247 -2.11324872]
log likelihood =  -35272.4362811003
Edge derivatives =  [17.463247789407113, 77.57331166402358, -74.41739439670366, -159.68491960937288, 18.417942230392423, 10.30210655812719, -21.279540819875127, 30.539117108956123, -36.9466809172449, 89.76957086873628]
other derivatives: [ 380.22481021 -285.70793802   85.91232472   96.93394531 -113.30048437
 -227.89245122]
Current x array =  [-0.69750435 -0.71257708 -0.60441955  0.64149098 -2.69717627 -0.66019762
 -2.46493353 -2.74381375 -0.03654634  0.1045089  -3.69468762 -3.74690268
 -0.99150264 -1.27686653 -0.99227755 -1.97635667]
log likelihood =  -35226.9212972548
Edge derivatives =  [23.105777673848348, 83.52781137440529, -53.115022646215785, -84.69487198001674, 20.06176986560209, 11.719478599605095, 5.553096180099756, 45.04606338219887, -4.4471980172760155, 91.48390291030442]
other derivatives: [  35.90466804 -109.8102075  -220.17920855   24.41156539  -39.39785529
 -178.54836187]
Current x array =  [-0.66678258 -0.74041871 -0.56960733  0.70917131 -2.72226233 -0.74231647
 -2.46599876 -2.72731357 -0.0525235   0.03713879 -3.69213147 -3.74666862
 -1.0045882  -1.27268216 -1.00849105 -1.95460511]
log likelihood =  -35196.79159292509
Edge derivatives =  [23.72375720403255, 86.4068594589041, -69.92061696853057, -35.797636749562834, 18.501341939956106, 10.349256268194736, -0.0526595067698831, 27.19797910222131, -8.405931278365086, 74.79024932674147]
other derivatives: [-202.23887987  -35.39316822 -209.68436729  -61.62226782    8.98871804
 -128.57854017]
Current x array =  [-0.64775692 -0.75825592 -0.56640119  0.79034812 -2.75831305 -0.86742674
 -2.43911436 -2.67370532 -0.01810765  0.00660955 -3.67581779 -3.73496757
 -0.97481755 -1.22082144 -0.98302933 -1.884731  ]
log likelihood =  -35168.682011609395
Edge derivatives =  [24.92012930013112, 92.17596427924377, -72.31930261627828, 7.825822888049746, 16.807387793247447, 8.907147192489731, -3.6186720655658506, 5.696096114398014, -9.726757610092259, 54.340296148086935]
other derivatives: [-185.76902221   52.91803973  -35.27966328 -110.62293197   38.67244232
  -74.87033145]
Current x array =  [-0.64746734 -0.77566877 -0.58038215  0.83066213 -2.77227758 -1.02114745
 -2.40717902 -2.59441457 -0.01488845 -0.03259534 -3.65522002 -3.72139129
 -0.95160378 -1.16922063 -0.96712118 -1.79806772]
log likelihood =  -35134.63258364365
Edge derivatives =  [22.015926864141193, 99.93094511130545, -70.59398399129678, 24.673861239411853, 13.255863611856222, 5.849108726230714, -20.90135821833709, -35.013949161001904, -21.569247018166838, 9.41381048429209]
other derivatives: [-196.46904548   59.61264833   60.60290616  -85.50778148   48.9228114
  -19.31912266]
Current x array =  [-0.64840396 -0.78090292 -0.58632849  0.81190276 -2.77866392 -1.25564792
 -2.34576601 -2.43257825 -0.04324361 -0.06822704 -3.61660045 -3.69649638
 -0.91403683 -1.09255041 -0.94320607 -1.64894265]
log likelihood =  -35090.727945863226
Edge derivatives =  [16.100089708404298, 119.67634829837777, -19.672641600677828, 18.396544009444302, 13.106137702266516, 5.701873758383439, 3.972823106909526, -24.01206579700754, 8.498975929021837, -30.59079208801209]
other derivatives: [174.19370124 209.29437596 111.23047443 -41.93861969  25.64265742
  26.59653546]
Current x array =  [-0.6761069  -0.80123281 -0.59180243  0.76227879 -2.71209336 -1.55051471
 -2.2606912  -2.10223271 -0.19378352 -0.13635722 -3.56039128 -3.6667895
 -0.93563872 -1.09862976 -0.97727494 -1.50673743]
log likelihood =  -35055.242285056636
Edge derivatives =  [-5.655799553925445, 126.44616361900852, -1.1721447928993798, -21.25722596431129, 10.680661608513029, 3.6403555469353, 5.956823767475111, -27.647471499812333, 14.907183146309903, -100.20715944367225]
other derivatives: [174.21916709 131.74212654  17.58453436  40.28333933 -38.57639967
  41.50060704]
Current x array =  [-0.67987103 -0.78656004 -0.5837295   0.69991108 -2.63749255 -1.87947446
 -2.14992382 -1.67909819 -0.34602104 -0.19265839 -3.4882044  -3.62739252
 -0.93960319 -1.09483053 -0.9940429  -1.34250937]
log likelihood =  -35051.33421485385
Edge derivatives =  [-56.207279932413876, 61.22364833791837, 46.221180698142724, -23.901387177450147, 8.291525619902206, 2.208935137449982, 19.36651283329905, -4.1170615494539495, 24.09890659954996, -150.9618560749389]
other derivatives: [-414.11185521 -109.95718185  494.42605814  155.51486285  -67.83084245
   41.86440492]
Current x array =  [-0.63722785 -0.74526775 -0.65583778  0.59938478 -2.57003606 -2.29277081
 -2.02142974 -0.96143615 -0.6460127  -0.31229087 -3.38243006 -3.57546076
 -0.98644258 -1.16676102 -1.0503236  -1.25339634]
log likelihood =  -35034.21436653069
Edge derivatives =  [-26.839557408404374, 114.05207573880548, 22.00212766889483, -29.815095796967814, 9.796691345009544, 3.0735957291128964, 13.383030466816402, -15.696767842169368, 20.586613622903013, -121.92262070121465]
other derivatives: [-83.72226148  23.79965736 262.69844966  91.23468772 -44.93558663
  43.68557711]
Current x array =  [-0.6599135  -0.76723474 -0.61747705  0.65286355 -2.60592209 -2.07290218
 -2.08978703 -1.34322362 -0.48642079 -0.24864784 -3.43870072 -3.60308782
 -0.96152459 -1.12849487 -1.02038295 -1.30080339]
log likelihood =  -35015.441755657215
Edge derivatives =  [-57.025501074294525, 42.45999388921567, 57.722198467706505, -6.612685571981417, 10.36102874802314, 3.8374626450396425, 32.49803652731628, 17.544765956141706, 40.99409488118282, -135.23824522876012]
other derivatives: [  6.08270057 -43.19153959  12.2905476   96.89465514 -52.733958
  39.15411071]
Current x array =  [-0.66836091 -0.75334434 -0.59222834  0.65062963 -2.57613153 -2.32646511
 -2.00807828 -0.86560467 -0.6398231  -0.31979151 -3.3685562  -3.56807342
 -0.97798666 -1.17103995 -1.03948267 -1.26410451]
log likelihood =  -34988.75889179506
Edge derivatives =  [-43.921978308091184, 61.471840571155425, 47.613955873690806, -15.177517983238008, 13.206357167026148, 6.1935712499087945, 33.798510212831374, 36.47782023676105, 39.675823105043555, -54.4457649042846]
other derivatives: [-58.47978173 -91.36274457 -64.70945664  34.1955456    6.41739462
  41.40892997]
Current x array =  [-0.66108247 -0.74650252 -0.58253591  0.6988267  -2.61902279 -2.15275023
 -2.07522978 -0.95729595 -0.57767879 -0.28598926 -3.387617   -3.58077234
 -0.97221449 -1.19488272 -1.02106653 -1.42406125]
log likelihood =  -34965.327958060494
Edge derivatives =  [-40.67341532205755, 28.59976810383005, 16.557809048928807, -22.471394692028806, 13.973544182410036, 7.4183204761295345, 1.5502106084561655, 36.201348480581174, 4.374904133991851, 22.73368780709241]
other derivatives: [175.24507712  86.85528883 120.32978702 -12.63542799  20.10929165
  35.00972525]
Current x array =  [-0.6772949  -0.77723367 -0.59897028  0.73725753 -2.64476457 -1.96994972
 -2.15820543 -0.81294078 -0.50507231 -0.26064294 -3.36499428 -3.5715291
 -0.92315088 -1.18712379 -0.95271583 -1.6254068 ]
log likelihood =  -34959.73072926351
Edge derivatives =  [-41.135525354017034, 8.746915180283237, -1.5531574566765411, -24.634225898864585, 12.967233564157715, 6.796768931138767, -15.055100673184997, 23.73651776495274, -12.906428659806009, 32.86935298893585]
other derivatives: [ -7.69214239  12.2570782   12.17777026 -18.91603461  15.25331754
  30.82241165]
Current x array =  [-0.66447506 -0.76862423 -0.58587431  0.75342196 -2.65328375 -1.92870905
 -2.19002235 -0.74240098 -0.47634255 -0.26070803 -3.34945586 -3.56351653
 -0.90281154 -1.16563412 -0.92626947 -1.66993792]
log likelihood =  -34957.73492283675
Edge derivatives =  [-39.373331054365245, 7.688745902115179, -11.652800554947191, -27.29118832571856, 12.314680972961899, 6.324259012389127, -21.16818764164279, 14.151750341195967, -20.074023994871798, 34.590847256076565]
other derivatives: [-31.13818821  -3.38986865  -5.80330379  -9.40926839   2.82016117
  27.57660695]
Current x array =  [-0.66336282 -0.76687567 -0.583676    0.74869846 -2.6487714  -1.88161546
 -2.21654567 -0.7451483  -0.4581221  -0.25928135 -3.34601025 -3.56179333
 -0.89838022 -1.15258535 -0.91869035 -1.68377751]
log likelihood =  -34951.610908139235
Edge derivatives =  [-33.342396984459384, 0.8922920451008426, -25.136144512116008, -17.919131091878267, 10.569404516244115, 5.081193362082525, -23.141403447999302, -10.515805437540934, -25.595679955297605, 34.98928985557535]
other derivatives: [-69.00954759 -22.42159098 -30.23887984  17.08685886 -21.4582542
  14.67851689]
Current x array =  [-0.6612845  -0.76393013 -0.58185931  0.72897185 -2.63261275 -1.73922096
 -2.31255337 -0.72560347 -0.43681777 -0.2776711  -3.32715087 -3.55302439
 -0.90886305 -1.12368571 -0.92031385 -1.70456398]
log likelihood =  -34945.8054766992
Edge derivatives =  [-24.77900522816265, -2.62230818316051, -20.790340946485667, 7.737505070302806, 8.418828136819059, 3.4721553010694057, -13.621004280882017, -30.86351338325299, -19.914952717169356, 24.20348750731851]
other derivatives: [ -5.2692485  -82.8775228  -11.23626134   8.57253326 -13.84032657
  -5.51517587]
Current x array =  [-0.66556239 -0.75265918 -0.5850112   0.72844517 -2.62797719 -1.58292116
 -2.44456957 -0.70187455 -0.43645089 -0.30648091 -3.29618204 -3.53862886
 -0.93613893 -1.10709737 -0.94192719 -1.68704036]
log likelihood =  -34953.4105443161
Edge derivatives =  [-15.068078799801807, -2.345817267925373, 3.232570837317213, 35.700322848194936, 6.713559415572931, 2.1057920977738176, 13.249515749132716, -32.37437466679021, 11.609030804112443, -3.0310693944509572]
other derivatives: [-289.05560612  249.1993655  -111.10387277   24.38755473  -22.07016223
  -33.5254299 ]
Current x array =  [-0.64104434 -0.80592686 -0.57898524  0.71752216 -2.60945003 -1.42468755
 -2.61962781 -0.68823776 -0.46755978 -0.34232885 -3.25296609 -3.51924909
 -0.989343   -1.11434292 -0.99602933 -1.61839534]
log likelihood =  -34944.03160003784
Edge derivatives =  [-21.61402958881862, -2.368089408962901, -13.421375499628098, 16.32270345708821, 7.9362680273582455, 3.07600519945366, -5.111772259509848, -31.16149017747771, -9.944300371780407, 16.43418192291843]
other derivatives: [-87.09102985  23.33690645 -41.52971087  13.1491106  -15.95326466
 -13.20295269]
Current x array =  [-0.65816043 -0.76874061 -0.58319197  0.72514753 -2.62238387 -1.53515067
 -2.49741939 -0.69775762 -0.44584262 -0.31730335 -3.28313521 -3.53277814
 -0.95220116 -1.10928479 -0.95826055 -1.66631653]
log likelihood =  -34942.01876705403
Edge derivatives =  [-20.253952634281546, -3.0759941031831795, 2.6816833621722775, 26.370254604631214, 7.7378725498508825, 2.8765756867531342, 7.114612886285743, -23.671880883534676, 2.548006570834954, 3.628014129215432]
other derivatives: [-17.13851816   6.82848622 -13.01668817  -0.28448994  -1.05137588
 -12.21778803]
Current x array =  [-0.66266619 -0.76424034 -0.58719439  0.72949326 -2.62277933 -1.54557478
 -2.52340855 -0.6818443  -0.47333326 -0.32738462 -3.27036245 -3.52685069
 -0.96942889 -1.12348353 -0.97962261 -1.62312947]
log likelihood =  -34941.119505209084
Edge derivatives =  [-19.231247527441706, -0.12494463302693937, 8.323406938515884, 23.044009840335164, 7.795147265032767, 2.850333107001936, 10.808319767327179, -14.746903709659636, 7.04555957013204, -1.5851155130484436]
other derivatives: [ 14.92662705   7.34071364   5.4242264   -6.45813998   4.5656634
 -11.913653  ]
Current x array =  [-0.66473553 -0.76348851 -0.58969714  0.73200908 -2.6242206  -1.54540192
 -2.54598436 -0.68765625 -0.48079383 -0.31988914 -3.26352853 -3.52411666
 -0.97415655 -1.13906148 -0.98782538 -1.60577536]
log likelihood =  -34939.798990823496
Edge derivatives =  [-18.009771464986493, -2.094829130448804, 12.59849753383761, 9.8735557329752, 7.6212365969841915, 2.6459750185697177, 11.73435028220363, 1.40138189478811, 9.950471113631027, -7.5711887879531306]
other derivatives: [ 30.71982064   4.35902621  24.91215128 -11.71356416   6.54399628
 -12.32765499]
Current x array =  [-0.66579256 -0.76232677 -0.5926582   0.7352568  -2.62594891 -1.54231726
 -2.59975892 -0.67602815 -0.4876677  -0.29969764 -3.24412414 -3.51608258
 -0.97514694 -1.16837986 -0.99490182 -1.58726861]
log likelihood =  -34938.911639499755
Edge derivatives =  [-16.026779495134274, -4.961500229952348, 12.582266075980368, -5.064263659082473, 7.284285145472053, 2.3931258172774528, 8.556074092647568, 16.97668658279447, 11.265800956571692, -10.582751433753135]
other derivatives: [103.98798622  19.29001883 -65.62040653  -8.55070539   5.74655132
 -13.62495823]
Current x array =  [-0.67221514 -0.76427253 -0.58262536  0.73430947 -2.63021783 -1.54317266
 -2.68345952 -0.66150134 -0.48197431 -0.2757879  -3.21324207 -3.50351224
 -0.96664002 -1.19281376 -0.99340424 -1.57736203]
log likelihood =  -34937.60069477832
Edge derivatives =  [-14.974743527020477, -8.07301683090808, 6.086471061656549, -18.740328304638187, 6.191898700545813, 1.6534490007978382, 0.8325773846255998, 21.78315537255701, 5.2487287703044965, -13.334595821808884]
other derivatives: [ 28.1004759    0.44528861 -10.41189535  -3.49464244   0.44383341
 -15.04813554]
Current x array =  [-0.66661012 -0.76205848 -0.58911386  0.73220416 -2.63219675 -1.53524952
 -2.75116161 -0.65208021 -0.47350335 -0.25799955 -3.18946275 -3.49384136
 -0.95913118 -1.20728214 -0.99001538 -1.57407762]
log likelihood =  -34936.74744322915
Edge derivatives =  [-14.11415628848629, -10.710736298874743, -1.9759758376418897, -22.11334311629579, 5.203857155509098, 1.0724768354512668, -6.897036888417519, 18.616194048809586, -1.0821361686002882, -11.881093578129429]
other derivatives: [-16.64375304  -4.62896423  -2.06127879   3.12866177  -3.18104867
 -16.26904123]
Current x array =  [-0.6636134  -0.76223408 -0.58974555  0.72908327 -2.63479339 -1.53300602
 -2.80133502 -0.64427208 -0.46029804 -0.25334314 -3.17105479 -3.48646237
 -0.95011398 -1.20397157 -0.98172007 -1.58220642]
log likelihood =  -34935.48727918514
Edge derivatives =  [-12.407811364710534, -13.674153665028435, -12.57063256240985, -20.74274049415631, 3.540085854665139, 0.18520667690215864, -16.525292004680434, 12.391296744804539, -8.487199512475886, -9.764882277493774]
other derivatives: [-53.53722372  -3.47499736  -2.55386112  11.49310265  -4.0505256
 -16.1016942 ]
Current x array =  [-0.66137931 -0.76371034 -0.58893771  0.72449129 -2.64024911 -1.54644209
 -2.89171541 -0.63190478 -0.44208221 -0.25299421 -3.13600946 -3.47265073
 -0.93756173 -1.19415188 -0.96971843 -1.59272459]
log likelihood =  -34933.59504925563
Edge derivatives =  [-9.566569554026502, -14.543356236447604, -19.747440012301624, -13.14625768095354, 1.0933442812795617, -0.9700760243879631, -21.51817477640089, 6.168066666838185, -11.82677970648849, -9.163834157889616]
other derivatives: [-73.34820111  -4.61004674  -6.21294021  13.6817107    1.89684215
 -12.55539246]
Current x array =  [-0.66020321 -0.76454274 -0.58761686  0.72310419 -2.6472063  -1.58824774
 -3.04174067 -0.61920153 -0.42928013 -0.25793388 -3.0770149  -3.44991597
 -0.92977975 -1.18296589 -0.96143075 -1.5970172 ]
log likelihood =  -34933.66547189286
Edge derivatives =  [-5.220277275081016, -9.31987040066627, -29.56993473798204, -14.00804859780656, -3.261001991881243, -2.475252680818377, -22.258341689152562, -5.036008957004952, -16.455169427162897, 3.4003920420096536]
other derivatives: [ 93.39782991 110.53925846 141.73492673  13.76902219 -18.27793312
  -3.92246875]
Current x array =  [-0.67251139 -0.78292534 -0.60208193  0.71944153 -2.63212254 -1.67457487
 -3.34769164 -0.61880164 -0.41667114 -0.25168231 -2.96399634 -3.40890368
 -0.92801951 -1.16256525 -0.94676764 -1.63349301]
log likelihood =  -34932.36467261611
Edge derivatives =  [-7.196824010362942, -11.790895665447183, -24.37574135065416, -13.335111638117644, -0.9234120256898046, -1.6790235456902256, -21.766807321927136, 0.7967856182990154, -14.038280076639976, -2.826842925906498]
other derivatives: [ 9.35906428 52.65173968 66.77146303 13.59003363 -7.74889486 -8.19200068]
Current x array =  [-0.66622936 -0.77354295 -0.59469903  0.72131093 -2.63982122 -1.63051393
 -3.1915358  -0.61900574 -0.42310671 -0.25487308 -3.02168044 -3.42983615
 -0.92891793 -1.17297763 -0.95425162 -1.61487594]
log likelihood =  -34930.17696402629
Edge derivatives =  [-4.321595355456191, -9.543091212821146, -19.211521276871856, 0.7795384301157868, -4.501215284062723, -3.0460268612051964, -12.80558932508293, -4.176127828432742, -6.540296524113764, -6.777390495315202]
other derivatives: [-18.6591933   18.5566023   16.08932507   7.55098881   0.71377144
  -1.42827048]
Current x array =  [-0.66411226 -0.76805967 -0.58882781  0.72471386 -2.63943212 -1.71058003
 -3.40220676 -0.61045527 -0.43499917 -0.26943693 -2.93914956 -3.39890567
 -0.94004415 -1.16299924 -0.96069416 -1.60245952]
log likelihood =  -34929.541536271594
Edge derivatives =  [-3.283495131522072, -4.194918319288677, -11.094793154805004, 1.8727160308434008, -5.293293016021314, -3.1536887689535975, -4.591705858797076, -3.555820500698671, -1.926439446682553, -5.1910560344722425]
other derivatives: [  7.36763468 -11.04563125   7.73143256   0.60972525   1.40935299
   1.54905138]
Current x array =  [-0.66589896 -0.76250834 -0.5880635   0.72790744 -2.63373545 -1.74166335
 -3.48294045 -0.62085619 -0.44998472 -0.26998301 -2.91272819 -3.39024208
 -0.95111164 -1.16339311 -0.96598392 -1.60424166]
log likelihood =  -34929.48106186796
Edge derivatives =  [-2.518906497374442, 2.9447794410782815, 0.07625133949803886, 0.025766072227228154, -5.033682524136145, -2.7872864278772664, 4.835388718335056, 1.2738220869225594, 4.937634586466756, -3.4778837276723893]
other derivatives: [-20.98968253  29.20933184 -16.16426744  -3.16067599  -0.17316779
   3.55503289]
Current x array =  [-0.66295603 -0.76819419 -0.5861433   0.73046434 -2.6273181  -1.75984567
 -3.53173247 -0.63870757 -0.46767769 -0.26736609 -2.90159146 -3.38777145
 -0.96319911 -1.16872565 -0.97310751 -1.605324  ]
log likelihood =  -34929.311354506455
Edge derivatives =  [-2.7302988146066394, 1.7707617576572763, -2.112885825875795, -1.5787144450259423, -4.878322822471321, -2.771298688015043, 2.0000800536703682, 0.2259564031393605, 1.816439936688036, -2.5146067627641138]
other derivatives: [ 4.26807674 -0.64173946  2.58223736 -2.40470399 -0.49112714  2.79032975]
Current x array =  [-0.66517157 -0.76339884 -0.58803102  0.72920874 -2.62797938 -1.7502018
 -3.51737924 -0.6367123  -0.46463789 -0.26566616 -2.90836159 -3.39038382
 -0.95999157 -1.16859376 -0.97027226 -1.6091144 ]
log likelihood =  -34929.28646520055
Edge derivatives =  [-2.7806119618499223, 1.5342169460866653, -2.536907192871917, -2.316119716157878, -4.73497450367145, -2.715185589196303, 0.9555869308956594, 0.14087743711252254, 0.8045721758288776, -1.8420128160554492]
other derivatives: [ 3.86135071 -2.88273441  3.38914106 -1.31985871 -0.89858077  2.42580427]
Current x array =  [-0.66519758 -0.76308914 -0.58811183  0.72847846 -2.6281902  -1.74594286
 -3.5132829  -0.63667905 -0.46384105 -0.26490098 -2.91153731 -3.39178366
 -0.95868259 -1.16862965 -0.96898038 -1.61141863]
log likelihood =  -34929.1877113777
Edge derivatives =  [-2.587500725859321, 1.8263801256132715, -0.254993003039404, -3.455454652546285, -4.219468432095169, -2.443265101361957, -1.3584495941264367, 1.6973980897642065, -1.5802820220650453, 0.5154207447436436]
other derivatives: [ 2.20752554 -6.59856596  7.6390279   0.65629138  1.17433956  1.16560841]
Current x array =  [-0.66504267 -0.76242442 -0.58871832  0.72643384 -2.62992489 -1.73276816
 -3.5265643  -0.6373207  -0.46624205 -0.26278807 -2.91958451 -3.39664913
 -0.95565535 -1.17162238 -0.96586864 -1.61869428]
log likelihood =  -34929.206530203286
Edge derivatives =  [-2.1075447148972426, 0.3133188671365826, 0.8040803711969879, -4.269933185732768, -3.5373976387510124, -2.0444898234646436, -4.222884231854842, 3.2297638545765404, -3.3911416722144097, 3.8580033199416652]
other derivatives: [ 34.22173904   1.56724127 -36.42780939   5.02550392  -1.57670001
  -1.14523573]
Current x array =  [-0.66776734 -0.76348924 -0.58385454  0.72347127 -2.62882763 -1.71471763
 -3.57402348 -0.63215686 -0.46514605 -0.26117513 -2.92745438 -3.40321026
 -0.95084192 -1.17282088 -0.96139044 -1.62890729]
log likelihood =  -34929.13867489838
Edge derivatives =  [-2.3617908013434645, 1.1373062165685703, 0.23708321553725303, -3.8220654947173234, -3.904593014417174, -2.2593095293188274, -2.6692946200848624, 2.403059736330187, -2.4064794925891935, 2.0603440339731542]
other derivatives: [ 16.95443643  -2.83471309 -12.51974027   2.6600901   -0.08149073
   0.11350494]
Current x array =  [-0.66629486 -0.76291378 -0.58648305  0.72507232 -2.62942062 -1.72447261
 -3.54837529 -0.63494754 -0.46573836 -0.26204681 -2.92320129 -3.39966445
 -0.95344322 -1.17217318 -0.96381058 -1.62338791]
log likelihood =  -34929.04800609843
Edge derivatives =  [-1.8975577275582514, 1.0504192031159345, 2.4334782583521664, -3.125127005673277, -3.8409226828763754, -2.147724727737561, -3.9112305696943936, 3.1411184828251573, -3.6505476388060796, 3.5840022531943565]
other derivatives: [ 2.28028512 -2.1624146  -7.35890353  3.63506842  1.10594556 -0.62718755]
Current x array =  [-0.66506113 -0.762997   -0.58722317  0.7239769  -2.62982546 -1.71938557
 -3.59614762 -0.63276997 -0.46885679 -0.26221047 -2.92270571 -3.40202704
 -0.95218355 -1.17386677 -0.96225837 -1.62832583]
log likelihood =  -34928.950994247934
Edge derivatives =  [-1.3176798447038338, 0.5973148211254947, 4.930122268033365, -0.49052429114782, -3.8248565237964227, -2.039738635004439, -3.5284292819696974, 3.5499634420066633, -3.2303437498026533, 4.142878636428082]
other derivatives: [-4.86470526  0.56897989 -3.64379957  2.61788955  2.29920261 -1.22527126]
Current x array =  [-0.66433088 -0.76326777 -0.58782353  0.72415376 -2.62927378 -1.71673013
 -3.66097858 -0.62826181 -0.47246714 -0.26451794 -2.92114883 -3.40477309
 -0.95306127 -1.17481221 -0.96305041 -1.6298019 ]
log likelihood =  -34928.82271324404
Edge derivatives =  [-0.755440539187316, -1.116292061664233, 4.925463676219696, 1.8514132164492039, -3.614924126476476, -1.8632256409756478, -1.9155426813029652, 2.4204349767361606, -1.743373983368836, 3.7313052650953193]
other derivatives: [-9.3205017   0.5835318  -0.43364707  0.98807504  0.19936124 -2.06928235]
Current x array =  [-0.66387727 -0.76309996 -0.58839015  0.72523564 -2.62654537 -1.7108416
 -3.74060252 -0.62082476 -0.47250461 -0.26704615 -2.92575135 -3.41144649
 -0.95601314 -1.17334709 -0.96605689 -1.62819427]
log likelihood =  -34928.76281485987
Edge derivatives =  [-0.12101738751417437, -0.791857864540406, 4.794016124138297, 3.5043721714491163, -2.728510140505184, -1.359615952604145, 1.7665703650233844, 1.2051989505620484, 0.9031998022149098, 3.0711307559792718]
other derivatives: [29.00342224 15.74735506 24.51997716 -2.10056896  3.75657692 -2.79542292]
Current x array =  [-0.66647926 -0.76511005 -0.59120534  0.7258005  -2.62839361 -1.7029821
 -3.83851552 -0.61824681 -0.46878497 -0.26581413 -2.94246461 -3.42536793
 -0.9604301  -1.17038815 -0.97008929 -1.62366098]
log likelihood =  -34928.661111785754
Edge derivatives =  [-0.07635887162714224, -2.400216379418524, 1.7023056231972802, 3.2371934231458805, -2.692680423365444, -1.3679108182067234, 2.8626564971627837, -0.6136801013442619, 2.0694763128284746, 1.4749310759352374]
other derivatives: [ 4.76866262  3.4167897   5.44750947 -1.61599019  0.50567905 -2.82452675]
Current x array =  [-0.66483565 -0.76335301 -0.58916843  0.72672942 -2.62669041 -1.70302779
 -3.86148619 -0.61469556 -0.46482038 -0.26653055 -2.94629013 -3.42853252
 -0.96242476 -1.16746711 -0.97238705 -1.61929892]
log likelihood =  -34928.63125979808
Edge derivatives =  [-0.12836955750404438, -2.12769749643559, 0.11541632722430362, 1.7928632665039625, -2.493606957158533, -1.3033645707753418, 3.2564228726906053, -1.1898449075350412, 2.2576745652011128, 0.8776876665463561]
other derivatives: [ 1.59270712 -0.04583853  0.44383341 -0.98007149  0.16807462 -2.69210432]
Current x array =  [-0.66468799 -0.76289797 -0.58858826  0.72662286 -2.62726393 -1.70299665
 -3.857855   -0.61657792 -0.46196795 -0.26479    -2.95151721 -3.43102145
 -0.96278072 -1.16622001 -0.97274411 -1.61734814]
log likelihood =  -34928.59213449256
Edge derivatives =  [-0.15687065639257824, -0.8355528646888047, -1.8551653361771352, -0.9830852847993273, -1.9784643044195795, -1.0982219437150866, 3.537539540522949, -1.6218041327819273, 2.161755090208155, -0.04255552339138863]
other derivatives: [ 0.136788   -2.25481926 -2.29774741  0.07348717  0.76906872 -2.46072887]
Current x array =  [-0.6646732  -0.76267102 -0.58823593  0.72611775 -2.6291019  -1.70287046
 -3.8588994  -0.6218318  -0.45757101 -0.26081215 -2.96362626 -3.43733916
 -0.96254855 -1.16482048 -0.97271334 -1.61396827]
log likelihood =  -34928.54880278371
Edge derivatives =  [-0.03787896132948664, 0.5656393994779059, -1.9889297624812403, -1.3912365900579264, -1.4934634868926306, -0.8725520011717127, 2.1001554325652227, -0.9327015943041902, 1.4381488971668084, -1.3969205929620176]
other derivatives: [-3.0042429   2.35013431 -3.53466021 -0.27575879 -0.08367351 -2.09693098]
Current x array =  [-0.66442439 -0.7634453  -0.58805957  0.72659478 -2.62863297 -1.70766366
 -3.87980246 -0.62576263 -0.4567406  -0.2599034  -2.97492961 -3.44441419
 -0.95976893 -1.16532061 -0.9718052  -1.60928572]
log likelihood =  -34928.59462077255
Edge derivatives =  [0.21548706259465275, 3.170392767065913, -0.9457936138368513, -1.3270361353375357, -0.7736993271340009, -0.5091694597381068, -2.9610463511646534, 0.5948135668914074, -2.3723417717325987, -2.603309100381404]
other derivatives: [ 14.38093022 -26.82791092   4.67261998  -1.22599886  -0.37325663
  -1.20053301]
Current x array =  [-0.66598275 -0.75870144 -0.5887706   0.72641772 -2.62760379 -1.72032711
 -3.92788397 -0.63212209 -0.45864044 -0.25940653 -2.99290674 -3.45663408
 -0.95171709 -1.16797424 -0.96757722 -1.60474966]
log likelihood =  -34928.53102125162
Edge derivatives =  [0.052400936924237584, 1.4695585212831725, -1.625429605605415, -1.3647583903493423, -1.241567939123201, -0.7456048509189636, 0.3580727720262511, -0.4029364009955011, 0.1234320066768606, -1.8122235136087221]
other derivatives: [ 3.03261913 -7.69505277 -0.69703674 -0.60535967 -0.17826096 -1.78406481]
Current x array =  [-0.6649634  -0.76180448 -0.5883055   0.72653354 -2.62827699 -1.71204373
 -3.89643304 -0.62796226 -0.45739772 -0.25973154 -2.9811476  -3.44864085
 -0.95698393 -1.16623845 -0.97034281 -1.60771678]
log likelihood =  -34928.51595126706
Edge derivatives =  [0.16017120303758509, 2.021901054104846, -0.6469932432560038, -0.4128980752921585, -1.0153527181679414, -0.6165350859559446, -0.8944319266150288, 0.5072814813027011, -0.3487522650432251, -2.201686155434885]
other derivatives: [ 0.80399332 -0.76252036 -0.46784407 -0.90876711 -0.7719791  -1.5097612 ]
Current x array =  [-0.66472639 -0.76287787 -0.58833416  0.72674831 -2.62736982 -1.71672036
 -3.91377291 -0.62859829 -0.45895996 -0.26076477 -2.98557837 -3.45198573
 -0.95475372 -1.16732036 -0.96950916 -1.60606664]
log likelihood =  -34928.509250508505
Edge derivatives =  [0.17890494986601982, 1.949186938516936, -0.314663101979591, 0.0039154600514021975, -0.9253435880794225, -0.5602225855197145, -1.0806205133592162, 0.7257898006712877, -0.3700729441468533, -1.9804790843873037]
other derivatives: [-0.26775524  0.49403752  0.55588316 -0.68248482 -0.67957444 -1.29221007]
Current x array =  [-0.66462573 -0.76306423 -0.58846189  0.72649614 -2.62725822 -1.71918792
 -3.91760301 -0.62795436 -0.45972527 -0.26132283 -2.98696824 -3.45298824
 -0.95431269 -1.16747429 -0.96932755 -1.6063648 ]
log likelihood =  -34928.49336953611
Edge derivatives =  [0.2092292421212339, 1.3091776680340055, 0.9255146054686382, 1.2902406667319402, -0.4486278898845057, -0.27171482988238554, -0.9029349536982342, 1.4849820892607317, 0.1700652662433496, -0.4715726345561113]
other derivatives: [ 4.06434992  4.03670128 -5.63886715  0.62864274  0.12660166 -0.30122465]
Current x array =  [-0.66495026 -0.76353072 -0.5877986   0.72522686 -2.62730688 -1.72987832
 -3.92580847 -0.62445777 -0.46236826 -0.26306999 -2.99343169 -3.45714063
 -0.95337425 -1.16720619 -0.96876133 -1.60885558]
log likelihood =  -34928.496493033774
Edge derivatives =  [0.13127242862783278, 0.3461596170376323, 0.08265643499185937, 0.8668758470928528, -0.20594192069331996, -0.13447086139994952, -0.47870384773894464, 0.5916955225998577, 0.03982959073241399, 0.5831529173766562]
other derivatives: [-13.0639819   -0.19354047   9.13496478   1.76223693   0.7545168
   0.60608727]
Current x array =  [-0.66362193 -0.76300804 -0.58950278  0.72436475 -2.62809594 -1.73709418
 -3.92255198 -0.62148476 -0.46258478 -0.26311474 -2.99896323 -3.46009863
 -0.95393944 -1.16550202 -0.96867045 -1.61107689]
log likelihood =  -34928.48649028598
Edge derivatives =  [0.17396333694279054, 0.873456648280466, 0.5441091341221302, 1.0989658059704217, -0.33825795471329756, -0.2093824644533514, -0.7100837254065582, 1.0810506701819618, 0.11175860825362094, 0.007151224562357006]
other derivatives: [-3.68963811  2.12094164  1.06738298  1.14014256  0.41109161  0.11132215]
Current x array =  [-0.66434815 -0.7632938  -0.58857108  0.72483608 -2.62766455 -1.73314914
 -3.92433236 -0.62311015 -0.4624664  -0.26309027 -2.99593904 -3.45848144
 -0.95363044 -1.16643372 -0.96872014 -1.60986246]
log likelihood =  -34928.483202133124
Edge derivatives =  [0.1424185905294429, 0.7104016166910325, 0.09327284616925624, 0.6235442996606295, -0.30413020371987476, -0.19702826150569208, -0.22986516826973966, 0.734322996829512, 0.3120492665857064, 0.11752020166666655]
other derivatives: [-2.36323103  0.70940587  0.37543941  1.20635377  0.52241376  0.15133992]
Current x array =  [-0.66447376 -0.76308523 -0.58848079  0.72483712 -2.62797597 -1.7328491
 -3.9205548  -0.62290009 -0.46170201 -0.26251815 -2.99671082 -3.45868528
 -0.95425737 -1.16574313 -0.96893153 -1.61008306]
log likelihood =  -34928.48061178926
Edge derivatives =  [0.11224501884293415, 0.3289238502641148, -0.5467901198811693, 0.11500169002955907, -0.20634181352640407, -0.15139585341423062, 0.3848970822475872, 0.10936902353139033, 0.5368117503398606, 0.13812123807423693]
other derivatives: [ 0.4634785  -0.10477379  0.37980499  0.67811925  0.18335413  0.26702764]
Current x array =  [-0.66470932 -0.76297966 -0.58844146  0.72536355 -2.62794383 -1.73356663
 -3.91893724 -0.62191306 -0.46074233 -0.26194007 -2.99908534 -3.45988931
 -0.95497581 -1.16443668 -0.96914014 -1.60988417]
log likelihood =  -34928.480138055784
Edge derivatives =  [0.10682787465438902, 0.18121743346372576, -0.542026281024732, -0.06247571078141889, -0.1804475025726775, -0.13864125407610461, 0.41690326992182025, -0.05467691035429012, 0.4317168046697405, 0.12266475041877756]
other derivatives: [-0.76761353 -0.88766683 -1.07174856  0.34997356  0.04365575  0.2575689 ]
Current x array =  [-0.66462446 -0.76288009 -0.58827001  0.72573208 -2.62789243 -1.73370569
 -3.91879438 -0.62148665 -0.46079135 -0.2617651  -2.99976934 -3.46027571
 -0.9549931  -1.1640836  -0.96895942 -1.60986514]
log likelihood =  -34928.47961941265
Edge derivatives =  [0.10671876507216246, 0.08864535832060949, -0.4094616206496009, -0.13759581769160356, -0.15255119961992458, -0.1233798223937678, 0.37857807767635254, -0.17239011733003862, 0.26858731086222953, 0.10485830212364555]
other derivatives: [-0.04656613 -0.37398422 -0.40890882 -0.10695658 -0.00436557  0.24156179]
Current x array =  [-0.66466932 -0.76297137 -0.58832433  0.72610734 -2.62784917 -1.73387616
 -3.91896729 -0.62108484 -0.46099259 -0.26163521 -3.00048436 -3.46070342
 -0.95489407 -1.16381486 -0.96870348 -1.60980691]
log likelihood =  -34928.479281054184
Edge derivatives =  [0.10713193137179154, 0.03816482149763578, -0.169637943764123, -0.16021067181627968, -0.149490022399639, -0.12099178489604212, 0.22133307810211714, -0.19288809145914998, 0.04678269858201245, 0.0876548502334305]
other derivatives: [-0.01455192  0.04074536  0.0174623  -0.32741809  0.02983143  0.17898856]
Current x array =  [-0.66466374 -0.76304443 -0.58836295  0.72628207 -2.62785808 -1.73362976
 -3.91852397 -0.62083364 -0.46136109 -0.26158223 -3.00065769 -3.46081604
 -0.95467938 -1.16378014 -0.96839959 -1.6098377 ]
log likelihood =  -34928.478971568016
Edge derivatives =  [0.10000306226146355, -0.041668616099356126, -0.017184200813328943, -0.2045742891681016, -0.1499671057866136, -0.12196186355141712, 0.08759776801561256, -0.2180675130556421, -0.1257550816370061, 0.08281157587739635]
other derivatives: [ 0.05456968  0.13969839  0.22191671 -0.26120688  0.068394    0.09968062]
Current x array =  [-0.66467033 -0.76306421 -0.58838518  0.72622604 -2.62791164 -1.73307066
 -3.91682473 -0.62058943 -0.46161133 -0.26154288 -3.0007862  -3.46085583
 -0.95452426 -1.16376801 -0.96818683 -1.609915  ]
log likelihood =  -34928.47844967544
Edge derivatives =  [0.0801117735195931, -0.20046113134725918, 0.0896441739307201, -0.18575785928468025, -0.13210764731544972, -0.11556864609197821, -0.013603948527020765, -0.21478966612102401, -0.20568139206295466, 0.08221519711309666]
other derivatives: [-0.13969839  0.30195224  0.1717126  -0.09968062  0.12878445 -0.02255547]
Current x array =  [-0.66465605 -0.76308952 -0.58839053  0.72610067 -2.6279883  -1.7318614
 -3.91237619 -0.62020086 -0.4617933  -0.26162788 -3.00134256 -3.46108146
 -0.95443143 -1.16381667 -0.96813037 -1.60999023]
log likelihood =  -34928.47909876409
Edge derivatives =  [0.0580429217632233, -0.3103568539005233, 0.3525025976931244, 0.22699587650072484, -0.060238009988864805, -0.08059738663466193, -0.40212870158333514, 0.028939750866043945, -0.38176710504832434, 0.08100498360409186]
other derivatives: [ 2.12166924 -2.99623935  1.19325705 -0.13824319  0.08440111 -0.12660166]
Current x array =  [-0.6648408  -0.76251597 -0.58852029  0.72598125 -2.62770785 -1.73083516
 -3.90619306 -0.61989647 -0.46242093 -0.26230781 -3.00314094 -3.46213605
 -0.95394929 -1.16439488 -0.96812223 -1.60995094]
log likelihood =  -34928.47825846553
Edge derivatives =  [0.07301793029246625, -0.23589993166476098, 0.1746085422864233, -0.05234962038669122, -0.10886686568807064, -0.10426391219106773, -0.13904803588730566, -0.13603602983620655, -0.26253989584371895, 0.08183546383138102]
other derivatives: [ 0.59080776 -0.76397555  0.50204108 -0.11204975  0.11496013 -0.05675247]
Current x array =  [-0.66471573 -0.76290424 -0.58843245  0.72606209 -2.6278977  -1.73152989
 -3.9103788  -0.62010253 -0.46199605 -0.26184752 -3.00192351 -3.46142213
 -0.95427568 -1.16400345 -0.96812774 -1.60997754]
log likelihood =  -34928.47784023071
Edge derivatives =  [0.04857455311611898, -0.3414007342628925, 0.08918552638239163, -0.006170295219266153, -0.07372948095263987, -0.09015552178821615, -0.09155197403195067, -0.08274540949844933, -0.12739592440264313, 0.08103185294694915]
other derivatives: [ 0.17898856 -0.32960088  0.22555469  0.10913936  0.10186341 -0.136788  ]
Current x array =  [-0.66468266 -0.76296613 -0.58842177  0.72590304 -2.62791913 -1.73035337
 -3.9052152  -0.61997736 -0.46186099 -0.26199228 -3.00275343 -3.46179074
 -0.95437179 -1.16411307 -0.96836667 -1.60995494]
log likelihood =  -34928.47753614858
Edge derivatives =  [0.03338754883490915, -0.31477796531034913, 0.005522874308960701, 0.050116517623525425, -0.0229048109970168, -0.06557040125771871, -0.006845063448553151, 0.006686187680879585, 0.024470710968643505, 0.09131613397581773]
other derivatives: [ 0.00291038 -0.07858034  0.01018634  0.13969839  0.04220055 -0.12514647]
Current x array =  [-0.66466408 -0.76299509 -0.5884104   0.72588465 -2.62784792 -1.73006515
 -3.9018391  -0.62018253 -0.46173257 -0.26212386 -3.00377809 -3.46235757
 -0.95445978 -1.16422378 -0.96859099 -1.60986935]
log likelihood =  -34928.47729063434
Edge derivatives =  [0.017674643623216916, -0.16852979921571376, -0.09495717097517409, 0.032175046141918906, 0.03924046527903502, -0.03434124425641823, 0.06892488831918014, 0.04836501555387218, 0.10618975996508317, 0.07210579518583632]
other derivatives: [-0.66356733 -0.09604264  0.40308805  0.08440111 -0.03565219 -0.06621121]
Current x array =  [-0.66460624 -0.76298877 -0.58846068  0.72593735 -2.62776519 -1.73021384
 -3.89838322 -0.62076617 -0.46158976 -0.26215861 -3.00513441 -3.46318291
 -0.95452365 -1.1642423  -0.96873562 -1.60967942]
log likelihood =  -34928.47776397625
Edge derivatives =  [0.013262949830307954, 0.14731803615098243, 0.07804230705285564, 0.14466378934740454, 0.11654198486382528, 0.008077450699846542, 0.13816781719253252, 0.2819288818682997, 0.24449690175037175, 0.06400133192999657]
other derivatives: [ 2.11875886  0.79453457 -2.16023182 -0.05529728 -0.00509317 -0.02255547]
Current x array =  [-0.66481461 -0.76309607 -0.58816829  0.72601565 -2.62767523 -1.73052919
 -3.89522681 -0.6217292  -0.46165915 -0.26224654 -3.00633853 -3.46401405
 -0.95442983 -1.16441735 -0.96877516 -1.60943848]
log likelihood =  -34928.477225445866
Edge derivatives =  [0.016539197171016668, -0.08696384153899472, -0.050287998227175, 0.06123158131661832, 0.059208714211391233, -0.023385882973633684, 0.08680840864534531, 0.10865924061678456, 0.1418934592434754, 0.07002199011686722]
other derivatives: [ 0.05529728  0.13387762 -0.2575689   0.04874892 -0.02764864 -0.05456968]
Current x array =  [-0.66466002 -0.76301646 -0.58838521  0.72595756 -2.62774197 -1.73029524
 -3.89756851 -0.62101474 -0.46160767 -0.26218131 -3.00544521 -3.46339744
 -0.95449943 -1.16428748 -0.96874582 -1.60961723]
      fun: 34928.477225445866
 hess_inv: <16x16 LbfgsInvHessProduct with dtype=float64>
      jac: array([-0.05529728, -0.13387762,  0.2575689 , -0.04874892,  0.02764864,
        0.05456968, -0.0165392 ,  0.08696384,  0.050288  , -0.06123158,
       -0.05920871,  0.02338588, -0.08680841, -0.10865924, -0.14189346,
       -0.07002199])
  message: b'CONVERGENCE: REL_REDUCTION_OF_F_<=_FACTR*EPSMCH'
     nfev: 76
      nit: 67
   status: 0
  success: True
        x: array([-0.66466002, -0.76301646, -0.58838521,  0.72595756, -2.62774197,
       -1.73029524, -3.89756851, -0.62101474, -0.46160767, -0.26218131,
       -3.00544521, -3.46339744, -0.95449943, -1.16428748, -0.96874582,
       -1.60961723])
