number of sites to be analyzed:  566
log likelihood =  8431.667895613364
Lr derivatives =  [-539.1203600786756, -739.6142081277462, -413.1038298697299]
other derivatives =  [ 41.31034075 -30.65451892  40.74536264  42.94306564 406.40898078
  43.7565177 ]
Current x_clock array =  [-0.66115558 -0.78608737 -0.60087412  0.74193734 -0.10536052 -0.51082562
 -0.51082562 -0.51082562 -0.51082562]
log likelihood =  8079.620340661112
Lr derivatives =  [257.54257684049026, -284.68867447966693, -162.0095198644622]
other derivatives =  [-125.61695257    1.93558662 -113.51830835    3.81751306  360.63911466
   87.42208593]
Current x_clock array =  [-0.72187027 -0.78500552 -0.66075846  0.678823   -0.70266852 -0.57513552
  0.28153115 -0.51007485 -0.51007485]
log likelihood =  7879.515951313401
Lr derivatives =  [224.5695947561391, -209.0541107877002, -85.03313001282916]
other derivatives =  [143.69061319  22.38530215  24.98009053  20.4526259  291.59173209
  83.66241673]
Current x_clock array =  [-0.63724446 -0.78639614 -0.58463458  0.67170291 -0.99965108 -0.64149149
  0.15479267 -0.31099213 -0.39673303]
log likelihood =  7664.574855925417
Lr derivatives =  [-152.9280949642102, -247.35267852062196, 74.43267180151739]
other derivatives =  [-323.46288208   -7.3807314    56.53710105   74.64568625  -60.44974725
   49.48160495]
Current x_clock array =  [-0.77320407 -0.82404025 -0.54415477  0.61233861 -2.00842731 -0.87625392
 -0.13364124  0.         -0.13074228]
log likelihood =  7634.863500994539
Lr derivatives =  [-38.66721732926358, -198.37001627161402, -31.64629466506223]
other derivatives =  [ 195.68224161    4.98357622 -126.77519408   46.80878192  -32.09079296
   41.04376785]
Current x_clock array =  [-0.60960341 -0.83175909 -0.63652027  0.53639415 -2.05070118 -0.94221018
 -0.00719963  0.         -0.23347641]
log likelihood =  7623.835039355548
Lr derivatives =  [-22.511426465592194, -185.36748453041338, -12.98497282876626]
other derivatives =  [  0.2667548    4.31136868 -27.76851034  42.7433406  -13.75192369
  43.67375368]
Current x_clock array =  [-0.66580314 -0.82971521 -0.58394347  0.53559186 -2.0135171  -0.93732635
  0.01076976  0.         -0.21988382]
log likelihood =  7621.332481310939
Lr derivatives =  [-1.8204327021034885, -172.1233142533397, -7.799723108263585]
other derivatives =  [-4.36120899  2.98405212  3.65716915 34.4183718  -5.79448169 42.27331374]
Current x_clock array =  [-0.66902983 -0.83245709 -0.5692367   0.51055981 -2.02548158 -0.9632428
  0.0396853   0.         -0.21936283]
log likelihood =  7616.43579379621
Lr derivatives =  [28.78490888709989, -150.1532707941068, 3.965757629274087]
other derivatives =  [-8.3505256  -2.65681592 24.80855983 14.72662916  0.44501576 36.09147825]
Current x_clock array =  [-0.67292625 -0.84008194 -0.55924829  0.42799778 -2.07937076 -1.06311426
  0.09284029  0.         -0.21076349]
log likelihood =  7611.692535863014
Lr derivatives =  [35.8749373147131, -142.35304553586724, 12.24684104845052]
other derivatives =  [-5.33973434  4.17039701 11.58950909 -2.63007678 -2.3348548  28.21998351]
Current x_clock array =  [-0.67324286 -0.83633666 -0.56492407  0.33420031 -2.11753726 -1.21005894
  0.1075173   0.         -0.19775687]
log likelihood =  7606.896925645777
Lr derivatives =  [18.885546444283847, -152.30143184458896, -7.703002607363665]
other derivatives =  [ 32.05441317 -57.68306437  13.78102752 -18.89975465  -7.58864189
  17.35033948]
Current x_clock array =  [-0.66139359 -0.88050402 -0.56599964  0.25211348 -2.11287386 -1.49370335
  0.08465181  0.         -0.20465499]
log likelihood =  7601.62583340478
Lr derivatives =  [12.342843519281217, -154.8074360527145, -0.7438458931505991]
other derivatives =  [ 17.00000212  -3.85025487  -9.92804416 -27.74331733  -4.3001819
  11.16641215]
Current x_clock array =  [-0.66620878 -0.83592235 -0.57915106  0.20366346 -2.05421897 -1.75732564
  0.03711443  0.         -0.18883894]
log likelihood =  7598.5380319663345
Lr derivatives =  [-9.297513976321142, -166.72654198990793, 3.6413495786900256]
other derivatives =  [ -1.85864337   3.78604454  -9.63227649 -24.07050488  -1.02354534
   7.97281245]
Current x_clock array =  [-0.67052794 -0.82538593 -0.58182465  0.22889446 -1.97731829 -1.98103507
 -0.02045843  0.         -0.17622595]
log likelihood =  7595.921607092351
Lr derivatives =  [-9.434830282711445, -167.3426050836136, -3.7317992751518574]
other derivatives =  [  3.4421646   12.42287908  -5.31390469 -10.21189746   7.19201125
   4.72109605]
Current x_clock array =  [-0.66894515 -0.81902504 -0.57970858  0.30322907 -1.91490914 -2.26189436
 -0.04050603  0.         -0.179169  ]
log likelihood =  7596.610317112082
Lr derivatives =  [2.517798849285782, -146.85131830705757, 85.62038788674037]
other derivatives =  [-10.41235009  -9.19608283  -9.53159542   9.68702807   0.73878255
   2.71584213]
Current x_clock array =  [-0.67299391 -0.83940473 -0.57717984  0.38484664 -1.95006722 -2.61353671
 -0.02388796  0.         -0.12030633]
log likelihood =  7595.186804674508
Lr derivatives =  [-3.7859219192271922, -158.1752433456286, 29.298671994048007]
other derivatives =  [-2.31830199  3.39077815 -7.16172508 -1.8542778   4.48835635  3.74357114]
Current x_clock array =  [-0.67065279 -0.82762055 -0.57864204  0.33765278 -1.92973771 -2.41020597
 -0.03349705  0.         -0.15434259]
log likelihood =  7594.238389234082
Lr derivatives =  [-0.7450098309303712, -158.40169729726276, 1.694540743404886]
other derivatives =  [-11.22780304  -3.0213414    0.26720954   4.63805918   2.75304046
   2.01725925]
Current x_clock array =  [-0.67350059 -0.83409695 -0.57384467  0.36922122 -1.93541242 -2.64202556
 -0.02036547  0.         -0.17336812]
log likelihood =  7593.935657084818
Lr derivatives =  [2.0178035911095833, -155.95201850105974, -0.5605272753481927]
other derivatives =  [11.67554728  0.52677933 14.11790436  3.56558303  1.72940418  1.2014425 ]
Current x_clock array =  [-0.66713536 -0.83278688 -0.56787504  0.36469643 -1.94364442 -2.83818331
 -0.01613916  0.         -0.17374556]
log likelihood =  7593.653348121632
Lr derivatives =  [2.6470497879618193, -154.5334783946883, -1.8871329320674377]
other derivatives =  [ 1.12095222 -2.02908268  9.10204108  1.09248504  0.78180165  0.62927938]
Current x_clock array =  [-0.67034052 -0.83455753 -0.56994221  0.35138651 -1.94833101 -3.06646527
 -0.01506665  0.         -0.17288894]
log likelihood =  7593.541835200345
Lr derivatives =  [1.926737101107534, -153.88332558268303, -0.6038302275092846]
other derivatives =  [ 10.33504304  -0.77070581 -11.43544068   0.32941898   0.14770194
   0.24392648]
Current x_clock array =  [-0.6674401  -0.83340528 -0.5791633   0.34472177 -1.94488336 -3.34849195
 -0.0209044   0.         -0.16976039]
log likelihood =  7593.47061699819
Lr derivatives =  [-0.5451222890758629, -154.55615471449164, 1.154786303225663]
other derivatives =  [-1.78051778  0.25947884 -1.39725671 -0.8065399  -0.3513378   0.13942554]
Current x_clock array =  [-0.67107455 -0.8322145  -0.57497262  0.33910827 -1.9440969  -3.49843487
 -0.02397951  0.         -0.16714461]
log likelihood =  7593.459781623666
Lr derivatives =  [-0.5941632078462931, -154.45685771214048, 0.5590438447790262]
other derivatives =  [-1.33259164  0.51077222 -0.06330083 -0.3781679  -0.33624019  0.08403731]
Current x_clock array =  [-0.67095979 -0.83209981 -0.57437386  0.34115344 -1.94315862 -3.57832555
 -0.02434776  0.         -0.16724283]
log likelihood =  7593.453123308107
Lr derivatives =  [0.5313942237956155, -153.56892017349725, 0.33119050253834814]
other derivatives =  [ 0.01418812 -0.19572326  0.34842742 -0.1537046   0.48630682  0.02000888]
Current x_clock array =  [-0.67062042 -0.83268388 -0.5741746   0.34285927 -1.94040722 -3.70067324
 -0.02434023  0.         -0.16716142]
log likelihood =  7593.452606817838
Lr derivatives =  [-0.5410825579792231, -154.1412444263645, -0.2752175276084614]
other derivatives =  [ 9.90439730e-02  2.35195330e-01 -4.76575224e-02  2.43107934e-01
 -3.19505489e-01  1.81898940e-04]
Current x_clock array =  [-0.67054074 -0.83240221 -0.57433448  0.34394009 -1.9417104  -3.74562663
 -0.0250097   0.         -0.16722619]
log likelihood =  7593.452315140441
Lr derivatives =  [-0.037247268704618364, -153.82220507171965, -0.005158778611004777]
other derivatives =  [ 0.01919034  0.01600711  0.02764864  0.03292371 -0.00190994  0.00127329]
Current x_clock array =  [-0.67059196 -0.83255701 -0.57430375  0.34323563 -1.94128436 -3.74404632
 -0.02469647  0.         -0.16712817]
log likelihood =  7593.452310169781
Lr derivatives =  [-0.006998699543458997, -153.7979171730951, 0.0032879596794543886]
other derivatives =  [0.00263753 0.00109139 0.00709406 0.00600267 0.01218723 0.0005457 ]
Current x_clock array =  [-0.67059888 -0.83256705 -0.57431369  0.34311745 -1.94127743 -3.74632972
 -0.02468175  0.         -0.16711776]
      fun: 7593.452310169781
 hess_inv: <9x9 LbfgsInvHessProduct with dtype=float64>
      jac: array([ 2.63753464e-03,  1.09139364e-03,  7.09405867e-03,  6.00266503e-03,
        1.21872290e-02,  5.45696821e-04, -6.99869954e-03, -1.53797917e+02,
        3.28795968e-03])
  message: b'CONVERGENCE: REL_REDUCTION_OF_F_<=_FACTR*EPSMCH'
     nfev: 25
      nit: 23
   status: 0
  success: True
        x: array([-0.67059888, -0.83256705, -0.57431369,  0.34311745, -1.94127743,
       -3.74632972, -0.02468175,  0.        , -0.16711776])
