number of sites to be analyzed:  702
log likelihood =  8001.899975113821
Lr derivatives =  [23.37908582697284, -439.0573931685126, -304.476845686269]
other derivatives =  [179.52925191 -24.47777661 119.31106201 -18.85327947 516.00645747
  -8.72605597]
Current x_clock array =  [-0.55218855 -0.68853888 -0.47629013  0.74193734 -0.10536052 -0.51082562
 -0.51082562 -0.51082562 -0.51082562]
log likelihood =  7754.053899840806
Lr derivatives =  [-129.53400922961143, -487.2325826099934, -360.05187982619566]
other derivatives =  [-773.52760854   36.10321073 -339.67035051   26.89457688  320.48119465
   -8.20245987]
Current x_clock array =  [-0.87272149 -0.68739883 -0.68930904  0.77559814 -1.02664251 -0.49524605
 -0.55256683 -0.50991359 -0.50991359]
log likelihood =  7325.454790389963
Lr derivatives =  [-18.08800600520675, -299.526439044068, -183.57103720521542]
other derivatives =  [-438.35361794  106.04690033 -368.37354855   78.05529094  157.3348527
   19.52939783]
Current x_clock array =  [-0.72155559 -0.70302064 -0.67091301  0.78529262 -1.78916068 -0.48104178
 -0.51932827 -0.26881257 -0.33210285]
log likelihood =  7190.639934626659
Lr derivatives =  [-136.1544696337575, -210.0218185111728, 67.78535646111561]
other derivatives =  [ 106.4726348  -136.09178495 1060.41679828   48.9570084   -25.34015948
   34.20409485]
Current x_clock array =  [-0.57307171 -0.92498022 -0.24489536  0.64814836 -2.79087417 -0.5204905
 -0.61817989  0.         -0.08141906]
log likelihood =  7135.852254473015
Lr derivatives =  [-88.40389720760925, -254.09508653572155, -91.86732899048204]
other derivatives =  [-196.06350179  -39.88761819   23.8778739    69.31086318   56.42659744
   29.74011295]
Current x_clock array =  [-0.64368277 -0.81942801 -0.44748677  0.7133669  -2.31451235 -0.50173078
 -0.5711713  -0.127833   -0.20063098]
log likelihood =  7084.350472506631
Lr derivatives =  [-10.793351993515241, -154.91033092044384, 47.207109679479515]
other derivatives =  [162.79764168  14.16838131  11.27436917  63.73220458  15.11352821
  33.14444257]
Current x_clock array =  [-0.55262302 -0.81762644 -0.45494385  0.6239431  -2.62237088 -0.53876745
 -0.52306023  0.         -0.10190816]
log likelihood =  7077.906003215189
Lr derivatives =  [-27.78855022345772, -164.43562036170272, 31.540484081036283]
other derivatives =  [-6.24640961 -3.95120878  0.14279067 59.98326742 -5.56592568 31.82749424]
Current x_clock array =  [-0.59136999 -0.82653229 -0.45452071  0.59140868 -2.71974586 -0.55389246
 -0.51188577  0.         -0.10858908]
log likelihood =  7074.159449964893
Lr derivatives =  [-19.946461762740004, -161.072247960818, 16.755681904838767]
other derivatives =  [-40.29479896  -4.50872903  -0.85101419  51.35725587  -7.28441591
  30.34956535]
Current x_clock array =  [-0.60036967 -0.82742461 -0.45413676  0.5440744  -2.74768258 -0.57739289
 -0.49065098  0.         -0.11985041]
log likelihood =  7064.879638319939
Lr derivatives =  [8.041787462318247, -147.29757470073318, -10.992643069160948]
other derivatives =  [-56.11364031  -8.01901479  -2.38997018  17.67930371  -8.82682798
  24.24894774]
Current x_clock array =  [-0.60559765 -0.83295998 -0.45547861  0.34259189 -2.83631576 -0.6867511
 -0.42083099  0.         -0.14722376]
log likelihood =  7060.763798694983
Lr derivatives =  [0.9957289228838029, -151.44868445634518, -3.826747300093963]
other derivatives =  [-37.4391675    9.93713911  -2.7117494   -2.45227056  -8.68876668
  18.16752047]
Current x_clock array =  [-0.60096195 -0.81453388 -0.46068463  0.20858809 -2.84003171 -0.81657425
 -0.4402616   0.         -0.13249588]
log likelihood =  7060.242017723509
Lr derivatives =  [-0.9531115181793623, -151.024026926845, -0.0015784239844549575]
other derivatives =  [ 13.321187   -58.03685781 -47.4900844  -16.7030521    3.91491994
  12.20660124]
Current x_clock array =  [-0.58529183 -0.85619413 -0.48162789  0.1391544  -2.79462541 -0.97748427
 -0.44914292  0.         -0.12507508]
log likelihood =  7058.499442589475
Lr derivatives =  [-1.4552442625205408, -151.36809497695333, 5.276258654970675]
other derivatives =  [ 12.45189196 -10.97960194   5.58266038 -15.72989277   5.07661753
  11.75212674]
Current x_clock array =  [-0.58786031 -0.82315876 -0.46177641  0.14551443 -2.77603329 -0.98971473
 -0.46175781  0.         -0.11966909]
log likelihood =  7057.974423143003
Lr derivatives =  [-2.7562517533346664, -152.47421236453044, 4.154323213361053]
other derivatives =  [ 12.65289029   3.97203621   0.52759788 -11.20261004   3.00733518
  10.77678462]
Current x_clock array =  [-0.58814709 -0.81399475 -0.4633429   0.16706758 -2.77358886 -1.0091851
 -0.46816619  0.         -0.11926016]
log likelihood =  7056.751066720537
Lr derivatives =  [-5.925004930149186, -153.15413956720374, 3.9419830794348485]
other derivatives =  [10.85754775 16.12879714  4.57293936 -2.69956217  1.24091457  6.71125235]
Current x_clock array =  [-0.58910291 -0.80778352 -0.46071873  0.21381919 -2.76174111 -1.12928105
 -0.47838341  0.         -0.11537607]
log likelihood =  7055.850027178856
Lr derivatives =  [6.668419819296879, -143.41804937678512, 3.8473084931906456]
other derivatives =  [ 9.36634024 12.67198968 -2.22589733  0.21145752  4.32073648  2.12330633]
Current x_clock array =  [-0.59019489 -0.81423668 -0.46116966  0.22782444 -2.75777798 -1.31598433
 -0.46177061  0.         -0.11382737]
log likelihood =  7056.604693252888
Lr derivatives =  [-24.268178356694875, -160.6462636061824, -22.38578142559252]
other derivatives =  [ 14.43067958 -20.51019692  44.10194379   1.48138497 -10.11394488
  -0.8149982 ]
Current x_clock array =  [-0.58755317 -0.83516788 -0.44461005  0.23933789 -2.80638303 -1.46799745
 -0.47665658  0.         -0.12427223]
log likelihood =  7055.720034412223
Lr derivatives =  [-1.9589785780206874, -148.21775667840248, -3.5033868168880744]
other derivatives =  [10.70602593  3.35403456 10.22817742  0.59571903  0.28512659  1.22308847]
Current x_clock array =  [-0.58946757 -0.81999944 -0.45661048  0.23099431 -2.77115988 -1.35783643
 -0.465869    0.         -0.11670304]
log likelihood =  7055.630600605382
Lr derivatives =  [-0.15988623103979904, -146.1072905376274, -0.2147691941089107]
other derivatives =  [ 1.14196155 -0.09986252  0.00163709  0.36834535 -0.23273969  0.28740033]
Current x_clock array =  [-0.59169897 -0.82254382 -0.45990588  0.22645395 -2.77660314 -1.41583406
 -0.46267074  0.         -0.11335704]
log likelihood =  7055.627337927055
Lr derivatives =  [0.10484694899875713, -145.7343938551353, 0.3590240820748818]
other derivatives =  [-0.08440111 -0.14906618  0.07803465 -0.00673026 -0.10895747  0.06002665]
Current x_clock array =  [-0.59203095 -0.82252045 -0.45988427  0.22397817 -2.77661339 -1.43133663
 -0.46247438  0.         -0.11265674]
log likelihood =  7055.6273538063015
Lr derivatives =  [0.07358403118028889, -145.85080702667761, -0.5970086252070104]
other derivatives =  [ 0.39672159  0.09713403 -0.55479177 -0.04893081 -0.02928573 -0.02582965]
Current x_clock array =  [-0.5919087  -0.8223301  -0.46015033  0.2236351  -2.77591096 -1.43556332
 -0.46268501  0.         -0.11322617]
log likelihood =  7055.627188463985
Lr derivatives =  [0.08965633579864729, -145.79107016835135, -0.10728036311076039]
other derivatives =  [ 0.14997568 -0.02910383 -0.23037501 -0.02728484 -0.07012204  0.01809894]
Current x_clock array =  [-0.5919714  -0.82242772 -0.46001388  0.22381105 -2.77627121 -1.4333956
 -0.46257698  0.         -0.11293413]
log likelihood =  7055.627135152594
Lr derivatives =  [0.015242617943142633, -145.8229643764944, -0.08137711844172202]
other derivatives =  [-0.20008883  0.05275069  0.02455636 -0.02955858 -0.0336513   0.00218279]
Current x_clock array =  [-0.59206202 -0.82233269 -0.45992659  0.22387638 -2.77592681 -1.43459053
 -0.46277146  0.         -0.11287348]
log likelihood =  7055.627122859226
Lr derivatives =  [0.027176834853358756, -145.8016304047044, 0.010929862392629275]
other derivatives =  [ 0.05211405  0.0764885   0.05757101 -0.01082299 -0.02009983 -0.00391083]
Current x_clock array =  [-0.5920013  -0.82232641 -0.45991778  0.22399831 -2.77582247 -1.43508499
 -0.46282377  0.         -0.11279829]
      fun: 7055.627122859226
 hess_inv: <9x9 LbfgsInvHessProduct with dtype=float64>
      jac: array([ 5.21140464e-02,  7.64885044e-02,  5.75710146e-02, -1.08229870e-02,
       -2.00998329e-02, -3.91082722e-03,  2.71768349e-02, -1.45801630e+02,
        1.09298624e-02])
  message: b'CONVERGENCE: REL_REDUCTION_OF_F_<=_FACTR*EPSMCH'
     nfev: 23
      nit: 19
   status: 0
  success: True
        x: array([-0.5920013 , -0.82232641, -0.45991778,  0.22399831, -2.77582247,
       -1.43508499, -0.46282377,  0.        , -0.11279829])
