number of sites to be analyzed:  395
log likelihood =  5178.848160767847
Lr derivatives =  [-206.76912664856155, -330.9391126624391, -198.25012155154158]
other derivatives =  [ 22.45687938 -33.35571819  13.65433491  -3.06608854 311.56314435
  -2.3433131 ]
Current x_clock array =  [-0.72940856 -0.81628228 -0.71356277  0.74193734 -0.10536052 -0.51082562
 -0.51082562 -0.51082562 -0.51082562]
log likelihood =  4932.141118114245
Lr derivatives =  [118.56739966943061, -135.82410805741705, -97.0277682342089]
other derivatives =  [-81.0151505  -18.28693712 -80.64143913   1.69493433 235.96203391
  20.02261681]
Current x_clock array =  [-0.78931343 -0.81423818 -0.7499864   0.75011629 -0.93647097 -0.50457472
  0.04074149 -0.50946297 -0.50946297]
log likelihood =  4753.0759758184
Lr derivatives =  [48.25266819037453, -99.34069816844115, -72.6947417893563]
other derivatives =  [141.68117559  27.94704415  44.40462362  19.62134775  83.51044016
  22.89425538]
Current x_clock array =  [-0.66371502 -0.79691068 -0.60820556  0.7524913  -2.0286596  -0.54179509
  0.192015   -0.45112905 -0.44133719]
log likelihood =  4778.4934914338155
Lr derivatives =  [-103.60153914870625, -111.96741342869754, -43.923223647389136]
other derivatives =  [-375.07124944  -41.95171641  -60.97134246   51.18090485  -90.41632438
   19.97959771]
Current x_clock array =  [-0.98397255 -0.87819536 -0.64360278  0.6981425  -2.92370405 -0.63023769
  0.13186794 -0.26462754 -0.2713549 ]
log likelihood =  4721.769672641387
Lr derivatives =  [-19.530430839087806, -101.85634195496866, -61.27779193939325]
other derivatives =  [-121.00445019   -2.16714398   -0.98971213   34.23829185    7.39964889
   22.03323675]
Current x_clock array =  [-0.79331642 -0.82980486 -0.62253006  0.7304975  -2.39086502 -0.57758593
  0.16767476 -0.37565586 -0.37254898]
log likelihood =  4704.229616728309
Lr derivatives =  [-7.7702294391545585, -65.59692668780654, -26.261849808319155]
other derivatives =  [-26.51077011  -3.98576958  -1.15924195  29.22406566 -12.38431651
  22.24933269]
Current x_clock array =  [-0.73858637 -0.84064619 -0.61724656  0.69474615 -2.56775073 -0.61141956
  0.15865852 -0.26909886 -0.29732367]
log likelihood =  4693.848460399819
Lr derivatives =  [23.72957892206717, -12.373729249590454, 25.069404590486087]
other derivatives =  [13.39094524 -0.96515578  9.55733412 18.83763616 -2.97122824 21.30336725]
Current x_clock array =  [-0.72206608 -0.84127214 -0.60811167  0.62860678 -2.56412957 -0.66981499
  0.0808569  -0.10012022 -0.21461872]
log likelihood =  4689.203917600014
Lr derivatives =  [27.076901966875077, 8.54597195084726, 33.791941493918706]
other derivatives =  [ 14.29161784  -0.40290615 -15.8437615   12.57740223  -0.90485628
  17.7842594 ]
Current x_clock array =  [-0.72179679 -0.83879242 -0.62603771  0.56777797 -2.52127971 -0.73083893
 -0.00695123  0.         -0.21486535]
log likelihood =  4687.760882745444
Lr derivatives =  [-48.32005205804151, -45.984483342307854, -21.70527884692318]
other derivatives =  [-22.19858288  -8.43465386  76.76844689  -1.61517164 -15.76254363
  10.35223249]
Current x_clock array =  [-0.73676491 -0.83342121 -0.5800714   0.42332008 -2.40950397 -0.88504486
 -0.19272382  0.         -0.27876755]
log likelihood =  4684.282619421707
Lr derivatives =  [-10.302855562976022, -22.02655739328254, -5.320568882611177]
other derivatives =  [-0.61854735 -0.49931259 -6.54117684  2.40561349 -4.19186108 11.5534931 ]
Current x_clock array =  [-0.72655342 -0.82871134 -0.63100859  0.46410005 -2.39992882 -0.850892
 -0.13104799  0.         -0.27333524]
log likelihood =  4684.03843375918
Lr derivatives =  [-7.079739147300719, -20.043463076528173, -4.335644062650813]
other derivatives =  [ 0.62373147  0.48139555 -1.35296432  1.01044861 -1.40662451 11.19333319]
Current x_clock array =  [-0.72665115 -0.82769461 -0.62737502  0.45717123 -2.38898761 -0.86520363
 -0.12880364  0.         -0.27228827]
log likelihood =  4683.221817076612
Lr derivatives =  [1.0825720892101325, -14.24123024916047, -2.7927469408407455]
other derivatives =  [ 3.13029886  1.72312866  8.70686563 -4.87943908  4.85561031  8.43647285]
Current x_clock array =  [-0.72767781 -0.82687133 -0.62018061  0.41776623 -2.36876604 -0.95878318
 -0.12242003  0.         -0.26714344]
log likelihood =  4682.576764241475
Lr derivatives =  [4.7280328682048625, -9.804719629871954, -0.7801608261369262]
other derivatives =  [ 3.99204509  1.5027581   8.96243364 -7.58545866  4.87461875  5.65823939]
Current x_clock array =  [-0.72832596 -0.82835346 -0.61863385  0.39446188 -2.38100563 -1.06485761
 -0.11459099  0.         -0.25639261]
log likelihood =  4681.740357956616
Lr derivatives =  [1.9171395651056322, -7.659489726686976, 1.1226829394269995]
other derivatives =  [ 3.62888386  1.65000529  2.84726411 -4.99348971  2.50802259  2.08292477]
Current x_clock array =  [-0.72763781 -0.82862927 -0.62130344  0.41247664 -2.3805833  -1.2440768
 -0.12635627  0.         -0.23693859]
log likelihood =  4681.622287975234
Lr derivatives =  [4.049304117850186, -5.505215366365547, -1.3042739318264773]
other derivatives =  [-8.79135769 -9.42864062  0.50440576  0.15897967  1.19644028  0.13078534]
Current x_clock array =  [-0.73329148 -0.84366515 -0.61980998  0.45480715 -2.39192888 -1.35265013
 -0.11112541  0.         -0.23913337]
log likelihood =  4681.521579609811
Lr derivatives =  [0.12632316870070426, -7.184346651661302, -1.8088597186927848]
other derivatives =  [ 5.61230991  2.11812221  0.09968062  0.44774424 -0.40054147 -0.2406523 ]
Current x_clock array =  [-0.72538464 -0.82902978 -0.6211384   0.45644602 -2.3873583  -1.38397876
 -0.12590407  0.         -0.23477346]
log likelihood =  4681.506436697678
Lr derivatives =  [0.16137696284699743, -6.994876567152247, -0.5222124386041833]
other derivatives =  [-1.17461241  1.03673301  0.40690793  0.00800355 -0.08803909  0.01946319]
Current x_clock array =  [-0.72902299 -0.83006822 -0.62096631  0.45145576 -2.38641807 -1.37112655
 -0.12626002  0.         -0.23250248]
log likelihood =  4681.505071452486
Lr derivatives =  [0.1643230812951444, -6.910164461568422, -0.3676167270766224]
other derivatives =  [-0.32941898  0.19990694  0.18289938  0.01382432 -0.0601176   0.0003638 ]
Current x_clock array =  [-0.72854168 -0.83111892 -0.62111965  0.45169111 -2.38621297 -1.37341242
 -0.12651761  0.         -0.23198223]
log likelihood =  4681.504675521797
Lr derivatives =  [0.014193512397463692, -6.8829182057818805, -0.10611709937887337]
other derivatives =  [ 0.04729372 -0.03465175 -0.02946763 -0.01145963 -0.04165486 -0.00327418]
Current x_clock array =  [-0.72831032 -0.83137163 -0.62131637  0.45144093 -2.38550786 -1.37534943
 -0.12746509  0.         -0.23109856]
log likelihood =  4681.504650327063
Lr derivatives =  [-0.002579514723173304, -6.85690654818641, -0.0008062808737165916]
other derivatives =  [ 0.01582521 -0.00463842 -0.02737579 -0.0079126  -0.02119123 -0.00063665]
Current x_clock array =  [-0.7283225  -0.83132459 -0.62132456  0.45145599 -2.38525387 -1.37574831
 -0.12769633  0.         -0.23081063]
log likelihood =  4681.504648530237
Lr derivatives =  [-0.013813533843627823, -6.862734878849924, 8.673317402996261e-05]
other derivatives =  [ 0.00081855 -0.00309228  0.01109584 -0.00345608 -0.01255103 -0.00063665]
Current x_clock array =  [-0.72832861 -0.83131849 -0.62130225  0.45150453 -2.3851489  -1.37582089
 -0.12775388  0.         -0.23079588]
      fun: 4681.504648530237
 hess_inv: <9x9 LbfgsInvHessProduct with dtype=float64>
      jac: array([ 8.18545232e-04, -3.09228199e-03,  1.10958354e-02, -3.45607987e-03,
       -1.25510269e-02, -6.36646291e-04, -1.38135338e-02, -6.86273488e+00,
        8.67331740e-05])
  message: b'CONVERGENCE: REL_REDUCTION_OF_F_<=_FACTR*EPSMCH'
     nfev: 21
      nit: 19
   status: 0
  success: True
        x: array([-0.72832861, -0.83131849, -0.62130225,  0.45150453, -2.3851489 ,
       -1.37582089, -0.12775388,  0.        , -0.23079588])
