number of sites to be analyzed:  634
log likelihood =  -25179.012519322554
Edge derivatives =  [349.97901613537533, 268.0656176538973, 391.8688674044073, 542.2217139155208, 102.09393745321172, 138.95185937385202, 459.5165416421966, 362.5517470463147, 461.19556690237766, 316.454875785583]
other derivatives: [-301.77652661  168.81167539 -379.81262722 -184.04389266 -786.15485108
  354.30421121]
Current x array =  [-0.59527293 -0.77227088 -0.54445297  0.74193734 -0.10536052 -0.51082562
 -4.60517019 -4.60517019 -4.60517019 -4.60517019 -4.60517019 -4.60517019
 -4.60517019 -4.60517019 -4.60517019 -4.60517019]
log likelihood =  -23948.00747041157
Edge derivatives =  [337.69774369622723, 265.0493703368908, 388.7237199276247, 553.5655650708488, 91.91967892878937, 133.35175124041834, 463.1873280914384, 355.6781546414491, 464.74093424187834, 309.1652758082014]
other derivatives: [ 860.14370027  267.3950803  -179.52334019 -181.02109607 -458.25145207
  315.8027539 ]
Current x array =  [-0.79806891 -0.77178551 -0.79968977  0.61825853 -0.63366219 -0.5057783
 -4.36998179 -4.42502818 -4.34183151 -4.24079332 -4.53656233 -4.51179354
 -4.29637179 -4.36153282 -4.29524347 -4.39251025]
log likelihood =  -19681.342140804267
Edge derivatives =  [270.50782512277675, 218.75774101699528, 322.8137581617543, 497.64465402365823, 48.58767820805646, 85.00218517877799, 383.1176440984669, 273.9080429219389, 387.7152945360582, 238.0155699864819]
other derivatives: [ 78.68511602 525.92804423  97.88745956 102.01511031 824.23503045
 134.39603208]
Current x array =  [-0.75444537 -0.62029751 -1.99052727 -0.0515919  -3.18405875 -0.40998564
 -3.10263849 -3.44800173 -2.91232806 -2.24732339 -4.17336622 -4.00933606
 -2.61283197 -3.04288807 -2.60568921 -3.24279866]
log likelihood =  -21678.073908428418
Edge derivatives =  [-6.763851514488907, 32.757343240393496, -8.869974464312348, -377.32174736672, -6.697370360522415, 1.6790566417628083, -215.62188802190357, -117.80858109326901, -199.7717795380721, -30.442764667261322]
other derivatives: [ 3.18460989e+03 -2.46601063e+04  1.70665298e+03 -1.27710882e+02
  5.60543413e+01  2.23768438e+01]
Current x array =  [-1.36233    -0.05       -3.00265289 -0.42372104 -3.74116442 -0.17936862
 -1.23459551 -1.98702458 -0.7688042   0.84914611 -3.70554178 -3.32382186
 -0.08640459 -1.12240498 -0.0620601  -1.56941279]
log likelihood =  -18179.349107253103
Edge derivatives =  [150.44023353065057, 122.76776502923623, 197.80694449337548, 170.2185313080679, 12.614711121893814, 35.39567904728821, 110.0019493558033, 115.59210178215491, 120.78110118300192, 128.84707994946166]
other derivatives: [1151.85139293 -872.89663497  566.49878388  241.93504942  840.62703536
    7.68341124]
Current x array =  [-1.0261305  -0.3654114  -2.44288198 -0.21790957 -3.43304897 -0.30691475
 -2.26774406 -2.7950394  -1.95431148 -0.86340173 -3.96427894 -3.70295553
 -1.48368228 -2.1845563  -1.46885146 -2.49490337]
log likelihood =  -17231.014396097406
Edge derivatives =  [89.7145130970848, 84.79145640869127, 107.92644360010782, -150.98989067141488, -0.8411604737166534, 13.778289884480555, -108.12948525512374, 13.59504666905553, -102.34368135748286, 50.801966213451465]
other derivatives: [1396.14312502  843.11977844  961.94526122  147.39525795  375.27170207
 -109.37728803]
Current x array =  [-0.99355146 -0.87759296 -2.24248183 -0.0340591  -2.60357313 -0.17957195
 -1.75094921 -2.38691128 -1.34294245 -0.04995252 -3.85988425 -3.53539615
 -0.85100817 -1.68652383 -0.82358601 -2.04114481]
log likelihood =  -16211.950975328016
Edge derivatives =  [158.05231777083398, 103.12607800191881, 137.06154127988998, -125.30564393074712, 5.9845334043077, 19.951146386235617, -4.458047136789166, 69.65980423644073, -23.11592178357537, 79.74594342189306]
other derivatives: [ 233.58188628  529.37375585  492.54558689   22.11891115 -457.22681534
 -298.91452868]
Current x array =  [-0.68918306 -0.8135859  -1.30148639  0.37212443 -1.19368732 -0.10877962
 -1.72199241 -2.35188022 -1.29143174 -0.1761224  -3.89349943 -3.56120605
 -0.9817876  -1.72963812 -0.94434631 -2.04359002]
log likelihood =  -15732.359543026847
Edge derivatives =  [128.04346612170752, 87.5448681964715, 117.80794844249682, -94.81034045519726, 4.924722283381979, 16.942763401436014, -16.040905453481678, 53.80701475766512, -30.817866698520973, 62.62578061748389]
other derivatives: [-190.57933969  373.24280129  107.91500245  -24.6334821  -208.23972591
 -217.61006792]
Current x array =  [-0.59764569 -0.67547666 -0.8945255   0.42415037 -1.52262966 -0.35527504
 -1.43762676 -2.14781649 -0.99858493 -0.05033623 -3.85336306 -3.49229484
 -0.8041924  -1.52426263 -0.77832361 -1.84158193]
log likelihood =  -15563.141367048698
Edge derivatives =  [58.700151433739755, 57.266491116942454, 45.77903436424317, -88.29898121345448, 1.6512178082444795, 10.738062790634567, -56.11854161796586, 6.668986396285291, -63.32606355745552, 23.754180923889177]
other derivatives: [  83.30989658 -578.97650549 -442.98722059   22.20294846   21.20414138
 -118.36236808]
Current x array =  [-0.63457444 -0.42815013 -0.66108407  0.38838805 -1.98462786 -0.74080351
 -1.01838987 -1.84286365 -0.5631146   0.09074445 -3.79492451 -3.39018802
 -0.5863559  -1.233662   -0.58068503 -1.55256981]
log likelihood =  -15510.088241325764
Edge derivatives =  [65.00386815190346, 61.85407486019038, 59.94216053406288, -37.16310446058767, 2.551420617750875, 13.14440833416287, -26.670756374617774, 16.930576729251012, -28.05213754086433, 32.68956687910396]
other derivatives: [ 45.24044925 -11.61115506 102.9440682   24.63639248 153.92870409
 -91.39475878]
Current x array =  [-0.62831871 -0.51772631 -0.91119621  0.33704952 -2.17140915 -0.79360589
 -1.02388213 -1.84372961 -0.57905894  0.02841786 -3.79496919 -3.39063222
 -0.62769435 -1.25048472 -0.62584481 -1.56464402]
log likelihood =  -15476.13164609249
Edge derivatives =  [49.82124547258269, 55.72719745448145, 29.38191473599808, -68.38616743009807, 1.56443741094035, 10.795415937646503, -42.905708962003175, 4.016808528781955, -44.89147190780041, 20.34209891892841]
other derivatives: [-136.94334484  100.44313967   -5.45314833   17.73114491   51.15725799
  -91.48279787]
Current x array =  [-0.60670368 -0.55567924 -0.82999218  0.38217504 -2.02087577 -0.843692
 -0.94159445 -1.77596677 -0.49230636  0.05479868 -3.78685568 -3.37187382
 -0.59907909 -1.20105294 -0.59854421 -1.50940295]
log likelihood =  -15440.925699728055
Edge derivatives =  [30.267488112227948, 49.54289148898004, -7.131342037803456, -58.241739237524875, 1.3855181007523267, 9.961642335869907, -28.388645170955453, -1.8521640704052271, -28.62877406822621, 13.109265809252543]
other derivatives: [ -30.41041055   10.05300874 -105.33167369    7.45494617    3.26908776
  -59.66558092]
Current x array =  [-0.62590452 -0.54115179 -0.7765927   0.42762646 -1.93441357 -1.01207378
 -0.82073634 -1.66930816 -0.38751233 -0.01900211 -3.78079142 -3.34886348
 -0.62808445 -1.15775819 -0.63408076 -1.44548582]
log likelihood =  -15415.34392422757
Edge derivatives =  [-1.1136594700181548, 41.068527164720834, -49.03393689627264, -32.30988510902864, 1.2167611514821084, 9.44083905300779, -5.758360724365161, -9.167217828065539, -3.085402244093965, 2.3500599506430335]
other derivatives: [-57.266152   -94.55870895 -30.76020221  -4.92436811 -28.10684236
 -20.15913196]
Current x array =  [-0.62466245 -0.52093548 -0.80349481  0.46704395 -1.89678981 -1.26017115
 -0.65761872 -1.50387607 -0.28181607 -0.15085118 -3.77189837 -3.31308351
 -0.67770025 -1.10883976 -0.69132337 -1.36047637]
log likelihood =  -15432.77626425886
Edge derivatives =  [5.165912624440437, 46.98668524773684, -27.402879268521424, 33.41698288981653, 3.1272227708480935, 12.972826416305914, 50.7637584661462, 14.268900790406255, 52.949541322023585, 13.487541451794431]
other derivatives: [ 377.71296775  199.6242645  -115.00924302  -37.08373697   25.17117537
   14.65614332]
Current x array =  [-0.70214523 -0.59665525 -0.77531919  0.49940483 -1.84622207 -1.45409652
 -0.60487394 -1.36466137 -0.35474714 -0.38105417 -3.77801119 -3.29319121
 -0.7962557  -1.14921332 -0.80996035 -1.34882785]
log likelihood =  -15410.634243520084
Edge derivatives =  [1.5351947127787602, 43.06608957341535, -42.51965337489097, -10.523986889083737, 1.801796118275522, 10.508914632315838, 12.340012378139708, -1.7064440486048693, 14.857218488247193, 6.012727717003619]
other derivatives: [ 91.00604075  11.81488187 -57.19321052 -15.09906724  -9.50622052
  -8.87193892]
Current x array =  [-0.64838651 -0.54411973 -0.79486786  0.47695237 -1.88130673 -1.31954819
 -0.64146906 -1.46125062 -0.30414647 -0.22133588 -3.77377002 -3.30699279
 -0.71400015 -1.12120154 -0.72764823 -1.35690977]
log likelihood =  -15406.254484871872
Edge derivatives =  [-7.242326202322237, 40.91059019454279, -44.6065472587245, -1.7222557485899004, 1.6769534065127396, 10.407353848858097, 15.343315735319392, -3.716889251516218, 18.210395511280055, 2.207164319409981]
other derivatives: [ 5.12314728e+01  1.52913344e+01  8.08722689e-01 -1.45304512e+01
  3.40151018e-02 -1.82608346e+00]
Current x array =  [-0.6419046  -0.54350993 -0.82181409  0.47368631 -1.90257881 -1.38733783
 -0.60009009 -1.39814647 -0.30035153 -0.25919107 -3.76983026 -3.29201711
 -0.71968561 -1.1094735  -0.73382321 -1.33216265]
log likelihood =  -15400.98551657892
Edge derivatives =  [-15.251462310043056, 39.24174668661396, -36.31111808715063, 8.954941921112978, 1.5251687904340103, 10.308263139269009, 15.578822840083888, -4.042910906053216, 17.720648537602457, -1.6422023045295358]
other derivatives: [  1.64982339  19.90119927  27.02126949 -10.90411388  12.4118742
   4.01996658]
Current x array =  [-0.63331948 -0.54334869 -0.83536546  0.46150885 -1.91794295 -1.45627958
 -0.56996527 -1.30213887 -0.33968336 -0.3049966  -3.76533176 -3.2692483
 -0.71864587 -1.10565577 -0.7307261  -1.30952574]
log likelihood =  -15392.003394704503
Edge derivatives =  [-30.139551805185356, 34.4963898987769, -10.833490077510124, 26.477726727705594, 1.243869066783504, 10.055138068085979, 10.959725173174014, -1.5866692365991275, 10.438209671467254, -6.9098509331374975]
other derivatives: [-34.50568329  -7.34817149  64.06025932   0.30031515   9.07693902
  10.37078619]
Current x array =  [-0.62694699 -0.53810123 -0.85400273  0.43324183 -1.89936686 -1.56063423
 -0.5522951  -1.08442172 -0.47740757 -0.38744408 -3.75787162 -3.2180626
 -0.70954099 -1.11714579 -0.71438667 -1.28268071]
log likelihood =  -15383.83264670331
Edge derivatives =  [-40.63693303960338, 25.31503071342148, 9.725829646324293, 32.56125184547465, 0.78177006451847, 9.044936062501515, -3.3622050308902462, -3.2375933660093374, -5.278741450914628, -13.235596109762762]
other derivatives: [-92.43067325  30.1099135   23.95045158  10.93649189  27.99170034
  10.90938895]
Current x array =  [-0.61796585 -0.54709043 -0.8339878   0.4094104  -1.92294603 -1.64048849
 -0.57339118 -0.81932144 -0.58708075 -0.39159407 -3.74515431 -3.14937194
 -0.66543978 -1.10917981 -0.66705107 -1.25518587]
log likelihood =  -15375.147457843088
Edge derivatives =  [-45.7074778158895, 2.8139739829535673, 28.091537140153907, 24.33726563986569, 0.39046822189093267, 7.896402829113406, -22.50190568241304, -0.9715857501467522, -26.021776404981797, -13.037203334905938]
other derivatives: [ 23.48151611 -30.75674613  48.76183084  23.31962605 -10.04755177
   4.56529961]
Current x array =  [-0.63822891 -0.53989389 -0.84170423  0.3958959  -1.87042215 -1.66611717
 -0.699138   -0.48559692 -0.75817063 -0.34667586 -3.73286939 -3.06024341
 -0.62158068 -1.12683801 -0.61874771 -1.26415772]
log likelihood =  -15367.697548108692
Edge derivatives =  [-27.332037675360393, 6.769414788384112, 32.841726674097316, 5.995313548487459, 0.8264057601469357, 8.58518126720154, -18.142902377009904, 6.417621931052528, -20.89533777241939, -2.347796015631996]
other derivatives: [-22.22077455  -4.24788595 -29.20187399   9.44637577  -6.58037607
  -2.85908754]
Current x array =  [-0.62889546 -0.54565717 -0.80611181  0.41599618 -1.85576496 -1.5856489
 -0.85168174 -0.44908504 -0.79904463 -0.26891236 -3.73480981 -3.04251755
 -0.63278468 -1.1556914  -0.63243939 -1.31968981]
log likelihood =  -15363.659422414654
Edge derivatives =  [-19.813390816109994, 8.067666055376838, 26.06708299699134, -10.67744819254811, 0.8833929862263881, 8.592666459943175, -11.654502215147549, 5.533298487241705, -12.150051005368805, 1.5663662782091758]
other derivatives: [  9.71849659  11.29374141 -25.26703611   0.78125595  -5.79038897
  -6.61075319]
Current x array =  [-0.6342672  -0.54894309 -0.80844602  0.43434217 -1.85884283 -1.55347465
 -0.93547949 -0.43541038 -0.75497535 -0.21461951 -3.73366392 -3.02683395
 -0.64855169 -1.15042586 -0.65326079 -1.33890446]
log likelihood =  -15358.991870673239
Edge derivatives =  [-14.83275375016439, -8.865570588845657, 11.773737351892814, -16.629576832511756, 0.9472179718588631, 8.052415905116144, 8.741019482329614, 3.3630792897160418, 11.288615878560277, 4.584409835121211]
other derivatives: [  2.43417162  -1.04082574 -37.87718015 -15.64585546  -8.49904609
  -5.57975   ]
Current x array =  [-0.63254094 -0.5459393  -0.80221089  0.46559862 -1.85659494 -1.59265245
 -1.09146418 -0.27909692 -0.66954608 -0.19902786 -3.72614663 -2.95750301
 -0.6998048  -1.13276009 -0.71158545 -1.3488105 ]
log likelihood =  -15357.71945015392
Edge derivatives =  [-0.9531522809899591, -1.1256004512428084, -7.734357201041925, -13.923462713449386, 0.3336630236450202, 6.1103757887393035, 2.7138049611658452, -4.367925478189473, 4.790707730330349, 4.073225926600266]
other derivatives: [ 40.69861461  53.0259058   50.68686733   3.279456    22.96364983
 -10.15396265]
Current x array =  [-0.63905207 -0.55530413 -0.84761769  0.42980674 -1.92150826 -1.57727022
 -1.28865291 -0.290781   -0.53008743 -0.18857337 -3.71810529 -2.89456575
 -0.68358752 -1.10693731 -0.69096994 -1.35627984]
log likelihood =  -15355.549698803414
Edge derivatives =  [-3.5204162310850617, -3.3992453761122974, -1.7861569947657499, -4.136073726669432, 0.5076774648092868, 6.518389131094545, 6.183587001952979, -0.9404325849409128, 7.221585393475075, 3.530739751828925]
other derivatives: [ 19.51211743 -10.65109245   6.89324224  -0.8760253   11.78268576
  -7.27668521]
Current x array =  [-0.63443097 -0.54116058 -0.8258693   0.43604049 -1.8942041  -1.60690929
 -1.24735724 -0.28380523 -0.5683771  -0.22878257 -3.72010692 -2.90043987
 -0.69373897 -1.11857991 -0.69979945 -1.35005871]
log likelihood =  -15355.159040703773
Edge derivatives =  [-3.9399185939529486, -8.106401926497693, 1.3305561299704574, -0.608868872149777, 0.42050610872621086, 6.159831480658272, 3.1779770462361263, -0.013177967145619363, 3.2219244811389243, 2.347757316523219]
other derivatives: [-11.88291208  -0.15661499   4.11200745   1.13977876   2.37614586
  -6.89287845]
Current x array =  [-0.62950537 -0.54490217 -0.82292465  0.43142016 -1.87631911 -1.624119
 -1.26081845 -0.25146003 -0.59373082 -0.24550495 -3.71884232 -2.88545193
 -0.68804462 -1.12427981 -0.69165716 -1.34712243]
log likelihood =  -15354.867774736096
Edge derivatives =  [-2.4455805040791128, -5.200617628921321, -0.03992768139073144, 4.908120797521478, 0.35081423081128715, 5.882658066892394, 2.5342546610077044, 0.10077336951087207, 1.8374064746906869, 1.483261634872746]
other derivatives: [-7.3641786  -3.78859113 -3.74602678  2.83853296  2.03144737 -6.09616109]
Current x array =  [-0.62998193 -0.54400677 -0.81946705  0.42753145 -1.87208276 -1.63792202
 -1.27547942 -0.26601228 -0.58297389 -0.26349541 -3.71829064 -2.87495145
 -0.68632942 -1.1247845  -0.6881921  -1.34320477]
log likelihood =  -15354.60828270684
Edge derivatives =  [-0.038136374915321875, -2.1552818149519806, -5.2269119110254865, 4.442462397514588, 0.07034620707464964, 4.836158774812261, -2.1137319350529467, -1.5691389139723957, -3.0762712590465955, -0.625415672678721]
other derivatives: [-30.55702109 -19.59724614   6.39338396   4.00850695  -4.41996235
  -5.90825948]
Current x array =  [-0.62652657 -0.54028393 -0.82353299  0.42807735 -1.86766297 -1.66171376
 -1.32362573 -0.2819661  -0.55779639 -0.26262684 -3.71546222 -2.84103575
 -0.67575579 -1.12147348 -0.67712367 -1.33713916]
log likelihood =  -15354.316543097331
Edge derivatives =  [1.813599055051422, -1.318564887367223, -6.029149138718561, 7.867435644754381, -0.08742844321380668, 4.009616843247403, -3.660894957090447, -1.2911624097178143, -4.701747926326862, -2.2662185429522417]
other derivatives: [15.35445335  7.94498192 -4.83887561  1.96978363 -4.06325853 -4.120011  ]
Current x array =  [-0.63449654 -0.5472156  -0.8184215   0.43270048 -1.86196896 -1.70441357
 -1.3586387  -0.27345921 -0.55089619 -0.2685417  -3.71203666 -2.80126667
 -0.6679028  -1.11990954 -0.66934658 -1.32690926]
log likelihood =  -15354.155035185293
Edge derivatives =  [1.2034506536131613, -1.6358622720943183, -5.021602658067017, 4.34877317437945, -0.06328203554158382, 4.067331640540142, -3.4403587658174795, -1.1094321386841575, -3.9554267280594284, -1.9716199470772116]
other derivatives: [ 7.97244866  5.06115612 -2.86090653 -0.38053258 -4.68044163 -4.10072971]
Current x array =  [-0.63338009 -0.54640395 -0.8192786   0.43765341 -1.86269436 -1.70454732
 -1.35236081 -0.27352688 -0.5576423  -0.25683912 -3.71217311 -2.80085641
 -0.66830112 -1.12050288 -0.67118463 -1.32792786]
log likelihood =  -15353.855066191923
Edge derivatives =  [0.7923571423238283, -1.1638651937901974, -2.1940903168028747, -0.5006704420120208, -0.07892136198516025, 3.709811440625828, -2.7267220137049373, -0.19068830614597926, -2.2494365743199536, -2.022459297248602]
other derivatives: [-2.54640327  1.68965926 -1.35714799 -5.26360964 -3.51610652 -2.61625246]
Current x array =  [-0.63172608 -0.54503291 -0.82040891  0.44722485 -1.86539325 -1.73450642
 -1.35389304 -0.27458039 -0.57399436 -0.23764415 -3.71084428 -2.77465556
 -0.66837242 -1.12259543 -0.67411278 -1.32571086]
log likelihood =  -15353.665268360357
Edge derivatives =  [0.6819285375717895, -1.5938457602576475, 0.5898601339835101, -2.0317762630177914, -0.15658000402646333, 2.997462163847622, -1.7910186881235004, 0.6784482205526632, -1.0017719259545315, -2.1786606157346395]
other derivatives: [  3.84789018 -11.43580448   4.00887075  -4.00978024  -3.36804078
  -0.67775545]
Current x array =  [-0.63264744 -0.54177201 -0.82352009  0.44533259 -1.86624144 -1.77879641
 -1.36433868 -0.26861822 -0.59201007 -0.23051863 -3.70876974 -2.73429167
 -0.66981035 -1.12477645 -0.6763018  -1.3235454 ]
log likelihood =  -15353.695870290772
Edge derivatives =  [1.539168156794573, 2.3263764935545868, 1.6759886856738984, -1.4803091971865654, -0.25742712889370645, 1.9573771497429369, 1.5494064833549703, 1.2494777117150668, 2.697001526351745, -2.2128641510882487]
other derivatives: [-22.25751814  18.10112735  -4.12837835  -3.49009497   7.90460035
   2.27191777]
Current x array =  [-0.62793718 -0.54707703 -0.8212415   0.4411385  -1.87853802 -1.83671077
 -1.37777556 -0.28247036 -0.59423573 -0.22541532 -3.70641221 -2.68141125
 -0.67566254 -1.12345895 -0.68286568 -1.32132973]
log likelihood =  -15353.58323469324
Edge derivatives =  [1.0764495561846135, 0.21648715944554453, 1.0928699973566773, -1.7719338947412875, -0.2020137424084883, 2.5355235548467907, -0.24179294766511528, 0.9482501633796747, 0.7122702918610218, -2.187778359213477]
other derivatives: [-8.06667231  2.20170477  0.26484486 -3.77203833  1.82808435  0.72650437]
Current x array =  [-0.63048367 -0.544209   -0.82247337  0.44340594 -1.87189016 -1.80540072
 -1.37051122 -0.27498152 -0.59303248 -0.2281743  -3.70768675 -2.70999982
 -0.67249869 -1.12417122 -0.67931707 -1.32252758]
log likelihood =  -15353.547520562897
Edge derivatives =  [1.2602415042609791, 0.15611347977928253, 1.0593886844100264, -0.5222556619776316, -0.24926940461223293, 2.238897274967593, -0.10703242412483327, 0.8938731559495796, 0.5582099698514658, -2.197381055141372]
other derivatives: [-1.80043571 -0.26921043  0.59044396 -1.30185072  1.43518264  1.17470336]
Current x array =  [-0.63142778 -0.54375257 -0.82271912  0.43882706 -1.87083106 -1.81714164
 -1.37625101 -0.2733091  -0.59365563 -0.23235557 -3.70715305 -2.69752804
 -0.67298947 -1.12386547 -0.67886361 -1.32275679]
log likelihood =  -15353.529068243344
Edge derivatives =  [1.2664318759533844, 0.14670638965195937, 0.6593602481522879, 0.017469327694278336, -0.2800796651919805, 2.075369680673273, 0.03933660009696266, 0.6204324422200052, 0.42177250111283804, -1.8599231333922097]
other derivatives: [ 1.13814167 -0.5142283   0.32850949  0.6344635   0.92550181  1.3387762 ]
Current x array =  [-0.63186933 -0.54381796 -0.8225598   0.435288   -1.869957   -1.82039209
 -1.37747837 -0.2732452  -0.5922374  -0.23477934 -3.70719314 -2.69088889
 -0.67369815 -1.12285999 -0.67856116 -1.32498665]
log likelihood =  -15353.504712032773
Edge derivatives =  [1.078179442273049, 0.10488993177818173, 0.12820400345502247, 0.035295822192348614, -0.3162056579413853, 1.878465931229617, 0.25868811616089094, 0.12083796218440185, 0.28357335992180926, -1.0248866624629742]
other derivatives: [ 2.68810254 -0.33287506  0.01509761  2.1975211   0.03055902  1.43718353]
Current x array =  [-0.63211585 -0.54400668 -0.82228637  0.43256671 -1.86879221 -1.82077037
 -1.37522139 -0.27394346 -0.59052089 -0.23596488 -3.70773439 -2.68221749
 -0.67476616 -1.12106335 -0.67823544 -1.3301125 ]
log likelihood =  -15353.463665035879
Edge derivatives =  [0.6916044263090093, 0.03598573569360852, -0.38821903341290154, 0.2868629454036635, -0.37727494780850157, 1.4679280511570614, 0.5058473667763126, -0.670901173716679, 0.02396185893609909, 0.5874769636240238]
other derivatives: [ 3.6225174  -0.74778654 -0.5828042   2.43653631 -0.54205884  1.46847015]
Current x array =  [-0.63228228 -0.54399764 -0.82187921  0.43230326 -1.8681446  -1.81817762
 -1.36771335 -0.27526602 -0.5885435  -0.23779982 -3.70942041 -2.66366942
 -0.67595981 -1.11827779 -0.67735285 -1.34002007]
log likelihood =  -15353.457997493037
Edge derivatives =  [-0.22041322390436496, -0.9520391618478633, -0.46250682020309236, -0.36249765342191587, -0.49090211167421266, 0.6297975960137369, -0.6400555188752898, -0.9235488608132099, -1.1205286188713033, 1.3976480315422959]
other derivatives: [-1.68420229  9.79853212 10.08847903  2.76941137 -3.24853318  0.96752046]
Current x array =  [-0.63176771 -0.54683386 -0.82632518  0.43205575 -1.86519936 -1.80605024
 -1.35326481 -0.27345412 -0.59192072 -0.23860923 -3.71378175 -2.63279209
 -0.67459392 -1.11966847 -0.67553394 -1.34792527]
log likelihood =  -15353.409349854597
Edge derivatives =  [-0.21526023210844888, -0.37489515869878665, -0.333002323850636, -0.2032548784249295, -0.47325669441165596, 0.6379683829074455, -0.041565139419503405, -0.9773547180026991, -0.5441248015644187, 1.9882051932912972]
other derivatives: [-0.09658834  1.78297341  1.37169991  1.04028004 -1.14105205  0.89548848]
Current x array =  [-0.63184495 -0.54468322 -0.8225137   0.4351901  -1.86806089 -1.80130274
 -1.34799286 -0.27709102 -0.59007388 -0.23773747 -3.71470304 -2.6307157
 -0.67551117 -1.11888422 -0.676378   -1.35072211]
log likelihood =  -15353.397248538846
Edge derivatives =  [-0.22392972917991422, -0.23443706811789156, -0.04514898390709743, -0.2079465003313994, -0.46636946240740645, 0.5961714329319993, -0.1405566498194395, -0.6432767590308813, -0.4040952126706495, 1.6506711986320015]
other derivatives: [-0.55933924  0.37325663 -0.21809683 -0.10968506 -0.21882443  0.68084773]
Current x array =  [-0.63175484 -0.54423859 -0.82187052  0.43725509 -1.86938332 -1.79631721
 -1.34496753 -0.27819091 -0.59059605 -0.23707694 -3.71579932 -2.62934642
 -0.67502894 -1.12039897 -0.67682441 -1.34901786]
log likelihood =  -15353.384559323451
Edge derivatives =  [-0.33057810542391086, -0.1375617676959473, 0.18901794311140968, -0.11329066302746638, -0.48776815847926847, 0.2834480631265988, -0.407159311491588, -0.11882492836566877, -0.33762471884952827, 0.9098938620634225]
other derivatives: [-1.64982339 -0.48858055 -0.40454324 -0.8578354   0.48967195  0.28776412]
Current x array =  [-0.63159778 -0.54395961 -0.82183973  0.43862547 -1.87058486 -1.78767956
 -1.33938057 -0.27989293 -0.59129229 -0.23719335 -3.71869473 -2.61940398
 -0.67447594 -1.12338073 -0.67761562 -1.34608631]
log likelihood =  -15353.396548487852
Edge derivatives =  [-0.24173979963725997, 0.3545956139882153, 0.25333685993554095, -0.20428610745285114, -0.4820266351249116, 0.12043702324627757, 0.2402102690458039, 0.35262926596710314, 0.4547834474306871, 0.2745949266766292]
other derivatives: [11.29701559  6.16582838 -1.20726327 -1.35059963  1.60198397  0.02673914]
Current x array =  [-0.63379877 -0.54554865 -0.82166123  0.43947319 -1.87105795 -1.77996214
 -1.33575443 -0.28276934 -0.59053759 -0.23619879 -3.72227291 -2.61327746
 -0.67581416 -1.12519289 -0.67967224 -1.34251451]
log likelihood =  -15353.382869325393
Edge derivatives =  [-0.30747588120425406, -0.009088397901894696, 0.20597271330577654, -0.13656541108542475, -0.4862464372244546, 0.24128969694689015, -0.23854076644521693, 0.004012345984665711, -0.13110455827042317, 0.7452130797259079]
other derivatives: [ 1.72585715  1.24709914 -0.61372702 -0.98625605  0.77943696  0.22064341]
Current x array =  [-0.63216976 -0.54437256 -0.82179334  0.43884577 -1.8707078  -1.785674
 -1.33843823 -0.28064043 -0.59109617 -0.23693489 -3.71962461 -2.61781185
 -0.67482371 -1.12385166 -0.67815009 -1.34515809]
log likelihood =  -15353.379115767817
Edge derivatives =  [-0.3048908838413847, -0.008931364116253782, 0.19892100519699007, -0.018216359586213926, -0.5004298210714766, 0.0727303987062178, -0.3282446983435214, 0.2591227988146027, -0.11633932503162414, 0.1296471855316203]
other derivatives: [ 0.57898433  0.3610694  -0.00763976 -0.58062142  0.64028427  0.0865839 ]
Current x array =  [-0.63198299 -0.5441763  -0.82206615  0.43811175 -1.87065179 -1.78345164
 -1.3379225  -0.2810971  -0.59131314 -0.23757896 -3.72105093 -2.6132365
 -0.67485468 -1.12538481 -0.67872631 -1.34244627]
log likelihood =  -15353.37730792262
Edge derivatives =  [-0.27083641687735616, 0.040581012621483836, 0.051935789448868064, 0.033250020850813744, -0.5087255433358465, -0.040775241622454814, -0.09321700647646902, 0.24272860803605745, 0.010285922583177287, -0.14219874529409227]
other derivatives: [-0.38344297  0.70176611 -0.30195224 -0.02983143  0.26138878  0.10004442]
Current x array =  [-0.63181464 -0.54429638 -0.82189089  0.43706432 -1.86995211 -1.78376031
 -1.33888869 -0.28148899 -0.59098079 -0.2381229  -3.72247057 -2.60986854
 -0.67573382 -1.12544833 -0.67936687 -1.34130248]
log likelihood =  -15353.378297776115
Edge derivatives =  [-0.27800687044205985, -0.05366509547144055, -0.1359332462399851, -0.10780207342775927, -0.5137366147510184, -0.13100272223872297, 0.1051168618195627, 0.06668438866963128, 0.05481466553092368, -0.2363854474507128]
other derivatives: [ 2.24172254 -2.85890565  1.30312401  0.52023097 -0.81709004  0.07639755]
Current x array =  [-0.63225312 -0.54356759 -0.82258657  0.4363438  -1.86876607 -1.78403305
 -1.33998608 -0.28157516 -0.59080534 -0.23828256 -3.72445358 -2.60702647
 -0.6766496  -1.12492223 -0.6798231  -1.34104364]
log likelihood =  -15353.376847346597
Edge derivatives =  [-0.27341522985430217, 0.006639722700526651, -0.015734303015902118, -0.017559651554944322, -0.5105294694940011, -0.07324047872232604, -0.021688583977393705, 0.17931173578098425, 0.026368594921100774, -0.1761230191471314]
other derivatives: [ 0.56315912 -0.58043952  0.27685019  0.16843842 -0.12732926  0.09131327]
Current x array =  [-0.63197268 -0.54403371 -0.82214163  0.43680463 -1.86952464 -1.78385861
 -1.33928421 -0.28152005 -0.59091756 -0.23818045 -3.72318529 -2.6088442
 -0.67606389 -1.12525871 -0.67953131 -1.34120919]
log likelihood =  -15353.376400857374
Edge derivatives =  [-0.23815203679746155, 0.04552320754625083, -0.07413798663512472, -0.041327137589554086, -0.507373940786095, -0.0729263718069464, 0.12551693894584487, 0.11137034374314447, 0.10484162370111755, -0.20212604470646656]
other derivatives: [ 0.28448994 -0.25975169  0.09749783  0.25138434 -0.25211193  0.11677912]
Current x array =  [-0.63192174 -0.54411769 -0.82204821  0.43662727 -1.86924197 -1.7843687
 -1.34013579 -0.28165713 -0.59070962 -0.2381745  -3.7238357  -2.60885233
 -0.67650796 -1.12491031 -0.67977093 -1.34103972]
log likelihood =  -15353.375428378326
Edge derivatives =  [-0.16475515207394112, 0.11483908391206904, -0.11956926115068012, -0.05853952659394668, -0.49798287577439326, -0.0765820218358452, 0.3058311715044766, -0.024532198836789476, 0.19640650260649728, -0.20477202910070644]
other derivatives: [-0.07912604  0.08767529  0.03037712  0.2068191  -0.32941898  0.11623342]
Current x array =  [-0.63185553 -0.54419836 -0.82201464  0.43666423 -1.86899932 -1.78448041
 -1.34143176 -0.28190325 -0.590476   -0.23811561 -3.72577906 -2.60856432
 -0.6770637  -1.12426161 -0.68004838 -1.34101029]
log likelihood =  -15353.373069273464
Edge derivatives =  [0.027017834882531483, 0.23846647888401734, -0.12901351532277672, -0.0324096153824015, -0.46966224296864595, -0.10560099314904066, 0.5130868972898235, -0.3275532345619025, 0.2645745314636249, -0.15655988868971613]
other derivatives: [-0.52204996  0.53987605 -0.19026629  0.06584742 -0.38198777  0.05056791]
Current x array =  [-0.63176925 -0.54430438 -0.82191287  0.43682574 -1.86866124 -1.78382781
 -1.34442534 -0.28215851 -0.59026345 -0.23806353 -3.73199621 -2.60697781
 -0.67776633 -1.12288171 -0.68029322 -1.34135286]
log likelihood =  -15353.369782139991
Edge derivatives =  [0.27918196506278103, 0.2922037489122847, -0.06156923862338798, 0.01490184349970991, -0.4179509280471575, -0.1396621861503749, 0.5133392390832715, -0.5296194678340415, 0.22427815225035425, -0.06448913568956563]
other derivatives: [-0.58644218  0.72195689 -0.49039954  0.0169166  -0.29667717 -0.07421477]
Current x array =  [-0.63173931 -0.54435123 -0.82178438  0.43680541 -1.86856559 -1.78249022
 -1.34840367 -0.28172793 -0.59028094 -0.23793288 -3.74229632 -2.60466483
 -0.6778469  -1.12192508 -0.68023164 -1.34198868]
log likelihood =  -15353.377033937611
Edge derivatives =  [0.4135917706058457, 0.015218687337005543, -0.28784506920560515, -0.6992568852907308, -0.28442449555919114, -0.19657602546558153, 0.38206690232224316, -0.4249325674059905, 0.22025310745281834, 0.07898628771002641]
other derivatives: [-4.43142198  5.00240276  5.80803317 -0.76106517 -0.96788426 -0.39817678]
Current x array =  [-0.63122215 -0.54537381 -0.82461646  0.43818651 -1.86810637 -1.77691887
 -1.35197538 -0.28039225 -0.58967514 -0.23601133 -3.76807    -2.59986429
 -0.67781557 -1.12252041 -0.68065189 -1.34324001]
log likelihood =  -15353.368412232312
Edge derivatives =  [0.31760943069631264, 0.2135665322700827, -0.12589516910300413, -0.18806720307902924, -0.37922574420868715, -0.1555537452589778, 0.47633969439741086, -0.4994017459559538, 0.2234536891821997, -0.023292496756735476]
other derivatives: [-1.68074621  1.94249878  1.30694389 -0.20445441 -0.48730726 -0.16589183]
Current x array =  [-0.63159206 -0.54464239 -0.82259075  0.43719864 -1.86843484 -1.78090391
 -1.34942063 -0.28134762 -0.59010845 -0.23738577 -3.74963477 -2.60329799
 -0.67783798 -1.12209459 -0.6803513  -1.34234497]
log likelihood =  -15353.364660173007
Edge derivatives =  [0.5468470899305524, 0.1397730230076345, 0.023184495553151163, -0.17189438476622532, -0.3020982561521199, -0.1670713686367693, 0.22836250240098355, -0.4189489063625127, 0.09350208079858557, 0.13142510846985617]
other derivatives: [-0.8931238   0.93314156  0.40563464 -0.2910383  -0.16316335 -0.33724064]
Current x array =  [-0.63169201 -0.5444036  -0.82220316  0.43729507 -1.86884593 -1.77862108
 -1.35285892 -0.28012978 -0.59028912 -0.23699123 -3.76355736 -2.60099865
 -0.6770422  -1.12227711 -0.67996095 -1.34326852]
log likelihood =  -15353.362261525075
Edge derivatives =  [0.5759038622514855, -0.02187320581301866, 0.06846574796659272, -0.1782226378152596, -0.24523549766251276, -0.1380733825054219, -0.011579199663307227, -0.11681496268172642, -0.005209656731333501, 0.20974608088005597]
other derivatives: [-0.21354936  0.21391315  0.10641088 -0.20809239  0.0520231  -0.38617145]
Current x array =  [-0.63179228 -0.54423659 -0.82208189  0.43714279 -1.86928189 -1.77781005
 -1.35347185 -0.27895214 -0.59027434 -0.23682246 -3.77258504 -2.60055593
 -0.67617668 -1.12339804 -0.67962069 -1.34362253]
log likelihood =  -15353.359974213268
Edge derivatives =  [0.4877235076669664, -0.22107969789349297, 0.01731198718864918, -0.20954173924073427, -0.18320133171106576, -0.07684984081938195, -0.16456202479300402, 0.30377489351156445, -0.0319982271274622, 0.21893566434422132]
other derivatives: [ 0.39963197 -0.3265086  -0.00654836 -0.0853106   0.17262209 -0.35433914]
Current x array =  [-0.6318913  -0.54411373 -0.82203729  0.43695148 -1.86964672 -1.77786103
 -1.35240624 -0.27791683 -0.58994937 -0.2367742  -3.78173647 -2.60113954
 -0.67546958 -1.12493018 -0.67945703 -1.3434544 ]
log likelihood =  -15353.357736221147
Edge derivatives =  [0.3372606840611788, -0.35435053961262514, -0.08825841501361387, -0.19354719496203987, -0.12362308366973274, -0.010314894196978036, -0.204644141806759, 0.5382997202662816, -0.037697999216430855, 0.1352890213453937]
other derivatives: [-0.21827873 -0.98625605 -0.00400178  0.00509317  0.11496013 -0.26848284]
Current x array =  [-0.63179302 -0.54395893 -0.82202417  0.43682314 -1.86975891 -1.7787748
 -1.35034099 -0.27758568 -0.58952841 -0.2370661  -3.79122751 -2.60223564
 -0.67516499 -1.1256625  -0.67942124 -1.3427797 ]
log likelihood =  -15353.368605884862
Edge derivatives =  [0.04437931538555076, -0.34040524515312937, -0.2582436979095729, 0.1237586845495805, 0.04880476662931553, 0.22667403282599785, 0.21267280838005226, 1.0278824972274478, 0.35765288747945817, -0.024113795782746777]
other derivatives: [10.75386535  4.63769538  0.034197    0.08221832  0.68175723  0.07748895]
Current x array =  [-0.63367335 -0.54534223 -0.82215706  0.4366637  -1.8697824  -1.78218142
 -1.34435431 -0.2778414  -0.58822665 -0.23801967 -3.81898617 -2.6057248
 -0.67521837 -1.12628052 -0.67976433 -1.34042948]
log likelihood =  -15353.356833474838
Edge derivatives =  [0.2741609265379309, -0.3511146013259525, -0.1249044826947614, -0.12450367621988079, -0.0855084837262329, 0.04124319647590888, -0.11403752744144219, 0.6445965814071779, 0.04803341219690127, 0.10104129534907938]
other derivatives: [ 2.16423359  0.23519533  0.00400178  0.02128218  0.23828761 -0.19335857]
Current x array =  [-0.6322002  -0.54425848 -0.82205295  0.43678861 -1.869764   -1.77951248
 -1.3490446  -0.27764105 -0.58924652 -0.23727259 -3.7972385  -2.60299119
 -0.67517655 -1.12579633 -0.67949554 -1.34227077]
log likelihood =  -15353.35487346716
Edge derivatives =  [0.11335698760311094, -0.36346594796990145, -0.25175691625284624, -0.04792818109301622, -0.036101325196527104, 0.09902046455967387, -0.008629802012417087, 0.6072375273686805, 0.07594403995575033, -0.04943826404301818]
other derivatives: [ 0.53405529 -0.11023076 -0.00381988  0.04329195  0.05929905 -0.07312337]
Current x array =  [-0.63193831 -0.54417149 -0.82201991  0.43675829 -1.86959329 -1.78107446
 -1.34664534 -0.27815696 -0.58881813 -0.23785394 -3.806187   -2.60423306
 -0.67539527 -1.12537915 -0.67960902 -1.34126451]
log likelihood =  -15353.353861194057
Edge derivatives =  [0.06185061407653092, -0.25914335070025035, -0.2934964412676791, 0.037248177956997974, -0.012937226021919847, 0.11629206664717924, 0.1285185833551603, 0.3348198851897088, 0.10086970186677918, -0.14395017573434976]
other derivatives: [-0.13842509 -0.25102054  0.09385985  0.0178261  -0.10913936 -0.01036824]
Current x array =  [-0.63183284 -0.54413803 -0.82205143  0.43680258 -1.86929837 -1.78212397
 -1.34564707 -0.27907673 -0.5887277  -0.23829307 -3.81159464 -2.60458915
 -0.67583353 -1.12408663 -0.67972459 -1.34067558]
log likelihood =  -15353.353522078665
Edge derivatives =  [0.0851284654867824, -0.09905156815704275, -0.16551683747392498, 0.1339508822144574, 0.0001578355157094112, 0.11641139641664039, 0.07350706024578768, 0.0823893280746299, 0.04523547335638273, -0.1429070433853746]
other derivatives: [-1.08702807  1.03900675 -0.40854502 -0.01327862  0.11095835  0.00945874]
Current x array =  [-0.63167705 -0.5444203  -0.82182492  0.43675185 -1.86937894 -1.78259928
 -1.34534864 -0.27984532 -0.58923405 -0.2384602  -3.81525137 -2.60436771
 -0.67569275 -1.12292602 -0.67952787 -1.3406765 ]
log likelihood =  -15353.353178847416
Edge derivatives =  [0.0840060182168702, -0.04539856870614384, -0.143839614680007, 0.11530884565897104, -0.004408676466527359, 0.10665958774463871, 0.08893490895760764, -0.07884390192853252, 0.03564893535829283, -0.14193277521840394]
other derivatives: [-0.31996024  0.19099389  0.0858563  -0.01218723 -0.04347385  0.00309228]
Current x array =  [-0.63180734 -0.54423068 -0.82205849  0.43681502 -1.86923237 -1.78271147
 -1.34521851 -0.28033132 -0.58942808 -0.23843819 -3.81518788 -2.60417047
 -0.67582449 -1.12229171 -0.67953971 -1.34069893]
log likelihood =  -15353.35307928735
Edge derivatives =  [0.09950402091662455, -0.03638225418334612, -0.09841536152896863, 0.0903758455001682, -0.004461656535687964, 0.10104162353295171, 0.033679478078089964, -0.08616321377844688, 0.010508855140828999, -0.1074815218046512]
other derivatives: [-0.0345608   0.04401954  0.11314114 -0.00982254 -0.01418812 -0.01455192]
Current x array =  [-0.63185351 -0.54419657 -0.82207733  0.43681903 -1.86928869 -1.78250134
 -1.34537078 -0.28033973 -0.58962618 -0.23830201 -3.81533957 -2.60390011
 -0.6756757  -1.12228183 -0.67946128 -1.34090463]
log likelihood =  -15353.35297949912
Edge derivatives =  [0.10235143563207583, -0.015399326112808698, -0.01894915134342051, 0.049967417328764974, -0.001694560691067614, 0.097974012759064, -0.05464540828783271, -0.08339737936985503, -0.028642362081997608, -0.05386413080387997]
other derivatives: [ 0.22209861 -0.11095835 -0.01164153  0.00691216  0.04856702 -0.02473826]
Current x array =  [-0.63189365 -0.54415855 -0.82202809  0.4367947  -1.86938835 -1.78238291
 -1.34522998 -0.2804347  -0.58999103 -0.23809952 -3.81598282 -2.6035893
 -0.67541437 -1.12229719 -0.67932448 -1.34119997]
log likelihood =  -15353.352923520788
Edge derivatives =  [0.08808855849232844, -0.015843836202757533, 0.014914619616939961, -0.004705047309852217, 0.0019390544321877638, 0.09673903697384549, -0.09345567341602123, -0.05213136080296754, -0.04468089231153077, -0.014899303059539876]
other derivatives: [ 0.16971171 -0.05693437  0.10422809  0.01164153  0.03983587 -0.02419256]
Current x array =  [-0.63188737 -0.54417146 -0.82208179  0.43679002 -1.86940153 -1.78234254
 -1.34498973 -0.28048063 -0.59020502 -0.23793013 -3.81666203 -2.60334304
 -0.67529968 -1.12243069 -0.67927253 -1.3414143 ]
log likelihood =  -15353.352886642024
Edge derivatives =  [0.037019493114887725, 0.00792403674389519, 0.07391891725699351, -0.08067133639572888, 0.012410937958350899, 0.09744978085751498, -0.05613968765897975, 0.014101858120393052, -0.02457229118307236, 0.053259921817186556]
other derivatives: [ 0.16843842 -0.33196557 -0.38962753  0.00854925  0.01618901  0.01018634]
Current x array =  [-0.63188024 -0.54410799 -0.82185406  0.43680082 -1.86933217 -1.78259414
 -1.34402867 -0.280778   -0.59057274 -0.23772691 -3.81846313 -2.60281162
 -0.67534682 -1.12263034 -0.67928772 -1.34173285]
log likelihood =  -15353.352809168853
Edge derivatives =  [0.036567776660061, 0.002018311938608741, 0.05132024994348261, -0.08815906425984543, 0.0075395374361224565, 0.08994537661725688, -0.0271247425454455, 0.012416641218037205, -0.011841839044733904, 0.049618239220740934]
other derivatives: [ 0.01855369 -0.06293703 -0.034197   -0.00763976 -0.02401066  0.00691216]
Current x array =  [-0.63186085 -0.54417138 -0.82201564  0.43682507 -1.86928524 -1.78252142
 -1.34410274 -0.28077367 -0.5905121  -0.23773894 -3.81764751 -2.6026696
 -0.67545947 -1.12265879 -0.67934556 -1.34174261]
log likelihood =  -15353.352783258795
Edge derivatives =  [0.0315524777151551, 0.006515925641964904, 0.035751006554878284, -0.07705797006180681, 0.004676767329191891, 0.08381899564357917, 0.015976422769814203, 0.005741268756229045, 0.0063705970888786045, 0.04295570346312641]
other derivatives: [-0.05784386  0.0340151   0.05438778 -0.01909939 -0.04383764  0.01218723]
Current x array =  [-0.63184907 -0.54419369 -0.82205585  0.43684016 -1.86924341 -1.78254721
 -1.34402616 -0.28083455 -0.59046043 -0.23780167 -3.81720967 -2.60251513
 -0.67559397 -1.12263909 -0.67940673 -1.34171866]
      fun: 15353.352783258795
 hess_inv: <16x16 LbfgsInvHessProduct with dtype=float64>
      jac: array([ 0.05784386, -0.0340151 , -0.05438778,  0.01909939,  0.04383764,
       -0.01218723, -0.03155248, -0.00651593, -0.03575101,  0.07705797,
       -0.00467677, -0.083819  , -0.01597642, -0.00574127, -0.0063706 ,
       -0.0429557 ])
  message: 'CONVERGENCE: REL_REDUCTION_OF_F_<=_FACTR*EPSMCH'
     nfev: 70
      nit: 62
     njev: 70
   status: 0
  success: True
        x: array([-0.63184907, -0.54419369, -0.82205585,  0.43684016, -1.86924341,
       -1.78254721, -1.34402616, -0.28083455, -0.59046043, -0.23780167,
       -3.81720967, -2.60251513, -0.67559397, -1.12263909, -0.67940673,
       -1.34171866])
{('N0', 'N1'): [4.723819864162232, 4.723819864162232], ('N0', 'ENSLOCG'): [0.0, 0.0], ('N1', 'N3'): [24.057282101351014, 24.606502258997338], ('N1', 'ENSDARG'): [32.085491670698566, 31.704915989869175], ('N3', 'N6'): [0.9760586827073007, 0.9172210781374133], ('N3', 'N4'): [2.726783001170792, 3.283351008700358], ('N6', 'ENSTRUG'): [23.742057668406076, 25.504617334232183], ('N6', 'ENSGACG'): [14.323301160790745, 14.116446105554724], ('N4', 'ENSORLG'): [23.714376301666356, 21.53774114054315], ('N4', 'ENSONIG'): [11.042687288833061, 11.505220951962874]}
