number of sites to be analyzed:  909
log likelihood =  12236.251403609775
Lr derivatives =  [-492.29632848075755, -892.6617489365735, -465.08937183100176]
other derivatives =  [ 45.34012987 -71.52993931  97.3308488  -25.8174623  786.25052993
  65.65733202]
Current x_clock array =  [-0.64917065 -0.84505445 -0.51405615  0.74193734 -0.10536052 -0.51082562
 -0.51082562 -0.51082562 -0.51082562]
log likelihood =  11598.649701597544
Lr derivatives =  [189.4198591917734, -492.0013714476237, -263.8616073264086]
other derivatives =  [-194.24187485  -26.82645572 -331.86479413  -12.88972271  572.79958128
   89.71946954]
Current x_clock array =  [-0.69758452 -0.8442055  -0.61798534  0.76950505 -0.94491327 -0.58093406
  0.01484491 -0.51028017 -0.51028017]
log likelihood =  11135.876678594474
Lr derivatives =  [158.325093365966, -273.2687855448702, -94.65914341814742]
other derivatives =  [739.78571891 107.45552572 645.53005359  -2.32230377 190.12022676
  76.67822501]
Current x_clock array =  [-0.5442869  -0.84274105 -0.37237961  0.80333645 -2.15201201 -0.72281711
  0.23310983 -0.3489226  -0.41854415]
log likelihood =  11026.470837925193
Lr derivatives =  [-121.35481926448817, -323.7837014620558, -86.49276814530741]
other derivatives =  [-491.86746764   -7.65758159 -171.13416106   55.79586286 -134.72945284
   56.48198567]
Current x_clock array =  [-0.76495954 -0.89344744 -0.49514221  0.8222592  -2.88257338 -0.8337006
  0.25777396 -0.21308358 -0.36351815]
log likelihood =  10965.57679892535
Lr derivatives =  [-1.8550743704679888, -246.86498189689604, -32.44363849661606]
other derivatives =  [-134.58829926    5.23177732  -55.77658158   33.85594027  -40.16401363
   61.12204574]
Current x_clock array =  [-0.68477483 -0.8908932  -0.47740129  0.8069184  -2.68353102 -0.82559526
  0.21950208 -0.15374112 -0.34819631]
log likelihood =  10927.876588408868
Lr derivatives =  [92.93257258065051, -145.60575920138763, 47.47247360282739]
other derivatives =  [129.56570572  -6.84703991  81.0061465   13.01086741  19.17942427
  62.12685548]
Current x_clock array =  [-0.63498639 -0.89861369 -0.45522453  0.78555066 -2.57075784 -0.85455383
  0.13057029  0.         -0.31547137]
log likelihood =  10922.870604707448
Lr derivatives =  [73.29843855574214, -160.61386717475128, 34.41085004459224]
other derivatives =  [55.20087143 -7.98936526 26.35933924 17.31277735 11.63443812 60.39299478]
Current x_clock array =  [-0.64768693 -0.89638058 -0.46608793  0.77999277 -2.54935861 -0.86881231
  0.1017354   0.         -0.32063462]
log likelihood =  10915.725444864249
Lr derivatives =  [5.583520437262017, -211.819760546872, -8.438334445800137]
other derivatives =  [-73.81659088  -7.79000402 -36.67119017  26.50049282  -6.92725735
  54.36340871]
Current x_clock array =  [-0.66966495 -0.88790774 -0.48154854  0.75857746 -2.4752699  -0.92006621
  0.00446802  0.         -0.33501076]
log likelihood =  10913.195849649408
Lr derivatives =  [-21.59159285869047, -232.340589597643, -23.82148334189756]
other derivatives =  [-61.40071491  -3.05444701 -44.50994311  26.4009941  -11.45726856
  50.29178283]
Current x_clock array =  [-0.66584732 -0.88260467 -0.48546328  0.74156207 -2.44200424 -0.95843106
 -0.03784598  0.         -0.33705264]
log likelihood =  10907.486303838361
Lr derivatives =  [-59.04843443724335, -256.63722901356357, -29.34473988430929]
other derivatives =  [-52.49858077   3.80168785  24.3418981   12.96739356  -8.59017746
  39.84860086]
Current x_clock array =  [-0.66382697 -0.87383341 -0.47416547  0.68265164 -2.3764682  -1.09173731
 -0.10785169  0.         -0.32025867]
log likelihood =  10902.992576438019
Lr derivatives =  [-61.18034159927566, -253.76273097039788, -4.798375534823222]
other derivatives =  [122.0845661    8.82591848 -57.11426638  -7.97917892 -16.70832717
  26.80226316]
Current x_clock array =  [-0.63004718 -0.87159053 -0.49780346  0.6048237  -2.38254665 -1.30432751
 -0.13565249  0.         -0.28724281]
log likelihood =  10898.841540256173
Lr derivatives =  [-40.0377352554217, -235.69927504708522, 15.885646447821458]
other derivatives =  [ 57.04023351   7.30487955   8.69367796 -17.9377821   -9.70685505
  23.72726158]
Current x_clock array =  [-0.64403881 -0.87323099 -0.48070064  0.58186342 -2.38995992 -1.3802934
 -0.11575617  0.         -0.27529253]
log likelihood =  10896.111248296998
Lr derivatives =  [-5.168245575519968, -210.1407681527257, 32.91106914964844]
other derivatives =  [  3.8628059    3.40005499  28.5985152  -28.36386557  -1.16542651
  18.675928  ]
Current x_clock array =  [-0.65623523 -0.87733845 -0.47445718  0.55634456 -2.40585687 -1.49917414
 -0.08115767  0.         -0.26869429]
log likelihood =  10894.413333586155
Lr derivatives =  [10.939604036600421, -200.8673073547248, 23.019904917434474]
other derivatives =  [-15.80046955  -1.43136276  15.83812264 -31.93817975   3.19560058
  14.21467459]
Current x_clock array =  [-0.66084333 -0.88091594 -0.47630733  0.54746417 -2.41037426 -1.60608058
 -0.06233463  0.         -0.27753468]
log likelihood =  10891.966365598764
Lr derivatives =  [17.481096668332718, -197.74578671780844, -0.59170791028086]
other derivatives =  [-13.30045052  -0.16898412  14.94627213 -28.5821443   -0.16170816
   7.71251507]
Current x_clock array =  [-0.66088243 -0.88245326 -0.47500848  0.56201226 -2.42704182 -1.80076774
 -0.04326134  0.         -0.29337702]
log likelihood =  10890.712063678313
Lr derivatives =  [21.125218823990295, -189.99718116100183, 26.258966605140017]
other derivatives =  [-78.77806638 -23.76491466 -92.78573998  -6.66223059  11.79741957
   2.47691787]
Current x_clock array =  [-0.67171816 -0.89239786 -0.4982418   0.63291256 -2.36483407 -2.17389004
 -0.06870153  0.         -0.26295998]
log likelihood =  10888.67232950723
Lr derivatives =  [9.183955616838354, -199.00474337934614, -0.016989338167689993]
other derivatives =  [-21.97612048  -7.07350409 -22.61731424  -5.16556611   1.97524059
   1.34969014]
Current x_clock array =  [-0.66090399 -0.88581305 -0.48207478  0.64132067 -2.38905964 -2.22695574
 -0.0639095   0.         -0.278938  ]
log likelihood =  10888.386305383665
Lr derivatives =  [1.1964653744016047, -203.16857917489963, -3.106634101264177]
other derivatives =  [-0.21009328 -1.56396709  0.16771082 -1.27474777 -0.28849172  0.59917511]
Current x_clock array =  [-0.65645089 -0.88319526 -0.47729126  0.65403951 -2.38529853 -2.31846717
 -0.07213887  0.         -0.27713799]
log likelihood =  10888.352658732478
Lr derivatives =  [-0.20971348424265557, -203.25101654776623, -0.5251628827833059]
other derivatives =  [ 2.2828317  -0.34160621  1.63836376  0.4634785   0.1713488   0.31832315]
Current x_clock array =  [-0.65584438 -0.88247046 -0.47704814  0.65942306 -2.38024911 -2.36907408
 -0.07616541  0.         -0.27370785]
log likelihood =  10888.351794418002
Lr derivatives =  [-3.4526714035250734, -204.96476149870938, -0.9846938392976909]
other derivatives =  [-1.43845682  2.61643436 -0.25975169  0.51768438 -1.59161573  0.14006218]
Current x_clock array =  [-0.65649112 -0.88073917 -0.4775566   0.65742109 -2.38091032 -2.39962453
 -0.07950838  0.         -0.27257772]
log likelihood =  10888.34439113072
Lr derivatives =  [-0.6474251805602478, -202.9794873637094, 0.7693480461667264]
other derivatives =  [-0.09131327  0.42691681  0.42073225  0.41964086 -0.10750227  0.09531504]
Current x_clock array =  [-0.65629482 -0.88198384 -0.47734356  0.65851523 -2.37944344 -2.40822036
 -0.07777518  0.         -0.27186662]
log likelihood =  10888.343381138038
Lr derivatives =  [-0.0651247559475081, -202.62417657666674, 0.4379317208155413]
other derivatives =  [ 0.1375156   0.08840289  0.13569661  0.22955646 -0.01000444  0.04492904]
Current x_clock array =  [-0.65627557 -0.88220145 -0.47738369  0.65808339 -2.3798109  -2.41405413
 -0.0771175   0.         -0.2721662 ]
log likelihood =  10888.343120451647
Lr derivatives =  [-0.02822162941063766, -202.5973604573743, 0.05464662745238513]
other derivatives =  [-0.25174813 -0.19008439  0.13224053  0.05402399 -0.04893081 -0.0005457 ]
Current x_clock array =  [-0.65636118 -0.88233501 -0.47738399  0.65745472 -2.37995592 -2.42035143
 -0.07703835  0.         -0.27234474]
log likelihood =  10888.343315255413
Lr derivatives =  [0.1325506340195446, -202.52693058332926, 0.025732737999177857]
other derivatives =  [ 0.96697477  0.27666829 -0.90603862 -0.05056791 -0.0336513  -0.01200533]
Current x_clock array =  [-0.65612473 -0.88211054 -0.47763458  0.6570459  -2.37989259 -2.42190251
 -0.07708653  0.         -0.27235557]
log likelihood =  10888.343102604926
Lr derivatives =  [0.007851435574679044, -202.58156102858524, 0.04814425754886997]
other derivatives =  [ 0.02164597 -0.0854925  -0.10113581  0.03037712 -0.04583853 -0.00327418]
Current x_clock array =  [-0.65630809 -0.88228461 -0.47744025  0.65736293 -2.3799417  -2.42069969
 -0.07704917  0.         -0.27234717]
      fun: 10888.343102604926
 hess_inv: <9x9 LbfgsInvHessProduct with dtype=float64>
      jac: array([ 2.16459739e-02, -8.54925020e-02, -1.01135811e-01,  3.03771230e-02,
       -4.58385330e-02, -3.27418093e-03,  7.85143557e-03, -2.02581561e+02,
        4.81442575e-02])
  message: b'CONVERGENCE: REL_REDUCTION_OF_F_<=_FACTR*EPSMCH'
     nfev: 25
      nit: 23
   status: 0
  success: True
        x: array([-0.65630809, -0.88228461, -0.47744025,  0.65736293, -2.3799417 ,
       -2.42069969, -0.07704917,  0.        , -0.27234717])
