number of sites to be analyzed:  837
log likelihood =  10580.839435776401
Lr derivatives =  [-268.5814945552039, -623.7182093176139, -347.74622104093123]
other derivatives =  [ 83.87869457 -92.39520296  89.51828931 -63.26827133 792.67229012
  48.79584594]
Current x_clock array =  [-0.70702237 -0.75014408 -0.62776442  0.74193734 -0.10536052 -0.51082562
 -0.51082562 -0.51082562 -0.51082562]
log likelihood =  9927.072887737364
Lr derivatives =  [20.51337165126958, -428.9825026687636, -267.83539656984885]
other derivatives =  [-3.08091330e+02 -4.35302354e+01 -2.58719410e+02  3.96721589e-01
  5.50555706e+02  6.46321496e+01]
Current x_clock array =  [-0.80574422 -0.74932004 -0.73312385  0.81640156 -1.03830396 -0.56825637
 -0.19471599 -0.5102244  -0.5102244 ]
log likelihood =  9663.27346322998
Lr derivatives =  [-109.15773174971511, -249.86578599639938, -81.5507714259838]
other derivatives =  [2512.77087955  150.80622688  718.44569902    6.96527422  -98.61032595
   77.71341188]
Current x_clock array =  [-0.38584594 -0.75793845 -0.41230447  0.92108744 -3.35899015 -0.76695459
  0.21548531 -0.33405117 -0.35934236]
log likelihood =  9327.161340647803
Lr derivatives =  [-152.07343924790587, -246.14607372631664, -88.51990370160267]
other derivatives =  [-436.67077989   23.18156476  -88.53894542   85.40882845 -113.2617399
   70.16897143]
Current x_clock array =  [-0.83233865 -0.78830899 -0.55159709  0.92430704 -3.37432618 -0.78088891
  0.2535574  -0.32920909 -0.36764534]
log likelihood =  9280.7527164528
Lr derivatives =  [-73.52024176276359, -205.34264870335653, -60.74601758429995]
other derivatives =  [-221.7509973    26.67020453   -7.99664122   65.04924386  -38.53238013
   73.42041499]
Current x_clock array =  [-0.7690749  -0.78839179 -0.53824884  0.89747339 -3.11096371 -0.77139846
  0.2082061  -0.29570548 -0.35782851]
log likelihood =  9248.828613980939
Lr derivatives =  [36.65286068492233, -114.46767462094485, 6.170042390520848]
other derivatives =  [65.57238521  3.30783223 -0.23319444 34.25921022 25.42983566 73.34456313]
Current x_clock array =  [-0.6983572  -0.80862158 -0.53989097  0.85069314 -2.97437572 -0.81198561
  0.17901398 -0.17643813 -0.32616227]
log likelihood =  9233.974401154199
Lr derivatives =  [68.05446439251563, -65.1971582429712, 40.554142811427624]
other derivatives =  [124.23734006  -9.47002263  50.56681402  18.82508514  28.28728611
  68.269037  ]
Current x_clock array =  [-0.68788393 -0.82087534 -0.52496009  0.81875572 -3.02595368 -0.87172376
  0.17005262 -0.06806038 -0.30971525]
log likelihood =  9215.210763035597
Lr derivatives =  [25.261982648996987, -72.52674280689993, 21.18212768908536]
other derivatives =  [117.64932424 -23.58519851 -87.38370525  12.38022378 -21.12210495
  47.70718078]
Current x_clock array =  [-0.68698273 -0.82875469 -0.55871883  0.74004456 -3.14172201 -1.04900319
  0.10845537  0.         -0.3209501 ]
log likelihood =  9205.618657973955
Lr derivatives =  [-33.53209508259789, -113.28569444074198, -22.832870339541074]
other derivatives =  [-18.70757842  -1.10285328  65.74009603   5.40967449 -48.05369826
  34.22446753]
Current x_clock array =  [-0.72023594 -0.80991864 -0.52164655  0.66218082 -3.14913608 -1.22480588
  0.03454355  0.         -0.34195137]
log likelihood =  9199.357742054808
Lr derivatives =  [-33.735227558628154, -118.29309538564793, -36.98191361533424]
other derivatives =  [-43.93768904   4.67189238   1.92594598  -2.85472197 -27.32740541
  27.93440217]
Current x_clock array =  [-0.72613063 -0.80070132 -0.54202886  0.60977761 -3.02057728 -1.32535809
 -0.02730876  0.         -0.34876875]
log likelihood =  9195.261640257248
Lr derivatives =  [-25.14503523829374, -111.42923433766452, -28.195932041812156]
other derivatives =  [-33.09196472  -0.0858563  -10.23454388 -12.81387085  -2.68792064
  23.09843694]
Current x_clock array =  [-0.72383979 -0.7995095  -0.54914623  0.56956369 -2.90621994 -1.45346554
 -0.07650765  0.         -0.32398271]
log likelihood =  9191.644340948109
Lr derivatives =  [16.933373364632295, -71.535622371301, 28.84033020207326]
other derivatives =  [-51.24584277  45.32321327 -37.10902092 -12.69345375  13.49962986
  17.13760867]
Current x_clock array =  [-0.73162548 -0.77923268 -0.55336552  0.57768099 -2.87890679 -1.67608919
 -0.06540048  0.         -0.25780385]
log likelihood =  9188.349122093188
Lr derivatives =  [1.3173897323405228, -76.01752539682758, 34.14107026687239]
other derivatives =  [-21.90481609   2.34831532  -9.43800842 -14.93099262  10.04973456
  12.73165253]
Current x_clock array =  [-0.72277682 -0.80078384 -0.54693297  0.56823713 -2.87056185 -1.87238473
 -0.09230816  0.         -0.23819152]
log likelihood =  9185.614831846375
Lr derivatives =  [-11.211439983432154, -80.92380989844746, 23.887088740586872]
other derivatives =  [ 10.01862984  -6.91670721  12.4287908  -12.08954927  -1.79097697
   7.964627  ]
Current x_clock array =  [-0.71395886 -0.80739888 -0.54013995  0.57996308 -2.9018348  -2.11578316
 -0.09567964  0.         -0.2367532 ]
log likelihood =  9183.51197044157
Lr derivatives =  [-6.273469130472154, -76.36415673225976, 12.085707502476687]
other derivatives =  [  6.00302883 -17.85156201  12.6163286   -6.22858352  -5.38493623
   3.9484803 ]
Current x_clock array =  [-0.71469972 -0.81610713 -0.53721881  0.60996421 -2.92286727 -2.42071491
 -0.07651057  0.         -0.24309238]
log likelihood =  9187.044756965704
Lr derivatives =  [-2.616957458436495, -78.37426280212372, -25.591469005308944]
other derivatives =  [133.86525097 100.89206626  20.28536983   0.53114491  -0.21682354
   0.75997377]
Current x_clock array =  [-0.68467298 -0.75765362 -0.53728757  0.64703797 -2.87575054 -2.85761114
 -0.09685472  0.         -0.27226408]
log likelihood =  9183.114144900672
Lr derivatives =  [-5.41845270835983, -76.75763590270822, 2.4788171354696757]
other derivatives =  [35.82681529  9.17971192 14.26760718 -4.61077434 -4.20441211  2.91929609]
Current x_clock array =  [-0.70744053 -0.80197556 -0.53723543  0.61892707 -2.91147644 -2.52633786
 -0.08142892  0.         -0.25014486]
log likelihood =  9182.286360919776
Lr derivatives =  [-0.036466382026599575, -71.59159221559764, 0.32711756703780637]
other derivatives =  [ 7.76180968  2.60697561  5.74545993 -0.30358933 -1.12231646  1.4411853 ]
Current x_clock array =  [-0.7141687  -0.80593616 -0.5379249   0.63838165 -2.90150828 -2.79377094
 -0.07654176  0.         -0.24858705]
log likelihood =  9182.034697229183
Lr derivatives =  [1.043500163196775, -69.19405418229368, -0.08532277583427472]
other derivatives =  [-2.99751264  0.24720066  0.10149961  2.0258085   0.98534656  0.76142896]
Current x_clock array =  [-0.7165725  -0.80697643 -0.53900827  0.64740455 -2.88900811 -3.0232314
 -0.08088735  0.         -0.24486413]
log likelihood =  9181.922838147177
Lr derivatives =  [0.1466506971053967, -68.0346456470773, 0.7042473006999828]
other derivatives =  [-4.39576979 -0.05729817 -1.66728569  2.49801815  0.83164196  0.41945896]
Current x_clock array =  [-0.71675248 -0.80693643 -0.53946189  0.647605   -2.88474589 -3.22299969
 -0.0861541   0.         -0.24044608]
log likelihood =  9182.121451494146
Lr derivatives =  [15.382054846941276, -57.46402300842948, 3.517865804413571]
other derivatives =  [ 5.61885827e+00 -3.44916771e+00  2.99085514e+01 -3.96503310e+00
  7.08096195e+00  2.91038305e-02]
Current x_clock array =  [-0.71592647 -0.81042576 -0.53082062  0.6303226  -2.88406233 -3.55167494
 -0.07086831  0.         -0.23940747]
log likelihood =  9181.899399019632
Lr derivatives =  [3.85364953333751, -65.43269409897019, 1.2793408005523688]
other derivatives =  [-1.95905159 -0.86474756  5.80312189  0.92022674  2.32066668  0.29485818]
Current x_clock array =  [-0.7165525  -0.80778122 -0.5373698   0.64342085 -2.8845804  -3.30257355
 -0.08245334  0.         -0.24019463]
log likelihood =  9181.839620286159
Lr derivatives =  [1.462750254604078, -65.72356035028702, -0.10466774282681968]
other derivatives =  [ 1.0468284  -1.58761395 -1.4930265   0.39799488  1.19052856  0.11023076]
Current x_clock array =  [-0.71553358 -0.80778243 -0.53955945  0.63805624 -2.88240991 -3.50220215
 -0.08895258  0.         -0.23799801]
log likelihood =  9181.835932456142
Lr derivatives =  [-2.8901409034952614, -67.4641407630761, -0.8383622748913915]
other derivatives =  [-4.3764885   1.77351467  5.2015821   0.24447218 -0.39181032  0.04183676]
Current x_clock array =  [-0.71681973 -0.80539473 -0.53810161  0.63425739 -2.88131026 -3.66131793
 -0.09593723  0.         -0.23537229]
log likelihood =  9181.824762353323
Lr derivatives =  [-0.3784403057733279, -65.77301227950237, 0.24206864748800072]
other derivatives =  [ 0.21482265 -0.15697879  0.23737812 -0.2053639   0.16862032  0.02673914]
Current x_clock array =  [-0.71572126 -0.80674902 -0.53927884  0.63344114 -2.88231025 -3.67216705
 -0.09333712  0.         -0.23515875]
log likelihood =  9181.824401403366
Lr derivatives =  [-0.12342612442804679, -65.57219256988873, 0.23090066038527723]
other derivatives =  [ 0.34087861 -0.13897079  0.09222276 -0.24756446  0.1895387   0.01855369]
Current x_clock array =  [-0.71570511 -0.80677709 -0.53929051  0.63334025 -2.88252143 -3.6845057
 -0.09303845  0.         -0.23515458]
log likelihood =  9181.82395486938
Lr derivatives =  [0.0697951865158366, -65.37747842659377, 0.06057549232140502]
other derivatives =  [ 0.30795491 -0.14697434  0.05711627 -0.15788828  0.08003553  0.00291038]
Current x_clock array =  [-0.71571637 -0.80684585 -0.53923575  0.63379133 -2.8831741  -3.70857067
 -0.09257836  0.         -0.23520185]
log likelihood =  9181.824110921585
Lr derivatives =  [0.2825899555134761, -65.20151352562307, 0.2434597443400044]
other derivatives =  [-0.57971192  0.63846528 -0.46729838 -0.04838512  0.04110916  0.0007276 ]
Current x_clock array =  [-0.71595525 -0.80644854 -0.53932834  0.63416059 -2.88345669 -3.71162351
 -0.09229505  0.         -0.23508435]
log likelihood =  9181.823926644767
Lr derivatives =  [0.1295985682742824, -65.32802436132516, 0.11195414276071247]
other derivatives =  [ 0.05857146  0.07348717 -0.09003998 -0.12696546  0.0691216   0.00254659]
Current x_clock array =  [-0.71578349 -0.80673421 -0.53926177  0.63389509 -2.88325351 -3.70942847
 -0.09249875  0.         -0.23516883]
log likelihood =  9181.823884857058
Lr derivatives =  [0.0571734922698397, -65.36432547003149, 0.013654842978375825]
other derivatives =  [ 0.02310117  0.02783054 -0.03783498 -0.0512955   0.01200533 -0.0003638 ]
Current x_clock array =  [-0.71578151 -0.80676528 -0.53923533  0.63420623 -2.88337933 -3.71411015
 -0.09248828  0.         -0.23520522]
log likelihood =  9181.823878202213
Lr derivatives =  [0.00839401070716761, -65.39381954597471, 0.003212093613846889]
other derivatives =  [ 0.0343789   0.01055014  0.00654836 -0.00509317 -0.00291038 -0.0007276 ]
Current x_clock array =  [-0.71577163 -0.80677395 -0.53922125  0.63440482 -2.88337034 -3.71419619
 -0.09252199  0.         -0.23520012]
      fun: 9181.823878202213
 hess_inv: <9x9 LbfgsInvHessProduct with dtype=float64>
      jac: array([ 3.43788997e-02,  1.05501385e-02,  6.54836185e-03, -5.09317033e-03,
       -2.91038305e-03, -7.27595761e-04,  8.39401071e-03, -6.53938195e+01,
        3.21209361e-03])
  message: b'CONVERGENCE: REL_REDUCTION_OF_F_<=_FACTR*EPSMCH'
     nfev: 31
      nit: 27
   status: 0
  success: True
        x: array([-0.71577163, -0.80677395, -0.53922125,  0.63440482, -2.88337034,
       -3.71419619, -0.09252199,  0.        , -0.23520012])
