number of sites to be analyzed:  801
log likelihood =  10686.00835365567
Lr derivatives =  [-476.95639833240836, -747.0906872428243, -480.4999413001957]
other derivatives =  [114.68728189 -69.05720511  92.044138     2.12658051 671.24383349
   0.95751602]
Current x_clock array =  [-0.65774308 -0.77934094 -0.56998712  0.74193734 -0.10536052 -0.51082562
 -0.51082562 -0.51082562 -0.51082562]
log likelihood =  10168.38128318793
Lr derivatives =  [213.29177881090254, -348.2309403471861, -264.0560874490202]
other derivatives =  [-408.2761734   -29.3708581  -277.99960662    3.09919415  517.23072829
   37.5770469 ]
Current x_clock array =  [-0.79485121 -0.77846902 -0.68002547  0.73939503 -0.9078295  -0.51197033
  0.05937361 -0.51021493 -0.51021493]
log likelihood =  9773.571299165807
Lr derivatives =  [338.85184427240875, -103.79372581967021, -77.24823378519798]
other derivatives =  [489.39127737 100.20412446 -17.54160621  12.69982022 329.66745493
  47.94565029]
Current x_clock array =  [-0.58152878 -0.7685704  -0.54596993  0.73537023 -1.83342294 -0.54084447
  0.28264201 -0.38761609 -0.40120079]
log likelihood =  9622.73858972795
Lr derivatives =  [-79.9241623573206, -219.1587039397392, -102.35112552918594]
other derivatives =  [-219.62005121    5.0642484   334.71733332   62.84135452  -88.48874131
   32.60684025]
Current x_clock array =  [-0.72108785 -0.82765954 -0.44030516  0.72389564 -2.93545034 -0.59429834
  0.35408004 -0.29569498 -0.31038552]
log likelihood =  9582.571453088736
Lr derivatives =  [-2.2236653724058684, -148.65690329827535, -35.40898652584801]
other derivatives =  [ -16.58718247  -18.62663339 -210.63769964   58.54872143  -39.53700798
   30.42932804]
Current x_clock array =  [-0.66856324 -0.84070852 -0.57747558  0.69590676 -2.79353794 -0.61161505
  0.27970094 -0.201385   -0.26689426]
log likelihood =  9564.474399177643
Lr derivatives =  [45.06560997646211, -105.01390882524292, 7.393014441424441]
other derivatives =  [  91.80494089  -12.91027729 -102.38709365   45.22134986    3.19942046
   32.95390343]
Current x_clock array =  [-0.64777972 -0.83806779 -0.54690991  0.67514125 -2.67656289 -0.62262394
  0.21656162 -0.13269678 -0.24236847]
log likelihood =  9545.188161608392
Lr derivatives =  [63.58087470288157, -49.18890486963966, 73.0477417110148]
other derivatives =  [86.02510206 -8.54670361 58.29006113 29.93037924 31.34737199 33.42793207]
Current x_clock array =  [-0.65198837 -0.83251129 -0.50655057  0.62222409 -2.55155288 -0.66105241
  0.07276247  0.         -0.20264447]
log likelihood =  9540.577910683827
Lr derivatives =  [38.595048446554564, -67.88681451838227, 41.83392124814449]
other derivatives =  [19.05900717  3.15048965 46.39241524 29.43688742 15.87486622 30.62232281]
Current x_clock array =  [-0.66628687 -0.82390395 -0.50993048  0.60034693 -2.55737271 -0.67978345
  0.05211513  0.         -0.22393888]
log likelihood =  9536.378208612648
Lr derivatives =  [-6.755904013249943, -101.61939308093616, -9.078837229619673]
other derivatives =  [-34.86093192   9.78816388   0.23010216  24.69605533  -7.07423169
  24.80701369]
Current x_clock array =  [-0.67703152 -0.81528496 -0.52440021  0.54813991 -2.55118304 -0.72474697
  0.0031388   0.         -0.26006157]
log likelihood =  9535.187840451268
Lr derivatives =  [-18.460292277530503, -109.96149389281959, -20.6045833869375]
other derivatives =  [-27.22081263   3.36294761  -8.06940079  18.48329703  -9.26556822
  22.25388016]
Current x_clock array =  [-0.67482693 -0.81674976 -0.52836827  0.51650594 -2.53665973 -0.75399742
 -0.017867    0.         -0.26674127]
log likelihood =  9533.056730748618
Lr derivatives =  [-22.598012589471878, -110.15925775298457, -19.45036891709764]
other derivatives =  [ -6.38665369   2.55076884 -19.37496563   1.87264959  -6.48233254
  16.76580723]
Current x_clock array =  [-0.67026482 -0.81505307 -0.53422409  0.44397714 -2.51615927 -0.83502855
 -0.04258722  0.         -0.25834798]
log likelihood =  9531.699186651447
Lr derivatives =  [-10.330345385065048, -98.49733666617409, -5.401236259206939]
other derivatives =  [  2.19224603 -24.9588993  -12.40769052  -9.08858055  -2.87727744
  11.49346645]
Current x_clock array =  [-0.66889986 -0.8312259  -0.5316518   0.40276983 -2.5285947  -0.92853741
 -0.03052661  0.         -0.24309957]
log likelihood =  9530.999332151201
Lr derivatives =  [6.809706401683222, -84.8467436344061, 7.104789372986978]
other derivatives =  [ 10.20489435  12.40914571  -4.98221198 -14.3334546    2.35486368
   6.6262146 ]
Current x_clock array =  [-0.66858297 -0.81291082 -0.52886863  0.38140488 -2.53035008 -1.01741906
 -0.02025684  0.         -0.23200015]
log likelihood =  9530.687761897187
Lr derivatives =  [8.462812439185491, -83.76803053032776, 6.440303992040285]
other derivatives =  [  4.10545908   3.28436727   6.22021616 -12.06099114   2.67991709
   5.62959031]
Current x_clock array =  [-0.66998938 -0.8183757  -0.52497444  0.39402426 -2.53228598 -1.03805455
 -0.01503751  0.         -0.23244818]
log likelihood =  9530.254391693034
Lr derivatives =  [8.489737468040893, -83.54281495963363, 2.1515920313430428]
other derivatives =  [-3.87371983 -4.28553903 15.66331775 -5.45987859  1.80116331  3.08082235]
Current x_clock array =  [-0.67170523 -0.82345721 -0.52110505  0.42534817 -2.53117134 -1.09077384
 -0.01133027  0.         -0.23452535]
log likelihood =  9530.025034561746
Lr derivatives =  [4.706922759510295, -83.75371996070544, 3.8393079019799607]
other derivatives =  [ 0.46984496 -5.68070391  3.38768587  0.04856702  0.23137545  1.1845259 ]
Current x_clock array =  [-0.67034423 -0.82438903 -0.52407934  0.44808518 -2.52233496 -1.14111739
 -0.02045239  0.         -0.22913902]
log likelihood =  9529.974870946897
Lr derivatives =  [-1.8076450429000452, -87.36758620976477, -0.8238561809836682]
other derivatives =  [-4.07198968 -0.19208528  5.42222551  0.67066139 -0.90840331  0.03619789]
Current x_clock array =  [-0.67128448 -0.82068215 -0.5239109   0.44898984 -2.51141944 -1.17397698
 -0.03238948  0.         -0.22979494]
log likelihood =  9529.969217570817
Lr derivatives =  [0.4352739100193048, -85.89521511830105, 0.0709340521282158]
other derivatives =  [ 0.16698323  0.23865141 -4.09800123  0.18681021 -0.00454747 -0.14460966]
Current x_clock array =  [-0.67031287 -0.8205614  -0.52659083  0.44673272 -2.51046322 -1.17719895
 -0.03142979  0.         -0.22949443]
log likelihood =  9529.966708864991
Lr derivatives =  [-0.06166493136046469, -86.27853109851807, -0.12042335570654927]
other derivatives =  [-0.0167347   0.09713403 -0.13933459  0.06530172 -0.19572326 -0.02692104]
Current x_clock array =  [-0.6703777  -0.8206197  -0.52550442  0.44643083 -2.511144   -1.17448868
 -0.03138926  0.         -0.22965227]
log likelihood =  9529.966679571568
Lr derivatives =  [-0.07713590250951796, -86.28840751141448, -0.1072287713961586]
other derivatives =  [ 0.00745786  0.05384209 -0.06220944  0.01928129 -0.16698323 -0.01873559]
Current x_clock array =  [-0.67037312 -0.82063204 -0.52549272  0.44625183 -2.51103164 -1.1743597
 -0.03146788  0.         -0.22963731]
log likelihood =  9529.966633510878
Lr derivatives =  [0.014039604339792788, -86.22000268802387, 0.03645642626243273]
other derivatives =  [0.01145963 0.03201421 0.05420588 0.00109139 0.00200089 0.00181899]
Current x_clock array =  [-0.67037791 -0.82062785 -0.52547338  0.44628749 -2.51046743 -1.17416906
 -0.03164482  0.         -0.22952656]
log likelihood =  9529.966632284188
Lr derivatives =  [-0.0038042550051926582, -86.2381470955908, -0.00501485010037328]
other derivatives =  [-0.02110028 -0.00327418  0.00181899 -0.00272848 -0.0003638  -0.0001819 ]
Current x_clock array =  [-0.67038381 -0.82064322 -0.52548939  0.44626422 -2.51044589 -1.1741873
 -0.0316619   0.         -0.2295598 ]
      fun: 9529.966632284188
 hess_inv: <9x9 LbfgsInvHessProduct with dtype=float64>
      jac: array([-2.11002771e-02, -3.27418093e-03,  1.81898940e-03, -2.72848411e-03,
       -3.63797881e-04, -1.81898940e-04, -3.80425501e-03, -8.62381471e+01,
       -5.01485010e-03])
  message: b'CONVERGENCE: REL_REDUCTION_OF_F_<=_FACTR*EPSMCH'
     nfev: 22
      nit: 21
   status: 0
  success: True
        x: array([-0.67038381, -0.82064322, -0.52548939,  0.44626422, -2.51044589,
       -1.1741873 , -0.0316619 ,  0.        , -0.2295598 ])
