number of sites to be analyzed:  175
log likelihood =  1426.3552597276323
Lr derivatives =  [40.357770193550834, -15.027417059809224, -1.27675647831893e-14]
other derivatives =  [  2.29258603 -21.69533673  32.9653858  -17.9535391  103.33817499
  -0.        ]
Current x_clock array =  [-0.64590016 -0.67728528 -0.52480059  0.74193734 -0.10536052 -0.51082562
 -0.51082562 -0.51082562 -0.51082562]
log likelihood =  1354.8992452323305
Lr derivatives =  [-28.968107918631183, -33.2158721383848, -3.552713678800501e-15]
other derivatives =  [-23.04113877 -17.4453362  -69.54596756  -1.7566208   67.30933819
  -0.        ]
Current x_clock array =  [-0.66547099 -0.67193041 -0.80621205  0.89519906 -0.98751452 -0.51082562
 -0.85534273 -0.50646492 -0.51082562]
log likelihood =  1300.1209974025487
Lr derivatives =  [-57.91009388424749, -27.537849463956046, 1.7763568394002505e-14]
other derivatives =  [ 99.32791727  21.70836524 -13.97047527  14.20667104  15.4798272
  -0.        ]
Current x_clock array =  [-0.53225112 -0.5876628  -0.60956344  1.04835631 -2.24467261 -0.51082562
 -0.98346994 -0.30859738 -0.51082562]
log likelihood =  1305.8881779708595
Lr derivatives =  [-53.274306960251224, -9.074435994050063, 1.0658141036401503e-14]
other derivatives =  [-155.72568373   12.32515388   39.62418305   15.074761     -7.5666776
   -0.        ]
Current x_clock array =  [-0.90640311 -0.628425   -0.45262651  1.08322257 -3.10240221 -0.51082562
 -0.81950187 -0.0635684  -0.51082562]
log likelihood =  1286.9244253931129
Lr derivatives =  [-55.45698901543479, -19.572950592319238, 1.7763568394002505e-14]
other derivatives =  [-47.34574759  18.53745744   3.62069841  14.5989361    4.22605808
  -0.        ]
Current x_clock array =  [-0.68881828 -0.6047201  -0.54389181  1.0629464  -2.60359703 -0.51082562
 -0.91485607 -0.20606287 -0.51082562]
log likelihood =  1278.812255491618
Lr derivatives =  [-40.82772929144978, -10.435371047606104, 1.5987211554602254e-14]
other derivatives =  [-28.68525826  13.69453457  33.41087904  12.29086593   5.11586222
  -0.        ]
Current x_clock array =  [-0.66908976 -0.62774472 -0.48608074  1.03608925 -2.66811294 -0.51082562
 -0.78364326 -0.13728868 -0.51082562]
log likelihood =  1267.12077377527
Lr derivatives =  [-4.149916590959914, 9.140123385355007, 4.218847493575595e-15]
other derivatives =  [ 1.26094619 -6.42160103 -5.26219992  7.03978458  7.73422926 -0.        ]
Current x_clock array =  [-0.6294232  -0.70492256 -0.55119865  0.95621011 -2.88549678 -0.51082562
 -0.43341876  0.         -0.51082562]
log likelihood =  1265.489467259295
Lr derivatives =  [-1.1679694597602248, 9.068227247131485, -1.7763568394002505e-15]
other derivatives =  [ 1.90620995  2.17016805  0.88111847  5.70430529  4.2103693  -0.        ]
Current x_clock array =  [-0.6283582  -0.68970923 -0.53772428  0.91909515 -3.06975865 -0.51082562
 -0.35902349 -0.00469662 -0.51082562]
log likelihood =  1264.6705293067039
Lr derivatives =  [-2.821594990862769, 3.7097716902860345, 8.992806499463768e-15]
other derivatives =  [  1.33100002 -19.4835593    6.45623004   3.54675649  -2.30945716
  -0.        ]
Current x_clock array =  [-0.62646882 -0.74852135 -0.52665746  0.82799236 -3.38045437 -0.51082562
 -0.26382977 -0.08545343 -0.51082562]
log likelihood =  1263.8043827283352
Lr derivatives =  [1.455443395176098, 2.910768049804413, 9.325873406851315e-15]
other derivatives =  [ 0.82638962  4.99383077 -0.54085376  2.20948095 -1.58452167 -0.        ]
Current x_clock array =  [-0.62873196 -0.6882741  -0.54017214  0.775642   -3.37894998 -0.51082562
 -0.22278538 -0.14093356 -0.51082562]
log likelihood =  1263.634588160704
Lr derivatives =  [1.085630367299928, 1.763800474824425, -2.6645352591003757e-15]
other derivatives =  [ 0.32205207  2.36873348 -0.06648406  1.97182999 -0.75197022 -0.        ]
Current x_clock array =  [-0.62969558 -0.69271245 -0.54019538  0.76360635 -3.33166531 -0.51082562
 -0.23415124 -0.1656245  -0.51082562]
log likelihood =  1263.5084371074067
Lr derivatives =  [0.24825136805339626, -0.6653466887114052, 8.271161533457416e-15]
other derivatives =  [-0.22585027 -0.17332695  0.0043201   1.0207259   0.16300419 -0.        ]
Current x_clock array =  [-0.63086232 -0.6959143  -0.54196132  0.71786906 -3.27867524 -0.51082562
 -0.24775513 -0.21604153 -0.51082562]
log likelihood =  1263.4879362389192
Lr derivatives =  [0.21082215788805198, -0.5152892562163989, -7.216449660063518e-16]
other derivatives =  [ 0.05370566 -0.25534064  0.12530563  0.57298166  0.06643859 -0.        ]
Current x_clock array =  [-0.63051695 -0.69595486 -0.54203764  0.69694908 -3.28411842 -0.51082562
 -0.25074961 -0.21181637 -0.51082562]
log likelihood =  1263.4760918007069
Lr derivatives =  [-0.2301967011006266, -0.04679798311610442, -1.5959455978986625e-15]
other derivatives =  [-0.0984528  -0.11782504 -0.99612407  0.03528839 -0.0682121  -0.        ]
Current x_clock array =  [-0.63065605 -0.6949742  -0.54464904  0.66857285 -3.28492326 -0.51082562
 -0.26474438 -0.19671567 -0.51082562]
log likelihood =  1263.4755041563953
Lr derivatives =  [0.12029369058096515, 0.07810815105733246, -7.639722188201858e-15]
other derivatives =  [ 0.24770088  0.20806965  0.70299393 -0.07635208  0.06707523 -0.        ]
Current x_clock array =  [-0.63034986 -0.69449597 -0.54143064  0.66665702 -3.28396317 -0.51082562
 -0.26110644 -0.19623382 -0.51082562]
log likelihood =  1263.474784024937
Lr derivatives =  [0.0016308366940374036, 0.004662403754995534, -1.0845924852675992e-14]
other derivatives =  [-0.05643415 -0.00354703  0.00040927  0.00140972  0.00241016 -0.        ]
Current x_clock array =  [-0.63067132 -0.69492174 -0.54270895  0.66902305 -3.28510143 -0.51082562
 -0.26157007 -0.19720355 -0.51082562]
log likelihood =  1263.4747823497996
Lr derivatives =  [-0.003365732839408637, -0.00039926684403622514, -3.3299101323547298e-15]
other derivatives =  [ 3.08773451e-02  3.18323146e-04 -4.32009983e-03  1.09139364e-03
  4.54747351e-05 -0.00000000e+00]
Current x_clock array =  [-0.63056066 -0.69491346 -0.54272342  0.66898517 -3.28517468 -0.51082562
 -0.26159813 -0.19728085 -0.51082562]
      fun: 1263.4747823497996
 hess_inv: <9x9 LbfgsInvHessProduct with dtype=float64>
      jac: array([ 3.08773451e-02,  3.18323146e-04, -4.32009983e-03,  1.09139364e-03,
        4.54747351e-05, -0.00000000e+00, -3.36573284e-03, -3.99266844e-04,
       -3.32991013e-15])
  message: b'CONVERGENCE: REL_REDUCTION_OF_F_<=_FACTR*EPSMCH'
     nfev: 17
      nit: 15
   status: 0
  success: True
        x: array([-0.63056066, -0.69491346, -0.54272342,  0.66898517, -3.28517468,
       -0.51082562, -0.26159813, -0.19728085, -0.51082562])
