number of sites to be analyzed:  698
log likelihood =  10462.652673142074
Lr derivatives =  [-718.4718153375452, -932.1055233721466, -507.2280312532389]
other derivatives =  [ -5.19503374 -59.24848665  13.02269084  34.6064553  488.51197789
  37.97431418]
Current x_clock array =  [-0.67497519 -0.77297107 -0.57145835  0.74193734 -0.10536052 -0.51082562
 -0.51082562 -0.51082562 -0.51082562]
log likelihood =  10007.777912024103
Lr derivatives =  [307.7888579191804, -336.94192360974716, -171.82722482948785]
other derivatives =  [  15.32316674   -5.0473318  -115.07581803  -15.83757694  462.25795813
   97.08619473]
Current x_clock array =  [-0.67425718 -0.77214048 -0.58641949  0.70217967 -0.66658818 -0.55445247
  0.31459173 -0.51023876 -0.51023876]
log likelihood =  9774.49069690242
Lr derivatives =  [231.6673641843488, -268.16464605004666, -89.78083222755667]
other derivatives =  [-22.05397323  24.81156116  36.54040484   6.95545168 371.71648728
  88.96986401]
Current x_clock array =  [-0.68287278 -0.76953552 -0.52242521  0.70885736 -0.95875231 -0.61162025
  0.18779759 -0.32490618 -0.41586469]
log likelihood =  9657.345443209168
Lr derivatives =  [-249.38595684724828, -324.1737049146886, 3.8972978220807306]
other derivatives =  [ 261.25271688  -79.96422937 -591.31452872  104.98206393 -244.6837243
   24.76881491]
Current x_clock array =  [-0.58064098 -0.87986822 -0.773362    0.64488833 -2.41786264 -0.9199369
 -0.03256733  0.         -0.23878133]
log likelihood =  9484.846061657037
Lr derivatives =  [-121.26843123897041, -250.25115035255936, -39.03460734894581]
other derivatives =  [-258.14806577  -31.27788659  160.66442186   24.70587788  -49.94890332
   36.4085281 ]
Current x_clock array =  [-0.73356632 -0.83686634 -0.44921735  0.58226118 -2.06219287 -0.90339827
  0.0724935   0.         -0.31078414]
log likelihood =  9468.667463995658
Lr derivatives =  [-10.41042194760935, -187.06162337063103, -3.0817189123372657]
other derivatives =  [126.45086827  13.66697688  13.47016223  16.62410796   8.97307473
  38.25261956]
Current x_clock array =  [-0.6376364  -0.81918592 -0.49214383  0.57932245 -1.99741141 -0.90481065
  0.12622028  0.         -0.30977262]
log likelihood =  9465.779113002503
Lr derivatives =  [-16.42048741799752, -187.78496890511605, -5.036142922546915]
other derivatives =  [ -7.26031431   3.38059181 -12.42260623  16.49023034  -2.86454451
  36.29247658]
Current x_clock array =  [-0.66809505 -0.82491163 -0.4960893   0.57225763 -2.03779131 -0.92009753
  0.14456259  0.         -0.30982514]
log likelihood =  9464.80105206439
Lr derivatives =  [-2.1767047670797552, -176.96444896933053, -1.341952697218403]
other derivatives =  [-21.75274858   3.44134605   6.59474608  11.57732186   0.28467184
  34.6752131 ]
Current x_clock array =  [-0.67251119 -0.82685765 -0.48959473  0.56195427 -2.0613436  -0.9388657
  0.17041361  0.         -0.31075181]
log likelihood =  9463.009542377658
Lr derivatives =  [14.410916211895845, -161.84060506323954, 3.3746670964215184]
other derivatives =  [-20.39778337  -1.55596354  -6.73244358   3.16013029  -3.7071004
  29.18059181]
Current x_clock array =  [-0.67278402 -0.83409619 -0.49052089  0.535292   -2.12690557 -1.0021179
  0.21853495  0.         -0.31035572]
log likelihood =  9460.97056197697
Lr derivatives =  [9.27446999257029, -160.8764088610427, 2.9617783537044957]
other derivatives =  [  2.25245458   3.34839569  47.79358278  -3.03080014 -12.73256203
  22.08798833]
Current x_clock array =  [-0.66771033 -0.83377115 -0.47582508  0.51129786 -2.16440147 -1.10983234
  0.23015113  0.         -0.30537212]
log likelihood =  9458.112898956215
Lr derivatives =  [18.06037090106859, -153.37233513737792, 7.494692690802367]
other derivatives =  [ 23.92280294   7.61374395  20.36631486  -9.18207661 -11.19096851
  14.10789991]
Current x_clock array =  [-0.66270843 -0.8322653  -0.48299424  0.48409997 -2.16086741 -1.26824205
  0.22909381  0.         -0.29678089]
log likelihood =  9454.500710271368
Lr derivatives =  [9.039896023544985, -159.96954817122023, 4.77465101048638]
other derivatives =  [ 30.0744432  -12.08281901  12.27199391 -12.96630217  -5.76328603
   6.06851245]
Current x_clock array =  [-0.66045088 -0.83920422 -0.48820163  0.46439588 -2.08506605 -1.52167631
  0.17387485  0.         -0.28426199]
log likelihood =  9461.300619523088
Lr derivatives =  [13.243265480416245, -164.02994227401362, -8.912105549480735]
other derivatives =  [-19.80079105 182.851727   -30.62632459  -1.10139808   4.22587618
  -1.28093234]
Current x_clock array =  [-0.67473965 -0.73494986 -0.50414367  0.48917914 -1.96009687 -1.87918987
  0.10344353  0.         -0.28029307]
log likelihood =  9453.831138232965
Lr derivatives =  [9.969645153223686, -160.89982926284384, 1.6399426358751228]
other derivatives =  [ 17.82500476  28.92065822   1.72512955 -10.40152711  -3.61269485
   3.86771717]
Current x_clock array =  [-0.66375744 -0.81507876 -0.49189077  0.47013096 -2.05614698 -1.60440838
  0.15757637  0.         -0.28334354]
log likelihood =  9453.049274339424
Lr derivatives =  [-5.66860707826503, -171.3736054607373, -2.430373450615548]
other derivatives =  [ 3.33402568  3.98795237 -0.56315912 -8.69313226  0.06166374  1.81353244]
Current x_clock array =  [-0.66620115 -0.8247878  -0.49477671  0.47440519 -2.00161158 -1.73219053
  0.11755484  0.         -0.27637358]
log likelihood =  9452.906086279172
Lr derivatives =  [-1.5115970998963189, -167.49485110297792, 1.2760997130605318]
other derivatives =  [-2.82980182  0.9607902  -2.25554686 -6.62239472  1.79807103  1.24946382]
Current x_clock array =  [-0.66773374 -0.82697556 -0.49472319  0.48401108 -2.00045586 -1.76552204
  0.12096451  0.         -0.27352545]
log likelihood =  9452.777446836782
Lr derivatives =  [0.9279686357442802, -164.48659901373824, 1.460636592002281]
other derivatives =  [-7.62047421 -1.08411768 -0.39108272 -1.84045348  1.40025804  0.25120244]
Current x_clock array =  [-0.66888893 -0.8292578  -0.49316425  0.50401215 -2.00538696 -1.81811753
  0.12748625  0.         -0.27310347]
log likelihood =  9452.761033559584
Lr derivatives =  [-0.6176955358697356, -165.3726615718337, -0.5918560961741122]
other derivatives =  [-1.31531124e+00 -5.50789991e-01 -2.42998794e+00  1.20235200e-01
 -3.90900823e-01  7.27595761e-04]
Current x_clock array =  [-0.66725773 -0.82940746 -0.49342616  0.5109404  -2.00946696 -1.82802173
  0.12879208  0.         -0.27439018]
log likelihood =  9452.760052071362
Lr derivatives =  [0.2255357490620291, -164.75464182924614, 0.2670211663006512]
other derivatives =  [ 1.06811058 -0.03656169  0.11368684 -0.02291927  0.3265086   0.0170985 ]
Current x_clock array =  [-0.66675018 -0.82914293 -0.49280472  0.51097701 -2.00817643 -1.82889835
  0.12871011  0.         -0.27383977]
log likelihood =  9452.759768725737
Lr derivatives =  [0.03004773776161329, -164.86040839141975, 0.011317662458957045]
other derivatives =  [-0.02819434 -0.00709406 -0.01273293  0.0174623   0.01891749  0.00491127]
Current x_clock array =  [-0.66700608 -0.82916101 -0.49278493  0.51100992 -2.00920963 -1.82869658
  0.12912543  0.         -0.27404447]
log likelihood =  9452.759767151809
Lr derivatives =  [0.001979879602311385, -164.8784300757861, -0.0023785824959077217]
other derivatives =  [-0.01346052 -0.00327418 -0.0003638   0.01036824  0.00527507  0.00327418]
Current x_clock array =  [-0.66700171 -0.82915637 -0.49278358  0.5109709  -2.00920998 -1.82880373
  0.12909554  0.         -0.27404397]
      fun: 9452.759767151809
 hess_inv: <9x9 LbfgsInvHessProduct with dtype=float64>
      jac: array([-1.34605216e-02, -3.27418093e-03, -3.63797881e-04,  1.03682396e-02,
        5.27506927e-03,  3.27418093e-03,  1.97987960e-03, -1.64878430e+02,
       -2.37858250e-03])
  message: b'CONVERGENCE: REL_REDUCTION_OF_F_<=_FACTR*EPSMCH'
     nfev: 21
      nit: 19
   status: 0
  success: True
        x: array([-0.66700171, -0.82915637, -0.49278358,  0.5109709 , -2.00920998,
       -1.82880373,  0.12909554,  0.        , -0.27404397])
