number of sites to be analyzed:  218
log likelihood =  -11231.950894628695
Edge derivatives =  [154.7445197300739, 78.29127195184124, 103.64942555562774, 204.6182624617491, 37.81813494007482, 55.30756619679852, 59.72606858878946, 124.43151627943273, 40.9331677309533, 151.60138909091089, 120.84069317990716, 87.05493684831072, 141.25178127832606, 185.47266666614516]
other derivatives: [ 133.92709661   26.74150892  -50.44857971  -67.72497727 -211.83113859
  169.31953724]
Current x array =  [-0.7891648  -0.78959413 -0.64678636  0.74193734 -0.10536052 -0.51082562
 -4.60517019 -4.60517019 -4.60517019 -4.60517019 -4.60517019 -4.60517019
 -4.60517019 -4.60517019 -4.60517019 -4.60517019 -4.60517019 -4.60517019
 -4.60517019 -4.60517019]
log likelihood =  -10741.946693357128
Edge derivatives =  [152.31415092112084, 76.77308754163019, 100.69604517917243, 208.68305407054538, 34.82196041073747, 52.51571285395016, 57.37210888108592, 123.87227651199194, 37.846281289040405, 155.01179779775302, 122.31664914015637, 85.39465557161027, 140.16149390631756, 184.48646669966675]
other derivatives: [ 160.9321771    45.48892321  -56.22623576  -48.1169991  -110.50233297
  156.47983673]
Current x array =  [-0.78771372 -0.78814222 -0.74582322  0.60898476 -0.52121149 -0.49608094
 -4.30138737 -4.45147464 -4.40169342 -4.20347899 -4.53092846 -4.49659453
 -4.48792046 -4.36089558 -4.52481327 -4.30755773 -4.36794482 -4.43427047
 -4.3278753  -4.24106418]
log likelihood =  -9297.289950687857
Edge derivatives =  [141.13616783132372, 68.97765645255267, 83.18504177046535, 207.3783242547251, 23.172025304667514, 38.88896776148991, 47.455273272962756, 119.738637955193, 26.31341910166926, 161.3155729814136, 119.76119262162472, 74.42539628459035, 130.44394179473505, 164.4737737672442]
other derivatives: [173.31021809 125.71472325 -98.57867553  19.78987711 339.05143937
 112.20181477]
Current x array =  [-0.78190943 -0.78233455 -1.14197067  0.07717441 -2.1846154  -0.43710218
 -3.08625611 -3.83669247 -3.58778636 -2.59671418 -4.23396158 -4.06229189
 -4.01892153 -3.38379716 -4.20338559 -3.1171079  -3.41904333 -3.75067163
 -3.21869576 -2.78464016]
log likelihood =  -20463.50063264421
Edge derivatives =  [-516.0390380466747, -19.58105304900892, -69.72230179998455, -81.45547982447404, -8.274290816000486, -17.614915536965285, -14.20482729115243, -278.85080258856107, -10.335182207038237, -709.3064119797879, -242.98952586211257, -55.5618015612869, -485.174978966106, -763.6399234808682]
other derivatives: [-60368.49154043 -74893.02079193   1354.19177241   2151.06265387
  -2499.87351708    476.69527703]
Current x array =  [-0.05       -0.05       -2.95285999 -1.1752674  -3.95480093 -0.02401664
  1.21920799 -1.67720628 -0.791872    3.25718236 -3.26944951 -2.61298697
 -2.41153519  0.12668613 -3.14987726  1.27945306  0.01708024 -1.36707267
  0.72386321  2.33945246]
log likelihood =  -8098.323392603441
Edge derivatives =  [83.72808736579982, 39.9860606541653, 27.367151508774267, 12.839896636983944, 6.95574350872802, 13.09940097550872, 24.651674953141544, 76.6924102645424, 7.26729038611578, 85.03273854751113, 76.68882914644522, 36.3394457639098, 64.89121569775894, -0.4958212417157528]
other derivatives: [-500.89211072 -238.46778276  314.99212128   86.29522199  418.88761189
   46.14812497]
Current x array =  [-0.51287984 -0.51314869 -1.80760333 -0.38318844 -2.83528647 -0.2852634
 -1.50368699 -3.04292528 -2.56008583 -0.44498427 -3.87943371 -3.52956762
 -3.42809092 -2.09344093 -3.81614516 -1.5010541  -2.15601967 -2.8745268
 -1.76952049 -0.90116592]
log likelihood =  -8061.4235910403695
Edge derivatives =  [10.997674623711939, 9.434411935862194, -6.6179559039717155, -164.1112270139346, -0.369235112696382, -2.3416630261502993, 3.8768995312248595, -17.80306200979194, -2.545842829782469, -82.05678325754094, -21.36198606594335, 5.264831427275349, -54.23314805988272, -155.20712326250253]
other derivatives: [875.17910288  43.40035957 848.32263383  60.44783731  54.1674126
 -34.56498234]
Current x array =  [-1.44864685 -0.90096247 -1.51224041 -0.49784771 -2.41069951 -0.03078109
 -0.30849705 -2.44750201 -1.84248083  0.94879527 -3.63602694 -3.15892516
 -2.99537775 -1.10120391 -3.5512842  -0.28611911 -1.18182271 -2.23440153
 -0.70188573  0.29690866]
log likelihood =  -7366.617783924574
Edge derivatives =  [106.04423670111247, 22.141522063723706, 20.30763160223178, -35.51106055982066, 8.017172214765745, 10.847021417023653, 20.537102389783538, 61.04331278351822, 3.3792288098250163, 24.531546737805005, 49.36604758658324, 43.72422432523674, 30.505995967221647, -22.11794127156318]
other derivatives: [392.63122744 140.00379451  56.28589861  95.60271792  45.86472642
 -82.63232303]
Current x array =  [-1.10861201 -0.97158509 -0.75806131 -0.21710211 -1.66246767 -0.01849931
 -0.85666197 -2.7225557  -2.22126898  0.09237923 -3.77141526 -3.35886008
 -3.20680696 -1.55594267 -3.69949818 -0.88062953 -1.62625557 -2.54455227
 -1.24077096 -0.47786839]
log likelihood =  -7190.616979287146
Edge derivatives =  [79.95686759919712, 12.895049532711903, 9.558424362532113, -77.67134983045796, 6.246610850073986, 7.314869263941596, 17.66036684601986, 40.23266072248617, 0.7800085589647914, -13.06093824621391, 29.307234931378492, 36.755132995350436, 4.686990637430949, -52.63483631600083]
other derivatives: [ -30.51245585   54.80615073  -68.56180335  127.00529624  -86.75069694
 -120.67848729]
Current x array =  [-0.73630919 -0.85499572 -0.60748939 -0.0940616  -1.48257216 -0.10165321
 -0.49695181 -2.58681593 -2.06808921  0.28267456 -3.71828234 -3.27953293
 -3.10233526 -1.29520135 -3.64920526 -0.63262756 -1.38501055 -2.37091769
 -1.0112315  -0.30410398]
log likelihood =  -7135.464607104288
Edge derivatives =  [57.42254915404515, 10.589315496160545, 6.679578055174752, -58.55300996200094, 5.971307538110197, 6.703653277509206, 16.802692499824627, 32.34160030287643, 1.1355934716945946, -7.784889420926292, 25.47412565337342, 32.439801577665364, 5.281993200629334, -41.893857045709986]
other derivatives: [-307.84349292  -75.02994777   41.9709977    84.05877452    2.27855708
  -65.55046639]
Current x array =  [-0.60805666 -0.72845567 -0.68069177  0.08737725 -1.65682113 -0.30718867
 -0.31770753 -2.54496483 -2.02521312  0.20999458 -3.69836351 -3.2534767
 -3.05850567 -1.1927838  -3.63763975 -0.60908477 -1.30259993 -2.28727126
 -0.96322116 -0.34124916]
log likelihood =  -7059.716704535882
Edge derivatives =  [35.36868071919583, 7.247309537577926, 5.829089629170793, -27.300065926444773, 6.522380066601214, 6.537783507840417, 16.229301116707198, 21.91268332119213, 1.6577511971698895, -8.633977684304499, 16.66386725971291, 31.145113421438836, 1.9605511536575357, -20.215187857589253]
other derivatives: [ -28.32912287 -116.94919522  -30.45024641   14.48715921   45.0090738
  -33.84720912]
Current x array =  [-0.72899328 -0.69986257 -0.56924748  0.36116406 -1.74664098 -0.5456573
 -0.0037296  -2.45406909 -1.93356177  0.14220394 -3.65862904 -3.19934026
 -2.97154181 -0.99603319 -3.60990895 -0.52310291 -1.13417522 -2.13218964
 -0.84829621 -0.36890978]
log likelihood =  -7031.461980204318
Edge derivatives =  [3.5533654823595704, 3.74029828196755, 3.937097992730639, -16.49297923694002, 6.56858764926324, 5.697795194048866, 14.775539636374587, 7.702417111952673, 1.5795742194129743, -17.218129259881994, 3.8254745411720013, 28.136748903408744, -6.913492667073425, -11.173969106714814]
other derivatives: [ -4.0420673  -37.25754141 -83.36810424 -20.71192284  12.50100468
 -19.78514774]
Current x array =  [-0.73979798 -0.80243875 -0.51899023  0.56249701 -1.70685156 -0.7359891
  0.27852356 -2.36983604 -1.84837472  0.09855645 -3.61935465 -3.1473519
 -2.88457358 -0.81378751 -3.58376146 -0.44474249 -0.97766913 -1.9769014
 -0.74326892 -0.38414065]
log likelihood =  -7026.716769347688
Edge derivatives =  [-7.201293801985658, 3.185310489586295, 5.831017759520193, 4.487693841890015, 6.723257552615624, 6.024900867353711, 13.606881097985694, 1.9473930021850263, 2.2509556400668957, -2.387642323890667, 1.6634637723345322, 23.503872761599876, -1.0632828110926076, 3.714056072299531]
other derivatives: [ 51.40673238  37.2418981  107.38112906 -34.77434802  27.44945959
  -1.64618541]
Current x array =  [-0.75233033 -0.89476855 -0.64059273  0.57922943 -1.66377603 -0.85453438
  0.31453997 -2.36186588 -1.84836843 -0.05352721 -3.60046988 -3.13394554
 -2.83588616 -0.78453173 -3.58513315 -0.53594529 -0.9672695  -1.87787756
 -0.78789571 -0.49903576]
log likelihood =  -7020.028442118659
Edge derivatives =  [-10.978422989814623, 2.7707346742890313, 4.708377993984424, -1.1643725248081211, 6.634981187116873, 5.80383464949525, 13.507063808574085, 0.05891399336969405, 1.929872054721323, -6.800955619418889, -0.5266302961779118, 23.062421526113404, -4.16716070390019, 0.44489937065402096]
other derivatives: [  1.20508048  22.08471415  30.86861398 -21.5777618    2.19260983
  -5.69143594]
Current x array =  [-0.73379724 -0.87470544 -0.58773218  0.56048197 -1.62888663 -0.85229333
  0.32891523 -2.35077819 -1.83430349 -0.03071255 -3.593027   -3.12501621
 -2.82117278 -0.76746489 -3.58011146 -0.51874706 -0.95085016 -1.85372585
 -0.77237732 -0.47970996]
log likelihood =  -7017.186905068078
Edge derivatives =  [-12.253907332400441, 2.7348518167901927, 4.364903744774828, -2.336031061756122, 6.582037340496499, 5.728646577372099, 13.204477776662916, -1.5904151111102283, 1.8038302630093161, -6.657221021336142, -1.8881970257200256, 21.449591011684237, -4.745862772751117, -0.08118226492010439]
other derivatives: [-15.25659172   9.88511601 -10.43808879  -9.53159542  -7.87258614
  -5.93781806]
Current x array =  [-0.73046018 -0.85803376 -0.56314488  0.52248702 -1.61335146 -0.86542985
  0.32577797 -2.34129601 -1.82187233 -0.03318859 -3.58014628 -3.11276958
 -2.79462275 -0.75645248 -3.57527155 -0.52712931 -0.94270694 -1.80746745
 -0.77357015 -0.47866845]
log likelihood =  -7013.647810113948
Edge derivatives =  [-13.873498199937451, 2.839574135984309, 4.272172762435452, -0.8697243951397962, 6.4179269534520715, 5.6124887110929915, 12.278321904956963, -5.031735820345933, 1.7183632689325223, -3.2916806963702467, -4.182840605474881, 16.705225025795, -4.121118775816761, 0.9721840650347546]
other derivatives: [-20.25935828  -4.98394002 -31.07497832   7.50233085 -14.76919351
  -3.19932951]
Current x array =  [-0.73342926 -0.8381333  -0.55158015  0.45543581 -1.59786872 -0.90626871
  0.31575474 -2.32168935 -1.79663492 -0.05603959 -3.55049993 -3.08543269
 -2.73320972 -0.73607466 -3.56543331 -0.55630439 -0.92945763 -1.7009035
 -0.78392063 -0.48929928]
log likelihood =  -7009.518271877972
Edge derivatives =  [-11.61633885533626, 3.524470156209402, 4.6101630034353445, 1.3462228302486214, 6.01909205663595, 5.3013853153784405, 10.539876942127744, -7.929418430414263, 1.6549874401700475, 0.8864953980076977, -6.267053512301293, 7.6622580474602575, -2.6879554502636367, 2.0231228420855327]
other derivatives: [-12.96157279 -11.22944013 -26.40354069  18.92749424 -12.51291906
   0.28903742]
Current x array =  [-0.7402085  -0.83239712 -0.55080794  0.4033341  -1.60483791 -0.96410172
  0.28551236 -2.28517887 -1.74857086 -0.07552006 -3.49627099 -3.03490466
 -2.62458569 -0.71644974 -3.54696014 -0.58530028 -0.91578158 -1.52812844
 -0.79559087 -0.4915802 ]
log likelihood =  -7004.355246746472
Edge derivatives =  [-0.23277240412977773, 5.706118507028313, 5.091293808959392, -1.13218157399215, 5.058978878355928, 4.440020908562778, 7.254599190489215, -4.642877696831298, 1.4569123189450373, 1.7594784446524883, -4.8144805705292395, -8.618621609487965, -0.8696344960771822, -0.4280862627995292]
other derivatives: [-12.63060767  -9.48048182 -35.79234544  13.2007699   -5.67233656
   0.11277734]
Current x array =  [-0.73955999 -0.84210641 -0.5367866   0.42758644 -1.62744384 -1.01859872
  0.18916339 -2.20247314 -1.64151043 -0.06123679 -3.37967048 -2.92717605
 -2.40606996 -0.74195557 -3.50772034 -0.59446854 -0.93737844 -1.27216436
 -0.81417241 -0.46002042]
log likelihood =  -7002.432708662263
Edge derivatives =  [-6.794405430310283, 5.641491715300229, 2.6447066234079095, -5.623913129130563, 3.5929214441534167, 2.7849203810766414, 2.8455698001029797, -5.308185807877501, 0.9907025856885581, -2.394628846132263, -3.7825104417262794, -17.156894583294477, -1.9193717004128361, -4.999839978106372]
other derivatives: [ 31.02977644 -31.06451913  38.37585609   0.14861143 -12.2056008
   1.60262061]
Current x array =  [-0.76334475 -0.81703443 -0.57365493  0.471036   -1.60133799 -1.07658031
  0.19006801 -2.07031807 -1.4995574  -0.05602907 -3.24331453 -2.80145833
 -2.17443834 -0.76055656 -3.46146523 -0.57013506 -0.96591047 -1.19255544
 -0.81239432 -0.43818541]
log likelihood =  -7000.2753498666625
Edge derivatives =  [-1.4661985940469493, 6.409635886611846, 3.4909192521724277, -4.709355479395451, 3.7743328460418093, 3.024794923764809, 3.464308222168602, -0.44643955576122285, 1.1188995010190645, -1.7828675863616863, -0.3135671908726945, -12.853150803555705, -0.37589695283664076, -3.748462708399086]
other derivatives: [17.24529284 -7.30324246 26.46120265 -4.6871719  -5.67160896  0.48239599]
Current x array =  [-0.75109501 -0.84570723 -0.56840147  0.49172879 -1.61257677 -1.05297327
  0.15519964 -2.0684644  -1.50083573 -0.05666997 -3.23898233 -2.79991714
 -2.17366487 -0.79569518 -3.46224922 -0.57340934 -0.99558985 -1.23879238
 -0.82589612 -0.44178603]
log likelihood =  -6998.416788128023
Edge derivatives =  [0.05941968928273697, 7.121648467677631, 3.381071148149105, -3.3914305968144003, 3.4276749876428276, 2.6039920827991887, 2.2018223470349185, 3.6022764817742714, 1.0938321560702724, -1.9902654949875769, 3.4268971528669536, -9.306386508020562, 0.7925754410534835, -2.279121344724358]
other derivatives: [  2.51275196   4.68062353  21.15411917 -10.02408681  -0.02983143
   0.65083441]
Current x array =  [-0.73983187 -0.86260327 -0.56505493  0.51534444 -1.62425681 -1.05501235
  0.12933265 -2.00236926 -1.44137249 -0.06939375 -3.17653437 -2.74562232
 -2.08041497 -0.8310262  -3.44358119 -0.57251113 -1.03165219 -1.28410322
 -0.83790503 -0.44758196]
log likelihood =  -6996.377376553137
Edge derivatives =  [1.3628699573870278, 8.410918450599594, 2.2523082488450683, -1.764008060740867, 2.549674224462834, 1.4996833187032879, -1.357310297554149, 8.422158245297624, 0.9226815569198955, -2.5633471082015147, 8.789428289304027, -2.4582920724273793, 2.10911214936552, -0.14702929818978183]
other derivatives: [ 26.10395313  16.85129973  -1.79734343 -11.24481059   4.56293492
  -0.09149517]
Current x array =  [-0.75204565 -0.87745545 -0.54913236  0.51761928 -1.63986266 -1.05915304
  0.08653803 -1.85203258 -1.31298704 -0.09164866 -3.045071   -2.63141315
 -1.89115437 -0.87706389 -3.40267692 -0.57165512 -1.08081749 -1.3784315
 -0.85230737 -0.45371552]
log likelihood =  -6996.357818865956
Edge derivatives =  [-4.430976782609181, 8.93260772836061, -1.9309532860548246, -0.8381477220181212, 0.6072345877727766, -0.8055113716773061, -9.353775867895212, 7.5436332653314295, 0.47022880791125243, -1.8544632048681016, 11.146196886101883, 0.4073444146720522, 2.111224160401925, 0.8567630865857623]
other derivatives: [-62.56641427   5.84259396  19.80242814  -0.38235157   4.50145308
   0.57789293]
Current x array =  [-0.70644969 -0.8703315  -0.56412804  0.4875587  -1.65077525 -1.09244897
  0.05260656 -1.64608128 -1.14559706 -0.13733372 -2.87362265 -2.48282791
 -1.64837634 -0.89634131 -3.34834658 -0.58513367 -1.10730475 -1.45420344
 -0.86438875 -0.46962411]
log likelihood =  -6995.3508278187555
Edge derivatives =  [-1.429497775873955, 8.711404744098132, 0.43730737028055094, -1.2375339546495863, 1.6613132243587652, 0.4500915384492481, -4.900943322516789, 8.041615165655676, 0.7082879827147732, -2.1962180494608625, 9.882065084040516, -1.0264190235306365, 2.115455780586683, 0.34273558844231233]
other derivatives: [-15.15318218  11.67381924   8.64902177  -6.1281753    4.82104952
   0.27594069]
Current x array =  [-0.72994952 -0.87400313 -0.55639938  0.5030517  -1.64515098 -1.07528849
  0.07009459 -1.75222707 -1.23186863 -0.11378797 -2.96198587 -2.55940765
 -1.77350236 -0.88640587 -3.37634804 -0.57818693 -1.09365341 -1.41515114
 -0.8581621  -0.46142494]
log likelihood =  -6994.485050623407
Edge derivatives =  [-3.630725073460897, 8.482274217150696, -0.2113556856092836, -0.501752733843564, 1.469371018410354, 0.18080404152891444, -5.419882165335188, 5.9477243670548035, 0.6147359182567895, -1.7027816978195918, 8.761038128671718, 0.7247550589129187, 1.50139050571944, 0.91662405213699]
other derivatives: [-9.33359843  4.22942321  0.9442374   0.43901309  2.02335286  0.35215635]
Current x array =  [-0.73568112 -0.86279595 -0.55237005  0.47628326 -1.64238154 -1.07940207
  0.07727809 -1.7118299  -1.21127407 -0.12644748 -2.9412948  -2.54294806
 -1.75795851 -0.86905183 -3.36926113 -0.5836069  -1.07693615 -1.45047285
 -0.85316396 -0.46749159]
log likelihood =  -6993.466935016406
Edge derivatives =  [-5.84245366580265, 8.490840364047664, -1.170363200645362, 0.3120268835101888, 1.0478486575484065, -0.32124841057097686, -6.387849553335935, 1.7234136742705768, 0.4608032148976184, -0.6341257335662089, 5.000631657351779, 1.6221240046808638, 0.2788718300764382, 0.985692892894816]
other derivatives: [-0.31641321 -5.23441486 -3.90318746  6.58801582 -2.30684236 -0.18699211]
Current x array =  [-0.74355021 -0.85011318 -0.54891076  0.45093662 -1.63862608 -1.08936512
  0.07183759 -1.627015   -1.17603003 -0.14266199 -2.90096592 -2.51243814
 -1.73633724 -0.83276661 -3.35502083 -0.59401188 -1.03260282 -1.47938128
 -0.84314329 -0.47008794]
log likelihood =  -6992.320867067969
Edge derivatives =  [-5.842887177972426, 9.150007192016117, -1.8013952243192068, 1.9910782627408912, 0.5539880680081385, -0.8119090741816462, -6.842141643531242, -2.351903080138799, 0.3527023304917122, 1.507352521000226, 0.26481266946513166, 3.1037711436251434, -0.49111033379966484, 1.2987638441378495]
other derivatives: [ 7.08432708 -9.92949936 -0.37562131  8.9697096  -1.78370101 -1.41189958]
Current x array =  [-0.74852798 -0.84477463 -0.54965764  0.43780353 -1.64496611 -1.0955977
  0.03603217 -1.49577063 -1.13629954 -0.16153596 -2.84641035 -2.47509442
 -1.72745518 -0.79614496 -3.33627131 -0.61014784 -0.97623437 -1.52196265
 -0.83564695 -0.4719317 ]
log likelihood =  -6990.3237992641325
Edge derivatives =  [-6.704754174631542, 9.489599567104916, -5.394348024316862, 1.383922890633973, -1.3527045253632628, -2.748644733665945, -9.175972839436694, -9.72686738148586, -0.08415691236085718, 2.7144205064438847, -11.547494493036277, 2.8845589103025118, -2.7448557247717202, -0.7716936702498134]
other derivatives: [  3.2186108  -20.48527676 -30.74155757   8.79999789 -16.74643499
  -5.77956598]
Current x array =  [-0.75018744 -0.83694422 -0.52818682  0.45085862 -1.63331785 -1.13812593
 -0.08889868 -1.08984448 -1.00994067 -0.18313344 -2.67146895 -2.35254673
 -1.67155885 -0.73203977 -3.27531741 -0.63065671 -0.85615171 -1.54717671
 -0.82233497 -0.45553221]
log likelihood =  -6988.032658212638
Edge derivatives =  [-3.4783783807674946, 7.421958297762393, -5.321845767501931, 5.264883961869159, -2.0648864133909166, -3.116409537197179, -6.506993886235095, -12.548447560701176, -0.0407887356906978, 6.9431837062341115, -18.76158456540367, 6.077710690328906, -1.9169318798159287, 0.6889852847279296]
other derivatives: [12.51901267 -7.38509698  5.29871613  5.8022124  -6.01412466 -7.32579792]
Current x array =  [-0.75182757 -0.85610664 -0.54427057  0.45178558 -1.66548211 -1.155985
 -0.21761573 -0.7613913  -0.96877023 -0.20556528 -2.574995   -2.30227591
 -1.73953329 -0.6966868  -3.24135813 -0.65519174 -0.77383223 -1.62661244
 -0.82098488 -0.45691298]
log likelihood =  -6985.177559784641
Edge derivatives =  [0.6674613987325047, 7.72715405917917, -2.418394975474419, 5.059750327721642, -1.2269581632996975, -2.001539272591657, -2.7415903845546943, -7.503415778083296, 0.21938963130386302, 6.33128375822575, -15.572648651568205, 6.235980400835962, -0.31788033925112197, 0.31796526028235816]
other derivatives: [ 6.71279849 -1.42390491  5.1322786  -4.5057277   4.70972736 -6.54745236]
Current x array =  [-0.74445345 -0.86510378 -0.54404627  0.48924332 -1.68202586 -1.16528343
 -0.27621544 -0.7057596  -1.02867095 -0.17831659 -2.60558503 -2.34415392
 -1.85915797 -0.72684542 -3.24930833 -0.64138766 -0.80001629 -1.59304301
 -0.82890841 -0.44679442]
log likelihood =  -6983.663929296309
Edge derivatives =  [2.145095859541043, -4.9381624174180105, -4.024268402504027, -3.689241446665996, -2.5874079646022055, -3.1670700467351196, -1.7431693993512902, 2.824396889374353, 0.03242424256391524, -1.9742026209698247, -2.91683232188983, 2.2588211277424097, 1.194086617281346, -3.903339989470346]
other derivatives: [ 18.45191946  24.20592864  46.55712473 -15.75472197  -7.92324499
  -4.0769919 ]
Current x array =  [-0.74748667 -0.90138477 -0.56523828  0.53775129 -1.65206097 -1.27522722
 -0.44785564 -0.27761408 -0.99952574 -0.11138011 -2.49640212 -2.2927548
 -1.90935784 -0.82102291 -3.20417562 -0.57822016 -0.927239   -1.46985869
 -0.84483762 -0.4148152 ]
log likelihood =  -6981.706088369823
Edge derivatives =  [3.062111348438674, 3.349345988636159, 0.6449110112241254, -2.6809738669627654, 0.03351934387191813, -0.39431050743918183, 2.6213529850747026, 3.446168803962029, 0.4982701390687535, -1.34342325389292, -1.0229733122456515, 0.2613118577720909, 1.3560599464366563, -1.247700480600535]
other derivatives: [-26.83254934  18.80944183 -26.95942385   0.95060386  -0.63828338
  -1.77797119]
Current x array =  [-0.72687258 -0.89466062 -0.52987956  0.47914309 -1.67328571 -1.27288429
 -0.38415798 -0.49096919 -1.14627681 -0.09304976 -2.65351289 -2.42614651
 -2.08867801 -0.80380967 -3.25205471 -0.57307216 -0.94501605 -1.39532629
 -0.83499369 -0.4268775 ]
log likelihood =  -6980.923426678292
Edge derivatives =  [1.601468649779225, 2.6505580007876635, -0.7678504273296118, -1.7001979610325877, -0.685804103792458, -1.157108368900672, 0.9145342557317122, 1.431418907205352, 0.3503785429610987, -0.566763508012309, -2.1717283831449006, 0.5466454320887459, 1.0521858241900162, -1.3986120218298639]
other derivatives: [-2.29765647  5.29225872  1.59834599 -2.16614353  0.57052603 -1.94077074]
Current x array =  [-0.7401201  -0.87486881 -0.54358179  0.48266338 -1.67091763 -1.26990427
 -0.37161039 -0.48244397 -1.10338639 -0.10810276 -2.61970014 -2.39175497
 -2.01590969 -0.79609906 -3.24201303 -0.58005889 -0.93500013 -1.41938777
 -0.83369294 -0.42943502]
log likelihood =  -6980.82385767355
Edge derivatives =  [1.2955759977436945, 1.0332631206645049, -1.0677708969593551, -1.3702128341961048, -0.8892723833261853, -1.360804572695593, 0.7502691422425367, 0.7097510417033271, 0.3061972503872529, -0.43666996752251386, -2.5340968429692468, 0.5574620736099154, 0.8420228321270876, -1.148504119838715]
other derivatives: [-2.1193955   0.33378456 -0.99053068 -0.6868504  -0.24756446 -1.77833499]
Current x array =  [-0.74136459 -0.86878615 -0.54137872  0.47739943 -1.67222074 -1.28058731
 -0.38209689 -0.43293138 -1.09127809 -0.11247389 -2.60165503 -2.38024793
 -2.0090215  -0.78965455 -3.23475421 -0.58154623 -0.93046822 -1.42028764
 -0.83126149 -0.43061376]
log likelihood =  -6980.744760550926
Edge derivatives =  [0.5701010277009622, 0.8876036463800172, -0.7101228604639578, -0.939815514467436, -0.7114215473563189, -1.1783419703215774, 0.8763140681646017, 0.824072650008259, 0.34128450223740475, -0.6837679338502431, -0.2704642984568514, -0.5038554039085277, 0.6187110992751416, -0.3163756351234517]
other derivatives: [ 9.0976755  -2.05745891 -1.92649168  0.27976057 -0.24429028 -0.58171281]
Current x array =  [-0.74819889 -0.86460008 -0.54049644  0.47117041 -1.67033883 -1.29847669
 -0.37216918 -0.43059846 -1.10430203 -0.11332452 -2.61319562 -2.39374625
 -2.0132697  -0.78944411 -3.23457662 -0.57780652 -0.95409831 -1.39512461
 -0.82615277 -0.43525027]
log likelihood =  -6980.710334437883
Edge derivatives =  [-0.11116962822451099, 0.2810694726255393, -0.7070849275177696, -0.717837707108965, -0.7046625355439945, -1.156025263490304, 0.8765928075534876, 0.3888462846573886, 0.3312967723726111, -0.5846373475570271, 0.43950874153622516, -0.7617649878535541, 0.31673717551736236, -0.13019988310388908]
other derivatives: [-2.84862836 -2.92220648  4.02451406  1.70684871 -0.16389095 -0.02019078]
Current x array =  [-0.74164047 -0.86432521 -0.54454377  0.46673533 -1.67014782 -1.30646047
 -0.36937657 -0.41972838 -1.10894644 -0.11617632 -2.61612282 -2.39921617
 -2.01532618 -0.78695652 -3.23320173 -0.57793535 -0.96222802 -1.39201693
 -0.82308723 -0.43821234]
log likelihood =  -6980.689014400309
Edge derivatives =  [0.14096094496181066, 0.3963232085394829, -0.4839690336687333, -0.29782258875752876, -0.6203618264613391, -1.0725247428491786, 1.0067223389393987, 0.2530604903608671, 0.35447167539717095, -0.2627398981815824, 0.10266271708284741, -0.4817324545969035, 0.3036704709295203, 0.11967845616974826]
other derivatives: [-0.68876034 -0.8490133   0.54888005  1.47247192  0.15397745 -0.09040377]
Current x array =  [-0.74268002 -0.8669273  -0.54238945  0.4677541  -1.67142381 -1.30510807
 -0.37001599 -0.41975328 -1.11155902 -0.11792902 -2.61832599 -2.40195617
 -2.01950419 -0.78386571 -3.23346589 -0.58003794 -0.95771792 -1.39496193
 -0.82229963 -0.43879494]
log likelihood =  -6980.675067097494
Edge derivatives =  [0.0874341012393331, 0.41128456840800287, -0.3500193698754112, 0.10021430051405578, -0.5719748436391577, -1.027574183613051, 0.971437125051258, 0.03877541298841236, 0.363864967862673, -0.015320104753129504, 0.09167960418232018, -0.36930019763025185, 0.16386938393870537, 0.31299019675806916]
other derivatives: [ 0.57953002  0.54405973 -0.35297489  0.80954123  0.14842954 -0.01582521]
Current x array =  [-0.74315985 -0.86873868 -0.54167542  0.47061252 -1.67119167 -1.30605025
 -0.36789861 -0.4195814  -1.11325069 -0.12045049 -2.62045168 -2.4051684
 -2.01680151 -0.78117488 -3.23263231 -0.58173932 -0.95726268 -1.39604623
 -0.82058908 -0.43964306]
log likelihood =  -6980.6590139240625
Edge derivatives =  [-0.12605439812159397, 0.33974346378874576, -0.17803479669005523, 0.6004673916342059, -0.5059903704598371, -0.9575560323694318, 0.8560308290639658, -0.2961800844875788, 0.3685877064330923, 0.28803522599938713, 0.2114722056666941, -0.2593428961159602, -0.0953434739528809, 0.47233461723920045]
other derivatives: [ 0.85665306  1.18116077 -0.57780198 -0.27257556  0.09122232  0.1632543 ]
Current x array =  [-0.74305701 -0.86966461 -0.54130648  0.47534935 -1.67043755 -1.30847553
 -0.36402245 -0.41807782 -1.11640788 -0.12383849 -2.62475861 -2.41209344
 -2.00986796 -0.77774386 -3.23049341 -0.58378649 -0.95833108 -1.39744316
 -0.81770453 -0.44050939]
log likelihood =  -6980.634161304463
Edge derivatives =  [-0.24349743558957412, 0.237217076373006, 0.017851420757820535, 0.6625092261167005, -0.39206547605263087, -0.8079326583505676, 0.7091953028173472, -0.3658809249094628, 0.3633826954230288, 0.3694759254974086, 0.2665734524078381, -0.0888507471988625, -0.27816644880468044, 0.23950316296583618]
other derivatives: [ 0.49776645  1.0047188  -1.37997631 -1.01372279 -0.15215846  0.24410838]
Current x array =  [-0.74277056 -0.86945306 -0.54078597  0.47878625 -1.66972951 -1.30970203
 -0.3617247  -0.4156208  -1.12248378 -0.12346137 -2.63368931 -2.42648171
 -1.99970973 -0.77707451 -3.2264097  -0.58403628 -0.95889676 -1.40029248
 -0.81572357 -0.43890386]
log likelihood =  -6980.5991568661
Edge derivatives =  [-0.5994599113692161, -0.18805835721960218, 0.5422668136057187, 0.9921697189506256, -0.04892148362268545, -0.3316861066974768, 0.08909796312538087, -0.9125143157604376, 0.34881678595749943, 0.8378658967449729, -0.1247903415063999, 0.3789723327187072, -0.5672015189703741, -0.0052336951927896]
other derivatives: [ 2.33239916  2.38842404  3.68645487 -0.66293069  0.57707439  0.52632458]
Current x array =  [-0.74356989 -0.87113111 -0.54346181  0.47620636 -1.67242543 -1.31274519
 -0.35528894 -0.40453881 -1.13932814 -0.12232924 -2.66264096 -2.47532034
 -1.96329793 -0.77254192 -3.21065052 -0.58473193 -0.95438713 -1.41086334
 -0.81098899 -0.4370684 ]
log likelihood =  -6980.575211422696
Edge derivatives =  [-0.5186785793494235, -0.14466210372521182, 0.4418840510493662, 0.08274081567558589, -0.009215196731877873, -0.257234089810803, -0.09712108803808417, -0.2667598479060016, 0.3206557136226058, 0.18489294940808731, 0.07888049693248822, 0.39450928712540256, -0.3998571672773201, -0.43953590059371117]
other derivatives: [-0.6440132  -0.41291059 -0.98880264 -0.61008905 -0.46147761  0.30013325]
Current x array =  [-0.74236069 -0.8673636  -0.54120964  0.47736663 -1.67042028 -1.30987742
 -0.35696328 -0.40661485 -1.14044497 -0.11626171 -2.66888359 -2.48616815
 -1.95184426 -0.7795917  -3.20642003 -0.58048775 -0.95736145 -1.41176831
 -0.81359565 -0.4349658 ]
log likelihood =  -6980.570320262768
Edge derivatives =  [-0.37572316387924964, -0.0915629324155307, 0.3863702550532383, -0.15784250548405887, -0.01667188327951863, -0.2556457174283683, -0.06975542963332881, -0.06387301803713341, 0.3206759538110066, 0.021614207468313773, 0.04259790522844675, 0.31428955976452827, -0.22430052936008255, -0.4237347618340308]
other derivatives: [-0.30386218 -0.39199222 -0.33687684 -0.15570549 -0.26020643  0.21718733]
Current x array =  [-0.7425906  -0.8673035  -0.54168235  0.47512973 -1.67106264 -1.30847552
 -0.35902832 -0.40750827 -1.13941629 -0.11438281 -2.66868501 -2.48607686
 -1.95328142 -0.78163823 -3.20620113 -0.57912125 -0.95712132 -1.41064909
 -0.8152642  -0.43515693]
log likelihood =  -6980.566111756552
Edge derivatives =  [-0.20008540346165682, -0.0717671846111404, 0.3703611913103788, -0.23781262562659672, 0.00950704704281502, -0.2093730909881516, -0.09418598684518964, 0.0829604714684733, 0.32161915884006115, -0.08910283517287643, 0.01232210270301315, 0.18207898422627605, -0.026231026447320116, -0.15133252036252465]
other derivatives: [-0.37171048 -0.03910827 -0.3088644   0.43019099  0.10895747  0.15606929]
Current x array =  [-0.74258776 -0.86772659 -0.54177913  0.47249462 -1.67228673 -1.307389
 -0.36154001 -0.40675145 -1.13816071 -0.11355032 -2.67069351 -2.49091406
 -1.95168211 -0.78295359 -3.20321216 -0.57787893 -0.95695322 -1.40842544
 -0.8168592  -0.43696387]
log likelihood =  -6980.5660045607765
Edge derivatives =  [0.2516699017323254, 0.06892219654668064, 0.23745131671764846, -0.4534009369404459, -0.001320237532353108, -0.18590770809458224, -0.1340491256209294, 0.3099485020273449, 0.3113407493803767, -0.26495344367181406, -0.24375014782100263, -0.009266707448042547, 0.2908836141096832, 0.002761355529142584]
other derivatives: [ 1.92048901 -0.65392669  2.3001121  -0.42109605  0.53960321 -0.17498678]
Current x array =  [-0.74356135 -0.86668577 -0.54323328  0.47486683 -1.67195081 -1.30185135
 -0.36776375 -0.4089236  -1.13231358 -0.11265028 -2.67142562 -2.49565585
 -1.95104732 -0.78592703 -3.1980182  -0.57656312 -0.95511025 -1.40682091
 -0.82022854 -0.4386878 ]
log likelihood =  -6980.563849990001
Edge derivatives =  [0.028942547635890215, -0.0005348021759911115, 0.30331166996904596, -0.3470385322055057, 0.004027899834430859, -0.19745512091277995, -0.11432825514292044, 0.19791584258792072, 0.3164523705724834, -0.17795771765745783, -0.1171590233869591, 0.08530726358612077, 0.13436702080383062, -0.0733307352115824]
other derivatives: [ 7.89259502e-01 -3.50064511e-01  1.01308615e+00 -5.45696821e-04
  3.27509042e-01 -1.11867848e-02]
Current x array =  [-0.7430804  -0.86719993 -0.54251493  0.47369497 -1.67211676 -1.30458693
 -0.36468925 -0.40785057 -1.13520203 -0.11309489 -2.67106396 -2.49331343
 -1.95136091 -0.78445816 -3.200584   -0.57721312 -0.95602067 -1.40761354
 -0.8185641  -0.43783618]
log likelihood =  -6980.561189740154
Edge derivatives =  [0.11226073287143462, -0.01791588771820396, 0.28978382910736383, -0.25948344627994363, 0.027660250087553795, -0.15985981432901342, -0.1551358673799429, 0.17051640720240813, 0.3121369763594922, -0.16651439345885866, -0.15227804804501593, 0.011822526960502733, 0.18310638142370117, 0.14724475628553035]
other derivatives: [ 0.27066562 -0.00145519  0.64046617  0.09276846  0.34106051 -0.06184564]
Current x array =  [-0.74276364 -0.86766821 -0.54234664  0.47350502 -1.67211976 -1.30381992
 -0.3661938  -0.40683621 -1.13345449 -0.11408139 -2.67278033 -2.49811464
 -1.94931832 -0.7842243  -3.19709263 -0.57722942 -0.95589705 -1.40644945
 -0.81901224 -0.4394692 ]
log likelihood =  -6980.557957144212
Edge derivatives =  [0.17312263787332832, -0.07209572107659223, 0.23599317911114037, -0.0103298356774566, 0.0654428014305708, -0.10125306098822462, -0.23820580249574652, 0.04613050219602011, 0.29663001806093037, -0.09206913802245531, -0.1066130743452896, -0.10825861878461743, 0.16683729788578272, 0.4561043580683346]
other derivatives: [ 0.74387572  0.2746674  -0.39290171  0.07657945  0.06848495 -0.11496013]
Current x array =  [-0.74302075 -0.86793349 -0.54175583  0.47388845 -1.67115377 -1.30323829
 -0.36791064 -0.40488019 -1.12911711 -0.11699778 -2.67532864 -2.50669076
 -1.94530506 -0.7831486  -3.18981103 -0.57789357 -0.95686442 -1.40426179
 -0.81895634 -0.44183341]
log likelihood =  -6980.557270164509
Edge derivatives =  [0.18145510493401024, -0.1047634824888517, 0.09957585690174925, 0.12190134428097155, 0.061128350574477075, -0.08947380747581402, -0.2729229666733203, -0.09752330269719711, 0.27235900466962626, -0.004009752937690458, -0.11198550498697019, -0.23824656997246715, 0.09170465288468199, 0.4466646219735264]
other derivatives: [-2.0250809   0.28612703  0.63682819 -0.12314558 -0.17025741 -0.18790161]
Current x array =  [-0.74138521 -0.8681636  -0.54245671  0.47535821 -1.67007653 -1.30217479
 -0.36958016 -0.40479335 -1.12357594 -0.11961585 -2.67552739 -2.51125921
 -1.9449722  -0.78240595 -3.18371792 -0.57890742 -0.95753497 -1.40281366
 -0.81885714 -0.44246223]
log likelihood =  -6980.555408468161
Edge derivatives =  [0.16380345614022962, -0.0935073646468878, 0.12003619105744556, 0.1284518346988337, 0.06520957762687807, -0.08965043010521323, -0.25269244368778, -0.07389384886822037, 0.274000632842076, 0.007420910141342052, -0.07083285936720579, -0.18069517873975433, 0.0678966719107994, 0.3740677462372096]
other derivatives: [-0.52805262  0.20727384  0.02701199 -0.13315002 -0.20845619 -0.16070771]
Current x array =  [-0.74226321 -0.86794973 -0.54203224  0.47520524 -1.67009026 -1.30268415
 -0.36890295 -0.40484451 -1.12415223 -0.11939422 -2.67530308 -2.51052222
 -1.94537087 -0.78236686 -3.18429571 -0.57898229 -0.95773192 -1.40330766
 -0.81851496 -0.44170774]
log likelihood =  -6980.554131307301
Edge derivatives =  [0.14216766484563742, -0.08095589614515264, 0.0953112908661295, 0.13889586591819314, 0.06703937173613861, -0.0877246791705869, -0.22612653730047716, -0.06172340756275596, 0.26780946934121713, 0.03723886116128827, -0.01700290975167562, -0.14512383877958895, 0.024144902708516047, 0.2306328090574794]
other derivatives: [ 0.27303031  0.06730261 -0.19254003 -0.11805241 -0.25956979 -0.14197212]
Current x array =  [-0.74275074 -0.86772056 -0.54185808  0.47506448 -1.67004478 -1.30304932
 -0.36852181 -0.4051266  -1.12316818 -0.11955937 -2.67493231 -2.51074359
 -1.94629376 -0.78233394 -3.18319878 -0.579251   -0.95818418 -1.40355468
 -0.81813233 -0.44059261]
log likelihood =  -6980.552308010754
Edge derivatives =  [0.12503048592632598, -0.05525447469080502, 0.014333144082840976, 0.1631494277160963, 0.07568847461572237, -0.07148238470184376, -0.17914844052576873, -0.039684164565237046, 0.2497679673323444, 0.10165609608208537, 0.06930330329236861, -0.10748608190676781, -0.044017017573300454, -0.0315226799156465]
other derivatives: [ 0.85055945 -0.12332748 -0.23501343 -0.02346496 -0.27112037 -0.12196324]
Current x array =  [-0.74313058 -0.86747161 -0.54177641  0.47464737 -1.67020831 -1.30342122
 -0.36839797 -0.40564798 -1.11989805 -0.12013169 -2.6746308  -2.51319246
 -1.94796191 -0.78232776 -3.17898268 -0.57976583 -0.95898287 -1.40368788
 -0.81760776 -0.43864465]
log likelihood =  -6980.550471718332
Edge derivatives =  [0.1461934570574086, -0.002619998057948103, -0.09570834310166892, 0.18254737185342707, 0.0888096229475247, -0.04629457680090632, -0.1038467284488458, 0.015239581362382681, 0.22804219768589684, 0.1513202380861729, 0.13202896628539568, -0.06800271619298154, -0.06496108510527804, -0.20175197263119204]
other derivatives: [ 0.71668182 -0.08803909 -0.35179255  0.02382876 -0.09704308 -0.1036824 ]
Current x array =  [-0.7430682  -0.86762498 -0.54164328  0.47453959 -1.67097673 -1.30365444
 -0.36869042 -0.40641586 -1.11512087 -0.12066019 -2.67399966 -2.51681745
 -1.95065413 -0.78240145 -3.17248976 -0.58004341 -0.95942178 -1.40367868
 -0.81746752 -0.43722735]
log likelihood =  -6980.551707811679
Edge derivatives =  [-0.2077271593489351, -0.1202299799271127, -0.24075294413441284, 0.20322513426832278, 0.128816331994845, 0.024968956428985667, -0.04092350050431226, -0.20580906033670043, 0.18364622422216612, 0.1974858246773199, 0.22072660439688618, -0.011549678343196187, -0.15421244434996378, -0.12638935829286635]
other derivatives: [1.66783138 0.02564775 2.61679816 0.45620254 0.26420821 0.21900632]
Current x array =  [-0.74362845 -0.86789219 -0.5431574   0.4722983  -1.67249014 -1.30837367
 -0.36474087 -0.40424567 -1.11100057 -0.12086674 -2.67455676 -2.52810445
 -1.95283363 -0.77990786 -3.15729725 -0.57940164 -0.95977922 -1.40410004
 -0.81596284 -0.43757972]
log likelihood =  -6980.549438725735
Edge derivatives =  [0.0037164568064862458, -0.04998328052705425, -0.1540511191817049, 0.19099845975455543, 0.10496237812223774, -0.01733595220348716, -0.0784338930908085, -0.0736527431194185, 0.21035176950082998, 0.17002324852434614, 0.16781874549478792, -0.04520852776528381, -0.10075630502061789, -0.17129227059643082]
other derivatives: [ 1.10012479 -0.04220055  0.84519343  0.19808795  0.04902176  0.02673914]
Current x array =  [-0.74329385 -0.86773261 -0.54225313  0.47363685 -1.6715863  -1.30555523
 -0.36709964 -0.40554176 -1.11346131 -0.12074338 -2.67422405 -2.52136358
 -1.95153198 -0.78139709 -3.16637059 -0.57978492 -0.95956575 -1.40384839
 -0.81686147 -0.43736927]
log likelihood =  -6980.5477948905445
Edge derivatives =  [-0.0005606505987622024, -0.017270997348349915, -0.256797568563001, 0.08964771991235598, 0.11540529926871546, 0.007672591593315681, -0.012525613867826912, -0.027322553465118693, 0.18835323152062583, 0.10036256493157991, 0.13245847115462422, -0.015871882734907042, -0.06068397559842997, -0.15046154605287]
other derivatives: [ 0.21482265 -0.26375346  0.41945896  0.17862476  0.16143531  0.04474714]
Current x array =  [-0.74283184 -0.86759408 -0.54199098  0.47398858 -1.67226815 -1.3058541
 -0.36713879 -0.40606974 -1.10987121 -0.1202576  -2.6735272  -2.52545609
 -1.95391092 -0.7814865  -3.15918346 -0.57912062 -0.9590101  -1.40397991
 -0.81726514 -0.43743879]
log likelihood =  -6980.546783146041
Edge derivatives =  [-0.02918273828091017, -0.014851635643783778, -0.2953903411434009, -0.023016974214444708, 0.12221028489584973, 0.02397690910971262, 0.0203082921221025, -0.008420993116259545, 0.17536791434267018, -0.005046814216261408, 0.05689173869647818, 0.0067716235075547665, -0.01109828132944729, -0.0209792497299095]
other derivatives: [-0.27848728 -0.0691216   0.17789716  0.10822987  0.14379111  0.06575647]
Current x array =  [-0.7425413  -0.86793001 -0.54185332  0.47449737 -1.67250186 -1.30628082
 -0.36675957 -0.40610946 -1.10896689 -0.11940704 -2.67298372 -2.5282313
 -1.9551007  -0.7814281  -3.15425196 -0.57819299 -0.95808615 -1.40420893
 -0.81769633 -0.43833118]
log likelihood =  -6980.546024367914
Edge derivatives =  [-0.09199204065961547, -0.03437170226999753, -0.2782799179965858, -0.10757353125136365, 0.12516227343892816, 0.032979665665784696, 0.0367749103273638, -0.020708255405212483, 0.16547503642430508, -0.09886832516593513, -0.014466349060504535, 0.03502779101257794, 0.008481223643863334, 0.08719002838359313]
other derivatives: [-0.4642061   0.00463842 -0.120599    0.06593837  0.05238689  0.10559233]
Current x array =  [-0.74244918 -0.8680568  -0.54168849  0.4748253  -1.67247691 -1.30704457
 -0.36579847 -0.40584874 -1.11027581 -0.11854732 -2.67231793 -2.52991582
 -1.9556981  -0.78116777 -3.15068874 -0.57739736 -0.95721528 -1.40461044
 -0.81782935 -0.43911056]
log likelihood =  -6980.545130773762
Edge derivatives =  [-0.0628320112117775, -0.02654425347869782, -0.24760935820809177, -0.13205105242561227, 0.123150764407843, 0.04725094739218172, 0.047483258213565804, -0.022423540794776375, 0.14301580346903717, -0.1810536557733955, -0.13934968263502073, 0.021344488654110108, 0.054843719440118566, 0.21651113989555826]
other derivatives: [-0.205182    0.18380888  0.22464519 -0.30795491  0.03801688  0.08712959]
Current x array =  [-0.74248464 -0.86829474 -0.5418602   0.47632106 -1.67219012 -1.30683537
 -0.36590281 -0.40597917 -1.11134228 -0.11820948 -2.67078523 -2.53333752
 -1.95649394 -0.7811255  -3.14318339 -0.57675332 -0.95597783 -1.40455957
 -0.81838748 -0.44020275]
log likelihood =  -6980.543750138616
Edge derivatives =  [-0.15922849792847432, -0.06732481097547571, -0.11035970356217084, -0.12798067376038846, 0.12799189496365404, 0.0698431995764025, 0.06460062820574508, -0.06282658131585661, 0.10862901729264651, -0.2352389534923276, -0.2106353763461084, 0.07630887207995571, 0.012464697007401104, 0.2393634363468935]
other derivatives: [-0.03838068  0.24274414 -0.73387127 -0.13196768 -0.17580533  0.16143531]
Current x array =  [-0.74267069 -0.86834031 -0.54134829  0.4757872  -1.67195408 -1.30824585
 -0.36395993 -0.40530146 -1.11692604 -0.11751758 -2.66847459 -2.53744539
 -1.95707188 -0.78050991 -3.13335829 -0.57634914 -0.95506815 -1.40517183
 -0.81808134 -0.44043933]
log likelihood =  -6980.542330630536
Edge derivatives =  [-0.09029647753792208, -0.045384849753933754, -0.033025556985136706, -0.07050786447932406, 0.11691601494886916, 0.0729455411618497, 0.06413306300708399, -0.03989363520202649, 0.08610749223705824, -0.18595567719280137, -0.226257261563369, 0.05894908581908195, 0.002902454627659534, 0.11751449012576831]
other derivatives: [ 0.10995791  0.00718501 -0.41054591 -0.16161721 -0.093587    0.12305463]
Current x array =  [-0.74274049 -0.86799934 -0.54155346  0.47572262 -1.67186897 -1.30751461
 -0.36442582 -0.40575927 -1.11948203 -0.11766229 -2.66653986 -2.53894125
 -1.95749632 -0.78088275 -3.12789429 -0.5768558  -0.95504811 -1.4050796
 -0.81827251 -0.43978202]
log likelihood =  -6980.540964509455
Edge derivatives =  [0.06981246602806118, 0.014452600871868171, 0.0730974647604441, 0.05924575118737696, 0.09567676535451974, 0.07725853105621494, 0.06656123042206508, 0.02830048602433166, 0.041198191563880326, -0.011382860073252177, -0.1448248426940444, 0.02831873330303966, -0.03782563731476918, -0.16765257464895855]
other derivatives: [ 0.40136001  0.28285285  0.03610694 -0.04893081 -0.03929017  0.01618901]
Current x array =  [-0.74285505 -0.86828107 -0.54187788  0.47504926 -1.67155533 -1.3055306
 -0.36582187 -0.40698186 -1.12254145 -0.1184345  -2.66260191 -2.54154706
 -1.95842393 -0.78173051 -3.11738058 -0.57858607 -0.95622595 -1.40458835
 -0.81859029 -0.43809013]
log likelihood =  -6980.541094556807
Edge derivatives =  [0.03662930392161612, -0.015718148409952226, 0.10025509381310266, 0.018476570933308234, 0.0723310744117498, 0.06513509896067504, 0.034581579161482634, -0.032166536075562524, 0.024010438595976513, 0.011839562567902084, -0.10673053726956488, -0.020414453887038567, -0.041772625856180856, -0.12313420193886371]
other derivatives: [-1.03473212 -0.4982212   0.49076334  0.00673026 -0.03783498  0.00254659]
Current x array =  [-0.7421051  -0.86732749 -0.54223701  0.47493619 -1.67128627 -1.30499124
 -0.3655907  -0.40699665 -1.12467344 -0.11821233 -2.66085585 -2.5420048
 -1.95783764 -0.78169306 -3.11383737 -0.57895736 -0.95692357 -1.40438798
 -0.81887274 -0.43886256]
log likelihood =  -6980.540742312842
Edge derivatives =  [0.055133620598470434, 0.0011033123388658472, 0.08514477292227496, 0.04121800589680147, 0.085355205877361, 0.07189363619812172, 0.052412626817547436, 0.001544348924924721, 0.0336068711487911, -0.0010892724918935004, -0.12795144765545657, 0.0067517892898875664, -0.03956394957186227, -0.147931761383699]
other derivatives: [-0.23383109 -0.06266418  0.23756002 -0.02419256 -0.03856258  0.01018634]
Current x array =  [-0.74252306 -0.86785893 -0.54203686  0.4749992  -1.67143622 -1.30529183
 -0.36571954 -0.40698841 -1.12348525 -0.11833615 -2.66182895 -2.54174969
 -1.95816439 -0.78171393 -3.11581205 -0.57875043 -0.95653477 -1.40449965
 -0.81871533 -0.43843207]
log likelihood =  -6980.540584123242
Edge derivatives =  [0.06296086435630088, 0.010733174808015833, 0.06262992331224249, 0.03178778543092731, 0.08425580514673159, 0.07303424873034337, 0.058888180059259665, 0.008663474102813984, 0.029466208066139088, 0.011169191783330534, -0.09282311553064143, 0.00719793422464772, -0.030098094143326204, -0.12632939412696897]
other derivatives: [-0.17880666 -0.13942554  0.1285116  -0.02055458 -0.00309228  0.00454747]
Current x array =  [-0.74256177 -0.86776161 -0.54196522  0.47498269 -1.67153916 -1.30511349
 -0.36580945 -0.40714334 -1.12260708 -0.11835745 -2.66147881 -2.54219782
 -1.9583891  -0.78174659 -3.11456896 -0.57885891 -0.95688917 -1.4043969
 -0.81883337 -0.43856366]
log likelihood =  -6980.54026519869
Edge derivatives =  [0.0552582295262915, 0.01967238350396494, 0.012857547868610597, -0.004104107666655699, 0.07420426796914248, 0.0675369527791102, 0.05722289923699764, 0.010203737617532127, 0.01853625235335324, 0.0389321415105528, 0.02901349271773973, 0.0021153651579778054, -0.005702471702700329, -0.004386511692290762]
other derivatives: [-0.27685019  0.02974048 -0.09913492  0.02200977 -0.00245564 -0.01255103]
Current x array =  [-0.74250436 -0.86799601 -0.5418378   0.47491594 -1.6715978  -1.30455915
 -0.36569944 -0.40740589 -1.12097634 -0.11835166 -2.65999922 -2.54275103
 -1.95837021 -0.78173365 -3.11131041 -0.57918387 -0.95818422 -1.40405361
 -0.81920749 -0.43941939]
log likelihood =  -6980.540145765912
Edge derivatives =  [0.022201308618007676, 0.012636057049411509, 0.005937884351358946, -0.028751788970782788, 0.0633935588968777, 0.06091556930496056, 0.04947788230037897, -0.0008197962371307987, 0.008741109374336864, 0.02644163700974056, 0.06685481137381732, 0.0003050452733441844, 0.006705830218716735, 0.04093962844109322]
other derivatives: [ 0.11677912 -0.10149961  0.08076313  0.03601599  0.02382876 -0.00500222]
Current x array =  [-0.74273786 -0.86780377 -0.54191381  0.47475101 -1.67167548 -1.30454653
 -0.3651286  -0.40738942 -1.12112758 -0.11812532 -2.65870214 -2.54298581
 -1.95819801 -0.78167984 -3.10882928 -0.57910666 -0.95856407 -1.4040242
 -0.81936996 -0.43976194]
log likelihood =  -6980.54006937478
Edge derivatives =  [0.014364485902273738, 0.008033221218124997, 0.01500980334405827, -0.02289898046459471, 0.057312221325188095, 0.05406432874764677, 0.03759955571438678, -0.004539583516546486, 0.007945604231877262, 0.019158997458106564, 0.07230614334848512, -0.004851204494920908, 0.006145155576543104, 0.051466978112252315]
other derivatives: [ 0.11441443 -0.05893526  0.02619345  0.02492015 -0.00763976 -0.01255103]
Current x array =  [-0.74273548 -0.86785817 -0.54188107  0.47481976 -1.67159963 -1.30443922
 -0.36496511 -0.40734679 -1.1215223  -0.11815531 -2.65821161 -2.54244521
 -1.95779092 -0.78168368 -3.10882274 -0.57910774 -0.95864774 -1.40397509
 -0.81941222 -0.43985034]
log likelihood =  -6980.539877103909
Edge derivatives =  [-0.02248003626191758, -0.0018531016974013825, 0.02944360509966576, 0.0008037144656221074, 0.03509902139199639, 0.029041356992587475, 0.0018371805868078184, -0.0038924492826775126, 0.004313538298699265, -0.013965003790512576, 0.06519361868530654, -0.013552319127621115, 0.008291366416444068, 0.0509397965482985]
other derivatives: [ 0.03838068  0.09022187  0.02874003  0.00136424 -0.01527951 -0.02264642]
Current x array =  [-0.74268902 -0.86809637 -0.54184046  0.4749598  -1.67173991 -1.30435987
 -0.36422529 -0.40721396 -1.12216291 -0.11823107 -2.65629743 -2.54046696
 -1.95652447 -0.78173497 -3.10862808 -0.5789572  -0.95856169 -1.40394439
 -0.81952644 -0.43979184]
log likelihood =  -6980.539834286583
Edge derivatives =  [-0.010445094887689244, 0.011568651320306933, 0.017167833876422012, -0.003922496574568557, 0.01405013897448082, 0.009970129186873788, -0.01635135446401581, 0.01940930112145156, -0.00499521598055816, -0.03494752055594674, 0.02057011290792421, -0.022182109452470455, 0.014011987131737125, -0.0007780364431104747]
other derivatives: [ 0.03628884 -0.06148184 -0.36006895 -0.04911271 -0.05966285 -0.05857146]
Current x array =  [-0.74271641 -0.86792863 -0.54158037  0.47524889 -1.67176622 -1.30402776
 -0.36424126 -0.40743378 -1.12168249 -0.11827691 -2.6542448  -2.53922681
 -1.95596869 -0.78198346 -3.1071514  -0.57897482 -0.95812276 -1.40389219
 -0.81976583 -0.43940832]
log likelihood =  -6980.539769485412
Edge derivatives =  [-0.024370050812639654, 0.00595494355842574, 0.010568338171701275, -0.0012159677071499342, 0.015128902144452172, 0.00921131054206703, -0.017860833340030968, 0.011500253380241743, -0.000957533706115038, -0.03361656083096709, 0.01091319027785942, -0.02051597736223197, 0.012411561797759707, -0.0020923731251567546]
other derivatives: [ 0.01773515  0.01809894 -0.04029062 -0.03992682 -0.02100933 -0.0424734 ]
Current x array =  [-0.74269079 -0.86804552 -0.54175338  0.47516412 -1.67187654 -1.30427741
 -0.36413703 -0.40732565 -1.12147868 -0.11828043 -2.65456377 -2.53893076
 -1.95591183 -0.78191191 -3.10813649 -0.57891035 -0.9579883  -1.40397683
 -0.81967372 -0.43937246]
log likelihood =  -6980.5397552044105
Edge derivatives =  [-0.02502990782430381, 0.007333050388886098, 0.0021465011881981466, -0.003787599731743918, 0.015214312376232941, 0.009419500628531363, -0.015485586201679502, 0.011755467617192261, -0.0004843923550613971, -0.028847713505950834, 0.001887041799340905, -0.017738968957048837, 0.012085672844813655, -0.010488950319168078]
other derivatives: [ 0.00600267  0.0170985   0.04220055 -0.02783054 -0.00109139 -0.03628884]
Current x array =  [-0.74268446 -0.86805229 -0.54179471  0.47510086 -1.67195014 -1.30439853
 -0.36417766 -0.40732583 -1.12116249 -0.11827583 -2.6545871  -2.53889117
 -1.95600031 -0.78190187 -3.10825884 -0.57891877 -0.95787088 -1.40403257
 -0.8196454  -0.43929502]
      fun: 6980.5397552044105
 hess_inv: <20x20 LbfgsInvHessProduct with dtype=float64>
      jac: array([-0.00600267, -0.0170985 , -0.04220055,  0.02783054,  0.00109139,
        0.03628884,  0.02502991, -0.00733305, -0.0021465 ,  0.0037876 ,
       -0.01521431, -0.0094195 ,  0.01548559, -0.01175547,  0.00048439,
        0.02884771, -0.00188704,  0.01773897, -0.01208567,  0.01048895])
  message: b'CONVERGENCE: REL_REDUCTION_OF_F_<=_FACTR*EPSMCH'
     nfev: 71
      nit: 64
   status: 0
  success: True
        x: array([-0.74268446, -0.86805229, -0.54179471,  0.47510086, -1.67195014,
       -1.30439853, -0.36417766, -0.40732583, -1.12116249, -0.11827583,
       -2.6545871 , -2.53889117, -1.95600031, -0.78190187, -3.10825884,
       -0.57891877, -0.95787088, -1.40403257, -0.8196454 , -0.43929502])
