number of sites to be analyzed:  221
log likelihood =  3083.6699819637497
Lr derivatives =  [-175.3748658041124, -206.0078825566065, -100.81476100550461]
other derivatives =  [ 91.72617865 -30.001911    56.61659088   2.56723069 201.22879505
  11.31838872]
Current x_clock array =  [-0.52042408 -0.78561875 -0.49973494  0.74193734 -0.10536052 -0.51082562
 -0.51082562 -0.51082562 -0.51082562]
log likelihood =  2962.778620974068
Lr derivatives =  [42.7437672398761, -82.28536026932812, -37.101610055940384]
other derivatives =  [-291.4610377   -19.02071745 -106.99577615   -9.9566023   161.01107576
   24.62329576]
Current x_clock array =  [-0.83880212 -0.78306545 -0.69624895  0.73302659 -0.80381793 -0.55011132
  0.0978938  -0.50905257 -0.50905257]
log likelihood =  2851.6248625606027
Lr derivatives =  [123.4095447898879, -4.460426485503973, 8.872712337430727]
other derivatives =  [-67.46849976  30.95506145 -96.82062228   2.37278073 148.26150618
  27.72389962]
Current x_clock array =  [-0.60594901 -0.7563504  -0.63928245  0.74168478 -1.24551147 -0.59348028
  0.26498075 -0.38826829 -0.45341644]
log likelihood =  2760.1163047099135
Lr derivatives =  [31.519382190132426, -24.34665190122881, -8.210328015672413]
other derivatives =  [274.13602766  40.77928679  33.55216904  14.3944817   68.2008249
  21.9845333 ]
Current x_clock array =  [-0.42078005 -0.80449215 -0.45884264  0.73874934 -2.13083914 -0.69886745
  0.32765812 -0.2802933  -0.427281  ]
log likelihood =  2719.245878653819
Lr derivatives =  [-29.39432321789638, -44.08215811036529, -22.706311230542262]
other derivatives =  [ 0.59617378 15.94116839 58.31916496 19.58414941 -6.93862603 17.52623575]
Current x_clock array =  [-0.53842229 -0.86168836 -0.41698622  0.72670905 -2.87580969 -0.79146427
  0.49028378 -0.23412612 -0.42019584]
log likelihood =  2714.4236106998405
Lr derivatives =  [-23.810907807337376, -35.86725341526762, -16.74619230339161]
other derivatives =  [-7.67927304  5.80434971 -8.15839485 18.72149369 -8.11664904 16.49782462]
Current x_clock array =  [-0.53995755 -0.88318168 -0.46767206  0.707297   -2.96894828 -0.81881162
  0.54945955 -0.19994048 -0.40419335]
log likelihood =  2709.6171613309716
Lr derivatives =  [-17.06001328535258, -23.115756276076546, -7.2934424197261585]
other derivatives =  [ -1.03923412  -7.50924301 -25.29568519  15.02653504  -7.47745617
  15.00775397]
Current x_clock array =  [-0.53454859 -0.91477317 -0.47840715  0.66478336 -3.12929255 -0.87517221
  0.64497413 -0.1207742  -0.36980815]
log likelihood =  2703.8585657110325
Lr derivatives =  [-3.9053707624202785, -2.6275069727198335, 6.2133345311168675]
other derivatives =  [-16.43184078   2.76895662  -5.14228304   6.49220055   0.90594767
  11.56131475]
Current x_clock array =  [-0.54382329 -0.90679454 -0.45759102  0.55997825 -3.35411466 -1.01148149
  0.81712017  0.         -0.32462943]
log likelihood =  2701.7836079476824
Lr derivatives =  [-6.47746952239384, -4.521089016597987, 3.1533216528416697]
other derivatives =  [-2.34845174 -3.07031769  0.70217538  3.31333467 -2.67327778  9.38002813]
Current x_clock array =  [-0.53362701 -0.92078914 -0.45231894  0.49220268 -3.52775079 -1.11678492
  0.94697385  0.         -0.32884335]
log likelihood =  2699.3672887270286
Lr derivatives =  [-3.3826053061669112, -3.2541511474120255, 0.08513311839150273]
other derivatives =  [ 6.86350177  2.9561761  -1.20808181 -4.03047125 -2.0252628   4.96629582]
Current x_clock array =  [-0.52583807 -0.91732234 -0.45228518  0.34301812 -3.86540476 -1.37415607
  1.25288259  0.         -0.33956976]
log likelihood =  2699.6628721870193
Lr derivatives =  [6.696795396119654, 1.7390206466053533, 1.638534043566695]
other derivatives =  [ -9.59562385 -30.0112788   32.0053914   -5.88061084   7.02721081
   3.27709131]
Current x_clock array =  [-0.53213678 -0.97618738 -0.42747291  0.34581107 -4.02431591 -1.57642903
  1.46026636  0.         -0.34417481]
log likelihood =  2699.0220364406787
Lr derivatives =  [0.8109228187104067, -1.1999384188554032, 0.6738310416487117]
other derivatives =  [ -0.04542926 -11.29410521  12.0970526   -4.86120371   1.69593477
   4.188405  ]
Current x_clock array =  [-0.52849325 -0.94213654 -0.44182572  0.34419547 -3.93239277 -1.45942298
  1.34030393  0.         -0.34151099]
log likelihood =  2698.6146137554597
Lr derivatives =  [0.7001906512109564, -1.2477091155189737, -0.4027851000070777]
other derivatives =  [-0.62145773 -7.78422873  5.81958375 -5.80566848  1.25978659  2.95522113]
Current x_clock array =  [-0.52850776 -0.9378428  -0.44555565  0.32200446 -4.04936102 -1.56083023
  1.44778626  0.         -0.34507343]
log likelihood =  2698.032826830702
Lr derivatives =  [0.040295005295557296, -1.3545392102805915, -1.0765053255730643]
other derivatives =  [-1.3691988  -2.25109034  1.7345883  -5.27252269  0.36543497  1.29821274]
Current x_clock array =  [-0.52916634 -0.93118287 -0.44693555  0.33811758 -4.2305619  -1.73952491
  1.61843658  0.         -0.34408319]
log likelihood =  2697.556072879709
Lr derivatives =  [-0.42388473932775117, -1.1403130311392886, -0.32014557052478476]
other derivatives =  [ 1.69225132  0.28530849  0.86392902 -2.51156962 -0.21786946  0.1467015 ]
Current x_clock array =  [-0.52863011 -0.92936611 -0.44587803  0.41418258 -4.39909323 -1.92837294
  1.78528422  0.         -0.33576957]
log likelihood =  2697.5910450115566
Lr derivatives =  [3.0790561568260797, 0.5069049860084287, -1.0391411736101444]
other derivatives =  [-14.80166247   0.63046173  -8.93164724  -0.64164851   3.30114744
  -0.26757334]
Current x_clock array =  [-0.53860454 -0.92848096 -0.45270992  0.48456522 -4.4358788  -2.01360095
  1.85445224  0.         -0.3442268 ]
log likelihood =  2697.5065277116328
Lr derivatives =  [1.0677174573615087, -0.43797906549450305, -0.6355752398768554]
other derivatives =  [-5.36028892  0.48494257 -3.28191163 -1.64195626  1.23604877 -0.04238245]
Current x_clock array =  [-0.53288409 -0.9289886  -0.44879175  0.44419998 -4.41478186 -1.96472172
  1.8147836   0.         -0.33937648]
log likelihood =  2697.4614197469396
Lr derivatives =  [0.8066275066464712, -0.4029490109117442, -0.17047649163929585]
other derivatives =  [ 2.68423719  0.24297151 -1.67333383 -0.61231731  0.98425517 -0.24824658]
Current x_clock array =  [-0.52905038 -0.93033627 -0.44684041  0.4747969  -4.46082651 -2.01848069
  1.86008409  0.         -0.33557134]
log likelihood =  2697.456025826751
Lr derivatives =  [-0.44005220478608553, -1.0002566669354196, -0.16734926659401833]
other derivatives =  [-0.52086762 -0.06884875  0.53432814 -0.03828973 -0.40627128 -0.28749128]
Current x_clock array =  [-0.53055929 -0.9306194  -0.44533852  0.4862697  -4.4800373  -2.03476246
  1.87278574  0.         -0.33323234]
log likelihood =  2697.4548145185927
Lr derivatives =  [-0.23206815966464944, -0.8981600984076314, -0.09705448966476338]
other derivatives =  [-0.1969056   0.34433469  0.17707862 -0.01859917  0.08394636 -0.21927917]
Current x_clock array =  [-0.53053928 -0.93029952 -0.44567859  0.48429859 -4.46047378 -2.01599483
  1.85488754  0.         -0.33342537]
log likelihood =  2697.457711766633
Lr derivatives =  [-0.34125114776053156, -0.8833727534658221, 0.3131371652263245]
other derivatives =  [ 0.57671059 -1.17697709 -2.41075213 -0.12173587 -0.09749783 -0.20791049]
Current x_clock array =  [-0.53009488 -0.93277358 -0.44763075  0.48368858 -4.46580191 -2.01438288
  1.85848692  0.         -0.33108772]
log likelihood =  2697.454535394293
Lr derivatives =  [-0.2570364550645543, -0.8948590544069531, -0.004047249448586865]
other derivatives =  [ 0.291584   -0.07999006 -0.31982381  0.09481482  0.09363248 -0.21673259]
Current x_clock array =  [-0.53043807 -0.93086299 -0.4461232   0.48415966 -4.46168727 -2.0156277
  1.8557073   0.         -0.33289297]
log likelihood =  2697.455101520541
Lr derivatives =  [-0.32629973609281215, -0.8975165095331737, 0.17177565375992931]
other derivatives =  [-0.1366061  -0.89357854 -1.48293111 -0.23123903  0.03215064 -0.23005668]
Current x_clock array =  [-0.53034813 -0.93183049 -0.44687554  0.48044489 -4.47137952 -2.01958095
  1.86376637  0.         -0.33181124]
log likelihood =  2697.4544546307725
Lr derivatives =  [-0.27506158894426136, -0.8955360762175035, 0.04170066090432095]
other derivatives =  [-0.3297373  -0.38085091 -0.47921276  0.05675247 -0.08781171 -0.22027962]
Current x_clock array =  [-0.53041461 -0.93111531 -0.44631941  0.48319085 -4.464215   -2.01665871
  1.8578091   0.         -0.33261085]
log likelihood =  2697.4542440120485
Lr derivatives =  [-0.2102088474144237, -0.8511749770554975, 0.11999940537050952]
other derivatives =  [ 0.3391051  -0.31986929 -0.75683602 -0.24392648 -0.03556124 -0.21141204]
Current x_clock array =  [-0.53013018 -0.93115479 -0.44634926  0.48017015 -4.46438043 -2.01433386
  1.85776801  0.         -0.33233805]
log likelihood =  2697.4537102957943
Lr derivatives =  [-0.07467906142813963, -0.7781292033116536, 0.1416572170656254]
other derivatives =  [ 0.59403646 -0.15347723  0.00595719 -0.18453647  0.13710633 -0.21168489]
Current x_clock array =  [-0.53008363 -0.93073976 -0.44582261  0.48146925 -4.46476605 -2.01470384
  1.8591047   0.         -0.33242923]
log likelihood =  2697.453200151524
Lr derivatives =  [-0.03504646386045884, -0.7523004442977106, 0.17093068070385253]
other derivatives =  [ 0.03369678 -0.13601493  0.08672032 -0.28358045 -0.21495907 -0.20463631]
Current x_clock array =  [-0.53035371 -0.93028967 -0.44560432  0.48350391 -4.46493464 -2.01314531
  1.85979887  0.         -0.33233697]
log likelihood =  2697.45596326556
Lr derivatives =  [0.1237270391977292, -0.6488126141788322, 0.2882905830964603]
other derivatives =  [-1.84927558  1.41421879  1.54605004  0.2924935   0.30440788 -0.17666935]
Current x_clock array =  [-0.53143401 -0.92848933 -0.44473117  0.49164258 -4.465609   -2.00691118
  1.86257554  0.         -0.33196793]
log likelihood =  2697.4531642634797
Lr derivatives =  [0.0034529003234693434, -0.7272088243936905, 0.19937539805564108]
other derivatives =  [-0.38603503  0.30677256  0.62068466  0.19522304  0.32987373 -0.1978151 ]
Current x_clock array =  [-0.5306159  -0.92985272 -0.4453924   0.48547921 -4.46509831 -2.01163225
  1.86047278  0.         -0.3322474 ]
log likelihood =  2697.4523039235405
Lr derivatives =  [-0.009067781638692374, -0.7331510756979667, 0.21543318852561]
other derivatives =  [ 0.05043148  0.67889232  1.06279003  0.27339411  0.2449724  -0.19072104]
Current x_clock array =  [-0.53046536 -0.92989737 -0.44544557  0.48434302 -4.46702571 -2.00980837
  1.86204271  0.         -0.33216731]
log likelihood =  2697.45001479169
Lr derivatives =  [-0.05923472986695444, -0.756941731210258, 0.2797804169924312]
other derivatives =  [ 0.95965333  0.49258233  0.47421054 -0.11941665  0.28562681 -0.16175363]
Current x_clock array =  [-0.52986317 -0.93007597 -0.44565827  0.47979827 -4.47473531 -2.00251281
  1.86832243  0.         -0.33184694]
log likelihood =  2697.4461193787756
Lr derivatives =  [-0.01265336680497331, -0.7465088889056843, 0.40440523610816426]
other derivatives =  [ 2.34590516 -0.40654413 -0.4724825  -0.60840648  0.02064553 -0.07635208]
Current x_clock array =  [-0.52906045 -0.93052066 -0.44614036  0.47345679 -4.50218979 -1.98279514
  1.89384034  0.         -0.33152045]
log likelihood =  2697.443170724876
Lr derivatives =  [-0.16354841808509413, -0.8703432473153314, 0.14249563730383963]
other derivatives =  [ 1.12704583  0.59035301  0.32546268 -0.53364602 -0.07680683 -0.06916707]
Current x_clock array =  [-0.52958467 -0.9293851  -0.445765    0.47832805 -4.50383318 -1.98023837
  1.8957217   0.         -0.33266892]
log likelihood =  2697.4416532007817
Lr derivatives =  [-0.40214318472740374, -1.0845789080198907, -0.3006410949260654]
other derivatives =  [ 0.32800926  1.20553523  0.62022991  0.48739821 -0.02564775 -0.03701643]
Current x_clock array =  [-0.53050115 -0.92850834 -0.4457102   0.49098172 -4.51345518 -1.97240765
  1.90622254  0.         -0.33469073]
log likelihood =  2697.4445357686377
Lr derivatives =  [-0.05763177930903485, -0.9600718231044648, -0.2168439836158054]
other derivatives =  [-4.41391421  0.54847078 -0.14929356 -0.5538368  -0.72136572  0.11500561]
Current x_clock array =  [-0.53260783 -0.9294245  -0.44587025  0.4905093  -4.52951215 -1.9426538
  1.92403452  0.         -0.33519825]
log likelihood =  2697.4409643715653
Lr derivatives =  [-0.2545396264508639, -1.0312161322840454, -0.2650273046202279]
other derivatives =  [-2.1622327   1.02545528  0.79407982 -0.4290996  -0.0295131   0.02701199]
Current x_clock array =  [-0.53140281 -0.92890046 -0.4457787   0.49077952 -4.52032761 -1.95967292
  1.91384612  0.         -0.33490795]
log likelihood =  2697.44555142689
Lr derivatives =  [-0.10546487330189347, -1.0418266841976955, -0.44687326211504597]
other derivatives =  [-3.34680408  0.57239049  0.55692908  0.81495273 -0.0730779   0.15238584]
Current x_clock array =  [-0.53222518 -0.92862538 -0.44580547  0.50119622 -4.55672442 -1.93439767
  1.95181106  0.         -0.3364064 ]
log likelihood =  2697.4412534285184
Lr derivatives =  [-0.21050562490389968, -1.0339544974138695, -0.3180150335926484]
other derivatives =  [-2.19852154  0.86442924  1.24218786  0.56484168 -0.20700099  0.06275513]
Current x_clock array =  [-0.5316419  -0.92882049 -0.44578649  0.49380804 -4.53090951 -1.95232446
  1.92488394  0.         -0.33534361]
log likelihood =  2697.4409820571213
Lr derivatives =  [-0.23597441910797556, -1.0323320260467521, -0.2872958414524075]
other derivatives =  [-2.24868018  0.11154953  0.07180461  0.07880772 -0.90653884  0.04197318]
Current x_clock array =  [-0.53150324 -0.92886687 -0.44578197  0.49205162 -4.52477244 -1.95658627
  1.91848246  0.         -0.33509095]
log likelihood =  2697.4409554428676
Lr derivatives =  [-0.24438343450653566, -1.0318196914437674, -0.2771965936885762]
other derivatives =  [-1.70912244  0.51522875  0.28103386 -0.93168637 -0.83864506  0.0351065 ]
Current x_clock array =  [-0.53145769 -0.92888211 -0.44578049  0.49147458 -4.52275621 -1.95798641
  1.91637935  0.         -0.33500794]
log likelihood =  2697.4409553117393
Lr derivatives =  [-0.25038548227205215, -1.0314610003059996, -0.270001126127936]
other derivatives =  [-2.52175596  0.52896212  0.44046828  0.3597961  -0.02164597  0.03037712]
Current x_clock array =  [-0.53142524 -0.92889296 -0.44577943  0.49106357 -4.5213201  -1.9589837
  1.91488137  0.         -0.33494881]
log likelihood =  2697.43789130512
Lr derivatives =  [-0.06394354130434632, -0.9231065488120316, -0.1648489740686699]
other derivatives =  [ 0.47321009  0.99676072  1.42367753  0.10418262 -0.01873559  0.0388809 ]
Current x_clock array =  [-0.53015084 -0.92865833 -0.44559771  0.49201325 -4.54096281 -1.95701704
  1.93468249  0.         -0.33469815]
log likelihood =  2697.436822232431
Lr derivatives =  [-0.009863744914779815, -0.8837844565754323, -0.09147629026930892]
other derivatives =  [ 1.63236109  0.32023308 -0.45347406  0.548971    0.51113602  0.02492015]
Current x_clock array =  [-0.52997896 -0.92971902 -0.44641861  0.49108106 -4.54212093 -1.96014943
  1.93583137  0.         -0.33437044]
log likelihood =  2697.6817390346623
Lr derivatives =  [1.3197878427646241, -0.04355731180831701, 1.2851990226250438]
other derivatives =  [  8.55579856  -6.58428689 -19.68733159   0.50995368   3.36194717
  -0.0779437 ]
Current x_clock array =  [-0.52640139 -0.94745865 -0.46009572  0.47671886 -4.61624981 -1.98549002
  2.01018137  0.         -0.32919237]
log likelihood =  2697.4369221801344
Lr derivatives =  [0.04060151065039097, -0.8519128043335513, -0.03921119476872309]
other derivatives =  [ 0.47348294  0.75201569 -2.30656951 -1.07120286 -0.32860044  0.02119123]
Current x_clock array =  [-0.52984105 -0.93040282 -0.44694582  0.49052745 -4.54497836 -1.96112623
  1.93869732  0.         -0.33417084]
log likelihood =  2697.4367764690496
Lr derivatives =  [0.014925663716261361, -0.8681286943014024, -0.06580245537326429]
other derivatives =  [ 0.52036739 -0.33728611 -0.81231519 -0.06771188 -0.78707671  0.02310117]
Current x_clock array =  [-0.52991119 -0.93005502 -0.44667767  0.49080903 -4.543525   -1.96062941
  1.93723963  0.         -0.33427236]
log likelihood =  2697.4367857506686
Lr derivatives =  [-0.0013230149011542736, -0.8783905872067899, -0.08263077904530591]
other derivatives =  [ 1.02231752  0.18753781 -0.33555807  0.90003596 -0.04092726  0.02437446]
Current x_clock array =  [-0.52995561 -0.92983481 -0.44650789  0.49098732 -4.54260478 -1.96031483
  1.93631666  0.         -0.33433664]
log likelihood =  2697.4371127137556
Lr derivatives =  [0.07038215568883555, -0.8393588051536119, -0.012340900249825593]
other derivatives =  [ 0.11959855 -0.56452336 -1.80607458  0.12105374  0.42623469  0.03192326]
Current x_clock array =  [-0.53026756 -0.93104538 -0.44704942  0.48954794 -4.54305988 -1.95978173
  1.93692328  0.         -0.33410939]
log likelihood =  2697.436708692369
Lr derivatives =  [0.022601454813557353, -0.8653700674585996, -0.059180978930658545]
other derivatives =  [ 0.63114385  0.22405402 -0.78730409 -0.14515535  0.16248123  0.02678462]
Current x_clock array =  [-0.53005972 -0.93023884 -0.44668863  0.49050692 -4.54275667 -1.96013691
  1.93651912  0.         -0.3342608 ]
log likelihood =  2697.4365513560197
Lr derivatives =  [0.03205548064634378, -0.8587824035352057, -0.041856012074066085]
other derivatives =  [ 0.8240022  -0.0518412  -0.19372237 -0.18189894  0.49485607  0.02901288]
Current x_clock array =  [-0.53013288 -0.93038728 -0.44649349  0.49050646 -4.54261203 -1.96025904
  1.93641965  0.         -0.33418547]
log likelihood =  2697.436427377107
Lr derivatives =  [0.02811317853559281, -0.8573688612291658, -0.022226682382002372]
other derivatives =  [ 0.54455995 -0.34074219 -0.74214768  0.02291927 -0.31941454  0.02769411]
Current x_clock array =  [-0.53021466 -0.93054606 -0.44636527  0.49045684 -4.54285039 -1.96109586
  1.93659685  0.         -0.33406647]
log likelihood =  2697.4367521768054
Lr derivatives =  [-0.009933682550180123, -0.8678934196298093, 0.02898854685012825]
other derivatives =  [ 0.30204319 -0.1967237   0.57852958 -0.42773536  0.63746484  0.02924025]
Current x_clock array =  [-0.53076    -0.93074375 -0.44557155  0.49061419 -4.54311542 -1.96294204
  1.93664706  0.         -0.33371228]
log likelihood =  2697.436366016429
Lr derivatives =  [0.020993043940035427, -0.8593425543077227, -0.012675713803255162]
other derivatives =  [ 0.2107754   0.2615252  -0.32932803  0.07439667  0.62364052  0.02801244]
Current x_clock array =  [-0.53031651 -0.93058298 -0.44621703  0.49048623 -4.54289989 -1.96144067
  1.93660623  0.         -0.33400032]
log likelihood =  2697.697363526503
Lr derivatives =  [-0.5519510173012643, -0.9576915114358322, 1.1171534698664924]
other derivatives =  [-19.9639544   -3.12088559  21.59949872   0.86797627  -0.1380613
   0.02419256]
Current x_clock array =  [-0.53962374 -0.93578731 -0.4316428   0.49217535 -4.54925772 -2.00303554
  1.93897251  0.         -0.32676464]
log likelihood =  2697.436427732274
Lr derivatives =  [0.007030571963519527, -0.8620049443985398, 0.012688604395068248]
other derivatives =  [-0.67079782 -0.03788045  0.27498572  0.64510459  0.43623913  0.02796696]
Current x_clock array =  [-0.53053229 -0.93070364 -0.44587915  0.49052539 -4.54304728 -1.962405
  1.93666109  0.         -0.33383257]
log likelihood =  2697.4363549725613
Lr derivatives =  [0.016754648693618535, -0.8601519874977698, -0.004986410379228978]
other derivatives =  [0.65106178 0.53896656 0.87388798 0.28808245 0.49622031 0.02801244]
Current x_clock array =  [-0.53038196 -0.93061958 -0.44611455  0.49049811 -4.54294459 -1.96173316
  1.93662287  0.         -0.33394944]
log likelihood =  2697.4367283968695
Lr derivatives =  [0.007624287236605909, -0.8617866063793505, 0.028222745558781515]
other derivatives =  [-1.82417352 -0.83055056 -0.10322765 -0.47334652  0.04074536  0.03192326]
Current x_clock array =  [-0.53078636 -0.9309834  -0.44586146  0.49035151 -4.54297516 -1.96221731
  1.93658899  0.         -0.33375877]
log likelihood =  2697.4363922858383
Lr derivatives =  [0.014664867779528912, -0.8605273421360466, 0.002601410373369639]
other derivatives =  [-0.91908987 -0.73951014 -0.65292625 -0.73755473  0.10168151  0.02883098]
Current x_clock array =  [-0.53047441 -0.93070275 -0.44605669  0.49046459 -4.54295158 -1.96184385
  1.93661512  0.         -0.33390585]
log likelihood =  2697.4363632789573
Lr derivatives =  [0.016120917034330162, -0.8602658907763672, -0.0026862088250795835]
other derivatives =  [ 0.24456313  0.03074092 -1.21076482  0.21464075 -0.78921403  0.02842171]
Current x_clock array =  [-0.53040999 -0.93064479 -0.446097    0.49048794 -4.54294671 -1.96176672
  1.93662052  0.         -0.33393622]
log likelihood =  2697.436355880435
Lr derivatives =  [0.01667477280529006, -0.8601663469190088, -0.004696533227804001]
other derivatives =  [-0.42682586 -0.88343768  0.24037945 -0.52614268 -0.97584234  0.02814886]
Current x_clock array =  [-0.5303855  -0.93062276 -0.44611234  0.49049682 -4.54294486 -1.96173739
  1.93662257  0.         -0.33394777]
log likelihood =  2697.4363553211197
Lr derivatives =  [0.016722810797372922, -0.860157711334214, -0.004870870586981102]
other derivatives =  [-0.3426976   0.22364475  0.60035745  0.38207872  0.74996933  0.02796696]
Current x_clock array =  [-0.53038337 -0.93062084 -0.44611366  0.49049759 -4.5429447  -1.96173485
  1.93662275  0.         -0.33394877]
log likelihood =  2697.4363550575076
Lr derivatives =  [0.016747250159374616, -0.8601533166278139, -0.004959565676562361]
other derivatives =  [-0.45797606  0.44688022 -0.50135895  1.31271918 -0.06752998  0.02796696]
Current x_clock array =  [-0.53038229 -0.93061987 -0.44611434  0.49049799 -4.54294462 -1.96173356
  1.93662284  0.         -0.33394928]
log likelihood =  2697.43635498448
Lr derivatives =  [0.016753568008766706, -0.8601521810634388, -0.0049824920110072]
other derivatives =  [ 0.01200533  0.13960744  0.18058017  0.43623913 -0.30972842  0.02787601]
Current x_clock array =  [-0.53038201 -0.93061962 -0.44611452  0.49049809 -4.5429446  -1.96173322
  1.93662287  0.         -0.33394941]
log likelihood =  2697.4363549706604
Lr derivatives =  [0.016754446826651836, -0.8601520222584385, -0.004985684816634306]
other derivatives =  [0.68512236 0.55715645 0.82072802 0.42273314 1.441731   0.02796696]
Current x_clock array =  [-0.53038197 -0.93061959 -0.44611454  0.4904981  -4.5429446  -1.96173317
  1.93662287  0.         -0.33394943]
log likelihood =  2697.436354978329
Lr derivatives =  [0.01675428918069599, -0.8601520510476607, -0.004985109792801312]
other derivatives =  [ 0.01750777 -0.54960765 -0.33410288  0.25843292  0.7503786   0.02796696]
Current x_clock array =  [-0.53038198 -0.93061959 -0.44611454  0.4904981  -4.5429446  -1.96173318
  1.93662287  0.         -0.33394943]
log likelihood =  2697.436354972362
Lr derivatives =  [0.016754432407987352, -0.8601520266360831, -0.004985625094189594]
other derivatives =  [ 0.88475645 -0.25261215  0.08849383  0.74487616  0.52500582  0.02805791]
Current x_clock array =  [-0.53038197 -0.93061959 -0.44611454  0.4904981  -4.5429446  -1.96173318
  1.93662287  0.         -0.33394943]
log likelihood =  2697.4363549706604
Lr derivatives =  [0.016754446826651836, -0.8601520222584385, -0.004985684816634306]
other derivatives =  [0.68512236 0.55715645 0.82072802 0.42273314 1.441731   0.02796696]
Current x_clock array =  [-0.53038197 -0.93061959 -0.44611454  0.4904981  -4.5429446  -1.96173317
  1.93662287  0.         -0.33394943]
      fun: 2697.4363549706604
 hess_inv: <9x9 LbfgsInvHessProduct with dtype=float64>
      jac: array([ 0.68512236,  0.55715645,  0.82072802,  0.42273314,  1.441731  ,
        0.02796696,  0.01675445, -0.86015202, -0.00498568])
  message: 'CONVERGENCE: REL_REDUCTION_OF_F_<=_FACTR*EPSMCH'
     nfev: 67
      nit: 37
     njev: 67
   status: 0
  success: True
        x: array([-0.53038197, -0.93061959, -0.44611454,  0.4904981 , -4.5429446 ,
       -1.96173317,  1.93662287,  0.        , -0.33394943])
{('N0', 'N1'): [25.640811848690234, 25.64081184869023], ('N0', 'ENSLOCG'): [0.0, 0.0], ('N1', 'ENSGACG'): [65.33629333951988, 65.53855861345437], ('N1', 'ENSDARG'): [67.95084910412173, 68.06191699403594]}
