number of sites to be analyzed:  978
log likelihood =  12848.295321242058
Lr derivatives =  [-462.0640573728142, -948.2581325656988, -556.1368172781556]
other derivatives =  [115.64588931 -90.57985153 133.7064532   60.94505807 758.75359471
   9.10804374]
Current x_clock array =  [-0.63953211 -0.71127141 -0.55799396  0.74193734 -0.10536052 -0.51082562
 -0.51082562 -0.51082562 -0.51082562]
log likelihood =  12285.022958644644
Lr derivatives =  [250.42487450620803, -526.6586193171684, -343.672937958258]
other derivatives =  [-485.69891078    6.11707947 -440.55122999   48.92826837  573.6706953
   47.43324098]
Current x_clock array =  [-0.7669112  -0.71054305 -0.705266    0.67480892 -0.94109572 -0.52085775
 -0.00188148 -0.51026297 -0.51026297]
log likelihood =  11771.9611811639
Lr derivatives =  [415.2270476151876, -182.30282864094698, -93.00985337022679]
other derivatives =  [ 677.64685809  149.00888345 -124.32792573   28.85099093  354.12649595
   65.45251381]
Current x_clock array =  [-0.56215904 -0.72784724 -0.54348939  0.59385209 -1.92701652 -0.55780901
  0.22699723 -0.33184759 -0.38386237]
log likelihood =  11608.034279975729
Lr derivatives =  [-91.57479414622897, -298.6950210867586, -109.79787882864234]
other derivatives =  [-318.91868275  -58.66659194  733.63080446   59.67031029 -115.20514818
   51.17708497]
Current x_clock array =  [-0.73027743 -0.82039611 -0.36994413  0.50187201 -3.05121181 -0.62155222
  0.29865171 -0.17161619 -0.27808797]
log likelihood =  11535.829084780089
Lr derivatives =  [-3.4702096740970134, -243.3743586869402, -63.071061233729424]
other derivatives =  [-119.07359294  -46.94211384 -234.39533834   73.88662198  -66.51971489
   45.93875929]
Current x_clock array =  [-0.68254889 -0.81380445 -0.53889571  0.49748908 -2.89320451 -0.63444253
  0.23133545 -0.11207729 -0.26137696]
log likelihood =  11506.194794486992
Lr derivatives =  [68.35967144949586, -185.88597527538255, -8.108406659991005]
other derivatives =  [ 125.81349438  -21.6632543  -119.01101971   61.08512025   -8.90013325
   47.80395102]
Current x_clock array =  [-0.63982424 -0.80373806 -0.51737248  0.49108506 -2.75408024 -0.64469528
  0.15511365 -0.03804138 -0.23589055]
log likelihood =  11490.451630739404
Lr derivatives =  [85.46623870864718, -166.84689295946376, 18.442579614436806]
other derivatives =  [79.98914953 -7.12898327  6.63330866 53.6772859  17.69676601 49.44922694]
Current x_clock array =  [-0.6488003  -0.79281431 -0.49372513  0.47681824 -2.65147487 -0.66048965
  0.08348794  0.         -0.2209065 ]
log likelihood =  11483.676283256511
Lr derivatives =  [55.80257194608178, -189.0731793645225, 14.007297327197598]
other derivatives =  [-14.33672878   3.76203388  72.560033    48.56083251  16.32834028
  48.44459909]
Current x_clock array =  [-0.66524922 -0.78061861 -0.48403921  0.44839216 -2.57770545 -0.6880904
  0.01140509  0.         -0.21506256]
log likelihood =  11477.065747692815
Lr derivatives =  [-12.93199637894925, -236.62046501252075, 3.8475817155540852]
other derivatives =  [-72.52765499   8.59199645  94.69604265  36.30102583   8.13397492
  43.64519555]
Current x_clock array =  [-0.67356089 -0.76542933 -0.48730545  0.38743095 -2.47622714 -0.74725517
 -0.10843049  0.         -0.2032625 ]
log likelihood =  11472.262169371232
Lr derivatives =  [-34.766105769351896, -250.1582162738805, -0.724334305484561]
other derivatives =  [-49.41612133   5.99538907  49.54326869  23.79856596  -5.3725671
  37.37986844]
Current x_clock array =  [-0.66805373 -0.76419478 -0.49994088  0.33000163 -2.48914481 -0.80544913
 -0.1302962   0.         -0.1986063 ]
log likelihood =  11466.95082310635
Lr derivatives =  [-27.825243009264028, -246.33278560085213, -6.972428479541392]
other derivatives =  [  2.65790732  -5.25451469 -39.22850738  -0.81290636 -12.04571163
  26.06466296]
Current x_clock array =  [-0.65838595 -0.76958337 -0.52329397  0.22665515 -2.5220992  -0.92676138
 -0.12189255  0.         -0.19880309]
log likelihood =  11465.607141316352
Lr derivatives =  [-16.606929549197815, -239.12147670627544, -6.718325194288539]
other derivatives =  [ 15.21420927  -3.69473128 -46.34202924 -10.61762305  -7.66704034
  21.37676347]
Current x_clock array =  [-0.65696975 -0.76987862 -0.52525627  0.19035349 -2.52603414 -0.98939868
 -0.11267729  0.         -0.19874859]
log likelihood =  11463.507350936932
Lr derivatives =  [2.614326668480359, -223.25471928533864, 5.487926483628414]
other derivatives =  [  4.8235961   -5.86478563 -29.10055628 -18.91930879  -0.63300831
  13.76920409]
Current x_clock array =  [-0.66053281 -0.77317807 -0.51919979  0.16129972 -2.5358398  -1.11392192
 -0.09230657  0.         -0.19100453]
log likelihood =  11462.192355238241
Lr derivatives =  [9.593550351788402, -219.30383214402505, -11.55214590182274]
other derivatives =  [ 44.02045306  13.28862709  23.1228114  -19.16359906   2.72793841
   6.11526048]
Current x_clock array =  [-0.65510273 -0.76775582 -0.50586412  0.16804279 -2.53135534 -1.2542492
 -0.08474431  0.         -0.20027661]
log likelihood =  11461.406852062408
Lr derivatives =  [13.448466595290789, -214.22179346755453, -3.7912888755786724]
other derivatives =  [ -2.11985025   6.18583726  26.17616701 -14.81548679   5.19921741
   3.60614649]
Current x_clock array =  [-0.66354008 -0.77077396 -0.50370633  0.18593591 -2.52463941 -1.32261961
 -0.0829612   0.         -0.19428524]
log likelihood =  11460.921568555194
Lr derivatives =  [9.005127736589422, -215.31931831154247, -0.10761450340817191]
other derivatives =  [-18.35487637   1.0648364   24.39173841  -7.61574483   4.21168806
   1.87337719]
Current x_clock array =  [-0.66612986 -0.77246796 -0.50347416  0.21397156 -2.513754   -1.37639189
 -0.09119062  0.         -0.18970679]
log likelihood =  11460.642439870286
Lr derivatives =  [3.640459631543642, -217.49661581178898, 3.763368522894581]
other derivatives =  [-9.69412213  2.74321792  5.60266926 -0.07948984  1.4415491   0.43492037]
Current x_clock array =  [-0.66394245 -0.77151309 -0.50763632  0.2398348  -2.50438401 -1.42299293
 -0.10225317  0.         -0.18489524]
log likelihood =  11460.620366680454
Lr derivatives =  [-0.8211231245182518, -220.7200417889058, -1.2637345596927645]
other derivatives =  [-1.50503183 -4.24333848  0.97224984  0.40763553 -0.29540388  0.00909495]
Current x_clock array =  [-0.66211976 -0.7740758  -0.50900067  0.24120809 -2.50350615 -1.43427301
 -0.10584997  0.         -0.18687732]
log likelihood =  11460.615795857317
Lr derivatives =  [0.08559627890768695, -220.14857644569344, -0.19969564767400527]
other derivatives =  [-0.52914402 -0.34706318  0.02110028  0.19408617  0.03165042  0.02291927]
Current x_clock array =  [-0.66200995 -0.77250708 -0.5092753   0.24018807 -2.50289823 -1.43396059
 -0.10602382  0.         -0.18632798]
log likelihood =  11460.615641298402
Lr derivatives =  [0.020218342384993093, -220.171886128989, -0.044511416955757]
other derivatives =  [-0.06730261  0.06675691  0.02382876  0.05729817 -0.01018634  0.01400622]
Current x_clock array =  [-0.66193048 -0.77232495 -0.50930663  0.23962297 -2.50293051 -1.43435142
 -0.10620205  0.         -0.18619227]
log likelihood =  11460.615630064727
Lr derivatives =  [0.016962572321254754, -220.16264537149956, 0.002308411428671775]
other derivatives =  [ 0.04329195  0.03055902 -0.02492015  0.01036824 -0.01418812  0.00491127]
Current x_clock array =  [-0.66191058 -0.77233783 -0.50932439  0.23943736 -2.50295477 -1.43468718
 -0.10622415  0.         -0.18615072]
      fun: 11460.615630064727
 hess_inv: <9x9 LbfgsInvHessProduct with dtype=float64>
      jac: array([ 4.32919478e-02,  3.05590220e-02, -2.49201548e-02,  1.03682396e-02,
       -1.41881173e-02,  4.91127139e-03,  1.69625723e-02, -2.20162645e+02,
        2.30841143e-03])
  message: b'CONVERGENCE: REL_REDUCTION_OF_F_<=_FACTR*EPSMCH'
     nfev: 21
      nit: 20
   status: 0
  success: True
        x: array([-0.66191058, -0.77233783, -0.50932439,  0.23943736, -2.50295477,
       -1.43468718, -0.10622415,  0.        , -0.18615072])
