number of sites to be analyzed:  1314
log likelihood =  18862.889992530465
Lr derivatives =  [-1012.3021586822379, -1414.9024546490843, -402.19959536524107]
other derivatives =  [ 211.3651135  -139.57105693  127.56790966   85.91887308 1093.55860332
  150.1168299 ]
Current x_clock array =  [-0.61359634 -0.74814154 -0.63355783  0.74193734 -0.10536052 -0.51082562
 -0.51082562 -0.51082562 -0.51082562]
log likelihood =  17980.449137489748
Lr derivatives =  [392.28073196338715, -616.0280873341446, 14.51941568329093]
other derivatives =  [-759.81406553  -73.75056157 -295.65635487   26.29603841  861.81498773
  191.57669158]
Current x_clock array =  [-0.75261946 -0.74768234 -0.71746424  0.68542514 -0.82463685 -0.60956334
  0.15500516 -0.51048963 -0.51048963]
log likelihood =  17496.805386880653
Lr derivatives =  [634.8213415862933, -278.6922477313876, 140.40642586775786]
other derivatives =  [1156.83942568  152.61830413 -132.40060071    8.55980034  587.72930061
  139.13631847]
Current x_clock array =  [-0.52823587 -0.72791374 -0.64445536  0.64823733 -1.49989743 -0.73032944
  0.32417886 -0.36299233 -0.54107162]
log likelihood =  17139.38312816069
Lr derivatives =  [170.0315743331486, -379.3598417201546, 17.925612899537725]
other derivatives =  [358.2717909  124.17367543 163.19027054  60.2183718  137.02374417
  83.08634278]
Current x_clock array =  [-0.60690191 -0.74743432 -0.56833688  0.61462938 -2.17747241 -0.85640718
  0.3673009  -0.2263618  -0.60170038]
log likelihood =  17031.615585011004
Lr derivatives =  [8.812359638054037, -321.82212299090224, 26.824428340058148]
other derivatives =  [ 52.2712071  -40.42012733 -71.0166205   73.73673725 -84.98536772
  60.60836313]
Current x_clock array =  [-0.64192654 -0.79575863 -0.60358441  0.57332861 -2.50625572 -0.94386007
  0.32930167 -0.00887753 -0.63003036]
log likelihood =  17018.505144266484
Lr derivatives =  [53.150000809194985, -305.0137979754837, 29.544469296590044]
other derivatives =  [-41.08878784   5.61049092  34.77180144  56.70299288 -30.61541065
  61.60989869]
Current x_clock array =  [-0.65462687 -0.78092749 -0.5852106   0.54548242 -2.40656105 -0.95950942
  0.29433693  0.         -0.6311026 ]
log likelihood =  17009.206569909693
Lr derivatives =  [71.85251857977059, -320.9455560081292, 1.2300276660649416]
other derivatives =  [-67.08796718  25.53424565  21.42915037  33.08668965  29.72738002
  58.31534509]
Current x_clock array =  [-0.65679047 -0.77015874 -0.59237274  0.49539195 -2.25141784 -0.99535365
  0.21965499  0.         -0.63791231]
log likelihood =  17001.165398609173
Lr derivatives =  [14.738614332643735, -365.28577785186604, -27.277487279683868]
other derivatives =  [-41.60647222 -21.87261998 127.53771443  -7.18573574  32.1520929
  45.3692337 ]
Current x_clock array =  [-0.65214579 -0.77846472 -0.57640235  0.39780073 -2.1856942  -1.11469394
  0.146438    0.         -0.61842479]
log likelihood =  16995.53664001367
Lr derivatives =  [-23.399365951315602, -380.3883757164449, -22.370319128403835]
other derivatives =  [-12.98139978  40.55655154   1.45155354 -28.47955329   8.20655259
  33.336255  ]
Current x_clock array =  [-0.64791296 -0.75935287 -0.60331386  0.32943548 -2.18572351 -1.23417817
  0.10520246  0.         -0.58979968]
log likelihood =  16993.324313385987
Lr derivatives =  [-21.994873139167474, -366.7438404970492, 2.4900444022448056]
other derivatives =  [ 17.67984941  -4.93928383 -14.41367203 -29.62988219 -12.89299689
  29.1307515 ]
Current x_clock array =  [-0.64461698 -0.77378186 -0.60493185  0.31903127 -2.23235262 -1.29485484
  0.1189668   0.         -0.57147777]
log likelihood =  16991.526571173803
Lr derivatives =  [-17.103895879972253, -358.00377455802754, 12.81441841535478]
other derivatives =  [ 16.38036338  -9.44710337 -14.74691089 -27.24773367 -19.95686034
  24.11179594]
Current x_clock array =  [-0.64527486 -0.7762981  -0.60368873  0.32207503 -2.24956501 -1.36608202
  0.12698945  0.         -0.56273768]
log likelihood =  16986.62354261591
Lr derivatives =  [1.8136826449339658, -345.1885910648655, 6.412546688895901]
other derivatives =  [ 12.04680302 -65.32391126 -40.29752745 -10.06992534  -5.95209713
   8.62055458]
Current x_clock array =  [-0.645957   -0.7937994  -0.60618053  0.37080682 -2.22309266 -1.64489297
  0.13100375  0.         -0.55704924]
log likelihood =  16985.288403140574
Lr derivatives =  [-10.845557011731753, -347.33725030596196, 2.069816702011792]
other derivatives =  [  3.50955816  38.92455425  32.43658284   9.1491529  -20.73247742
   1.35842129]
Current x_clock array =  [-0.64757431 -0.76624617 -0.59006844  0.41220433 -2.22864465 -1.85384911
  0.12593595  0.         -0.54804534]
log likelihood =  16984.60013883058
Lr derivatives =  [-3.229299809416915, -345.6132420797652, 2.694791094178555]
other derivatives =  [-12.57976692  -0.14733814   1.72949512   1.99979695  -2.70301825
   1.19871402]
Current x_clock array =  [-0.64918675 -0.77553401 -0.596967    0.40016396 -2.19549911 -1.87784561
  0.11454635  0.         -0.54483248]
log likelihood =  16984.57635286132
Lr derivatives =  [1.2920398476179322, -343.09274591695777, 3.084104089865093]
other derivatives =  [11.50401658 -0.27939677  0.2579327   0.86984073  1.47265382  0.66102075]
Current x_clock array =  [-0.64626334 -0.77565814 -0.59739361  0.39956754 -2.18884779 -1.89998345
  0.11299226  0.         -0.54406622]
log likelihood =  16984.564142200044
Lr derivatives =  [-0.8033185814301476, -344.2701052285797, 2.163549397123461]
other derivatives =  [ 1.36024028 -0.25866029  0.13242243  1.1335942   0.55770215  0.45802153]
Current x_clock array =  [-0.64747587 -0.77554948 -0.59739602  0.39952401 -2.18893984 -1.90867513
  0.11215183  0.         -0.54375513]
log likelihood =  16984.561075197184
Lr derivatives =  [-1.27507974394846, -344.40295462142006, 1.7855787204667166]
other derivatives =  [-0.60281309 -0.15643309  0.12405508  1.09357643  0.06257324  0.26702764]
Current x_clock array =  [-0.6477282  -0.77553223 -0.59736325  0.39920739 -2.18952601 -1.91621515
  0.11214816  0.         -0.54360774]
log likelihood =  16984.557440558558
Lr derivatives =  [-0.8755220275218392, -344.17901314415633, 0.8472810889514193]
other derivatives =  [-0.79744495  0.07057679 -0.23283064  0.58607839 -0.20299922  0.03856258]
Current x_clock array =  [-0.64780417 -0.77553127 -0.59738816  0.39799218 -2.1907191  -1.92343257
  0.11300193  0.         -0.54416463]
log likelihood =  16984.556472739496
Lr derivatives =  [-0.23719731017797585, -344.13655819536996, -0.2693839210428024]
other derivatives =  [ 0.18662831 -0.02910383  0.96588337 -0.2230081  -0.0345608   0.03128662]
Current x_clock array =  [-0.64773536 -0.77559734 -0.59715323  0.39634245 -2.1916961  -1.92081341
  0.11409583  0.         -0.5453136 ]
log likelihood =  16984.556494413548
Lr derivatives =  [0.3486976254399359, -343.67771928228024, 0.12044858214049725]
other derivatives =  [ 1.35696610e-01  7.87258614e-01 -1.03755156e+00 -8.14907253e-02
  9.45874490e-02  7.27595761e-04]
Current x_clock array =  [-0.64775148 -0.77539664 -0.59752928  0.39662563 -2.19163409 -1.922115
  0.11424294  0.         -0.54515833]
log likelihood =  16984.55633927662
Lr derivatives =  [0.04464624144404539, -343.91582646200993, -0.0818550486457923]
other derivatives =  [ 0.16225385  0.36343408  0.00145519 -0.1553417   0.02764864  0.01600711]
Current x_clock array =  [-0.64774312 -0.77550078 -0.59733416  0.3964787  -2.19166627 -1.92143963
  0.11416661  0.         -0.5452389 ]
log likelihood =  16984.556285612605
Lr derivatives =  [-0.03670296117384453, -343.91662734130597, 0.026831765577227884]
other derivatives =  [ 0.02073648  0.11496013  0.02328306 -0.03856258  0.00800355  0.00291038]
Current x_clock array =  [-0.64775421 -0.77556732 -0.59732441  0.39673922 -2.19155567 -1.92239137
  0.11405508  0.         -0.54509292]
log likelihood =  16984.55628042639
Lr derivatives =  [-0.028502764871337405, -343.9076157737828, 0.016655186396079102]
other derivatives =  [ 0.02764864  0.02910383  0.00291038 -0.01018634 -0.01127773 -0.0007276 ]
Current x_clock array =  [-0.64775353 -0.77559456 -0.59732447  0.39680306 -2.19161076 -1.92248994
  0.11409664  0.         -0.54510715]
      fun: 16984.55628042639
 hess_inv: <9x9 LbfgsInvHessProduct with dtype=float64>
      jac: array([ 2.76486389e-02,  2.91038305e-02,  2.91038305e-03, -1.01863407e-02,
       -1.12777343e-02, -7.27595761e-04, -2.85027649e-02, -3.43907616e+02,
        1.66551864e-02])
  message: b'CONVERGENCE: REL_REDUCTION_OF_F_<=_FACTR*EPSMCH'
     nfev: 23
      nit: 21
   status: 0
  success: True
        x: array([-0.64775353, -0.77559456, -0.59732447,  0.39680306, -2.19161076,
       -1.92248994,  0.11409664,  0.        , -0.54510715])
