number of sites to be analyzed:  271
log likelihood =  3192.577676430781
Lr derivatives =  [-20.911697584087285, -174.9713621131696, -88.86471339247188]
other derivatives =  [ 44.44104889  -2.72557372  18.91576176 -12.27303983 240.98198992
  -0.25374902]
Current x_clock array =  [-0.59237281 -0.76602405 -0.67514833  0.74193734 -0.10536052 -0.51082562
 -0.51082562 -0.51082562 -0.51082562]
log likelihood =  3006.6966651825314
Lr derivatives =  [-30.37365730058371, -165.26951445689315, -96.66273107610179]
other derivatives =  [-192.47891032   13.52595973  -44.51890163    4.0771738   160.57620087
    4.72177817]
Current x_clock array =  [-0.77231798 -0.76312481 -0.75173968  0.79163181 -1.0811148  -0.50979817
 -0.42615258 -0.50875725 -0.50875725]
log likelihood =  2836.0678631641995
Lr derivatives =  [-36.805045471446704, -83.54564882183402, -28.918065472698142]
other derivatives =  [362.87137846  32.18865459 -65.59989743  35.82299541 -41.24462976
  17.92277544]
Current x_clock array =  [-0.42671054 -0.81058685 -0.74196825  0.87636799 -3.62833805 -0.52507164
 -0.14475904 -0.212269   -0.30896278]
log likelihood =  2792.6217670041237
Lr derivatives =  [1.4831666979680398, -42.286332215203444, 6.3117913678991915]
other derivatives =  [-153.18223632  -15.97568371   39.1350568    29.01533662  -19.72694008
   21.17844815]
Current x_clock array =  [-0.717921   -0.87634999 -0.56980497  0.80132719 -3.42143151 -0.55778028
 -0.0835937  -0.02386695 -0.22053754]
log likelihood =  2779.442377572453
Lr derivatives =  [20.028609155295594, -32.82341830702755, 9.326671118794422]
other derivatives =  [-61.81762728  -6.52539711  19.02953954  25.42005859  -0.9440555
  20.78932084]
Current x_clock array =  [-0.64288274 -0.86104254 -0.59583742  0.78037202 -3.17542975 -0.56640924
 -0.11318053 -0.0165084  -0.23524132]
log likelihood =  2774.708156929844
Lr derivatives =  [22.80836023951518, -32.11234532461253, 6.075161920152435]
other derivatives =  [22.48052624 -0.40608938  0.76847755 21.95542947  4.68362487 19.11507752]
Current x_clock array =  [-0.58536598 -0.85074567 -0.62244427  0.73943955 -3.0782641  -0.59782969
 -0.16446955  0.         -0.25746916]
log likelihood =  2772.929159247291
Lr derivatives =  [16.74308957439659, -36.91570257614646, 1.3450882011960203]
other derivatives =  [31.85787136  0.81213329 -5.12618499 20.38677849  3.55994416 17.68466973]
Current x_clock array =  [-0.57944781 -0.84662242 -0.63293387  0.70460303 -3.05553919 -0.62675662
 -0.20163517  0.         -0.27098112]
log likelihood =  2767.7158508077164
Lr derivatives =  [-13.622445761782426, -58.76664057399077, -16.475078648939046]
other derivatives =  [21.58449206  2.2317181  -5.90671334  9.17170837  2.01016519 11.18123691]
Current x_clock array =  [-0.58590889 -0.83042341 -0.64865279  0.50885553 -2.95018766 -0.78848715
 -0.35460681  0.         -0.29973599]
log likelihood =  2765.294814261621
Lr derivatives =  [-8.812585359724853, -53.39704062439513, -7.149082138767316]
other derivatives =  [  1.31881279   3.163359   -17.49704097   3.3213837    0.92290975
   9.21540959]
Current x_clock array =  [-0.59961051 -0.82832044 -0.66414334  0.4064518  -2.99827664 -0.89103275
 -0.34353269  0.         -0.25121394]
log likelihood =  2763.739542644993
Lr derivatives =  [-5.812393894215592, -47.05398163657888, 7.844057174068464]
other derivatives =  [ 2.72693796  1.35455593  7.40387804 -4.66370693 -0.83437044  6.66555025]
Current x_clock array =  [-0.60173446 -0.83275644 -0.62868988  0.271437   -3.07897286 -1.05109605
 -0.31860196  0.         -0.18964619]
log likelihood =  2763.273490313374
Lr derivatives =  [-0.9317618245964554, -44.71166526664715, 3.954561898529395]
other derivatives =  [-4.49358595 -1.93062988 -1.49584594 -4.44870238 -0.61240826  5.74032128]
Current x_clock array =  [-0.60662671 -0.84058147 -0.63769018  0.27013719 -3.09345441 -1.0962488
 -0.29147896  0.         -0.20527333]
log likelihood =  2762.904526935389
Lr derivatives =  [3.2105234901288338, -42.944727990877155, -1.3469291890958726]
other derivatives =  [-4.84242264 -0.92650225 -2.80633685 -4.69608494 -0.10250005  4.24874997]
Current x_clock array =  [-0.60771848 -0.84131108 -0.63702908  0.26567458 -3.10186693 -1.176445
 -0.26635545  0.         -0.22652768]
log likelihood =  2762.4586071270232
Lr derivatives =  [4.345081409170528, -42.06406170151831, -2.811454070395513]
other derivatives =  [-3.01461114 -3.80532583 -5.03014235 -3.46881279 -0.3004061   2.64162736]
Current x_clock array =  [-0.60661827 -0.84746317 -0.63847745  0.28855364 -3.10312983 -1.2931651
 -0.26001687  0.         -0.22957094]
log likelihood =  2762.568805228845
Lr derivatives =  [6.4731301391768215, -40.78010394941606, -2.7286513897450213]
other derivatives =  [-3.73238436 29.55739546 -2.80906534  1.34841684 -1.01949809  0.28867362]
Current x_clock array =  [-0.60845355 -0.79588348 -0.63379456  0.37028306 -3.08613628 -1.54955042
 -0.2695565   0.         -0.22133239]
log likelihood =  2762.174598297326
Lr derivatives =  [5.260212855852332, -41.51620917422559, -2.8426365572276833]
other derivatives =  [-3.38045538 10.90311343 -4.05802894 -1.28702595 -0.6441951   1.40230441]
Current x_clock array =  [-0.60745889 -0.82383785 -0.63633252  0.3259886  -3.09534618 -1.41059863
 -0.26438636  0.         -0.22579739]
log likelihood =  2761.8142808649063
Lr derivatives =  [1.135106851948149, -43.01887661825006, -2.3428799058523957]
other derivatives =  [ 0.49972186  0.56088538 -0.7131348   0.01400622 -0.10850272  0.34488039]
Current x_clock array =  [-0.60418821 -0.83927658 -0.63301573  0.35855548 -3.06541217 -1.56028111
 -0.2873745   0.         -0.21543056]
log likelihood =  2761.783645208502
Lr derivatives =  [0.19170111665958778, -42.87501616241124, 0.22150304154173028]
other derivatives =  [-0.01405169 -0.31759555 -0.43246473  0.09149517 -0.02346496  0.08358256]
Current x_clock array =  [-0.60447214 -0.84009993 -0.63306329  0.36050511 -3.05959333 -1.61764609
 -0.29582447  0.         -0.20389995]
log likelihood =  2761.7829670317374
Lr derivatives =  [-0.16782708835891463, -43.08575129828703, -0.06631483179367592]
other derivatives =  [-0.50540621 -0.10641088  0.38994585  0.04010872 -0.00513865  0.02078195]
Current x_clock array =  [-0.60480522 -0.83958835 -0.63210614  0.36019728 -3.05784842 -1.62820634
 -0.29731364  0.         -0.20419107]
log likelihood =  2761.7828811735744
Lr derivatives =  [-0.07714812694955384, -43.01556599686556, 0.021288413000508655]
other derivatives =  [ 0.64142114  0.10513759 -0.0082764  -0.02837623  0.01805347 -0.00136424]
Current x_clock array =  [-0.6041032  -0.83927507 -0.6326652   0.35916767 -3.05782032 -1.63160281
 -0.29748064  0.         -0.20383043]
log likelihood =  2761.782710116909
Lr derivatives =  [-0.02533251862404963, -42.987901645457576, 0.013351038254167946]
other derivatives =  [ 0.02810339  0.00482032  0.01969056 -0.00241016  0.00304681  0.00650289]
Current x_clock array =  [-0.60448817 -0.83945801 -0.6325706   0.35942584 -3.05827481 -1.6302756
 -0.29699202  0.         -0.20396277]
log likelihood =  2761.7827051670088
Lr derivatives =  [-0.007137252568783392, -42.9765325221514, 0.004436049159405542]
other derivatives =  [-0.00645741  0.00200089  0.00350155 -0.00177351  0.00341061  0.00268301]
Current x_clock array =  [-0.60451267 -0.83947028 -0.63258097  0.35943231 -3.05832738 -1.63084184
 -0.29690222  0.         -0.20399277]
      fun: 2761.7827051670088
 hess_inv: <9x9 LbfgsInvHessProduct with dtype=float64>
      jac: array([-6.45741238e-03,  2.00088834e-03,  3.50155460e-03, -1.77351467e-03,
        3.41060513e-03,  2.68300937e-03, -7.13725257e-03, -4.29765325e+01,
        4.43604916e-03])
  message: 'CONVERGENCE: REL_REDUCTION_OF_F_<=_FACTR*EPSMCH'
     nfev: 21
      nit: 19
     njev: 21
   status: 0
  success: True
        x: array([-0.60451267, -0.83947028, -0.63258097,  0.35943231, -3.05832738,
       -1.63084184, -0.29690222,  0.        , -0.20399277])
{('N0', 'N1'): [0.6495301797943491, 0.6495301797943491], ('N0', 'ENSLOCG'): [0.0, 0.0], ('N1', 'ENSGACG'): [10.411298632936102, 10.476468769479371], ('N1', 'ENSDARG'): [11.22435883238362, 11.148352736995903]}
