number of sites to be analyzed:  334
log likelihood =  -6775.219108917118
Edge derivatives =  [141.6881049756902, 72.26229368728046, 278.3206045182036, 340.1864639452692]
other derivatives: [  -2.94767233   66.45050235  -42.76362233   86.12560123 -172.03683456
  101.94844435]
Current x array =  [-0.6455934  -0.74189928 -0.5779319   0.          0.          1.25276297
 -4.60517019 -4.60517019 -4.60517019 -4.60517019]
log likelihood =  -6282.833736932598
Edge derivatives =  [132.64611234644903, 68.81247562157411, 269.2842083786096, 338.7555944358154]
other derivatives: [  24.9853656    74.38693501   12.38886398   51.30605132 -131.29892977
   88.09820429]
Current x array =  [-0.65140371 -0.74053544 -0.66222539  0.16976643 -0.33911031  1.26409163
 -4.32588176 -4.46273041 -4.05655868 -3.93461183]
log likelihood =  -4854.7040450964405
Edge derivatives =  [73.65774869779828, 38.3766017138004, 182.82453291934968, 180.3612771017388]
other derivatives: [ 113.20398698   66.42185326  133.99248928 -102.0612217    57.21840353
  -78.74050425]
Current x array =  [-0.67464492 -0.73508009 -0.99939935  0.84883215 -1.69555155  1.30940628
 -3.20872805 -3.89297129 -1.86211267 -1.2523784 ]
log likelihood =  -12166.101589678448
Edge derivatives =  [-6.2293862630376236, -1.127092614207639, -295.6532830456553, -8.332243501996303e-05]
other derivatives: [-32466.16433898 -30915.65286013 -12713.78405363    460.02751333
    -75.04568202    474.84445531]
Current x array =  [-0.05       -0.05       -0.05        0.30273646 -2.43305007 -0.09697205
 -1.09549977 -2.80510054  2.76440991  3.86517444]
log likelihood =  -4452.24545260752
Edge derivatives =  [12.644872017824989, 10.319851777035195, 39.049209471514644, -67.20751072757741]
other derivatives: [-527.05890994 -310.20890674  126.33799997  -42.58599802  -36.03117875
  -97.76194929]
Current x array =  [-0.46874844 -0.50926288 -0.68645679  0.6688272  -1.93864701  0.84583356
 -2.51216229 -3.53438556 -0.33711075  0.43447771]
log likelihood =  -4482.653449135565
Edge derivatives =  [1.8087028333952015, 4.265643744450513, -44.757919591818286, -156.2000218806189]
other derivatives: [ 415.24745029   -2.02353476 -358.22213249   27.90638973 -152.40693756
  -54.61024557]
Current x array =  [-0.98044867 -0.76750196 -0.38145268  0.53223331 -2.09664712  0.51415052
 -2.16519299 -3.35126281  0.43606702  1.1591097 ]
log likelihood =  -4367.520181849366
Edge derivatives =  [7.8457465202572285, 7.506064112518731, 8.502081522406497, -93.68854825073335]
other derivatives: [  67.44949133 -147.37679521   26.48694135  -16.70341589  -71.08064892
  -84.31879905]
Current x array =  [-0.69873746 -0.62533113 -0.5493695   0.60743365 -2.00966181  0.69675515
 -2.35621331 -3.45207913  0.01040208  0.76017113]
log likelihood =  -4345.4077845566135
Edge derivatives =  [12.410001332414119, 9.947382324331354, 31.86153539066953, -56.16921519398449]
other derivatives: [ 50.83584256 -33.06113285 -25.06876626 -15.99419193 -46.77876859
 -84.6455805 ]
Current x array =  [-0.6817318  -0.70794476 -0.52219798  0.56749661 -1.96901784  0.66581633
 -2.42612368 -3.48602895 -0.13354617  0.53542698]
log likelihood =  -4321.325033461389
Edge derivatives =  [12.458942951937585, 11.015742968056562, 21.983231460332945, -34.05293722849094]
other derivatives: [ 14.66496542  28.55613275 -25.36498869  -7.01402314 -33.73452273
 -66.64286047]
Current x array =  [-0.66045624 -0.77685308 -0.52334845  0.4985525  -2.01252452  0.4813087
 -2.40331783 -3.46760006 -0.06301482  0.43728398]
log likelihood =  -4293.625633553926
Edge derivatives =  [13.003535999846031, 14.374639285104053, 1.5634422855370185, 19.98792563007375]
other derivatives: [ 14.9508196   37.65144356 -29.60205165   4.47507773   1.84036253
 -28.78841769]
Current x array =  [-0.65773648 -0.78747136 -0.52051592  0.3694892  -2.14826349  0.03620386
 -2.33581911 -3.40778073  0.0729544   0.20992332]
log likelihood =  -4293.98620191834
Edge derivatives =  [6.011399521672485, 13.08565562193705, -36.380859479639355, -27.086705821609517]
other derivatives: [-62.509298    74.998934    78.05783753   5.53418431 -21.57303243
  -2.09838618]
Current x array =  [-0.62538615 -0.86792553 -0.57330264  0.39086795 -2.34342128 -0.34527197
 -2.0952694  -3.22122108  0.34856193  0.53481608]
log likelihood =  -4288.2308583720405
Edge derivatives =  [9.37279389216693, 13.675885340256539, -17.111845846522407, -3.3928208257209933]
other derivatives: [-20.87508619  55.30509952  22.2563358    4.56439011  -7.06213541
 -15.30406735]
Current x array =  [-0.64204212 -0.82650272 -0.54612475  0.37986084 -2.24294192 -0.1488645
 -2.21911934 -3.31727359  0.20666204  0.36754109]
log likelihood =  -4283.2426196205315
Edge derivatives =  [8.796229347982363, 14.774833735507668, -16.45156348432652, -0.9131083718731553]
other derivatives: [-18.59107215  15.67714207 -31.93363227   5.76092134   0.26948328
  -3.60842023]
Current x array =  [-0.64559622 -0.78202059 -0.50771733  0.36420723 -2.30364845 -0.34503713
 -2.1433734  -3.23818899  0.22267597  0.37479759]
log likelihood =  -4281.91863686339
Edge derivatives =  [9.375910828646536, 16.507786807869643, -3.310960279555789, 8.625772634900576]
other derivatives: [ 21.32701411 -23.57028279  39.96474334  -3.70064299  23.91871021
   4.97611836]
Current x array =  [-0.66169554 -0.73647347 -0.55585606  0.38329788 -2.36445679 -0.51257074
 -2.0764682  -3.14563266  0.1490582   0.33366573]
log likelihood =  -4279.841655846884
Edge derivatives =  [8.686371818417532, 16.119299269633494, -4.745537219573823, -2.0090430664750736]
other derivatives: [  1.28602551 -15.93962224   6.2482286   -0.25984264  12.60314093
   4.61377567]
Current x array =  [-0.65381867 -0.74701667 -0.53183432  0.38084461 -2.33629969 -0.50941789
 -2.05768278 -3.12244845  0.15108421  0.37624684]
log likelihood =  -4278.269195998776
Edge derivatives =  [8.33575046584346, 16.244554878413382, -1.505598459469529, -10.10167538511899]
other derivatives: [ -9.01391104  -7.56263034 -13.29908628   1.35432856   5.18348315
   5.62959031]
Current x array =  [-0.64948636 -0.75609608 -0.52023796  0.38116757 -2.2993483  -0.53856985
 -2.01866628 -3.06035786  0.11537379  0.39380392]
log likelihood =  -4275.529539405034
Edge derivatives =  [7.904417812878582, 16.99531581422741, 6.546976628896494, -18.811950431169073]
other derivatives: [-15.75526767   5.9044396  -27.47929102   2.37478162  -3.42370186
   8.40227585]
Current x array =  [-0.64614683 -0.76854453 -0.5143938   0.38350342 -2.22478497 -0.61891316
 -1.92265731 -2.89828963  0.02461111  0.38417875]
log likelihood =  -4270.472614773162
Edge derivatives =  [5.532266288439271, 18.106990628568035, 13.080581823127584, -23.774733352151355]
other derivatives: [-17.90849637  16.5136953  -32.82357284   2.79351298 -14.29170879
  12.7462954 ]
Current x array =  [-0.64488858 -0.77646782 -0.51514637  0.38846851 -2.10333182 -0.76943132
 -1.71354889 -2.54076405 -0.10923095  0.31838542]
log likelihood =  -4263.428990088274
Edge derivatives =  [-15.229563411805746, 11.003164324748406, 7.943696167998105, -20.677815595427134]
other derivatives: [-59.38454706  12.00887709 -37.40569809   1.43172656 -33.71533239
  17.06957846]
Current x array =  [-0.62767452 -0.77481811 -0.51183951  0.42134184 -1.92887107 -1.00582274
 -1.18505523 -1.5732913  -0.30692848  0.16901083]
log likelihood =  -4281.035521624276
Edge derivatives =  [-16.272342050686067, 8.854243244244497, -1.8707511852895307, -19.629832520217377]
other derivatives: [227.13838916  84.72643458 -57.32963473   5.78302206 -32.87095751
  16.18473107]
Current x array =  [-0.79914566 -0.86702508 -0.48766024  0.41506789 -2.02993451 -0.96199532
 -1.15099681 -1.36514725 -0.16431268  0.24073139]
log likelihood =  -4262.098277590846
Edge derivatives =  [-15.419391046411679, 10.596174304672232, 6.094172589974437, -20.22559442191298]
other derivatives: [ 10.38797564  28.14240361 -40.49552444   1.74959496 -33.31770131
  16.86157702]
Current x array =  [-0.661877   -0.79321017 -0.50701659  0.42009041 -1.94902968 -0.99708071
 -1.17826177 -1.53177387 -0.27848163  0.18331657]
log likelihood =  -4256.434548289559
Edge derivatives =  [-7.162699340262145, 13.435994602151652, 5.508979169804832, -8.14027915194588]
other derivatives: [ 16.54152584  18.85564416 -18.71376298  -1.73513399 -16.20664989
  11.31429599]
Current x array =  [-0.66325375 -0.78051671 -0.52030973  0.42680476 -2.03030462 -0.79596322
 -1.32969806 -1.7110654  -0.2017558   0.17126941]
log likelihood =  -4250.477814275702
Edge derivatives =  [-8.815678275484041, 8.025127907902391, -0.2754917756951844, 6.545979092791801]
other derivatives: [17.50177034 -5.00149326 14.69261406 -5.48043317 -3.75403033 -0.90840331]
Current x array =  [-0.66420076 -0.75609945 -0.53910812  0.43761556 -2.09943713 -0.51327868
 -1.32822021 -1.3960737  -0.1582921   0.11389651]
log likelihood =  -4248.9396806153345
Edge derivatives =  [-10.396657345358113, 4.463424672028927, -0.2912166130489054, 11.328125814590459]
other derivatives: [ 4.00068529  5.56683517 17.70513336 -4.34447429  5.11881808 -1.28811735]
Current x array =  [-0.65709485 -0.77399419 -0.53682736  0.41930897 -2.18918772 -0.52014133
 -1.31433394 -1.17241243 -0.12759944  0.12820058]
log likelihood =  -4248.131111866022
Edge derivatives =  [-10.445290579852943, -0.05055509115895801, -4.962007486288307, 4.320785959821403]
other derivatives: [  2.80579115 -35.28421075 -17.09968274   1.11213012   4.85451892
  -3.59041223]
Current x array =  [-0.66097092 -0.73760401 -0.5094993   0.37402662 -2.27878175 -0.49029967
 -1.39281105 -0.95231497 -0.06048346  0.21063581]
log likelihood =  -4246.969149245867
Edge derivatives =  [-9.032510442073965, 2.097141688405512, -5.171804348940477, 0.8204137078485593]
other derivatives: [-3.24043867 -6.73862814  1.75805326  2.40879672  4.83023541 -2.23453753]
Current x array =  [-0.6562606  -0.76857011 -0.52147714  0.36153609 -2.30002293 -0.52234285
 -1.44451435 -0.99772378 -0.04070269  0.25055294]
log likelihood =  -4246.521669404547
Edge derivatives =  [-8.426859367692858, 2.4480790428601877, -4.268173874281567, -2.4734279002737654]
other derivatives: [-3.94247763 -0.05857146  3.37913661  3.42097337  3.44571163 -1.34750735]
Current x array =  [-0.65567595 -0.7761505  -0.52281514  0.3528325  -2.2998419  -0.54833438
 -1.48816898 -0.99097003 -0.04639319  0.27221647]
log likelihood =  -4245.299869050748
Edge derivatives =  [-6.4653373410535355, 2.511320420192181, 0.806154616680392, -7.810794919590814]
other derivatives: [-3.35721779 11.22352842  2.46127456  4.40813892  1.75441528 -0.43273758]
Current x array =  [-0.65519916 -0.78765826 -0.52379554  0.34228142 -2.28070513 -0.59539356
 -1.64384811 -0.93428999 -0.08946458  0.29758789]
log likelihood =  -4243.935171556909
Edge derivatives =  [-4.77602233376215, -0.09124854322062204, 4.540466669923738, -11.47586922414466]
other derivatives: [-1.48256731 11.68727977 12.09255061  4.0944542  -1.53768269 -0.23756002]
Current x array =  [-0.65577114 -0.78657416 -0.53174546  0.34116362 -2.23678352 -0.64217256
 -1.88238693 -0.80671851 -0.13770483  0.29508061]
log likelihood =  -4254.667643930044
Edge derivatives =  [1.2952210207604153, 9.38851184017967, 19.40790584541228, 4.94339617344564]
other derivatives: [ -36.79806468   66.57992344 -174.43771867    2.16195986   -6.15209501
   -8.12533472]
Current x array =  [-0.63741135 -0.84315623 -0.43384483  0.40253545 -2.07639641 -0.54581079
 -2.83336902 -0.8710776  -0.21276812  0.15785592]
log likelihood =  -4243.387279020746
Edge derivatives =  [-2.877339424542515, 1.7137666715556972, 7.379636708252613, -8.65211322405684]
other derivatives: [ -7.10670065  22.7451892  -17.87484507   3.69982445  -1.55432645
  -1.83417797]
Current x array =  [-0.65247406 -0.79673525 -0.51416432  0.35218487 -2.20798097 -0.62486777
 -2.05316568 -0.81827621 -0.15118481  0.2704376 ]
log likelihood =  -4242.333805561766
Edge derivatives =  [-1.9700349213410078, -0.9624078130959237, 7.863892203185173, -7.4255428578025295]
other derivatives: [-3.05353751 11.31647878 -5.71271812  2.0945663  -2.99742169 -2.65863491]
Current x array =  [-0.65457986 -0.78175469 -0.52273865  0.36034928 -2.17323703 -0.63544726
 -2.30017681 -0.73189209 -0.16654068  0.24506436]
log likelihood =  -4241.465656712028
Edge derivatives =  [-1.07859040491695, -1.2328222756499851, 5.200887176965381, -3.4262453324086817]
other derivatives: [ 0.68057489 -2.26000338  1.53286237  0.20781954 -2.09802238 -2.34167601]
Current x array =  [-0.65648659 -0.76492166 -0.52794233  0.36994121 -2.15598579 -0.66458798
 -2.59862696 -0.70926151 -0.14332711  0.21457947]
log likelihood =  -4241.024568042469
Edge derivatives =  [-0.6316705540561988, -1.27270958814323, 0.7804130539219201, 0.9229524475013975]
other derivatives: [ 6.72753231 -4.94019332  1.25637598 -0.26093403 -0.07830749 -1.05910658]
Current x array =  [-0.65969173 -0.76259948 -0.52651356  0.3706733  -2.16874232 -0.71267191
 -2.88288527 -0.68283053 -0.09699392  0.19939296]
log likelihood =  -4242.679184075487
Edge derivatives =  [-0.3124664210661314, 1.1687901066164639, -5.56261802816917, 0.06970297695858418]
other derivatives: [-81.46007531 -18.07684384   7.17263902  -0.50804374  -2.80906534
   1.26437953]
Current x array =  [-0.61757399 -0.75031607 -0.53397082  0.37601968 -2.14889732 -0.78668311
 -3.24739489 -0.74729206 -0.06455636  0.18759642]
log likelihood =  -4240.981719452664
Edge derivatives =  [-0.5689514759687657, -0.9075902929068527, -0.020577678878157764, 0.8166511336055591]
other derivatives: [-4.6524292  -6.6769644   2.07073754 -0.33560354 -0.40363375 -0.73787305]
Current x array =  [-0.65390414 -0.76091156 -0.5275383   0.37140797 -2.16601533 -0.72284214
 -2.93297422 -0.69168849 -0.09253652  0.19777194]
log likelihood =  -4240.886988356911
Edge derivatives =  [-0.39546940403001707, -0.43840386666386266, -1.24999551974894, 1.7987608304368699]
other derivatives: [-1.37033567 -2.3859684   0.48175934 -0.22700988 -0.26029738  0.01837179]
Current x array =  [-0.65540958 -0.76568649 -0.52617436  0.37082731 -2.16767845 -0.75072467
 -3.08031294 -0.68801392 -0.07824     0.19563821]
log likelihood =  -4240.846338331974
Edge derivatives =  [-0.2821354147093168, -0.032954270707610256, -1.1677845650630594, 1.0522643281147448]
other derivatives: [ 0.30286174  0.02664819 -0.30740921 -0.018008   -0.48821676  0.60626917]
Current x array =  [-0.65615572 -0.76840496 -0.52562342  0.36918926 -2.16784151 -0.7726527
 -3.19652532 -0.68680403 -0.07560886  0.2012258 ]
log likelihood =  -4240.825907760767
Edge derivatives =  [-0.18795334655595852, 0.11012679725615326, -0.3663345218165561, 0.6012409913466445]
other derivatives: [ 0.46693458  1.40389602  0.22619133 -0.07376002 -0.25047484  0.81436156]
Current x array =  [-0.65608172 -0.76990222 -0.52605586  0.36879026 -2.1681452  -0.78342849
 -3.29672901 -0.68192549 -0.07864738  0.20494594]
log likelihood =  -4240.817964183892
Edge derivatives =  [-0.10941030767133963, 0.09921276624831954, 0.10739768690363528, -0.595289723014377]
other derivatives: [ 0.97516022 -1.67401595 -3.36585799  0.15561454 -0.42018655  0.97552402]
Current x array =  [-0.65657591 -0.76667427 -0.5236253   0.3669239  -2.16971814 -0.79284222
 -3.4302409  -0.67417992 -0.07915602  0.2125829 ]
log likelihood =  -4240.804274528343
Edge derivatives =  [-0.07100853542914455, 0.11142121094406843, 0.5627924319185454, -0.2784904364386358]
other derivatives: [ 0.36061465  0.03592504 -0.27293936 -0.10068106 -0.13196768  0.72559487]
Current x array =  [-0.65603441 -0.76836341 -0.52581732  0.36815612 -2.1685604  -0.78697758
 -3.46728107 -0.67307509 -0.08176175  0.21101135]
log likelihood =  -4240.798042092122
Edge derivatives =  [-0.04443204903511008, 0.007564886472381627, 0.6314729111353282, 0.05124523550020732]
other derivatives: [-0.01591616  0.27857823  0.80299287 -0.22928361  0.00663931  0.46256901]
Current x array =  [-0.65578375 -0.7685526  -0.52656949  0.36887843 -2.16811958 -0.7806405
 -3.5084902  -0.66992052 -0.0816535   0.20944784]
log likelihood =  -4240.7926713966735
Edge derivatives =  [-0.018389578846008156, -0.09516960941441055, 0.35458206812186566, 0.19559572069460773]
other derivatives: [-0.03565219 -0.08276402  1.45701051 -0.20299922  0.08049028  0.18462742]
Current x array =  [-0.65579839 -0.7682127  -0.52693475  0.36850887 -2.16959706 -0.77368462
 -3.57000027 -0.66641998 -0.07823402  0.20976383]
log likelihood =  -4240.7986000693245
Edge derivatives =  [0.010778218250452588, -0.09839291336764211, 0.3474453064751688, 0.7134679027349449]
other derivatives: [-1.82608346  1.8546416  -3.01124601 -0.02082743 -0.02401066 -0.29676812]
Current x array =  [-0.65494435 -0.77036375 -0.52400415  0.36863298 -2.1695282  -0.76143678
 -3.6079465  -0.66387597 -0.07634252  0.20795739]
log likelihood =  -4240.791637261014
Edge derivatives =  [-0.009994384071507212, -0.09571390221458542, 0.3533289938508781, 0.34026001326346256]
other derivatives: [-0.53287295  0.45793058  0.21809683 -0.15243131  0.05211405  0.0512955 ]
Current x array =  [-0.65556078 -0.76881117 -0.5261194   0.3685434  -2.16957791 -0.77027704
 -3.58055763 -0.66571219 -0.07770777  0.20926124]
log likelihood =  -4240.790325461445
Edge derivatives =  [-0.0026103531822265214, -0.1328146819218764, 0.08112298160365944, 0.19365601397568333]
other derivatives: [-0.17034836 -0.09586074  0.16643753 -0.05229595 -0.02364686 -0.00582077]
Current x array =  [-0.65580868 -0.76829397 -0.52600278  0.36780576 -2.17078716 -0.76902612
 -3.61558764 -0.66419122 -0.07498882  0.21070797]
log likelihood =  -4240.790030352398
Edge derivatives =  [-0.0011092872625955014, -0.09728872394093468, 0.0035906748814780315, 0.04723576257387374]
other derivatives: [-0.06602932 -0.13897079  0.02291927  0.00718501 -0.07803465 -0.00127329]
Current x array =  [-0.65588181 -0.76828694 -0.5258852   0.36742951 -2.17132266 -0.76904364
 -3.62263187 -0.66472062 -0.07410661  0.21177905]
log likelihood =  -4240.789944051497
Edge derivatives =  [0.000991302213782727, -0.027113199961725898, 0.01971827554603356, 0.016673167823076263]
other derivatives: [ 0.44992703 -0.03265086 -0.09422365  0.01828084 -0.01600711 -0.0084583 ]
Current x array =  [-0.656137   -0.76839607 -0.52578676  0.36732622 -2.17199807 -0.7684527
 -3.61948552 -0.66598696 -0.07373738  0.21237372]
log likelihood =  -4240.789880380871
Edge derivatives =  [-6.20009823139589e-05, -0.004545058863836049, -0.02061970102852996, -0.03917444371426759]
other derivatives: [-0.02255547 -0.04456524 -0.06457412  0.0336513  -0.03146852  0.00582077]
Current x array =  [-0.65590063 -0.76841612 -0.52581356  0.36723826 -2.17222848 -0.76868389
 -3.61786043 -0.66662667 -0.0734347   0.21272725]
log likelihood =  -4240.789870787201
Edge derivatives =  [-0.00024379669519994374, -0.0051993595423913685, -0.007138735851480671, -0.009466782670394247]
other derivatives: [ 0.00281943 -0.00818545 -0.01909939  0.02119123 -0.01600711  0.00245564]
Current x array =  [-0.65590758 -0.76844699 -0.52584645  0.36731677 -2.17217222 -0.76856628
 -3.61588803 -0.66666125 -0.07356097  0.21254609]
log likelihood =  -4240.789868772463
Edge derivatives =  [-0.00010980967771329064, -0.0002990649141153545, 0.00027536035955917637, 0.003340349314321145]
other derivatives: [ 6.36646291e-03  1.09139364e-03 -1.81898940e-04  1.19143806e-02
  0.00000000e+00  9.09494702e-05]
Current x array =  [-0.65590611 -0.76845476 -0.52585855  0.36737814 -2.17221787 -0.76844848
 -3.61483976 -0.66677718 -0.07358397  0.21250767]
      fun: 4240.789868772463
 hess_inv: <10x10 LbfgsInvHessProduct with dtype=float64>
      jac: array([-6.36646291e-03, -1.09139364e-03,  1.81898940e-04, -1.19143806e-02,
       -0.00000000e+00, -9.09494702e-05,  1.09809678e-04,  2.99064914e-04,
       -2.75360360e-04, -3.34034931e-03])
  message: b'CONVERGENCE: REL_REDUCTION_OF_F_<=_FACTR*EPSMCH'
     nfev: 51
      nit: 42
   status: 0
  success: True
        x: array([-0.65590611, -0.76845476, -0.52585855,  0.36737814, -2.17221787,
       -0.76844848, -3.61483976, -0.66677718, -0.07358397,  0.21250767])
