number of sites to be analyzed:  191
log likelihood =  -2587.522717422551
Edge derivatives =  [36.38508784799226, 47.087450816541086, 49.2439383701357, 60.315419377688514, 36.13278175210134, 38.953326397902615]
other derivatives: [ -61.11836228   26.26052265  -51.95456652   33.38400347 -153.91633497
   33.80414455]
Current x array =  [-0.56680416 -0.67864126 -0.57742041  0.74193734 -0.10536052 -0.51082562
 -4.60517019 -4.60517019 -4.60517019 -4.60517019 -4.60517019 -4.60517019]
log likelihood =  -2446.8607263556946
Edge derivatives =  [33.82302734693219, 49.34110370529701, 46.45302891614836, 61.05864221188687, 36.017067205228614, 37.546045064156885]
other derivatives: [ 193.1990937    26.04288056   12.5261522    15.17505552 -108.86719792
   28.24367584]
Current x array =  [-0.85909527 -0.67563486 -0.82588679  0.90159227 -0.84144661 -0.47490602
 -4.43116294 -4.3799802  -4.36966706 -4.31671905 -4.43236957 -4.41888065]
log likelihood =  -2208.2879166443086
Edge derivatives =  [27.231272590941284, 52.24890520220464, 38.99968685800341, 58.962760463871895, 33.247170631260644, 32.89343807649991]
other derivatives: [172.29926925  12.02492967  40.37442523 -17.24165486 -25.39068191
  21.04875421]
Current x array =  [-0.78118262 -0.62357219 -1.20705494  1.2150064  -2.40116621 -0.36173688
 -4.03860207 -3.85552627 -3.83637589 -3.65125527 -4.03536865 -3.99467199]
log likelihood =  -1899.8741691041441
Edge derivatives =  [12.170451031759312, 42.47932395530876, 13.913447247482406, 15.788871051604374, 17.1466080880964, 14.799258504646598]
other derivatives: [-65.70949154 -22.04978955  95.16877526 -22.11420451   9.89589353
   4.08354026]
Current x array =  [-0.52869501 -0.60369608 -1.20222993  0.98998015 -4.03480491  0.0607704
 -3.11649256 -2.21264392 -2.53112913 -1.76765175 -2.96445389 -2.91108035]
log likelihood =  -1814.9538415321422
Edge derivatives =  [2.1234452183795756, 7.922391622742757, 0.527199818370718, -27.449005698261523, -5.006544726996964, -6.049873887469317]
other derivatives: [ 32.05000212 -19.41152732 -29.77840268   5.45710463  12.65366336
 -40.96427801]
Current x array =  [-0.63602094 -0.74244076 -0.47466703  0.59357079 -5.16003274  0.43810709
 -2.28465517 -0.56369316 -1.37251012 -0.10805632 -1.96873961 -1.92441319]
log likelihood =  -1793.5563095614186
Edge derivatives =  [3.3557044344928637, 16.463651576304308, 2.5816150234707935, -15.169696034574953, 4.862553009307554, 3.1755801351108883]
other derivatives: [  5.12466158  48.3022859   42.39373084  -0.29751845  12.37783636
 -17.01771453]
Current x array =  [-0.58472487 -0.89183131 -0.64286328  0.68353835 -4.77458146  0.06966274
 -2.44814254 -0.81678615 -1.62592596 -0.68706655 -2.2133589  -2.17987808]
log likelihood =  -1783.3322456232893
Edge derivatives =  [4.549597331378835, 19.49160102714563, 5.943645351125782, 0.26375348704538665, 9.22235144265498, 9.000701586397684]
other derivatives: [-42.03820936  13.27359769 -24.20097189   1.64784524   9.84277904
  -7.39853476]
Current x array =  [-0.55775161 -0.76664283 -0.53720383  0.69468227 -4.43127678 -0.17290543
 -2.53021377 -0.88800472 -1.75924338 -1.05114472 -2.32695645 -2.3075388 ]
log likelihood =  -1777.0419078108148
Edge derivatives =  [2.4693571781082255, 14.104225312901264, 2.0271353057395087, -2.890344496858968, 6.940673508562578, 6.320017564157019]
other derivatives: [-14.28788892 -16.95530045  -7.35994945   0.12769306   9.51870334
  -6.51111804]
Current x array =  [-0.58376064 -0.70541579 -0.55288918  0.68641005 -4.44371834 -0.25680076
 -2.4595554  -0.70403678 -1.66841956 -1.01317789 -2.24409379 -2.22944838]
log likelihood =  -1769.538895066882
Edge derivatives =  [-0.3860013344447545, 1.995874262326023, -2.8989906671406747, -2.6846767098185857, 4.122771386428026, 2.9818727967161855]
other derivatives: [ 11.99869075 -11.14030965  -2.49588084   2.26905286   6.44131433
  -3.91275989]
Current x array =  [-0.61064709 -0.7394057  -0.53896515  0.64654149 -4.36654502 -0.51207011
 -2.31259095 -0.27848624 -1.49071543 -1.00677009 -2.07422398 -2.0762153 ]
log likelihood =  -1767.565819981824
Edge derivatives =  [-1.3349874863681177, -2.5051626370281217, -3.4619830830303986, 1.7736821761392956, 2.8544471634111064, 1.559661016295906]
other derivatives: [ 2.07496669 -7.79862148  9.70285328  1.83263182  2.60390607 -1.676176  ]
Current x array =  [-0.59851525 -0.75012844 -0.56059167  0.66507373 -4.16517448 -0.69521528
 -2.29612382 -0.14560879 -1.50649143 -1.13218139 -2.00797645 -2.03157405]
log likelihood =  -1766.9222341525874
Edge derivatives =  [-1.175363028319923, -2.739329326975364, -1.9936781151091028, 3.4819059183643084, 2.21440052626704, 1.3250394747453957]
other derivatives: [ 1.9052095   4.43969839 -6.07810762  2.04622665  0.53378244 -1.55921498]
Current x array =  [-0.59941355 -0.77839271 -0.53306745  0.69711811 -4.06925415 -0.7679245
 -2.30572838 -0.13319424 -1.54557161 -1.14857562 -1.95788668 -2.00032515]
log likelihood =  -1766.6075409519658
Edge derivatives =  [-1.149516016619698, -1.7249256187211701, -1.4041287932803015, 3.593634703140602, 1.6636938864402506, 0.9325316915620647]
other derivatives: [-2.43549039e+00  5.00035640e+00 -3.56853889e+00  9.05424713e-01
  4.04725142e-03 -1.52913344e+00]
Current x array =  [-0.59474013 -0.77931081 -0.53811669  0.72368918 -4.02675317 -0.78708956
 -2.32619019 -0.16856686 -1.58615099 -1.14902663 -1.93920448 -1.99224826]
log likelihood =  -1766.2040484685394
Edge derivatives =  [-1.1730258691811901, 0.34475077660392184, -0.5855692467017056, 2.2917649051465623, 0.15818613519712416, -0.08988709912073475]
other derivatives: [-1.86973921  2.25477379 -0.67336714 -1.3483259  -0.7770268  -1.65464371]
Current x array =  [-0.5957602  -0.77296109 -0.54141322  0.7715152  -3.96580598 -0.82739767
 -2.36693297 -0.23435969 -1.66166017 -1.11005235 -1.88913873 -1.96621361]
log likelihood =  -1766.0956910833074
Edge derivatives =  [-1.4929275482841313, 0.2525126615553714, -0.9741219902124084, -0.567282913227869, -1.0576067649553949, -0.9569979321136205]
other derivatives: [-12.28982001  -0.73721367  -1.33645699  -1.05419531  -1.1199063
  -1.77362836]
Current x array =  [-0.58624352 -0.77163022 -0.53845304  0.7621847  -3.97448107 -0.87244357
 -2.38665551 -0.21928931 -1.68241561 -1.03260766 -1.84567499 -1.93717648]
log likelihood =  -1765.9005169443321
Edge derivatives =  [-1.4955024651838813, 0.8801439045221349, -0.571967381436168, -1.3276730507210164, -1.185809616813261, -0.8707946768123381]
other derivatives: [ 2.12849045 -1.58420335  1.75773494 -1.04123501 -1.32472451 -1.55673661]
Current x array =  [-0.60054238 -0.7663974  -0.54256573  0.75381948 -3.95660138 -0.92857802
 -2.42515164 -0.23681296 -1.72625003 -1.00873328 -1.83586857 -1.9391758 ]
log likelihood =  -1765.7843455392954
Edge derivatives =  [-1.5263924400220672, 0.609945982509808, -0.47606428111278976, -1.1618381514427907, -0.7325252851489796, -0.4080019335979602]
other derivatives: [ 4.80445124 -1.88729246  1.075      -0.09722498 -1.36656126 -1.30260105]
Current x array =  [-0.60338717 -0.76386606 -0.54293472  0.73024595 -3.95756954 -0.96901126
 -2.44506999 -0.22562798 -1.73862319 -1.00713585 -1.84481082 -1.95007392]
log likelihood =  -1765.5857761295447
Edge derivatives =  [-1.5189916264831018, 0.2902292454273997, -0.03853607946189358, -1.1445240110822743, 0.039869675537492044, 0.4506286359863154]
other derivatives: [ 4.7952426  -0.70799615  0.42375632  1.78233677 -1.48338586 -0.78989615]
Current x array =  [-0.60308301 -0.76360368 -0.545893    0.68374973 -3.96061312 -1.0879546
 -2.51333904 -0.20235456 -1.78562885 -0.99100732 -1.85415312 -1.96781771]
log likelihood =  -1765.4285321883676
Edge derivatives =  [-1.2214370292603693, 0.08376359268546354, 1.0227035351829088, 0.6716327981508754, 0.5221951615711017, 1.1346276403461235]
other derivatives: [ 2.24579253 -8.70304575 -7.83907126  1.41099008 -0.68821464 -0.32582648]
Current x array =  [-0.60205117 -0.7429312  -0.5355354   0.69348287 -3.98530229 -1.26965692
 -2.64309228 -0.17703685 -1.85464587 -1.0101649  -1.85685643 -1.97366969]
log likelihood =  -1765.1798147559562
Edge derivatives =  [-1.0674501219099937, -0.15242575908596173, 1.4107779780724892, -0.03346550128532208, 0.43510706429578033, 1.0501134340671257]
other derivatives: [ 0.6825303  -2.53130565 -2.50070116  1.40621523 -0.28421709 -0.19895197]
Current x array =  [-0.5984585  -0.75770224 -0.54437745  0.68926091 -4.01422643 -1.39221836
 -2.72715522 -0.14892376 -1.89542921 -0.97974684 -1.8409563  -1.96306096]
log likelihood =  -1765.0747619044355
Edge derivatives =  [-0.938802184528511, -0.6186863223819851, 1.6302053664248957, -0.019123742935542573, -0.04077992938191985, 0.5704931467805321]
other derivatives: [-0.91285983  0.37641712  0.36320671  0.31882337  0.17253114 -0.15324986]
Current x array =  [-0.59565132 -0.76675723 -0.54716032  0.71359783 -4.04100922 -1.4893107
 -2.79703268 -0.11945572 -1.91380145 -0.97045176 -1.81945783 -1.94042824]
log likelihood =  -1765.03354311325
Edge derivatives =  [-0.8739543515934229, -0.6916247495394106, 1.588297460792418, 0.15691207042443012, -0.19512656604216067, 0.3369110466900813]
other derivatives: [-0.73016508  0.7358949   0.67348083 -0.26659563  0.46818514 -0.14131274]
Current x array =  [-0.59561538 -0.76861765 -0.54629989  0.7278131  -4.05475809 -1.52327433
 -2.82925679 -0.11220527 -1.9064481  -0.97167014 -1.81421315 -1.92876463]
log likelihood =  -1764.8920592248892
Edge derivatives =  [-0.7004009281044447, -0.5602091243814781, 0.9424134045705442, 0.08197499302522349, -0.35000855061124825, -0.23526857632339718]
other derivatives: [-1.15105649  0.33653578  2.42421265 -0.8602683   0.85656211 -0.05929905]
Current x array =  [-0.59504363 -0.76970994 -0.54657585  0.74216243 -4.07292355 -1.6252245
 -2.94250865 -0.11059757 -1.85653498 -0.9700482  -1.81363869 -1.9005908 ]
log likelihood =  -1765.401304522749
Edge derivatives =  [0.08145822378249107, 1.9145715985505272, 1.228942555866869, 0.29857395508278123, -0.30202013757772883, -0.47991133547892123]
other derivatives: [  1.52817847  13.55365384 -20.74484655  -0.64112555   0.24458586
  -0.04361027]
Current x array =  [-0.60014561 -0.80377616 -0.50518524  0.78132853 -4.04629648 -1.87884167
 -3.24144701 -0.16631391 -1.78082163 -0.94388071 -1.79458923 -1.83645321]
log likelihood =  -1764.8499391183607
Edge derivatives =  [-0.4963783093566292, -0.003143578965790289, 1.0126553783152021, 0.14117402059503653, -0.3282913131551142, -0.27802321346073144]
other derivatives: [-0.51845745  3.36015091 -2.32887487 -0.81254257  0.73803221 -0.05845777]
Current x array =  [-0.5961459  -0.77706986 -0.53763351  0.75062417 -4.06717083 -1.68001788
 -3.00709357 -0.12263495 -1.8401773  -0.96439478 -1.8095231  -1.88673402]
log likelihood =  -1764.7473092982307
Edge derivatives =  [-0.31697896321640573, 0.34701325698738456, 0.08811788742094856, 0.21666406970560018, -0.11101939651072215, -0.5885226008772368]
other derivatives: [-0.28010163  0.8824145   0.4092044  -0.667319    0.80960945  0.07789822]
Current x array =  [-0.59658352 -0.77131248 -0.54130222  0.74561515 -4.06576961 -1.80683739
 -3.15128381 -0.13539451 -1.78348891 -0.96983791 -1.82486324 -1.87031546]
log likelihood =  -1764.7204014348226
Edge derivatives =  [-0.21430506418386702, 0.4196194122774975, 0.010794156737238936, -0.11866881721845668, 0.030367506913248465, -0.4691423114873566]
other derivatives: [-0.37548489 -0.24699602  0.33885499 -0.13219505  0.49431037  0.12075816]
Current x array =  [-0.59676948 -0.76783319 -0.54216671  0.73357235 -4.05134148 -1.87547927
 -3.21973507 -0.13887417 -1.78214406 -0.96311268 -1.8288128  -1.87278504]
log likelihood =  -1764.715668611566
Edge derivatives =  [-0.11936882475691135, 0.24366416569111998, 0.12280171961878564, 0.30424484008125696, 0.24446719278837517, -0.1379048442925234]
other derivatives: [3.41556188 0.07858034 0.34110599 0.0941327  0.19776962 0.14008492]
Current x array =  [-0.60047213 -0.76668944 -0.54301763  0.72988951 -4.03470879 -1.91237829
 -3.2609237  -0.13610618 -1.78538582 -0.97072362 -1.83281781 -1.8840947 ]
log likelihood =  -1764.7088612685684
Edge derivatives =  [-0.11492182701469772, 0.2588901960896357, 0.05881517052062801, 0.19301053726371087, 0.2384326540013799, -0.09699583158403108]
other derivatives: [-0.649311   -0.17030288 -0.39540282  0.26211637 -0.00623004  0.1461558 ]
Current x array =  [-0.59657118 -0.76660518 -0.54259248  0.72785386 -4.026804   -1.91659983
 -3.26932373 -0.13725168 -1.78267627 -0.96918951 -1.83264462 -1.88623472]
log likelihood =  -1764.7072398490018
Edge derivatives =  [-0.1333288001596516, 0.21433691378730638, 0.04736154935596382, 0.15432597152713667, 0.18500803541498004, -0.13804491300382288]
other derivatives: [-0.20586413  0.15004389 -0.03228706  0.16336799  0.02155502  0.13901627]
Current x array =  [-0.5969075  -0.76756837 -0.54284784  0.72979647 -4.0285889  -1.90639951
 -3.25953795 -0.13573468 -1.78240028 -0.96851971 -1.83088364 -1.88547606]
log likelihood =  -1764.70558542065
Edge derivatives =  [-0.1423963962089836, 0.09055798821130204, 0.0443154714392974, 0.1220430812828103, 0.11606299850925336, -0.14282040708553223]
other derivatives: [ 0.09213181  0.3075229   0.16848389  0.04442882 -0.00779892  0.13092176]
Current x array =  [-0.59712487 -0.76817361 -0.54290244  0.73265281 -4.02811465 -1.90060373
 -3.2557679  -0.13198193 -1.78271965 -0.96788005 -1.82802946 -1.88651745]
log likelihood =  -1764.70415995935
Edge derivatives =  [-0.14209479005021702, -0.0328901833255482, 0.01966648217717673, 0.037152420424382895, 0.02910264049565034, -0.13145480018668612]
other derivatives: [ 0.10270469  0.05152287  0.04044978 -0.07171366 -0.06239134  0.12314558]
Current x array =  [-0.59717112 -0.76790724 -0.54242137  0.73575513 -4.02664356 -1.89919492
 -3.25911839 -0.1283277  -1.78184201 -0.9662545  -1.82445721 -1.88832699]
log likelihood =  -1764.7035653762969
Edge derivatives =  [-0.11852602690822805, -0.11233533626603591, -0.024429949851068555, -0.03624961851206905, -0.010928707539511834, -0.05282490933201492]
other derivatives: [-0.10095391  0.47093636  0.52255018 -0.09258656 -0.15634214  0.12244072]
Current x array =  [-0.59680584 -0.76898072 -0.54327582  0.7367402  -4.02312452 -1.90591207
 -3.27554712 -0.12590593 -1.77936051 -0.96468593 -1.82162066 -1.89289513]
log likelihood =  -1764.702309745153
Edge derivatives =  [-0.11453024010847679, -0.11751303809997192, -0.039292486214696665, -0.039454359895776545, -0.027844956102134777, -0.0160485385188808]
other derivatives: [-0.0939508   0.01982698  0.05550191 -0.09672476 -0.12432793  0.11818884]
Current x array =  [-0.59694096 -0.76799117 -0.54247433  0.73698329 -4.02465574 -1.90186524
 -3.27657197 -0.12570369 -1.7779252  -0.9645826  -1.8207654  -1.89460972]
log likelihood =  -1764.701171559202
Edge derivatives =  [-0.10461293438588337, -0.07089197401071712, -0.07083164322511487, -0.03433107922478809, -0.02649811406295452, 0.04268982175090558]
other derivatives: [-0.15195383 -0.25456757 -0.24565452 -0.05775291 -0.0565251   0.11450538]
Current x array =  [-0.59696015 -0.76734611 -0.54204392  0.73603207 -4.02758722 -1.89622111
 -3.27977882 -0.1268626  -1.77505763 -0.96459283 -1.82036653 -1.89723577]
log likelihood =  -1764.7001942961788
Edge derivatives =  [-0.0921599932346453, -0.013651488326346412, -0.09338400711249573, -0.035521637665650724, -0.03173493942098338, 0.10949724059057642]
other derivatives: [-0.15529622 -0.2710749  -0.296086   -0.01164153  0.02019078  0.10732037]
Current x array =  [-0.59694964 -0.76726233 -0.5420719   0.73472585 -4.03092684 -1.88685195
 -3.28265725 -0.12820289 -1.77256411 -0.96441284 -1.81951474 -1.90059739]
log likelihood =  -1764.6981470622595
Edge derivatives =  [-0.06498263590929698, -0.0027789123653838427, -0.08168547242035928, 0.017980649235744037, -0.0905466240974519, 0.09872225487014491]
other derivatives: [-0.13528734 -0.46184141 -0.00793534 -0.01118678  0.0896307   0.07835297]
Current x array =  [-0.59690215 -0.76672743 -0.54272988  0.73392208 -4.03363941 -1.86361449
 -3.28766715 -0.12857824 -1.77206989 -0.96558264 -1.81817772 -1.90206233]
log likelihood =  -1764.7019992196979
Edge derivatives =  [0.04511565063241213, 0.050334217875229556, 0.12817622220504066, 0.22264287004407968, -0.16663528730796243, 0.14784558180723295]
other derivatives: [ 0.16007107  1.35539722 -1.81614723  0.14163106  0.16175363 -0.03183231]
Current x array =  [-0.59708725 -0.77072611 -0.54004726  0.73342919 -4.03837028 -1.7981149
 -3.30240277 -0.12803804 -1.77152704 -0.96591523 -1.81386292 -1.90354109]
log likelihood =  -1764.6970201045224
Edge derivatives =  [-0.029315671881413374, 0.01470659314654564, -0.014153301241939864, 0.08449820971092634, -0.11453676696771622, 0.11521939762290084]
other derivatives: [-0.03969944  0.12721557 -0.58967089  0.0381533   0.11295924  0.04465619]
Current x array =  [-0.59696191 -0.76801834 -0.54186383  0.73376296 -4.0351667  -1.84246893
 -3.29242432 -0.12840385 -1.77189464 -0.96569002 -1.81678475 -1.90253973]
log likelihood =  -1764.6957437992805
Edge derivatives =  [-0.005720460170942299, 0.011482992436519665, 0.017580229622125354, 0.11290576977186412, -0.149089844176404, 0.025102179719610512]
other derivatives: [-0.08458301  0.01359695 -0.01573426  0.0437467   0.0937689   0.01641638]
Current x array =  [-0.59681897 -0.76758804 -0.54302565  0.73281153 -4.03366642 -1.82459112
 -3.29773349 -0.12903436 -1.77372235 -0.96674476 -1.81754283 -1.90023155]
log likelihood =  -1764.6954390646588
Edge derivatives =  [0.0060583600626340495, 6.0982005854859356e-05, 0.03605583369317211, 0.09632949540766354, -0.1258989927409528, -0.002609512636469552]
other derivatives: [0.39181032 0.04824869 0.15234036 0.05302354 0.04042704 0.01114131]
Current x array =  [-0.59726832 -0.76749446 -0.54331611  0.73257591 -4.03094271 -1.82416224
 -3.30298491 -0.1291965  -1.77472822 -0.96650891 -1.81901016 -1.89882571]
log likelihood =  -1764.6952131490525
Edge derivatives =  [0.010716906642893875, 0.00020514258740900182, 0.05359034313854516, 0.08067639450909428, -0.10073788199829856, -0.0344577381612963]
other derivatives: [-0.07366907  0.03938112  0.10873009  0.06493792 -0.00047748  0.00736691]
Current x array =  [-0.59681042 -0.7674734  -0.54336052  0.73251434 -4.02907591 -1.82266224
 -3.30475206 -0.12942262 -1.77576224 -0.96628682 -1.82062844 -1.89712627]
log likelihood =  -1764.6950807267722
Edge derivatives =  [0.00982859180841833, 0.0032022699227966106, 0.052824624809504644, 0.05813579638644997, -0.08293613332655161, -0.030701273648536753]
other derivatives: [-0.05206857  0.00945874 -0.00102318  0.06061782 -0.00350155  0.00768523]
Current x array =  [-0.5968558  -0.76741629 -0.54314636  0.73274637 -4.02897963 -1.82254201
 -3.30451812 -0.12951543 -1.7755788  -0.9658237  -1.8213161  -1.89694415]
log likelihood =  -1764.6948668935127
Edge derivatives =  [0.008597021220689838, 0.01900917688219167, 0.041965916471536024, -0.007666081194385374, -0.036764176367668655, -0.015029464220704614]
other derivatives: [-0.0071168  -0.06928076 -0.1610033   0.04242793  0.00643468  0.00582077]
Current x array =  [-0.59693679 -0.76726992 -0.54280818  0.73331396 -4.02943811 -1.81912816
 -3.30405615 -0.12997937 -1.77456771 -0.96457441 -1.82317913 -1.89701539]
log likelihood =  -1764.6947789092337
Edge derivatives =  [0.0077613541993670765, 0.01704658167714576, 0.0308669608730526, -0.03259976515178199, -0.018416949280400607, -0.007326279071085323]
other derivatives: [-0.00418368 -0.04288268 -0.09681571  0.01755325  0.01325589  0.00409273]
Current x array =  [-0.59691969 -0.76736561 -0.54287291  0.7338814  -4.02973672 -1.81638486
 -3.30384368 -0.1299195  -1.77381903 -0.96416898 -1.82395974 -1.89731217]
log likelihood =  -1764.6947159860465
Edge derivatives =  [0.006696330813270923, 0.006968971503868465, 0.017517205912973732, -0.029797987225123, -0.00030398862135613824, -0.0013486427838527992]
other derivatives: [-0.00277396 -0.00388809 -0.00500222 -0.00804903  0.01959961  0.00218279]
Current x array =  [-0.59689264 -0.76747566 -0.54299849  0.73446274 -4.02995541 -1.81309095
 -3.30315314 -0.12969397 -1.77290531 -0.96435188 -1.82479328 -1.89759996]
log likelihood =  -1764.694696592012
Edge derivatives =  [0.006247958920154284, -0.001348075433811033, 0.010847709860099586, -0.013813896553926217, 0.0053155004449325916, -0.0005522167201960637]
other derivatives: [-0.00479758 -0.00643468  0.02132765 -0.0153932   0.020691    0.00106866]
Current x array =  [-0.59688328 -0.76746797 -0.54304224  0.7346369  -4.02994683 -1.81127482
 -3.30257423 -0.12954524 -1.77244193 -0.96475054 -1.82512242 -1.89769078]
log likelihood =  -1764.6946856960167
Edge derivatives =  [0.0032066981410742157, -0.006761432300053258, 0.0035553940286946473, 0.004806624296664563, 0.011484532406638881, -0.0012227095211992112]
other derivatives: [-0.00404725  0.06186838  0.03688001 -0.00852651  0.01214175  0.00313776]
Current x array =  [-0.596877   -0.7676193  -0.54306703  0.73455592 -4.02956668 -1.81156435
 -3.30115577 -0.12949991 -1.77204137 -0.96517574 -1.82535773 -1.89757693]
log likelihood =  -1764.694674868303
Edge derivatives =  [0.0035390025752329857, -0.009574041786489254, -0.0003007180459375647, 0.013306565685626132, 0.008843832925040318, -0.0030516180202517784]
other derivatives: [-0.00147793  0.0039563   0.00172804 -0.0048658   0.01098215  0.00118234]
Current x array =  [-0.59689376 -0.76747966 -0.54301613  0.73447277 -4.02948376 -1.80968986
 -3.30074982 -0.12953769 -1.7717553  -0.96541612 -1.82539237 -1.89759892]
log likelihood =  -1764.694671152368
Edge derivatives =  [0.003144354188059917, -0.007647100985573391, -0.0009673096737587428, 0.011053649294008774, 0.005693115317301628, -0.004411429038302883]
other derivatives: [-0.00216005 -0.00670752 -0.01045919  0.00020464  0.00834461  0.00120508]
Current x array =  [-0.59689939 -0.76745456 -0.54299763  0.73435561 -4.02937565 -1.80967788
 -3.30053963 -0.12962831 -1.77175587 -0.96538855 -1.82528504 -1.89757021]
      fun: 1764.694671152368
 hess_inv: <12x12 LbfgsInvHessProduct with dtype=float64>
      jac: array([ 0.00216005,  0.00670752,  0.01045919, -0.00020464, -0.00834461,
       -0.00120508, -0.00314435,  0.0076471 ,  0.00096731, -0.01105365,
       -0.00569312,  0.00441143])
  message: 'CONVERGENCE: REL_REDUCTION_OF_F_<=_FACTR*EPSMCH'
     nfev: 49
      nit: 46
     njev: 49
   status: 0
  success: True
        x: array([-0.59689939, -0.76745456, -0.54299763,  0.73435561, -4.02937565,
       -1.80967788, -3.30053963, -0.12962831, -1.77175587, -0.96538855,
       -1.82528504, -1.89757021])
{('N0', 'N1'): [0.03217731208857785, 0.03217731208857787], ('N0', 'ENSLOCG'): [0.0, 0.0], ('N1', 'N3'): [0.8391338394718664, 0.8001919587714876], ('N1', 'ENSDARG'): [2.339514294454421, 2.49810993663617], ('N3', 'ENSGACG'): [1.5388405031442107, 1.175131793597541], ('N3', 'ENSXMAG'): [1.295427223524614, 1.908707662620671]}
