number of sites to be analyzed:  228
log likelihood =  2444.297066329989
Lr derivatives =  [40.72202618781955, -81.21340711996028, -58.58032101481784]
other derivatives =  [ 68.52674233 -35.51795089  43.09272299 -34.99694685 224.39321583
  -1.15437615]
Current x_clock array =  [-0.53299948 -0.64120636 -0.6347314   0.74193734 -0.10536052 -0.51082562
 -0.51082562 -0.51082562 -0.51082562]
log likelihood =  2284.7577782972685
Lr derivatives =  [-36.74667456354136, -107.28376901781259, -82.70157596997352]
other derivatives =  [-223.40746     -19.39106369  -43.17689672  -15.87995939  164.50148905
    1.20799086]
Current x_clock array =  [-0.81324846 -0.63878855 -0.81096467  0.88506189 -1.02304562 -0.50610465
 -0.67736362 -0.50873654 -0.50873654]
log likelihood =  2083.753424298203
Lr derivatives =  [-69.78741434548289, -83.31432452116252, -56.53901605192412]
other derivatives =  [-138.8943474    24.20320016  -85.40509953   31.12622835   43.29031071
    7.00656528]
Current x_clock array =  [-0.67363945 -0.61579871 -0.9519905   1.11938568 -2.67287254 -0.50244759
 -0.82016573 -0.31351841 -0.35451526]
log likelihood =  2021.0988423704034
Lr derivatives =  [-4.067149741166936, -3.461268478874092, 3.764125722227618]
other derivatives =  [-151.8037152   -75.75113159   90.56884664   12.94074536   21.04125087
   20.37638751]
Current x_clock array =  [-0.69883557 -0.87252944 -0.49273962  0.90447941 -3.62967259 -0.56606158
 -0.48484272  0.          0.        ]
log likelihood =  1997.2999884194828
Lr derivatives =  [6.104106181653938, 5.632202455123393, -5.868241714779288]
other derivatives =  [116.83559933  22.8646968  -38.17572178  19.16509973  11.59501153
  15.9235924 ]
Current x_clock array =  [-0.47556783 -0.71636607 -0.70928152  0.84529885 -3.93763534 -0.63183073
 -0.46247343  0.          0.        ]
log likelihood =  1990.2452268049656
Lr derivatives =  [-0.19049266931774778, 0.6611895896164295, -0.23539996618637815]
other derivatives =  [-10.65718607  -8.54488462 -14.6896582   18.0074494    8.10193796
  16.29609869]
Current x_clock array =  [-0.55714612 -0.75632414 -0.65083357  0.84033275 -4.03367634 -0.64025161
 -0.46130904  0.          0.        ]
log likelihood =  1988.1410471932968
Lr derivatives =  [-1.073426052287128, -0.09297518624127521, 0.5830997906741686]
other derivatives =  [-7.98072506 -7.3579713  -0.86565706 16.36426532  5.00594979 15.75181159]
Current x_clock array =  [-0.5551146  -0.75711962 -0.62506914  0.80562002 -4.16375888 -0.66702446
 -0.44073631  0.          0.        ]
log likelihood =  1983.5929739623175
Lr derivatives =  [4.361724929693713, 2.59896322598416, -3.480454324744642]
other derivatives =  [-3.36876838 -2.04677235  2.46941454  9.99461918 -2.47298431 12.38943241]
Current x_clock array =  [-0.54864855 -0.75919351 -0.61557104  0.63698205 -4.57467823 -0.8116246
 -0.34985781  0.          0.        ]
log likelihood =  1981.510880681373
Lr derivatives =  [-23.272831940349672, -15.989575261075617, 19.427898223511875]
other derivatives =  [ 37.40408374 -10.94990694  27.22470072   0.94373718  -5.29403223
   7.85591965]
Current x_clock array =  [-0.52151306 -0.75287987 -0.59728352  0.4067118  -4.60848006 -1.13093288
 -0.49702156 -0.05739576  0.        ]
log likelihood =  1976.839007480291
Lr derivatives =  [-10.065650882378883, -7.06443466190284, 22.30220388571065]
other derivatives =  [ 8.0641712   7.56704139 10.27849521  0.06646133 -4.03758804  6.73285285]
Current x_clock array =  [-0.54173057 -0.72661509 -0.61899413  0.3504977  -4.63154057 -1.19487984
 -0.44433858 -0.03928284 -0.031216  ]
log likelihood =  1975.6315177284027
Lr derivatives =  [-6.839226033853267, -7.04814866636881, -5.192541059826311]
other derivatives =  [-22.15779205  16.64416232  -3.41333362  -4.67284735  -3.03521119
   4.21873665]
Current x_clock array =  [-0.56276189 -0.70922185 -0.64305982  0.21310019 -4.59600153 -1.38026309
 -0.41392886 -0.03446224 -0.12930544]
log likelihood =  1974.850666828311
Lr derivatives =  [-0.0030088844920541646, -1.100778085505894, -1.0755495516238418]
other derivatives =  [-9.45108241  0.13503723 -8.77046205 -3.36565336 -1.50978394  4.43642421]
Current x_clock array =  [-0.55239472 -0.74407246 -0.64725003  0.24541206 -4.56354562 -1.35622212
 -0.37807976 -0.00827622 -0.12130863]
log likelihood =  1974.5681562431664
Lr derivatives =  [0.27808158822420204, -0.36854401676795556, -0.7563686811255326]
other derivatives =  [ 0.77375262 -0.56961653 -1.7917273  -3.66007953 -0.19267645  4.27476152]
Current x_clock array =  [-5.45814340e-01 -7.46090792e-01 -6.34914053e-01  2.51689568e-01
 -4.50189881e+00 -1.38097550e+00 -3.83423691e-01 -1.04519662e-03
 -1.21214408e-01]
log likelihood =  1974.4027447623923
Lr derivatives =  [-0.4451918959915897, -0.6347052620890996, -1.4214669181128166]
other derivatives =  [ 5.05522166 -1.35926257  3.13118562 -4.35170477  0.84251042  3.88383796]
Current x_clock array =  [-0.54322846 -0.74672028 -0.62717208  0.2455246  -4.4505585  -1.43549902
 -0.39154766  0.         -0.12329184]
log likelihood =  1974.1629730994114
Lr derivatives =  [-0.6298776350331661, -0.4172966259790743, -1.6930317171365417]
other derivatives =  [ 6.87241482 -1.41612873  4.91829724 -4.69462975  1.60855507  3.29166596]
Current x_clock array =  [-0.54224743 -0.74670165 -0.62428092  0.24291611 -4.41281568 -1.52343976
 -0.39835393  0.         -0.12070789]
log likelihood =  1973.3278315088264
Lr derivatives =  [-0.7164824235429226, 0.873241757617178, -1.0122935830442805]
other derivatives =  [ 8.97316568 -0.83682608  5.54171038 -3.12913926  2.07028279  1.84568307]
Current x_clock array =  [-0.54131676 -0.74764046 -0.62147507  0.28886612 -4.37213688 -1.81904651
 -0.41635738  0.         -0.10276842]
log likelihood =  1981.1404976907695
Lr derivatives =  [-13.739431239674182, -9.721806575293638, 26.888840013117974]
other derivatives =  [-92.66470897 -59.9594614   41.59999207  -3.60259946   0.46593414
   1.31774414]
Current x_clock array =  [-0.61840081 -0.84878007 -0.56073177  0.36858114 -4.40194699 -2.28487767
 -0.42212365 -0.05503963 -0.02298167]
log likelihood =  1973.2646983446184
Lr derivatives =  [-1.9068860102239684, -0.02400638742555916, -0.62630547100171]
other derivatives =  [-1.00703801 -6.64572326  8.33706508 -3.14407771  1.92521838  1.7902039 ]
Current x_clock array =  [-0.54787252 -0.75624207 -0.61630904  0.29564564 -4.37467214 -1.858664
 -0.41684778 -0.00468095 -0.09598281]
log likelihood =  1972.655923029743
Lr derivatives =  [-1.3056802979261164, 1.2960555599353292, 1.3845811410254063]
other derivatives =  [ 0.53457825 -1.95000212  4.06362233 -0.86351974  0.89057721  0.87468379]
Current x_clock array =  [-0.54711052 -0.75116673 -0.62131768  0.34146229 -4.40292234 -2.20131333
 -0.42516656 -0.01016922 -0.07700805]
log likelihood =  1972.3923304681484
Lr derivatives =  [-0.24865634355903943, 0.34145025367184234, -0.475094023758481]
other derivatives =  [ 0.18369519 -0.29485818  0.4443109   0.18769697 -0.13242243  0.4168669 ]
Current x_clock array =  [-0.54706594 -0.75060165 -0.62587176  0.35638058 -4.44589318 -2.5157313
 -0.40621868 -0.03629242 -0.07759185]
log likelihood =  1972.3120005337532
Lr derivatives =  [0.2231738528302607, -0.07371234204184951, 1.0824403630461341]
other derivatives =  [-1.32972673 -0.07103154 -1.65346137  0.38310191 -0.23169378  0.24847395]
Current x_clock array =  [-0.54797658 -0.75060516 -0.62907834  0.35729748 -4.44940829 -2.77370146
 -0.39982923 -0.0535763  -0.06698809]
log likelihood =  1972.28295426889
Lr derivatives =  [-1.664316108219003, -2.3257570970231147, -1.3880621213160662]
other derivatives =  [ 1.7344064  -1.01190381  0.28255727 -0.18426363 -0.66711436  0.13724275]
Current x_clock array =  [-0.54565075 -0.75107609 -0.62715413  0.34332498 -4.4643074  -3.05853501
 -0.39851632 -0.07048323 -0.06984341]
log likelihood =  1972.2476458888523
Lr derivatives =  [0.992709252164822, -0.3631410840859952, -0.3074201444875083]
other derivatives =  [-1.11822374  1.19048309 -0.3195737  -0.03244622 -0.08089955  0.06416485]
Current x_clock array =  [-0.54795525 -0.74916843 -0.62645687  0.34548211 -4.44456092 -3.26657441
 -0.38969483 -0.06915713 -0.06751514]
log likelihood =  1972.237347038713
Lr derivatives =  [0.7953527816748736, -0.271834726592626, 0.5600459850569267]
other derivatives =  [ 0.14067609 -0.36864094 -0.29785951 -0.05875336  0.11289103  0.05090897]
Current x_clock array =  [-0.54698002 -0.75168469 -0.62655839  0.34688943 -4.434802   -3.37837241
 -0.39274002 -0.06851419 -0.06398138]
log likelihood =  1972.229292751621
Lr derivatives =  [0.1618637099585456, -0.46785807633984666, 0.31878490808306664]
other derivatives =  [ 0.093587   -0.30440788  0.18249011 -0.17125785  0.23496796  0.03321929]
Current x_clock array =  [-0.54710097 -0.75092989 -0.62617649  0.34605707 -4.42486188 -3.52652616
 -0.39909055 -0.06716589 -0.06371917]
log likelihood =  1972.22432396974
Lr derivatives =  [0.06018381836714859, -0.008216238188331296, -0.16701652759523702]
other derivatives =  [ 1.26594841 -0.45224624  0.51300049 -0.06673417  0.16693775  0.0131422 ]
Current x_clock array =  [-0.54631636 -0.75145839 -0.62548756  0.34901956 -4.4261698  -3.67268307
 -0.40327534 -0.06111914 -0.06525979]
log likelihood =  1972.222263475257
Lr derivatives =  [-0.1677060493187419, -0.04155204811469004, -0.27797925842725013]
other derivatives =  [-0.25120244 -0.23458142 -0.26857379 -0.06946266  0.06759819  0.00586624]
Current x_clock array =  [-0.54735408 -0.75076982 -0.62689487  0.34813349 -4.42853519 -3.77821111
 -0.40585964 -0.06060586 -0.06503995]
log likelihood =  1972.2216503292907
Lr derivatives =  [-0.08408692951343255, 0.022194257303380857, -0.09146403033008978]
other derivatives =  [-0.145792   -0.03476543 -0.05852598 -0.02000888  0.02792149  0.00391083]
Current x_clock array =  [-0.54730635 -0.75058769 -0.62643479  0.34902415 -4.43052632 -3.81526442
 -0.40534097 -0.06093821 -0.06435352]
log likelihood =  1972.2213970320481
Lr derivatives =  [0.011193504583152603, 0.04580919114389456, 0.050261159540478245]
other derivatives =  [ 0.0862201   0.08299139 -0.0561613   0.01064109 -0.0088221   0.0015234 ]
Current x_clock array =  [-0.54714358 -0.75054123 -0.62635728  0.34927991 -4.4325559  -3.86879121
 -0.40441358 -0.06195409 -0.06371571]
log likelihood =  1972.2214339128018
Lr derivatives =  [-0.004162391926760378, 0.007107369857255538, 0.041910932139135236]
other derivatives =  [-0.26338967 -0.16570993  0.1580247   0.01091394 -0.02253273  0.0005457 ]
Current x_clock array =  [-0.54737546 -0.75095706 -0.62593682  0.34951174 -4.43326335 -3.89756822
 -0.40391814 -0.06243923 -0.06360495]
log likelihood =  1972.2213732240218
Lr derivatives =  [0.005328332718704587, 0.030955088974091136, 0.04695708088125326]
other derivatives =  [-0.04861249 -0.01289209  0.02639808  0.01075477 -0.01411991  0.00111413]
Current x_clock array =  [-0.54723302 -0.75070163 -0.62619509  0.34936933 -4.43282879 -3.87989156
 -0.40422247 -0.06214123 -0.06367299]
log likelihood =  1972.2213506180285
Lr derivatives =  [8.730824501945733e-05, 0.012013350733955949, 0.03462725685561996]
other derivatives =  [-0.01991793  0.00654836  0.01334683  0.00447926 -0.01193712  0.00061391]
Current x_clock array =  [-0.54721279 -0.75066054 -0.6262299   0.34919078 -4.43267365 -3.8946898
 -0.4041729  -0.06243479 -0.06363675]
log likelihood =  1972.2213399174939
Lr derivatives =  [0.006931158460915299, 0.002683550815213336, -0.0023941495304789645]
other derivatives =  [ 7.27595761e-03 -8.04902811e-03 -1.44154910e-02  7.73070497e-04
 -1.13686838e-03 -2.27373675e-05]
Current x_clock array =  [-0.54719164 -0.75068473 -0.62627992  0.34913219 -4.43214456 -3.91010158
 -0.40409177 -0.06265895 -0.06369842]
log likelihood =  1972.2213395092626
Lr derivatives =  [-0.0025893624989876685, -0.002654599274861728, -0.0012367170063279761]
other derivatives =  [-0.00172804  0.0050477   0.00557066 -0.00181899 -0.00015916 -0.        ]
Current x_clock array =  [-0.54720074 -0.75065177 -0.626253    0.3490938  -4.43205252 -3.91080921
 -0.40416213 -0.06265918 -0.06368455]
      fun: 1972.2213395092626
 hess_inv: <9x9 LbfgsInvHessProduct with dtype=float64>
      jac: array([-0.00172804,  0.0050477 ,  0.00557066, -0.00181899, -0.00015916,
       -0.        , -0.00258936, -0.0026546 , -0.00123672])
  message: b'CONVERGENCE: REL_REDUCTION_OF_F_<=_FACTR*EPSMCH'
     nfev: 34
      nit: 31
   status: 0
  success: True
        x: array([-0.54720074, -0.75065177, -0.626253  ,  0.3490938 , -4.43205252,
       -3.91080921, -0.40416213, -0.06265918, -0.06368455])
