number of sites to be analyzed:  466
log likelihood =  3874.619127731519
Lr derivatives =  [95.89074337466634, -76.34977897517082, 1.2434497875801753e-14]
other derivatives =  [ 31.2125394  -48.3529675   46.30906005 -22.30599421 262.85142667
  -0.        ]
Current x_clock array =  [-0.68914946 -0.85857043 -0.62566843  0.74193734 -0.10536052 -0.51082562
 -0.51082562 -0.51082562 -0.51082562]
log likelihood =  3697.648606600591
Lr derivatives =  [-98.03020469283472, -128.2988191349356, -5.684341886080802e-14]
other derivatives =  [-185.6846211   -33.1683168  -126.39552551    9.66610969  153.66408661
   -0.        ]
Current x_clock array =  [-0.79821281 -0.85574511 -0.78748229  0.81987931 -1.02382018 -0.51082562
 -0.84588859 -0.50904069 -0.51082562]
log likelihood =  3601.3818843749686
Lr derivatives =  [-172.84963492105385, -100.58450780538965, 1.5631940186722204e-13]
other derivatives =  [505.18751777  21.55397851 -29.25207809  35.15792741  16.42983989
  -0.        ]
Current x_clock array =  [-0.50010851 -0.80449981 -0.67285391  0.87721699 -2.28748945 -0.51082562
 -0.96826297 -0.26436231 -0.51082562]
log likelihood =  3534.67636986052
Lr derivatives =  [-146.86371681247877, -67.89985189831782, 7.815970093361102e-14]
other derivatives =  [-68.7672582   17.47139322  -4.56161615  32.38101272   4.02287696
  -0.        ]
Current x_clock array =  [-0.7118698  -0.80754457 -0.61854846  0.86050176 -2.43832621 -0.51082562
 -0.86118923 -0.16394478 -0.51082562]
log likelihood =  3513.3188850871056
Lr derivatives =  [-93.0940897129818, -27.82302245598426, 7.105427357601002e-15]
other derivatives =  [-58.92634363  23.88819667  58.70647328  23.02581379  17.37503226
  -0.        ]
Current x_clock array =  [-0.71448059 -0.80899179 -0.56039     0.83076416 -2.41054785 -0.51082562
 -0.70946693 -0.07799036 -0.51082562]
log likelihood =  3495.78709229023
Lr derivatives =  [4.40396610188092, 25.09937576444875, -1.7763568394002505e-14]
other derivatives =  [-30.43246579  -5.70894372 -86.67830116  11.7799118   23.38442755
  -0.        ]
Current x_clock array =  [-0.70126889 -0.86625951 -0.65899536  0.76716362 -2.59155066 -0.51082562
 -0.41426368  0.         -0.51082562]
log likelihood =  3488.459109862325
Lr derivatives =  [-11.119516751052736, 23.094164540545677, -1.5987211554602254e-14]
other derivatives =  [-4.25334292 -5.4416887   1.84554665  9.67042979  3.84698069 -0.        ]
Current x_clock array =  [-0.68837654 -0.87253671 -0.58288854  0.74636773 -2.84315486 -0.51082562
 -0.37334932  0.         -0.51082562]
log likelihood =  3486.991907261685
Lr derivatives =  [-6.875308363699328, 18.7862757867842, 1.7763568394002505e-14]
other derivatives =  [ 6.84258339 -1.72244654  9.33764568  7.24185156  1.18288881 -0.        ]
Current x_clock array =  [-0.68353254 -0.87082716 -0.57511374  0.72257715 -2.90988277 -0.51082562
 -0.32605206 -0.03441227 -0.51082562]
log likelihood =  3485.195471457518
Lr derivatives =  [-0.5930579240317373, 5.1478595321107585, 1.5987211554602254e-14]
other derivatives =  [10.04041223 -3.26826921  3.40924089  2.72643774 -0.21359483 -0.        ]
Current x_clock array =  [-0.68312642 -0.87718666 -0.57513647  0.66593942 -2.98455689 -0.51082562
 -0.24086267 -0.13686365 -0.51082562]
log likelihood =  3485.2279866348504
Lr derivatives =  [1.436560148805022, 0.16414231538975477, -7.771561172376096e-15]
other derivatives =  [ 1.76378308 18.40930963 -2.64662958  1.22481651  0.36775418 -0.        ]
Current x_clock array =  [-0.68832387 -0.84909285 -0.57904154  0.63805693 -2.98523303 -0.51082562
 -0.22463924 -0.17350611 -0.51082562]
log likelihood =  3485.09463067039
Lr derivatives =  [0.34973984015697, 2.7886923253612492, -6.439293542825908e-15]
other derivatives =  [ 6.16100806  6.64094841  0.58080332  2.02289812  0.04711183 -0.        ]
Current x_clock array =  [-0.68554677 -0.86410394 -0.57695498  0.65295511 -2.98487175 -0.51082562
 -0.23330775 -0.1539273  -0.51082562]
log likelihood =  3485.00861449901
Lr derivatives =  [0.41977507984376594, -0.1387909688015041, 1.695171780724536e-14]
other derivatives =  [ 1.29120963  0.70481292  0.34151526  1.06151674  0.02755769 -0.        ]
Current x_clock array =  [-0.68814395 -0.87235255 -0.57641566  0.63852403 -2.99488597 -0.51082562
 -0.21907652 -0.17619706 -0.51082562]
log likelihood =  3485.0047505120374
Lr derivatives =  [0.31154824222574823, -0.4049058847404225, -4.163336342344337e-16]
other derivatives =  [ 0.04001777  0.14970283 -0.111595    0.86802174 -0.02819434 -0.        ]
Current x_clock array =  [-0.68879409 -0.87303491 -0.57673875  0.63473904 -2.99579351 -0.51082562
 -0.21872884 -0.17774729 -0.51082562]
log likelihood =  3485.0006738202883
Lr derivatives =  [0.16472328426943178, -0.5006327470820835, -6.106226635438361e-16]
other derivatives =  [-1.3168119  -0.32232492 -0.35915946  0.54824341 -0.05275069 -0.        ]
Current x_clock array =  [-0.68951628 -0.87351259 -0.57704286  0.62855996 -2.99565739 -0.51082562
 -0.21985499 -0.17774539 -0.51082562]
log likelihood =  3484.997536311548
Lr derivatives =  [0.03944153324987279, -0.3476511601748672, -2.1371793224034263e-15]
other derivatives =  [-1.59761839 -0.41777639 -0.38926373  0.22882887 -0.05193215 -0.        ]
Current x_clock array =  [-0.68968729 -0.8734621  -0.57729097  0.62244547 -2.99464497 -0.51082562
 -0.22220881 -0.17588025 -0.51082562]
log likelihood =  3485.0220664684202
Lr derivatives =  [0.06399686440247182, -1.4491053420774622, 4.551914400963142e-15]
other derivatives =  [ 7.22584446 -1.12104317 -2.70592864 -0.51168172  0.35834091 -0.        ]
Current x_clock array =  [-0.68518793 -0.87437857 -0.57939601  0.61063671 -2.99007207 -0.51082562
 -0.22335679 -0.18217219 -0.51082562]
log likelihood =  3484.9971677032345
Lr derivatives =  [0.042712612104327585, -0.46693459663566167, -1.8596235662471372e-14]
other derivatives =  [-0.64719643 -0.49412847 -0.64210326  0.14879333 -0.00768523 -0.        ]
Current x_clock array =  [-0.68919918 -0.87356152 -0.57751934  0.6211644  -2.99414888 -0.51082562
 -0.22233335 -0.17656283 -0.51082562]
log likelihood =  3484.9957950500884
Lr derivatives =  [-0.06583307883664297, -0.1441748304114135, 1.2073675392798577e-14]
other derivatives =  [-0.3772584  -0.19585968 -0.21291271 -0.01718945 -0.02464731 -0.        ]
Current x_clock array =  [-0.68907929 -0.87302831 -0.57742149  0.61790403 -2.99314432 -0.51082562
 -0.22482149 -0.17367408 -0.51082562]
log likelihood =  3484.995671589809
Lr derivatives =  [0.02859585496878369, -0.003639195637783754, -1.7676832220203664e-15]
other derivatives =  [-0.05666152 -0.03074092  0.06971277 -0.02255547  0.0255568  -0.        ]
Current x_clock array =  [-0.68893014 -0.87281943 -0.57723913  0.61806387 -2.992709   -0.51082562
 -0.22492975 -0.17295146 -0.51082562]
log likelihood =  3484.9956633872744
Lr derivatives =  [0.0216152276794698, 0.00953642871909157, -3.191370778754532e-14]
other derivatives =  [-0.02637535 -0.01091394 -0.0262844  -0.00513865  0.0167347  -0.        ]
Current x_clock array =  [-0.68890895 -0.87279103 -0.57730646  0.61830785 -2.99271461 -0.51082562
 -0.22501492 -0.17282662 -0.51082562]
log likelihood =  3484.995661485275
Lr derivatives =  [0.004950728601083646, -0.00027763114470424725, -4.603956105242446e-15]
other derivatives =  [-0.00550244 -0.00295586 -0.00527507  0.00140972  0.00691216 -0.        ]
Current x_clock array =  [-0.68889637 -0.87278123 -0.57729117  0.61840111 -2.99278771 -0.51082562
 -0.22503113 -0.1728564  -0.51082562]
      fun: 3484.995661485275
 hess_inv: <9x9 LbfgsInvHessProduct with dtype=float64>
      jac: array([-5.50244295e-03, -2.95585778e-03, -5.27506927e-03,  1.40971679e-03,
        6.91215973e-03, -0.00000000e+00,  4.95072860e-03, -2.77631145e-04,
       -4.60395611e-15])
  message: b'CONVERGENCE: REL_REDUCTION_OF_F_<=_FACTR*EPSMCH'
     nfev: 21
      nit: 18
   status: 0
  success: True
        x: array([-0.68889637, -0.87278123, -0.57729117,  0.61840111, -2.99278771,
       -0.51082562, -0.22503113, -0.1728564 , -0.51082562])
