number of sites to be analyzed:  371
log likelihood =  4874.056653023097
Lr derivatives =  [-172.60344021625423, -347.38006238599274, -220.63892283176187]
other derivatives =  [  6.99619704 -45.26509656  34.23092494  -1.2268174  327.67002267
   8.24147719]
Current x_clock array =  [-0.71366165 -0.62645581 -0.63333096  0.74193734 -0.10536052 -0.51082562
 -0.51082562 -0.51082562 -0.51082562]
log likelihood =  4607.765862804779
Lr derivatives =  [83.56271067550153, -196.12252853731508, -145.6443089399677]
other derivatives =  [ -20.64625733   -2.32157618 -100.23013601    7.95807864  236.92900868
   24.14162736]
Current x_clock array =  [-0.73246411 -0.62490657 -0.72532745  0.74523445 -0.98598211 -0.53297481
 -0.04694945 -0.50945277 -0.50945277]
log likelihood =  4371.858190909134
Lr derivatives =  [1.8060517460031633, -149.61897148974901, -97.46429353044203]
other derivatives =  [ 60.21173249   1.77487891 154.4854058   29.14603101  34.39308784
  27.9980668 ]
Current x_clock array =  [-0.68555757 -0.67501766 -0.49820437  0.7238982  -2.4280073  -0.62420237
  0.08284223 -0.36885966 -0.35579182]
log likelihood =  4363.330532549533
Lr derivatives =  [-3.963322132127452, -81.1490797004432, 202.82076886215066]
other derivatives =  [-216.97687771  -44.91521395 -266.45557227   37.33975973  -36.55022738
   24.28823791]
Current x_clock array =  [-0.84430603 -0.72956731 -0.81704755  0.61375642 -2.90482979 -0.75795526
 -0.10739241  0.         -0.03365516]
log likelihood =  4329.556428439503
Lr derivatives =  [-0.8266977959678226, -111.61037534767148, -33.58606667346612]
other derivatives =  [ -93.22648111  -22.74491635 -104.61772035   33.18828021   -4.9272785
   28.25754564]
Current x_clock array =  [-0.76519509 -0.70238296 -0.65815477  0.66864463 -2.66720937 -0.69130065
 -0.0125906  -0.18381806 -0.19418922]
log likelihood =  4305.700701294323
Lr derivatives =  [8.712585779501659, -76.55186779101177, 89.35824742460468]
other derivatives =  [-11.73957571  -8.8748493  -65.18466762  24.13171387 -11.05154297
  26.72331902]
Current x_clock array =  [-0.71947598 -0.69817051 -0.6231057   0.61070296 -2.76672283 -0.75217544
 -0.1063531   0.         -0.06779622]
log likelihood =  4299.922423749348
Lr derivatives =  [11.949349766229656, -79.45779563210135, 7.6843263527285295]
other derivatives =  [17.35852493  5.76073944  6.30016075 18.90011845 -5.25724317 25.33715815]
Current x_clock array =  [-0.70651061 -0.68438921 -0.57445176  0.58906297 -2.72337708 -0.77343692
 -0.10053234  0.         -0.14075531]
log likelihood =  4298.3376151912025
Lr derivatives =  [9.506503467531715, -81.53074151874502, 0.31486816917154314]
other derivatives =  [-1.85536919  2.23271854 10.95813786 16.45757948 -1.40780685 24.33134796]
Current x_clock array =  [-0.71686335 -0.68463047 -0.57274246  0.56594699 -2.6750558  -0.80044376
 -0.12237112  0.         -0.15141489]
log likelihood =  4294.775790164821
Lr derivatives =  [-8.065450827055228, -94.20242840836647, -26.051689891861493]
other derivatives =  [ 2.5663212  -4.17257979 -3.08664312  4.06716936  7.25676728 18.32431735]
Current x_clock array =  [-0.71265777 -0.68108587 -0.59065338  0.45373094 -2.53466984 -0.9443389
 -0.21461897  0.         -0.18822925]
log likelihood =  4292.876859140982
Lr derivatives =  [-19.390493650748184, -98.04728832453364, -21.199173816647434]
other derivatives =  [-49.26705515   7.7254299   29.97949196  -3.04535206  -1.57970135
  14.09134711]
Current x_clock array =  [-0.74315691 -0.66845674 -0.56709167  0.37944984 -2.59176908 -1.08981977
 -0.22320348  0.         -0.16609258]
log likelihood =  4290.784043910493
Lr derivatives =  [-13.258592971479288, -92.44277934841372, -10.317523182225877]
other derivatives =  [-26.28366929   5.43814167  14.14600774  -6.51052687  -2.64681148
  12.03188731]
Current x_clock array =  [-0.73065924 -0.67370051 -0.57755184  0.34664833 -2.61959121 -1.17384665
 -0.21132128  0.         -0.14843347]
log likelihood =  4289.175178531646
Lr derivatives =  [-1.5121995406346223, -82.3190763492849, 10.77268342123864]
other derivatives =  [  5.7928446    0.9008545   -2.5227564  -12.48408807  -2.0088919
   8.479401  ]
Current x_clock array =  [-0.71489087 -0.68312308 -0.58820802  0.29230929 -2.65174194 -1.34848946
 -0.18956147  0.         -0.1208523 ]
log likelihood =  4288.702387538741
Lr derivatives =  [1.215314344590066, -80.56360907392508, 9.036444224780702]
other derivatives =  [  8.17617547  -0.22746462  -4.88462319 -13.23278411  -1.16397132
   7.22293407]
Current x_clock array =  [-0.71406149 -0.68517913 -0.5894272   0.28657502 -2.65078604 -1.41698027
 -0.18400021  0.         -0.1225501 ]
log likelihood =  4286.608448154885
Lr derivatives =  [2.2662138639163985, -79.25352738561992, 0.8176817370094511]
other derivatives =  [12.40223355 -3.67654138 -6.14163582 -8.71377779 -2.86381692  2.92538971]
Current x_clock array =  [-0.71166594 -0.6909766  -0.58806332  0.33036299 -2.65065374 -1.75164543
 -0.18013745  0.         -0.1271159 ]
log likelihood =  4288.6869386867365
Lr derivatives =  [37.35242471893145, -57.431910150796774, 8.193118735090358]
other derivatives =  [-11.08573997  65.06315913 -12.52919901  -2.2484528   18.09012247
   0.70149326]
Current x_clock array =  [-0.73012418 -0.63381301 -0.58870269  0.42215872 -2.5195082  -2.07192671
 -0.15752459  0.         -0.12657727]
log likelihood =  4286.264867318923
Lr derivatives =  [11.604590940281945, -73.44009234437428, 2.6917891646121213]
other derivatives =  [ 5.56347004 13.90690159 -8.07049219 -6.89333319  2.75704224  2.1804226 ]
Current x_clock array =  [-0.7167242  -0.67531159 -0.58823853  0.35551852 -2.61471485 -1.83941472
 -0.17394066  0.         -0.12696829]
log likelihood =  4285.496822726639
Lr derivatives =  [4.411311150120145, -77.18340798210764, -1.7920113300652787]
other derivatives =  [-0.02746674 -0.84319254  2.12939995 -1.6733793   1.81598807  0.91531547]
Current x_clock array =  [-0.71809762 -0.68815069 -0.58071206  0.40603055 -2.59560338 -2.07986995
 -0.18956215  0.         -0.1266944 ]
log likelihood =  4285.36997383648
Lr derivatives =  [-1.1201509039368283, -79.6177340248348, -1.9319819470712005]
other derivatives =  [-2.1458618   0.29185685 -2.16623448  1.17634045 -1.05264917  0.41109161]
Current x_clock array =  [-0.71820656 -0.68639383 -0.58357299  0.42660489 -2.59766702 -2.22369458
 -0.20221882  0.         -0.123254  ]
log likelihood =  4285.373477905108
Lr derivatives =  [-1.5510931524341807, -79.18042776259843, 1.6766939225524453]
other derivatives =  [5.35783329 0.76952347 8.66593837 0.85092324 0.29995135 0.20409061]
Current x_clock array =  [-0.71430956 -0.68585298 -0.57661599  0.42821253 -2.58496773 -2.32456966
 -0.20899981  0.         -0.11809532]
log likelihood =  4285.351198615829
Lr derivatives =  [-1.321036246324013, -79.4038706069867, -0.25069668644648146]
other derivatives =  [ 1.4340003   0.5243237   2.98123268  1.02036211 -0.40890882  0.30458978]
Current x_clock array =  [-0.71634289 -0.68613517 -0.58024592  0.42737371 -2.5915938  -2.27193644
 -0.20546172  0.         -0.12078694]
log likelihood =  4285.335772886622
Lr derivatives =  [-0.8716362072310311, -78.80056704989406, 1.096747441565057]
other derivatives =  [-0.14924808 -0.09586074  1.04146238  0.67657311 -0.00372893  0.20017978]
Current x_clock array =  [-0.71722143 -0.68668447 -0.58156368  0.42449413 -2.58868497 -2.31480595
 -0.20635577  0.         -0.11900889]
log likelihood =  4285.327059565639
Lr derivatives =  [-0.43486228089811974, -78.35577224321153, 0.44056166997503965]
other derivatives =  [-0.03692548  0.08703864 -0.49631126  0.08958523  0.19517756  0.06475602]
Current x_clock array =  [-0.71723286 -0.68656828 -0.58266929  0.41946148 -2.58743143 -2.36514073
 -0.20671076  0.         -0.11932407]
log likelihood =  4285.325862500879
Lr derivatives =  [-0.19461964306395885, -78.1484565847286, 0.2931679883256706]
other derivatives =  [-0.87129592 -0.01537046  0.20945663 -0.13706085 -0.00354703  0.01327862]
Current x_clock array =  [-0.71777104 -0.68681648 -0.5820807   0.41735564 -2.58997088 -2.38430904
 -0.2054405   0.         -0.11935484]
log likelihood =  4285.325536400282
Lr derivatives =  [0.012118836098149899, -78.07078475523332, -0.3048660183032794]
other derivatives =  [ 0.33469405  0.01200533 -0.10022632 -0.04874892  0.02783054 -0.00909495]
Current x_clock array =  [-0.71711854 -0.68689177 -0.58227071  0.41836785 -2.58987497 -2.39091078
 -0.20502254  0.         -0.12000723]
log likelihood =  4285.325437516505
Lr derivatives =  [-0.036208397070534915, -78.08631494794686, -0.05596376137585679]
other derivatives =  [ 0.01127773  0.00345608  0.00545697 -0.02783054  0.00800355 -0.        ]
Current x_clock array =  [-0.71729085 -0.68688128 -0.58219208  0.41848595 -2.58999302 -2.3880502
 -0.20507524  0.         -0.11975002]
log likelihood =  4285.325430811823
Lr derivatives =  [-0.01592496994443593, -78.07230635132149, -0.009365811002282953]
other derivatives =  [-0.00609361  0.0007276   0.00745786 -0.01036824  0.00145519  0.0003638 ]
Current x_clock array =  [-0.71730161 -0.6868936  -0.5821811   0.41863787 -2.5900904  -2.38786919
 -0.20499758  0.         -0.11970805]
      fun: 4285.325430811823
 hess_inv: <9x9 LbfgsInvHessProduct with dtype=float64>
      jac: array([-6.09361450e-03,  7.27595761e-04,  7.45785655e-03, -1.03682396e-02,
        1.45519152e-03,  3.63797881e-04, -1.59249699e-02, -7.80723064e+01,
       -9.36581100e-03])
  message: b'CONVERGENCE: REL_REDUCTION_OF_F_<=_FACTR*EPSMCH'
     nfev: 26
      nit: 22
   status: 0
  success: True
        x: array([-0.71730161, -0.6868936 , -0.5821811 ,  0.41863787, -2.5900904 ,
       -2.38786919, -0.20499758,  0.        , -0.11970805])
