number of sites to be analyzed:  175
log likelihood =  -5214.397436704961
Edge derivatives =  [66.06457426675529, 60.128837286688224, 79.93558799725268, 53.52779568712917, 130.24811772735623, 82.16182646128063, 118.5155665383775, 89.4101055139998]
other derivatives: [-104.45146472   91.13155102  -38.95465852  -26.92177077 -184.3973223
   72.54138836]
Current x array =  [-0.50960537 -0.68440502 -0.66885742  0.74193734 -0.10536052 -0.51082562
 -4.60517019 -4.60517019 -4.60517019 -4.60517019 -4.60517019 -4.60517019
 -4.60517019 -4.60517019]
log likelihood =  -4979.579491573319
Edge derivatives =  [63.140324379389874, 61.13939514507138, 79.14268460022592, 51.8438225073911, 131.3104858138947, 80.58209048046261, 119.4875214230658, 87.06496730843004]
other derivatives: [ 306.49443943   97.85799193  -29.38177204  -21.47262421 -107.67416825
   65.31836334]
Current x array =  [-0.82425002 -0.68249397 -0.7862026   0.66083948 -0.66083029 -0.48820037
 -4.40616039 -4.42404092 -4.364376   -4.44392559 -4.21281691 -4.35766978
 -4.2481595  -4.33583541]
log likelihood =  -4437.919062963914
Edge derivatives =  [56.11526593641024, 61.47723406579447, 75.72719000712479, 47.22655968313436, 127.71881274098459, 72.26007874100186, 118.25150141372946, 77.63316666273613]
other derivatives: [391.26771298  61.00917744 -66.37501428 -42.70223144  73.7796654
  49.34199751]
Current x array =  [-0.927795   -0.57391636 -1.09872958  0.4426263  -2.08034651 -0.37325506
 -3.8507607  -3.91154246 -3.68713039 -3.99261512 -3.10481578 -3.66302044
 -3.23995534 -3.58109784]
log likelihood =  -4117.744918048442
Edge derivatives =  [5.440624255877276, 32.377739175821, -0.17776776323313564, 3.818314145778592, -40.62037150566981, -3.7979765298824515, -60.994111446294866, -21.674992749237337]
other derivatives: [ 288.4069545  -682.01916292  316.84594433  -63.73920769  122.01826394
  -15.01211955]
Current x array =  [-0.82627984 -0.33812297 -2.76202946 -0.64426125 -4.24655753  0.1116029
 -2.06131804 -2.16163903 -1.43052495 -2.52295777  0.61326907 -1.42207303
  0.17497548 -1.15106497]
log likelihood =  -4027.0698871221575
Edge derivatives =  [23.50128211137219, 40.57667624693286, 20.454790190063214, 13.548951267709672, -14.45751143607708, 17.082727512439295, -27.059140083963992, 11.119156276753586]
other derivatives: [-137.25220924  322.03784031  229.44836928   66.32562872  132.03143681
  -69.41518222]
Current x array =  [-0.50869449 -1.72715401 -2.15267002 -0.83491969 -4.06101788  0.17482366
 -1.98403907 -2.02780423 -1.34896083 -2.46110878  0.65842897 -1.35001808
  0.16551624 -1.11083021]
log likelihood =  -3715.5651578863312
Edge derivatives =  [40.851268594339004, 48.06756746014477, 43.78710509717833, 24.94025817962432, 14.028649750078378, 31.54489642478634, 33.41350750197178, 36.136977060820364]
other derivatives: [ 39.72077138 259.19712243 101.1027507   70.685428   122.65259102
 -30.09149623]
Current x array =  [-0.58001092 -1.30114777 -1.47776813 -0.41862543 -3.11787229 -0.03396309
 -2.53619576 -2.54959748 -2.04877362 -2.91944881 -0.53363517 -2.05107218
 -0.93699316 -1.87526209]
log likelihood =  -3476.814817692626
Edge derivatives =  [40.41577103052236, 46.73707785050272, 46.37816222185817, 24.573849195986366, 29.609834005501792, 28.196357996416836, 37.68758339843092, 37.02740500815083]
other derivatives: [ 11.51734068 133.02924344 -32.65972737  23.2601451   62.28347047
 -21.93032742]
Current x array =  [-0.52832122 -0.78208924 -0.75783566 -0.00350576 -2.36111907 -0.15435561
 -2.44249958 -2.41803572 -1.98195682 -2.89604472 -0.79448073 -2.06667367
 -1.01984614 -1.87825253]
log likelihood =  -3467.0977925700117
Edge derivatives =  [4.602120352865349, 26.617686109892624, -3.9045766784370204, 2.5040482959819914, -77.62547697491044, -13.044135046745403, -67.43448824839305, -15.228938300867808]
other derivatives: [ -32.65586201 -561.23935792 -342.69000935    5.36902007  -42.66184988
  -41.37182259]
Current x array =  [-0.60925131 -0.33167001 -0.38291034  0.06003174 -2.11373061 -0.37859197
 -1.64570592 -1.51971906 -1.06247919 -2.33848828  0.10126796 -1.32779539
 -0.11954338 -1.05422963]
log likelihood =  -3389.637025280774
Edge derivatives =  [30.641676894588425, 41.790641666541156, 33.48570423830474, 17.414969937293296, -2.311049321254862, 15.637487994317931, 8.139425290384313, 22.869268328724438]
other derivatives: [ 25.09618753  23.70020411 -79.52453416  21.3293788   32.91283974
 -35.91171662]
Current x array =  [-0.55909735 -0.61080365 -0.61525893  0.0206563  -2.2670421  -0.23962829
 -2.1394946  -2.07642353 -1.63229753 -2.68401695 -0.4538451  -1.78569277
 -0.67747868 -1.56489281]
log likelihood =  -3340.742200094256
Edge derivatives =  [9.44009711063342, 30.342952338095376, 6.533507164155173, 5.921398602844145, -43.99605392276333, -4.385889206925856, -34.16540793296805, -6.4073667767522915]
other derivatives: [  -2.65490598 -142.62836885   51.55202416    7.9997335    -9.12596079
  -31.49689292]
Current x array =  [-0.59014238 -0.5241236  -0.81230881  0.10007386 -2.22016445 -0.52283763
 -1.66163238 -1.49555032 -1.08999919 -2.35767061 -0.06521807 -1.37777906
 -0.27389195 -1.09979361]
log likelihood =  -3316.2938761197124
Edge derivatives =  [7.111670488667053, 27.44680238029498, 4.4334917942818315, 5.349187410883415, -35.99784617363671, -6.4138658387156395, -30.579045308143773, -7.329252380310276]
other derivatives: [ -1.5877049   -6.66182132   3.00938154   9.98475116 -20.81665116
 -28.5814167 ]
Current x array =  [-0.58472104 -0.6681568  -0.70643663  0.16754527 -2.15844152 -0.65433994
 -1.53632038 -1.30213306 -0.95871038 -2.27692744 -0.0928323  -1.30507646
 -0.26923446 -1.01731301]
log likelihood =  -3299.638401047584
Edge derivatives =  [3.473513262814244, 23.581051950039985, 2.201939383902568, 4.64106989716916, -18.258796119685638, -7.020410860127893, -18.30214178319207, -7.179705741196903]
other derivatives: [ -1.58506737  11.73857527 -42.67058102  -2.28083081 -19.90056262
 -17.17676241]
Current x array =  [-0.58467391 -0.69201971 -0.63077049  0.31406505 -2.06293552 -0.86351699
 -1.44463718 -1.11146842 -0.87917422 -2.22908109 -0.29215834 -1.30790641
 -0.4098469  -1.01128107]
log likelihood =  -3287.368586967601
Edge derivatives =  [-2.3753379372506394, 15.915188205136072, -0.7171369385860025, 3.5152704271790856, 4.9940645215620645, -3.9897744239116877, -0.39220173526190927, -5.027315053092735]
other derivatives: [ 16.28441169  39.11363819  13.09254003 -14.52963261  -9.38725861
  -3.91000867]
Current x array =  [-0.59515695 -0.73436689 -0.72671178  0.41668335 -2.06052374 -1.13861945
 -1.33382911 -0.79837293 -0.78199983 -2.1509669  -0.52917619 -1.33125889
 -0.60381913 -1.02886347]
log likelihood =  -3285.4372985478058
Edge derivatives =  [-6.551749229834462, 9.134894832873094, -4.153355493275285, 2.0004393314174664, 6.41439555668628, -3.935730325063709, 1.1421852250536213, -5.668866712362891]
other derivatives: [-97.00806913   5.8272235    0.84264684 -11.02289389  -3.76467142
  -0.87611625]
Current x array =  [-0.52869469 -0.70074665 -0.70072497  0.36246979 -2.12780427 -1.24342351
 -1.28710549 -0.60978706 -0.72669221 -2.09376834 -0.53858141 -1.32754997
 -0.62916034 -1.0264268 ]
log likelihood =  -3282.2112104304697
Edge derivatives =  [-6.776534715633112, 8.384925499555681, -4.3628899088560384, 1.9338449719687434, 5.419934228619681, -4.322278411708168, 1.1590857958896923, -5.576479424724102]
other derivatives: [-26.27984941  -0.87593435   3.71883289  -9.12723408  -3.52551979
  -1.24141479]
Current x array =  [-0.57231902 -0.68786413 -0.70409562  0.34114763 -2.14011277 -1.25294795
 -1.27875906 -0.57675959 -0.71427898 -2.08071489 -0.51782417 -1.32124198
 -0.61850408 -1.02079038]
log likelihood =  -3280.7836778549954
Edge derivatives =  [-6.5064155505095576, 7.249637852957392, -3.224066986838512, 2.150703028678687, 4.674610342440842, -3.6283516656193515, 2.5190899586404427, -4.070975899851876]
other derivatives: [ 1.52422217 -8.3166924   3.96653377 -4.14966053  2.60938577 -1.41817509]
Current x array =  [-0.59139271 -0.67580481 -0.70499535  0.27579463 -2.19964418 -1.26274099
 -1.28910768 -0.52461566 -0.71724758 -2.06659964 -0.48909695 -1.33148624
 -0.61543541 -1.0359023 ]
log likelihood =  -3280.072139189402
Edge derivatives =  [-6.816957484480806, 4.771395072654463, -2.9555385779478973, 2.054745550518474, 3.814311420274165, -3.198615592989552, 3.1171304910600477, -3.1387980779087656]
other derivatives: [ 8.20436981 -8.07222023  0.96824806  0.15320438  4.72978172 -1.26942723]
Current x array =  [-0.59676008 -0.67700218 -0.69916341  0.22576685 -2.23830665 -1.29147157
 -1.2919374  -0.44359759 -0.70742578 -2.04069651 -0.46150183 -1.33708327
 -0.60792537 -1.04427953]
log likelihood =  -3278.9507377340087
Edge derivatives =  [-5.509087847242281, 2.3511000142579435, -0.2864959483502533, 2.52363712196244, 1.29955960520036, -1.4244300654181112, 3.3212176264338, -0.8639970518612554]
other derivatives: [15.43785402  3.40228326  2.28601493  4.13920134  2.97923179 -1.51630957]
Current x array =  [-0.6002813  -0.68838781 -0.70390658  0.18946659 -2.23531865 -1.31110779
 -1.36723555 -0.37155886 -0.74441378 -2.01751701 -0.42360988 -1.3823087
 -0.592331   -1.09283425]
log likelihood =  -3278.120385347692
Edge derivatives =  [-4.840240182154843, -2.927205376588115, 1.2585858247983828, 2.4418155309076464, -0.9813425595151435, 0.14271517629052674, 2.187227689396096, 0.5100575396306315]
other derivatives: [ 0.09576979  2.93384801 -4.17630872  4.78012225 -1.5576461  -1.05305844]
Current x array =  [-0.59074914 -0.68868933 -0.69242133  0.19024294 -2.2130504  -1.36942082
 -1.45917394 -0.2514655  -0.76618896 -1.96776633 -0.39620543 -1.43084383
 -0.56792393 -1.14056213]
log likelihood =  -3277.736780846243
Edge derivatives =  [-3.3863380270429624, -2.178661509593946, 2.862289024790125, 2.8067450042888065, -2.0861753320659444, 1.0838374886216255, 0.7823792140071788, 1.065498425788964]
other derivatives: [-2.33644641  4.60822775 -0.22009772  2.64135451 -1.83326847 -1.37397365]
Current x array =  [-0.58826183 -0.6890533  -0.70052362  0.21267719 -2.19851042 -1.36562551
 -1.5374079  -0.268071   -0.7937171  -1.95668852 -0.38847115 -1.45863782
 -0.54770403 -1.1678913 ]
log likelihood =  -3277.245972426448
Edge derivatives =  [-2.0580222105214196, -1.802023812432021, 2.72474989013561, 2.632122556284211, -0.7391870993439644, 1.6523399342931002, -0.6201546361985139, 1.0641500507984936]
other derivatives: [-4.08663254 -1.68629413 -0.99289537 -1.15869625 -0.84100975 -1.21881385]
Current x array =  [-0.58746911 -0.68040904 -0.69908001  0.24804248 -2.19134564 -1.39244781
 -1.6434676  -0.27171674 -0.78491278 -1.90806282 -0.40369367 -1.47656482
 -0.52703935 -1.18702682]
log likelihood =  -3276.819654756402
Edge derivatives =  [-0.6779121473980405, -0.7287513352976205, 1.0954534213490523, 2.02366213758229, 0.8058749422784324, 1.5905741301197902, -2.2695829391946, 0.602872404764075]
other derivatives: [-2.55531631  3.65207597  0.12119017 -3.30719558 -0.61581886 -1.11804184]
Current x array =  [-0.58840904 -0.68859715 -0.70011468  0.27042011 -2.19205508 -1.43613684
 -1.77744589 -0.2800704  -0.74269553 -1.82226915 -0.41400063 -1.47561378
 -0.49998607 -1.19253435]
log likelihood =  -3277.060846522789
Edge derivatives =  [-0.10441877455099477, -1.3411722383274072, -2.6205229541002195, 0.11472303958871158, -1.6029810332268062, 0.4802295782098919, -3.549609024898289, -0.7020717989686299]
other derivatives: [ -2.75895218 -23.93353498  15.66318133  -2.16095941   1.11958798
  -0.69680937]
Current x array =  [-0.59187091 -0.65727071 -0.72531957  0.2365633  -2.22252525 -1.50926526
 -1.95143047 -0.26031544 -0.68486846 -1.68595479 -0.38933334 -1.46246151
 -0.48229093 -1.19836075]
log likelihood =  -3276.6702297362317
Edge derivatives =  [-0.4150384907457718, -0.9400086672065711, -0.28205810789284275, 1.3587803082434091, -0.09161439535810922, 1.1774599187745713, -2.7271258480071063, 0.11323241556487657]
other derivatives: [-2.49092409 -6.45750333  6.09093149 -2.84289854  0.09986252 -0.97279553]
Current x array =  [-0.58973543 -0.67659465 -0.70977176  0.25744812 -2.20372951 -1.46415547
 -1.84410684 -0.27250143 -0.7205395  -1.77004128 -0.40454954 -1.47057458
 -0.4932063  -1.19476669]
log likelihood =  -3276.5153737335613
Edge derivatives =  [-0.08239880055405602, -0.6061517404671815, -1.4315288563013524, 0.8778746323181514, 0.4613627433659534, 0.8343376557511464, -2.3881083835944525, 0.026078815184010284]
other derivatives: [ 0.01928129 -2.66663847  1.95032044 -1.79766175  0.26971065 -0.84392013]
Current x array =  [-0.59143102 -0.68216069 -0.70168225  0.24806646 -2.21231342 -1.4916338
 -1.89524854 -0.27020414 -0.69375632 -1.72203047 -0.40319084 -1.45913298
 -0.49161573 -1.19050922]
log likelihood =  -3276.4409594793246
Edge derivatives =  [0.0988077358430867, -0.3229162981414038, -1.7128004224146944, 0.6264128082232641, 0.27068695460311876, 0.6023667032067216, -1.2978863150887046, 0.18987685401912813]
other derivatives: [ 1.35601113 -0.08822099 -0.17193997 -0.29890543  0.4427875  -0.724458  ]
Current x array =  [-0.59202552 -0.68525309 -0.69802995  0.23291373 -2.21800775 -1.50884973
 -1.9222898  -0.27174633 -0.68760946 -1.69324369 -0.39739125 -1.44942226
 -0.50146617 -1.18827807]
log likelihood =  -3276.3987338426114
Edge derivatives =  [0.2041699622206415, -0.06952374593997557, -1.4720342326651306, 0.4757585625083338, -0.11556210459467842, 0.472907038185451, -0.24938526987259968, 0.3295033818154485]
other derivatives: [ 0.3169589   0.77416189 -0.86165528  0.57116267  0.35497578 -0.58644218]
Current x array =  [-0.59097209 -0.68579891 -0.69719478  0.22387475 -2.21732492 -1.5205371
 -1.93782131 -0.27723498 -0.69533214 -1.67553225 -0.39352349 -1.44180266
 -0.51406502 -1.18698744]
log likelihood =  -3276.401920777169
Edge derivatives =  [0.31765848141382114, -0.3105360728301876, -0.5126933489171347, 0.2939023832808657, -0.5045047044491973, 0.4824656075724466, 1.0022291499120979, 0.534425647582567]
other derivatives: [10.59966053  1.18698154 -0.88307388  0.97479642 -0.77061486 -0.31404852]
Current x array =  [-0.59765618 -0.68438889 -0.69757172  0.22225925 -2.20586556 -1.54244209
 -1.95471288 -0.27361988 -0.71927685 -1.65204735 -0.39164466 -1.43367666
 -0.52929449 -1.1864662 ]
log likelihood =  -3276.3831266933557
Edge derivatives =  [0.2579646807292545, -0.1843540165162474, -1.011907930553499, 0.3907785212649871, -0.3005101668006891, 0.47734608230270237, 0.3477750253184505, 0.4268134277722621]
other derivatives: [ 5.24396455  0.97434167 -0.87256922  0.76061042 -0.17689672 -0.45565685]
Current x array =  [-0.59415551 -0.68512737 -0.6973743   0.22310534 -2.2118672  -1.53096973
 -1.94586621 -0.27551323 -0.70673622 -1.66434716 -0.39262867 -1.43793251
 -0.52131832 -1.18673919]
log likelihood =  -3276.357928350631
Edge derivatives =  [0.24862454316260046, 0.041292733279823746, -0.7156649356500754, 0.22338944718898116, -0.4222032514203775, 0.33384007577964847, 0.9850974712453165, 0.31868670238938435]
other derivatives: [ 1.00130819  0.5883976  -0.49499249  0.6566097  -0.42359716 -0.28317118]
Current x array =  [-0.59107335 -0.68446923 -0.69829485  0.22381523 -2.20681566 -1.5401757
 -1.95047638 -0.28352048 -0.71913637 -1.6533529  -0.39454408 -1.42936533
 -0.53201234 -1.18272456]
log likelihood =  -3276.3492566490227
Edge derivatives =  [0.2039829540657251, 0.04585876204221567, -0.5112931526898942, 0.17946421793965606, -0.2869064381831763, 0.3121032964566397, 0.9567577746173472, 0.1905940275022796]
other derivatives: [-0.12842065  0.0347427  -0.05393304  0.21414053 -0.50531526 -0.21086635]
Current x array =  [-0.59032245 -0.68377129 -0.69909663  0.22811618 -2.20397552 -1.54292562
 -1.94718069 -0.28530946 -0.72608101 -1.65223093 -0.39770525 -1.42629544
 -0.53321815 -1.18045689]
log likelihood =  -3276.340862780251
Edge derivatives =  [0.14243472676388527, -0.0011140590837507847, -0.2947235429809916, 0.11123079846138437, -0.01221840255601836, 0.2779890692107878, 0.691588969179096, -0.0035996152150836735]
other derivatives: [-0.48212314 -0.40381565  0.28676368 -0.23283064 -0.41727617 -0.13451427]
Current x array =  [-0.59017498 -0.68340046 -0.69960764  0.2320763  -2.20333219 -1.54757967
 -1.94305574 -0.28491238 -0.73282969 -1.64926458 -0.40142969 -1.42163749
 -0.53080797 -1.17718767]
log likelihood =  -3276.3325313244386
Edge derivatives =  [0.0968905459908463, -0.033652345715623755, -0.031379192040702775, 0.02060320880860475, 0.14859644808696237, 0.19993746771435966, 0.24579241902715987, -0.17931343016559453]
other derivatives: [-0.39617589 -0.27944225  0.22273525 -0.25283953 -0.13560566 -0.07294148]
Current x array =  [-0.59034641 -0.6838988  -0.69934805  0.23119433 -2.20660869 -1.55515245
 -1.94119274 -0.28297918 -0.73968843 -1.64210128 -0.40230759 -1.41428181
 -0.52462132 -1.17434203]
log likelihood =  -3276.3294343691846
Edge derivatives =  [0.04683271492411069, 0.03875722963131506, 0.08127582036552944, 0.007633479307098706, -0.010363977655778456, 0.052744543445819414, -0.024208074250560152, -0.1478911664238059]
other derivatives: [-0.07635208  0.09472387  0.30217961 -0.0475211  -0.00177351 -0.05629772]
Current x array =  [-0.5906062  -0.68457742 -0.6994213   0.228552   -2.2093757  -1.55910026
 -1.93644026 -0.28354169 -0.7430314  -1.63986598 -0.39999749 -1.40717209
 -0.51994475 -1.17609156]
log likelihood =  -3276.331867179958
Edge derivatives =  [7.154552651802981e-05, -0.06420506030948553, 0.0803479700237194, -0.014650605318335036, -0.060020436311365, -0.020518466052466128, -0.12441066418326108, -0.07002862609634092]
other derivatives: [-0.19472282 -1.18498065 -1.46173988  0.0307864   0.00254659 -0.03446985]
Current x array =  [-0.5907112  -0.6829814  -0.69623198  0.22762821 -2.21013125 -1.56212417
 -1.93442913 -0.28130234 -0.74356716 -1.63839565 -0.39917396 -1.40429485
 -0.51790725 -1.17870839]
log likelihood =  -3276.3292138798643
Edge derivatives =  [0.036394209002827485, 0.01576480609431502, 0.08113126335831089, 0.002668433031373596, -0.021410681667860088, 0.036402318901482184, -0.04653922282232259, -0.13038718931564924]
other derivatives: [-0.1027729  -0.19099389 -0.09104042 -0.02992238 -0.0007276  -0.0514774 ]
Current x array =  [-0.5906297  -0.68422023 -0.69870753  0.22834526 -2.20954479 -1.55977701
 -1.93599017 -0.28304052 -0.74315131 -1.63953692 -0.39981318 -1.40652817
 -0.51948875 -1.1766772 ]
log likelihood =  -3276.3290213687383
Edge derivatives =  [0.03046076618456596, 0.021001389172050133, 0.05860271072416251, 0.004061497026270344, -0.05772823193095733, 0.011099290897127023, -0.05791748879671321, -0.09406949610421406]
other derivatives: [ 0.02050911 -0.04793037 -0.07817107  0.02464731 -0.00122782 -0.05106813]
Current x array =  [-0.5907122  -0.68442916 -0.69872304  0.22782098 -2.20993146 -1.5602553
 -1.93557987 -0.28293032 -0.74262758 -1.63935412 -0.3992697  -1.40571567
 -0.51896397 -1.17768627]
log likelihood =  -3276.3288611775424
Edge derivatives =  [0.020429323800827667, 0.00790222774045396, 0.022725776954565458, 0.0015796835787572627, -0.05953716723023961, -0.009146630793792826, -0.039681159063389426, -0.04872232321076542]
other derivatives: [ 0.07503331  0.01464286 -0.03933565  0.04110916 -0.0005457  -0.04201866]
Current x array =  [-0.59075036 -0.68452949 -0.69879095  0.22769083 -2.21010828 -1.56098121
 -1.93518322 -0.28253896 -0.74189741 -1.63913669 -0.39919253 -1.40510042
 -0.5188298  -1.17896226]
log likelihood =  -3276.3287810959423
Edge derivatives =  [0.00880034407660614, -0.005854172223809628, 0.01028385252434355, 0.0010868201058935323, 0.007464754361730996, -0.01293763005918866, 0.009420259157172706, 0.0020370519492198813]
other derivatives: [ 0.02146407  0.19813342 -0.10963959  0.00877662  0.00213731 -0.02028173]
Current x array =  [-0.59068986 -0.68476066 -0.69869414  0.22817145 -2.20990823 -1.56210051
 -1.93443326 -0.28222957 -0.74166268 -1.63897299 -0.39990311 -1.40465469
 -0.51913434 -1.18017867]
log likelihood =  -3276.3287774854616
Edge derivatives =  [-0.004859690843166536, -0.026806108068816448, -0.024852485204432007, -0.007761401633428339, 0.00815188485271423, -0.022351716540606803, 0.003947313629444782, 0.013935483474765809]
other derivatives: [ 0.06189111 -0.12641976  0.10609256 -0.01009539  0.01891749 -0.00973159]
Current x array =  [-0.59075323 -0.68435297 -0.69906255  0.22817617 -2.21002053 -1.56265228
 -1.93409187 -0.28190077 -0.74117964 -1.63892905 -0.40004615 -1.40455889
 -0.51899485 -1.18091201]
log likelihood =  -3276.3287465686935
Edge derivatives =  [0.0017835553238328278, -0.01661637870571442, -0.007762810749785465, -0.0034576464463409173, 0.007821209304647692, -0.017772732997569124, 0.006612049678462628, 0.008153931033449136]
other derivatives: [ 0.0422915   0.03146852  0.00127329 -0.00090949  0.01077751 -0.01482476]
Current x array =  [-0.59072242 -0.6845512  -0.69888341  0.22817388 -2.20996592 -1.56238398
 -1.93425786 -0.28206065 -0.74141451 -1.63895041 -0.3999766  -1.40460547
 -0.51906268 -1.18055543]
log likelihood =  -3276.3287411788097
Edge derivatives =  [0.0027680935379797017, -0.013305285943547185, -0.0024439173527972535, -0.0037750868574469854, 0.004532685604465847, -0.01505088495537285, 0.005424946839823974, 0.0007043673672893491]
other derivatives: [ 0.00877662  0.00218279  0.00372893 -0.00309228  0.00673026 -0.01527951]
Current x array =  [-0.59070038 -0.68450865 -0.69888873  0.22818668 -2.20989497 -1.56231174
 -1.93431392 -0.2821815  -0.74156263 -1.63897842 -0.39997716 -1.40470319
 -0.51912614 -1.18036107]
      fun: 3276.3287411788097
 hess_inv: <14x14 LbfgsInvHessProduct with dtype=float64>
      jac: array([-0.00877662, -0.00218279, -0.00372893,  0.00309228, -0.00673026,
        0.01527951, -0.00276809,  0.01330529,  0.00244392,  0.00377509,
       -0.00453269,  0.01505088, -0.00542495, -0.00070437])
  message: b'CONVERGENCE: REL_REDUCTION_OF_F_<=_FACTR*EPSMCH'
     nfev: 42
      nit: 36
   status: 0
  success: True
        x: array([-0.59070038, -0.68450865, -0.69888873,  0.22818668, -2.20989497,
       -1.56231174, -1.93431392, -0.2821815 , -0.74156263, -1.63897842,
       -0.39997716, -1.40470319, -0.51912614, -1.18036107])
