number of sites to be analyzed:  281
log likelihood =  4871.035071052853
Lr derivatives =  [-501.1990906956778, -532.3413376175181, -290.79180689229634]
other derivatives =  [  3.5359335  -34.20836947   4.68871804  31.25596777 171.21556084
  14.80038918]
Current x_clock array =  [-0.66900444 -0.67524448 -0.69900086  0.74193734 -0.10536052 -0.51082562
 -0.51082562 -0.51082562 -0.51082562]
log likelihood =  4565.314738557847
Lr derivatives =  [19.415383895269017, -227.93564627642326, -112.02418014560266]
other derivatives =  [-10.33913577 -25.73560778 -16.86139512   1.41180863 193.91891328
  61.19671525]
Current x_clock array =  [-0.67566598 -0.67406654 -0.70783419  0.6830525  -0.42792298 -0.5387089
  0.43341106 -0.50986325 -0.50986325]
log likelihood =  4458.9453147249615
Lr derivatives =  [71.45347855426822, -145.17111419358514, -41.528743182289666]
other derivatives =  [ 13.95264917  18.6586476   -6.85213308   6.27032932 168.99330149
  56.79021342]
Current x_clock array =  [-0.66158501 -0.64379224 -0.68497343  0.68416108 -0.66933641 -0.61864085
  0.35973428 -0.26829393 -0.39449797]
log likelihood =  4331.6586536679015
Lr derivatives =  [-38.868763120323834, -131.2180315454732, 19.867318132580465]
other derivatives =  [-113.5786988   -33.59482434   -6.77191565   25.95952537   38.07226676
   25.84447429]
Current x_clock array =  [-0.7215153  -0.72047216 -0.65929783  0.64984071 -1.40001474 -0.85310192
  0.19868504  0.         -0.20495996]
log likelihood =  4385.050934857709
Lr derivatives =  [-68.23534541865001, -148.89314250563706, -25.601581377239015]
other derivatives =  [730.61419243  25.88340067  22.40376489  13.44187694 -32.03631422
   9.92495188]
Current x_clock array =  [-0.41644019 -0.67848139 -0.62844435  0.54363173 -1.94712209 -1.06015064
  0.34958834  0.         -0.25502381]
log likelihood =  4318.89474685849
Lr derivatives =  [-44.38741848650944, -134.8168500196791, 4.829542038947437]
other derivatives =  [ 59.03839337 -15.88923624   1.07474989  23.42148946  15.90906322
  19.59560905]
Current x_clock array =  [-0.62363141 -0.70699935 -0.64939844  0.61576337 -1.5755551  -0.91953387
  0.24710263  0.         -0.22102303]
log likelihood =  4309.976757310431
Lr derivatives =  [-29.88053477955162, -125.2761678903616, 1.5678187423569412]
other derivatives =  [ 1.95543180e+01 -8.37662810e+00 -2.41152520e+00  1.72747605e+01
  7.54880602e-03  1.41758392e+01]
Current x_clock array =  [-0.64194353 -0.70762061 -0.64504209  0.57370427 -1.78561592 -0.99411014
  0.3699463   0.         -0.22974659]
log likelihood =  4305.664391448131
Lr derivatives =  [-3.2933591958462003, -109.21168938412217, -0.6362639381443458]
other derivatives =  [ 6.17592377 -7.43766577 13.88843884  4.84342308  3.01552063  9.4070856 ]
Current x_clock array =  [-0.65027742 -0.71400561 -0.62621762  0.50234048 -1.94799341 -1.09382086
  0.50842089  0.         -0.24434493]
log likelihood =  4305.809808899633
Lr derivatives =  [3.2562065217328424, -103.44165938341791, 0.6474001937985392]
other derivatives =  [ -0.19681465  15.34972398 -50.24103302  -0.81208782  -0.95069481
   5.53018253]
Current x_clock array =  [-0.65369462 -0.69591163 -0.67675655  0.45380711 -2.069301   -1.1840299
  0.58589385  0.         -0.2421855 ]
log likelihood =  4305.073051007334
Lr derivatives =  [0.05141373991340714, -106.3359698448231, 0.01105959126156364]
other derivatives =  [  3.16977093   3.03680281 -16.9600753    2.13130988   1.00126272
   7.54062057]
Current x_clock array =  [-0.65187181 -0.70556337 -0.64979794  0.47969592 -2.00459278 -1.13591035
  0.54456801  0.         -0.24333739]
log likelihood =  4304.622474008604
Lr derivatives =  [-1.633787406337973, -106.41240520637126, -0.8966616506306835]
other derivatives =  [-1.35441951  1.84027158 -2.53494363 -0.7125891  -2.90856406  5.87178874]
Current x_clock array =  [-0.65387396 -0.70870319 -0.63643548  0.45356095 -2.07508749 -1.18510661
  0.58456245  0.         -0.24249145]
log likelihood =  4304.48890459981
Lr derivatives =  [2.2476071084322626, -103.68214093122316, 0.22329738552944178]
other derivatives =  [ 0.21645974 -1.95104803 -0.09986252 -2.29274519 -1.09621396  5.02386683]
Current x_clock array =  [-0.65338599 -0.71329584 -0.63372563  0.44477412 -2.0949902  -1.21982662
  0.60456924  0.         -0.2412132 ]
log likelihood =  4304.322172036505
Lr derivatives =  [4.9069911682987595, -101.49569162350086, 1.0706992554928547]
other derivatives =  [-0.05911716  2.76868377  3.85734893 -3.14821591 -0.14288162  3.83151928]
Current x_clock array =  [-0.65375364 -0.70959192 -0.62993217  0.44165931 -2.10949599 -1.2753864
  0.61887982  0.         -0.23897027]
log likelihood =  4304.041933627817
Lr derivatives =  [6.724162697976638, -99.42129339184389, 2.648981246651644]
other derivatives =  [ 1.34932634 -2.26009433  2.56095518 -2.56677595  0.42655302  2.13904059]
Current x_clock array =  [-0.65311194 -0.71508892 -0.63006405  0.45071802 -2.1130057  -1.37617077
  0.62496419  0.         -0.23324138]
log likelihood =  4303.684643398747
Lr derivatives =  [5.135633982642332, -100.40453408896802, -1.6935483610197721]
other derivatives =  [-1.8029823   6.82903192  4.76411515  0.45474735 -0.29467628  0.31759555]
Current x_clock array =  [-0.65455954 -0.70588943 -0.62843687  0.47721411 -2.06452792 -1.51807147
  0.5932125   0.         -0.23563333]
log likelihood =  4303.476198604626
Lr derivatives =  [2.5014556336337463, -101.16530820395812, 0.976032113655215]
other derivatives =  [ 0.45010893  0.97106749  0.69985617  3.03380148 -0.28985596 -0.07094059]
Current x_clock array =  [-0.65313011 -0.71000985 -0.63245122  0.49509917 -2.00208795 -1.59645679
  0.54687385  0.         -0.22608625]
log likelihood =  4303.414639146375
Lr derivatives =  [-1.1960193831941126, -103.8616545611332, -1.9651766634978287]
other derivatives =  [-0.79980964 -1.55141606 -0.83200575  3.04580681 -1.36615199 -0.10031727]
Current x_clock array =  [-0.65347533 -0.71142308 -0.63458146  0.48861233 -1.97036358 -1.61328097
  0.51956426  0.         -0.22871424]
log likelihood =  4303.379965823749
Lr derivatives =  [-0.8282555590538436, -103.49707861138802, -0.45788657434950863]
other derivatives =  [ 0.73105184 -0.59990271 -1.15342118  1.75296009 -0.27775968  0.10022632]
Current x_clock array =  [-0.65278273 -0.71001406 -0.6354674   0.47660255 -1.95110884 -1.60956561
  0.50567534  0.         -0.22600377]
log likelihood =  4303.385919011899
Lr derivatives =  [-0.4295301877750646, -103.1807395973612, 0.31679294236102606]
other derivatives =  [-8.34706952 -1.36897143 -0.76097422 -0.18999344 -0.12860255  0.17744242]
Current x_clock array =  [-0.65749691 -0.71081046 -0.63528619  0.45890837 -1.9536204  -1.60257978
  0.50606722  0.         -0.22505606]
log likelihood =  4303.372851831304
Lr derivatives =  [-0.6556822459037264, -103.36071713041622, -0.1288763644885762]
other derivatives =  [-3.13175406 -0.92550181 -0.98734745  0.92741175 -0.21391315  0.13278623]
Current x_clock array =  [-0.65478274 -0.71035194 -0.63539052  0.46909571 -1.95217438 -1.60660184
  0.5058416   0.         -0.2256017 ]
log likelihood =  4303.365876195072
Lr derivatives =  [-0.11676037591816169, -102.9780833485333, 0.07138733984882606]
other derivatives =  [ 0.22009772 -0.00572982 -0.2570232  -0.00600267 -0.00836735  0.1202352 ]
Current x_clock array =  [-0.65310098 -0.70960999 -0.63482888  0.4611067  -1.95475292 -1.60674523
  0.50692388  0.         -0.2255021 ]
log likelihood =  4303.36527157982
Lr derivatives =  [-0.0434439943819811, -102.89694001662056, 0.02930233912722713]
other derivatives =  [ 0.04702088  0.03446985 -0.02310117  0.00563887 -0.00127329  0.04856702]
Current x_clock array =  [-0.65319066 -0.70960465 -0.63460268  0.46133404 -1.95477495 -1.61328883
  0.50709732  0.         -0.22541694]
log likelihood =  4303.365248028568
Lr derivatives =  [0.07494740621451967, -102.80494916139014, -0.03844378772765111]
other derivatives =  [-0.00509317  0.08976713 -0.42336978 -0.01537046  0.01627996 -0.01282388]
Current x_clock array =  [-0.65322107 -0.70958526 -0.63488629  0.46124284 -1.95501915 -1.61842485
  0.50743227  0.         -0.2254464 ]
log likelihood =  4303.365186508847
Lr derivatives =  [-0.01748686743921013, -102.85172737204107, -0.024490922554093686]
other derivatives =  [-0.00181899 -0.09840733  0.18453647  0.00118234 -0.00491127 -0.01136868]
Current x_clock array =  [-0.65321254 -0.70975515 -0.63441102  0.46133925 -1.95462387 -1.61900322
  0.50704858  0.         -0.22535175]
log likelihood =  4303.365160594895
Lr derivatives =  [0.00507285183469719, -102.84308742625227, -0.0020232338980861186]
other derivatives =  [ 0.00063665 -0.00300133  0.00081855 -0.00045475  0.00345608  0.0001819 ]
Current x_clock array =  [-0.6532141  -0.7096618  -0.63455981  0.46133704 -1.9547456  -1.6177625
  0.50715389  0.         -0.22536165]
log likelihood =  4303.365160555709
Lr derivatives =  [0.0016501274465596794, -102.84454764095574, -0.0009918522953853426]
other derivatives =  [-1.81898940e-04  4.54747351e-04  6.36646291e-04 -9.09494702e-05
  1.36424205e-03 -9.09494702e-05]
Current x_clock array =  [-0.65321422 -0.70965824 -0.63456021  0.46133507 -1.95474139 -1.61778495
  0.5071429   0.         -0.22535722]
      fun: 4303.365160555709
 hess_inv: <9x9 LbfgsInvHessProduct with dtype=float64>
      jac: array([-1.81898940e-04,  4.54747351e-04,  6.36646291e-04, -9.09494702e-05,
        1.36424205e-03, -9.09494702e-05,  1.65012745e-03, -1.02844548e+02,
       -9.91852295e-04])
  message: 'CONVERGENCE: REL_REDUCTION_OF_F_<=_FACTR*EPSMCH'
     nfev: 26
      nit: 22
     njev: 26
   status: 0
  success: True
        x: array([-0.65321422, -0.70965824, -0.63456021,  0.46133507, -1.95474139,
       -1.61778495,  0.5071429 ,  0.        , -0.22535722])
{('N0', 'N1'): [2.7897166480304976, 2.7897166480304962], ('N0', 'ENSLOCG'): [0.0, 0.0], ('N1', 'ENSGACG'): [23.616570408002723, 23.457144871819217], ('N1', 'ENSDARG'): [22.15812339578165, 23.05347895876063]}
