number of sites to be analyzed:  314
Successfully loaded parameter value from ./save/MG944553(2).txt
log likelihood =  -11204.148488205185
Edge derivatives =  [0.00016206734977475268, -0.03708903396583327, 0.007002992398614238, 0.01956006386666062, -0.02091775213490793, 0.00015220716950588992, -0.01609161267289949, -0.006546319592733996, -0.03796649278291059, 0.027657762339172942, 0.005193725313994087, 0.008269009517573148, 0.021436918489977197, -0.002915628955122339, 0.005011836169676126, -0.01906046725588384]
other derivatives: [-0.10513759 -0.02983143 -0.10986696  0.01364242 -0.00600267  0.01200533]
Current x array =  [-0.6664545  -0.78306311 -0.57725762  0.2939166  -1.92136022 -0.37571878
 -0.99568969 -0.20487486 -0.92039609 -1.93200677 -2.23003774 -4.01028921
 -0.74151404 -0.49331777 -2.44915136 -1.10448867 -5.50403727  0.07130445
 -1.38337092  0.05079319  0.12596096 -1.23391889]
log likelihood =  -11235.725350999714
Edge derivatives =  [1.0048759403214058, 4.621295409612362, -1.5271682215820985, -0.9142548465930579, -0.5973928003139657, -0.16921448429786606, 2.2819494013459, -1.481167743157726, -0.5642699923943684, -3.3738867322140433, 0.06164655848767056, -1.2158060536839626, -1.9392952263678138, -1.6690083070338657, -0.48912820707596494, 3.2288919111340375]
other derivatives: [308.851304    48.6144927  232.462844   -18.9851562   24.56072252
   0.47275535]
Current x array =  [-0.77159209 -0.81289454 -0.68712458  0.30755902 -1.92736288 -0.36371345
 -0.99552762 -0.24196389 -0.9133931  -1.91244671 -2.25095549 -4.010137
 -0.75760565 -0.49986409 -2.48711785 -1.07683091 -5.49884355  0.07957345
 -1.361934    0.04787757  0.1309728  -1.25297935]
log likelihood =  -11204.148481715936
Edge derivatives =  [0.0008050315889435444, -0.03459333705449619, 0.0067937946334581945, 0.01929822740437967, -0.021070287769846846, 0.00010122910094625959, -0.014658046007054781, -0.006787212674207899, -0.03813427504072456, 0.02648449872356584, 0.0052238982035133046, 0.008586826489361293, 0.02077678736005084, -0.0028637905531003066, 0.005708875495850779, -0.017397782423806074]
other derivatives: [ 0.0514774  -0.00654836  0.00691216  0.00472937  0.00472937  0.01127773]
Current x array =  [-0.66650031 -0.78307611 -0.57730548  0.29392255 -1.92136283 -0.37571355
 -0.99568961 -0.20489102 -0.92039304 -1.93199825 -2.23004685 -4.01028914
 -0.74152105 -0.49332062 -2.4491679  -1.10447662 -5.50403501  0.07130805
 -1.38336158  0.05079192  0.12596315 -1.23392719]
      fun: 11204.148481715936
 hess_inv: <22x22 LbfgsInvHessProduct with dtype=float64>
      jac: array([-0.0514774 ,  0.00654836, -0.00691216, -0.00472937, -0.00472937,
       -0.01127773, -0.00080503,  0.03459334, -0.00679379, -0.01929823,
        0.02107029, -0.00010123,  0.01465805,  0.00678721,  0.03813428,
       -0.0264845 , -0.0052239 , -0.00858683, -0.02077679,  0.00286379,
       -0.00570888,  0.01739778])
  message: b'CONVERGENCE: REL_REDUCTION_OF_F_<=_FACTR*EPSMCH'
     nfev: 3
      nit: 1
   status: 0
  success: True
        x: array([-0.66650031, -0.78307611, -0.57730548,  0.29392255, -1.92136283,
       -0.37571355, -0.99568961, -0.20489102, -0.92039304, -1.93199825,
       -2.23004685, -4.01028914, -0.74152105, -0.49332062, -2.4491679 ,
       -1.10447662, -5.50403501,  0.07130805, -1.38336158,  0.05079192,
        0.12596315, -1.23392719])
