number of sites to be analyzed:  180
log likelihood =  -2401.3410222144685
Edge derivatives =  [45.75739100451336, 23.591130689369734, 81.17236848512077, 101.15654312334476]
other derivatives: [ -70.43017831   16.78317858  -36.44877324   13.69708116 -157.66272554
   26.92086127]
Current x array =  [-0.57388376 -0.73957328 -0.60472317  0.74193734 -0.10536052 -0.51082562
 -4.60517019 -4.60517019 -4.60517019 -4.60517019]
log likelihood =  -2236.60745451814
Edge derivatives =  [43.914315546160836, 23.636368860277216, 79.85718894520937, 100.21129187338637]
other derivatives: [ 171.4793143    20.01424946    5.86696842    1.40398697 -118.05877875
   22.53264029]
Current x array =  [-0.88617406 -0.73651568 -0.76633853  0.80267077 -0.80444352 -0.47752231
 -4.40228003 -4.50056614 -4.24524857 -4.15663792]
log likelihood =  -1879.3691721950024
Edge derivatives =  [39.44759948765863, 20.23682746091567, 68.7988762850854, 87.06791464396501]
other derivatives: [220.437596     2.70192686  31.55817012 -27.76705514 -26.03999292
  14.17704425]
Current x array =  [-0.95106579 -0.68637198 -1.10199545  0.94196065 -2.77917046 -0.35747204
 -3.79399193 -4.18332277 -3.1590385  -2.8004806 ]
log likelihood =  -1638.744747330673
Edge derivatives =  [-1.7210769655636025, -0.3532733291320648, -9.82337576770965, -40.450594895864924]
other derivatives: [-321.01727356   14.06601768  183.04212972    2.03076524  -10.1929345
  -26.4229584 ]
Current x array =  [-0.38590914 -0.97868618 -1.27561111  0.3102051  -5.06235745 -0.04744168
 -2.25755358 -3.42576312 -0.53743282  0.49400609]
log likelihood =  -1532.2499243472776
Edge derivatives =  [5.770033767114105, 1.9768838556164927, 18.35370169741414, -13.701125185467939]
other derivatives: [ 90.45818388  17.64342414  91.79118479  -2.91888682  -5.88665898
 -23.51664534]
Current x array =  [-7.23665120e-01 -8.86225143e-01 -8.02010367e-01  4.01650532e-01
 -4.81894945e+00 -1.43353668e-01 -2.45350634e+00 -3.51810062e+00
 -8.79270333e-01  4.24760974e-03]
log likelihood =  -1518.3539709006845
Edge derivatives =  [7.8484452975781345, 2.6284112765291283, 23.829351806437955, -4.506186448414685]
other derivatives: [ 54.81238077  14.37442734 -35.18698577   8.06903699  -7.56604095
 -23.71575647]
Current x array =  [-0.69426759 -0.87070684 -0.51378396  0.3449486  -4.68698098 -0.18649986
 -2.4460184  -3.51689349 -0.86598872 -0.04200989]
log likelihood =  -1510.6465909221258
Edge derivatives =  [4.36027812628972, 1.4179940001440219, 14.782911186930075, -9.852149770580962]
other derivatives: [ 27.31994755  -0.40893156   2.63685251   5.96335212  -6.90631623
 -24.04710813]
Current x array =  [-0.65950789 -0.85362783 -0.56334323  0.34086892 -4.88001959 -0.21951682
 -2.34506889 -3.46888396 -0.67370805  0.12931521]
log likelihood =  -1505.031544960178
Edge derivatives =  [1.3965843413950267, 0.48917864878444106, 3.966601629301905, -11.109459502886658]
other derivatives: [-15.52748472 -13.1168008    3.28814167   5.84277586  -6.033315
 -21.74558631]
Current x array =  [-0.61640405 -0.85476246 -0.54665456  0.34617956 -5.12838664 -0.33158411
 -2.21120842 -3.40630535 -0.40600838  0.30482124]
log likelihood =  -1500.768144003129
Edge derivatives =  [0.33776241284294306, 0.19733115844909804, -1.5446982953182715, -9.405163737493709]
other derivatives: [-24.36893283  -8.50643573  10.98653684   4.46657396  -4.50245352
 -17.23935839]
Current x array =  [-0.60668334 -0.88729636 -0.54579061  0.39112039 -5.32836855 -0.48700828
 -2.13233974 -3.36991354 -0.23685491  0.3519013 ]
log likelihood =  -1494.6528773319956
Edge derivatives =  [0.16746756447485778, 0.21519821137831074, -6.007860157578205, -4.5192240432957105]
other derivatives: [-13.93450475 -24.62459179   0.90431058   0.30538558  -1.58725015
  -6.34026946]
Current x array =  [-0.6205443  -0.85799352 -0.51772142  0.53575423 -5.57661664 -0.90669476
 -2.0560771  -3.33777329 -0.08174811  0.22391417]
log likelihood =  -1495.6470898803734
Edge derivatives =  [2.2006453914887083, 0.8426220450669263, -3.1107259132322214, 5.170138660607785]
other derivatives: [-2.21521077 40.92792096 13.33025921 -1.87512796  0.23676421 -1.42406407]
Current x array =  [-0.61909134 -1.06284902 -0.5338762   0.65013684 -5.72615212 -1.26322635
 -2.01763337 -3.32326776 -0.08162114  0.03201099]
log likelihood =  -1492.905437923631
Edge derivatives =  [1.0035695326036465, 0.46873422393440056, -4.4492263586153395, -0.34600002774354655]
other derivatives: [-8.42471763  7.17805051  6.25466328 -0.54053544 -0.72566309 -3.97292297]
Current x array =  [-0.61992212 -0.9457152  -0.5246391   0.58473429 -5.6406496  -1.05936604
 -2.03961501 -3.33156184 -0.08169374  0.14173883]
log likelihood =  -1492.4125034338688
Edge derivatives =  [1.5841719432717696, 0.6684432534813016, -3.615793383362627, 1.6300872211250534]
other derivatives: [-1.55846465  2.68198619 -0.08046754 -1.71664851 -0.29165221 -2.52925929]
Current x array =  [-0.62848624 -0.92696386 -0.5173015   0.61457435 -5.64656277 -1.15080394
 -2.04308175 -3.33450453 -0.11136588  0.07279815]
log likelihood =  -1492.2022299827604
Edge derivatives =  [1.836536156812644, 0.7605370146214218, -2.9564141667677637, 1.9278619739953422]
other derivatives: [ 2.33121682  0.14890702 -1.41380951 -2.15168257 -0.06625669 -1.7203547 ]
Current x array =  [-0.6334421  -0.9171549  -0.51621724  0.61829075 -5.65793917 -1.21274021
 -2.03124374 -3.33002413 -0.13625685  0.05479901]
log likelihood =  -1491.8677662089758
Edge derivatives =  [2.143643597938863, 0.8735891355786701, -1.555077395892853, 1.3162054137617358]
other derivatives: [ 5.59925866 -2.15529781 -3.07527444 -2.18160494  0.24549536 -0.54701559]
Current x array =  [-0.63800652 -0.90842173 -0.51528458  0.60335944 -5.68736495 -1.32476213
 -1.98936645 -3.31266425 -0.18519848  0.05565432]
log likelihood =  -1491.5280996721144
Edge derivatives =  [2.3938604015999143, 0.9565589886904535, -0.01946376418409901, -0.22450442862687836]
other derivatives: [ 4.83541953 -2.13881322 -2.12928626 -1.43375019  0.51522875  0.42264219]
Current x array =  [-0.63759219 -0.90782137 -0.51863587  0.56121441 -5.72716063 -1.44823669
 -1.91225173 -3.27998687 -0.24565704  0.07808356]
log likelihood =  -1491.1571306834294
Edge derivatives =  [3.199289691674271, 1.1660268761189572, 0.8412167308340556, -0.40363056002531345]
other derivatives: [-8.88144314 -2.27792043 -4.334197    0.23846951  0.72525381  1.23170594]
Current x array =  [-0.62325218 -0.90393578 -0.52225263  0.49580105 -5.72613952 -1.5827965
 -1.75955085 -3.2182399  -0.33450709  0.02684244]
log likelihood =  -1490.6461010564287
Edge derivatives =  [3.6258811612761295, 1.2370698088386025, 0.423257027169159, -1.5047082431059013]
other derivatives: [-13.06966624  -1.21988251   4.64021923   2.79667347   0.93405106
   1.94020231]
Current x array =  [-0.61910408 -0.90258428 -0.54160624  0.38326457 -5.73225848 -1.76835543
 -1.49269685 -3.10981264 -0.44994917 -0.03114543]
log likelihood =  -1490.4669446490398
Edge derivatives =  [1.5818061521544315, 0.8271468024150875, -0.9323810493598912, -0.3564633448705632]
other derivatives: [-15.42018708   1.24730377   3.37336132   9.01773092   0.91317816
   2.79164851]
Current x array =  [-0.61883    -0.9071961  -0.54522586  0.17021919 -5.71385319 -2.07629918
 -0.94487566 -2.88887224 -0.66044334 -0.16421107]
log likelihood =  -1490.2567930052096
Edge derivatives =  [3.4334087014670844, 1.1607394723282314, -0.22025199313081167, -1.4540282389274795]
other derivatives: [-14.04710019   0.33123797   3.37586243   5.51694939   0.9737505
   2.31516424]
Current x array =  [-0.6189831  -0.90461992 -0.54320392  0.28922704 -5.72413445 -1.90428079
 -1.25089037 -3.01229027 -0.54286061 -0.08988017]
log likelihood =  -1491.2118644494321
Edge derivatives =  [-3.124493985722854, 0.23516601510263124, -1.4218872403459846, 0.9876561767350824]
other derivatives: [ 2.43994691 -5.16865839 34.84531135  7.472363    0.57821126  3.34644028]
Current x array =  [-0.63483747 -0.88894074 -0.59316403  0.19020679 -5.62509864 -2.14214564
 -0.68415281 -2.78815745 -0.80906305 -0.27566686]
log likelihood =  -1489.909773334453
Edge derivatives =  [2.2489756016913316, 0.9487294447029435, -0.922705303935142, -1.2852287341903241]
other derivatives: [-8.00623638 -0.99917088 14.36617367  6.17726528  0.90744834  2.63221409]
Current x array =  [-0.62461731 -0.89904797 -0.56095836  0.25403798 -5.68893987 -1.98881136
 -1.04948755 -2.93263968 -0.63746158 -0.15590361]
log likelihood =  -1489.0565523159926
Edge derivatives =  [1.7302634061799929, 0.8083442577020618, -0.8902504112584134, -0.5139459453417872]
other derivatives: [ 4.85233613  1.27915882 12.04075488  6.07799393  0.49994924  2.6386715 ]
Current x array =  [-0.63745168 -0.90382435 -0.55468127  0.27612569 -5.60273465 -1.90919651
 -0.94068143 -2.89119232 -0.68934685 -0.20276395]
log likelihood =  -1487.2073221495084
Edge derivatives =  [1.232772022661214, 0.46690712076343616, -1.286867911484392, 1.4383278667275363]
other derivatives: [25.37449291  2.97509359  1.92112566  2.83926056 -1.63372533  0.80826794]
Current x array =  [-0.65733012 -0.90443665 -0.53128998  0.4626876  -5.23521524 -1.37726769
 -0.78212988 -2.83781437 -0.76922082 -0.35586629]
log likelihood =  -1487.2407093308884
Edge derivatives =  [-3.2896417499919286, -0.08173363298672179, -1.3867567141265993, 3.305954878295226]
other derivatives: [ 2.22078143 -6.54204086  0.6994469   3.54141321 -2.45108822  1.61053322]
Current x array =  [-0.63083484 -0.88655485 -0.52620423  0.47483528 -5.15712677 -1.36302564
 -0.54422046 -2.74552209 -0.85768188 -0.44636026]
log likelihood =  -1486.9588082074051
Edge derivatives =  [-0.7822688685368553, 0.20040056901014114, -1.4567770779770417, 2.2414952829925934]
other derivatives: [14.27638381 -1.53272595  1.20458026  3.15430952 -1.99941042  1.16970114]
Current x array =  [-0.64434484 -0.89567282 -0.52879746  0.46864115 -5.19694425 -1.37028769
 -0.66553099 -2.79258213 -0.8125754  -0.40021718]
log likelihood =  -1486.6853039479236
Edge derivatives =  [0.8116026946444949, 0.3491923843403485, -2.2686858353517496, 0.5290694729491809]
other derivatives: [-6.08631581 -4.95710992 -2.15750333  1.22963684 -1.92069365 -0.05215952]
Current x array =  [-0.62067605 -0.89031189 -0.52423115  0.54751196 -5.20387123 -1.25959077
 -0.75629265 -2.82904885 -0.76158883 -0.360616  ]
log likelihood =  -1486.529996167601
Edge derivatives =  [0.3825360999871341, 0.31618367901031635, -1.7882721400448824, 0.5294738062853469]
other derivatives: [-2.39583642 -2.65315521  1.08718723  1.36642484 -1.75191417  0.56043064]
Current x array =  [-0.6242012  -0.89794394 -0.52805412  0.53803883 -5.22975251 -1.31869862
 -0.72326951 -2.81474744 -0.79055879 -0.34871242]
log likelihood =  -1486.3618920795877
Edge derivatives =  [-0.06770236244859962, 0.2579981032509116, -1.0313970809739985, 0.3329988501110226]
other derivatives: [ 1.26626674  0.72782314  1.58818239  0.78546236 -1.68208771  0.84780822]
Current x array =  [-0.62684057 -0.91098954 -0.52581011  0.56551911 -5.24660594 -1.33906305
 -0.66150871 -2.78844195 -0.84808813 -0.32660276]
log likelihood =  -1486.2627089047342
Edge derivatives =  [-0.03609996009829369, 0.2631656241869669, -0.39463883270261235, -0.2131353703153251]
other derivatives: [ 1.12613634  0.61422725  0.51957159 -0.0295131  -1.36597009  1.12472662]
Current x array =  [-0.62598527 -0.9139535  -0.52196234  0.59712868 -5.29352866 -1.36522844
 -0.63079207 -2.77259872 -0.89664293 -0.29058616]
log likelihood =  -1486.2336968841228
Edge derivatives =  [0.06892228450571869, 0.2061418281612643, -0.02256011989624429, 0.08816769434801638]
other derivatives: [-4.13806447  6.47492016  4.48603714 -1.05039817 -0.96383701  0.24085693]
Current x array =  [-0.61671488 -0.93480922 -0.52623185  0.64801973 -5.34360234 -1.25213217
 -0.58612376 -2.74446951 -0.94710498 -0.29334658]
log likelihood =  -1486.1087923662865
Edge derivatives =  [0.08704875876053919, 0.21686346906884327, 0.09749556253238284, -0.08471862582153133]
other derivatives: [-1.09271241  2.18440164 -1.02420472 -0.77075129 -0.65313088  0.49876689]
Current x array =  [-0.62174548 -0.92132759 -0.51788759  0.63475632 -5.38873073 -1.28063339
 -0.58499031 -2.74051396 -0.95343993 -0.27999504]
log likelihood =  -1486.0660682228558
Edge derivatives =  [0.061564349741525304, 0.20677197215676774, 0.03888250980900809, -0.09968007990761221]
other derivatives: [-0.39676706 -0.09326868 -1.43766101 -0.56791123 -0.34706318  0.39924544]
Current x array =  [-0.62313008 -0.9136811  -0.51776898  0.62239996 -5.42997715 -1.27093558
 -0.58913057 -2.73718642 -0.95143044 -0.28089485]
log likelihood =  -1486.0427852977643
Edge derivatives =  [0.055322027229752935, 0.1873176191326111, 0.012613967747119148, 0.11030162760141213]
other derivatives: [-0.27059741 -0.53112217 -1.56894657 -0.22314453 -0.00798082  0.10420536]
Current x array =  [-0.62341472 -0.91136315 -0.51829078  0.60793708 -5.47702742 -1.24096743
 -0.58844629 -2.72918697 -0.95298612 -0.2885606 ]
log likelihood =  -1486.4337072515423
Edge derivatives =  [-1.3329982444761628, 0.017242502364282895, -0.6775415282348887, -1.1976668725264707]
other derivatives: [ 8.1911594  -6.89369699 18.76069291 -1.62547167 -0.09129053 -0.3173227 ]
Current x array =  [-0.63172054 -0.89247707 -0.54730803  0.6242679  -5.4641508  -1.19162805
 -0.56505168 -2.70755605 -0.97528499 -0.2743308 ]
log likelihood =  -1486.0416096651002
Edge derivatives =  [-0.014909204462294046, 0.1786470690643125, -0.02228607887134998, 0.04428683260605474]
other derivatives: [ 0.17287221 -0.85037755 -0.47275535 -0.29617695 -0.01209628  0.08290044]
Current x array =  [-0.62384199 -0.91039161 -0.51978349  0.60877717 -5.47636502 -1.2384293
 -0.58724282 -2.72807422 -0.95413323 -0.28782859]
log likelihood =  -1486.0391453444367
Edge derivatives =  [-0.025525547083958544, 0.17316848690643039, -0.014860070303914619, 0.1379337669024252]
other derivatives: [ 0.1837634  -0.34192453 -0.12882992 -0.16482318  0.05234142  0.01757599]
Current x array =  [-0.6237628  -0.91163733 -0.52051035  0.60386786 -5.48568382 -1.23191401
 -0.58600146 -2.72547614 -0.95542216 -0.29044224]
log likelihood =  -1486.0384378266656
Edge derivatives =  [-0.11995250882132613, 0.16322260305753078, -0.013321722662722024, 0.16236202442713482]
other derivatives: [-0.41711701 -0.19558684  0.21220785 -0.03481091  0.05286438  0.06118626]
Current x array =  [-0.62309179 -0.91224175 -0.52109715  0.59945006 -5.48724524 -1.23503822
 -0.58147621 -2.72162867 -0.95898565 -0.29015067]
log likelihood =  -1486.0378351634622
Edge derivatives =  [-0.11834206528342539, 0.16171625598096626, 0.004774897372247677, 0.15807300426278642]
other derivatives: [ 0.23223947  0.21345841  0.21518645 -0.02719389  0.04552021  0.02057732]
Current x array =  [-0.62372702 -0.91340963 -0.52100093  0.59952614 -5.48660519 -1.23162195
 -0.57969863 -2.71899065 -0.96137851 -0.28928812]
log likelihood =  -1486.0373378353493
Edge derivatives =  [-0.11706558549395346, 0.16187919748626375, 0.004294173896323195, 0.11547158615757407]
other derivatives: [ 0.25102054  0.18540049  0.14701982 -0.02814886  0.03340119  0.01002718]
Current x array =  [-0.62375707 -0.91337611 -0.52086941  0.59967963 -5.4852825  -1.23103675
 -0.5795568  -2.71752032 -0.96228716 -0.2878252 ]
log likelihood =  -1486.0351935351405
Edge derivatives =  [-0.09209318359131624, 0.16618155102938043, 0.006541491242769482, -0.11412740084185549]
other derivatives: [ 0.17951152 -0.00068212 -0.1114131   0.04988578 -0.01875833 -0.03806235]
Current x array =  [-0.62379714 -0.91289456 -0.52055159  0.59667304 -5.47994652 -1.22919418
 -0.58153224 -2.70572891 -0.96683845 -0.27997111]
log likelihood =  -1486.0339702321035
Edge derivatives =  [-0.061172941513817414, 0.1692367935988066, 0.028712201687737193, -0.17769195772794574]
other derivatives: [-0.13358203 -0.03965397 -0.14711077  0.06943992 -0.02942215 -0.09056293]
Current x array =  [-0.62343955 -0.91272725 -0.52062073  0.59593579 -5.4784367  -1.22477771
 -0.5831982  -2.69498413 -0.97039429 -0.27796202]
log likelihood =  -1486.0304949974814
Edge derivatives =  [0.009173131826853309, 0.18246926993877088, 0.13076995845506706, -0.2904984903703853]
other derivatives: [-0.42102783 -0.1442686  -0.20509106  0.16668764 -0.06177743 -0.11689281]
Current x array =  [-0.62318757 -0.91212223 -0.52090285  0.59129758 -5.47345555 -1.22338486
 -0.58873695 -2.65894317 -0.98093876 -0.27297261]
log likelihood =  -1486.0237906482694
Edge derivatives =  [0.15715488843348746, 0.21036056846432544, 0.29650783384965074, -0.333533259680116]
other derivatives: [-1.04068931 -0.11314114 -0.07430572  0.18690116 -0.08221832 -0.16900685]
Current x array =  [-0.62244739 -0.91170166 -0.52164192  0.58910219 -5.46727237 -1.21972449
 -0.60133607 -2.59195267 -0.99368267 -0.27036854]
log likelihood =  -1486.0049740623458
Edge derivatives =  [0.3498895608960777, 0.27458524519799693, 0.7063934321112227, -0.25406526127063983]
other derivatives: [-1.16717729 -0.52127689 -0.10747954  0.37935024 -0.09126779 -0.20290827]
Current x array =  [-0.62245876 -0.90893632 -0.52286313  0.57780619 -5.45706157 -1.22094929
 -0.63459431 -2.39017605 -1.02592204 -0.26832952]
log likelihood =  -1486.0196488714137
Edge derivatives =  [-0.5508724650905968, -0.28545373393574214, 1.351215239788558, -0.4603649748829482]
other derivatives: [-6.39370228 -0.19590516  6.77887328  0.44924491 -0.77143341 -0.49717528]
Current x array =  [-0.61595942 -0.91270908 -0.5326891   0.57831517 -5.34260136 -1.2784339
 -0.83482825 -1.40810317 -1.12979909 -0.24529069]
log likelihood =  -1485.955104493401
Edge derivatives =  [0.32309952555051485, 0.35391402673437655, 1.2829264304597323, -0.3649871322587758]
other derivatives: [-3.86248757  0.2095021   2.67361884  0.29972398 -0.39613042 -0.25256668]
Current x array =  [-0.61906528 -0.91090618 -0.52799354  0.57807194 -5.39729874 -1.25096359
 -0.73914197 -1.87740874 -1.08015911 -0.25630031]
log likelihood =  -1493.6325759676436
Edge derivatives =  [-1.0448634516387003, -12.008530321874046, 2.428694118331883, 0.7049218075355907]
other derivatives: [-10.97798759 -12.63624654  26.8706799    3.22504548  -3.02370609
  -1.32893092]
Current x array =  [-0.61206181 -0.9077108  -0.53773484  0.56766636 -5.21961726 -1.36179369
 -1.15586104  0.0579559  -1.25652469 -0.23811162]
log likelihood =  -1485.9430704940178
Edge derivatives =  [0.16305088285813368, 0.28819255018538714, 1.3489798934728303, -0.33965401256442956]
other derivatives: [-4.2789452   0.04170033  3.163359    0.33637662 -0.45797606 -0.30456704]
Current x array =  [-0.61860568 -0.91069648 -0.5286328   0.57738909 -5.38563862 -1.25823667
 -0.76648863 -1.75040286 -1.09173288 -0.2551067 ]
log likelihood =  -1485.9489757615165
Edge derivatives =  [-0.5461695054519764, -0.5184266776703047, 1.4859421063003817, 0.150163797655898]
other derivatives: [-7.58968781  0.32187017  2.33239916  0.39794941 -0.73682713 -0.44451554]
Current x array =  [-0.61498837 -0.91527357 -0.52515659  0.58976475 -5.33766889 -1.3191731
 -0.91031207 -1.25444463 -1.10181415 -0.26172882]
log likelihood =  -1485.90744864419
Edge derivatives =  [-0.11412206053226215, 0.06173817920171015, 1.4684083677978506, -0.08384293686805915]
other derivatives: [-5.99229679  0.37900918  2.43369414  0.33039669 -0.583168   -0.34769982]
Current x array =  [-0.61674063 -0.91305639 -0.5268405   0.58376986 -5.36090589 -1.28965491
 -0.84064262 -1.49469156 -1.09693069 -0.258521  ]
log likelihood =  -1485.9408208198533
Edge derivatives =  [-0.9022267835743079, -0.9245747615353971, 1.0202734117168697, -0.4420192577782888]
other derivatives: [ 1.34032234 -3.89991328 10.30016392 -0.83689429 -0.75435764 -0.42255124]
Current x array =  [-0.62486652 -0.90247086 -0.53498928  0.61317382 -5.3246775  -1.3611211
 -0.99353209 -1.15882596 -1.04925099 -0.26488156]
log likelihood =  -1485.87014397672
Edge derivatives =  [-0.4239942980756775, -0.23613622192036818, 1.3100878345073692, -0.22774334052179113]
other derivatives: [-2.79678716 -1.34468792  5.66833478 -0.1976332  -0.64510459 -0.36311576]
Current x array =  [-0.62026199 -0.90846914 -0.53037178  0.5965121  -5.34520628 -1.32062486
 -0.90689743 -1.34914385 -1.07626864 -0.26127735]
log likelihood =  -1485.7171273002723
Edge derivatives =  [-0.27927262635979627, 0.004785773530640941, 1.0174165840294496, 0.3976978953212542]
other derivatives: [-2.13958629 -2.79378582  3.15744728 -1.23475274 -0.43369255 -0.02660272]
Current x array =  [-0.62152425 -0.90373814 -0.52598153  0.62981653 -5.35350226 -1.4004555
 -1.00942706 -1.31231312 -0.97768062 -0.29570793]
log likelihood =  -1485.924004315228
Edge derivatives =  [-0.5120691724216482, -0.5543249857351014, -0.17434810985444882, 1.197677599928023]
other derivatives: [18.31467671  9.53086783 -0.4213689  -1.13241185 -0.41527528 -0.30920546]
Current x array =  [-0.64466091 -0.94288813 -0.51427326  0.6427212  -5.35813327 -1.55122902
 -1.28110345 -0.98949875 -0.80366529 -0.32436159]
log likelihood =  -1485.6433527999004
Edge derivatives =  [-0.278941170083718, -0.06771029029682982, 0.7445585640404577, 0.7097948664891929]
other derivatives: [ 5.02209332  1.70446128  1.67208327 -1.24480266 -0.40388386 -0.11339125]
Current x array =  [-0.62941859 -0.9170963  -0.52198661  0.63421966 -5.35508238 -1.45190014
 -1.10212433 -1.20216732 -0.91830576 -0.3054847 ]
log likelihood =  -1485.5951487557345
Edge derivatives =  [-0.5660464425595689, -0.27724743034222343, 0.2089167805935639, 1.1525135508572446]
other derivatives: [ 2.39569999  0.12050805 -1.24548478 -1.02604645 -0.26270754  0.03381047]
Current x array =  [-0.6274517  -0.91348311 -0.5171324   0.63214968 -5.37188484 -1.52258985
 -1.1818222  -1.1129481  -0.85933236 -0.32830314]
log likelihood =  -1485.5830436634942
Edge derivatives =  [-0.3284872423807771, 0.304949721273326, -0.20188592638048408, 1.2185999966520937]
other derivatives: [ 2.07148787  0.00975433 -1.59307092 -0.61713763 -0.01896296  0.24274414]
Current x array =  [-0.62791846 -0.9108515  -0.51862615  0.6106069  -5.40733669 -1.54443787
 -1.17849651 -1.23474377 -0.82012214 -0.33212887]
log likelihood =  -1486.9030419677313
Edge derivatives =  [-1.9041480175637446, -2.737536028603613, -5.645811558919233, -4.614399512448199]
other derivatives: [-14.53342975  -0.55308647  18.79682259   2.02389856  -0.80460723
  -0.54888005]
Current x array =  [-0.61136111 -0.929678   -0.53951502  0.53482978 -5.43049659 -1.61045662
 -1.487991   -0.82027027 -0.59690981 -0.1646054 ]
log likelihood =  -1485.5474526550695
Edge derivatives =  [-0.578423603788931, 0.020972177654831614, -0.9421211557711051, 0.30799521640786987]
other derivatives: [-0.15807018  0.06978098  1.03048023 -0.24456313 -0.10402346  0.0756927 ]
Current x array =  [-0.62560078 -0.91348681 -0.52155014  0.59999973 -5.41057858 -1.55367908
 -1.2218191  -1.17672637 -0.78887719 -0.30867918]
log likelihood =  -1485.5310227574887
Edge derivatives =  [-0.582579676956868, -0.17964807431232027, -0.5405107490630856, 0.011850578504958964]
other derivatives: [-0.18117134 -0.04524736 -0.69881025  0.17894308 -0.15099886 -0.07607923]
Current x array =  [-0.625741   -0.91343206 -0.51912235  0.58818411 -5.4088836  -1.52601062
 -1.20403522 -1.14651201 -0.82437395 -0.29385633]
log likelihood =  -1485.521796783856
Edge derivatives =  [-0.56445281536884, -0.23365322967459548, -0.5213749686481373, 0.14311561399126396]
other derivatives: [ 0.19679192  0.01994067  0.18083028  0.10170425 -0.07626113 -0.11034444]
Current x array =  [-0.6260593  -0.91336261 -0.52039385  0.58907725 -5.41603784 -1.53391094
 -1.23138364 -1.12040271 -0.81935953 -0.29917252]
log likelihood =  -1485.5049557001562
Edge derivatives =  [-0.39396372535610646, -0.21694181465457885, -0.3870977512566015, 0.38608362437800003]
other derivatives: [ 0.54121756  0.03137757  1.10840119  0.07123617  0.15754722 -0.20399966]
Current x array =  [-0.6264515  -0.91220963 -0.52238236  0.58495852 -5.44255016 -1.54972051
 -1.30037292 -1.08160496 -0.80874978 -0.30748753]
log likelihood =  -1485.4918596235602
Edge derivatives =  [-0.25066147301581654, -0.1567881447208624, -0.41098234751041235, 0.23413971553526564]
other derivatives: [ 0.85337888 -0.54669727  0.1452463  -0.01427907  0.25411282 -0.27846454]
Current x array =  [-0.62714565 -0.91025487 -0.52097696  0.58577733 -5.45560547 -1.57043691
 -1.36880809 -1.05236735 -0.79130299 -0.30309728]
log likelihood =  -1485.4818137339971
Edge derivatives =  [-0.007258209180656672, -0.03824653711023146, -0.11256163169917488, 0.1443045681047145]
other derivatives: [-1.07827418  0.27328042 -0.33492142 -0.21288997  0.31479885 -0.35984158]
Current x array =  [-0.62475179 -0.9127809  -0.52060368  0.59240346 -5.46141374 -1.58927163
 -1.44188528 -1.02096452 -0.7880267  -0.29735952]
log likelihood =  -1485.4754061843312
Edge derivatives =  [0.0005047817573804736, -0.06102105927613377, -0.14809788564721915, -0.05801805316738097]
other derivatives: [-0.1151875  -0.36577603 -0.46741206 -0.30483989  0.30863703 -0.35474841]
Current x array =  [-0.62607697 -0.91096782 -0.52009868  0.59349156 -5.46101344 -1.61120361
 -1.48240326 -1.00074273 -0.77922795 -0.29192741]
log likelihood =  -1485.4658626284263
Edge derivatives =  [-0.0043938956260392015, -0.03971569698110611, -0.21233762164209385, -0.21014871203062868]
other derivatives: [ 0.56802492 -0.59458216 -0.71090653 -0.41068233  0.26448106 -0.28326212]
Current x array =  [-0.62708288 -0.91046627 -0.51942344  0.59556203 -5.45438242 -1.65253807
 -1.5339447  -0.97956853 -0.76571579 -0.28812205]
log likelihood =  -1485.4484495546071
Edge derivatives =  [-0.03962366209141274, -0.08081510197138697, -0.158837381903152, -0.4069327678529078]
other derivatives: [ 0.48232778 -1.34368747 -0.05393304 -0.45392881  0.18021638 -0.12557848]
Current x array =  [-0.62741317 -0.90818845 -0.52041873  0.59227288 -5.43906184 -1.74213462
 -1.62992692 -0.93564109 -0.75370763 -0.28565101]
log likelihood =  -1485.4830300153574
Edge derivatives =  [-0.022564766215979054, -0.06580862276230626, -0.08912551678320735, -0.4195268728381289]
other derivatives: [ 6.85543     3.82754024  0.41247858 -0.03094556  0.01493845 -0.00777618]
Current x array =  [-0.63461648 -0.92286132 -0.52044793  0.57544566 -5.41663942 -1.89343861
 -1.79572826 -0.86669459 -0.7239628  -0.28134153]
log likelihood =  -1485.442920935323
Edge derivatives =  [-0.028431365578251433, -0.06044863497152009, -0.12412387279114084, -0.4024409178685459]
other derivatives: [ 2.20463789  0.08076313  0.04151843 -0.34606273  0.13849331 -0.08535608]
Current x array =  [-0.62934879 -0.91213124 -0.52042657  0.58775119 -5.43303665 -1.78279196
 -1.67447988 -0.91711428 -0.74571481 -0.28449299]
log likelihood =  -1485.4333705921676
Edge derivatives =  [-0.04013887134916522, 0.027816443909933597, -0.04462045527323533, -0.24422381711042238]
other derivatives: [ 0.78653102 -0.05002221 -0.03874447 -0.28653631  0.08149073  0.03565219]
Current x array =  [-0.62797523 -0.91120576 -0.52094618  0.58401446 -5.41965932 -1.84406465
 -1.71724561 -0.90750917 -0.7417882  -0.29208403]
log likelihood =  -1485.4307185733715
Edge derivatives =  [-0.06948077553154355, -0.07523744224813134, -0.018298797163042668, -0.14940204859617393]
other derivatives: [-0.06939445 -0.06834853  0.17726052 -0.1159151   0.07189556  0.06170922]
Current x array =  [-0.62719682 -0.91099755 -0.52149009  0.57763081 -5.41617703 -1.89155441
 -1.77020406 -0.87857603 -0.73613865 -0.29779359]
log likelihood =  -1485.4302595152403
Edge derivatives =  [-0.04417270812124624, -0.010820712916557451, 0.06738767827131961, -0.04767601825149603]
other derivatives: [-0.03713012  0.06057235  0.08294592 -0.0851287   0.08008101  0.07089511]
Current x array =  [-0.62723707 -0.91090647 -0.52168316  0.57587968 -5.41538203 -1.89288253
 -1.76837598 -0.88424172 -0.73896455 -0.30046588]
log likelihood =  -1485.4298156535958
Edge derivatives =  [-0.044876074427523824, 0.0021620961261915594, -0.006696276644200416, -0.03129528439713675]
other derivatives: [-0.16962076  0.11427801 -0.28528575  0.03813057  0.07944436  0.05895799]
Current x array =  [-0.62721929 -0.91095312 -0.5212644   0.57228861 -5.41612446 -1.8915847
 -1.77352596 -0.88514751 -0.7347168  -0.3009844 ]
log likelihood =  -1485.4294834166783
Edge derivatives =  [-0.03178951940243803, 0.005129325240722293, -0.033107791600677616, -0.023855449850416238]
other derivatives: [-0.04599769  0.08665211  0.29917828  0.03776677  0.09281393  0.03965397]
Current x array =  [-0.62733977 -0.91063792 -0.52223816  0.57101285 -5.41749575 -1.89047884
 -1.78482353 -0.88453466 -0.73210321 -0.30183244]
log likelihood =  -1485.4292673022032
Edge derivatives =  [-0.01845875091200634, 0.01141148181626006, -0.010314605917774278, -0.03128606951312174]
other derivatives: [-0.0236696   0.00513865  0.10602434  0.01762146  0.09372343  0.03310561]
Current x array =  [-0.62739257 -0.91036386 -0.52194783  0.57161153 -5.41733161 -1.89267599
 -1.79241853 -0.88241429 -0.73156219 -0.3016305 ]
log likelihood =  -1485.4291335491314
Edge derivatives =  [-0.005383069148010594, 0.01648968142099544, 0.004366436081056968, -0.03305417131381619]
other derivatives: [ 0.03649347 -0.0531827  -0.0324917   0.00061391  0.09015366  0.02671641]
Current x array =  [-0.6274959  -0.91012184 -0.52174362  0.57195399 -5.41633499 -1.8983035
 -1.80526219 -0.8787303  -0.72989773 -0.30184939]
log likelihood =  -1485.4290440434402
Edge derivatives =  [0.002633603986804442, 0.023024869780441326, 0.008007106086206639, -0.032093232781984254]
other derivatives: [-0.01552962 -0.02310117 -0.07580638 -0.0127784   0.08346888  0.02291927]
Current x array =  [-0.62743705 -0.91019767 -0.52168138  0.57240987 -5.41511654 -1.90109171
 -1.81225854 -0.87703223 -0.7287611  -0.302016  ]
log likelihood =  -1485.4289107475554
Edge derivatives =  [0.0028185686189038522, 0.024026797790831778, -0.01775892425846093, -0.006423126624062803]
other derivatives: [ 0.18542323 -0.10875283 -0.08419647 -0.0323098   0.05418315  0.0240334 ]
Current x array =  [-0.62771882 -0.90978458 -0.52166405  0.57262032 -5.40979511 -1.91213675
 -1.82905168 -0.87239963 -0.72515235 -0.30397674]
log likelihood =  -1485.4287169958075
Edge derivatives =  [0.008785995101973365, 0.031737657950625386, -0.015431282541607694, 0.0011304549529414787]
other derivatives: [-0.06675691  0.05168204 -0.05854872 -0.04633876  0.04183676  0.01753051]
Current x array =  [-0.62736462 -0.91033762 -0.52170746  0.5736607  -5.40805642 -1.90615216
 -1.82405033 -0.87430235 -0.72580513 -0.30398105]
log likelihood =  -1485.4285817410355
Edge derivatives =  [0.0030758278170077424, 0.02567297367443383, -0.022193166716106605, 0.0105163109069987]
other derivatives: [-0.11650627  0.08953975 -0.00427463 -0.0421096   0.0338332   0.01573426]
Current x array =  [-0.62727333 -0.9104826  -0.52178627  0.57385367 -5.40701794 -1.89951646
 -1.81435842 -0.87680456 -0.72717077 -0.30421443]
log likelihood =  -1485.4284035259902
Edge derivatives =  [-0.0083369339974049, 0.008727141688087248, -0.028262725505774855, 0.02003946535209944]
other derivatives: [-0.07435119  0.08308234  0.05370566 -0.02457909  0.01596163  0.01152785]
Current x array =  [-0.62728592 -0.91047409 -0.52187509  0.57371244 -5.40463079 -1.88755961
 -1.79706209 -0.88101449 -0.73005767 -0.30451262]
log likelihood =  -1485.4284395412028
Edge derivatives =  [-0.007163350514591216, 0.0019182427766484267, -0.01484835907353349, 0.00010250601201403087]
other derivatives: [-3.90491550e-01 -1.72872205e-01  4.92036634e-02 -4.54747351e-05
 -2.72848411e-04  7.50333129e-03]
Current x array =  [-0.62698464 -0.90964817 -0.52199376  0.57272881 -5.40206818 -1.88417935
 -1.7948989  -0.88218757 -0.73168389 -0.30443371]
log likelihood =  -1485.4283701064655
Edge derivatives =  [-0.007854863137577495, 0.005942548862257979, -0.022756167196721577, 0.011883007234425785]
other derivatives: [-0.20377229 -0.02171419  0.0518412  -0.01450644  0.00934506  0.00986802]
Current x array =  [-0.62716253 -0.91013583 -0.52192369  0.57330959 -5.40358126 -1.8861752
 -1.79617614 -0.88149493 -0.73072369 -0.30448031]
log likelihood =  -1485.428316078805
Edge derivatives =  [-0.004353682183443702, 0.004603966798404524, -0.009292259985856144, 0.008337098326035186]
other derivatives: [-0.03542482 -0.01014087  0.02023626 -0.00554792  0.00081855  0.0037744 ]
Current x array =  [-0.62735007 -0.91010939 -0.52189124  0.57300429 -5.40235618 -1.88189738
 -1.79251979 -0.8826929  -0.7318914  -0.3042524 ]
log likelihood =  -1485.4283081548342
Edge derivatives =  [7.190988837246781e-05, 0.00706613482342533, -0.0010705855971620548, 0.0038982130737734433]
other derivatives: [ 0.0088221  -0.00914042 -0.00311502 -0.00545697  0.00013642  0.00145519]
Current x array =  [-0.62740612 -0.9100844  -0.52186591  0.57291048 -5.40220226 -1.88236848
 -1.79466299 -0.88226562 -0.73183832 -0.3040827 ]
log likelihood =  -1485.4283067929928
Edge derivatives =  [0.0013260536904886877, 0.007211480986723695, 0.0010908264327658124, 0.002072302336890902]
other derivatives: [ 0.01050466 -0.00663931 -0.00277396 -0.00522959  0.00052296  0.00081855]
Current x array =  [-0.62740934 -0.91008797 -0.52186852  0.57287336 -5.40224782 -1.88277124
 -1.79568106 -0.88196337 -0.73176046 -0.30402165]
      fun: 1485.4283067929928
 hess_inv: <10x10 LbfgsInvHessProduct with dtype=float64>
      jac: array([-0.01050466,  0.00663931,  0.00277396,  0.00522959, -0.00052296,
       -0.00081855, -0.00132605, -0.00721148, -0.00109083, -0.0020723 ])
  message: b'CONVERGENCE: REL_REDUCTION_OF_F_<=_FACTR*EPSMCH'
     nfev: 87
      nit: 73
   status: 0
  success: True
        x: array([-0.62740934, -0.91008797, -0.52186852,  0.57287336, -5.40224782,
       -1.88277124, -1.79568106, -0.88196337, -0.73176046, -0.30402165])
