number of sites to be analyzed:  1314
log likelihood =  18806.083976187976
Lr derivatives =  [-1018.0383441174761, -1421.6083159394202, -409.0081041599392]
other derivatives =  [ 182.200165   -139.03591025  122.64499674   89.39896361 1077.14186015
  122.80361261]
Current x_clock array =  [-0.61359634 -0.74814154 -0.63355783  0.74193734 -0.10536052 -0.51082562
 -0.51082562 -0.51082562 -0.51082562]
log likelihood =  17930.332809560154
Lr derivatives =  [421.7828806751383, -601.7137660444757, 20.639074824586316]
other derivatives =  [-668.89479058  -71.19851944 -288.73873816   28.68728188  862.85144789
  170.8525815 ]
Current x_clock array =  [-0.7345815  -0.74767796 -0.71499696  0.68257435 -0.82060783 -0.59237009
  0.16517558 -0.51048642 -0.51048642]
log likelihood =  17455.864586362506
Lr derivatives =  [593.2517667271286, -315.07925456363307, 114.19329986432004]
other derivatives =  [1113.35466499  144.35827325 -105.87900761   16.88349585  582.24686654
  116.98029994]
Current x_clock array =  [-0.52961438 -0.72850087 -0.63974543  0.64456014 -1.47946685 -0.69563054
  0.30742974 -0.36584706 -0.54397824]
log likelihood =  17085.187149467914
Lr derivatives =  [96.46228979596783, -407.715131880614, -6.1102127700619775]
other derivatives =  [317.71633076 127.04840628 227.73456294  69.73932614  78.50539987
  59.7887265 ]
Current x_clock array =  [-0.60889151 -0.74718857 -0.55622612  0.60318281 -2.23846737 -0.81810535
  0.34851453 -0.20091418 -0.60806164]
log likelihood =  16994.606047686386
Lr derivatives =  [-20.294987600117125, -340.2411392547007, 15.583527276056216]
other derivatives =  [  46.38350219  -54.79596439 -136.22156985   79.90274753  -98.32401702
   42.28604666]
Current x_clock array =  [-0.63924675 -0.7986408  -0.6183076   0.56029122 -2.49185539 -0.88326896
  0.2944772   0.         -0.62683529]
log likelihood =  16983.753447011244
Lr derivatives =  [33.461691805180024, -321.01681924040594, 26.459661011157166]
other derivatives =  [-40.86396075 -15.55490599  -0.13169483  62.92320904 -33.63529686
  46.54866643]
Current x_clock array =  [-0.65152372 -0.7856338  -0.59267077  0.54018806 -2.38634717 -0.88569197
  0.26954078  0.         -0.6225844 ]
log likelihood =  16978.00323073093
Lr derivatives =  [55.869850544961466, -324.5050162286343, 14.698671849262396]
other derivatives =  [-39.85041985  10.1274054   23.78728823  45.22371455  12.28399924
  46.27509043]
Current x_clock array =  [-0.65111132 -0.77542648 -0.59115486  0.50703982 -2.2819029  -0.90064296
  0.22413863  0.         -0.62563498]
log likelihood =  16971.656834689315
Lr derivatives =  [19.53946962473163, -361.1026013982202, -20.847033696240658]
other derivatives =  [-22.33646228  -6.81066012  63.60241969   9.17170837  22.44596544
  36.94876796]
Current x_clock array =  [-0.64786797 -0.77578914 -0.58753291  0.42073067 -2.21537981 -0.97069874
  0.16556405  0.         -0.6253678 ]
log likelihood =  16969.170338390464
Lr derivatives =  [-3.195304967469184, -370.8196321490716, -15.65918185767481]
other derivatives =  [ -3.68781912  85.99345165 -29.88199412 -15.34826879  10.80734364
  26.25056368]
Current x_clock array =  [-0.64550343 -0.74892307 -0.60884396  0.34968666 -2.20081068 -1.0617484
  0.12611452  0.         -0.60137175]
log likelihood =  16967.20963352861
Lr derivatives =  [-14.340369127894828, -371.84510341187314, -8.70232026185009]
other derivatives =  [ 17.45611371   1.04046194  -7.91260391 -21.51318768  -1.1157681
  23.33945304]
Current x_clock array =  [-0.64277408 -0.77216819 -0.60379969  0.33388305 -2.22430069 -1.09838924
  0.12936728  0.         -0.59124806]
log likelihood =  16966.535752844007
Lr derivatives =  [-10.876029906488732, -364.11425961324557, 2.772570512054841]
other derivatives =  [  9.30667738 -11.11911843  -4.84797056 -19.20489012  -9.13496478
  21.35784598]
Current x_clock array =  [-0.64416574 -0.77662958 -0.60202018  0.33674346 -2.2456054  -1.12396875
  0.13924854  0.         -0.58394839]
log likelihood =  16965.135848131024
Lr derivatives =  [-3.715040568093471, -354.7201857601406, 12.922033211993579]
other derivatives =  [ -4.76284185 -22.89307304  -5.74764272 -14.86841938 -12.27272151
  15.22348612]
Current x_clock array =  [-0.64642127 -0.78113037 -0.60071771  0.3469669  -2.25576336 -1.20153038
  0.14693345  0.         -0.5749406 ]
log likelihood =  16963.387513285612
Lr derivatives =  [-7.581634863129366, -356.082165073683, 5.099800230731901]
other derivatives =  [-10.54359018 -17.50013325   7.2952389   -2.29047146 -15.13835741
   5.0466042 ]
Current x_clock array =  [-0.64733784 -0.78051714 -0.59666999  0.379153   -2.24891702 -1.3441138
  0.14520584  0.         -0.57183265]
log likelihood =  16964.497961777983
Lr derivatives =  [57.179764888419506, -315.71741767771266, 41.40596068621232]
other derivatives =  [-24.90342013 -21.64379111 -49.17346814  -8.46521289  37.88663889
   0.44783519]
Current x_clock array =  [-0.65018556 -0.78163472 -0.60771711  0.38183376 -2.17372045 -1.47133073
  0.13687408  0.         -0.54985016]
log likelihood =  16963.14395917442
Lr derivatives =  [11.454982398185063, -344.27824252380407, 15.6393121610447]
other derivatives =  [-14.76364559 -18.63882062  -9.71194822  -4.11091605   0.56243152
   3.53466021]
Current x_clock array =  [-0.64818361 -0.78084906 -0.59995096  0.37994918 -2.22658382 -1.38189692
  0.14273133  0.         -0.5653039 ]
log likelihood =  16962.877393128918
Lr derivatives =  [3.019204237450154, -351.24060483265936, 5.218546077097287]
other derivatives =  [ 2.883462   -2.40761437  1.48647814 -0.26484486 -0.47002686  0.47584763]
Current x_clock array =  [-0.64582907 -0.77617316 -0.59786429  0.3898597  -2.21644205 -1.4322311
  0.13486795  0.         -0.56690629]
log likelihood =  16962.882309253248
Lr derivatives =  [-3.862585901573624, -357.26202224661347, -2.2658910370907392]
other derivatives =  [-15.73571353  -0.8752977   -0.62645995   0.65811037  -0.88402885
  -0.2059096 ]
Current x_clock array =  [-0.64791039 -0.77525211 -0.59850461  0.39134858 -2.21074074 -1.44229861
  0.13041029  0.         -0.56935572]
log likelihood =  16962.867675719506
Lr derivatives =  [-0.06284341938832227, -353.93895453748416, 1.8612694556459672]
other derivatives =  [-5.4926204  -1.71821739  0.53587428  0.14988473 -0.65883796  0.16880222]
Current x_clock array =  [-0.64676363 -0.77575959 -0.59815181  0.39052824 -2.21388203 -1.43675164
  0.13286636  0.         -0.56800614]
log likelihood =  16962.86395549193
Lr derivatives =  [-0.4459437688538799, -354.59076636028897, 0.5117474542157794]
other derivatives =  [ 0.04329195  0.00327418  0.00945874  0.26084308 -0.22046152 -0.02655725]
Current x_clock array =  [-0.64605132 -0.77525224 -0.59833184  0.39104925 -2.21210529 -1.43935502
  0.13193612  0.         -0.56857231]
log likelihood =  16962.863778149087
Lr derivatives =  [-0.32948248471785035, -354.6151180924117, 0.34016669841727776]
other derivatives =  [ 0.05929905 -0.08876668  0.05420588  0.17353159 -0.07530616  0.02219167]
Current x_clock array =  [-0.64604995 -0.77527174 -0.59833247  0.39090066 -2.212017   -1.43821011
  0.13203255  0.         -0.56879076]
log likelihood =  16962.863632015506
Lr derivatives =  [-0.011352324871882757, -354.5239789448353, -0.03889015085199787]
other derivatives =  [ 0.02837623 -0.18626451 -0.09313226  0.0858563  -0.01382432  0.00218279]
Current x_clock array =  [-0.64606937 -0.7753213  -0.59834681  0.39075688 -2.21239094 -1.43793079
  0.13253998  0.         -0.569238  ]
log likelihood =  16962.86364215099
Lr derivatives =  [0.08694907463333479, -354.469273769616, 0.009025423896801499]
other derivatives =  [-0.06366463  0.13860699  0.42564352 -0.00472937  0.07894414  0.00181899]
Current x_clock array =  [-0.64608826 -0.77523096 -0.59824577  0.39058604 -2.21229265 -1.4380405
  0.13252863  0.         -0.56920745]
log likelihood =  16962.863623036017
Lr derivatives =  [0.028612321794618367, -354.50173836481076, -0.019409688513732704]
other derivatives =  [-0.00909495 -0.05384209  0.11787051  0.04874892  0.02364686  0.00181899]
Current x_clock array =  [-0.64607705 -0.77528457 -0.59830573  0.39068742 -2.21235098 -1.4379754
  0.13253537  0.         -0.56922558]
      fun: 16962.863623036017
 hess_inv: <9x9 LbfgsInvHessProduct with dtype=float64>
      jac: array([-9.09494702e-03, -5.38420863e-02,  1.17870513e-01,  4.87489160e-02,
        2.36468622e-02,  1.81898940e-03,  2.86123218e-02, -3.54501738e+02,
       -1.94096885e-02])
  message: 'CONVERGENCE: REL_REDUCTION_OF_F_<=_FACTR*EPSMCH'
     nfev: 23
      nit: 19
     njev: 23
   status: 0
  success: True
        x: array([-0.64607705, -0.77528457, -0.59830573,  0.39068742, -2.21235098,
       -1.4379754 ,  0.13253537,  0.        , -0.56922558])
{('N0', 'N1'): [30.506365556639203, 30.506365556639203], ('N0', 'ENSLOCG'): [0.0, 0.0], ('N1', 'ENSGACG'): [68.98452892858862, 69.04826765534276], ('N1', 'ENSDARG'): [67.69797439336267, 68.53734322781995]}
