number of sites to be analyzed:  580
log likelihood =  8118.596087658881
Lr derivatives =  [-457.5790342173861, -622.3706860740381, -336.2115061744064]
other derivatives =  [ 15.80037861 -33.67786121  46.44380169  -7.87431418 512.69280448
  13.52082108]
Current x_clock array =  [-0.69062164 -0.71611004 -0.61834804  0.74193734 -0.10536052 -0.51082562
 -0.51082562 -0.51082562 -0.51082562]
log likelihood =  7676.17233709945
Lr derivatives =  [171.40587818122884, -258.05355158196954, -137.80142198080694]
other derivatives =  [ -55.25225788   16.0331183  -162.44439394  -10.20043783  424.65817387
   50.81210475]
Current x_clock array =  [-0.71355001 -0.71514342 -0.68574396  0.75336398 -0.84934353 -0.53044607
  0.15318024 -0.51008435 -0.51008435]
log likelihood =  7366.219147651589
Lr derivatives =  [156.987405974626, -155.5546494813424, -72.66296980725868]
other derivatives =  [ 94.07995094  31.69625415  48.06597644   9.19444574 264.28033379
  48.86042007]
Current x_clock array =  [-0.66526123 -0.74228823 -0.54376459  0.77075089 -1.71832505 -0.59687691
  0.3241305  -0.4156428  -0.46056975]
log likelihood =  7512.14710397586
Lr derivatives =  [-254.6650600668687, -201.03067956235492, -66.76246503525995]
other derivatives =  [-774.67057054 -135.24022506 -488.48633014   94.64802133 -240.04766601
   23.3807441 ]
Current x_clock array =  [-1.03597519 -0.88248141 -0.76764376  0.74754756 -3.44865814 -0.80604324
  0.31318007  0.         -0.36132177]
log likelihood =  7259.103928866208
Lr derivatives =  [-20.851236779852968, -166.85939523306288, -67.06317811612207]
other derivatives =  [-323.98311305  -32.91088433 -212.15573724   44.67337931   51.84347174
   39.1132744 ]
Current x_clock array =  [-0.80176083 -0.79390839 -0.62619854  0.76220725 -2.35544639 -0.67389348
  0.32009847 -0.26260007 -0.42402592]
log likelihood =  7195.002215605773
Lr derivatives =  [-57.83890057604252, -116.68320594959476, -21.604494428361463]
other derivatives =  [ 82.46388461 -21.36666808  22.57420419  33.11652108 -37.66926966
  34.09622877]
Current x_clock array =  [-0.65769389 -0.80278806 -0.52309778  0.72880495 -2.80744199 -0.74671908
  0.35713595 -0.09623773 -0.36631513]
log likelihood =  7183.94436056455
Lr derivatives =  [-27.418868042787036, -72.79699684441981, 7.584389255648624]
other derivatives =  [  2.70174496  -7.16481736  24.62711564  25.15889719 -21.91582098
  33.09924068]
Current x_clock array =  [-0.68444497 -0.79358304 -0.52124886  0.70410185 -2.79886409 -0.77547583
  0.34415297 -0.00837683 -0.34985816]
log likelihood =  7181.3907498346625
Lr derivatives =  [0.19654856437046497, -55.98007337408574, 12.845684346231595]
other derivatives =  [  4.00441422   3.34375727 -22.36638466  19.30466169  -0.95678843
  31.45114533]
Current x_clock array =  [-0.68572325 -0.78659643 -0.53811289  0.68377359 -2.74629865 -0.79936724
  0.34951696  0.         -0.35763327]
log likelihood =  7179.6426768987185
Lr derivatives =  [15.853495596468878, -48.57598707339828, 9.513328721780438]
other derivatives =  [-10.40061761   7.18910087  -5.329548    12.08281901  11.8270691
  28.54749255]
Current x_clock array =  [-0.6920748  -0.78431165 -0.53259458  0.65353475 -2.72255095 -0.84283667
  0.36295302  0.         -0.37216197]
log likelihood =  7176.416284211515
Lr derivatives =  [26.702645963350477, -43.86735276024859, -1.987607811171607]
other derivatives =  [ -8.57799023   6.63685569 -15.84548954  -0.69903763  16.72569852
  19.82161848]
Current x_clock array =  [-0.69338971 -0.78612313 -0.53615749  0.57708385 -2.74043479 -0.97204355
  0.39227021  0.         -0.39875703]
log likelihood =  7173.4507410542865
Lr derivatives =  [22.08203135088852, -42.86701674813066, 0.7647954013086826]
other derivatives =  [-5.39239409  6.32135198  7.21556717 -7.94516382  9.66138032 10.87246346]
Current x_clock array =  [-0.69327736 -0.7881545  -0.52764656  0.52185428 -2.77719779 -1.15624248
  0.39747156  0.         -0.38257976]
log likelihood =  7171.945871349432
Lr derivatives =  [11.636135014808763, -46.13681633858485, 4.074614247770139]
other derivatives =  [  7.23057383  -9.49767127 -12.70791472  -7.59164323  -0.17389539
   4.66216079]
Current x_clock array =  [-0.68866413 -0.79915075 -0.53381744  0.50866188 -2.78941698 -1.32798895
  0.37773106  0.         -0.36154174]
log likelihood =  7171.3543872084065
Lr derivatives =  [0.9709349171813351, -51.944411695172846, 2.83741397525457]
other derivatives =  [ 0.84401108 15.65767889  1.8020728  -4.57894203 -7.5783646   1.24673534]
Current x_clock array =  [-0.69039707 -0.78257335 -0.52907843  0.51703521 -2.77730601 -1.45229354
  0.34770477  0.         -0.3508872 ]
log likelihood =  7170.993221262498
Lr derivatives =  [-2.0309740120393283, -54.53983298321492, 1.6756648097911153]
other derivatives =  [-5.05433491 -1.59407136  5.72990757 -2.55104169 -5.85196176  0.1461558 ]
Current x_clock array =  [-0.69160931 -0.79259183 -0.52829734  0.52930586 -2.74251822 -1.51193423
  0.32215903  0.         -0.34667598]
log likelihood =  7170.854230726299
Lr derivatives =  [-1.1175335591301199, -55.4530204826889, 0.10247017794155866]
other derivatives =  [-0.10531949 -2.50311132 -0.84746716 -0.44328772 -1.74704837 -0.39299266]
Current x_clock array =  [-0.68973459 -0.79232846 -0.53121281  0.54330409 -2.70554285 -1.54063998
  0.30175092  0.         -0.34672723]
log likelihood =  7170.841988591702
Lr derivatives =  [0.01976379264555561, -55.27663496435644, -0.2535768070862474]
other derivatives =  [ 0.19699655 -0.45893103  0.38071448 -0.08176357 -0.06120899 -0.20017978]
Current x_clock array =  [-0.68967153 -0.7908047  -0.53097     0.54701183 -2.69694681 -1.53157
  0.29916635  0.         -0.34795168]
log likelihood =  7170.841248355004
Lr derivatives =  [0.06903798246111492, -55.33121962682972, -0.23315067132268297]
other derivatives =  [-1.01463229  0.10968506 -0.64992491  0.06002665  0.02892193 -0.05466063]
Current x_clock array =  [-0.69003296 -0.79037734 -0.53133413  0.54785007 -2.69634756 -1.52453897
  0.29908742  0.         -0.34818666]
log likelihood =  7170.841057129254
Lr derivatives =  [0.21468046590512913, -55.20903184147433, 0.008238446053109527]
other derivatives =  [0.69194357 0.24438123 0.11305019 0.04629328 0.09895302 0.01591616]
Current x_clock array =  [-0.68950676 -0.79032763 -0.5310839   0.54813624 -2.69665429 -1.52142208
  0.29936581  0.         -0.3479886 ]
log likelihood =  7170.840931160664
Lr derivatives =  [0.0807286202012314, -55.282288391829425, -0.04196422968506752]
other derivatives =  [ 0.01564331  0.03028617  0.00345608  0.05829861  0.01591616 -0.01191438]
Current x_clock array =  [-0.68970959 -0.79045208 -0.53111563  0.5480394  -2.6966697  -1.52281459
  0.2991918   0.         -0.34793874]
log likelihood =  7170.840924964381
Lr derivatives =  [0.05613730410104978, -55.29382625194473, -0.028188949306588995]
other derivatives =  [-0.01737135  0.00090949 -0.00272848  0.06175469  0.00209184 -0.00982254]
Current x_clock array =  [-0.68971725 -0.79046798 -0.53111934  0.54803758 -2.69665582 -1.52276906
  0.29913239  0.         -0.3478986 ]
      fun: 7170.840924964381
 hess_inv: <9x9 LbfgsInvHessProduct with dtype=float64>
      jac: array([-1.73713488e-02,  9.09494702e-04, -2.72848411e-03,  6.17546903e-02,
        2.09183781e-03, -9.82254278e-03,  5.61373041e-02, -5.52938263e+01,
       -2.81889493e-02])
  message: 'CONVERGENCE: REL_REDUCTION_OF_F_<=_FACTR*EPSMCH'
     nfev: 20
      nit: 18
     njev: 20
   status: 0
  success: True
        x: array([-0.68971725, -0.79046798, -0.53111934,  0.54803758, -2.69665582,
       -1.52276906,  0.29913239,  0.        , -0.3478986 ])
{('N0', 'N1'): [9.530248898357373, 9.530248898357373], ('N0', 'ENSLOCG'): [0.0, 0.0], ('N1', 'ENSGACG'): [43.194843156102735, 43.83568128848375], ('N1', 'ENSDARG'): [44.324777534571105, 45.87841748023365]}
