number of sites to be analyzed:  446
log likelihood =  -10580.584646158253
Edge derivatives =  [140.51386251593993, 91.79189958573637, 193.85763818833382, 153.3610539188671, 306.2441058520693, 429.5513906572859]
other derivatives: [-142.97456801   91.92935977  -85.00410331  -73.63942132 -311.69674912
  122.26973922]
Current x array =  [-0.62746488 -0.71139264 -0.57874044  0.74193734 -0.10536052 -0.51082562
 -4.60517019 -4.60517019 -4.60517019 -4.60517019 -4.60517019 -4.60517019]
log likelihood =  -9963.645621745243
Edge derivatives =  [135.5231593736589, 91.46071470372326, 193.89594164908576, 136.2783623019089, 297.7109344327756, 441.10088528564546]
other derivatives: [ 394.63520807  108.52181731    3.44407454  -75.13226592 -207.44846552
  108.19494491]
Current x array =  [-0.8300931  -0.71045529 -0.69921103  0.63757316 -0.5471073  -0.50018104
 -4.40602936 -4.47507972 -4.33042882 -4.3878219  -4.17115106 -3.99639596]
log likelihood =  -7716.132585885118
Edge derivatives =  [80.53767244354313, 59.24253358431948, 135.4038938701467, 10.681572022603833, 51.492704639583906, 29.649204089485295]
other derivatives: [ 740.58043538 -202.15475161  498.78490245  -85.06804079  268.78751669
   27.72112566]
Current x array =  [-1.11146791 -0.61608347 -1.39587211 -0.14482086 -3.60559825 -0.39086765
 -2.93106765 -3.50484114 -2.27966808 -2.80464831 -0.95116642  0.57394925]
log likelihood =  -8258.991560842085
Edge derivatives =  [78.0912755386316, 35.79718226367828, 132.21001062302835, 14.323479894970381, 47.37967272269485, -119.65411198357575]
other derivatives: [  -297.89152904    489.28195611 -11935.13235194    172.39181034
     43.2923116     -65.162385  ]
Current x array =  [-5.60049771e-01 -1.62463843e+00 -5.00000000e-02 -7.00309331e-01
 -3.52811876e+00 -1.41588232e-01 -2.21902428e+00 -3.02272432e+00
 -1.21649116e+00 -2.33524528e+00  3.31857920e-03  1.59639524e+00]
log likelihood =  -7172.184208726239
Edge derivatives =  [83.91062364718852, 47.95671398422416, 148.59807307647816, 15.482430616270198, 83.38066347581896, 39.29310542290117]
other derivatives: [421.27903725 315.3734724  144.33298929  72.24043657 192.69045879
 -15.1580025 ]
Current x array =  [-0.83515272 -1.12146956 -0.72145667 -0.42317569 -3.56677334 -0.26595393
 -2.57426329 -3.26325278 -1.74691097 -2.56943083 -0.47287475  1.08629613]
log likelihood =  -7325.974209325038
Edge derivatives =  [55.444640882295204, 25.812375343434265, 112.45401018163739, 7.1004735202006515, 22.820254664030582, -127.66666231281836]
other derivatives: [ -636.2671229    166.18587324 -2825.16766674   130.24182408
   -31.89770723   -45.36677807]
Current x array =  [-0.51390838 -0.99844516 -0.17017404 -0.55116952 -3.51694733 -0.1900891
 -2.09592668 -2.95806982 -1.01206369 -2.26755155  0.19760315  1.77141457]
log likelihood =  -7024.226047699162
Edge derivatives =  [72.90477341738222, 37.51937781403646, 139.63513170360838, 12.00776782427794, 64.32892775010336, -13.03804935705137]
other derivatives: [  96.74258763  263.64150472 -280.36556614  112.92568161  112.71713447
  -30.08644853]
Current x array =  [-0.68826294 -1.06521635 -0.46938131 -0.48170119 -3.54399027 -0.23126455
 -2.35554267 -3.12370711 -1.41090021 -2.43139577 -0.16629705  1.39956825]
log likelihood =  -6931.020591259218
Edge derivatives =  [49.84779165186559, 25.102872823304537, 102.50910782040314, 4.6095467799342575, 10.876077172255576, -90.55924485374082]
other derivatives: [-415.72402552  -44.17115633   15.90415195   80.82943168    8.05221134
  -20.72947609]
Current x array =  [-0.56126095 -0.80112633 -0.56673418 -0.42957307 -3.50623216 -0.24265326
 -2.15713609 -3.00438609 -1.08824573 -2.32021035  0.10567006  1.63896476]
log likelihood =  -6895.827604446602
Edge derivatives =  [49.252598445705786, 24.60601452856854, 100.16411868580086, 4.7536281455134795, 12.509749177113033, -77.65499876704283]
other derivatives: [-96.1643309  -67.4792318   11.94312063  72.55584933  19.70784069
 -20.03089321]
Current x array =  [-0.64337054 -0.77572527 -0.56234006 -0.37290106 -3.44793116 -0.25970806
 -2.14551649 -3.00082873 -1.05353413 -2.33571984  0.08349574  1.55735888]
log likelihood =  -6860.635734823312
Edge derivatives =  [42.25272697455577, 20.688898635312835, 81.48510691264535, 3.8067793414297375, 3.436707753624665, -78.1834793503399]
other derivatives: [  72.97485354 -120.968798    -79.38415365   61.15533324    1.4415491
  -21.0455255 ]
Current x array =  [-0.70540746 -0.74248866 -0.51423945 -0.26357822 -3.28933342 -0.2845362
 -2.06425335 -2.95809064 -0.88981487 -2.3402678   0.09895946  1.42812148]
log likelihood =  -6811.49393456795
Edge derivatives =  [31.706199869481114, 15.734956683504176, 41.20869695344098, 3.445158597771615, -6.224953692860194, -51.656107892910896]
other derivatives: [239.57491067 -49.2662366  -63.75848898  30.95437933  -5.85132511
 -23.97846401]
Current x array =  [-0.77575362 -0.79149605 -0.50900714 -0.03158228 -2.98474508 -0.34071753
 -1.94860491 -2.90349056 -0.63795143 -2.38416986  0.0409239   1.05543436]
log likelihood =  -6783.020604234164
Edge derivatives =  [24.333932915706555, 13.050317259972786, -4.886694499241593, 4.422295979277896, -9.750479088814421, -10.213435058063986]
other derivatives: [210.6527063  -35.22191037 -36.02135621  -4.18958734   4.15302566
 -23.60311555]
Current x array =  [-0.76554842 -0.80011304 -0.5136831   0.19101551 -2.71823491 -0.41330344
 -1.85363779 -2.86309819 -0.45327415 -2.44283355 -0.07791983  0.62471849]
log likelihood =  -6768.02819585347
Edge derivatives =  [21.08938487306544, 12.046010678067525, -19.207417292191845, 4.453228794777515, -12.256011258512176, -1.7975353393997482]
other derivatives: [ 71.89801181  68.17972462  41.61365723 -10.42208169  -0.74924174
 -16.08304956]
Current x array =  [-0.70149338 -0.89826273 -0.54805071  0.22724634 -2.64895278 -0.53528732
 -1.69705406 -2.78010543 -0.4255008  -2.42061286 -0.12001253  0.5174463 ]
log likelihood =  -6762.242516640431
Edge derivatives =  [21.420438678536566, 12.458669305626117, -21.52091308773928, 4.738037588068024, -11.434831169904841, 3.1826858152285085]
other derivatives: [-39.81658665  33.88804544  15.53953553 -12.53747541   4.46407284
 -11.99396138]
Current x array =  [-0.66237289 -0.86747499 -0.54094245  0.23995788 -2.60094962 -0.58800037
 -1.65060528 -2.75739956 -0.46317649 -2.42801644 -0.18057624  0.43358024]
log likelihood =  -6759.284782378987
Edge derivatives =  [23.169156290993243, 13.383635396612421, -18.30856440442713, 5.001979105569018, -8.88713957662394, 5.190450360840397]
other derivatives: [-85.45330275   6.89306034   5.90116542 -12.75921022  10.70930011
  -8.42101144]
Current x array =  [-0.64738622 -0.84016339 -0.54112399  0.23680445 -2.56252869 -0.6336135
 -1.61816621 -2.74184632 -0.5270706  -2.43639383 -0.24229801  0.37559013]
log likelihood =  -6753.398994212863
Edge derivatives =  [24.812300079390923, 14.672437706892472, -15.004385289721528, 5.202869345750525, -4.632666736596175, 7.578380828400537]
other derivatives: [-128.99490685  -24.5123374    -9.07757567  -11.22343747   13.1314664
   -1.19034667]
Current x array =  [-0.633505   -0.80325343 -0.54237702  0.22934123 -2.45117697 -0.75006047
 -1.50583752 -2.68447294 -0.65329645 -2.44497776 -0.37234308  0.25049063]
log likelihood =  -6745.8886430881175
Edge derivatives =  [16.12779918114653, 13.962306891595924, -5.09178748911809, 5.337447923574979, 7.45628725887218, 11.315820668334007]
other derivatives: [-145.09569155  -49.87650755  -18.06974979   -0.91295078    0.23355824
   12.90336513]
Current x array =  [-0.62876887 -0.76171625 -0.55069118  0.19064351 -2.2425009  -0.98165724
 -1.23112342 -2.53816661 -0.89113253 -2.4360941  -0.59281435  0.06775049]
log likelihood =  -6741.287549674598
Edge derivatives =  [-4.523293541519207, 8.33627464966757, -9.910010166758077, 1.5051632548134126, -7.863466931809547, -15.063523650065804]
other derivatives: [-93.84057194 -92.03704394  44.9757863    0.51877578  -0.61554601
  15.22821549]
Current x array =  [-0.65136529 -0.75318703 -0.56702236  0.14323727 -2.38146903 -0.99759824
 -1.00375856 -2.37016544 -0.87841353 -2.3261804  -0.47811766  0.25133837]
log likelihood =  -6738.945985627815
Edge derivatives =  [-6.040024141132994, 7.272666972009299, -5.324556639066943, 2.444445992492795, -2.710374359942815, -6.269224927333136]
other derivatives: [ -31.83076842   -0.82582119 -107.92919056    7.43093551    1.02245394
   12.38886398]
Current x array =  [-0.67143528 -0.8256603  -0.49444801  0.13821941 -2.4386661  -0.9848098
 -0.91428726 -2.28823634 -0.86957532 -2.28123019 -0.44501469  0.28189412]
log likelihood =  -6736.123291134354
Edge derivatives =  [-3.840631290652044, 7.991335940570638, -6.994823413162695, 2.6997249721412944, -1.6225138881684238, 0.5530800652016167]
other derivatives: [-22.44551069 -10.19889169 -12.20159902   0.80808604   7.70724
  12.8150532 ]
Current x array =  [-0.67222157 -0.81226764 -0.53672653  0.15878059 -2.40714257 -0.98251666
 -0.96182808 -2.32236556 -0.87078016 -2.30681783 -0.47654184  0.2243034 ]
log likelihood =  -6735.710232366528
Edge derivatives =  [-2.580161675670049, 8.349549709044146, -5.328692741814317, 2.897917183349228, -0.11781480024524793, 1.3699595346828806]
other derivatives: [-5.05569915 -8.20127752 -3.72619979  0.83837222  8.07795004 12.54011295]
Current x array =  [-0.67779647 -0.81049249 -0.54174191  0.15859357 -2.39377441 -0.97539515
 -0.97338174 -2.32393439 -0.88789635 -2.31148593 -0.49089858  0.21196305]
log likelihood =  -6735.11524389628
Edge derivatives =  [-1.0306400969262086, 8.733970125968261, -2.294690102556431, 3.074733609352933, 1.6028482398183526, 1.1016433578010263]
other derivatives: [22.07398211  1.91175786  5.84059308  1.61217031  6.50234142 11.26445568]
Current x array =  [-0.68667917 -0.81403821 -0.54779265  0.15701782 -2.37374052 -0.95038834
 -0.98530254 -2.31115658 -0.91903326 -2.31119457 -0.50794354  0.20170556]
log likelihood =  -6734.619342742757
Edge derivatives =  [-0.2912483527089914, 8.844255179402868, 0.05951259650475235, 3.022782416029417, 1.861525713970961, -0.9460753188213101]
other derivatives: [34.03438313  9.3818926   9.38616722  2.57678039  3.47572495  9.45774445]
Current x array =  [-0.69065292 -0.81760435 -0.55057727  0.15522448 -2.35989677 -0.91725413
 -0.99120567 -2.28859485 -0.94573669 -2.30453327 -0.51509111  0.20260013]
log likelihood =  -6733.670190576785
Edge derivatives =  [-0.5111245990554928, 8.537251225706166, 3.403447099619881, 2.686939937795141, 0.9239952131650422, -5.0852331350762565]
other derivatives: [36.72948878 17.70304152 11.8708158   3.7170139  -2.96686267  5.10799509]
Current x array =  [-0.69130694 -0.82145848 -0.55352815  0.15574297 -2.33636503 -0.84346411
 -0.99129468 -2.22523983 -0.99461107 -2.28321719 -0.52318016  0.20515673]
log likelihood =  -6732.462877186972
Edge derivatives =  [-1.986837299707055, 7.529374814622366, 5.054064415790084, 2.2290994293515007, -0.7878799453184411, -3.8980929628212126]
other derivatives: [36.72448656  5.54291546  6.38665369  1.42608769 -4.95792847 -2.40243025]
Current x array =  [-0.6918375  -0.80710967 -0.55224321  0.17177476 -2.31424667 -0.7316994
 -0.99371142 -2.1088047  -1.04219786 -2.24562138 -0.53486054  0.18290767]
log likelihood =  -6734.918897568432
Edge derivatives =  [-12.199059263225639, 3.2632754216012425, 4.933967685489499, 1.5981464246638921, -0.5425042924719696, 1.758590626650521]
other derivatives: [-90.13128874  44.87101251  43.43619366  -1.25664883  -4.0690793
  -9.59225872]
Current x array =  [-0.6437784  -0.84836397 -0.57392712  0.18284228 -2.32118843 -0.64033545
 -0.93209913 -1.86566076 -1.09457628 -2.1594956  -0.55899379  0.15281096]
log likelihood =  -6732.040328937186
Edge derivatives =  [-4.717814089044204, 6.50637400076623, 5.085147703045834, 2.0727859729514893, -0.6857424582188822, -2.228771409717961]
other derivatives: [ 3.48663889 16.95134415 17.01728252  0.57816578 -4.53774192 -4.33301466]
Current x array =  [-0.6784859  -0.81857079 -0.55826735  0.1748495  -2.3161752  -0.706317
 -0.97659452 -2.04125533 -1.05674944 -2.22169423 -0.54156515  0.17454631]
log likelihood =  -6731.579095159588
Edge derivatives =  [-6.222446514526387, 5.717912171853745, 3.4110545804653767, 1.804012305928044, -1.921539586102623, 0.22254807838700863]
other derivatives: [-4.01087163  4.13483576  4.60049705 -1.31367415 -1.34641596 -6.35336619]
Current x array =  [-0.67671757 -0.80941663 -0.5508674   0.18276108 -2.33109157 -0.68156767
 -0.97232074 -1.98884242 -1.04580374 -2.20086238 -0.53342596  0.17210483]
log likelihood =  -6731.286302506987
Edge derivatives =  [-7.053292328899397, 5.354886170580523, 1.570705025788794, 1.704694758936955, -2.010313954495721, 2.2557042567025043]
other derivatives: [-11.70410542  -3.82315193  -4.07580956  -2.34840627   1.97915142
  -6.13927114]
Current x array =  [-0.67453157 -0.80482324 -0.54562585  0.18537804 -2.34624804 -0.68724572
 -0.97545498 -1.95373009 -1.02542008 -2.18672431 -0.52894703  0.17191583]
log likelihood =  -6730.858438090772
Edge derivatives =  [-8.068006755263173, 4.802577245955837, -0.6893079826955488, 1.5390962586686503, -1.470883880843772, 4.039189586204159]
other derivatives: [-17.45193003 -10.18779585 -11.60296961  -3.02106855   5.23050403
  -5.91944627]
Current x array =  [-0.67298046 -0.801669   -0.54099126  0.18542727 -2.3619066  -0.69713143
 -0.9880498  -1.88397621 -1.00143867 -2.16052216 -0.52851017  0.1729471 ]
log likelihood =  -6729.803826681853
Edge derivatives =  [-9.828518433838557, 3.0306798714595113, -5.346828930304792, 1.075922742821135, 0.8907366648073247, 6.629946434004925]
other derivatives: [-24.33080226 -20.4366188  -19.30766302  -3.5357516   10.16660462
  -5.54837243]
Current x array =  [-0.67125928 -0.79630081 -0.53596355  0.18055094 -2.38281991 -0.72477798
 -1.04214255 -1.68556765 -0.95745015 -2.09015412 -0.5411988   0.17176028]
log likelihood =  -6728.413207423417
Edge derivatives =  [-10.349529962635653, -0.7626909394700914, -9.151032982830813, 0.4986155084030922, 5.420894464403986, 7.698280669676561]
other derivatives: [-27.63008524 -20.14812708 -36.92912287  -1.20326149  10.69502105
  -4.77730282]
Current x array =  [-0.67065829 -0.79764738 -0.52753993  0.1661459  -2.38218728 -0.78378477
 -1.15865435 -1.39592474 -0.92509656 -1.99293478 -0.57316939  0.16490764]
log likelihood =  -6730.139344405028
Edge derivatives =  [-11.28571675857448, -9.438569599574523, -16.933541559488425, -2.0722315602918497, 3.3617889090405977, 1.8765680727970275]
other derivatives: [-22.48434612 -75.13044693  65.33045962  -5.90334821  10.93121682
  -1.31512934]
Current x array =  [-0.67387033 -0.75812061 -0.57637511  0.15556589 -2.368955   -0.89327712
 -1.36607852 -1.0957335  -0.89214682 -1.89284694 -0.59125197  0.16355723]
log likelihood =  -6727.847857069895
Edge derivatives =  [-10.487646199194188, -2.8614243948521096, -11.511761579540421, -0.26413267887914854, 4.852790591643321, 5.902579248230907]
other derivatives: [-25.52087608 -37.48655217  -1.34295988  -2.75786078  11.07582648
  -3.46299203]
Current x array =  [-0.67173066 -0.78445101 -0.54384399  0.16261367 -2.37776956 -0.82033976
 -1.22790475 -1.29570323 -0.914096   -1.95951956 -0.57920642  0.16445679]
log likelihood =  -6726.2365891752215
Edge derivatives =  [-6.905758535581919, -1.3872017569495831, -8.956220452208678, 0.008716217861750392, 7.5641386316900086, 1.2555024332618707]
other derivatives: [-11.09565346 -21.10164132  -4.25425242   2.00079739   4.48453648
  -0.51695679]
Current x array =  [-0.67609822 -0.79346262 -0.54491438  0.14456561 -2.34426587 -0.90738334
 -1.33311342 -1.25307098 -0.92547945 -1.95123347 -0.59765382  0.16633014]
log likelihood =  -6725.482599783441
Edge derivatives =  [-3.5528127040083697, -2.1669984251744037, -2.6022049843493336, -0.03932612973514296, 7.601445168053484, 1.5410793408902586]
other derivatives: [28.42825779  8.63110472  9.27957444  2.52530299 -0.13260433 -1.56614988]
Current x array =  [-0.68859585 -0.81207835 -0.55311986  0.1491408  -2.30841798 -0.93084589
 -1.4370105  -1.16056465 -0.9796482  -1.92556243 -0.59893758  0.14886363]
log likelihood =  -6725.199243976464
Edge derivatives =  [-1.540457236751584, 1.7724174793140948, -1.0181777635699478, 0.1180834607679225, 6.083893247881489, -2.327314504879372]
other derivatives: [ 9.81617632  5.71681085  8.26412361  3.78586265 -3.02197805  0.67702786]
Current x array =  [-0.68172253 -0.80938532 -0.55438537  0.14538917 -2.29738503 -0.97423155
 -1.46436906 -1.23497093 -0.98294288 -1.95254531 -0.58882742  0.15717564]
log likelihood =  -6724.985888034123
Edge derivatives =  [-1.6039919490726706, -0.25167442253352235, -1.6070944088472745, -0.3550174541611808, 4.526896755525411, -2.3847479441435393]
other derivatives: [-3.10274118  2.19124558  2.61034074  3.19168976 -3.92028596  0.57107172]
Current x array =  [-0.67762067 -0.80823105 -0.55099414  0.14874258 -2.2975758  -0.99526866
 -1.51275336 -1.1644031  -0.97890889 -1.9288329  -0.57894426  0.15673055]
log likelihood =  -6724.8409964022585
Edge derivatives =  [-0.9050842767916503, -0.3458923592833959, -1.0661497188426785, -0.7617246597773009, 0.8371371660427236, -0.7916694555943018]
other derivatives: [ 3.86835382 -5.37484084 -3.52492862  0.43173713 -1.77360562  0.42409738]
Current x array =  [-0.68086569 -0.80326935 -0.54643589  0.16187868 -2.30709771 -1.00332964
 -1.54510935 -1.14397597 -0.97856215 -1.92113027 -0.54941918  0.15657396]
log likelihood =  -6724.816819361284
Edge derivatives =  [-0.3162283516330859, -0.1597270175813416, 0.16719454485309432, -0.7759298353260484, -0.7326935955631123, 1.067373701411192]
other derivatives: [-4.97057044  2.08619895  2.15004547 -1.18252501 -0.09185896  0.08094503]
Current x array =  [-0.67695887 -0.81037526 -0.54910806  0.16947299 -2.31234302 -0.99965422
 -1.55762614 -1.13954994 -0.98629562 -1.92080378 -0.53595189  0.15272244]
log likelihood =  -6724.802316512591
Edge derivatives =  [-0.3343590050057986, 0.16246902164328078, -0.00422780519305152, -0.7043409484812622, -0.1619106111644183, 0.3945536784314288]
other derivatives: [-0.35697667 -0.12278178  0.03601599 -0.54005795 -0.49258233  0.27685019]
Current x array =  [-0.6788175  -0.80800919 -0.54818873  0.16641832 -2.31087378 -1.00150362
 -1.55299699 -1.14849344 -0.98452399 -1.9242478  -0.53998021  0.15461017]
log likelihood =  -6724.800974617661
Edge derivatives =  [-0.29855558372725766, 0.16989183744371117, 0.00991413235983396, -0.6835099746342149, -0.08163701962051495, 0.33941327038350966]
other derivatives: [ 0.0343789  -0.19826984 -0.06284608 -0.44246917 -0.44001354  0.3000423 ]
Current x array =  [-0.67896396 -0.80791999 -0.54815555  0.16576934 -2.31122106 -1.0023947
 -1.55446907 -1.14778079 -0.98427712 -1.9247272  -0.54017395  0.15506846]
log likelihood =  -6724.795026683279
Edge derivatives =  [-0.07352652409197319, 0.20149418992298165, 0.10005878071616839, -0.5397065643515284, 0.23944834318438402, 0.15582768138854153]
other derivatives: [ 1.09330358 -0.16370905 -0.1807166   0.01200533  0.15470505  0.3526111 ]
Current x array =  [-0.67932721 -0.8080074  -0.54813271  0.16223955 -2.31503313 -1.0054532
 -1.56269047 -1.14356509 -0.9824697  -1.92893503 -0.53957061  0.15832422]
log likelihood =  -6724.791591065488
Edge derivatives =  [0.00530674965569676, 0.15126739548538665, 0.08978918880677654, -0.46737670059167435, 0.13254343085591114, -0.17931690241930728]
other derivatives: [ 1.00617399  0.00545697 -0.08421921  0.22491804  0.09104042  0.22573658]
Current x array =  [-0.67931224 -0.80827693 -0.5481633   0.16079261 -2.31666536 -1.00338959
 -1.56539505 -1.14138032 -0.98153014 -1.93343946 -0.53760012  0.16094113]
log likelihood =  -6724.790185663349
Edge derivatives =  [0.2650947985039275, 0.23881746051839214, 0.33491759280708544, -0.16195816737507598, 0.3223597741836841, 0.13870362491811347]
other derivatives: [-0.27675924  1.46546881 -2.96549842  0.37352947  0.5151378  -0.06320988]
Current x array =  [-0.67877378 -0.80941561 -0.54690679  0.16042365 -2.31855907 -0.99739994
 -1.56722841 -1.14179793 -0.98165384 -1.94665523 -0.53593943  0.16157875]
log likelihood =  -6724.786433512531
Edge derivatives =  [0.14892785270335424, 0.0729970869583382, 0.08459943938898176, -0.17459565152503395, 0.03221068777169589, -0.1916661186913592]
other derivatives: [-0.4200956   0.14433681  0.17953425  0.20818334  0.35770427 -0.16689228]
Current x array =  [-0.67876118 -0.80843847 -0.5483722   0.16044808 -2.31873792 -0.99444496
 -1.56638309 -1.14059966 -0.98063799 -1.94999465 -0.53460776  0.16279192]
log likelihood =  -6724.785685080467
Edge derivatives =  [0.10420530877625302, 0.07579220997373112, 0.04625562342390191, -0.18412112795570565, 0.009006036825583208, -0.14034887282247432]
other derivatives: [-0.42164174  0.01946319  0.12805685  0.111595    0.20500011 -0.16079866]
Current x array =  [-0.67877091 -0.80826099 -0.54836055  0.16126879 -2.31749156 -0.99425827
 -1.56478685 -1.14173542 -0.98088925 -1.95010703 -0.53508406  0.16179604]
log likelihood =  -6724.787417349804
Edge derivatives =  [0.08853854982194961, -0.19663814764818707, -0.042631350006429106, 0.0027935980740672883, 0.10372772250642626, 0.384693727455754]
other derivatives: [ 2.25281838  1.58834155  0.72841431 -0.20045263  0.00673026 -0.3085006 ]
Current x array =  [-0.67965655 -0.80918105 -0.54866538  0.16362033 -2.31430789 -0.99352354
 -1.56678302 -1.13589086 -0.98082451 -1.95961792 -0.53534537  0.15840827]
log likelihood =  -6724.785082861609
Edge derivatives =  [0.09886836439791485, -0.015618279198701263, 0.016256251909983532, -0.12090073577644755, 0.04097089609784976, 0.036173031493567105]
other derivatives: [ 0.4803951   0.54851625  0.33023753  0.00654836  0.13869794 -0.21072992]
Current x array =  [-0.67906922 -0.8085709  -0.54846323  0.16206087 -2.3164192  -0.99401079
 -1.56545922 -1.13976678 -0.98086744 -1.95331061 -0.53517208  0.16065493]
log likelihood =  -6724.7845495546635
Edge derivatives =  [0.04846665287884072, -0.06458173911973902, -0.10430129618456059, -0.054954087343322966, 0.1174884060202599, 0.048548875585568044]
other derivatives: [-0.31259333 -0.27666829 -0.37298378 -0.0255568  -0.09285941 -0.18653736]
Current x array =  [-0.67884427 -0.80775733 -0.54820576  0.16265049 -2.31449591 -0.99462433
 -1.56497523 -1.13980858 -0.98051119 -1.95744083 -0.53621225  0.1593923 ]
log likelihood =  -6724.784360884456
Edge derivatives =  [0.06476708569640284, -0.02596305886140335, -0.0662436818866, -0.06234868397138585, 0.1161924593039847, 0.04381502272692677]
other derivatives: [ 0.07194103 -0.13069439 -0.16098056 -0.01064109 -0.02783054 -0.16480044]
Current x array =  [-0.67896877 -0.80788124 -0.54829789  0.16246082 -2.31485623 -0.99500373
 -1.56501814 -1.14033586 -0.98063151 -1.95692527 -0.53604899  0.15964251]
log likelihood =  -6724.784207007192
Edge derivatives =  [0.07990784815252121, 0.01560240344372954, -0.03465607162818711, -0.05135865275805951, 0.1290710090133237, 0.03178445409305215]
other derivatives: [ 0.29303919 -0.01091394  0.02319211  0.01555236  0.01309672 -0.13096724]
Current x array =  [-0.67903571 -0.8079692  -0.5483955   0.16224815 -2.31502215 -0.99566774
 -1.56507088 -1.14098011 -0.98071192 -1.95748126 -0.5359469   0.15981658]
log likelihood =  -6724.784047989844
Edge derivatives =  [0.08516093434824236, 0.04785195077364929, -0.011891607334909647, -0.029357054702517676, 0.1325519282154869, 0.014720603461961782]
other derivatives: [ 0.24174369  0.10859367  0.18117134  0.04092726  0.00991349 -0.08440111]
Current x array =  [-0.67900732 -0.80806035 -0.5484923   0.16209707 -2.31494904 -0.99669933
 -1.5650956  -1.14149481 -0.98079471 -1.95882957 -0.5358025   0.15987241]
log likelihood =  -6724.7839006782915
Edge derivatives =  [0.07444057139813194, 0.061329543204531295, 0.004310878062502292, -0.00466650307279487, 0.06491833270410508, -0.04165977689776769]
other derivatives: [ 0.49567461 -0.02155502  0.0775799   0.0691216  -0.02446541 -0.02346496]
Current x array =  [-0.67912511 -0.80796844 -0.54842593  0.16194091 -2.31497686 -0.99817101
 -1.56506559 -1.14152008 -0.98083045 -1.96090673 -0.53504226  0.16018941]
log likelihood =  -6724.783928645258
Edge derivatives =  [0.034672512645019346, 0.018140567782027578, 0.023620235456220197, 0.005163565279359655, -0.06610685284390494, 0.013903989756360353]
other derivatives: [-0.55952114  0.2917659   0.2582965   0.00109139 -0.04292815  0.03647074]
Current x array =  [-0.67873397 -0.80835076 -0.54849672  0.16233504 -2.31495758 -0.99987209
 -1.56500522 -1.14039835 -0.98111282 -1.96216871 -0.53401282  0.15997462]
log likelihood =  -6724.783802964241
Edge derivatives =  [0.05580788665665323, 0.04110616783451207, 0.01336460060688676, -5.8658333036226695e-05, 0.0035575508212861706, -0.015625696068682547]
other derivatives: [ 0.00136424  0.12532837  0.16225385  0.03710738 -0.03310561  0.00463842]
Current x array =  [-0.67894184 -0.80814757 -0.5484591   0.16212558 -2.31496783 -0.99896805
 -1.56503731 -1.14099449 -0.98096275 -1.96149803 -0.53455992  0.16008877]
log likelihood =  -6724.783770357892
Edge derivatives =  [0.042696477880792935, 0.023267630425311853, 0.0018794571343268979, -0.004159339007793111, -0.018645165356183324, -0.007412964608888021]
other derivatives: [-0.02110028  0.02091838  0.0518412   0.01537046 -0.04420144  0.00063665]
Current x array =  [-0.67894567 -0.80807236 -0.54839197  0.16226899 -2.31492467 -0.99888358
 -1.56484481 -1.14074032 -0.9809594  -1.96142859 -0.53446252  0.16002374]
log likelihood =  -6724.783758001922
Edge derivatives =  [0.03214802553954317, 0.011643552553005032, -0.004354073188351404, -0.007500980107146782, -0.02960245829780417, 0.003810799479631021]
other derivatives: [-0.02455636 -0.03728928 -0.00582077 -0.00509317 -0.03619789 -0.00200089]
Current x array =  [-0.67895067 -0.80803619 -0.54835158  0.16238028 -2.31496134 -0.99878059
 -1.56459543 -1.14061065 -0.98096613 -1.96130614 -0.53440783  0.15999558]
      fun: 6724.783758001922
 hess_inv: <12x12 LbfgsInvHessProduct with dtype=float64>
      jac: array([ 0.02455636,  0.03728928,  0.00582077,  0.00509317,  0.03619789,
        0.00200089, -0.03214803, -0.01164355,  0.00435407,  0.00750098,
        0.02960246, -0.0038108 ])
  message: 'CONVERGENCE: REL_REDUCTION_OF_F_<=_FACTR*EPSMCH'
     nfev: 58
      nit: 51
     njev: 58
   status: 0
  success: True
        x: array([-0.67895067, -0.80803619, -0.54835158,  0.16238028, -2.31496134,
       -0.99878059, -1.56459543, -1.14061065, -0.98096613, -1.96130614,
       -0.53440783,  0.15999558])
{('N0', 'N1'): [4.226075430375069, 4.226075430375069], ('N0', 'ENSLOCG'): [0.0, 0.0], ('N1', 'ENSGACG'): [21.216007231689524, 19.693201168796836], ('N1', 'N2'): [6.015745823229744, 5.761522754120463], ('N2', 'ENSDARG'): [33.38459425251981, 28.634435728575156], ('N2', 'ENSAMXG'): [58.531087670185414, 52.231610432699895]}
