number of sites to be analyzed:  307
log likelihood =  -8087.602802042316
Edge derivatives =  [118.28316560766159, 57.99856481325574, 117.36155268459297, 235.49148797098707, 20.74174900405607, 24.912576876987234, 137.23496649214832, 95.16870442412683, 107.63219274336623, 94.58708877142861]
other derivatives: [ -14.03232091   19.27310223  -46.69018381    3.64761945 -348.5817615
  107.04497981]
Current x array =  [-0.68357625 -0.78159816 -0.41743941  0.74193734 -0.10536052 -0.51082562
 -4.60517019 -4.60517019 -4.60517019 -4.60517019 -4.60517019 -4.60517019
 -4.60517019 -4.60517019 -4.60517019 -4.60517019]
log likelihood =  -7629.0643808163
Edge derivatives =  [112.8944728297975, 58.25940071603674, 114.35074676622622, 239.03247051617214, 18.574185956186316, 24.684206158440546, 136.59892562964114, 93.84698699875796, 106.54262671677509, 94.12549762847904]
other derivatives: [ 118.1362677    36.15405149   31.35846782  -25.95779733 -207.8468242
   92.69406291]
Current x array =  [-0.71109516 -0.78016342 -0.50900395  0.74909072 -0.78896736 -0.49609608
 -4.373204   -4.49142868 -4.37501139 -4.1433457  -4.56449335 -4.55631391
 -4.33603745 -4.41853398 -4.39409172 -4.41967459]
log likelihood =  -7774.573112360732
Edge derivatives =  [96.63492885986916, 39.958334632522984, 83.67948429074454, 69.09784783177066, 8.459194911118043, 14.80723546622617, 95.22285812470027, 68.74285987463637, 79.73517500833204, 73.97128714208637]
other derivatives: [-17047.17424218   -184.32192519   -483.49093049   -252.26554499
    268.56332624     46.34557627]
Current x array =  [-0.05       -0.52860134 -0.31354404  0.46150916 -4.44932138 -0.30723943
 -2.64038278 -3.60813397 -2.62863297 -0.52815553 -4.27479408 -4.18084866
 -2.26052148 -2.98942145 -2.7731254  -2.989426  ]
log likelihood =  -6658.147131933663
Edge derivatives =  [100.56610021009205, 52.3160891394975, 100.43309388062117, 213.87838705742723, 11.932269779945498, 19.327218188238437, 126.94718940188439, 80.96712682768955, 96.12193462087055, 87.24414017703282]
other derivatives: [-1281.17608256    43.77534424  -258.58453228  -129.49922166
   151.99057088    64.12974471]
Current x array =  [-0.35195981 -0.64350407 -0.40282171  0.59286404 -2.77742924 -0.39350102
 -3.43186092 -4.01158497 -3.42630345 -2.17941877 -4.40711624 -4.35234502
 -3.20852783 -3.64217853 -3.51351304 -3.64270199]
log likelihood =  -6168.080383336802
Edge derivatives =  [73.71229387272054, 28.58421611919151, 86.17340842024895, 46.272646368322654, 6.223855266251392, 9.405480698577449, 64.96284750319452, 51.95827146805365, 64.32229786115863, 61.05906225828234]
other derivatives: [ 347.80268834 -443.63277993  137.54606698  -26.32305041  273.40702218
    1.07120286]
Current x array =  [-0.83125113 -0.4590959  -0.48100035  0.31954189 -5.04723866 -0.25386868
 -2.24376656 -3.40578915 -2.23006251  0.29934428 -4.21179123 -4.09689067
 -1.78188916 -2.66437442 -2.40140121 -2.65976522]
log likelihood =  -6010.672759861343
Edge derivatives =  [76.81004982013755, 27.62181919810936, 90.68113108764605, 58.904665450604675, 6.635580429783643, 9.916764115608371, 69.79245036982776, 53.26721237660587, 67.56669027807864, 60.30033960673588]
other derivatives: [ 226.75158107 -109.96645869    6.81684469    6.34827302  264.85886337
   -5.46624506]
Current x array =  [-0.75907123 -0.67803747 -0.40660252  0.2880092  -4.81369654 -0.24121268
 -2.21496402 -3.39463461 -2.19417147  0.30939629 -4.21094272 -4.09391448
 -1.75690806 -2.64427498 -2.37534093 -2.63418732]
log likelihood =  -5785.340271153678
Edge derivatives =  [71.10545724042294, 20.84464719446488, 88.74204622174892, 50.471019221149604, 5.197600078207757, 8.058071531509702, 51.28124414545692, 46.13281716216742, 58.32625630531498, 49.673950221232936]
other derivatives: [-223.7508852    32.33726602 -265.20283427   45.11930456  230.26877898
  -25.60036592]
Current x array =  [-0.55644912 -0.92659792 -0.32395961  0.21286958 -4.42044761 -0.20066897
 -1.94841006 -3.27515548 -1.90051719  0.70027391 -4.17955607 -4.04759474
 -1.47007243 -2.43924938 -2.12942096 -2.4138522 ]
log likelihood =  -5629.502465565808
Edge derivatives =  [52.41432640049502, 13.16248571476877, 69.81194972966448, -20.36154213184397, 2.477110048686421, 4.51833870566846, 8.136375837329712, 30.336999530115982, 33.546158713922146, 30.849496727452955]
other derivatives: [-740.15752034  144.69105736    9.48602974   65.32663974  116.61177268
  -59.38463801]
Current x array =  [-0.41891742 -1.26771791 -0.43586942  0.16636762 -3.82234697 -0.17209881
 -1.55815377 -3.10883015 -1.46251963  1.23332362 -4.13531793 -3.98272449
 -1.07304502 -2.14550658 -1.77635728 -2.09944458]
log likelihood =  -5524.504293488708
Edge derivatives =  [43.091321059533456, 10.386375491247936, 59.75825042693594, -75.07019625797273, 2.1169980368275656, 3.2831778816046904, -3.876296472547473, 25.21039744294182, 24.857745113008658, 22.810981775568795]
other derivatives: [-200.95412765  201.8890882  -108.00486052   80.04790288   30.72245818
  -74.53236321]
Current x array =  [-0.5663998  -1.37868038 -0.36084625  0.21218625 -3.44746307 -0.20201713
 -1.37885377 -3.04153922 -1.24934293  1.38030668 -4.11855835 -3.95728543
 -0.93075508 -2.01902077 -1.62544705 -1.96365395]
log likelihood =  -5473.238532740479
Edge derivatives =  [44.80260037749366, 10.972355511891358, 62.39495785070122, -65.33984809204455, 2.647516331345829, 3.907092656085195, 8.834420898673486, 29.121138671558484, 30.740115453241472, 27.929243880623172]
other derivatives: [ 13.32809916 177.64450604 -36.05600796  60.65474736  33.05631253
 -58.48050932]
Current x array =  [-0.65210918 -1.28677605 -0.38001325  0.30871006 -3.21916159 -0.27001497
 -1.44787882 -3.0873225  -1.30503291  1.10425432 -4.13395214 -3.97734337
 -1.06037016 -2.08522868 -1.70322725 -2.03156743]
log likelihood =  -5407.639062939938
Edge derivatives =  [37.199928242991575, 9.760972556206168, 52.68497167890629, -85.84162973089467, 2.6504382377139053, 3.8001592627431235, 15.072509672586643, 29.135712617446003, 29.624352382380696, 28.207430859403637]
other derivatives: [177.4374141  110.90523913 -17.50549927  29.64015948 -27.07911335
 -42.00092008]
Current x array =  [-0.75829765 -1.10137557 -0.37537021  0.49978122 -2.66158481 -0.41967928
 -1.4267301  -3.11228239 -1.2339925   0.72561664 -4.14625083 -3.99096086
 -1.16737842 -2.09595484 -1.71699855 -2.04042609]
log likelihood =  -5359.016547133231
Edge derivatives =  [26.546692882968067, 7.690639473499475, 35.61833304072722, -61.008543605125624, 2.0846895972432153, 2.7803321623632002, 10.060941360756292, 24.300268404505434, 20.960691828939705, 23.0666472565279]
other derivatives: [223.20919015 -11.81524567  22.67379386  -1.76942194 -18.86437531
 -32.68178261]
Current x array =  [-0.80334351 -0.89404301 -0.38181577  0.63357953 -2.54098274 -0.58346419
 -1.29153884 -3.08016854 -1.04211991  0.44964557 -4.13932436 -3.97989272
 -1.1362351  -2.00180213 -1.61933506 -1.9462215 ]
log likelihood =  -5320.103502326525
Edge derivatives =  [7.303732790162918, 4.46715314981711, 5.086165552934924, -45.38052500429894, 0.9735377214727923, 1.0873740052846852, -6.398134119539636, 12.68565018966326, 3.168599072019586, 9.355442762455636]
other derivatives: [151.91835701 -78.64446161  -3.7769496  -10.02472345 -32.7019734
 -28.31648089]
Current x array =  [-0.76562828 -0.83847086 -0.37063594  0.69232734 -2.49589316 -0.78705991
 -1.03530402 -2.99063397 -0.72300534  0.30190535 -4.11617617 -3.94661147
 -0.99387119 -1.80072681 -1.41624008 -1.74690584]
log likelihood =  -5295.895889330814
Edge derivatives =  [-1.8389550130604773, 3.2179036447809803, -13.201858279004254, -13.220952360985345, 0.3743305391070394, 0.21333326829361804, -11.970338512051628, 3.413705224054265, -7.563718277204556, -0.7973012463720138]
other derivatives: [ 16.61464921 -33.44102879  98.39859558 -12.18959369 -10.75495675
 -21.11137292]
Current x array =  [-0.67540833 -0.92544422 -0.4103881   0.69084351 -2.61905288 -0.99906351
 -0.84494733 -2.9108276  -0.5110013   0.14543955 -4.09587721 -3.91842942
 -0.91143087 -1.62577259 -1.27298834 -1.58637224]
log likelihood =  -5291.0936535985165
Edge derivatives =  [2.0894059205387037, 3.7793322824213402, -12.420212302463812, 3.9665760600033195, 0.595396462779197, 0.5455056040140152, -2.402986300137711, 5.33081872729264, -2.7933948826409942, 0.9463113577095339]
other derivatives: [-54.69810276 -17.24201866 -31.47806638  -6.49579306  -5.44714567
 -16.00892574]
Current x array =  [-0.64261521 -0.94810256 -0.36211387  0.67794623 -2.59479261 -1.07697891
 -0.86499516 -2.91745365 -0.54487804 -0.0116782  -4.09976266 -3.92364849
 -0.9739986  -1.62877645 -1.30544237 -1.59982739]
log likelihood =  -5290.144235353213
Edge derivatives =  [2.914747315441604, 3.8937347287767294, -10.121031735867088, 3.42449262377455, 0.6394311542530814, 0.5999764477168382, -1.8559043340897439, 5.675316642054753, -1.9293649958262546, 1.6161718361073028]
other derivatives: [-34.91149982  -7.1418981    0.1031367   -6.47014531  -1.40435077
 -15.90760803]
Current x array =  [-6.49831344e-01 -9.60637115e-01 -3.73068185e-01  6.70710517e-01
 -2.61230817e+00 -1.07536123e+00 -8.70834571e-01 -2.91717882e+00
 -5.60618467e-01  4.09329281e-03 -4.09969516e+00 -3.92383829e+00
 -9.75915491e-01 -1.63093215e+00 -1.31140020e+00 -1.60409853e+00]
log likelihood =  -5289.253909963731
Edge derivatives =  [3.129696133962817, 3.958944365103547, -9.100670120581887, 4.681352963541442, 0.6681770575753785, 0.6275371280525837, -0.904158346429432, 5.362065756320041, -1.3254514859504911, 1.6569433112805505]
other derivatives: [ -9.16488716   6.44322427  15.07860361  -5.33991624   0.41964086
 -14.71153155]
Current x array =  [-6.60740665e-01 -9.78631045e-01 -3.77702911e-01  6.62150963e-01
 -2.61816718e+00 -1.10286510e+00 -8.63774294e-01 -2.91030225e+00
 -5.71163754e-01 -1.63670476e-03 -4.09845224e+00 -3.92250210e+00
 -9.78621500e-01 -1.61924064e+00 -1.31186504e+00 -1.59856822e+00]
log likelihood =  -5288.388784959774
Edge derivatives =  [2.9239003352971094, 3.9877888012990064, -8.445128080126786, 7.2307423364217, 0.6755564600758361, 0.6243080114551892, 0.1245016470735385, 4.334994209798417, -0.989739597787603, 1.1465543025218496]
other derivatives: [ 12.11501512  15.55408744  17.08704076  -3.18486855   3.36804078
 -12.5821316 ]
Current x array =  [-0.67064715 -0.99194933 -0.37717652  0.64900768 -2.63060729 -1.15693879
 -0.84422708 -2.89583575 -0.5799203  -0.01642543 -4.09564038 -3.9192651
 -0.97887471 -1.59359255 -1.30670721 -1.58353435]
log likelihood =  -5287.239772555795
Edge derivatives =  [1.8203813520316914, 3.947305664290636, -7.5409165874019415, 8.288801087537554, 0.6417989282817556, 0.577715367635885, 0.6735675062585683, 2.194485546261712, -0.9976214242035604, -0.03137825621721238]
other derivatives: [25.91950761 19.062918   10.44245437  0.840555    5.86260285 -9.6041731 ]
Current x array =  [-0.67796046 -0.99864536 -0.37351654  0.62631428 -2.64897628 -1.24424805
 -0.80900247 -2.86894368 -0.59536116 -0.01954748 -4.09026388 -3.9130669
 -0.97283817 -1.54977394 -1.29572234 -1.55746335]
log likelihood =  -5285.59585803534
Edge derivatives =  [1.8099220365742337, 4.289122012321638, -2.8185161611450744, 7.363191816414587, 0.6446516597466478, 0.6837141218625724, 3.9044583370471773, -0.5267976124641257, 1.5372404232064478, 0.2268105578293752]
other derivatives: [21.74383553 17.15197868 27.59943527  5.63259164  6.8497684  -3.46008164]
Current x array =  [-0.67530449 -0.99503912 -0.38140748  0.59225166 -2.6425801  -1.41323816
 -0.77905333 -2.82510382 -0.68588907 -0.02561243 -4.08336443 -3.90652052
 -0.9932007  -1.49681335 -1.31163015 -1.54185278]
log likelihood =  -5285.391048648477
Edge derivatives =  [-3.943891326098546, 3.799372604313966, -2.4670423703851054, 0.4030595271746238, 0.4369180936292456, 0.3474665219667916, -0.7876168113853246, -6.038247060505302, -1.663855648017117, -4.137181811001211]
other derivatives: [ 28.86572474 -13.11500455 -42.09778126   6.32735464   4.32919478
  -0.89394234]
Current x array =  [-0.68507555 -0.96168672 -0.35273429  0.60252303 -2.67516058 -1.59247885
 -0.68666993 -2.73955687 -0.7098223   0.03936363 -4.06672656 -3.88726294
 -0.93617451 -1.41114681 -1.26454225 -1.48110548]
log likelihood =  -5284.338757858388
Edge derivatives =  [-0.8111039323681914, 4.2203131005521435, -0.7022216418858935, 0.92970955763494, 0.5430834635971482, 0.56626225309279, 1.9699561405813144, -3.3868993549840516, 0.859088557348359, -1.3619486040408975]
other derivatives: [ 6.69797373 -2.59042281 -0.10440999  5.43877832  3.66744644 -0.81390681]
Current x array =  [-0.67093279 -0.97208391 -0.36977965  0.60103695 -2.64772072 -1.54545077
 -0.73242583 -2.76514573 -0.73659161  0.02179611 -4.07278029 -3.89501176
 -0.96837059 -1.45136737 -1.29688507 -1.51585484]
log likelihood =  -5284.209931143872
Edge derivatives =  [-0.5708662332973647, 4.290713667954647, -0.32436218258319355, -0.08178260402143905, 0.5527184221675173, 0.5916109194600366, 1.9662539588423853, -2.9016633912005068, 1.1179688690901368, -0.9775536942330817]
other derivatives: [-0.76688593 -3.15631041  0.61136234  4.2919055   2.0603693  -0.66738721]
Current x array =  [-0.66717829 -0.97141803 -0.37036192  0.60922908 -2.63803647 -1.54652109
 -0.73784783 -2.76135722 -0.74579901  0.02462522 -4.07260203 -3.89505324
 -0.96954527 -1.45914797 -1.30051146 -1.52175018]
log likelihood =  -5284.031089426471
Edge derivatives =  [-0.6682617915234275, 4.3699550071434246, 0.13217760597989114, -1.8316673580046676, 0.5571229524848236, 0.6017300243117774, 1.3294170008342716, -2.2585033685094777, 1.1018767466240775, -0.6850573953656665]
other derivatives: [-8.72332748 -3.07136361 -1.49875632  1.60816853 -1.05092113 -0.343789  ]
Current x array =  [-0.66331625 -0.97260254 -0.36943063  0.62939748 -2.62285955 -1.56202526
 -0.73951839 -2.74266284 -0.75986727  0.03101907 -4.07023783 -3.89273203
 -0.96392729 -1.46868753 -1.30000421 -1.52709687]
log likelihood =  -5283.8794017949285
Edge derivatives =  [-0.9955048896285483, 4.42490074912492, 0.3778563065076722, -1.9859438093868491, 0.5562389476079727, 0.5893649273127104, 0.5089654536593428, -1.828906205248074, 0.7331918941050003, -0.6669624809054603]
other derivatives: [-9.63336788 -1.79998096 -2.37560016 -0.95415089 -2.36259439  0.0770342 ]
Current x array =  [-0.66275756 -0.97567092 -0.36841039  0.64748426 -2.61581758 -1.5889337
 -0.73528057 -2.71361557 -0.76947054  0.02970774 -4.06616008 -3.88839181
 -0.95451088 -1.47360487 -1.29381047 -1.52758177]
log likelihood =  -5283.533268990383
Edge derivatives =  [-0.6396258997133297, 4.724696572088689, 1.6571826992254126, -1.323790562452109, 0.6127089361551827, 0.6437434379861208, -0.4871526584891918, 0.46069473980259323, 0.48205678070851243, 0.4815919298089363]
other derivatives: [-4.37075869 -1.52940629 -5.21140464 -4.35811671 -1.95805114  0.90694812]
Current x array =  [-0.66524212 -0.9765279  -0.36633877  0.669198   -2.6098019  -1.63431574
 -0.74434989 -2.62680972 -0.79513402  0.02361699 -4.05482167 -3.87676611
 -0.94050852 -1.50318102 -1.28562035 -1.54130004]
log likelihood =  -5283.12109039228
Edge derivatives =  [-3.8947376472489332, 4.736947585058115, 1.746051193261669, -0.24915177330913701, 0.5325827019669596, 0.4726393572573101, -6.408913025847584, 1.8555983236800837, -3.580915271855542, -0.18075510036899142]
other derivatives: [-8.15243766  1.98415364 12.44188752 -7.86667442  0.52623363  2.248089  ]
Current x array =  [-0.66220247 -0.98928702 -0.36995955  0.69324892 -2.63548769 -1.79037397
 -0.71521539 -2.36980058 -0.81613027  0.0306108  -4.0179648  -3.83713309
 -0.87482701 -1.51750342 -1.22822213 -1.52773988]
log likelihood =  -5282.635288025003
Edge derivatives =  [-3.383089076541867, 5.143839531682397, 3.2644606238717166, 2.419226430998335, 0.6705913930694044, 0.6449016219446267, -5.178422051524111, 5.693347801189128, -2.924783049644718, 2.0778420964280993]
other derivatives: [ -4.47198545  13.2871719  -28.6244358   -4.24479367   1.3224053
   2.80233508]
Current x array =  [-0.66448694 -1.00425837 -0.35573129  0.68130436 -2.62948316 -1.85440767
 -0.7520823  -2.1763395  -0.85058116  0.00705539 -3.99325291 -3.81210851
 -0.87493718 -1.56724439 -1.22473637 -1.55382772]
log likelihood =  -5282.00736139833
Edge derivatives =  [-3.1083346317764216, 5.311858670783634, 3.7711340218924, 2.441095903454549, 0.7057946784436968, 0.7158608692446068, -4.386073785646703, 7.024758788878136, -2.545085523265614, 3.354464578173678]
other derivatives: [  7.89214027  11.27591531 -13.47698344  -1.24455255   3.52874849
   3.06235961]
Current x array =  [-0.67038624 -0.99804282 -0.3615663   0.65734255 -2.63305716 -1.87037611
 -0.77707942 -2.07957128 -0.86421372  0.00758042 -3.98097867 -3.79983486
 -0.8815662  -1.58822141 -1.22797811 -1.56679734]
log likelihood =  -5280.9452654853885
Edge derivatives =  [-4.96202976349239, 4.642994526160624, 3.2091517675444168, 1.8807962861256902, 0.7050021973624463, 0.7680489375590503, -4.306953328147292, 10.145167129731476, -3.447571477998366, 5.606463516574912]
other derivatives: [15.37355274  3.18041202  1.80352799  7.23421181  7.4248419   3.41151463]
Current x array =  [-0.6744519  -0.98253725 -0.36897852  0.59962718 -2.64930312 -1.94969228
 -0.83700917 -1.72014766 -0.88744318  0.01451323 -3.93367744 -3.75127493
 -0.87875381 -1.6399277  -1.21503643 -1.58899177]
log likelihood =  -5279.926303204811
Edge derivatives =  [-6.776957734892825, 2.804909084603052, 1.8597376510809274, 0.7103814602440364, 0.6118541271190161, 0.7156668028235823, -2.9495092676403516, 11.155738903609402, -3.406134133778111, 6.415294508899701]
other derivatives: [13.09508662 -3.79923222  6.08451955 10.41908035  5.98993211  3.38077371]
Current x array =  [-0.67392552 -0.97005515 -0.37231893  0.57971212 -2.63767023 -2.00521916
 -0.90302731 -1.42678699 -0.90551562  0.01420219 -3.89520001 -3.71184416
 -0.89183882 -1.66078319 -1.21801294 -1.59711854]
log likelihood =  -5278.000792879815
Edge derivatives =  [-7.000149511397798, -3.4765196534967244, -0.9904181771765812, -1.30463082514434, 0.1935493821267419, 0.3419009508321041, 3.147340779225483, 7.486258553145122, -0.5207100063741175, 4.568090768871098]
other derivatives: [ 8.11196514 -6.01958163 22.60603651 11.90674084  1.5959813   2.25263648]
Current x array =  [-0.67123726 -0.96244628 -0.38178905  0.56912204 -2.60782121 -2.00856986
 -1.08059356 -0.99469607 -0.90835808  0.01411996 -3.83725849 -3.65233317
 -0.95530857 -1.60912743 -1.26327694 -1.56884906]
log likelihood =  -5281.264859360649
Edge derivatives =  [-3.029620809162903, 1.8902987525511425, -3.17305398298737, -3.753429902798503, -0.3992406576960168, -0.3745468078913468, 3.7607059397264555, -9.670949063105812, -0.1463856099264892, -5.868881656792291]
other derivatives: [-42.63092706 -73.29263099 -42.57817636   5.00140231   3.6136953
   0.22428139]
Current x array =  [-0.65409711 -0.88563127 -0.35813233  0.60107632 -2.62702239 -1.82334619
 -1.12148676 -1.28496738 -0.80450297  0.03806642 -3.86904672 -3.68326321
 -0.99036377 -1.38627016 -1.30211276 -1.45072714]
log likelihood =  -5277.388059214416
Edge derivatives =  [-5.8110723122024925, -1.6142094651528964, -1.5697303818774833, -2.054133593607834, 0.01197617443950037, 0.1235783007141169, 3.4079260556966195, 2.9934479877298554, -0.33210720673571253, 1.72348863474498]
other derivatives: [ -5.95500751 -23.83785613   4.96856956   9.92158675   2.3949724
   1.76378308]
Current x array =  [-0.66634563 -0.94052401 -0.37503765  0.57824149 -2.61330104 -1.9557088
 -1.09226409 -1.07753673 -0.87871882  0.02095405 -3.84633055 -3.66116031
 -0.96531299 -1.5455261  -1.27436031 -1.53513819]
log likelihood =  -5276.434554707084
Edge derivatives =  [-3.4310420143502127, 0.3229496950994094, -0.6244832139520575, -0.8263069179527736, -0.043390810180419626, 0.07556548879872863, 5.493189590728117, -0.0877528307208896, 1.8335428569426802, 0.13221250284513408]
other derivatives: [-0.29949661 -3.50764822 10.14686859  3.9657607  -0.59208105  1.01563273]
Current x array =  [-0.66701934 -0.96747949 -0.37615278  0.61825255 -2.58767523 -1.9028579
 -1.13588521 -1.14321439 -0.87273656  0.00860005 -3.85443726 -3.66955405
 -0.98736555 -1.49987189 -1.30190813 -1.51622786]
log likelihood =  -5276.240468796024
Edge derivatives =  [-3.5576370712289167, -1.378262156296385, -0.3487180596908076, 0.829977175255576, -0.14846700068891286, -0.11964738700705779, 2.603918807277936, -1.4086950194531842, 0.8034771250828907, -1.3936591390539728]
other derivatives: [ 5.70271368 -0.0437467  -8.83719622 -1.74595698 -1.09066605  0.56506906]
Current x array =  [-6.70340047e-01 -9.76195107e-01 -3.66612134e-01  6.60672143e-01
 -2.58820603e+00 -1.94878907e+00 -1.16257982e+00 -1.04279595e+00
 -8.83211654e-01  3.11960936e-03 -3.83953118e+00 -3.65314590e+00
 -9.55724584e-01 -1.47954728e+00 -1.28688141e+00 -1.49895129e+00]
log likelihood =  -5276.137995377325
Edge derivatives =  [-2.6327219267281627, -0.46569172446564977, 0.42246505228366726, 1.025101320707264, -0.10371499264658854, -0.014816362991394268, 2.791337021291124, -0.38397756950438144, 1.4785529145994774, -0.3284527293107449]
other derivatives: [-7.50351319  1.09157554 -2.21298251 -1.67956387 -0.746968    0.57252691]
Current x array =  [-6.63116381e-01 -9.77174281e-01 -3.70086257e-01  6.58469711e-01
 -2.58310207e+00 -1.92937610e+00 -1.17897268e+00 -1.07028706e+00
 -8.91674239e-01 -1.18382543e-03 -3.84409937e+00 -3.65824413e+00
 -9.59279990e-01 -1.49548707e+00 -1.29499375e+00 -1.51291540e+00]
log likelihood =  -5276.072209910131
Edge derivatives =  [-2.1468132062855454, -0.11198567717813096, 0.6653768205661987, 0.7820916023039042, -0.09623073160810111, 0.002315383471733417, 2.4825149213208753, -0.26947016235032417, 1.5784667022997985, -0.06838264645506176]
other derivatives: [-2.42789611  0.15152182  1.53213477 -1.23345671 -0.16170816  0.44074113]
Current x array =  [-6.65621391e-01 -9.74827476e-01 -3.71519471e-01  6.53687913e-01
 -2.58432508e+00 -1.91535955e+00 -1.19068740e+00 -1.08015451e+00
 -8.91120372e-01  1.47186876e-03 -3.84570371e+00 -3.65989659e+00
 -9.57608643e-01 -1.49809928e+00 -1.29685724e+00 -1.51628234e+00]
log likelihood =  -5275.983744114817
Edge derivatives =  [-1.1134629912229073, 0.028560382350866248, 1.2159092823387172, 0.5334644108363207, -0.1136980929919082, -0.004181435107378197, 1.0055584766980417, -0.21919380498345262, 1.4896372090815126, 0.23425228432228884]
other derivatives: [ 2.29156285 -1.49402695  4.3422915  -0.71786417  0.93477865  0.00609361]
Current x array =  [-0.66804649 -0.97157323 -0.3725965   0.64846163 -2.5880571  -1.8949614
 -1.22971259 -1.06680218 -0.89253722  0.00643295 -3.84431281 -3.65815923
 -0.94589304 -1.5010494  -1.29685756 -1.52088349]
log likelihood =  -5275.9473997740115
Edge derivatives =  [-0.4862547738516807, -0.014737788761146842, 1.46595599772014, 0.11132131420335509, -0.12495456356519635, -0.01272029589022046, 0.07763852836115576, -0.19334203247789264, 1.2360836080762514, 0.291761217969467]
other derivatives: [ 1.74750312 -0.47057256 -1.80234565  0.57825673  0.65201675 -0.33051037]
Current x array =  [-0.66803318 -0.97285392 -0.37049697  0.64258768 -2.58878536 -1.88412721
 -1.25837648 -1.05371858 -0.89102201  0.0107923  -3.84297547 -3.65631707
 -0.93787049 -1.50219456 -1.29394918 -1.52265667]
log likelihood =  -5275.936816029863
Edge derivatives =  [-0.2811044800054554, -0.21411754469045738, 1.3694436447385374, -0.012628154698786781, -0.16707332609911862, -0.06952993972919025, -1.1323630475325865, -0.6671559822915348, 0.5815847404228995, -0.12701537150230316]
other derivatives: [ 0.489581   -0.27002898  1.7419552  -0.28712748  0.32423486 -0.53869371]
Current x array =  [-0.66726228 -0.97403615 -0.37152165  0.64791345 -2.58893928 -1.88619206
 -1.27484727 -1.03899401 -0.88784557  0.01313047 -3.84104615 -3.65367919
 -0.92778061 -1.49672305 -1.28723525 -1.51834689]
log likelihood =  -5275.9249076289525
Edge derivatives =  [-0.33368945298557706, -0.1718289906588212, 1.155201597095501, -0.18641471578028385, -0.15447725684356373, -0.05911823136473969, -0.7938534850761696, -0.470291452843138, 0.41498700767513624, -0.09330301010648709]
other derivatives: [-0.33023753  0.13897079 -0.84310159  0.18098945 -0.15006663 -0.4973117 ]
Current x array =  [-0.66696566 -0.97459317 -0.37066906  0.64604413 -2.5876457  -1.88642141
 -1.27369905 -1.04369385 -0.88367189  0.01357831 -3.84211502 -3.65452408
 -0.93050462 -1.4991785  -1.28516335 -1.51904514]
log likelihood =  -5275.91242352234
Edge derivatives =  [-0.4280830617587693, -0.1081630936272608, 0.6647900205968313, -0.40903634110899, -0.13915798109779978, -0.052182111755738225, -0.2962829317516017, -0.21388157622441234, -0.035199058748032974, -0.11716448465734819]
other derivatives: [-0.96069925  0.44447006 -1.97424015  0.52596079 -0.81918188 -0.42336978]
Current x array =  [-0.66673569 -0.97510691 -0.37030937  0.64470611 -2.58586834 -1.88799475
 -1.27303467 -1.05127595 -0.87425635  0.01429664 -3.84404034 -3.65584116
 -0.93464256 -1.50249365 -1.28006516 -1.51921864]
log likelihood =  -5275.901951803532
Edge derivatives =  [-0.27383655015009334, -0.038466228484565324, 0.32876176139883523, -0.05530564949010969, -0.12312831623497801, -0.04522481096964653, 0.08397964178352163, 0.04632623041897743, -0.34007074665743947, -0.06202286951638994]
other derivatives: [-0.2746674   0.35715857 -1.7415914   0.2654815  -0.38180588 -0.39099177]
Current x array =  [-0.66704013 -0.97512518 -0.37025597  0.64587794 -2.58760835 -1.88974924
 -1.28164724 -1.05296907 -0.86478467  0.01332459 -3.84555477 -3.65639099
 -0.93717151 -1.50556743 -1.2761873  -1.51993744]
log likelihood =  -5275.895566560152
Edge derivatives =  [-0.19238466382109293, -0.08637072326281536, -0.058534891950872525, 0.06719655972739769, -0.11658669544839187, -0.04449503483466166, 0.1513551996773415, 0.1326670194095132, -0.3509598903465749, -0.014496498849776551]
other derivatives: [-0.00873115  0.06584742 -0.1036824  -0.06402843 -0.13969839 -0.3261448 ]
Current x array =  [-0.66711909 -0.97498302 -0.37071614  0.64748371 -2.58910155 -1.89602039
 -1.29125953 -1.04918374 -0.85583011  0.01395713 -3.84683339 -3.65629289
 -0.93712402 -1.50629871 -1.27562992 -1.52002957]
log likelihood =  -5275.893373403258
Edge derivatives =  [-0.12092909255235172, -0.12566261758870817, -0.19812834857444586, 0.12122772446568181, -0.11486402421222516, -0.043973018742662164, 0.05507073849024663, 0.117947504412279, -0.20476464816259865, 0.022915760962615633]
other derivatives: [ 0.03692548 -0.09586074  0.53460099 -0.25374902  0.05102265 -0.28921932]
Current x array =  [-0.66711922 -0.97493091 -0.37086468  0.64849901 -2.59020365 -1.9009186
 -1.29789344 -1.04524541 -0.85214163  0.01461861 -3.84753281 -3.65603566
 -0.93585767 -1.50575515 -1.27689883 -1.51998247]
log likelihood =  -5275.891738778913
Edge derivatives =  [-0.07642598796225475, -0.12757292074368515, -0.23240732567296973, 0.11859279294392527, -0.11125883210505338, -0.03958975922275479, -0.010219370069614098, 0.08615867636310157, -0.006013341833025099, 0.05540701743470369]
other derivatives: [ 0.12614692  0.09058567  0.59881131 -0.29685907  0.10531949 -0.23837856]
Current x array =  [-0.66714755 -0.97527895 -0.37084371  0.6488779  -2.59061483 -1.90631746
 -1.30165695 -1.04328672 -0.85087631  0.01517418 -3.84850645 -3.65607669
 -0.93489577 -1.50489022 -1.27870899 -1.51980688]
log likelihood =  -5275.896092792565
Edge derivatives =  [0.02482570940496734, -0.019736745383127696, -0.27313287028707933, -0.07501954670973118, -0.10812540258427397, -0.03344291010009618, -0.2178791654519009, -0.11718694398866442, 0.24190258339821047, 0.015598794428470925]
other derivatives: [-3.30792318 -2.54376573 -1.16342562 -0.2660272   0.20527295 -0.0775799 ]
Current x array =  [-0.66572522 -0.97194247 -0.37030222  0.64860166 -2.59136803 -1.92123762
 -1.30952455 -1.04336665 -0.84947146  0.01693979 -3.85245562 -3.65702732
 -0.93285826 -1.50169428 -1.28125435 -1.51820542]
log likelihood =  -5275.890931585809
Edge derivatives =  [-0.047531672389412055, -0.09691543920646806, -0.24383681136247817, 0.06393520149480783, -0.11035200295362, -0.03782669946658712, -0.06882340125590258, 0.02872451232233919, 0.06448018605717698, 0.044279311612270056]
other derivatives: [-0.84510248 -0.65392669  0.10022632 -0.28812792  0.13387762 -0.19226718]
Current x array =  [-0.66674448 -0.97433343 -0.37069026  0.64879962 -2.59082828 -1.91054567
 -1.30388654 -1.04330937 -0.85047819  0.01567453 -3.8496256  -3.65634609
 -0.93431836 -1.50398453 -1.27943032 -1.51935304]
log likelihood =  -5275.889278282613
Edge derivatives =  [-0.023239631417708295, -0.05778363907184943, -0.20870566878865798, -0.025814648865998047, -0.10416150456167128, -0.030269644533176536, -0.10598749537421753, -0.03471075434041826, 0.2805575319436503, 0.05819309117729696]
other derivatives: [-0.06421033 -0.28103386 -0.08330971 -0.15616024  0.04656613 -0.11677912]
Current x array =  [-0.66714248 -0.97480653 -0.37059846  0.6482348  -2.59059487 -1.9178046
 -1.30583683 -1.04321848 -0.85087049  0.01642999 -3.85129339 -3.65676354
 -0.93362289 -1.50256441 -1.28139771 -1.51877767]
log likelihood =  -5275.888454788139
Edge derivatives =  [-0.017189007179883253, 0.0012296533933892628, -0.14430654547883393, -0.0677740219497584, -0.09899108844239789, -0.024131408080582895, -0.05846394527855697, -0.0657874154989101, 0.32448393301088574, 0.0413127315174843]
other derivatives: [-0.36707206  0.13333192 -0.04802132 -0.01173248 -0.03274181 -0.06357368]
Current x array =  [-0.66696632 -0.97539307 -0.37064976  0.64753123 -2.5902747  -1.92238371
 -1.3054013  -1.0449111  -0.85207044  0.01656776 -3.85271303 -3.65730156
 -0.93385109 -1.50179074 -1.28163606 -1.51817387]
log likelihood =  -5275.888172412013
Edge derivatives =  [0.015791727025885383, 0.08309961637676339, -0.04534003809314763, -0.13730561624585888, -0.09278440348083834, -0.023253217651209503, -0.07574917254918279, -0.14310471549978682, 0.14881637504937428, -0.06776656380941534]
other derivatives: [ 0.90285539  0.043201   -1.20644472  0.13969839 -0.16962076 -0.01837179]
Current x array =  [-0.66770283 -0.97519489 -0.37017252  0.64685072 -2.58975584 -1.92884587
 -1.30618878 -1.04678499 -0.8536692   0.0169286  -3.85500684 -3.65800278
 -0.93343642 -1.50037    -1.27944635 -1.51656333]
log likelihood =  -5275.887520680505
Edge derivatives =  [0.010543807280156192, 0.08207698654094417, -0.045840668931365264, -0.10254548980594494, -0.09391122809082682, -0.022884136879802203, -0.047650235005273045, -0.11692895435143702, 0.11953200522765361, -0.050192549347296445]
other derivatives: [ 0.1281478   0.07612471 -0.13578756  0.10049916 -0.10304575 -0.0255568 ]
Current x array =  [-0.6672494  -0.97527152 -0.37061346  0.64683686 -2.58988179 -1.92732163
 -1.30557591 -1.04700992 -0.8538297   0.01663499 -3.85475264 -3.65798219
 -0.93383528 -1.50088525 -1.27924552 -1.5168719 ]
log likelihood =  -5275.887381116334
Edge derivatives =  [0.025335345487683875, 0.08772339002117899, -0.04202418430952995, -0.05359170214396933, -0.09305120448073442, -0.022778702631212795, -0.026738633734180395, -0.09787321024411544, 0.06453426112826333, -0.05220354194308083]
other derivatives: [-0.05820766  0.06129994  0.02683009  0.06339178 -0.03501555 -0.02928573]
Current x array =  [-0.66714045 -0.97527782 -0.37067294  0.64697749 -2.59008777 -1.9271209
 -1.30600825 -1.04699513 -0.853716    0.01640324 -3.85488642 -3.65801349
 -0.93398879 -1.50115203 -1.27862476 -1.51689935]
log likelihood =  -5275.8872565643505
Edge derivatives =  [0.043910509658809604, 0.09673981626533909, -0.022916213878133584, -0.010025888266273097, -0.09075876228620523, -0.021969062827769763, -0.02066026490657724, -0.08681256524701217, 0.004247469651902647, -0.05890729295571398]
other derivatives: [-0.02219167  0.01300577  0.23046596  0.0169166   0.03356035 -0.02328306]
Current x array =  [-0.66714809 -0.97522669 -0.37073489  0.64715716 -2.59026035 -1.92817468
 -1.30673488 -1.04673993 -0.85391685  0.01622603 -3.85547944 -3.65813919
 -0.93396265 -1.50125068 -1.27789625 -1.51678821]
log likelihood =  -5275.887144448387
Edge derivatives =  [0.060903705709393074, 0.08567399319171054, -0.028949763549775243, 0.05839348185235105, -0.0853155348134241, -0.018951612663532468, 0.0225818866170297, -0.032222535932710905, -0.04959803782015265, -0.043593620538656314]
other derivatives: [-0.22591848  0.09831638 -0.17253114 -0.03410605  0.09458745 -0.01546141]
Current x array =  [-0.66704218 -0.97540983 -0.37056788  0.64757439 -2.59048249 -1.92943557
 -1.30785251 -1.04570845 -0.85357425  0.01594087 -3.8563324  -3.6582829
 -0.93410228 -1.50183624 -1.27710623 -1.51697154]
log likelihood =  -5275.887006298433
Edge derivatives =  [0.06075604367032744, 0.08426184027814299, -0.024400214294516, 0.048528174515202804, -0.08188830659066995, -0.01662520438388518, 0.017319768723051077, -0.025285367921314972, -0.051913640201341704, -0.03562369840297336]
other derivatives: [ 0.01882654  0.04274625  0.03810783 -0.05402399  0.08803909  0.00427463]
Current x array =  [-0.66716563 -0.97531554 -0.37063361  0.64764591 -2.59038112 -1.93142179
 -1.3083316  -1.04519513 -0.85379867  0.01600225 -3.85721461 -3.65847759
 -0.93397951 -1.50184417 -1.27700135 -1.51693975]
log likelihood =  -5275.886838146962
Edge derivatives =  [0.04157343406205111, 0.06505561573567611, -0.026811695892439313, 0.012992481873248612, -0.07679408230650063, -0.012591348593357053, 0.01700590016022696, -0.0002352732536504698, -0.027775579407852302, -0.007898473779057974]
other derivatives: [ 0.20236257  0.00291038  0.1198714  -0.05547918  0.03010427  0.02801244]
Current x array =  [-0.66726456 -0.97522921 -0.37066287  0.64768323 -2.59007122 -1.93342858
 -1.30830715 -1.04424078 -0.85419959  0.01609868 -3.85834697 -3.65872386
 -0.93390466 -1.50210248 -1.27718083 -1.51715277]
log likelihood =  -5275.886689348148
Edge derivatives =  [0.011245838072596964, 0.032962686872585634, -0.017312711152285054, -0.021795750039089845, -0.0721569467410272, -0.008884695619186613, 0.01049656886182787, 0.03032130222008722, -0.008966339627595521, 0.02276649395157304]
other derivatives: [ 0.15706973 -0.0172804   0.08258212 -0.02837623 -0.03874447  0.03874447]
Current x array =  [-0.66724874 -0.97516698 -0.37066833  0.6475879  -2.58971973 -1.93411774
 -1.30755139 -1.04310817 -0.85499983  0.01608351 -3.85937743 -3.65892642
 -0.93384911 -1.50251715 -1.27736556 -1.51749954]
log likelihood =  -5275.886552524016
Edge derivatives =  [-0.005199321318563044, 0.004691193376559294, 0.015310633889155711, -0.004624191625447749, -0.06703489332940413, -0.006088412305951026, -0.011382442709286511, 0.029964687375980542, 0.009843672363522293, 0.03004231651108455]
other derivatives: [ 0.02301022 -0.07730705 -0.03119567  0.01091394 -0.00472937  0.03956302]
Current x array =  [-0.66718683 -0.97506884 -0.37064507  0.64735104 -2.58981848 -1.93435051
 -1.30692857 -1.04187515 -0.85597265  0.01590004 -3.86094291 -3.65917649
 -0.93364371 -1.50247313 -1.27756185 -1.51751025]
log likelihood =  -5275.886528218522
Edge derivatives =  [-0.025280090747996337, -0.049369710464542305, 0.029006778812429357, 0.05199479429988649, -0.059710524666864134, -0.003015157347419476, -0.006431247608422064, 0.05735793356740976, 0.01726536196898487, 0.047871344930137394]
other derivatives: [0.22864697 0.1970875  0.1538865  0.01873559 0.04893081 0.02200977]
Current x array =  [-0.6672499  -0.97542505 -0.37071217  0.64730534 -2.58999834 -1.9329887
 -1.30627192 -1.03988263 -0.85652629  0.0155377  -3.86280663 -3.65938634
 -0.93364075 -1.50279903 -1.27762208 -1.51771931]
log likelihood =  -5275.886424431294
Edge derivatives =  [-0.01855823799245565, -0.03754378202649897, 0.0467395640561476, 0.03458191916589945, -0.05919284893007758, -0.00404767181235275, -0.029403747857252138, 0.014116990256315215, -0.012477961790229669, 0.009235975949554581]
other derivatives: [-0.11314114  0.03819878 -0.04911271  0.04747562  0.03601599  0.02346496]
Current x array =  [-0.6671024  -0.97523592 -0.3706535   0.6471519  -2.59000857 -1.93367957
 -1.3064659  -1.04010817 -0.85684589  0.01563118 -3.86365842 -3.65953662
 -0.9334754  -1.50219739 -1.27734127 -1.51720346]
log likelihood =  -5275.886386119178
Edge derivatives =  [-0.01323048238506469, -0.03103746135029818, 0.039324463713837465, 0.029032483677619403, -0.05968845373979947, -0.005164862702995661, -0.0283121316496297, -0.002602255268418563, -0.02229671720178164, -0.006940527820564951]
other derivatives: [-0.10304575  0.01773515 -0.04911271  0.04047251  0.03119567  0.02028173]
Current x array =  [-0.66711054 -0.97521609 -0.37064974  0.64718519 -2.59002593 -1.93352451
 -1.30668249 -1.04037402 -0.8565958   0.01570268 -3.86376263 -3.65953436
 -0.93350415 -1.50197245 -1.27726497 -1.51700825]
log likelihood =  -5275.886245809415
Edge derivatives =  [-0.014568217239543435, -0.05766187201616653, 0.0028730013284979927, 0.01289945388463229, -0.05193490069401928, -0.005583110103760926, -0.0017424484947446417, -0.03383155100110852, -0.0447171767328334, -0.04107530296285636]
other derivatives: [-0.10650183 -0.20372681 -0.11514203 -0.03965397  0.03110472 -0.0079126 ]
Current x array =  [-0.66712399 -0.97491096 -0.37061987  0.64760177 -2.59006611 -1.93114791
 -1.30712384 -1.03964901 -0.85588871  0.01585861 -3.86687764 -3.65981401
 -0.93385218 -1.5015926  -1.27722963 -1.51665389]
log likelihood =  -5275.886157433796
Edge derivatives =  [-0.00040247844732363425, -0.045777231716647146, -0.0099610577475851, -0.029528288950644077, -0.046161083443356746, -0.0041889550567240155, 0.005806697877835276, -0.064733177519152, -0.042234588292225095, -0.06259352750724922]
other derivatives: [-0.2312845  -0.05848051  0.29658622 -0.05811671 -0.01873559 -0.0086402 ]
Current x array =  [-0.66703467 -0.97513451 -0.37077815  0.64770301 -2.58992405 -1.93132817
 -1.30799565 -1.03990596 -0.85545891  0.01618357 -3.86921003 -3.6600892
 -0.93394322 -1.50109977 -1.27729963 -1.51629122]
log likelihood =  -5275.88606380736
Edge derivatives =  [0.003220221870075507, -0.04899032604118264, -0.004289251202326427, -0.05593914373142317, -0.03898025395796879, -0.0011560333080558802, 0.015013352023761473, -0.06943843013911, -0.014293508241680603, -0.0610581082208099]
other derivatives: [ 0.01509761  0.04747562  0.02892193 -0.03901732 -0.05729817 -0.0093678 ]
Current x array =  [-0.66716446 -0.97525539 -0.37067384  0.64768885 -2.58979507 -1.93140942
 -1.30829616 -1.03967036 -0.85549778  0.01635779 -3.87136379 -3.66035592
 -0.93396969 -1.5009239  -1.27757515 -1.51622771]
log likelihood =  -5275.886011642808
Edge derivatives =  [0.0012642165462328492, -0.058554584136283436, 0.007642423443358581, -0.06647538257780775, -0.03163013870101042, 0.0027315281869529848, 0.016978710478224135, -0.06012768520651873, 0.014784475707346367, -0.044132119712301604]
other derivatives: [ 0.07030394  0.0608452  -0.0001819  -0.03074092 -0.06039045 -0.00618456]
Current x array =  [-0.66719096 -0.97524862 -0.3706698   0.64765076 -2.5897339  -1.93161174
 -1.30837413 -1.03914158 -0.85581675  0.01639657 -3.87349486 -3.66063335
 -0.93395486 -1.50097759 -1.27787125 -1.51634997]
log likelihood =  -5275.885889763622
Edge derivatives =  [0.027311911321090482, -0.039855142919443365, 0.00981163459816925, -0.026691035382342354, -0.01757091936147959, 0.00952975513197123, 0.031050051984222782, -0.03567713133695685, 0.03866396405660455, -0.018621039945953377]
other derivatives: [ 0.02901288  0.07676135 -0.16771082 -0.01336957  0.00218279  0.00154614]
Current x array =  [-0.66716793 -0.97525834 -0.37061364  0.64753635 -2.58990958 -1.93203023
 -1.30934512 -1.03945175 -0.8554561   0.01624532 -3.87757729 -3.66107967
 -0.93395492 -1.50113471 -1.27803806 -1.51651683]
log likelihood =  -5275.885983005322
Edge derivatives =  [0.0404352964547246, -0.009530344284331194, 0.01906769663337593, -0.0023834133066933105, -0.006147037745353075, 0.015281833744216416, -0.005808913243013414, -0.018530505878627868, 0.033096832365610396, 0.009459358086322117]
other derivatives: [ 0.45647539 -0.22864697  0.44992703 -0.00109139  0.06675691  0.02619345]
Current x array =  [-0.66738688 -0.97474141 -0.37084453  0.64715797 -2.58989801 -1.93368666
 -1.30984339 -1.04018372 -0.85563267  0.0160341  -3.88117694 -3.6614916
 -0.93364216 -1.50132633 -1.2779667  -1.51667423]
log likelihood =  -5275.885861103681
Edge derivatives =  [0.03159778072293912, -0.029954638300620742, 0.01283607723196828, -0.018750856285407014, -0.013835041280760109, 0.011408534953704218, 0.019025545599012483, -0.030076885360182215, 0.036850460138870944, -0.009451103294965235]
other derivatives: [ 0.16852937 -0.02291927  0.0340151  -0.0093678   0.02328306  0.00964064]
Current x array =  [-0.6672394  -0.9750896  -0.37068901  0.64741284 -2.5899058  -1.93257093
 -1.30950777 -1.03969068 -0.85551374  0.01617638 -3.87875231 -3.66121414
 -0.93385283 -1.50119726 -1.27801477 -1.51656821]
log likelihood =  -5275.885835414627
Edge derivatives =  [0.03895619803063616, -0.02376094615630986, 0.005759771660110935, 0.0070180324704306185, -0.010460419848406625, 0.012962452657272125, 0.020790738030014744, -0.01333088222786355, 0.028031312715917134, 0.0003701588376195941]
other derivatives: [ 0.02946763 -0.03110472  0.00545697 -0.00563887  0.04711183  0.01064109]
Current x array =  [-0.66716713 -0.97508634 -0.37068393  0.64738051 -2.5899723  -1.93250487
 -1.3097528  -1.03989719 -0.85526224  0.01602398 -3.87969262 -3.66127857
 -0.93384262 -1.50140697 -1.27789538 -1.51668931]
log likelihood =  -5275.885821921005
Edge derivatives =  [0.038471836174776175, -0.022597964148426825, -0.0010834853342078787, 0.013142215810089536, -0.009486356940250223, 0.01318732209586232, 0.015220155952532621, -0.004946640264315488, 0.016475328160419467, 0.0032075862391763577]
other derivatives: [-0.02464731 -0.03547029  0.00400178 -0.00109139  0.03965397  0.01018634]
Current x array =  [-0.66714032 -0.97508182 -0.37068649  0.6473568  -2.58993193 -1.93239336
 -1.30973936 -1.04002204 -0.85514374  0.01595103 -3.87998648 -3.66126627
 -0.93380198 -1.50153845 -1.27777319 -1.51674836]
log likelihood =  -5275.885799324922
Edge derivatives =  [0.03264520427676504, -0.023161661743622344, -0.013389430895902388, 0.013548778829928693, -0.007711423674142074, 0.013230389721441783, -0.0013239412017876928, 0.007730503266473954, -0.007783873132810093, 0.00501183179064521]
other derivatives: [-0.05838956 -0.03146852 -0.00291038  0.00964064  0.00418368  0.00782165]
Current x array =  [-0.66712564 -0.97508433 -0.37068802  0.6473152  -2.58977884 -1.93209827
 -1.30952504 -1.0402387  -0.85500544  0.01585031 -3.88058365 -3.66121377
 -0.93368865 -1.50175678 -1.27753063 -1.51682754]
log likelihood =  -5275.885776565566
Edge derivatives =  [0.025734142494223067, -0.023750659189053988, -0.016318012675307747, 0.02000354804626217, -0.0058927843792376325, 0.0130118576930029, -0.009973540360435573, 0.017116970737817955, -0.0220184842144929, 0.005649495549525485]
other derivatives: [-0.01173248  0.00154614  0.0257387   0.00418368 -0.00400178  0.00372893]
Current x array =  [-0.66714444 -0.97512801 -0.37069543  0.64735045 -2.58974101 -1.93160076
 -1.30906282 -1.04046752 -0.85500242  0.01576889 -3.88116638 -3.66109281
 -0.93362718 -1.50190956 -1.27739008 -1.51687924]
log likelihood =  -5275.885748712113
Edge derivatives =  [6.554805602806968e-05, -0.018441533322930137, -0.0067635546587401785, -0.022185549754483114, -0.0013507943602776226, 0.012264772933926821, -0.04742599233163902, 0.014301536472238918, -0.04172943689628217, -0.00464448175833429]
other derivatives: [-0.09440555 -0.04101821 -0.04929461  0.01509761 -0.07967174  0.00200089]
Current x array =  [-0.66711387 -0.97506871 -0.37067554  0.64733808 -2.58947055 -1.93113951
 -1.30755402 -1.04129478 -0.85550067  0.01585009 -3.8829998  -3.66077826
 -0.93337613 -1.50193046 -1.27724303 -1.51681263]
log likelihood =  -5275.885719801008
Edge derivatives =  [-0.0009254604754551643, -0.010798653858456603, 0.0019530317143443, 0.006557169319585471, -0.0010036024179016952, 0.01152267839450806, -0.02889251104524826, 0.019806689652042214, -0.03383343288375515, -0.001341061013586331]
other derivatives: [ 0.06366463  0.06039045  0.04756657 -0.00491127 -0.02182787 -0.00118234]
Current x array =  [-0.66717459 -0.97521239 -0.37069714  0.64741562 -2.58970669 -1.93059482
 -1.30696908 -1.04176586 -0.85551491  0.01576941 -3.88295613 -3.66049619
 -0.93349773 -1.50197236 -1.27729907 -1.51685718]
log likelihood =  -5275.885707729898
Edge derivatives =  [0.0014505648595483644, -0.005642476666082086, 0.008305177383440554, 0.0059167460497170365, -0.001487172201679817, 0.01131145110831104, -0.01816829156393235, 0.012125032635944527, -0.020875589365033642, -0.0029341219609538838]
other derivatives: [ 0.05748007  0.03947207  0.00582077 -0.00718501 -0.00127329  0.00081855]
Current x array =  [-0.66717342 -0.97518674 -0.37068042  0.64741906 -2.58980197 -1.93072025
 -1.30693626 -1.04191415 -0.85556486  0.01582387 -3.88281655 -3.6604418
 -0.93357534 -1.50184029 -1.27743008 -1.51681015]
log likelihood =  -5275.885706133632
Edge derivatives =  [-0.0011016161486016585, -0.0008664760145404848, 0.013150300416525595, -0.007563246144246777, -0.0013308937127483877, 0.010890567301380428, -0.0023408667490260604, -0.002736519523213299, 0.001777434628748853, -0.004969420322398221]
other derivatives: [-0.07394192  0.02582965  0.14224497 -0.0163709   0.01391527  0.00300133]
Current x array =  [-0.66710006 -0.97517854 -0.37073729  0.64743725 -2.58988462 -1.93065837
 -1.30667384 -1.04215714 -0.8556494   0.01594802 -3.88304589 -3.66029224
 -0.93373046 -1.50161905 -1.27769885 -1.51674823]
      fun: 5275.885706133632
 hess_inv: <16x16 LbfgsInvHessProduct with dtype=float64>
      jac: array([ 0.07394192, -0.02582965, -0.14224497,  0.0163709 , -0.01391527,
       -0.00300133,  0.00110162,  0.00086648, -0.0131503 ,  0.00756325,
        0.00133089, -0.01089057,  0.00234087,  0.00273652, -0.00177743,
        0.00496942])
  message: 'CONVERGENCE: REL_REDUCTION_OF_F_<=_FACTR*EPSMCH'
     nfev: 78
      nit: 73
     njev: 78
   status: 0
  success: True
        x: array([-0.66710006, -0.97517854, -0.37073729,  0.64743725, -2.58988462,
       -1.93065837, -1.30667384, -1.04215714, -0.8556494 ,  0.01594802,
       -3.88304589, -3.66029224, -0.93373046, -1.50161905, -1.27769885,
       -1.51674823])
{('N0', 'N1'): [1.819746674662825, 1.8197466746628246], ('N0', 'ENSLOCG'): [0.0, 0.0], ('N1', 'N3'): [6.432366974365909, 6.156663830727016], ('N1', 'ENSDARG'): [13.815804102238932, 13.644764755155743], ('N3', 'N6'): [0.26227473955262404, 0.31739374071317583], ('N3', 'N4'): [0.36551028751661224, 0.3716466250495408], ('N6', 'ENSTNIG'): [6.745688079280511, 7.158763660491757], ('N6', 'ENSGACG'): [3.3564120207238153, 3.337472584592078], ('N4', 'ENSXMAG'): [4.501616824135942, 4.783965301077038], ('N4', 'ENSONIG'): [4.460232251560458, 3.1073949371853242]}
