number of sites to be analyzed:  227
Successfully loaded parameter value from ./save/MG94730IGC2_Full_noforce_noclock.txt
log likelihood =  -3789.3508235590134
Edge derivatives =  [8.088102909834484, 9.636563213649916, 1.7039190930293355, -7.864909211900194, -0.09010629662085116, 2.3066574457993605, -7.8978171474127885, 0.4714418205285446, -8.929253633391651, 0.1699789323219893]
other derivatives: [ -6.24086169 -22.01109055 -11.16472959  -6.27578629  -2.29802026
  -2.55740815]
Current x array =  [-0.65640606 -0.78870975 -0.4818771   0.65513583 -2.82056394 -0.81924708
 -1.22585384 -2.67509413 -1.17337473 -0.26764865 -3.80296118 -3.24735088
 -0.91743181 -1.46194013 -0.90082395 -1.96814151]
log likelihood =  -3941.944102229597
Edge derivatives =  [-3.3122724458065176, 8.242362832172125, -6.545164755852808, 4.534497459854315, 0.22624803076786787, 2.3372582181228516, 4.397170170590231, 1.0770100763357333, 8.882194764760715, 3.35950980469213]
other derivatives: [261.37113309 203.87283257 246.59284463  -6.11730684  14.4329988
  13.21350283]
Current x array =  [-0.84719278 -1.46160141 -0.82318928  0.46328144 -2.89081573 -0.89742852
 -0.97859589 -2.38049887 -1.12128494 -0.50808343 -3.80571578 -3.17683504
 -1.15887261 -1.44752788 -1.17379635 -1.96294516]
log likelihood =  -3788.400929834348
Edge derivatives =  [7.983039059020654, 9.660304253649457, 1.7510239887380314, -5.835998599809618, -0.017713214064614707, 2.41468237152555, -6.328598568869148, 1.0060028040806184, -6.959543534203256, 0.6208713247417632]
other derivatives: [19.2432708   7.73666216 18.45010047 -5.73159014 -0.90631147 -1.75587047]
Current x array =  [-0.6693198  -0.83425563 -0.50497943  0.64214982 -2.82531906 -0.82453893
 -1.20911774 -2.65515392 -1.16984894 -0.28392291 -3.80314763 -3.24257789
 -0.93377416 -1.46096461 -0.91930057 -1.96778979]
log likelihood =  -3787.7174544980976
Edge derivatives =  [7.887085856728597, 9.649776258072073, 1.5946768493935741, -5.039114063506766, 0.01743744608439264, 2.4154140459853264, -5.190106079206495, 1.2808519987454452, -5.732695328566946, 0.6261453735679325]
other derivatives: [ 0.35784069 11.66285983  5.65919436 -3.68977453 -0.95865289 -1.39257281]
Current x array =  [-0.6561891  -0.84284233 -0.49607369  0.63245517 -2.82778035 -0.82796024
 -1.1960791  -2.63948309 -1.16703888 -0.29484274 -3.80322786 -3.23873341
 -0.9451671  -1.459711   -0.93200288 -1.96710212]
log likelihood =  -3786.8220869921956
Edge derivatives =  [7.189061226864244, 9.512694039990127, 1.094642910883976, -3.12371623628718, 0.09189530665207069, 2.40181503954173, -2.7103578141835927, 1.5671920818132545, -3.004877013928909, 0.7060664112612125]
other derivatives: [-13.67602636  13.94446372  -8.84988367  -0.56948011  -0.19499566
  -0.41168278]
Current x array =  [-0.64710232 -0.84821238 -0.48598205  0.61194211 -2.83354735 -0.83560487
 -1.1638555  -2.60053144 -1.1602992  -0.32001668 -3.80334561 -3.22913964
 -0.97109076 -1.45596503 -0.9609074  -1.96524099]
log likelihood =  -3785.565586907161
Edge derivatives =  [4.969378212170973, 9.03196772526158, -0.1326094849211195, 0.025990124829964545, 0.19231778232717062, 2.3376986244011353, 1.253773414367986, 1.435724095306658, 1.5356134903830114, 0.8447974573657056]
other derivatives: [-19.92216312   9.05338311 -14.41107997   3.2306616    1.64423
   1.38975338]
Current x array =  [-0.6434299  -0.84051534 -0.48286944  0.57786242 -2.84247989 -0.84828076
 -1.10037977 -2.52188942 -1.14786443 -0.36536811 -3.8033683  -3.20966764
 -1.0168616  -1.44748816 -1.01190919 -1.96103343]
log likelihood =  -3784.237372781518
Edge derivatives =  [1.2968229619946061, 8.208284593651388, -1.489628177967121, 2.162586692805618, 0.2321245437776616, 2.079099101536517, 3.9186704399482, 0.6651577913151575, 4.296808862523962, 0.4972226412545634]
other derivatives: [ -1.19339347  -2.70802047 -15.2044322    4.82991709   1.39584699
   2.2365839 ]
Current x array =  [-0.65769458 -0.82091648 -0.47984538  0.56087613 -2.8359999  -0.84952253
 -1.01640161 -2.39405493 -1.13949526 -0.40549043 -3.80223051 -3.17725277
 -1.05010668 -1.43351084 -1.04724882 -1.95164839]
log likelihood =  -3783.5218780303358
Edge derivatives =  [-4.375693911408026, 6.830489667508705, -3.326605195934001, 3.090253372920063, 0.13786419494407406, 1.6757720090854629, 4.754191388410911, -1.1649083556178768, 5.559806823003348, -0.20003071684543752]
other derivatives: [-10.30221028 -12.4925009   17.5860805    3.95893949   0.09849828
   2.41552698]
Current x array =  [-0.65027378 -0.81002186 -0.50545578  0.55692309 -2.82411318 -0.84334468
 -0.92134101 -2.22674531 -1.13565982 -0.44200839 -3.80022249 -3.1348294
 -1.07348088 -1.41648667 -1.07158393 -1.93974062]
log likelihood =  -3782.7666193485265
Edge derivatives =  [-5.377649595895458, 6.55411187078771, -3.088853780165437, 3.1526551265218195, 0.12719749023313506, 1.4918784116090984, 4.364730757571367, -1.1508678899046005, 4.655666497541813, -0.5926475895547174]
other derivatives: [10.53026608 -8.17553882 10.85923031  3.11515578 -1.5284968   1.54122972]
Current x array =  [-0.6655698  -0.81730228 -0.49597427  0.57052466 -2.81452939 -0.83301532
 -0.89538403 -2.1533986  -1.1414887  -0.4434525  -3.79896731 -3.11613004
 -1.0657785  -1.41131596 -1.0616672  -1.93483428]
log likelihood =  -3781.8360710541656
Edge derivatives =  [-6.783412716906625, 6.084533741766237, -2.7355999738042027, 2.0868595136954333, 0.0275143069269109, 1.1309941520806546, 2.0994247647541666, -1.414129007651003, 1.5461821791440151, -1.472267956090998]
other derivatives: [21.47398845 -1.84199962  3.74620868  0.35779522 -4.59190233 -0.73987394]
Current x array =  [-0.67442835 -0.83081876 -0.48547586  0.60569329 -2.79962404 -0.81116154
 -0.86904839 -2.03164961 -1.15762756 -0.43287375 -3.7965763  -3.08530536
 -1.03771345 -1.40484227 -1.02884196 -1.92807677]
log likelihood =  -3780.8852238795657
Edge derivatives =  [-8.367576526694176, 5.340833261657938, -2.183838706348273, 1.3271890959266257, -0.08093942128008143, 0.7421083223502064, -0.26922294356194654, -1.6057537105680404, -1.391544566657417, -2.2467664585001588]
other derivatives: [17.25570655  3.00647116 -1.57697286 -2.55699888 -5.97010512 -3.04994501]
Current x array =  [-0.67176567 -0.84406609 -0.47761874  0.6404661  -2.80024922 -0.79258246
 -0.849778   -1.86062617 -1.1825045  -0.42303079 -3.79388726 -3.04355799
 -1.00885501 -1.4005575  -0.99744682 -1.92500589]
log likelihood =  -3779.269362281119
Edge derivatives =  [-9.506910821515294, 3.6144254421106283, -0.8189208049881089, 0.9016890165559469, -0.17447082802633043, 0.3097861529503233, -2.886859349938973, -1.229993542311942, -4.082539373483942, -2.551643819265803]
other derivatives: [ 7.90050763  5.26129043 -5.12432052 -5.72963472 -3.63083927 -5.25751602]
Current x array =  [-0.66497651 -0.85492878 -0.47074308  0.67278631 -2.83265083 -0.78594774
 -0.86821702 -1.54844488 -1.233711   -0.403077   -3.79030942 -2.97090472
 -0.9722367  -1.40324608 -0.963371   -1.93425464]
log likelihood =  -3777.3674834104877
Edge derivatives =  [-8.469355427105135, -0.3270542417006108, 0.8338237831098911, -0.7115541865080899, -0.19904479160063238, 0.04236782173657022, -4.859811044942492, -0.06022015948954608, -5.319868179243661, -1.700118049532008]
other derivatives: [-5.13573468  5.13555278 -4.77321009 -5.8099431   0.19153958 -5.86796887]
Current x array =  [-0.65572405 -0.8614042  -0.46838138  0.67310397 -2.87782869 -0.81660167
 -0.98639153 -1.13956638 -1.30556635 -0.35684292 -3.78708589 -2.87915746
 -0.93926892 -1.41658379 -0.93844926 -1.96548843]
log likelihood =  -3775.834722385421
Edge derivatives =  [-4.334829761533693, 0.003475931774769833, 1.9428809367585376, -2.467403679541249, -0.14056139495819556, 0.5183573512180105, -4.204855304994913, 0.8342770496481486, -4.02789377436706, -0.0761873948996564]
other derivatives: [-9.04433364  2.95481186 -2.81620487 -3.93583832  3.21610969 -3.93033588]
Current x array =  [-0.65252392 -0.85384765 -0.47356236  0.64642354 -2.89223586 -0.87436454
 -1.1724039  -1.08520305 -1.33282515 -0.31785831 -3.78812906 -2.86551941
 -0.94069727 -1.43032166 -0.94179604 -1.995915  ]
log likelihood =  -3775.5397419467386
Edge derivatives =  [-2.62904931546781, -3.775133657762917, 1.8484405824707737, 1.4996826085059787, 0.022182062302683145, 0.5943389566930223, 3.2707951382587757, 0.7700786106677128, 3.990043186834631, 1.852421304020838]
other derivatives: [-9.244377   16.85007192  0.18690116  6.91493369 -1.42558747  1.0849817 ]
Current x array =  [-0.65098583 -0.87472436 -0.48245212  0.55546297 -2.83431693 -0.99021513
 -1.36794626 -0.86655423 -1.32146872 -0.37406363 -3.78982898 -2.79675131
 -1.0316142  -1.41436467 -1.02857493 -2.00901992]
log likelihood =  -3775.036823130614
Edge derivatives =  [0.5172310026012794, 0.37243861830570857, 1.815759210361539, -1.5340657911590925, -0.1580506569816968, 0.8520230818235461, 0.3012037211828621, -0.9484899611776927, 0.044466156686519265, 1.3947748465544298]
other derivatives: [ 14.54964149 -20.81897037   7.55007932   0.39290171  -2.13499334
   0.83368832]
Current x array =  [-0.67047019 -0.80086829 -0.48996204  0.59033121 -2.80332823 -1.01594247
 -1.54882549 -1.04547365 -1.30313656 -0.34023125 -3.79215685 -2.8251632
 -1.00090952 -1.41697177 -0.9851191  -2.00609412]
log likelihood =  -3774.472916017411
Edge derivatives =  [-0.2555859867690706, 0.7593946127704482, 1.952090336448275, -0.43670592694090815, -0.09236357119720345, 0.8447095303103471, 0.4870168154694198, 0.07809279502548706, 0.41660557387785035, 1.266186438770953]
other derivatives: [ 2.21575647  2.09838618  1.34159563  1.29130058 -0.84460225  0.29695002]
Current x array =  [-0.65969788 -0.84212674 -0.4843651   0.59337503 -2.82497016 -0.98729511
 -1.45249246 -1.05462335 -1.3021838  -0.34829575 -3.79173225 -2.83315233
 -0.99907042 -1.41945788 -0.98833615 -2.00102203]
log likelihood =  -3774.44263135139
Edge derivatives =  [-0.6269057049275384, -0.36070938192297763, 1.9044426600373003, -0.5251649090235716, -0.11086079287790795, 0.6838754531538291, 0.06640034882776391, 0.05027942751601876, -0.037530183007758205, 1.036918628938856]
other derivatives: [-0.38116923 -0.92968548 -0.55920282  0.65979293 -0.66324901 -0.07598828]
Current x array =  [-0.6584783  -0.83911399 -0.48148668  0.60022933 -2.83022644 -0.9838218
 -1.44624748 -1.00565955 -1.30504006 -0.34711148 -3.7913004  -2.82080638
 -0.99344035 -1.41905164 -0.98337872 -1.99911708]
log likelihood =  -3774.4050522697034
Edge derivatives =  [-0.39151493199645737, 0.0013437021987271897, 1.729566756336068, -0.20602705174488234, -0.12131616955292011, 0.6567716191129499, 0.13099714058602752, -0.02775669176095928, -0.020941660806513857, 0.8817347869091391]
other derivatives: [-0.61745595 -1.28020474 -0.62773324  0.23887878 -0.41654857  0.00381988]
Current x array =  [-0.65823665 -0.83824737 -0.48159616  0.60331846 -2.83037988 -0.98678597
 -1.45842965 -1.01892172 -1.29354738 -0.35061395 -3.79201931 -2.81946645
 -0.99413951 -1.41845024 -0.98374448 -1.99355628]
log likelihood =  -3776.6432277220847
Edge derivatives =  [0.057753691401775, -1.580058778753998, -0.6851694764681062, 2.354996848934107, -0.26563123747769096, -0.16525877123967592, -1.1094854235662774, -0.5230194437036859, -1.0493016718422927, -0.9938397754098036]
other derivatives: [54.92629498 13.16720954 51.46821422 -7.03184924  3.87217369 -0.34242476]
Current x array =  [-0.69446295 -0.86384129 -0.51633688  0.64233135 -2.85803863 -1.00199684
 -1.54762357 -0.93650057 -1.18395953 -0.36765926 -3.79928188 -2.74873058
 -0.97839257 -1.41508208 -0.97319303 -1.93231446]
log likelihood =  -3774.3881938095087
Edge derivatives =  [-0.3534592268903141, -0.11603891221200986, 1.558613412156433, 0.004769384922673647, -0.1328438466244433, 0.5955775716977825, 0.036193791194943925, -0.0651360715469943, -0.09939033908816439, 0.7395318347149579]
other derivatives: [ 4.00755198 -0.10090844  3.66871973 -0.33601282 -0.06862138 -0.03001333]
Current x array =  [-0.66109032 -0.84026348 -0.4843328   0.60639163 -2.83255865 -0.98798418
 -1.46545574 -1.01242914 -1.2849148  -0.35195666 -3.79259141 -2.81389436
 -0.99289907 -1.41818492 -0.98291331 -1.98873207]
log likelihood =  -3774.3296222594695
Edge derivatives =  [0.13338964217909693, 0.2477571356113612, 0.9059821619118728, 1.0600297349019172, -0.16208544691854232, 0.419625938669817, 0.33221533269818226, -0.2126989655252538, 0.09965999156304445, 0.1971250434661233]
other derivatives: [ 1.17784111 -0.48694346  1.36556082 -1.18357093  0.54701559  0.15920705]
Current x array =  [-0.65909403 -0.84006388 -0.48249515  0.61432077 -2.83502266 -0.99813811
 -1.50089806 -1.01772053 -1.24941069 -0.36364502 -3.79479583 -2.80026173
 -0.99558579 -1.4159656  -0.98555802 -1.97068251]
log likelihood =  -3774.308911880663
Edge derivatives =  [0.21662786370772766, 0.17776027155539462, 0.4620201622086711, 0.6639872318480117, -0.17789679968131988, 0.3233357747363386, 0.1612452339184236, -0.17025188022136142, -0.002057924984879278, -0.026668851492788685]
other derivatives: [ 1.63190634  0.22623681 -0.86624823 -0.59908416  0.05611582  0.08290044]
Current x array =  [-0.65976462 -0.8415001  -0.48064002  0.6113228  -2.8340693  -1.00110098
 -1.51496631 -1.01073021 -1.23330633 -0.35971567 -3.7964359  -2.79121257
 -0.99321323 -1.41657527 -0.9846999  -1.9639435 ]
log likelihood =  -3774.3131735112147
Edge derivatives =  [0.02824110561537055, -0.20879169476511278, -0.323852595536151, -0.12469828269031114, -0.217473110246933, 0.17978986429135785, -0.2539499180583503, -0.31862340066046535, -0.169370628682042, -0.3298443646691427]
other derivatives: [-4.19904609e+00 -1.63709046e-03  3.14121280e+00  4.11546353e-02
 -6.12908480e-01 -3.43788997e-02]
Current x array =  [-0.65572936 -0.84216631 -0.48413158  0.60614009 -2.83289755 -1.0027342
 -1.52367113 -1.00002278 -1.21338776 -0.35396044 -3.79893515 -2.77935112
 -0.99043686 -1.41741173 -0.98431134 -1.95605306]
log likelihood =  -3774.3022808263095
Edge derivatives =  [0.1337678753927808, 0.008974654310760555, 0.11980895949587787, 0.3184237423822726, -0.19528156513128522, 0.26074401237593203, -0.020567164678740313, -0.23521191787901974, -0.07511110613379937, -0.15910815182204424]
other derivatives: [-0.91372385  0.12751116  0.89362402 -0.31923264 -0.23574103  0.03101377]
Current x array =  [-0.65799523 -0.84179222 -0.48217101  0.60905027 -2.83355551 -1.00181712
 -1.51878322 -1.00603518 -1.22457237 -0.3571921  -3.79753178 -2.78601152
 -0.99199583 -1.41694204 -0.98452952 -1.96048368]
log likelihood =  -3774.2998026235073
Edge derivatives =  [0.0915147975814872, -0.08143309055257482, 0.03206079879868069, 0.04823629134884333, -0.19612501628542456, 0.2402246200534727, -0.11785996869998783, -0.17032126767345168, -0.12940289316485198, -0.1824513216594113]
other derivatives: [-0.16189006  0.29713192 -0.04165486 -0.03128662 -0.36534402 -0.03483365]
Current x array =  [-0.65869351 -0.84217913 -0.48130039  0.60727391 -2.83419471 -1.00117925
 -1.51832639 -1.00183231 -1.22241894 -0.35407205 -3.79818186 -2.78355921
 -0.99055744 -1.41779901 -0.98384275 -1.9600807 ]
log likelihood =  -3774.2987395398454
Edge derivatives =  [0.0585761061099149, -0.0955760491701525, -0.0007511454641883353, -0.0005680850309347507, -0.19404283926177515, 0.23657431843746848, -0.10488005298608816, -0.1293576175812564, -0.09019114627013156, -0.17522024274583956]
other derivatives: [-0.013506    0.2440629  -0.1594799   0.04333742 -0.26593625 -0.03742571]
Current x array =  [-0.6588241  -0.84212436 -0.48117573  0.60660525 -2.83542271 -1.00066497
 -1.51630674 -1.00169372 -1.22156242 -0.35334516 -3.79881436 -2.78261156
 -0.99056949 -1.41842698 -0.98417126 -1.96026811]
log likelihood =  -3774.2964549392264
Edge derivatives =  [-0.01013935492230647, -0.08534060023053756, -0.07352161031899308, -0.0742811925057335, -0.18639872674446487, 0.2299139667737438, -0.02637129676041705, -0.00783552330091948, 0.032238834400814154, -0.12663785139372535]
other derivatives: [ 0.12778401 -0.01955414 -0.14797479  0.11114025  0.07125891 -0.01177796]
Current x array =  [-0.65893304 -0.84171293 -0.48115434  0.60567248 -2.83870354 -0.99964443
 -1.51148275 -1.00362093 -1.21948539 -0.35194647 -3.80177214 -2.77892107
 -0.9911885  -1.42052361 -0.98514071 -1.96178221]
log likelihood =  -3774.2945886969756
Edge derivatives =  [-0.037799631942685166, -0.07036001409724997, -0.11136396459414503, -0.12101612050710919, -0.18082712220825076, 0.2158498106551729, 0.019455514710959076, 0.07071914443290371, 0.07303474205598637, -0.07022965889900812]
other derivatives: [ 0.18699211 -0.1328317  -0.10286385  0.10713848  0.18044375  0.01109584]
Current x array =  [-0.6589649  -0.84149026 -0.48120433  0.60557454 -2.83968973 -0.99935621
 -1.50974342 -1.00518063 -1.21854889 -0.35120032 -3.80582277 -2.77361395
 -0.99166423 -1.42207786 -0.98529884 -1.96407356]
log likelihood =  -3774.2892258316933
Edge derivatives =  [-0.0904943106098059, -0.02450500694845975, -0.15406151168206195, -0.12643424546803406, -0.1652944209787886, 0.13297159133452788, 0.09240529214681026, 0.2559752495366567, 0.11280860356127201, 0.10807267866717551]
other derivatives: [-0.00200089  0.32064236 -0.13396857  0.07689778  0.39808583  0.03301466]
Current x array =  [-0.65872146 -0.84222172 -0.48124459  0.60582621 -2.8416081  -0.99800555
 -1.50510974 -1.00889282 -1.21774342 -0.35048624 -3.82320231 -2.75077156
 -0.99244101 -1.42581678 -0.98482936 -1.97261812]
log likelihood =  -3774.3181395273104
Edge derivatives =  [-0.14859340301380441, -0.03613557291475654, -0.5290597029628499, -0.10312697873074206, -0.16859258060866608, -0.18545705845542737, 0.09484767866799282, 0.064190021160551, 0.020607306103013423, 0.24064701628993868]
other derivatives: [ 1.66573955 -5.77770152  0.9609721  -0.33214747  0.18271749  0.1285116 ]
Current x array =  [-0.66034816 -0.83121976 -0.48234941  0.60690751 -2.83703647 -0.99989901
 -1.51300982 -1.01877983 -1.21034678 -0.35245838 -3.86547195 -2.69425834
 -0.99431043 -1.42906037 -0.98339215 -1.98623434]
log likelihood =  -3774.2875146055158
Edge derivatives =  [-0.1012326601917375, -0.02639158480993123, -0.2246954201873625, -0.12143521276138525, -0.1656676573151519, 0.07544713001748272, 0.09355703650707536, 0.22078943111381322, 0.09529003614675069, 0.1350843567493923]
other derivatives: [ 0.32105163 -0.83200575  0.07494236 -0.00100044  0.35752237  0.05188667]
Current x array =  [-0.65903271 -0.84011662 -0.48145598  0.6060331  -2.84073337 -0.99836785
 -1.50662133 -1.01078458 -1.21632815 -0.35086358 -3.83129013 -2.73995839
 -0.9927987  -1.4264374  -0.98455437 -1.97522343]
log likelihood =  -3774.284548857292
Edge derivatives =  [-0.08105569866216138, 0.0006923131918054742, -0.18164593522702757, -0.04741257087880313, -0.16208108816179867, 0.01081360754017269, 0.07408583534136703, 0.21674856128771125, 0.03114275109375972, 0.20941048668774565]
other derivatives: [ 0.09663381 -0.35870471  0.0768523  -0.05557013  0.22728273  0.03883542]
Current x array =  [-0.65879296 -0.84084042 -0.48154979  0.60670139 -2.83925706 -0.99812846
 -1.50719588 -1.01211193 -1.21805959 -0.35173351 -3.84227837 -2.72596159
 -0.99283033 -1.42686768 -0.98357787 -1.97985291]
log likelihood =  -3774.2823988179302
Edge derivatives =  [-0.02439857437525844, 0.02091029304714699, -0.10427906695947037, 0.04969003802009886, -0.16412059190568684, -0.057106871750900214, 0.014523516763664146, 0.0962480916578222, -0.04591286898763233, 0.20659275477646782]
other derivatives: [ 0.0511136   0.05620677  0.13883437 -0.07635208 -0.00959517  0.00295586]
Current x array =  [-0.65870408 -0.84144204 -0.48170443  0.60701586 -2.83676284 -0.99839688
 -1.51046061 -1.01240636 -1.22081503 -0.35300544 -3.85227399 -2.71470054
 -0.99251847 -1.42531927 -0.98283241 -1.98158097]
log likelihood =  -3774.2830255826475
Edge derivatives =  [0.01742194285236133, 0.04640649376112073, 0.00804120320610019, 0.07624141640854654, -0.16377670076361356, -0.09077359492306816, -0.0013055555463207247, -0.005355329242787768, -0.05771120066448687, 0.16383590669413856]
other derivatives: [-1.65987331 -0.24292603 -1.51062522  0.02228262 -0.13847057 -0.03342393]
Current x array =  [-0.65763429 -0.84101654 -0.48060903  0.60681724 -2.83571174 -0.99838023
 -1.51154501 -1.01265628 -1.22473847 -0.35340291 -3.85896237 -2.71019539
 -0.99239866 -1.4236261  -0.9829022  -1.98108242]
log likelihood =  -3774.282074646396
Edge derivatives =  [-0.008989748570044184, 0.03030647845130663, -0.06281215230105644, 0.05948998065809441, -0.1639925445484017, -0.06947328683667046, 0.008698641926786932, 0.0588216983691167, -0.05025408224413824, 0.19084401010005395]
other derivatives: [-0.57889338 -0.05397851 -0.46848072 -0.03997229 -0.05702532 -0.01045919]
Current x array =  [-0.65830969 -0.84128517 -0.4813006   0.60694264 -2.83637534 -0.99839074
 -1.51086039 -1.0124985  -1.22226145 -0.35315197 -3.85473974 -2.71303966
 -0.9924743  -1.42469506 -0.98285814 -1.98139717]
log likelihood =  -3774.2814327029764
Edge derivatives =  [0.014914940529629855, 0.0232234465823309, -0.02233408167998055, 0.07899653393130524, -0.1666354253831508, -0.09110396183987182, -0.032213424111503186, -0.030291091647509857, -0.07320969509058811, 0.14938309298415128]
other derivatives: [-0.32950993  0.05443326 -0.25415829 -0.01964509 -0.15106707 -0.03642526]
Current x array =  [-0.65847215 -0.84142901 -0.48148812  0.60667045 -2.8354614  -0.99855714
 -1.51254587 -1.01186498 -1.2237607  -0.35340883 -3.85774451 -2.71092279
 -0.99215133 -1.4233378  -0.98282292 -1.9803078 ]
log likelihood =  -3774.280624999927
Edge derivatives =  [0.027522570649080064, 0.018870579916068136, 0.03236411836034038, 0.0739569339391356, -0.16635236310420565, -0.10939011454254136, -0.04681290818439221, -0.10515081853732634, -0.05368258021466968, 0.09360915154873037]
other derivatives: [-0.04501999  0.07185008 -0.11164047  0.01605258 -0.14456418 -0.05807124]
Current x array =  [-0.65866782 -0.84143225 -0.48161576  0.60613092 -2.83547861 -0.99859042
 -1.51308367 -1.01148834 -1.22579332 -0.35312185 -3.86218041 -2.70917738
 -0.99200306 -1.42213151 -0.98324998 -1.97840294]
log likelihood =  -3774.2796238872706
Edge derivatives =  [0.016390675966318116, 0.0008504633833147507, 0.09848511039114713, 0.012051909399944272, -0.16235571154838707, -0.1326730462765962, -0.048126291358134954, -0.181769576283559, 0.008657480663199574, 0.0014915316276513171]
other derivatives: [-0.14215402 -0.03119567  0.41345629  0.0646196  -0.03765308 -0.0766704 ]
Current x array =  [-0.65857325 -0.84129096 -0.48208669  0.60516044 -2.83646713 -0.99859784
 -1.51236347 -1.01122277 -1.22879736 -0.35197025 -3.87090694 -2.70662679
 -0.99200758 -1.42104922 -0.98425816 -1.97499331]
log likelihood =  -3774.2800527955737
Edge derivatives =  [0.018108735948191734, 0.03492742192036544, 0.19502741114757988, -0.03838374231786257, -0.14672029166562506, -0.15213032807173943, 0.042996061504231076, -0.13943989310353316, 0.11794406301395835, -0.0761448536487799]
other derivatives: [ 1.45341801  0.03205969 -0.82713996  0.16621016  0.12555574 -0.07244125]
Current x array =  [-0.6597849  -0.84126123 -0.4810382   0.60427688 -2.83808834 -0.99870986
 -1.51031042 -1.01166781 -1.23171983 -0.35029295 -3.88328683 -2.70271757
 -0.99236916 -1.42111721 -0.98544348 -1.97172298]
log likelihood =  -3774.279236804943
Edge derivatives =  [0.01708295373514239, 0.014746630540833985, 0.1379335137923643, -0.008496739471768544, -0.1559382611411752, -0.14056836315159615, -0.010936163695117851, -0.16447635923853324, 0.053268546288833624, -0.030097005987764464]
other derivatives: [ 0.50931703 -0.00527507 -0.09176802  0.10604708  0.02901288 -0.07494236]
Current x array =  [-0.65906736 -0.84127883 -0.48165911  0.60480012 -2.83712826 -0.99864352
 -1.51152624 -1.01140425 -1.22998914 -0.35128625 -3.87595546 -2.70503261
 -0.99215503 -1.42107695 -0.98474153 -1.97365967]
log likelihood =  -3774.2788217198977
Edge derivatives =  [-0.0028726564070666455, 0.011807104333377588, 0.1354656861971239, -0.04970641826386968, -0.15133565310899702, -0.13952592554560725, 0.013419861906568298, -0.13141325610403465, 0.08367658890200641, -0.04364566076534972]
other derivatives: [ 0.29131115 -0.07621566  0.00982254  0.10450094  0.10422809 -0.06211849]
Current x array =  [-0.65890543 -0.84119211 -0.48175881  0.60467929 -2.83786136 -0.99870447
 -1.51035953 -1.01172595 -1.23020429 -0.3506491  -3.87907543 -2.70456537
 -0.99236118 -1.42166115 -0.98507625 -1.97294999]
log likelihood =  -3774.2780160036154
Edge derivatives =  [-0.03691866197312649, 0.009682405523180143, 0.11074018089828588, -0.11472630323849953, -0.14036074884650496, -0.13401893811016918, 0.05678109713215196, -0.04191746154178447, 0.11050341309551459, -0.06848076375886315]
other derivatives: [-0.03883542 -0.15133992  0.05638867  0.07848939  0.1718945  -0.02582965]
Current x array =  [-0.65866418 -0.84110795 -0.48182405  0.6048316  -2.83857901 -0.99921753
 -1.50878011 -1.01230476 -1.22979749 -0.34974496 -3.88584132 -2.70389025
 -0.99268645 -1.42315818 -0.9853605  -1.97163659]
log likelihood =  -3774.276937195061
Edge derivatives =  [-0.06810479325264085, 0.008772737929356289, 0.07287467201900966, -0.16095178571353563, -0.12376178005822305, -0.1325593736921217, 0.0880685366491144, 0.06986017047114428, 0.10176520212914045, -0.10947132297354255]
other derivatives: [-0.30017873 -0.13446879  0.05820766  0.02755769  0.16161721  0.02310117]
Current x array =  [-0.65846576 -0.84115753 -0.48185897  0.60531862 -2.83857273 -1.00029044
 -1.5079155  -1.01283896 -1.22892659 -0.34915867 -3.89770155 -2.70203632
 -0.99282    -1.42499418 -0.98528726 -1.96982683]
log likelihood =  -3774.275364023009
Edge derivatives =  [-0.08664150454600009, 0.006986641955691597, 0.032066612809843756, -0.13618147821192916, -0.0994259162651735, -0.13068138949347216, 0.07846487143101477, 0.17178680193530235, 0.046982216621600265, -0.1639936027811277]
other derivatives: [-0.39276529 -0.10982149  0.05402399 -0.04383764  0.08299139  0.077398  ]
Current x array =  [-0.6583833  -0.84118175 -0.48188545  0.60602893 -2.83779521 -1.00185033
 -1.50825018 -1.01311828 -1.22772594 -0.34949549 -3.91712429 -2.69974979
 -0.99239229 -1.42649322 -0.98475044 -1.96758182]
log likelihood =  -3774.272869615612
Edge derivatives =  [-0.07143812004775948, 0.03133218329335852, -0.0021120951049308223, -0.04641591955637925, -0.05366159850104619, -0.08606449079876705, 0.04674312523497415, 0.23661293959116114, 0.053399568794039204, -0.15878542079127164]
other derivatives: [-0.62850631  0.64101187 -0.03979039  0.04506546  0.07544259  0.12178134]
Current x array =  [-0.65813303 -0.84246666 -0.48186842  0.60560914 -2.8378607  -1.00283916
 -1.50937696 -1.01323661 -1.22559533 -0.3503008  -3.95309193 -2.70110688
 -0.99133167 -1.42586736 -0.98469424 -1.96626628]
log likelihood =  -3774.2709181832706
Edge derivatives =  [-0.07421840102099556, 0.00699791156263313, -0.10132223082154937, 0.09907540944978288, 0.004033789392614064, -0.02277634275466847, -0.050230995670809686, 0.21678435387144435, -0.02285539618464308, -0.10739727974299612]
other derivatives: [-0.26598173 -0.62782419 -0.04029062 -0.03055902  0.01232365  0.17689672]
Current x array =  [-0.65848434 -0.84018847 -0.48184682  0.60607928 -2.83669175 -1.00385009
 -1.51215787 -1.01340407 -1.22179931 -0.35240602 -4.00477839 -2.70404323
 -0.989592   -1.42413162 -0.98370181 -1.96705073]
log likelihood =  -3774.2695976400587
Edge derivatives =  [-0.025003566777961755, 0.023317812174739647, -0.03390363609270694, 0.10091190518553139, -0.0028590560219070972, -0.01825015487990851, -0.059887142896446144, 0.08317640942051306, 0.0055285084124556405, -0.06937847424576178]
other derivatives: [-1.93949745e-01 -9.77706804e-03 -1.24555299e-01  6.09816198e-02
 -1.36424205e-04  1.06183506e-01]
Current x array =  [-0.65849607 -0.841266   -0.48176856  0.60549602 -2.83677    -1.00234654
 -1.51329699 -1.0127034  -1.22333524 -0.3522716  -4.00025338 -2.70589058
 -0.98962349 -1.42131042 -0.98401683 -1.96846219]
log likelihood =  -3774.269412023369
Edge derivatives =  [-0.009988984804687448, 0.020781471764484458, -0.019534785866742066, 0.07665572278569022, -0.0057227540857645795, -0.002550121842241678, -0.047129011578705415, 0.013106872891890997, 0.018932602611383742, -0.009191846368131883]
other derivatives: [0.48548827 0.18567334 0.45165507 0.02910383 0.03747118 0.06634764]
Current x array =  [-0.65891898 -0.84156828 -0.48213951  0.60555977 -2.8370221  -1.0010119
 -1.51358054 -1.01243145 -1.22347196 -0.35190751 -3.99687726 -2.70817138
 -0.98993234 -1.41987367 -0.98407112 -1.97050092]
log likelihood =  -3774.2692274960873
Edge derivatives =  [0.00396541525877038, 0.02388875601191498, -0.004656084210447886, 0.07111084061961392, -0.007061640021442413, -0.0026368581818683075, -0.05057331986244029, -0.027810820867148728, 0.018358484866280667, -0.00263107104260827]
other derivatives: [ 0.09340511  0.08094503 -0.02264642  0.06593837  0.00995897  0.04461072]
Current x array =  [-0.65869117 -0.84142777 -0.48179099  0.60546981 -2.83689411 -1.00060961
 -1.51403754 -1.01222761 -1.22383593 -0.35191863 -3.99647766 -2.70862177
 -0.98992303 -1.41905816 -0.98408112 -1.97092693]
log likelihood =  -3774.2691906517057
Edge derivatives =  [0.0008141813658144592, 0.021968242779287245, -0.0073072585739173135, 0.055842973767869286, -0.00589411721276207, -0.0012337025077827114, -0.04305951172455946, -0.024908741919715177, 0.018957604185280363, -0.00206404939839476]
other derivatives: [ 0.04379217  0.02191882 -0.03378773  0.05620677  0.01482476  0.0435648 ]
Current x array =  [-0.65866163 -0.84133599 -0.48178223  0.60554835 -2.83695245 -1.00052209
 -1.51391281 -1.0122585  -1.22380384 -0.35174365 -3.99748682 -2.70866116
 -0.99001203 -1.41910426 -0.98408794 -1.97094415]
log likelihood =  -3774.269121887922
Edge derivatives =  [-0.004876459345437151, 0.016658379396970818, -0.011796479973580715, 9.568343811716673e-06, -0.0024142744337525904, 0.004910536438517455, -0.013467515303940969, -0.02085392670858932, 0.015676453979294597, 0.0057071528487503895]
other derivatives: [-0.02874003 -0.04843059 -0.01114131  0.01587068  0.0208729   0.03096829]
Current x array =  [-0.65861314 -0.84124322 -0.48178816  0.60590618 -2.8370691  -1.00000053
 -1.5136277  -1.0122596  -1.22374751 -0.35109291 -4.00037681 -2.70899664
 -0.99039053 -1.41910319 -0.98405103 -1.97122712]
log likelihood =  -3774.2691029599737
Edge derivatives =  [-0.00518389186123773, 0.014223624526903234, -0.0103224016228321, -0.012946023754995761, -0.0008704755653422668, 0.005403692517280706, -0.0012199871861721112, -0.009451380951155677, 0.004272394618363984, 0.0013826527621853477]
other derivatives: [ 0.01145963 -0.02119123 -0.04083631 -0.00118234  0.0088221   0.02355591]
Current x array =  [-0.65863996 -0.84128785 -0.48176032  0.60608648 -2.83697128 -0.99977716
 -1.51359972 -1.01216503 -1.22380228 -0.35094443 -4.001646   -2.70886848
 -0.99054367 -1.41928897 -0.98395396 -1.97111904]
log likelihood =  -3774.269118708555
Edge derivatives =  [-0.003791921930069539, 0.00312489740917353, -0.006514078848545352, -0.02053581709243324, -0.00045967047064021313, 0.004720632476515687, 0.0006974357254073693, -0.011595321690211421, -0.020817769700290145, -0.004628154894022393]
other derivatives: [-0.17503226  0.04215508  0.16511876 -0.02651177 -0.01678018  0.00318323]
Current x array =  [-0.65848475 -0.84141222 -0.48193985  0.606282   -2.83671432 -0.99927531
 -1.51381933 -1.01184897 -1.2240435  -0.3509506  -4.00268011 -2.70876127
 -0.99070066 -1.41936967 -0.9837777  -1.97106851]
log likelihood =  -3774.269096464275
Edge derivatives =  [-0.004695591380977082, 0.01033097808896151, -0.008986131348436982, -0.015607357196431693, -0.0007262005237434156, 0.005164438510239455, -0.000546726534028763, -0.010202948835781392, -0.00452812859227103, -0.0007255178139523519]
other derivatives: [-0.05388756  0.00109139  0.03146852 -0.01000444 -0.0001819   0.0163709 ]
Current x array =  [-0.65858552 -0.84133148 -0.4818233   0.60615507 -2.83688114 -0.99960111
 -1.51367676 -1.01205416 -1.2238869  -0.35094659 -4.00200877 -2.70883087
 -0.99059874 -1.41931728 -0.98389213 -1.97110132]
      fun: 3774.269096464275
 hess_inv: <16x16 LbfgsInvHessProduct with dtype=float64>
      jac: array([ 0.05388756, -0.00109139, -0.03146852,  0.01000444,  0.0001819 ,
       -0.0163709 ,  0.00469559, -0.01033098,  0.00898613,  0.01560736,
        0.0007262 , -0.00516444,  0.00054673,  0.01020295,  0.00452813,
        0.00072552])
  message: b'CONVERGENCE: REL_REDUCTION_OF_F_<=_FACTR*EPSMCH'
     nfev: 55
      nit: 47
   status: 0
  success: True
        x: array([-0.65858552, -0.84133148, -0.4818233 ,  0.60615507, -2.83688114,
       -0.99960111, -1.51367676, -1.01205416, -1.2238869 , -0.35094659,
       -4.00200877, -2.70883087, -0.99059874, -1.41931728, -0.98389213,
       -1.97110132])
