number of sites to be analyzed:  227
log likelihood =  -5840.745000340754
Edge derivatives =  [71.36520079908522, 39.047597637825966, 72.00167560761349, 149.75993832416754, 26.564637012895165, 29.997451573023753, 105.83487235078596, 75.86509424066531, 104.99516148746098, 64.08464649543512]
other derivatives: [ -18.15733413   20.29973984  -60.41082088   19.75868145 -292.69904189
  111.94370018]
Current x array =  [-0.6625726  -0.73958    -0.52954635  0.74193734 -0.10536052 -0.51082562
 -4.60517019 -4.60517019 -4.60517019 -4.60517019 -4.60517019 -4.60517019
 -4.60517019 -4.60517019 -4.60517019 -4.60517019]
log likelihood =  -5484.687465328947
Edge derivatives =  [66.48452046016561, 38.92106008693938, 70.30542693456493, 153.91121368330275, 23.90592930622549, 29.788023686739223, 107.61515388638232, 72.83580570336663, 105.16672970298086, 62.21584315514078]
other derivatives: [ 100.02822819   35.52904673   -7.26395228   -7.97681423 -192.46999727
   95.65883374]
Current x array =  [-0.70824915 -0.7378453  -0.68151566  0.79164223 -0.84167349 -0.49193141
 -4.42564407 -4.50694215 -4.42404295 -4.22843446 -4.53834425 -4.52970867
 -4.33893225 -4.41432415 -4.34104462 -4.44395901]
log likelihood =  -5600.668637921508
Edge derivatives =  [61.60036189460775, 25.938054660075142, 50.656100924956526, 104.95041491321453, 12.456460194633818, 27.311974193877845, 86.37625172115384, 50.58793698708905, 88.90050437022842, 44.7936288536847]
other derivatives: [-12570.57010662     65.00304153    133.70390661   -220.44405341
    140.09965525     68.0125595 ]
Current x array =  [-0.05       -0.44164045 -0.99897962  0.7447589  -4.66948848 -0.26297278
 -3.20763959 -3.80347346 -3.14818205 -1.46290786 -4.09721747 -3.99091815
 -2.40133509 -3.08808568 -2.44203515 -3.31361431]
log likelihood =  -4799.79247431735
Edge derivatives =  [57.28468490463768, 33.37826681584927, 60.33506328813457, 150.79614947588618, 16.362073525676838, 27.759475547697363, 102.6687262633409, 60.49830425460592, 101.76360274069471, 50.46961789458939]
other derivatives: [-960.26005849   88.83744158   16.10060281 -107.96284187   60.50067896
   67.18601071]
Current x array =  [-0.35205712 -0.57756282 -0.85330188  0.76627271 -2.9129822  -0.36803723
 -3.76655702 -4.1262809  -3.73364861 -2.73195165 -4.29964156 -4.23815814
 -3.29045893 -3.69666948 -3.31345189 -3.83230645]
log likelihood =  -4445.313765399753
Edge derivatives =  [37.29479292248917, 23.26208080097435, 41.16367351349696, 38.82933318953204, 5.308994079493245, 18.77207243822642, 53.43520220681683, 33.695036097051315, 59.418454394134685, 34.11880492122496]
other derivatives: [ 310.25383578 -466.26910262  116.7292794   -74.90471035  145.29778127
   21.03843144]
Current x array =  [-0.79930759 -0.32040428 -1.05324158  0.64413011 -5.29916167 -0.19915065
 -2.94367791 -3.65148835 -2.87231542 -0.84852322 -4.00544222 -3.87244412
 -1.97333979 -2.80303773 -2.0210735  -3.07187978]
log likelihood =  -4328.51215278772
Edge derivatives =  [42.60524554790085, 25.327864638248787, 45.06153536014739, 55.125995072495996, 6.578122831441779, 19.48874009353732, 58.518013450730045, 39.32324235449023, 63.87248841921741, 35.446766022435135]
other derivatives: [213.83311832 -59.16735972  84.69232853 -56.87688827 142.45506463
  19.53712854]
Current x array =  [-0.72868166 -0.57070398 -0.9590374   0.58116801 -5.09471707 -0.17683826
 -2.94348886 -3.64934346 -2.86958808 -0.8658508  -4.01077635 -3.87008141
 -1.97148201 -2.80602995 -2.01578123 -3.0712329 ]
log likelihood =  -4213.607345505094
Edge derivatives =  [42.68151839920131, 23.988432343286455, 44.345537627088625, 31.302758011846457, 5.503750238426759, 17.30616568301403, 44.331003367378145, 36.240849927784694, 50.40863208821958, 31.158835469440564]
other derivatives: [-79.37278497  22.0070433   62.67910067 -23.81166269 140.50692698
   0.52723408]
Current x array =  [-0.55700268 -0.71382468 -0.79042749  0.4280784  -5.12033641 -0.09459028
 -2.76075756 -3.53902358 -2.67265348 -0.48539042 -3.95892118 -3.78471605
 -1.67743005 -2.61444347 -1.72003807 -2.90348973]
log likelihood =  -4141.131584045247
Edge derivatives =  [44.02326442962878, 22.949371350354493, 44.59729269393521, 19.130592753993987, 4.777093634671187, 15.111253370929028, 32.028660196531206, 35.14014055940495, 36.95006687289503, 26.621525349476684]
other derivatives: [-348.40413718   69.63073247  -82.64123608   13.65779099  132.36021914
  -19.54822437]
Current x array =  [-0.46320677 -0.8559519  -0.53501865  0.27590315 -4.83117184 -0.02027428
 -2.5868048  -3.4343531  -2.48453787 -0.21010017 -3.92133335 -3.70579318
 -1.42988809 -2.44444774 -1.46253367 -2.75390855]
log likelihood =  -4065.581077361249
Edge derivatives =  [42.82413252159302, 21.437093878138317, 43.574247931684056, 8.884611345235747, 3.73028057152805, 12.803395721818434, 18.059082319741787, 32.344512912366035, 20.35664638304704, 22.07310365314507]
other derivatives: [-224.60412765  103.81677384 -190.72926989   42.00660442  118.82007129
  -38.76716619]
Current x array =  [-0.51586947 -0.9672277  -0.42775214  0.17969367 -4.48490249  0.02180418
 -2.40674145 -3.32946664 -2.2927441   0.01788481 -3.88730818 -3.62914395
 -1.2064325  -2.27664068 -1.22599131 -2.61001721]
log likelihood =  -3927.0208820686867
Edge derivatives =  [33.25735408824686, 16.08505150278564, 32.245136113315596, -46.233612136779, 1.115320972929016, 7.998448127534309, -20.594163154863434, 18.860505346029367, -23.900025934249875, 12.021941686783775]
other derivatives: [-25.91450539 158.33702491 -55.16767487  66.80347724  -3.707828
 -71.97118066]
Current x array =  [-0.63261915 -1.15451261 -0.50404363  0.04255982 -3.04310544  0.02529211
 -2.02127441 -3.1104967  -1.8824444   0.28333152 -3.84524385 -3.47754651
 -0.84608614 -1.95267058 -0.82722982 -2.34107178]
log likelihood =  -3871.557159977755
Edge derivatives =  [34.807239100994636, 17.37908659943568, 31.21829322131137, -20.29893055625656, 2.133861343071859, 9.121430876788677, 0.8886988951194239, 23.84283287454903, -0.11889224362607084, 15.62833005336976]
other derivatives: [ 29.39068509 113.62681107 -85.16717571  49.81338861  -8.06485332
 -33.84516276]
Current x array =  [-0.66691099 -0.99448497 -0.48122859  0.22502525 -2.74307455 -0.18718646
 -2.04232283 -3.13225062 -1.91447992 -0.14034705 -3.88388776 -3.50513148
 -1.09190321 -2.02772128 -1.07379508 -2.4119786 ]
log likelihood =  -3833.649214504413
Edge derivatives =  [18.191086677135456, 12.644316580148203, 15.547927008741006, 6.501776279183327, 0.7148270977484161, 5.584244195773871, -0.5252272170129401, 9.30774757599889, 1.8040824089163445, 9.985194417155842]
other derivatives: [130.11986084 -26.86724656 149.22215996 -33.11665751  46.56631063
  -2.05914148]
Current x array =  [-0.72794886 -0.74136921 -0.69263797  0.67727311 -3.11137405 -0.64426754
 -1.61217197 -2.91331081 -1.51786215 -0.35974139 -3.84086034 -3.37620438
 -1.03722801 -1.72572684 -1.02525087 -2.18486889]
log likelihood =  -3802.8414143507816
Edge derivatives =  [14.320754957211452, 11.258197011099645, 7.792102970305668, -0.12400978289054188, 0.49627974217948523, 4.350928310499123, -4.158490163930603, 6.089530534217415, -4.202869935775218, 6.119119458699775]
other derivatives: [ 60.19777175 -22.264976    57.6005732  -11.81283551 -24.5555384
  -1.04519131]
Current x array =  [-0.69519595 -0.74922177 -0.56943683  0.66697515 -2.50819352 -0.72116878
 -1.47674578 -2.83690267 -1.38457164 -0.43371786 -3.84281891 -3.3337146
 -1.02557031 -1.64246462 -1.00196735 -2.1185095 ]
log likelihood =  -3792.8991499852546
Edge derivatives =  [12.483414403364742, 10.692365222607851, 5.999163432849661, -9.050487301476048, 0.17644427562119885, 3.3162460193032985, -7.608322902162942, 4.182567363507298, -8.601683058136619, 2.9797977515856875]
other derivatives: [  9.01763997 -11.79041647 -10.89752004  -2.92129698 -11.63407433
  -5.07466211]
Current x array =  [-0.66524929 -0.78764608 -0.49211144  0.62698144 -2.71171383 -0.73601375
 -1.36533617 -2.76317736 -1.28838763 -0.2823534  -3.81897838 -3.29201898
 -0.94429414 -1.55374997 -0.92421314 -2.04167422]
log likelihood =  -3789.3511643940246
Edge derivatives =  [8.088431679223714, 9.636635256545667, 1.7042063215774448, -7.864984458025425, -0.09010249253534078, 2.306702272162192, -7.898123050236142, 0.4715989494716438, -8.929634080329137, 0.17009011856925185]
other derivatives: [ -6.24195309 -22.01259122 -11.1659574   -6.27610461  -2.29865691
  -2.557681  ]
Current x array =  [-0.65640546 -0.78870676 -0.48187672  0.65513826 -2.82055689 -0.81924123
 -1.2258649  -2.67510225 -1.17338233 -0.26764973 -3.8029622  -3.24735413
 -0.91743001 -1.46194559 -0.90082132 -1.96814579]
log likelihood =  -3785.9842488311447
Edge derivatives =  [2.905723872713019, 8.520297697628548, -2.62662396324344, -5.071474346666438, -0.14168005860854113, 1.5818067191232121, -4.181788903995625, -1.9151542637784078, -4.584273600761823, -1.677856086765172]
other derivatives: [11.01147973  0.12628334 -5.09985512 -0.37566679  2.43358045  0.57070793]
Current x array =  [-0.66775574 -0.83320608 -0.47951354  0.60799285 -2.89000107 -0.89095564
 -1.0540575  -2.52967901 -1.06850241 -0.28763309 -3.79011744 -3.19206172
 -0.94088336 -1.3836369  -0.9346035  -1.90556791]
log likelihood =  -3784.61434389793
Edge derivatives =  [-0.7586023173400257, 7.781794839336965, -4.599528108808385, -0.6440868214134445, -0.04690144988753717, 1.4423005092486385, 0.26454375401082597, -2.5075972983307855, 0.6171119579002999, -1.6604445683295004]
other derivatives: [-2.6392172  -3.39423423  1.70880412  1.46460479  2.01966941  3.3003289 ]
Current x array =  [-0.65732582 -0.82992446 -0.48582813  0.59084281 -2.87347825 -0.9205672
 -0.96821041 -2.42121056 -1.04722165 -0.36305984 -3.7903104  -3.16286512
 -0.99702372 -1.37108949 -0.99619053 -1.89728233]
log likelihood =  -3783.806194837558
Edge derivatives =  [-1.8512116822145563, 7.595891785642626, -3.900910655864826, 2.174052896610972, 0.0862389698042038, 1.5414858786748329, 2.8009495526683796, -1.2993211546021894, 3.202031612163746, -1.038574657746476]
other derivatives: [ 0.91658876  3.65484993 -2.54385668  2.49820005  0.80963218  3.68918336]
Current x array =  [-0.65878649 -0.8399416  -0.48370595  0.58537987 -2.8502224  -0.90638359
 -0.94150055 -2.32713426 -1.07506318 -0.4078867  -3.79272995 -3.14374824
 -1.02983546 -1.38836486 -1.02960334 -1.91004237]
log likelihood =  -3782.1788978316727
Edge derivatives =  [-5.619419682844349, 6.557787879243708, -2.4851396512118624, 5.111866119905779, 0.1932987335997933, 1.4981069412358, 4.938948219852623, 0.16277832834933353, 5.447538884451229, -0.36010208570279634]
other derivatives: [ 0.69321686  3.62083483  2.55517989  3.70600901 -1.20335244  2.39124347]
Current x array =  [-0.65761958 -0.83881667 -0.48943207  0.57340582 -2.81770404 -0.85092938
 -0.89048356 -2.06947137 -1.15024431 -0.46457875 -3.7939339  -3.08850832
 -1.06738446 -1.42371872 -1.06753252 -1.93605983]
log likelihood =  -3779.534906088757
Edge derivatives =  [-9.301689388840654, 3.3952866159048543, 0.6563067511357069, 7.687837590238979, 0.22560411445354153, 1.0274576963011315, 5.5354551572676325, 2.000026716695846, 5.793099998091375, 0.17271047793742092]
other derivatives: [ 7.37140908 10.46437319 -3.47699824  0.14588295 -2.33253559 -1.58784133]
Current x array =  [-0.66159665 -0.85547956 -0.48019249  0.61215516 -2.80075504 -0.77718289
 -0.886309   -1.52630331 -1.27536639 -0.49780251 -3.7893184  -2.96669696
 -1.08107785 -1.45944573 -1.08136417 -1.97627446]
log likelihood =  -3780.886774087842
Edge derivatives =  [-7.4623218685446355, -3.6667082528452393, 2.9091021127060417, 2.3111503657184493, 0.08353233914634854, 0.9944482517663366, 2.550841374926364, 3.847719886566134, 3.958690568953499, 2.0064683872599414]
other derivatives: [-7.62157015e+01  1.62285232e+01  3.65550932e+01  3.89286470e+00
 -5.34328137e-02 -7.31070031e+00]
Current x array =  [-0.60361027 -0.87440935 -0.52356008  0.56790878 -2.83143979 -0.70825621
 -1.08313104 -1.01974578 -1.4448293  -0.41972933 -3.78779249 -2.86379306
 -1.06804984 -1.52612402 -1.06905434 -2.05657707]
log likelihood =  -3778.61160946125
Edge derivatives =  [-8.621089036000157, 1.408354796449909, 1.6215490219887407, 5.750083245808148, 0.16719123048468346, 1.0405262390250958, 4.3851368118628145, 2.73646645024214, 5.119942219947154, 0.9459346940916288]
other derivatives: [-23.23322406  13.18885552  12.79049684   1.40953489  -1.10007932
  -3.80905476]
Current x array =  [-0.63874167 -0.86294062 -0.49728557  0.59471571 -2.81284925 -0.75001585
 -0.96388524 -1.32664668 -1.34215918 -0.46703044 -3.78871697 -2.926138
 -1.07594294 -1.48572658 -1.07651232 -2.00792525]
log likelihood =  -3776.761159934979
Edge derivatives =  [-6.446572320725523, -0.24709599445187447, 2.2955348467285477, 1.6177101959466427, 0.03491074810304351, 0.756877847507361, 1.152907767954213, 2.444245064149546, 1.474431321784171, 0.7352084549614273]
other derivatives: [-9.92608875  7.0731403   1.71489773 -1.1623797  -0.88471097 -6.15882527]
Current x array =  [-0.65004687 -0.8543433  -0.48324275  0.62095977 -2.82806419 -0.75607314
 -1.06888725 -1.15201866 -1.37213288 -0.3989634  -3.78358255 -2.88462082
 -1.02958588 -1.47953063 -1.02810824 -2.01954619]
log likelihood =  -3775.729623286962
Edge derivatives =  [-2.8809029907714048, 1.864391559242257, 2.1360150993138394, -3.89585797011131, -0.13591708909038763, 0.8419864828963673, -2.4955272085564535, 0.9418228700055883, -2.451661303502448, 0.5170236219963186]
other derivatives: [-3.94056769 -1.09639586 -2.12367013 -2.75636012  1.13564056 -5.28643795]
Current x array =  [-0.65605853 -0.83979516 -0.47882503  0.63094686 -2.8589936  -0.82554889
 -1.21154653 -1.2030185  -1.34082786 -0.31263621 -3.78013393 -2.89033749
 -0.97336943 -1.44838509 -0.96888335 -2.01250827]
log likelihood =  -3775.409423257167
Edge derivatives =  [-2.9535613598994024, -2.5473654969992237, 2.0380211117519034, -3.0653257521731985, -0.13135317115455694, 0.509927556512885, -0.9738398807796811, 0.30944359754423756, -0.8115473054483945, 0.9552847158644567]
other derivatives: [  7.87258614 -17.68066795  -2.97645784   1.46501407   3.28518581
  -2.98009581]
Current x array =  [-0.66695896 -0.81473977 -0.47607504  0.58723577 -2.88156491 -0.89746767
 -1.30844501 -0.95544561 -1.34546312 -0.31285703 -3.77758767 -2.82542638
 -0.98280069 -1.43054451 -0.97770172 -2.01713453]
log likelihood =  -3774.741865617988
Edge derivatives =  [-1.892493249571386, -0.2961224324809569, 1.8681748801647586, -2.156834398179785, -0.13287769830545357, 0.6433523520624403, -0.9178993313064979, 0.07221064329786742, -0.9543502280198485, 0.901299870127613]
other derivatives: [ 4.82027644 -2.88973752 -2.53016879  0.65383574  2.28851604 -1.66046448]
Current x array =  [-0.66289905 -0.83786933 -0.47750755  0.5988319  -2.86872985 -0.93390575
 -1.34149331 -1.03104824 -1.31520229 -0.32229762 -3.77901854 -2.83774476
 -0.98005389 -1.41789677 -0.97258359 -2.00614162]
log likelihood =  -3774.473429931362
Edge derivatives =  [-0.9500418046262189, 0.5036280047156604, 1.5040113471972676, -0.7539022624210834, -0.13808690242287922, 0.6742290265173652, -0.3167581234935929, -0.4228272526132591, -0.43304396954887936, 0.9489164991456029]
other derivatives: [ 0.80904101  2.26841621 -0.86370164  0.6306891   1.27697604  0.17262209]
Current x array =  [-0.65914829 -0.84593833 -0.47999587  0.60050361 -2.85353216 -0.98995921
 -1.40846162 -1.04356908 -1.28535991 -0.33907587 -3.78099612 -2.832956
 -0.98459952 -1.40418786 -0.97470125 -1.99689563]
log likelihood =  -3774.3860561513466
Edge derivatives =  [-0.6148726866808842, 0.2115716963718231, 1.0227031600746, -0.09767751538822667, -0.1633507454649407, 0.5545211194295744, -0.15894843458426333, -0.7760416001926422, -0.31641395644670145, 0.7210055804829932]
other derivatives: [-1.17706804  1.4080797   0.23283064 -0.06184564  0.10641088  0.91085894]
Current x array =  [-0.65774122 -0.84486416 -0.48081077  0.60760734 -2.84037632 -1.02042403
 -1.45518819 -1.01967464 -1.26365581 -0.34920353 -3.78230401 -2.81941464
 -0.98632725 -1.39825793 -0.9755747  -1.98697138]
log likelihood =  -3774.3508186933964
Edge derivatives =  [-0.16996728416985035, -0.08611122737108533, 0.5885670077269204, 0.19840866126706758, -0.16751044880835608, 0.47290508061971404, 0.047317637763674814, -0.45206700226393653, -0.029151005610269398, 0.512299736876359]
other derivatives: [ 3.93324626  2.16373337  3.80387064  0.33114702 -0.16734703  1.00840225]
Current x array =  [-0.66109282 -0.84517072 -0.48388789  0.60250094 -2.83556793 -1.02911262
 -1.50175966 -0.9992237  -1.2441289  -0.35286248 -3.78526028 -2.80430058
 -0.98940072 -1.40627111 -0.9798519  -1.97623212]
log likelihood =  -3774.3315689450146
Edge derivatives =  [0.12942591931635478, -0.18197780510165362, 0.14526281706321215, 0.29922016215624586, -0.17272558819229186, 0.3624945113022812, 0.2138595776703942, -0.11198787892951384, 0.13336096610492518, 0.1570404492115829]
other derivatives: [-1.41135388 -0.40631676 -3.8966391   0.87911758 -0.79780875  0.89412424]
Current x array =  [-0.65818099 -0.840874   -0.47858427  0.60126993 -2.8305806  -1.02987361
 -1.53090646 -0.98980387 -1.2260175  -0.35641895 -3.78794489 -2.79271249
 -0.99168735 -1.41422843 -0.98345619 -1.9652325 ]
log likelihood =  -3774.313311701388
Edge derivatives =  [0.04393742439627625, -0.149034299674543, 0.24733050089851635, 0.03804547448491158, -0.17488889809129343, 0.38256567179201506, 0.010505035623591952, -0.018553414240139496, -0.03186721536185366, 0.1602997103951769]
other derivatives: [-0.06907612 -0.12464625 -0.75765456  0.47389221 -0.53273652  0.55620148]
Current x array =  [-0.6588495  -0.8411925  -0.48091199  0.60311763 -2.83261536 -1.01763557
 -1.51960198 -0.99651643 -1.23116397 -0.35328971 -3.78798581 -2.79539792
 -0.99037424 -1.41778961 -0.98256545 -1.96687386]
log likelihood =  -3774.305991934455
Edge derivatives =  [0.023130810090492435, -0.059781290480209845, 0.19286700347159355, -0.054460473381739316, -0.17654553052621816, 0.3696752609124945, -0.07364076708701839, 0.1757690618215128, -0.07549474824616323, 0.04271120269635021]
other derivatives: [ 0.45688466 -0.32659955  0.38298822  0.17016646 -0.37853169  0.18462742]
Current x array =  [-0.65911639 -0.84058006 -0.48189561  0.60488142 -2.83325886 -1.00430579
 -1.51331916 -1.00496317 -1.22975615 -0.35288877 -3.78913564 -2.79518133
 -0.99065917 -1.42375332 -0.98375867 -1.96460969]
log likelihood =  -3774.303366766058
Edge derivatives =  [0.06703734474603698, -0.13254636645721835, 0.1429634510245557, -0.06634768803446023, -0.18132982381597249, 0.3290794583073966, -0.08257884022583184, 0.24514891606951933, -0.061575528248608846, -0.04455092325744163]
other derivatives: [-0.51627467 -0.10172698  0.54906195  0.04233698 -0.15556907 -0.02100933]
Current x array =  [-0.65837926 -0.84119873 -0.4820088   0.6059413  -2.83537051 -0.99900308
 -1.51598126 -1.00148907 -1.22719194 -0.35252229 -3.79064549 -2.7906429
 -0.99094025 -1.42578044 -0.98451981 -1.96279705]
log likelihood =  -3774.3024645230635
Edge derivatives =  [0.13003655892359428, -0.015859412871414555, 0.1349997034208304, 0.08419444890144634, -0.18077265072279808, 0.2954842649529245, -0.0053358432983720006, 0.27962148443839874, -0.006696370792239781, -0.11372627896919345]
other derivatives: [ 0.78139237  0.5671609  -0.81927283 -0.22005224  0.02601155 -0.16225385]
Current x array =  [-0.65928294 -0.84231046 -0.48072278  0.60869903 -2.83658509 -0.99446912
 -1.51509534 -1.00466996 -1.22426968 -0.35366394 -3.79261045 -2.78721826
 -0.9916335  -1.4260169  -0.98540939 -1.96144026]
log likelihood =  -3774.3011141848265
Edge derivatives =  [0.12182262090382116, -0.06875989771187577, 0.0988178564790881, 0.08481255380301178, -0.18435758952969084, 0.2860272632973193, -0.005759484117831448, 0.2065625495560466, 0.002284266306190691, -0.1110072670074777]
other derivatives: [-0.10140866  0.26220732 -0.38880899 -0.19135769  0.00500222 -0.0946784 ]
Current x array =  [-0.65866576 -0.8419338  -0.48109866  0.60833732 -2.83648976 -0.99701831
 -1.51722322 -1.00244039 -1.22354542 -0.35382689 -3.79279344 -2.78615335
 -0.99168616 -1.42479521 -0.98534739 -1.96148524]
log likelihood =  -3774.3001402323243
Edge derivatives =  [0.11121277275934703, -0.08677799989845689, 0.06563390487206462, 0.11327992336639925, -0.18796138818104605, 0.27058804969575306, 0.013415974240261419, 0.109425903767528, 0.026535812632724226, -0.10789304420642876]
other derivatives: [-0.49330993  0.04929461 -0.12287273 -0.20027073  0.0298769  -0.04038156]
Current x array =  [-0.65839171 -0.84168905 -0.48128678  0.60830641 -2.83672813 -0.99887931
 -1.51794137 -1.00167655 -1.22258513 -0.35417258 -3.79358021 -2.7844204
 -0.99191224 -1.42299998 -0.98542482 -1.96175481]
log likelihood =  -3774.298507369991
Edge derivatives =  [0.08810432052094722, -0.0833752733640772, 0.0017382078485683738, 0.1463522470563755, -0.1942546382451432, 0.23545865875294333, 0.05162346372422899, -0.05940076803553526, 0.0739523101930637, -0.10811197501607867]
other derivatives: [-6.64294930e-01 -2.25281838e-01  1.78988557e-01 -1.99543138e-01
  1.14596332e-01 -6.36646291e-04]
Current x array =  [-0.65828152 -0.8413669  -0.48146351  0.6081018  -2.83759352 -1.00016892
 -1.51743322 -1.00221274 -1.22058196 -0.35451227 -3.79590417 -2.78028714
 -0.99242028 -1.41997003 -0.98572359 -1.96241239]
log likelihood =  -3774.2962005217364
Edge derivatives =  [0.043010903234866574, -0.05970950729508301, -0.09505205193839403, 0.09670177096337429, -0.20154233681102704, 0.18243693190469432, 0.07234207900852618, -0.24852776464802434, 0.10492415931522847, -0.10017029504962784]
other derivatives: [-0.64969754 -0.15984369  0.45333763 -0.06052687  0.13465069 -0.00386535]
Current x array =  [-0.65830475 -0.84160032 -0.48164406  0.60687705 -2.83844033 -1.00012119
 -1.51502812 -1.00423946 -1.21798029 -0.35403371 -3.8004603  -2.77310433
 -0.99287987 -1.41666941 -0.98588375 -1.96393516]
log likelihood =  -3774.294431238821
Edge derivatives =  [-0.042358228764884806, -0.08107178253682942, -0.24822862039721894, -0.04677744227090397, -0.2079708049360779, 0.07846229352513373, 0.043049005548597474, -0.3612053757485736, 0.06641414190698458, -0.12427794737366964]
other derivatives: [ 0.39353836 -1.37515599  0.227692   -0.04838512  0.25138434 -0.14379111]
Current x array =  [-0.65922495 -0.83957809 -0.48130649  0.60643039 -2.84019222 -0.99590577
 -1.51045853 -1.00664315 -1.21424439 -0.35250795 -3.81057672 -2.75796234
 -0.99294475 -1.41600167 -0.98553467 -1.96635249]
log likelihood =  -3774.2917839734364
Edge derivatives =  [-0.0864583770506855, -0.016565138643865635, -0.23066728629776423, -0.11947129047864602, -0.20565412319135773, 0.06390119940405076, 0.019982434409745564, -0.3889512570757401, 0.02703469490471405, -0.06398295525387708]
other derivatives: [-0.10390977 -0.37080099 -0.05347829  0.08867573  0.15943442 -0.13442332]
Current x array =  [-0.65881509 -0.84136572 -0.48112294  0.6058329  -2.84020698 -0.99584323
 -1.50552351 -1.00961868 -1.2153642  -0.35162681 -3.81450816 -2.75373344
 -0.99260197 -1.41491691 -0.98473376 -1.96909416]
log likelihood =  -3774.289912270403
Edge derivatives =  [-0.10619830722064462, -0.02084318176658527, -0.2136234371334817, -0.1495877928014533, -0.19860472003688812, 0.055994621202542796, -0.010436075797340072, -0.26567331512792425, -0.02145114825203659, -0.02463880976840846]
other derivatives: [ 0.38926373  0.28730938  0.13060344  0.13183126  0.07985363 -0.12805685]
Current x array =  [-0.65909042 -0.84238826 -0.48127912  0.60560192 -2.83968935 -0.9957766
 -1.50408962 -1.0096175  -1.21636014 -0.35118921 -3.81838478 -2.74935366
 -0.99215882 -1.41706366 -0.98403592 -1.9706698 ]
log likelihood =  -3774.2876690087774
Edge derivatives =  [-0.1464563140554711, -0.019275856310924336, -0.19578672268862551, -0.18425808641222052, -0.18494595691463334, 0.029322536973083152, -0.05380123938267922, -0.033958236123422275, -0.1058762046971001, 0.0355442301783331]
other derivatives: [ 0.16157173  0.6265509  -0.74610398  0.19604158 -0.08853931 -0.09763426]
Current x array =  [-0.65895087 -0.84285546 -0.48069561  0.60566139 -2.83848274 -0.99610005
 -1.50144426 -1.01038152 -1.21792108 -0.35088974 -3.82705808 -2.73962834
 -0.99144528 -1.42137342 -0.98280946 -1.97369125]
log likelihood =  -3774.2859685800786
Edge derivatives =  [-0.17682903869562847, -0.07060548323220368, -0.20353771527130082, -0.14307900954735253, -0.1750102109121887, -0.011541334575134121, -0.0924458214537166, 0.1546129739282729, -0.15412117015281335, 0.07005993984612119]
other derivatives: [ 0.69958332  0.626369    0.25966074  0.04074536 -0.09372343 -0.06484697]
Current x array =  [-0.65921925 -0.84270958 -0.48150321  0.60649727 -2.83784371 -0.99657059
 -1.50142394 -1.009632   -1.21861166 -0.35128576 -3.83634178 -2.72859396
 -0.99106452 -1.42569409 -0.98214093 -1.97577631]
log likelihood =  -3774.2846525139744
Edge derivatives =  [-0.178512322277537, -0.09489055709611853, -0.20610877771338212, -0.07279520046966992, -0.17096125896945724, -0.04259410026718492, -0.07516830647994277, 0.19444594994474723, -0.13445227509859933, 0.08291907110004615]
other derivatives: [ 0.07662493  0.21104825  0.05497895 -0.01355147 -0.06780283 -0.00641194]
Current x array =  [-0.65880073 -0.84202892 -0.48140419  0.60691965 -2.83771537 -0.99824135
 -1.50263402 -1.0087803  -1.21879643 -0.35204443 -3.84187793 -2.72202472
 -0.99119137 -1.42675395 -0.98216165 -1.97675467]
log likelihood =  -3774.2837889915836
Edge derivatives =  [-0.15940623697671802, -0.11019295139158211, -0.19242701526137723, 0.03134024613001274, -0.16921547249089258, -0.06554115265950544, -0.03112288220571846, 0.160011880702697, -0.07257936647311078, 0.08985241006318764]
other derivatives: [-0.28198883 -0.16157173  0.06575647 -0.06293703 -0.00227374  0.07103154]
Current x array =  [-0.65854796 -0.84141509 -0.481452    0.60712623 -2.83776505 -1.00065106
 -1.50503754 -1.00770116 -1.21912332 -0.35304458 -3.84586687 -2.71769227
 -0.99159866 -1.42623666 -0.98262912 -1.97705567]
log likelihood =  -3774.283072675938
Edge derivatives =  [-0.13145847122954002, -0.09899764234831003, -0.14981217685421308, 0.10895614255226982, -0.16682579939037945, -0.0789650624766709, 0.008758139525257946, 0.11888648173132703, -0.016216446227498404, 0.09925461074673259]
other derivatives: [-0.13587851 -0.24492692 -0.02505658 -0.07280505  0.03497007  0.12760211]
Current x array =  [-0.65864096 -0.84122277 -0.48140608  0.60706482 -2.83766596 -1.00246506
 -1.50689065 -1.00745327 -1.22025093 -0.35364123 -3.84946174 -2.71475201
 -0.99191968 -1.42538082 -0.98306868 -1.97725887]
log likelihood =  -3774.2826655348017
Edge derivatives =  [-0.07535025077778747, -0.0692796064485163, -0.03564539688844161, 0.07858099319521772, -0.1678429417748071, -0.13345050656527407, 0.01263758349728683, -0.12721829330393747, 0.07490000443318615, 0.09232567213628717]
other derivatives: [-1.65982783 -0.48330548  0.88962224  0.03319656  0.04993126  0.14824764]
Current x array =  [-0.65749515 -0.84081358 -0.48243878  0.60544531 -2.83734336 -1.00415179
 -1.51074113 -1.0090688  -1.22513461 -0.35301028 -3.86300019 -2.70535173
 -0.99245746 -1.42180373 -0.98414457 -1.97772197]
log likelihood =  -3774.280850988818
Edge derivatives =  [-0.034011065310303706, -0.0402786124867804, 0.027813914008437746, 0.11799032708572643, -0.161576122939594, -0.12311867499417324, 0.0372606018559114, -0.05011358741631097, 0.0828416407091252, 0.09147051139700864]
other derivatives: [-0.25538611 -0.28253453  0.14847501  0.02492015  0.0340151   0.14333636]
Current x array =  [-0.65851058 -0.84094425 -0.48179414  0.60566558 -2.83691608 -1.00403229
 -1.51192808 -1.00900773 -1.22638929 -0.35307041 -3.86415786 -2.7056491
 -0.9924043  -1.42279497 -0.98419921 -1.97726688]
log likelihood =  -3774.280223735205
Edge derivatives =  [-0.011773629648922243, -0.01666906686605439, 0.07171662352137922, 0.05618284848134958, -0.15914297979668693, -0.11934062816096103, 0.016423421953257744, -0.02681957556268362, 0.058161298818694585, 0.07888230229224016]
other derivatives: [ 0.20449988 -0.07316885 -0.0295131   0.06316441 -0.0131422   0.0860382 ]
Current x array =  [-0.65883747 -0.84118583 -0.48168293  0.60538141 -2.83658125 -1.00255724
 -1.5121295  -1.00985267 -1.22782633 -0.35225595 -3.86610838 -2.70568509
 -0.99220436 -1.42328742 -0.98411107 -1.97687419]
log likelihood =  -3774.2797821424074
Edge derivatives =  [0.01847486896559611, 0.004116441355114506, 0.11905744364981002, -0.023174684669548862, -0.15674816054446727, -0.12217375967200465, -0.010488864362772521, -0.02019873129998291, 0.030717095779196485, 0.05402163103809884]
other derivatives: [ 0.29058356  0.06675691 -0.05766196  0.09631549 -0.05402399  0.01218723]
Current x array =  [-0.65889299 -0.84133203 -0.48173555  0.60505571 -2.83627997 -1.00079708
 -1.51301082 -1.0107459  -1.22952175 -0.35125731 -3.86989667 -2.70479102
 -0.9920499  -1.42369813 -0.98408613 -1.97622443]
log likelihood =  -3774.279047214202
Edge derivatives =  [0.05677489067144549, 0.027364549549538986, 0.14800470559005846, -0.034576315288037396, -0.15057135730526688, -0.12489203391943055, -0.0010882723442201536, -0.001459743813004677, 0.006394213062950849, 0.019243778666670555]
other derivatives: [ 0.14174475  0.21332198 -0.12578312  0.02678462 -0.01732587 -0.03742571]
Current x array =  [-0.65875984 -0.84156826 -0.48171686  0.6056316  -2.83645954 -0.99969221
 -1.51455247 -1.01127245 -1.23000495 -0.35088513 -3.87592296 -2.70383922
 -0.99217091 -1.42406938 -0.98399412 -1.97513893]
log likelihood =  -3774.2774238495363
Edge derivatives =  [0.12845159745957974, 0.07243113496323171, 0.1785664509926907, -0.1219955288327288, -0.13181351859924667, -0.1333383076645074, 0.010935848628412903, -0.03489049185543515, -0.06969154614911882, -0.08475912127664384]
other derivatives: [ 0.00568434 -0.1976332  -0.03196874 -0.12396413  0.05134098 -0.16002559]
Current x array =  [-0.65867023 -0.84079981 -0.48187721  0.60653615 -2.8367352  -0.99701059
 -1.51830266 -1.01334718 -1.23051938 -0.34953068 -3.89673725 -2.70176056
 -0.99247379 -1.42386201 -0.98369837 -1.97199757]
log likelihood =  -3774.276025310126
Edge derivatives =  [0.18321537775798238, 0.10672505645015044, 0.1264651179344176, -0.023817130818701404, -0.09662306026001623, -0.12401938906633271, 0.068557046985676, 0.134546595723562, -0.09763452471215098, -0.145362793649992]
other derivatives: [-0.9004907   0.56543286 -0.34769982 -0.23942448  0.06557457 -0.15616024]
Current x array =  [-0.65792425 -0.84214644 -0.48173538  0.60797274 -2.83660548 -0.99709407
 -1.52203931 -1.01347328 -1.22729417 -0.35041931 -3.92358172 -2.69916437
 -0.99276766 -1.42604252 -0.98354637 -1.96929443]
log likelihood =  -3774.2744374050717
Edge derivatives =  [0.16078232937219755, 0.08838986166786089, 0.06740321390338586, -0.004062211335045585, -0.08589670300377371, -0.11552434469051993, 0.0689448053824433, 0.12118053481432631, -0.08933936049208921, -0.14989107143829045]
other derivatives: [-0.36516212  0.23337634  0.35779522 -0.26930138  0.07844392 -0.1200533 ]
Current x array =  [-0.65828295 -0.84152657 -0.4822584   0.60782369 -2.83649568 -0.99779335
 -1.52231741 -1.01362442 -1.22557894 -0.35077719 -3.93284465 -2.69960509
 -0.99274599 -1.42575825 -0.98365665 -1.96874445]
log likelihood =  -3774.2723756911655
Edge derivatives =  [0.10567256236131034, 0.06655586312467442, -0.06395087798038519, 0.044592016798678524, -0.06101841219332071, -0.09387510201852559, 0.08163466823816845, 0.09932160539182963, -0.03332241657041521, -0.1328046111603846]
other derivatives: [-9.38143785e-02 -4.57293936e-01  3.22506821e-01 -1.33604772e-01
  4.54747351e-04 -1.36424205e-03]
Current x array =  [-0.65856276 -0.8403047  -0.48224085  0.60663726 -2.83586368 -1.00040574
 -1.5220064  -1.01390772 -1.22171041 -0.35182636 -3.95292309 -2.70071403
 -0.99256516 -1.42463639 -0.98411476 -1.9683598 ]
log likelihood =  -3774.27150702202
Edge derivatives =  [0.08548083874501786, 0.07177056444750327, -0.1183399068667081, 0.055597953236456, -0.043023397605769, -0.08540266559767472, 0.06908675258060126, 0.04797968718961371, 0.02936511216110199, -0.10714074034822327]
other derivatives: [ 0.14179022 -0.18849278  0.67047949  0.02028173 -0.04156391  0.05279617]
Current x array =  [-0.65869517 -0.84073774 -0.48254296  0.60530832 -2.83572957 -1.00165022
 -1.52180677 -1.01438607 -1.22008017 -0.3520212  -3.97053147 -2.69986541
 -0.99220936 -1.42295609 -0.98466679 -1.96855241]
log likelihood =  -3774.270754364895
Edge derivatives =  [0.05511331561746202, 0.07854288728652982, -0.16321110254349655, -0.010024684481461654, -0.02505251361436148, -0.055383676748457164, 0.015946013314825813, 0.0422312802828155, 0.05292736887336297, -0.07724220624405986]
other derivatives: [-0.03133209 -0.22973836 -0.39462975  0.22755557 -0.12505552  0.04838512]
Current x array =  [-0.65869473 -0.84071118 -0.48170272  0.60417516 -2.83579824 -1.00116907
 -1.51966691 -1.01474837 -1.21864328 -0.35149136 -3.98455378 -2.70287124
 -0.99119782 -1.42178211 -0.98482824 -1.96900638]
log likelihood =  -3774.270385701771
Edge derivatives =  [0.06102096759815469, 0.08484271997678632, -0.14002157870772305, -0.029969291260325326, -0.023451068835967856, -0.05100771948122118, -0.0036845141686902005, 0.0328057377196411, 0.04759935891357922, -0.07109739024487702]
other derivatives: [ 0.06998562  0.0253749  -0.24351721  0.20781954 -0.09526957  0.01914486]
Current x array =  [-0.65872981 -0.84116225 -0.48179503  0.60432697 -2.83613946 -1.00039042
 -1.51924934 -1.01482632 -1.2192446  -0.35109812 -3.98631269 -2.70326703
 -0.99094584 -1.42145161 -0.98476871 -1.96920915]
log likelihood =  -3774.2698643797567
Edge derivatives =  [0.050033121183778645, 0.08097505546529497, -0.10418211050140262, -0.07430140338339519, -0.020618542822263032, -0.03273619330694336, -0.05398583368175691, -0.0005570043632507349, 0.028579606047096556, -0.045830739063355865]
other derivatives: [-0.03110472  0.22441782  0.01291482  0.14129    -0.02505658 -0.02946763]
Current x array =  [-0.65861971 -0.84160211 -0.48191898  0.60487112 -2.8369673  -0.99893461
 -1.51727641 -1.01473793 -1.22034045 -0.35040413 -3.98837064 -2.70580249
 -0.99030462 -1.42049373 -0.98450225 -1.97005531]
log likelihood =  -3774.2695922043404
Edge derivatives =  [0.04179091867004313, 0.07548274587438092, -0.07061008065919569, -0.04823936343071766, -0.013344459020982299, -0.01121510996921958, -0.05359569651807816, 0.0019235344113815583, 0.0109443918521262, -0.021902594044067858]
other derivatives: [ 0.38676262  0.25784175 -0.02660272  0.01268745  0.06311893 -0.04420144]
Current x array =  [-0.65889623 -0.84170695 -0.48175657  0.60596595 -2.83763863 -0.99820755
 -1.51565567 -1.01425537 -1.22095999 -0.35042927 -3.99217181 -2.70830268
 -0.99006705 -1.41995719 -0.98415914 -1.97068714]
log likelihood =  -3774.269419966076
Edge derivatives =  [0.0008263186300738051, 0.04232442019607363, -0.07285256570968411, -0.03588774304582254, -0.008173492531449734, 0.009025570446555185, -0.06831605275126129, -0.031418691540502225, 0.007926473117544075, 0.01595096817760723]
other derivatives: [-0.22005224  0.02605702  0.1972694  -0.04056346  0.09572432 -0.02332854]
Current x array =  [-0.65846469 -0.84145099 -0.48189471  0.60640616 -2.8379666  -0.99835705
 -1.51340036 -1.01352728 -1.2212482  -0.35072803 -3.99532834 -2.71085211
 -0.98984845 -1.41901829 -0.98398432 -1.97182881]
log likelihood =  -3774.269330616974
Edge derivatives =  [0.00851194564281993, 0.045796882886444304, -0.07164937404509161, -0.018436353298358354, -0.008284541612543848, 0.004414584828219513, -0.044873736526572006, -0.018961028528806004, 0.008641715192137744, 0.007346706451929592]
other derivatives: [-0.02492015 -0.00563887  0.05666152 -0.03515197  0.07839844 -0.01418812]
Current x array =  [-0.65861319 -0.84135125 -0.48179302  0.60637384 -2.83770814 -0.99864771
 -1.5140032  -1.01351027 -1.22120419 -0.35092084 -3.99510512 -2.71011595
 -0.9901123  -1.41929391 -0.9840084  -1.9715466 ]
log likelihood =  -3774.2692701699034
Edge derivatives =  [0.010081125443953579, 0.0428492090007927, -0.06588475210518373, 0.0032615610354095326, -0.007497868769782957, 0.002170220007567246, -0.01876841908257043, -0.013206954535875129, 0.009178554321955606, 0.005741569916737001]
other derivatives: [ 0.06662049 -0.03160494 -0.03647074 -0.03101377  0.05684342 -0.00022737]
Current x array =  [-0.65868269 -0.84127918 -0.48173011  0.60635832 -2.83740949 -0.99901292
 -1.51426707 -1.01329926 -1.22140065 -0.35119254 -3.99554688 -2.70957202
 -0.99041326 -1.41938995 -0.98401043 -1.97148508]
log likelihood =  -3774.269199613694
Edge derivatives =  [0.00776486066403885, 0.033598422575290054, -0.04923995971515549, 0.021893216423305883, -0.006229350294300626, 0.0013217894712960546, 0.009094685981253403, -0.013907408041789582, 0.006232271288741237, 0.009129158155523731]
other derivatives: [ 0.10290933 -0.02387424 -0.08762981 -0.02223715  0.02360139  0.0120508 ]
Current x array =  [-0.65870668 -0.84127184 -0.48170526  0.60630865 -2.83701774 -0.99931584
 -1.51424208 -1.01287406 -1.22207014 -0.35144942 -3.99642632 -2.70909729
 -0.99075903 -1.41934233 -0.98397589 -1.97160714]
log likelihood =  -3774.269122611301
Edge derivatives =  [0.0026686675088206935, 0.01630833567632428, -0.021131431315732765, 0.014473267574293902, -0.004043796346100135, 0.0018716745928197588, 0.02031312317576317, -0.018081796970358305, -0.003861130563369952, 0.01116876537912393]
other derivatives: [ 0.10059011 -0.01177796 -0.04056346 -0.00109139 -0.0169166   0.0079126 ]
Current x array =  [-0.65870034 -0.84127287 -0.48176759  0.60611308 -2.83662736 -0.99921586
 -1.51400503 -1.01228048 -1.22331128 -0.35141183 -3.99864995 -2.70869931
 -0.99095063 -1.41928264 -0.98391604 -1.97170554]
log likelihood =  -3774.269164641284
Edge derivatives =  [0.020398560859131054, 0.016540983464882142, 0.02366564001435971, 0.03272578697744577, -0.0008762313907466823, -0.0008207005119699809, 0.0368537718257983, 0.005879656693202132, -0.0016940153952830772, -4.217689741146252e-05]
other derivatives: [-0.20199877  0.17216735 -0.20386324 -0.0214186   0.00927685 -0.00300133]
Current x array =  [-0.65846253 -0.84160309 -0.48167641  0.60634819 -2.83675125 -0.99904643
 -1.51450077 -1.01178359 -1.22459803 -0.35141721 -4.00176351 -2.70760735
 -0.991089   -1.41962607 -0.98397331 -1.97131101]
log likelihood =  -3774.2691086517816
Edge derivatives =  [0.008573104275705054, 0.01638651146716258, -0.006204900021976642, 0.020552882493281688, -0.0029868540005744968, 0.0009775785680523133, 0.025822919230327868, -0.010099326415229967, -0.0031386782354692055, 0.007437372729155366]
other derivatives: [-0.0001819   0.04952199 -0.0948603  -0.0079126  -0.00818545  0.0043201 ]
Current x array =  [-0.65862114 -0.84138284 -0.48173722  0.60619138 -2.83666862 -0.99915944
 -1.51417013 -1.012115   -1.22373982 -0.35141363 -3.99968689 -2.70833565
 -0.99099671 -1.41939702 -0.98393512 -1.97157414]
log likelihood =  -3774.2690904959
Edge derivatives =  [0.0033759584763509987, 0.006677980382983478, 0.0023550728348566558, 0.008133613673720452, -0.0009647260368840374, 0.0032566652686832655, 0.01676284697363284, -0.011986366804101187, -0.004812454945245043, 0.008632134980044774]
other derivatives: [-0.00973159  0.02874003 -0.00977707  0.00236469 -0.01409717 -0.00127329]
Current x array =  [-0.65861199 -0.84134589 -0.48181096  0.60606144 -2.83663875 -0.99899635
 -1.51392912 -1.01187438 -1.22419838 -0.35128111 -4.00177541 -2.70838838
 -0.99090069 -1.41935707 -0.9839442  -1.97157774]
log likelihood =  -3774.269085563982
Edge derivatives =  [0.003824390488102819, 0.004878804379727875, 0.0038148114042602793, 0.004024153254706286, -0.0004578618305686611, 0.0029386879020159087, 0.010228687458842645, -0.008433338306240767, -0.003198384497304113, 0.005749884845959438]
other derivatives: [-1.23236532e-02  1.05501385e-02  2.41016096e-02 -9.09494702e-05
 -6.27551344e-03 -4.09272616e-03]
Current x array =  [-0.65860917 -0.84131414 -0.4818394   0.60604956 -2.83670446 -0.99894179
 -1.51399142 -1.01183347 -1.22426928 -0.35121095 -4.00243545 -2.70827622
 -0.99081814 -1.4194484  -0.98397607 -1.97146378]
      fun: 3774.269085563982
 hess_inv: <16x16 LbfgsInvHessProduct with dtype=float64>
      jac: array([ 1.23236532e-02, -1.05501385e-02, -2.41016096e-02,  9.09494702e-05,
        6.27551344e-03,  4.09272616e-03, -3.82439049e-03, -4.87880438e-03,
       -3.81481140e-03, -4.02415325e-03,  4.57861831e-04, -2.93868790e-03,
       -1.02286875e-02,  8.43333831e-03,  3.19838450e-03, -5.74988485e-03])
  message: b'CONVERGENCE: REL_REDUCTION_OF_F_<=_FACTR*EPSMCH'
     nfev: 69
      nit: 65
   status: 0
  success: True
        x: array([-0.65860917, -0.84131414, -0.4818394 ,  0.60604956, -2.83670446,
       -0.99894179, -1.51399142, -1.01183347, -1.22426928, -0.35121095,
       -4.00243545, -2.70827622, -0.99081814, -1.4194484 , -0.98397607,
       -1.97146378])
