number of sites to be analyzed:  204
log likelihood =  1694.5074164139808
Lr derivatives =  [54.24179540340975, -51.32654464716292, -1.7763568394002505e-15]
other derivatives =  [  5.8922069    5.20719823 -16.86646556   9.02680313  97.11284292
  14.23848062]
Current x_clock array =  [-0.66670256 -0.77467625 -0.49131714  0.74193734 -0.10536052 -0.51082562
 -0.51082562 -0.51082562 -0.51082562]
log likelihood =  1624.8896047244416
Lr derivatives =  [-50.8194262551688, -77.5312211348097, -1.4210854715202004e-14]
other derivatives =  [-41.43450951  -3.03480192 -31.22995622  13.57234396  56.53264452
   8.18504304]
Current x_clock array =  [-0.71894717 -0.82084708 -0.48740409  0.6618991  -0.96643404 -0.63707441
 -0.99177307 -0.50629627 -0.51082562]
log likelihood =  1590.6978239427658
Lr derivatives =  [-64.76327046804715, -51.28949053389832, -7.105427357601002e-15]
other derivatives =  [267.35210668   4.12233021 179.41238184   7.65692221   7.13903319
   6.94856226]
Current x_clock array =  [-0.46959738 -0.83867563 -0.28783372  0.49741544 -2.10132844 -0.80273506
 -1.04126066 -0.03070728 -0.51082562]
log likelihood =  1551.270171182482
Lr derivatives =  [-56.12153741793231, -46.246477713321035, 2.842170943040401e-14]
other derivatives =  [11.78766524 -0.42464308 10.01433247  8.67639756  5.95773599  7.04799277]
Current x_clock array =  [-0.65567443 -0.84074155 -0.41168119  0.48730545 -2.12470961 -0.8105361
 -0.976091    0.         -0.51082562]
log likelihood =  1546.45708256669
Lr derivatives =  [-34.22012277678225, -39.01390894404788, -1.4210854715202004e-14]
other derivatives =  [ 2.72596026  4.11682777 -4.20016022  7.53482254 15.79794571  7.78636604]
Current x_clock array =  [-0.66834297 -0.8324734  -0.42604084  0.49135252 -1.99302805 -0.79658941
 -0.83837108  0.         -0.51082562]
log likelihood =  1535.6897940396357
Lr derivatives =  [-12.711701938438027, -30.1113375503634, 7.105427357601002e-15]
other derivatives =  [-23.22087767   0.76684046   2.74380909   2.72382294  10.91734703
   7.50537765]
Current x_clock array =  [-0.7062164  -0.8644464  -0.40165971  0.40916829 -2.30487292 -0.87640178
 -0.58195424  0.         -0.51082562]
log likelihood =  1539.602767748483
Lr derivatives =  [3.7719689821131377, -23.410348783432255, 2.6645352591003757e-15]
other derivatives =  [ 57.25823939   3.06031325 -98.91373338   0.98084456  -4.598337
   4.92625531]
Current x_clock array =  [-0.61770119 -0.8931373  -0.53153569  0.28991864 -2.90012923 -1.04967482
 -0.29649012  0.         -0.51082562]
log likelihood =  1533.0391976245296
Lr derivatives =  [-5.686553651514698, -27.374400277108002, 3.552713678800501e-15]
other derivatives =  [  3.89782144   1.47547325 -41.10804639   2.09547579   4.3770342
   6.64833806]
Current x_clock array =  [-0.67259963 -0.87534278 -0.45098469  0.36387903 -2.53094248 -0.94220832
 -0.47353918  0.         -0.51082562]
log likelihood =  1530.1191581264093
Lr derivatives =  [-4.757433429195258, -25.17279692269743, -1.7763568394002505e-15]
other derivatives =  [-7.03234946 -0.28765044 -7.99395821 -0.9485575  -1.08241238  5.95671281]
Current x_clock array =  [-0.69121555 -0.89506848 -0.39931444  0.30603716 -2.79512522 -1.01968839
 -0.33832653  0.         -0.51082562]
log likelihood =  1529.667119148606
Lr derivatives =  [-1.0662818974135995, -23.105485226363843, -7.993605777301127e-15]
other derivatives =  [-2.55383839  0.07819381  1.71976353 -2.06973709 -0.88286924  5.53184236]
Current x_clock array =  [-0.68863198 -0.90194423 -0.3853592   0.28975308 -2.87539442 -1.06737489
 -0.25904963  0.         -0.51082562]
log likelihood =  1529.4453542066324
Lr derivatives =  [1.123296083190878, -21.89631144278526, 7.993605777301127e-15]
other derivatives =  [ 1.8604851   0.04699814  1.56687747 -2.36232154 -0.70658643  5.10092377]
Current x_clock array =  [-0.68462947 -0.90711161 -0.38316224  0.28853904 -2.92129869 -1.11730787
 -0.21134125  0.         -0.51082562]
log likelihood =  1529.0806285526037
Lr derivatives =  [3.1332227267586434, -20.6313612741415, -1.7763568394002505e-15]
other derivatives =  [ 4.89021659  0.32914613  1.38497853 -2.25049916 -0.54906195  4.34326921]
Current x_clock array =  [-0.68228232 -0.91216932 -0.38012774  0.30526217 -2.97092938 -1.21947414
 -0.15894483  0.         -0.51082562]
log likelihood =  1528.3452461342904
Lr derivatives =  [4.785705358580612, -19.339257494553223, 8.881784197001252e-15]
other derivatives =  [ 5.38839231 -0.96788426  0.21727828 -1.24459802 -0.31159288  3.03630259]
Current x_clock array =  [-0.68234805 -0.92338936 -0.37667459  0.36679019 -3.01267782 -1.45332562
 -0.10797508  0.         -0.51082562]
log likelihood =  1529.2425423916707
Lr derivatives =  [6.458710732909459, -18.640258660859445, 2.6645352591003757e-15]
other derivatives =  [ 3.38841346 39.02023309  0.29481271  1.36556082 -1.8171022   1.3799081 ]
Current x_clock array =  [-0.6872705  -0.81299591 -0.37482296  0.46023933 -3.00160635 -1.9128874
 -0.12675449  0.         -0.51082562]
log likelihood =  1528.0520842637063
Lr derivatives =  [5.2542001617631415, -19.140324956404694, -7.105427357601002e-15]
other derivatives =  [ 4.64726782 11.20156412  0.15691057 -0.38969574 -0.83032319  2.35759217]
Current x_clock array =  [-0.6839885  -0.88659967 -0.37605752  0.39793302 -3.00898814 -1.60647904
 -0.1142335   0.         -0.51082562]
log likelihood =  1527.2323087346358
Lr derivatives =  [4.268222958720988, -19.221744487124486, 5.329070518200751e-15]
other derivatives =  [ 1.68072347  4.51573214 -0.9921223   1.52294888 -0.87343324  1.56737769]
Current x_clock array =  [-0.68587236 -0.90830918 -0.37491927  0.48808487 -2.98367618 -1.91673325
 -0.12931913  0.         -0.51082562]
log likelihood =  1527.0020473177483
Lr derivatives =  [2.2482620912655156, -20.558184646434594, 0.0]
other derivatives =  [21.92391548  1.06649622  7.7701543   4.37580638  1.46619641  1.14800969]
Current x_clock array =  [-0.66028026 -0.91342496 -0.37105635  0.58943592 -2.81364561 -2.28510454
 -0.23719227  0.         -0.51082562]
log likelihood =  1526.6001861759976
Lr derivatives =  [-0.11364262489600474, -21.17002848407818, 5.329070518200751e-15]
other derivatives =  [-5.95550773 -1.11031113 -3.15628768  5.25292307 -0.17028015  0.95217274]
Current x_clock array =  [-0.69094062 -0.91782243 -0.37924945  0.59674504 -2.83080646 -2.43699382
 -0.24703311  0.         -0.51082562]
log likelihood =  1526.5057181608865
Lr derivatives =  [0.22441744302828415, -21.003876753561684, -5.329070518200751e-15]
other derivatives =  [-3.53938958  0.36809524 -1.05244453  4.4884473  -0.44371973  0.98361852]
Current x_clock array =  [-0.68865421 -0.91353208 -0.37763642  0.57142058 -2.84543259 -2.395811
 -0.24106324  0.         -0.51082562]
log likelihood =  1526.2307275843125
Lr derivatives =  [-0.17629283804720597, -21.11960255964307, 1.7763568394002505e-15]
other derivatives =  [ 2.14711235  2.54001407  1.96112069  2.83660029 -1.00255875  0.94075858]
Current x_clock array =  [-0.68255029 -0.90477636 -0.37733748  0.50287914 -2.84475366 -2.42844608
 -0.25871427  0.         -0.51082562]
log likelihood =  1525.8953130647296
Lr derivatives =  [-1.185378970936295, -21.337101895903903, 9.769962616701378e-15]
other derivatives =  [ 4.4703711   2.88496267  5.53336577  0.64032974 -1.1722932   0.73446245]
Current x_clock array =  [-0.68016008 -0.89932002 -0.3778069   0.4099758  -2.81716801 -2.65490374
 -0.29610646  0.         -0.51082562]
log likelihood =  1525.9961987834918
Lr derivatives =  [0.5003369934207269, -20.885723560296206, 7.993605777301127e-15]
other derivatives =  [ 12.37974629   2.70497367 -19.88362328  -0.75929165  -0.14611032
   0.48785296]
Current x_clock array =  [-0.66971023 -0.8948423  -0.40899089  0.329887   -2.75482181 -3.00576903
 -0.33364241  0.         -0.51082562]
log likelihood =  1525.8062779925915
Lr derivatives =  [-0.4935007013473216, -21.141884440130376, -1.7763568394002505e-15]
other derivatives =  [ 7.58752776  2.82018391 -5.25158157  0.09160885 -0.77839104  0.62157142]
Current x_clock array =  [-0.67597904 -0.89752846 -0.39028377  0.37793186 -2.79222298 -2.79528674
 -0.31112479  0.         -0.51082562]
log likelihood =  1525.590807627142
Lr derivatives =  [-1.076944808984929, -21.091169446577023, -5.329070518200751e-15]
other derivatives =  [ 2.1973392   1.03786988 -0.54424163 -0.8433517  -0.30345291  0.43082764]
Current x_clock array =  [-0.68223954 -0.90067521 -0.38688157  0.34372586 -2.76695388 -3.14495568
 -0.3288945   0.         -0.51082562]
log likelihood =  1525.4319378798773
Lr derivatives =  [-0.4245655413638918, -20.576864507323478, 2.6645352591003757e-15]
other derivatives =  [-2.40070221 -0.46802597  0.91959009 -0.77188815  0.3178684   0.266391  ]
Current x_clock array =  [-0.68764958 -0.90576122 -0.38471176  0.35131104 -2.75520426 -3.58479313
 -0.32611714  0.         -0.51082562]
log likelihood =  1525.3222365014844
Lr derivatives =  [0.015887209885628195, -20.253904259037085, -5.329070518200751e-15]
other derivatives =  [-3.33261596 -0.88734851  0.7086328  -0.27657734  0.68828285  0.15174919]
Current x_clock array =  [-0.688619   -0.90770117 -0.38424276  0.37246204 -2.74573811 -4.11384886
 -0.325121    0.         -0.51082562]
log likelihood =  1525.4376010535675
Lr derivatives =  [-2.377085028722135, -20.549062884932898, -5.329070518200751e-15]
other derivatives =  [-5.54282451  2.47655407 -3.95884854  0.35520316 -3.98651991  0.05279617]
Current x_clock array =  [-0.6914521  -0.9019342  -0.38511021  0.38463684 -2.87482974 -5.00600106
 -0.29464746  0.         -0.51082562]
log likelihood =  1525.2871257449183
Lr derivatives =  [-0.7301572645011101, -20.3238788083399, 8.881784197001252e-16]
other derivatives =  [-4.03520062  0.19731488 -0.80810878 -0.07312337 -0.82989118  0.10832082]
Current x_clock array =  [-0.68952351 -0.90585996 -0.38451971  0.37634906 -2.78695291 -4.39868434
 -0.31539178  0.         -0.51082562]
log likelihood =  1525.221062915714
Lr derivatives =  [-0.65062230495636, -20.312608552676114, 6.217248937900877e-15]
other derivatives =  [-0.11505108  0.14176749  0.14256329  0.23187567 -0.27403075  0.05761649]
Current x_clock array =  [-0.68473049 -0.9056908  -0.38411945  0.38979741 -2.76488069 -5.03467932
 -0.32443295  0.         -0.51082562]
log likelihood =  1525.1970420195223
Lr derivatives =  [-0.29108326204482626, -20.145750625034395, 8.881784197001252e-16]
other derivatives =  [ 0.94426014  0.24472229  0.0635282   0.20731932 -0.04486083  0.03349214]
Current x_clock array =  [-0.68355083 -0.90552455 -0.38425252  0.39022428 -2.76032634 -5.56653101
 -0.32387659  0.         -0.51082562]
log likelihood =  1525.1818910929508
Lr derivatives =  [0.3895359879366769, -19.844155395341517, -8.881784197001252e-16]
other derivatives =  [-1.67708549  0.04240519 -1.47438186  0.0531827   0.32225671  0.01577973]
Current x_clock array =  [-0.68667278 -0.90609099 -0.3856251   0.38463965 -2.75569236 -6.30122172
 -0.32032098  0.         -0.51082562]
log likelihood =  1525.172016673678
Lr derivatives =  [0.2737569539731224, -19.82725607442676, 5.329070518200751e-15]
other derivatives =  [-0.09238192 -0.13285444  0.07521521 -0.09613359  0.09165433  0.00925411]
Current x_clock array =  [-0.68497573 -0.90716742 -0.38401426  0.3810657  -2.76423912 -6.82852584
 -0.31777704  0.         -0.51082562]
log likelihood =  1525.1685623080725
Lr derivatives =  [0.2187721445623998, -19.833158253938752, -4.440892098500626e-15]
other derivatives =  [ 0.23624125 -0.16837021  0.26329872 -0.10943495  0.02298748  0.00570708]
Current x_clock array =  [-0.68460443 -0.90737067 -0.38381334  0.38073799 -2.76602644 -7.31000064
 -0.31758105  0.         -0.51082562]
log likelihood =  1525.165198504014
Lr derivatives =  [-0.18646927003269642, -20.01842659031389, -8.881784197001252e-16]
other derivatives =  [-0.04847607  0.232194    0.13637873  0.08235475 -0.08178631  0.00263753]
Current x_clock array =  [-0.68478388 -0.90562995 -0.38409184  0.38573429 -2.76229549 -8.08378303
 -0.32279193  0.         -0.51082562]
log likelihood =  1525.164563974334
Lr derivatives =  [-0.13248850734993667, -19.999253024530915, 0.0]
other derivatives =  [ 4.31555236e-01 -2.83375812e-01 -1.01777005e+00 -7.95807864e-04
 -7.30096872e-02  1.38697942e-03]
Current x_clock array =  [-0.68413858 -0.90720548 -0.38535474  0.3820063  -2.7620293  -8.70046421
 -0.32302011  0.         -0.51082562]
log likelihood =  1525.1634172438921
Lr derivatives =  [-0.10788733308475873, -19.9822278007001, 1.3322676295501878e-14]
other derivatives =  [-0.01141416 -0.17776074 -0.0682121  -0.03069545 -0.00886757  0.00109139]
Current x_clock array =  [-0.6847334  -0.90685083 -0.38439827  0.38175705 -2.76110729 -8.99075782
 -0.32280317  0.         -0.51082562]
log likelihood =  1525.1630494709523
Lr derivatives =  [-0.10686277705580238, -19.9786458673322, -5.329070518200751e-15]
other derivatives =  [-0.14908892 -0.07148628  0.16386821 -0.03985861 -0.00895852  0.00070486]
Current x_clock array =  [-0.68492122 -0.90650837 -0.38416337  0.38152045 -2.76122114 -9.39103052
 -0.32273194  0.         -0.51082562]
log likelihood =  1525.1627401253286
Lr derivatives =  [-0.061183794578575146, -19.959727031264993, 7.105427357601002e-15]
other derivatives =  [-0.08872121  0.07930794  0.13519639 -0.04847607 -0.00945874  0.00040927]
Current x_clock array =  [-0.68487624 -0.9060677  -0.38418292  0.38120516 -2.76160353 -9.90289778
 -0.32233736  0.         -0.51082562]
log likelihood =  1525.1624805268862
Lr derivatives =  [-0.07571025804196374, -19.96229179202644, 8.881784197001252e-16]
other derivatives =  [-1.34014044e-01 -1.07502274e-01  1.88083504e-01 -4.58157956e-02
 -3.11501935e-03  1.36424205e-04]
Current x_clock array =  [ -0.68491445  -0.9066778   -0.38411124   0.38151267  -2.76160737
 -10.85508734  -0.32225036   0.          -0.51082562]
log likelihood =  1525.1623112722903
Lr derivatives =  [0.006045150414341727, -19.935228270004764, -3.552713678800501e-15]
other derivatives =  [8.72205419e-02 7.95353117e-02 7.88986654e-03 1.13686838e-04
 1.61890057e-02 6.82121026e-05]
Current x_clock array =  [ -0.68466666  -0.90619023  -0.38423285   0.38332628  -2.76162217
 -11.51502864  -0.32158396   0.          -0.51082562]
log likelihood =  1525.1622710926881
Lr derivatives =  [0.0016248167307795214, -19.93436101157263, -4.440892098500626e-15]
other derivatives =  [ 3.26281224e-02  2.46245691e-02 -8.45830073e-03  1.09139364e-03
  7.11679604e-03  4.54747351e-05]
Current x_clock array =  [ -0.68472711  -0.90638627  -0.38422768   0.38340042  -2.76202214
 -11.82027783  -0.32138757   0.          -0.51082562]
log likelihood =  1525.1622468687628
Lr derivatives =  [0.0032825456986902424, -19.931093120863828, -8.881784197001252e-15]
other derivatives =  [ 1.81898940e-03 -1.53704605e-02 -5.45696821e-03  4.09272616e-03
 -2.50111043e-04  4.54747351e-05]
Current x_clock array =  [ -0.6847634   -0.9065465   -0.38419877   0.38359082  -2.76245174
 -12.2584153   -0.32112018   0.          -0.51082562]
log likelihood =  1525.1622395221866
Lr derivatives =  [0.008189464996601004, -19.92540132349462, 1.7763568394002505e-15]
other derivatives =  [-0.0048658  -0.05802576  0.00941327  0.01323315 -0.01264198 -0.        ]
Current x_clock array =  [ -0.68477358  -0.9067452   -0.38413947   0.38408255  -2.76316453
 -13.29787235  -0.3206647    0.          -0.51082562]
log likelihood =  1525.16229085538
Lr derivatives =  [0.029678232061375986, -19.919323264880763, -7.105427357601002e-15]
other derivatives =  [-2.60297384e-01  2.62389221e-02 -2.19233698e-01  1.08684617e-02
 -6.82121026e-03  4.54747351e-05]
Current x_clock array =  [ -0.68506748  -0.90642586  -0.38437066   0.38363849  -2.76286935
 -13.11749194  -0.32074042   0.          -0.51082562]
log likelihood =  1525.162237220347
Lr derivatives =  [0.012154897399976328, -19.924279582392, 0.0]
other derivatives =  [-0.05204583 -0.0424734  -0.03278728  0.01280114 -0.01157332 -0.        ]
Current x_clock array =  [ -0.68482783  -0.90668626  -0.38418214   0.38400059  -2.76311005
 -13.26457757  -0.32067867   0.          -0.51082562]
      fun: 1525.162237220347
 hess_inv: <9x9 LbfgsInvHessProduct with dtype=float64>
      jac: array([-5.20458343e-02, -4.24734026e-02, -3.27872840e-02,  1.28011379e-02,
       -1.15733201e-02, -0.00000000e+00,  1.21548974e-02, -1.99242796e+01,
        0.00000000e+00])
  message: b'CONVERGENCE: REL_REDUCTION_OF_F_<=_FACTR*EPSMCH'
     nfev: 45
      nit: 39
   status: 0
  success: True
        x: array([ -0.68482783,  -0.90668626,  -0.38418214,   0.38400059,
        -2.76311005, -13.26457757,  -0.32067867,   0.        ,
        -0.51082562])
