number of sites to be analyzed:  1490
Successfully loaded parameter value from ./save/MG94735NS2.txt
log likelihood =  -15583.629702788316
Edge derivatives =  [0.002296293772896446, -0.0031381212596841707, -0.0023648683973863938, 0.022911786428456926]
other derivatives: [-0.15279511  0.23064786  0.02019078 -0.04201866 -0.05493348 -0.01491571]
Current x array =  [-0.6891049  -0.86485968 -0.52493155  0.42039356 -3.13587633 -1.79505564
 -1.52448982 -0.39425868 -0.41549083 -0.47770507]
log likelihood =  -15746.86306400911
Edge derivatives =  [-7.250526338550264, -16.85117191540432, -9.812475461092564, -18.84977297026]
other derivatives: [ 837.23243733 -886.21709438 -105.89374142   -7.3134288    32.60975063
    2.13112799]
Current x array =  [-0.84190001 -0.63421183 -0.50474077  0.37837491 -3.19080981 -1.80997136
 -1.52219352 -0.3973968  -0.4178557  -0.45479328]
log likelihood =  -15583.62969210879
Edge derivatives =  [0.001751956735039903, -0.005078594736420042, -0.0015994959326127989, 0.021102344812026247]
other derivatives: [ 0.12714736  0.05984475 -0.00436557 -0.04602043 -0.04547474 -0.01473381]
Current x array =  [-0.68914473 -0.86479956 -0.52492629  0.42038261 -3.13589065 -1.79505953
 -1.52448922 -0.3942595  -0.41549144 -0.4776991 ]
      fun: 15583.62969210879
 hess_inv: <10x10 LbfgsInvHessProduct with dtype=float64>
      jac: array([-0.12714736, -0.05984475,  0.00436557,  0.04602043,  0.04547474,
        0.01473381, -0.00175196,  0.00507859,  0.0015995 , -0.02110234])
  message: b'CONVERGENCE: REL_REDUCTION_OF_F_<=_FACTR*EPSMCH'
     nfev: 3
      nit: 1
   status: 0
  success: True
        x: array([-0.68914473, -0.86479956, -0.52492629,  0.42038261, -3.13589065,
       -1.79505953, -1.52448922, -0.3942595 , -0.41549144, -0.4776991 ])
