number of sites to be analyzed:  566
log likelihood =  -13570.957597181725
Edge derivatives =  [227.89798553713192, 181.9204201927086, 585.5926923173766, 523.0153879053535]
other derivatives: [ 383.02296161  289.47179089 -310.29412639   36.46327968  600.36054492
    4.55147529]
Current x array =  [-0.6591043  -0.7737213  -0.60402318  0.         -4.60517019 -4.60517019
 -4.60517019 -4.60517019 -4.60517019 -4.60517019]
log likelihood =  -12540.01896808391
Edge derivatives =  [218.76356751309785, 178.0031429880441, 586.2094830075158, 517.8826016148979]
other derivatives: [354.95540942 275.4117304  -95.62572814  -6.866685   566.13316701
   3.7936843 ]
Current x array =  [-0.65853865 -0.77304921 -0.89217835  0.03386169 -4.04764435 -4.60094345
 -4.39353234 -4.43622948 -4.06135854 -4.11947106]
log likelihood =  -9517.091797375153
Edge derivatives =  [152.87756047323717, 150.49308885100106, 458.3766441044589, 412.4054123742134]
other derivatives: [-200.92575141  179.29123715  477.41541493   54.79960237   54.77995728
    3.13211785]
Current x array =  [-0.65627607 -0.77036087 -2.04479902  0.16930843 -1.817541   -4.58403651
 -3.54698093 -3.76046665 -1.88611196 -2.17667455]
log likelihood =  -15494.056324509093
Edge derivatives =  [-9.91635912141077, -6.17291428900209, -25.205860962834965, -511.4022202272729]
other derivatives: [ 3072.837535   -1376.67957461  1942.85876205   420.84793677
   500.0976671    454.74371291]
Current x array =  [-2.06993961 -0.47197123 -1.67410371  0.58289902  1.49869774 -4.54769622
 -1.74366635 -2.20365625  3.01778829  2.21560176]
log likelihood =  -9006.975498292377
Edge derivatives =  [121.8340073789027, 136.21194125324917, 325.10027530522217, 327.9875899068945]
other derivatives: [321.66281017  75.80092642 501.34203775  53.4371793  -74.04778444
   3.17013473]
Current x array =  [-0.82932489 -0.73383452 -1.99942161  0.21993672 -1.4115949  -4.57958804
 -3.32623431 -3.569895   -1.28581767 -1.63900897]
log likelihood =  -8508.086044082254
Edge derivatives =  [-2.985235084078643, 46.95991592735021, -593.8805759672993, -251.50472748935826]
other derivatives: [-571.87371567 -264.53017199  712.06686698   67.1876478  -407.2458978
   11.83834684]
Current x array =  [-0.52684387 -0.64906067 -1.24075299  0.41571046 -0.55423815 -4.56417002
 -2.62950016 -2.92056413  0.56527197  0.09044927]
log likelihood =  -7907.059992080638
Edge derivatives =  [49.09717828446737, 80.76658852021134, 27.10000141252448, 60.44970700607794]
other derivatives: [ 316.13917599 -165.54331523 -890.95001385   11.41197572 -198.7478754
    3.43970896]
Current x array =  [-0.77343284 -0.65718834 -0.34528348  0.46389204 -1.22569985 -4.55662866
 -2.72168064 -2.94530266 -0.11405534 -0.29371888]
log likelihood =  -8111.103880636878
Edge derivatives =  [87.54273742302826, 111.10400727337782, 224.25272561377443, 200.81893068166835]
other derivatives: [314.52791518  91.87697287 396.40835894 -36.07565304 -40.90361472
   2.57859938]
Current x array =  [-0.73281692 -0.78980608 -1.17499779  0.39781903 -1.43029977 -4.56006105
 -2.91208701 -3.12070554 -0.67520552 -0.8103742 ]
log likelihood =  -7833.211022448915
Edge derivatives =  [64.6899875609889, 92.44206972324088, 123.00040510587654, 132.1865519553941]
other derivatives: [ 343.87849155  -67.46122381  -41.88286766  -11.24635673 -131.76004359
    2.83098416]
Current x array =  [-0.76149978 -0.69615178 -0.58905569  0.44447962 -1.28581183 -4.5576371
 -2.77762253 -2.99683648 -0.27892271 -0.44551355]
log likelihood =  -7772.574311989583
Edge derivatives =  [46.36231377922795, 78.24879449995866, 16.71767318172621, 52.51079315579039]
other derivatives: [ -78.94814189  -51.37681001   -7.27432052   -1.13241185 -187.69824237
    3.12220436]
Current x array =  [-0.6338173  -0.72448841 -0.60679068  0.45401096 -1.25853602 -4.55612579
 -2.70283416 -2.91773946 -0.0641435  -0.25527161]
log likelihood =  -7738.17867051303
Edge derivatives =  [42.23547550602203, 72.6816709375816, 3.2716688838654355, 29.856339746157907]
other derivatives: [ -94.48840501   -9.88156899  -14.19330147   -4.18340278 -164.31977201
    2.98923624]
Current x array =  [-6.31039205e-01 -7.59100535e-01 -5.96517687e-01  4.60614508e-01
 -1.38449909e+00 -4.55363834e+00 -2.65440228e+00 -2.84742446e+00
 -7.56630773e-04 -1.70790611e-01]
log likelihood =  -7689.900604750759
Edge derivatives =  [33.299483022957105, 53.33767222942208, 10.11531520043431, -13.735019288645738]
other derivatives: [-188.34780349 -463.1304364   -40.0396857   -40.32463039   72.4747224
    2.54531187]
Current x array =  [-0.61725333 -0.59431721 -0.55813048  0.44039757 -2.31893765 -4.5344233
 -2.3337523  -2.33882724  0.2487686   0.16287615]
log likelihood =  -7639.724397382764
Edge derivatives =  [34.00436263357353, 52.86586452301621, 15.479447616801965, -7.6327263576547075]
other derivatives: [139.95022528 112.50740499 -44.08539098 -20.56804078  68.76944099
   2.2828317 ]
Current x array =  [-0.70142916 -0.89328153 -0.54993887  0.40709176 -2.41969841 -4.52682948
 -2.2036722  -2.15063848  0.35904795  0.27583844]
log likelihood =  -7628.357275851479
Edge derivatives =  [29.95169320131734, 51.07517165352017, -19.25325666933755, -30.336780892631253]
other derivatives: [ 25.60109351  50.05867934   7.99518602 -12.89836291  15.06896297
   2.37987479]
Current x array =  [-0.67025169 -0.84604147 -0.5723184   0.40319562 -2.27085487 -4.5282159
 -2.22017889 -2.18327284  0.36343217  0.25434977]
log likelihood =  -7622.806180538077
Edge derivatives =  [29.759281404265156, 51.21301181289801, -22.208495372687118, -29.024943794803015]
other derivatives: [-23.65613909   2.5920599   11.58023224 -10.63763193  14.55928214
   2.3683242 ]
Current x array =  [-0.65689315 -0.81396471 -0.57535605  0.38934361 -2.25343283 -4.52609311
 -2.19371201 -2.13834099  0.34635509  0.22594462]
log likelihood =  -7605.695282655165
Edge derivatives =  [27.543173368299477, 50.150871975253, -35.02196268028746, -26.559653303517347]
other derivatives: [ -98.46189641 -116.79640011   18.25701474    1.00135367   12.72474037
    2.27328201]
Current x array =  [-0.63909684 -0.74261358 -0.5821284   0.32445971 -2.21485594 -4.51435353
 -2.03590389 -1.87999975  0.30158464  0.13917237]
log likelihood =  -7577.431942399592
Edge derivatives =  [15.292864767752643, 36.58960118604104, -47.570201256057814, -18.047577527021794]
other derivatives: [-193.59749786 -240.64984245   23.11981007   26.30658855   11.36113497
    1.9993422 ]
Current x array =  [-0.61892172 -0.67931103 -0.59021246  0.18727576 -2.16067369 -4.48710381
 -1.66831781 -1.27765269  0.20110271 -0.03605311]
log likelihood =  -7556.788153780923
Edge derivatives =  [-9.76400175524006, -4.1453401527510305, -30.12912374905897, 3.9661869217633114]
other derivatives: [-182.51448637 -202.49372028   21.07426553   51.23583833   -3.00060492
    1.75896275]
Current x array =  [-0.62377453 -0.69491896 -0.59171717  0.07669213 -2.08949519 -4.45850032
 -1.29792066 -0.66020382  0.07146132 -0.21676671]
log likelihood =  -7538.005542806171
Edge derivatives =  [-6.060569065593849, -0.7486517536958253, -26.364338429748173, -9.552329577400503]
other derivatives: [   4.69763108 -100.58301996   20.78950274   14.37765604  -10.54759196
    1.66892278]
Current x array =  [-0.67060726 -0.74948412 -0.58501893  0.28197284 -2.04640128 -4.44729866
 -1.32349593 -0.67706041  0.076473   -0.14838179]
log likelihood =  -7533.80874024564
Edge derivatives =  [-3.791377157765419, -0.20283096177758508, -8.602119789336859, -3.002744339981218]
other derivatives: [  6.60347723 -16.762624   -12.62078513   0.961154    -3.28482201
   1.60289346]
Current x array =  [-0.66816463 -0.79935286 -0.57029651  0.3540197  -2.03886234 -4.44090705
 -1.32232526 -0.65646461  0.03659754 -0.15669861]
log likelihood =  -7533.5716171628355
Edge derivatives =  [-2.7579658675476413, 0.7507998392333671, -2.663604828763135, -0.18000740712850355]
other derivatives: [-0.30258889  1.21826815  9.14460543 -1.78752089  1.28447937  1.58588591]
Current x array =  [-0.66489415 -0.81039154 -0.57983592  0.3630924  -2.03907127 -4.43918754
 -1.32999349 -0.66116893  0.0205312  -0.1645368 ]
log likelihood =  -7533.523307513145
Edge derivatives =  [-2.49377614624379, 1.127132100970398, -1.1239049688249585, 0.919250746751007]
other derivatives: [ 0.02810339  2.24126779 -0.66766006 -1.14487193  0.43173713  1.5792466 ]
Current x array =  [-0.66487129 -0.8103511  -0.57614029  0.36146571 -2.03054439 -4.43826708
 -1.33477677 -0.66468848  0.012935   -0.17070282]
log likelihood =  -7533.507384732476
Edge derivatives =  [-2.2821843233112444, 1.377482696367881, -0.4261486057829177, 1.203311845429931]
other derivatives: [ 0.37307473  1.02018021 -1.66119207 -0.56070348  0.19508661  1.57624527]
Current x array =  [-0.66491566 -0.80912882 -0.57600144  0.35861034 -2.02693964 -4.4370158
 -1.33949466 -0.66730236  0.009195   -0.17290373]
log likelihood =  -7533.468688381976
Edge derivatives =  [-1.7290590196547777, 1.4683779578915426, 0.8363584216092531, 0.7379156263518877]
other derivatives: [-1.888111   -0.68012014 -1.91048457  0.26511771  0.04692993  1.57106115]
Current x array =  [-6.64204850e-01 -8.07574857e-01 -5.76255690e-01  3.54119151e-01
 -2.02337378e+00 -4.43052404e+00 -1.35285880e+00 -6.66746167e-01
  3.39724454e-03 -1.72085782e-01]
log likelihood =  -7533.423262904536
Edge derivatives =  [-0.7344565354135084, 0.7524678929182004, 3.1744859422102794, 0.16298486295232206]
other derivatives: [ 6.59365469 -2.89292075  0.80381142  0.65610948  0.25092959  1.55723683]
Current x array =  [-0.6665841  -0.80544916 -0.57769892  0.35015565 -2.01883938 -4.41313007
 -1.37799803 -0.65385906 -0.00565105 -0.17020779]
log likelihood =  -7533.38642145179
Edge derivatives =  [-0.029158660590806365, 0.4363261049340714, 2.4616907626025384, -1.6560272448679503]
other derivatives: [-2.14995453 -2.73112164  0.77025106  0.91104084 -0.51095412  1.55660018]
Current x array =  [-6.64131232e-01 -8.05824993e-01 -5.77716382e-01  3.49186340e-01
 -2.01872141e+00 -4.40006076e+00 -1.39777253e+00 -6.48277807e-01
 -3.87138562e-03 -1.63388726e-01]
log likelihood =  -7533.3647220347575
Edge derivatives =  [0.15169785329564706, -0.18595862365228477, 1.6197047218354708, -2.017501604108974]
other derivatives: [-2.10893631 -1.08648237  0.93587005  0.52596079 -0.58589649  1.55678208]
Current x array =  [-6.64209422e-01 -8.07251066e-01 -5.77561784e-01  3.51055469e-01
 -2.02098974e+00 -4.39229835e+00 -1.40363647e+00 -6.39825519e-01
 -8.24601297e-05 -1.60981442e-01]
log likelihood =  -7533.335306744089
Edge derivatives =  [0.9050631418252948, -0.4954256436198839, 0.11275048593291825, -0.44302421413290544]
other derivatives: [-0.29622242  1.17306627  0.08813004  0.57807483  0.60390448  1.5619662 ]
Current x array =  [-0.66469326 -0.80890849 -0.57710402  0.34985301 -2.02628821 -4.3736374
 -1.41745521 -0.63175233  0.00793222 -0.16375697]
log likelihood =  -7533.322645441942
Edge derivatives =  [1.1980893501842111, -0.8368468620057794, -1.0419506841539525, -0.026205542016008485]
other derivatives: [ 0.75178832 -0.07230483 -1.17815944 -1.43618308 -0.24301698  1.57378963]
Current x array =  [-0.66497659 -0.80820776 -0.57641949  0.36005223 -2.02177361 -4.35597872
 -1.42522854 -0.62788455  0.0107605  -0.16648033]
log likelihood =  -7533.300130383237
Edge derivatives =  [1.1970426411965494, -0.8732330766049505, -1.521252842906579, 0.45228838396110244]
other derivatives: [ 0.87720764  0.56115823 -0.29358489 -0.68102963 -0.63600964  1.59070623]
Current x array =  [-0.66500414 -0.8084585  -0.57692855  0.35675068 -2.02051951 -4.34212935
 -1.42609672 -0.62782313  0.01154458 -0.16899808]
log likelihood =  -7533.137208031835
Edge derivatives =  [1.4702965992026782, -0.9584601522220522, -2.2695477067596634, 4.231374284938309]
other derivatives: [-1.01981641  2.40925146  4.35911716  2.16195986 -0.5756192   1.76833055]
Current x array =  [-0.66419888 -0.8087711  -0.57967988  0.34299564 -2.01686011 -4.20823025
 -1.42941054 -0.62762447  0.01196718 -0.18518227]
log likelihood =  -7532.680821954151
Edge derivatives =  [2.0393086673543226, -0.6745452404548054, -6.34745556669488, 9.723712975849999]
other derivatives: [ 3.66162567  1.9232175   6.61329977  8.84792826 -2.85963324  2.43398972]
Current x array =  [-0.66543132 -0.80666241 -0.58194004  0.3126787  -2.00888878 -3.80075173
 -1.43161135 -0.63649695  0.02055161 -0.20978656]
log likelihood =  -7576.376400442718
Edge derivatives =  [21.062415393810188, -10.638588959574601, -41.080503623189024, 39.523600176861606]
other derivatives: [ 33.62465577  21.24270395  24.93652573  47.86306818 -41.8685886
 -75.99228411]
Current x array =  [-0.6681414  -0.79567424 -0.60772778  0.13149673 -1.95007726 -0.45509772
 -1.44160215 -0.68635836  0.07489271 -0.38400816]
log likelihood =  -7531.416690454869
Edge derivatives =  [4.520599963149309, -1.2535106855076472, -13.529160756581211, 20.692917265899755]
other derivatives: [ 8.64165486  2.94003257 16.72451617 19.6558176  -7.39182724  3.98758857]
Current x array =  [-0.66617804 -0.80363478 -0.58904547  0.26275668 -1.99268413 -2.87890616
 -1.43436417 -0.65023553  0.0355245  -0.25779075]
log likelihood =  -7531.502124607168
Edge derivatives =  [9.729004567831957, -3.321069025098591, -21.126436499263324, 31.904210960694027]
other derivatives: [ 15.58773874   6.14290911  24.47641236  30.33001121 -13.78830348
   0.59771992]
Current x array =  [-0.66694217 -0.80053659 -0.5963165   0.2116712  -1.97610183 -1.93557638
 -1.43718114 -0.66429429  0.05084634 -0.30691371]
log likelihood =  -7530.9333993313685
Edge derivatives =  [6.854730390830442, -2.0970717408296444, -17.352899829458956, 26.643194733449338]
other derivatives: [ 11.96585799   4.20977813  21.24343155  25.26767275 -10.32885848
   3.65125743]
Current x array =  [-0.66657625 -0.80202024 -0.59283457  0.23613489 -1.98404272 -2.38731579
 -1.43583215 -0.65756186  0.04350905 -0.28338983]
log likelihood =  -7571.479861591688
Edge derivatives =  [17.534068485154034, -8.696489028032245, -38.52270338389929, 33.05261136260098]
other derivatives: [ 29.22006388  18.97824404  16.8914994   45.45927368 -39.13064575
 -75.11407603]
Current x array =  [-0.66736644 -0.79566508 -0.6023228   0.14221806 -1.96922489 -0.45183968
 -1.32247456 -0.73471111  0.07121001 -0.36161186]
log likelihood =  -7530.721406281864
Edge derivatives =  [8.069891247612915, -2.498650710944964, -19.406817661759323, 29.32845335037837]
other derivatives: [ 13.64051059   5.00040187  22.24041964  28.38287401 -12.19523256
   2.17723937]
Current x array =  [-0.66670177 -0.80101071 -0.5943418   0.22121593 -1.98168887 -2.07985972
 -1.41782497 -0.66981725  0.04790943 -0.29581563]
log likelihood =  -7528.912803372725
Edge derivatives =  [4.328640011532253, 0.7481335781103384, -21.03660755742794, 23.122843213132814]
other derivatives: [20.32684279  2.11794031 49.64003892 24.66367732 -9.55196811  2.09938662]
Current x array =  [-0.66874362 -0.80061366 -0.60546417  0.23435457 -2.00876333 -1.93026795
 -1.28859621 -0.74608693  0.05961769 -0.27107373]
log likelihood =  -7527.2668076670725
Edge derivatives =  [-6.929396220052855, 5.559722197563868, -16.821111127611374, 13.050990654291308]
other derivatives: [ -9.23673724  14.40348569 -39.47670848  22.20822353  -8.02865543
   1.07129381]
Current x array =  [-0.6616244  -0.81324708 -0.56266275  0.25875395 -2.0680235  -1.64019367
 -0.96882339 -0.92394386  0.06854146 -0.21781657]
log likelihood =  -7525.668421624725
Edge derivatives =  [-3.658135315081319, 4.4762602653174115, -15.788083014460334, 12.940837151871454]
other derivatives: [ 7.65530785  5.44305294  9.53350536 10.26483005 -1.45855665  3.08264134]
Current x array =  [-0.66594495 -0.80877162 -0.58199387  0.30788848 -2.0697906  -1.82458184
 -1.06057298 -0.85726661  0.07187056 -0.21079221]
log likelihood =  -7525.279922304833
Edge derivatives =  [0.5498129708637414, 1.89982529387465, -15.520820197144168, 14.445366241519086]
other derivatives: [10.52449079  0.07830749 25.9371518   3.81651262  0.16943886 -1.66683094]
Current x array =  [-0.66580737 -0.80406678 -0.58989502  0.33313053 -2.06555728 -1.58984667
 -1.10608094 -0.82124162  0.06976407 -0.21726459]
log likelihood =  -7524.381406676326
Edge derivatives =  [-0.5417610587156748, 0.593434854438773, -5.862716995797496, 5.601695547882285]
other derivatives: [  6.11398718 -16.28886821  15.11634764   0.63246262  -0.78789526
   0.92313712]
Current x array =  [-0.66516863 -0.79425233 -0.58443746  0.34892764 -2.05084764 -1.7379537
 -1.13278686 -0.79155409  0.03098304 -0.18421713]
log likelihood =  -7524.485195720525
Edge derivatives =  [0.5874344376735262, 0.875427421015628, 5.904948285657388, 0.9189116440503792]
other derivatives: [21.12810762 28.02589734  4.76993591 -1.39725671  0.2917659   0.83400664]
Current x array =  [-0.66862138 -0.82370307 -0.57946418  0.3615195  -2.04734425 -1.75599856
 -1.14430241 -0.77837612 -0.00411099 -0.15680151]
log likelihood =  -7524.182952120247
Edge derivatives =  [-0.039410888127301535, 0.720161410804624, -0.5548195203757662, 3.5618266011357567]
other derivatives: [12.88699423  3.8966391  10.51221261 -0.26693669 -0.26047928  0.87820808]
Current x array =  [-0.66670563 -0.80736234 -0.5822236   0.35453291 -2.04928811 -1.74598638
 -1.13791301 -0.78568791  0.01536092 -0.17201306]
log likelihood =  -7524.11113872189
Edge derivatives =  [-0.3029589338653451, 0.3060807431654383, 1.0102197471903946, 0.7401709419250465]
other derivatives: [-10.0071702    1.10485416   3.29710019  -0.08012648  -1.43209036
   0.27848728]
Current x array =  [-0.66013304 -0.80582388 -0.57931378  0.35528464 -2.04795993 -1.70565248
 -1.13198971 -0.7876871   0.00701442 -0.16280068]
log likelihood =  -7524.090191811678
Edge derivatives =  [-0.2230792181023863, 0.39212358706159445, 1.0562939163547016, 0.9880850794211798]
other derivatives: [ 0.10568328 -0.27439455  0.70504029 -0.40818122 -1.10649125  0.02419256]
Current x array =  [-0.66309893 -0.8047427  -0.57806649  0.35634033 -2.04932512 -1.6906208
 -1.12811291 -0.78959076  0.00801271 -0.16252925]
log likelihood =  -7524.087906656389
Edge derivatives =  [-0.14845024091641545, 0.40464838156197774, 0.8756760145802452, 1.09732000676066]
other derivatives: [ 0.35306584 -0.08976713  0.5918082  -0.60290404 -0.90922185 -0.00190994]
Current x array =  [-0.66316442 -0.80492579 -0.57796926  0.35715746 -2.05033016 -1.68966794
 -1.12868156 -0.78925361  0.00926467 -0.16239114]
log likelihood =  -7524.076571163779
Edge derivatives =  [0.08299922460996438, 0.3007888099737346, 0.037048656848269856, 0.32339590173675237]
other derivatives: [-0.11905286 -0.20290827 -1.6215381  -0.66838766 -0.61299943 -0.0950422 ]
Current x array =  [-0.6631546  -0.80524174 -0.57676967  0.35725618 -2.05570428 -1.68731893
 -1.1327809  -0.78561633  0.01468171 -0.15660246]
log likelihood =  -7524.07288876633
Edge derivatives =  [0.12442928071614745, 0.27071278203428056, -0.36888016130637635, 0.1511661118309035]
other derivatives: [ 0.37452992  0.46957211  0.29904186 -0.36616257 -0.08731149  0.02246452]
Current x array =  [-0.66334357 -0.80589369 -0.57746854  0.35516514 -2.05981204 -1.69411368
 -1.13443196 -0.7832231   0.01787271 -0.1541405 ]
log likelihood =  -7524.071962346254
Edge derivatives =  [0.13671468453465482, 0.19775867825358084, -0.12124004339094696, -0.05655119842739098]
other derivatives: [-0.05011316  0.05547918 -0.11004886 -0.10641088 -0.01828084  0.00964064]
Current x array =  [-0.66324409 -0.80561482 -0.57731296  0.35373776 -2.06031522 -1.69369083
 -1.13517913 -0.78193473  0.01705721 -0.15313122]
log likelihood =  -7524.071760147037
Edge derivatives =  [0.10861012948782761, 0.15242541448809754, 0.010415587619971745, -0.07130115143669996]
other derivatives: [ 0.02528395 -0.04092726  0.04620233  0.02428351 -0.00309228  0.0001819 ]
Current x array =  [-0.66326844 -0.80552463 -0.57739994  0.35302984 -2.06030952 -1.69297451
 -1.13481142 -0.78143535  0.01648339 -0.15315601]
log likelihood =  -7524.071640465394
Edge derivatives =  [0.07560795020565937, 0.08921317099271753, 0.021434659205989415, 0.013089588427700069]
other derivatives: [-0.06348273  0.02855813 -0.14124453  0.1114131   0.00545697  0.00400178]
Current x array =  [-0.66324829 -0.80557203 -0.57732496  0.35262739 -2.06037542 -1.69327094
 -1.13449808 -0.78050429  0.01642295 -0.15353032]
log likelihood =  -7524.07157708386
Edge derivatives =  [0.022955157379941776, -0.032351815068201076, 0.07638449226193789, -0.003985476529508106]
other derivatives: [ 0.15234036 -0.06757546  0.28012437  0.01700755  0.00818545 -0.02046363]
Current x array =  [-0.66331437 -0.80553071 -0.57748654  0.35303246 -2.06043498 -1.69199166
 -1.13383606 -0.77901182  0.01618318 -0.15353995]
log likelihood =  -7524.071529852883
Edge derivatives =  [0.0300473984765924, -0.005181256625117016, 0.011125769144676445, 0.020128863450133053]
other derivatives: [ 0.043201    0.00527507  0.03738023  0.01855369 -0.00254659 -0.00654836]
Current x array =  [-0.66328477 -0.80558759 -0.57737849  0.35308229 -2.06045823 -1.69279407
 -1.13395751 -0.77929482  0.0164607  -0.15359664]
log likelihood =  -7524.0715254902625
Edge derivatives =  [0.026768192985877494, -0.0034397958395203775, -0.004749772967842625, 0.016678729284369948]
other derivatives: [ 0.02564775  0.0167347   0.00800355  0.00618456 -0.00754881 -0.00418368]
Current x array =  [-0.66328074 -0.80560086 -0.57736191  0.35315792 -2.06047521 -1.69289989
 -1.1338996  -0.77932785  0.0165288  -0.1535752 ]
      fun: 7524.0715254902625
 hess_inv: <10x10 LbfgsInvHessProduct with dtype=float64>
      jac: array([-0.02564775, -0.0167347 , -0.00800355, -0.00618456,  0.00754881,
        0.00418368, -0.02676819,  0.0034398 ,  0.00474977, -0.01667873])
  message: b'CONVERGENCE: REL_REDUCTION_OF_F_<=_FACTR*EPSMCH'
     nfev: 56
      nit: 47
   status: 0
  success: True
        x: array([-0.66328074, -0.80560086, -0.57736191,  0.35315792, -2.06047521,
       -1.69289989, -1.1338996 , -0.77932785,  0.0165288 , -0.1535752 ])
