number of sites to be analyzed:  197
log likelihood =  -2579.0387797244584
Edge derivatives =  [50.63373076972281, 24.903503749349, 97.02240264742585, 124.47585234396489]
other derivatives: [ 26.57279765  36.95113264 -42.455531    18.06129148 -16.38804861
  27.85327524]
Current x array =  [-0.64202311 -0.96235151 -0.54472718  0.         -2.30258509  0.
 -4.60517019 -4.60517019 -4.60517019 -4.60517019]
log likelihood =  -2416.3526091665944
Edge derivatives =  [47.63304599138384, 23.471359935817368, 93.40534396999325, 122.62569882055949]
other derivatives: [ 27.56132744  34.05593816  34.07335498   5.75510057 -14.13209247
  26.10249794]
Current x array =  [-0.63863535 -0.95713073 -0.78767165  0.10335264 -2.39636288  0.0400563
 -4.31542736 -4.46266417 -4.04997616 -3.89287851]
log likelihood =  -3377.855621363289
Edge derivatives =  [-5.455224937697908, -0.6854687832069674, -238.687691571206, -2.422770099315443]
other derivatives: [-276.50339689 -110.61788427  518.80879255   79.32594599 -212.0001227
  115.35685189]
Current x array =  [-0.45944358 -0.82558353 -1.79636842  1.12081364 -3.57843392  0.60669642
 -0.54788607 -2.60838114  3.23120442  5.5296544 ]
log likelihood =  -2006.5207123959606
Edge derivatives =  [30.899259974325673, 16.391774584921723, 65.04023015646318, 62.23106795822114]
other derivatives: [-28.50147212   7.69719009 104.12443316 -15.79830951  -7.48159437
  -0.31745913]
Current x array =  [-0.59576296 -0.92565751 -1.02900662  0.34678449 -2.67917838  0.17562734
 -3.41402717 -4.01901911 -2.3079229  -1.63849765]
log likelihood =  -2548.588581646377
Edge derivatives =  [-3.3444137241017433, 0.35597950857827115, -100.90149502783258, -190.99496318250675]
other derivatives: [ 446.94161261   18.25919753  104.40535334  152.6570486  -246.13746064
    3.39946382]
Current x array =  [-2.01917997 -1.17347432 -0.58357712  0.46525933 -3.23416101 -0.03459031
 -1.56504867 -3.07086248  1.36265159  2.26773188]
log likelihood =  -1938.2695862355836
Edge derivatives =  [14.007835804501022, 9.7026449773751, 39.87670913279096, -0.059107707386923974]
other derivatives: [209.49928512  10.78087735 139.81800748 -20.17916358 -10.55909706
 -20.3205218 ]
Current x array =  [-0.95092752 -0.98749164 -0.91786507  0.37634579 -2.81765513  0.12317479
 -2.95267844 -3.78243937 -1.3920578  -0.66383297]
log likelihood =  -1871.1245801008085
Edge derivatives =  [1.252470105868431, 5.077187035902347, -6.681919231447125, -60.02919353039182]
other derivatives: [-91.63172763 -36.05848633 129.00154616  -1.78642949 -42.22720236
 -29.84174898]
Current x array =  [-0.57355463 -0.9802237  -0.66617645  0.40572644 -2.96857675  0.07722546
 -2.51806927 -3.55721408 -0.51171491  0.24635118]
log likelihood =  -1846.228753909607
Edge derivatives =  [4.875589715910524, 6.359926273674861, 9.611383333370075, -24.300919587735088]
other derivatives: [   7.45549187   -6.94953997 -195.22487946    9.6650183   -30.87020559
  -28.66063369]
Current x array =  [-0.68006637 -1.04097495 -0.30591915  0.34324577 -3.03032383 -0.03808411
 -2.54810101 -3.55802677 -0.56394483 -0.04993146]
log likelihood =  -1839.2637125183592
Edge derivatives =  [8.607636599728988, 7.725026851539037, 24.062742916460962, -4.931567702704225]
other derivatives: [ 53.07751962   6.07128641  46.26353984  -2.74708327 -15.88443865
 -23.4501158 ]
Current x array =  [-0.70569495 -1.03627581 -0.5487145   0.35424748 -3.00033907 -0.02270299
 -2.70374684 -3.63742269 -0.88259117 -0.36887996]
log likelihood =  -1830.9657974643592
Edge derivatives =  [5.693479157147515, 6.756657705881192, 12.720909566258742, -16.37911152089658]
other derivatives: [ -1.93626875  -2.10684448  21.32201189   0.72959665 -21.33319867
 -24.73952918]
Current x array =  [-0.6524364  -1.04155487 -0.49452044  0.35893401 -3.05238182 -0.06215426
 -2.60069401 -3.58043989 -0.67028393 -0.18590687]
log likelihood =  -1824.642462915695
Edge derivatives =  [4.5743180333549995, 6.472007885181157, 4.7458062294948, -14.405822635928695]
other derivatives: [-10.19143383  -1.58906914 -28.42675713   4.49031177 -21.02324288
 -22.126369  ]
Current x array =  [-0.65050926 -1.06289544 -0.42492371  0.35351291 -3.15255953 -0.17468745
 -2.5159908  -3.5218948  -0.49214099 -0.14140011]
log likelihood =  -1818.019949315798
Edge derivatives =  [3.941796450291518, 6.46655882473354, -3.0987652600221454, -7.294598198638565]
other derivatives: [ -7.45335456   0.57577836 -50.40542419   6.25107077 -16.21015144
 -16.4834546 ]
Current x array =  [-0.65586731 -1.0879008  -0.39514681  0.35631005 -3.31362356 -0.35771972
 -2.42367947 -3.44651592 -0.3100503  -0.15834353]
log likelihood =  -1810.0275455441779
Edge derivatives =  [3.600474603132943, 6.7355331848698015, -9.272333845544066, 2.2286306912700313]
other derivatives: [ -4.75870365  -1.21501671 -15.23007995   4.32833076  -5.51171979
  -7.4357331 ]
Current x array =  [-0.65719422 -1.10216281 -0.41461099  0.39250885 -3.5978093  -0.67692486
 -2.28649061 -3.30928638 -0.12740959 -0.20732826]
log likelihood =  -1807.576853942609
Edge derivatives =  [3.4175787208624575, 6.875790898907191, -8.546655950719805, 4.123503072228129]
other derivatives: [-2.6003363   0.14247235  0.19017534  2.49110599  0.15984369 -3.51583367]
Current x array =  [-0.65785226 -1.11930527 -0.4219285   0.4313164  -3.7612778  -0.8751747
 -2.19033489 -3.19549972 -0.08427966 -0.19872739]
log likelihood =  -1805.7471629869851
Edge derivatives =  [2.984321482846922, 6.89447519275903, -5.5786069362380015, 2.736343520529549]
other derivatives: [-0.17435013 -0.85328793  5.0383278   0.22546374  4.53701432 -0.79210167]
Current x array =  [-0.65977357 -1.12704025 -0.41969123  0.48059129 -3.8966891  -1.07478261
 -2.07506725 -3.03925343 -0.09322993 -0.15466168]
log likelihood =  -1803.43021816499
Edge derivatives =  [2.2630584524948247, 6.835193782345106, -1.7123695001136454, -0.13308418088175222]
other derivatives: [ 3.32031505  8.98335202  5.20431058 -1.09746452  5.91110165  1.09455414]
Current x array =  [-0.66104169 -1.17428834 -0.41447511  0.51705095 -3.94390213 -1.30604387
 -1.89876007 -2.73989987 -0.15462203 -0.11003893]
log likelihood =  -1800.07086330945
Edge derivatives =  [-1.449764790953372, 5.418006049954564, 4.144453345798908, -6.040116067009608]
other derivatives: [  3.89500201 -14.83697361  -5.97297003  -5.96537575   7.51699645
   3.02300123]
Current x array =  [-0.66516483 -1.09739321 -0.39891752  0.5815553  -3.95050757 -1.82603634
 -1.48355085 -1.93643448 -0.38159581 -0.10479301]
log likelihood =  -1798.3534011555555
Edge derivatives =  [-3.261070732101159, 4.005438609170293, 7.435261845752611, -2.8445664104832638]
other derivatives: [-27.64516012   3.75230229  -0.60256298  -4.9496748    5.09774054
   2.99367002]
Current x array =  [-0.62747179 -1.16489792 -0.40928214  0.54496232 -3.81886055 -1.99206797
 -1.34955754 -1.53349818 -0.54821622 -0.22447164]
log likelihood =  -1796.810789053899
Edge derivatives =  [-3.0555160338438183, 3.731784804544241, 5.7873310647972955, -2.425095614813774]
other derivatives: [12.10496521 10.50398168  0.27903297 -2.71729732  0.89826244  2.70247256]
Current x array =  [-0.66781898 -1.17559832 -0.41160465  0.48535737 -3.68320043 -1.88766606
 -1.39483737 -1.5219968  -0.53443985 -0.2636254 ]
log likelihood =  -1795.9870677174442
Edge derivatives =  [-2.341516821477363, 4.081821959885842, 3.155292252341226, -1.2945701295107974]
other derivatives: [ 7.63068329  6.38908659 -0.34858658 -0.80510745 -1.8556193   2.43758222]
Current x array =  [-0.6646912  -1.14940499 -0.41680755  0.43447552 -3.58971773 -1.75646201
 -1.47779929 -1.59413149 -0.50171014 -0.31474633]
log likelihood =  -1795.3198915280418
Edge derivatives =  [-3.5630084003207374, 2.062125370752158, 0.8533631726869895, -0.10623212890893746]
other derivatives: [ 4.07701464 -3.32909167  7.84384611  0.6787559  -3.77558536  2.33512765]
Current x array =  [-0.66221945 -1.11082894 -0.42667923  0.38554156 -3.53116578 -1.74537348
 -1.47130812 -1.36821727 -0.49069005 -0.38813824]
log likelihood =  -1795.0759526043562
Edge derivatives =  [-2.1438439440675783, 2.635095742697665, -1.8758021148075474, 2.286541507560123]
other derivatives: [ -7.54187113  -5.60119133 -22.87238203   3.80744041  -3.03712113
   1.84845703]
Current x array =  [-0.65335237 -1.10646933 -0.3973897   0.35519179 -3.58033908 -1.65712389
 -1.55674552 -1.34314367 -0.38178014 -0.42617064]
log likelihood =  -1794.6102716992762
Edge derivatives =  [-2.3569004941471676, 2.229045693298997, -1.8984736504818995, 1.7689658408312257]
other derivatives: [-5.01577233 -3.80116489 -2.84833277  2.79858341 -1.97817371  1.91032541]
Current x array =  [-0.65391508 -1.11471644 -0.41449698  0.36462135 -3.60884788 -1.6599362
 -1.55867572 -1.31098225 -0.381213   -0.41295862]
log likelihood =  -1794.2992057143274
Edge derivatives =  [-2.530405055530859, 1.2826372167765587, -1.4554215814618008, 1.4601288969562125]
other derivatives: [-0.76413471 -0.63978405  5.71831151  2.40534064 -0.46823061  1.86771558]
Current x array =  [-0.6565955  -1.13203175 -0.41924807  0.37591552 -3.66492531 -1.67359646
 -1.55826291 -1.1939255  -0.36647982 -0.40099191]
log likelihood =  -1794.0876356002686
Edge derivatives =  [-2.097657917075931, 0.9578203298903807, -2.0355117923562185, 1.4620026183539292]
other derivatives: [1.65696292 1.18304797 8.78067112 2.48803644 0.65147105 1.60766831]
Current x array =  [-0.65832254 -1.14290726 -0.41970023  0.38395499 -3.71423992 -1.62502645
 -1.60608316 -1.13301255 -0.32439174 -0.39128026]
log likelihood =  -1793.7484576824772
Edge derivatives =  [-1.6611943636396023, -0.5341638147044632, -0.2600058087638655, 1.0205667061874972]
other derivatives: [7.46601927 4.10395842 5.47706804 1.77378752 1.04278115 1.00037596]
Current x array =  [-0.66297086 -1.15825894 -0.41376875  0.4163435  -3.73255341 -1.5460945
 -1.67649746 -0.97656161 -0.3368769  -0.37533581]
log likelihood =  -1793.4108946362953
Edge derivatives =  [-0.5911733116718256, -0.11621532548331825, -1.1118265786824644, 0.42315737675392434]
other derivatives: [ 3.91246431  2.64240043  3.43902684  0.91336005  1.21731318 -0.25654572]
Current x array =  [-0.65911295 -1.15420502 -0.41168278  0.45618507 -3.74937165 -1.34898093
 -1.84186447 -0.99496394 -0.29138596 -0.34434364]
log likelihood =  -1793.3204904727208
Edge derivatives =  [-0.57393610388863, -0.1769369675467677, 0.44641859384617727, -0.7603731478868226]
other derivatives: [ 1.62733613 -1.15999228 -0.44576609 -0.77504865  0.26343514 -0.35356607]
Current x array =  [-0.65723615 -1.1373892  -0.40983932  0.48698327 -3.70084966 -1.3399361
 -1.86476882 -1.01926888 -0.35108371 -0.32334379]
log likelihood =  -1793.305376625649
Edge derivatives =  [-0.5089437402995816, -0.09613149804535603, -0.14580336311627273, -0.20829008068307375]
other derivatives: [-2.40879672  0.75890512 -0.30440788 -0.00627551 -0.43974069 -0.42537067]
Current x array =  [-0.65285166 -1.14353264 -0.41123323  0.4709659  -3.68036258 -1.33132824
 -1.87203152 -1.02311069 -0.34426234 -0.3407253 ]
log likelihood =  -1793.3007365999538
Edge derivatives =  [-0.4847364058335551, 0.0391766756848444, -0.2514203398443704, -0.07374312367924074]
other derivatives: [ 1.62408469  0.10622898 -0.48401034 -0.00600267 -0.33310243 -0.39826773]
Current x array =  [-0.65728328 -1.13975506 -0.41095091  0.46874188 -3.68141471 -1.33350857
 -1.87203266 -1.03593246 -0.34151977 -0.34257956]
log likelihood =  -1793.2973852907558
Edge derivatives =  [-0.507690325942037, -0.012431173890210312, -0.12849551772194223, -0.18212563282798228]
other derivatives: [ 0.32468961 -0.00643468  0.00441105 -0.13349108 -0.18908395 -0.36329766]
Current x array =  [-0.65584351 -1.14006689 -0.41127853  0.47157423 -3.68598041 -1.33772987
 -1.87052036 -1.03130679 -0.34346858 -0.33946934]
log likelihood =  -1793.2952106756557
Edge derivatives =  [-0.499446619181531, -0.035595440290233205, -0.09259519282832418, -0.1576249739592575]
other derivatives: [-0.19585968 -0.11639258  0.17989805 -0.15775186 -0.11220891 -0.34788172]
Current x array =  [-0.65527949 -1.13983306 -0.41144158  0.47184483 -3.68786521 -1.33988584
 -1.87282198 -1.02854751 -0.34386339 -0.33958744]
log likelihood =  -1793.28750985002
Edge derivatives =  [-0.42430546793745405, -0.09572590632311495, 0.041721641134466914, 0.06642913488688379]
other derivatives: [-1.46555976 -0.51782081  0.46234163 -0.19413164  0.13390036 -0.29731382]
Current x array =  [-0.65391419 -1.13839813 -0.41187553  0.47099021 -3.69208055 -1.34820416
 -1.88804777 -1.01965058 -0.34592398 -0.34271086]
log likelihood =  -1793.280404752289
Edge derivatives =  [-0.3148106460305581, -0.098458676048228, 0.19187565602815404, 0.3308193682328223]
other derivatives: [-1.92183052 -0.62645995  0.24351721 -0.1938588   0.27371243 -0.26020643]
Current x array =  [-0.65339979 -1.13749896 -0.41198631  0.46919136 -3.69227576 -1.35611078
 -1.90841603 -1.01518747 -0.34909258 -0.34625036]
log likelihood =  -1793.273051857443
Edge derivatives =  [-0.1263471979484957, -0.11513982852553528, 0.37746438179778247, 0.49703382706062676]
other derivatives: [-1.22142865 -0.18517312  3.2963726  -0.37830432  0.28335307 -0.20268089]
Current x array =  [-0.653693   -1.13767635 -0.41555863  0.467124   -3.68543991 -1.36877291
 -1.95556254 -1.01226118 -0.35728986 -0.3461994 ]
log likelihood =  -1793.2629507049623
Edge derivatives =  [0.006821736028774984, 0.031973217445063984, 0.5721542011164471, 0.693782320573488]
other derivatives: [-1.07065716 -0.02783054 -0.15256774 -0.19094841  0.34119694 -0.1196895 ]
Current x array =  [-0.65411067 -1.13761799 -0.41259326  0.4629712  -3.68506235 -1.38723845
 -1.98000408 -1.01613575 -0.36000901 -0.34559081]
log likelihood =  -1793.2584496437908
Edge derivatives =  [0.013256638494148945, 0.0962537017718289, 0.444348525570948, 0.5688678369800795]
other derivatives: [-0.08817551  0.17078037 -0.39872248 -0.11755219  0.29219791 -0.11357315]
Current x array =  [-0.65519848 -1.13831806 -0.41222526  0.46177165 -3.68589302 -1.38866039
 -1.98389118 -1.02099952 -0.35640759 -0.34170118]
log likelihood =  -1793.2542974659414
Edge derivatives =  [0.023763112571502036, 0.14138357548279468, 0.22408007981543987, 0.2916068570701419]
other derivatives: [ 0.75087883  0.38339749 -0.2331717  -0.02828529  0.18371793 -0.09567884]
Current x array =  [-0.65614297 -1.13929023 -0.41219361  0.46006029 -3.68678165 -1.39255473
 -1.99533774 -1.0246766  -0.35104128 -0.33407895]
log likelihood =  -1793.2522642344206
Edge derivatives =  [0.027537283188649387, 0.11125685284348452, 0.07589984507745218, 0.07444078534268889]
other derivatives: [ 0.38462531  0.09858923 -0.14288162  0.00945874  0.07150902 -0.07312337]
Current x array =  [-0.65587422 -1.13849764 -0.41224313  0.4590076  -3.68596795 -1.39704163
 -2.00615958 -1.02302627 -0.34858095 -0.32923199]
log likelihood =  -1793.2516522634612
Edge derivatives =  [0.014516873080927164, 0.01754715882007407, 0.06575366222788548, -0.09131694656656886]
other derivatives: [-0.07519247  0.21007054 -0.14629222  0.02003162  0.02266916 -0.05613856]
Current x array =  [-0.655376   -1.13955185 -0.41204147  0.4596061  -3.68694317 -1.40153159
 -2.01041391 -1.01465779 -0.34781815 -0.3256237 ]
log likelihood =  -1793.2513710025619
Edge derivatives =  [0.004977435318495534, -0.005085315700701809, 0.02440300683262503, -0.06333691108364825]
other derivatives: [-0.00663931 -0.1452463  -0.04115464  0.02023626  0.04524736 -0.03660716]
Current x array =  [-0.65551749 -1.13820715 -0.41211543  0.45913743 -3.68736943 -1.40396005
 -2.00940915 -1.01334946 -0.34719274 -0.32678767]
log likelihood =  -1793.2512747193982
Edge derivatives =  [0.008086243463986002, 0.0036696306484188534, 0.023071016906110686, -0.022122151505979237]
other derivatives: [-0.13876615 -0.08881216 -0.03806235  0.02980869  0.0394266  -0.0307864 ]
Current x array =  [-0.65536831 -1.1383724  -0.41215649  0.45894425 -3.68683839 -1.40476728
 -2.00920574 -1.01372383 -0.34729128 -0.32777217]
log likelihood =  -1793.2511819414426
Edge derivatives =  [0.008886117364207937, -0.0015776471705215567, 0.01639334943483589, 0.013134714313834506]
other derivatives: [-0.05807124  0.01148237  0.03574314  0.03819878  0.03174137 -0.01821263]
Current x array =  [-0.65542909 -1.13875475 -0.41219792  0.45890735 -3.68651615 -1.40686292
 -2.00917253 -1.0127143  -0.34702802 -0.32864164]
log likelihood =  -1793.2511479659672
Edge derivatives =  [0.004698152279143802, -0.005280281256838992, 0.004067519596026359, 0.016467940844197615]
other derivatives: [-0.03149125  0.02394245  0.01243734  0.03935838  0.02121396 -0.0099817 ]
Current x array =  [-0.65546136 -1.1388557  -0.41213614  0.45911219 -3.68638277 -1.40810486
 -2.00839463 -1.01222116 -0.34664845 -0.32888702]
log likelihood =  -1793.2511178943541
Edge derivatives =  [0.001624074806158747, -0.00983561668275379, 0.003293758606493391, 0.006886709627662246]
other derivatives: [ 0.07530616  0.01823537 -0.0071168   0.01446097 -0.0048658  -0.00513865]
Current x array =  [-0.65557417 -1.13887161 -0.41206981  0.4599731  -3.68566479 -1.40885522
 -2.0079958  -1.01187098 -0.34660452 -0.32895388]
log likelihood =  -1793.2511097106312
Edge derivatives =  [0.0005120690697663771, -0.005870107085057752, -0.003308828000619879, 0.004838190852546553]
other derivatives: [ 0.00870841  0.00100044 -0.03062723  0.01100489 -0.0079126  -0.00209184]
Current x array =  [-0.6555123  -1.13883429 -0.41204174  0.46014318 -3.68563206 -1.40920737
 -2.00777625 -1.01216112 -0.34644121 -0.32895227]
log likelihood =  -1793.2511067518963
Edge derivatives =  [-0.0006236153873976844, -0.00291995133865941, -0.0071290960757535715, -0.0004416196359905422]
other derivatives: [-0.01109584 -0.00472937  0.01632543  0.00409273 -0.00754881 -0.00113687]
Current x array =  [-0.65548989 -1.13882614 -0.41208076  0.46030824 -3.68566847 -1.40919874
 -2.00758455 -1.01248029 -0.3463634  -0.3288511 ]
      fun: 1793.2511067518963
 hess_inv: <10x10 LbfgsInvHessProduct with dtype=float64>
      jac: array([ 0.01109584,  0.00472937, -0.01632543, -0.00409273,  0.00754881,
        0.00113687,  0.00062362,  0.00291995,  0.0071291 ,  0.00044162])
  message: b'CONVERGENCE: REL_REDUCTION_OF_F_<=_FACTR*EPSMCH'
     nfev: 47
      nit: 44
   status: 0
  success: True
        x: array([-0.65548989, -1.13882614, -0.41208076,  0.46030824, -3.68566847,
       -1.40919874, -2.00758455, -1.01248029, -0.3463634 , -0.3288511 ])
