number of sites to be analyzed:  245
log likelihood =  2272.6469026518835
Lr derivatives =  [-35.847902626353864, -85.68879700983943, -2.1316282072803006e-14]
other derivatives =  [-24.03498911 -42.96844054  48.98288353  -8.73087629 133.94819689
  20.27791197]
Current x_clock array =  [-0.61896147 -0.74340381 -0.65610591  0.74193734 -0.10536052 -0.51082562
 -0.51082562 -0.51082562 -0.51082562]
log likelihood =  2178.480753148071
Lr derivatives =  [13.11083269282894, -71.80658332853528, -7.105427357601002e-15]
other derivatives =  [-28.09956641 -33.43670869 -92.13249541   3.35357981  82.90699043
  13.94173523]
Current x_clock array =  [-0.61513552 -0.73874105 -0.98548866  0.80064765 -1.00608793 -0.64718335
 -0.26976834 -0.5073906  -0.51082562]
log likelihood =  2099.4978107448605
Lr derivatives =  [-24.023262605214992, -56.16250947465316, 0.0]
other derivatives =  [164.61235646  70.75095709 -10.27419785  16.99604582   1.9271738
   5.97137841]
Current x_clock array =  [-0.48667584 -0.61029591 -0.73605293  0.83299216 -2.29194845 -0.85001858
 -0.13309535 -0.22780253 -0.51082562]
log likelihood =  2124.0685151435
Lr derivatives =  [-54.91168196352865, -48.7836136261848, 3.907985046680551e-14]
other derivatives =  [-239.0890586    -5.34178071   78.52204362   16.93133527  -42.50396159
    2.35268089]
Current x_clock array =  [-0.83040811 -0.71935879 -0.57929616  0.80928647 -3.02280774 -0.97942408
  0.00723826  0.         -0.51082562]
log likelihood =  2085.9927117110947
Lr derivatives =  [-34.45473196874023, -53.04115083477308, 7.105427357601002e-15]
other derivatives =  [-31.52090358  41.18801371  15.341584    17.72477844 -14.3671059
   4.54147084]
Current x_clock array =  [-0.60564357 -0.64804321 -0.6817985   0.82478748 -2.5449031  -0.89480658
 -0.08452507 -0.14895875 -0.51082562]
log likelihood =  2081.30901095437
Lr derivatives =  [-28.17509295769407, -47.908166822276726, -3.907985046680551e-14]
other derivatives =  [-23.05505404  16.35958142  12.92755769  15.56254574 -10.62844603
   4.3262844 ]
Current x_clock array =  [-0.59959915 -0.68451757 -0.6851182   0.80967901 -2.53711011 -0.89920902
 -0.05842524 -0.10453097 -0.51082562]
log likelihood =  2074.240199808193
Lr derivatives =  [-4.854746244334564, -33.152585751274586, -8.881784197001252e-15]
other derivatives =  [-2.75113052 -5.79202606 -0.78334779  8.61869012  2.89273885  3.53720679]
Current x_clock array =  [-0.58660173 -0.72259103 -0.70630003  0.75390783 -2.5030946  -0.91480927
  0.0291368   0.         -0.51082562]
log likelihood =  2073.6798886071556
Lr derivatives =  [-3.924418018487759, -32.77831206732363, 1.4210854715202004e-14]
other derivatives =  [ 0.314094   -3.73129296 -0.53782969  7.21270226  1.50448614  3.0818228 ]
Current x_clock array =  [-0.58416133 -0.72054293 -0.7050462   0.72577341 -2.5592391  -0.93436221
  0.06031641  0.         -0.51082562]
log likelihood =  2072.791595208486
Lr derivatives =  [1.321658852003715, -30.69934330906932, 1.7763568394002505e-15]
other derivatives =  [-0.93968993  6.31507646 -0.57943907  1.95263965  0.62300387  1.7043476 ]
Current x_clock array =  [-0.58521541 -0.70835222 -0.70316194  0.61656674 -2.69121714 -1.00515855
  0.15298181  0.         -0.51082562]
log likelihood =  2072.8300901722278
Lr derivatives =  [-2.0848977215345528, -31.447454479767288, 5.329070518200751e-15]
other derivatives =  [ 7.10233508 -9.87565727 -2.0733296   0.71995601 -3.20324034  1.1409611 ]
Current x_clock array =  [-0.57843922 -0.73427698 -0.70592589  0.56700921 -2.76787751 -1.04799984
  0.17172667  0.         -0.51082562]
log likelihood =  2072.7107059570217
Lr derivatives =  [-0.20785126250142838, -31.031381655938624, -2.3092638912203256e-14]
other derivatives =  [ 2.63830771 -1.11012923 -1.26146915  1.38484211 -1.10026122  1.446233  ]
Current x_clock array =  [-0.58216957 -0.72000519 -0.70440431  0.59429103 -2.72567535 -1.02441536
  0.16140747  0.         -0.51082562]
log likelihood =  2072.67967851912
Lr derivatives =  [0.8402909982115094, -30.593069836652035, 1.9539925233402755e-14]
other derivatives =  [ 1.16551746 -0.56070348  0.19645086  0.54978955 -0.57025318  1.29284672]
Current x_clock array =  [-0.58336397 -0.71946255 -0.70168008  0.57636471 -2.7309977  -1.0364872
  0.16945483  0.         -0.51082562]
log likelihood =  2072.6533485322952
Lr derivatives =  [1.3935754667332727, -30.316659640725817, 1.9539925233402755e-14]
other derivatives =  [-0.49499249 -0.21659616 -0.22810127 -0.09968062 -0.20204425  1.17129275]
Current x_clock array =  [-0.5846664  -0.71893353 -0.70257779  0.56020771 -2.72688698 -1.05136547
  0.16752174  0.         -0.51082562]
log likelihood =  2072.609101106424
Lr derivatives =  [1.473750324171471, -30.08461153192816, 1.9539925233402755e-14]
other derivatives =  [-1.98174348 -0.00254659  0.41604835 -0.92518349  0.18180799  1.01631485]
Current x_clock array =  [-0.58586703 -0.71823486 -0.70208285  0.5372163  -2.70627358 -1.08104401
  0.15026493  0.         -0.51082562]
log likelihood =  2072.5630277625996
Lr derivatives =  [0.578011765540758, -30.120581910839988, 8.881784197001252e-15]
other derivatives =  [-2.53762664  0.3862624  -0.7977178  -1.33277354  0.19308573  0.86192813]
Current x_clock array =  [-0.58632821 -0.71680321 -0.70534327  0.52197844 -2.67370326 -1.12293808
  0.11941836  0.         -0.51082562]
log likelihood =  2072.5753586857463
Lr derivatives =  [-0.6947219076483631, -30.068850199036426, -3.552713678800501e-15]
other derivatives =  [ 2.33621904 -0.54724296  7.44144018 -1.3087174   0.51036295  0.63650987]
Current x_clock array =  [-0.58291727 -0.7174696  -0.69191302  0.52272441 -2.62940048 -1.18667077
  0.08431996  0.         -0.51082562]
log likelihood =  2072.543718519588
Lr derivatives =  [0.047726783560367636, -30.097216670095843, -8.881784197001252e-15]
other derivatives =  [-0.40249688 -0.01555236  2.78719199 -1.32108653  0.32769094  0.75610842]
Current x_clock array =  [-0.5848293  -0.71709605 -0.69944147  0.52230625 -2.65423483 -1.1509448
  0.1039947   0.         -0.51082562]
log likelihood =  2072.5209568161176
Lr derivatives =  [-0.907205675294211, -30.318505617614253, -3.552713678800501e-15]
other derivatives =  [-0.6395112  -0.37261998  1.23332029 -0.85265128 -0.00341061  0.70072019]
Current x_clock array =  [-0.58494972 -0.71719075 -0.70262971  0.53120234 -2.64037924 -1.1717238
  0.08967079  0.         -0.51082562]
log likelihood =  2072.508440382798
Lr derivatives =  [-0.9411789235315098, -30.277227403668626, -1.0658141036401503e-14]
other derivatives =  [ 5.31340447  1.04196261 -0.93896233 -0.38749022 -0.11923476  0.52318683]
Current x_clock array =  [-0.58065763 -0.71505787 -0.70656968  0.54263581 -2.63735777 -1.20116418
  0.08685544  0.         -0.51082562]
log likelihood =  2072.492490479256
Lr derivatives =  [-1.306737568295162, -30.369041223760856, -2.4868995751603507e-14]
other derivatives =  [ 2.18542482e+00  9.67702363e-02 -4.71663952e-01 -3.18323146e-04
 -4.02951628e-01  4.75165507e-01]
Current x_clock array =  [-0.58286518 -0.71649325 -0.70563978  0.55180679 -2.63825891 -1.21039825
  0.08690336  0.         -0.51082562]
log likelihood =  2072.4781150728354
Lr derivatives =  [-1.094437194663982, -30.222415255534134, 1.9539925233402755e-14]
other derivatives =  [-0.05088623 -0.34801815  0.06739356  0.1972694  -0.46052264  0.31836862]
Current x_clock array =  [-0.58451556 -0.71736968 -0.70444505  0.55814512 -2.64153328 -1.23400891
  0.09120849  0.         -0.51082562]
log likelihood =  2072.468431992896
Lr derivatives =  [-0.40136579792916116, -29.867882804252254, 8.881784197001252e-15]
other derivatives =  [-0.84860403 -0.3725745   0.23283064  0.17521415 -0.21159394  0.10072654]
Current x_clock array =  [-0.58519974 -0.7176706  -0.70392728  0.56045779 -2.64247602 -1.26929981
  0.09598039  0.         -0.51082562]
log likelihood =  2072.466723227612
Lr derivatives =  [0.01817238515624453, -29.66572965610216, -8.881784197001252e-15]
other derivatives =  [-0.2696197  -0.16880222  0.01132321  0.05256879  0.03560672  0.01582521]
Current x_clock array =  [-0.58484664 -0.71743483 -0.7042948   0.55881652 -2.64025824 -1.28497376
  0.09655859  0.         -0.51082562]
log likelihood =  2072.4666386280196
Lr derivatives =  [0.04018071298267856, -29.64857038662356, -2.1316282072803006e-14]
other derivatives =  [-0.09840733  0.10918484  0.01537046  0.02382876  0.04038156  0.0039563 ]
Current x_clock array =  [-0.58472925 -0.71700726 -0.70430546  0.55808544 -2.64010011 -1.28719101
  0.096343    0.         -0.51082562]
log likelihood =  2072.4666135598864
Lr derivatives =  [0.04174949919421245, -29.645532866321943, -1.0658141036401503e-14]
other derivatives =  [0.00536602 0.02964953 0.00109139 0.00673026 0.03915375 0.00245564]
Current x_clock array =  [-0.58465187 -0.7171332  -0.70433405  0.55762284 -2.64023899 -1.28738851
  0.09636138  0.         -0.51082562]
log likelihood =  2072.466603930079
Lr derivatives =  [0.02104593897722218, -29.650997805019315, -1.2434497875801753e-14]
other derivatives =  [ 0.03010427 -0.00063665 -0.00754881 -0.0005457   0.02114575  0.00209184]
Current x_clock array =  [-0.58462966 -0.71717863 -0.7043557   0.55732462 -2.64047334 -1.28743619
  0.09631848  0.         -0.51082562]
log likelihood =  2072.46660066263
Lr derivatives =  [0.0025931882186007726, -29.655751351415553, -3.552713678800501e-15]
other derivatives =  [ 0.01195986 -0.00368345 -0.00086402 -0.00077307  0.00200089  0.00022737]
Current x_clock array =  [-0.58463941 -0.71718396 -0.70434553  0.55723326 -2.64074094 -1.28768533
  0.09634129  0.         -0.51082562]
      fun: 2072.46660066263
 hess_inv: <9x9 LbfgsInvHessProduct with dtype=float64>
      jac: array([ 1.19598553e-02, -3.68345354e-03, -8.64019967e-04, -7.73070497e-04,
        2.00088834e-03,  2.27373675e-04,  2.59318822e-03, -2.96557514e+01,
       -3.55271368e-15])
  message: b'CONVERGENCE: REL_REDUCTION_OF_F_<=_FACTR*EPSMCH'
     nfev: 27
      nit: 23
   status: 0
  success: True
        x: array([-0.58463941, -0.71718396, -0.70434553,  0.55723326, -2.64074094,
       -1.28768533,  0.09634129,  0.        , -0.51082562])
