number of sites to be analyzed:  334
log likelihood =  4672.4594760467335
Lr derivatives =  [-208.83738376391426, -353.814292546525, -131.08463512071447]
other derivatives =  [ 48.34437277 -35.9972546    8.18172339  27.08638931 268.26692192
  33.12570698]
Current x_clock array =  [-0.6455934  -0.74189928 -0.5779319   0.74193734 -0.10536052 -0.51082562
 -0.51082562 -0.51082562 -0.51082562]
log likelihood =  4459.842916010151
Lr derivatives =  [92.16508668591148, -179.31437479497885, -44.52836906856382]
other derivatives =  [-181.40253815   -4.8927177   -69.71358744   12.97676135  208.619349
   41.86667866]
Current x_clock array =  [-0.78525853 -0.73990041 -0.6015686   0.66368576 -0.88037385 -0.60652458
  0.09249795 -0.50934987 -0.50934987]
log likelihood =  4314.808233925645
Lr derivatives =  [145.23323827593077, -79.71949016458845, 13.865788082729772]
other derivatives =  [290.58492146  46.76994649  41.1898327    6.42185114 133.26462067
  33.30524123]
Current x_clock array =  [-0.546282   -0.74531661 -0.49070266  0.59069458 -1.74786649 -0.74271595
  0.30829832 -0.33998981 -0.48541551]
log likelihood =  4233.39481095956
Lr derivatives =  [2.225477222285697, -109.13120767149107, -9.814054907637484]
other derivatives =  [-0.48930815  6.03149601 78.51604096 17.53433025 -6.65322659 19.95367711]
Current x_clock array =  [-0.66211589 -0.80017972 -0.45060175  0.52370082 -2.58527836 -0.88382656
  0.38093371 -0.19774079 -0.50306059]
log likelihood =  4216.831795271177
Lr derivatives =  [8.253444175738785, -86.22508739644874, 5.2342681337698025]
other derivatives =  [  1.43900252  -7.95389496 -62.69838195  17.87402653 -18.00872269
  17.58726285]
Current x_clock array =  [-0.65778225 -0.81733599 -0.52920494  0.49764502 -2.66733567 -0.9261311
  0.32894421 -0.03678696 -0.49345042]
log likelihood =  4211.030409420404
Lr derivatives =  [18.85651096533091, -77.85392753355842, 10.322495530819966]
other derivatives =  [  1.99679562  -6.68878783 -32.97491276  15.34062903  -8.27758413
  18.0236384 ]
Current x_clock array =  [-0.65874863 -0.81328358 -0.51286141  0.48799383 -2.58837575 -0.93390102
  0.28114647  0.         -0.4908846 ]
log likelihood =  4207.824068846299
Lr derivatives =  [21.89639862352559, -83.07129970944072, 4.533372462877068]
other derivatives =  [ 0.57370926  1.25792212 23.39402272 12.39295671  5.48998287 18.55096343]
Current x_clock array =  [-0.66064156 -0.79520696 -0.48598459  0.46809588 -2.4056595  -0.95014384
  0.18002527  0.         -0.49860184]
log likelihood =  4206.295394636355
Lr derivatives =  [12.427972075813916, -92.99200088159944, -2.98139711682688]
other derivatives =  [ 0.52923497  2.54412953 31.13018465 10.3934326   7.46194928 17.61391104]
Current x_clock array =  [-0.65997741 -0.78684655 -0.48560849  0.4406351  -2.31918419 -0.98213058
  0.11021766  0.         -0.50109837]
log likelihood =  4203.586977159834
Lr derivatives =  [-8.530020940554682, -108.19515108632197, -9.320438038422381]
other derivatives =  [-2.39815563  3.68590918 21.10336936  3.56521923  3.06254151 14.09880497]
Current x_clock array =  [-0.65962987 -0.77587456 -0.49775302  0.35652739 -2.2564449  -1.09816198
  0.01996937  0.         -0.48181193]
log likelihood =  4201.62039559589
Lr derivatives =  [-14.549313600096905, -109.13406781766139, -4.6332842119918]
other derivatives =  [-2.99924068 -1.8704668   1.40962584 -2.79878805 -4.2308784  10.70811777]
Current x_clock array =  [-0.65871931 -0.7813305  -0.51190177  0.28086016 -2.2964317  -1.23880747
  0.00985311  0.         -0.45630062]
log likelihood =  4200.475781966639
Lr derivatives =  [-8.978589234698115, -103.56449699197641, 1.0718430876506062]
other derivatives =  [ -2.60824891   3.5096491  -13.82159098  -5.99866326  -6.14982127
   7.87258614]
Current x_clock array =  [-0.65880389 -0.77731623 -0.52138921  0.24071496 -2.32808782 -1.38253638
  0.02635571  0.         -0.44144755]
log likelihood =  4199.490762424166
Lr derivatives =  [-2.8705037301053267, -97.95252575709391, 4.329579792833869]
other derivatives =  [  1.06629159 -10.41589712 -15.57973519  -9.10304152  -3.65907908
   5.0383278 ]
Current x_clock array =  [-0.65702426 -0.79577664 -0.52193249  0.21417952 -2.33359106 -1.57290064
  0.04187761  0.         -0.43242826]
log likelihood =  4198.587578693768
Lr derivatives =  [8.957038199010315, -90.26877732068677, 5.470966774484609]
other derivatives =  [ -2.93648554  12.01415216 -12.2905476   -8.96234269   0.76061042
   2.2230779 ]
Current x_clock array =  [-0.66101645 -0.77275477 -0.51800703  0.21742889 -2.32349246 -1.82370097
  0.06015663  0.         -0.43092272]
log likelihood =  4198.052668556267
Lr derivatives =  [6.813305189113549, -91.45025929810609, 1.29248058703768]
other derivatives =  [13.15383997  3.80832716  4.14302121 -7.18227966  0.88584784  1.13941496]
Current x_clock array =  [-0.65282443 -0.78321509 -0.50713988  0.24216469 -2.31779932 -1.96188025
  0.05900179  0.         -0.43561729]
log likelihood =  4197.816062219667
Lr derivatives =  [2.6049678236409655, -94.0639629552326, -3.5364312390629387]
other derivatives =  [-10.36214599  -3.80050551  14.94399839  -4.47180355   0.60781531
   0.3691639 ]
Current x_clock array =  [-0.66432371 -0.79079031 -0.49956721  0.27282179 -2.30365927 -2.0928289
  0.0519293   0.         -0.43946193]
log likelihood =  4197.681684646297
Lr derivatives =  [2.080805336927618, -94.84593181918467, -4.247617423814987]
other derivatives =  [-1.18880052 -0.93859853 11.87554517 -3.1765012   1.01254045  0.23037501]
Current x_clock array =  [-0.65956847 -0.78732199 -0.5018298   0.28502568 -2.29202686 -2.1261665
  0.04436349  0.         -0.4386013 ]
log likelihood =  4197.569218620399
Lr derivatives =  [1.061043406341776, -95.62851307778928, -3.8348708797409046]
other derivatives =  [ 3.33711796  0.84028215  2.50865924 -0.90522008  0.92704795  0.05575203]
Current x_clock array =  [-0.65693417 -0.78483618 -0.50788967  0.30434447 -2.27883483 -2.18167295
  0.03382061  0.         -0.43350741]
log likelihood =  4197.5408284663345
Lr derivatives =  [0.1463596954583437, -95.70814734537112, -1.9660895260986102]
other derivatives =  [ 1.95550456  0.70458555 -0.34897312 -0.08367351  0.36006895  0.01427907]
Current x_clock array =  [-0.65744579 -0.78464163 -0.5097626   0.31068571 -2.2761338  -2.2114747
  0.02823514  0.         -0.42684442]
log likelihood =  4197.534001981506
Lr derivatives =  [-0.05295548585504939, -95.30607859331747, -0.0659636572490605]
other derivatives =  [ 0.32714524  0.16798367 -0.20072548  0.0689397   0.05356924  0.01482476]
Current x_clock array =  [-0.65823324 -0.78515115 -0.50965046  0.31185353 -2.27665972 -2.22637409
  0.02630284  0.         -0.42169064]
log likelihood =  4197.533872106961
Lr derivatives =  [-0.0009101138257019414, -95.22790588906751, 0.011218498599635751]
other derivatives =  [-0.0851287  -0.05902621 -0.10304575  0.02155502  0.02919478  0.01045919]
Current x_clock array =  [-0.65844311 -0.7854367  -0.50955786  0.3114318  -2.27725974 -2.22775075
  0.02669064  0.         -0.42157397]
log likelihood =  4197.533853057573
Lr derivatives =  [0.007358611427253692, -95.21128529534788, 0.023241850999625058]
other derivatives =  [-0.05265974 -0.02346496  0.00600267  0.01045919  0.01700755  0.00663931]
Current x_clock array =  [-0.65843145 -0.78540704 -0.50948542  0.31133313 -2.27741652 -2.2288262
  0.02675471  0.         -0.42153756]
log likelihood =  4197.5338456773425
Lr derivatives =  [0.009284873529079363, -95.20519360074005, 0.009640600109207753]
other derivatives =  [-0.00727596 -0.00227374  0.02619345  0.00218279  0.00309228  0.00190994]
Current x_clock array =  [-0.6584096  -0.78539183 -0.50947082  0.31123533 -2.27755042 -2.23001826
  0.02680631  0.         -0.42154939]
      fun: 4197.5338456773425
 hess_inv: <9x9 LbfgsInvHessProduct with dtype=float64>
      jac: array([-7.27595761e-03, -2.27373675e-03,  2.61934474e-02,  2.18278728e-03,
        3.09228199e-03,  1.90993887e-03,  9.28487353e-03, -9.52051936e+01,
        9.64060011e-03])
  message: 'CONVERGENCE: REL_REDUCTION_OF_F_<=_FACTR*EPSMCH'
     nfev: 22
      nit: 21
     njev: 22
   status: 0
  success: True
        x: array([-0.6584096 , -0.78539183, -0.50947082,  0.31123533, -2.27755042,
       -2.23001826,  0.02680631,  0.        , -0.42154939])
{('N0', 'N1'): [2.0425643826183797, 2.0425643826183806], ('N0', 'ENSLOCG'): [0.0, 0.0], ('N1', 'ENSGACG'): [8.14573370448798, 8.232056059011157], ('N1', 'ENSDARG'): [8.380078280845968, 8.72971029028104]}
