number of sites to be analyzed:  197
log likelihood =  -7292.337707983073
Edge derivatives =  [33.67037866752482, 25.412640292038642, 65.94817562827976, 47.30900676954688, 15.2675326036543, 32.08827756281572, 108.23079420607326, 74.62355521726477, 36.90395306300307, 42.619136969547846, 18.60098939477092, 47.9751841332148, 219.52367852101256, 47.74929043457139, 62.86998178220821, 79.84251749403252]
other derivatives: [ -45.36286724   52.97415555  -82.22068573    5.17902663 -362.72458601
  129.23164832]
Current x array =  [-0.6496176  -0.94030462 -0.54257432  0.74193734 -0.10536052 -0.51082562
 -4.60517019 -4.60517019 -4.60517019 -4.60517019 -4.60517019 -4.60517019
 -4.60517019 -4.60517019 -4.60517019 -4.60517019 -4.60517019 -4.60517019
 -4.60517019 -4.60517019 -4.60517019 -4.60517019]
log likelihood =  -6868.480989002335
Edge derivatives =  [30.14502787624584, 26.014043171249078, 66.72691294482834, 47.076029684752285, 14.069703104984807, 31.050506355911487, 109.32516996445447, 72.79300368685902, 32.616514089869135, 41.93595671901207, 18.491127384788275, 49.141104263436546, 225.30496624216616, 43.79136491438204, 61.38397421156331, 80.29309836603277]
other derivatives: [ 155.97415768   79.72284948  -34.73269317  -27.01217454 -229.61439754
  107.19941201]
Current x array =  [-0.74339232 -0.93846417 -0.71254201  0.7526435  -0.85518957 -0.49529915
 -4.53556633 -4.55263684 -4.46884125 -4.50737238 -4.57360894 -4.53883687
 -4.38143406 -4.45090739 -4.52888185 -4.51706734 -4.56671798 -4.50599525
 -4.15136794 -4.50646222 -4.47520453 -4.44011868]
log likelihood =  -7208.818475894676
Edge derivatives =  [29.36948007846172, 22.621504610301713, 65.28902389893915, 45.2419379942301, 11.531401935796302, 28.960439411936168, 104.90586648321666, 61.092944891035586, 25.09837867142497, 39.73478911786786, 16.214983124922746, 50.07544195468155, 149.51305584696667, 34.911749480087224, 50.75594684390573, 79.48708238878616]
other derivatives: [-1.42611848e+04 -1.35581104e+01  2.10919279e+02 -3.37822439e+02
  1.98384078e+02  9.32187504e+01]
Current x array =  [-0.05       -0.60948146 -1.42906068  0.56543706 -4.62398672 -0.32689071
 -4.11545779 -4.20960446 -3.58486209 -3.87953419 -4.37992609 -4.11999313
 -2.93215366 -3.47221897 -4.07179763 -3.95523441 -4.32000939 -3.85815931
 -1.18346489 -3.9024026  -3.65021694 -3.37381426]
log likelihood =  -6149.338122965015
Edge derivatives =  [24.50374414855939, 25.37729678407538, 65.73094897656733, 46.13225815496945, 11.638988271369932, 27.32847883314934, 108.92304631015753, 65.66710722231969, 27.214076876341665, 40.67297963295537, 16.92483547478452, 50.38803400475387, 211.26033593722903, 35.05457197723381, 54.740230811253774, 80.45659643141138]
other derivatives: [-900.35100584   68.96934792   31.26806405 -133.87907529   80.39614841
   78.22345651]
Current x array =  [-0.38565426 -0.76873394 -1.08221151  0.65605912 -2.79960417 -0.40841311
 -4.31882207 -4.37565805 -4.01277479 -4.18345531 -4.47368322 -4.32274514
 -3.63371486 -3.9459781  -4.29306092 -4.227204   -4.43943499 -4.17176085
 -2.62015419 -4.19481309 -4.04957326 -3.88998616]
log likelihood =  -5747.188606344833
Edge derivatives =  [18.8995953020069, 22.141528013889427, 59.149610006094264, 38.13102008370364, 8.039147229900694, 21.310635664336605, 92.33527390250582, 54.4334833198939, 22.17911248042341, 37.70535588297927, 12.370326937368715, 48.978146217068385, 82.63933988632374, 23.607322425162035, 44.83477791812645, 70.75644755654419]
other derivatives: [274.24848668 -98.30691852  34.7616151  -92.41102816 191.92330001
  47.59640433]
Current x array =  [-0.82256607 -0.54299752 -1.41501752  0.42211294 -4.65591442 -0.29146262
 -4.07710067 -4.17235494 -3.48870774 -3.81194077 -4.36182172 -4.07842582
 -2.7734249  -3.37321238 -4.02962186 -3.89543672 -4.29461846 -3.78541888
 -0.86911246 -3.84719193 -3.56734247 -3.25679675]
log likelihood =  -5655.50143220758
Edge derivatives =  [18.610146932540673, 22.020384501013517, 58.464160790632896, 37.16616529923994, 7.886082563074158, 20.799679176420003, 88.35251915092, 52.25808168798412, 21.388195958209625, 37.05564068258797, 11.929185613413267, 48.275721053630384, 59.826743680287336, 23.287342517071625, 43.2246394668396, 68.74317332960138]
other derivatives: [178.46969058 -69.75678843  71.96358638 -69.95678632 190.87674445
  43.03792593]
Current x array =  [-0.73988812 -0.57929777 -1.4195695   0.3257283  -4.69483419 -0.23452609
 -4.03897504 -4.13551737 -3.39233791 -3.74631266 -4.34462668 -4.03808844
 -2.61846191 -3.27543557 -3.98697147 -3.83436381 -4.27082084 -3.71052313
 -0.62679984 -3.79478362 -3.48573702 -3.14081251]
log likelihood =  -5421.9923736241435
Edge derivatives =  [21.864571634297732, 20.450342857782964, 55.977421757321125, 32.354063276233795, 7.724557940591288, 20.27043785849058, 56.70822916232103, 38.088883218294924, 19.14228402852559, 32.16105771437395, 9.342909806563936, 41.383265829176295, 31.13644223692689, 24.510627378346506, 34.60741400308726, 53.05881531558954]
other derivatives: [-2050.92055694   -14.0758857    120.59463188   -22.68479875
   141.52101357    18.16588338]
Current x array =  [-0.22646062 -0.80166547 -0.97258761 -0.18848799 -4.00064875  0.18387143
 -3.84512955 -3.9297538  -2.85248531 -3.39148036 -4.25912385 -3.82826214
 -1.78462331 -2.76309892 -3.76990718 -3.4936336  -4.1487136  -3.28015309
  0.30065084 -3.53672637 -3.05884429 -2.50251162]
log likelihood =  -5401.276107701831
Edge derivatives =  [19.840520306357824, 21.67048214952263, 58.681292587645075, 35.67531745538531, 8.114677821185708, 20.767173853168437, 77.27586477317656, 46.747231146482015, 20.484244468292204, 35.54775763936543, 11.159666050136073, 46.027310544278954, 44.430119356088255, 24.426784399925246, 40.005711210502774, 63.17337821169791]
other derivatives: [-305.98239391    6.79319783  113.33422663  -19.93930709  172.61081666
   31.07834345]
Current x array =  [-0.48141721 -0.69124265 -1.1945488   0.0668603  -4.34536568 -0.0238954
 -3.94138888 -4.03193138 -3.12056402 -3.56768213 -4.30158264 -3.93245718
 -2.19868887 -3.01751382 -3.87769645 -3.66283259 -4.20934932 -3.4938652
 -0.15990038 -3.66487182 -3.27082966 -2.81947754]
log likelihood =  -5164.449458424484
Edge derivatives =  [21.733819968522333, 18.528231814087214, 52.46084252476089, 27.3220368885019, 7.00545603837067, 18.14519734207357, 27.914975205094017, 28.967938878260192, 17.833669264269435, 28.2946178556577, 7.40297709875143, 36.16111828833835, 37.071214147185884, 23.418262463589286, 28.310257982681957, 37.729249033331016]
other derivatives: [-1360.34650495     7.10424501    42.4519385     44.59607226
    90.76356946   -17.1836291 ]
Current x array =  [-0.28045011 -0.84414298 -0.73746296 -0.39421543 -3.75758877  0.37548695
 -3.73655044 -3.81886326 -2.56004515 -3.20040038 -4.21152429 -3.71310257
 -1.34464307 -2.48910944 -3.65125836 -3.31092772 -4.08261797 -3.05109911
  0.8210613  -3.39213022 -2.82867142 -2.16339404]
log likelihood =  -4976.773636957987
Edge derivatives =  [19.27331404482437, 15.201295357465845, 44.35437440838005, 17.416252631395384, 5.447801511734931, 13.619681252374438, -16.407287107607917, 18.589486807791566, 15.794518652466179, 21.441108532935843, 3.667450054002544, 24.718631927511204, -47.53431148332538, 21.38662148383707, 13.676009023388627, 1.313189604142098]
other derivatives: [-407.20387915   66.53272067 -194.68334358  153.73598217  -35.19962775
 -144.6328497 ]
Current x array =  [-0.46494088 -0.94691081 -0.45867283 -0.79274691 -3.63082098  0.69604305
 -3.52318424 -3.60759657 -2.00488999 -2.83348632 -4.11753904 -3.48899019
 -0.5033181  -1.95658423 -3.41794362 -2.96329011 -3.95343745 -2.61948769
  1.94545168 -3.10506915 -2.38122656 -1.51735158]
log likelihood =  -4908.527571725082
Edge derivatives =  [18.473684176016345, 16.070572417341744, 48.55073694394495, 20.310259301559416, 5.547549958510373, 14.865025824893639, -0.43352778833276595, 24.723821104675334, 16.278164718015912, 25.468509385970233, 5.4998544885507785, 32.105326426388444, 23.269749125250456, 21.321423396743057, 19.814891819456466, 18.834376449057494]
other derivatives: [-24.16936695  21.56739356  74.39393812 110.74298527  63.70719348
 -77.37680789]
Current x array =  [-0.62008452 -0.83585897 -0.74598512 -0.56677294 -4.05294755  0.48611752
 -3.57124687 -3.6640488  -2.15255216 -2.93236368 -4.13928417 -3.54461839
 -0.75560668 -2.0974126  -3.47344903 -3.05822651 -3.98691949 -2.74294809
  1.70743989 -3.16815235 -2.49992156 -1.70901782]
log likelihood =  -4862.622197675326
Edge derivatives =  [16.526110854651545, 15.317091865411992, 45.221940868680356, 17.562418723505534, 4.953666675992814, 13.430345388595958, -9.43403412185142, 22.310404045836, 15.372122104580086, 23.973587636229514, 4.586537006149546, 29.425994773194724, -1.8949458590066715, 20.316876066764156, 16.119752193711985, 10.58847240973009]
other derivatives: [-14.66796675  -0.94696588  66.76054909 112.35570128  32.60111043
 -91.15028661]
Current x array =  [-0.63829228 -0.82546262 -0.69228198 -0.53165433 -4.02235161  0.45739502
 -3.50216929 -3.59881623 -1.97529425 -2.82691022 -4.11146767 -3.47729199
 -0.56382839 -1.94824082 -3.40181158 -2.9523598  -3.95138244 -2.61218967
  1.98462076 -3.07842713 -2.37644445 -1.5445203 ]
log likelihood =  -5191.901730191661
Edge derivatives =  [8.423508943074212, 15.3170897919267, 22.761692745222664, 8.964352692192497, 6.253845703246721, 11.575707679016165, -42.41389364989213, 2.6553677031273666, 15.59965811794994, 19.636984538374737, 2.788849594798586, 8.617259520274713, -182.14162645306317, 23.771627634690486, 8.658408478885953, -28.602216594226352]
other derivatives: [  172.18862922    63.60496627 -6636.49425405    64.3030944
  -150.28981579   -35.70403351]
Current x array =  [-0.79612421 -1.1683913  -0.05        0.29206025 -4.28380426 -0.40871672
 -3.08581439 -3.19990587 -0.88092641 -2.24332226 -3.95163046 -3.08265229
  0.17669013 -1.11319468 -2.96647609 -2.31151404 -3.75966948 -1.8345
  3.27177976 -2.52150271 -1.71969509 -0.7879414 ]
log likelihood =  -4750.822426914133
Edge derivatives =  [12.740153703548298, 14.61553270973919, 41.804035647695294, 15.753908524237074, 4.9115143028061485, 13.021761616647003, -11.03222974091576, 19.656528494236, 15.32797744926795, 23.11235564817801, 4.298284995065116, 26.065626315032027, -43.23742297253505, 21.31664583154581, 14.617572108001054, 3.3682812228617567]
other derivatives: [  49.32744559   38.88872016 -165.04100131  101.81547623   -7.00865712
  -73.43533071]
Current x array =  [-0.70578168 -0.97209995 -0.41764028 -0.17943151 -4.13414955  0.08704304
 -3.32413469 -3.42824096 -1.50733928 -2.57736626 -4.0431208  -3.30854287
 -0.24718045 -1.59117259 -3.21566082 -2.67833223 -3.86940541 -2.27964724
  2.53501381 -2.84028458 -2.09561645 -1.22100489]
log likelihood =  -4668.700269867202
Edge derivatives =  [6.785159251995592, 11.764761742790455, 26.504294110028322, 10.047774852461023, 3.4944887303135004, 9.366164775427109, -18.58784618538536, 11.795219638703909, 12.564417241886625, 19.3622022887348, 2.725108240279023, 17.764132830884, -89.52538477969202, 18.209157138780768, 7.284799973271541, -11.235028814677651]
other derivatives: [154.1673555   16.81473805 -67.94653018  35.98997864 -47.19631761
 -41.54862836]
Current x array =  [-0.79426945 -1.03049707 -0.40927679  0.36620678 -4.37428228 -0.39545039
 -3.11127067 -3.22079294 -0.93484773 -2.28225506 -3.95993647 -3.10289079
  0.07707883 -1.17272274 -2.98735538 -2.34421777 -3.77232963 -1.87926202
  3.11923819 -2.54245367 -1.76450798 -0.86360938]
log likelihood =  -4621.094935418399
Edge derivatives =  [5.462885889142243, 10.901642386138546, 18.95622000317913, 9.109614996569208, 3.2103526107359857, 8.270469581488603, -14.269496260202917, 8.104821668690207, 11.458182612112784, 17.22373865038512, 2.465130603683179, 13.346215955318534, -41.704773104708025, 16.836906202061463, 6.148639424738601, -9.288447041768126]
other derivatives: [145.4136509  -16.46703822 -38.94365364 -11.85935616   3.65844244
 -22.90062184]
Current x array =  [-0.78893129 -1.01828385 -0.39063002  0.69866299 -4.4993085  -0.70604797
 -3.02949744 -3.12559191 -0.68820485 -2.17852744 -3.92782202 -3.01797102
  0.01846522 -1.04379205 -2.88471627 -2.18847633 -3.74189914 -1.71258403
  2.96244143 -2.39987879 -1.66775907 -0.8431328 ]
log likelihood =  -4578.632279691456
Edge derivatives =  [4.76038946732943, 10.872336094131326, 4.49256980009303, 9.744657675608677, 2.6947132462826575, 6.9068386596801785, -3.7430217803501464, 1.2876884591810667, 9.466437795371505, 11.99454142481917, 2.38286264794675, 6.005361067038896, -19.773046240505074, 14.210574383984712, 4.677650421431127, -0.27864563977280077]
other derivatives: [ 1.00714988e+02  5.91790013e+01  1.20604818e+02 -4.75889465e+01
 -3.27418093e-02 -3.33729986e+00]
Current x array =  [-0.72491093 -1.23414925 -0.44544097  0.98016355 -3.95274294 -1.18047974
 -2.93621517 -2.97690735 -0.35702312 -2.05403339 -3.88948817 -2.90666775
 -0.253237   -0.93405591 -2.73921512 -1.95071356 -3.71432265 -1.48758221
  2.30295779 -2.19290093 -1.58960775 -0.95050606]
log likelihood =  -4561.150953163203
Edge derivatives =  [4.30541123322666, 10.749839016270231, -4.459151312820913, 9.738908432316698, 2.4449971618007256, 6.528364974012162, -0.30351113665706697, -3.438495562725366, 8.408354801977868, 8.551917385677683, 2.198737486753915, -0.040619284254749866, -8.24258298935969, 13.084858775326074, 3.4659206816523955, 1.5008546935408829]
other derivatives: [-32.48878784  17.92677722 -97.86481314 -36.18451956  -8.65611582
   0.71950126]
Current x array =  [-0.6621632  -1.18563991 -0.34882255  0.99756587 -3.72495651 -1.39898343
 -2.87863152 -2.87997465 -0.18240717 -1.96732037 -3.86383009 -2.83520284
 -0.36899177 -0.8700284  -2.64619514 -1.80782806 -3.69377876 -1.3623304
  1.9529254  -2.05988603 -1.53387386 -0.98916654]
log likelihood =  -4555.046159086562
Edge derivatives =  [3.917694369890838, 10.666629659307182, -8.173895410321519, 9.386000466806994, 2.1620376058448456, 6.1249333041097005, -0.5013156699232852, -4.324865365655059, 7.570682912307621, 7.417183903550204, 2.1424414553582354, 0.3137353084219718, 0.36203066972125497, 11.479765096253205, 3.1875245634651406, 2.8212353265809926]
other derivatives: [-51.24256859  -9.7674274   14.68879418 -26.99343895  -1.08520908
   0.88921297]
Current x array =  [-0.65104836 -1.11304482 -0.40272296  0.86344802 -3.66403787 -1.33567852
 -2.89383261 -2.88311079 -0.23365917 -1.98163123 -3.86792811 -2.84449243
 -0.41017834 -0.91358572 -2.65387138 -1.82136036 -3.70011189 -1.39408714
  1.8338146  -2.06641182 -1.56069754 -1.03040073]
log likelihood =  -4552.026645158422
Edge derivatives =  [3.4787495618183906, 10.33412448528556, -10.156210484154839, 8.69292871324947, 1.96605092613669, 5.743692940561723, -2.743345701749071, -5.5190771319287295, 7.043757273122134, 6.2553593034364345, 1.9831398553173425, -0.7338179108695075, -1.6640223419554934, 10.594054823794464, 2.14453444326974, 1.1595737220978577]
other derivatives: [-36.51557563 -16.85939424  15.06878107 -15.85985956  -4.00559657
   0.27803253]
Current x array =  [-0.66248453 -1.0924581  -0.40512618  0.78378456 -3.66604057 -1.32009116
 -2.88225267 -2.86130428 -0.22437387 -1.95699084 -3.86163017 -2.82858827
 -0.38530051 -0.90188432 -2.63477678 -1.79801873 -3.69305818 -1.37959699
  1.84901052 -2.03933186 -1.5422356  -1.01046312]
log likelihood =  -4546.67460857692
Edge derivatives =  [2.769850762584123, 9.930742599153703, -12.30195554404689, 7.704713144220303, 1.5343178235939574, 4.8983700142817845, -4.540837857318541, -7.635606403095465, 5.5057935271555625, 2.8061733500374206, 1.6726972638902977, -3.2941303525642516, -0.6630913271030845, 8.05164635928458, -0.06909121675294366, -1.3010774201711446]
other derivatives: [-1.64463927 -5.32336344  6.43503881  4.43242243 -6.09188646 -0.48084985]
Current x array =  [-0.68463967 -1.10651139 -0.40155413  0.6517609  -3.6584298  -1.3413542
 -2.83536329 -2.76424091 -0.21185531 -1.86205176 -3.83761958 -2.76358099
 -0.37410737 -0.88819441 -2.55573856 -1.70705039 -3.66812849 -1.33256929
  1.82070246 -1.92573374 -1.48942337 -0.97615173]
log likelihood =  -4543.2629171672
Edge derivatives =  [2.284204201799174, 9.731276384615974, -11.361043328394459, 6.929290729263173, 1.178793238703438, 4.126047395486575, -4.6812753077502505, -8.57005152575381, 3.935256451009861, -0.35491299320323444, 1.4192703697696456, -4.988051787507095, 2.436282001138538, 5.250610079751675, -1.778720863807445, -2.9323837848443124]
other derivatives: [11.6377123  -0.88248271 -5.92681317 13.96101652 -2.22407834 -0.75970092]
Current x array =  [-0.69373277 -1.11607195 -0.39429304  0.58865994 -3.68766869 -1.37829463
 -2.78483931 -2.65072881 -0.23316594 -1.75693126 -3.81217183 -2.6924881
 -0.38110679 -0.89801954 -2.47131138 -1.62188461 -3.64151459 -1.30160561
  1.81514022 -1.80417807 -1.44418794 -0.95111763]
log likelihood =  -4537.985909857667
Edge derivatives =  [1.5615357845404298, 9.562483215774442, -6.897782640568455, 5.4339647735809224, 0.6625690956078456, 2.905459293636164, -3.115391548858304, -8.417942562129765, 1.2012060768618797, -4.989909233827692, 1.093820617596362, -6.084544133409849, 5.334384307339734, -0.16039203832954868, -3.580884432527114, -4.061546258346463]
other derivatives: [ 16.95807441   4.86106728 -10.57078407  19.67564458   3.34930519
  -0.6951268 ]
Current x array =  [-0.69673437 -1.13305484 -0.38846503  0.54960753 -3.72664384 -1.44466686
 -2.69864883 -2.42811044 -0.32748652 -1.56545394 -3.76880538 -2.56628983
 -0.42599061 -0.96656735 -2.32724514 -1.50284068 -3.59561102 -1.28837884
  1.82168362 -1.5990449  -1.39282541 -0.93744782]
log likelihood =  -4533.584520823941
Edge derivatives =  [0.005151296094679125, 8.469614605894053, -1.4876381778581385, 1.2897830267512647, 0.1980689375241248, 1.6001863877113511, 5.556554311321679, -3.8928908764213346, -2.330599091092989, -8.06840562200712, 1.0267093921405013, -4.0520164826029665, 10.763586722332303, -7.835968409796147, -1.4754824390190435, 1.0975631598806599]
other derivatives: [ 76.43811841 -11.31738827 -13.04015314  10.45109457   4.25980033
   2.03781383]
Current x array =  [-0.74033369 -1.09586377 -0.37801199  0.61167839 -3.59375642 -1.56707264
 -2.58201668 -2.00595333 -0.51017605 -1.27246182 -3.71006523 -2.37680104
 -0.61519542 -1.19935305 -2.1432732  -1.43499472 -3.5318142  -1.35952708
  1.64615494 -1.37061021 -1.41100312 -1.04709863]
log likelihood =  -4530.336942570833
Edge derivatives =  [-1.1953879896462334, 6.866266456795438, 4.331346118625995, -3.954771295507494, -0.18200443113064746, 0.27351079959964075, 2.581471287899042, -3.194133661845111, -4.615599341613661, -9.127066352510978, 0.7303258467785103, -1.8181765712149138, -12.319152675049432, -12.741437670672763, -2.727124317094705, -3.117869085171828]
other derivatives: [-35.02273103 -17.25757102   4.06971594  13.88752935 -11.57641236
   0.52987161]
Current x array =  [-0.66771401 -1.11233125 -0.38936277  0.59374751 -3.72191927 -1.52393535
 -2.49550329 -1.70471048 -0.67938187 -1.04990487 -3.66629867 -2.24169226
 -0.53575996 -1.33314568 -2.02975463 -1.4309185  -3.47468869 -1.43168695
  1.9617873  -1.24822798 -1.38645819 -0.98960055]
log likelihood =  -4527.079262537719
Edge derivatives =  [-0.13705455624388463, 8.326370660166445, 4.855049396029729, 0.09657995081549259, 0.3307582565040792, 1.998908122041538, 2.86732983420916, -2.303403577583554, -2.042565326477207, -4.647661473916864, 1.1361168294923532, 0.18670579604663146, -7.287503310618228, -6.723809645898276, -0.2233297577446073, -0.25114304683061184]
other derivatives: [ 6.47905836 -3.46844899 -0.37080099  0.90249159 -4.98039299  0.65901986]
Current x array =  [-0.68812478 -1.12650799 -0.38651874  0.67959745 -3.70766998 -1.49409844
 -2.55846452 -1.84853442 -0.63502285 -1.18835118 -3.6976096  -2.32981707
 -0.53643895 -1.31099263 -2.13443311 -1.52820031 -3.50782057 -1.45660711
  1.91869379 -1.40110415 -1.43764041 -1.0234268 ]
log likelihood =  -4526.10313936921
Edge derivatives =  [-0.2927828557763885, 8.0239090248419, 4.926777661111407, -0.23164904355026686, 0.4059818207712088, 2.1855498333970975, 4.298969081111633, -1.300889617162113, -1.7786162840653086, -3.473421970572473, 1.2419924965885647, 1.13022697887325, -3.9060870157801166, -5.983548904880899, 0.8700461295650568, 1.3185886977814572]
other derivatives: [ 3.1064701  -2.66936695  0.96679287 -3.61824277 -2.58278305  1.1929842 ]
Current x array =  [-0.68453798 -1.1298634  -0.38625638  0.70977972 -3.68193711 -1.50096935
 -2.55458206 -1.78221579 -0.64393914 -1.16980598 -3.69454204 -2.31321223
 -0.5566597  -1.35730135 -2.13692168 -1.56216109 -3.50160928 -1.48035029
  1.86785094 -1.42507806 -1.45760053 -1.05149578]
log likelihood =  -4523.703957331709
Edge derivatives =  [-0.8763786195879725, 6.0092084806952295, 5.348782527287962, -1.5731226770090487, 0.5520916548101393, 2.365064377040579, 3.514022831921431, 0.25926790890777107, -0.7011455068461855, -0.013335495224326699, 1.3670681617725537, 3.3729871985022037, 0.9656024719741438, -3.219467815337082, 2.663305254484997, 2.36915131405849]
other derivatives: [-5.60521585 -4.03060767 -9.49867172 -6.82848622  4.07580956  0.75306161]
Current x array =  [-0.67710946 -1.13119942 -0.38180086  0.72832333 -3.70167251 -1.45672471
 -2.54078573 -1.51890761 -0.67689339 -1.10392161 -3.67775439 -2.23735578
 -0.51976103 -1.4983299  -2.14554747 -1.6772551  -3.46629228 -1.54605804
  1.8453669  -1.51983245 -1.48806314 -1.0765219 ]
log likelihood =  -4528.921699526376
Edge derivatives =  [-2.56991265538193, -1.805670407751483, 1.696171076441789, -7.182545308035361, 0.24071149410945522, -0.14710344122316105, -0.02553772662813269, 0.4623024802847118, -0.590952654362042, 1.5295226637783619, 0.9678121803102294, 3.2412537951101905, -3.351024654643166, -2.352692852720265, 1.5739992512485406, 0.1887054996708616]
other derivatives: [ 52.24537745  33.7313395  128.05030565 -20.12830009  -1.01599653
   0.76224751]
Current x array =  [-0.69771442 -1.22284637 -0.43178681  0.81712976 -3.72335561 -1.4888418
 -2.46516814 -0.96408186 -0.63333636 -0.90327362 -3.62122335 -2.03092372
 -0.41521733 -1.6781808  -2.08108954 -1.76947479 -3.37204191 -1.56172157
  1.92029834 -1.57702929 -1.45491943 -1.05012893]
log likelihood =  -4523.143399498512
Edge derivatives =  [-1.3126915306948774, 4.500040184295092, 4.462381849478847, -2.8669784905283953, 0.4850849435820113, 1.8539770786391931, 2.6952427950447513, 0.3715569938132388, -0.673464914342246, 0.4003239306536062, 1.2785501162188426, 3.379062674010068, -0.021468007077772633, -2.998079279924675, 2.417185174502174, 1.8875520954622318]
other derivatives: [  8.92514436   5.41904228  25.10678314 -10.09511834   3.01961336
   0.703767  ]
Current x array =  [-0.68200773 -1.15298597 -0.39368365  0.74943463 -3.70682707 -1.46435967
 -2.52280972 -1.38701297 -0.6665389  -1.05622304 -3.66431568 -2.18828221
 -0.49490863 -1.54108453 -2.13022436 -1.69917781 -3.44388683 -1.54978162
  1.8631798  -1.53342943 -1.48018413 -1.07024769]
log likelihood =  -4522.079873512646
Edge derivatives =  [-1.719025499266433, 2.0799392667991015, 2.9997158362922596, -3.960703344471908, 0.47679356139097706, 1.5071462643768536, 0.11004017597561198, 0.2693145375384084, 0.05951761594465653, 1.7301439727398809, 1.2018959929268969, 3.364008975480791, 2.077368949703278, -1.3772799614055131, 2.441213815696886, 1.0990328794105118]
other derivatives: [ 2.2740096   3.37431629  3.69627742 -5.13891791  4.50472726 -0.05748007]
Current x array =  [-0.6789611  -1.15263883 -0.38482992  0.72359074 -3.71917448 -1.43748546
 -2.51292271 -1.20875496 -0.64569729 -1.01798741 -3.65022657 -2.13053167
 -0.44430682 -1.60503251 -2.13211927 -1.7544426  -3.4155007  -1.56059775
  1.85193074 -1.59344063 -1.47631086 -1.06372009]
log likelihood =  -4521.627526840358
Edge derivatives =  [-1.7863190706576701, 1.4074240992377043, 0.2660211747471898, -3.8261651059245883, 0.41965615849787735, 1.2318849411636401, -1.946119655246521, -0.22763963941638318, 0.48701146712370674, 1.7974882486152974, 1.0695646617493102, 2.2174800918985023, 3.598768947761587, -0.5576773373268081, 1.5419856202828708, 0.3349458391818031]
other derivatives: [-0.70604074 -1.02845661  5.65860319 -0.61691026  4.11127985 -0.33624019]
Current x array =  [-0.6785109  -1.14270212 -0.3873768   0.68984    -3.70273513 -1.4286624
 -2.52553113 -1.18910799 -0.59106071 -1.04773424 -3.64991493 -2.12581872
 -0.42026603 -1.59299881 -2.14895893 -1.76470686 -3.40975316 -1.53539707
  1.82085789 -1.6360086  -1.46363003 -1.05429213]
log likelihood =  -4523.689446476408
Edge derivatives =  [-1.7979655219017068, -0.1230025334673695, -3.088701519229116, -3.7903732892677358, 0.3634214370712709, 0.443464355232679, -3.22855506154039, -0.4434039917567998, 1.095519131438082, 1.2403082023455836, 0.7468428819787873, -1.274821411830703, -9.76713083291574, 0.6676985642811868, -0.5342855324421344, -1.7061119577188533]
other derivatives: [ 11.05854608  19.53731044 -79.50511645   5.06597644 -18.09676178
  -0.61700121]
Current x array =  [-0.68839142 -1.19093945 -0.35217721  0.71158073 -3.62783528 -1.48128584
 -2.52926895 -1.05739616 -0.48686603 -1.06332154 -3.63012256 -2.06043567
 -0.40599159 -1.58439987 -2.12737586 -1.73371606 -3.37223862 -1.45668146
  1.84731219 -1.65654516 -1.40799832 -1.02639181]
log likelihood =  -4521.481650548695
Edge derivatives =  [-1.7880006279609935, 1.1062314488819578, -0.3901041603739424, -3.7925817619439974, 0.4091910453710037, 1.077978829013715, -2.165438498793749, -0.25899223903089025, 0.6158877478520464, 1.690482331349485, 1.0056926945873113, 1.526565946644018, 0.985398101590524, -0.2920748375941363, 1.1352768479374464, -0.05674003236582359]
other derivatives: [ 1.72840373  3.28091119 -9.96215022  0.56179488 -0.22046152 -0.4033609 ]
Current x array =  [-0.68053974 -1.15260708 -0.38014899  0.6943042  -3.68735535 -1.43946799
 -2.52629864 -1.16206256 -0.56966559 -1.05093491 -3.64585081 -2.1123931
 -0.41733495 -1.59123312 -2.14452711 -1.75834327 -3.40205    -1.51923377
  1.82628996 -1.64022554 -1.45220673 -1.04856314]
log likelihood =  -4521.374768352124
Edge derivatives =  [-1.7630248793803232, 1.2028673862189092, -1.4061152834101596, -3.542455036494736, 0.36663345518248386, 0.9179570273371159, -2.2667081178206425, -0.3884015309687457, 0.5814307630534858, 1.3095215229674897, 0.934683888453282, 0.8157659543082154, 0.5137574038604802, -0.35263417381344836, 0.576457009639621, -0.3132136487120327]
other derivatives: [ 0.98279997  1.68647603 -3.79886842  1.16815499 -1.61071512 -0.33860488]
Current x array =  [-0.68050153 -1.14887712 -0.38309012  0.68856465 -3.67523921 -1.44521404
 -2.53400872 -1.17708006 -0.54998749 -1.07179082 -3.64643706 -2.11544077
 -0.42047536 -1.57583042 -2.14710506 -1.74737436 -3.40169582 -1.50232908
  1.81899375 -1.64408567 -1.44392635 -1.04515239]
log likelihood =  -4521.248201072625
Edge derivatives =  [-1.7238700998928052, 1.1317048873446445, -1.9167053682791737, -3.141908509169374, 0.3235499662710037, 0.7059619113257157, -1.786040837602512, -0.26661437047787895, 0.5545297231088292, 0.9634864033497637, 0.8582282648411462, 0.17896994225153595, -0.17947239488047817, -0.38275968600635746, 0.0905220097970928, -0.4550301099568087]
other derivatives: [-0.38153303 -0.29704097  0.69139787  0.73177944 -2.68100848 -0.28703653]
Current x array =  [-0.67997157 -1.14501008 -0.38504295  0.69036716 -3.66773908 -1.45103981
 -2.54411089 -1.173358   -0.54131417 -1.09477738 -3.64469674 -2.1108189
 -0.42971672 -1.57105417 -2.14603736 -1.73736056 -3.39674638 -1.48846809
  1.8184464  -1.64909056 -1.43603924 -1.04423908]
log likelihood =  -4521.018775683801
Edge derivatives =  [-1.5792474021078382, 0.8609719195470229, -2.080653751799346, -2.0122276503070187, 0.25391638240127196, 0.30321673522570064, -0.4231722199900561, 0.26779444504099437, 0.6146588397336223, 0.4567556400866745, 0.7152528036403691, -0.8407663055771823, -1.246058481809321, -0.2284410748418382, -0.6916211403919539, -0.6266255317413598]
other derivatives: [-2.31120794 -3.03962224  5.44177965 -0.41172825 -3.29137038 -0.34742698]
Current x array =  [-0.67900275 -1.13970449 -0.3870975   0.69582564 -3.66716711 -1.4567077
 -2.56996024 -1.14597389 -0.53951231 -1.14722052 -3.63904021 -2.09453614
 -0.44955716 -1.57342086 -2.14227324 -1.72219162 -3.38149278 -1.46734294
  1.82827954 -1.66552452 -1.4223351  -1.04401748]
log likelihood =  -4520.8357673199425
Edge derivatives =  [-1.4025996504808316, 0.4823241639808299, -1.5263241034597512, -0.7742459514299392, 0.1891620520047569, -0.07082222646723484, 1.2391136178753979, 0.9424256160837069, 0.6257259598353967, -0.11179077894755513, 0.5970144020961458, -1.538329074352047, -0.44778949166453597, -0.14337837841768447, -1.1602357146242226, -0.5229236536510578]
other derivatives: [ 2.73394107 -2.22571543  5.7671059   0.20190782 -1.30803528 -0.47421054]
Current x array =  [-0.68175299 -1.13986496 -0.38715079  0.68888156 -3.67738673 -1.461129
 -2.60017042 -1.10549623 -0.5519864  -1.19977983 -3.63089838 -2.07275275
 -0.47055152 -1.58018039 -2.13130233 -1.7038945  -3.36157334 -1.4531014
  1.83131499 -1.6770066  -1.4118738  -1.04737445]
log likelihood =  -4521.15017454967
Edge derivatives =  [-1.3106882210747302, -0.5626590584829838, 0.20980111875088314, 0.14414255835029224, 0.09889209818834055, -0.6453032055712495, 2.3836306445356157, 1.6191426141443996, 0.4168887883295889, -0.7028454629202046, 0.4630661896646304, -1.6098161334441892, -2.2926099488430793, -0.33602319406188874, -1.3847616805991279, -0.5645526307548909]
other derivatives: [-33.50351108   2.02326191   3.53438736   0.377986    -1.24873623
  -0.7388735 ]
Current x array =  [-0.65850583 -1.15683471 -0.38723094  0.69469893 -3.7051217  -1.46844157
 -2.63107417 -1.00874842 -0.59333729 -1.23216498 -3.6145061  -2.02863293
 -0.47734085 -1.60364648 -2.10119108 -1.68762025 -3.32714345 -1.45678393
  1.86917012 -1.67876077 -1.40525774 -1.04968829]
log likelihood =  -4520.796821802916
Edge derivatives =  [-1.379248874785162, 0.2361162561610176, -1.086126167088287, -0.5455512640375395, 0.16641325067853005, -0.2110664385340154, 1.528058702345006, 1.109323221650722, 0.5744798154896229, -0.2592776551695518, 0.5639928428241751, -1.5555408595151046, -0.8984398740601696, -0.19183425758343203, -1.2167020031526163, -0.532603512617752]
other derivatives: [-6.04541128 -1.14087015  5.2186806   0.22473614 -1.27565727 -0.54260454]
Current x array =  [-0.675951   -1.14410024 -0.3871708   0.69033345 -3.68430878 -1.46295406
 -2.60788333 -1.08135007 -0.56230669 -1.20786246 -3.62680722 -2.06174139
 -0.47224599 -1.58603702 -2.12378721 -1.6998328  -3.35298038 -1.45402048
  1.84076281 -1.6774444  -1.41022257 -1.04795194]
log likelihood =  -4520.743793257121
Edge derivatives =  [-1.315366480548359, 0.11088910223496262, -0.39935727579352964, -0.1787089127854773, 0.1682053172417157, -0.23138011061527133, 1.9050648700580586, 1.324612547155338, 0.5846506005588092, -0.2900251740988774, 0.566312314023646, -1.3505149927644173, -0.09056736366452434, -0.1496855492153502, -1.0105973856830812, -0.3142018974304359]
other derivatives: [-2.15186446 -0.01409717  1.30567059  0.67302608  0.30777301 -0.61327228]
Current x array =  [-0.67810344 -1.1453845  -0.38542314  0.68670559 -3.69304062 -1.4619525
 -2.61787348 -1.06535115 -0.57633316 -1.21883959 -3.62390119 -2.05500733
 -0.47507959 -1.59102813 -2.11817376 -1.69756151 -3.34608949 -1.45884189
  1.84191331 -1.6790696  -1.41234073 -1.05143513]
log likelihood =  -4520.711389343273
Edge derivatives =  [-1.2845393024191936, 0.04726831828323241, 0.05916391739702484, -0.049928946150249925, 0.17697381281005395, -0.20512429991274791, 1.7303827437671944, 1.3372832075572834, 0.5811656684933509, -0.2416586566305236, 0.5840715359474435, -1.035421043408951, 0.22904512276952294, -0.13782991156528515, -0.741693694801564, -0.15824317710549096]
other derivatives: [-0.28994691  0.63855623 -1.38588803  0.79608071  1.02581907 -0.64637788]
Current x array =  [-0.67911679 -1.14632043 -0.38422271  0.68595281 -3.69805511 -1.46180521
 -2.62443221 -1.05649341 -0.58597586 -1.22157948 -3.62212027 -2.05217464
 -0.47097332 -1.59165532 -2.11380882 -1.69810258 -3.34173742 -1.46604629
  1.84379786 -1.67922844 -1.41636666 -1.05370874]
log likelihood =  -4520.658176729272
Edge derivatives =  [-1.2232645356113359, -0.023049665182894585, 0.5912753641405709, 0.16822831287231674, 0.1857409732786528, -0.1800179717322276, 1.0476752320923544, 1.2281820533028553, 0.5619034626281945, -0.21164805333303288, 0.6051352418263524, -0.5486513687367249, 0.35865728859326884, -0.134310198239956, -0.3281626446028903, 0.0488608355231408]
other derivatives: [ 1.64000085  1.17634045 -4.05525498  0.81836333  1.51903805 -0.67193469]
Current x array =  [-0.68018232 -1.14702098 -0.38306842  0.68594758 -3.70279061 -1.46420586
 -2.64007153 -1.04528948 -0.5977975  -1.2304615  -3.61893318 -2.0489373
 -0.45968577 -1.58566028 -2.10590876 -1.69766763 -3.33310002 -1.4772563
  1.84711076 -1.68092395 -1.42323998 -1.05670212]
log likelihood =  -4520.586254739328
Edge derivatives =  [-1.1226076271483185, -0.12648564346014562, 0.888806145460472, 0.5087328708163974, 0.18187181414906492, -0.21299549711533072, -0.1892467370643009, 0.956676565224128, 0.5268376593205575, -0.27899821296466204, 0.6046944231049541, -0.07527937245592953, 0.13415754439113048, -0.13004256417773016, 0.07897609352513024, 0.2232427942518984]
other derivatives: [ 2.95758582  1.27529347 -4.29308784  0.64919732  1.33914    -0.65319909]
Current x array =  [-0.68089768 -1.14705481 -0.38297391  0.68715378 -3.70365884 -1.47217511
 -2.6700236  -1.03179003 -0.60550723 -1.25167534 -3.61368413 -2.04501376
 -0.44161537 -1.56787397 -2.09391249 -1.69430444 -3.31781728 -1.48835757
  1.85001229 -1.6870543  -1.4307692  -1.05926793]
log likelihood =  -4520.642636602817
Edge derivatives =  [-0.8456755771742942, 0.5055218531956037, 0.42370487481633196, 1.220535217159487, 0.19334046527427437, -0.05406501790976804, -1.4480492298404488, 0.3084499863952451, 0.539128742698274, -0.4977519455346658, 0.5856825365088368, 0.15265982705320674, 1.6635759546373194, -0.015443978041632514, 0.4383908172146264, 0.39747387580549853]
other derivatives: [ -6.94262781  -5.83240762 -22.16283974   1.82499207   2.22462404
  -0.38271537]
Current x array =  [-0.67703474 -1.13346844 -0.37680956  0.68080178 -3.69590554 -1.49212722
 -2.73805108 -1.06176405 -0.59484497 -1.30656817 -3.60892095 -2.06010122
 -0.43129337 -1.50823069 -2.07991792 -1.68349666 -3.29537707 -1.49306932
  1.82726118 -1.70257497 -1.43926202 -1.0614314 ]
log likelihood =  -4520.556963287901
Edge derivatives =  [-1.0170786118916326, 0.1084151489164703, 0.7211627139968021, 0.7821322793125728, 0.18626013554845067, -0.1534452971901923, -0.6599093225991443, 0.7264534775623095, 0.532074595491568, -0.3581371243962335, 0.5979432077362083, 0.010202310268224657, 0.7020152644853457, -0.08650457308032782, 0.21245429276173472, 0.28881191766793934]
other derivatives: [ -0.67302608  -1.3225872  -10.83581083   1.0819349    1.6733793
  -0.55379132]
Current x array =  [-0.67947198 -1.14204049 -0.38069883  0.68480945 -3.70079733 -1.47953883
 -2.6951305  -1.04285254 -0.60157211 -1.27193463 -3.61192618 -2.05058209
 -0.43780583 -1.54586142 -2.08874752 -1.69031562 -3.30953527 -1.49009654
  1.84161553 -1.69278251 -1.43390364 -1.0600664 ]
log likelihood =  -4520.497618028623
Edge derivatives =  [-0.9175267931118439, 0.08409250838952415, 0.6073620724904423, 1.065349587401186, 0.164833425191328, -0.22223518885305585, -1.6407762888360058, 0.37928635130391203, 0.4455134521057205, -0.5024826038439976, 0.5719117951125285, 0.35328075643025164, 0.780978085379268, -0.15668254034222778, 0.44039992013914914, 0.4003387673372264]
other derivatives: [-0.45065462 -1.62535798 -0.85328793  0.19535946  1.68020051 -0.40672603]
Current x array =  [-0.67907427 -1.14141889 -0.3848854   0.6878229  -3.69833832 -1.49160578
 -2.73314438 -1.03836295 -0.60251239 -1.29786971 -3.606639   -2.05081037
 -0.42522731 -1.51898141 -2.07617174 -1.68617013 -3.29228995 -1.49786602
  1.83987192 -1.70124766 -1.4399785  -1.06144184]
log likelihood =  -4520.472420534141
Edge derivatives =  [-0.8820408562405146, 0.13965129418206768, 0.2794319410267869, 1.135566723074382, 0.15453237157307453, -0.2595438796539943, -1.6868156833725765, 0.2633882180146563, 0.43326828514780763, -0.5957714861296914, 0.5434707330423372, 0.20455373453714276, 0.2356461966933825, -0.15663484862318355, 0.31312108397883764, 0.3156290591809586]
other derivatives: [-1.14923751 -1.38697942  1.11176632 -0.03201421  0.67466317 -0.32896423]
Current x array =  [-0.67862797 -1.14212777 -0.38570313  0.69015906 -3.69199116 -1.49790151
 -2.74545542 -1.04134127 -0.59541117 -1.3072446  -3.60526321 -2.0521077
 -0.42654449 -1.50747508 -2.07312387 -1.68316316 -3.28716986 -1.49411707
  1.83857752 -1.70450245 -1.43820876 -1.06004262]
log likelihood =  -4520.437810909065
Edge derivatives =  [-0.8194127075828566, 0.26014357638389696, -0.13847222130641682, 1.2320195746111235, 0.1440254976805426, -0.27874962233498357, -1.2986396060310945, 0.13033433943342299, 0.4098562797875357, -0.6936655847781545, 0.500633911074756, -0.013812504671640413, -0.20762575673504213, -0.1575546350284845, 0.11315564876938145, 0.18709228494745733]
other derivatives: [-1.67810867 -0.37589416  2.54494807 -0.05893526 -0.325781   -0.18371793]
Current x array =  [-0.67821291 -1.14428255 -0.38629272  0.69176126 -3.68392402 -1.5079738
 -2.76717763 -1.04680033 -0.5858661  -1.31859219 -3.60275541 -2.05527401
 -0.43545617 -1.48950735 -2.06677013 -1.67965752 -3.27789824 -1.48833934
  1.83444254 -1.70882258 -1.43491691 -1.05759356]
log likelihood =  -4520.388055133081
Edge derivatives =  [-0.7503198949298718, 0.2590717753061137, -0.2807509476642978, 1.2161531198597066, 0.14366325175213074, -0.2615659330359102, -0.7785098765216626, -0.08182357872561777, 0.3536726738293846, -0.6303645653636156, 0.4552697992200824, -0.007017932708806629, -0.8521072476683365, -0.17370961313229824, 0.04560574355737984, 0.014674589623305034]
other derivatives: [-1.11804184  0.70822352  1.1415068  -0.32305252 -1.31949491  0.00472937]
Current x array =  [-0.67851923 -1.14682877 -0.38541177  0.69617013 -3.67876765 -1.52152871
 -2.8012328  -1.04230802 -0.58192185 -1.32180792 -3.59714497 -2.0574732
 -0.44623601 -1.46774884 -2.05220785 -1.68057722 -3.2601574  -1.48796999
  1.83477002 -1.71343836 -1.43318317 -1.05401938]
log likelihood =  -4520.337736070298
Edge derivatives =  [-0.6033305757602587, 0.10890133891716369, -0.4445528469768024, 1.2371656210290483, 0.11278449948989981, -0.28667283565948837, 1.4086208896066683, -0.3972574893259212, 0.08314331059910125, -0.5670073588730686, 0.3087857754666057, -0.05236095051084827, 0.3086874950638132, -0.3827688387705388, -0.23190565684341533, -0.2305915400622668]
other derivatives: [-0.57189027 -0.58553269  7.05058483 -0.72886905  0.26511771  0.49167284]
Current x array =  [-0.6786672  -1.14438567 -0.38762468  0.69619166 -3.67915796 -1.5498126
 -2.89101973 -1.02931915 -0.58285361 -1.33004109 -3.58242581 -2.06303289
 -0.48623861 -1.42264465 -2.01456697 -1.68385032 -3.21383924 -1.48680757
  1.82586721 -1.72550921 -1.42847107 -1.04883466]
log likelihood =  -4520.28330764098
Edge derivatives =  [-0.5972001129322602, -0.10747627239486585, 0.040668724322485555, 0.8287837037256172, 0.15137125022847042, -0.13690228058440776, 1.0356322140316294, -0.6888146264061495, 0.06896843413144979, -0.10117557847799846, 0.31789439904048994, 0.4360241915347065, -0.8371681042867152, -0.3270029526749256, 0.10134602866667164, -0.3021029434013929]
other derivatives: [ 0.92004484  2.0168045  -2.4626388  -0.55097189 -0.98361852  0.52514224]
Current x array =  [-0.67957742 -1.15040707 -0.38314218  0.70095307 -3.68126624 -1.55586254
 -2.91519993 -1.00997956 -0.59078078 -1.30330709 -3.5760445  -2.06283286
 -0.48034118 -1.41540531 -1.99827828 -1.69645343 -3.19662131 -1.49812952
  1.836504   -1.72709601 -1.43242709 -1.04647973]
log likelihood =  -4520.263829988609
Edge derivatives =  [-0.6283668904245776, -0.20345797239087499, 0.24878071055400414, 0.6750759070569918, 0.1570919942116899, -0.11003451145069244, 0.8482890091558392, -0.6386167827989789, 0.06236860619292506, 0.009957743986630518, 0.33568035205932273, 0.5698960419444942, -0.4093671647343977, -0.3422194133159254, 0.20464790581939502, -0.2233128779858068]
other derivatives: [ 0.635373    1.23127393 -2.5060217  -0.43155524 -0.1893568   0.47330104]
Current x array =  [-0.67943666 -1.14881941 -0.38320154  0.69881226 -3.68653961 -1.55066335
 -2.90912149 -1.00613947 -0.59670345 -1.29181831 -3.57630162 -2.0622961
 -0.47593581 -1.42444549 -1.99915653 -1.70070851 -3.19842148 -1.50174601
  1.83800938 -1.7257062  -1.43433032 -1.04787552]
log likelihood =  -4520.228562001438
Edge derivatives =  [-0.6569523192424814, -0.3753236832284514, 0.26954046484395916, 0.23429036791589364, 0.1558514056329566, -0.07515237358770085, 0.4818530778143178, -0.7289208431499211, -0.003716697258878382, 0.20980422773096608, 0.3087700282846366, 0.5400967679744617, -0.12712848145938138, -0.3985344835767485, 0.1688413157934111, -0.16185002640245305]
other derivatives: [ 1.29957698 -0.73077899 -1.71194188  0.03137757  0.26366251  0.4210051 ]
Current x array =  [-0.68019607 -1.14455733 -0.38371431  0.6934203  -3.68988591 -1.54532001
 -2.92167406 -1.00209424 -0.60146159 -1.26603958 -3.57283782 -2.06513126
 -0.47004911 -1.43259387 -1.9928511  -1.70914025 -3.18988351 -1.50209873
  1.83902865 -1.72836453 -1.43446054 -1.04938966]
log likelihood =  -4520.22800800025
Edge derivatives =  [-0.6446248347873431, -0.6370147270360829, 0.35446560961467055, -0.41483044367354316, 0.14011566650850119, -0.053267388322958104, 0.19859281741219503, -0.8694835982412109, -0.15685564139302105, 0.46788432085548737, 0.2118262667447821, 0.3877303384211369, 0.1769066411498943, -0.4848919204829746, -0.010179567294722858, -0.07266570688703966]
other derivatives: [-9.9994395  -0.77770892  1.12831913  0.79335223  0.73232513  0.33433025]
Current x array =  [-0.673019   -1.14672916 -0.38560649  0.68756068 -3.69536993 -1.54174497
 -2.96657593 -0.98819748 -0.61011115 -1.22801051 -3.56217766 -2.06824025
 -0.46514345 -1.44092365 -1.97287738 -1.72098708 -3.1623817  -1.50052375
  1.8404542  -1.73789962 -1.43317065 -1.05168746]
log likelihood =  -4520.211787089973
Edge derivatives =  [-0.6509254371617035, -0.5062055212124297, 0.3125845830232602, -0.08594143354902892, 0.14804013441636582, -0.06402975078351154, 0.3396754104254932, -0.7990943200308129, -0.07946251565638729, 0.339941672790955, 0.26071827889604104, 0.4639062745918152, 0.026327622543070417, -0.44158187519499065, 0.07909385749615194, -0.11683521675876984]
other derivatives: [-4.33246896 -0.75133357 -0.28621798  0.41054591  0.50140443  0.3768946 ]
Current x array =  [-0.6765954  -1.14564692 -0.3846636   0.69048058 -3.69263719 -1.54352645
 -2.94420092 -0.99512236 -0.605801   -1.24696074 -3.56748971 -2.06669101
 -0.46758798 -1.43677284 -1.98283047 -1.7150837  -3.1760861  -1.50130858
  1.83974384 -1.7331482  -1.43381341 -1.05054244]
log likelihood =  -4520.187183181437
Edge derivatives =  [-0.6074284173201241, -0.5608231966144067, 0.1606518736473997, -0.3342322073359683, 0.13896722281780072, -0.047949904310953334, -0.09683251196948384, -1.0185903685019018, -0.1513449886078202, 0.426345953410189, 0.19151836935670866, 0.305097072979871, 0.23892133010635486, -0.4604840505136314, -0.02392593601251153, -0.04256669066001395]
other derivatives: [-1.64518497 -1.4169018   1.43281795  0.80199243  0.53696567  0.36116035]
Current x array =  [-0.67839914 -1.14367972 -0.38543139  0.68636608 -3.69119845 -1.54472237
 -2.98066022 -0.99465666 -0.60535799 -1.23508807 -3.56079058 -2.07138538
 -0.46211651 -1.43173903 -1.97024208 -1.71881997 -3.15719742 -1.49800721
  1.83679597 -1.74190716 -1.43303813 -1.05197669]
log likelihood =  -4520.1643687617625
Edge derivatives =  [-0.5413013457091842, -0.5032195129183774, -0.054542074927538986, -0.44080434867307206, 0.1279158630781486, -0.04705392050507176, -0.3980277905296966, -1.1497081088398893, -0.18469570085093054, 0.42695550729017856, 0.10969510832448842, -0.006629414563907143, 0.31354703744927126, -0.42866247962177406, -0.20781389779471982, 0.024623328379948517]
other derivatives: [-0.03374225 -1.01053956  2.41398084  1.05201252  0.25229383  0.31313903]
Current x array =  [-0.67940484 -1.14412609 -0.38586718  0.68448246 -3.68732596 -1.54590704
 -3.01875107 -0.99818662 -0.60150464 -1.22909346 -3.55402781 -2.07626384
 -0.45857363 -1.42789213 -1.95907299 -1.71892971 -3.13843994 -1.49084599
  1.83244231 -1.75233847 -1.43085764 -1.05333997]
log likelihood =  -4520.140070208694
Edge derivatives =  [-0.4035599519747005, -0.29029248631886456, -0.2730542051712083, -0.36844756959654607, 0.11298271170395369, -0.04288407004730326, -0.3937265292625676, -1.1234958676694196, -0.18183541608573683, 0.3466892643547163, -0.0361222505417753, -0.6542669018994995, 0.8986150562631252, -0.3011597100462265, -0.5277329997659607, 0.1615416028790707]
other derivatives: [-0.58380465 -1.84718374 -3.12766133  1.45664671  0.42782631  0.19472282]
Current x array =  [-0.67960712 -1.14235333 -0.38370139  0.68261817 -3.68265642 -1.5459334
 -3.08419078 -1.00730791 -0.59569006 -1.22679412 -3.54260818 -2.08417555
 -0.45975241 -1.42755855 -1.94237404 -1.71514033 -3.10758907 -1.47638019
  1.82229415 -1.77176816 -1.42668417 -1.0563827 ]
log likelihood =  -4520.115490871549
Edge derivatives =  [-0.3143513559193521, -0.15556533271117468, -0.2671337915932229, -0.3498404365653355, 0.10073517979498638, -0.07200604810911013, -0.7230239308525541, -0.9564336000564072, -0.1480409981394818, 0.289590971640482, -0.13433550266688266, -1.001175866698836, 0.650535025975356, -0.1860586277175915, -0.6774047187414538, 0.30027533293216235]
other derivatives: [ 2.05309334  1.54395821  2.0942025   0.6094524  -0.09276846 -0.00381988]
Current x array =  [-0.68035736 -1.14897337 -0.38558116  0.68859023 -3.67910014 -1.54106628
 -3.12724224 -1.0105021  -0.59393795 -1.21871593 -3.53369958 -2.08774949
 -0.45256301 -1.4402087  -1.93218009 -1.71227228 -3.08642337 -1.46827566
  1.82170756 -1.78685613 -1.42592293 -1.05895941]
log likelihood =  -4520.099689126111
Edge derivatives =  [-0.3056307966768735, -0.12276712930994332, -0.10453858647302769, -0.2314872068354021, 0.10406263876249372, -0.07588524903238526, -0.4681845745321104, -0.7612691336122603, -0.10964777002623813, 0.25851340904553666, -0.12097286037293534, -0.9394336801320312, 0.6448745219738385, -0.14909765492419597, -0.6108874827070758, 0.30068775426207073]
other derivatives: [ 0.85628926  1.34041329  0.57634679  0.23374014  0.10695658 -0.03828973]
Current x array =  [-0.67962001 -1.14880449 -0.38492647  0.69140575 -3.68079039 -1.53848279
 -3.12314803 -1.01016261 -0.59629624 -1.22043466 -3.53401665 -2.08651807
 -0.45515619 -1.4482739  -1.93462187 -1.71060224 -3.0889079  -1.4698433
  1.82341825 -1.78690411 -1.42720733 -1.05906435]
log likelihood =  -4520.077333250766
Edge derivatives =  [-0.2621967902737958, -0.06970361289580373, 0.23640030632996747, -0.05891860971297863, 0.10486585968089829, -0.08953055013374384, -0.026881967769911197, -0.3228079642023911, -0.05283338860034441, 0.20099222259448268, -0.12963664587019968, -0.8088967013472602, 0.44094370784818815, -0.0661136852666717, -0.4544516053448545, 0.31274072513220275]
other derivatives: [-0.81154212  0.52250471 -1.30321496 -0.72586772  0.31222953 -0.13615136]
Current x array =  [-0.67862354 -1.14739786 -0.38412474  0.69767007 -3.68353973 -1.53164835
 -3.13450605 -1.00910772 -0.6024041  -1.21774161 -3.53048178 -2.08593486
 -0.4587965  -1.47014306 -1.93407422 -1.70760453 -3.0844255  -1.47358809
  1.82826086 -1.79292995 -1.4313478  -1.05969554]
log likelihood =  -4520.065770699174
Edge derivatives =  [-0.22693189087209956, -0.05971240836867475, 0.2751801054943368, -0.03872851895676094, 0.09817720761072987, -0.09713741054916569, 0.06802128184897294, -0.16575216542237514, -0.058406753336958175, 0.16064236750188798, -0.157230868671692, -0.6869619309033522, 0.09182096310243781, -0.040299438938537255, -0.34717357222104295, 0.2811870455988683]
other derivatives: [-0.9355972  -0.14724719 -1.19453034 -0.8591087   0.0255568  -0.14779289]
Current x array =  [-0.67865966 -1.14573218 -0.38432583  0.69789049 -3.68299145 -1.52957047
 -3.15583364 -1.00926308 -0.60421551 -1.21399769 -3.52575317 -2.08778805
 -0.45928652 -1.47983268 -1.92925941 -1.70620257 -3.0752588  -1.47694239
  1.83096195 -1.79991779 -1.43482102 -1.05937629]
log likelihood =  -4520.051888515313
Edge derivatives =  [-0.14421164756429503, -0.02492401161647656, 0.41253777473107867, -0.02282728773829895, 0.09138728682572995, -0.048832203113079106, 0.4085858513408971, 0.21048717096649572, -0.04422098465508094, 0.12048514175949765, -0.1944402833487838, -0.16158966458677615, 0.06280089561408153, 0.05713454137467579, 0.042623559010113665, 0.17967635058164144]
other derivatives: [ 0.80035534  0.5667971  -2.13904059  0.0520231   0.38226062 -0.13524186]
Current x array =  [-0.67962827 -1.14575827 -0.38439197  0.69036038 -3.68654064 -1.52516178
 -3.20892544 -1.00881685 -0.60839678 -1.20118113 -3.51357693 -2.09340951
 -0.46092101 -1.50366674 -1.91727474 -1.70403129 -3.05396581 -1.48952976
  1.83427245 -1.81635409 -1.44473337 -1.05707668]
log likelihood =  -4520.080913480689
Edge derivatives =  [-0.0652040900617503, 0.17272664765792906, -0.374592848391001, 0.41738300215079405, 0.03745048684982061, -0.178339946240068, 0.5828917950741646, 0.3004131953655137, -0.12643165835956505, -0.36079248821614524, -0.2750421138902161, -0.16100847661441214, 0.45654290202526293, 0.0021345898345868086, -0.02690105036353746, -0.03183775963455915]
other derivatives: [-1.03400453 -2.91147444  8.22365109 -0.27284841  0.56161298  0.0518412 ]
Current x array =  [-0.67870939 -1.13802089 -0.38936598  0.6869762  -3.67944001 -1.53183778
 -3.25305882 -1.02534585 -0.59581832 -1.22809423 -3.50679098 -2.10037351
 -0.46612434 -1.49714669 -1.91263849 -1.69027094 -3.04204644 -1.48987366
  1.82543156 -1.83026244 -1.44796044 -1.05401421]
log likelihood =  -4520.048036868677
Edge derivatives =  [-0.12375074140749621, 0.025300371983690284, 0.21425375500338656, 0.09023912778879342, 0.07771986609918652, -0.0817892638941504, 0.4534352859106192, 0.23338920453817286, -0.06482499350194379, -0.0009360882367232537, -0.21474665787647568, -0.161053055358863, 0.16415581367613474, 0.04333175374397663, 0.025164154990682697, 0.12643040433118313]
other derivatives: [ 0.33542165 -0.31359377  0.52896212 -0.03146852  0.42991815 -0.08767529]
Current x array =  [-0.67939414 -1.14378676 -0.38565936  0.68949808 -3.68473138 -1.52686284
 -3.22017076 -1.01302849 -0.60519175 -1.20803867 -3.51184785 -2.09518396
 -0.46224683 -1.50200541 -1.91609341 -1.70052511 -3.05092872 -1.48961738
  1.83201976 -1.81989798 -1.44555563 -1.05629636]
log likelihood =  -4520.045389807928
Edge derivatives =  [-0.12895480721061675, 0.020921909195892596, 0.11617730675502708, 0.04538448833192546, 0.07776513452588485, -0.07896174332379682, 0.2186084373099372, 0.11445809215958877, -0.07536950945784568, 0.009007527733910725, -0.21558333736237886, -0.18223463117939287, -0.024656823298692343, 0.03133604153662775, -0.0008633822592717944, 0.11306782413705596]
other derivatives: [ 0.29585863 -0.17698767  0.61463652  0.0944965   0.04156391 -0.07430572]
Current x array =  [-0.67940912 -1.14412626 -0.38570733  0.68912241 -3.68284216 -1.52856108
 -3.22013311 -1.01349252 -0.60330329 -1.20863833 -3.51211618 -2.09561527
 -0.45954601 -1.4967539  -1.91571727 -1.70097614 -3.05104626 -1.48904311
  1.83171022 -1.81933112 -1.44495106 -1.05605961]
log likelihood =  -4520.043246734706
Edge derivatives =  [-0.11535809639318576, 0.035587165414098676, 0.04555878618322767, 0.009281372633110185, 0.07955461584739631, -0.05576354989554527, -0.08312705476190138, 0.036314301436826846, -0.07150040223094259, 0.014739688041547794, -0.21383385313219752, -0.03434237647804933, -0.07618257332102552, 0.04947449759267063, 0.07032236367421124, 0.043666363389823104]
other derivatives: [-0.67020665 -0.16279955  0.2053639   0.08449206 -0.1207809  -0.05829861]
Current x array =  [-0.67883192 -1.14445848 -0.38555236  0.68974736 -3.68229091 -1.53009945
 -3.23171432 -1.01373543 -0.60154585 -1.2073033  -3.50942041 -2.09763049
 -0.45505123 -1.4949271  -1.91349742 -1.7007435  -3.04846604 -1.49248944
  1.8315027  -1.821865   -1.44654432 -1.05469083]
log likelihood =  -4520.04327001035
Edge derivatives =  [-0.11119006878035607, 0.05917568812828361, -0.02894079453196538, 0.054478871347389296, 0.08440912675375735, -0.03853972952387597, -0.2465324512922154, -0.040993034069229106, -0.051518996796645566, 0.004436955239122131, -0.19316759221234792, 0.06207941598966388, 0.03181097192667304, 0.06356923134661763, 0.10535398773806348, -0.014589120998324212]
other derivatives: [ 1.31485649 -0.2068191  -0.1544322  -0.04692993 -0.08330971 -0.02291927]
Current x array =  [-0.68010096 -1.14416964 -0.38520819  0.69089501 -3.68167673 -1.53264417
 -3.23159455 -1.01493688 -0.59884946 -1.2114311  -3.50933555 -2.09850343
 -0.45301875 -1.48951543 -1.91487554 -1.69968305 -3.05181964 -1.49432836
  1.8302062  -1.82090435 -1.44660505 -1.05338986]
log likelihood =  -4520.04269044656
Edge derivatives =  [-0.11329421528644525, 0.04726482266036974, 0.008731274020989221, 0.03172824946011216, 0.08195694636072225, -0.04723441632357378, -0.1640294210717777, -0.0018723327253512, -0.06160401507068819, 0.009644725160985912, -0.20359528829696588, 0.013392114427435042, -0.022705569675094628, 0.05644859029008675, 0.08764931141813392, 0.014858719544405097]
other derivatives: [ 0.31313903 -0.18444553  0.02764864  0.01937224 -0.10213626 -0.04092726]
Current x array =  [-0.67945978 -1.14431557 -0.38538209  0.69031517 -3.68198704 -1.53135846
 -3.23165506 -1.01432985 -0.6002118  -1.20934555 -3.50937843 -2.09806238
 -0.45404565 -1.49224966 -1.91417925 -1.70021884 -3.05012525 -1.49339925
  1.83086125 -1.82138971 -1.44657437 -1.05404717]
log likelihood =  -4520.04235330833
Edge derivatives =  [-0.10919001051224933, 0.05686436363504804, 0.006067862701431864, 0.04360239562822921, 0.08274215184502207, -0.040444626867973, -0.16165152779823505, 0.0031264604027897436, -0.05535114439497421, 0.00579180783919403, -0.1999111211996545, 0.047136646255861336, 0.06134112206913933, 0.06439395124411308, 0.10010761659291606, 0.0001584887827663639]
other derivatives: [ 0.13478711 -0.11441443 -0.07385097  0.00600267  0.00381988 -0.03592504]
Current x array =  [-0.67932468 -1.14451942 -0.38532951  0.69046583 -3.6823728  -1.53163742
 -3.23359118 -1.01446729 -0.59988472 -1.20960667 -3.50881097 -2.09848215
 -0.45395906 -1.49225641 -1.91418165 -1.69990588 -3.05039111 -1.49412158
  1.83048618 -1.82170382 -1.44674852 -1.05371131]
log likelihood =  -4520.041676843404
Edge derivatives =  [-0.10589217944321623, 0.06411753840532353, 0.001703986248490913, 0.061088683169527036, 0.0845859568234721, -0.02645391365689243, -0.11502870091607004, 0.009066316766868088, -0.044670309059399116, 0.002052236019466136, -0.18590956286131438, 0.11290555395640639, 0.1692619038226051, 0.07233602769898041, 0.11188967947103717, -0.02960350511087173]
other derivatives: [-0.06830305  0.05848051 -0.05875336 -0.01582521  0.15916157 -0.018008  ]
Current x array =  [-0.67914057 -1.14495405 -0.38531019  0.69071573 -3.6830613  -1.53241396
 -3.23485944 -1.01429562 -0.5993746  -1.21029136 -3.50800963 -2.09912312
 -0.45453469 -1.49168057 -1.91503139 -1.69947844 -3.05283959 -1.49548081
  1.83019169 -1.82118054 -1.44663604 -1.05303618]
log likelihood =  -4520.040800446262
Edge derivatives =  [-0.09651792543141076, 0.07746770119916074, -0.03062678072939376, 0.09629238391800596, 0.08608923836945429, -0.004326413253169296, 0.011872057550994158, 0.02388844201324891, -0.03029773755886092, -0.016254848798845256, -0.16719618666167008, 0.1817987749395925, 0.2152682665935839, 0.08406609111328311, 0.1077930579091686, -0.07662731081463281]
other derivatives: [-0.54023985 -0.06120899 -0.9964424   0.04611138  0.23210305  0.01791705]
Current x array =  [-0.67891079 -1.14478644 -0.38492969  0.69062096 -3.68335457 -1.53399279
 -3.23998379 -1.01434654 -0.59821432 -1.21183575 -3.50591299 -2.1006401
 -0.45655427 -1.49044963 -1.91607434 -1.69837767 -3.05664817 -1.4968926
  1.82994035 -1.82072948 -1.44599108 -1.05208293]
log likelihood =  -4520.03949585722
Edge derivatives =  [-0.09484226829865927, 0.06093591513028196, -0.04429127712022124, 0.08155254396507505, 0.08807831051119926, 0.020397175572770227, 0.10320268858528592, 0.015423867916154632, -0.02199663399237374, -0.010318157189789345, -0.14033506391277054, 0.26519135992234627, 0.1887284819859647, 0.08260659823194555, 0.08929841342794365, -0.11651975335282627]
other derivatives: [-0.4978574   0.26429916 -0.39863153 -0.01027729  0.24683686  0.05238689]
Current x array =  [-0.67883368 -1.14551187 -0.38512565  0.69115391 -3.68387026 -1.53551904
 -3.24302051 -1.01294462 -0.59767858 -1.21135149 -3.50371853 -2.10201963
 -0.45794033 -1.4890103  -1.91774104 -1.6982192  -3.06255611 -1.49853509
  1.83069616 -1.8189446  -1.444848   -1.05118712]
log likelihood =  -4520.0378328794595
Edge derivatives =  [-0.0936334906327381, 0.028039824980842176, -0.06812698886756977, 0.04593454393049068, 0.08842505080459606, 0.04302884832381119, 0.20657394899150236, -0.003843518422841835, -0.020547127249919306, -0.0043069743213206, -0.11366018745910514, 0.2930484409780095, 0.011540167563677706, 0.07111960642830145, 0.030869274745103592, -0.13860439284299775]
other derivatives: [-0.40417945  0.28321665 -0.09567884 -0.06566552  0.07048584  0.08558345]
Current x array =  [-0.6788876  -1.14559286 -0.38520708  0.69173567 -3.68373908 -1.53717157
 -3.24769428 -1.01102883 -0.59726425 -1.21022253 -3.50063005 -2.10367656
 -0.4597795  -1.48716671 -1.91957657 -1.69815827 -3.06979415 -1.49891784
  1.83214259 -1.81663584 -1.44279995 -1.05071402]
log likelihood =  -4520.03524962829
Edge derivatives =  [-0.08226862448323191, -0.033240015451844074, -0.08275264018706238, -0.05143673201232357, 0.08496512080720628, 0.07453366738248746, 0.24848191547322473, -0.03164706607656548, -0.029028791133426907, 0.009939187101806968, -0.08544729787230232, 0.2982294155658224, -0.08086897011327943, 0.0538166650433782, -0.044528635264635075, -0.1263934776100235]
other derivatives: [-0.04820322  0.13778845  0.47966751 -0.07194103  0.02910383  0.10832082]
Current x array =  [-0.67911473 -1.14530933 -0.38540083  0.69166423 -3.68451866 -1.53860874
 -3.26429045 -1.0075808  -0.59755216 -1.20508035 -3.49329518 -2.10691918
 -0.46039888 -1.48684047 -1.92021554 -1.6983701  -3.07787221 -1.49863198
  1.83379467 -1.81513854 -1.44037965 -1.05073005]
log likelihood =  -4520.032741356057
Edge derivatives =  [-0.058747380152144625, -0.0718126576695215, -0.1092785342199272, -0.1240927672671294, 0.07657314573695038, 0.09562146028184638, 0.23737572055029119, -0.055476107230427785, -0.04132712691430421, -0.0011953645176514538, -0.06712679673964143, 0.2069219196456163, -0.18843704991149135, 0.03893126819092124, -0.1329639501173791, -0.06724286240377397]
other derivatives: [ 0.25856934 -0.09840733  0.43628461  0.03519744 -0.09049472  0.10923031]
Current x array =  [-0.67938591 -1.14475732 -0.38539733  0.69088495 -3.68450829 -1.53973577
 -3.28846361 -1.00512164 -0.59773232 -1.20062358 -3.48383636 -2.11067929
 -0.46028467 -1.48687928 -1.91987084 -1.69776731 -3.08478653 -1.49594747
  1.83471341 -1.81492469 -1.4380952  -1.05154951]
log likelihood =  -4520.030205899035
Edge derivatives =  [-0.029804039765543505, -0.06882696117308151, -0.0869424410179816, -0.12724295976981148, 0.06609272455422915, 0.09734792383607488, 0.1360369959236046, -0.07067241171474553, -0.047428270711999454, -0.02412530848038691, -0.04638015726959771, 0.0725307969512618, -0.1492688828814248, 0.02777419906234152, -0.17337284518688936, 0.011902431570855798]
other derivatives: [ 0.22164386 -0.16716513  0.35033736 -0.03692548 -0.0691216   0.07657945]
Current x array =  [-0.67937272 -1.14467369 -0.3853541   0.69135993 -3.68437638 -1.54016965
 -3.31148369 -1.00393584 -0.59852035 -1.19913708 -3.47429859 -2.11335055
 -0.45862428 -1.48693151 -1.92039087 -1.69676922 -3.0926078  -1.49191511
  1.83428853 -1.81423396 -1.43729202 -1.05253755]
log likelihood =  -4520.034797561514
Edge derivatives =  [0.02488291857912154, -0.023426295527403884, 0.1294083029438876, -0.07896688108933125, 0.05208907198965146, 0.09891203262429649, 0.06430513507323854, 0.03137834182108595, -0.02039185297146333, 0.01033502468754982, -0.0021963656767391357, 0.003364726120490713, -0.3651229160646894, 0.05967539893573258, -0.0021545685937798265, 0.06394729390945486]
other derivatives: [ 1.44073056  1.90875653 -2.60761226  0.67457222 -0.35297489 -0.02019078]
Current x array =  [-0.6799262  -1.14819854 -0.38433877  0.68772132 -3.6837793  -1.53785606
 -3.34910444 -1.00171339 -0.60308613 -1.19460219 -3.45772236 -2.11496516
 -0.45606947 -1.49453098 -1.92101594 -1.69737012 -3.10229644 -1.48820178
  1.83475012 -1.81407559 -1.44145417 -1.05221094]
log likelihood =  -4520.029531115491
Edge derivatives =  [-0.015109766394575043, -0.05677191469210052, -0.030013310311366614, -0.11435307697822525, 0.06244655479823817, 0.0977979337689956, 0.11724352010569805, -0.043541228391217546, -0.04030583061552123, -0.01498960513995784, -0.03466823293222045, 0.05438747042755476, -0.20608068864786633, 0.03617449299450963, -0.12819015912475829, 0.025647508863241297]
other derivatives: [ 0.54296834  0.38107828 -0.42800821  0.15015758 -0.14379111  0.0509317 ]
Current x array =  [-0.67951846 -1.1456018  -0.38508676  0.69040187 -3.68421916 -1.53956047
 -3.32138936 -1.00335066 -0.59972253 -1.19794303 -3.46993401 -2.11377568
 -0.45795159 -1.48893247 -1.92055545 -1.69692744 -3.09515885 -1.49093738
  1.83441007 -1.81419226 -1.43838792 -1.05245155]
log likelihood =  -4520.028099365608
Edge derivatives =  [0.01316963204027326, -0.017573729533000015, -0.029281924181510766, -0.04387784080861365, 0.04859508758526972, 0.07260894332077071, -0.0215194802877747, -0.036655903186306626, -0.047043759363394486, -0.06330340339383528, -0.022807242704996292, -0.04295898397702075, -0.01769409715427117, 0.02690497049296392, -0.09385250979580437, 0.06027134884558705]
other derivatives: [0.17462298 0.18471837 0.06129994 0.05402399 0.0250111  0.01682565]
Current x array =  [-0.67927447 -1.14521806 -0.38535197  0.69058339 -3.68376489 -1.53952514
 -3.34020453 -1.00439763 -0.60016251 -1.20025889 -3.46237927 -2.1150107
 -0.45570342 -1.48936029 -1.92110994 -1.6954605  -3.10005636 -1.48779838
  1.83244332 -1.81443303 -1.43994974 -1.05264983]
log likelihood =  -4520.0277887043085
Edge derivatives =  [0.014041661165529304, -0.010280400963493475, -0.002073820514385427, -0.025449218924789963, 0.04653107628504317, 0.060147722875085366, -0.04989104395194213, -0.030261863785078225, -0.046196634193718764, -0.05375061716728918, -0.01661967525460275, -0.04175945077292087, -0.029194963281108155, 0.02353333968993833, -0.05363302634709893, 0.043316901902121785]
other derivatives: [-0.51695679  0.09913492 -0.27757778  0.02337401  0.00272848  0.00500222]
Current x array =  [-0.67886291 -1.14515751 -0.38525787  0.69086434 -3.68355742 -1.53909179
 -3.33944238 -1.0044716  -0.60088703 -1.20101491 -3.46175587 -2.1141097
 -0.4552511  -1.48980312 -1.92204464 -1.69597669 -3.10158003 -1.48768274
  1.83227053 -1.81357617 -1.44108903 -1.05229337]
log likelihood =  -4520.027509974062
Edge derivatives =  [0.014533773052010831, -0.000598801231047108, 0.016215442703805566, 0.003850743657973471, 0.045377917049840524, 0.048931853524357145, -0.05458152115300188, -0.01798549790198714, -0.04281992107233343, -0.04906191725582565, -0.011517639850039132, -0.021866677163094372, 0.009263515264889, 0.02318518112110604, -0.010783744050256616, 0.019956141705597674]
other derivatives: [-0.37534846  0.08449206 -0.25565896 -0.02601155  0.04938556  0.0007276 ]
Current x array =  [-0.67893713 -1.14507936 -0.38526828  0.69108463 -3.68346459 -1.53882286
 -3.33764647 -1.00485455 -0.60125955 -1.20232153 -3.46175244 -2.1132385
 -0.45512418 -1.49008079 -1.92291991 -1.69625078 -3.1025261  -1.48799521
  1.83189064 -1.81296139 -1.4422005  -1.05180219]
log likelihood =  -4520.027244114992
Edge derivatives =  [0.014003837936839155, -0.0024520779368705226, 0.028207020283137513, 0.032605713435191364, 0.039937469776220536, 0.024559901170855818, -0.0024556354906426214, 0.015255607132328652, -0.042885795698435245, -0.035781051155148236, -0.001203337481671382, 0.021803312413066822, -0.022475636199696947, 0.014155534118203167, 0.05656052988254051, -0.035144268146469426]
other derivatives: [-0.28849172  0.07566996  0.25011104  0.01427907  0.0253749   0.00400178]
Current x array =  [-0.67896191 -1.14488547 -0.38555844  0.69042209 -3.68302566 -1.53826772
 -3.33603871 -1.00499863 -0.60208988 -1.20353487 -3.46067147 -2.11163295
 -0.45586924 -1.49140679 -1.92473321 -1.69723645 -3.10482926 -1.48881591
  1.83175976 -1.81166038 -1.44405755 -1.05076122]
log likelihood =  -4520.0271463743165
Edge derivatives =  [0.015847462174652757, -0.004131444520755367, 0.029293381441032273, 0.041961508265304676, 0.04025757885750396, 0.02877369925298362, 0.029281604103735287, 0.014304675954268653, -0.034917749162532846, -0.028561107970488886, 0.010221240235756261, 0.03780481554874898, -0.012735030175293094, 0.016416459608425527, 0.05829914438777262, -0.051120875732799664]
other derivatives: [ 0.02146407 -0.06975824 -0.24383553 -0.03037712  0.03992682  0.01336957]
Current x array =  [-0.67920142 -1.14457012 -0.38530841  0.69084158 -3.68300353 -1.53878251
 -3.33694016 -1.00473166 -0.6018849  -1.20406779 -3.45944185 -2.11172139
 -0.45643521 -1.49069892 -1.92595862 -1.69732806 -3.10778385 -1.4890633
  1.83168244 -1.8105793  -1.44377641 -1.05042969]
log likelihood =  -4520.027088120113
Edge derivatives =  [0.015900616495789048, -0.009605467828409264, 0.02740059768123959, 0.03012123874420844, 0.03961502242450876, 0.029615846688780825, 0.02598329865567839, 0.010420268805668043, -0.03704539450872406, -0.027219714885745705, 0.010167381127637452, 0.026937267959729838, -0.03249182243673787, 0.013898838141795516, 0.046253730606927, -0.04191394749985744]
other derivatives: [-0.00709406 -0.03055902 -0.05684342 -0.02664819  0.01664375  0.01227818]
Current x array =  [-0.6791704  -1.14465747 -0.38538911  0.69079729 -3.68298275 -1.5387769
 -3.33793186 -1.00448047 -0.60194821 -1.2035083  -3.45901285 -2.11188642
 -0.4563914  -1.49073432 -1.92590578 -1.69740826 -3.10803706 -1.48881502
  1.83183668 -1.81053174 -1.44349693 -1.0506014 ]
log likelihood =  -4520.027028979299
Edge derivatives =  [0.015289215576684901, -0.017522019354345608, 0.027665061066390717, 0.016947586560972838, 0.03856331610040413, 0.02886156687670227, 0.027219687559207728, 0.0055041159668608175, -0.03779735165526224, -0.020122673755406773, 0.012781448034789172, 0.014329020830522676, -0.061960683004591566, 0.01028087628543127, 0.03364987135567954, -0.03362067100623756]
other derivatives: [-0.02683009 -0.00318323  0.09295036 -0.03155947 -0.02019078  0.01155058]
Current x array =  [-0.67914882 -1.1447233  -0.38545084  0.69083136 -3.68288175 -1.53876489
 -3.33847427 -1.00410874 -0.60207524 -1.20295835 -3.45830135 -2.11182508
 -0.45644832 -1.49067944 -1.9263359  -1.69772633 -3.10910676 -1.48851959
  1.83199765 -1.81002297 -1.44315089 -1.05076665]
log likelihood =  -4520.026957278516
Edge derivatives =  [0.013566052696226391, -0.024042611310891304, 0.028554607306371993, 0.007573461265562631, 0.03739736658587864, 0.025511971984375253, 0.027491311216955944, 0.0007839891159331092, -0.03646722834434825, -0.009172289668546496, 0.01603973642053702, 0.002308871183973049, -0.07391179205121823, 0.0073501914023848675, 0.024770918325714375, -0.026148561497985612]
other derivatives: [-0.04083631  0.01500666  0.17271304 -0.03537934 -0.04120011  0.01000444]
Current x array =  [-0.67913397 -1.14477056 -0.38548166  0.6908604  -3.68275937 -1.53867144
 -3.33773482 -1.0038459  -0.60218308 -1.20266561 -3.45774533 -2.11139844
 -0.45650458 -1.49057063 -1.92713642 -1.69822156 -3.11033557 -1.48826744
  1.83198041 -1.80924159 -1.44286068 -1.05093812]
log likelihood =  -4520.026801899147
Edge derivatives =  [0.008392275960789923, -0.032416949615965585, 0.023239298877335696, -0.004715663435311934, 0.03463310570661596, 0.014091982917511257, 0.020753943352967236, -0.007426163610089714, -0.03111885448867832, 0.01381345924493177, 0.02023102231705365, -0.02150502056190584, -0.05211040282093937, 0.0038502192662239337, 0.011756154793985563, -0.009804587573202905]
other derivatives: [-0.08376446  0.02701199  0.21991582 -0.00545697 -0.04101821  0.00572982]
Current x array =  [-0.67910594 -1.14480197 -0.38550548  0.69063671 -3.68251615 -1.53828968
 -3.33425534 -1.00372461 -0.60221464 -1.20248647 -3.45708571 -2.10997862
 -0.45651646 -1.49040596 -1.92903711 -1.699346   -3.11212431 -1.48788276
  1.8315261  -1.80762254 -1.44238142 -1.05136862]
log likelihood =  -4520.026689243533
Edge derivatives =  [0.005176345046671095, -0.021840980341788663, 0.01249880234941933, 0.006276268079294184, 0.03141986590616522, 0.0008390938842165567, -0.009477408457342906, -0.01710588766611673, -0.016244881966811203, 0.026746486780845402, 0.027712275663739197, -0.024683315001963246, -0.009617560076923715, 0.006582416708857675, 0.005665165433184682, -0.001393598823154485]
other derivatives: [ 0.14961188  0.0764885   0.16489139 -0.06684786 -0.03592504  0.00136424]
Current x array =  [-0.67924227 -1.14490639 -0.38543411  0.69114026 -3.68204293 -1.53808144
 -3.33011279 -1.00440164 -0.6017154  -1.20344475 -3.45583472 -2.10828082
 -0.45618669 -1.48973332 -1.93192891 -1.70000018 -3.11454584 -1.48802781
  1.83073109 -1.8055301  -1.44186109 -1.05169666]
log likelihood =  -4520.026609291247
Edge derivatives =  [0.0029433618650522853, -0.01608185744138535, 0.004150736578356545, 0.0077260616400947335, 0.02939251525732939, -0.0077995131151821495, -0.0156292808556715, -0.010376500140480222, -0.012574568303942962, 0.027584044013963915, 0.0237824938924392, -0.024648260395922383, 0.0024475571220823333, 0.009208348604458835, 0.011004517940299885, 0.002231283946956486]
other derivatives: [ 0.00090949  0.07521521 -0.05557013  0.02892193 -0.03792593 -0.00263753]
Current x array =  [-0.67917064 -1.14487467 -0.38537984  0.69049363 -3.68192541 -1.53759074
 -3.32792809 -1.00495858 -0.60160493 -1.20344941 -3.45581893 -2.10736614
 -0.45608154 -1.49035157 -1.93250331 -1.70024128 -3.11346357 -1.48826738
  1.83042825 -1.80537439 -1.44197634 -1.0519019 ]
log likelihood =  -4520.026569133854
Edge derivatives =  [0.0027347153401334184, -0.011554757152000883, -0.010460496638436595, 0.009690813720118735, 0.028651276892680974, -0.008683952376882291, -0.013772950537795314, -0.008790079435935572, -0.011357984310311403, 0.01773343615221884, 0.020950211353485404, -0.016383115624917066, 0.029022907125974662, 0.010671043574839015, 0.0053136787628857984, 0.0009171636526209559]
other derivatives: [-0.02255547 -0.02291927 -0.05738912  0.03528839 -0.00627551  0.00090949]
Current x array =  [-0.67917609 -1.14467708 -0.38537806  0.69039458 -3.68200822 -1.53761186
 -3.32762266 -1.00538179 -0.601254   -1.20358273 -3.45577152 -2.10734409
 -0.45611723 -1.49039313 -1.93257905 -1.69992402 -3.11269673 -1.48861201
  1.83029082 -1.80554528 -1.44179996 -1.05196139]
log likelihood =  -4520.026532294391
Edge derivatives =  [0.0037278625499292655, -0.0013517184130744653, -0.01625690753960457, 0.014090271180927538, 0.027838779758281893, -0.008589517381469625, -0.008328960358134047, -0.0017383626258091478, -0.007972089347992858, 0.005744389945021244, 0.01755997988295669, -0.0021065763335545995, 0.030311178001606542, 0.014835801468086912, 0.004029819365958476, -0.0004272732641378285]
other derivatives: [ 0.05593392 -0.00518412 -0.13133103  0.04874892 -0.00136424  0.00190994]
Current x array =  [-0.67922932 -1.14468761 -0.38534241  0.69032337 -3.68207105 -1.53753717
 -3.32776507 -1.00593994 -0.60098761 -1.20355126 -3.45539522 -2.10735328
 -0.45614285 -1.49072562 -1.93264371 -1.6994738  -3.11156391 -1.48909928
  1.83033601 -1.80579105 -1.44169817 -1.05201253]
log likelihood =  -4520.026493481542
Edge derivatives =  [0.005036329084727993, 0.012265725702957753, -0.02374902728178127, 0.016800941806224712, 0.025041776077022633, -0.01099529645035311, 0.0013773748043254541, 0.004501990320470328, -0.001314322529169229, -0.00798501736261198, 0.017344668851968913, 0.01653095277454647, 0.01979357365667589, 0.01752896683732437, -0.005366452599229243, -0.003842633155532682]
other derivatives: [-0.14497346 -0.05084075 -0.2055458   0.00964064 -0.00973159  0.00354703]
Current x array =  [-0.67911612 -1.14465061 -0.38529914  0.69065748 -3.68209592 -1.53749979
 -3.32812526 -1.00662922 -0.60064596 -1.20345704 -3.45377912 -2.10717755
 -0.45626469 -1.49097234 -1.93370259 -1.69901852 -3.11150163 -1.48978239
  1.83045383 -1.80527503 -1.44129268 -1.0521008 ]
log likelihood =  -4520.026450276511
Edge derivatives =  [0.005010862275862027, 0.01589847297804775, -0.022152682706910093, 0.011832234173921458, 0.022450853801505376, -0.015471236235287952, 0.014443055584251657, 0.013074060299501256, 0.00012782452830176205, -0.013582386276092262, 0.015280065009540267, 0.024524215693130846, 0.00924174158272506, 0.016403894522278112, -0.008352539373405687, -0.0022039973186129824]
other derivatives: [ 0.01546141 -0.01036824  0.05084075  0.00782165 -0.00782165  0.00254659]
Current x array =  [-0.6791978  -1.14468328 -0.38540238  0.69056695 -3.68218888 -1.53723632
 -3.32820199 -1.00694731 -0.60071636 -1.20295436 -3.45272176 -2.10693129
 -0.45638847 -1.49157493 -1.93424081 -1.69893294 -3.11097696 -1.49011598
  1.83066769 -1.80499351 -1.44118486 -1.05221164]
log likelihood =  -4520.026428508448
Edge derivatives =  [0.005014405889272794, 0.013749017453547563, -0.014930796411430775, 0.0038639868072905814, 0.021302193730168242, -0.016660311643756837, 0.01793255093016241, 0.013765815011245547, 0.000758952496880877, -0.009605081903343582, 0.01631252191283425, 0.019100574048847796, -0.011287039244864072, 0.014859304912991006, -0.012903237386023503, 0.0030048965008602213]
other derivatives: [ 1.53704605e-02  2.19188223e-02  6.90306479e-02  6.45741238e-03
 -2.73757905e-02 -9.09494702e-05]
Current x array =  [-0.67919189 -1.14475022 -0.38540854  0.690594   -3.68219889 -1.53711074
 -3.32861266 -1.00680355 -0.60090977 -1.20245029 -3.45192812 -2.1068303
 -0.45642151 -1.49178557 -1.93463165 -1.6991152  -3.11139786 -1.49001207
  1.83084993 -1.80459988 -1.44103887 -1.05232304]
log likelihood =  -4520.026408649949
Edge derivatives =  [0.0062417068409446955, 0.010759828258734283, 0.0002507559526906955, -0.009853226214383864, 0.019988824083707092, -0.014312832568567597, 0.023807304419706188, 0.014360511550934318, 0.001933579633918145, -0.006498808981008075, 0.016844896715743317, 0.012797084574090234, -0.015397112487328224, 0.013695836202105169, -0.020157870080461604, 0.010206083451561487]
other derivatives: [ 0.11696102 -0.01700755 -0.12432793 -0.00200089 -0.01273293 -0.00363798]
Current x array =  [-0.67927014 -1.14467651 -0.38530874  0.6906887  -3.68249106 -1.53702237
 -3.33021341 -1.00653426 -0.60119244 -1.20147506 -3.45033185 -2.10710402
 -0.45644111 -1.49208452 -1.93500291 -1.69918304 -3.11163268 -1.48987854
  1.83117248 -1.8041261  -1.44078411 -1.05244899]
log likelihood =  -4520.026390395047
Edge derivatives =  [0.005642201592290352, 0.009634507537078618, 0.0014737917952655777, -0.013912121110213671, 0.018675655808327665, -0.017558502850968685, 0.016286281271632314, 0.01272433698699657, 0.001836279916676467, -0.0035028081068813055, 0.01704394586212253, 0.0072682974338098005, -0.006140972912248355, 0.011430268391876705, -0.021365490129994225, 0.013400429841674]
other derivatives: [ 0.01382432 -0.00782165 -0.01236913 -0.00372893 -0.00309228 -0.00627551]
Current x array =  [-0.67919677 -1.14471733 -0.38536065  0.69066764 -3.68251573 -1.53689457
 -3.32997594 -1.00650943 -0.60128646 -1.20130794 -3.44981072 -2.10690254
 -0.4563217  -1.49216479 -1.93540286 -1.69938325 -3.11184048 -1.48977221
  1.83111381 -1.80375759 -1.44077675 -1.05252331]
log likelihood =  -4520.02637804066
Edge derivatives =  [0.005856287488790654, 0.010872624387816776, 0.003682242155511717, -0.013535360364028498, 0.01811111065433439, -0.01863808942620927, 0.007458181915839357, 0.012162114197226015, 0.0016266144624345197, -0.0038040326717073136, 0.016409060821786788, 0.006640749109006527, 0.007531100712074412, 0.010706859981495565, -0.017845920593308362, 0.012939156607186475]
other derivatives: [-0.02974048  0.          0.01964509 -0.00563887  0.01400622 -0.0082764 ]
Current x array =  [-0.67916409 -1.14474534 -0.38537522  0.69066615 -3.68258564 -1.5368393
 -3.33005504 -1.00654415 -0.60133611 -1.20129479 -3.44949606 -2.10692035
 -0.45616291 -1.49221977 -1.93548644 -1.69939618 -3.11164318 -1.48974332
  1.8310624  -1.80366435 -1.44090199 -1.05250118]
log likelihood =  -4520.026357917201
Edge derivatives =  [0.006648052322554951, 0.013576448573618283, 0.007948148573628216, -0.012875161213896952, 0.016959205211149863, -0.01986727675691928, -0.010594070112290355, 0.011101807569846245, 0.0011912643897192265, -0.005933745336837548, 0.014647452713848146, 0.006977148314927406, 0.027103243366757956, 0.00931661860416981, -0.010105471648296671, 0.010392140396603633]
other derivatives: [-0.05793481  0.00190994  0.03228706 -0.00909495  0.04019967 -0.01173248]
Current x array =  [-0.67914212 -1.1447637  -0.38537941  0.69067324 -3.68272598 -1.53676574
 -3.3304916  -1.00661757 -0.60141121 -1.20123762 -3.44867489 -2.10709879
 -0.45583608 -1.49233346 -1.93561388 -1.69934397 -3.11106458 -1.48971636
  1.83103082 -1.80349257 -1.44117241 -1.0524214 ]
log likelihood =  -4520.026324357039
Edge derivatives =  [0.007368294309621697, 0.014082664239600196, 0.006254397665221567, -0.01394012664086039, 0.015051172924462806, -0.02140526758632143, -0.033266466342448786, 0.007828622498119775, -0.0006106825410619326, -0.008943722407850352, 0.011804029958907107, 0.005707920345488893, 0.01620981242096975, 0.005440343838091263, -0.0013939520756423573, 0.004156702447098315]
other derivatives: [-0.09931682 -0.01818989  0.05011316 -0.00236469  0.02510205 -0.01400622]
Current x array =  [-0.67912145 -1.14473302 -0.38539242  0.69062638 -3.68272331 -1.5367654
 -3.33114119 -1.00662694 -0.60141974 -1.20120445 -3.44730529 -2.1075022
 -0.45547369 -1.49238278 -1.93583987 -1.69929755 -3.11021909 -1.48963272
  1.83111889 -1.80314572 -1.44153622 -1.05226811]
log likelihood =  -4520.026266026175
Edge derivatives =  [0.009370222043795787, 0.01647679764510196, 0.0016183947408053567, -0.011509495324155905, 0.011691616677823313, -0.02072311290992579, -0.05630165361340947, 0.0023832264798620273, -0.00025481992801817954, -0.011915961842190903, 0.008382986170366917, 0.0064430148416417254, 0.014859387610879793, 0.00011695352876553433, 0.010834331463128177, -0.006909671979290599]
other derivatives: [-0.03528839 -0.00381988  0.05175025 -0.01591616  0.02019078 -0.01391527]
Current x array =  [-0.67915848 -1.14478296 -0.38537641  0.69077646 -3.68276151 -1.53701677
 -3.33248794 -1.00657436 -0.60122466 -1.20135933 -3.44409335 -2.10849521
 -0.45509344 -1.49215631 -1.93667595 -1.69921829 -3.10907157 -1.48950416
  1.83117694 -1.80213024 -1.44201563 -1.05195902]
log likelihood =  -4520.026237623553
Edge derivatives =  [0.01111362448276825, 0.012719815568658088, -0.004065448609619826, -0.012962756334741976, 0.0074589001643631005, -0.01577174069706682, -0.040860694116044816, 0.006648455957111443, -0.0033499059327358888, -0.013754536947068463, -0.0021276195069666187, 0.0035065839652210773, -0.01799079357558009, -0.007518339356435977, 0.028913398668507673, -0.017591822606319196]
other derivatives: [-0.09167707  0.00363798 -0.18535502  0.08685674 -0.00682121 -0.00836735]
Current x array =  [-0.67914508 -1.14477809 -0.38530545  0.69016091 -3.68292441 -1.53731167
 -3.3342748  -1.00623104 -0.60116022 -1.20118919 -3.43978606 -2.1102976
 -0.45526118 -1.49239751 -1.93712894 -1.69922403 -3.10575486 -1.48925795
  1.83153588 -1.80122895 -1.44283818 -1.05159902]
log likelihood =  -4520.026180099485
Edge derivatives =  [0.011594242470495298, 0.009154379169146853, -0.01247120826227291, -0.012412244627274333, 0.00715957408134861, -0.012893103142235598, -0.03360773580686907, 0.0003792672508398931, -0.0023072190358479766, -0.011531170266187496, 0.0006327843614175391, 0.0008518841784939113, -0.015941841823586822, -0.009717277039047942, 0.01834950729066448, -0.017424545647439005]
other derivatives: [ 0.00627551 -0.03146852 -0.00500222  0.01382432 -0.00873115 -0.00272848]
Current x array =  [-0.67919902 -1.14473573 -0.38534773  0.69065709 -3.68281465 -1.53770053
 -3.33484501 -1.00599801 -0.60091018 -1.20147489 -3.43887841 -2.11072534
 -0.45544737 -1.49177375 -1.93762573 -1.69925754 -3.10668925 -1.48912851
  1.83147715 -1.80070288 -1.44253628 -1.05157424]
log likelihood =  -4520.02615676323
Edge derivatives =  [0.0111021027408672, 0.007616935069686248, -0.01854918821365975, -0.006964699635560678, 0.007855094754925913, -0.010510113398065256, -0.014479253925498758, 9.064394448748958e-05, -0.00021043902191002217, -0.006573148239224391, 0.0021617441223645284, -0.00044081395367323584, -0.012619648272860884, -0.008508203433808759, 0.013090608233608247, -0.01464952794591512]
other derivatives: [ 0.0512955   0.00600267  0.02892193  0.00145519 -0.01282388  0.00236469]
Current x array =  [-0.67921758 -1.14481051 -0.38535294  0.69077317 -3.68266369 -1.53792713
 -3.33424587 -1.00588024 -0.60072069 -1.2019192  -3.43890815 -2.11081627
 -0.45579788 -1.49138919 -1.93786143 -1.699401   -3.10712782 -1.48906875
  1.83130731 -1.80051842 -1.44235674 -1.05161114]
log likelihood =  -4520.026144411218
Edge derivatives =  [0.010760386548417846, 0.005463456541130396, -0.021437159224996977, -0.00230159167418853, 0.007885864931267146, -0.00725572599199719, 0.006841826525895323, 0.0003192999428918153, 0.0020220525950535306, -0.0007569249234492537, 0.0025013118199920595, -0.00350989016625064, -0.00812366455731972, -0.008012397578043451, 0.007293088548609716, -0.010744874294534523]
other derivatives: [-0.05520633 -0.01682565 -0.05547918 -0.01000444 -0.01246008  0.00718501]
Current x array =  [-0.67915745 -1.14479422 -0.38531543  0.69090321 -3.6825649  -1.53815019
 -3.33384162 -1.00569378 -0.60062221 -1.20230724 -3.43823438 -2.11112321
 -0.45618246 -1.49105598 -1.93825658 -1.6995887  -3.10725259 -1.48898471
  1.8311619  -1.80017042 -1.44219997 -1.05167284]
log likelihood =  -4520.026136744438
Edge derivatives =  [0.010212512698958346, 0.0017252047827610584, -0.02078814344661728, -0.0018598772770627992, 0.0066699619408139565, -0.0063815247938495655, 0.025163078150891444, 0.003392250035460287, 0.002151299923216582, 0.004149321169142572, 0.0001685918695717853, -0.00760133539693747, 0.0008401506033901551, -0.009960064856687462, 0.006753335966727947, -0.005606334682819014]
other derivatives: [0.02701199 0.01491571 0.05929905 0.00964064 0.00281943 0.00982254]
Current x array =  [-0.67919715 -1.14482708 -0.3853678   0.69071509 -3.68259102 -1.53818686
 -3.33356491 -1.00551585 -0.60069971 -1.20236847 -3.43712755 -2.11145334
 -0.4564563  -1.49109156 -1.93859888 -1.69982313 -3.10660987 -1.48886737
  1.83111039 -1.79981241 -1.44225878 -1.0517368 ]
      fun: 4520.026136744438
 hess_inv: <22x22 LbfgsInvHessProduct with dtype=float64>
      jac: array([-0.02701199, -0.01491571, -0.05929905, -0.00964064, -0.00281943,
       -0.00982254, -0.01021251, -0.0017252 ,  0.02078814,  0.00185988,
       -0.00666996,  0.00638152, -0.02516308, -0.00339225, -0.0021513 ,
       -0.00414932, -0.00016859,  0.00760134, -0.00084015,  0.00996006,
       -0.00675334,  0.00560633])
  message: b'CONVERGENCE: REL_REDUCTION_OF_F_<=_FACTR*EPSMCH'
     nfev: 107
      nit: 95
   status: 0
  success: True
        x: array([-0.67919715, -1.14482708, -0.3853678 ,  0.69071509, -3.68259102,
       -1.53818686, -3.33356491, -1.00551585, -0.60069971, -1.20236847,
       -3.43712755, -2.11145334, -0.4564563 , -1.49109156, -1.93859888,
       -1.69982313, -3.10660987, -1.48886737,  1.83111039, -1.79981241,
       -1.44225878, -1.0517368 ])
