number of sites to be analyzed:  247
log likelihood =  2989.8702034171392
Lr derivatives =  [-20.06363740473448, -166.6177215883631, -77.5348363416872]
other derivatives =  [ 39.18048606  -9.50853973   9.49103196  -4.44324542 212.04418772
  15.25795597]
Current x_clock array =  [-0.65320006 -0.7355264  -0.61887844  0.74193734 -0.10536052 -0.51082562
 -0.51082562 -0.51082562 -0.51082562]
log likelihood =  2830.7218261060416
Lr derivatives =  [-32.72529600236806, -161.7182602124986, -84.52898393565526]
other derivatives =  [-163.37035049   11.07309799  -53.31853572   12.45816748  129.16834748
   12.23434083]
Current x_clock array =  [-0.83345884 -0.73237248 -0.6625441   0.76237951 -1.08091822 -0.58102333
 -0.41851828 -0.50847545 -0.50847545]
log likelihood =  2691.7743521650727
Lr derivatives =  [-15.472720244410864, -69.20926772028332, 15.933154828198973]
other derivatives =  [310.76829146  55.40532584  21.5783075   22.49753379 -37.75012374
  18.03150553]
Current x_clock array =  [-0.47264659 -0.78904632 -0.51839847  0.74651722 -3.31181373 -0.75368814
 -0.12278079 -0.14633674 -0.29897125]
log likelihood =  2657.7057774997265
Lr derivatives =  [17.263235504312558, -36.52143697487382, 36.0176404821608]
other derivatives =  [-116.8617473   -16.14362191   36.13176887   19.14077075  -13.31277417
   19.17446752]
Current x_clock array =  [-0.75854671 -0.89321394 -0.4898566   0.69274404 -3.04912716 -0.77041537
 -0.09874089  0.         -0.29233433]
log likelihood =  2648.1106111289964
Lr derivatives =  [28.556549999276836, -34.035119811941854, 29.752463238963983]
other derivatives =  [-48.56888154  -6.89665285   6.70897862  18.12941264   0.5874881
  19.30920916]
Current x_clock array =  [-0.69181803 -0.87336892 -0.5215282   0.68438852 -2.8587131  -0.76607556
 -0.13491957  0.         -0.32220305]
log likelihood =  2643.423603397973
Lr derivatives =  [16.66401667351868, -46.94715463720868, 8.76707590453789]
other derivatives =  [26.25311026  0.06757546  6.04095476 16.59932423  2.00243448 17.32055352]
Current x_clock array =  [-0.63001815 -0.85651806 -0.53118803  0.65318967 -2.77055995 -0.79402031
 -0.2081564   0.         -0.38306729]
log likelihood =  2641.78971288693
Lr derivatives =  [6.625165595432902, -55.88849960409922, -2.6663918432691194]
other derivatives =  [20.67645255 -0.96351869 -2.36877895 15.67805157  0.58544174 15.63439582]
Current x_clock array =  [-0.63336411 -0.85290204 -0.5433277   0.62143416 -2.74284316 -0.82464611
 -0.24752607  0.         -0.41234091]
log likelihood =  2639.420967099103
Lr derivatives =  [-8.77877825924299, -68.49202121426462, -16.874975750590533]
other derivatives =  [ 1.52695065  0.9100404   2.40161171 10.29070518 -0.18890205 12.45080057]
Current x_clock array =  [-0.64844908 -0.83852818 -0.54529084  0.52673935 -2.69548632 -0.91597513
 -0.31081662  0.         -0.43786533]
log likelihood =  2637.4535229819694
Lr derivatives =  [-12.519552986253043, -70.73067926134443, -16.99816961974705]
other derivatives =  [-11.72802513   0.52059477  -9.53004928   4.18644959  -1.53768269
  10.34159141]
Current x_clock array =  [-0.65863389 -0.83473577 -0.56320416  0.4231278  -2.70169695 -1.02861496
 -0.33598468  0.         -0.41836292]
log likelihood =  2635.2531854743293
Lr derivatives =  [-11.822753459461001, -66.86393722160084, -6.653435299225066]
other derivatives =  [-8.46503099  2.40570444  8.71914381 -7.02393663 -1.11981535  7.94443622]
Current x_clock array =  [-0.65872988 -0.82946015 -0.54864815  0.26385676 -2.71985503 -1.24068205
 -0.34959905  0.         -0.36057045]
log likelihood =  2634.3280657417054
Lr derivatives =  [0.7704040079260484, -56.88040905754509, 6.121971010476763]
other derivatives =  [ -4.36921255  -1.64718585 -16.58931978  -8.02783688  -1.14559953
   6.71711859]
Current x_clock array =  [-0.65501691 -0.84498973 -0.57443613  0.23015019 -2.76220319 -1.38837693
 -0.31198291  0.         -0.32420487]
log likelihood =  2633.768803822751
Lr derivatives =  [3.2245136916633204, -54.841541017130695, 6.74787861026666]
other derivatives =  [ 2.89182935 -1.34868969 -8.17994987 -7.94739208 -0.43769433  6.09193194]
Current x_clock array =  [-0.65014443 -0.84727525 -0.56332053  0.23801532 -2.76517349 -1.44932305
 -0.29917921  0.         -0.32357184]
log likelihood =  2632.6004555865175
Lr derivatives =  [9.126186466623164, -50.57063233073296, 4.057330374960102]
other derivatives =  [13.5524715  -1.08557288  9.21932042 -5.8058049   0.96424628  4.03442755]
Current x_clock array =  [-0.64312767 -0.85433723 -0.53999082  0.28416874 -2.77179336 -1.66576117
 -0.26316247  0.         -0.3348789 ]
log likelihood =  2631.8604827717254
Lr derivatives =  [9.34974608820705, -50.332127867419146, 1.0452819032690588]
other derivatives =  [12.45507519  0.38317012 10.27092367 -3.87321961  0.35815901  2.67218638]
Current x_clock array =  [-0.64372123 -0.85350804 -0.537307    0.31276848 -2.77515918 -1.86345081
 -0.25786478  0.         -0.3392466 ]
log likelihood =  2631.484892795066
Lr derivatives =  [-2.2824253054672976, -54.885007989296554, 10.222196671739308]
other derivatives =  [  5.35787876 -21.24697858  11.57013685   1.44864316   6.34122443
   1.3137651 ]
Current x_clock array =  [-0.64609195 -0.88821411 -0.53991545  0.40451982 -2.63202999 -2.4030149
 -0.34693116  0.         -0.27956225]
log likelihood =  2630.6220774984986
Lr derivatives =  [3.4023748426749556, -52.716562070307546, 5.423611197771681]
other derivatives =  [-0.30668161 12.03220563 -1.06479092  1.99006536  2.8363047   0.8411007 ]
Current x_clock array =  [-0.6527262  -0.82324985 -0.5516602   0.39246659 -2.67215118 -2.53662226
 -0.32922075  0.         -0.2945464 ]
log likelihood =  2630.3555299224117
Lr derivatives =  [1.015217404124897, -54.426280864281914, 1.4615033162006625]
other derivatives =  [ 5.65387381  2.30793376 -1.33259164  0.51472853  1.78015398  0.70876922]
Current x_clock array =  [-0.64724603 -0.84282066 -0.55266408  0.37170372 -2.69069541 -2.60063234
 -0.32620629  0.         -0.30360744]
log likelihood =  2630.231108846958
Lr derivatives =  [0.654331592510939, -53.93412041560474, 1.1375584636045382]
other derivatives =  [-4.25334292 -2.83562258  0.88193701 -0.28694558  0.24656401  0.50249582]
Current x_clock array =  [-0.65448445 -0.85393145 -0.54928168  0.35668852 -2.71637153 -2.77100804
 -0.31771542  0.         -0.30273795]
log likelihood =  2630.139515014948
Lr derivatives =  [-0.7089423098417171, -54.70305773142359, -0.47024277946798065]
other derivatives =  [-0.20777406 -2.33526407 -0.42068677 -0.19840627 -0.70062924  0.31641321]
Current x_clock array =  [-0.65110914 -0.85332782 -0.55115228  0.35555809 -2.72358863 -2.97940189
 -0.32165332  0.         -0.30310703]
log likelihood =  2630.061487755246
Lr derivatives =  [-1.2155212309983163, -54.5921122574441, -0.079937484136412]
other derivatives =  [ 0.21955202 -0.52577889 -0.59912963  0.18990249 -0.89148671  0.16807462]
Current x_clock array =  [-0.65079212 -0.8495655  -0.55163523  0.35972743 -2.72018265 -3.29612341
 -0.3275654   0.         -0.29756103]
log likelihood =  2630.0255280255246
Lr derivatives =  [1.4660157478370195, -53.01070021340184, -0.9771796784271878]
other derivatives =  [-0.01273293 -0.86088221 -1.41740202 -0.01077751  1.24127837  0.06180016]
Current x_clock array =  [-0.65133979 -0.85070479 -0.55232499  0.36096777 -2.69851185 -3.69376948
 -0.32354927  0.         -0.29953676]
log likelihood =  2630.005626458228
Lr derivatives =  [-0.4147002379232507, -53.66954251169965, -0.33002979420163925]
other derivatives =  [ 0.21054802  0.10913936  3.02052285 -0.1495664   0.44883564  0.04165486]
Current x_clock array =  [-0.65127099 -0.84823639 -0.54811368  0.35867207 -2.70317438 -3.92219075
 -0.33023105  0.         -0.29431999]
log likelihood =  2629.994883207253
Lr derivatives =  [-0.178757596228877, -53.358643847591296, 0.3543431721060273]
other derivatives =  [-0.03719833  0.05293259  0.79271558 -0.12055352  0.09740688  0.03155947]
Current x_clock array =  [-0.65131365 -0.84857905 -0.55043031  0.35697629 -2.70761867 -4.06725667
 -0.33001307  0.         -0.29190322]
log likelihood =  2629.989835295814
Lr derivatives =  [0.0664031542122725, -53.11280468220131, 0.45294844614564056]
other derivatives =  [-0.03624336  0.13069439 -0.26093403 -0.15211299 -0.01623448  0.01887202]
Current x_clock array =  [-0.65127343 -0.84863581 -0.55153769  0.35559241 -2.70932384 -4.27751686
 -0.32961743  0.         -0.29101643]
log likelihood =  2629.98678111421
Lr derivatives =  [-0.047355098702603016, -53.153801573394674, 0.13138657904667284]
other derivatives =  [-0.30763658  0.13892532 -0.52468749 -0.13119461 -0.02887646  0.00968612]
Current x_clock array =  [-0.65145674 -0.8485892  -0.55187462  0.35561593 -2.70864191 -4.50769026
 -0.33033971  0.         -0.291033  ]
log likelihood =  2629.9887894968633
Lr derivatives =  [1.0488257540793526, -52.215310485899565, 0.8435581562887045]
other derivatives =  [ 2.15522959 -0.1627086   0.48385118 -0.27848728  0.16016202  0.00259206]
Current x_clock array =  [-0.64969206 -0.85009899 -0.55058043  0.35471955 -2.71049661 -4.91679647
 -0.32677337  0.         -0.28934212]
log likelihood =  2629.9858914174392
Lr derivatives =  [0.33795722188061106, -52.82145344965659, 0.36503941830897446]
other derivatives =  [ 0.55197233  0.03665264 -0.17316779 -0.18217179  0.03637979  0.00636646]
Current x_clock array =  [-0.65083976 -0.84911706 -0.55142214  0.35530253 -2.70929036 -4.6507238
 -0.32909283  0.         -0.29044182]
log likelihood =  2629.984599262515
Lr derivatives =  [0.09557494850701609, -52.95306608042402, 0.1228846856399386]
other derivatives =  [ 0.13410499  0.07653398 -0.02673914 -0.12169039  0.02992238  0.00309228]
Current x_clock array =  [-0.65114461 -0.84890337 -0.55132056  0.35611363 -2.70819005 -4.83960573
 -0.33017701  0.         -0.29041812]
log likelihood =  2629.9841358337617
Lr derivatives =  [-0.045092695260503746, -53.01432671520966, -0.001538167961335546]
other derivatives =  [ 0.02437446 -0.02182787  0.02182787 -0.05547918  0.02387424  0.00127329]
Current x_clock array =  [-0.65120011 -0.84905579 -0.55128958  0.35704971 -2.70756474 -5.01728729
 -0.33081163  0.         -0.29028594]
log likelihood =  2629.98404977949
Lr derivatives =  [0.06211759551832152, -52.91625053547207, 0.013139649192467573]
other derivatives =  [-0.17898856  0.15529622  0.06225491 -0.00595719  0.01141416  0.00022737]
Current x_clock array =  [-0.65137087 -0.84877877 -0.55118066  0.35766766 -2.707785   -5.15678882
 -0.33050627  0.         -0.29014414]
log likelihood =  2629.984001334751
Lr derivatives =  [-0.024663387213774257, -52.968521862043616, -0.03866972138271407]
other derivatives =  [ 0.08271854  0.03001333  0.00636646  0.01109584 -0.00768523 -0.        ]
Current x_clock array =  [-0.65114402 -0.84902779 -0.55127072  0.35791065 -2.70778758 -5.20351822
 -0.33079056  0.         -0.2901347 ]
log likelihood =  2629.9839951041645
Lr derivatives =  [-0.001422782127022515, -52.947835974656925, -0.004580133220638771]
other derivatives =  [-2.31921149e-03 -6.77573553e-03  9.23137122e-03  5.91171556e-03
 -2.91038305e-03  4.54747351e-05]
Current x_clock array =  [-0.65120914 -0.84910486 -0.55125687  0.35783687 -2.70782445 -5.20137648
 -0.33070332  0.         -0.2900709 ]
log likelihood =  2629.9839947502105
Lr derivatives =  [0.00020211335770170535, -52.946086588689674, -0.0014588903937564623]
other derivatives =  [-0.00181899 -0.00209184  0.00400178  0.00591172 -0.00309228 -0.        ]
Current x_clock array =  [-0.65120895 -0.84909568 -0.55126286  0.35783165 -2.70782386 -5.20421584
 -0.33070745  0.         -0.29005877]
      fun: 2629.9839947502105
 hess_inv: <9x9 LbfgsInvHessProduct with dtype=float64>
      jac: array([-1.81898940e-03, -2.09183781e-03,  4.00177669e-03,  5.91171556e-03,
       -3.09228199e-03, -0.00000000e+00,  2.02113358e-04, -5.29460866e+01,
       -1.45889039e-03])
  message: b'CONVERGENCE: REL_REDUCTION_OF_F_<=_FACTR*EPSMCH'
     nfev: 33
      nit: 31
   status: 0
  success: True
        x: array([-0.65120895, -0.84909568, -0.55126286,  0.35783165, -2.70782386,
       -5.20421584, -0.33070745,  0.        , -0.29005877])
