number of sites to be analyzed:  331
log likelihood =  -9711.944118671545
Edge derivatives =  [-33.021558833776545, 96.12407747258476, -27.227059916044, 19.54187202717561, -1.426342545771953, 38.63643191388349, 135.7969926072424, 126.69345377303566, -29.74686733327074, 85.6498361732564, -16.151410723807285, 43.44332393791516, 157.0353594759791, 88.96033945124267, 48.72957103890297, 98.2924470032538]
other derivatives: [ -197.87985366    79.18552001  -121.95741874   136.18864614
 -1029.82558019     0.        ]
Current x array =  [-0.66643529 -0.63522004 -0.68056231  0.74193734 -0.10536052 -0.51082562
 -2.30258509 -2.30258509 -2.30258509 -2.30258509 -2.30258509 -2.30258509
 -2.30258509 -2.30258509 -2.30258509 -2.30258509 -2.30258509 -2.30258509
 -2.30258509 -2.30258509 -2.30258509 -2.30258509]
log likelihood =  -8838.243591978578
Edge derivatives =  [-28.36273704753829, 96.94322530378832, -22.53137028114264, 23.129075996000466, 1.2176572123650287, 39.5893417451429, 129.9686794939572, 124.68130891854209, -23.663653974031938, 85.22984192179871, -10.59078603548185, 45.0494392520496, 151.15552460428762, 87.05152843699854, 48.623928782829594, 96.2463937731263]
other derivatives: [ 341.84686228   43.83346095  -24.35008355   -1.98579073 -640.55257099
    0.        ]
Current x array =  [-0.84445724 -0.63469355 -0.7902809   0.86445901 -1.03183969 -0.51082562
 -2.33229283 -2.21610738 -2.32707983 -2.28500431 -2.3038683  -2.26782595
 -2.18041578 -2.18860575 -2.32934676 -2.2255305  -2.31711566 -2.26350145
 -2.16130875 -2.22255222 -2.2587457  -2.21415662]
log likelihood =  -10552.807696161479
Edge derivatives =  [-9.852327888675768, 109.06548222181306, -3.783737748390057, 53.93979358495735, 17.897685299860093, 54.50771319272878, 127.04749044874, 140.7457024911245, -1.780225322721559, 107.071024286691, 7.891400667980696, 70.2588296944748, 141.8366432755191, 103.66659872508355, 51.71789307336065, 114.25811640478676]
other derivatives: [-26781.6856649     -42.6916813     140.11493477   -495.10399549
    100.13900464      0.        ]
Current x array =  [-0.05       -0.63213588 -0.96889818  0.99766899 -3.5276805  -0.51082562
 -2.43008608 -1.89878318 -2.40577273 -2.2127258  -2.30254585 -2.13886352
 -1.74798502 -1.77738636 -2.41315876 -1.94539473 -2.35749607 -2.11728037
 -1.65929397 -1.93493241 -2.09906271 -1.89622191]
log likelihood =  -8269.729971597855
Edge derivatives =  [-23.856812264598133, 93.580154037574, -20.446202580408677, 26.86070362620648, 2.2099945628829794, 36.90708703354973, 114.88977605483777, 117.45822252856397, -20.10157112720098, 76.95616995603712, -7.480790681154636, 41.852168304253844, 136.7643492814581, 78.21420237108504, 41.59766620439322, 90.2729051736269]
other derivatives: [-744.43305493   20.00924724   35.03428161 -130.53431758 -244.16112865
    0.        ]
Current x array =  [-0.50227936 -0.63359194 -0.86721252  0.92183341 -2.10681448 -0.51082562
 -2.37441302 -2.07943379 -2.36097337 -2.25387349 -2.30329871 -2.212281
 -1.99416505 -2.0114909  -2.36544513 -2.10487421 -2.33450776 -2.20052309
 -1.94508773 -2.0986725  -2.1899692  -2.07722008]
log likelihood =  -7985.774227827602
Edge derivatives =  [-23.158062895470813, 93.48673527619727, -18.349422264866064, 25.784400712975046, 2.5203322480458854, 37.096667824587094, 103.77955489934644, 104.97050137118656, -17.234171428295497, 72.89199981998793, -4.781444730163598, 41.29094044578186, 121.96182292294597, 69.24898164249504, 38.49861009487185, 83.68997509338885]
other derivatives: [ 278.73757062  -22.61949703   74.25260264 -150.02833607   21.09391062
    0.        ]
Current x array =  [-0.7449963  -0.63999829 -0.89355543  0.86342335 -3.06567685 -0.51082562
 -2.42280201 -1.90985453 -2.4007033  -2.21110757 -2.30110825 -2.14409506
 -1.77243977 -1.79463991 -2.40650479 -1.95920111 -2.35253992 -2.12316481
 -1.68525271 -1.94978436 -2.10850142 -1.90997773]
log likelihood =  -7889.132370069711
Edge derivatives =  [-22.774296895940186, 90.81127670417173, -17.97182119783349, 25.002481027413513, 2.2509716762557526, 35.589265458744904, 93.65757785589616, 95.15993279865799, -16.655311260637465, 67.66643418823385, -4.245948759143123, 38.924103867134086, 108.14094472255073, 61.8398694556087, 34.30030989431121, 77.91776962326998]
other derivatives: [ 140.85808289  -26.15133781   79.97123248 -130.17952369   81.3069164
    0.        ]
Current x array =  [-0.68949098 -0.65314366 -0.87145512  0.76886529 -3.48588172 -0.51082562
 -2.45560709 -1.78942435 -2.4273074  -2.17980487 -2.29899808 -2.09592886
 -1.62400762 -1.647947   -2.43318189 -1.85942532 -2.36296293 -2.06894551
 -1.51121745 -1.85043483 -2.05383271 -1.7954172 ]
log likelihood =  -7698.177709888386
Edge derivatives =  [-20.899105112545072, 79.80166854768353, -16.218405710756908, 22.417449043057854, 2.491393434180961, 32.63018126539082, 68.57492215144194, 64.83393589740392, -14.524679780257982, 55.31116194958294, -1.9891570627667456, 33.01359706344947, 65.35361528185321, 43.4708719553938, 25.126609640348132, 61.168016595976894]
other derivatives: [-129.74869605   -2.68073563  -19.81115929  -26.37216312  132.87990441
    0.        ]
Current x array =  [-0.60836395 -0.71905633 -0.69286202  0.46405765 -4.09098141 -0.51082562
 -2.55972752 -1.40353692 -2.51041106 -2.07871774 -2.29233239 -1.94409043
 -1.19977084 -1.22557509 -2.51392447 -1.56159424 -2.39024679 -1.90224485
 -1.02394038 -1.5705622  -1.89937423 -1.45290448]
log likelihood =  -7572.5200975643575
Edge derivatives =  [-21.27093207608269, 60.57680557971514, -17.684977313008517, 12.95637599803788, -1.8964890618395405, 23.428889572489986, 26.02551915851982, 23.412372635233996, -14.269671253411506, 30.470890526859115, -3.280004184954334, 22.45780981054148, 3.6635135595941084, 18.681015843766883, 11.923607816240002, 30.300753339023483]
other derivatives: [-150.89508452  -41.57172953   25.96443665   24.47986844  134.19130482
    0.        ]
Current x array =  [-0.6089713  -0.752278   -0.67122816  0.25969983 -4.28766075 -0.51082562
 -2.6807002  -0.95462315 -2.60540137 -1.95878167 -2.28210741 -1.76362125
 -0.75117675 -0.7911637  -2.60361852 -1.22907853 -2.41378224 -1.71144398
 -0.54524893 -1.27967184 -1.73519865 -1.078096  ]
log likelihood =  -7763.74791916639
Edge derivatives =  [-18.476409030056107, -8.900638531978252, -17.063259232860066, 3.763003492830155, -9.72057614182413, 4.064791566556183, -4.3922523998864715, -34.62248387923522, -12.74260343119389, 14.978484270073364, -2.288214723647667, -2.788295756538297, -45.23321556262779, -0.08341162819529868, 4.344040332947307, -12.94408621883004]
other derivatives: [  107.09136404   272.36610549 -1889.57037608    21.64415491
    47.77502909     0.        ]
Current x array =  [-0.6953596  -1.1971533  -0.22299469  0.28771958 -3.88996121 -0.51082562
 -2.92958895 -0.23140519 -2.81266625 -1.80589036 -2.30375178 -1.48474994
 -0.3079145  -0.36959613 -2.77798916 -0.81484761 -2.46582396 -1.429372
 -0.27062607 -0.96349068 -1.54517019 -0.64775404]
log likelihood =  -7529.6876654228
Edge derivatives =  [-19.210631377003377, 45.826798912627716, -16.2579655418344, 12.891593675431627, -2.7066152875449996, 21.423808172067428, 23.940664289881344, 12.08835736743173, -12.840886438342643, 30.8629942857908, -1.502941063387925, 17.830989533492033, -3.125891588940151, 16.37772295405567, 11.440075005480363, 22.8252622809698]
other derivatives: [ -71.48610166   94.66748452 -209.89627956   43.82482075  113.12213246
    0.        ]
Current x array =  [-0.63839181 -0.90378529 -0.5185772   0.26924227 -4.1522197  -0.51082562
 -2.76546206 -0.70832314 -2.67598776 -1.90671282 -2.28947864 -1.66864848
 -0.6002188  -0.64759412 -2.6630024  -1.08800753 -2.43150563 -1.61538119
 -0.45172302 -1.17199279 -1.67048232 -0.9315382 ]
log likelihood =  -7462.9057256429915
Edge derivatives =  [-19.19644505155853, 21.035637324354116, -17.53005373348757, 4.982505286148124, -8.63196546359927, 10.239428250223591, -10.812098279190842, -17.251977563265957, -13.450494042163282, 5.868590289898737, -4.371588765601376, 6.450514981960969, -35.95248652978586, -0.3992612871821657, 1.1479997930098067, -5.963639212374475]
other derivatives: [ 23.49033821 102.10269465  15.41766323  26.42455001  40.73199307
   0.        ]
Current x array =  [-0.67757122 -0.93517762 -0.60839207  0.29212535 -3.72771629 -0.51082562
 -2.87263857 -0.38664574 -2.76394477 -1.83026984 -2.29531486 -1.53909873
 -0.39136699 -0.46012865 -2.73675936 -0.89129621 -2.44835702 -1.4883356
 -0.32008888 -1.02942052 -1.58366666 -0.73285017]
log likelihood =  -7443.818377059433
Edge derivatives =  [-19.514168176082098, 12.040303719889556, -17.898113607658818, 2.4629577222087207, -11.593036548202795, 5.570439375243785, -18.698723348593862, -21.451504514571386, -14.089244780876454, -1.7866897072920804, -5.8319990269545645, 2.368827831843829, -31.941916400046996, -1.0054035073455845, -1.7528341685392692, -12.264125234019016]
other derivatives: [ -0.1029548  -27.67865226 -54.89500836  18.90784915 -24.92615749
   0.        ]
Current x array =  [-0.6873932  -0.79987906 -0.57431839  0.37201872 -3.35126691 -0.51082562
 -2.91743122 -0.323558   -2.80418789 -1.81795664 -2.31250004 -1.51138676
 -0.42768841 -0.50986471 -2.76602846 -0.87930862 -2.45567626 -1.46967986
 -0.43263483 -1.04019772 -1.58512615 -0.74638114]
log likelihood =  -7436.027246171907
Edge derivatives =  [-19.38722255833772, 15.159980241154887, -17.52484654524481, 4.058978647816483, -11.815747097796496, 6.338600744715064, -8.235966854965412, -10.156209408077466, -14.042655191122947, 3.759862207749087, -5.8149293760857, 3.7585966353117137, -14.59266016509352, 4.628531731494986, 0.12077017997843037, -4.474656241407406]
other derivatives: [ 13.34765329   7.68850441   9.00490704   4.83250915 -19.42689778
   0.        ]
Current x array =  [-0.68803527 -0.81805883 -0.61475632  0.42654087 -3.31737395 -0.51082562
 -2.93664655 -0.35940394 -2.82399164 -1.82899894 -2.33430159 -1.52450554
 -0.52307561 -0.60816132 -2.7793247  -0.92703136 -2.46265663 -1.4900988
 -0.5599317  -1.08266301 -1.61054265 -0.81900701]
log likelihood =  -7429.7581495853
Edge derivatives =  [-18.414919799693365, 11.21409701088809, -16.69676442465152, 4.793699025718622, -12.48547130433396, 4.84475302341276, -2.985006526955511, -4.202545450914718, -13.413136044228594, 4.458205792453842, -5.665529549229124, 2.612780036252762, -4.885893372701516, 6.293693462550101, 0.30091757993509616, -1.8779606777612659]
other derivatives: [ 7.98527253  9.87975    14.87323971 -8.49368007 -7.22784534  0.        ]
Current x array =  [-0.68497358 -0.8182536  -0.61983475  0.46573585 -3.35494954 -0.51082562
 -3.00237427 -0.30387835 -2.88372816 -1.81662152 -2.3718128  -1.50108957
 -0.56059045 -0.65362582 -2.82656004 -0.91758625 -2.48182214 -1.47587424
 -0.63643768 -1.07405352 -1.61090094 -0.83962386]
log likelihood =  -7415.1526848133535
Edge derivatives =  [-14.238881755255596, -9.557481545872324, -13.37917131887569, 4.654526940366523, -13.866383323115002, -2.8065545507655414, 5.180112812024167, 6.593155549408485, -10.73814405530506, -0.23731497843135552, -5.086053440709769, -3.1987617523405243, 14.071055768317093, 4.097250423317475, -0.5234640097426639, 1.0032455259999646]
other derivatives: [  5.13418854  25.55007086  29.15985533 -13.60531314  -0.91195034
   0.        ]
Current x array =  [-0.68227587 -0.82974243 -0.63278163  0.47638943 -3.38454756 -0.51082562
 -3.30933798 -0.04705483 -3.16155024 -1.73683582 -2.55325441 -1.39108625
 -0.62370931 -0.74739168 -3.04812989 -0.83070593 -2.57137464 -1.40358174
 -0.82470203 -0.98412663 -1.59314271 -0.86440402]
log likelihood =  -7402.670360559823
Edge derivatives =  [-9.935792184993762, -11.689225080777598, -9.653036327630137, 3.055311013309191, -11.016724805788304, -4.592303015296355, 8.82234495971807, 10.8739490856919, -7.742461456928041, -0.36617488298850026, -3.2958689262722967, -3.3500937009490603, 16.750369233501416, -1.3394912813127744, 0.6324759770450548, 5.688374130221078]
other derivatives: [ 16.19991963 -17.26939445  12.12147254 -14.87387635  25.4999577
   0.        ]
Current x array =  [-0.68726082 -0.78966676 -0.62349048  0.46354846 -3.52032025 -0.51082562
 -3.69282568  0.01649564 -3.51507974 -1.63415579 -2.83740605 -1.34736649
 -0.64780606 -0.77786061 -3.33020584 -0.79494762 -2.69411133 -1.39071134
 -0.8681093  -0.89886292 -1.59048176 -0.89405718]
log likelihood =  -7415.191633266689
Edge derivatives =  [-4.6398561180368425, -17.974348340684656, -4.875317219199205, -2.0768584960278633, -6.610326817651808, -9.714198931930074, 9.582896835973946, 11.93161161106695, -4.02652372181276, -3.5318014902604933, -0.9304598474723237, -4.868977470381328, 14.928950851794161, -17.070697672710995, 0.12667147584208538, 8.910321693834577]
other derivatives: [-443.48644224   20.25235517  -35.34632924   -3.70528142    8.00600901
    0.        ]
Current x array =  [-0.54041484 -0.8502314  -0.6110118   0.44213496 -3.49570491 -0.51082562
 -4.46809763  0.09634577 -4.23129788 -1.42424891 -3.42292968 -1.28086742
 -0.65495275 -0.78910882 -3.90144811 -0.72646462 -2.9394427  -1.37558092
 -0.89170708 -0.75695345 -1.58012313 -0.91508794]
log likelihood =  -7397.226406253401
Edge derivatives =  [-7.587335136842352, -14.069374476272865, -7.579973965926733, 1.4504057284170992, -9.165364405284123, -6.354252433035902, 9.121088850729416, 11.075687826856514, -6.167150218963279, -1.2892598823333243, -2.298380106195956, -4.020342149117365, 15.586848043221028, -6.496321591959385, 0.44686087114396705, 6.743230228129586]
other derivatives: [-122.8993824    -3.46926754   -4.43887984  -12.21042112   19.68901415
    0.        ]
Current x array =  [-0.63447372 -0.81143808 -0.61900474  0.45585089 -3.51147171 -0.51082562
 -3.97151465  0.04519957 -3.77254049 -1.55870003 -3.04788572 -1.3234619
 -0.6503751  -0.78190403 -3.53555175 -0.77032986 -2.78230122 -1.38527237
 -0.87659205 -0.84785036 -1.58675812 -0.90161716]
log likelihood =  -7385.719827464314
Edge derivatives =  [-4.990490206820436, -14.392052063578326, -5.178890564640616, -3.2654044166588823, -6.57647349994364, -6.760861876872664, 6.627855973860565, 7.94169061015385, -4.283184644716988, -2.857194297258077, -0.7820091555177521, -3.081496344337815, 11.08876455199556, -15.525277578387794, 1.6192111623714194, 8.072930607164903]
other derivatives: [-50.57372618  -9.89039108 -14.74400051  -4.30582077  14.87933332
   0.        ]
Current x array =  [-0.66139313 -0.80269223 -0.60961583  0.43546902 -3.49492171 -0.51082562
 -4.39833986  0.05027728 -4.16772048 -1.43998143 -3.37825632 -1.3001044
 -0.63551863 -0.76398776 -3.85052213 -0.74015566 -2.91917163 -1.38745129
 -0.8515958  -0.76749263 -1.58274316 -0.9077634 ]
log likelihood =  -7377.050149498252
Edge derivatives =  [-3.022289342771972, -5.59716544544834, -3.2414514974849684, -9.822366386497526, -3.8912109576399785, -4.1438461795053, 1.43767244056771, 1.6602048699903236, -2.779081373686275, -0.8015753736809721, 0.842874831376885, 0.6065755778124738, -1.3702529999973883, -20.442943103622305, 3.324488191330485, 8.800789770508901]
other derivatives: [ -4.7642061  -13.1485649  -15.60465535   5.8961632    2.54585757
   0.        ]
Current x array =  [-0.67954067 -0.79719971 -0.60703636  0.41342868 -3.43363675 -0.51082562
 -4.90224482 -0.06000631 -4.63759004 -1.3137397  -3.7929526  -1.3185753
 -0.61029431 -0.72335029 -4.22475569 -0.74480442 -3.08193896 -1.42387369
 -0.76924072 -0.72879563 -1.58616981 -0.91242244]
log likelihood =  -7373.0901431121565
Edge derivatives =  [-2.1400507123007393, 0.0027165657523361975, -2.333579330018684, -12.109239230260355, -2.555700066006513, -2.299240856416867, 0.5218492951858318, -0.009413433963463114, -1.9604088976450817, 0.3237898624741141, 1.5265728338977043, 2.1396310677180788, -3.3079700130165532, -13.208221525378438, 3.3017915384571186, 6.7803384304695715]
other derivatives: [10.24154699 -2.18733476 -6.97855285  5.46351657 -4.06598701  0.        ]
Current x array =  [-0.68444378 -0.80453724 -0.61238836  0.42427222 -3.39087088 -0.51082562
 -5.24835248 -0.12734214 -4.9613881  -1.27051504 -4.07943144 -1.33666686
 -0.61079623 -0.71662127 -4.4831009  -0.74724494 -3.18625069 -1.43986503
 -0.7597137  -0.77436408 -1.57851636 -0.89652098]
log likelihood =  -7369.934788335575
Edge derivatives =  [-1.35747919346431, 4.617497399108661, -1.5093282211583392, -12.399329699223332, -1.4446048013882276, -1.0155606339799137, -2.076895939763642, -1.9012726567892282, -1.1554273370040713, -1.8049518123046897, 1.8225860439850199, 2.077623046129503, -4.444489077803638, -1.17809128200906, 0.9904373547539771, -0.2502793984327399]
other derivatives: [ -0.60636012 -18.35751391  25.06394594  -0.73632691  -2.77595973
   0.        ]
Current x array =  [-0.67978118 -0.79172783 -0.63117233  0.43931037 -3.38756096 -0.51082562
 -5.71040376 -0.17678004 -5.3945026  -1.27419919 -4.45937915 -1.35793329
 -0.60228683 -0.70564583 -4.82901715 -0.73548541 -3.31362645 -1.44013439
 -0.76147797 -0.85348838 -1.55046191 -0.84647367]
log likelihood =  -7370.3813528336395
Edge derivatives =  [-0.7465597029950485, 8.294302987627391, -0.8351110793627027, -8.173345776994164, -0.5202125993128628, 2.80949695664617, 6.136439561471128, 2.390198933422165, -0.4164314087087644, 3.8210459605189864, 2.539936237251801, 3.164005869372375, 6.849834223284644, 15.760588820702674, 1.2592057033117414, -1.7006586195622362]
other derivatives: [ 16.73279257  36.48810889 -62.06391845   0.92386472  -0.48576112
   0.        ]
Current x array =  [-0.68424887 -0.83662275 -0.58518964  0.45958449 -3.38567506 -0.51082562
 -6.28510874 -0.21397785 -5.93356539 -1.30582703 -4.92927565 -1.38114341
 -0.62627732 -0.72889282 -5.25878149 -0.73367572 -3.46744172 -1.43621911
 -0.81773735 -0.94856814 -1.52139885 -0.81189745]
log likelihood =  -7368.7717453849455
Edge derivatives =  [-1.0344098999437132, 6.346364858334187, -1.153937815712349, -10.41915217716238, -0.948881502679245, 0.801004786586855, 1.7395202959719043, 0.12694726190938843, -0.7707357329630922, 0.8677056522942161, 2.1891152645675653, 2.6257735239300364, 0.7783227829959212, 6.719918562767319, 1.1430533280710051, -0.8520199295722073]
other derivatives: [  7.61974661   7.85439624 -13.74392014   0.02273737  -1.66692189
   0.        ]
Current x array =  [-0.6818117  -0.81213215 -0.61027362  0.44852477 -3.38670383 -0.51082562
 -5.97160188 -0.1936861  -5.63950167 -1.28857375 -4.67294278 -1.36848207
 -0.61319028 -0.71621137 -5.02434108 -0.73466292 -3.38353407 -1.43835493
 -0.78704734 -0.89670126 -1.53725302 -0.83075909]
log likelihood =  -7367.983568634543
Edge derivatives =  [-0.8333532262201087, 3.67214026466995, -0.9468642188894888, -10.08475798539817, -0.8128752624206409, -0.0981771815338412, 1.2607932512886284, 0.2959395022653626, -0.5658471698715493, -2.151911790177027, 2.1411834564764094, 1.3220508932184558, 3.096071593600955, 7.574381893217363, -0.22471267423589, -3.5042441905902226]
other derivatives: [ 0.57361831  6.22558218  0.81417966 -1.71594365 -0.02974048  0.        ]
Current x array =  [-0.67868319 -0.81271726 -0.61816897  0.44922475 -3.39893687 -0.51082562
 -6.19124545 -0.16183411 -5.84415407 -1.29553333 -4.84278697 -1.35897074
 -0.60947574 -0.71746732 -5.18773901 -0.71368615 -3.4407599  -1.42217378
 -0.80473502 -0.89984848 -1.52017997 -0.81092054]
log likelihood =  -7367.175215121542
Edge derivatives =  [-0.6099292530787864, 0.8159183439934813, -0.7063663285269711, -8.699258079180872, -0.633189057093372, -0.7443087292707744, 0.15317475681037737, -0.032640669841037306, -0.35446709746919536, -4.574420215251494, 2.143128107448874, -0.21341513298963444, 3.671248352855266, 7.13687714084115, -1.751858022115068, -6.076913446191499]
other derivatives: [-9.86619852 -8.24129529 -2.38051143 -1.96205292  1.16588126  0.        ]
Current x array =  [-0.67595755 -0.80155473 -0.61556907  0.44589994 -3.41083453 -0.51082562
 -6.5062844  -0.12798609 -6.13841177 -1.32651997 -5.08996789 -1.35250892
 -0.5983903  -0.71288906 -5.42219861 -0.69652202 -3.51844437 -1.40230379
 -0.80990322 -0.89248214 -1.49869904 -0.79167041]
log likelihood =  -7366.276446373213
Edge derivatives =  [-0.41253022369026027, -2.1895288498293204, -0.4882388732724522, -5.658473517506939, -0.45651625496217146, -0.9039708448544945, 0.036972696996202065, 0.6784548883901176, -0.18730237826744967, -4.468710378366772, 2.1837012142398837, -1.4745216976858324, 3.7334917376460517, 3.8240921710754257, -2.777974287658019, -6.136454210162319]
other derivatives: [-3.1413947   3.28018359 12.42424332 -1.30312401  4.94546839  0.        ]
Current x array =  [-0.67733887 -0.81239544 -0.62435771  0.4380596  -3.43503221 -0.51082562
 -6.89644496 -0.08871129 -6.50339017 -1.3915141  -5.3977541  -1.34837181
 -0.58775542 -0.71056964 -5.7123365  -0.69160392 -3.60808765 -1.38029154
 -0.80746438 -0.86283726 -1.4786165  -0.78932176]
log likelihood =  -7365.46071943543
Edge derivatives =  [-0.2923697364387113, -2.5539008843713322, -0.34889568682206196, -2.525385161584024, -0.3166015695761531, -0.09380928349030776, -0.9757106924212668, 0.18400491803118924, -0.10614794238683402, -2.135370087827413, 2.314024411004966, -1.8109428455893029, 0.3833038383229893, 0.9772482439616493, -2.984800442975367, -4.829827137333406]
other derivatives: [-3.54957592 -3.92537913 -0.24228939  0.77170625  2.92038749  0.        ]
Current x array =  [-0.67868198 -0.80452106 -0.61771387  0.43264016 -3.42509037 -0.51082562
 -7.23978135 -0.08556208 -6.8258512  -1.4730391  -5.67577503 -1.35779464
 -0.57428094 -0.70035709 -5.96795786 -0.70560239 -3.67925811 -1.37140733
 -0.78415299 -0.83960031 -1.469146   -0.80049845]
log likelihood =  -7365.093714080882
Edge derivatives =  [-0.24230779980090017, -1.2208207072266393, -0.2893097409629166, -0.3359794206101038, -0.2439173047396177, 0.8240989121444348, -0.8406033890600658, 0.1353335944013616, -0.08004960119164906, 0.6110567351177457, 2.4611489323983147, -1.1344795697140195, -1.3690731902727036, -0.4615855141735793, -2.0928848105228357, -1.8300302506652106]
other derivatives: [ 1.10539986  1.55760063 -0.98852979  0.93714334  0.32823664  0.        ]
Current x array =  [-0.68047355 -0.80687422 -0.61889058  0.43564083 -3.40589829 -0.51082562
 -7.42568561 -0.10274786 -7.00131977 -1.53342599 -5.83004766 -1.3674976
 -0.5732767  -0.69605798 -6.10622178 -0.72365593 -3.70735967 -1.3760156
 -0.77252035 -0.82875414 -1.47616019 -0.82564028]
log likelihood =  -7364.973784768132
Edge derivatives =  [-0.22459182834808977, -0.15339638287116425, -0.2686890749472336, 0.4357609896321897, -0.22356021300890894, 0.889930245368823, -0.20199096817209528, 0.22718717052530388, -0.06653250105070273, 0.802423880302526, 2.5594947789430234, -0.4781382294098637, -0.5403372230309598, -0.6510201438406811, -1.0700427830187278, 0.302228082257588]
other derivatives: [ 1.34295988 -0.28130671 -1.6996637  -0.02737579  0.00427463  0.        ]
Current x array =  [-0.6806767  -0.80367339 -0.61949112  0.44019147 -3.39856056 -0.51082562
 -7.50134023 -0.11538887 -7.07300215 -1.55443004 -5.89312227 -1.36653704
 -0.5794609  -0.69592683 -6.16195428 -0.72641532 -3.70678589 -1.38372598
 -0.77881174 -0.82784278 -1.48940095 -0.84364944]
log likelihood =  -7364.945816023253
Edge derivatives =  [-0.20846476679062026, 0.5992790514120344, -0.2505883963383043, 0.8654934870671274, -0.21011060647060548, 0.2635538398391363, 0.1827929525434814, -0.16340792804449944, -0.05549923478846024, 0.3443194989726601, 2.6061534674076614, 0.19018086079292063, -0.4415326782473796, -0.8776186610896455, 0.10571261356363171, 1.531981266868323]
other derivatives: [-18.30921974   3.07991286  -1.4069883    1.06301741  -1.92740117
   0.        ]
Current x array =  [-0.67268872 -0.80727593 -0.62118664  0.43740288 -3.38967427 -0.51082562
 -7.57545528 -0.12532536 -7.14354933 -1.56598061 -5.95459779 -1.35769003
 -0.58332536 -0.69185473 -6.21554395 -0.72414091 -3.68436711 -1.39356882
 -0.78086052 -0.82728961 -1.50877772 -0.8537461 ]
log likelihood =  -7364.852590322185
Edge derivatives =  [-0.20447290437906956, 0.9149155214021756, -0.24616768496729746, 0.8557814478826081, -0.2063764151788037, 0.1135796234172024, 0.42280646466093197, -0.20356579968230465, -0.049730390344307845, -0.29328280012094887, 2.629862967217714, 0.43621997902623366, 0.4860405169063545, -0.28572019942133553, 0.5196956575623304, 1.826832584759837]
other derivatives: [-4.45634214  0.68002919  0.94059942  0.52477844 -1.12995622  0.        ]
Current x array =  [-0.67809511 -0.8038431  -0.62225505  0.43927843 -3.39033724 -0.51082562
 -7.5951827  -0.12829613 -7.16231706 -1.56676245 -5.97078884 -1.35431895
 -0.58631652 -0.69188855 -6.22979745 -0.72071973 -3.67760906 -1.39669287
 -0.78696297 -0.83103792 -1.51482514 -0.85614835]
log likelihood =  -7364.802867493365
Edge derivatives =  [-0.19981555077543264, 0.7950422947288418, -0.24128749834779753, 0.6860111106855217, -0.20532449356017898, -0.32642072420034685, 0.4553571492384911, -0.41189425399202995, -0.04399831659973586, -1.184449003594767, 2.6175559056869497, 0.5173198773014056, 0.99519876069932, 0.15869077757228955, 0.7882037775810751, 1.4258313418175177]
other derivatives: [ 0.45592969 -0.46929927  1.89611455  0.86747605 -0.83309715  0.        ]
Current x array =  [-0.68002883 -0.80268053 -0.62249589  0.43789231 -3.39211744 -0.51082562
 -7.61861979 -0.12659928 -7.18454574 -1.56274323 -5.98923632 -1.3478877
 -0.58693786 -0.69039888 -6.24646176 -0.71491221 -3.66526014 -1.39852034
 -0.79027263 -0.83376918 -1.52033772 -0.8524144 ]
log likelihood =  -7364.725078277879
Edge derivatives =  [-0.18618167978014918, 0.5022521105903706, -0.2263334090970061, 0.49927650625146536, -0.19800891690328637, -1.3011460192516329, 0.42755528970767626, -0.9188235461683513, -0.03249340735454283, -2.541303032617341, 2.583474063349144, 0.6946331190864725, 1.3621909250840636, 0.6264105156835321, 1.3993897867985234, 0.6169084297857026]
other derivatives: [ 4.06053005 -1.01681508  2.33658284  1.8362698  -0.82491169  0.        ]
Current x array =  [-0.68144562 -0.80243599 -0.62229808  0.43445107 -3.39423202 -0.51082562
 -7.68972963 -0.12298808 -7.25199989 -1.55872587 -6.04598284 -1.33411009
 -0.58653091 -0.68604373 -6.29736124 -0.70550647 -3.6346294  -1.40258715
 -0.79251449 -0.83628015 -1.53311706 -0.844666  ]
log likelihood =  -7364.587866250835
Edge derivatives =  [-0.16768600176467396, 0.21129340601639396, -0.2053177419445817, 0.3918065062113165, -0.1830750695451402, -2.390915715351328, 0.3378016026430019, -1.2396468500352338, -0.0201462414435531, -2.9486012735025464, 2.494438709061206, 0.8260233324167423, 1.182167285011889, 0.8762910647179812, 2.021077151826263, -0.4818958086821714]
other derivatives: [ 5.84395821 -2.20379661  2.12576197  0.9105861   0.23719622  0.        ]
Current x array =  [-0.68225494 -0.80198414 -0.62137108  0.43677062 -3.40069524 -0.51082562
 -7.79494041 -0.11875765 -7.35214797 -1.55537467 -6.13086995 -1.31958457
 -0.58488265 -0.68273355 -6.37231631 -0.70171165 -3.57886955 -1.40734744
 -0.79098436 -0.83700169 -1.54857289 -0.83454904]
log likelihood =  -7364.281055755444
Edge derivatives =  [-0.11442330662683085, 0.5713058016390246, -0.14246768853993375, 0.6213533979914654, -0.12570806060831693, -4.578212370861652, 0.528402639699881, -1.9136420058187698, 0.00708157122673039, -2.0170637994775586, 2.135972717139082, 1.857066171240412, 0.4530299462528975, 1.070738944627281, 4.349605210426802, -1.062471087604737]
other derivatives: [ 9.75433068  4.41923476 -5.39948815  3.15285433 -1.73431545  0.        ]
Current x array =  [-0.68366478 -0.80743528 -0.61679045  0.43307145 -3.39319367 -0.51082562
 -8.17545107 -0.12371066 -7.71525349 -1.55931981 -6.44233136 -1.29002232
 -0.58269813 -0.67568051 -6.6432678  -0.70349169 -3.36712715 -1.42914229
 -0.78463339 -0.83563271 -1.60211176 -0.82647449]
log likelihood =  -7364.302325145181
Edge derivatives =  [-0.06446659869595442, -1.1677801525596572, -0.0825436242251029, 0.17811403298867248, -0.08019953391895086, -7.007749019758478, -3.1396822535576496, -2.508701745787084, 0.0148768221663776, -1.534157677402007, 0.6458501433627699, 0.5528378776526267, -3.7855226644667983, -0.7021640107908071, 3.344067330427712, -6.2156801970221585]
other derivatives: [-3.78813638e+00 -2.13849489e+01  2.03903255e+01 -1.79115887e+00
  2.72848411e-03  0.00000000e+00]
Current x array =  [-0.67981308 -0.78825286 -0.62922332  0.43913484 -3.40572764 -0.51082562
 -8.75859409 -0.10345655 -8.27039819 -1.56271587 -6.9162264  -1.27535223
 -0.56438192 -0.6747358  -7.06012124 -0.71512263 -3.08169546 -1.43381721
 -0.76439398 -0.82701035 -1.63102068 -0.79379681]
log likelihood =  -7364.065837289186
Edge derivatives =  [-0.08634942922390183, -0.2780436956421467, -0.10899870340045624, 0.4062807133112107, -0.10047023771208818, -5.756962595631366, -1.2574230556798995, -2.1995686519104867, 0.013012429302000108, -1.7584714693788317, 1.5043367430556276, 1.2460633173335482, -1.6062636433115427, 0.2279568172972002, 3.9021331341416268, -3.5889887063112798]
other derivatives: [ 3.18650564 -7.9651727   7.23211997  0.72604962 -0.86292857  0.        ]
Current x array =  [-0.68177512 -0.7980243  -0.62289007  0.43604618 -3.39934289 -0.51082562
 -8.46154357 -0.11377391 -7.98760989 -1.56098593 -6.67482633 -1.28282511
 -0.57371212 -0.67521703 -6.84777791 -0.70919788 -3.22709312 -1.43143583
 -0.77470385 -0.83140254 -1.6162946  -0.81044268]
log likelihood =  -7363.793455288349
Edge derivatives =  [-0.07925702625865019, -0.41344224459747997, -0.09977000115091601, 0.39174048864218364, -0.08764644636058959, -4.719028524041689, -1.2098519261072938, -1.2152125098460185, 0.015484638783540648, 0.8566853285349627, 1.0495008448104526, 0.8653675075005732, -2.0385457078199605, 0.1428026040196665, 3.2209689354724462, -3.7558374029745787]
other derivatives: [ 1.24709914 -5.5269993  -1.04873834 -0.40072337 -0.28521754  0.        ]
Current x array =  [-0.68112008 -0.8001046  -0.61784518  0.44134807 -3.40133147 -0.51082562
 -8.54562596 -0.11208055 -8.06877966 -1.55366347 -6.74492664 -1.29754988
 -0.57088276 -0.68332008 -6.90601011 -0.7232717  -3.1384743  -1.42939441
 -0.77024352 -0.82953439 -1.61104712 -0.80913198]
log likelihood =  -7363.556426835839
Edge derivatives =  [-0.06946348433753541, 0.12655668247539598, -0.08695817885293998, 0.5166069705086671, -0.06946604859089107, -1.9389449260890417, -0.9655786652675462, 0.7613777022235474, 0.015498930787456419, 4.721734100282698, 0.06327816291026016, 0.3984569966541013, -2.033471365415596, -0.5734250648952414, 1.768755257976403, -1.9484541012427703]
other derivatives: [-1.39934855  8.23501978  7.61392585 -2.27682904 -0.25020199  0.        ]
Current x array =  [-0.67871212 -0.81171591 -0.62388059  0.44864375 -3.39666916 -0.51082562
 -8.67503264 -0.11860519 -8.19422133 -1.54767951 -6.8547962  -1.33916212
 -0.57191679 -0.70088881 -6.99526293 -0.74693497 -2.9926286  -1.42655363
 -0.76953345 -0.82484343 -1.59557628 -0.82769948]
log likelihood =  -7363.449672157993
Edge derivatives =  [-0.07019321872923609, 0.1349310443321579, -0.0873752785255542, 0.4861991125946888, -0.07075593635773834, -0.23520574075796033, -0.4919546496049393, 1.4696056426550888, 0.020455478653670887, 4.1991786545979535, -0.06935693987008712, 0.023767415692166005, -0.6664483504534557, -0.26189180101366805, 0.7503026103283614, -0.7707678291109301]
other derivatives: [-7.06695573e+00 -3.49955371e+00 -9.78061507e+00 -1.21872290e+00
  4.36557457e-03  0.00000000e+00]
Current x array =  [-0.67774135 -0.8003261  -0.6141039   0.44663245 -3.3963237  -0.51082562
 -8.66429379 -0.11915772 -8.18452179 -1.54223701 -6.84700789 -1.36362924
 -0.5753752  -0.70781184 -6.98670818 -0.74372821 -2.97845664 -1.42033102
 -0.77794411 -0.82681062 -1.57578027 -0.83933178]
log likelihood =  -7363.381771650362
Edge derivatives =  [-0.0709059038546857, 0.07090614494763375, -0.0885192389537397, 0.39405082793468926, -0.07382758743203047, -0.516108220517723, -0.5133801623735469, 1.080457755544042, 0.0202406713095196, 2.879127430095051, 0.05837238999961658, 0.11051917116587034, -0.3543769314292366, -0.138092152276722, 0.9042271792554262, -0.7894629031024732]
other derivatives: [-2.78259904 -1.49439074 -2.9349394  -0.46684363 -0.22682798  0.        ]
Current x array =  [-0.67903257 -0.80212206 -0.61805487  0.44336664 -3.39593302 -0.51082562
 -8.65465233 -0.11835261 -8.17498303 -1.54249623 -6.83841421 -1.3592549
 -0.57635978 -0.70456066 -6.98028895 -0.73582942 -2.99707478 -1.420739
 -0.78032208 -0.82793614 -1.57701217 -0.83914562]
log likelihood =  -7363.341992246462
Edge derivatives =  [-0.06742309071805352, -0.04004741892946784, -0.08455358185299325, 0.2626234621877491, -0.0735860212599869, -0.45228458424274665, -0.42533191598308473, 0.8103833778080611, 0.02214930276904653, 1.2180315938651298, -0.11049401915235585, 0.07854066748782301, 0.278847142193986, 0.04079419609740165, 0.7902266820468626, -0.5645054868543427]
other derivatives: [ 0.9436917  -0.80081008  1.74259185  0.5828042  -0.4555659   0.        ]
Current x array =  [-0.68023582 -0.80269481 -0.62072035  0.4393394  -3.39560192 -0.51082562
 -8.70533369 -0.11713867 -8.22317137 -1.54033246 -6.87935639 -1.36082081
 -0.57808433 -0.70249749 -7.01645198 -0.72552059 -2.97538663 -1.42111905
 -0.78461216 -0.82931428 -1.57682519 -0.84163415]
log likelihood =  -7363.329315700029
Edge derivatives =  [-0.06606486301140868, -0.12340718640542359, -0.08299460463085227, 0.2014947471464516, -0.07407567611544912, -0.203317637756146, -0.23474286551201884, 0.7159896096931904, 0.023571896779267167, 0.29857759197003453, -0.20299463765734183, -0.005843198836975649, 0.670867179349563, 0.17110706094657047, 0.5567920451024165, -0.3281167075865439]
other derivatives: [ 0.82691258 -0.58435035  1.84763849  0.72059265 -0.28685463  0.        ]
Current x array =  [-0.68013068 -0.80307307 -0.62069292  0.43874027 -3.39687013 -0.51082562
 -8.72552456 -0.11610552 -8.24243475 -1.53799109 -6.89568495 -1.36465223
 -0.57948337 -0.70149589 -7.03066366 -0.71932538 -2.96480736 -1.42014483
 -0.78690567 -0.83008845 -1.57311246 -0.84388099]
log likelihood =  -7363.319784448982
Edge derivatives =  [-0.06317987046196702, -0.2946686220848027, -0.07959788484414952, 0.1566878191277345, -0.07325351514594525, 0.0694802617592527, -0.08864299833657399, 0.10014803610665471, 0.022684967604595926, -0.3105366501035085, -0.31041908233298465, -0.17930145570231393, -0.09778257593626405, -0.03910232938722924, 0.1105376007945919, -0.23816981371676366]
other derivatives: [ 5.06279321 -0.25956979  0.15934347 -0.7032213   0.46193236  0.        ]
Current x array =  [-0.68196223 -0.8038849  -0.61879278  0.4434642  -3.40109886 -0.51082562
 -8.76973546 -0.11363559 -8.28446725 -1.53685219 -6.93135252 -1.36848953
 -0.57951669 -0.69489787 -7.06196764 -0.71412063 -2.9551056  -1.41804349
 -0.78074412 -0.82776885 -1.56482728 -0.84465341]
log likelihood =  -7363.3217011838515
Edge derivatives =  [-0.06234210254589453, -0.30733738117048026, -0.0787838574947031, 0.17952895842592215, -0.07453293736030747, -0.1787114125171872, 0.018383549591040937, -0.4089335225350955, 0.02276996605954386, -1.1172466063410456, -0.2592128583394782, -0.16792008333569408, -0.3929977634926967, -0.1577094823016334, 0.11092523281530031, -0.12263543593067538]
other derivatives: [-5.23414201  1.01990736  0.52532414 -0.84555722  0.16370905  0.        ]
Current x array =  [-0.67781605 -0.80614667 -0.61916886  0.44343581 -3.40159487 -0.51082562
 -8.78310226 -0.11376668 -8.29701458 -1.53752311 -6.94187159 -1.36557972
 -0.58049075 -0.68971606 -7.07160697 -0.7088684  -2.96209298 -1.41890392
 -0.77910357 -0.82729833 -1.56464874 -0.84555803]
log likelihood =  -7363.313921156658
Edge derivatives =  [-0.06278908204052126, -0.30064472976444967, -0.07921864213869217, 0.16718018470567997, -0.07385510063377518, -0.045749823698579384, -0.03889271030150197, -0.13649708531115562, 0.022723971080729318, -0.6854418605742292, -0.2865227253150563, -0.17407001038484965, -0.23500433830147283, -0.0942752184002702, 0.110728759838648, -0.184489492349874]
other derivatives: [ 0.2917659   0.33560354  0.33014658 -0.77025106  0.32368916  0.        ]
Current x array =  [-0.68003478 -0.80493634 -0.61896761  0.443451   -3.40132944 -0.51082562
 -8.77594936 -0.11369653 -8.2903002  -1.53716408 -6.93624258 -1.36713683
 -0.57996951 -0.69248897 -7.06644873 -0.711679   -2.95835386 -1.41844348
 -0.77998147 -0.82755012 -1.56474428 -0.84507395]
log likelihood =  -7363.312297606119
Edge derivatives =  [-0.06276005005717104, -0.24123344272254543, -0.07915287570882361, 0.1840426374281163, -0.07330844453184947, -0.08970424761077567, -0.06914836066097282, -0.05635618127122685, 0.022860487661658983, -0.48978812198408544, -0.289228486580186, -0.13197312911048364, -0.1630834690955968, -0.08886113570455811, 0.193940938530283, -0.1600975651834869]
other derivatives: [-0.30595402 -0.05356924  0.10995791 -0.46138666  0.14697434  0.        ]
Current x array =  [-0.67981755 -0.80443711 -0.61899808  0.44251913 -3.40030682 -0.51082562
 -8.77647072 -0.11448674 -8.29082751 -1.53771032 -6.93679657 -1.36654275
 -0.57995039 -0.69337502 -7.06683105 -0.71316864 -2.9568531  -1.4191404
 -0.78063807 -0.82771292 -1.56644231 -0.84531241]
log likelihood =  -7363.309807475359
Edge derivatives =  [-0.06198200237073353, -0.17107542263511832, -0.07819799414250295, 0.19165117361872713, -0.07215585215957779, -0.09847785785069046, -0.0636435364389604, -0.11006459083355175, 0.023077476600816455, -0.36636693085606364, -0.300320018240412, -0.08762990061828568, -0.15883093661551506, -0.0993810329363306, 0.20644282642719408, -0.07052968500276041]
other derivatives: [-0.49958544 -0.21827873 -0.22810127 -0.09194991  0.00854925  0.        ]
Current x array =  [-0.6797484  -0.80417015 -0.61891437  0.44138846 -3.39967267 -0.51082562
 -8.78886651 -0.11530979 -8.30263769 -1.53816703 -6.94694286 -1.36637616
 -0.58015452 -0.69286079 -7.07560089 -0.71403677 -2.95484746 -1.41986074
 -0.78069302 -0.82763282 -1.5666216  -0.84613083]
log likelihood =  -7363.303505443493
Edge derivatives =  [-0.05924159265681754, 0.03976064817551461, -0.07487676101622133, 0.19162014238128766, -0.06863855896591804, -0.10730484524980868, -0.03474983182612981, -0.3980740839694702, 0.023611920365084707, -0.10704183514573598, -0.3120428939542771, 0.031907751222563674, -0.2173836623015577, -0.13285802995858742, 0.131834820432914, 0.1823447834858471]
other derivatives: [-0.63428161 -0.70695023 -0.49640221  0.58153091 -0.17353159  0.        ]
Current x array =  [-0.67970581 -0.80350002 -0.61896663  0.43920932 -3.39883078 -0.51082562
 -8.83387987 -0.11760103 -8.34547716 -1.53917168 -6.98360087 -1.36612339
 -0.5809999  -0.69005528 -7.10734131 -0.7159305  -2.95335033 -1.42179427
 -0.78034873 -0.82733019 -1.56478798 -0.84863409]
log likelihood =  -7363.297608855445
Edge derivatives =  [-0.05591077941114928, 0.263177565100461, -0.07085546506490624, 0.23231278445891534, -0.06420701578493045, -0.20384633518250703, 0.16813930915879483, -0.6145099652180396, 0.024919779850274278, 0.22488561085936376, -0.24315258871179696, 0.24623052958356578, 0.012250536445259197, 0.016474555048402784, 0.1486284165882829, 0.3907220473126589]
other derivatives: [ 0.27821443  1.00235411 -1.83081283  1.3130375  -0.34697223  0.        ]
Current x array =  [-0.67994231 -0.80473165 -0.61843091  0.43738958 -3.39801011 -0.51082562
 -8.89097113 -0.11995273 -8.39974926 -1.54003611 -7.02988241 -1.36357182
 -0.5821867  -0.68754224 -7.14744112 -0.71743321 -2.96068778 -1.42448985
 -0.78134426 -0.82783014 -1.56314224 -0.84998984]
log likelihood =  -7363.2877879667285
Edge derivatives =  [-0.051136338237698475, 0.49640944602750053, -0.0650889962332879, 0.18866998646828342, -0.05899498404341086, -0.21980439966403056, 0.18857342381915843, -0.9767510444235707, 0.025563768013836627, 0.39240921514586885, -0.23117108768176836, 0.37253080716307696, -0.007185987594060306, 0.029351808383499156, -0.16280123655077905, 0.5320742675073927]
other derivatives: [ 0.12560122 -0.20845619 -0.79835445  1.23218342 -0.21518645  0.        ]
Current x array =  [-0.67992478 -0.80355897 -0.61909506  0.43732934 -3.3982307  -0.51082562
 -8.98024046 -0.12230213 -8.48470666 -1.54010278 -7.10235267 -1.36338649
 -0.58353057 -0.68416669 -7.21000251 -0.71901681 -2.96576388 -1.42683451
 -0.78142155 -0.82788497 -1.55707219 -0.85217868]
log likelihood =  -7363.273634206495
Edge derivatives =  [-0.04556243145096297, 0.6079364643601874, -0.058322307639377964, 0.15021993516657217, -0.0531528625558072, -0.19338697401459176, 0.26809690814467224, -1.064387549558039, 0.026142467479045833, 0.5031955545969861, -0.1834376892022544, 0.47745401039440916, 0.09414327535016931, 0.10347926591370749, -0.5437217571903463, 0.5144799473719122]
other derivatives: [ 0.40099621 -0.07303242  0.16962076  0.62482286  0.00454747  0.        ]
Current x array =  [-0.68001704 -0.8037185  -0.61960005  0.43925772 -3.39866234 -0.51082562
 -9.09550527 -0.12334783 -8.59444179 -1.53894989 -7.19586229 -1.36348333
 -0.58463354 -0.68330519 -7.29045605 -0.71971202 -2.9766384  -1.42853039
 -0.782021   -0.82815135 -1.5494643  -0.85280151]
log likelihood =  -7363.251455661948
Edge derivatives =  [-0.03469537611261386, 0.4955742733683732, -0.04500935507884602, 0.07665475453726231, -0.04272291973075908, -0.18217215332815925, 0.39244479996516657, -0.9720892498630898, 0.026206774828939995, 0.09597414685139719, -0.09013874507307512, 0.5712558011332157, 0.1638895314705796, 0.17770465559770143, -1.1438762116833303, 0.28562554701274495]
other derivatives: [-7.27595761e-04 -1.57833711e+00 -2.36868800e+00 -3.21779225e-01
  1.51339918e-01  0.00000000e+00]
Current x array =  [-0.68016434 -0.80266928 -0.61775105  0.44279058 -3.39903747 -0.51082562
 -9.3679136  -0.12215032 -8.85376879 -1.5356721  -7.41677264 -1.36301903
 -0.58544543 -0.68431062 -7.48070934 -0.71651251 -2.99581334 -1.43020995
 -0.78208902 -0.8279654  -1.53757205 -0.85160798]
log likelihood =  -7363.255158440433
Edge derivatives =  [-0.02087500301140893, 0.3185788510063802, -0.02779857884728393, -0.10203498759413196, -0.028263440790668084, -0.6531111591391758, 0.07853354107240272, -0.09983054714310119, 0.021955622777267328, -0.5720716073321258, 0.10681345742612017, 0.8727274650369272, 0.4041463972244733, 0.12382305967920504, -1.5122994642261376, -0.42451744018075677]
other derivatives: [ 2.80933818  1.16260708  9.73659553 -1.31103661 -0.51622919  0.        ]
Current x array =  [-0.68085451 -0.80527644 -0.62480214  0.44535037 -3.3943034  -0.51082562
 -9.87723962 -0.12091085 -9.33874922 -1.5317004  -7.830275   -1.35639228
 -0.58534737 -0.69445067 -7.83621284 -0.71362043 -3.03426828 -1.43482101
 -0.78496295 -0.82808561 -1.53088535 -0.84748399]
log likelihood =  -7363.234527307602
Edge derivatives =  [-0.027300698260508936, 0.4134562169938066, -0.03585554952940477, -0.006706337841051735, -0.035113266039276295, -0.40202478693296806, 0.24528793442581948, -0.5588862160771193, 0.02443051106715139, -0.21426068718877483, 0.004884177257702446, 0.7146727107737774, 0.2798738563318611, 0.15895101052282012, -1.3163771665218997, -0.04835733902082873]
other derivatives: [ 1.32595233 -0.27876013  3.36931407 -0.78571247 -0.16098056  0.        ]
Current x array =  [-0.68048993 -0.80389921 -0.6210774   0.44399816 -3.39680418 -0.51082562
 -9.60818788 -0.1215656  -9.08255804 -1.53379845 -7.61184216 -1.35989286
 -0.58539917 -0.68909418 -7.64841792 -0.71514817 -3.01395444 -1.43238522
 -0.7834448  -0.82802211 -1.53441761 -0.84966249]
log likelihood =  -7363.220222680703
Edge derivatives =  [-0.02431349009133132, 0.20489459475963206, -0.03209933912085204, 0.005772991970197511, -0.0320568124647229, -0.45109596830183674, 0.2180780169876515, -0.1102281402758287, 0.023668372959797714, -0.360164715359258, 0.03869777203678039, 0.7017141839746791, 0.2879477252648056, 0.1318289546266237, -1.1991181658642838, -0.2348764745090378]
other derivatives: [ 0.83027771 -0.19235813  1.54532245 -0.74096533 -0.39872248  0.        ]
Current x array =  [-0.68039606 -0.80405023 -0.61994368  0.44434777 -3.39582315 -0.51082562
 -9.72410253 -0.11958497 -9.19296711 -1.53271802 -7.70600586 -1.35889221
 -0.58431837 -0.69353266 -7.72934491 -0.71370951 -3.01730232 -1.43192267
 -0.78331412 -0.82757418 -1.53632939 -0.84758349]
log likelihood =  -7363.201294405273
Edge derivatives =  [-0.019177736509590967, -0.1281496429600099, -0.02558127184815782, 0.02862426254575548, -0.026407237023143796, -0.49383474323750487, 0.057336336818662834, 0.7253561047818581, 0.021702533096428958, -0.3883052728943915, 0.07890578873935886, 0.6366706476153106, 0.16664912078141492, -0.009123647965425752, -0.7863960044947509, -0.41183476645962785]
other derivatives: [-0.359978   -0.20390871 -0.74396667 -0.21864253 -0.77725417  0.        ]
Current x array =  [-0.6800303  -0.80405229 -0.61867121  0.44320144 -3.39441603 -0.51082562
 -9.96151889 -0.11638136 -9.41915785 -1.53132505 -7.89908302 -1.3580485
 -0.58176568 -0.70186203 -7.89518808 -0.71291364 -3.01806081 -1.43017806
 -0.78236468 -0.82624439 -1.54366493 -0.8450362 ]
log likelihood =  -7363.189435839813
Edge derivatives =  [-0.015752407550737896, -0.22788450797724463, -0.021194343613378148, 0.013817705370770428, -0.02234568736979774, -0.39875470843973254, -0.058451387553423176, 1.0161594431269185, 0.01997016242109974, -0.2173839531967227, 0.10095069233523578, 0.547362148607669, 0.010196029863473788, -0.10925278548178263, -0.5011685840242375, -0.30022022535035553]
other derivatives: [-0.09913492 -0.2145498  -1.26892701  0.14160833 -0.65101631  0.        ]
Current x array =  [ -0.68010904  -0.80395715  -0.61844449   0.44201055  -3.39521463
  -0.51082562 -10.15819195  -0.11516929  -9.60653333  -1.53041216
  -8.05905977  -1.35930365  -0.58033266  -0.70468573  -8.03259779
  -0.71368468  -3.01764297  -1.42796608  -0.78113256  -0.82519902
  -1.54838945  -0.84526033]
log likelihood =  -7363.244423480243
Edge derivatives =  [-0.00820464599320941, -0.17078786149570835, -0.011391846428881256, -0.02377825871043282, -0.01298795990591449, -0.16741125432182621, -0.21122739881540617, 0.7277969752956608, 0.014834610810193065, 0.28217266661046037, 0.1725185816195351, 0.12529958435810926, -0.3549573835571712, -0.3318702930939335, 0.0042524342329835485, 0.2543268190204451]
other derivatives: [-19.95595085   2.02498995  -0.71377144   0.25329427  -0.3781679
   0.        ]
Current x array =  [ -0.67200132  -0.80737811  -0.61971554   0.44039242  -3.39894486
  -0.51082562 -10.80984426  -0.11553356 -10.22729133  -1.52840883
  -8.58899109  -1.36450973  -0.57913827  -0.70132859  -8.48792276
  -0.71654688  -3.02269404  -1.42063961  -0.77899238  -0.82363879
  -1.55763879  -0.84884523]
log likelihood =  -7363.1843956214925
Edge derivatives =  [-0.01361081598802139, -0.21495234180556733, -0.018442094660218306, 0.005594645518448599, -0.019775184539267646, -0.3465945726350832, -0.09250217139405935, 0.9512412851637844, 0.018817073739172564, -0.10346044910100097, 0.11706286874562724, 0.45321379476414825, -0.07022531856261283, -0.15547042729994298, -0.3875305171123231, -0.1760616831729066]
other derivatives: [-4.50163498  0.29003786 -1.14378054  0.16534614 -0.58826117  0.        ]
Current x array =  [ -0.67829283  -0.80472348  -0.61872922   0.44164807  -3.39605024
  -0.51082562 -10.3041686   -0.11525089  -9.74558934  -1.52996339
  -8.1777697   -1.36046986  -0.58006511  -0.70393369  -8.13459515
  -0.71432584  -3.01877446  -1.42632488  -0.78065314  -0.82484951
  -1.55046139  -0.84606338]
log likelihood =  -7363.168418698199
Edge derivatives =  [-0.009311280679650978, -0.21779163324253453, -0.012834758177796345, -0.07208625651925823, -0.01432798366538542, -0.06951670904533563, -0.24510930848105456, 0.9744104510990185, 0.015488322853927271, 0.23324422376596765, 0.14939245566340908, 0.2742074652530136, -0.3603838953111196, -0.29939337456857473, -0.04063058162370131, 0.20994277731810929]
other derivatives: [-1.75732566  0.08340066 -0.84373823  0.55324563 -0.01482476  0.        ]
Current x array =  [ -0.67927313  -0.80428316  -0.61895148   0.44002379  -3.39886363
  -0.51082562 -10.6835068   -0.11461632 -10.10696142  -1.5283787
  -8.48627283  -1.36426921  -0.57862183  -0.70408373  -8.39968519
  -0.71614422  -3.01899073  -1.42207336  -0.77829944  -0.82321304
  -1.55555557  -0.8484084 ]
log likelihood =  -7363.160514603522
Edge derivatives =  [-0.006957251803097437, -0.15725599316446487, -0.009725093813372008, -0.1444874325505519, -0.011250847507733136, 0.10601055811540772, -0.25979561957209313, 0.6383464603138804, 0.01323425608231514, 0.2824533560383792, 0.17689186498706688, 0.11854633119312347, -0.42045971724415204, -0.29901457963949607, 0.061867604713487345, 0.4016289218931638]
other derivatives: [-0.3430614   0.19881554 -0.3263267   0.40181476  0.32523531  0.        ]
Current x array =  [ -0.67975909  -0.80435774  -0.61921122   0.44029979  -3.40048836
  -0.51082562 -10.97464727  -0.11491128 -10.38427276  -1.52731012
  -8.72294229  -1.3668338   -0.57872201  -0.7008277   -8.60313063
  -0.71630168  -3.02205321  -1.41901199  -0.7776122   -0.82284785
  -1.55664694  -0.84970421]
log likelihood =  -7363.154687094557
Edge derivatives =  [-0.005089127614308998, -0.08441897205352106, -0.0072247077592799535, -0.21141870722566447, -0.008714052386208523, 0.20104635029675388, -0.21578417165501923, 0.14475036676286077, 0.011116828785473987, 0.14947906686181847, 0.2044464870281903, -0.05172664627414747, -0.31948343474953134, -0.21134655898003407, 0.10406202329600317, 0.41098143550669874]
other derivatives: [0.35988705 0.16734703 0.07985363 0.13897079 0.36698111 0.        ]
Current x array =  [ -0.68001614  -0.80436306  -0.61939609   0.44110191  -3.40065908
  -0.51082562 -11.28708153  -0.11560628 -10.68184834  -1.52667608
  -8.97688323  -1.36844771  -0.57962806  -0.69625062  -8.82144386
  -0.71548727  -3.0264717   -1.4161782   -0.77814514  -0.82325659
  -1.55708534  -0.84973448]
log likelihood =  -7363.151265116404
Edge derivatives =  [-0.003984116600402826, -0.06429111983078312, -0.0057244164276515335, -0.21334449099870242, -0.007137514839616002, 0.16839644176993124, -0.15143837353345155, -0.10820833978676572, 0.009672547289078197, -0.03823954062751353, 0.20578864771744937, -0.20473437524845733, -0.12677763989311763, -0.0831207758941368, 0.1746701657862782, 0.14851617963610497]
other derivatives: [ 2.00361683e-01 -5.01859176e-01  2.48019205e-01  2.72848411e-04
  1.35423761e-01  0.00000000e+00]
Current x array =  [ -0.68001509  -0.80375728  -0.61949781   0.44158791  -3.39940567
  -0.51082562 -11.53192886  -0.11601432 -10.91508061  -1.52732801
  -9.17596048  -1.36848315  -0.58074179  -0.69411022  -8.99245948
  -0.7146109   -3.02726196  -1.41414592  -0.77959009  -0.82420362
  -1.55916412  -0.84765739]
log likelihood =  -7363.153896357792
Edge derivatives =  [-0.002968981718579845, 0.019562712859166886, -0.00432576634734194, -0.09494733236608083, -0.005536975072093249, 0.16762783685179733, 0.25169138946768366, -0.28738936593991415, 0.008236784684021057, 0.04866492957273838, 0.21736929251343218, -0.2588242476224783, 0.3140206604311494, 0.21100526262839625, 0.2580484357693778, -0.06472781959682267]
other derivatives: [ 1.27010935  2.73421392 -1.28293323  0.09085852 -0.17516868  0.        ]
Current x array =  [ -0.68026501  -0.80653705  -0.61870089   0.44220504  -3.39783917
  -0.51082562 -11.82501982  -0.11706438 -11.19427134  -1.52907181
  -9.41427188  -1.36782639  -0.58285026  -0.69176955  -9.19711514
  -0.71411719  -3.02793452  -1.41300108  -0.78173118  -0.82563206
  -1.56028541  -0.84513536]
log likelihood =  -7363.15044265225
Edge derivatives =  [-0.003618660175179704, -0.0367624301119458, -0.005223090037272239, -0.1745424949398386, -0.006568323537382899, 0.16824704579153882, -0.01939416416404452, -0.16663151564342257, 0.009183868887541803, -0.009457868617578913, 0.2095927229304273, -0.22236386782375694, 0.017768821493474696, 0.013623641049468449, 0.20201441269667536, 0.07891933091833642]
other derivatives: [ 0.55115379  0.55997589 -0.25311238  0.03019522  0.0340151   0.        ]
Current x array =  [ -0.68009685  -0.80466665  -0.6192371    0.4417898   -3.39889321
  -0.51082562 -11.6278103   -0.11635783 -11.00641475  -1.52789847
  -9.25392139  -1.3682683   -0.58143155  -0.6933445   -9.0594103
  -0.71444939  -3.02748198  -1.41377139  -0.78029052  -0.82467092
  -1.55953094  -0.84683234]
log likelihood =  -7363.149571455041
Edge derivatives =  [-0.003305148235042276, -0.03555236394353117, -0.004791192301180692, -0.1477045779784615, -0.006096788897298724, 0.12021330429598381, 0.014777122012411062, -0.16089756362900248, 0.008707010558070381, -0.06351143798841466, 0.20138609648883116, -0.25935195319936694, 0.09074134954073465, 0.05782358671426069, 0.22530839535109998, -0.07751628205458139]
other derivatives: [ 0.1627086   0.14961188 -0.18599167  0.01327862 -0.08467396  0.        ]
Current x array =  [ -0.67998316  -0.80428448  -0.61930368   0.44184405  -3.39822001
  -0.51082562 -11.7185381   -0.1164865  -11.09285205  -1.52865922
  -9.32772043  -1.36781629  -0.5819045   -0.69347859  -9.12274486
  -0.71429694  -3.02661448  -1.41346277  -0.78091729  -0.82505807
  -1.56054978  -0.84563509]
log likelihood =  -7363.148578164142
Edge derivatives =  [-0.0029838603008122745, -0.018060223500251882, -0.004345736243587634, -0.0975447097246949, -0.005595412667433944, 0.07476572896442057, 0.06627396417847681, -0.09852669003081113, 0.008184244740021421, -0.05001421944863549, 0.18734874792431971, -0.2601085837358737, 0.1277834722354324, 0.08304769183843919, 0.23170856025992909, -0.18959109515009132]
other derivatives: [-0.09131327 -0.10550139 -0.16152626  0.02701199 -0.12760211  0.        ]
Current x array =  [ -0.67990718  -0.80401551  -0.61935689   0.44178899  -3.39787209
  -0.51082562 -11.82086238  -0.11672531 -11.19034482  -1.52981921
  -9.41097085  -1.36728749  -0.58235223  -0.69400397  -9.19415557
  -0.71449355  -3.02480933  -1.41367825  -0.78124431  -0.8252599
  -1.5611731   -0.84479372]
log likelihood =  -7363.146478512061
Edge derivatives =  [-0.0023049396294994476, 0.033169419575084846, -0.003396775940732693, 0.019336075857564583, -0.004510185901829279, -0.003646982983517233, 0.1552777942129384, 0.04745915596273281, 0.006950416762538487, 0.021666585855967868, 0.15239491657799373, -0.21002752076746706, 0.12594619898983372, 0.08573053190036661, 0.2050261345005691, -0.31112505861288425]
other derivatives: [-0.26811904 -0.30449883  0.16407284  0.02874003 -0.10959411  0.        ]
Current x array =  [ -0.67985259  -0.80375784  -0.61960727   0.44171361  -3.39765712
  -0.51082562 -12.07910516  -0.11728749 -11.43639085  -1.53254065
  -9.62106608  -1.36626834  -0.5829856   -0.69510944  -9.37437454
  -0.71507743  -3.02031821  -1.41485337  -0.78131871  -0.82527663
  -1.56147701  -0.8439963 ]
log likelihood =  -7363.148145156992
Edge derivatives =  [-0.0013151700908654014, 0.10190847911140166, -0.001988016312618428, 0.2016278454024743, -0.002835586574627105, -0.005710644098145312, 0.28133860835239294, 0.15439889481567168, 0.0048673847191725165, 0.21022136339389275, 0.11124295854151199, -0.09905715438173895, 0.05187651371038349, 0.05100064842076757, 0.16933720388366896, -0.17453876107984084]
other derivatives: [-0.90594767 -1.44746082 -3.53338692  0.2145498   0.02137313  0.        ]
Current x array =  [ -0.67981045  -0.80260465  -0.61747062   0.44151056  -3.39816264
  -0.51082562 -12.63992857  -0.11797167 -11.97070069  -1.53640206
 -10.07726366  -1.36577855  -0.58297552  -0.69540964  -9.76582965
  -0.71579773  -3.01269822  -1.41682033  -0.78042274  -0.82462321
  -1.56073857  -0.84495679]
log likelihood =  -7363.1456582454775
Edge derivatives =  [-0.0018806903996798244, 0.058235962322150114, -0.0027971926311966978, 0.08562083714335769, -0.0038110974465497237, -0.004271239155861473, 0.2011124686233477, 0.08631424324802364, 0.006117024047601978, 0.09060695227000548, 0.13756178868360305, -0.16966507809181114, 0.09965674254055723, 0.07416992218887064, 0.192142550894079, -0.2614893836183228]
other derivatives: [-0.49949449 -0.71813702 -1.17452146  0.09640644 -0.06184564  0.        ]
Current x array =  [ -0.67983732  -0.80333977  -0.61883266   0.44164     -3.39784039
  -0.51082562 -12.28242138  -0.11753553 -11.63009507  -1.53394054
  -9.78645213  -1.36609077  -0.58298195  -0.69521827  -9.5162894
  -0.71533856  -3.01755572  -1.41556645  -0.78099389  -0.82503974
  -1.5612093   -0.8443445 ]
log likelihood =  -7363.143759092747
Edge derivatives =  [-0.0013935390968051312, 0.11619601285621095, -0.0021016078891632262, 0.1831313899223052, -0.002975698619843848, -0.044954074819236356, 0.23495839093651685, 0.15652819199471008, 0.005008720816069881, 0.16199912628611834, 0.10199641376831034, -0.08162417797753485, 0.023145703029431308, 0.026220427520039058, 0.11855528548411803, -0.22633578545414124]
other derivatives: [-0.32068783 -0.43764885 -0.40481609  0.0435648   0.04129106  0.        ]
Current x array =  [ -0.67987082  -0.8035592   -0.61929982   0.44168715  -3.39813209
  -0.51082562 -12.58222586  -0.11808136 -11.91572798  -1.53641853
 -10.03033109  -1.36547716  -0.58310995  -0.69554674  -9.72552824
  -0.71581453  -3.01318445  -1.41720875  -0.78048465  -0.82467123
  -1.56022663  -0.84487624]
log likelihood =  -7363.142497349916
Edge derivatives =  [-0.0010109821614908488, 0.13624446833684611, -0.0015478623697257553, 0.22280640295431348, -0.002292229940120001, -0.02968918512153701, 0.18206861924365408, 0.10053272012713246, 0.004033902033751774, 0.17402522210438115, 0.07853527167553967, -0.021647391407968453, -0.0704533538776505, -0.039061377899472394, 0.060424723487931764, -0.07377538850541066]
other derivatives: [-0.40090526 -0.07585186  0.00800355  0.02000888  0.10477379  0.        ]
Current x array =  [ -0.67980343  -0.803932    -0.61952664   0.44168886  -3.39850903
  -0.51082562 -12.90310001  -0.11823368 -12.22141865  -1.53772852
 -10.29131181  -1.36563695  -0.58254014  -0.69482323  -9.9495204
  -0.71580679  -3.01002073  -1.41823473  -0.77978999  -0.82415825
  -1.5591024   -0.84626834]
log likelihood =  -7363.143245735851
Edge derivatives =  [-0.0006971093156247227, 0.09947799556542963, -0.0010861127708092673, 0.23421964803224, -0.0016969040542584672, -0.0324453971080621, 0.0493421637405656, 0.03096418512984231, 0.0031250299147775828, 0.05463069156841929, 0.04483995111411661, 0.07810788354030501, -0.07533981717811777, -0.05570615894193465, -0.007982900232706092, 0.03577016467870964]
other derivatives: [ 2.78441803 -0.08767529  0.32378011  0.077398    0.02164597  0.        ]
Current x array =  [ -0.68108516  -0.80375117  -0.61954001   0.44169371  -3.39793771
  -0.51082562 -13.27488864  -0.11787098 -12.57562216  -1.53886813
 -10.59372269  -1.36526769  -0.58137532  -0.69427517 -10.20901368
  -0.71497976  -3.00534078  -1.41989965  -0.77961808  -0.82392006
  -1.5577288   -0.84735296]
log likelihood =  -7363.142164770247
Edge derivatives =  [-0.0008856690023621498, 0.12316293721455523, -0.0013644581402221243, 0.22688474469195238, -0.002059436418923223, -0.030670875165169698, 0.13484646518761206, 0.07575694852128798, 0.003684759907379024, 0.1316321518743811, 0.06657357792877468, 0.013894187384505485, -0.07207068646858872, -0.04474655749038314, 0.03608953294778622, -0.03476357797430052]
other derivatives: [ 0.73441697 -0.07994458  0.12032615  0.04038156  0.07521521  0.        ]
Current x array =  [ -0.68025971  -0.80386763  -0.6195314    0.44169059  -3.39830565
  -0.51082562 -13.03545273  -0.11810457 -12.34751126  -1.53813421
 -10.3989668   -1.36550549  -0.58212547  -0.69462813 -10.04189719
  -0.71551238  -3.00835472  -1.41882742  -0.77972879  -0.82407346
  -1.55861342  -0.84665445]
log likelihood =  -7363.141713445953
Edge derivatives =  [-0.0007396002260633657, 0.10842794679197887, -0.0011493096721879427, 0.2173785647035975, -0.0017827820899119012, -0.005507340504478708, 0.06632976876539748, -0.022489221598557235, 0.003262298562887792, 0.08529058823680513, 0.0594419129497505, 0.026619151160951093, -0.10460460374197988, -0.07260098805958959, 0.009090464653976948, 0.07285686128559171]
other derivatives: [0.35506673 0.08003553 0.09013092 0.0257387  0.05256879 0.        ]
Current x array =  [ -0.68010304  -0.80409217  -0.61949014   0.44174313  -3.39837942
  -0.51082562 -13.21564886  -0.1179558  -12.51917291  -1.53819145
 -10.54550991  -1.3658638   -0.58153372  -0.69370432 -10.16770495
  -0.71514458  -3.00728284  -1.41905398  -0.77946522  -0.82386
  -1.55797971  -0.84758226]
log likelihood =  -7363.141368833485
Edge derivatives =  [-0.0006517188147812439, 0.06673873307881739, -0.0010189646345354659, 0.19337725772852882, -0.0016124053153003376, -0.00036165508312163697, -0.0036932973295326355, -0.07639767552675159, 0.002999585825069489, 0.011348140267963353, 0.051350317529907846, 0.026884136576679485, -0.07832276702905583, -0.0611619893203279, -0.0074598017380490544, 0.09648509465633476]
other derivatives: [ 0.09213181  0.06584742  0.04201866  0.01145963 -0.01582521  0.        ]
Current x array =  [ -0.68000861  -0.80414241  -0.61943133   0.44182112  -3.39819071
  -0.51082562 -13.34217689  -0.11756153 -12.63971186  -1.53778639
 -10.64841686  -1.36598787  -0.58100083  -0.69331841 -10.25602896
  -0.71465857  -3.00615656  -1.41916218  -0.77964587  -0.82395457
  -1.55776     -0.8478178 ]
log likelihood =  -7363.140986491895
Edge derivatives =  [-0.0005522981692134192, -0.004009097279963292, -0.0008704553957840826, 0.15058997308528002, -0.0014129414469529478, -0.0036219156834379485, -0.08597470128402412, -0.10135729872463065, 0.0026918194298543746, -0.08034172801497327, 0.03701162427318966, 0.021730088906331158, -0.006973148457744438, -0.017669650795233194, -0.023808541021523355, 0.07428348639517535]
other derivatives: [-0.15634214 -0.01618901 -0.02273737 -0.01036824 -0.09204086  0.        ]
Current x array =  [ -0.67992427  -0.80413832  -0.61935095   0.44193157  -3.39797614
  -0.51082562 -13.50777026  -0.11686171 -12.79747223  -1.53679642
 -10.78310908  -1.36602658  -0.58039013  -0.69328722 -10.37160386
  -0.71406125  -3.00417603  -1.41926539  -0.78013886  -0.82427476
  -1.55773801  -0.84766779]
log likelihood =  -7363.140692858476
Edge derivatives =  [-0.00046908359123953164, -0.04728543383696959, -0.0007450931067003354, 0.11476425820410821, -0.0012371357419894069, -0.0033715863777384336, -0.09739574998576665, -0.0863427173054174, 0.002419961071024368, -0.09731072653293132, 0.023445598889227495, 0.01178131597405263, 0.06168638607656085, 0.03214172867630549, -0.024940141306821262, 0.02957517709317886]
other derivatives: [-0.16962076  0.09031282 -0.12259989 -0.0169166  -0.09158612  0.        ]
Current x array =  [ -0.67990966  -0.80425947  -0.6192725    0.44198896  -3.398055
  -0.51082562 -13.67106443  -0.11638517 -12.95304357  -1.53566954
 -10.91593463  -1.36605752  -0.58026804  -0.69351761 -10.4855682
  -0.71387031  -3.00217466  -1.41921836  -0.78055102  -0.82457866
  -1.55797265  -0.84724382]
log likelihood =  -7363.141048688241
Edge derivatives =  [-0.00031453144766790085, -0.11547089415334588, -0.0005092867036070696, -0.02848123097614158, -0.0008974568790828761, -0.008996327053975184, -0.1974736738994129, -0.06926094151809808, 0.0018450835849724695, -0.15353692473851227, -0.015900616600199757, -0.02222368413585607, 0.0341774336481816, 0.03129343564154752, -0.06633752338385873, -0.04178914383556859]
other derivatives: [-0.48194124 -1.16106094  0.51841198 -0.14242687  0.07112249  0.        ]
Current x array =  [ -0.67983699  -0.8032219   -0.61956942   0.44204839  -3.39890016
  -0.51082562 -14.07110731  -0.11553463 -13.33416604  -1.53210483
 -11.24133251  -1.36644728  -0.58015263  -0.69413498 -10.76475132
  -0.71386209  -2.99733302  -1.41917918  -0.78062093  -0.82472198
  -1.55816547  -0.84692708]
log likelihood =  -7363.1405268534
Edge derivatives =  [-0.00040621567498441805, -0.0718190835831295, -0.0006497084659427755, 0.0632874872343282, -0.0011020950791980886, -0.005373085928019272, -0.1334205488093242, -0.08017182945545026, 0.002195350034432472, -0.11745955725566942, 0.009321526773388045, -0.0004460814559651971, 0.0518859012385835, 0.03201148870223203, -0.03982895983161758, 0.0038983822634060528]
other derivatives: [-0.28194336 -0.35961421  0.10804797 -0.06211849 -0.03292371  0.        ]
Current x array =  [ -0.6798835   -0.80388593  -0.6193794    0.44201036  -3.39835927
  -0.51082562 -13.81508528  -0.11607897 -13.09025282  -1.5343862
 -11.03308227  -1.36619784  -0.58022649  -0.69373987 -10.5860779
  -0.71386735  -3.0004316   -1.41920425  -0.78057618  -0.82463025
  -1.55804207  -0.84712979]
log likelihood =  -7363.140282545426
Edge derivatives =  [-0.0003458025538848765, -0.08009933386891327, -0.0005572958889042508, 0.033323890425481784, -0.000964795645944287, 0.002980757234180176, -0.08355172245347293, -0.03468142723946424, 0.0019728669085255198, -0.05897012879979918, -0.0026740735256984838, -0.008616614011560053, 0.08053318352093775, 0.06050014532532033, -0.029620769860802143, -0.029856950369579582]
other derivatives: [-0.09385985 -0.1024091  -0.02883098 -0.03637979  0.03346941  0.        ]
Current x array =  [ -0.67992987  -0.80410117  -0.61930122   0.44195605  -3.39869472
  -0.51082562 -13.97601388  -0.11591783 -13.24357102  -1.53317086
 -11.16398503  -1.36628509  -0.58054036  -0.69414762 -10.69838746
  -0.71410347  -2.99849755  -1.41909276  -0.78067041  -0.82474027
  -1.55838499  -0.8467334 ]
log likelihood =  -7363.140176402583
Edge derivatives =  [-0.00031374465317091457, -0.061339703222717645, -0.0005079378720251118, 0.020210438247642903, -0.0008901413399106727, 0.006743426765161653, -0.03688398140908432, -0.003232794836062425, 0.0018444319752059964, -0.003957999859962813, -0.00988388381666732, -0.008338390856284184, 0.0517340341851501, 0.04494880118596778, -0.024633621591671928, -0.033589384491862384]
other derivatives: [ 0.0176442   0.00945874 -0.03310561 -0.00536602  0.07185008  0.        ]
Current x array =  [ -0.67995897  -0.80417858  -0.6193106    0.4418537   -3.39885551
  -0.51082562 -14.07325517  -0.11608201 -13.33621389  -1.53257976
 -11.24308357  -1.36633667  -0.58091852  -0.69441172 -10.76624845
  -0.71441438  -2.99737468  -1.41910391  -0.78044687  -0.82460149
  -1.55854693  -0.84666964]
log likelihood =  -7363.140118435348
Edge derivatives =  [-0.000293702240031881, -0.037287732204205004, -0.000476971489232121, 0.008763007609101259, -0.000843425663343615, 0.0071826263859077755, -0.007962156422404096, 0.007402829112641979, 0.001758374522940795, 0.020848412811764888, -0.014032722171131835, -0.006453676316927726, 0.007621452579014698, 0.012219336915785584, -0.020002393424413956, -0.02122789786866458]
other derivatives: [ 0.04047251  0.04010872 -0.00500222  0.0167347   0.05575203  0.        ]
Current x array =  [ -0.67996545  -0.80419169  -0.61933549   0.44179662  -3.39874764
  -0.51082562 -14.13925289  -0.11635945 -13.39909049  -1.53218795
 -11.29676772  -1.36636973  -0.58122074  -0.6945297  -10.81230245
  -0.71458775  -2.99671034  -1.41915445  -0.78016518  -0.8243876
  -1.55866157  -0.84678728]
log likelihood =  -7363.140088819344
Edge derivatives =  [-0.000280180652458546, -0.011820471640897112, -0.00045604157641681095, -0.0018377105249576808, -0.0008121968676412824, 0.005229462229570603, 0.005348655666140095, 0.002961225099175957, 0.0016993205598059907, 0.011321956471512962, -0.015183219740658817, -0.004296957423926717, -0.01073691622742634, -0.007390056523865152, -0.00969410528205139, -0.0017502257712716518]
other derivatives: [ 0.01218723  0.01118678 -0.04838512  0.00027285  0.01218723  0.        ]
Current x array =  [ -0.67996237  -0.80415995  -0.61930958   0.44190039  -3.39847834
  -0.51082562 -14.18638333  -0.11669023 -13.44399276  -1.53189241
 -11.33510721  -1.36636675  -0.58140564  -0.69454795 -10.84518094
  -0.71455451  -2.99636241  -1.41921979  -0.78006748  -0.82428074
  -1.55884521  -0.84696805]
log likelihood =  -7363.140130701566
Edge derivatives =  [-0.00027258166949905617, 0.00462553535578436, -0.000444295307984098, -0.012516483810000922, -0.0007948096097676235, 0.0005085608650243767, -0.005674796678161925, -0.012200503353277325, 0.001665040152931456, -0.01799260881856618, -0.015599498380547375, -0.005181288341176704, -0.009387894155568732, -0.011614338210100161, -0.002847884807067602, 0.004523112410769636]
other derivatives: [-0.0178261   0.11896191  0.36234269 -0.02528395 -0.02601155  0.        ]
Current x array =  [ -0.67993154  -0.80426818  -0.61955441   0.44195923  -3.3982613
  -0.51082562 -14.21390667  -0.11690835 -13.47021488  -1.53173456
 -11.35749761  -1.36636465  -0.58144719  -0.69448113 -10.86437462
  -0.71443863  -2.99635414  -1.41923215  -0.78013479  -0.82430653
  -1.55902303  -0.84707207]
log likelihood =  -7363.140086446298
Edge derivatives =  [-0.0002787356718175268, -0.008727187866659436, -0.00045380923502466467, -0.0038453626390674844, -0.0008088983429127117, 0.004342336771831101, 0.0032765109768242845, 0.0001107876288525822, 0.001692821847318779, 0.005810502954172514, -0.015261402688383226, -0.004462769620478535, -0.010482225937262335, -0.00818334984590352, -0.008406339521106865, -0.0005699576382844351]
other derivatives: [ 0.00636646  0.03128662  0.02883098 -0.00472937  0.00500222  0.        ]
Current x array =  [ -0.67995657  -0.8041803   -0.61935562   0.44191146  -3.39843753
  -0.51082562 -14.19155907  -0.11673124 -13.4489238   -1.53186273
 -11.33931771  -1.36636635  -0.58141346  -0.69453538 -10.84879029
  -0.71453272  -2.99636086  -1.41922212  -0.78008013  -0.82428559
  -1.55887865  -0.84698761]
      fun: 7363.140086446298
 hess_inv: <22x22 LbfgsInvHessProduct with dtype=float64>
      jac: array([-0.00636646, -0.03128662, -0.02883098,  0.00472937, -0.00500222,
       -0.        ,  0.00027874,  0.00872719,  0.00045381,  0.00384536,
        0.0008089 , -0.00434234, -0.00327651, -0.00011079, -0.00169282,
       -0.0058105 ,  0.0152614 ,  0.00446277,  0.01048223,  0.00818335,
        0.00840634,  0.00056996])
  message: b'CONVERGENCE: REL_REDUCTION_OF_F_<=_FACTR*EPSMCH'
     nfev: 88
      nit: 74
   status: 0
  success: True
        x: array([ -0.67995657,  -0.8041803 ,  -0.61935562,   0.44191146,
        -3.39843753,  -0.51082562, -14.19155907,  -0.11673124,
       -13.4489238 ,  -1.53186273, -11.33931771,  -1.36636635,
        -0.58141346,  -0.69453538, -10.84879029,  -0.71453272,
        -2.99636086,  -1.41922212,  -0.78008013,  -0.82428559,
        -1.55887865,  -0.84698761])
