number of sites to be analyzed:  500
log likelihood =  -19134.162387599732
Edge derivatives =  [175.22266595764106, 100.48367308488062, 184.48384524696377, 226.08887402908664, 73.46814400729917, 79.62877009005079, 226.08887402908664, 6.478628155022584e-16, 176.02691341467164, 210.17210415128991, 96.1827013550153, 201.16498769324738, 172.66341290510402, 156.085866731969, 238.2033540968416, 257.6967722626536]
other derivatives: [-302.81953514  167.60750441 -124.38613339    7.23630365 -561.45945564
  268.63526728]
Current x array =  [-0.51731724 -0.75285123 -0.57367178  0.74193734 -0.10536052 -0.51082562
 -4.60517019 -4.60517019 -4.60517019 -4.60517019 -4.60517019 -4.60517019
 -4.60517019 -4.60517019 -4.60517019 -4.60517019 -4.60517019 -4.60517019
 -4.60517019 -4.60517019 -4.60517019 -4.60517019]
log likelihood =  -18541.381892556987
Edge derivatives =  [167.877457105262, 101.5499134108537, 182.0959949129479, 227.61163035263013, 68.15268486363918, 77.62706843431737, 227.61163035263013, 0.0, 173.93984233481376, 212.7441502073172, 92.63951589646665, 203.0768226754888, 173.01068003203144, 153.4652612518818, 236.53535668794268, 257.6351264357195]
other derivatives: [1113.45034384  240.93969841   -4.9087248   -33.91178325 -227.8786269
  238.21667128]
Current x array =  [-0.83414573 -0.75211587 -0.70381223  0.74950841 -0.69279406 -0.50296733
 -4.42184142 -4.50003796 -4.4121518  -4.36862205 -4.52830328 -4.52185765
 -4.36862205 -4.60517019 -4.42099996 -4.38527516 -4.50453791 -4.39469896
 -4.42451906 -4.44186352 -4.35594713 -4.33555191]
log likelihood =  -17522.116370817086
Edge derivatives =  [157.17614540943205, 100.94306110447263, 175.93993952846407, 226.7899313070901, 59.22454818202554, 71.16724245193612, 226.7899313070901, -3.908579505733022e-16, 167.88583389337242, 211.64264060136648, 82.57734677831185, 206.9992190983633, 168.96141929060113, 147.9441944706707, 230.34868743856686, 251.56799541151344]
other derivatives: [1208.45616038  200.81715775 -102.83038137 -144.13453755  279.77730497
  196.20383682]
Current x array =  [-0.7996066  -0.66618122 -0.89660535  0.74541256 -1.65514333 -0.42081674
 -4.07818316 -4.30059934 -4.04793643 -3.92027629 -4.38521375 -4.36508614
 -3.92027629 -4.60517019 -4.07339495 -3.96797535 -4.31567922 -3.99552916
 -4.08248393 -4.13398137 -3.88504293 -3.82533082]
log likelihood =  -15465.76501210337
Edge derivatives =  [80.97340126837122, 66.8968487907278, 80.0624746531036, 99.92229812026358, 6.3471448939861554, 15.486832450330159, 99.92229812026359, -2.0690313282626458e-16, 56.99580616346506, 82.45139731304674, 12.908222612571876, 107.48407625637044, 68.65950298629205, 56.67680845923681, 44.71897648866261, 23.086077327361966]
other derivatives: [  -96.02081263 -1715.51182575   566.00292737  -171.34534573
   809.05738287    52.21663741]
Current x array =  [-0.52568893 -0.28840107 -2.10818691  0.25975455 -3.33617276  0.08095118
 -2.76071284 -3.51278146 -2.63024412 -2.14671194 -3.85558996 -3.77117313
 -2.14671194 -4.60517019 -2.72116888 -2.31890459 -3.60986375 -2.39644546
 -2.74412792 -2.93682064 -2.04466634 -1.82888022]
log likelihood =  -14898.902227001872
Edge derivatives =  [115.49583904934727, 60.431255078186716, 110.39759500529476, 98.0349188663142, 15.48423491356038, 20.47600925766674, 98.0349188663142, 6.492629883312941e-16, 75.09596529830104, 95.88078680340398, 20.820024175655416, 99.81723478102451, 79.06036369342496, 70.63395404912433, 53.206832046454366, 35.93087095423103]
other derivatives: [-485.03025027  529.04906624  562.14157667   97.38978406  711.051689
  -78.63163773]
Current x array =  [-0.45219205 -1.23059386 -1.99968546  0.0515737  -3.17205175  0.28348806
 -2.43646534 -3.3071793  -2.28551642 -1.71546155 -3.74161156 -3.63798869
 -1.71546155 -4.60517019 -2.40440583 -1.92436674 -3.45503271 -1.99683878
 -2.4228872  -2.65255138 -1.6339747  -1.39910352]
log likelihood =  -14344.977476824784
Edge derivatives =  [119.10159704136719, 58.59575427752896, 110.73676586323982, 94.73352033749872, 16.430881958355386, 20.9096654932415, 94.73352033749872, -2.7301744405740944e-16, 77.86610106426497, 93.90938087395682, 21.242192092406313, 96.43071489808109, 80.23859073511161, 71.97389397447152, 55.521077558387745, 41.12428230308465]
other derivatives: [232.58035071 560.9519576  453.96482165 168.63214114 473.02473831
 -88.42871466]
Current x array =  [-0.5664371  -1.20829604 -1.6758406   0.05245004 -2.53522871  0.28725663
 -2.43518398 -3.30553707 -2.28870359 -1.73347582 -3.75860644 -3.65339748
 -1.73347582 -4.60517019 -2.42226209 -1.94051527 -3.47628199 -2.0047448
 -2.43636078 -2.66598478 -1.68169942 -1.4626454 ]
log likelihood =  -13668.166636012753
Edge derivatives =  [105.69115239886426, 38.70230351508554, 73.76724453286032, 15.380811517059852, 8.296282452040638, 9.306706571961262, 15.38081151705985, 0.0, 41.82088836399777, 11.969761656512055, 5.062594082490392, 7.743130087667631, 34.97835272301913, 42.430357716949885, -35.94647311972477, -65.59483311689972]
other derivatives: [ 349.49371184  486.82268243  281.71798476  293.0240953  -398.96222006
 -391.88780647]
Current x array =  [-0.58826547 -1.06896052 -0.94162232  0.04935734 -1.16135657  0.38560409
 -2.06544798 -3.08901024 -1.91521098 -1.32556237 -3.67330605 -3.54723798
 -1.32556237 -4.60517019 -2.11797928 -1.55821765 -3.36007268 -1.60795523
 -2.12273106 -2.38874823 -1.35688706 -1.15162712]
log likelihood =  -13211.676851535325
Edge derivatives =  [83.80713706474097, 35.758018609539334, 68.84655975686798, 13.73243819030834, 11.207848815531865, 12.170650196182837, 13.732438190308356, -2.325400981811587e-17, 51.55248575475825, 20.430928674523066, 11.137485613570496, 16.311961725997968, 40.5498291105988, 48.34634200022253, -8.7956016522689, -24.63227225566625]
other derivatives: [  58.67550499  301.59462767 -263.76692404  161.81729734 -204.44167603
 -165.30575522]
Current x array =  [-0.55328136 -0.94381391 -0.49205037  0.31620159 -1.42189612 -0.15581692
 -1.77882587 -2.94447843 -1.66437206 -1.11934693 -3.61658369 -3.48016496
 -1.11934693 -4.60517019 -1.92662303 -1.3739516  -3.29140702 -1.42365647
 -1.93796052 -2.20915304 -1.23935302 -1.07131435]
log likelihood =  -13138.476286618352
Edge derivatives =  [13.971737282560422, 21.469319003042493, 14.643745249213742, -29.865939488692067, 1.128249167213945, 1.693253551967292, -29.865939488692028, 9.686728153482948e-16, -2.5944549689607643, -65.45006494260775, 3.178328424662161, -57.65164400372144, -16.31637014032799, 1.5142308265791686, -81.13687466977356, -98.81958611483726]
other derivatives: [  63.37522791 -197.855843    475.97695811  -76.52433851  203.44014047
  -78.50976544]
Current x array =  [-0.57331655 -0.82887263 -0.71651493  0.55528391 -2.35890663 -0.70758952
 -1.11775213 -2.58307382 -1.02330176 -0.48576409 -3.42172808 -3.25924469
 -0.48576409 -4.60517019 -1.3687473  -0.78407769 -3.04121847 -0.84937274
 -1.40140102 -1.70308113 -0.68806474 -0.53069033]
log likelihood =  -12987.440632775744
Edge derivatives =  [27.883928302653256, 24.881709451258143, 25.778397106903885, -20.737662194429163, 5.450331882620869, 6.487959617057423, -20.737662194429095, -1.9818974085401346e-16, 22.415046322605154, -20.21350752592771, 8.537735618767005, -19.70139595856379, 9.201840860942863, 21.96062517846756, -32.19315716386573, -40.606682986547476]
other derivatives: [ -94.1041435   -68.10478226 -171.42283468  -21.01896825   36.37123882
  -60.33023965]
Current x array =  [-0.55421854 -0.82039385 -0.47588124  0.57393578 -1.93253302 -0.74801535
 -1.26435721 -2.66408068 -1.1799869  -0.72155836 -3.48580716 -3.33073304
 -0.72155836 -4.60517019 -1.52756936 -1.02060221 -3.12569185 -1.07572253
 -1.56918504 -1.8420096  -0.95894931 -0.82992224]
log likelihood =  -12976.620357634547
Edge derivatives =  [36.04520833640343, 27.634291431758434, 32.81348186066398, -6.348420918576263, 6.936123384844891, 8.835119356075154, -6.348420918576257, 0.0, 29.251546343119962, -0.569575110317878, 11.51833062103366, 2.724704726044468, 19.000856875154597, 27.14915017060243, -8.941094864896145, -13.933047195186603]
other derivatives: [-12.40186975  17.6634785   17.96179276 -17.7673428   42.57854016
 -41.75908543]
Current x array =  [-0.56018842 -0.84058703 -0.55529434  0.56098478 -1.86420591 -0.76425739
 -1.33525658 -2.69902337 -1.2532205  -0.83659237 -3.51087654 -3.3593344
 -0.83659237 -4.60517019 -1.59412583 -1.13021963 -3.15781658 -1.18354497
 -1.6437683  -1.90070584 -1.07613933 -0.95530913]
log likelihood =  -12961.458283936277
Edge derivatives =  [23.374250808915328, 25.00036669355939, 19.834513735057392, -14.938017275633982, 5.9697353365440575, 7.888526400829427, -14.93801727563396, -1.4419123350491732e-16, 21.14563011419812, -6.787170650589022, 11.036419279758054, -3.6240748154774223, 11.367370249657696, 20.28232236190061, -11.008345801946067, -13.500145156936851]
other derivatives: [ 14.43513611   0.7203198    8.11705831 -14.1622877    3.62961146
 -30.1097316 ]
Current x array =  [-0.56966154 -0.83626564 -0.54512276  0.57362055 -1.82111452 -0.87630118
 -1.24461073 -2.64136535 -1.1690333  -0.80085692 -3.49120879 -3.33581041
 -0.80085692 -4.60517019 -1.52484263 -1.09729589 -3.13067677 -1.14828944
 -1.58772601 -1.83603854 -1.06352554 -0.95450395]
log likelihood =  -12955.348922362995
Edge derivatives =  [-7.613549334198376, 19.831920239128376, -8.863925189692248, -15.376179627286316, 4.3658593773793966, 6.610066297078448, -15.376179627286307, 0.0, 0.5455226587823162, -7.8211448578407845, 11.72715815248908, -4.87220875235155, -5.171776554705353, 2.486501254202079, -0.29128628175644444, 3.925560481526343]
other derivatives: [-339.13001971  -99.21768651    7.570452    -28.53121259  -11.57823135
    4.74901753]
Current x array =  [-0.51196768 -0.81463765 -0.54064353  0.58827605 -1.8185079  -1.18078486
 -1.0416765  -2.47071149 -0.99172137 -0.81900083 -3.44362136 -3.27598685
 -0.81900083 -4.60517019 -1.36160271 -1.08885301 -3.05490851 -1.12655751
 -1.47872756 -1.67955178 -1.10146184 -1.0197605 ]
log likelihood =  -12944.291568312628
Edge derivatives =  [-7.3200213644480145, 19.771115023285418, -8.869486097487977, -15.974143726558474, 4.5895933025626325, 6.6845486501483125, -15.974143726558491, 0.0, 1.390043875675006, -5.829790715389844, 11.989641587312322, -4.50536790709995, -4.202990787004, 3.1878177271656973, 0.7218231938123005, 5.609255151074526]
other derivatives: [-12.57885742 -18.21717888   7.50860636  -9.6641088  -23.58137863
   2.77304935]
Current x array =  [-0.56852139 -0.84319357 -0.53454404  0.58084462 -1.8092325  -1.18773743
 -1.0332801  -2.46375034 -0.98303482 -0.81073609 -3.44083886 -3.2727027
 -0.81073609 -4.60517019 -1.35479707 -1.08397463 -3.05077507 -1.12150776
 -1.47304969 -1.6731653  -1.09723538 -1.01630236]
log likelihood =  -12943.20633530213
Edge derivatives =  [-5.392112549600476, 20.232058395724398, -6.424975294697434, -12.446622197147539, 4.835032581013772, 6.933519880074984, -12.446622197147521, -1.523062734248663e-16, 2.7422886667801185, -2.968872158166711, 12.362174435083949, -2.0389270816958933, -2.7109739516592755, 4.169862837829774, 3.0131607221403085, 7.887485144685438]
other derivatives: [ 0.34524419 -3.57467798  8.09777703 -9.31831892 -8.51978257  3.37458914]
Current x array =  [-0.56976845 -0.85144775 -0.53416634  0.57671137 -1.8316586  -1.18880671
 -1.03875846 -2.45921109 -0.98944877 -0.82307282 -3.44043586 -3.27179808
 -0.82307282 -4.60517019 -1.35705565 -1.09195879 -3.04832822 -1.12873781
 -1.47780714 -1.67458955 -1.10288552 -1.02055195]
log likelihood =  -12941.126881103548
Edge derivatives =  [-6.7115451438481815, 20.264081290641137, -6.360342561259221, -5.576398192032314, 4.8802870428118, 6.939903874284069, -5.576398192032313, 1.0691217674144018e-16, 0.8376389374144135, 1.1131856537229177, 12.60066242714922, 0.920470045106958, -2.9156055997639236, 2.3553780249432834, 6.183642073137798, 10.616373124341834]
other derivatives: [15.14563337 -0.39599399 -1.2696546  -3.45844455 10.8833774   6.27442205]
Current x array =  [-0.57170966 -0.85562504 -0.5288677   0.55984854 -1.86455406 -1.22252115
 -1.02391789 -2.40471298 -0.98016999 -0.85612741 -3.4272255  -3.25365522
 -0.85612741 -4.60517019 -1.33317065 -1.10390233 -3.01913039 -1.13678137
 -1.47158726 -1.64912696 -1.11049014 -1.02372477]
log likelihood =  -12938.20840109797
Edge derivatives =  [-2.1895512408558093, 21.62584148668959, -0.046847900894213715, 5.0157745444763275, 4.896058389122276, 6.798368018719712, 5.015774544476339, 7.305452032477618e-16, 0.5401258260495144, 5.042583317813501, 11.623506271363603, 3.627907391470222, -0.05563768192790286, 1.7668362170517762, 3.839403060593556, 3.56410257598749]
other derivatives: [ 7.72197382 49.35900506  9.7854354  14.39875632 22.65824151  2.48510332]
Current x array =  [-0.56535852 -0.88240063 -0.53597538  0.51742785 -1.88451923 -1.18972692
 -1.06065869 -2.29860047 -1.01884012 -0.91906906 -3.40280157 -3.21840021
 -0.91906906 -4.60517019 -1.32704459 -1.12254003 -2.95434982 -1.15251874
 -1.49224221 -1.63496888 -1.09915352 -0.98835364]
log likelihood =  -12934.03388358564
Edge derivatives =  [-7.267786057198058, 20.794153123598843, -1.8853597244811235, 14.182472802572534, 4.17144587280075, 5.8652981547030345, 14.182472802572551, 0.0, -6.3495815742169475, 6.896971654072819, 10.004354334260961, 4.287320536547213, -1.9613442784652426, -4.670224174613109, 2.2595844600953012, -1.3197476088818332]
other derivatives: [18.54914444 14.5393642  -3.62779247 20.05981514 25.47021722  4.28281055]
Current x array =  [-0.56900398 -0.8639756  -0.52932422  0.50341828 -1.88491754 -1.2334047
 -1.05359996 -2.1132937  -1.01827595 -0.9864394  -3.35871637 -3.15707889
 -0.9864394  -4.60517019 -1.28146855 -1.13667375 -2.8516736  -1.1617294
 -1.48868712 -1.57993077 -1.09618008 -0.9686289 ]
log likelihood =  -12928.153031500333
Edge derivatives =  [-14.001202854827154, 17.496665207714784, -3.7619003968820155, 19.8562257974688, 2.71386797104212, 3.8113378001568816, 19.856225797468817, 2.5220849737773463e-16, -13.977776974645462, 4.0534431320672475, 5.9150564793008655, 0.3132242668214656, -4.091162356210351, -12.573565262151956, -5.407501244953059, -12.97974364216449]
other derivatives: [ -3.09519237   1.83790689 -13.28771759  13.45979399   9.82581696
   1.12049747]
Current x array =  [-0.56699262 -0.86262423 -0.52312369  0.52134136 -1.86458307 -1.26293949
 -1.07098108 -1.80394257 -1.02984846 -1.03727749 -3.28529272 -3.05510281
 -1.03727749 -4.60517019 -1.23704103 -1.13153451 -2.68112357 -1.15615865
 -1.48875542 -1.51768266 -1.07175542 -0.92568043]
log likelihood =  -12923.416855473553
Edge derivatives =  [-12.45201659589021, 4.436095553337889, 4.090492730308237, 29.38631247972411, 0.603855991354159, 0.7180740686612911, 29.38631247972413, -3.386243388434992e-16, -11.249282534869549, 3.479110212089415, -3.3079615826784425, 1.7194990658934484, 3.8832631468256076, -12.711236200089054, -12.113958944982162, -23.500425598766984]
other derivatives: [ 29.33556971 -86.97661542  10.96759661  -2.84835551   0.8409188
  -8.82555469]
Current x array =  [-0.5773934  -0.8065559  -0.53673363  0.54650934 -1.80433429 -1.20219264
 -1.25915105 -1.26616559 -1.16282391 -1.11667943 -3.17204579 -2.89271273
 -1.11667943 -4.60517019 -1.28992569 -1.16397608 -2.39597961 -1.20283493
 -1.57394776 -1.5298395  -1.08295426 -0.91756696]
log likelihood =  -12916.891055760047
Edge derivatives =  [-15.593460115755036, 2.0421330592324423, -0.8820177450712761, 17.630401026828455, 0.5079520778104281, 0.4127422149867107, 17.63040102682847, 0.0, -9.15464371506453, 0.48359153908615454, -2.7520821245793994, -1.473510370841817, 2.4944812401863117, -10.60488377214889, -8.072191068256377, -12.62343040641187]
other derivatives: [-25.80891305  -4.1025487  -62.3127562   -3.99231794 -29.86580512
  -7.62047421]
Current x array =  [-0.5662509  -0.85470913 -0.50851098  0.57227139 -1.78563028 -1.25127865
 -1.25449245 -1.21946361 -1.12716646 -1.0344608  -3.15995825 -2.87777771
 -1.0344608  -4.60517019 -1.29162456 -1.1350901  -2.38319562 -1.18013238
 -1.54813353 -1.53418716 -1.09310272 -0.95513067]
log likelihood =  -12912.911737757478
Edge derivatives =  [-13.356385071280169, 6.546415976841809, -2.4899872081261685, 5.828851962445106, 0.8419876535623243, 1.2693062469607654, 5.828851962445107, -3.753974888551048e-16, -2.933749884334925, -1.1152650340821852, -0.02902563207479024, 0.0934070820740842, 3.9463008534312856, -4.344468666561461, -0.9304289235074923, 0.9144006775836736]
other derivatives: [-16.03530109  16.07641025   9.28066584 -14.15774022 -23.60557119
  -5.16065484]
Current x array =  [-0.56628672 -0.86289711 -0.53608158  0.58758435 -1.78931473 -1.25671591
 -1.28385051 -1.29798518 -1.12107471 -0.94812988 -3.18077862 -2.90708242
 -0.94812988 -4.60517019 -1.33905957 -1.12398858 -2.43951141 -1.17758359
 -1.54564565 -1.58859988 -1.12258696 -1.014773  ]
log likelihood =  -12910.90272636649
Edge derivatives =  [-9.937000417011118, 2.573358903569814, 0.6643763655590486, 2.3896105677601716, 0.6536393477932309, 0.9587034706174905, 2.3896105677601662, -1.2170397387849677e-16, 2.788498505178901, -0.11664925680118643, -1.317876176867931, 1.7904462504519902, 7.5268946312503235, 0.7863128474782364, 2.2944157359601167, 6.317041381364111]
other derivatives: [ -5.44787326  11.06527634  -9.06111381 -12.63069862 -16.76671673
  -7.22375262]
Current x array =  [-0.56840193 -0.85743081 -0.53061788  0.58193587 -1.79760381 -1.24437182
 -1.37053328 -1.17609123 -1.15884862 -0.91594931 -3.15758322 -2.87348968
 -0.91594931 -4.60517019 -1.38230622 -1.1273593  -2.3863299  -1.1878656
 -1.56329982 -1.62585185 -1.14097924 -1.04122154]
log likelihood =  -12909.882450715804
Edge derivatives =  [-11.248411559584753, -9.419979812098548, -1.8412658517408615, -0.7905765762725615, -0.5878138872166628, -0.5861430240265828, -0.7905765762725455, 1.8470817403309142e-16, -0.08810783343874472, -1.1930842585523433, -4.691666671804202, -0.10860082558156677, 3.2995213392950533, -1.5026213787775355, 2.47145840042741, 6.043489223219335]
other derivatives: [-3.13557393  9.34578566 40.32463039 -1.21581252 -1.64964149 -5.78238541]
Current x array =  [-0.56701838 -0.86457345 -0.54727603  0.54470612 -1.84733534 -1.31841288
 -1.44084758 -0.95376431 -1.14983014 -0.87765076 -3.10604573 -2.80231123
 -0.87765076 -4.60517019 -1.36160695 -1.11358754 -2.28744466 -1.17098171
 -1.52211762 -1.60504754 -1.13602384 -1.03001053]
log likelihood =  -12908.798133986973
Edge derivatives =  [-6.967335329438352, 0.5473226853144206, 0.6571169625738034, -3.1778792210354405, 0.1751316129256921, 0.5061688525906163, -3.1778792210354374, 4.936859151645961e-16, 2.582182270780577, -0.4820467273997986, -1.9303332704346454, 0.10275933902091317, 2.3922583113975913, 1.707720535342982, 2.0962346138054735, 4.059229460945799]
other derivatives: [ 3.41933628 -8.9094101  -7.02275429  7.38309609 13.24660843 -5.50244295]
Current x array =  [-0.56904403 -0.85362611 -0.52894448  0.52381921 -1.87566757 -1.31422126
 -1.46269995 -1.08341782 -1.1472575  -0.849101   -3.13345327 -2.84022798
 -0.849101   -4.60517019 -1.37281687 -1.1085667  -2.35965281 -1.1623162
 -1.50484412 -1.62773149 -1.12548599 -1.01268214]
log likelihood =  -12908.437587976934
Edge derivatives =  [-7.378581624650129, -0.5054995067867936, 0.16712410798522306, -1.9930268233658188, 0.039832849487394434, 0.29838884875412514, -1.9930268233658142, 0.0, 1.3067128492278848, -0.637787519521377, -2.3937142277817984, -0.3091247671237126, 1.8774231027125743, 0.4738990741698459, 0.8357058801181652, 2.042444452692983]
other derivatives: [16.75234671  0.04129106 -3.95320967  4.36812115  3.93974915 -5.67360985]
Current x array =  [-0.57201126 -0.85775633 -0.52959871  0.53584331 -1.8584296  -1.32088016
 -1.46295994 -1.06985465 -1.14638389 -0.86211334 -3.12970395 -2.83480505
 -0.86211334 -4.60517019 -1.36478962 -1.11000035 -2.35225221 -1.16299158
 -1.50416191 -1.61896491 -1.12156895 -1.00519882]
log likelihood =  -12908.58651450827
Edge derivatives =  [-6.83435883297658, -2.335111266011052, -0.08015408946972316, -0.5549548770093069, -0.31920162302736355, -0.07736685676212127, -0.5549548770093202, 0.0, -0.5418768730676676, -1.1341701526710048, -3.2963726778521334, -0.6409102604041435, 0.4129683232550724, -1.1038444812439914, -1.436191660518671, -2.2407357076293586]
other derivatives: [-69.28366929  -9.36215656   3.4502591   -5.36983862  -7.85821612
  -5.19376044]
Current x array =  [-0.55601883 -0.85524014 -0.53441405  0.55342428 -1.83290361 -1.33984233
 -1.49750815 -1.03976326 -1.15304983 -0.8806069  -3.1222852  -2.82336135
 -0.8806069  -4.60517019 -1.35884199 -1.11592348 -2.34224734 -1.16732743
 -1.50076498 -1.61359483 -1.11717969 -0.99207644]
log likelihood =  -12908.239085058698
Edge derivatives =  [-7.147574302515204, -1.2777743620887516, 0.054837258472187525, -1.3806819418890344, -0.11533397625142383, 0.1360135828006323, -1.380681941889003, -1.506514028667524e-16, 0.5096175028703267, -0.8561297967741388, -2.782600041061825, -0.45516043912383747, 1.2448572318253324, -0.2068685459423274, -0.14512521739264436, 0.20058652460019777]
other derivatives: [-19.76532076  -4.0161467   -0.71468094   0.16152626  -1.1334123
  -5.46842784]
Current x array =  [-0.5651172  -0.85667164 -0.53167452  0.54342216 -1.84742579 -1.32905443
 -1.47785308 -1.05688277 -1.14925746 -0.87008559 -3.12650586 -2.82987187
 -0.87008559 -4.60517019 -1.3622257  -1.11255371 -2.34793928 -1.16486069
 -1.50269755 -1.61664996 -1.11967682 -0.99954199]
log likelihood =  -12907.947042410919
Edge derivatives =  [-6.255479387781309, -1.5119584055254291, -0.015619992832044731, -1.3624599830052655, -0.22830309400955567, 0.03661409791439159, -1.3624599830052715, -2.585790411054356e-17, -0.281840698125904, -0.6548168722270833, -2.888820959189297, -0.6072227948551189, -0.16347179501769193, -0.6844003437307782, -0.8862190397414463, -1.6934394337375653]
other derivatives: [-8.62037268  0.15716068  2.43308023  0.10095391 -4.32683009 -4.89981176]
Current x array =  [-0.56740032 -0.85884553 -0.53238232  0.54572954 -1.84308071 -1.35107184
 -1.50455561 -1.04386747 -1.14781182 -0.8697521  -3.12254903 -2.82386186
 -0.8697521  -4.60517019 -1.35648364 -1.11281388 -2.34746096 -1.16299038
 -1.49113166 -1.61386646 -1.11536201 -0.98947307]
log likelihood =  -12907.496015547797
Edge derivatives =  [-3.009661222157793, -0.72938312320716, 0.8975776085902092, -1.7456944745437888, -0.34935756648425903, 0.03649328923833678, -1.7456944745437781, 0.0, -0.6966065169342361, 0.24027879314789968, -2.61322075159333, -0.2992716566994415, -2.8262279340980805, -0.36879788423328674, -1.723426593901157, -4.8626218548065925]
other derivatives: [ 4.00614226  3.35003278  4.42469172  0.10495569 -5.62249625 -3.44662112]
Current x array =  [-0.57005305 -0.86036401 -0.53269854  0.5471825  -1.84133431 -1.4010776
 -1.58547371 -1.02669789 -1.14961376 -0.86250588 -3.11703756 -2.81434763
 -0.86250588 -4.60517019 -1.35273633 -1.1143468  -2.35743497 -1.16014175
 -1.46641883 -1.61830124 -1.10828494 -0.97095211]
log likelihood =  -12907.26665973622
Edge derivatives =  [-1.1731200669133806, -0.17830547454784124, 1.3600515077436917, -0.9073099859923153, -0.36599250298554675, 0.10571204041085752, -0.907309985992319, 0.0, -0.5721887589226122, 0.7473439646036444, -2.0315207016761727, 0.23898096426892532, -3.087575194190655, 0.08079452682474897, -0.8896641095381597, -3.5209555572847084]
other derivatives: [ 4.69317456  2.42980605  2.92329787 -1.51903805 -1.55250746 -1.92503649]
Current x array =  [-0.57025009 -0.86013211 -0.53189366  0.54958069 -1.84559049 -1.43515902
 -1.63353672 -1.0173957  -1.14699143 -0.86336556 -3.11510731 -2.80929734
 -0.86336556 -4.60517019 -1.35155037 -1.11401057 -2.36878518 -1.15882626
 -1.46067342 -1.62041961 -1.10867072 -0.97371437]
log likelihood =  -12907.139061458494
Edge derivatives =  [0.2551971620969953, 0.5614091946935627, 0.2676015613616577, -0.9102254295453996, -0.41792720926128346, 0.1616269197046919, -0.9102254295454004, -7.526770231107084e-17, -0.4442840192846914, -0.18898437601644824, -1.0168016412761167, 0.0986047236598876, -1.5648296072224064, 0.5806050056384702, 0.10136837878306956, -0.07758213086598746]
other derivatives: [ 2.16605258 -2.5409463  -0.49021764  4.16330295 -4.4461558   0.34106051]
Current x array =  [-0.56965761 -0.85542976 -0.53198512  0.538278   -1.83858294 -1.4766916
 -1.68748767 -1.01558696 -1.13536083 -0.86409725 -3.11746833 -2.80644679
 -0.86409725 -4.60517019 -1.35383659 -1.10860024 -2.39568532 -1.15441415
 -1.46971682 -1.62276028 -1.11058293 -0.98895657]
log likelihood =  -12907.107559156328
Edge derivatives =  [0.6442400036186301, 0.9406872980196053, 0.777096144979582, 1.1835487710514891, -0.27695219607209076, 0.26922862914804835, 1.1835487710514812, -3.1409195721344907e-16, 0.1402005493405831, 0.4445546603010988, -0.5882022003233149, 0.4458719672072949, 0.11408541413911583, 0.6374581186298476, 0.5329616915298574, 0.9715877981771807]
other derivatives: [-2.00270733  5.61994966 -0.84637577 -0.3254172   2.36213964  0.52714313]
Current x array =  [-0.56846372 -0.86134305 -0.53111952  0.5463293  -1.84807628 -1.47725198
 -1.68534077 -1.01680946 -1.13194038 -0.87351264 -3.12001535 -2.80650777
 -0.87351264 -4.60517019 -1.35359391 -1.10874303 -2.40292571 -1.15387574
 -1.48028353 -1.61803719 -1.10951961 -0.99062645]
log likelihood =  -12907.088332885702
Edge derivatives =  [0.14934867604473573, 0.4623401020854364, 0.3392689465625876, 0.6800676583216043, -0.3524801680016464, 0.1751246051603996, 0.6800676583216202, 1.0236678804161773e-16, -0.2095358323445497, 0.07670735869315337, -0.8237539363889157, 0.17229027981051623, -0.2709381425409948, 0.2897199627656699, 0.15429640431690853, 0.3170995192409723]
other derivatives: [ 1.30548869 -2.75031198  1.50721462 -0.70467649  1.29257387  0.31814125]
Current x array =  [-0.56953788 -0.8565685  -0.53193388  0.54663491 -1.8456523  -1.47267334
 -1.67804013 -1.01464183 -1.13213996 -0.87189078 -3.11956109 -2.80615859
 -0.87189078 -4.60517019 -1.35311448 -1.10863862 -2.3994261  -1.1539292
 -1.47927239 -1.61715033 -1.10935052 -0.98932503]
log likelihood =  -12907.082525578626
Edge derivatives =  [0.0859780792947235, 0.4261323785912942, 0.264698593056238, 0.378125793498368, -0.3422306665578274, 0.17621982760666038, 0.3781257934983843, 0.0, -0.15978053628335437, 0.02408307572160251, -0.812077128647259, 0.07456033701063144, -0.2676183482847911, 0.3164086112691378, 0.12434960638499411, 0.287702417965841]
other derivatives: [-0.02401066 -0.5313268  -0.79780875  0.47766662  0.18226274  0.26047928]
Current x array =  [-0.5691939  -0.85774583 -0.53116918  0.54481335 -1.84517726 -1.47213365
 -1.67705275 -1.01445208 -1.13155632 -0.87024642 -3.11975821 -2.80612018
 -0.87024642 -4.60517019 -1.35327313 -1.10814668 -2.39973681 -1.153413
 -1.47911549 -1.61705382 -1.10910458 -0.98904317]
log likelihood =  -12907.079899228458
Edge derivatives =  [0.054986027686701563, 0.4382247072915415, 0.16932544876545266, 0.29246956377804845, -0.33441816088521453, 0.17809776486235374, 0.29246956377807587, 0.0, -0.1215689721201547, -0.03308163524814145, -0.7595310669695995, 0.0087677760966366, -0.13328575559991085, 0.28002664379637376, 0.07371314484765988, 0.26013209031944723]
other derivatives: [-0.2924935   0.15315891 -0.43546606  0.63082553  0.03274181  0.25393092]
Current x array =  [-0.56909826 -0.85814772 -0.53131421  0.54454097 -1.84525093 -1.47187575
 -1.6765516  -1.01484732 -1.13062849 -0.86976137 -3.12045872 -2.80617395
 -0.86976137 -4.60517019 -1.35349128 -1.10776187 -2.40155172 -1.15295023
 -1.48014822 -1.61648633 -1.10871805 -0.98881978]
log likelihood =  -12907.073731009372
Edge derivatives =  [-0.06238085050303144, 0.3804730881560606, -0.22969916273618762, 0.06389861671346547, -0.299978892989751, 0.17252925693026674, 0.06389861671349138, 1.3307029468148972e-16, 0.011104271103952457, -0.2062774855992735, -0.5256482445862064, -0.2691936819842473, 0.38906319952164065, 0.03157892734862022, -0.2084520154852786, -0.05182117825567044]
other derivatives: [-0.60917955  0.77889126 -1.72403816  0.36598067 -0.4638423   0.20372681]
Current x array =  [-0.56909461 -0.8586968  -0.5306872   0.54549579 -1.84525778 -1.47119148
 -1.67511183 -1.0150517  -1.12665924 -0.86850187 -3.12370156 -2.80578757
 -0.86850187 -4.60517019 -1.35403539 -1.10651711 -2.41003791 -1.15118572
 -1.48439605 -1.61321893 -1.10680758 -0.98696359]
log likelihood =  -12907.07354071596
Edge derivatives =  [-0.04694378406544446, 0.3003791690314884, -0.44418166731990316, -0.2720278809901036, -0.2904550717824402, 0.1778519864223181, -0.2720278809901083, -4.827348711766187e-16, 0.017650061601262174, -0.24255924410852137, -0.31209648723796246, -0.21997363341545015, 0.3674152395768878, -0.1443167332067189, -0.1761615907589183, -0.0942666721943905]
other derivatives: [ 0.51404641  1.43681973  4.12655936  0.20372681 -0.43110049  0.25120244]
Current x array =  [-0.5691725  -0.85901097 -0.53293748  0.54531877 -1.84529364 -1.47233271
 -1.67839839 -1.01344689 -1.12528084 -0.86639129 -3.1263573  -2.80478115
 -0.86639129 -4.60517019 -1.35464334 -1.10639991 -2.41720533 -1.15096084
 -1.48451723 -1.61217278 -1.10669923 -0.98658367]
log likelihood =  -12907.071494807236
Edge derivatives =  [-0.05439778610823273, 0.33968121292390807, -0.33913213607810744, -0.10753323153615138, -0.2950972032094525, 0.17527420635434804, -0.10753323153615915, 0.0, 0.01451018162906606, -0.22473598785811377, -0.4162295464246564, -0.24392629895028176, 0.37807589623137366, -0.05820734293444896, -0.19186568925784211, -0.07340558514216977]
other derivatives: [-0.0351065   1.1152224   1.2705641   0.28285285 -0.4467438   0.22791937]
Current x array =  [-0.5691344  -0.85885729 -0.53183672  0.54540536 -1.8452761  -1.47177446
 -1.67679072 -1.01423191 -1.12595511 -0.86742372 -3.1250582  -2.80527346
 -0.86742372 -4.60517019 -1.35434595 -1.10645724 -2.41369927 -1.15107084
 -1.48445795 -1.61268452 -1.10675223 -0.98676951]
log likelihood =  -12907.069794111663
Edge derivatives =  [-0.030225240029236447, 0.2975919020130462, -0.3408917559061965, -0.12355917021370466, -0.28789366526376486, 0.17639192461555264, -0.12355917021369392, 1.9936431081500747e-16, 0.027133701417788467, -0.17928007171527327, -0.3606695870512927, -0.21015239810595585, 0.3438136555447602, -0.09991613246786057, -0.17672382501039113, -0.1177699443105964]
other derivatives: [ 0.2237357   0.54624252  1.05865183 -0.01036824 -0.2406523   0.22409949]
Current x array =  [-0.56923245 -0.85858729 -0.53170602  0.54595125 -1.84549008 -1.47203302
 -1.67777728 -1.01340329 -1.12585395 -0.86717803 -3.12574996 -2.80484604
 -0.86717803 -4.60517019 -1.35439178 -1.10662708 -2.41545059 -1.1511631
 -1.48423125 -1.61233795 -1.10672472 -0.98644046]
log likelihood =  -12907.066797951486
Edge derivatives =  [0.02413990599063874, 0.1526851174846251, -0.2805153774209492, -0.20083185987543717, -0.26299779310572563, 0.18342645586236606, -0.20083185987543833, 5.622725949658108e-16, 0.04835739634055396, -0.02100542517584214, -0.20265958239166365, -0.0584090241444815, 0.13295750256278116, -0.18941052546134773, -0.06921321535013372, -0.1846232856681264]
other derivatives: [-0.34833647 -0.75069693  0.47093636 -0.52150426  0.27739588  0.18462742]
Current x array =  [-0.56920272 -0.85798321 -0.53142991  0.54673245 -1.8461439  -1.47196067
 -1.68003706 -1.01078701 -1.12633725 -0.86633392 -3.12797472 -2.80346979
 -0.86633392 -4.60517019 -1.35450782 -1.1073245  -2.42023182 -1.15177916
 -1.48274283 -1.61183289 -1.10702625 -0.98582722]
log likelihood =  -12907.067736464807
Edge derivatives =  [0.08595057019329516, 0.06533798499952054, -0.1579023011137738, -0.1787082946705616, -0.22814689384229442, 0.19945701038379132, -0.17870829467054666, 7.353708983087128e-16, 0.10433301310269517, 0.15772970762961747, -0.058668847485127074, 0.10076207568340376, 0.029015747650284543, -0.1854273017662581, 0.08970961020864998, -0.07728312754556642]
other derivatives: [ 4.97129804  0.         -0.30086085 -0.25902409  0.56988938  0.12478267]
Current x array =  [-0.570247   -0.85814684 -0.53103572  0.54660061 -1.84658428 -1.47136758
 -1.68117584 -1.00887904 -1.12705252 -0.86605957 -3.13000389 -2.80230855
 -0.86605957 -4.60517019 -1.35458111 -1.10782547 -2.42397132 -1.15232017
 -1.48169689 -1.61175141 -1.1074141  -0.98586071]
log likelihood =  -12907.06627818027
Edge derivatives =  [0.04724386631944699, 0.12007574601827176, -0.23468623436168737, -0.19256276116528812, -0.24996077837537384, 0.1894178651795622, -0.19256276116527354, 0.0, 0.06927598888044141, 0.04579725692500014, -0.1487578110059939, 0.0010845709869879375, 0.09412347186636942, -0.18792772447866446, -0.009822551711802699, -0.1445098138717409]
other derivatives: [ 1.64200173 -0.47020876  0.18244464 -0.42364263  0.38671715  0.16243575]
Current x array =  [-0.56959298 -0.85804436 -0.53128259  0.54668318 -1.84630847 -1.47173903
 -1.68046263 -1.01007399 -1.12660456 -0.86623139 -3.12873304 -2.80303583
 -0.86623139 -4.60517019 -1.35453521 -1.10751171 -2.4216293  -1.15198134
 -1.48235195 -1.61180244 -1.10717119 -0.98583973]
log likelihood =  -12907.065434429982
Edge derivatives =  [0.06188832203427386, 0.06293169417114883, -0.18650826387559058, -0.2298489501007973, -0.23820192121044959, 0.1936628294765523, -0.22984895010080533, 4.220967526697844e-16, 0.07284268410502016, 0.10373483100104663, -0.09028563470851536, 0.06765176021693109, -0.010195171022167618, -0.19745791525007172, 0.052357781140671356, -0.12610404372750506]
other derivatives: [ 0.90858521 -0.46820787 -0.06748451 -0.36743586  0.44747139  0.13642421]
Current x array =  [-0.56943943 -0.85805803 -0.53122087  0.54648887 -1.84646847 -1.47139239
 -1.68102517 -1.00908923 -1.12706911 -0.86592347 -3.12968531 -2.80245639
 -0.86592347 -4.60517019 -1.35456669 -1.1077754  -2.42329791 -1.15228181
 -1.48157839 -1.61186594 -1.10740306 -0.9858293 ]
log likelihood =  -12907.064259641458
Edge derivatives =  [0.06333790259288985, -0.021126645943231298, -0.11305522049684243, -0.23180641101111055, -0.22094565202524624, 0.19556795407446495, -0.23180641101108576, 0.0, 0.0599118434839816, 0.1447669459652744, -0.014988055838491277, 0.1303954174978012, -0.11925145994851002, -0.1924679988213691, 0.11652898154232488, -0.06962063668727589]
other derivatives: [ 0.04238245 -0.10586518 -0.3263267  -0.11732482  0.343789    0.0854925 ]
Current x array =  [-0.56923076 -0.8582115  -0.53120609  0.54594829 -1.84637375 -1.4704321
 -1.68111179 -1.00787921 -1.12788134 -0.86596125 -3.13126334 -2.80153702
 -0.86596125 -4.60517019 -1.35453119 -1.10800065 -2.42553943 -1.15261403
 -1.48081093 -1.61212019 -1.10766254 -0.98605174]
log likelihood =  -12907.063224939255
Edge derivatives =  [0.04618657537148799, -0.09859477321635168, -0.05176352760472636, -0.16226289431314134, -0.20605961467263229, 0.18983286825116388, -0.16226289431311533, 1.7877121012054813e-16, 0.026597137786435993, 0.12858799626123774, 0.04455398377926312, 0.1394109348422796, -0.15797750129297572, -0.17578976727127238, 0.12579576071819173, -0.01570598457807447]
other derivatives: [-0.41327439  0.22937456 -0.38580765  0.11314114  0.11805241  0.02783054]
Current x array =  [-0.56910594 -0.85830207 -0.53127462  0.54550621 -1.84593098 -1.4691594
 -1.68053862 -1.00703177 -1.12869292 -0.86660223 -3.13301112 -2.80054597
 -0.86660223 -4.60517019 -1.35441545 -1.10802615 -2.42756258 -1.15275476
 -1.4806422  -1.61246426 -1.10772563 -0.98639536]
log likelihood =  -12907.06226128991
Edge derivatives =  [0.02798797970182429, -0.15150000756106274, 0.002474012287964486, -0.012103079307665236, -0.19174187753129135, 0.17513355126385674, -0.012103079307663855, 2.886571165431665e-16, -0.013004321799412175, 0.06202524676374055, 0.09436704695806906, 0.09081057190258238, -0.10540279363967134, -0.132520262770622, 0.07645051195107419, 0.029818111155983873]
other derivatives: [-0.45474735  0.35161065 -0.23137545  0.17553248 -0.07603376 -0.02546585]
Current x array =  [-0.56907857 -0.85825597 -0.53141133  0.54541411 -1.84531579 -1.46784395
 -1.67968913 -1.00664701 -1.12943908 -0.8678092  -3.13513478 -2.79931132
 -0.8678092  -4.60517019 -1.3542722  -1.10784452 -2.42955911 -1.1526354
 -1.48117411 -1.61297137 -1.1075287  -0.98678958]
log likelihood =  -12907.061664307235
Edge derivatives =  [-0.01403639580783135, -0.15899253920851952, 0.04285462295861693, 0.04613632454413004, -0.17297360276853357, 0.14600667841967943, 0.0461363245441409, 0.0, -0.031880111672042105, -0.02838824077541069, 0.12650672942733862, 0.003204984920335408, -0.04584573024047346, -0.0226692997679111, 0.007528947429647541, 0.04369082199712145]
other derivatives: [-0.26120688 -0.84437488  0.03892637  0.2575689   0.14078978 -0.07603376]
Current x array =  [-0.56913711 -0.85751463 -0.53157701  0.54498957 -1.84535784 -1.46623752
 -1.67824446 -1.0070861  -1.1302227  -0.86826673 -3.13836127 -2.79730041
 -0.86826673 -4.60517019 -1.35433156 -1.10755745 -2.43124955 -1.15231079
 -1.48167655 -1.61410852 -1.10727017 -0.98708199]
log likelihood =  -12907.061155254014
Edge derivatives =  [-0.012762625951324574, -0.1111403501550648, 0.043965319123631316, 0.09199583505860842, -0.16569365454481277, 0.13688987936174243, 0.09199583505861406, 0.0, -0.01122170146576816, -0.058325562116990914, 0.12154381839962002, -0.05282770821109779, 0.06193880340158957, 0.0281027765013242, -0.03879672297305192, 0.04494402883805316]
other derivatives: [-0.01527951 -0.2752131   0.0865839   0.1196895   0.07894414 -0.07767085]
Current x array =  [-0.56917339 -0.85782112 -0.53158148  0.54539293 -1.84520722 -1.46613668
 -1.67777047 -1.00780962 -1.13008973 -0.8685861  -3.13919202 -2.79675871
 -0.8685861  -4.60517019 -1.35436743 -1.10735038 -2.43121904 -1.15201859
 -1.48239505 -1.61435968 -1.10700975 -0.98708933]
log likelihood =  -12907.060769520256
Edge derivatives =  [-0.015029411822997718, -0.052397016397731366, 0.03656164570884188, 0.07182986500481582, -0.15529459905294768, 0.12403016709332738, 0.07182986500483621, 1.579443720745161e-16, 0.017131664042670594, -0.06773930103486314, 0.11255111421680135, -0.09416645032946198, 0.12970350624340066, 0.08077772931433036, -0.07185296744856862, 0.01966186605259966]
other derivatives: [ 0.17043931 -0.01091394  0.07094059 -0.03710738  0.07494236 -0.07657945]
Current x array =  [-0.56921366 -0.85798058 -0.53155198  0.54578696 -1.84520232 -1.46611529
 -1.67734728 -1.00868867 -1.12993129 -0.86843744 -3.14045341 -2.79586914
 -0.86843744 -4.60517019 -1.35446314 -1.1072399  -2.43106456 -1.15180402
 -1.48279612 -1.61468284 -1.10683202 -0.98695776]
log likelihood =  -12907.06027252828
Edge derivatives =  [-0.02619885044948629, 0.013667569687193792, 0.023469059483539993, -0.001937632547159139, -0.13472778036694316, 0.10168192954503572, -0.0019376325471482658, -6.128914973887799e-17, 0.04218619374329803, -0.054434023853318636, 0.11033252253542288, -0.10900875374058389, 0.1454496862673343, 0.12749123503844495, -0.08662794651553052, -0.026192913222705443]
other derivatives: [ 0.29795046  0.15807018  0.19572326 -0.18426363  0.03237801 -0.07930794]
Current x array =  [-0.56924407 -0.85807878 -0.53158495  0.54614061 -1.84515207 -1.4659883
 -1.6768115  -1.00974293 -1.12984392 -0.8679739  -3.14306833 -2.79403222
 -0.8679739  -4.60517019 -1.35457154 -1.10726552 -2.43117244 -1.15176099
 -1.48283413 -1.61507456 -1.10678143 -0.9867414 ]
log likelihood =  -12907.060417076973
Edge derivatives =  [-0.05751205666943145, 0.15332023000978492, 0.012671220245559943, -0.05584964115373857, -0.09062091897517949, 0.05680980369016402, -0.05584964115372653, 2.979660907215309e-17, 0.08353269341575932, -0.03949949962653432, 0.07588030573744248, -0.13638056184113442, 0.19140120202210575, 0.2132938446540028, -0.09433640675547267, -0.03740916447740534]
other derivatives: [-0.08349161  0.12187229 -1.90048013 -0.01236913 -0.21755113 -0.07457857]
Current x array =  [-0.56921513 -0.85803231 -0.53080614  0.54607082 -1.8449301  -1.465696
 -1.67513681 -1.0121304  -1.12968652 -0.86772273 -3.14813454 -2.79046579
 -0.86772273 -4.60517019 -1.35459446 -1.10722692 -2.4301792  -1.1518019
 -1.48302264 -1.61561344 -1.10681861 -0.98671945]
log likelihood =  -12907.060016065905
Edge derivatives =  [-0.0401035585088966, 0.07580855202864914, 0.018670227582849, -0.02587824924109318, -0.11506425601244852, 0.08179237879481198, -0.02587824924108112, -6.064845086603145e-17, 0.060576696051190315, -0.047771100516983966, 0.09503568310045676, -0.12114429128931471, 0.16588140898116313, 0.16562892123917572, -0.09004064610004162, -0.03116334140442644]
other derivatives: [ 0.12860255  0.14224497 -0.73487172 -0.10768417 -0.07858034 -0.07694325]
Current x array =  [-0.56923121 -0.85805813 -0.53123887  0.5461096  -1.84505343 -1.46585841
 -1.67606732 -1.01080385 -1.12977397 -0.86786229 -3.1453196  -2.79244741
 -0.86786229 -4.60517019 -1.35458173 -1.10724837 -2.43073108 -1.15177917
 -1.4829179  -1.61531402 -1.10679795 -0.98673164]
log likelihood =  -12907.059548732745
Edge derivatives =  [-0.05566878620931609, 0.11889456359481176, 0.010281605433281119, -0.11234466109543893, -0.0901043588090481, 0.05796267577583397, -0.11234466109544072, 0.0, 0.062243248808419846, -0.005152307204464357, 0.10159635862471975, -0.07470183057752855, 0.0919663641449716, 0.16769289653570352, -0.05606899440099324, -0.05874804031726135]
other derivatives: [ 0.13315002  0.18080755 -0.26193447 -0.120599   -0.09058567 -0.07876224]
Current x array =  [-0.56922124 -0.8580686  -0.53142883  0.54609105 -1.84506051 -1.46569175
 -1.67565025 -1.01152048 -1.1298536  -0.86732486 -3.14857202 -2.79016957
 -0.86732486 -4.60517019 -1.35460825 -1.10746063 -2.43099688 -1.15206804
 -1.482367   -1.61550323 -1.10701541 -0.9866015 ]
log likelihood =  -12907.0591659003
Edge derivatives =  [-0.06455957241279532, 0.13800327620048836, 0.00376642117791559, -0.1228476506113061, -0.07101793738820983, 0.040233427820836366, -0.122847650611306, 6.975423644482583e-16, 0.04362569568590084, 0.0306055087878514, 0.09870264770050843, -0.009981131094175354, 0.00868767664054762, 0.11966652081549956, -0.0070376939224949045, -0.047235825734393194]
other derivatives: [-0.22646418  0.10950316 -0.00909495 -0.08112693 -0.06002665 -0.06675691]
Current x array =  [-0.56913966 -0.858036   -0.5315411   0.5459341  -1.84510315 -1.4657847
 -1.67546159 -1.01182153 -1.12987615 -0.86726731 -3.15107542 -2.78841293
 -0.86726731 -4.60517019 -1.35448916 -1.10764344 -2.43080655 -1.15245423
 -1.48181666 -1.61524017 -1.10730303 -0.9866532 ]
log likelihood =  -12907.059143597664
Edge derivatives =  [-0.06343727997544076, 0.13307561406494137, 0.023522514373236485, -0.08073524672247674, -0.03772729096722943, 0.01878644580743916, -0.08073524672247792, 0.0, 0.010619469340813481, 0.1133957840169938, 0.10775972198443158, 0.12835655716091168, -0.14523518773582955, 0.020605310436990876, 0.10978014560364496, 0.029298415527273684]
other derivatives: [ 1.51485438  0.26011548  0.07930794  0.23919711  0.00327418 -0.05838956]
Current x array =  [-0.56945987 -0.85800798 -0.53156764  0.54535404 -1.84519297 -1.46593811
 -1.67543622 -1.01161017 -1.13007425 -0.86746507 -3.15493558 -2.78574919
 -0.86746507 -4.60517019 -1.35419566 -1.10795074 -2.43064942 -1.15319173
 -1.48072819 -1.6145607  -1.10786516 -0.98690787]
log likelihood =  -12907.058978126486
Edge derivatives =  [-0.06398359854420305, 0.13546307670192784, 0.013952248902044273, -0.10113129961701264, -0.053814439016013516, 0.029196575596738064, -0.10113129961701259, 0.0, 0.026611052954132033, 0.07331194083698989, 0.10337404718993948, 0.06138330577681358, -0.07067733889185245, 0.06858006618233908, 0.0532141326632077, -0.007766138452075848]
other derivatives: [ 0.67193469  0.18717401  0.03674359  0.08421921 -0.02710294 -0.06220944]
Current x array =  [-0.5693048  -0.85802155 -0.53155479  0.54563494 -1.84514947 -1.46586382
 -1.67544851 -1.01171252 -1.12997832 -0.8673693  -3.15306623 -2.78703916
 -0.8673693  -4.60517019 -1.35433779 -1.10780192 -2.43072551 -1.15283458
 -1.4812553  -1.61488975 -1.10759294 -0.98678454]
log likelihood =  -12907.05874844194
Edge derivatives =  [-0.06499941104365009, 0.13215646159712688, 0.0068227547049482225, -0.03446872587999261, -0.043627322228259824, 0.01754699570269811, -0.03446872587998621, 1.1157475966535198e-16, -0.004933032426869849, 0.07908490445414718, 0.09055299245642852, 0.10578566166235463, -0.11920706894404784, -0.004425833115931144, 0.08382852372716504, 0.025058308228932763]
other derivatives: [-0.21336746  0.05547918  0.08385541  0.08749339  0.00800355 -0.04129106]
Current x array =  [-0.56912432 -0.85798522 -0.53159329  0.54553551 -1.84514613 -1.4661893
 -1.6755046  -1.01163912 -1.12991725 -0.86782206 -3.15455617 -2.78600119
 -0.86782206 -4.60517019 -1.35412535 -1.10784946 -2.43020514 -1.15311749
 -1.48101461 -1.61434032 -1.10778471 -0.98695927]
log likelihood =  -12907.058655227538
Edge derivatives =  [-0.061405928436926986, 0.12863930689516379, 0.0002072355735233183, 0.006004512079524765, -0.04439490294795001, 0.016159234282022865, 0.0060045120795141, 0.0, -0.012807660036975047, 0.06812586166677848, 0.07887945635481419, 0.10173559647886617, -0.10644846741443925, -0.0281793280714433, 0.07832900600905995, 0.034781174176106995]
other derivatives: [-0.21354936  0.02310117  0.0351065   0.05748007  0.02182787 -0.03110472]
Current x array =  [-0.5691287  -0.85797805 -0.53156582  0.54560403 -1.84513197 -1.46643194
 -1.67562213 -1.01154555 -1.1298096  -0.86807723 -3.15454674 -2.78600499
 -0.86807723 -4.60517019 -1.35405166 -1.10778357 -2.42980973 -1.15310077
 -1.48113554 -1.61409652 -1.10775995 -0.98700913]
log likelihood =  -12907.058341509532
Edge derivatives =  [-0.059308119688924965, 0.07922907605781848, -0.028958597188433854, 0.04049517239497697, -0.038757076688370085, -0.0003763730198604043, 0.040495172394969824, 2.281283884986944e-16, -0.02943969120995138, 0.018386926903271927, 0.0367850450675951, 0.04583252109523113, -0.07114072872345473, -0.07803011021150874, 0.025483247682013876, 0.005405746160695404]
other derivatives: [-0.12769306 -0.05275069  0.02291927  0.02437446 -0.08094503 -0.0170985 ]
Current x array =  [-0.56916037 -0.85796129 -0.53154381  0.54571763 -1.84498876 -1.46721636
 -1.67628784 -1.01068666 -1.12960763 -0.8683147  -3.15590783 -2.7851288
 -0.8683147  -4.60517019 -1.35392086 -1.10749053 -2.42865892 -1.15283768
 -1.48144434 -1.61358712 -1.10754058 -0.98691425]
log likelihood =  -12907.058254407631
Edge derivatives =  [-0.009246617402548382, -0.007750617927755721, 0.019576054861941493, 0.09152713507721685, -0.014834771505583821, -0.012617340861989651, 0.09152713507721351, 2.6226383526039544e-16, 0.01859657662408433, 0.032653697971495754, 0.006693425011517651, 0.022195808846472324, 0.007733405329546722, -0.07010809343760926, 0.02732512217603312, 0.0386548584429643]
other derivatives: [-0.11386874  0.1891749  -0.28012437 -0.14879333  0.35797711  0.00163709]
Current x array =  [-0.56916038 -0.85821937 -0.53136629  0.54598738 -1.84583439 -1.46848943
 -1.67802977 -1.0085835  -1.12968457 -0.86820323 -3.15857733 -2.78358554
 -0.86820323 -4.60517019 -1.35392473 -1.10719576 -2.42737344 -1.15251549
 -1.48176594 -1.61326739 -1.10735254 -0.9868198 ]
log likelihood =  -12907.058072767155
Edge derivatives =  [-0.03697056163271362, -0.008246118079358183, -0.022370225141351188, 0.015864532572953782, -0.016158591594072125, -0.025147306732439575, 0.015864532572968118, 4.61769903007856e-16, -0.004503518578796495, -0.016605921277106472, -0.006178277908766405, -0.023611722643347162, 0.005989488958683037, -0.05063526705473875, -0.02336576799902415, -0.022107746137418893]
other derivatives: [ 0.08003553 -0.25574991  0.0178261  -0.06511982  0.08039933 -0.00381988]
Current x array =  [-0.56921776 -0.8579116  -0.53151044  0.54583939 -1.84534946 -1.46832724
 -1.67779156 -1.00890055 -1.12969507 -0.86793565 -3.15927923 -2.78313894
 -0.86793565 -4.60517019 -1.35395948 -1.10710988 -2.42742328 -1.1523971
 -1.4818471  -1.61361544 -1.1072538  -0.98672145]
log likelihood =  -12907.058042387567
Edge derivatives =  [-0.03605622091584605, -0.00896346113970986, -0.01694790267947768, -0.001726854546100609, -0.016142179714718707, -0.021609749124036542, -0.001726854546126276, 0.0, -0.003294248361630059, -0.011005200875114696, 0.0003328741080820541, -0.017171461443514863, -0.0003544098243371818, -0.03956101901131237, -0.016796678232386508, -0.017806139973478033]
other derivatives: [ 0.00782165  0.0851287   0.03110472  0.02037268 -0.03983587 -0.00927685]
Current x array =  [-0.56918599 -0.85807737 -0.53153402  0.54572137 -1.8452184  -1.46823197
 -1.6777988  -1.00888871 -1.12975786 -0.8678691  -3.15912366 -2.78328044
 -0.8678691  -4.60517019 -1.35397322 -1.10714075 -2.42759498 -1.15242967
 -1.48178371 -1.61372237 -1.10728426 -0.98673778]
log likelihood =  -12907.058033161346
Edge derivatives =  [-0.032919009345521805, -0.01330461130850269, -0.0117183835198874, -0.0061774749796824485, -0.014824189572570201, -0.021373854487579058, -0.006177474979681352, 7.90097452981331e-16, 0.0005420827614616153, -0.007291541489479636, 0.001765861933696919, -0.014797866305984534, 0.0008039894596618274, -0.031813514143744115, -0.01323189700958767, -0.015511574600103821]
other derivatives: [ 0.00854925  0.02291927  0.01455192  0.00727596  0.00291038 -0.00909495]
Current x array =  [-0.56918842 -0.85804757 -0.53152599  0.54572813 -1.84528316 -1.46825798
 -1.67790662 -1.00878425 -1.12979859 -0.86781116 -3.15925644 -2.78322898
 -0.86781116 -4.60517019 -1.35399    -1.10714619 -2.42762248 -1.15242977
 -1.48177233 -1.6137826  -1.10729216 -0.98673689]
      fun: 12907.058033161346
 hess_inv: <22x22 LbfgsInvHessProduct with dtype=float64>
      jac: array([-8.54925020e-03, -2.29192665e-02, -1.45519152e-02, -7.27595761e-03,
       -2.91038305e-03,  9.09494702e-03,  3.29190093e-02,  1.33046113e-02,
        1.17183835e-02,  6.17747498e-03,  1.48241896e-02,  2.13738545e-02,
        6.17747498e-03, -7.90097453e-16, -5.42082761e-04,  7.29154149e-03,
       -1.76586193e-03,  1.47978663e-02, -8.03989460e-04,  3.18135141e-02,
        1.32318970e-02,  1.55115746e-02])
  message: b'CONVERGENCE: REL_REDUCTION_OF_F_<=_FACTR*EPSMCH'
     nfev: 64
      nit: 58
   status: 0
  success: True
        x: array([-0.56918842, -0.85804757, -0.53152599,  0.54572813, -1.84528316,
       -1.46825798, -1.67790662, -1.00878425, -1.12979859, -0.86781116,
       -3.15925644, -2.78322898, -0.86781116, -4.60517019, -1.35399   ,
       -1.10714619, -2.42762248, -1.15242977, -1.48177233, -1.6137826 ,
       -1.10729216, -0.98673689])
