number of sites to be analyzed:  141
log likelihood =  1752.3542520397687
Lr derivatives =  [-43.95599593264879, -119.2126352538786, -73.27208661556855]
other derivatives =  [ 52.81985977 -18.22343165  10.93599167  -8.34536422  92.63956144
  -1.70975909]
Current x_clock array =  [-0.53233183 -0.59652034 -0.84767976  0.74193734 -0.10536052 -0.51082562
 -0.51082562 -0.51082562 -0.51082562]
log likelihood =  1732.2412263827728
Lr derivatives =  [17.891388688947508, -81.11004230124564, -59.81849498221657]
other derivatives =  [-202.85824576   -8.56139195  -18.88734005  -10.25291567   63.2680667
    1.7118964 ]
Current x_clock array =  [-0.98698096 -0.59181615 -0.94181176  0.81377041 -0.90275937 -0.4961088
 -0.13247257 -0.50642867 -0.50642867]
log likelihood =  1660.013505003675
Lr derivatives =  [61.778446272334804, -33.17826683578387, -20.87745533545919]
other derivatives =  [-99.85503766   2.66020379 -21.17656095  -2.82568635  63.13102858
   6.7310566 ]
Current x_clock array =  [-0.72618811 -0.56543587 -0.92505109  0.84071668 -1.12045266 -0.49672998
 -0.10636439 -0.29518015 -0.36042052]
log likelihood =  1621.8258602093968
Lr derivatives =  [21.08110900114282, -23.915109438951532, 1.5995126489529312]
other derivatives =  [246.90900773  -5.34948867   0.90856247  10.69095106  28.13706033
   7.36520178]
Current x_clock array =  [-0.37965096 -0.56296361 -0.84813896  0.88601853 -1.806644   -0.52806623
 -0.29048094 -0.00620601 -0.18056054]
log likelihood =  1599.2079709994823
Lr derivatives =  [18.539110349978287, -22.529629855150468, -0.5780808148290639]
other derivatives =  [-18.85143774  -2.69997145  -6.62421371  15.02125997   6.12801614
   5.50894583]
Current x_clock array =  [-0.57563279 -0.56171262 -0.86302327  0.90958275 -2.16267981 -0.53193987
 -0.20581374  0.         -0.17508207]
log likelihood =  1598.0976576588666
Lr derivatives =  [10.53419532983018, -27.18648145702922, -1.947246000356965]
other derivatives =  [-6.29099759 -3.09362349 -2.38896973 15.72159363  2.33792434  5.35153504]
Current x_clock array =  [-0.5599746  -0.56029064 -0.85231444  0.89751597 -2.1906838  -0.53897832
 -0.24096014  0.         -0.16950487]
log likelihood =  1596.7148799653683
Lr derivatives =  [-0.06386989054512782, -33.335238698011935, -2.0742447833681936]
other derivatives =  [12.20628292  1.30276021  3.19296305 14.32313184 -0.69712769  5.08389348]
Current x_clock array =  [-0.53981532 -0.5503427  -0.83937073  0.83626336 -2.19075889 -0.56221
 -0.31037586  0.         -0.15607275]
log likelihood =  1595.633091074736
Lr derivatives =  [-6.601731380233797, -36.95194582072446, -0.5273737861961294]
other derivatives =  [15.67050276  0.55713372  4.93150765 10.9201892  -1.52726898  4.76150035]
Current x_clock array =  [-0.53647251 -0.55055537 -0.83801902  0.74793799 -2.17571327 -0.59436803
 -0.36370488  0.         -0.14319033]
log likelihood =  1594.2038678495019
Lr derivatives =  [-7.409573329250552, -37.52283205098328, -1.8971790349218267]
other derivatives =  [ 7.00488272 12.07117748  1.21642643  2.42757778 -0.85155989  3.77908691]
Current x_clock array =  [-0.5440618  -0.53371339 -0.85436469  0.56412681 -2.18230578 -0.67532413
 -0.38673451  0.         -0.14573834]
log likelihood =  1594.4813371463983
Lr derivatives =  [-5.533871016836411, -35.740211217116894, 1.392120612162472]
other derivatives =  [  1.21667654 -27.25237209  -0.27566784  -3.3305696   -0.73387127
   3.13223154]
Current x_clock array =  [-0.55070826 -0.60846538 -0.8579092   0.42285287 -2.21620472 -0.76013087
 -0.36688392  0.         -0.1359465 ]
log likelihood =  1593.8412743394642
Lr derivatives =  [-6.731167598824584, -36.835667981347804, -0.5817369746308394]
other derivatives =  [ 4.52018867 -5.84498139  0.61004357 -0.03128662 -0.8367806   3.50514711]
Current x_clock array =  [-0.54685745 -0.56515571 -0.85585559  0.5047039  -2.19656441 -0.7109957
 -0.37838492  0.         -0.14161968]
log likelihood =  1593.6349574275312
Lr derivatives =  [-1.9976887183319576, -33.940142310401654, -0.17870162127543665]
other derivatives =  [-1.09671419 -1.86207672 -1.15142029 -1.2116061  -0.1440867   3.26947429]
Current x_clock array =  [-0.5524982  -0.55987698 -0.8590067   0.48203687 -2.21479562 -0.73358303
 -0.34979181  0.         -0.14374379]
log likelihood =  1593.5628437678972
Lr derivatives =  [0.7206576589568598, -32.23685882716373, 0.16452972436787228]
other derivatives =  [-2.18160494 -0.08556071 -1.14537215 -1.54534519  0.15988917  3.06042693]
Current x_clock array =  [-0.55359026 -0.55771376 -0.85651604  0.47576608 -2.22741107 -0.75437843
 -0.33144742  0.         -0.14435311]
log likelihood =  1593.4774733573954
Lr derivatives =  [2.407677379507991, -31.139790290582166, 0.16980953476100602]
other derivatives =  [-1.57897375  0.96106305 -0.33121523 -1.67442522  0.14929356  2.69737939]
Current x_clock array =  [-0.55286253 -0.55652795 -0.85150089  0.47222529 -2.23972272 -0.79119182
 -0.3177768   0.         -0.14475803]
log likelihood =  1593.2932077514592
Lr derivatives =  [3.674426461832528, -30.124250679057734, 0.10956747242792453]
other derivatives =  [ 0.16716513  1.94329459  0.20559128 -1.44225396 -0.38585313  1.81166797]
Current x_clock array =  [-0.55073936 -0.55537753 -0.84735718  0.47397437 -2.25732106 -0.89082512
 -0.30471525  0.         -0.14301751]
log likelihood =  1593.0655072476645
Lr derivatives =  [3.814633904023207, -29.82043355393309, -0.19110036578140033]
other derivatives =  [-2.14804459  2.23201368  3.1913487  -1.17645413  0.9487394   0.71029262]
Current x_clock array =  [-0.55374748 -0.55528845 -0.83559468  0.48774111 -2.22037469 -1.06152319
 -0.31336344  0.         -0.13970022]
log likelihood =  1593.279020600717
Lr derivatives =  [5.467784069750291, -28.136431221353096, 2.500843452845764]
other derivatives =  [15.11625669  1.41426426 -9.34237505 -0.56802492  2.69376415 -0.214186  ]
Current x_clock array =  [-0.53629189 -0.55638085 -0.88467747  0.50927846 -2.18279293 -1.26986167
 -0.32932491  0.         -0.12636372]
log likelihood =  1593.0025995436893
Lr derivatives =  [4.326554748808196, -29.29870899118639, 0.6098833326860511]
other derivatives =  [ 3.24882876  1.9739673  -0.97832071 -0.97820703  1.49616426  0.36734491]
Current x_clock array =  [-0.5481833  -0.55563667 -0.85124041  0.4946064  -2.20839506 -1.12793358
 -0.31845135  0.         -0.13544905]
log likelihood =  1592.943267177927
Lr derivatives =  [1.995290775257672, -30.582582755680946, 0.1003476065539477]
other derivatives =  [-1.43916168  0.78734956 -0.81884082 -0.23562734  0.91579295  0.10011263]
Current x_clock array =  [-0.55305333 -0.55700698 -0.85199176  0.50911888 -2.19797487 -1.1856996
 -0.33263581  0.         -0.13347951]
log likelihood =  1592.930459142718
Lr derivatives =  [0.15480673966193947, -31.647824048572282, -0.2539315958098953]
other derivatives =  [-0.12773853  0.0817181   0.08899406 -0.12748842  0.44378794  0.01439275]
Current x_clock array =  [-0.55158352 -0.557694   -0.84974493  0.50888953 -2.19618356 -1.208117
 -0.34235     0.         -0.1325162 ]
log likelihood =  1592.9287573753015
Lr derivatives =  [-0.03199011408513286, -31.70417190891281, -0.03524374526259422]
other derivatives =  [-0.21789219 -0.08624284 -0.03274181  0.00579803  0.11298198  0.00741238]
Current x_clock array =  [-0.55156297 -0.55789278 -0.85021087  0.51025096 -2.20149731 -1.20945568
 -0.34186921  0.         -0.13156045]
log likelihood =  1592.9285500237934
Lr derivatives =  [-0.015390551753469595, -31.688124308524703, -0.049057372118536335]
other derivatives =  [ 0.10636541 -0.03378773  0.01045919  0.00784439 -0.00877662  0.00559339]
Current x_clock array =  [-0.55116971 -0.55779979 -0.84997384  0.50962117 -2.20447295 -1.20901039
 -0.34089434  0.         -0.13161415]
log likelihood =  1592.9285356153903
Lr derivatives =  [-0.004807394812466725, -31.67252295869809, 0.010172073459525421]
other derivatives =  [ 6.20730134e-03  1.75759851e-02 -6.82121026e-05  8.34461389e-03
 -1.72803993e-03  2.97859515e-03]
Current x_clock array =  [-0.55127523 -0.55771697 -0.85000777  0.50970661 -2.2043146  -1.20996502
 -0.34095147  0.         -0.13141075]
log likelihood =  1592.928534014653
Lr derivatives =  [-0.0006882856535881388, -31.66993194709806, 0.004663688854233072]
other derivatives =  [ 3.41060513e-03  2.00088834e-03  1.45519152e-03  6.23003871e-03
 -2.27373675e-05  1.31876732e-03]
Current x_clock array =  [-0.55127891 -0.55774594 -0.84999712  0.50965921 -2.20430475 -1.21033302
 -0.3409269   0.         -0.1314239 ]
      fun: 1592.928534014653
 hess_inv: <9x9 LbfgsInvHessProduct with dtype=float64>
      jac: array([ 3.41060513e-03,  2.00088834e-03,  1.45519152e-03,  6.23003871e-03,
       -2.27373675e-05,  1.31876732e-03, -6.88285654e-04, -3.16699319e+01,
        4.66368885e-03])
  message: b'CONVERGENCE: REL_REDUCTION_OF_F_<=_FACTR*EPSMCH'
     nfev: 24
      nit: 21
   status: 0
  success: True
        x: array([-0.55127891, -0.55774594, -0.84999712,  0.50965921, -2.20430475,
       -1.21033302, -0.3409269 ,  0.        , -0.1314239 ])
