number of sites to be analyzed:  211
log likelihood =  -3802.829838203322
Edge derivatives =  [78.12510194375037, 22.021691873672985, 57.05384375060248, 114.4547945777867, 75.33992791042107, 91.54094413060713]
other derivatives: [-1.88720151e-02  3.06469246e+01 -4.21782261e+01  2.04463959e+01
 -1.72112732e+02  3.79031917e+01]
Current x array =  [-0.6689556  -0.69546289 -0.51623836  0.74193734 -0.10536052 -0.51082562
 -4.60517019 -4.60517019 -4.60517019 -4.60517019 -4.60517019 -4.60517019]
log likelihood =  -3564.092702121089
Edge derivatives =  [75.36160971196054, 20.864966638075426, 54.279934460348336, 116.35407415312105, 72.2108369878563, 92.25637983809268]
other derivatives: [  33.82174327   39.21950338   13.74364729    0.36461643 -114.79196473
   32.80147212]
Current x array =  [-0.66902751 -0.69300344 -0.67695253  0.81984545 -0.76117176 -0.48220668
 -4.30748552 -4.52125964 -4.38777458 -4.16905636 -4.31809804 -4.25636635]
log likelihood =  -4759.12809698554
Edge derivatives =  [-42.70544979923926, -3.6102372721126432, -22.69682420659938, -76.18179072163214, -63.19102317270073, -120.03479976192784]
other derivatives: [-10425.2408164  -15904.28264535   -169.47178665    305.21296139
     69.01418601     49.85777196]
Current x array =  [-0.05       -0.05       -0.35579649  0.89295716 -5.01424235 -0.1949163
 -1.61975395 -3.77594881 -2.44956306 -0.03781838 -1.74129601 -0.9783673 ]
log likelihood =  -3007.556084785879
Edge derivatives =  [62.79104169479777, 13.773063053350082, 38.35598471696089, 97.8747713247556, 50.988786502075975, 79.2138951930605]
other derivatives: [-523.89459597  -17.99653546  -72.34857549  -49.24609129   38.68476597
   15.80010576]
Current x array =  [-0.39111263 -0.40432447 -0.53276824  0.85266925 -2.67060484 -0.35322651
 -3.10081767 -4.18664936 -3.51760676 -2.31432053 -3.16123245 -2.78469555]
log likelihood =  -3467.216609067593
Edge derivatives =  [10.840652869782732, 1.22805221618022, 2.1138713455716966, -89.76673708696545, -14.8529198203964, -57.96455816417846]
other derivatives: [   92.60111256 -5311.11372766    59.25303412   -39.03646757
    97.43189366   -29.71873982]
Current x array =  [-1.16807336 -0.05       -0.46462839  0.78556815 -5.62306199 -0.13574446
 -1.02350524 -3.61927447 -2.03608542  0.88283257 -1.1915119  -0.24431099]
log likelihood =  -2832.553856720775
Edge derivatives =  [48.94684218415061, 7.521193138977168, 21.9614649874811, 30.557230528078712, 27.259853005854968, 40.02641933557171]
other derivatives: [  99.98707355 -496.96186579    8.25411917  -34.67630449   82.94500731
   -4.51982487]
Current x array =  [-0.69063587 -0.26773016 -0.5064999   0.82680135 -3.80879561 -0.26938582
 -2.30000068 -3.96792278 -2.94647098 -1.08179793 -2.40189281 -1.80536135]
log likelihood =  -2750.8767858361616
Edge derivatives =  [50.00277357473475, 6.326899325248936, 21.62282712476449, 23.68820858626889, 26.156887257097477, 34.09273940390748]
other derivatives: [140.98986867 -66.30266398  41.74626156 -32.66268322  87.67565305
 -14.58265615]
Current x array =  [-0.76007464 -0.57873328 -0.53938967  0.806772   -4.10248414 -0.24913918
 -2.04102347 -3.90108066 -2.77036309 -0.71732095 -2.16944178 -1.50457666]
log likelihood =  -2716.622749134399
Edge derivatives =  [44.095239656448, 4.785446464712956, 17.796993016236378, 3.7569140798190794, 19.27954501299539, 17.454128730838406]
other derivatives: [ 38.43815648 -52.44191925 -46.08832569 -16.94875209  85.73279047
 -24.6295258 ]
Current x array =  [-0.68877128 -0.64307474 -0.42038871  0.73827934 -4.24862531 -0.23715395
 -1.77142044 -3.83548447 -2.5937864  -0.349045   -1.93657255 -1.19685587]
log likelihood =  -2678.853764562024
Edge derivatives =  [38.01149183689543, 3.737050857894742, 14.641294291286735, -7.067211791890737, 14.404925733163232, 7.448196617949283]
other derivatives: [-62.50024853 -17.23769856 -12.69540917  -8.37603693  76.25371836
 -26.55469871]
Current x array =  [-0.60355398 -0.73589161 -0.46257145  0.65374585 -4.03404564 -0.29011786
 -1.56471989 -3.80079034 -2.48735681 -0.20531186 -1.8065718  -1.04170379]
log likelihood =  -2627.4150011607667
Edge derivatives =  [28.61451163582282, 2.3994871735742302, 10.190068793618801, -19.761993088072657, 10.11348590387778, -1.2498977670839768]
other derivatives: [-193.7360139    59.20724107  -47.56157068   18.17193152   27.8601874
  -22.92349564]
Current x array =  [-0.52460212 -0.92803109 -0.44774885  0.46971479 -3.13742631 -0.46504522
 -1.27344517 -3.7789568  -2.38833797 -0.24860089 -1.70918979 -0.96657021]
log likelihood =  -2605.1232769993176
Edge derivatives =  [20.57243284851022, 1.6540041370092577, 7.812075585878783, -20.0896047159878, 7.233993046854593, -4.681266248301024]
other derivatives: [-77.69713193  76.56708476  24.66736078  16.98372216   3.52447387
 -17.67893991]
Current x array =  [-0.59216212 -0.95910886 -0.51940708  0.46904362 -2.76441989 -0.57773217
 -1.13478453 -3.77463601 -2.35337298 -0.36978657 -1.68054815 -0.98112591]
log likelihood =  -2593.263376587579
Edge derivatives =  [19.193104175089868, 1.4798625845734463, 8.195060755665418, -8.818304848686783, 8.752842403936187, -0.8199915530354736]
other derivatives: [  8.76061677  62.11766959  16.12502274  12.76371222  -2.502793
 -12.9509317 ]
Current x array =  [-0.66199603 -0.89702817 -0.50549622  0.5215971  -2.60704112 -0.65051218
 -1.09583669 -3.78234857 -2.35984523 -0.52491184 -1.69971635 -1.05130612]
log likelihood =  -2585.6194632569104
Edge derivatives =  [11.149077771974072, 0.9131417027190618, 6.652473179196401, -7.015558282538226, 5.968793142198672, -4.298878292105802]
other derivatives: [ 49.19038474  26.2813046   18.4784767    7.1073373   -5.48598109
 -10.45191311]
Current x array =  [-0.70754405 -0.80788232 -0.49418135  0.58674487 -2.56553987 -0.73133686
 -0.95421082 -3.76667839 -2.29921304 -0.56299806 -1.63203156 -1.02483904]
log likelihood =  -2582.285347400415
Edge derivatives =  [3.9633788788080553, 0.5248199315323419, 5.452039316903121, -5.8920348790470936, 3.7214023389222994, -6.446237710531843]
other derivatives: [42.09550752 -7.58536771  2.35459083  4.39717951 -7.38818926 -8.3557552 ]
Current x array =  [-0.7082746  -0.74514651 -0.47021314  0.63501333 -2.55326524 -0.80414622
 -0.84339012 -3.75353927 -2.24316888 -0.59127733 -1.57367258 -1.01509966]
log likelihood =  -2580.593642194213
Edge derivatives =  [0.47890421852652154, 0.3777859529388261, 4.90348877468956, -5.029306912954582, 2.559917788819379, -6.469159997154677]
other derivatives: [ 17.5990408  -19.77782631   0.05570655   2.71388672  -5.37265805
  -6.96322786]
Current x array =  [-0.68594528 -0.73058125 -0.46577271  0.66176835 -2.585031   -0.85168557
 -0.79023092 -3.74535113 -2.20262649 -0.60271503 -1.53610161 -1.02148827]
log likelihood =  -2579.2652781044144
Edge derivatives =  [-2.4543269710154814, 0.2803765297143098, 4.5541264548251785, -3.100807533425167, 1.8621819980000691, -5.140257747717391]
other derivatives: [-16.87435542 -17.70572453  -3.65471351   1.89784259  -3.56903911
  -5.20203685]
Current x array =  [-0.65435551 -0.74309276 -0.46101318  0.6867865  -2.61720769 -0.91488577
 -0.73897076 -3.73657774 -2.15065163 -0.62264261 -1.49346726 -1.04310794]
log likelihood =  -2578.635426182058
Edge derivatives =  [-3.2401956916202863, 0.2654106074026445, 4.530722989558589, -1.433228988179036, 1.708004437994554, -3.8199466481596325]
other derivatives: [-22.0246875  -12.27726898  -0.86724867   0.5657057   -0.66511348
  -4.17867341]
Current x array =  [-0.64879346 -0.7572532  -0.46078375  0.7065385  -2.65609464 -0.9547657
 -0.71282853 -3.73068053 -2.11428289 -0.63278638 -1.46491987 -1.05812742]
log likelihood =  -2577.7537471748365
Edge derivatives =  [-4.951778308954463, 0.22945762104265666, 4.374956470189313, 1.5043828771727041, 1.2968770836508385, -1.6833791689945463]
other derivatives: [ -7.24630809   0.40727173 -10.28320185  -1.27784006   1.52981556
  -2.31320882]
Current x array =  [-0.66179272 -0.78770009 -0.4438601   0.74681961 -2.69890561 -1.04851662
 -0.65428227 -3.71693413 -2.02436124 -0.65460215 -1.39745048 -1.08612269]
log likelihood =  -2577.4619411749854
Edge derivatives =  [-4.976457678582006, 0.2455330311984062, 4.178973308786184, 2.233192450591546, 0.8401177994832701, -0.3822579561715975]
other derivatives: [-0.96570147  4.72905413  6.77964636 -2.48473953  2.18569767 -1.35996743]
Current x array =  [-0.66524254 -0.79640518 -0.45812086  0.75479759 -2.69961103 -1.08933224
 -0.65716616 -3.71313042 -1.98282791 -0.66666021 -1.37567713 -1.1097864 ]
log likelihood =  -2577.221012454097
Edge derivatives =  [-4.254264616664897, 0.28836293575341276, 3.9708948567223974, 2.192720276081751, 0.5323046126149221, 0.5338869429035258]
other derivatives: [ 3.07900336  6.7900146   6.8742338  -2.2061613   1.7595994  -0.92059054]
Current x array =  [-0.66880804 -0.80007679 -0.45779079  0.75232324 -2.6929626  -1.11760882
 -0.67118482 -3.71040371 -1.94808654 -0.66831939 -1.36043762 -1.12674151]
log likelihood =  -2576.6040154326774
Edge derivatives =  [-0.6427235256781801, 0.4976688138334894, 2.7682426892744667, 0.6158700769329571, -1.040728438587894, 3.054751694253053]
other derivatives: [ 9.89484761  4.60604497  3.77890501 -0.77975528  2.30625119  0.02828529]
Current x array =  [-0.67599012 -0.7952274  -0.45390951  0.73461906 -2.69920456 -1.20897538
 -0.74345644 -3.69896022 -1.81225594 -0.65048447 -1.30683082 -1.17592155]
log likelihood =  -2576.3632721229724
Edge derivatives =  [-0.21705257952564394, 0.5455210841500282, 1.6336482274496276, 0.09355279657762466, -1.726775388456596, 2.6727424967757356]
other derivatives: [ 3.91601134  2.82320798  1.2315013   0.28258    -0.98771125  0.36552592]
Current x array =  [-0.67124691 -0.79107287 -0.45333488  0.72786629 -2.6592254  -1.24944707
 -0.77482135 -3.69116769 -1.73983331 -0.65867769 -1.30288842 -1.17558542]
log likelihood =  -2576.252409824656
Edge derivatives =  [0.12199417503388155, 0.5721580634265699, 1.0794345777111083, 0.03644582604925367, -1.6225421105185918, 1.8939069283990388]
other derivatives: [-1.15387593 -0.22482709 -1.1335942   0.46770765 -1.37497409  0.32882781]
Current x array =  [-0.66709506 -0.78516163 -0.45204889  0.72690755 -2.65425042 -1.25795143
 -0.79102828 -3.68548358 -1.70784358 -0.66145897 -1.31610772 -1.15934086]
log likelihood =  -2576.1735401772976
Edge derivatives =  [0.43135799298295774, 0.5930325495757325, 0.6249953208254001, 0.15120868186571923, -1.1916599420590834, 0.7391693818990195]
other derivatives: [-4.64615368 -2.80042514 -2.42671376  0.30713636 -0.95005817  0.16616468]
Current x array =  [-0.66415542 -0.78043402 -0.45134243  0.72843591 -2.65921843 -1.25756199
 -0.8036137  -3.67856746 -1.68169318 -0.66299243 -1.33861214 -1.13285195]
log likelihood =  -2576.1264321693693
Edge derivatives =  [0.5982428960096794, 0.6037692425026375, 0.30678474356988295, 0.16718017506592442, -0.7575012236426857, -0.09773767459904267]
other derivatives: [-3.69323061 -2.11384759 -1.65941856  0.1420176  -0.5187303   0.02460183]
Current x array =  [-0.66481069 -0.78201587 -0.451834    0.72973219 -2.66588797 -1.25643876
 -0.80928288 -3.67173668 -1.66185808 -0.66124903 -1.35597135 -1.11233386]
log likelihood =  -2576.098003737153
Edge derivatives =  [-0.04269672285050907, 0.5705924220426273, -0.128121547809295, 0.06280692188683445, -0.28624816626241745, -0.3834618784451222]
other derivatives: [-0.39080987 -1.7902039   0.4971298  -0.24683686  0.18608262  0.09331416]
Current x array =  [-0.66773526 -0.78369361 -0.4524468   0.73429156 -2.67844991 -1.26465195
 -0.79781579 -3.65804274 -1.63596344 -0.65800477 -1.36726232 -1.10270615]
log likelihood =  -2576.0917757492666
Edge derivatives =  [-0.07218622412281883, 0.5673857392205277, -0.08655782062589953, -0.016433967592408394, -0.059988497490516705, -0.34573949788270103]
other derivatives: [ 0.22077984  0.09922587  0.0860382  -0.06889422  0.02878551  0.04606591]
Current x array =  [-0.66813258 -0.78725995 -0.45213993  0.73288152 -2.67756981 -1.26135196
 -0.79648251 -3.65466114 -1.63770035 -0.65621012 -1.37208306 -1.10171547]
log likelihood =  -2576.0899187155537
Edge derivatives =  [-0.08795822855455415, 0.5657816681120583, -0.07746881130085541, -0.07197784392620016, 0.010280485220493851, -0.20773009368272166]
other derivatives: [ 0.52314135  0.44287845  0.18226274 -0.0043201   0.01309672  0.05334186]
Current x array =  [-0.66836511 -0.78783943 -0.45225578  0.73206318 -2.67739846 -1.26096271
 -0.79615363 -3.65205015 -1.63813927 -0.65539657 -1.37291248 -1.10384626]
log likelihood =  -2576.085154596263
Edge derivatives =  [-0.1470704385846755, 0.5601787203892474, -0.07349737453102873, -0.1748283064909552, 0.2290701380875078, 0.17483406946931887]
other derivatives: [0.44233275 0.92036316 0.37266545 0.1252829  0.06234586 0.08235475]
Current x array =  [-0.66819217 -0.78862173 -0.45256588  0.73040581 -2.67776489 -1.26018163
 -0.79543875 -3.64153941 -1.63808301 -0.65395619 -1.37613869 -1.10970604]
log likelihood =  -2576.082555089787
Edge derivatives =  [-0.19327451643726468, 0.5486059840812876, -0.01756724035553106, -0.2472336150275351, 0.5935442817464908, 0.5957881818961966]
other derivatives: [ 2.71979843  0.64683263 -2.23144525  0.36216079 -0.10118129  0.05884431]
Current x array =  [-0.67057313 -0.78734527 -0.45025577  0.72819799 -2.67525028 -1.25565028
 -0.7948748  -3.61812718 -1.64055569 -0.65322451 -1.38262878 -1.11592572]
log likelihood =  -2576.0742189803095
Edge derivatives =  [-0.23447558186206652, 0.5451013818284774, -0.0781322484794343, -0.2859284639631262, 0.6469845404105669, 0.681224672229609]
other derivatives: [ 1.30485205  0.49867594 -0.52145879  0.32841854 -0.0509317   0.07585186]
Current x array =  [-0.66906849 -0.78707798 -0.45207769  0.72778677 -2.67499933 -1.25538976
 -0.79629382 -3.60905612 -1.63846431 -0.65344018 -1.38503907 -1.11738845]
log likelihood =  -2576.063874128918
Edge derivatives =  [-0.264360137298593, 0.5367680840581209, -0.14539888485833344, -0.2670000313739157, 0.780266100245518, 0.683109228122919]
other derivatives: [-0.45929482 -0.24315341  0.68639565  0.26843736 -0.02769411  0.04479261]
Current x array =  [-0.66731766 -0.78547916 -0.45362069  0.72763866 -2.67371286 -1.25186743
 -0.79937063 -3.58573887 -1.6365601  -0.65490048 -1.39116073 -1.11708727]
log likelihood =  -2576.0516651458174
Edge derivatives =  [-0.2875107239966642, 0.520500527391013, -0.1926202889185602, -0.171313549586389, 0.9659916487314669, 0.6267722037683855]
other derivatives: [-1.6823833  -1.2878445   1.26974555  0.17817001 -0.08149073 -0.03819878]
Current x array =  [-0.66613625 -0.78306192 -0.4546471   0.72791855 -2.6708907  -1.24495382
 -0.80350538 -3.54574498 -1.63590455 -0.65777227 -1.39951346 -1.11574445]
log likelihood =  -2576.0310223977026
Edge derivatives =  [-0.2926659417726648, 0.487629437991317, -0.20150881254598793, 0.0789570892402966, 1.1672882930862443, 0.531719073615182]
other derivatives: [-2.36877895 -2.22175913  1.5148089   0.00309228 -0.18712853 -0.19094841]
Current x array =  [-0.66541854 -0.78069643 -0.45537074  0.7293348  -2.66668924 -1.23388808
 -0.80914059 -3.47523558 -1.63685415 -0.66303626 -1.40857547 -1.11406931]
log likelihood =  -2575.9804255249223
Edge derivatives =  [-0.16032733855755155, 0.39199666485650614, -0.19853288008177422, 0.7554570142722858, 1.2199512088701192, 0.4776582938091763]
other derivatives: [-3.29750947 -2.59392436  2.13181011 -0.43178261 -0.2053639  -0.4800313 ]
Current x array =  [-0.66423559 -0.77947686 -0.45640822  0.7339852  -2.66179809 -1.21748659
 -0.82197885 -3.30852245 -1.63625924 -0.67469237 -1.41294866 -1.11495869]
log likelihood =  -2575.9445211540915
Edge derivatives =  [-0.8778543528147541, 0.029244453932903425, -0.7351137948387771, 0.5241044507484542, 1.195380452556733, -0.12069452932032212]
other derivatives: [-8.52101039 -2.13058229 -2.71447789 -0.14697434 -0.54687916 -1.0047188 ]
Current x array =  [-0.66010124 -0.78266657 -0.45146549  0.7367985  -2.66595598 -1.20721087
 -0.82868747 -3.01123598 -1.61337076 -0.67314096 -1.41523652 -1.10530413]
log likelihood =  -2575.9168679163026
Edge derivatives =  [-0.8990075010745533, -0.11789900512811624, -0.9110528454256602, 0.6853893398789025, 0.6619914592653907, -0.14848835505905958]
other derivatives: [ 2.72862053 -2.05150172  6.44199645 -1.00512807  0.17876118 -0.96083568]
Current x array =  [-0.66958101 -0.78253805 -0.45811535  0.74065814 -2.67249942 -1.21558355
 -0.83380377 -2.92033128 -1.60311164 -0.67456356 -1.3997165  -1.10693152]
log likelihood =  -2575.8731441429327
Edge derivatives =  [-0.6749163715879776, 0.1317532761418969, -0.7689222147614971, 0.37754566987988125, 0.3537269455840409, -0.23605533906164064]
other derivatives: [ 0.60349521 -0.7458766   1.81926225 -0.52364157  0.11364136 -0.72532202]
Current x array =  [-0.66812789 -0.78596355 -0.45356829  0.73846961 -2.67699614 -1.23144491
 -0.82412299 -3.06609057 -1.60636583 -0.66689481 -1.38709683 -1.10497883]
log likelihood =  -2575.858796457579
Edge derivatives =  [-0.6348801042480926, 0.08910589001300906, -0.7327417425325082, 0.32975830573873877, 0.22333193855928382, -0.025877176471480856]
other derivatives: [ 0.14570105 -0.16725608 -0.4674348  -0.32227945  0.12269084 -0.72336661]
Current x array =  [-0.66791366 -0.78754034 -0.45123868  0.73781158 -2.6790402  -1.23575864
 -0.82551543 -3.02692443 -1.60668685 -0.66512188 -1.37971867 -1.10927739]
log likelihood =  -2575.8467521849907
Edge derivatives =  [-0.42330709913194353, 0.04636832825183579, -0.6304204643482727, 0.38523987084384265, -0.08969383856451711, 0.287450822993453]
other derivatives: [ 0.53501026  0.51763891 -1.43181751 -0.2267825   0.2752131  -0.66929715]
Current x array =  [-0.66829843 -0.78922259 -0.45003295  0.73729944 -2.68158299 -1.24427426
 -0.83064716 -2.9788437  -1.60925192 -0.66417399 -1.3666543  -1.11615622]
log likelihood =  -2575.8327142144
Edge derivatives =  [-0.28847836583875014, 0.01597953841892652, -0.4994832967436871, 0.2246057007513847, -0.34316416344830053, 0.31536097782938355]
other derivatives: [-0.07521521  0.54624252 -1.18034222 -0.04738467  0.10841177 -0.6260052 ]
Current x array =  [-0.66772011 -0.78925362 -0.45046522  0.73472805 -2.67950518 -1.2518266
 -0.83722107 -2.94465777 -1.61810254 -0.66110543 -1.36044199 -1.11711218]
log likelihood =  -2575.81390842181
Edge derivatives =  [0.3619480879620205, 0.010243664750878345, -0.03306259402755107, 0.09408638512136724, -0.3951188404491821, 0.4498396427666947]
other derivatives: [ 1.9404979  -0.61991159 -1.6915692   0.22305358 -0.02014531 -0.42086867]
Current x array =  [-0.66957217 -0.78555959 -0.45064375  0.72860436 -2.67373371 -1.27470066
 -0.8588534  -2.88783802 -1.64414383 -0.65520161 -1.36108988 -1.11518406]
log likelihood =  -2575.8224788231605
Edge derivatives =  [0.35232728389026935, 0.017109723979711666, 0.16590582524065645, -0.45344297514206433, -0.3850835263676428, 0.20912691058254734]
other derivatives: [-3.55671546  1.85932549  3.63652362  0.4422418  -0.11027623 -0.18221726]
Current x array =  [-0.6636445  -0.79105261 -0.45642194  0.72416469 -2.67353802 -1.29947485
 -0.86681545 -2.86915978 -1.66052098 -0.64407069 -1.36584144 -1.10570114]
log likelihood =  -2575.805885352985
Edge derivatives =  [0.3590375683969157, 0.013064599962609558, 0.04957854024441338, -0.12741367942754864, -0.3902171227237879, 0.3531102048260263]
other derivatives: [-0.29745024  0.40085979  0.51090865  0.31172931 -0.05529728 -0.3210971 ]
Current x array =  [-0.66714213 -0.78781144 -0.45301251  0.72678433 -2.67365349 -1.28485679
 -0.86211743 -2.88018091 -1.65085761 -0.65063851 -1.36303777 -1.11129656]
log likelihood =  -2575.802123764448
Edge derivatives =  [0.2592600850080489, 0.0180196161030175, 0.00802171127260043, -0.2190435688802688, -0.23441118182334086, 0.19447768464154805]
other derivatives: [-0.19836079  0.15998012  0.49922164  0.30158844 -0.05893526 -0.30713636]
Current x array =  [-0.6672768  -0.78735372 -0.4529855   0.72688218 -2.67412272 -1.28637367
 -0.86068273 -2.88674726 -1.6494646  -0.64908526 -1.36861812 -1.10692102]
log likelihood =  -2575.796196026116
Edge derivatives =  [0.0698299306617714, 0.010258844555984248, 0.043052118577357606, -0.09118477156193616, -0.009228159978397828, -0.031189375468382047]
other derivatives: [-0.06680239 -0.06657501  0.16789272  0.02055458  0.12164492 -0.1416538 ]
Current x array =  [-0.66741128 -0.78726483 -0.45227808  0.73086509 -2.67678914 -1.30118862
 -0.85786488 -2.88162561 -1.6496791  -0.64850769 -1.37465731 -1.09936364]
log likelihood =  -2575.795453766037
Edge derivatives =  [-0.057456062757010984, -0.006527852789629418, 0.046935466227420536, -0.049722869514010226, 0.03657994911043994, -0.061764113629648246]
other derivatives: [ 0.26680027  0.24542715 -0.07626113  0.01846274 -0.07157723 -0.05084075]
Current x array =  [-0.66773745 -0.78792845 -0.45193438  0.73157464 -2.67482614 -1.30933908
 -0.85676748 -2.87271788 -1.6497918  -0.64885814 -1.37536492 -1.09803364]
log likelihood =  -2575.795376268554
Edge derivatives =  [-0.09346524424197072, -0.005552170721830785, 0.03728036722515565, -0.026482124458867273, -0.03378786963852791, -0.04356719077066351]
other derivatives: [-0.37061909 -0.35579433 -0.15797923 -0.0264663  -0.01273293  0.00868567]
Current x array =  [-0.66723167 -0.78693116 -0.4517986   0.73220764 -2.67555229 -1.31424351
 -0.8564538  -2.87269602 -1.64921399 -0.64910861 -1.37325138 -1.09860636]
log likelihood =  -2575.795158785213
Edge derivatives =  [-0.05429729655518356, -0.0021198423156860713, 0.043588218839794274, -0.01824488901185256, -0.01742362393722966, -0.022509436492210905]
other derivatives: [-0.00259206 -0.04529284 -0.00250111 -0.01664375 -0.0041382  -0.01341505]
Current x array =  [-0.66751229 -0.78745332 -0.45195144  0.73194438 -2.67552682 -1.31216549
 -0.85676517 -2.87392147 -1.64922652 -0.64920048 -1.37350393 -1.09896521]
log likelihood =  -2575.795136340031
Edge derivatives =  [-0.045827021230069875, -0.0009733319943390217, 0.042876022361932525, -0.010775583827285773, -0.015132952460760421, -0.01057685171165601]
other derivatives: [ 0.02441993 -0.0048658  -0.00040927 -0.0131422  -0.00190994 -0.01086846]
Current x array =  [-0.66753038 -0.78752224 -0.45195547  0.73189773 -2.67551435 -1.31231295
 -0.85689383 -2.87409902 -1.64904106 -0.6492933  -1.37345412 -1.09915831]
log likelihood =  -2575.7950841679835
Edge derivatives =  [-0.025029495449475025, 0.002590958094520701, 0.03303281708477937, 0.008489495824582527, -0.0036184510602318906, 0.020453440402580694]
other derivatives: [ 0.06484697  0.03997229  0.02769411 -0.00459295  0.00868567  0.00190994]
Current x array =  [-0.6675541  -0.78758367 -0.45198925  0.73175985 -2.67551142 -1.31320903
 -0.85734558 -2.87472942 -1.64811612 -0.64954694 -1.37353725 -1.09958998]
log likelihood =  -2575.7951154020557
Edge derivatives =  [0.01010034657272929, 0.006463901858317023, 0.024679942704070534, 0.00921618509216876, 0.021241643147791756, 0.027437970572192993]
other derivatives: [-0.12742021  0.12319106 -0.2840352   0.03783498 -0.0172804  -0.00218279]
Current x array =  [-0.66739124 -0.78771823 -0.45176697  0.73142811 -2.67521184 -1.31320281
 -0.85816479 -2.87499538 -1.64743224 -0.64956027 -1.37422829 -1.09952062]
log likelihood =  -2575.795073927613
Edge derivatives =  [-0.013363809755608913, 0.0038766171220586676, 0.030261147538226008, 0.00872994549616729, 0.004637206874273089, 0.022772376621601365]
other derivatives: [ 0.00109139  0.06766641 -0.07576091  0.00945874  0.0001819   0.0005457 ]
Current x array =  [-0.66750003 -0.78762834 -0.45191545  0.73164972 -2.67541196 -1.31320696
 -0.85761755 -2.87481772 -1.64788908 -0.64955137 -1.37376667 -1.09956696]
log likelihood =  -2575.7950564388884
Edge derivatives =  [-0.0079165036555775, 0.005398669875038231, 0.020815028404562397, 0.011597663094869093, 0.011770358557235377, 0.02646920550086916]
other derivatives: [ 0.00759428  0.03369678 -0.0336513   0.00991349  0.00391083  0.00645741]
Current x array =  [-0.66750413 -0.78755035 -0.45195971  0.73160191 -2.67539666 -1.31368306
 -0.85785137 -2.87523627 -1.64730276 -0.64961377 -1.37400634 -1.0995541 ]
log likelihood =  -2575.7950446973755
Edge derivatives =  [-0.006595297603688766, 0.00548446732579555, 0.01195559484745462, 0.00876764901735233, 0.012467445195843634, 0.015506013890893386]
other derivatives: [ 0.00218279  0.00190994 -0.00618456  0.00645741 -0.0037744   0.00627551]
Current x array =  [-0.66750046 -0.78748589 -0.45198834  0.73163694 -2.67529094 -1.31380108
 -0.85803039 -2.87519799 -1.6468762  -0.64962846 -1.37418932 -1.09934752]
log likelihood =  -2575.795037731999
Edge derivatives =  [-0.002347848400729269, 0.005222103845177295, 0.006072253620166584, 0.006072005461257746, 0.006450001643922516, 0.0028920115918820433]
other derivatives: [ 0.00241016 -0.02078195 -0.00427463  0.00022737 -0.00841283  0.0037744 ]
Current x array =  [-0.66750348 -0.78744835 -0.45198564  0.73172397 -2.67524676 -1.31382563
 -0.85821472 -2.87485273 -1.64658927 -0.64961534 -1.37416078 -1.09914992]
log likelihood =  -2575.7950414457387
Edge derivatives =  [-0.004267472989831933, 0.003890420660654925, 0.0014007632937507175, 0.0006102882619080097, 0.0005898319779049435, -0.012665012356991703]
other derivatives: [-0.08581083  0.02014531  0.07435119 -0.00695763 -0.01414264  0.00213731]
Current x array =  [-0.66740992 -0.78755662 -0.45205774  0.73183198 -2.67522941 -1.31395091
 -0.8583301  -2.87405612 -1.64641757 -0.6495395  -1.37414675 -1.09887466]
log likelihood =  -2575.7950361369803
Edge derivatives =  [-0.003027143662016063, 0.004750943621347425, 0.004418621840767495, 0.0041385841423431935, 0.004375345556648938, -0.002615021713537294]
other derivatives: [-0.02883098 -0.00627551  0.02355591 -0.00231921 -0.01045919  0.00318323]
Current x array =  [-0.66747036 -0.78748668 -0.45201116  0.73176221 -2.67524062 -1.31386998
 -0.85825556 -2.87457071 -1.64652849 -0.64958849 -1.37415581 -1.09905247]
      fun: 2575.7950361369803
 hess_inv: <12x12 LbfgsInvHessProduct with dtype=float64>
      jac: array([ 0.02883098,  0.00627551, -0.02355591,  0.00231921,  0.01045919,
       -0.00318323,  0.00302714, -0.00475094, -0.00441862, -0.00413858,
       -0.00437535,  0.00261502])
  message: b'CONVERGENCE: REL_REDUCTION_OF_F_<=_FACTR*EPSMCH'
     nfev: 58
      nit: 52
   status: 0
  success: True
        x: array([-0.66747036, -0.78748668, -0.45201116,  0.73176221, -2.67524062,
       -1.31386998, -0.85825556, -2.87457071, -1.64652849, -0.64958849,
       -1.37415581, -1.09905247])
