number of sites to be analyzed:  641
log likelihood =  -12464.16816326066
Edge derivatives =  [214.77363145725954, 161.6749526831626, 528.6420481460607, 581.5265956236062]
other derivatives: [ -18.37888703   29.65734893  -50.23721315  -36.47419362 -323.44432839
  130.50175767]
Current x array =  [-0.67940942 -0.81149459 -0.50437806  0.74193734 -0.10536052 -0.51082562
 -4.60517019 -4.60517019 -4.60517019 -4.60517019]
log likelihood =  -11592.867259551587
Edge derivatives =  [198.21578815343833, 159.89985144514347, 523.1106043140027, 580.1272101440064]
other derivatives: [ 107.09718481   47.80940799   21.56848495  -43.1895387  -229.54900487
  118.2215783 ]
Current x array =  [-0.69997349 -0.81064256 -0.56058829  0.7011265  -0.46726121 -0.50242179
 -4.36486074 -4.42427266 -4.0136745  -3.95450218]
log likelihood =  -8844.330257763493
Edge derivatives =  [112.93761077043509, 117.99900397398369, 390.4397800389954, 400.82260227419016]
other derivatives: [470.28588597  76.36808732 237.29407985 -80.56886145 168.37821022
  41.65776772]
Current x array =  [-0.78222978 -0.80723443 -0.78542924  0.53788313 -1.91486398 -0.46880645
 -3.40362298 -3.70068258 -1.64769178 -1.35183013]
log likelihood =  -20186.76624603873
Edge derivatives =  [-0.00011340754714350214, -5.967291697415948e-05, -0.04609590281728708, -1.5198387653405093e-09]
other derivatives: [-64553.19089582  -4121.62407883 -24273.19341223    589.81677284
    101.98855307    762.65714597]
Current x array =  [-0.05       -0.3619428  -0.05       -0.30386269 -3.0270129  -0.58187956
 -1.04805037 -1.69016005  4.95944105  5.7099389 ]
log likelihood =  -8253.501990614073
Edge derivatives =  [-3.3738392942693283, 21.05751967007965, -199.39498620258954, -319.55615523735946]
other derivatives: [-867.9489838  -497.1620001   285.34886951  126.19821064 -264.12089937
   27.77087502]
Current x array =  [-0.54218892 -0.66125814 -0.54433953  0.26194053 -2.2794506  -0.50587427
 -2.63141502 -3.04158955  0.51827012  0.96317141]
log likelihood =  -8144.040553635986
Edge derivatives =  [11.07537170620617, 36.43849180612139, -14.763686541514023, -99.50782036221463]
other derivatives: [ 593.23547248  166.09310478 -931.54530987   74.62631402  -51.11396604
  -13.2270543 ]
Current x array =  [-0.9221491  -0.97739082 -0.30237628  0.36135095 -2.31284015 -0.46945632
 -2.73097266 -3.10244024  0.14712155  0.49152835]
log likelihood =  -8062.265626674576
Edge derivatives =  [24.783961227575823, 48.2717242804485, 101.26622621631367, 31.797276052688993]
other derivatives: [403.21237975 133.7912181  356.0409823    3.36467565 107.43606254
  -7.5871867 ]
Current x array =  [-0.80221429 -0.92953458 -0.62658367  0.42354623 -2.37567402 -0.46304359
 -2.83691792 -3.20406141 -0.18070641  0.14860131]
log likelihood =  -7991.3740777367
Edge derivatives =  [18.389655161714554, 43.45096426172626, 50.35696633202673, -24.619084850588415]
other derivatives: [-119.16545191    8.56161932  167.2234248    37.94448276   30.03533493
   -7.76271918]
Current x array =  [-0.64972203 -0.8406153  -0.54315468  0.39745161 -2.2482444  -0.47808232
 -2.82246723 -3.17820443 -0.09019378  0.22730915]
log likelihood =  -7979.3656860862075
Edge derivatives =  [15.12765840584314, 40.656398877940866, 18.903879857968487, -44.45194408679225]
other derivatives: [-14.59875421  -2.12612576  24.24467311  45.6190719   -0.15679689
  -9.67911546]
Current x array =  [-0.68390798 -0.8371641  -0.48528983  0.40319098 -2.23052034 -0.48361994
 -2.78966674 -3.13571692  0.00393354  0.29156706]
log likelihood =  -7975.570366910351
Edge derivatives =  [15.76720023824909, 41.60767683246451, 17.247630480711184, -26.791930795843648]
other derivatives: [  8.50050128   4.00250428 -50.83911674  40.05305527   2.92820914
 -10.26737664]
Current x array =  [-0.69036622 -0.84043899 -0.46235902  0.43391303 -2.21577585 -0.48923259
 -2.78484841 -3.1115945   0.00517148  0.24690527]
log likelihood =  -7969.512074020503
Edge derivatives =  [15.66707313039927, 42.484032607337774, 0.9649768604266145, -3.0854225557755526]
other derivatives: [ 43.10586519   5.61949491 -83.02449714  24.37700459   6.98410076
 -10.09439075]
Current x array =  [-0.6997534  -0.84235902 -0.45104048  0.5042642  -2.20884348 -0.50434074
 -2.75680782 -3.04033599  0.04349257  0.19154813]
log likelihood =  -7960.753667052881
Edge derivatives =  [14.731974934684002, 43.73185392194848, -28.14127244752286, 21.191982944226293]
other derivatives: [ 44.64918675   7.16627255 -64.41423466  -3.96030373   5.4244083
  -8.43465386]
Current x array =  [-0.69858562 -0.84678    -0.45281968  0.63069846 -2.1905256  -0.54042162
 -2.68858724 -2.87170603  0.10638966  0.12706896]
log likelihood =  -7946.420583277733
Edge derivatives =  [13.344887427114697, 46.51807226505649, -37.347000315270485, 30.765146274984655]
other derivatives: [ 45.67173164  -5.66906238 -55.78403943 -39.69953468   4.47889761
  -5.53809514]
Current x array =  [-0.69689164 -0.84106085 -0.45149634  0.78309311 -2.16125437 -0.61170525
 -2.55193931 -2.51078002  0.10561661  0.07846907]
log likelihood =  -7924.503941915098
Edge derivatives =  [-8.976803157100665, 2.5903967901669, -73.45472822185425, 22.286726315393242]
other derivatives: [-6.90242814e+00  1.13385704e+02 -1.62835931e+01 -1.20595632e+02
 -4.85403689e+01  6.82121026e-03]
Current x array =  [-0.67606617 -0.94627911 -0.45150098  1.19163603 -2.04786611 -0.92459227
 -1.90803164 -0.77795702  0.09980764 -0.06144512]
log likelihood =  -7918.418198284377
Edge derivatives =  [4.854261231570212, 41.75834798062388, -59.86121726901799, 27.707662862532665]
other derivatives: [ 21.93874025  56.41886673 -36.06501195 -83.51598808 -14.45669113
  -2.42634997]
Current x array =  [-0.6863446  -0.89434851 -0.45149869  0.98999918 -2.10382902 -0.7701665
 -2.22583306 -1.63319392  0.10267466  0.00760969]
log likelihood =  -8075.618519405671
Edge derivatives =  [-30.983463494614842, -190.62842693983666, -1.5202578019927477, 53.04381894165707]
other derivatives: [  14.30926204 -317.49277696   97.69937606 -124.43888409 -109.63158275
   11.84616849]
Current x array =  [-0.69698629 -0.70268298 -0.47905132  1.29882239 -2.02389981 -1.16225242
 -1.46517155  0.57048987 -0.1120726  -0.26274746]
log likelihood =  -7904.7704551085535
Edge derivatives =  [-2.1648149501764933, 24.817041409636378, -54.384902776295775, 29.454207662846397]
other derivatives: [  32.98655429   -8.69358701   -3.33675416 -103.22564776  -12.43624865
   -0.5837137 ]
Current x array =  [-0.68885256 -0.84917815 -0.4579921   1.06278041 -2.08499188 -0.86257049
 -2.04656582 -1.11384557  0.05206457 -0.05610614]
log likelihood =  -7886.9052472252715
Edge derivatives =  [-9.696277627698151, -4.310942466945377, -33.22271646232747, 21.95340817225846]
other derivatives: [-26.45392669  19.4486347   22.71090125 -77.72996469  -7.36181391
   0.67175279]
Current x array =  [-0.67091414 -0.87108443 -0.466633    0.95470512 -2.10062033 -0.93589914
 -1.92463445 -0.69860744 -0.05556068 -0.08738809]
log likelihood =  -7869.748730851648
Edge derivatives =  [-6.778943368910056, 6.473070925995875, 5.1337468748037365, -4.946777371227137]
other derivatives: [-21.17139957 -48.84250302  55.8755346   -4.01014404  13.6208655
   0.70085662]
Current x array =  [-0.67696813 -0.8134321  -0.48861913  0.58418245 -2.12986097 -0.91782299
 -2.02812574 -0.84230759 -0.22959073 -0.03330615]
log likelihood =  -7867.928874590632
Edge derivatives =  [-7.151568562611879, 1.7545843206017577, 5.648866506331583, -3.581366228776354]
other derivatives: [-0.53496478 17.91431714 -2.38314897  1.92139851  0.62236722 -0.53960321]
Current x array =  [-0.68318332 -0.8588013  -0.47074842  0.57309235 -2.09235497 -0.92781585
 -2.03665556 -0.77963346 -0.2429982  -0.04971967]
log likelihood =  -7867.748044536834
Edge derivatives =  [-7.252038224008216, 1.7029624704739679, 2.9911680899105173, -2.5084774615731753]
other derivatives: [-1.44655132  2.93466655 -6.06951289 -0.67475412  0.40427039 -0.4465619 ]
Current x array =  [-0.68313596 -0.84823999 -0.46940944  0.58465637 -2.09126402 -0.92737763
 -2.03905854 -0.78133974 -0.23319847 -0.05359455]
log likelihood =  -7867.634517961686
Edge derivatives =  [-6.985218424007924, 2.238235599166783, 1.497967334699601, -0.9836534219030453]
other derivatives: [ 5.13937266 -1.78579285 -0.23301254 -1.18589014  0.23546818 -0.51650204]
Current x array =  [-0.6849996  -0.84441634 -0.47127439  0.58481303 -2.08746693 -0.92621553
 -2.05278459 -0.78745476 -0.22795563 -0.05986304]
log likelihood =  -7867.418867080427
Edge derivatives =  [-6.2400656072810206, 3.082661435446971, -2.1261667691064696, 3.237617480907551]
other derivatives: [-1.64436642 -9.17289071 -1.84918463  0.25975169 -1.83981683 -0.86838554]
Current x array =  [-0.68308088 -0.83814432 -0.47183668  0.57680815 -2.07329217 -0.92474823
 -2.09847762 -0.79565689 -0.21862518 -0.08031026]
log likelihood =  -7867.23540208395
Edge derivatives =  [-5.454375039493149, 1.8762696726355583, -3.0357525650733646, 7.058226880313205]
other derivatives: [19.03117663 -5.78384061 11.7151103   1.23473001 -3.09091774 -1.22672645]
Current x array =  [-0.68882207 -0.83916275 -0.47635799  0.56749509 -2.0612084  -0.92921827
 -2.15377788 -0.77631732 -0.21725506 -0.0972938 ]
log likelihood =  -7867.022238438205
Edge derivatives =  [-4.807690385198797, 1.98460809122436, -3.0104070688882403, 7.930429826365419]
other derivatives: [ 9.73932401 -0.82145561  9.37134246  2.77041181 -3.95357347 -1.46301318]
Current x array =  [-0.6859691  -0.84233521 -0.47620488  0.56117722 -2.05644002 -0.93115355
 -2.19510321 -0.77286417 -0.21764004 -0.10168386]
log likelihood =  -7866.549220725357
Edge derivatives =  [-3.2399499347679237, 0.834560537023538, -0.3680060118372461, 7.965578010382128]
other derivatives: [-4.47525963  8.66511982 -3.28000169  5.64477887 -4.60804586 -1.89784259]
Current x array =  [-0.68173944 -0.8488571  -0.47299593  0.54978987 -2.05295326 -0.94167291
 -2.3128113  -0.74551178 -0.22357562 -0.10131247]
log likelihood =  -7866.146837580884
Edge derivatives =  [-1.8751122875570359, 0.4224394628085106, 1.1635766719871663, 6.053993141025849]
other derivatives: [-13.90662874  14.03150236  -1.19125616   4.22451194  -3.79523044
  -2.00379873]
Current x array =  [-0.67865268 -0.85322896 -0.47339298  0.55639162 -2.05719377 -0.95223286
 -2.43737862 -0.7278593  -0.22123643 -0.08977839]
log likelihood =  -7865.804962026959
Edge derivatives =  [0.10400847456645443, 0.46414801938848194, 5.045784518341416, 2.727025188331274]
other derivatives: [  4.52446329   4.59549483 -30.20004442   3.80296115  -0.40308805
  -1.92358129]
Current x array =  [-0.68447277 -0.84679275 -0.46376983  0.55742118 -2.07343797 -0.97328426
 -2.67367113 -0.70283259 -0.21636242 -0.06536132]
log likelihood =  -7865.585916616574
Edge derivatives =  [0.24904016526065126, -0.7070344247750828, 2.3877491955293557, 0.5406338660174753]
other derivatives: [-4.89071681  2.13931344  0.34997356 -0.94905772 -0.11596057 -1.5364094 ]
Current x array =  [-0.68116137 -0.84614383 -0.47212515  0.57725286 -2.07818972 -0.98142042
 -2.74013844 -0.6902471  -0.20364814 -0.05565431]
log likelihood =  -7865.573278485281
Edge derivatives =  [0.22294756670413282, -0.3208149965531873, 1.9313260531732688, 0.617852793275414]
other derivatives: [-1.56378519  0.03001333  0.07948984 -0.90203685  0.02655725 -1.48193067]
Current x array =  [-0.68220124 -0.84457256 -0.47200731  0.57668011 -2.07882988 -0.98109921
 -2.73419989 -0.69457856 -0.20187183 -0.05562672]
log likelihood =  -7865.56521797674
Edge derivatives =  [0.1602849891757217, 0.06061873559907405, 1.1813102644078617, 0.29523292154348596]
other derivatives: [ 1.01081241 -1.14177965  0.27948772 -0.81818143 -0.00472937 -1.36706149]
Current x array =  [-0.68303988 -0.84377677 -0.47198333  0.57639948 -2.08004486 -0.98166538
 -2.7259702  -0.69918344 -0.19904059 -0.05419939]
log likelihood =  -7865.559432831627
Edge derivatives =  [0.10289060245002264, 0.18338497434957224, 0.4601302904270208, -0.133278835142417]
other derivatives: [ 1.72285581 -0.95669748  0.31322998 -0.5313268  -0.20445441 -1.22836354]
Current x array =  [-0.6833309  -0.8440055  -0.47192777  0.57556487 -2.08115072 -0.98376873
 -2.7226369  -0.70084301 -0.19641503 -0.05262656]
log likelihood =  -7865.550567701323
Edge derivatives =  [0.02731470693101984, 0.06001906083588893, -0.40139702495961394, -0.39578481805266763]
other derivatives: [ 1.04591891 -0.92923074  0.22018867  0.15925252 -0.05602487 -0.87784429]
Current x array =  [-0.6832607  -0.84422523 -0.47182266  0.57280608 -2.08396684 -0.99106004
 -2.72245327 -0.69920627 -0.19302015 -0.05136666]
log likelihood =  -7865.548899949459
Edge derivatives =  [-0.026294676415995144, 0.0405456345724875, -0.6645749106252288, -0.05151713505728889]
other derivatives: [ 2.2052518   3.01060936 -0.25120244 -0.23719622  0.34560799 -0.43282853]
Current x array =  [-0.68353586 -0.8472596  -0.47144715  0.57485439 -2.08610854 -1.00121331
 -2.71804642 -0.6973711  -0.19109075 -0.05119239]
log likelihood =  -7865.544272452698
Edge derivatives =  [-0.03950691195938244, -0.08435415932832663, -0.636653691847008, -0.15879880519737805]
other derivatives: [-1.34414222  0.41018211 -1.10503606  0.09677024  0.4026333  -0.34888217]
Current x array =  [-0.68257805 -0.84545195 -0.47129413  0.57338347 -2.0862409  -1.0030711
 -2.7196538  -0.6963391  -0.19168686 -0.05144165]
log likelihood =  -7865.542874680042
Edge derivatives =  [-0.017407610894619563, -0.17369285640167192, -0.3305208821634784, -0.032515222481267814]
other derivatives: [-0.66729626  0.12305463 -0.29540388  0.14160833  0.43855835 -0.36243364]
Current x array =  [-0.68274914 -0.84516307 -0.47158001  0.57278934 -2.08552234 -1.00331192
 -2.72201416 -0.69530202 -0.1929846  -0.05217887]
log likelihood =  -7865.541486023705
Edge derivatives =  [-0.009605730307123209, -0.24865693715764114, 0.0016828556212231671, 0.1622177256070545]
other derivatives: [-0.18162609  0.0345608   0.06648406  0.09276846  0.45356501 -0.26157068]
Current x array =  [-0.68285933 -0.84503645 -0.47171982  0.57266911 -2.08450316 -1.00620013
 -2.72273998 -0.69426299 -0.19451945 -0.05323834]
log likelihood =  -7865.540323309778
Edge derivatives =  [-0.01722026807635156, -0.2204176582397805, 0.1333014163533568, 0.07920839060606838]
other derivatives: [ 0.02828529  0.0257387   0.00063665  0.00682121  0.21855158 -0.09895302]
Current x array =  [-0.68291276 -0.84500457 -0.47171623  0.57306309 -2.08313326 -1.01020533
 -2.72274619 -0.69450539 -0.19550489 -0.05352829]
log likelihood =  -7865.5404137135265
Edge derivatives =  [-0.034768750495923054, 0.11996463599863127, 0.12224469562544815, 0.2376855648113662]
other derivatives: [-0.52959876  0.33614924  0.46038622  0.13878889  0.11295924  0.00782165]
Current x array =  [-0.6827286  -0.8451327  -0.47194665  0.57238531 -2.08194001 -1.01199769
 -2.71706477 -0.69828478 -0.19607954 -0.0545809 ]
log likelihood =  -7865.540091392111
Edge derivatives =  [-0.025248179780060276, -0.06405572865567688, 0.1282232636298648, 0.1519020105580436]
other derivatives: [-0.22773747  0.16807462  0.21173037  0.06730261  0.17016646 -0.05002221]
Current x array =  [-0.68282824 -0.84506337 -0.47182198  0.57275203 -2.08258562 -1.01102792
 -2.72013874 -0.69623992 -0.19576862 -0.05401138]
log likelihood =  -7865.540043236705
Edge derivatives =  [-0.03280911965844921, -0.02783436509938042, 0.07360902378789369, -0.02020768098326775]
other derivatives: [ 0.30167939 -0.02937668 -0.67257133  0.09194991 -0.05702532 -0.01045919]
Current x array =  [-0.68301381 -0.84491665 -0.4715527   0.57284452 -2.0819895  -1.0119628
 -2.71997754 -0.69674377 -0.19579273 -0.05368453]
log likelihood =  -7865.539937478163
Edge derivatives =  [-0.03547060368815878, -0.054813905849857236, 0.028629000478600286, -0.04129010985242404]
other derivatives: [ 0.06348273  0.00436557  0.01855369  0.04201866 -0.01373337 -0.00272848]
Current x array =  [-0.68293292 -0.84496237 -0.47174916  0.57302197 -2.08222548 -1.01205329
 -2.72024166 -0.69648656 -0.19557685 -0.05355231]
log likelihood =  -7865.539930393446
Edge derivatives =  [-0.0344766687703989, -0.051993352884338984, 0.028049984440649878, -0.04537587005326371]
other derivatives: [ 0.00027285  0.01091394  0.02364686  0.02419256 -0.01828084 -0.00727596]
Current x array =  [-0.68291267 -0.84496883 -0.47175014  0.57311225 -2.08220886 -1.01194487
 -2.72032987 -0.69652182 -0.19556934 -0.05353291]
      fun: 7865.539930393446
 hess_inv: <10x10 LbfgsInvHessProduct with dtype=float64>
      jac: array([-0.00027285, -0.01091394, -0.02364686, -0.02419256,  0.01828084,
        0.00727596,  0.03447667,  0.05199335, -0.02804998,  0.04537587])
  message: b'CONVERGENCE: REL_REDUCTION_OF_F_<=_FACTR*EPSMCH'
     nfev: 43
      nit: 37
   status: 0
  success: True
        x: array([-0.68291267, -0.84496883, -0.47175014,  0.57311225, -2.08220886,
       -1.01194487, -2.72032987, -0.69652182, -0.19556934, -0.05353291])
