number of sites to be analyzed:  373
log likelihood =  5289.18582382351
Lr derivatives =  [-311.74534403873315, -427.3138644138296, -262.41291472509795]
other derivatives =  [100.94845493   2.30656951  53.5502295   35.39507816 266.67576094
   6.25868779]
Current x_clock array =  [-0.61860524 -0.77396435 -0.46760434  0.74193734 -0.10536052 -0.51082562
 -0.51082562 -0.51082562 -0.51082562]
log likelihood =  5106.1859027936425
Lr derivatives =  [141.42202141294794, -174.00256983429077, -109.76711289009185]
other derivatives =  [-319.45055525   28.38314686 -179.81255951    1.84945748  233.23891583
   28.16595952]
Current x_clock array =  [-0.85480602 -0.7793613  -0.59290201  0.65911939 -0.72933264 -0.5254698
  0.21860102 -0.50963039 -0.50963039]
log likelihood =  4967.800282789985
Lr derivatives =  [215.8310912225948, -60.04426922351723, -18.337461118897373]
other derivatives =  [ 82.64159987  33.95089152  14.80329956   6.75354386 219.12237571
  33.86558092]
Current x_clock array =  [-0.62999166 -0.80319435 -0.46523884  0.64550649 -1.00994544 -0.55047884
  0.21045468 -0.32404369 -0.39325027]
log likelihood =  4864.287730575546
Lr derivatives =  [115.13828293638517, -46.29781961177645, 8.232727097230224]
other derivatives =  [221.81757231  11.34521881 129.46293282  14.24396032 137.83719623
  28.8555384 ]
Current x_clock array =  [-0.57563593 -0.85077255 -0.40414955  0.62294941 -1.45352765 -0.59957552
  0.07087083 -0.14626922 -0.2994134 ]
log likelihood =  4803.52086226129
Lr derivatives =  [-86.24814118653157, -103.17204046322335, 3.946634083037935]
other derivatives =  [  7.97372195 -19.3883352  -65.73873179  34.20627763 -47.98366717
  17.07412594]
Current x_clock array =  [-0.64444402 -0.90274015 -0.47929503  0.56191646 -2.22504    -0.7015531
 -0.08165905  0.         -0.21555808]
log likelihood =  4794.1044903434895
Lr derivatives =  [-27.318853661581542, -70.93865112485727, 3.8192167238009844]
other derivatives =  [-24.22393663  -1.33559297  49.57328201  19.84226401  -5.7683792
  18.04319254]
Current x_clock array =  [-6.68515552e-01 -8.81905340e-01 -4.19690762e-01  5.35517248e-01
 -2.11658996e+00 -7.09086872e-01  1.50098281e-03  0.00000000e+00
 -2.48978752e-01]
log likelihood =  4792.0629694618965
Lr derivatives =  [4.535711966692941, -53.91335289639732, 4.960218017245964]
other derivatives =  [13.33592081  6.09306881 -9.20845196 15.70033419  7.65267032 16.81182766]
Current x_clock array =  [-0.65171088 -0.87782741 -0.44747755  0.51177939 -2.1085236  -0.72631071
  0.05545498  0.         -0.26531598]
log likelihood =  4791.210055002832
Lr derivatives =  [5.482848169241827, -52.65183933142239, 2.449325160806545]
other derivatives =  [ 2.82834662  4.52564564 -6.99510565 12.78704076  4.24497557 15.61356839]
Current x_clock array =  [-0.65661011 -0.88163778 -0.44522924  0.49017729 -2.14707744 -0.74646769
  0.0769827   0.         -0.27068041]
log likelihood =  4789.666647920956
Lr derivatives =  [5.883531877746965, -49.820523196779945, -0.6770804482715995]
other derivatives =  [-6.0000275  -1.58352123 -0.35070116  4.29554348 -3.22252163 11.95085133]
Current x_clock array =  [-0.66075577 -0.89266893 -0.44072676  0.41944173 -2.2287582  -0.82662586
  0.11621506  0.         -0.27390699]
log likelihood =  4788.553189448717
Lr derivatives =  [6.939981921121048, -47.28039979562517, 4.3003349606642765]
other derivatives =  [-10.33622539   6.35973265  -0.61509127  -0.86038199  -4.25379767
   8.82037057]
Current x_clock array =  [-0.66318218 -0.88240462 -0.44193063  0.36791922 -2.23125103 -0.92877786
  0.10793036  0.         -0.25700154]
log likelihood =  4787.976619856622
Lr derivatives =  [1.3514702368797007, -50.541007838363285, -2.622490237491693]
other derivatives =  [ -4.37548806 -35.99907359  -0.39772203 -11.58914529   2.08701749
   3.27863745]
Current x_clock array =  [-0.65879637 -0.92770182 -0.4459312   0.28516595 -2.16160716 -1.17938807
  0.06112459  0.         -0.25145239]
log likelihood =  4786.909978213041
Lr derivatives =  [-2.9167579965903716, -54.06706291631293, -3.2508229280557117]
other derivatives =  [ 2.97695806  0.19717845  1.91002982 -7.95944288 -1.52313078  2.68855729]
Current x_clock array =  [-0.65679395 -0.88207149 -0.44560874  0.3031849  -2.14850918 -1.20178728
  0.0398097   0.         -0.24710211]
log likelihood =  4786.760130065765
Lr derivatives =  [-1.9966919452317509, -53.335777415803314, -0.19354492819431712]
other derivatives =  [-0.72386683  2.92302502 -0.51077222 -5.92444849  0.26202542  2.70538294]
Current x_clock array =  [-0.65859259 -0.87821386 -0.44674887  0.32106126 -2.13057626 -1.21179323
  0.03189068  0.         -0.24131465]
log likelihood =  4786.5620145686025
Lr derivatives =  [-1.5917725012210582, -52.643333859933456, 1.6867802722124594]
other derivatives =  [ 6.20266292  3.59841579  1.74586603 -2.01898729  2.00807335  2.03890522]
Current x_clock array =  [-0.65578162 -0.87801584 -0.44524362  0.35615173 -2.11080574 -1.25747452
  0.02389637  0.         -0.23629213]
log likelihood =  4786.5225730646
Lr derivatives =  [-0.2591339431005464, -51.71123554963235, -0.26455009940357144]
other derivatives =  [-16.99909262   0.36143319 -11.02962415   1.4766556    2.18342393
   0.76288416]
Current x_clock array =  [-0.66631616 -0.8824556  -0.44961699  0.38528963 -2.10707094 -1.33174221
  0.02849624  0.         -0.23816924]
log likelihood =  4786.402658333336
Lr derivatives =  [-0.4061761290754058, -51.26538261431709, 0.06375026721212862]
other derivatives =  [-2.21816663  0.73678166 -1.94704626  0.46584319  1.42581484  0.61099854]
Current x_clock array =  [-0.65974904 -0.88307265 -0.44549062  0.37775456 -2.11577686 -1.33984616
  0.03079338  0.         -0.23715163]
log likelihood =  4786.3803815814335
Lr derivatives =  [-0.13367161434049724, -50.67346396014653, -0.21474401675888188]
other derivatives =  [ 0.87093213  0.38162398  0.65338099 -0.00291038  0.61345418  0.25102054]
Current x_clock array =  [-0.65846179 -0.88432607 -0.44402869  0.37395769 -2.12438436 -1.36081102
  0.03484963  0.         -0.23709915]
log likelihood =  4786.376399688939
Lr derivatives =  [0.23192142373754354, -50.15758437671861, -0.0492379508195242]
other derivatives =  [ 0.84473868  0.1029548  -0.32978278 -0.03528839  0.13606041  0.02728484]
Current x_clock array =  [-0.6584929  -0.88512838 -0.4442727   0.37325809 -2.12927444 -1.37493378
  0.0374229   0.         -0.23655168]
log likelihood =  4786.382795950147
Lr derivatives =  [-0.5887792491550936, -50.426445372852115, -0.044986388290041646]
other derivatives =  [-2.71611498 -0.40581654  4.22642188 -0.07121344 -0.24756446 -0.06075425]
Current x_clock array =  [-0.6601697  -0.88566315 -0.44196853  0.37373291 -2.1305969  -1.38396118
  0.03687799  0.         -0.23582355]
log likelihood =  4786.376181550127
Lr derivatives =  [0.10531689305700365, -50.19918427744938, -0.048909151416733465]
other derivatives =  [ 0.29622242  0.02464731  0.36707206 -0.04065441  0.07694325  0.01373337]
Current x_clock array =  [-0.6587506  -0.88521056 -0.44391859  0.37333106 -2.12947768 -1.37632115
  0.03733916  0.         -0.23643978]
log likelihood =  4786.376111728547
Lr derivatives =  [0.07707525114110325, -50.200998863013474, -0.029623892477662395]
other derivatives =  [ 0.03237801  0.01973604  0.07221388 -0.01591616  0.03938112 -0.00245564]
Current x_clock array =  [-0.65886335 -0.88521078 -0.44404739  0.37342847 -2.12952022 -1.37758499
  0.03726757  0.         -0.23633387]
log likelihood =  4786.376103956438
Lr derivatives =  [0.0351157288478019, -50.22257650480172, -0.019846817435485775]
other derivatives =  [-0.01900844  0.01418812  0.00309228 -0.00518412  0.01882654 -0.00327418]
Current x_clock array =  [-0.65888208 -0.88520662 -0.44408162  0.37347237 -2.12949222 -1.37775012
  0.03716125  0.         -0.23628161]
      fun: 4786.376103956438
 hess_inv: <9x9 LbfgsInvHessProduct with dtype=float64>
      jac: array([-1.90084393e-02,  1.41881173e-02,  3.09228199e-03, -5.18411980e-03,
        1.88265403e-02, -3.27418093e-03,  3.51157288e-02, -5.02225765e+01,
       -1.98468174e-02])
  message: 'CONVERGENCE: REL_REDUCTION_OF_F_<=_FACTR*EPSMCH'
     nfev: 22
      nit: 20
     njev: 22
   status: 0
  success: True
        x: array([-0.65888208, -0.88520662, -0.44408162,  0.37347237, -2.12949222,
       -1.37775012,  0.03716125,  0.        , -0.23628161])
{('N0', 'N1'): [2.264015567073373, 2.2640155670733724], ('N0', 'ENSLOCG'): [0.0, 0.0], ('N1', 'ENSGACG'): [22.321494615906147, 20.96531033533592], ('N1', 'ENSDARG'): [25.650285325542967, 24.292541222929856]}
