number of sites to be analyzed:  229
log likelihood =  1905.474220021034
Lr derivatives =  [44.60955795826949, -60.21296456286299, -1.7763568394002505e-14]
other derivatives =  [-21.10566584   2.88368938   5.53886821   2.13499334  86.21195775
  -0.        ]
Current x_clock array =  [-0.69986548 -0.67686775 -0.38542436  0.74193734 -0.10536052 -0.51082562
 -0.51082562 -0.51082562 -0.51082562]
log likelihood =  1857.8844406285027
Lr derivatives =  [-72.66929875418496, -93.45457914746723, 4.263256414560601e-14]
other derivatives =  [-22.68327535  -9.31365776 -64.97064078  12.60177669  38.2175358
  -0.        ]
Current x_clock array =  [-0.6931863  -0.70650569 -0.44235165  0.71999434 -0.99142849 -0.51082562
 -0.96931308 -0.50557547 -0.51082562]
log likelihood =  1832.775706266454
Lr derivatives =  [-62.24566786751311, -52.64162680022642, -2.1316282072803006e-14]
other derivatives =  [121.46042536   9.65962954 349.33254938   6.06605681   7.19369382
  -0.        ]
Current x_clock array =  [-0.58777877 -0.68409124 -0.19380514  0.65149029 -1.70343835 -0.51082562
 -0.93424726 -0.08775541 -0.51082562]
log likelihood =  1800.941131966287
Lr derivatives =  [-47.729401828810474, -45.376084482097006, 2.4868995751603507e-14]
other derivatives =  [37.64951089  8.72526016 19.84064966  9.68536824 10.84119958 -0.        ]
Current x_clock array =  [-0.64187286 -0.68537691 -0.34342879  0.65003675 -1.63068115 -0.51082562
 -0.86206865 -0.05892082 -0.51082562]
log likelihood =  1792.5691864596638
Lr derivatives =  [-27.080842106792055, -31.257306628613286, -7.105427357601002e-15]
other derivatives =  [18.13782546 14.65868991 -1.04041646  8.33683771 10.67983249 -0.        ]
Current x_clock array =  [-0.66107217 -0.68195034 -0.35844884  0.62665132 -1.71846144 -0.51082562
 -0.74651632  0.         -0.51082562]
log likelihood =  1787.4976236703365
Lr derivatives =  [-9.145145706637837, -23.80487053921048, 0.0]
other derivatives =  [-15.06123226  -5.07634468 -20.26420134   5.83363544   7.36968104
  -0.        ]
Current x_clock array =  [-0.69794378 -0.73376946 -0.36838478  0.57515069 -1.9071544  -0.51082562
 -0.58814831  0.         -0.51082562]
log likelihood =  1786.0339389237056
Lr derivatives =  [1.9952822613684873, -19.571441712813797, 0.0]
other derivatives =  [ 13.24051482   0.5730044  -30.17246399   3.83297447   1.70825842
  -0.        ]
Current x_clock array =  [-0.67192855 -0.73281697 -0.37402538  0.52329973 -2.11343148 -0.51082562
 -0.47211952  0.         -0.51082562]
log likelihood =  1785.657311737659
Lr derivatives =  [-2.717315483321264, -20.319440351923735, 0.0]
other derivatives =  [-16.72683538   2.83832833  -6.40968665   2.93564426  -3.73327111
  -0.        ]
Current x_clock array =  [-0.70569223 -0.72953346 -0.34949797  0.49077219 -2.2357006  -0.51082562
 -0.45172819  0.         -0.51082562]
log likelihood =  1785.404398860525
Lr derivatives =  [0.8274308127462549, -19.30485617658522, -1.4210854715202004e-14]
other derivatives =  [-3.86123702  1.40223619 -3.92324182  2.55986379 -0.34419827 -0.        ]
Current x_clock array =  [-0.69188726 -0.73274821 -0.34906413  0.49581964 -2.17947031 -0.51082562
 -0.45146267  0.         -0.51082562]
log likelihood =  1785.3731666571443
Lr derivatives =  [0.6305625935433774, -19.38499718312132, -2.4868995751603507e-14]
other derivatives =  [ 0.09176802  0.0336513  -0.24517703  2.2289214  -0.19667823 -0.        ]
Current x_clock array =  [-0.68780818 -0.7356109  -0.34647938  0.49011564 -2.17685038 -0.51082562
 -0.45380762  0.         -0.51082562]
log likelihood =  1785.3608016706294
Lr derivatives =  [0.38039001158342245, -19.458874998096395, -2.6645352591003757e-15]
other derivatives =  [ 1.30935405 -0.6054961   2.10168309  1.91869276 -0.2160732  -0.        ]
Current x_clock array =  [-0.68662102 -0.73687111 -0.34481462  0.48314962 -2.17739921 -0.51082562
 -0.4553233   0.         -0.51082562]
log likelihood =  1785.3441701867764
Lr derivatives =  [0.07489447440717178, -19.552608647405755, 2.220446049250313e-14]
other derivatives =  [ 2.03308446 -1.08823315  3.70487214  1.42781573 -0.24051587 -0.        ]
Current x_clock array =  [-0.68593022 -0.73763082 -0.34385741  0.47076377 -2.17762788 -0.51082562
 -0.45767113  0.         -0.51082562]
log likelihood =  1785.3176215340204
Lr derivatives =  [-0.1629702528655388, -19.6295479726448, 1.7763568394002505e-15]
other derivatives =  [ 2.03740456 -0.96154054  3.95930329  0.50995368 -0.14188117 -0.        ]
Current x_clock array =  [-0.68598222 -0.73674667 -0.34425545  0.44625045 -2.17541685 -0.51082562
 -0.46144081  0.         -0.51082562]
log likelihood =  1785.3035201065582
Lr derivatives =  [-0.11285773468201743, -19.640795786579368, -1.2434497875801753e-14]
other derivatives =  [ 0.56124918  0.10377335 -0.0565251   0.01737135 -0.03574314 -0.        ]
Current x_clock array =  [-0.68738351 -0.73391873 -0.34784278  0.43063168 -2.17177927 -0.51082562
 -0.46395437  0.         -0.51082562]
log likelihood =  1785.303302824081
Lr derivatives =  [-0.07155455782685927, -19.61581665232965, -1.7763568394002505e-15]
other derivatives =  [ 0.06659775  0.05450147  0.02382876  0.00270575 -0.03049081 -0.        ]
Current x_clock array =  [-0.68792181 -0.73404255 -0.34774012  0.43025841 -2.17228317 -0.51082562
 -0.46341421  0.         -0.51082562]
log likelihood =  1785.3032797476362
Lr derivatives =  [-0.01474134248182768, -19.59352747460685, -4.440892098500626e-15]
other derivatives =  [-0.01102762 -0.00077307 -0.00577529  0.00127329 -0.00586624 -0.        ]
Current x_clock array =  [-0.68801108 -0.73418254 -0.34775241  0.43031563 -2.17220954 -0.51082562
 -0.46305502  0.         -0.51082562]
log likelihood =  1785.3032790464679
Lr derivatives =  [-0.0002930196742969571, -19.58826319689195, 1.2434497875801753e-14]
other derivatives =  [-2.75122147e-03  1.06865627e-03  2.27373675e-05  2.27373675e-04
 -2.27373675e-05 -0.00000000e+00]
Current x_clock array =  [-0.68800556 -0.73418496 -0.34774702  0.43031657 -2.17218985 -0.51082562
 -0.46297649  0.         -0.51082562]
      fun: 1785.3032790464679
 hess_inv: <9x9 LbfgsInvHessProduct with dtype=float64>
      jac: array([-2.75122147e-03,  1.06865627e-03,  2.27373675e-05,  2.27373675e-04,
       -2.27373675e-05, -0.00000000e+00, -2.93019674e-04, -1.95882632e+01,
        1.24344979e-14])
  message: b'CONVERGENCE: REL_REDUCTION_OF_F_<=_FACTR*EPSMCH'
     nfev: 17
      nit: 16
   status: 0
  success: True
        x: array([-0.68800556, -0.73418496, -0.34774702,  0.43031657, -2.17218985,
       -0.51082562, -0.46297649,  0.        , -0.51082562])
