number of sites to be analyzed:  314
log likelihood =  -7102.480782526808
Edge derivatives =  [136.92253294930563, 139.6745473156582, 297.3048627796204, 231.367008637531]
other derivatives: [ 191.91384126  139.59333955 -137.71286831    9.86492523  287.46699172
    6.92371032]
Current x array =  [-0.67089138 -0.72179278 -0.64233185  0.         -4.60517019 -4.60517019
 -4.60517019 -4.60517019 -4.60517019 -4.60517019]
log likelihood =  -6590.918414357349
Edge derivatives =  [129.54695197841346, 140.42158564384295, 298.59451443987587, 227.52670083915362]
other derivatives: [173.78424673 131.40015653 -38.52255759  -7.07841536 269.87781894
   5.99093255]
Current x array =  [-0.66972202 -0.72052755 -0.90169429  0.01857917 -4.06376732 -4.59213037
 -4.34729623 -4.3421132  -4.0452391  -4.1694236 ]
log likelihood =  -5080.426380188921
Edge derivatives =  [87.07210413039593, 132.7946387854645, 220.91183971714108, 176.50582962498524]
other derivatives: [-89.91337381  74.49598343 259.5933438   32.12089723  13.06780177
   3.78113327]
Current x array =  [-0.66504458 -0.71546665 -1.93914407  0.09289586 -1.89815586 -4.53997111
 -3.31580038 -3.28988526 -1.80551476 -2.42643723]
log likelihood =  -7641.464096563435
Edge derivatives =  [-35.47113348104253, -49.6187837402477, -5.138727389490908, -490.5510108759929]
other derivatives: [1460.7248886  -390.64052544  918.20202215  420.39064283  147.13778
  242.07165552]
Current x array =  [-1.96238638 -0.52530719 -1.32127313  0.45857656  1.29774773 -4.43497824
 -1.14007802 -0.71500441  3.1761451   1.48745633]
log likelihood =  -4785.631917795227
Edge derivatives =  [66.44319269595061, 123.65379781332871, 116.05271305196936, 134.29995535579656]
other derivatives: [211.32482289   6.67196218 282.6992386   29.07354428 -63.66617527
   3.39505277]
Current x array =  [-0.85662002 -0.68738625 -1.84790451  0.14689508 -1.42622424 -4.52446706
 -2.99451654 -2.90965862 -1.06988468 -1.84848171]
log likelihood =  -4512.930287271216
Edge derivatives =  [0.8232933689150151, 70.36674366336027, -372.102404340559, -55.99124820064227]
other derivatives: [-537.06735343  -66.70625226  252.49009923   60.82500477 -267.06129574
    6.2658728 ]
Current x array =  [-0.4841738  -0.68362076 -0.87642031  0.33151133 -0.717968   -4.48470222
 -2.18982874 -1.82350809  0.63433563 -0.36391123]
log likelihood =  -4573.964993160291
Edge derivatives =  [15.486377046449823, 72.11954111911567, -91.37495982190795, -21.22507903459602]
other derivatives: [ 2.80583663e+02 -1.15431430e+02 -3.49958591e+03 -5.59739419e+00
 -1.23243626e+02  2.38214852e+00]
Current x array =  [-0.84436655 -0.63478055 -0.09783481  0.41195809 -1.46980541 -4.48518288
 -2.31752915 -1.82659879 -0.0206899  -0.60881231]
log likelihood =  -4251.1625116101295
Edge derivatives =  [14.968004162543458, 78.31613311287312, -159.8790579161488, -6.049652051677184]
other derivatives: [   0.73177944  -86.7565177  -192.19714886   23.85850166 -195.11790015
    2.60233719]
Current x array =  [-0.67470151 -0.65778622 -0.4645794   0.37406448 -1.11566023 -4.48495647
 -2.2573772  -1.82514295  0.28785306 -0.49345421]
log likelihood =  -4333.737422820739
Edge derivatives =  [51.251409136369496, 111.0140541584077, 100.8191063237549, 97.86847859104672]
other derivatives: [150.02096916  12.26189852 189.09267965 -14.94754542 -14.74800229
   2.32494131]
Current x array =  [-0.72634024 -0.71149868 -1.04514186  0.3177886  -1.63293332 -4.49939625
 -2.60469337 -2.23456803 -0.68422743 -1.17512405]
log likelihood =  -4202.131398657133
Edge derivatives =  [29.32776984156062, 92.25495100268164, -40.38283588979049, 40.114886657641925]
other derivatives: [  57.45578164  -46.35558071   62.79115041    9.58307282 -121.01963875
    2.20170477]
Current x array =  [-0.69206652 -0.67584858 -0.65981024  0.3551401  -1.28960819 -4.48981226
 -2.37417226 -1.96282391 -0.03903698 -0.7226853 ]
log likelihood =  -4154.818742200685
Edge derivatives =  [30.671281065619063, 90.52229840875697, 16.533984928520177, 40.91903621479889]
other derivatives: [-29.01624612  -0.6872142  -83.70616342  -1.96423571 -63.90937415
   1.83363227]
Current x array =  [-0.6425971  -0.72718915 -0.5247696   0.38577546 -1.58560385 -4.48642752
 -2.33705535 -1.80794697 -0.15640179 -0.67458168]
log likelihood =  -4103.780559047091
Edge derivatives =  [22.973046547720983, 79.38369100238776, 26.657824964204504, 8.980444841206822]
other derivatives: [  43.81372491   35.03018888 -139.04900698  -14.71025826  -21.21596481
    1.67656253]
Current x array =  [-0.6809656  -0.78537584 -0.48206256  0.42863413 -1.88697059 -4.47568907
 -2.17665173 -1.41336353 -0.1171068  -0.43529273]
log likelihood =  -4044.553515081655
Edge derivatives =  [10.702061233780206, 49.43546405394635, 24.836436791713382, -33.609808623386584]
other derivatives: [ 28.85440153 -39.45988283 -62.89637895 -29.01929292  24.16859388
   1.6742888 ]
Current x array =  [-0.67162707 -0.71596396 -0.53057158  0.44637021 -2.32804759 -4.45220347
 -1.87367685 -0.59874933 -0.04054171 -0.10714078]
log likelihood =  -4035.21685986663
Edge derivatives =  [0.7921981066685954, 2.0261419387337365, 6.701833103589236, -42.64596994250739]
other derivatives: [ 48.73345461 139.48802007  39.14024092 -18.05115062  -1.02822924
   1.52654138]
Current x array =  [-0.68618442 -0.96949698 -0.60018299  0.33220067 -2.47723101 -4.42433738
 -1.58390253  0.22757989  0.10888926 -0.01505496]
log likelihood =  -4015.9313482448797
Edge derivatives =  [2.467909716566691, 7.4201207638699325, 9.902824563820786, -30.018366141757646]
other derivatives: [ -6.33090167  27.7437266    6.34445314 -15.81997822  12.70577741
   1.46169441]
Current x array =  [-0.65485826 -0.80405511 -0.58026263  0.30363066 -2.48075191 -4.42532229
 -1.62411955  0.15063586  0.08173239 -0.12446359]
log likelihood =  -4011.3902640006345
Edge derivatives =  [2.2710413692117144, 5.280403754149634, 3.0295735240480006, -21.005127645606812]
other derivatives: [-12.15994416 -20.12375262   4.25316102  -9.45274223   7.93074832
   1.34195943]
Current x array =  [-0.65303039 -0.748089   -0.58120614  0.248926   -2.42786285 -4.42266606
 -1.63610888  0.14221944  0.09386701 -0.24506392]
log likelihood =  -4008.434348472477
Edge derivatives =  [2.79491785128598, 1.9766676638333869, -2.501130449428031, -7.312081861062989]
other derivatives: [ -6.57046257 -17.42400855   1.07215783  -0.23719622   1.11103873
   1.15510375]
Current x array =  [-0.65613239 -0.74796719 -0.58211145  0.17658643 -2.36531428 -4.41744159
 -1.64217445  0.15343751  0.10622342 -0.40399229]
log likelihood =  -4007.8855944103475
Edge derivatives =  [2.7554207567078195, -2.1517316175077092, -1.2350715385540498, -0.7891879148628358]
other derivatives: [-1.82240001 -0.19140316 -2.13808562  1.282433    0.62050276  1.0936219 ]
Current x array =  [-0.6581035  -0.76645464 -0.58065153  0.16620058 -2.36236707 -4.40574781
 -1.60428964  0.20353424  0.10646558 -0.47087461]
log likelihood =  -4007.813185060346
Edge derivatives =  [2.8693850075428, -0.5969292163303493, -1.2256978833761143, 0.4595022990470412]
other derivatives: [ 2.14035936  2.10166036 -0.56029421  1.33368303  0.70203896  1.09139364]
Current x array =  [-0.65993565 -0.76828376 -0.58209427  0.17003117 -2.34900682 -4.4018015
 -1.60012309  0.1790693   0.10153877 -0.48810937]
log likelihood =  -4007.7380965034604
Edge derivatives =  [2.5418044643714572, 0.05172350337697704, -1.0612910812393017, 1.1494996533000537]
other derivatives: [-2.42816895  4.00505087  1.45168997  0.8704319   0.1240096   1.10221663]
Current x array =  [-0.65749927 -0.77005624 -0.58385471  0.1794029  -2.33560143 -4.39288766
 -1.57966373  0.16339795  0.09421855 -0.50314908]
log likelihood =  -4007.6395128274708
Edge derivatives =  [1.2953684162225445, 0.3518560286708089, 0.5170375571163652, 1.6699080813063507]
other derivatives: [ 8.95347512  3.95671123  1.74031811 -1.20940058 -0.5748916   1.14982868]
Current x array =  [-0.6633852  -0.7691776  -0.58394806  0.20662071 -2.31362779 -4.36817609
 -1.51634373  0.14566657  0.075482   -0.5230852 ]
log likelihood =  -4007.5846301061815
Edge derivatives =  [0.7994681703737647, -0.21881725750081038, 0.7236668953566803, 0.9098572841426509]
other derivatives: [-1.04396349  1.94213499 -0.95055839 -1.49707375 -0.94446477  1.16806405]
Current x array =  [-0.65836098 -0.76726236 -0.58183736  0.20978144 -2.31585137 -4.36164512
 -1.4997398   0.15085174  0.07363719 -0.51775155]
log likelihood =  -4007.5682689589657
Edge derivatives =  [0.5816533850507097, -0.7341214308349475, 0.7091105119426069, 0.27937521575999325]
other derivatives: [-1.68051884 -0.32678145 -0.80126483 -1.57278919 -0.89939931  1.17797754]
Current x array =  [-0.65813797 -0.76497192 -0.58180572  0.20866851 -2.32124491 -4.35931216
 -1.49391326  0.15864559  0.07482484 -0.51057053]
log likelihood =  -4007.5475966008553
Edge derivatives =  [0.3091905125139072, -0.8681790981775683, 0.6459529248789153, -0.12385842428107711]
other derivatives: [-1.37870302 -1.36601557 -0.41027306 -1.41026248 -0.78844096  1.19289325]
Current x array =  [-0.65835935 -0.76399662 -0.58196791  0.20535073 -2.32611878 -4.35243872
 -1.48299141  0.16167649  0.07641753 -0.50619886]
log likelihood =  -4007.4949043783936
Edge derivatives =  [-0.4566938585694179, -0.49826817377603194, 0.43263269477670585, -0.7040040706598615]
other derivatives: [-0.27584974 -2.16900844 -1.54645932 -0.40436134 -0.20613697  1.24355211]
Current x array =  [-0.65905031 -0.76351628 -0.58076323  0.19083869 -2.34031975 -4.32271607
 -1.44620914  0.16164545  0.08270011 -0.4991279 ]
log likelihood =  -4007.640070440167
Edge derivatives =  [-1.4127711623625663, -0.36899895405349925, -1.0650607085404444, -0.5555999532976331]
other derivatives: [-1.77437869e+00  6.03904482e-02  2.10720827e+01  2.85672286e-01
 -1.06410880e-02  1.31512934e+00]
Current x array =  [-0.65803761 -0.76643884 -0.5981993   0.17600308 -2.3514868  -4.27591894
 -1.40631486  0.16368994  0.09115546 -0.50495828]
log likelihood =  -4007.4866974315682
Edge derivatives =  [-0.6306018844324482, -0.47091399143643325, 0.15546642424946444, -0.6729082963628154]
other derivatives: [-0.55483724 -1.75004971  2.7725946  -0.27166607 -0.1634362   1.25655788]
Current x array =  [-0.65886121 -0.76406201 -0.58401906  0.18806844 -2.34240497 -4.31397765
 -1.43875968  0.16202722  0.08427898 -0.50021661]
log likelihood =  -4007.4704166337406
Edge derivatives =  [-0.8226057055365686, 0.01122917687794911, 0.002826324909900091, -0.40353578822115843]
other derivatives: [ 0.09749783 -0.76752258  1.3909812   0.40831765  0.11978045  1.27547537]
Current x array =  [-0.659193   -0.76519641 -0.58290997  0.18024851 -2.34653571 -4.29821491
 -1.42556146  0.15762988  0.08754893 -0.50259524]
log likelihood =  -4007.4541900537683
Edge derivatives =  [-0.845407694969281, 0.40478019029638745, -0.1921140538125008, 0.007063994290189696]
other derivatives: [0.29617695 0.12123564 0.63196239 0.76438482 0.29604053 1.29075488]
Current x array =  [-0.65926112 -0.76615779 -0.58232316  0.17668892 -2.34764114 -4.28073365
 -1.42015881  0.15328389  0.08990943 -0.50692162]
log likelihood =  -4007.406697740401
Edge derivatives =  [-0.8699039458068225, 1.0187183515025824, -0.641802241224522, 0.9923025249485884]
other derivatives: [ 0.38894541  2.6871021  -0.87752596  1.29448381  0.6476057   1.34350557]
Current x array =  [-0.65921737 -0.76903563 -0.58112079  0.17166875 -2.35017965 -4.22007005
 -1.40885632  0.14683513  0.09556621 -0.51732416]
log likelihood =  -4007.3081255875977
Edge derivatives =  [-0.8949860531734662, 1.7907495765201251, -1.5508354129576332, 2.7217952896090667]
other derivatives: [ 1.08307177  4.96779649 -2.71611498  1.83108568  1.17292984  1.47329047]
Current x array =  [-0.65944213 -0.77157443 -0.57960148  0.16701981 -2.35380247 -4.08015955
 -1.38994493  0.13835762  0.10533152 -0.53659697]
log likelihood =  -4006.9928051267643
Edge derivatives =  [-0.9904783625780941, 2.6776643805052736, -3.5868543712986996, 6.295635586795718]
other derivatives: [ 0.82272891 11.82665983 -6.98801159  2.66718416  2.35136213  1.93840606]
Current x array =  [-0.65899259 -0.7796016  -0.5760812   0.15923431 -2.36845778 -3.63977172
 -1.33971342  0.13120831  0.13006883 -0.57604317]
log likelihood =  -4012.733642725407
Edge derivatives =  [3.7916251783004067, 3.565691806981541, -17.373135243784137, 22.283358530529078]
other derivatives: [  6.22640073  47.29477041 -40.05892151   8.97166501   3.98099473
 -13.08753781]
Current x array =  [-0.658368   -0.81511336 -0.55989666  0.12498497 -2.45816764 -0.99820829
 -1.04784323  0.11280985  0.26671052 -0.78095145]
log likelihood =  -4006.240714319087
Edge derivatives =  [-0.6790248379400743, 3.5381078522728955, -7.464160771784485, 12.191455831490652]
other derivatives: [  1.74004526  22.3209554  -14.65559762   3.95307325   4.2150532
   2.81847861]
Current x array =  [-0.65878269 -0.79153568 -0.57064223  0.14772448 -2.39860566 -2.75204839
 -1.24162758  0.12502533  0.17598861 -0.64490461]
log likelihood =  -4007.0589954141637
Edge derivatives =  [1.7914994755887947, 3.888963728628902, -13.511272189910681, 19.260299532835493]
other derivatives: [  4.11364454  37.87949936 -29.34484655   6.51607479   5.19235073
  -1.39466465]
Current x array =  [-0.658509   -0.80709695 -0.56355015  0.1327164  -2.43791656 -1.59451393
 -1.11372991  0.11696311  0.23586507 -0.73469552]
log likelihood =  -4005.987407897756
Edge derivatives =  [-0.08025873795850136, 3.793331886766586, -9.469169215463918, 14.868534255529472]
other derivatives: [  2.40465852  27.68438208 -19.24577191   4.70704435   4.86547833
   2.65904418]
Current x array =  [-0.65868257 -0.79722815 -0.56804787  0.14223437 -2.412986   -2.3286102
 -1.19484128  0.12207608  0.19789204 -0.67775106]
log likelihood =  -4015.371851541563
Edge derivatives =  [3.5731160401609037, 2.3362933073652634, -17.44564775118426, 21.768135005977825]
other derivatives: [  2.07191988  43.61327228 -36.41021067   9.38612175   3.14621502
 -19.81488822]
Current x array =  [-0.65575698 -0.80844665 -0.56450741  0.12512298 -2.47145122 -0.78929405
 -1.01115981  0.12535724  0.26832973 -0.77275036]
log likelihood =  -4005.8578400368224
Edge derivatives =  [0.30576639233519404, 3.6999043243415763, -10.585614045023974, 16.150432042784107]
other derivatives: [  2.04054231  29.79613782 -21.09259185   5.10772225   5.13869054
   2.04609023]
Current x array =  [-0.65819723 -0.79908926 -0.56746052  0.13939566 -2.42268515 -2.07324365
 -1.16436924  0.12262041  0.20957738 -0.69351108]
log likelihood =  -4005.004017906972
Edge derivatives =  [0.600443395167769, 2.9015649928180065, -8.519878767708594, 15.696605090136426]
other derivatives: [ 24.00461199  25.49368219 -13.380577     3.46917659   6.78624019
   1.45355443]
Current x array =  [-0.66940469 -0.79255489 -0.57374387  0.1535005  -2.42679964 -1.92030324
 -1.15954299  0.13238789  0.1965608  -0.67803649]
log likelihood =  -4002.6681124349616
Edge derivatives =  [0.21656601890727456, -1.2444895606269841, -1.3898055953280477, 10.113065129325475]
other derivatives: [15.53366928  1.04009814  3.25517249 -2.03449417  8.53428901 -0.09890755]
Current x array =  [-0.66471027 -0.76219722 -0.58844749  0.20310987 -2.43621395 -1.63409744
 -1.15861045  0.17788964  0.13718239 -0.58110765]
log likelihood =  -4002.2279013646457
Edge derivatives =  [-0.684380015969194, -4.07330577153237, 2.146384895558886, 1.7654615877644846]
other derivatives: [ 8.46025614 -3.33257049  7.42579687 -4.85229066  3.49664333  1.77196853]
Current x array =  [-0.66214733 -0.7587147  -0.5906801   0.23685507 -2.39937443 -1.86341727
 -1.23087702  0.19848065  0.08821939 -0.48487252]
log likelihood =  -4002.4912389524898
Edge derivatives =  [-1.386406368927687, -4.392379714039553, -3.7841454738573166, -2.4318520133145105]
other derivatives: [-34.69908734  -7.77517926 -13.85587893   1.03791535  -8.04802767
  -2.53548933]
Current x array =  [-0.64137105 -0.75223164 -0.57748701  0.20468929 -2.36339092 -1.42136052
 -1.1808776   0.15574826  0.09160508 -0.45054701]
log likelihood =  -4001.871043688907
Edge derivatives =  [-1.0145615910735892, -4.167504764841753, -0.37903691393220873, -0.07849458528287245]
other derivatives: [-10.19425326  -5.35710569  -1.73004082  -2.32148523  -1.44746082
   0.38489816]
Current x array =  [-0.65301529 -0.75586512 -0.58488119  0.22271687 -2.38355818 -1.66911487
 -1.20890019  0.17969798  0.08970754 -0.46978502]
log likelihood =  -4001.7623638066234
Edge derivatives =  [-0.9813266723799942, -2.812498033145232, -1.6303058856155612, 0.8096165399178765]
other derivatives: [-3.62852006 -1.88483682  0.83396117 -0.79380698 -1.57679096 -0.07257768]
Current x array =  [-0.65624823 -0.75911991 -0.58717471  0.20739719 -2.38237554 -1.62293305
 -1.19543684  0.15996456  0.09685437 -0.48109719]
log likelihood =  -4001.709794651164
Edge derivatives =  [-0.8590784062938619, -1.5649745534605877, -1.245419780639783, 0.5366178506385946]
other derivatives: [ 1.93467713e+00 -4.63023753e-01 -1.34400580e+00  5.44787326e-02
 -1.28306965e+00  1.00044417e-03]
Current x array =  [-0.65912242 -0.76030494 -0.58559911  0.19876171 -2.3789991  -1.63144749
 -1.19817107  0.14199613  0.09275082 -0.47703456]
log likelihood =  -4001.683737166257
Edge derivatives =  [-0.6884024225553199, -0.4474656456980324, -0.5342351627052695, -0.17337617342875633]
other derivatives: [ 1.62117431  1.14964678  1.21981429  0.44574335 -0.92722985  0.0512955 ]
Current x array =  [-0.65885055 -0.76175674 -0.58785501  0.19422964 -2.3755407  -1.63236802
 -1.20498947  0.12532064  0.08471218 -0.46768066]
log likelihood =  -4001.6780072385654
Edge derivatives =  [-0.4119946937047706, 0.15948688772126995, 0.3973270371449422, -0.14287618004110952]
other derivatives: [ 0.86861291 -0.73173396 -1.65123311  0.27876013  0.19736035  0.04997673]
Current x array =  [-0.65836461 -0.75939074 -0.58576653  0.1950262  -2.37756916 -1.63111463
 -1.2106674   0.11845623  0.07974334 -0.46476396]
log likelihood =  -4001.6750879394776
Edge derivatives =  [-0.4090477854306542, 0.008220465219183765, 0.2877587805382883, -0.13818010372082323]
other derivatives: [-0.10645635 -0.14374564  0.0176442   0.10090844  0.11768861  0.06316441]
Current x array =  [-0.6578328  -0.76013041 -0.58703742  0.19677129 -2.37743485 -1.63255927
 -1.21218321  0.1207323   0.08035434 -0.46520614]
log likelihood =  -4001.6742926148595
Edge derivatives =  [-0.3718996755020552, -0.05090645281161457, 0.2555212327178732, -0.127828227016102]
other derivatives: [-0.32823664  0.06680239  0.29353941 -0.00618456  0.10008989  0.04565663]
Current x array =  [-0.6577061  -0.76038395 -0.58724499  0.19799419 -2.37725076 -1.63150202
 -1.21385754  0.12162055  0.08059855 -0.46527225]
log likelihood =  -4001.672648527552
Edge derivatives =  [-0.25294133994162515, -0.04152789495846901, 0.04533934768207959, -0.05533336782929854]
other derivatives: [-0.68321242  0.13333192  0.69499038 -0.15484147  0.04442882  0.04242793]
Current x array =  [-0.65751091 -0.76048545 -0.58752291  0.19990062 -2.37618055 -1.63376744
 -1.21953193  0.12161772  0.08188156 -0.46636705]
log likelihood =  -4001.672027505401
Edge derivatives =  [-0.09819359459877189, -0.1009412615758894, -0.021252773664869773, -0.18960357662999702]
other derivatives: [ 0.43642103  0.13851604  0.47966751 -0.30017873 -0.15120349 -0.02851266]
Current x array =  [-0.65810328 -0.76043918 -0.58736273  0.20217609 -2.37413807 -1.62962344
 -1.22683673  0.1218671   0.08161347 -0.46460683]
log likelihood =  -4001.671305126314
Edge derivatives =  [-0.033569265108318466, 0.06211655124193158, -0.04523014772297951, 0.02040157584304711]
other derivatives: [-0.17284947  0.29403964  0.02655725 -0.21746018  0.04656613 -0.00673026]
Current x array =  [-0.65775887 -0.76060384 -0.58702012  0.20118201 -2.3746009  -1.63322535
 -1.22822577  0.120291    0.08240664 -0.4667954 ]
log likelihood =  -4001.6711247735525
Edge derivatives =  [-0.04525984536750598, 0.0842759175391814, -0.06306421269517992, 0.0204074792816952]
other derivatives: [-0.00873115 -0.06957634  0.12310011 -0.13124009  0.0306045   0.00059117]
Current x array =  [-0.65785386 -0.7601763  -0.58711094  0.2001914  -2.37456947 -1.6336851
 -1.22783754  0.119886    0.08235249 -0.46693037]
log likelihood =  -4001.6710280917364
Edge derivatives =  [-0.042041749161556896, 0.06985515259845265, -0.052180697860850556, -0.005040707475044454]
other derivatives: [ 0.03442437 -0.0678483  -0.05834409 -0.06898517 -0.02460183 -0.00086402]
Current x array =  [-0.65788598 -0.76016897 -0.58698564  0.1996358  -2.37430628 -1.63390597
 -1.22826837  0.11993522  0.08213542 -0.46667335]
log likelihood =  -4001.670950469087
Edge derivatives =  [-0.02195675662976096, 0.04728788952673277, -0.00981466912370621, -0.002029014678119556]
other derivatives: [ 0.11859811 -0.04270078 -0.10932126 -0.02169145 -0.02964953 -0.00136424]
Current x array =  [-0.6579293  -0.76018368 -0.58696831  0.19912445 -2.37421063 -1.63443777
 -1.22923748  0.12028507  0.08183998 -0.46659661]
log likelihood =  -4001.670933902727
Edge derivatives =  [0.0016286291077620973, -0.005655186567237791, 0.0068965517655585895, -0.010111620702642127]
other derivatives: [-0.20909283 -0.10372787 -0.09977157  0.00118234 -0.06075425 -0.00736691]
Current x array =  [-0.65776097 -0.76011543 -0.58699917  0.19890254 -2.37411864 -1.63441372
 -1.23055188  0.12102035  0.0816717  -0.46643323]
log likelihood =  -4001.6709036721777
Edge derivatives =  [-0.0019110963454301022, -0.0018927642586371585, 0.02240807851783999, 0.015527019950986265]
other derivatives: [ 0.0170985   0.00600267 -0.020691    0.00623004 -0.02528395 -0.00177351]
Current x array =  [-0.65787217 -0.76023823 -0.58705664  0.19875095 -2.37431853 -1.63495871
 -1.23022342  0.12112124  0.08171446 -0.46665716]
log likelihood =  -4001.6709016710947
Edge derivatives =  [-0.0030697734067160476, -0.0005920896416794774, 0.018061682780234456, 0.016716016195268885]
other derivatives: [ 0.00386535  0.00545697  0.00022737 -0.00113687 -0.02050911 -0.00154614]
Current x array =  [-0.65786458 -0.76024015 -0.58707001  0.19881692 -2.37436272 -1.63492243
 -1.2301514   0.12112475  0.08176436 -0.46666645]
      fun: 4001.6709016710947
 hess_inv: <10x10 LbfgsInvHessProduct with dtype=float64>
      jac: array([-0.00386535, -0.00545697, -0.00022737,  0.00113687,  0.02050911,
        0.00154614,  0.00306977,  0.00059209, -0.01806168, -0.01671602])
  message: b'CONVERGENCE: REL_REDUCTION_OF_F_<=_FACTR*EPSMCH'
     nfev: 58
      nit: 47
   status: 0
  success: True
        x: array([-0.65786458, -0.76024015, -0.58707001,  0.19881692, -2.37436272,
       -1.63492243, -1.2301514 ,  0.12112475,  0.08176436, -0.46666645])
