number of sites to be analyzed:  193
log likelihood =  -4521.094060834652
Edge derivatives =  [45.27464259732123, 37.44994174405661, 74.80670261915964, 92.63945600202264, 13.812409105019558, 12.420124607026997, 58.685700435717806, 43.23672562131088, 22.260264252091872, 35.909588802575236, 68.71323839992056, 43.8481225340943]
other derivatives: [ -77.00837159   37.00115485  -71.17996574   37.72220225 -316.93398341
   87.00199032]
Current x array =  [-0.67523148 -0.68212469 -0.56026093  0.74193734 -0.10536052 -0.51082562
 -4.60517019 -4.60517019 -4.60517019 -4.60517019 -4.60517019 -4.60517019
 -4.60517019 -4.60517019 -4.60517019 -4.60517019 -4.60517019 -4.60517019]
log likelihood =  -4211.739411158764
Edge derivatives =  [42.89890985528926, 37.99658847757312, 73.92782100336552, 93.63332803082561, 13.1992465972062, 12.011230601089164, 58.263186980467374, 42.74501372256823, 21.80916498090286, 35.90289032713497, 68.23772952883441, 43.39674549259581]
other derivatives: [ 159.79758246   41.38664735  -10.9179382     1.24355211 -221.8886948
   72.60423445]
Current x array =  [-0.87771559 -0.68046259 -0.74741996  0.84112327 -0.93869972 -0.49107683
 -4.48612604 -4.50670014 -4.4084751  -4.36158605 -4.56885214 -4.57251299
 -4.4508633  -4.4914845  -4.54663954 -4.51075031 -4.42449712 -4.4898769 ]
log likelihood =  -3624.137411398277
Edge derivatives =  [38.43950979435362, 32.714660482116244, 65.32090790516686, 93.00722144739292, 9.0247579869325, 9.760267967360145, 53.35320662836151, 36.571372995964325, 18.259222209273606, 34.25756041124341, 60.88605088430837, 39.315453635617764]
other derivatives: [-474.82867558   89.30906006   55.61237231  -78.64341569    1.95809662
   50.44171303]
Current x array =  [-0.4690571  -0.57556129 -1.23139239  1.07293032 -4.03493406 -0.32221903
 -3.98297036 -4.07685841 -3.5605675  -3.30023868 -4.41474276 -4.43316384
 -3.7842313  -4.00132311 -4.29535712 -4.10147227 -3.6438544  -3.99252741]
log likelihood =  -3423.914539331924
Edge derivatives =  [32.90162376853346, 25.738878462198493, 53.30523340395414, 74.69750050817917, 5.44711931394833, 7.045604995668049, 44.262339058859496, 28.294030865070077, 15.007494162309559, 29.68603467823139, 49.65496741201469, 32.67440821835216]
other derivatives: [ 298.12849789 -296.28458833   22.89057193  -70.0716555    23.41357686
   38.44716048]
Current x array =  [-0.94657555 -0.29671664 -1.29307026  0.9627542  -5.80238536 -0.14445037
 -3.57854212 -3.72710116 -2.8721855  -2.40757577 -4.29734196 -4.32286627
 -3.23769612 -3.6062395  -4.09435616 -3.76183583 -3.00767819 -3.58620662]
log likelihood =  -3299.3712463371276
Edge derivatives =  [27.84604979450152, 21.68801970095532, 44.13827140047478, 54.816481983153245, 3.9348074796604773, 5.656536579449682, 36.59335157887426, 22.73900497894446, 12.362815938668101, 26.66570578442458, 38.27347939541963, 28.80984197083037]
other derivatives: [ 234.50338631 -137.44661373   65.56397238  -64.39204299   25.63974704
   25.73451638]
Current x array =  [-0.89420303 -0.40240432 -1.37499113  0.91477405 -6.80871398 -0.03436934
 -3.35252477 -3.5348585  -2.49124037 -1.91513784 -4.23360841 -4.26237155
 -2.93479377 -3.38877861 -3.98298786 -3.57276629 -2.65581112 -3.3609186 ]
log likelihood =  -3184.368429689199
Edge derivatives =  [5.19118375534918, 6.32144859604297, 11.418611082883869, -26.521946803604408, -0.3352918225475316, 1.4145659954350418, -0.9650714069635341, 2.988216284758105, 3.0392085749847855, 13.120124768778856, -17.477264575969368, 12.30516569553632]
other derivatives: [   4.70904524 -188.96607799  211.06425265  -36.19834388   26.84591891
  -41.77545634]
Current x array =  [-0.65508418 -0.43865385 -1.36273259  0.69869391 -9.41653545  0.27630237
 -2.72433678 -3.00412621 -1.44021425 -0.58413502 -4.06374752 -4.09759906
 -2.09756162 -2.7941177  -3.67657448 -3.03825855 -1.69806174 -2.729973  ]
log likelihood =  -3081.1762748319634
Edge derivatives =  [12.482048834060183, 10.897381698190411, 32.369141583535566, 0.35603301884719235, 2.468846845585019, 3.188065953044532, 9.006079298213937, 10.48182453662693, 5.868543897060637, 15.399225109477957, -5.6077573480759195, 14.875293081558242]
other derivatives: [-21.91486601  91.73982107  -9.79043762  11.85289875  26.87593224
 -63.06090654]
Current x array =  [-0.66498865 -0.87036662 -0.60884616  0.48952407 -9.71127465  0.26117076
 -2.58484677 -2.88253859 -1.20253146 -0.41451938 -4.03531299 -4.06269783
 -1.93678857 -2.67273588 -3.6087863  -2.88908872 -1.56983724 -2.56657391]
log likelihood =  -3063.288767379524
Edge derivatives =  [13.57343550881286, 11.974447578557506, 31.942106408973466, 5.071886786551659, 2.9501147956640987, 3.723571153407952, 13.975880389797327, 12.489598440292626, 6.926515179524329, 17.40635979986355, 3.6280752186002396, 17.097244516779003]
other derivatives: [ -0.38835424  64.52623893  20.64311957   2.51966412  26.83750608
 -39.25861165]
Current x array =  [-0.67658689 -0.77497886 -0.67157508  0.53658703 -9.37172413  0.12041668
 -2.63061611 -2.92142351 -1.25877578 -0.55268248 -4.04951644 -4.0750694
 -2.01093618 -2.71863348 -3.63170906 -2.92072699 -1.68126423 -2.60973838]
log likelihood =  -3026.2424391242384
Edge derivatives =  [11.156134235649404, 11.393623280877838, 23.44929129068535, 9.061254571268924, 3.35422605981891, 3.8205699255794907, 16.175572669900983, 13.41777368930071, 7.154281213472468, 17.664069823179457, 12.505484632304452, 16.538320139018808]
other derivatives: [-39.73950697 -49.77537174 -24.59569259   0.28703653  26.75478754
  -9.03714863]
Current x array =  [-0.65868421 -0.55296151 -0.5649998   0.60664581 -9.00316956 -0.29652785
 -2.54338676 -2.84458859 -1.0227812  -0.60014133 -4.03309636 -4.05089946
 -1.94255247 -2.64142167 -3.58680132 -2.79337236 -1.72642965 -2.4918395 ]
log likelihood =  -3003.9116485980076
Edge derivatives =  [7.648029816242682, 9.300958349010944, 12.774889113351513, 6.790681092054429, 3.106696135396983, 3.2857694383717293, 12.538315327127469, 11.907116427987981, 6.143990652288881, 15.538548203346057, 12.059587770621416, 13.496397646612397]
other derivatives: [ 14.51198841 -91.17311492 -23.25359674   1.20326149  26.71345101
  -1.16087904]
Current x array =  [-0.7218841  -0.52531373 -0.52988458  0.63325782 -8.92428606 -0.58372284
 -2.40051166 -2.71433902 -0.71120978 -0.49928053 -3.99786336 -4.00970427
 -1.78098312 -2.50085952 -3.51010858 -2.61099797 -1.64288809 -2.31083262]
log likelihood =  -2973.061670783477
Edge derivatives =  [3.629148086940366, 6.3995691686991725, -2.7574704561314602, 4.867743837554606, 2.4535112358411686, 2.2583831727812393, 4.42671171994401, 8.70131421400238, 3.9686288583571034, 9.66528221631433, 9.62076451886664, 5.849346868777953]
other derivatives: [ 65.69071047 -43.33160177 -52.99752956   7.46385922  26.5464223
   6.29288479]
Current x array =  [-0.80469482 -0.629866   -0.45938546  0.67686382 -8.67228356 -1.10456122
 -2.1297439  -2.45736948 -0.1393736  -0.31882047 -3.92695655 -3.92765307
 -1.46719659 -2.21845894 -3.35720122 -2.23959158 -1.47168026 -1.95123964]
log likelihood =  -2951.893819540204
Edge derivatives =  [2.6579447557817226, 6.022146550991789, -13.456627847323118, 6.829915069512883, 1.571470612110768, 1.3808982929089932, -2.027985970711135, 3.905961047363571, 2.1957775181975663, 2.36704246308148, 9.331799820302843, -1.36847831065708]
other derivatives: [ 89.56426427 -32.79396878  82.76433618  -3.29823706  25.8133241
   9.56520125]
Current x array =  [-0.8300536  -0.66463548 -0.56252887  0.76738672 -7.77384547 -1.51160261
 -1.99050847 -2.29618873  0.13495647 -0.38980208 -3.88353627 -3.87395612
 -1.32391688 -2.03455641 -3.25906062 -1.96068271 -1.43586687 -1.72413402]
log likelihood =  -2918.410570106447
Edge derivatives =  [4.808094135786921, 9.750405614148203, -18.662800229304455, 13.428741054321765, 0.8341470362266137, 0.6419201947175956, -5.210157068317646, -1.2555848122018496, 0.5488282192175793, -10.65574948495792, 13.916434790327617, -12.775246819460744]
other derivatives: [68.7627562   1.28320607 38.48558663 -6.64554136 18.14482857  9.01036401]
Current x array =  [-0.81536189 -0.73806096 -0.49823253  0.90036024 -5.88325999 -2.19903552
 -1.83255628 -2.08787816  0.43710037 -0.6611949  -3.8332597  -3.80511193
 -1.19874487 -1.8039225  -3.13370253 -1.56645267 -1.48914141 -1.43246915]
log likelihood =  -2907.156025137944
Edge derivatives =  [5.114807045425616, 14.214356517408502, -35.42675559676234, 11.977704109224883, 1.0323720580131845, 0.767833334779504, -1.0528713980590856, -1.5384681877549937, 0.7057897499614866, -11.834384527817878, 15.449008705780578, -10.806226482803659]
other derivatives: [ 17.46147973   8.91959644   9.47038643  -7.3504907  -15.88477971
   7.99136615]
Current x array =  [-0.76149653 -0.74735895 -0.48848972  0.92213383 -4.17234678 -2.50403794
 -1.80945139 -1.97414102  0.27265873 -0.92679217 -3.83031963 -3.79142165
 -1.30542234 -1.79912294 -3.11510025 -1.55259686 -1.54511285 -1.50359432]
log likelihood =  -2891.4181159466034
Edge derivatives =  [3.8075262972751305, 13.343947652978386, -14.689322683459748, 8.818263134468893, 1.8325399597670167, 1.5364230305733708, 5.461432920018736, 3.6208632551649726, 2.2362669549129652, 1.1899184908242633, 10.602613233148068, 1.2391109614329678]
other derivatives: [-136.60364857  -11.20415618  -24.03053259   -6.12631084    8.33538252
    9.05292836]
Current x array =  [-0.61823611 -0.70385791 -0.49464985  0.83296318 -4.86250208 -2.10751543
 -1.89950312 -1.99797244 -0.28284012 -0.79924707 -3.85829548 -3.8312331
 -1.46948263 -1.97178209 -3.19533277 -1.8940384  -1.45715034 -1.81134158]
log likelihood =  -2879.628975587507
Edge derivatives =  [4.489436758915754, 14.562107683683656, -6.267391046881363, 7.805560619407712, 2.1291544651012497, 1.8097544668491108, 8.084134686512629, 5.404017430057555, 2.928525478686891, 4.243364101176843, 8.81140391762854, 4.499816138421915]
other derivatives: [ 6.31862349 17.07894626 -7.6037395  -5.28179953  7.2482635   8.92569005]
Current x array =  [-0.7307927  -0.73509422 -0.50658322  0.77787366 -4.72933568 -1.95536555
 -1.91926895 -1.9700917  -0.49215618 -0.78594284 -3.86132067 -3.83664489
 -1.51761136 -2.00421814 -3.20865857 -1.9689803  -1.40954354 -1.89625129]
log likelihood =  -2875.2588691342216
Edge derivatives =  [3.253361017817997, 14.026240792588139, -4.619197153297882, 3.9820332662006566, 1.9916693150595925, 1.6952646648712653, 6.957670254999467, 4.495964090535162, 2.738295227081235, 4.271238457429453, 3.840354944282982, 4.8774237002777365]
other derivatives: [12.56034921 15.33508112 -0.43337423 -2.62234607  2.33094397  8.36507752]
Current x array =  [-0.738446   -0.73199743 -0.51556041  0.74666233 -4.49575577 -1.93804007
 -1.87780628 -1.87763101 -0.58756514 -0.74381307 -3.84925993 -3.82433612
 -1.50630334 -1.98070501 -3.18987246 -1.97682465 -1.32676527 -1.91798426]
log likelihood =  -2869.013762384896
Edge derivatives =  [-0.935326860672259, 9.765297394566947, -4.174001122094998, -8.034385963266212, 0.9558783827846138, 0.7101951269608199, -2.3517646748370358, -1.229644839509962, 1.06448745059493, -0.33763523278106244, -8.694050381573195, 0.5971320865826066]
other derivatives: [ 15.22948878 -25.39013622   1.7644652    2.68719305  -1.25555744
   5.3122676 ]
Current x array =  [-0.75688873 -0.67692623 -0.50713798  0.70610361 -4.40959272 -1.7898054
 -1.73403316 -1.50301239 -0.68714899 -0.56205903 -3.7885724  -3.76812001
 -1.35092711 -1.84335544 -3.09787999 -1.88481011 -1.140466   -1.83146654]
log likelihood =  -2866.0634065870217
Edge derivatives =  [-1.0696310691680126, 9.540302867858598, 2.0228369999324025, -7.134104046528872, 1.0609482974588376, 0.828144123073145, -1.211912153757398, -0.7537583266320816, 1.3599241192106133, 1.4746163038526456, -8.421413754044835, 2.21667815789588]
other derivatives: [  5.60121407 -14.40225788  -0.32023308   2.53421604  -4.38221832
   4.0940904 ]
Current x array =  [-0.74279723 -0.68994395 -0.51226029  0.69389331 -4.25721342 -1.64522494
 -1.73960247 -1.34208606 -0.91664439 -0.60655468 -3.7764977  -3.76033153
 -1.39015564 -1.86695191 -3.09093594 -1.94694985 -1.16089653 -1.8939524 ]
log likelihood =  -2861.879103967015
Edge derivatives =  [-2.0899094456936402, 5.355187215048318, 5.145361650477525, -4.288956966243166, 0.889051687297622, 0.5368477299283163, -2.328362208415179, -1.6986290300930058, 0.9425656204932275, 0.40841516809402556, -3.49311624746187, 0.6714300387029928]
other derivatives: [-4.57689566  1.6645572   6.24781933  1.54905138 -3.49932634  0.96720214]
Current x array =  [-0.73029383 -0.72251338 -0.51662847  0.69428541 -4.26907482 -1.42701826
 -1.72519624 -0.98854556 -1.04440749 -0.68068995 -3.73715902 -3.72968705
 -1.38511853 -1.86105021 -3.04477876 -1.9423628  -1.25874032 -1.87255907]
log likelihood =  -2860.4872000343253
Edge derivatives =  [-2.1334847143585787, 1.4889847447786368, 6.923053677577932, -0.03910184677750039, 0.9611865345041186, 0.4445937618073432, -0.7159792223947735, -1.036695975976829, 0.8291125703648957, -0.08303051857999455, 3.012408492232356, -0.4156859489872632]
other derivatives: [-2.98236955 -8.52555786 -6.44499778 -0.69780981  0.4210051  -1.00258148]
Current x array =  [-0.73292593 -0.70480626 -0.49921649  0.71848399 -4.39638499 -1.28939268
 -1.75627056 -0.74251621 -1.05991996 -0.78845858 -3.70813264 -3.71077997
 -1.42056711 -1.89207837 -3.01561479 -1.94702229 -1.38088022 -1.85658779]
log likelihood =  -2860.1155880353194
Edge derivatives =  [-2.981446813039822, -0.08733081202176884, 1.205044295583558, -2.1658683245654933, 0.7966185987533896, 0.14627387787765472, -1.8342906010068947, -1.6951899118781575, 0.15691708267239346, -2.686146475620589, 3.1677813752859305, -3.1111519635016247]
other derivatives: [-3.34416654 19.69724508  1.22909114 -0.13519639  0.86779437 -1.46860657]
Current x array =  [-0.73375307 -0.76904367 -0.49778062  0.72686753 -4.45878858 -1.32216554
 -1.75244668 -0.63699439 -0.83119819 -0.79512399 -3.67942768 -3.68869301
 -1.38194531 -1.86494119 -2.97442206 -1.86980801 -1.37546762 -1.7750766 ]
log likelihood =  -2859.4343354033845
Edge derivatives =  [-2.6711414556872835, 1.2904326096301921, 1.7105056500598663, -1.024653508044708, 0.9382179191052382, 0.32888986728928576, -0.4566922173777135, -0.8870168809944282, 0.4978144397078972, -1.451160511093538, 3.268434299529914, -1.7545046308297194]
other derivatives: [-1.1377324   4.36193659  3.54957592 -1.07320375  0.80244718 -0.24647306]
Current x array =  [-0.73528909 -0.7340516  -0.50299327  0.73002362 -4.43547195 -1.3545802
 -1.77866097 -0.71733902 -0.85177647 -0.81558637 -3.69046972 -3.69958985
 -1.41174327 -1.8893057  -2.99308363 -1.90068713 -1.3762829  -1.80991368]
log likelihood =  -2859.223307643943
Edge derivatives =  [-2.616294946178374, 1.2832906398955726, 1.4363023290613786, -0.7560920753038378, 1.009252423471808, 0.3726816413608567, 0.25267162960333545, -0.4107668186883237, 0.5498102985714929, -0.9876308293675011, 2.484805998191864, -1.2734718169829997]
other derivatives: [ 0.77911864 -1.3853878  -8.19036359 -0.10832082 -0.11659722 -0.06871232]
Current x array =  [-0.73918198 -0.72262246 -0.49174295  0.72669172 -4.4005517  -1.36466408
 -1.79842607 -0.70592434 -0.83715422 -0.83391483 -3.68415555 -3.69725212
 -1.42354948 -1.89963181 -2.98941975 -1.91164163 -1.36060692 -1.82421343]
log likelihood =  -2858.9900565283706
Edge derivatives =  [-2.612841973050655, 0.5473461172231107, 0.4530716803971182, -0.269571616462685, 1.0580847499869126, 0.3947270722472064, 1.028102705733438, 0.060989908702381385, 0.555184667489393, -0.5016587243460725, 1.4643360673399148, -0.7100418450333912]
other derivatives: [ 2.05723154 -5.60412445 -2.11821316 -0.02401066 -0.29813236  0.01177796]
Current x array =  [-0.74058986 -0.71506491 -0.49653011  0.72403704 -4.3938044  -1.36570706
 -1.83101812 -0.6702487  -0.80272933 -0.86179265 -3.67159618 -3.69198035
 -1.44098326 -1.91734381 -2.98093787 -1.92725601 -1.34401819 -1.84159956]
log likelihood =  -2858.807332346064
Edge derivatives =  [-2.44450779423843, -0.11243095866399522, -0.9710945051357396, 0.16765428394907855, 1.1229608029096227, 0.4065024846850783, 1.8237174972282297, 0.7091771807310965, 0.5427001019524257, 0.06636431079957786, 0.0859393496794667, -0.08072125923632796]
other derivatives: [ 1.45923877 -2.60492925 -1.27274689  0.63164407 -0.36543497 -0.06284608]
Current x array =  [-0.74021071 -0.72169401 -0.49592673  0.7197331  -4.39826392 -1.36523846
 -1.87918698 -0.62162013 -0.74634406 -0.89342059 -3.65122413 -3.68316301
 -1.45503493 -1.93678483 -2.96673939 -1.9432638  -1.31922242 -1.85971057]
log likelihood =  -2858.6291411869793
Edge derivatives =  [-2.1071607172197435, -0.4721087834068328, -0.7416272935604274, 0.7792020830346087, 1.0496275620790134, 0.32208954034524534, 0.9573821256809234, 0.6396662679148097, 0.47307825995067887, 0.3682655669066915, -0.7691756150178672, 0.32168934141925076]
other derivatives: [ 0.99221324 -1.59529918  1.80971256 -0.09472387 -0.06416485 -0.52705218]
Current x array =  [-0.73943868 -0.72410963 -0.49779644  0.7257169  -4.40836504 -1.35821383
 -1.93901099 -0.59168244 -0.74445532 -0.90726061 -3.62446976 -3.67283877
 -1.43956241 -1.93854988 -2.95196556 -1.9546313  -1.30534329 -1.87388755]
log likelihood =  -2858.423057791101
Edge derivatives =  [-1.4110062394588998, 0.06552715998722036, -0.9722197159407259, 1.596641794556992, 0.8505021812138832, 0.14470998646950894, -1.144217961219912, 0.3106934111637612, 0.3195019649590797, 0.7744477110109633, -1.728209069184479, 0.8849799347897346]
other derivatives: [-10.24145604  -0.42819011  -0.84137355  -0.98639248   0.62118488
  -0.90622052]
Current x array =  [-0.7282506  -0.7279433  -0.4948173   0.736573   -4.43633524 -1.38028408
 -2.08251708 -0.58357206 -0.72509665 -0.91836889 -3.56468554 -3.65293657
 -1.39893412 -1.93361489 -2.92330932 -1.96730813 -1.2877193  -1.89341132]
log likelihood =  -2858.350600366509
Edge derivatives =  [-0.8036976887221561, 0.5123678029350099, 0.2545511673633339, 2.5236667152989396, 0.6812754119010831, -0.0012103986160558189, -2.902451256659407, 0.024529445364005337, 0.2680069699571039, 1.2649093651841652, -1.9964224729774662, 1.4670643913679093]
other derivatives: [ 8.36307663  4.71809471  2.01580406 -2.12257873  0.87793524 -1.40930752]
Current x array =  [-0.74648894 -0.73584096 -0.49508452  0.74324277 -4.43822388 -1.3903874
 -2.20657904 -0.5713684  -0.74498647 -0.91934357 -3.51067482 -3.6351323
 -1.36274992 -1.92439949 -2.89807908 -1.97856418 -1.27840877 -1.91096941]
log likelihood =  -2858.2399828035655
Edge derivatives =  [-0.9680906303671595, 0.620871181134805, -0.04645873639956388, 2.0832689927760866, 0.6981141169129027, 0.029063190454503104, -2.515459973477556, -0.04910898608214409, 0.25729345969934214, 1.0067102546705111, -1.4988433694566974, 1.1650065273956156]
other derivatives: [ 1.33454705  1.61689968 -0.33537617 -1.61594471  0.71117938 -1.15883267]
Current x array =  [-0.73960413 -0.73032965 -0.4942216   0.73940382 -4.4332827  -1.39678498
 -2.1810491  -0.58637457 -0.74509294 -0.91078036 -3.52190575 -3.63979637
 -1.37128448 -1.92270453 -2.9044991  -1.97107548 -1.28822125 -1.90203243]
log likelihood =  -2858.1418783782815
Edge derivatives =  [-1.0057635082651977, 0.799039607077803, -0.37594115501361414, 1.7327217521067568, 0.6623116109414161, 0.0197924360120678, -2.338259372971575, -0.1988712311329545, 0.20700336429999808, 0.7976080331393594, -0.8423110657290329, 0.916337422065406]
other derivatives: [-2.40620466 -0.93264134 -2.16523404 -1.04764695  0.53405529 -0.91704351]
Current x array =  [-0.736161   -0.72571396 -0.49346116  0.73392166 -4.42759018 -1.41297309
 -2.19833061 -0.59695265 -0.74260937 -0.90017563 -3.51412304 -3.63862565
 -1.3752382  -1.91904196 -2.90195115 -1.96377396 -1.2995776  -1.89486837]
log likelihood =  -2857.959253313325
Edge derivatives =  [-0.9181762423890586, 1.0419706912884021, -0.9298131085652028, 1.1737806508336281, 0.5243700678553348, -0.048493776260376764, -2.142654367230565, -0.5290689870804928, 0.053098400505359016, 0.534625194548181, 0.31886201471147135, 0.5954198287656403]
other derivatives: [-5.33468665 -3.96607902 -3.56021701  0.12992132  0.12596502 -0.5410584 ]
Current x array =  [-0.73366181 -0.72018799 -0.49348769  0.72058162 -4.41369508 -1.45345418
 -2.29076858 -0.60406458 -0.73787293 -0.8775808  -3.47251488 -3.62811969
 -1.37988544 -1.91156575 -2.8843444  -1.95263863 -1.31874275 -1.88631604]
log likelihood =  -2857.7242481449166
Edge derivatives =  [-0.699001003549709, 0.9127381473999274, -1.2254868311679443, 0.5312544822075312, 0.2675988104836876, -0.186929473432889, -1.7143493321418968, -0.8597602154732684, -0.23615487682363773, 0.3371789393114579, 1.3387175114581562, 0.3510243115642054]
other derivatives: [-5.2487394  -4.52223503 -2.59815351  1.28893589 -0.42191459 -0.23810571]
Current x array =  [-0.73388258 -0.71927111 -0.49528059  0.70554827 -4.39496188 -1.50946058
 -2.47080168 -0.58730792 -0.73899919 -0.84637767 -3.39059884 -3.60609442
 -1.38915101 -1.90519354 -2.84838368 -1.94192425 -1.33444044 -1.88110356]
log likelihood =  -2857.5266547454435
Edge derivatives =  [-0.3779409056876545, 0.04429714329826295, 0.5401774508758447, -0.6123159441706709, -0.014520427728112573, -0.3085163945163051, 1.3538424562862288, -0.13278151190020562, -0.7376135707389595, -0.11504942257444468, 1.4182429370100065, -0.32952914996073396]
other derivatives: [-7.22352524 -0.68798727 -9.72054295 -0.41281965 -0.23055691 -0.01477929]
Current x array =  [-0.73168871 -0.72654797 -0.48864356  0.7236444  -4.40202538 -1.58190219
 -2.75462392 -0.5248769  -0.78429634 -0.78990883 -3.26296135 -3.57970789
 -1.44631096 -1.92293165 -2.80438141 -1.91869872 -1.32921974 -1.86356432]
log likelihood =  -2857.5413707330886
Edge derivatives =  [-0.3802419282799475, -0.34674538517000963, -0.24868116286129394, -0.8280613309503373, -0.26231006422565384, -0.43273871036733624, 0.36784565540891934, -0.5482099024366157, -0.9094238086862234, -0.4378562533849938, 0.779233665189863, -0.45150697628644315]
other derivatives: [-4.76434252e+00  4.14411261e-01  1.37222287e+01 -1.37483767e+00
  2.59615263e-01  1.36424205e-04]
Current x array =  [-0.73216747 -0.72943161 -0.5101054   0.7213813  -4.42049117 -1.60155706
 -2.83029423 -0.52350153 -0.77263784 -0.77821627 -3.23035294 -3.5730911
 -1.43180194 -1.92053622 -2.79532259 -1.91230548 -1.32002208 -1.86020722]
log likelihood =  -2857.4636894912073
Edge derivatives =  [-0.3774130975221823, -0.13511064036291787, 0.1772004640483023, -0.7039631034933626, -0.1291783448178726, -0.366237712986833, 0.8948879828594327, -0.3264139421352996, -0.8171928144562465, -0.26368930481033226, 1.1222107770240757, -0.3836697677055133]
other derivatives: [-6.05341484e+00 -1.61526259e-01  1.54636837e+00 -8.68476491e-01
  2.91038305e-03 -9.36779543e-03]
Current x array =  [-0.73191427 -0.72790657 -0.49875511  0.72257816 -4.41072537 -1.5911624
 -2.79027527 -0.52422891 -0.77880355 -0.78439999 -3.24759821 -3.57659045
 -1.43947517 -1.92180306 -2.80011343 -1.9156866  -1.32488635 -1.86198265]
log likelihood =  -2857.4196012465495
Edge derivatives =  [-0.3446587871955668, -0.0671585818378404, -0.20325770396169673, -0.24942993421346732, -0.12002717766906562, -0.38158234725481277, 0.33690595041807336, -0.30698872404527977, -0.761414305141237, 0.001743414066450344, 0.6811133784984484, -0.05605029983609566]
other derivatives: [-2.21439223  0.22923814  0.95501491 -0.53451004  0.05661605 -0.08271854]
Current x array =  [-0.73609942 -0.72862422 -0.49726992  0.72008876 -4.41421918 -1.5855079
 -2.79041641 -0.52167114 -0.76218812 -0.798092   -3.248742   -3.57516081
 -1.42691666 -1.92238316 -2.79888234 -1.92380084 -1.31619472 -1.87120432]
log likelihood =  -2857.406326739003
Edge derivatives =  [-0.2870778292946953, -0.15493605593943716, -0.18763886702085197, -0.1287678933627538, -0.18909695506766155, -0.42041701558495953, 0.14528031600358413, -0.26433817417418604, -0.794586398575551, 0.09499646798331778, 0.3431039163075844, 0.0654575683728866]
other derivatives: [ 0.32259777 -0.28521754  0.41554813 -0.43746695  0.10531949 -0.11323209]
Current x array =  [-0.73896072 -0.7276907  -0.49617894  0.71919672 -4.41700892 -1.59316349
 -2.83577118 -0.51329487 -0.75926389 -0.79887219 -3.22995573 -3.57085543
 -1.42241817 -1.92428167 -2.79299907 -1.92577198 -1.30911317 -1.8751512 ]
log likelihood =  -2857.4004386082706
Edge derivatives =  [-0.2648728383271761, -0.14707130658441636, -0.1509269984352446, -0.09015509635920566, -0.20730450360814445, -0.4275488306494319, 0.06651741779053993, -0.2161220137922895, -0.7915552732940015, 0.11514664691874683, 0.16733368226653655, 0.09349623474430818]
other derivatives: [ 0.80922291  0.0426553   0.14906618 -0.30713636  0.13014869 -0.12159944]
Current x array =  [-0.73950093 -0.72832335 -0.49586499  0.71779643 -4.41844289 -1.59694519
 -2.85365714 -0.51151166 -0.75916638 -0.79860402 -3.22351548 -3.57075348
 -1.42041889 -1.9257344  -2.79358024 -1.92552467 -1.30547918 -1.87570093]
log likelihood =  -2857.381500248564
Edge derivatives =  [-0.2162908923864806, -0.09616890995581906, 0.03336627127711472, -0.0908430807659496, -0.23414679995261817, -0.42073674992519, 0.01741504843746034, 0.0065461511444475096, -0.7431856333634255, 0.06945380214916871, -0.33766872429208306, 0.055692412805823266]
other derivatives: [ 1.93190317  0.06607479 -0.33710421  0.1504759   0.19826984 -0.10227268]
Current x array =  [-0.7407338  -0.72826175 -0.49559184  0.7122926  -4.42188481 -1.61111565
 -2.90419477 -0.50979354 -0.76344684 -0.79445698 -3.20816874 -3.57564061
 -1.41835215 -1.93219733 -2.80421511 -1.92067171 -1.29513606 -1.87291613]
log likelihood =  -2857.3626300808787
Edge derivatives =  [-0.17473068522342297, 0.08994524820364613, 0.11965321585624988, 0.027182871954677112, -0.21488460750619065, -0.38594586985952595, -0.22543744673036448, 0.22697415216221167, -0.6078996331994329, 0.050229003413688675, -0.7477263486521439, 0.07273240273635626]
other derivatives: [ 0.48808033  1.25478437 -0.81377038  0.64542292  0.22032509 -0.05834409]
Current x array =  [-0.73914766 -0.73053082 -0.49565717  0.70678933 -4.42357651 -1.62387836
 -2.94289364 -0.51350614 -0.7650172  -0.79421988 -3.20189202 -3.58695272
 -1.41231135 -1.93818322 -2.82622119 -1.91586762 -1.28655704 -1.87017222]
log likelihood =  -2857.342631772638
Edge derivatives =  [-0.14299209847337904, 0.3581057727150021, 0.482109292551801, -0.10884307336677279, -0.15773877426154942, -0.3067615546054416, 0.010599188120449618, 0.5462124579041195, -0.4156507167394018, -0.16739300961917047, -0.722705664769437, -0.13560101810273525]
other derivatives: [ 1.97101144  0.6782102  -0.5968559   0.74360287  0.23064786  0.09331416]
Current x array =  [-0.74037836 -0.72875545 -0.49654784  0.70400744 -4.42205805 -1.64525533
 -2.98718781 -0.52254283 -0.77712293 -0.78514225 -3.19816997 -3.60717414
 -1.41549231 -1.94555887 -2.86305804 -1.90289    -1.2847106  -1.85873167]
log likelihood =  -2857.337585184958
Edge derivatives =  [-0.11729468271603466, 0.2684597947471753, 0.20778682024704803, 0.1821893858583547, -0.1280739431361202, -0.2589710848332995, -0.4922037606016194, 0.6067708768061584, -0.1845031298905385, -0.12333251243753457, -1.0681167925577817, 0.02030564607918775]
other derivatives: [-3.48159119 -3.16822479 -0.28621798  0.62818799  0.1630724   0.17616912]
Current x array =  [-0.73513938 -0.72219859 -0.49706645  0.7060058  -4.4200095  -1.6579643
 -3.03549077 -0.52079489 -0.770471   -0.79227581 -3.1961721  -3.6289859
 -1.4064698  -1.94872329 -2.90276704 -1.90126271 -1.27841457 -1.85952017]
log likelihood =  -2857.31699083001
Edge derivatives =  [-0.13204308617730692, 0.35641037754605975, 0.3281033182380143, 0.06815055070271825, -0.09030191512311003, -0.24427880091674997, -0.13089225708853533, 0.5710121994365797, -0.19496852920201946, -0.14251474011476323, -0.5162798585093062, -0.04702281333315536]
other derivatives: [-1.48716026 -0.84514795 -0.05225047  0.3184141   0.11245902  0.20659172]
Current x array =  [-0.736755   -0.72607442 -0.4972531   0.70890429 -4.41653584 -1.6533045
 -3.00877493 -0.52360282 -0.77362878 -0.78947899 -3.20429761 -3.62749032
 -1.4128605  -1.94547116 -2.89848761 -1.9005581  -1.28759101 -1.85724067]
log likelihood =  -2857.307797853664
Edge derivatives =  [-0.13102574742633577, 0.34639997604143613, 0.30700594945588205, 0.10128030032790641, -0.057370440387805643, -0.2235735425409418, -0.005066066232981566, 0.5267103455774684, -0.1298846282087197, -0.0944288798250878, -0.16162540347410848, -0.0031077141050230572]
other derivatives: [-0.7761173  -0.02382876  0.21336746 -0.04511094  0.0428372   0.2491106 ]
Current x array =  [-0.73727737 -0.72746665 -0.49728957  0.71289423 -4.41295046 -1.65286675
 -3.00708436 -0.52228737 -0.77216498 -0.790402   -3.20838333 -3.63273873
 -1.41485951 -1.94257303 -2.9063848  -1.90091396 -1.29312197 -1.85707271]
log likelihood =  -2857.298030186567
Edge derivatives =  [-0.11622866217072753, 0.2525286736379776, 0.19286958315161506, 0.17369595278964667, -0.03436279895495964, -0.20020788739704692, 0.005550855777137369, 0.4353535583381608, -0.010837252211844908, 0.0024869221064836022, 0.12540680034884355, 0.10286114211329522]
other derivatives: [-0.07125891  0.37066457  0.39331098 -0.38639882 -0.04979483  0.29722287]
Current x array =  [-0.73792152 -0.72824071 -0.49702337  0.71705966 -4.40927879 -1.65640695
 -3.03063166 -0.51638018 -0.76718577 -0.79196235 -3.20721808 -3.64369456
 -1.4144192  -1.93802367 -2.92343158 -1.90141995 -1.29686497 -1.857563  ]
log likelihood =  -2857.29042642022
Edge derivatives =  [-0.10091767953808531, 0.1216051199784206, 0.06861009627592812, 0.12196228669404285, -0.02651682283395329, -0.17987268761549463, 0.02144414668881329, 0.27587116553454616, 0.09882804801844056, 0.07559901695015048, 0.2912676325316319, 0.1443246608228704]
other derivatives: [ 0.12037162  0.26579983 -1.46719685 -0.28012437 -0.15093065  0.30677256]
Current x array =  [-0.73841462 -0.72828691 -0.49494764  0.7176536  -4.40705724 -1.66064526
 -3.06792878 -0.50799558 -0.76176292 -0.79074987 -3.20220907 -3.65707643
 -1.41400824 -1.93101277 -2.9419725  -1.90068406 -1.29832155 -1.85638088]
log likelihood =  -2857.288418293912
Edge derivatives =  [-0.08131230225651565, -0.22583387370700525, -0.23408588876436603, 0.1189037551733465, -0.0707815910100022, -0.17796619682190817, -0.20286583935377597, 0.008092421624454171, 0.2099647879681215, 0.14335164375475093, 0.125459536121322, 0.2222733760137918]
other derivatives: [ 1.22436177  0.0644377   2.06214281 -0.20031621 -0.2064553   0.29804141]
Current x array =  [-0.73947938 -0.72838939 -0.49767656  0.71586344 -4.40693612 -1.66878114
 -3.13622718 -0.49453669 -0.75334117 -0.78937865 -3.18831019 -3.67400615
 -1.41017442 -1.92290022 -2.96501726 -1.89984847 -1.29434913 -1.85576217]
log likelihood =  -2857.283700871394
Edge derivatives =  [-0.08689651794915401, -0.12291061820762417, -0.10834695902991875, 0.03763708000570054, -0.06723203273442407, -0.18069429621214994, -0.09898566964720279, 0.06713988562256684, 0.15884094411421856, 0.08766817047315717, 0.09922226560187308, 0.1378783818912088]
other derivatives: [ 0.36352503 -0.03219611 -0.00841283 -0.00500222 -0.17798811  0.27662281]
Current x array =  [-0.73877384 -0.72816075 -0.49604228  0.71453727 -4.40818409 -1.66648491
 -3.12110515 -0.49815949 -0.75691204 -0.78769207 -3.19045992 -3.66932915
 -1.41209609 -1.92459579 -2.95704387 -1.89898161 -1.2942615  -1.85454987]
log likelihood =  -2857.2826649637673
Edge derivatives =  [-0.0886388856637714, -0.1249458717308356, -0.07669764832460413, -0.02481814416800021, -0.07681553810633501, -0.18477700180654183, -0.0611050439087802, 0.04747576179028187, 0.1331375377676251, 0.05302346118953141, 0.04598986490225099, 0.08405983960049701]
other derivatives: [ 0.04893081 -0.08158167 -0.33228389  0.11777956 -0.15952537  0.25520421]
Current x array =  [-0.7385118  -0.7281203  -0.49584559  0.71330197 -4.40925617 -1.66574067
 -3.12173025 -0.49830601 -0.7580961  -0.78608456 -3.18944638 -3.66855104
 -1.41303423 -1.9241513  -2.95419751 -1.8982633  -1.2935511  -1.85353572]
log likelihood =  -2857.2813800806057
Edge derivatives =  [-0.0874171838624595, -0.15299447219185558, -0.048595522824975645, -0.09608850800693441, -0.09070558981907839, -0.18813279754367165, -0.005315045851032298, -0.01747079111173766, 0.10741011048350263, 0.00767981271107307, -0.0007556018788723584, 0.010381839155712308]
other derivatives: [-0.2838533  -0.06607479 -0.27744136  0.19022082 -0.13155841  0.22132554]
Current x array =  [-0.73819488 -0.72824362 -0.49596208  0.71244887 -4.41072411 -1.66447692
 -3.12816271 -0.49750548 -0.75906364 -0.78394638 -3.18754474 -3.66986867
 -1.41450262 -1.9223106  -2.95234059 -1.89719597 -1.29298157 -1.85191997]
log likelihood =  -2857.2794282684426
Edge derivatives =  [-0.07573077116132326, -0.15058949879702666, 0.013415131322483398, -0.10904089418335677, -0.10644104084207873, -0.19174014786548552, 0.030220752645202284, -0.1013253683444421, 0.0666311891835259, -0.046921866422844155, -0.12275733553735102, -0.07966680590775621]
other derivatives: [ 0.06330083 -0.3473815  -0.32464413  0.20031621 -0.04711183  0.14688339]
Current x array =  [-0.73860738 -0.72774988 -0.49586601  0.71218789 -4.4140951  -1.66032679
 -3.13787922 -0.49723196 -0.75984749 -0.78259918 -3.18554675 -3.67294098
 -1.41565245 -1.92000133 -2.94839634 -1.89627204 -1.29124096 -1.85029112]
log likelihood =  -2857.279484959482
Edge derivatives =  [-0.03792292987234959, -0.18334679575496848, 0.0478948528996917, -0.007507088357720182, -0.12237274998781439, -0.18520100090491415, 0.040547932017256066, -0.33587048307948875, 0.03843019761396363, -0.0860531852691569, -0.25589368419391545, -0.17132125551872812]
other derivatives: [-1.81480573  0.92441041  0.266391   -0.05302354  0.098089   -0.00518412]
Current x array =  [-0.73652859 -0.73052328 -0.49629902  0.71490679 -4.4202663  -1.65066401
 -3.17582217 -0.49367788 -0.75715006 -0.78250625 -3.18111155 -3.6883375
 -1.4166958  -1.9128893  -2.94860322 -1.89571685 -1.28948415 -1.84846117]
log likelihood =  -2857.277649351317
Edge derivatives =  [-0.056551998476554975, -0.16656129877821413, 0.030666571427026168, -0.058469908239013324, -0.11426610599121445, -0.18839907536742007, 0.03540737383392874, -0.21729836390021423, 0.05265996246290145, -0.0661719741641019, -0.18867250713321093, -0.12504720079269033]
other derivatives: [-0.8661118   0.28444447 -0.03178684  0.07453309  0.02505658  0.07171366]
Current x array =  [-0.73757678 -0.72912484 -0.49608068  0.71353584 -4.41715459 -1.65553628
 -3.15669016 -0.49546996 -0.75851019 -0.78255311 -3.18334791 -3.6805741
 -1.41616971 -1.91647541 -2.94849891 -1.89599679 -1.29036999 -1.84938389]
log likelihood =  -2857.2758539190636
Edge derivatives =  [-0.04325357290232769, -0.1271086218375116, 0.057104114638005465, 0.023180113634236443, -0.10651946132089396, -0.1823707986679614, 0.033059000214486996, -0.2401694680911209, 0.04749182237356328, -0.06546699108656012, -0.18420293293361012, -0.1285481923994307]
other derivatives: [-0.24051587  0.15006663 -0.00045475 -0.07862582  0.08067218  0.03092282]
Current x array =  [-0.73818502 -0.72877788 -0.49597996  0.71506463 -4.41876054 -1.65135965
 -3.16107129 -0.49620255 -0.75775375 -0.78375256 -3.18442626 -3.68472759
 -1.41618824 -1.91574467 -2.94737399 -1.89641439 -1.29060808 -1.84961068]
log likelihood =  -2857.2742140510436
Edge derivatives =  [-0.027892464468714854, -0.07655470479186821, 0.05146151810603161, 0.14072583868835087, -0.08495345995633724, -0.1682555685393321, 0.016631874082737384, -0.24336655864321155, 0.06013723748532835, -0.0405527279127334, -0.09726716318200701, -0.09349945334178231]
other derivatives: [ 0.20736479 -0.04993126  0.05807124 -0.29531293  0.12350938 -0.00045475]
Current x array =  [-0.73857756 -0.72826949 -0.49591339  0.71733214 -4.41962084 -1.64610256
 -3.16557832 -0.49741526 -0.75588146 -0.78591946 -3.18725449 -3.69145526
 -1.41588951 -1.91559325 -2.94776137 -1.89752976 -1.29233718 -1.85075645]
log likelihood =  -2857.2726464587145
Edge derivatives =  [-0.017225817575842572, -0.028626782192161526, 0.03927730908494387, 0.18046475893467173, -0.0630346760561234, -0.15306081518275577, 0.018939337245241765, -0.21092963674893023, 0.06718944410859398, -0.016016033111368844, -0.020782680189547875, -0.0602558949616136]
other derivatives: [ 0.65988388  0.1846729   0.00131877 -0.28589966  0.14388206 -0.02587512]
Current x array =  [-0.73897    -0.72857127 -0.49588709  0.71719288 -4.42013685 -1.64156556
 -3.17105212 -0.49866383 -0.75440924 -0.78631428 -3.18932625 -3.69789126
 -1.41581519 -1.9164983  -2.94683427 -1.89841224 -1.29387604 -1.85185203]
log likelihood =  -2857.2698364072903
Edge derivatives =  [0.002015403689116412, 0.0064988139684470925, -0.08774716375962799, 0.21762739069652248, -0.01704557338161511, -0.11490929419033037, -0.04356774115871418, -0.15128391253670836, 0.08783302957588665, 0.03482915911946807, 0.11862845783960374, 0.026522652671075897]
other derivatives: [ 0.39353836 -0.34260665  0.2489287  -0.14319994  0.16525519 -0.08649295]
Current x array =  [-0.73863255 -0.72743454 -0.49634257  0.71559523 -4.42089628 -1.63080935
 -3.19286801 -0.50067644 -0.74961498 -0.78636478 -3.19330983 -3.71697902
 -1.41499857 -1.91912697 -2.94609979 -1.90071074 -1.29737953 -1.85499074]
log likelihood =  -2857.2688237798257
Edge derivatives =  [0.004085487085464072, 0.09617261415222644, -0.04549904213251543, 0.08068484483536192, 0.020730324195108507, -0.09041548589888408, 0.05281988536778911, 0.00790183609370089, 0.058662003035347125, 0.033624176883203044, 0.18773823826082858, 0.032742022609186766]
other derivatives: [ 0.79608071  0.7032213   0.0516593   0.09058567  0.14060788 -0.10704753]
Current x array =  [-0.73888483 -0.72913271 -0.49651908  0.71289584 -4.41992422 -1.62531002
 -3.19301261 -0.50432754 -0.75077085 -0.78241346 -3.19675553 -3.72411006
 -1.41653824 -1.92396415 -2.93824131 -1.90108727 -1.29914234 -1.85592902]
log likelihood =  -2857.2676640200825
Edge derivatives =  [-0.000881375483446592, 0.04007133754646519, -0.07033563199790094, 0.04267273745887795, 0.00874637327681499, -0.09538867636664351, 0.025379892241834456, -0.022817948945638294, 0.05917593342798077, 0.02361872587636904, 0.12456009393394618, 0.020479713668320715]
other derivatives: [ 0.1376975   0.17553248 -0.02301022  0.10550139  0.11523298 -0.09868018]
Current x array =  [-0.73831709 -0.72828911 -0.49644359  0.71294474 -4.41936445 -1.62754571
 -3.19635738 -0.50279801 -0.75078851 -0.78189277 -3.19499552 -3.72354814
 -1.41621965 -1.92326066 -2.93970713 -1.90074026 -1.29805234 -1.85556554]
log likelihood =  -2857.267222667395
Edge derivatives =  [-0.005435148194442602, 0.00394455393287263, -0.07541264366159806, -0.018977364783941797, 0.004290970500022473, -0.0959257758838659, 0.02289052023406043, -0.020879718958861815, 0.05206245155807224, 0.010642764844878583, 0.07121155315525352, 0.005899002700104378]
other derivatives: [-2.91856850e-01 -7.71251507e-02  2.72848411e-04  1.24509825e-01
  8.43101589e-02 -9.26320354e-02]
Current x array =  [-0.73792857 -0.72789388 -0.49650524  0.71281866 -4.41845329 -1.62891772
 -3.19851838 -0.50206734 -0.75134722 -0.78061547 -3.19404132 -3.72403226
 -1.41629499 -1.92350195 -2.93941576 -1.9003841  -1.29721028 -1.85526654]
log likelihood =  -2857.26692827461
Edge derivatives =  [-0.006690000868451701, -0.01256586896290579, -0.06956987995753505, -0.05956895700263504, 0.005904789796465082, -0.09320013460727847, 0.026419936299965995, -0.009596981412517608, 0.04623910175378791, 0.003955661588506187, 0.03788553924693994, -0.0015248100569519585]
other derivatives: [-0.43110049 -0.15998012  0.03110472  0.10827534  0.05966285 -0.09194991]
Current x array =  [-0.73780104 -0.72776121 -0.49654796  0.71302562 -4.41759917 -1.62934218
 -3.20088572 -0.50172836 -0.75176806 -0.77962918 -3.19372749 -3.7257413
 -1.4163815  -1.92388917 -2.93879016 -1.90020464 -1.29669366 -1.85516026]
log likelihood =  -2857.266222583742
Edge derivatives =  [-0.004478719675022821, -0.042454211466140035, -0.051161912691785494, -0.12216024458636421, 0.016661088785257294, -0.08193525234758413, 0.024494414327858795, 0.01732704118622154, 0.04163717614681847, 0.004376572051170632, -0.025136164170293185, -0.0021761395791372318]
other derivatives: [-0.49976734 -0.21350388 -0.0644377   0.03237801 -0.00500222 -0.09322321]
Current x array =  [-0.73776187 -0.72768675 -0.49642378  0.71404527 -4.4152615  -1.63008532
 -3.21047423 -0.50054967 -0.75218032 -0.77787575 -3.19301971 -3.73264039
 -1.41617956 -1.92450747 -2.93819749 -1.90000735 -1.29558988 -1.85521166]
log likelihood =  -2857.2690749541985
Edge derivatives =  [-0.0037031537553325056, -0.17033583200206293, -0.08019998337428097, -0.14427980029821674, 0.01562312287186507, -0.07089937853492943, -0.044593843599234004, -0.004331315825667356, 0.04482145053243168, -0.0005753249101265595, -0.12898304054990017, 0.00561072897914025]
other derivatives: [ 0.41741259 -0.20090738  2.74458216 -0.14883881 -0.09895302 -0.06289156]
Current x array =  [-0.73847762 -0.72772978 -0.49889652  0.7146302  -4.411327   -1.635332
 -3.22859674 -0.49739103 -0.75265999 -0.77661252 -3.18984054 -3.74341038
 -1.41503866 -1.92409445 -2.93974803 -1.89927559 -1.29371102 -1.85498064]
log likelihood =  -2857.2660651353735
Edge derivatives =  [-0.004322413642629835, -0.06615089897190762, -0.05650620364000075, -0.12616420670626088, 0.016490481503226906, -0.07985364318535705, 0.011697728891459952, 0.0133293362702806, 0.04224087850736826, 0.0034952435441162194, -0.04439167552663137, -0.00070787384862811]
other derivatives: [-0.32900971 -0.21109372  0.45974957 -0.00136424 -0.02246452 -0.08762981]
Current x array =  [-0.73789498 -0.72769475 -0.49688363  0.71415405 -4.41452981 -1.63106103
 -3.21384442 -0.49996226 -0.75226953 -0.77764083 -3.19242849 -3.73464325
 -1.41596739 -1.92443066 -2.93848584 -1.89987127 -1.29524047 -1.85516869]
log likelihood =  -2857.2656107623084
Edge derivatives =  [0.0019955071714986075, -0.06866571407474342, -0.03426955087228312, -0.1386638174319414, 0.0308504670451496, -0.06748224698225717, 0.007768014588858188, 0.03741089107905146, 0.04351587586975061, 0.01474316009428181, -0.06665698261484887, 0.009674879368355066]
other derivatives: [-0.11973498 -0.11527845  0.21964297 -0.0597538  -0.06552909 -0.09326868]
Current x array =  [-0.73812213 -0.72784715 -0.49660613  0.71499187 -4.4128897  -1.63098807
 -3.22329353 -0.49923353 -0.75219533 -0.77692372 -3.19216979 -3.7419593
 -1.41560868 -1.92479    -2.93815968 -1.89990617 -1.29476183 -1.8554489 ]
log likelihood =  -2857.2652410415344
Edge derivatives =  [0.008683507392558337, -0.06054706058680859, -0.015056137940397063, -0.10416132329015665, 0.04022789947378025, -0.05891198865509137, -0.0026830815253259185, 0.04350363139856214, 0.04751516236236723, 0.02550731435984968, -0.05849510193224994, 0.019245761038630543]
other derivatives: [ 0.04588401  0.01878107  0.08485586 -0.07994458 -0.08449206 -0.09181349]
Current x array =  [-0.73828507 -0.72807112 -0.49644649  0.71528558 -4.41208043 -1.6316243
 -3.2303549  -0.49882815 -0.75206067 -0.77735991 -3.19172131 -3.74748329
 -1.41516229 -1.92461333 -2.93828501 -1.89986766 -1.29474994 -1.85561367]
log likelihood =  -2857.264722206851
Edge derivatives =  [0.018574967649632648, -0.043670018814352285, 0.015513508685526645, -0.024754574166501397, 0.05000140758153809, -0.04809077290591349, -0.020357610554475138, 0.04035859544647534, 0.05294465222626488, 0.03663696483106721, -0.027957954943939933, 0.02712915325641138]
other derivatives: [ 0.27048372  0.15825208 -0.06557457 -0.05775291 -0.10040822 -0.07894414]
Current x array =  [-0.73850713 -0.72829305 -0.49628288  0.71505732 -4.41131805 -1.63396153
 -3.24019735 -0.49839836 -0.75206321 -0.77868826 -3.19046141 -3.75521097
 -1.41446334 -1.9239554  -2.93850493 -1.89953901 -1.29497661 -1.85562795]
log likelihood =  -2857.264278946343
Edge derivatives =  [0.02547646618003206, -0.022567128064150177, 0.048129161228239126, 0.037078864096030284, 0.056641513830955004, -0.03889211619422045, -0.023159962124755518, 0.04059761758344051, 0.04926804037271904, 0.03327959584998677, 0.005449807108417248, 0.02075863479374987]
other derivatives: [ 0.17162165  0.30654519 -0.08990355 -0.00327418 -0.10845724 -0.05716174]
Current x array =  [-0.73838191 -0.72855068 -0.49631601  0.714361   -4.41087409 -1.6371103
 -3.24751705 -0.49854735 -0.7526177  -0.77968076 -3.18902872 -3.76202401
 -1.41414511 -1.9235329  -2.9375643  -1.89888367 -1.29533642 -1.85537101]
log likelihood =  -2857.264733892667
Edge derivatives =  [0.03150570357230596, -0.00123667123853477, 0.08862672167991481, 0.1285951417768207, 0.04898355199743448, -0.033379012396656, -0.018669085426136295, 0.002096773455568912, 0.04189477726943745, 0.008219563673748737, 0.05142841671615228, -0.012914876029391703]
other derivatives: [ 1.05210347 -0.43000909 -0.37539394  0.15475052 -0.08685674  0.00409273]
Current x array =  [-0.73940617 -0.72710256 -0.49599727  0.71246169 -4.41156356 -1.64644454
 -3.25795543 -0.49832685 -0.75366444 -0.7813647  -3.18406114 -3.77009799
 -1.41374273 -1.92155714 -2.93658742 -1.89692178 -1.29539361 -1.85415206]
log likelihood =  -2857.2640442202965
Edge derivatives =  [0.027701254257012864, -0.014680781770272211, 0.06302578914223766, 0.07076017744277902, 0.05386368049543222, -0.03683990158017213, -0.02144561709445434, 0.02647628849487467, 0.04656746308883291, 0.02409919048180889, 0.02244274760713716, 0.008390750398532293]
other derivatives: [ 0.49617483  0.03560672 -0.19495019  0.05493348 -0.10049916 -0.0343789 ]
Current x array =  [-0.73875916 -0.72801732 -0.49619861  0.71366145 -4.41112803 -1.64054823
 -3.25136165 -0.49846614 -0.75300323 -0.78030098 -3.18719909 -3.76499777
 -1.41399691 -1.9228052  -2.9372045  -1.89816108 -1.29535748 -1.85492205]
log likelihood =  -2857.263696802688
Edge derivatives =  [0.028601232261111414, -0.00014753500952291443, 0.07681154261506473, 0.08234377378305702, 0.05397331204513556, -0.0331089219620605, -0.009375119189937449, 0.02543700325982194, 0.03544955072924001, 0.007146958064853243, 0.03784373698194354, -0.00833103611203187]
other derivatives: [ 0.14679244  0.04833964 -0.10286385  0.09003998 -0.09285941 -0.01300577]
Current x array =  [-0.73838528 -0.72805861 -0.49636324  0.71313437 -4.41138787 -1.64328969
 -3.25390818 -0.49901449 -0.75362395 -0.78038608 -3.18593769 -3.76852869
 -1.41416045 -1.92264211 -2.93558187 -1.89744054 -1.2955562  -1.85453454]
log likelihood =  -2857.2634761416293
Edge derivatives =  [0.026614572647484732, 0.009575558630200098, 0.07443145250876454, 0.06423731107833064, 0.05137938775502732, -0.03264219172161377, 0.006976407648238744, 0.022862658563883823, 0.024018003657790367, -0.010665111861105692, 0.03885071626372616, -0.0233008425666488]
other derivatives: [-0.11527845 -0.03969944 -0.0086402   0.08840289 -0.07521521  0.00200089]
Current x array =  [-0.7381163  -0.72791904 -0.49649075  0.71304803 -4.41208622 -1.64503544
 -3.25391644 -0.49959081 -0.75391021 -0.7799354  -3.18499931 -3.76998037
 -1.41448276 -1.92256807 -2.93403138 -1.89690518 -1.29556538 -1.85424564]
log likelihood =  -2857.2632966247547
Edge derivatives =  [0.02416335947564977, 0.02203631662399741, 0.06584354440676404, 0.036074982819430945, 0.04891391556201635, -0.032945559761492035, 0.025649332748227983, 0.020791730740500045, 0.013571369895246425, -0.025242632612928945, 0.03540232629883788, -0.03358274266039568]
other derivatives: [-0.21068445 -0.08972165  0.05393304  0.06261871 -0.0511136   0.01309672]
Current x array =  [-0.7380195  -0.72784366 -0.4965499   0.71325753 -4.41305818 -1.64623884
 -3.2532978  -0.50015239 -0.75389517 -0.77926408 -3.18415395 -3.77098856
 -1.41481207 -1.92248076 -2.93251337 -1.89650083 -1.29547168 -1.85407177]
log likelihood =  -2857.2630248164805
Edge derivatives =  [0.022770485598679818, 0.03860498044130867, 0.04594895154897233, 0.0002652623685169275, 0.04861105637673896, -0.030710294190315443, 0.037510146226126445, 0.014465312615955572, 0.002299679065043851, -0.03457889463337582, 0.0218642015611894, -0.03490888818184992]
other derivatives: [-0.18626451 -0.08753887  0.05920811  0.00100044 -0.01973604  0.02601155]
Current x array =  [-0.73805562 -0.7278797  -0.4964933   0.71393704 -4.41440457 -1.64781907
 -3.25570666 -0.50048971 -0.75324664 -0.77832125 -3.18250248 -3.77506685
 -1.41485771 -1.92209125 -2.93054387 -1.8961294  -1.29509404 -1.85413401]
log likelihood =  -2857.2626879826676
Edge derivatives =  [0.02128148433761373, 0.042784769291909885, -0.00011968675548634788, -0.031238920777044488, 0.045886857332107345, -0.028668418064855164, 0.017927771871466394, -0.005415045517032438, -0.007742919104764628, -0.023847647126230026, 0.0010185650517013922, -0.016164840939446035]
other derivatives: [-0.04224603  0.08685674  0.04138201  0.02210072  0.02110028  0.03710738]
Current x array =  [-0.73823144 -0.72827686 -0.49638338  0.71381576 -4.41644189 -1.64940969
 -3.2591535  -0.50004021 -0.75165157 -0.77764427 -3.17920298 -3.78175249
 -1.41417769 -1.92125992 -2.92800015 -1.89624128 -1.29451271 -1.85475062]
log likelihood =  -2857.262743180998
Edge derivatives =  [0.024868788595608142, 0.0007124919501183546, -0.05473369924357002, -0.0678319768148023, 0.05311999897698938, -0.01735758321162137, -0.04872295163260104, -0.02204970107163398, -0.011603132894716262, 0.004190903718865796, -0.06546981208906089, 0.02143753993208833]
other derivatives: [-0.26648195 -0.22619133 -0.19012987 -0.0561613   0.0077307   0.02828529]
Current x array =  [-0.73810971 -0.72782281 -0.49600961  0.71513114 -4.41648664 -1.6492478
 -3.27331999 -0.49795808 -0.74932479 -0.77676163 -3.17562384 -3.79626347
 -1.41268207 -1.92068085 -2.92632289 -1.89699758 -1.29335923 -1.85608485]
log likelihood =  -2857.2625816329264
Edge derivatives =  [0.022917933583362197, 0.02399198664715607, -0.024528038561740295, -0.04758600451631434, 0.04915939243657913, -0.02352986848210252, -0.01187599753708908, -0.012835272169243406, -0.009461854753728773, -0.011264939060494084, -0.028727455071008157, 0.0006798789901168723]
other derivatives: [-0.14251782 -0.05311449 -0.06216396 -0.01291482  0.01518856  0.03319656]
Current x array =  [-0.73817696 -0.72807364 -0.49621609  0.71440449 -4.41646192 -1.64933723
 -3.26549405 -0.4991083  -0.75061017 -0.77724922 -3.17760105 -3.78824722
 -1.41350829 -1.92100074 -2.92724945 -1.89657978 -1.29399645 -1.85534778]
log likelihood =  -2857.262554711082
Edge derivatives =  [0.02471583151840402, 0.002576681788780677, -0.039558014576729306, -0.0361011422133411, 0.04953334295657341, -0.02091904361718544, -0.03655637772397438, -0.019189236298781137, -0.009717310021051202, 0.002369757275926837, -0.036327048572367904, 0.01665395432186348]
other derivatives: [ 0.13978934  0.03306013  0.3560217  -0.02464731  0.01555236  0.02974048]
Current x array =  [-0.73843041 -0.72823851 -0.49654849  0.71436071 -4.41649387 -1.6490349
 -3.2688451  -0.49830348 -0.74999706 -0.77741812 -3.17610529 -3.79263778
 -1.41301487 -1.92089356 -2.92663403 -1.89697128 -1.29388118 -1.85582667]
log likelihood =  -2857.2624736084526
Edge derivatives =  [0.02430972184812019, 0.005766382368015965, -0.034815329143009555, -0.0367282820292581, 0.04894317112482438, -0.02215441784050906, -0.03331219708884781, -0.016400408343742442, -0.00845382789826088, 0.005005277821151233, -0.03164271957656295, 0.016118198554439273]
other derivatives: [0.04929461 0.0507498  0.08490133 0.01514309 0.01373337 0.02755769]
Current x array =  [-0.73836381 -0.72827613 -0.49631807  0.71407907 -4.41650527 -1.64875211
 -3.26728744 -0.49830082 -0.75008729 -0.77752148 -3.17625533 -3.79132552
 -1.41305858 -1.92095711 -2.92679593 -1.89704997 -1.29395639 -1.85581189]
log likelihood =  -2857.262426299938
Edge derivatives =  [0.02432877705088211, 0.0017198424548297009, -0.03134576321364241, -0.03424796298785626, 0.048190294311822535, -0.022774364878429598, -0.03309360999933553, -0.013775159109709431, -0.008199062812329107, 0.008668068611467877, -0.027562429353561013, 0.017111399857477477]
other derivatives: [ 0.00818545  0.05325091 -0.02637535  0.04133653  0.01145963  0.02410161]
Current x array =  [-0.73833347 -0.7282831  -0.49622774  0.71386188 -4.41645643 -1.64829324
 -3.26637496 -0.49813487 -0.75014583 -0.77766059 -3.17603671 -3.79107076
 -1.4130809  -1.92109119 -2.92673642 -1.89720542 -1.29406091 -1.85587609]
log likelihood =  -2857.262310686828
Edge derivatives =  [0.024661891951219803, -0.011880464506071498, -0.023075611966418053, -0.028242039795236595, 0.045715695589237604, -0.023633149243679805, -0.029997283352769202, -0.006653881216320004, -0.011017222964178036, 0.016517914666241834, -0.01602845500733263, 0.01913258406581861]
other derivatives: [-0.05707079  0.0475211  -0.16939339  0.08803909  0.01086846  0.01614353]
Current x array =  [-0.73828264 -0.72827724 -0.4961171   0.71344619 -4.41648628 -1.64714982
 -3.26460338 -0.4976543  -0.75026791 -0.77795753 -3.17478482 -3.79196454
 -1.41320312 -1.92150447 -2.92596236 -1.89760552 -1.29437316 -1.8560921 ]
log likelihood =  -2857.262131185379
Edge derivatives =  [0.025840086836372702, -0.03198175481243548, -0.007837303964954745, -0.017395398531329376, 0.04101930820839178, -0.024001901853185126, -0.01818544765475797, 0.0047631783789076065, -0.020478789817214745, 0.024509221593324415, 0.005072857247783835, 0.019509543271106794]
other derivatives: [-0.08453753  0.01759872 -0.25606823  0.12591954  0.01850822  0.00632099]
Current x array =  [-0.73826495 -0.72822328 -0.49605041  0.71308249 -4.41677878 -1.64564371
 -3.26266219 -0.49694168 -0.75046063 -0.77836002 -3.17182155 -3.79547961
 -1.4135214  -1.9221865  -2.92390988 -1.89813323 -1.29491464 -1.85642752]
log likelihood =  -2857.261878366259
Edge derivatives =  [0.02913731409025537, -0.05028403640761758, 0.01672324426588634, 0.007962583626975439, 0.03279875493159928, -0.02434240638113759, 0.0013325254990026111, 0.017560593584846032, -0.03730218739129828, 0.029304743451542464, 0.03001545532572525, 0.01736863202574901]
other derivatives: [-0.19545041  0.1024091  -0.23555913  0.0982709   0.03124114 -0.00836735]
Current x array =  [-0.73813373 -0.72839656 -0.49605585  0.7133909  -4.4171497  -1.64353101
 -3.26071189 -0.49615283 -0.75060465 -0.77903042 -3.16648949 -3.8025497
 -1.41402095 -1.92306069 -2.92067913 -1.89872565 -1.29558357 -1.85685365]
log likelihood =  -2857.2624803838225
Edge derivatives =  [0.033911207817550346, -0.047369411471090195, 0.08034863656293567, 0.048043413064210505, 0.010816330874794, -0.029402124020611743, 0.07396391461559909, 0.04450327263580996, -0.07171049733956988, 0.012278762093639761, 0.08703029565376608, -0.012435416304272917]
other derivatives: [ 0.87693479 -0.45383786 -0.45974957  0.0259206   0.06511982 -0.03146852]
Current x array =  [-0.73928265 -0.7272223  -0.49571895  0.71411076 -4.41781735 -1.64012124
 -3.2518261  -0.49612984 -0.75150501 -0.78013268 -3.15636953 -3.81252784
 -1.41563714 -1.92475398 -2.91466262 -1.8991211  -1.29687771 -1.85694143]
log likelihood =  -2857.2617667761237
Edge derivatives =  [0.0304871537190135, -0.049440472447635275, 0.03477490426110985, 0.019352874897639594, 0.02666593559595043, -0.025755839753369952, 0.02194656890758101, 0.025237109795737872, -0.04700119557068912, 0.024512313985659423, 0.046191408071641904, 0.008928373644398802]
other derivatives: [ 0.10891199 -0.05502443 -0.29913281  0.07771632  0.04079084 -0.01487024]
Current x array =  [-0.73845933 -0.72806377 -0.49596037  0.71359491 -4.41733891 -1.64256468
 -3.25819366 -0.49614632 -0.75085981 -0.7793428  -3.16362149 -3.8053775
 -1.41447898 -1.92354057 -2.91897405 -1.89883772 -1.29595033 -1.85687852]
log likelihood =  -2857.2616064729764
Edge derivatives =  [0.03142896053780406, -0.047103880274791954, 0.03714221455173844, 0.02884097101286348, 0.019028784039556323, -0.027147850833029022, 0.032150136341354336, 0.02194812791761204, -0.05906530325070463, 0.014346321143349883, 0.048490242062179556, 0.0009570100926370173]
other derivatives: [ 0.00509317 -0.03556124 -0.08758434  0.0125965   0.05361471 -0.0178261 ]
Current x array =  [-0.73832698 -0.72811991 -0.49613366  0.71419506 -4.41770138 -1.64211048
 -3.25690468 -0.49630097 -0.75079333 -0.77956643 -3.16032985 -3.80946738
 -1.41478407 -1.92373099 -2.91719518 -1.89880374 -1.29609946 -1.85691081]
log likelihood =  -2857.2614995663844
Edge derivatives =  [0.0316968317400418, -0.03417134125939314, 0.02984604425568954, 0.030740302581302448, 0.01366220970201526, -0.02838232845623124, 0.0324710925934332, 0.01371116360735379, -0.06503938748580211, 0.003945948429431662, 0.038161169974146425, -0.004222043608779924]
other derivatives: [ 0.0216005   0.00236469  0.08558345 -0.04629328  0.05811671 -0.0172804 ]
Current x array =  [-0.7383257  -0.7282025  -0.49625928  0.71475847 -4.41779586 -1.6422577
 -3.25629626 -0.49676233 -0.75053471 -0.77959222 -3.1582842  -3.81201704
 -1.41482303 -1.9235887  -2.91649836 -1.89859018 -1.29592357 -1.85684827]
log likelihood =  -2857.2613838344278
Edge derivatives =  [0.030859766086621245, -0.016837659028800966, 0.016924140711057245, 0.026957370154417237, 0.0067568190651501325, -0.03096135060350543, 0.028397879942686187, 0.002924846593589242, -0.0689320731514908, -0.008501738908187007, 0.02124148081854571, -0.01082339107080374]
other derivatives: [ 0.0253749   0.00045475  0.20108928 -0.08458301  0.0554337  -0.01718945]
Current x array =  [-0.73832502 -0.72821141 -0.49634356  0.71513958 -4.4176491  -1.64235986
 -3.25430565 -0.49748678 -0.75026579 -0.77959234 -3.15640983 -3.81343211
 -1.41481062 -1.92340305 -2.916286   -1.89832785 -1.29564085 -1.85671597]
log likelihood =  -2857.26116489812
Edge derivatives =  [0.029191554987555105, 0.01205597101478062, -0.008630453967346075, 0.01724049890592344, -0.007034331008101302, -0.035908368328511665, 0.013417016489583995, -0.013713340591677448, -0.07377812760781577, -0.022471140304426707, -0.011067423187601788, -0.016210376256082876]
other derivatives: [ 0.07066774  0.04365575  0.26238922 -0.10791155  0.03892637 -0.02146407]
Current x array =  [-0.7383818  -0.72831616 -0.49636591  0.7154525  -4.41703788 -1.64194873
 -3.24960492 -0.49863864 -0.7496568  -0.77967597 -3.15214882 -3.81686165
 -1.41462931 -1.9232142  -2.91597849 -1.89811646 -1.29511596 -1.85667398]
log likelihood =  -2857.2611038723844
Edge derivatives =  [0.022741325757609003, 0.0252453113976856, -0.06383369326459598, -0.018181437428199276, -0.032376840721976996, -0.04395266490351779, -0.02492765004511177, -0.04121199514548525, -0.07786566171446305, -0.04068079251503817, -0.060136785814495886, -0.023008758558753034]
other derivatives: [-0.36270649 -0.43582986  0.3175046  -0.0775799  -0.00254659 -0.02673914]
Current x array =  [-0.738016   -0.72749862 -0.49645213  0.71529712 -4.41557594 -1.64090713
 -3.24006921 -0.50022496 -0.74899326 -0.77976501 -3.1450927  -3.82251934
 -1.41437218 -1.92333591 -2.91619327 -1.89813971 -1.29458329 -1.85680527]
log likelihood =  -2857.260777560764
Edge derivatives =  [0.023902731680735114, 0.038009237668252815, -0.056097396134969946, -0.011745547484896368, -0.033860740362203434, -0.04469058298038228, -0.02469570637932325, -0.03341505264927029, -0.0740090749609272, -0.027893009562571736, -0.05593070425808233, -0.012636793389078471]
other derivatives: [-0.03160494 -0.068394    0.17766979 -0.04347385 -0.01473381 -0.03292371]
Current x array =  [-0.73833832 -0.72815604 -0.49629752  0.71502729 -4.41514572 -1.64007322
 -3.23785128 -0.50021438 -0.74883856 -0.77998129 -3.14349019 -3.82377305
 -1.41423522 -1.92349801 -2.9163011  -1.8984201  -1.29455876 -1.85700332]
log likelihood =  -2857.26066390869
Edge derivatives =  [0.02395817681578414, 0.034071816355339846, -0.04902582972608399, -0.01182549338263239, -0.033379434541571995, -0.044167688274727224, -0.02509796587964036, -0.02425356046418123, -0.06879370038824029, -0.014392807751932801, -0.04519091146618104, -0.0031685563685225904]
other derivatives: [ 0.02437446  0.01964509  0.00491127  0.00345608 -0.02601155 -0.03547029]
Current x array =  [-0.73840457 -0.72830874 -0.49615257  0.71463355 -4.41476707 -1.63946124
 -3.23631176 -0.49995981 -0.74893931 -0.78011413 -3.14276188 -3.82455469
 -1.41418855 -1.92379302 -2.916702   -1.89877048 -1.29473693 -1.85722165]
log likelihood =  -2857.260552193229
Edge derivatives =  [0.022924611801416948, 0.024877527749038286, -0.045460512423735666, -0.016141513576495403, -0.0342076695893645, -0.04362144915617912, -0.029350285014816596, -0.014540180230778299, -0.06002658117799727, 0.0026909633743156247, -0.03204058564135703, 0.010009829525404468]
other derivatives: [ 0.04638423  0.03392415 -0.10941221  0.06198206 -0.0433829  -0.03615241]
Current x array =  [-0.73843735 -0.72832353 -0.49607663  0.71410016 -4.41413634 -1.6387739
 -3.23344748 -0.49973843 -0.7491207  -0.78026801 -3.14146583 -3.82599063
 -1.41412944 -1.92421526 -2.91762541 -1.8992404  -1.2949902  -1.85751479]
log likelihood =  -2857.2603845654494
Edge derivatives =  [0.02197166469841485, 0.023121359745767123, -0.03259797702331668, -0.01713053194632086, -0.03833162425929926, -0.04282671012540065, -0.02150461563623146, -0.0017359889342659779, -0.05187561692842016, 0.018439181579214703, -0.0080494838439511, 0.022042383900175183]
other derivatives: [-0.05547918  0.03537934 -0.29558578  0.08249117 -0.05529728 -0.03319656]
Current x array =  [-0.73834296 -0.7283217  -0.49592794  0.71402343 -4.41363153 -1.63815553
 -3.22854541 -0.49973114 -0.74946389 -0.78057857 -3.13795939 -3.83045328
 -1.41430772 -1.92480864 -2.91846403 -1.8996913  -1.29541688 -1.85779867]
log likelihood =  -2857.2600826549315
Edge derivatives =  [0.017801978052136708, 0.010094627718644889, -0.019481359951078137, -0.023902672568311245, -0.04262549174845953, -0.04015443133286288, -0.01888669836314292, 0.018807242118562148, -0.023130559368035555, 0.053093770346992614, 0.034155289961456115, 0.05309152704511513]
other derivatives: [-0.02278284 -0.00209184 -0.17798811  0.11395969 -0.08167262 -0.01759872]
Current x array =  [-0.7383501  -0.72821657 -0.49608265  0.71368886 -4.41241369 -1.63778776
 -3.21871213 -0.49981196 -0.75026303 -0.78103205 -3.13295639 -3.83728607
 -1.41444712 -1.92576642 -2.9222756  -1.9004849  -1.29610084 -1.85824534]
log likelihood =  -2857.2601080337827
Edge derivatives =  [0.017736602286590058, 0.035039996977304755, 0.055580725834980804, 0.002609447087143002, -0.0520257039250972, -0.033704863375376044, 0.047609126648582537, 0.051885449211135526, -0.004750712709273686, 0.0648246635779158, 0.09812144149363733, 0.05750464257990043]
other derivatives: [-0.56534191  0.03137757 -0.79635356 -0.04611138 -0.0511136   0.00704858]
Current x array =  [-0.73780279 -0.72830816 -0.49546962  0.71581731 -4.41316093 -1.63835171
 -3.20516191 -0.50010761 -0.75163659 -0.78224252 -3.12082011 -3.85684268
 -1.41554651 -1.92689496 -2.92503832 -1.90048623 -1.2969142  -1.85803159]
log likelihood =  -2857.2598885818265
Edge derivatives =  [0.017789205579767254, 0.022217181949461207, 0.0169164039118489, -0.011012856524274584, -0.04700558984452752, -0.03691473163868499, 0.013408837728790146, 0.034942139715690365, -0.014188996508911825, 0.05884156827929188, 0.06516826809614207, 0.05524984124484533]
other derivatives: [-0.28553586  0.01427907 -0.47766662  0.03637979 -0.06680239 -0.00568434]
Current x array =  [-0.73808486 -0.72826096 -0.49578556  0.71472035 -4.41277582 -1.63806106
 -3.21214546 -0.49995524 -0.75092868 -0.78161866 -3.12707494 -3.84676354
 -1.4149799  -1.92631333 -2.92361446 -1.90048554 -1.29649501 -1.85814175]
log likelihood =  -2857.2596410570095
Edge derivatives =  [0.016538851209421036, 0.0217062610732206, 0.027958086704317153, -0.0037808758310241553, -0.048009558987595624, -0.0349547086649658, 0.0237199273290752, 0.03825802197206457, -0.004571968093310452, 0.058349357688255, 0.07321671942515229, 0.055529131206978805]
other derivatives: [-0.09122232 -0.03783498 -0.21427695 -0.01909939 -0.05484253  0.00454747]
Current x array =  [-0.73825119 -0.72814246 -0.49599597  0.71516015 -4.41301207 -1.63865829
 -3.20846003 -0.50008774 -0.75132722 -0.78186679 -3.12496913 -3.85074326
 -1.41516757 -1.92643013 -2.92531155 -1.90030432 -1.29652332 -1.85790197]
log likelihood =  -2857.2594652174666
Edge derivatives =  [0.0160311316242655, 0.02236805884561399, 0.03802082161123732, 0.008513789568219243, -0.04623178727909866, -0.03244886097267758, 0.03466619309674367, 0.035373277120268276, 0.00019029839512065688, 0.044987193294216105, 0.06468020244526418, 0.04384680002265784]
other derivatives: [ 0.03319656 -0.02505658  0.1157332  -0.09622454 -0.02823981  0.01318767]
Current x array =  [-0.7383376  -0.7281678  -0.49625459  0.71578049 -4.41385705 -1.63970231
 -3.20684164 -0.50011745 -0.75160784 -0.78206369 -3.12410101 -3.85396022
 -1.41531921 -1.92620354 -2.92667099 -1.89970977 -1.29622971 -1.85733035]
log likelihood =  -2857.259377560691
Edge derivatives =  [0.015339123348248003, 0.02387226236194051, 0.03838372386400457, 0.010893209678508098, -0.04499016097295511, -0.03125575082300473, 0.035267556718317904, 0.03106038219628708, 0.002478086704428749, 0.03456778810577124, 0.049482665150586636, 0.03417597698577299]
other derivatives: [ 0.06230039 -0.03183231  0.18699211 -0.11327757 -0.01664375  0.01568878]
Current x array =  [-0.73836548 -0.72816858 -0.4962993   0.71592652 -4.4143079  -1.64026044
 -3.20599309 -0.50013774 -0.75163379 -0.78212758 -3.12388364 -3.85544212
 -1.41528394 -1.9259639  -2.92749949 -1.89928274 -1.29588313 -1.85692993]
log likelihood =  -2857.2591310485377
Edge derivatives =  [0.012179196352495147, 0.01672642496026211, 0.03577110561481012, 0.012393300904146254, -0.03856833852898767, -0.02657719573535585, 0.027753734179720033, 0.020534046907251066, 0.013946971632074028, 0.008784403834409593, 0.0020647998181997362, 0.0072465736817027004]
other derivatives: [ 0.00500222  0.0261025   0.26420821 -0.09317773  0.00927685  0.02009983]
Current x array =  [-0.73831803 -0.72834071 -0.49634337  0.71571154 -4.41550527 -1.64157694
 -3.20263678 -0.49978453 -0.75167649 -0.78236178 -3.1235721  -3.86015735
 -1.41497706 -1.92529221 -2.93065467 -1.89809807 -1.2948261  -1.85572065]
log likelihood =  -2857.25960712845
Edge derivatives =  [0.00926465263701818, 0.015533270134935329, 0.044378626649958286, 0.010910507797955882, -0.03058267923505764, -0.019397941386643754, 0.03228912214415551, 0.012488913043932223, 0.02444637642514401, -0.027841100880926922, -0.030523210832277714, -0.034720505583300504]
other derivatives: [ 0.71522663 -0.45420165 -0.37475729 -0.05015863  0.04924914  0.02100933]
Current x array =  [-0.73919367 -0.72745284 -0.49560241  0.71559813 -4.41728148 -1.64273027
 -3.19706707 -0.49912213 -0.7515258  -0.78276227 -3.12137079 -3.86993517
 -1.41467608 -1.92448204 -2.93349708 -1.89651221 -1.29386284 -1.85414604]
log likelihood =  -2857.2590759428235
Edge derivatives =  [0.011474998398341367, 0.016446007385655714, 0.03788003226629727, 0.012047320779482007, -0.036608539665680895, -0.024805706139934477, 0.02887199043910771, 0.018586898217488948, 0.016518602523160474, -0.00011758404524628285, -0.0058676524039422695, -0.0029671354867281396]
other derivatives: [ 0.17821549 -0.09081305  0.10882104 -0.08267307  0.01905391  0.02032721]
Current x array =  [-0.73853136 -0.7281244  -0.49616285  0.71568391 -4.41593801 -1.64185793
 -3.20127983 -0.49962314 -0.75163978 -0.78245935 -3.12303579 -3.86253953
 -1.41490373 -1.92509483 -2.93134717 -1.89771171 -1.29459142 -1.85533703]
log likelihood =  -2857.2589798588792
Edge derivatives =  [0.009629025038324635, 0.0062822783112986835, 0.03222332536650746, 0.00819578412458244, -0.03360224049528915, -0.02272434680138844, 0.018768535788788433, 0.015177835299941295, 0.02190321015610961, -0.006896593693505815, -0.023685222625886126, -0.012021255367744538]
other derivatives: [ 0.06421033 -0.02396519  0.03069545 -0.02751221  0.02132765  0.01818989]
Current x array =  [-0.73843424 -0.72829151 -0.49610038  0.71518594 -4.41623752 -1.64191125
 -3.19932095 -0.4992238  -0.75154403 -0.78258859 -3.12277637 -3.86490662
 -1.41464709 -1.92488744 -2.93261574 -1.89736483 -1.29422909 -1.85492536]
log likelihood =  -2857.2589220265436
Edge derivatives =  [0.008616967268385397, -0.004925969258236851, 0.02524355725709898, 0.004641970378102045, -0.03358296286653378, -0.021892425720219856, 0.01017761747411993, 0.013061686589165913, 0.021897674282445885, -0.008755326729024293, -0.024858872158753487, -0.015504908566752268]
other derivatives: [-0.01982698 -0.00463842 -0.05420588  0.01668923  0.018008    0.01309672]
Current x array =  [-0.73836898 -0.72835735 -0.49602854  0.71481131 -4.4162655  -1.64134736
 -3.1977627  -0.49883736 -0.75134405 -0.7827229  -3.12190384 -3.86733076
 -1.41448297 -1.92488167 -2.93262137 -1.89734849 -1.29425229 -1.85485983]
log likelihood =  -2857.2588665346725
Edge derivatives =  [0.007955924940167187, -0.017027894561935653, 0.01730259117180516, 0.002659011031272751, -0.0352309050186031, -0.021253638860934412, 0.003037481689090106, 0.010607774899272962, 0.01851909766737332, -0.010538635127708612, -0.01678578754536253, -0.018306433998196925]
other derivatives: [-0.05720722  0.02050911 -0.12055352  0.04893081  0.01496119  0.00582077]
Current x array =  [-0.7383492  -0.72843201 -0.49595992  0.71456696 -4.41627622 -1.64038446
 -3.19573142 -0.49840385 -0.75102726 -0.78292678 -3.12015272 -3.8711889
 -1.41436115 -1.9249452  -2.93190197 -1.89743014 -1.29447573 -1.85491039]
log likelihood =  -2857.2588004879008
Edge derivatives =  [0.006909506699214817, -0.03260007329821779, 0.0005126822495089556, -0.0003707989366971143, -0.037835449215008976, -0.020301623942748953, -0.007579121389097755, 0.0019713350980396366, 0.011221317398407968, -0.017563666128342287, -0.007227187308932681, -0.023801428303566546]
other derivatives: [-0.12805685 -0.03747118 -0.10218173  0.05729817  0.01496119 -0.00268301]
Current x array =  [-0.73829853 -0.72836518 -0.49595304  0.71456016 -4.41639499 -1.63920447
 -3.1932565  -0.4979695  -0.75048378 -0.78317255 -3.11782851 -3.87692954
 -1.41421842 -1.92490754 -2.93056942 -1.89747572 -1.29478511 -1.85499202]
log likelihood =  -2857.258801121267
Edge derivatives =  [0.0072635722316509235, -0.03607930249383373, -0.010746566795557577, 0.004267644422677408, -0.03853165035827477, -0.016818761382029604, -0.007928161520608212, -0.002254460331590824, 0.0013984585370265534, -0.01847909336432732, 0.02687749794158334, -0.022407546438254905]
other derivatives: [ 0.14715624  0.23642315 -0.14279067  0.03642526  0.01791705 -0.01432454]
Current x array =  [-0.73857739 -0.72889888 -0.4958242   0.71494179 -4.4165848  -1.63715744
 -3.18805591 -0.4974537  -0.74954602 -0.78368004 -3.11307414 -3.8889477
 -1.41407664 -1.92486877 -2.92807969 -1.89767094 -1.29543368 -1.85529701]
log likelihood =  -2857.2587550922126
Edge derivatives =  [0.0070877649622278355, -0.034326599078361775, -0.0050885389905543366, 0.001950065561592218, -0.03814103588338258, -0.018529886667456835, -0.007728809292651698, -0.00010451314587446581, 0.006345832280391206, -0.017996669464039827, 0.00977229397069257, -0.023099931765874993]
other derivatives: [ 0.009004    0.09904397 -0.12241799  0.04688445  0.01641638 -0.0084583 ]
Current x array =  [-0.73843743 -0.72863101 -0.49588886  0.71475025 -4.41648953 -1.63818486
 -3.19066613 -0.49771258 -0.75001669 -0.78342533 -3.1154604  -3.8829157
 -1.4141478  -1.92488823 -2.9293293  -1.89757296 -1.29510815 -1.85514393]
log likelihood =  -2857.2587056328316
Edge derivatives =  [0.006532898008197733, -0.03616408028754281, -0.012814954453982785, 0.0017907849759811745, -0.03883891056688632, -0.01725056175267959, -0.008645141411862213, -0.005371196079757737, 0.003266697005963666, -0.02106633466767241, 0.015988999942104787, -0.02335818332350212]
other derivatives: [-0.01546141  0.02778506 -0.04361027  0.0127784   0.02005436 -0.00850378]
Current x array =  [-0.73841354 -0.72851071 -0.49593722  0.7151185  -4.41658797 -1.63784332
 -3.18896307 -0.49775859 -0.74977247 -0.7835591  -3.11405921 -3.8868945
 -1.41416019 -1.92482093 -2.92870875 -1.89759621 -1.29526857 -1.85524206]
log likelihood =  -2857.258664711082
Edge derivatives =  [0.006090385886198372, -0.031753242990742114, -0.01759685796772975, 0.0020765565779537476, -0.03739913050612603, -0.015368181149226563, -0.007426790076061174, -0.008486223452125782, 0.003347265613594705, -0.019966035377423114, 0.014573173577687948, -0.019490140034238268]
other derivatives: [ 0.02428351 -0.01700755  0.07671588 -0.02291927  0.02228262 -0.00527507]
Current x array =  [-0.73844399 -0.72842257 -0.49603014  0.7154571  -4.41658999 -1.63783903
 -3.1875504  -0.49803304 -0.74965915 -0.78362845 -3.11337519 -3.88992492
 -1.41418701 -1.92472864 -2.92855615 -1.89764648 -1.29524924 -1.85537157]
log likelihood =  -2857.258630130003
Edge derivatives =  [0.006062810614069818, -0.021579571795421915, -0.0182984512151822, 0.002239901354106677, -0.03481092392493296, -0.013215646732345904, -0.0032230562052863315, -0.008567498074168858, 0.004183585634533908, -0.01463212144164322, 0.012157075835943498, -0.01226956481054084]
other derivatives: [ 0.0306045  -0.03651621  0.09645191 -0.05243237  0.02150955 -0.00140972]
Current x array =  [-0.73844402 -0.72837547 -0.49604074  0.71577726 -4.41647664 -1.63787425
 -3.18635772 -0.49843858 -0.74961788 -0.78367127 -3.11297724 -3.89246495
 -1.41424534 -1.92467552 -2.92840607 -1.89778703 -1.29519622 -1.85559054]
log likelihood =  -2857.258638695051
Edge derivatives =  [0.003751870755454325, -0.014942254698060431, -0.025712592707120563, 0.001455387253815943, -0.02361754670658589, -0.005203453043759264, -0.009083111491867565, -0.010039947775944497, 0.015116450000414158, -0.001712195648179593, -0.026999157549124853, 0.0013673537427820737]
other derivatives: [ 0.2192337  -0.03069545  0.44137778 -0.02869456  0.01587068  0.00604814]
Current x array =  [-0.738605   -0.7283605  -0.49637661  0.71537027 -4.41617267 -1.63797011
 -3.1815207  -0.49911401 -0.7497171  -0.78388954 -3.11271394 -3.89997506
 -1.41409254 -1.92446728 -2.92976029 -1.89794798 -1.29447953 -1.8557938 ]
log likelihood =  -2857.258599394968
Edge derivatives =  [0.004983518908084395, -0.018460190092729478, -0.02177285371664589, 0.0018777684165586228, -0.029552979932213952, -0.009437768444955072, -0.0059685869520218, -0.009253259184193285, 0.009317196248582606, -0.008564209355026109, -0.006208173997853228, -0.005872710476458737]
other derivatives: [ 0.11905286 -0.03374225  0.2582965  -0.04129106  0.01882654  0.00204636]
Current x array =  [-0.73851955 -0.72836845 -0.49619832  0.71558631 -4.41633403 -1.63791923
 -3.18408836 -0.49875546 -0.74966443 -0.78377367 -3.11285371 -3.89598843
 -1.41417365 -1.92457782 -2.92904142 -1.89786254 -1.29485997 -1.8556859 ]
log likelihood =  -2857.2585408080467
Edge derivatives =  [0.005192093007917859, -0.0023788986112150967, -0.019168817526262982, 0.0011296927151323022, -0.02433600639854372, -0.0057155467184117, -0.00010563262217780367, -0.005636992757328277, 0.010892220370384544, 0.004545698480045657, -0.011137766430892926, 0.0075430736056480985]
other derivatives: [ 0.06666596 -0.03337846  0.14761099 -0.04802132  0.01095941  0.00582077]
Current x array =  [-0.73846807 -0.72835184 -0.49611024  0.71574133 -4.41596064 -1.6377044
 -3.18217247 -0.49935429 -0.74968313 -0.78385689 -3.11243657 -3.89975641
 -1.41424169 -1.92459814 -2.92869847 -1.89821756 -1.29477932 -1.85611801]
log likelihood =  -2857.258504820108
Edge derivatives =  [0.005202463101495351, 0.006109281624092522, -0.015248834947872658, -1.605171284163598e-05, -0.019330786126616206, -0.002477748260604963, 0.001308131586311316, -0.0015174538413730843, 0.012758480040934064, 0.014338314676119596, -0.01733189826319781, 0.01552956645114631]
other derivatives: [ 0.01582521 -0.01446097  0.01559783 -0.01864464  0.00168257  0.00613909]
Current x array =  [-0.73842475 -0.72837681 -0.4960159   0.71551093 -4.41561532 -1.63738234
 -3.18050723 -0.49968321 -0.7497773  -0.78394435 -3.11233787 -3.90259093
 -1.41423078 -1.92464683 -2.92857289 -1.89846386 -1.29468827 -1.85637617]
log likelihood =  -2857.2584957479585
Edge derivatives =  [0.0051570490195597465, 0.005810206532588125, -0.012972354972449418, -0.0003540271041737042, -0.01766887129121486, -0.0015664555103647865, -3.8069984053819284e-05, -6.650420956404168e-05, 0.013181521952305014, 0.015523737834940765, -0.01875923715518546, 0.015387600826758607]
other derivatives: [-0.01182343  0.00418368 -0.02387424  0.00381988 -0.00181899  0.00491127]
Current x array =  [-0.73839958 -0.72841131 -0.49599581  0.71529128 -4.41550834 -1.63723524
 -3.1801026  -0.49969205 -0.74985793 -0.78397037 -3.11249484 -3.90310084
 -1.41419863 -1.92467281 -2.92858307 -1.89848555 -1.29467841 -1.85637864]
log likelihood =  -2857.2584881908106
Edge derivatives =  [0.005206610044432753, 0.004814541959205831, -0.009793267689009566, -0.00019489950333695383, -0.01645682505754159, -0.0010275133594933525, -0.0010795954024691232, 0.0008495333207140937, 0.012974873928328835, 0.013999158745792134, -0.016783504126743676, 0.01291431985989891]
other derivatives: [-0.01232365  0.00795808 -0.0435648   0.01818989 -0.00354703  0.00381988]
Current x array =  [-0.73840077 -0.72841584 -0.49598791  0.71513941 -4.41545073 -1.63715383
 -3.17999736 -0.49967187 -0.74996093 -0.78397468 -3.11277395 -3.90312951
 -1.4141752  -1.92468501 -2.92856619 -1.89843524 -1.29472447 -1.85631424]
log likelihood =  -2857.2584727090616
Edge derivatives =  [0.005663876521319309, 0.0047154671071258925, 0.0015896519028205103, 0.001614913374575755, -0.012973614195602168, 0.00034592201704852776, -0.0013747844734632655, 0.003611554727324204, 0.011165666160310561, 0.008510611764181997, -0.005951707059343558, 0.006124765892226602]
other derivatives: [-0.07021299  0.05593392 -0.02000888  0.03119567 -0.00754881  0.00213731]
Current x array =  [-0.73832874 -0.7284973  -0.4960418   0.71495315 -4.4152568  -1.63702524
 -3.18006266 -0.4997418  -0.75033004 -0.78394331 -3.11381545 -3.90268652
 -1.41417473 -1.92472878 -2.92833716 -1.89828049 -1.29495567 -1.85614945]
log likelihood =  -2857.258460758331
Edge derivatives =  [0.006319141588044173, 0.007079665896939535, 0.015796362736822556, 0.003205504719392016, -0.009039187898214729, 0.0017621182335860741, 0.000816451640055213, 0.007253308773061365, 0.00978215248261144, 0.0021017159430490318, 0.0068548269197648, -0.00168960977667873]
other derivatives: [ 0.03296918  0.0133241  -0.06580194  0.03765308 -0.00968612  0.00104592]
Current x array =  [-0.73843601 -0.72839117 -0.49601056  0.71485382 -4.41509865 -1.6370144
 -3.18029036 -0.49983716 -0.75072683 -0.78388096 -3.11504558 -3.90188727
 -1.41419054 -1.9247493  -2.92815754 -1.89807288 -1.29518531 -1.85594302]
log likelihood =  -2857.258452709156
Edge derivatives =  [0.006178402046517813, 0.0066774543684879895, 0.014700220559446031, 0.0027737664989497812, -0.0091209383619692, 0.0017390178061875011, 0.0010071220058741406, 0.005870696651602558, 0.008927159782943506, -0.00026048069189330003, 0.00808605520487804, -0.002942897741310707]
other derivatives: [-0.00400178 -0.00181899 -0.02119123  0.02164597 -0.00818545  0.00177351]
Current x array =  [-0.73839396 -0.72836703 -0.4960489   0.71500427 -4.41513558 -1.63707622
 -3.18030612 -0.49986843 -0.75072263 -0.78386103 -3.1151051  -3.90192572
 -1.41420881 -1.92471948 -2.92808134 -1.89802656 -1.29521705 -1.85592022]
log likelihood =  -2857.2584484705476
Edge derivatives =  [0.006182544667283258, 0.007937100031526256, 0.014682765444214207, 0.0024688924335194984, -0.008678723769900643, 0.0018738761562464637, 0.002538854634998186, 0.0051855785318884184, 0.007921604299960451, -0.0021820222024102887, 0.010396274890268176, -0.0036614354544649286]
other derivatives: [-0.00677574 -0.00318323  0.01041371  0.00186446 -0.00654836  0.00259206]
Current x array =  [-0.73838602 -0.7283641  -0.49607041  0.71519979 -4.41516486 -1.63713119
 -3.18031701 -0.49991994 -0.75071503 -0.7838312  -3.11523577 -3.90197669
 -1.4142352  -1.92468432 -2.92793218 -1.89798486 -1.2952567  -1.85591149]
      fun: 2857.2584484705476
 hess_inv: <18x18 LbfgsInvHessProduct with dtype=float64>
      jac: array([ 0.00677574,  0.00318323, -0.01041371, -0.00186446,  0.00654836,
       -0.00259206, -0.00618254, -0.0079371 , -0.01468277, -0.00246889,
        0.00867872, -0.00187388, -0.00253885, -0.00518558, -0.0079216 ,
        0.00218202, -0.01039627,  0.00366144])
  message: b'CONVERGENCE: REL_REDUCTION_OF_F_<=_FACTR*EPSMCH'
     nfev: 123
      nit: 112
   status: 0
  success: True
        x: array([-0.73838602, -0.7283641 , -0.49607041,  0.71519979, -4.41516486,
       -1.63713119, -3.18031701, -0.49991994, -0.75071503, -0.7838312 ,
       -3.11523577, -3.90197669, -1.4142352 , -1.92468432, -2.92793218,
       -1.89798486, -1.2952567 , -1.85591149])
