number of sites to be analyzed:  141
log likelihood =  -4038.202263001147
Edge derivatives =  [45.29098886531, 22.29209238016914, 32.547836789067006, 33.90908048751004, 32.547836789067006, 68.27789147224223, 60.52193728627284, 76.2309318301124, 67.5909028113098, 52.65870847944472, 30.27809904399726]
other derivatives: [ -71.18851499    7.37181836  -17.00641405   10.85463737 -129.2808065
   53.40270945]
Current x array =  [-0.52877249 -0.61385415 -0.85238203  0.74193734 -0.10536052 -0.51082562
 -4.60517019 -4.60517019 -4.60517019 -4.60517019 -4.60517019 -4.60517019
 -4.60517019 -4.60517019 -4.60517019 -4.60517019 -4.60517019]
log likelihood =  -3888.5058503772943
Edge derivatives =  [43.975278612665676, 22.112083711759652, 32.0980862975908, 33.38328146912301, 32.0980862975908, 68.12164206315904, 59.9675473081811, 75.64978444624782, 67.54875090476816, 52.364757043535896, 29.305897048078855]
other derivatives: [246.22827368  -4.48690116 -39.22350515  -1.05674189 -61.81358003
  47.19140634]
Current x array =  [-0.84569524 -0.61134394 -0.92809255  0.79026089 -0.68090319 -0.47738833
 -4.40354013 -4.50592846 -4.46027111 -4.45421102 -4.46027111 -4.30120519
 -4.33573377 -4.2657992  -4.30426358 -4.37073992 -4.47037571]
log likelihood =  -3611.8367270772223
Edge derivatives =  [42.36572692016905, 21.266580337994807, 30.33951088176372, 31.62224757770143, 30.339510881763722, 65.76143037220635, 57.30910306061475, 73.21656574940369, 65.7795821595543, 50.49766218033977, 26.894200597717845]
other derivatives: [292.79108276   8.62874003 -61.16988516 -37.62252163  63.55612641
  37.26713658]
Current x array =  [-0.8777043  -0.62204681 -1.14469796  0.87290512 -1.8237751  -0.35548206
 -3.95558794 -4.28445118 -4.13729894 -4.11785321 -4.13729894 -3.62200593
 -3.73457378 -3.50835327 -3.63165837 -3.84728327 -4.17110646]
log likelihood =  -3136.9906710293917
Edge derivatives =  [24.54771961430427, 12.493732729193532, 11.066602669004169, 10.301232531447015, 11.066602669004169, 5.612531115373958, 13.504147240008452, 3.9834852687218776, 16.250141915962303, 10.480916342052138, 8.548123559025523]
other derivatives: [ 200.07400963 -221.09857127  111.78462955  -29.44170774  146.48553588
  -17.01182555]
Current x array =  [-0.7321021  -0.3617917  -2.20456908  0.51778221 -3.47632274  0.15984951
 -2.51103295 -3.57196429 -3.1072814  -3.04379446 -3.1072814  -1.43363176
 -1.80697958 -1.06360767 -1.45466561 -2.16124856 -3.22953834]
log likelihood =  -3219.761508327425
Edge derivatives =  [14.692808888608322, 8.490483110489556, 5.5501565652485345, 1.9849913675224036, 5.5501565652485345, -29.970081006045657, -13.949000703846934, -25.400249580079144, -11.811422373944152, -5.45461737900345, 2.244591774020236]
other derivatives: [-251.9368536   259.17511266  134.39666873  -31.22318049  108.24396668
  -59.66953722]
Current x array =  [-0.41742468 -1.92936407 -1.57462736  0.27422424 -3.30627171  0.30397782
 -1.85726316 -3.24825939 -2.69128887 -2.61935598 -2.69128887 -0.69135621
 -1.08544174 -0.25057411 -0.63600836 -1.54163087 -2.85804399]
log likelihood =  -3071.32903062316
Edge derivatives =  [25.045485463808472, 11.419087208968708, 10.64416423513169, 8.922839002853856, 10.64416423513169, 0.8749441453776923, 9.66076371979887, 3.063863965316339, 13.931002311129102, 11.02541378544733, 7.447085360920298]
other derivatives: [ 69.41058928 136.90269043 113.57496987 -20.92724571 138.94450603
 -34.43783498]
Current x array =  [-0.61920985 -0.92416685 -1.97857405  0.43040446 -3.415316    0.21155633
 -2.27648947 -3.45583339 -2.95804181 -2.89152484 -2.95804181 -1.16733635
 -1.54812394 -0.77192745 -1.16096785 -1.93895733 -3.09626271]
log likelihood =  -2970.1919418394805
Edge derivatives =  [32.95778901937431, 12.2329284160981, 14.255833402780423, 13.575587745054873, 14.255833402780425, 15.621862852284973, 18.735836458837355, 16.478474554258206, 22.874567174606735, 22.06417087604754, 10.123818539891833]
other derivatives: [-63.49732757 112.85515029  78.33414202  -0.33674041  94.66289157
 -26.18467079]
Current x array =  [-0.51877751 -0.85237506 -1.64086663  0.36357282 -2.70781472  0.13158553
 -2.41456895 -3.5254324  -3.07224696 -3.01430902 -3.07224696 -1.44978218
 -1.77986306 -1.0851979  -1.41567301 -2.13797345 -3.20613093]
log likelihood =  -2854.0895588662243
Edge derivatives =  [31.134166274669784, 8.979077949063809, 9.948102953370498, 9.280259991474566, 9.948102953370496, -3.6060757963064676, 2.706186184483322, -7.626355909307679, -0.14648539072898115, 12.58768999639719, 5.2315338807275396]
other derivatives: [-84.73725757  71.2387191   22.33573468  43.24510883 -44.885428
 -51.82514542]
Current x array =  [-0.48061552 -0.74375193 -0.98346015  0.17262397 -1.60420611  0.04360051
 -2.03965705 -3.36445147 -2.88048178 -2.82510283 -2.88048178 -1.17604148
 -1.4867856  -0.79152933 -1.06932222 -1.85009231 -3.05425522]
log likelihood =  -2801.795152057805
Edge derivatives =  [22.60521288313197, 7.842798159816782, 8.55946542762606, 7.03685015339253, 8.559465427626058, -5.828974580715243, -2.0686671426855523, -8.738150435326201, -3.4205101821106734, 7.045514913733902, 4.336123123590859]
other derivatives: [-72.03711903  38.3180577  -33.58691174  17.83887456 -17.66738933
 -31.51476449]
Current x array =  [-0.48842621 -0.6604495  -0.75442773  0.38051656 -1.85429469 -0.33518687
 -1.63857558 -3.20775012 -2.68960064 -2.63646067 -2.68960064 -0.98554361
 -1.25891532 -0.60642684 -0.83414579 -1.58356794 -2.90910131]
log likelihood =  -2780.432830938199
Edge derivatives =  [5.578549801749948, 6.087687601891743, 7.326059380751865, 4.6455144894808065, 7.326059380751868, -4.982908374193678, -4.44320464013018, -5.778023027732168, -5.409440230359166, -2.4373782053626125, 3.5803987606299024]
other derivatives: [ 88.35704648 -58.55195013  37.61347216 -11.35631464  16.80991772
  -5.39534994]
Current x array =  [-0.61416473 -0.52823878 -0.95398462  0.65003301 -2.12722721 -0.9259314
 -1.13157727 -3.01047631 -2.46356682 -2.42970543 -2.46356682 -0.91645193
 -1.12012952 -0.56924053 -0.70127447 -1.33305452 -2.75741795]
log likelihood =  -2771.17251689544
Edge derivatives =  [3.726439565553149, 5.664507279567584, 7.046197316649066, 4.256635771058716, 7.046197316649067, -5.879544330712888, -5.97155342940519, -7.093246362765373, -7.369684558682673, -2.74490690396687, 3.2597191005234483]
other derivatives: [ 34.46975825 -15.33408067 -10.03154466  -8.4113708    2.16136868
  -5.41149348]
Current x array =  [-0.56837141 -0.58273045 -0.79562779  0.63977922 -2.02768359 -0.9756505
 -1.0609741  -2.9766472  -2.42402348 -2.39513598 -2.42402348 -0.89749737
 -1.09283037 -0.55174256 -0.67183333 -1.29771495 -2.73092396]
log likelihood =  -2768.78249270394
Edge derivatives =  [2.6642376297141643, 5.610516578469139, 7.284888899687936, 4.42606453971921, 7.284888899687937, -3.85707136140897, -4.512652990950172, -5.046340149852545, -5.747258273981724, -1.9231379817947603, 3.489307737900943]
other derivatives: [ 3.62870196  2.05973265 -7.06631909 -9.25647328  2.30193109 -3.23707354]
Current x array =  [-0.54339645 -0.60533918 -0.80482593  0.63896682 -2.01514068 -1.02861075
 -1.0355861  -2.95825145 -2.40413729 -2.38414898 -2.40413729 -0.93477887
 -1.12259896 -0.59697239 -0.70829385 -1.30900604 -2.72443541]
log likelihood =  -2766.370588383784
Edge derivatives =  [-2.590079920088397, 5.111966726085003, 7.282700299881047, 4.23981098501977, 7.282700299881047, -0.7824205040349335, -2.623067856154672, -1.9889573597696941, -4.03761302357299, -1.9410213456946224, 3.59591649686217]
other derivatives: [-22.6028078    6.90079105  -3.58395482  -9.12286851  -3.69632289
   1.60089257]
Current x array =  [-0.52557908 -0.61206155 -0.81386175  0.64485648 -1.94662933 -1.19144458
 -0.93262234 -2.89769632 -2.33694403 -2.33879217 -2.33694403 -1.00245329
 -1.16855783 -0.6847759  -0.76761945 -1.30642774 -2.69431331]
log likelihood =  -2764.870445339725
Edge derivatives =  [-4.890577958848385, 4.946720106040082, 7.2851821788072755, 4.173882826841408, 7.285182178807274, 1.6960711152267218, -0.6279620186683705, 0.7121809592034205, -1.6903888303416577, -0.9297766424900842, 3.7558687986707935]
other derivatives: [ 0.36097845 18.25010258 -0.40963641 -5.57679414 -3.97526492  3.78267941]
Current x array =  [-0.54333801 -0.63091588 -0.82531794  0.6090284  -1.92782485 -1.27143929
 -0.89611432 -2.84728813 -2.27557942 -2.30170465 -2.27557942 -1.05146275
 -1.21207167 -0.74966252 -0.82512788 -1.32155391 -2.66699759]
log likelihood =  -2762.685145728786
Edge derivatives =  [-11.541514140574673, 4.335085187832404, 5.862017008822999, 2.6727273344530458, 5.862017008823002, 1.3661091076269654, -0.9689897694055745, 0.6831588340155088, -1.5178511820865181, -3.0516624089597553, 3.1152585552593424]
other derivatives: [-3.97521944  9.31172508 12.91577973  1.10467226 -5.64818947  5.13186933]
Current x array =  [-0.53858296 -0.61945497 -0.85846569  0.53292127 -1.95832007 -1.39001167
 -0.79398388 -2.72478151 -2.11806582 -2.19082146 -2.11806582 -1.05077172
 -1.21564455 -0.76991523 -0.84609615 -1.28722664 -2.57849949]
log likelihood =  -2759.4583011716495
Edge derivatives =  [-11.036483181015136, 4.500358646649628, 4.38282820283495, 1.6590178978513817, 4.382828202834951, 2.9997483393379265, 0.6284385354775872, 2.7172769576536706, 1.3466495804546432, -1.8039049874303457, 2.80400957507148]
other derivatives: [12.44939085  3.90082278  4.70322448  8.3937266  -0.85356078  5.04946911]
Current x array =  [-0.54820371 -0.61201392 -0.83473097  0.44041591 -2.01579072 -1.42533242
 -0.82927395 -2.58288446 -1.93314942 -2.07852272 -1.93314942 -1.06530457
 -1.25769912 -0.8107196  -0.91139609 -1.31122872 -2.48017915]
log likelihood =  -2755.991228413369
Edge derivatives =  [-7.921669680647215, 4.815262892697127, 1.0175045864778989, -0.21980976271117092, 1.0175045864778975, 1.68177340962172, 0.20418987132671662, 2.1528803361843805, 2.0144024952199215, -1.809875475992747, 1.6512240663404152]
other derivatives: [12.95538823 -0.31741365  2.33922037  9.82372512  8.47103365  2.96786311]
Current x array =  [-0.54519339 -0.60660987 -0.82318517  0.39177338 -2.13856161 -1.40660799
 -0.94130515 -2.36552975 -1.66148357 -1.91340761 -1.66148357 -1.01077547
 -1.26330748 -0.78393748 -0.9323381  -1.32339115 -2.32303677]
log likelihood =  -2756.863448117718
Edge derivatives =  [-1.1272991893655668, 5.344217628588821, -4.574742987100641, -1.305107575999465, -4.574742987100646, 3.3079547945731376, 3.224517882320507, 3.204230890245327, 3.4047065783962944, 2.467886085345537, 0.606881486365918]
other derivatives: [-26.19735824 -44.74150046  -7.16781869  17.21900844 -14.94463504
   0.09003998]
Current x array =  [-0.51811586 -0.54506553 -0.80351077  0.38124704 -1.92568277 -1.2488757
 -1.30797868 -2.07644404 -1.43629685 -1.82204122 -1.43629685 -1.07628505
 -1.42184105 -0.8762958  -1.08940084 -1.5100906  -2.19036197]
log likelihood =  -2754.3717248847097
Edge derivatives =  [-4.395766913235006, 5.129124120955209, -1.1907947759715445, -0.6778217209313467, -1.1907947759715463, 2.4317203267512806, 1.621651172459584, 2.4730406635378093, 2.690222546311449, 0.29706714073709506, 1.2317039669006875]
other derivatives: [ -3.90050445 -18.9939783   -2.17187335  13.12946551  -1.55832822
   1.75232344]
Current x array =  [-0.53307477 -0.57906555 -0.81437984  0.38706229 -2.04328715 -1.33601451
 -1.10541082 -2.23614871 -1.56070069 -1.87251635 -1.56070069 -1.04009445
 -1.33425958 -0.82527268 -1.00263192 -1.40694896 -2.26365783]
log likelihood =  -2752.4033380265646
Edge derivatives =  [-1.019687411125115, 5.4287356398903865, -2.1795850385167523, -0.7069552795010681, -2.1795850385167537, 0.26482833854839277, 0.9023550991130735, 0.44879936445019325, 1.1639412026244622, 0.5779102749602951, 0.653457395489256]
other derivatives: [ 1.94204404 -3.91164576 -2.11225597  5.30981197  0.28594513 -0.84619387]
Current x array =  [-0.53888086 -0.59939842 -0.81342512  0.4718632  -2.04980042 -1.25094827
 -1.24173634 -2.1316063  -1.4999707  -1.84324634 -1.4999707  -0.9932078
 -1.3265411  -0.77816175 -0.98145234 -1.4313046  -2.21135597]
log likelihood =  -2751.760192610942
Edge derivatives =  [-0.10715858432720826, 5.3866249162592545, -2.2986151199382516, -0.692298354314371, -2.298615119938253, -0.41474506207423634, 0.7138992406923378, -0.16803627869678872, 0.4696412598620301, 0.4553854900984833, 0.3329010671000238]
other derivatives: [-2.08965503 -1.6566446  -0.38417056 -1.7511411   0.44483386 -1.61476237]
Current x array =  [-0.53712752 -0.60151284 -0.81785971  0.55181082 -2.03652788 -1.23654886
 -1.304723   -2.04279439 -1.49330938 -1.8385115  -1.49330938 -0.98114819
 -1.32315453 -0.76496115 -0.9704059  -1.44162042 -2.1859998 ]
log likelihood =  -2751.1521769913375
Edge derivatives =  [-0.2451013465652665, 4.913856584156801, -2.6735325467930773, -1.0289657501311746, -2.6735325467930813, -1.0012976943564518, 0.34222607270239114, -0.6746340318094886, -0.31640699114400794, 0.12124138221111647, -0.17796095616908417]
other derivatives: [ 0.69053385  4.0901341   0.85774445 -4.07694642 -1.995204   -1.98228918]
Current x array =  [-0.54050019 -0.61027669 -0.8199712   0.58346477 -2.0137731  -1.25282199
 -1.35276352 -1.89565312 -1.48171077 -1.82360129 -1.48171077 -0.97430481
 -1.31518117 -0.75777721 -0.96035863 -1.44420269 -2.14685044]
log likelihood =  -2749.7898274064837
Edge derivatives =  [-0.723505511294917, 2.4079075905620053, -2.10428862888819, -1.3242037665502286, -2.1042886288881926, -1.6625569584524984, -0.32329211940336444, -1.0707183898158732, -1.7685935002360362, -0.6231401303971427, -1.1147686515428963]
other derivatives: [ 5.44209797  5.69243639  2.75581442 -9.0285539  -4.65911398 -2.64690243]
Current x array =  [-0.54550035 -0.61285162 -0.82381435  0.64309134 -1.9822483  -1.31287083
 -1.48022387 -1.47997424 -1.52204541 -1.82143745 -1.52204541 -0.97122163
 -1.28705928 -0.7460254  -0.93184306 -1.44908603 -2.06774034]
log likelihood =  -2755.6729863227056
Edge derivatives =  [-0.28580801015512103, -4.157611277207412, -0.5759420470136842, -0.6428481282026883, -0.5759420470136845, 0.9845717356681807, 1.5165330339434648, 2.21545204719516, 0.8029103801072702, 1.5570354945604357, -0.9974832706840481]
other derivatives: [-103.71049939   62.63376235    7.95234882   -5.66715244   -4.24352038
   -2.70406417]
Current x array =  [-0.47168948 -0.70511002 -0.84161503  0.56710241 -2.00048339 -1.39362805
 -1.68510203 -0.96711449 -1.59099302 -1.84578711 -1.59099302 -1.02219313
 -1.30059978 -0.78178256 -0.97384687 -1.50395611 -1.99648304]
log likelihood =  -2749.568190939575
Edge derivatives =  [-0.6426896159832725, 1.7358012298122563, -1.840143291668774, -1.2306395504120902, -1.8401432916687759, -1.21500751413537, -0.027917251844684743, -0.5148984711914832, -1.3508184942495096, -0.2504202254322876, -1.084955673900474]
other derivatives: [-9.74036993 16.10260369  3.52270035 -8.54165592 -4.43510544 -2.66659299]
Current x array =  [-0.53357495 -0.62775753 -0.82669035  0.63081404 -1.98519449 -1.32591853
 -1.51332542 -1.39711304 -1.53318506 -1.82537155 -1.53318506 -0.97945694
 -1.28924698 -0.75180258 -0.93862949 -1.45795123 -2.05622751]
log likelihood =  -2748.7484143379706
Edge derivatives =  [-1.0873043286466333, -0.5000789966940722, -0.7924010215649293, -0.942221728357655, -0.7924010215649318, -0.8556922685037905, -0.16238817666920052, -0.15679242656252468, -1.427736777619115, -0.4336194784638412, -1.1422316749104777]
other derivatives: [-1.5711521  10.49402272  2.76741048 -6.06110007 -3.95025381 -2.61838977]
Current x array =  [-0.53877107 -0.62000632 -0.82487254  0.60112673 -1.99252519 -1.37186555
 -1.55323357 -1.2100469  -1.59249335 -1.84568847 -1.59249335 -0.98920011
 -1.27093357 -0.75218854 -0.92796034 -1.45438378 -2.03993855]
log likelihood =  -2748.243047075537
Edge derivatives =  [-1.3448733134676236, -0.15441494856401006, 0.7341188345972921, -0.19406557370032335, 0.7341188345972918, -0.0005306640710477095, -0.25538519777017527, 0.29734852010711776, -0.577767791236222, -0.4068233731358779, -0.469264354978685]
other derivatives: [-3.57258614 -1.67442522 -0.97729753 -0.44647095  0.20136213 -1.8276296 ]
Current x array =  [-0.53439617 -0.60216884 -0.81628949  0.52677369 -2.03720381 -1.41724536
 -1.51938588 -1.22094529 -1.67239848 -1.88728849 -1.67239848 -0.99977863
 -1.24992723 -0.74963203 -0.92028837 -1.43562092 -2.07788841]
log likelihood =  -2748.1876693085405
Edge derivatives =  [-1.0844287520631997, -0.6368065172508486, 0.3458567040206467, -0.22348426124690768, 0.3458567040206486, 0.4934560888673007, 0.3166271190780373, 0.7997690518304024, 0.056499742978746936, 0.1681745605782774, -0.44264936468455895]
other derivatives: [ 4.55725058  1.81512405  1.32104105  1.14723662  0.202499   -1.77187758]
Current x array =  [-0.54052379 -0.60745204 -0.82356256  0.50993543 -2.0360658  -1.42747372
 -1.55547922 -1.17889243 -1.64624788 -1.8770029  -1.64624788 -1.00799445
 -1.26415833 -0.7585614  -0.94046997 -1.45182246 -2.06483588]
log likelihood =  -2748.1537287071114
Edge derivatives =  [-1.0896125775568377, -0.6406151534406281, 0.21078411834899624, -0.2949249705488512, 0.21078411834899652, 0.3356929074754294, 0.20944916065504143, 0.6383890223105333, -0.024423408611997877, 0.051891329143239684, -0.4906062436348202]
other derivatives: [ 1.10167093  0.21691449  0.85669853  0.40854502  0.31268428 -1.77287802]
Current x array =  [-0.5378442  -0.60502523 -0.82166233  0.51734277 -2.03856894 -1.43169836
 -1.55823261 -1.17717039 -1.63792948 -1.8727383  -1.63792948 -1.00390597
 -1.26228576 -0.75456594 -0.93872731 -1.45019259 -2.06167164]
log likelihood =  -2748.117751826324
Edge derivatives =  [-1.0642153176476414, -0.5271900700953531, 0.005257567042574379, -0.3583049206986386, 0.005257567042571729, 0.25667410181449407, 0.15889660311918358, 0.4978740008061786, 0.06951747031230615, 0.011038490633281217, -0.4728137597440083]
other derivatives: [-1.37270035 -1.1076736   0.27594069 -0.18058017  0.90740286 -1.60944182]
Current x array =  [-0.53579272 -0.60304242 -0.81940713  0.52188485 -2.04561257 -1.44803504
 -1.56366569 -1.17906598 -1.62326835 -1.86694479 -1.62326835 -0.99926392
 -1.26065286 -0.74908773 -0.93971888 -1.44833534 -2.0594993 ]
log likelihood =  -2748.070945248168
Edge derivatives =  [-1.0368287959603688, -0.5051684862419361, -0.19152969916596052, -0.3801756306962519, -0.19152969916595924, 0.26038431548414, 0.1485143542418899, 0.351898224775671, 0.25889736645985784, 0.043740931759117974, -0.38701559900261295]
other derivatives: [-2.43380782 -1.82690201 -0.59108061 -0.44642547  1.38811629 -1.27283784]
Current x array =  [-0.53481396 -0.60204189 -0.8163485   0.52308535 -2.0516975  -1.48263279
 -1.57644878 -1.17062704 -1.60901273 -1.86287654 -1.60901273 -0.99539336
 -1.25815629 -0.74255925 -0.94239817 -1.44626093 -2.05830538]
log likelihood =  -2747.9797760964666
Edge derivatives =  [-0.9552162864797304, -0.2912706895613244, -0.37328574279633253, -0.31935934884750067, -0.3732857427963332, -0.027674774147984388, -0.07693494864662703, -0.3000907883801076, 0.2359739337754741, -0.026204532234667344, -0.16560505228580458]
other derivatives: [-3.16986188 -2.09283826 -0.1036824  -0.29222065  1.15214789 -0.60172169]
Current x array =  [-0.5342025  -0.60197106 -0.81665195  0.52092718 -2.05392431 -1.55958935
 -1.60207308 -1.16603264 -1.59894827 -1.86566683 -1.59894827 -0.98575927
 -1.24799411 -0.72673726 -0.94024631 -1.43747854 -2.06539994]
log likelihood =  -2748.35156343374
Edge derivatives =  [0.13808792757151694, 0.020427290912485185, 0.06992885541660696, 0.35491316391533156, 0.06992885541660539, 0.5078684981694301, 0.19592687912466178, 0.2742196448777301, 0.4998222526435331, 0.6406198391649607, 0.3520026435058449]
other derivatives: [  6.70574991   7.56754162 -17.48057912  -0.81154212   0.64087544
   0.10304575]
Current x array =  [-0.54222194 -0.61606262 -0.77094027  0.52838281 -2.03713557 -1.68174003
 -1.68996921 -1.13480677 -1.61250207 -1.88694874 -1.61250207 -0.98295883
 -1.24067736 -0.72803498 -0.93563977 -1.43176144 -2.07737698]
log likelihood =  -2747.9568444151373
Edge derivatives =  [-0.7310039226334093, -0.22402571446496866, -0.28311957359094503, -0.18569877806596555, -0.28311957359094536, 0.08319041592786897, -0.016139328931223496, -0.17846279493800488, 0.29388068013924207, 0.11064863719345697, -0.060385218087863346]
other derivatives: [-1.23573045 -0.1506578  -3.3476681  -0.3954483   1.06706466 -0.4471076 ]
Current x array =  [-0.5357613  -0.60471016 -0.80776659  0.5223764  -2.05066095 -1.58333279
 -1.61915818 -1.15996301 -1.60158284 -1.86980357 -1.60158284 -0.98521493
 -1.2465719  -0.72698951 -0.9393509  -1.43636726 -2.06772801]
log likelihood =  -2747.9087578460067
Edge derivatives =  [-0.5531419979388128, -0.38212440846650675, -0.34347962130846255, -0.05483080074173198, -0.34347962130846404, -0.0711880904632799, -0.07710782331387245, -0.5242284627717715, 0.2002521311864897, 0.1184287240244537, 0.08160731208764949]
other derivatives: [-0.498585   -0.1452463  -1.29634827  0.31859599 -0.04042704 -0.07125891]
Current x array =  [-0.53644708 -0.60497594 -0.81312675  0.51676278 -2.04310682 -1.64411482
 -1.65503357 -1.13630324 -1.60246174 -1.87656624 -1.60246174 -0.98220661
 -1.24162731 -0.72119805 -0.93902386 -1.4335771  -2.0716353 ]
log likelihood =  -2747.8963409057214
Edge derivatives =  [-0.3574025083558481, -0.05303648221376078, -0.02210603814538505, 0.14021104473042972, -0.02210603814538538, -0.14155028153200877, -0.14498466689314576, -0.4234161041880662, 0.057355670367646105, -0.030412874659077715, 0.18666295129628907]
other derivatives: [ 1.60075615  0.93909875  0.25111149 -0.13774297  0.61381797  0.12396413]
Current x array =  [-0.53804506 -0.60638789 -0.81783879  0.52006773 -2.04533698 -1.67106495
 -1.66486426 -1.14781311 -1.6200971  -1.88701862 -1.6200971  -0.98016363
 -1.23521395 -0.72172993 -0.93094033 -1.42572656 -2.08045956]
log likelihood =  -2747.888467759639
Edge derivatives =  [-0.20773736038867313, -0.19884138224139947, -0.048532613033636866, 0.18020241997718947, -0.048532613033634694, 0.03599466409423327, 0.04690902277481113, -0.0917665453753096, 0.13055334289819953, 0.0971523108223118, 0.16346809734271928]
other derivatives: [-0.28603608  1.33923095  0.3085006   0.1638      0.05752554  0.09144969]
Current x array =  [-0.5366813  -0.60678899 -0.81843521  0.51790138 -2.03926944 -1.67056632
 -1.67975361 -1.13676197 -1.61955099 -1.88648903 -1.61955099 -0.98446097
 -1.24038167 -0.72969147 -0.93462355 -1.43049595 -2.07678469]
log likelihood =  -2747.8888692769033
Edge derivatives =  [-0.14311304394125438, -0.22650564690183272, -0.09572111645404467, 0.16171054588733094, -0.0957211164540445, 0.032410912389702895, 0.07906908721824901, 0.02065323791444129, 0.02018977182304571, 0.05312181319275133, 0.08788025524324528]
other derivatives: [ 1.98424459 -1.42954377 -0.10586518  0.00545697 -0.36570782  0.01700755]
Current x array =  [-0.53849344 -0.60286489 -0.8173778   0.52182994 -2.03408763 -1.66302688
 -1.68436041 -1.13648478 -1.61845138 -1.88426992 -1.61845138 -0.98545887
 -1.24273997 -0.73385589 -0.93429388 -1.43207286 -2.07349279]
log likelihood =  -2747.8861642484553
Edge derivatives =  [-0.17663126414694752, -0.21207322694485664, -0.07113128018988578, 0.17136670872168439, -0.07113128018988502, 0.0343740086530073, 0.06243071068860806, -0.037658468020711044, 0.07765178812098233, 0.07609334008692503, 0.12728359085133967]
other derivatives: [ 0.806358    0.01455192  0.10959411  0.08776624 -0.14551915  0.05584297]
Current x array =  [-0.53755118 -0.60490532 -0.81792763  0.5197872  -2.03678203 -1.66694719
 -1.681965   -1.13662891 -1.61902315 -1.88542379 -1.61902315 -0.98493999
 -1.24151371 -0.7316905  -0.9344653  -1.43125291 -2.07520449]
log likelihood =  -2747.884857792057
Edge derivatives =  [-0.1508383093811848, -0.14578339564926845, -0.04042649986788954, 0.17406421362832702, -0.04042649986788858, 0.03654503914049573, 0.06307681542741561, 0.030953970207324488, 0.048769375434915274, 0.049636075917019795, 0.11055065957136456]
other derivatives: [ 0.29367584 -0.01664375  0.02210072 -0.05948095 -0.07466952  0.03356035]
Current x array =  [-0.53716702 -0.60478868 -0.81776305  0.52119406 -2.0367953  -1.66307251
 -1.68099247 -1.14085778 -1.6205611  -1.88526123 -1.6205611  -0.98508151
 -1.24165853 -0.73311654 -0.93344577 -1.43083517 -2.07510545]
log likelihood =  -2747.8840639690097
Edge derivatives =  [-0.10771185876303963, -0.0749288673031463, -0.02251191729199975, 0.17452645263077776, -0.02251191729200034, 0.024003143037737346, 0.05271375103407139, 0.07651519568903975, 0.013576199852348758, 0.016059486553947178, 0.09132933225528006]
other derivatives: [-0.16952981 -0.06666596 -0.01500666 -0.16134436 -0.03619789  0.02164597]
Current x array =  [-0.53681801 -0.60466609 -0.81770291  0.52214619 -2.03680758 -1.66191593
 -1.6823121  -1.14451328 -1.62150271 -1.8844387  -1.62150271 -0.9848561
 -1.24145866 -0.73406591 -0.93238375 -1.43020764 -2.07458912]
log likelihood =  -2747.88340078741
Edge derivatives =  [-0.06150234234136018, -0.016652967831690013, -0.030078910035722488, 0.16261982982214068, -0.030078910035722387, 0.01412863192046071, 0.04705395649977073, 0.11108334057296765, -0.0056181551303841615, -0.00560883169876103, 0.06551921849327558]
other derivatives: [-0.24474502  0.0088221  -0.00472937 -0.19404069  0.00795808  0.00536602]
Current x array =  [-0.5367596  -0.60475635 -0.81775172  0.52235933 -2.03710566 -1.66072977
 -1.68456821 -1.14726062 -1.62093148 -1.88235685 -1.62093148 -0.98459691
 -1.24150273 -0.73472769 -0.93193572 -1.43001157 -2.07320034]
log likelihood =  -2747.883916601538
Edge derivatives =  [0.052803727517701154, 0.11275283193498753, -0.009944913823081724, 0.14831086386185682, -0.009944913823082796, -0.07384356001535064, -0.06289825735390714, -0.04363003740296012, -0.07314707163816941, -0.0779583296210955, 0.041998886464070684]
other derivatives: [-1.28061401 -0.75328899 -0.19185791  0.12614692 -0.12755663  0.03651621]
Current x array =  [-0.53588702 -0.60370903 -0.81711193  0.51879967 -2.03772414 -1.6718531
 -1.6953266  -1.15023074 -1.62291768 -1.8776652  -1.62291768 -0.98267394
 -1.23843326 -0.73151175 -0.93011704 -1.42807027 -2.07149966]
log likelihood =  -2747.8828508332927
Edge derivatives =  [-0.013501251195730063, 0.03750749117930652, -0.021646918506952655, 0.15670325916337435, -0.021646918506951107, -0.022573919567786205, 0.001209850966515491, 0.04653857685228058, -0.03382811376473405, -0.03578567170025071, 0.05572775141340558]
other derivatives: [-0.67693691 -0.3092282  -0.08299139 -0.0602995  -0.04847607  0.01855369]
Current x array =  [-0.53639489 -0.6043186  -0.81748431  0.5208715  -2.03736417 -1.66537899
 -1.68906489 -1.14850204 -1.62176165 -1.88039588 -1.62176165 -0.98379317
 -1.24021978 -0.73338352 -0.93117557 -1.42920016 -2.07248951]
log likelihood =  -2747.882076859217
Edge derivatives =  [0.030063078644815527, 0.08020749179114484, -0.0360493675643703, 0.12148832676226543, -0.03604936756436904, -0.0221865743520622, -0.00413780836040778, 0.06042238485976181, -0.03755860989374549, -0.040015372093462176, 0.013781375430785614]
other derivatives: [-0.17544153 -0.04092726 -0.03938112  0.05520633 -0.02337401 -0.02132765]
Current x array =  [-0.5367695  -0.60473065 -0.81764398  0.51956782 -2.03778083 -1.66143011
 -1.69141365 -1.1506839  -1.62092326 -1.87605    -1.62092326 -0.98389834
 -1.24055779 -0.73367011 -0.93140512 -1.42979523 -2.06980996]
log likelihood =  -2747.8818251242574
Edge derivatives =  [0.029566205564405312, 0.06547958480957461, -0.04402593668584252, 0.10610893827485271, -0.04402593668584058, -0.021582090808117183, -0.008682887469906309, 0.029762486861068638, -0.026371705466421536, -0.030888054048083813, 0.008049904635064054]
other derivatives: [ 0.00736691 -0.00168257 -0.01659828  0.10704753 -0.03974492 -0.02419256]
Current x array =  [-0.53690627 -0.60480839 -0.81768807  0.51904165 -2.03787057 -1.66178643
 -1.69239847 -1.14957667 -1.62057997 -1.87447745 -1.62057997 -0.9839321
 -1.24052067 -0.73299878 -0.93183314 -1.43018143 -2.06906193]
log likelihood =  -2747.8814882481283
Edge derivatives =  [0.024715316497598838, 0.03140722754209979, -0.052074468964610335, 0.07856543611560407, -0.05207446896461252, -0.017282529814351577, -0.014629247162798842, -0.026987896740258588, -0.0017660410797581405, -0.012208608090600315, 0.0031947903000792977]
other derivatives: [ 0.18653736  0.01518856  0.02842171  0.13824319 -0.05511538 -0.02055458]
Current x array =  [-0.53704171 -0.60485185 -0.81777566  0.51872289 -2.0380201  -1.6635455
 -1.69436541 -1.1469818  -1.62031239 -1.87163401 -1.62031239 -0.98402391
 -1.24039598 -0.7316741  -0.93259662 -1.4308778  -2.0679297 ]
log likelihood =  -2747.8811991341954
Edge derivatives =  [0.029779605600549347, 0.0131451078089182, -0.041524347432262895, 0.055631793174536065, -0.04152434743226252, -0.002567252057936592, -0.012075055310160288, -0.044992576230538095, 0.02162486150191134, 0.006535256400986178, 0.00141963280150037]
other derivatives: [ 0.2273282   0.05566108 -0.04865797  0.08794814 -0.02410161 -0.01227818]
Current x array =  [-0.53707418 -0.60489198 -0.81755525  0.51916649 -2.03819114 -1.66569341
 -1.69655343 -1.14504953 -1.62090478 -1.86876158 -1.62090478 -0.98421655
 -1.2403284  -0.73097933 -0.93299764 -1.43142144 -2.06702239]
log likelihood =  -2747.8814785314216
Edge derivatives =  [0.009213158505828406, -0.0179555273344556, -0.028553038309073384, -0.009270959827001532, -0.028553038309073228, -0.010828143597223866, -0.014535574725354883, -0.06415705781506986, 0.025445575540530008, 0.0022387026352714834, -0.017177677286660864]
other derivatives: [-0.10945769 -0.22555469  0.5667971  -0.05002221  0.03083187 -0.00309228]
Current x array =  [-0.53682007 -0.60443997 -0.81927482  0.52043034 -2.0386494  -1.66754933
 -1.69843188 -1.14304763 -1.62229416 -1.86277713 -1.62229416 -0.98444829
 -1.2404423  -0.73049733 -0.9331103  -1.43213608 -2.06538305]
log likelihood =  -2747.881072699519
Edge derivatives =  [0.022419964036316326, 0.0020166344137431125, -0.036867562444564926, 0.03246537105428875, -0.03686756244456354, -0.0055175462130604425, -0.012946303980704232, -0.051848332136986475, 0.023003196881579535, 0.005009716924422314, -0.005232964325393774]
other derivatives: [ 0.10668373 -0.04501999  0.17203092  0.0385171  -0.00436557 -0.009004  ]
Current x array =  [-0.53698316 -0.60473006 -0.81817123  0.51961923 -2.0383553  -1.66635823
 -1.69722633 -1.14433241 -1.62140248 -1.86661784 -1.62140248 -0.98429956
 -1.2403692  -0.73080667 -0.933038   -1.43167744 -2.06643515]
log likelihood =  -2747.880926408953
Edge derivatives =  [0.024200422322158133, 0.004052554391079877, -0.011682209436452788, 0.02251751487931839, -0.011682209436455397, 0.0035028896248146812, -0.010694438787208438, -0.03933790598857856, 0.025819446275246904, 0.011618099273895233, -0.0023428494465470573]
other derivatives: [ 0.10008989  0.00254659  0.04292815 -0.02883098  0.03064997 -0.0007276 ]
Current x array =  [-0.53698303 -0.604772   -0.81782671  0.52024502 -2.03837632 -1.66768781
 -1.69786567 -1.14401497 -1.62278793 -1.86518384 -1.62278793 -0.98441409
 -1.24025618 -0.73083041 -0.93275365 -1.43169575 -2.06637373]
log likelihood =  -2747.8808968661633
Edge derivatives =  [0.015068376947656698, -0.003763176558015502, -0.0065523002004761865, 0.010200480957326091, -0.006552300200475182, 0.007881032727484166, -0.0040558916528826705, -0.01636381657189645, 0.02215480504886408, 0.015949014070112177, -0.004957055465317217]
other derivatives: [-0.21777851  0.11655175 -0.01582521 -0.03160494  0.00509317 -0.00277396]
Current x array =  [-0.5367488  -0.60491919 -0.81766444  0.52025584 -2.03815525 -1.66717335
 -1.69741844 -1.14380637 -1.62316203 -1.86422555 -1.62316203 -0.98457228
 -1.24054318 -0.73133025 -0.93262553 -1.43182805 -2.06621439]
log likelihood =  -2747.8808593559593
Edge derivatives =  [0.014111260715213625, 0.0017870291671739924, -6.722584571533345e-05, 0.012304349851845378, -6.722584571438976e-05, 0.005466526464800309, -0.005113821551924302, -0.00942487119295743, 0.014308658857607348, 0.010660145990358139, -0.004499472744487587]
other derivatives: [-0.07853487  0.02041816 -0.01641638 -0.03683454  0.00986802 -0.00241016]
Current x array =  [-0.53685363 -0.60478344 -0.81767217  0.52034244 -2.03811073 -1.66704059
 -1.69707507 -1.1442436  -1.62356719 -1.86442603 -1.62356719 -0.9845566
 -1.24050353 -0.7315109  -0.93238611 -1.43167181 -2.06641852]
log likelihood =  -2747.8808459146007
Edge derivatives =  [0.01026934474754862, 0.002260306680255564, 0.0024876484415566284, 0.010758002968306715, 0.0024876484415571228, 0.0030368297952302614, -0.0050878370146754115, -0.0031070772734835828, 0.007377137341885831, 0.007356514768781519, -0.005346630657633633]
other derivatives: [-0.02423803 -0.02100933 -0.00804903 -0.02428351  0.00050022 -0.00363798]
Current x array =  [-0.53689496 -0.60472841 -0.81769866  0.520241   -2.0380322  -1.66672125
 -1.69668022 -1.14445902 -1.62378366 -1.86439592 -1.62378366 -0.98456257
 -1.24054968 -0.73170574 -0.93222627 -1.4315962  -2.06650402]
log likelihood =  -2747.8808391331017
Edge derivatives =  [0.006192927829240746, 0.0004858488561176877, 0.003831861534249043, 0.007416198860985088, 0.0038318615342486963, 0.0008308434173173451, -0.004759376266427973, 0.0005523280473398451, 0.0021792585817441146, 0.005552345037880713, -0.005981568951366145]
other derivatives: [-0.00213731 -0.02050911  0.00086402 -0.00804903 -0.01004992 -0.00386535]
Current x array =  [-0.53691225 -0.60473384 -0.8177217   0.52008414 -2.03797918 -1.66662145
 -1.69644157 -1.14447732 -1.62392979 -1.86418135 -1.62392979 -0.98455857
 -1.24059974 -0.73182429 -0.93210751 -1.43154386 -2.06653406]
log likelihood =  -2747.8808354661533
Edge derivatives =  [0.0021383298853066, -0.0026036599699508223, 0.004083529437240286, 0.0052972540161983425, 0.004083529437241221, 0.0009731354531909431, -0.0022241695950657725, 0.003580350023078882, 0.0009715836885494378, 0.005118569467781331, -0.004855546213412443]
other derivatives: [ 0.01132321  0.00727596  0.00754881 -0.00222826 -0.00695763 -0.00281943]
Current x array =  [-0.53692179 -0.60477625 -0.8177362   0.52000076 -2.03802916 -1.66668132
 -1.69623042 -1.14436373 -1.62394969 -1.8640476  -1.62394969 -0.98455349
 -1.24066963 -0.73187764 -0.93204977 -1.43148582 -2.06661778]
      fun: 2747.8808354661533
 hess_inv: <17x17 LbfgsInvHessProduct with dtype=float64>
      jac: array([-0.01132321, -0.00727596, -0.00754881,  0.00222826,  0.00695763,
        0.00281943, -0.00213833,  0.00260366, -0.00408353, -0.00529725,
       -0.00408353, -0.00097314,  0.00222417, -0.00358035, -0.00097158,
       -0.00511857,  0.00485555])
  message: b'CONVERGENCE: REL_REDUCTION_OF_F_<=_FACTR*EPSMCH'
     nfev: 56
      nit: 48
   status: 0
  success: True
        x: array([-0.53692179, -0.60477625, -0.8177362 ,  0.52000076, -2.03802916,
       -1.66668132, -1.69623042, -1.14436373, -1.62394969, -1.8640476 ,
       -1.62394969, -0.98455349, -1.24066963, -0.73187764, -0.93204977,
       -1.43148582, -2.06661778])
