number of sites to be analyzed:  255
log likelihood =  2326.381585747393
Lr derivatives =  [-18.677745537747036, -79.84872124250478, -1.4210854715202004e-14]
other derivatives =  [-12.2171059   20.50101102 -31.96728358  25.94197213  96.45154933
  16.19955583]
Current x_clock array =  [-0.66504893 -0.76972192 -0.61950064  0.74193734 -0.10536052 -0.51082562
 -0.51082562 -0.51082562 -0.51082562]
log likelihood =  2249.706129642612
Lr derivatives =  [0.7164311506013874, -70.1703879519022, -1.4210854715202004e-14]
other derivatives =  [-18.51230991 -47.43214959 -52.90125955  16.27545316  57.22640708
   9.82186066]
Current x_clock array =  [-0.65918691 -0.96511657 -0.61407274  0.49468503 -1.02463794 -0.6652232
 -0.33280848 -0.50595696 -0.51082562]
log likelihood =  2605.040984172919
Lr derivatives =  [-42.56072981489128, -31.48147929795234, -7.105427357601002e-15]
other derivatives =  [ 3.49669426e+02  3.16410478e+02  4.14486112e+03  2.24690666e+00
 -4.75717570e+01 -2.54190127e+00]
Current x_clock array =  [-0.46129089 -0.51285201 -0.05043538 -0.04612222 -2.98741474 -0.99795137
 -0.12484661  0.         -0.51082562]
log likelihood =  2211.6848353232253
Lr derivatives =  [-12.805360953215722, -54.077439937090205, -3.197442310920451e-14]
other derivatives =  [ 76.79263945  35.97938303 114.28833204   9.11682037  20.13721314
   5.83804649]
Current x_clock array =  [-0.58881378 -0.8042883  -0.41363957  0.30237039 -1.72261436 -0.78354354
 -0.25885586 -0.32603531 -0.51082562]
log likelihood =  2194.6754608948595
Lr derivatives =  [-30.42632301206499, -45.733206785990234, -3.552713678800501e-15]
other derivatives =  [-65.8832505   19.92866601 -19.47537385   7.71706254 -19.21162038
   1.70230123]
Current x_clock array =  [-0.68866073 -0.84783824 -0.52670884  0.12916962 -2.33598093 -0.89114113
 -0.15288959 -0.19269928 -0.51082562]
log likelihood =  2188.375280993028
Lr derivatives =  [-17.042584988293477, -36.11995990390457, -2.1316282072803006e-14]
other derivatives =  [  0.74392119  15.06718945 -21.51741683   6.34186108 -10.3047114
   1.25469342]
Current x_clock array =  [-0.63343492 -0.86559149 -0.53009665  0.12561999 -2.29156889 -0.88986141
 -0.12252571 -0.12440869 -0.51082562]
log likelihood =  2183.9555545739427
Lr derivatives =  [-1.5383053255639787, -20.55338417811181, 1.0658141036401503e-14]
other derivatives =  [31.32104212 10.52544576 -2.99960448  3.16854312 -0.98207238  0.1036824 ]
Current x_clock array =  [-0.61325323 -0.88411477 -0.50546312  0.09495195 -2.29616443 -0.90140362
 -0.06517439  0.         -0.51082562]
log likelihood =  2183.488276987371
Lr derivatives =  [-0.1623224030172743, -20.29785490881707, 9.769962616701378e-15]
other derivatives =  [-2.4678684  -1.06419975  7.60937837  2.30902515  1.10376277  0.31986929]
Current x_clock array =  [-0.6386588  -0.90882543 -0.49288689  0.09022304 -2.27944931 -0.90010835
 -0.05591055  0.         -0.51082562]
log likelihood =  2183.4280394970674
Lr derivatives =  [-1.340816913457064, -20.587018953140046, 6.217248937900877e-15]
other derivatives =  [-0.01473381 -0.87388798  0.77434379  2.39001565 -0.38503458  0.188993  ]
Current x_clock array =  [-0.63624765 -0.90895136 -0.49998627  0.08314503 -2.30120584 -0.90382882
 -0.0527884   0.         -0.51082562]
log likelihood =  2183.4093685724692
Lr derivatives =  [-1.3286611262420864, -20.554124605255375, 6.217248937900877e-15]
other derivatives =  [-0.18226274 -0.58244041 -0.74164745  2.1930191  -0.68803274  0.11859811]
Current x_clock array =  [-0.6362774  -0.90862534 -0.50147049  0.0757018  -2.31099255 -0.90604046
 -0.0480883   0.         -0.51082562]
log likelihood =  2183.3667063535527
Lr derivatives =  [-0.4614417405272855, -20.210900812076037, 3.552713678800501e-15]
other derivatives =  [-0.4384674   0.06884875 -2.20811671  1.26042323 -0.77993718 -0.06339178]
Current x_clock array =  [-0.63640964 -0.90819113 -0.5026679   0.04846648 -2.33478994 -0.91227961
 -0.03152073  0.         -0.51082562]
log likelihood =  2183.348775681022
Lr derivatives =  [-0.05429297099084618, -20.051317948497164, 1.0658141036401503e-14]
other derivatives =  [ 0.32205207 -0.44410626 -0.37653081  0.3864443  -0.41818566 -0.07248673]
Current x_clock array =  [-0.63589127 -0.90941896 -0.50094884  0.02748468 -2.33866113 -0.9136066
 -0.02739984  0.         -0.51082562]
log likelihood =  2183.3459896276863
Lr derivatives =  [0.5931655573102237, -19.872012124667684, 1.4210854715202004e-14]
other derivatives =  [-0.1891749   0.49503797  0.16943886  0.07094059  0.16643753 -0.05602487]
Current x_clock array =  [-0.63648448 -0.90688439 -0.50063838  0.02122878 -2.3310763  -0.91228162
 -0.02854107  0.         -0.51082562]
log likelihood =  2183.344870153643
Lr derivatives =  [0.2837472004129973, -19.963726898710746, 8.881784197001252e-16]
other derivatives =  [ 0.07189556 -0.02128218  0.44005901  0.02110028  0.0602995  -0.02996785]
Current x_clock array =  [-0.63623763 -0.90790165 -0.50048266  0.02020287 -2.33005948 -0.91180821
 -0.03072865  0.         -0.51082562]
log likelihood =  2183.344400208218
Lr derivatives =  [0.10638304015975386, -20.022165070675854, 1.3322676295501878e-14]
other derivatives =  [ 0.13869794 -0.15133992  0.29872353  0.01859917  0.02328306 -0.009004  ]
Current x_clock array =  [-0.63617122 -0.90799236 -0.50077016  0.02029395 -2.3276962  -0.91109007
 -0.03311249  0.         -0.51082562]
log likelihood =  2183.344211056283
Lr derivatives =  [-0.02752386319671274, -20.066139836084773, 2.3092638912203256e-14]
other derivatives =  [ 0.05838956 -0.03142304  0.12246346  0.00518412 -0.01618901  0.00381988]
Current x_clock array =  [-0.63623149 -0.90752745 -0.50107848  0.01989781 -2.32588777 -0.91053929
 -0.03503854  0.         -0.51082562]
log likelihood =  2183.3442053496974
Lr derivatives =  [0.01363155172376107, -20.055750645953438, 1.687538997430238e-14]
other derivatives =  [-0.04720278 -0.05302354 -0.0554337  -0.00045475  0.01573426  0.00400178]
Current x_clock array =  [-0.63631472 -0.90755405 -0.5012802   0.01977885 -2.32540151 -0.91046553
 -0.035111    0.         -0.51082562]
log likelihood =  2183.344198001334
Lr derivatives =  [-0.0012068745281661464, -20.059145028455504, -3.552713678800501e-15]
other derivatives =  [ 0.00241016 -0.00632099  0.00172804  0.00045475  0.00022737  0.00300133]
Current x_clock array =  [-0.63627702 -0.90745635 -0.50121549  0.01975294 -2.32565156 -0.91051065
 -0.03506451  0.         -0.51082562]
log likelihood =  2183.3441979054114
Lr derivatives =  [-0.0001692486554221162, -20.0586918207186, 3.552713678800501e-15]
other derivatives =  [-6.36646291e-04 -8.64019967e-04  1.36424205e-03  4.54747351e-05
 -5.91171556e-04  2.50111043e-03]
Current x_clock array =  [-0.63627943 -0.90744581 -0.50121449  0.01973467 -2.32569336 -0.91052566
 -0.03503745  0.         -0.51082562]
      fun: 2183.3441979054114
 hess_inv: <9x9 LbfgsInvHessProduct with dtype=float64>
      jac: array([-6.36646291e-04, -8.64019967e-04,  1.36424205e-03,  4.54747351e-05,
       -5.91171556e-04,  2.50111043e-03, -1.69248655e-04, -2.00586918e+01,
        3.55271368e-15])
  message: b'CONVERGENCE: REL_REDUCTION_OF_F_<=_FACTR*EPSMCH'
     nfev: 19
      nit: 17
   status: 0
  success: True
        x: array([-0.63627943, -0.90744581, -0.50121449,  0.01973467, -2.32569336,
       -0.91052566, -0.03503745,  0.        , -0.51082562])
