number of sites to be analyzed:  63
log likelihood =  657.0633379220099
Lr derivatives =  [20.812010652565526, -19.01773238641973, -12.124241164407916]
other derivatives =  [16.79845809 -1.71052079  7.06399987 -3.36713128 57.03626584 -1.38694531]
Current x_clock array =  [-0.6425949  -0.58457252 -0.55571715  0.74193734 -0.10536052 -0.51082562
 -0.51082562 -0.51082562 -0.51082562]
log likelihood =  615.8342011411809
Lr derivatives =  [-12.4367709512263, -31.871002242729325, -21.28922953708879]
other derivatives =  [-47.02899332   1.44925707 -18.2899953    1.4250304   41.02711273
  -1.14090426]
Current x_clock array =  [-0.90713156 -0.57615425 -0.66695872  0.79496183 -1.0035491  -0.48898446
 -0.8385664  -0.50278131 -0.50278131]
log likelihood =  563.8479525178053
Lr derivatives =  [-26.55084156914018, -27.957726208488854, -13.911919283775378]
other derivatives =  [-28.06850716   1.15477405 -16.68156528   7.58749366  12.90582077
   0.67966539]
Current x_clock array =  [-0.76508186 -0.58365063 -0.62212277  0.8466887  -2.53291242 -0.45035927
 -1.12191578 -0.22762689 -0.31346116]
log likelihood =  547.0453652068213
Lr derivatives =  [7.349406279600561, 0.7645999644955594, -4.0570171222498175]
other derivatives =  [-37.50526503  12.43660108  28.14023219   1.13784608   7.12599331
   4.03002787]
Current x_clock array =  [-0.86771277 -0.58039469 -0.38170075  0.57594984 -3.5759199  -0.4789304
 -0.56971209  0.          0.        ]
log likelihood =  541.4573941793684
Lr derivatives =  [5.8728933841929525, 0.5062260303607671, -3.189563813066343]
other derivatives =  [ 16.98821279  -4.15915338 -27.08129614   3.3288643    2.5681743
   3.22440883]
Current x_clock array =  [-0.61410339 -0.68896829 -0.61035167  0.52549808 -4.08090434 -0.51475475
 -0.60743692  0.          0.        ]
log likelihood =  538.6497624291608
Lr derivatives =  [0.5909921519772687, -2.6869715420912446, 1.047999376169173]
other derivatives =  [-0.20668267 -2.57691681 -6.76985792  2.64931259  1.74909474  3.36436869]
Current x_clock array =  [-0.67591614 -0.66928911 -0.50302731  0.52266682 -4.17233129 -0.52036932
 -0.64996359  0.          0.        ]
log likelihood =  538.2204068770808
Lr derivatives =  [-0.4830377603206672, -3.2435841782547024, 1.8633045328897424]
other derivatives =  [ 1.39565373 -0.96354142  4.06531626  1.94411314  0.94322559  3.27316911]
Current x_clock array =  [-0.67359736 -0.65954178 -0.46078255  0.49232704 -4.32451948 -0.54333639
 -0.64601404  0.          0.        ]
log likelihood =  537.9520950346318
Lr derivatives =  [0.02057067484187247, -2.9527351834120457, 1.466082721890416]
other derivatives =  [-0.27370106  0.06093615  3.54613121  1.58315743  0.28214799  3.08172048]
Current x_clock array =  [-0.67956815 -0.654953   -0.46154219  0.45450063 -4.46846037 -0.57521009
 -0.62551729  0.          0.        ]
log likelihood =  537.524282220065
Lr derivatives =  [-0.9796520623448651, -3.4509780063145756, 1.7217765073908677]
other derivatives =  [ 4.27743316 -3.0983756   1.57600653  0.52989435 -0.82644647  2.33980018]
Current x_clock array =  [-0.66201686 -0.67668544 -0.47303494  0.34599862 -4.72399765 -0.71765364
 -0.62441114  0.         -0.02204492]
log likelihood =  537.1709990875834
Lr derivatives =  [-0.2669134305041296, -3.209451207078288, 1.0861806516822559]
other derivatives =  [ 0.50443987  3.91920594 -2.17718252 -0.00844693 -1.16132242  1.61403477]
Current x_clock array =  [-0.67520619 -0.63323916 -0.48844482  0.26622798 -4.79948332 -0.87418004
 -0.61687601  0.         -0.08082331]
log likelihood =  536.9198061797691
Lr derivatives =  [-1.0969941365744207, -3.9388254660097624, 0.05858375588161824]
other derivatives =  [-1.95801704  1.29003865 -1.55639555 -0.39971155 -1.03042339  1.28037527]
Current x_clock array =  [-0.68297317 -0.64680406 -0.48758575  0.23096051 -4.74721917 -0.97275891
 -0.62054278  0.         -0.13066959]
log likelihood =  536.6744759653162
Lr derivatives =  [-1.141448462153178, -4.369445279169738, -1.4207060579161606]
other derivatives =  [-0.9098585  -0.25795543 -0.75733624 -0.76364586 -0.22284894  0.79555775]
Current x_clock array =  [-0.6794319  -0.65607534 -0.48615239  0.20334332 -4.54072932 -1.12173088
 -0.61282244  0.         -0.19959139]
log likelihood =  536.5988470623228
Lr derivatives =  [2.091429706090861, -2.0490929381854563, 0.12363415532548319]
other derivatives =  [-1.23351356 -0.89462446 -0.89429477 -0.69882162  0.30473757  0.61087349]
Current x_clock array =  [-0.68270348 -0.66764629 -0.48031771  0.21229488 -4.47977737 -1.23107162
 -0.55789007  0.         -0.15941954]
log likelihood =  536.5366357416398
Lr derivatives =  [1.1714509837771265, -2.62178259603211, -0.24491843717884876]
other derivatives =  [ 0.96684971  0.21683491  0.24840574 -0.68823738  0.19789468  0.52025371]
Current x_clock array =  [-0.67516677 -0.6593623  -0.47774011  0.21732221 -4.48602821 -1.26917486
 -0.57704988  0.         -0.16499201]
log likelihood =  536.4799268399045
Lr derivatives =  [0.24402064886673114, -3.129831501863828, -0.4212382315905585]
other derivatives =  [ 1.49453854  0.73619049  0.8191023  -0.59444574  0.07225935  0.37539394]
Current x_clock array =  [-0.67324494 -0.65481754 -0.47635039  0.22961842 -4.49653783 -1.34995135
 -0.59751623  0.         -0.15849981]
log likelihood =  536.4180017916146
Lr derivatives =  [-0.5649535820438305, -3.4450792282622804, -0.17722213451115487]
other derivatives =  [ 0.63964762  0.51426241  0.71950126 -0.32081289  0.00671889  0.17994353]
Current x_clock array =  [-0.67590267 -0.65528518 -0.47604756  0.25902713 -4.49556779 -1.50175312
 -0.61907107  0.         -0.1336583 ]
log likelihood =  536.3981361802117
Lr derivatives =  [-0.06638690207387526, -2.9958338675087055, 0.13437258101027072]
other derivatives =  [ 1.34431275  0.47444928 -0.06090204 -0.04014282 -0.01903118  0.04266667]
Current x_clock array =  [-0.67361547 -0.65751463 -0.47702907  0.28153596 -4.50484309 -1.63731663
 -0.61347674  0.         -0.12006514]
log likelihood =  536.3956656794331
Lr derivatives =  [-0.07319555907649267, -2.9977344256674656, 0.07829404120155137]
other derivatives =  [-0.66851271 -0.12184955  0.94596544 -0.0355044  -0.00217142 -0.00482032]
Current x_clock array =  [-0.68085523 -0.66121231 -0.4720129   0.28576497 -4.50197457 -1.7025312
 -0.61001119  0.         -0.11988902]
log likelihood =  536.3927701309975
Lr derivatives =  [-0.02322810871430736, -2.988425885924798, 0.01133149167202463]
other derivatives =  [-0.04872618 -0.00268301 -0.04444018 -0.00951559  0.00590035 -0.0003979 ]
Current x_clock array =  [-0.67840077 -0.66046809 -0.47615235  0.2841072  -4.49877387 -1.68896392
 -0.61075442  0.         -0.12330087]
log likelihood =  536.3927533042433
Lr derivatives =  [-0.0025068753180701453, -2.9742146748964142, 0.016213989795473394]
other derivatives =  [-0.00383125  0.00625278 -0.00871978 -0.00964064  0.00492264 -0.00053433]
Current x_clock array =  [-0.67826851 -0.66047555 -0.47598403  0.28416054 -4.49936866 -1.68915154
 -0.61029956  0.         -0.12325476]
log likelihood =  536.3927478717421
Lr derivatives =  [0.002394587935911463, -2.97196869072004, 0.011748641104305957]
other derivatives =  [ 0.00341061  0.00291038 -0.00106866 -0.00836735  0.00266027 -0.00071623]
Current x_clock array =  [-0.67824622 -0.66051375 -0.47593979  0.28421968 -4.49992747 -1.68923807
 -0.6101155   0.         -0.12342851]
log likelihood =  536.3927435805102
Lr derivatives =  [0.0008323278739346129, -2.975201166257653, 0.0016229213995786473]
other derivatives =  [ 0.00202363  0.00258069  0.00037517 -0.00492264 -0.00071623 -0.00063665]
Current x_clock array =  [-0.67824799 -0.66051497 -0.47592385  0.28441583 -4.50056398 -1.68883402
 -0.61003512  0.         -0.12375973]
log likelihood =  536.3927433963245
Lr derivatives =  [-0.005748705362863871, -2.9801222892713692, -0.0019490250151072974]
other derivatives =  [ 0.00934506 -0.0133241   0.00288765 -0.0028308  -0.00064801 -0.00019327]
Current x_clock array =  [-0.67821548 -0.66060248 -0.47592035  0.28461476 -4.50043741 -1.68830289
 -0.61012438  0.         -0.12383972]
      fun: 536.3927433963245
 hess_inv: <9x9 LbfgsInvHessProduct with dtype=float64>
      jac: array([ 9.34505806e-03, -1.33240974e-02,  2.88764568e-03, -2.83080226e-03,
       -6.48014975e-04, -1.93267624e-04, -5.74870536e-03, -2.98012229e+00,
       -1.94902502e-03])
  message: 'CONVERGENCE: REL_REDUCTION_OF_F_<=_FACTR*EPSMCH'
     nfev: 23
      nit: 22
     njev: 23
   status: 0
  success: True
        x: array([-0.67821548, -0.66060248, -0.47592035,  0.28461476, -4.50043741,
       -1.68830289, -0.61012438,  0.        , -0.12383972])
{('N0', 'N1'): [0.03715384556817935, 0.037153845568179404], ('N0', 'ENSLOCG'): [0.0, 0.0], ('N1', 'ENSGACG'): [1.7249029252637968, 1.7347808770844837], ('N1', 'ENSDARG'): [1.7190709325588602, 1.824853974945246]}
