number of sites to be analyzed:  240
log likelihood =  -5610.122159711094
Edge derivatives =  [82.028029672721, 55.27352909129492, 110.68407562112962, 157.3472573890532, 72.20607089674442, 37.860511937113706, 111.76058011205313, 70.43288110449083]
other derivatives: [-106.25353752   91.5892997   -45.70256351   33.31078915 -237.93254513
   88.47864592]
Current x array =  [-0.560658   -0.67773226 -0.7206568   0.74193734 -0.10536052 -0.51082562
 -4.60517019 -4.60517019 -4.60517019 -4.60517019 -4.60517019 -4.60517019
 -4.60517019 -4.60517019]
log likelihood =  -5330.125416487972
Edge derivatives =  [77.6259764491999, 55.347984508821284, 109.56676415060652, 158.7511236206241, 70.79056646189048, 36.471284193788165, 112.37686249379436, 68.52717208150362]
other derivatives: [ 311.72248782   92.27733244  -34.34306564    5.80357664 -140.08519429
   75.75044947]
Current x array =  [-0.84257788 -0.67606671 -0.84191828  0.83032004 -0.73666105 -0.49089734
 -4.38752725 -4.4585143  -4.31149487 -4.1876846  -4.41358761 -4.50471583
 -4.30863861 -4.41829237]
log likelihood =  -4730.909162449683
Edge derivatives =  [65.92233522248698, 52.75339576649353, 99.82378724054797, 150.82854049314855, 63.00420487751799, 29.583681011211347, 106.93188730173094, 60.244824664425224]
other derivatives: [392.92699512  50.48186722 -43.68866939 -75.7363523   94.2765837
  51.69404176]
Current x array =  [-0.85975246 -0.57875749 -1.19337091  1.04720041 -2.48728573 -0.374541
 -3.72407423 -4.00524328 -3.40641631 -2.89492224 -3.82455151 -4.19718258
 -3.39119364 -3.84479387]
log likelihood =  -4318.413262681655
Edge derivatives =  [13.542195382165099, 19.38207934314238, 15.076929585821274, -75.98010667215375, 12.782864757466726, 2.6368936446978593, -35.00328303510611, 11.169664120272527]
other derivatives: [  49.2829713  -579.77558754  318.57107388  -83.34955055  144.17273633
    3.16194928]
Current x array =  [-0.56479287 -0.37225403 -2.12940256  0.6152834  -3.86412619  0.05451167
 -2.33268101 -2.9949364  -1.44152199 -0.02148741 -2.56196021 -3.57064321
 -1.34928863 -2.62306731]
log likelihood =  -4155.246477778856
Edge derivatives =  [29.726003160983012, 23.94785812665096, 47.7835504826597, -30.96272830277015, 31.61992368847206, 8.933318211765966, 9.805508396438857, 24.296298152063187]
other derivatives: [-335.16671465  241.60772227  214.31851565   -5.43204806  111.55352695
  -29.66999091]
Current x array =  [-0.42954165 -1.28061263 -1.60616554  0.403226   -3.4451229   0.1421899
 -2.30444916 -2.9534983  -1.40317168 -0.12689486 -2.53328363 -3.56516848
 -1.3917587  -2.59794882]
log likelihood =  -4023.246160175491
Edge derivatives =  [40.518637511153344, 30.397975773586875, 61.31017017671656, 20.15641029164177, 40.892435122977005, 13.021351342183202, 42.66886376885835, 33.101338121257115]
other derivatives: [ 58.47023203 212.66018848 110.45517567  15.27619133  87.7657385
 -10.11867425]
Current x array =  [-0.60535647 -1.10400438 -1.23711193  0.397795   -2.89736936  0.06018304
 -2.52086518 -3.10259307 -1.69697227 -0.64954593 -2.72242384 -3.6679732
 -1.73258227 -2.78761791]
log likelihood =  -3901.782397552897
Edge derivatives =  [39.3797673047462, 29.161137566768247, 54.65162262802804, 11.871937675585782, 38.717390227052164, 12.047008239948509, 35.62034434057848, 31.0099377563714]
other derivatives: [ 75.17683116 144.41734493  53.02990758  39.62973096  28.93084456
 -20.02366273]
Current x array =  [-0.61948949 -0.84414272 -0.95386508  0.26933436 -2.41076564  0.07727875
 -2.42994789 -3.02382852 -1.55264338 -0.59170622 -2.62862884 -3.63916053
 -1.63483914 -2.70945642]
log likelihood =  -3838.027258807673
Edge derivatives =  [12.116908149643313, 14.799497879863496, -10.851671667105004, -70.49264595796264, 15.186416884728533, 3.1205122649146904, -34.22508395797544, 6.577719610909155]
other derivatives: [  55.2065103  -192.0140221  -188.70987333   50.8379344   -66.36505532
  -51.80691005]
Current x array =  [-0.6569028  -0.49776872 -0.49675921  0.26575645 -2.14887218 -0.05829956
 -1.78894881 -2.53086058 -0.66282566  0.02716461 -2.02128373 -3.40095085
 -0.96275514 -2.17379417]
log likelihood =  -3790.2735366978295
Edge derivatives =  [17.987708759403052, 17.5996633348974, 9.747510506410613, -35.880345399371734, 19.935796442454702, 4.652988170970996, -11.827906416081538, 12.75310151036652]
other derivatives: [ 54.69878488  27.28229447  70.3542355   21.48494787  -0.2662091
 -38.46971595]
Current x array =  [-0.62683887 -0.69834927 -0.82168399  0.380736   -2.45566292 -0.10179892
 -1.86459587 -2.58883343 -0.80272121 -0.11271486 -2.09104407 -3.42679863
 -1.08694921 -2.24101551]
log likelihood =  -3773.284725416578
Edge derivatives =  [18.765232601141427, 18.247606893096975, 8.122535759178634, -20.912967862726948, 19.905526711135764, 4.596962354824418, -5.744148529248536, 12.761640262738434]
other derivatives: [  4.63996912  14.58770384  17.19336069  12.38140612   6.89551598
 -30.1311502 ]
Current x array =  [-0.59929886 -0.68400142 -0.72120136  0.46641674 -2.46003843 -0.20124969
 -1.82039083 -2.54831338 -0.77112407 -0.22080935 -2.04343341 -3.4172726
 -1.11619267 -2.2109255 ]
log likelihood =  -3756.184521195962
Edge derivatives =  [12.034039326602365, 15.686557029728549, -13.342297477030804, -13.84453123649299, 10.494414731456876, 2.0873831643731346, -12.1361367338286, 4.837148411977824]
other derivatives: [-35.82690624 -30.40686352 -62.93403203  -5.03996489   4.44547368
 -19.37028173]
Current x array =  [-0.58813718 -0.66118852 -0.5898478   0.63574379 -2.49098511 -0.45551292
 -1.55183121 -2.32343006 -0.49823032 -0.25896284 -1.77708854 -3.33153066
 -1.00704786 -2.00469109]
log likelihood =  -3747.949673669332
Edge derivatives =  [10.45545157831505, 15.610705429802962, -17.190188317442097, -7.411072213646054, 6.814586124004478, 1.4438297465857062, -7.652997780444232, 3.294162908850989]
other derivatives: [-24.65262696 -35.09694579 -17.12719495 -11.48637239   5.71712917
 -11.17177817]
Current x array =  [-0.59379661 -0.65829172 -0.63868976  0.68152156 -2.46323559 -0.58592099
 -1.46838298 -2.23600805 -0.49025942 -0.35430201 -1.69587253 -3.31251087
 -1.04255194 -1.95477759]
log likelihood =  -3740.035320527003
Edge derivatives =  [5.8772087442781, 14.709112482898233, -21.12656746740943, 2.7526775935838543, -1.2609131041898647, 0.215847286831922, 0.3046294143293041, -0.4381615941695254]
other derivatives: [ 33.64334589  24.0332156    5.31017577 -13.11259439  -2.96922735
  -0.90903995]
Current x array =  [-0.62802299 -0.73101546 -0.65889049  0.7225064  -2.37585779 -0.84365405
 -1.25967496 -2.00935348 -0.49064836 -0.51808862 -1.50546595 -3.26402415
 -1.09500969 -1.83218554]
log likelihood =  -3737.122656805308
Edge derivatives =  [4.806891213629173, 14.95403566464417, -16.580214557658515, 6.921968439377331, -2.345721610626582, 0.21154998876720466, 4.6945172860036015, 0.04306744056581402]
other derivatives: [  4.71709427   9.56488293  16.7588496  -12.24552761  -3.00706233
   2.99387466]
Current x array =  [-0.60869091 -0.70822461 -0.68078355  0.70368017 -2.33786518 -0.91267294
 -1.22865272 -1.94607026 -0.58645611 -0.60175987 -1.49164379 -3.26579748
 -1.15063043 -1.83200076]
log likelihood =  -3733.8031706095035
Edge derivatives =  [1.3793936129561266, 14.088075497750806, -10.784845636636591, 7.167969648966779, -4.0575533075247305, 0.1025424485712186, 5.7824174916989355, -0.4701411624671506]
other derivatives: [-9.8786586  -2.6174348  18.55701157 -5.57183739 -5.03569026  5.15638021]
Current x array =  [-0.59985352 -0.69002712 -0.68750557  0.64100674 -2.31501616 -0.96963468
 -1.16333088 -1.82398064 -0.70160415 -0.63211941 -1.46485327 -3.25812468
 -1.16863357 -1.81374731]
log likelihood =  -3729.5716902256554
Edge derivatives =  [-4.091998657711707, 11.608778978893568, -1.241831982345051, 5.247973511828159, -4.697336962207588, 0.14327253742912271, 4.138840936434284, -1.3689131670037658]
other derivatives: [ -7.35094545 -10.14927875   9.64510036   4.04097591  -2.02371666
   5.67597453]
Current x array =  [-0.60116176 -0.67943956 -0.67534955  0.54636056 -2.35192048 -1.00875544
 -1.06873386 -1.58760073 -0.87664827 -0.60163754 -1.4431338  -3.24074143
 -1.14538527 -1.78364609]
log likelihood =  -3729.373073243864
Edge derivatives =  [-9.301306024999837, 6.510472041790451, 1.0603733020626196, -4.779891414335574, -4.8066471593707885, -0.09794799618876614, -3.5843731094932108, -3.422870119904384]
other derivatives: [-91.50139704  19.49920261   7.5105163    7.488552    -8.37831067
   2.26850716]
Current x array =  [-0.55385083 -0.7277797  -0.66920868  0.51751286 -2.37473538 -0.98413888
 -1.02091082 -1.26383212 -0.96120909 -0.47829713 -1.43992701 -3.21062554
 -1.0624908  -1.75039069]
log likelihood =  -3728.2820276850907
Edge derivatives =  [-6.858229230235568, 9.23404615776739, 0.07715073538072373, 0.12075056122491465, -4.751651853588029, 0.0259817714192956, 0.234723203482898, -2.422332423747868]
other derivatives: [-48.74182196   5.46870069   8.45461727   5.71380951  -5.04478521
   3.92560651]
Current x array =  [-0.57692599 -0.70420256 -0.67220379  0.53158287 -2.36360777 -0.99614522
 -1.04423576 -1.42174517 -0.91996588 -0.53845448 -1.44149107 -3.22531409
 -1.10292128 -1.76661049]
log likelihood =  -3726.3135014644313
Edge derivatives =  [-7.067341585079165, 7.326083645908567, 4.3726256047583, -2.4284802152373146, -1.7748510241404036, 0.388302829845233, -1.531000249647148, -1.7212959542569575]
other derivatives: [-15.31088856   6.28479029  -5.69780241   7.887229    -0.78139237
   1.81389623]
Current x array =  [-0.59601105 -0.70228506 -0.65184898  0.50783141 -2.40132997 -0.95623495
 -1.05528856 -1.26187811 -1.01361248 -0.48091298 -1.48070042 -3.22094494
 -1.07497455 -1.77807419]
log likelihood =  -3725.3496366118675
Edge derivatives =  [-7.135488348627335, 5.536952829930485, 5.1790246430860405, -3.683799909891612, -0.44890302180542313, 0.48885113452236806, -2.6350873257292498, -1.5120042694287945]
other derivatives: [-1.68770384  5.20467438 -7.45371835  4.78676156  1.0858912   0.43505679]
Current x array =  [-0.60449804 -0.70083712 -0.6473672   0.5324643  -2.41304111 -0.93482233
 -1.07982657 -1.14840581 -1.03726033 -0.45806194 -1.50279739 -3.21573419
 -1.06170868 -1.78527293]
log likelihood =  -3724.123498584183
Edge derivatives =  [-6.444323627599621, 2.2685011692131596, 5.406302250066297, -3.6598800874634567, 1.6225620754177759, 0.6524861730530921, -2.590941878498946, -0.6704270994940585]
other derivatives: [10.14495865  2.91965989 -3.19992068 -2.61334208  2.6084308  -1.25883162]
Current x array =  [-0.61216727 -0.69684675 -0.65062495  0.59538232 -2.40630781 -0.90508276
 -1.15668404 -0.97904554 -1.04657084 -0.45698413 -1.54339172 -3.21016914
 -1.06469409 -1.80873232]
log likelihood =  -3723.284983771182
Edge derivatives =  [-5.154613387728164, 0.4999527178918414, 3.9335204015118754, -2.5098872000622023, 2.409833578144987, 0.67980806214816, -1.1917520688334968, 0.16321674700175426]
other derivatives: [ 9.30253918  0.27753231 -0.9233645  -4.80540621  1.19489414 -2.00557224]
Current x array =  [-0.61179826 -0.69163662 -0.65449859  0.61722787 -2.38269012 -0.89184318
 -1.24641697 -0.8990581  -1.01221441 -0.48160363 -1.56247876 -3.20677601
 -1.0842433  -1.83033627]
log likelihood =  -3722.252634998315
Edge derivatives =  [-2.276977843873809, -1.5502785757400233, -0.14157697382713952, 0.9336876967069142, 1.446818803378487, 0.3710853218026016, -0.07305268820474697, 0.609040793329002]
other derivatives: [ 2.17855813 -2.77400432 -3.13316377 -1.92444531  0.84501153 -2.71261342]
Current x array =  [-0.60716759 -0.68715467 -0.65307639  0.59315113 -2.37994971 -0.90740311
 -1.42707745 -0.79399963 -0.91371354 -0.52804214 -1.54411211 -3.18934382
 -1.09619704 -1.84190482]
log likelihood =  -3722.5678515038044
Edge derivatives =  [-0.5556652318100779, -0.23949038532783012, -1.4130017577796496, -0.5791567981614142, 0.8864772543820619, 0.3234117846314118, 0.0038408636220315095, 1.1124888160196849]
other derivatives: [ 4.5239176   0.40136001 26.36479621  1.76487447  0.61045284 -2.44854164]
Current x array =  [-0.60652079 -0.68891946 -0.69719348  0.55278084 -2.37588072 -0.92282265
 -1.53807971 -0.82450426 -0.897921   -0.51679171 -1.54345415 -3.18734171
 -1.09995266 -1.85447308]
log likelihood =  -3722.163436834751
Edge derivatives =  [-1.7019768735992298, -1.1278157104721744, -0.5268045162119662, 0.47805890458952993, 1.277484472027807, 0.35762079683829573, -0.03519365738719382, 0.7748209367591907]
other derivatives: [ 2.92334335 -1.73790795  6.63080755 -0.7678409   0.80531208 -2.63626134]
Current x array =  [-0.60696371 -0.68771096 -0.66698296  0.58042562 -2.37866709 -0.91226365
 -1.46206754 -0.80361529 -0.90873542 -0.52449578 -1.54390471 -3.18871271
 -1.09738089 -1.84586658]
log likelihood =  -3722.0559648522576
Edge derivatives =  [-0.8464569620646207, -0.003997589162142323, -1.326779737923511, 1.455513458066336, 0.7772272792859353, 0.29409698907682347, 0.45831187581522304, 0.8195357049565846]
other derivatives: [-0.83937266 -0.21964297  1.83572411  0.91376933  0.77634468 -2.32103048]
Current x array =  [-0.60461154 -0.68929452 -0.66159754  0.56749706 -2.37946207 -0.9278808
 -1.49843883 -0.82508649 -0.88648642 -0.53330006 -1.53167466 -3.18616986
 -1.10014765 -1.84422405]
log likelihood =  -3721.9849747142825
Edge derivatives =  [-0.7504867893504393, -0.2906909104092564, -1.2939224092306476, 1.2738093509797515, 0.22250891230359765, 0.21409671037740696, 0.3906309712941478, 0.5931735430371925]
other derivatives: [-1.18566277  1.64272933  0.53196345  1.95350367 -0.21027518 -2.00066097]
Current x array =  [-0.60452741 -0.69178911 -0.65968112  0.56047732 -2.37566231 -0.94915951
 -1.51686979 -0.81023999 -0.88847408 -0.52978964 -1.5191485  -3.18118628
 -1.09752079 -1.8371179 ]
log likelihood =  -3721.908897335098
Edge derivatives =  [-0.21267438864499646, -0.09309512839890621, -0.24948812682456412, -0.15807631317413245, -0.9014232277971446, 0.09314263772532079, -0.07324372589428363, 0.10130594747752747]
other derivatives: [-9.75792318 -6.90433808 -1.95786924  2.76727405 -0.62464096 -0.87225089]
Current x array =  [-0.600378   -0.6820383  -0.65643541  0.55133753 -2.37383061 -1.01157713
 -1.57812909 -0.79679517 -0.91523257 -0.50827931 -1.49657145 -3.17093453
 -1.09016822 -1.82228412]
log likelihood =  -3721.8217211231567
Edge derivatives =  [-0.04283507497660821, 0.017348913712164182, 0.25871270475556163, 0.10732115279720857, -1.0048423223384049, 0.10359229378399196, 0.4173258827140054, 0.0326733592562195]
other derivatives: [ 0.27121132  1.48993422 -1.46173988  1.60821401 -1.19089236 -0.4589765 ]
Current x array =  [-0.60621558 -0.69171336 -0.65626946  0.56480015 -2.36633437 -1.03572381
 -1.58950649 -0.79311489 -0.92065698 -0.50717391 -1.48964818 -3.16780754
 -1.09110858 -1.81614367]
log likelihood =  -3721.8073374893875
Edge derivatives =  [0.0006070757736766907, -0.07536863526173887, 0.33916520999219435, 0.1130033746193371, -0.7439050526968268, 0.13448938821877643, 0.4078129929627168, 0.10965091937498811]
other derivatives: [ 0.58284968  0.59008016 -0.38521648  0.65147105 -0.67493602 -0.48721631]
Current x array =  [-0.6064103  -0.69065545 -0.65748752  0.57183571 -2.36783029 -1.03360311
 -1.5922939  -0.79012995 -0.92161404 -0.50675066 -1.49466728 -3.16823028
 -1.09117581 -1.81813849]
log likelihood =  -3721.7993239727134
Edge derivatives =  [0.10734075444093466, -0.04053302875806586, 0.4241980746478023, 0.11380611521817881, -0.4861556825180874, 0.16240753589626308, 0.2933789234768137, 0.12852719658614303]
other derivatives: [-0.49585651  0.36184247  0.1027729  -0.14283614 -0.10022632 -0.38057806]
Current x array =  [-0.6057434  -0.69065018 -0.6579453   0.57746388 -2.37071923 -1.03890858
 -1.59933533 -0.78848296 -0.9216406  -0.50504045 -1.4986583  -3.1671614
 -1.08916793 -1.81779404]
log likelihood =  -3721.7999345072326
Edge derivatives =  [0.22377513236958596, 0.08828534088120055, 0.224079450750893, 0.15501360123888666, -0.29144638417860247, 0.1732008136600346, 0.14080808840613224, 0.10074301709814426]
other derivatives: [ 2.82129804 -1.89015736  0.00650289 -0.3727564   0.43623913 -0.19249455]
Current x array =  [-0.60795225 -0.6878766  -0.65749795  0.5786143  -2.37354402 -1.04813552
 -1.60956758 -0.78930613 -0.91696764 -0.50418677 -1.50155506 -3.16492458
 -1.08648302 -1.81617986]
log likelihood =  -3721.797079594163
Edge derivatives =  [0.16231437642514096, 0.020120116945917865, 0.3305512080746884, 0.13331618072360918, -0.3944464381803831, 0.16750319868582078, 0.22191352321502, 0.11553951258407663]
other derivatives: [ 1.06647349 -0.69389898  0.05748007 -0.25083864  0.15215846 -0.2917659 ]
Current x array =  [-0.60678119 -0.68934706 -0.65773512  0.57800438 -2.37204641 -1.04324369
 -1.60414277 -0.78886971 -0.91944509 -0.50463937 -1.50001929 -3.16611047
 -1.08790647 -1.81703565]
log likelihood =  -3721.7942307822937
Edge derivatives =  [0.16303673820722614, 0.060891435155771, 0.2687562868632275, 0.1165821593503577, -0.28400741712183253, 0.17404977053585208, 0.09764826320961262, 0.0788348783688908]
other derivatives: [ 0.33346623 -0.4245976   0.11809789 -0.35756784  0.26743692 -0.19476829]
Current x array =  [-0.60632386 -0.68990656 -0.65772773  0.57870638 -2.37330836 -1.0476687
 -1.60510592 -0.78929053 -0.91769148 -0.50384999 -1.50156771 -3.16494646
 -1.08601256 -1.81559181]
log likelihood =  -3721.791300298227
Edge derivatives =  [0.09045071728163878, 0.04773074924485621, 0.06407805364755972, 0.05146732417002571, -0.13456584738540533, 0.1753783434195605, -0.10134950442122581, 0.0005089624282274552]
other derivatives: [-0.2447905  -0.04401954  0.0682121  -0.22955646  0.18972059 -0.0509317 ]
Current x array =  [-0.60598331 -0.69069805 -0.65751983  0.57780588 -2.37420517 -1.05393331
 -1.6036653  -0.789014   -0.91379336 -0.50296933 -1.50379678 -3.16267465
 -1.08319248 -1.81297831]
log likelihood =  -3721.790464635206
Edge derivatives =  [0.022155473817771776, -0.0025223139303421904, -0.03606541776054881, -0.01839672893647351, -0.042691635069389944, 0.1762438838637721, -0.10725863951660275, -0.012726925850972626]
other derivatives: [-0.13155841  0.02905836  0.03205969 -0.07007657  0.03378773  0.00063665]
Current x array =  [-0.60606347 -0.69082953 -0.65745191  0.5767763  -2.37375545 -1.05530612
 -1.60131699 -0.78845175 -0.91250271 -0.50260851 -1.50550582 -3.16109635
 -1.08303167 -1.81231822]
log likelihood =  -3721.7899640295573
Edge derivatives =  [-0.009884888418193905, -0.024478202092684198, -0.044932442019537444, -0.03577143663789295, 0.01895432386948026, 0.1734037034404356, -0.03537258065685589, -0.008277532704883961]
other derivatives: [-0.00436557  0.06189111 -0.06539267  0.05175025 -0.01164153  0.03747118]
Current x array =  [-0.60613459 -0.6908304  -0.6573559   0.57587739 -2.37363194 -1.05607021
 -1.60003569 -0.78816729 -0.91264752 -0.50249883 -1.5067288  -3.1586093
 -1.08371784 -1.81204977]
log likelihood =  -3721.789374286698
Edge derivatives =  [-0.04893447933805589, -0.059258488315554136, -0.05565663673929866, -0.041922259262370115, 0.06048303315293635, 0.15733326537202655, 0.06535429118344782, -0.011257775546738069]
other derivatives: [ 0.16143531  0.00513865  0.19481377  0.14797479 -0.07212293  0.07676135]
Current x array =  [-0.60622042 -0.6906981  -0.65774319  0.57511409 -2.37317596 -1.05674562
 -1.59872839 -0.78783062 -0.91307987 -0.50273272 -1.50809238 -3.15348633
 -1.08489108 -1.811765  ]
log likelihood =  -3721.7888030752865
Edge derivatives =  [-0.07553884119225945, -0.08276051258674655, -0.021403774779085033, 0.03649440205401519, 0.16454750517185474, 0.13224419159552706, 0.22700975218674224, 0.001749462503381649]
other derivatives: [ 0.20854714 -0.00927685 -0.47784852  0.16125341 -0.0815362   0.10140866]
Current x array =  [-0.60626284 -0.69058127 -0.65692442  0.57527797 -2.37281356 -1.0564856
 -1.59669268 -0.78753421 -0.91385648 -0.50355414 -1.51073563 -3.14421737
 -1.08663491 -1.81178201]
log likelihood =  -3721.788069712442
Edge derivatives =  [-0.07015971276299954, -0.07558179794890246, -0.00621899006126736, 0.06668282111138683, 0.13904686031125918, 0.11015620084178512, 0.22833998415029555, -0.009611461064448157]
other derivatives: [ 0.20327207 -0.05666152 -0.0689397   0.10759322 -0.03360583  0.09158612]
Current x array =  [-0.60623954 -0.69051536 -0.65747278  0.57552336 -2.3728849  -1.05606709
 -1.59676467 -0.78793611 -0.91428134 -0.50392832 -1.5110076  -3.13956571
 -1.08682368 -1.81182241]
log likelihood =  -3721.7870732105575
Edge derivatives =  [-0.03647524450898082, -0.029944349864156616, 0.029370335174661033, 0.14210682585564938, 0.06532518216754557, 0.0588090716868033, 0.1614272320982587, -0.04067169074037186]
other derivatives: [-0.04761205 -0.17216735  0.30722731 -0.04879439  0.0851287   0.04765752]
Current x array =  [-0.60607555 -0.69041032 -0.65796764  0.57647906 -2.37326336 -1.05491922
 -1.5974232  -0.78925022 -0.91488227 -0.50461252 -1.51115177 -3.12937314
 -1.0864152  -1.81196632]
log likelihood =  -3721.7867228918967
Edge derivatives =  [-0.005214007888840078, 0.005474091059672226, 0.05881482932404444, 0.14804395021835193, 0.04104151367328823, 0.029326577863615477, 0.08857833765865208, -0.04996506320898331]
other derivatives: [ 0.39062797  0.25652298  0.30045157 -0.12073542  0.10595613  0.01045919]
Current x array =  [-0.6063322  -0.69094477 -0.65791066  0.57715597 -2.37336597 -1.05446119
 -1.59813964 -0.78996994 -0.91511953 -0.50431609 -1.51131441 -3.12285411
 -1.08554401 -1.81217569]
log likelihood =  -3721.78641996663
Edge derivatives =  [0.0027440459801002515, 0.02031676168558927, 0.023688990205211813, 0.09012074070948461, 0.006299501369811111, 0.0009711912527447242, -0.020061336508164107, -0.06882845085993289]
other derivatives: [-0.18135324 -0.07048584  0.10768417 -0.13073986  0.05456968 -0.01036824]
Current x array =  [-0.60603355 -0.69063723 -0.65764214  0.57724344 -2.37327334 -1.05440683
 -1.59884648 -0.79045082 -0.91477546 -0.50378345 -1.51144489 -3.11761377
 -1.08454785 -1.81232625]
log likelihood =  -3721.78632026982
Edge derivatives =  [-0.0022821518350397696, 0.013026935656308636, 0.013636640482874496, 0.051576061517206465, 0.010331635052824362, 0.00407421798666234, -0.021156565398062988, -0.06095828982954887]
other derivatives: [-0.08494681 -0.0165528   0.00613909 -0.07157723  0.00100044 -0.00954969]
Current x array =  [-0.60609903 -0.69069574 -0.65750704  0.57687334 -2.37308955 -1.05452256
 -1.59883826 -0.79027101 -0.914698   -0.50340559 -1.51138576 -3.11818852
 -1.08448183 -1.8124517 ]
log likelihood =  -3721.7862695748395
Edge derivatives =  [-0.004684067479305609, 0.00868332779212233, 0.006357597294343875, 0.009178745520870168, 0.005890228527342556, 0.00332489393600649, -0.018446784597191956, -0.04796545394888757]
other derivatives: [ 0.01682565 -0.0001819  -0.03619789 -0.00841283 -0.0379714  -0.00986802]
Current x array =  [-0.60616517 -0.69070655 -0.6574522   0.57641759 -2.37300033 -1.05459751
 -1.59896739 -0.79016436 -0.91470386 -0.50296964 -1.51127002 -3.11801687
 -1.08446068 -1.8127437 ]
log likelihood =  -3721.7862522853993
Edge derivatives =  [-0.0036841325924539814, 0.00863000491174093, 0.007025407717436122, -0.005418153135202275, 0.003980989761324161, 0.0021153215314215074, -0.008128548407739355, -0.03491585151586274]
other derivatives: [-0.02282832  0.03979039 -0.02492015  0.01527951 -0.03628884 -0.00823093]
Current x array =  [-0.60613479 -0.69075702 -0.65747228  0.57621289 -2.37309157 -1.05464297
 -1.59906461 -0.79012786 -0.91472975 -0.50277735 -1.51122368 -3.11763808
 -1.08452168 -1.81302583]
log likelihood =  -3721.7862561340653
Edge derivatives =  [0.00168610014641285, 0.011521268046881028, 0.003703065334270894, -0.02508624309138749, -0.00835160039582522, -0.001866813875481932, 0.0029530432376271287, -0.005891721385697157]
other derivatives: [ 0.1753051  -0.1033186  -0.00109139  0.02855813  0.00854925 -0.0079126 ]
Current x array =  [-0.60625957 -0.69057547 -0.65748702  0.57601847 -2.37343113 -1.05463978
 -1.59944245 -0.79010567 -0.91468371 -0.50247461 -1.51102528 -3.11676432
 -1.08455136 -1.81375341]
log likelihood =  -3721.786241098372
Edge derivatives =  [-0.001196831639978413, 0.00996924449645975, 0.005487001306026196, -0.014524879631189869, -0.0017290895461463673, 0.0002721635324108712, -0.0029979962124794257, -0.02147219372200726]
other derivatives: [ 0.0689397  -0.02642082 -0.01382432  0.0214186  -0.01550688 -0.00800355]
Current x array =  [-0.60619257 -0.69067295 -0.65747911  0.57612286 -2.3732488  -1.05464149
 -1.59923957 -0.79011758 -0.91470843 -0.50263717 -1.51113181 -3.11723348
 -1.08453542 -1.81336274]
log likelihood =  -3721.7862340015035
Edge derivatives =  [0.0007118392198766088, 0.010818102123764106, 0.0076285211821414955, -0.011519615413330644, -0.001207919472463459, -1.1917732293878491e-05, 0.004464609548556764, -0.01240015728381133]
other derivatives: [ 0.00959517 -0.00368345 -0.00140972  0.01546141  0.00181899 -0.00636646]
Current x array =  [-0.60615085 -0.69070611 -0.65749686  0.57614429 -2.37336899 -1.05465661
 -1.59929391 -0.79009429 -0.91469709 -0.50262682 -1.51112278 -3.11705599
 -1.08458046 -1.81355903]
      fun: 3721.7862340015035
 hess_inv: <14x14 LbfgsInvHessProduct with dtype=float64>
      jac: array([-9.59516910e-03,  3.68345354e-03,  1.40971679e-03, -1.54614099e-02,
       -1.81898940e-03,  6.36646291e-03, -7.11839220e-04, -1.08181021e-02,
       -7.62852118e-03,  1.15196154e-02,  1.20791947e-03,  1.19177323e-05,
       -4.46460955e-03,  1.24001573e-02])
  message: b'CONVERGENCE: REL_REDUCTION_OF_F_<=_FACTR*EPSMCH'
     nfev: 49
      nit: 44
   status: 0
  success: True
        x: array([-0.60615085, -0.69070611, -0.65749686,  0.57614429, -2.37336899,
       -1.05465661, -1.59929391, -0.79009429, -0.91469709, -0.50262682,
       -1.51112278, -3.11705599, -1.08458046, -1.81355903])
