number of sites to be analyzed:  379
log likelihood =  -7374.7221870922795
Edge derivatives =  [218.35954097149357, 95.04459516383501, 303.8270487965594, 259.0176722653161]
other derivatives: [  21.00068741   27.93376552  -36.01871867  100.83485904 -234.1698746
   76.03566701]
Current x array =  [-0.60353    -0.74699999 -0.64539275  0.          0.          1.25276297
 -4.60517019 -4.60517019 -4.60517019 -4.60517019]
log likelihood =  -6865.321142900652
Edge derivatives =  [218.42393451164975, 89.65388020503961, 297.47372213667734, 249.48611345122217]
other derivatives: [  29.42933861   39.3351911    -0.94141797   56.65324352 -171.24557417
   65.07016224]
Current x array =  [-0.60248847 -0.74568851 -0.7131659   0.18973178 -0.44061615  1.26357702
 -4.1943029  -4.42633342 -4.03348646 -4.11780019]
log likelihood =  -5497.777569319729
Edge derivatives =  [194.87322076174007, 49.02038001648371, 171.8900768403291, 150.04918777361772]
other derivatives: [  29.33074938   34.57116691   93.62402125 -141.77821868  129.55333659
  -80.18669178]
Current x array =  [-0.59832236 -0.74044259 -0.98425848  0.94865891 -2.20308077  1.30683323
 -2.55083375 -3.71098634 -1.74675157 -2.16832021]
log likelihood =  -5766.910818629456
Edge derivatives =  [-152.86796867132526, -3.5813740885279546, -445.43202178245514, -213.05235829534152]
other derivatives: [-1306.15426315 -1126.51559903  -818.49138951   197.55843823
  -665.12420744    21.53274181]
Current x array =  [-0.36422782 -0.47420773 -0.32030287  0.30090113 -2.70866292  0.31945022
  1.0977686  -2.48319499  2.33095923  1.34332329]
log likelihood =  -4876.479741811538
Edge derivatives =  [66.18195721383445, 7.3548863710064305, -50.708323747976536, 7.760884346500007]
other derivatives: [-414.9880624  -224.16261345   65.18675946  -51.70149961   -6.57000783
 -130.59880075]
Current x array =  [-0.48635059 -0.61309751 -0.66667617  0.63882432 -2.44491011  0.83454958
 -0.80563941 -3.12371091  0.20369331 -0.48863584]
log likelihood =  -5768.451561492325
Edge derivatives =  [-108.81624377915094, -2.164438328136922, -324.7557793315061, -175.88436653229437]
other derivatives: [  999.84818007   234.2301741  -1870.6159608    171.27022147
  -479.87741709   -24.79682735]
Current x array =  [-1.53695244 -1.13124115 -0.26303999  0.28572643 -2.66742054  0.14009276
  0.66727956 -2.66608104  1.51696711  0.78240104]
log likelihood =  -4819.20638392724
Edge derivatives =  [44.029295344093974, 4.402331148882455, -78.4017486588269, -15.977034790979548]
other derivatives: [ 215.37171051  -74.83422451  -17.46611815  -19.78532964  -53.21326171
 -121.92267604]
Current x array =  [-0.73114028 -0.73382471 -0.57262915  0.5565527  -2.49675493  0.6727415
 -0.46245005 -3.01708339  0.50968543 -0.1924849 ]
log likelihood =  -4794.335305224235
Edge derivatives =  [43.89117055848843, 4.578520744011282, -71.43341081909053, -14.886295826177465]
other derivatives: [  93.85403246  -30.89398888  -39.80312613  -14.53681762  -50.04130799
 -114.11493688]
Current x array =  [-0.66575189 -0.7729249  -0.56031853  0.5118155  -2.45539604  0.60861184
 -0.47378217 -3.03196791  0.4228678  -0.24339473]
log likelihood =  -4758.5565653486665
Edge derivatives =  [45.42914416830135, 5.4268283474342125, -40.35870127207131, -8.071300415172361]
other derivatives: [-148.31111912   45.09765859   -3.81560312   -6.02158252  -21.12574293
  -86.27175703]
Current x array =  [-0.56391816 -0.85258303 -0.59257416  0.41745033 -2.42265331  0.38103511
 -0.46096586 -3.05885553  0.18065011 -0.36333915]
log likelihood =  -4733.087919188987
Edge derivatives =  [30.675341807765943, 4.6509098755764775, -31.279036477950992, -14.365287924959574]
other derivatives: [-156.19189071   69.98106983  -25.59754648    9.23982952  -21.95765774
  -60.53578545]
Current x array =  [-0.5628427  -0.88617657 -0.57417846  0.31378277 -2.41827776  0.11634753
 -0.2971502  -3.03478493  0.10793393 -0.34178133]
log likelihood =  -4729.899374702136
Edge derivatives =  [-15.71626928697566, 3.28732889691613, 12.294353960558425, -6.884424008521707]
other derivatives: [ -53.31612556 -203.93645173  168.47661755   17.320599     11.01961971
    5.23414201]
Current x array =  [-0.6028336  -0.64217731 -0.75604881  0.13683713 -2.40544246 -0.63704058
  0.02051486 -3.00630888 -0.31346844 -0.53338612]
log likelihood =  -4707.764006648478
Edge derivatives =  [12.397472953581143, 4.164375425085831, -7.274522552611963, -11.03724608051335]
other derivatives: [-9.84567123e+01 -4.58927389e+01  8.50235665e+01  1.33269168e+01
  9.39508027e-02 -2.38633220e+01]
Current x array =  [-0.58321232 -0.76189398 -0.66681529  0.22365437 -2.41174002 -0.26739554
 -0.13534546 -3.02028047 -0.10671007 -0.43937646]
log likelihood =  -4697.373782834109
Edge derivatives =  [0.746468574768012, 3.8098081680120237, 9.73312020343491, -3.967869099547004]
other derivatives: [  3.57658791  -2.03799573 -14.39821062  19.4747372    3.7171958
  -9.50885806]
Current x array =  [-0.62357106 -0.80436107 -0.58040272  0.18682695 -2.42322202 -0.49872907
 -0.00354458 -2.99532122 -0.18402457 -0.46124795]
log likelihood =  -4696.49547558645
Edge derivatives =  [-3.47829739033027, 3.597547917632076, 6.043131956541776, -6.010524177882525]
other derivatives: [11.05281626  1.66637619  1.87001206 16.13216227  1.9311301  -7.96244422]
Current x array =  [-0.62748345 -0.81146396 -0.58948063  0.2138872  -2.4487284  -0.52544928
  0.03543395 -2.97770804 -0.14179939 -0.43374978]
log likelihood =  -4695.236703386386
Edge derivatives =  [-5.78663654779657, 3.572821443875672, 3.0496483282479057, -5.203753449689409]
other derivatives: [ 4.89935701 -6.30416253  2.50829544  7.50433173  4.21650839 -4.56593625]
Current x array =  [-0.6256504  -0.80764879 -0.58646325  0.28678116 -2.48107268 -0.58354936
  0.06905396 -2.94930991 -0.09231527 -0.42581905]
log likelihood =  -4694.302052836683
Edge derivatives =  [-3.5943808920904945, 3.9082397096670958, 1.2136160438795087, -1.315299803498815]
other derivatives: [ 1.35742084 13.35347406 13.22277967 -0.37198333  4.19695425 -0.83045961]
Current x array =  [-0.62322929 -0.82829172 -0.59342449  0.35848649 -2.44827988 -0.66205369
  0.04286775 -2.9148815  -0.07990962 -0.47821163]
log likelihood =  -4693.900732826265
Edge derivatives =  [-2.1281709404501514, 4.1039537793950815, -0.5925089092024894, 0.28965288289592583]
other derivatives: [-8.2403858   0.94551069 -2.15077307 -2.56713975  1.72385626  0.54888005]
Current x array =  [-0.61948146 -0.81484031 -0.5828264   0.38235509 -2.41163091 -0.69425123
  0.01450433 -2.89437755 -0.08273469 -0.511639  ]
log likelihood =  -4693.79431995785
Edge derivatives =  [-0.7112388501443172, 4.238403170859408, -0.475187222898673, 0.9670222426797592]
other derivatives: [-4.13192538 -0.28376235 -2.11084625 -1.86619218  0.65110726  0.58480509]
Current x array =  [-0.62102214 -0.81224136 -0.58375842  0.3768696  -2.39000455 -0.69600298
 -0.00628905 -2.88695322 -0.09488572 -0.527648  ]
log likelihood =  -4693.664526125169
Edge derivatives =  [-0.155346608611948, 4.371487453495604, -1.01465097672568, 0.8503297496828752]
other derivatives: [ 0.28594513 -0.90576577 -1.27520252 -0.38935468 -1.66837708  0.5745278 ]
Current x array =  [-0.6228844  -0.81050451 -0.5850927   0.36647273 -2.36906632 -0.69908538
 -0.0239476  -2.85933592 -0.10337778 -0.53567237]
log likelihood =  -4693.407385551643
Edge derivatives =  [1.054586534736071, 4.717458748755828, -1.7889986929770374, 0.5871810901294279]
other derivatives: [ 9.79989636 -2.10957296  1.49748303  1.10321707 -4.13056114  0.50813469]
Current x array =  [-0.62690238 -0.80795245 -0.58784962  0.35517628 -2.34605105 -0.7056742
 -0.05266534 -2.77987048 -0.11129199 -0.54042728]
log likelihood =  -4692.674205621172
Edge derivatives =  [1.9984603566156494, 5.683416617681548, -3.2044484421178026, -0.6825066345263343]
other derivatives: [ 17.87948349  -3.01552063   5.72226782   5.67970346 -11.13403414
   1.06920197]
Current x array =  [-0.63046109 -0.80466815 -0.59261939  0.32204477 -2.29418457 -0.74392864
 -0.1191804  -2.51186369 -0.13269566 -0.54286976]
log likelihood =  -4690.903196120611
Edge derivatives =  [-0.1088161269488937, 4.97430171557898, -11.57654365972026, -8.19901108280687]
other derivatives: [ 7.66140147e+01 -1.26916348e+01  2.31544618e+01  1.30102308e+01
 -3.18490493e+01  6.80302037e-02]
Current x array =  [-0.65873077 -0.79192047 -0.60631484  0.27100374 -2.19103498 -0.85709997
 -0.34063232 -1.46410134 -0.14044432 -0.50359622]
log likelihood =  -4688.948047109618
Edge derivatives =  [0.6557403580290588, 5.0185759130883, -8.483183125947138, -6.440818634788531]
other derivatives: [ 45.10102372  -4.07835614  15.26259439  11.80214895 -27.58897608
   0.42800821]
Current x array =  [-0.64367266 -0.80161192 -0.60044389  0.27619357 -2.20971459 -0.8659658
 -0.34113949 -1.44133063 -0.14894016 -0.50726468]
log likelihood =  -4688.162742694699
Edge derivatives =  [-1.7929822239922366, -13.293470421087683, -2.712824920656856, -6.781259954426582]
other derivatives: [-2.17282832e+01  9.36406650e+00 -1.53513611e+00  5.81485438e+00
 -2.26690645e+01  2.13731255e-02]
Current x array =  [-0.6163049  -0.82402252 -0.5831948   0.30772201 -2.29503069 -0.96935904
 -0.46585885 -0.58692985 -0.1456996  -0.4577016 ]
log likelihood =  -4686.431994425464
Edge derivatives =  [-0.5104044470285496, 0.12267963847552729, -5.836711860386404, -6.543433448608472]
other derivatives: [ 16.71478458   2.29310899   7.67277015   8.84774636 -23.87550921
   0.23965185]
Current x array =  [-0.63153083 -0.81155449 -0.59279126  0.29018131 -2.24756546 -0.91183668
 -0.3964718  -1.06227183 -0.14750247 -0.48527579]
log likelihood =  -4699.397529305044
Edge derivatives =  [8.683478457492274, 7.948795401248516, 21.543185130442073, 13.476618534224018]
other derivatives: [ -8.34479579  24.8055585  -62.00752978 -28.41898095  55.79131539
   5.88424882]
Current x array =  [-0.61640758 -0.85342812 -0.53417387  0.53936747 -2.74437768 -0.94404404
 -0.03082784 -1.59850013 -0.01545538 -0.38601747]
log likelihood =  -4684.913195979645
Edge derivatives =  [1.4371280348465998, 3.0802883800498475, 0.3601760730702508, -1.8052272427995344]
other derivatives: [10.4278115   7.49896572 -6.72325768 -0.74342097 -4.05525498  1.77478796]
Current x array =  [-0.62794459 -0.82148415 -0.57889108  0.34927182 -2.36537653 -0.91947414
 -0.30976519 -1.18942979 -0.11618962 -0.46173827]
log likelihood =  -4685.312814798568
Edge derivatives =  [1.2039323464723832, 0.08628681298828629, 0.5914954462258334, -1.889810134291451]
other derivatives: [-33.89559424 -19.91893441  30.89980964  -3.33611752   2.71520548
   1.94531822]
Current x array =  [-0.60966037 -0.79692442 -0.60598111  0.35266369 -2.41634256 -0.92373707
 -0.33067758 -0.99821061 -0.10439234 -0.44971852]
log likelihood =  -4684.662815406382
Edge derivatives =  [1.3566723618593999, 2.056695946930855, 0.4737428814436354, -1.816406759841973]
other derivatives: [-6.22003427 -2.73321348  8.06076059 -1.77169568 -1.36651579  1.82290023]
Current x array =  [-0.62092831 -0.81205974 -0.58928645  0.3505734  -2.38493394 -0.92110998
 -0.31778999 -1.11605244 -0.1116626  -0.45712588]
log likelihood =  -4684.52372785689
Edge derivatives =  [1.0021945219183308, -0.24384301751866444, 1.4748771186580942, -1.994385257128215]
other derivatives: [ 0.7125891   0.71158865  1.14278009 -1.79979907 -0.32850949  1.45419108]
Current x array =  [-0.62412376 -0.81663434 -0.5832976   0.34824634 -2.40428248 -0.93050086
 -0.33164274 -0.97734853 -0.10708442 -0.44301318]
log likelihood =  -4684.481997146508
Edge derivatives =  [0.7732903945927228, 0.2639527346644294, 0.7358526011694004, -1.5438336121495013]
other derivatives: [-1.9484105  -3.27636371 -3.43097781 -0.88284651 -0.44046828  1.31703928]
Current x array =  [-0.62314715 -0.81250241 -0.58030751  0.34121044 -2.40542977 -0.92066911
 -0.32146827 -1.00864676 -0.10157678 -0.45025282]
log likelihood =  -4684.442395744771
Edge derivatives =  [0.6008228142470593, 0.6072644907886096, 0.1431164689786527, -0.9482653042435848]
other derivatives: [-0.73805495 -0.9183168  -0.24501787 -0.08085408 -0.10268195  1.06792868]
Current x array =  [-0.62356708 -0.81484352 -0.58271063  0.33369182 -2.41070603 -0.90839988
 -0.31038972 -1.03052749 -0.09420156 -0.45727499]
log likelihood =  -4684.4220104344295
Edge derivatives =  [0.34719844049384385, 0.31754136771629543, -0.350300368033734, -0.4193117484620211]
other derivatives: [-0.29049261 -0.27421265  0.17607817  0.66575012  0.13451427  0.66302164]
Current x array =  [-0.62379196 -0.81562177 -0.58305207  0.32645543 -2.41737158 -0.89648738
 -0.3049608  -1.01758111 -0.08699011 -0.46298435]
log likelihood =  -4684.410668435439
Edge derivatives =  [0.18919634970849153, 0.10117870742340122, -0.042903363546670015, 0.09826041326999635]
other derivatives: [ 0.80162863 -0.09222276  0.3860805   0.31432137  0.28667273  0.24483597]
Current x array =  [-0.62415769 -0.81554293 -0.58339157  0.32948326 -2.41584852 -0.88335121
 -0.30224264 -1.01125369 -0.08950036 -0.47060211]
log likelihood =  -4684.409551072487
Edge derivatives =  [-0.2128119754159722, -0.07849744604586956, -0.2844416874415605, -0.03414989304942806]
other derivatives: [-1.03718776  0.51277311 -0.10895747 -0.02764864 -0.30086085  0.01000444]
Current x array =  [-0.62341549 -0.81625629 -0.58299539  0.33367694 -2.41428662 -0.87663157
 -0.29819894 -1.00849923 -0.08883457 -0.47132512]
log likelihood =  -4684.408689992929
Edge derivatives =  [-0.045492221769008245, -0.01684491928475132, -0.059194257487357294, 0.07049909547952826]
other derivatives: [ 0.06639311 -0.00327418  0.03537934 -0.01955414 -0.025193    0.05647962]
Current x array =  [-0.62384864 -0.81561468 -0.58315417  0.33311236 -2.41405514 -0.87770419
 -0.29990384 -1.00971483 -0.09042982 -0.4719107 ]
log likelihood =  -4684.408666172691
Edge derivatives =  [-0.031036612022664722, -0.009246962156951533, -0.03498246353806811, 0.06946214224817349]
other derivatives: [ 0.03701643 -0.01127773  0.0163709  -0.01818989 -0.01573426  0.05584297]
Current x array =  [-0.62383209 -0.81559399 -0.58314991  0.33309247 -2.4139214  -0.87768129
 -0.30008575 -1.01001923 -0.09068606 -0.47189525]
log likelihood =  -4684.408626946516
Edge derivatives =  [-0.024134465975872432, 0.000952623708918951, 0.010968829153911841, 0.02279730397894597]
other derivatives: [ 0.18353603 -0.13087629  0.01500666 -0.05366019 -0.02382876  0.01464286]
Current x array =  [-0.62388966 -0.81544249 -0.58316086  0.33343481 -2.41364831 -0.87644921
 -0.30006263 -1.01094769 -0.09127489 -0.471453  ]
log likelihood =  -4684.408596332514
Edge derivatives =  [0.01802887469923309, 0.012643242254740852, 0.045225048850031424, 0.0190312813942648]
other derivatives: [-0.12641976  0.04183676 -0.05929905 -0.00218279  0.03683454  0.00491127]
Current x array =  [-0.62375005 -0.81562222 -0.5831176   0.33290558 -2.41403298 -0.87628964
 -0.300378   -1.01099275 -0.09134895 -0.47111122]
log likelihood =  -4684.408581506817
Edge derivatives =  [-0.001319462626840684, 0.003040787331450967, 0.0157824693080566, 0.011754020057608394]
other derivatives: [-0.02146407  0.00136424 -0.01455192 -0.00754881  0.01109584  0.00645741]
Current x array =  [-0.62380074 -0.81559053 -0.58313927  0.33297464 -2.41406493 -0.87634518
 -0.30022008 -1.01066758 -0.09112364 -0.47109397]
log likelihood =  -4684.408579493453
Edge derivatives =  [-0.004791887093396174, 0.00016730646130526383, 0.005792230359947581, 0.003045612656330521]
other derivatives: [ 0.00127329 -0.00345608 -0.00090949 -0.00291038  0.00372893  0.00327418]
Current x array =  [-0.62381259 -0.81558975 -0.58314554  0.33293796 -2.41412161 -0.87628328
 -0.30019204 -1.01054786 -0.09103779 -0.47099405]
      fun: 4684.408579493453
 hess_inv: <10x10 LbfgsInvHessProduct with dtype=float64>
      jac: array([-0.00127329,  0.00345608,  0.00090949,  0.00291038, -0.00372893,
       -0.00327418,  0.00479189, -0.00016731, -0.00579223, -0.00304561])
  message: b'CONVERGENCE: REL_REDUCTION_OF_F_<=_FACTR*EPSMCH'
     nfev: 41
      nit: 33
   status: 0
  success: True
        x: array([-0.62381259, -0.81558975, -0.58314554,  0.33293796, -2.41412161,
       -0.87628328, -0.30019204, -1.01054786, -0.09103779, -0.47099405])
