number of sites to be analyzed:  527
log likelihood =  7185.433370195908
Lr derivatives =  [-304.0389749073947, -535.0643559163755, -281.7705103225622]
other derivatives =  [ 60.82909749 -68.68231139  30.38667273  16.8056431  427.42540245
  33.85666787]
Current x_clock array =  [-0.63957943 -0.74078693 -0.58441885  0.74193734 -0.10536052 -0.51082562
 -0.51082562 -0.51082562 -0.51082562]
log likelihood =  6851.397322466302
Lr derivatives =  [148.7612551554171, -273.135650511084, -138.19948891418403]
other derivatives =  [-251.52658054  -17.23783498 -130.17552192    8.09759513  324.90825106
   54.88291208]
Current x_clock array =  [-0.75429306 -0.73948422 -0.64172309  0.71024468 -0.91141415 -0.5746737
  0.06254161 -0.50986229 -0.50986229]
log likelihood =  6618.150244156654
Lr derivatives =  [205.20193474160806, -118.55062887652292, -26.875264006449427]
other derivatives =  [497.25949793  87.75696188  41.43494152   6.99928933 184.97685232
  51.94760888]
Current x_clock array =  [-0.52111468 -0.7401601  -0.51966475  0.67910947 -1.84979739 -0.68490038
  0.26218692 -0.35189227 -0.43323008]
log likelihood =  6508.022608099172
Lr derivatives =  [-5.624838849822744, -161.86879339102842, -38.67091750570279]
other derivatives =  [-78.68457033  16.29978215 147.76251192  32.71961759 -32.13872333
  38.31046342]
Current x_clock array =  [-0.67040472 -0.80251799 -0.46177968  0.65005311 -2.69849873 -0.8010927
  0.32036367 -0.22360353 -0.39239422]
log likelihood =  6483.9009135618435
Lr derivatives =  [23.059717974013395, -126.94084987290945, -8.470790813927998]
other derivatives =  [-24.93707143  -5.6988938  -49.58037607  31.60821507 -22.24123818
  38.15166565]
Current x_clock array =  [-0.65121129 -0.81958908 -0.53624977  0.63328251 -2.65360112 -0.8251299
  0.25308794 -0.11434679 -0.36425822]
log likelihood =  6464.308062797356
Lr derivatives =  [16.16754624145031, -111.82196209583613, 23.091326980865603]
other derivatives =  [  63.14676284  -41.06677807 -100.21012713   30.71991159  -23.92516762
   36.31375876]
Current x_clock array =  [-0.62103802 -0.84043793 -0.56834459  0.59283161 -2.54503629 -0.88334439
  0.06695699  0.         -0.30987885]
log likelihood =  6456.808115818784
Lr derivatives =  [15.697134856408901, -117.45349111197837, 24.779937767891603]
other derivatives =  [ 51.00409908 -23.60175131 -53.31721695  25.71268851  -0.3178684
  35.96524039]
Current x_clock array =  [-0.62684006 -0.81616574 -0.55341154  0.56362063 -2.36941105 -0.91080032
 -0.02334449  0.         -0.30008947]
log likelihood =  6450.85017190773
Lr derivatives =  [-30.774227021688667, -153.9260589942612, -10.894716181589196]
other derivatives =  [ 17.81327228  10.49284037 -12.05880835  14.22613423   0.98552846
  28.28473953]
Current x_clock array =  [-0.63812805 -0.77526935 -0.54408428  0.47480775 -2.24928423 -1.02953129
 -0.13816637  0.         -0.31810386]
log likelihood =  6447.588154206383
Lr derivatives =  [-11.85385385307734, -141.86424717841027, -11.044012101379117]
other derivatives =  [-22.51499609  15.03040039  35.25137799   3.85271051   2.14504325
  24.73452696]
Current x_clock array =  [-0.65361624 -0.77573785 -0.51984235  0.42615839 -2.29390387 -1.10944353
 -0.08943685  0.         -0.32678775]
log likelihood =  6445.054692068676
Lr derivatives =  [-10.908626110301896, -140.38839631587544, -13.577117734419467]
other derivatives =  [-32.64676707   6.80192898  41.54808266  -5.51772246  -3.00642569
  19.97841537]
Current x_clock array =  [-0.65737478 -0.7831475  -0.51701615  0.36670957 -2.33473991 -1.22370109
 -0.07260078  0.         -0.32707876]
log likelihood =  6441.425286361699
Lr derivatives =  [4.907391365861422, -124.5905458299809, 9.471485474684485]
other derivatives =  [-26.02964742  38.6924512    8.19045454 -11.97440724  -8.86111593
  11.81297193]
Current x_clock array =  [-0.65688457 -0.76479813 -0.53043637  0.30931438 -2.38696682 -1.50297853
 -0.05177616  0.         -0.29056534]
log likelihood =  6438.9656549299425
Lr derivatives =  [2.9517639907351736, -124.65348819786168, 10.490892516403584]
other derivatives =  [ -2.37296263 -18.98924893   1.59916453 -19.6811925   -2.03153832
   7.06868377]
Current x_clock array =  [-0.64823317 -0.80627027 -0.53524893  0.27292045 -2.35736763 -1.76135584
 -0.06484284  0.         -0.27955851]
log likelihood =  6437.800455238883
Lr derivatives =  [4.343168797626554, -124.26567305255944, 6.391538098760115]
other derivatives =  [ 11.42898327  -9.79725883 -10.25091478 -16.93242666   0.09167707
   5.18257366]
Current x_clock array =  [-0.64402281 -0.79937235 -0.54091118  0.28991951 -2.33726539 -1.88265322
 -0.0723857   0.         -0.28103081]
log likelihood =  6436.15021880757
Lr derivatives =  [5.253968749254291, -123.63069296514391, 1.3071149103501796]
other derivatives =  [ 15.64349077   3.52138159 -22.73918653  -6.94471964   3.96830728
   2.36395863]
Current x_clock array =  [-0.64280977 -0.78951864 -0.54620481  0.35212675 -2.29460777 -2.15600885
 -0.08772219  0.         -0.27916734]
log likelihood =  6435.517510558669
Lr derivatives =  [-4.3553273000129025, -126.94399830507287, 3.011796134105161]
other derivatives =  [ -2.07055564  -1.34959919 -10.84290489   1.59288902  -2.05282049
   1.18989192]
Current x_clock array =  [-0.64790229 -0.79356227 -0.53928904  0.39931417 -2.30123391 -2.36494635
 -0.09639633  0.         -0.26895807]
log likelihood =  6435.483433167956
Lr derivatives =  [0.9822727024563775, -123.39909726997931, -0.61066605030922]
other derivatives =  [20.72083589  3.47063178 14.42067514  1.9570507   0.49130904  0.4976755 ]
Current x_clock array =  [-0.64143289 -0.7919929  -0.52762121  0.40848583 -2.29979083 -2.49827123
 -0.08755739  0.         -0.2733381 ]
log likelihood =  6435.347735725782
Lr derivatives =  [-0.13793563235041262, -123.93921892780614, 0.8606841019131153]
other derivatives =  [ 1.34768925 -0.27575879  3.68108886  1.31012712  0.24538167  0.47275535]
Current x_clock array =  [-0.6474253  -0.79371483 -0.53239028  0.40195283 -2.29739498 -2.52518493
 -0.09091222  0.         -0.27043971]
log likelihood =  6435.321378613889
Lr derivatives =  [0.2203240880783568, -123.56816393325228, 0.8725128964840394]
other derivatives =  [-2.35850166 -0.67138899  1.35087248  0.59508238  0.47803042  0.31568561]
Current x_clock array =  [-0.64868116 -0.79378347 -0.53351828  0.39717855 -2.29616166 -2.57817251
 -0.09164341  0.         -0.26957815]
log likelihood =  6435.303852833491
Lr derivatives =  [0.2534519394151431, -123.3417215916719, 0.15725325920498534]
other derivatives =  [-2.37687345 -0.3603418  -0.06239134 -0.0426553   0.35324774  0.10477379]
Current x_clock array =  [-0.64875849 -0.79347708 -0.53427724  0.39270397 -2.29612276 -2.65492379
 -0.09247822  0.         -0.26912686]
log likelihood =  6435.308058682365
Lr derivatives =  [-1.2448740253080075, -124.01868953050624, -0.0018193179643333224]
other derivatives =  [ 1.97269401 -0.88093657 -4.30418368  0.56388672 -0.85256033  0.02992238]
Current x_clock array =  [-0.64716734 -0.79393906 -0.53624552  0.39468224 -2.29850054 -2.687875
 -0.09440723  0.         -0.26818601]
log likelihood =  6435.302498630257
Lr derivatives =  [-0.24179654971090514, -123.56538686591182, 0.10276322545829686]
other derivatives =  [-0.9435098  -0.5320544  -1.46683306  0.15752448 -0.04529284  0.07930794]
Current x_clock array =  [-0.64823343 -0.79362953 -0.53492675  0.39335678 -2.2969074  -2.66579725
 -0.09311476  0.         -0.26881639]
log likelihood =  6435.3005303145
Lr derivatives =  [0.024312124582088757, -123.28059714507901, -0.021824487965623973]
other derivatives =  [-0.25556801 -0.09476935 -0.28467184 -0.01064109 -0.06057235  0.01109584]
Current x_clock array =  [-0.64807781 -0.79339462 -0.53439346  0.39244327 -2.29742141 -2.6940255
 -0.09277927  0.         -0.26865631]
log likelihood =  6435.3004619034045
Lr derivatives =  [0.047400376881100215, -123.23814091972093, 0.014144195094928591]
other derivatives =  [-0.03501555 -0.0080945  -0.04110916 -0.01136868 -0.03901732  0.00118234]
Current x_clock array =  [-0.64801677 -0.79333708 -0.53428978  0.39248018 -2.29729344 -2.69891573
 -0.09285271  0.         -0.26854353]
log likelihood =  6435.3004527830535
Lr derivatives =  [0.025080641756360933, -123.25130992782279, 5.116086752110505e-05]
other derivatives =  [ 0.0084583   0.00427463  0.01009539 -0.00327418 -0.02246452 -0.00063665]
Current x_clock array =  [-0.64800344 -0.79331962 -0.53427274  0.39254449 -2.2971384  -2.69988656
 -0.09294222  0.         -0.26852995]
      fun: 6435.3004527830535
 hess_inv: <9x9 LbfgsInvHessProduct with dtype=float64>
      jac: array([ 8.45830073e-03,  4.27462510e-03,  1.00953912e-02, -3.27418093e-03,
       -2.24645191e-02, -6.36646291e-04,  2.50806418e-02, -1.23251310e+02,
        5.11608675e-05])
  message: b'CONVERGENCE: REL_REDUCTION_OF_F_<=_FACTR*EPSMCH'
     nfev: 24
      nit: 22
   status: 0
  success: True
        x: array([-0.64800344, -0.79331962, -0.53427274,  0.39254449, -2.2971384 ,
       -2.69988656, -0.09294222,  0.        , -0.26852995])
