number of sites to be analyzed:  837
log likelihood =  -14664.42706294504
Edge derivatives =  [359.0068348742927, 189.19286434392302, 555.494522906483, 565.8444556451439]
other derivatives: [ -50.1593604   110.79282558 -114.69055607  280.92035791 -692.37212301
  133.95874703]
Current x array =  [-0.70702237 -0.75014408 -0.62776442  0.          0.          1.25276297
 -4.60517019 -4.60517019 -4.60517019 -4.60517019]
log likelihood =  -13577.438039627123
Edge derivatives =  [352.98736174166953, 184.35844041102743, 540.5992624200694, 551.6962140050285]
other derivatives: [ 171.40591808  135.32062439   12.10773917  166.55776562 -511.91273087
  107.98758012]
Current x array =  [-0.74991661 -0.74954535 -0.72584311  0.24023165 -0.59208844  1.25767777
 -4.29816216 -4.44338015 -4.13013389 -4.12128305]
log likelihood =  -16739.790183365447
Edge derivatives =  [42.23831279801967, 30.565604679265466, -104.11072969997893, -98.89262622170328]
other derivatives: [-4.73455009e+04 -2.48812292e+04 -1.55725138e+02 -3.82824510e+01
  3.66031600e+01 -2.28429053e+02]
Current x array =  [-0.05       -0.05       -0.4924692   1.7655501  -5.43518936  1.233287
 -0.8512657  -2.64466578  1.14363315  1.26169374]
log likelihood =  -10723.75098035039
Edge derivatives =  [235.66909055002859, 94.91555815787851, 226.14576403800763, 218.1223249340144]
other derivatives: [-2153.95975829  -373.17095121  -159.42187019  -242.63499654
   161.83130356  -336.9868864 ]
Current x array =  [-0.41316216 -0.41296953 -0.61355873  0.97411589 -2.92227427  1.24594252
 -2.6397393  -3.57795554 -1.59273947 -1.53134399]
log likelihood =  -10966.020742598146
Edge derivatives =  [84.89276254485927, 34.793673478180054, 42.34570359089507, 40.60980754016628]
other derivatives: [ 1473.77832036 -1405.65171023   205.12870833  -272.10662665
   265.73161449  -444.39511839]
Current x array =  [-1.52579865 -0.39470488 -0.52266785  1.28125541 -4.51473079  0.96161923
 -1.13464263 -2.8147626   0.60588073  0.70443569]
log likelihood =  -10267.8288868013
Edge derivatives =  [146.11581417906774, 58.429080019783164, 144.3730199626331, 133.981826405433]
other derivatives: [ 641.0127753  -965.85772553   78.64800864 -248.83211154  237.43232305
 -415.21634557]
Current x array =  [-0.82033376 -0.40628554 -0.58029703  1.08651423 -3.50503699  1.14189383
 -2.08894609 -3.29866352 -0.78814991 -0.71315584]
log likelihood =  -10053.634901726728
Edge derivatives =  [125.57422174179044, 50.14013674517414, 125.71622539250723, 116.08563148567369]
other derivatives: [ 516.31759561 -469.22978072   -4.18422132 -222.62465791  231.28995963
 -414.04200601]
Current x array =  [-0.80644228 -0.53918965 -0.53822741  1.06670885 -3.61342325  1.05047564
 -1.90949082 -3.21008536 -0.53630203 -0.45878408]
log likelihood =  -9684.32812414244
Edge derivatives =  [68.82526852322944, 32.665322469445364, 16.326245843465763, 14.560524867609132]
other derivatives: [ -35.12031981 -108.52581909 -479.92598411  -90.27717169  147.37415768
 -338.63288991]
Current x array =  [-0.70521723 -0.74611254 -0.43093575  0.9469328  -3.91601327  0.63346661
 -1.26752804 -2.89487484  0.35951408  0.44425349]
log likelihood =  -9604.417414221472
Edge derivatives =  [50.827097789629896, 28.51743975659404, -55.40553187850018, -51.161304358766856]
other derivatives: [-402.29424485  222.45985747  638.65481934  -27.96878107   10.83935786
 -207.22691261]
Current x array =  [-0.63895906 -0.958909   -0.74133007  0.80213924 -3.96409033  0.13943259
 -0.84451061 -2.68758242  0.88629563  0.97449461]
log likelihood =  -9494.019370607955
Edge derivatives =  [50.75176976993728, 28.8152577473401, -50.43696233983633, -47.88932323651518]
other derivatives: [-140.15877241  181.26829673  198.33150873  -14.48497642   11.8443495
 -206.04165911]
Current x array =  [-0.69208068 -0.92902315 -0.58212021  0.76334838 -3.8884543   0.07360543
 -0.86127978 -2.69595028  0.82222327  0.91057333]
log likelihood =  -9443.566165461263
Edge derivatives =  [44.33418392476609, 28.48398835375979, -64.59819327455007, -64.59480795253798]
other derivatives: [  -8.60491127  134.9082595  -336.48957469   13.63350748  -21.0635335
 -167.55438992]
Current x array =  [-0.72776446 -0.90005154 -0.46330219  0.67707931 -3.75403892 -0.14345408
 -0.83272194 -2.68180756  0.76007564  0.84860954]
log likelihood =  -9395.568604765656
Edge derivatives =  [40.60931406435881, 29.00990789329751, -64.61959385133237, -66.85089633149907]
other derivatives: [  81.24807209   84.60301615 -266.84101613   22.35810825  -19.38242349
 -136.20119717]
Current x array =  [-0.75079118 -0.86745177 -0.47544585  0.61003236 -3.59514088 -0.31680058
 -0.87730268 -2.70318952  0.5907345   0.67752647]
log likelihood =  -9389.911175945868
Edge derivatives =  [127.54362431682873, 60.133928631901995, 102.61516802091444, 96.95041456024914]
other derivatives: [ 349.26215449 -135.0277671  -138.76488083   88.81888789  -22.80539775
   -2.74503691]
Current x array =  [-0.81013006 -0.67929487 -0.53305135  0.25625174 -2.55934268 -1.18677018
 -1.2959357  -2.8981892  -0.64718375 -0.58114768]
log likelihood =  -9318.307025770897
Edge derivatives =  [48.44157560903312, 33.22820069022133, -32.064683734725556, -41.42671228694522]
other derivatives: [ 180.04211597  -17.28185453 -169.59002096   37.48373274   -1.06047082
  -79.62116797]
Current x array =  [-0.77390809 -0.79415065 -0.49788748  0.47220846 -3.19162035 -0.65571852
 -1.04039141 -2.77915642  0.10847316  0.18717916]
log likelihood =  -9274.453443416263
Edge derivatives =  [59.55551261014641, 39.26986323642181, -5.493404241646482, -7.8178137265446965]
other derivatives: [111.49732018  -6.35973265 -14.54591256  55.24634616 -30.40986485
 -18.89820851]
Current x array =  [-0.74923185 -0.78720179 -0.54496912  0.40160054 -2.83960033 -1.1668701
 -0.97960336 -2.72860692 -0.21463785 -0.16299653]
log likelihood =  -9250.328231531781
Edge derivatives =  [11.569212671513235, 30.943867742194218, -46.21505888390042, -42.34541789376123]
other derivatives: [-115.35303202   19.71311576  139.68256098   36.88764991  -40.43868103
   -0.93787094]
Current x array =  [-0.69686839 -0.82577305 -0.57273231  0.52207385 -2.97539189 -1.50361011
 -0.61604586 -2.51576269 -0.06484269 -0.02116547]
log likelihood =  -9236.546251864751
Edge derivatives =  [7.981357380406187, 31.471971573674775, -21.04198623776829, -14.365673895730426]
other derivatives: [-101.193109     -0.35252015   69.94341675   19.4140739   -15.37518983
    5.75819286]
Current x array =  [-0.69612591 -0.812907   -0.55392063  0.59274921 -2.97037273 -1.65315223
 -0.52600084 -2.4395049  -0.17551252 -0.13639455]
log likelihood =  -9235.150343324722
Edge derivatives =  [-15.40244939657408, 28.967788020234735, -0.41587411021551207, 9.019509457680442]
other derivatives: [169.38120098  62.22271622  64.5619366   -6.42903615  -3.10319592
  12.56430551]
Current x array =  [-0.76306138 -0.8468213  -0.54491902  0.69576384 -2.99658716 -1.90091494
 -0.31266407 -2.24762054 -0.23595486 -0.19271688]
log likelihood =  -9229.164830650378
Edge derivatives =  [-6.553903996554565, 29.913590378866708, -1.681702029121365, 6.093482078644354]
other derivatives: [20.36358637 -0.74305717 -7.3476258  -4.67480277  6.38192432 10.1797923 ]
Current x array =  [-0.72359844 -0.8141805  -0.52887164  0.69655078 -3.02670769 -1.8057205
 -0.36681505 -2.2819472  -0.22581861 -0.17912369]
log likelihood =  -9228.627294957223
Edge derivatives =  [-6.004474328784622, 29.92363494078758, -2.8466977782126115, 4.13994196222869]
other derivatives: [ 6.73535396 -4.75884008 -7.86312739 -5.00185706  8.09104677  9.49057721]
Current x array =  [-0.72031711 -0.81284231 -0.52854088  0.70068249 -3.03984051 -1.78450023
 -0.36933994 -2.27049783 -0.21606356 -0.16557385]
log likelihood =  -9225.325459963493
Edge derivatives =  [-6.370759513199134, 29.846870998888644, -4.88313089802363, -3.362867080269597]
other derivatives: [-37.79568942 -17.9214112  -14.69561539  -8.33497324  15.21475497
   6.02740329]
Current x array =  [-0.7097064  -0.80917222 -0.52582861  0.72894956 -3.09592183 -1.69187656
 -0.36763964 -2.14461678 -0.18766584 -0.10766124]
log likelihood =  -9218.652026618238
Edge derivatives =  [-9.81283685603465, 28.967022507211432, -4.59737753806633, -14.15216987653521]
other derivatives: [-87.4782927  -31.07998054 -22.96146704 -13.11345841  21.05807653
  -1.27911335]
Current x array =  [-0.6980067  -0.80597333 -0.52295272  0.77318028 -3.16014726 -1.53817219
 -0.36662089 -1.81995442 -0.17282379 -0.0276763 ]
log likelihood =  -9207.115429547393
Edge derivatives =  [-20.232104192765817, 17.957738389531396, -0.5603867375815668, -27.185081240192392]
other derivatives: [-139.29347915  -43.89439709  -25.49786586  -18.86692189   18.39962351
  -18.44964572]
Current x array =  [-0.68603378 -0.80344215 -0.52195688  0.8441691  -3.22020469 -1.2897012
 -0.37145799 -1.02968994 -0.20520598  0.06930724]
log likelihood =  -9198.555718281681
Edge derivatives =  [-27.366886492540246, 2.214223274936839, 2.6835815416181275, -20.6719452669086]
other derivatives: [-117.72899597   -3.41424311  -70.11331036  -14.37329047    8.58053681
  -17.94123818]
Current x array =  [-0.69162369 -0.82441039 -0.51201217  0.83507295 -3.19564693 -1.33957906
 -0.40349209 -0.58986064 -0.25180628  0.03233008]
log likelihood =  -9204.382070740776
Edge derivatives =  [-20.88821418685376, -34.32480164227775, 15.421143492339185, 7.721903891462458]
other derivatives: [ 97.97986422 -78.41154002 264.56764317 -14.85168468  13.34155968
 -13.6304152 ]
Current x array =  [-0.7428209  -0.77408538 -0.60655683  0.71625663 -3.06814194 -1.42172483
 -0.71822691 -0.1230682  -0.40264019 -0.19637227]
log likelihood =  -9192.094520561675
Edge derivatives =  [-24.117445160151206, -9.487306332464026, 7.491050796572179, -9.175455990352877]
other derivatives: [-22.7277269  -34.19663699  88.88000593 -15.36100172  13.4923539
 -15.8792318 ]
Current x array =  [-0.71320176 -0.80319993 -0.55185988  0.78499548 -3.14190745 -1.37420101
 -0.53614326 -0.3931218  -0.31537819 -0.06406102]
log likelihood =  -9183.72593302887
Edge derivatives =  [-17.70633278423485, 5.041443261344443, 13.986985003286224, 14.75199707787061]
other derivatives: [92.76063793 30.02205631 24.0321242  -0.69412636 13.44396878 -6.10907591]
Current x array =  [-0.74056666 -0.82495882 -0.54147139  0.65326308 -3.00601658 -1.60769712
 -0.6968383  -0.62975432 -0.36649091 -0.24214882]
log likelihood =  -9181.999079842957
Edge derivatives =  [-14.733559888983836, -1.2581209211562991, 7.968123518986623, 7.646614084490336]
other derivatives: [ 81.06708265  23.00403139 -11.46472641   7.49460014   3.02297849
 -10.30057319]
Current x array =  [-0.73919129 -0.82076878 -0.53381976  0.62391583 -2.98290824 -1.55138835
 -0.77993416 -0.53462783 -0.35411761 -0.22932414]
log likelihood =  -9180.231920571781
Edge derivatives =  [-13.477800055364979, -2.618755856160378, 0.9463043520107033, 3.872112151731098]
other derivatives: [ -9.41145117  30.01696314  12.96593837  14.25305527  -9.43164196
 -10.04573278]
Current x array =  [-0.71561405 -0.82440748 -0.54285012  0.60084916 -2.93093002 -1.58611211
 -0.86340264 -0.52857864 -0.34838491 -0.24959518]
log likelihood =  -9179.568076438441
Edge derivatives =  [-10.27980268689818, 0.6384919844846093, -0.12940765160372952, 4.806891766420665]
other derivatives: [-9.65646905  9.90985427  7.00983946 14.99556674 -8.60927685 -9.9558747 ]
Current x array =  [-0.71556398 -0.81195533 -0.54233182  0.59230061 -2.91779146 -1.59829568
 -0.90953329 -0.56291283 -0.34517938 -0.26154527]
log likelihood =  -9178.319590693989
Edge derivatives =  [-5.824947267910979, 1.2966032691490947, -1.6637056622966933, 5.689519424621976]
other derivatives: [-11.9129254   -7.88550096  -0.44910848  10.58306225  -5.42968337
  -9.58880264]
Current x array =  [-0.71466056 -0.80223014 -0.54022918  0.6090867  -2.91659783 -1.64231845
 -0.98563864 -0.5453654  -0.3321697  -0.26363512]
log likelihood =  -9176.42693303579
Edge derivatives =  [0.555000952314596, 1.957890420434456, -3.0790769920447274, 8.675980623140576]
other derivatives: [ -7.04076228 -13.10145308  -6.51562004  -0.42655302  -0.40163286
  -6.99983502]
Current x array =  [-0.71450746 -0.79968903 -0.5374417   0.65378848 -2.91305389 -1.80692632
 -1.12485932 -0.49971222 -0.31119546 -0.26626711]
log likelihood =  -9175.215550656463
Edge derivatives =  [-0.6109806538497687, 0.022884963621648713, -4.071477341043888, -3.6807383844894916]
other derivatives: [  1.03427737 -29.2686309   -6.31989678  -2.11603037  -6.94835762
  -2.9871444 ]
Current x array =  [-0.71768981 -0.79352697 -0.53560727  0.66825372 -2.90255764 -2.05951802
 -1.18220266 -0.45854    -0.31317296 -0.21566378]
log likelihood =  -9174.959399554566
Edge derivatives =  [1.1476431221686447, -0.8847432180785577, 11.852692562633548, 10.74176711491304]
other derivatives: [-10.30202839  -4.14875103 -12.9257387   -1.04373612   7.98772817
  -0.53514668]
Current x array =  [-0.7126292  -0.80432462 -0.53564841  0.64513964 -2.9117518  -2.36858264
 -1.26197181 -0.40477817 -0.37065457 -0.26146644]
log likelihood =  -9174.684504608882
Edge derivatives =  [3.195153806520519, 4.255204816562694, 1.8057514973834636, -3.121372921851133]
other derivatives: [ 5.66105882 17.44174369 14.5741069  -1.33986759  2.06237019 -0.51841198]
Current x array =  [-0.71710101 -0.8176586  -0.54079671  0.65335159 -2.915196   -2.38289628
 -1.29212715 -0.4512997  -0.32511386 -0.20483682]
log likelihood =  -9174.45540786132
Edge derivatives =  [1.063109724295613, -0.23404868288217895, 2.4078172183501514, -1.6457810926650212]
other derivatives: [ 0.15643309  0.31413947 -0.03910827 -0.79216989 -0.12860255 -0.63209882]
Current x array =  [-0.71639297 -0.80878123 -0.5371666   0.65440543 -2.91134429 -2.35710032
 -1.26546629 -0.41606164 -0.33339983 -0.21445837]
log likelihood =  -9174.440699696263
Edge derivatives =  [0.6784510997498432, 0.4887587439655503, 2.4482309951852397, -1.0044244435119136]
other derivatives: [-1.10212568 -0.35688572 -2.53148755 -0.71686372  0.13587851 -0.44765329]
Current x array =  [-0.71607327 -0.80840049 -0.53653135  0.65410384 -2.91133326 -2.3665115
 -1.25637199 -0.42469677 -0.33334759 -0.21705097]
log likelihood =  -9174.438549615086
Edge derivatives =  [-0.1731454122250119, 0.28646269076298264, 1.6734992590882212, 1.1497224608596017]
other derivatives: [ 4.38158168 -2.15477485  9.07602953  0.04765752  0.23646862 -0.08112693]
Current x array =  [-0.7174034  -0.80703276 -0.53967137  0.64770481 -2.90803452 -2.40734641
 -1.25317657 -0.42424509 -0.33197874 -0.22891578]
log likelihood =  -9174.427707932628
Edge derivatives =  [0.2339841639706864, 0.38371691948034153, 2.043517110016772, 0.12053477164035142]
other derivatives: [ 1.76023605 -1.29584805  3.54739313 -0.31886884  0.19135769 -0.25211193]
Current x array =  [-0.71676721 -0.80768693 -0.53816953  0.6507654  -2.90961228 -2.38781547
 -1.25470491 -0.42446112 -0.33263345 -0.22324096]
log likelihood =  -9174.412946794482
Edge derivatives =  [-0.06696433937804788, 0.32870813518017983, 0.8453637690393605, 0.021038747505870425]
other derivatives: [ 0.6690243  -0.05784386  0.11823431 -0.01437002 -0.58917067 -0.07039489]
Current x array =  [-0.71662875 -0.80856716 -0.53712934  0.65081608 -2.90890242 -2.41624577
 -1.25533729 -0.42357267 -0.32749306 -0.22337856]
log likelihood =  -9174.409700268054
Edge derivatives =  [-0.10872188213208636, 0.02773889050262951, -0.004965306908082945, -0.1970797888574537]
other derivatives: [-2.18533387e+00  1.35150913e-01  9.17498255e-01 -8.31278157e-02
 -7.43966666e-01 -1.09139364e-03]
Current x array =  [-0.71595239 -0.80891729 -0.53720624  0.65191946 -2.90991751 -2.4327268
 -1.25914654 -0.41944535 -0.32366482 -0.22253383]
log likelihood =  -9174.409534903762
Edge derivatives =  [-0.006265842085969503, -0.0990222995674448, -0.22460109810153772, -0.023259865666272694]
other derivatives: [ 2.20079528  0.7385097  -1.09957909 -0.20172592 -0.55115379  0.02346496]
Current x array =  [-0.71709973 -0.80925094 -0.53655473  0.65227517 -2.91108026 -2.44268093
 -1.2621174  -0.41641807 -0.32157876 -0.2222372 ]
log likelihood =  -9174.408597273521
Edge derivatives =  [-0.05543101123028907, -0.03806821548729172, -0.11909666711741829, -0.10660016399766958]
other derivatives: [ 0.09804353  0.44910848 -0.13042154 -0.14497346 -0.64355845  0.01182343]
Current x array =  [-0.71654916 -0.80909083 -0.53686737  0.65210448 -2.9105223  -2.43790428
 -1.26069178 -0.41787076 -0.32257979 -0.22237954]
log likelihood =  -9174.408267537741
Edge derivatives =  [-0.014440425335724483, -0.022726563546909273, -0.025117185339643133, -0.026158578501824792]
other derivatives: [ 0.18117134  0.31013769 -0.0340151  -0.17007551 -0.45311026  0.00491127]
Current x array =  [-0.71655823 -0.80900565 -0.53689673  0.65204094 -2.91098112 -2.43699278
 -1.26094681 -0.41777532 -0.32277568 -0.22248447]
log likelihood =  -9174.407864949317
Edge derivatives =  [0.060821586237272074, 0.03764700795709208, 0.01182326342148099, 0.05905430787436727]
other derivatives: [ 0.0687578  -0.20881998 -0.01455192 -0.13933459 -0.0682121  -0.00163709]
Current x array =  [-0.71653337 -0.80874173 -0.53689443  0.65166787 -2.91227651 -2.43589631
 -1.26137632 -0.41788927 -0.32244969 -0.22236148]
log likelihood =  -9174.407793496512
Edge derivatives =  [0.05389470521932779, 0.014209750255031794, 0.045905455089939484, 0.11639972087755934]
other derivatives: [-0.04056346 -0.00854925 -0.07657945 -0.0862201   0.02164597 -0.00454747]
Current x array =  [-0.71650612 -0.80885481 -0.53687946  0.65141512 -2.91266648 -2.43507834
 -1.26094861 -0.41761623 -0.32247244 -0.22243581]
log likelihood =  -9174.407732961965
Edge derivatives =  [0.030252409272855746, 0.009840625840395967, 0.012731704923761744, 0.06053872714345976]
other derivatives: [-0.05784386 -0.02692104 -0.0685759  -0.01837179  0.0347427  -0.00291038]
Current x array =  [-0.71651807 -0.80886561 -0.53687053  0.6511725  -2.91299695 -2.43436449
 -1.26028401 -0.41767343 -0.32229179 -0.22212899]
log likelihood =  -9174.407724946675
Edge derivatives =  [-0.009116327202320001, -0.005110821745195282, 0.022242527084773922, -0.005814918464903229]
other derivatives: [ 0.07694325  0.00127329  0.11204975 -0.04201866  0.02037268  0.0001819 ]
Current x array =  [-0.71655686 -0.8089026  -0.53689645  0.65135359 -2.91319099 -2.43338675
 -1.25924275 -0.4176842  -0.3223206  -0.22176096]
      fun: 9174.407724946675
 hess_inv: <10x10 LbfgsInvHessProduct with dtype=float64>
      jac: array([-0.07694325, -0.00127329, -0.11204975,  0.04201866, -0.02037268,
       -0.0001819 ,  0.00911633,  0.00511082, -0.02224253,  0.00581492])
  message: b'CONVERGENCE: REL_REDUCTION_OF_F_<=_FACTR*EPSMCH'
     nfev: 48
      nit: 41
   status: 0
  success: True
        x: array([-0.71655686, -0.8089026 , -0.53689645,  0.65135359, -2.91319099,
       -2.43338675, -1.25924275, -0.4176842 , -0.3223206 , -0.22176096])
