number of sites to be analyzed:  1886
log likelihood =  -38231.4762781824
Edge derivatives =  [723.4878609057429, 599.4451662915121, 1591.261204927776, 1558.52240141319]
other derivatives: [ 1085.9912436   1024.97797343 -1007.49675767   332.69825508
  1237.78008856    21.26253094]
Current x array =  [-0.65752212 -0.60717104 -0.72625983  0.         -4.60517019 -4.60517019
 -4.60517019 -4.60517019 -4.60517019 -4.60517019]
log likelihood =  -35485.50350241225
Edge derivatives =  [689.8087599456094, 593.4734948367083, 1579.4753409045452, 1545.1820723864441]
other derivatives: [ 799.4050975   968.98511401 -315.38802432  150.38822312 1156.97112051
   18.30194378]
Current x array =  [-0.65731377 -0.60697995 -1.07179084  0.11410217 -4.18066122 -4.60119008
 -4.35704284 -4.39958452 -4.05943136 -4.07065946]
log likelihood =  -73251.66817102532
Edge derivatives =  [-1.669817843290843e-13, 1.0836073958541011e-13, -1.1156590823592866e-11, -1.6422475632734278e-11]
other derivatives: [-205588.24180625 -130214.62655161    4601.78562207    1112.16650112
    1431.25944305    2053.89515031]
Current x array =  [-0.05       -0.05       -3.07241613  0.99749294  1.98392241 -4.54894057
 -0.68852643 -1.25438644  4.30926273  4.11720015]
log likelihood =  -25799.7690647483
Edge derivatives =  [327.0795410468156, 434.54562009816254, 748.4046741215419, 793.9834604875572]
other derivatives: [-3700.69355995  -556.59947975  1472.58506331    46.33729986
  -108.32918633    10.54868335]
Current x array =  [-0.45243129 -0.41907802 -1.74671883  0.41212158 -2.10098639 -4.58356326
 -3.11943756 -3.33852514 -1.23618108 -1.30841523]
log likelihood =  -54785.63006045249
Edge derivatives =  [-46.017180456187155, -30.13338983335706, -728.547426483126, -1242.2143281288706]
other derivatives: [10750.57807611   336.9859769   6866.34884914  1577.33884407
   810.91566244  1453.7035895 ]
Current x array =  [-2.01852187 -0.62522996 -2.44503906  0.92799579  0.2160838  -4.55823402
 -1.57392949 -1.96358249  2.23128539  2.11411997]
log likelihood =  -25226.69546424196
Edge derivatives =  [268.68419868113085, 395.56608869972445, 506.2280323927997, 574.8242506588954]
other derivatives: [-1409.30824273  -937.16007541  1577.95875566   110.33880583
  -271.4801667     10.25764504]
Current x array =  [-0.56260895 -0.43358123 -1.79584708  0.44841438 -1.93797578 -4.5817813
 -3.01070792 -3.24179512 -0.99223775 -1.06763291]
log likelihood =  -24519.547069205495
Edge derivatives =  [153.381631223028, 296.4928323755103, -64.52691356953703, 53.995222260504356]
other derivatives: [-609.43930293 -832.13199105 1817.82706932  156.04091459 -680.44864747
   11.28682925]
Current x array =  [-0.61144953 -0.50247466 -1.61819735  0.48807976 -1.63620512 -4.57784103
 -2.77556594 -3.01654163 -0.4619092  -0.53892258]
log likelihood =  -23254.67382141115
Edge derivatives =  [145.52583931527968, 230.26173165192742, 32.59457025529419, 47.98730235717717]
other derivatives: [1058.64419311  268.64508982  241.17216526   74.70189303 -657.24852902
    8.08977347]
Current x array =  [-0.78438411 -0.66791869 -0.78227163  0.63814453 -1.75857844 -4.56699989
 -2.52844351 -2.71867688 -0.16912088 -0.1842629 ]
log likelihood =  -23142.549716282996
Edge derivatives =  [123.99378437778289, 200.53594895632827, -40.86284031123596, -46.04840079206009]
other derivatives: [  603.91284933  -368.80664993 -1302.18613776    35.12795956
  -531.41848184     7.14244379]
Current x array =  [-0.73395398 -0.57926754 -0.54818386  0.68858388 -1.96614566 -4.56209498
 -2.42345174 -2.57870177 -0.06409431 -0.06413693]
log likelihood =  -22945.044814737656
Edge derivatives =  [152.07049664006385, 219.61845231841625, 136.68587398807944, 134.80228995286092]
other derivatives: [-221.15636966 -632.12828536 -123.58905224  -44.91012078 -172.14588297
    6.65422704]
Current x array =  [-0.64181855 -0.53941508 -0.71078337  0.69893218 -2.25277527 -4.56048173
 -2.42995408 -2.55359037 -0.16628611 -0.16641236]
log likelihood =  -22840.641760031278
Edge derivatives =  [138.34194688272595, 199.60983594295206, 89.53559928889511, 79.92850387001329]
other derivatives: [-377.25985749   44.24691724  -21.8344212   -60.72586984 -133.89872038
    6.43485691]
Current x array =  [-0.62991997 -0.64179212 -0.72399186  0.72869876 -2.36791004 -4.55654598
 -2.33340211 -2.43040789 -0.0664583  -0.06022787]
log likelihood =  -22756.358246175878
Edge derivatives =  [116.27813004920297, 170.06637849409603, 9.273450805965107, -7.251995532799471]
other derivatives: [-411.22657422  238.8645953   -27.35032467  -72.71009963  -53.53940651
    6.25332177]
Current x array =  [-0.62912118 -0.6858712  -0.71462119  0.76390315 -2.57974438 -4.54952867
 -2.16827166 -2.21346364  0.08599881  0.10074172]
log likelihood =  -22659.29841099182
Edge derivatives =  [93.67492969401968, 141.35194947217553, -64.98911784430256, -68.55162102428316]
other derivatives: [136.49878383 141.99140423 101.32534953 -35.59944162  24.8048309
   6.04813977]
Current x array =  [-0.68248117 -0.67762997 -0.7297098   0.71869884 -2.79818089 -4.53551104
 -1.87528432 -1.81121074  0.2232015   0.22897228]
log likelihood =  -22608.64693914653
Edge derivatives =  [73.28280511351913, 113.60993827982566, -89.72718903140806, -83.79997176803325]
other derivatives: [208.2757419  -88.75795174  76.7318852    1.2016244   99.51472748
   6.00412022]
Current x array =  [-0.69391742 -0.64834658 -0.72294027  0.66775898 -2.9954161  -4.5208737
 -1.5855571  -1.40617548  0.31174032  0.30893494]
log likelihood =  -22562.318054248968
Edge derivatives =  [43.37409170910041, 75.4172434683488, -100.95820826636461, -90.93004754501445]
other derivatives: [ 179.07987058 -115.39232219   23.11026037   35.0708433   106.30283214
    5.93536242]
Current x array =  [-0.69493179 -0.64893957 -0.71325266  0.62471975 -3.08758918 -4.50329762
 -1.27057367 -0.96020182  0.34156337  0.3326646 ]
log likelihood =  -22503.312937955227
Edge derivatives =  [-34.48994848401918, -23.93837643087355, -83.59088684613207, -86.2476127315666]
other derivatives: [44.07193046  4.46016202 35.16834113 25.17335815  9.80653567  5.79639163]
Current x array =  [-0.6847513  -0.66804465 -0.71263923  0.74185031 -2.98211352 -4.46545014
 -0.83889855 -0.3001233   0.21349303  0.22207158]
log likelihood =  -22498.227272587734
Edge derivatives =  [-13.883499931080229, -4.191292809301305, 54.944002319070485, 50.57303438726155]
other derivatives: [ 537.58012655   67.90651241 -138.62336345  -75.0838808   187.16309569
    5.13391569]
Current x array =  [-0.72428998 -0.66596734 -0.69312023  0.79415018 -2.91702894 -4.45155494
 -0.93276339 -0.35122416 -0.03664368 -0.03540091]
log likelihood =  -22463.796581574745
Edge derivatives =  [-12.674591483340564, 14.037578320862664, 6.1017712410001685, -2.7334580915439637]
other derivatives: [129.42546164  53.25418897 -73.77311704 -73.1957698   79.24681995
   4.98112058]
Current x array =  [-0.68115801 -0.66332183 -0.70279691  0.81414922 -2.77001015 -4.45789608
 -1.04402835 -0.51223716 -0.04384486 -0.03538745]
log likelihood =  -22455.23850486121
Edge derivatives =  [-17.683631051947543, 18.024306712428377, -0.26917341745746437, -9.221231904197763]
other derivatives: [ -7.47349986 -11.45526767  -8.12906364 -69.36352293   7.68450263
   4.84433258]
Current x array =  [-0.66739792 -0.65007994 -0.71506048  0.80379297 -2.63290773 -4.45654357
 -1.10449135 -0.57537547 -0.1107275  -0.10441729]
log likelihood =  -22451.989257279994
Edge derivatives =  [-18.844442616371346, 17.551731062140423, -8.20296249627293, -12.185316234111287]
other derivatives: [ -8.52232915 -40.76719051  23.39002094 -38.01687853  -8.28549673
   4.76720743]
Current x array =  [-0.66834655 -0.64508401 -0.72106911  0.74828655 -2.60967801 -4.45555669
 -1.12801547 -0.58890138 -0.12137214 -0.12322064]
log likelihood =  -22450.41194823526
Edge derivatives =  [-14.690521451766472, 16.125366932967427, 13.372034694941307, 17.02802588925829]
other derivatives: [-75.35782061  -6.23876986 -66.84786058   6.00230123  -2.52694008
   4.49545041]
Current x array =  [-0.66182537 -0.64778461 -0.70961621  0.65991452 -2.58485086 -4.44732807
 -1.17428922 -0.58043654 -0.1703132  -0.18642952]
log likelihood =  -22449.426238331936
Edge derivatives =  [-18.463105050668474, 7.270964457650306, 0.19445750211982715, 3.804046017432127]
other derivatives: [ 9.3212293  27.0876626  41.72325134 11.78341336 -0.42491592  4.54529072]
Current x array =  [-0.67066437 -0.65455171 -0.72608938  0.65193504 -2.61345933 -4.44543421
 -1.15583757 -0.54347431 -0.1440822  -0.15925429]
log likelihood =  -22449.089403797796
Edge derivatives =  [-16.12556357166331, 10.669332514941111, 0.6399531650874536, 3.098011443419657]
other derivatives: [2.25954864 3.87481123 4.28881322 5.39330358 1.72622094 4.53655957]
Current x array =  [-0.66984028 -0.65090057 -0.71980559  0.66327414 -2.61335527 -4.44587122
 -1.16297901 -0.55492881 -0.14208565 -0.15533815]
log likelihood =  -22448.909664472863
Edge derivatives =  [-15.278989672006224, 10.024052909177302, 1.7107668668468905, 3.3242535241332236]
other derivatives: [ 2.53676262 -1.46101229 -7.07623258  3.33529897  0.84255589  4.50454536]
Current x array =  [-0.66979443 -0.64992887 -0.71800411  0.66701349 -2.60999938 -4.44388146
 -1.17004381 -0.55047482 -0.14426248 -0.15631368]
log likelihood =  -22448.144922697873
Edge derivatives =  [-7.705602510404634, 7.973828230760726, 5.283728865463393, 2.8844851237134277]
other derivatives: [  7.74889486 -12.71473593 -33.78590918  -3.50773917   0.4114554
   4.29972715]
Current x array =  [-0.66987002 -0.64751434 -0.71403399  0.67766554 -2.59995743 -4.43083506
 -1.22490004 -0.52909086 -0.15015114 -0.15654246]
log likelihood =  -22447.68751858101
Edge derivatives =  [-3.766751743444029, -1.223970946815674, 3.1775587973829644, -0.8564807561846576]
other derivatives: [  4.73992259 -31.33791324 -27.1054887   -2.3694156   -0.90039975
   4.12146619]
Current x array =  [-0.66976286 -0.64479879 -0.71513508  0.67760662 -2.60051435 -4.41474709
 -1.26818725 -0.48389735 -0.14829869 -0.15251957]
log likelihood =  -22448.548116643546
Edge derivatives =  [6.008352071899725, -1.7053721729897129, 3.5792088073515016, -1.3730059923122973]
other derivatives: [-37.15504135  87.71130524 -27.79561328  -6.80774974 -15.22057573
   3.84825398]
Current x array =  [-0.66487146 -0.66236329 -0.71568497  0.68604963 -2.57300617 -4.39203945
 -1.34890701 -0.47171034 -0.15293968 -0.15778365]
log likelihood =  -22447.570715362883
Edge derivatives =  [-1.1849635701157204, -1.308153951841885, 3.277872546369084, -0.995427516421641]
other derivatives: [ -5.78329491  -0.22882887 -27.29066182  -3.50482878  -4.47071216
   4.0512532 ]
Current x array =  [-0.66851319 -0.64928624 -0.71527557  0.67976368 -2.59348643 -4.40894564
 -1.2888099  -0.48078376 -0.14948439 -0.15386446]
log likelihood =  -22447.47831351472
Edge derivatives =  [-0.498721323768855, -2.2847894789804104, 1.3990921153339066, -1.7462361358632519]
other derivatives: [ -2.22462404  -0.06002665 -10.92776074  -0.31250238  -3.60378181
   4.03670128]
Current x array =  [-0.66895905 -0.64941377 -0.71795216  0.67401545 -2.59654998 -4.4056211
 -1.29584715 -0.47611306 -0.1466557  -0.15281141]
log likelihood =  -22447.445025505367
Edge derivatives =  [0.2847511766190381, -1.3874073541403649, 0.3360550893763339, -1.5002052476161167]
other derivatives: [-3.30219336  1.08520908  1.22672645  0.91895345 -1.05865183  4.04397724]
Current x array =  [-0.66883912 -0.64965845 -0.71996811  0.67105735 -2.60043229 -4.40315653
 -1.29949068 -0.47844295 -0.143871   -0.15206619]
log likelihood =  -22447.436458613935
Edge derivatives =  [1.0050954719070353, -0.6314492596212973, 0.6392932816477459, -0.4639672305166386]
other derivatives: [5.04078344 2.37123459 2.62807589 0.85274223 0.35288394 4.04397724]
Current x array =  [-0.66957632 -0.64976113 -0.72025635  0.67017872 -2.60105887 -4.40073985
 -1.30274918 -0.48020463 -0.14349468 -0.15294773]
log likelihood =  -22447.42625884259
Edge derivatives =  [1.5019321410175466, 0.08555502091732606, 0.3854997585418682, -0.007788606019520597]
other derivatives: [3.59905243 1.30203262 4.06071194 0.14151738 1.29475666 4.05270839]
Current x array =  [-0.66938546 -0.64958013 -0.72050948  0.67106024 -2.60168945 -4.39787174
 -1.30494251 -0.48229623 -0.14254251 -0.15316193]
log likelihood =  -22447.38934799304
Edge derivatives =  [2.4058234816634947, 1.1807688591338694, -1.1899079095082332, 0.8188114959621292]
other derivatives: [ 4.42596502  0.66829671  3.07627488 -1.10994733  2.97986844  4.09236236]
Current x array =  [-0.6694124  -0.64952537 -0.72030135  0.6728954  -2.60389951 -4.38509253
 -1.3084417  -0.48510878 -0.13844511 -0.15300926]
log likelihood =  -22447.275964222274
Edge derivatives =  [4.516121519133982, 3.732842150486495, -4.432411628615021, 4.4938066906741625]
other derivatives: [-13.45688361  -6.06669346   4.76429705   0.90331014   5.96664904
   4.25898179]
Current x array =  [-0.66763094 -0.64843013 -0.72080556  0.66833701 -2.60595037 -4.33081691
 -1.31983029 -0.49386871 -0.13274839 -0.15852088]
log likelihood =  -22447.062191179342
Edge derivatives =  [6.003265602060252, 5.878995771417803, -7.79800392408077, 8.353461812047595]
other derivatives: [-9.61663318 -9.68757377  1.11249392 -1.38534233  6.64440449  4.53474058]
Current x array =  [-0.66787641 -0.64773178 -0.72026431  0.67165272 -2.60469651 -4.25182151
 -1.32529565 -0.50155309 -0.12651183 -0.16408566]
log likelihood =  -22445.609095910484
Edge derivatives =  [12.74609409303973, 12.48265561490574, -24.62110559798043, 28.474080776315756]
other derivatives: [ -4.90545062 -21.40477591 -24.56727088  -6.68769644  11.87800081
   6.70515874]
Current x array =  [-0.66796281 -0.64549948 -0.7164264   0.67876145 -2.60635001 -3.71782452
 -1.34094666 -0.52747404 -0.09462859 -0.19162106]
log likelihood =  -23265.98457417205
Edge derivatives =  [86.39070317462574, 5.523843491074224, -202.32004413954473, 97.07576564260457]
other derivatives: [  93.82783901   75.89842426 -330.2404366   -56.97074812 -144.92397895
 -869.91494754]
Current x array =  [-0.66747075 -0.62926473 -0.69182932  0.73730473 -2.61313624  0.75013201
 -1.38707259 -0.72429405  0.13867428 -0.40413079]
log likelihood =  -22442.703290057398
Edge derivatives =  [26.334167742366017, 20.051814499994173, -53.16751950508886, 62.53340019953766]
other derivatives: [  0.67702786 -36.81197995 -65.22968761 -15.06705303  15.62730176
   9.53186827]
Current x array =  [-0.66785476 -0.64193436 -0.71102493  0.69161743 -2.60784025 -2.73667103
 -1.35107581 -0.57069528 -0.04339579 -0.23828773]
log likelihood =  -23458.693595346856
Edge derivatives =  [84.22857739040148, -0.47031954394027214, -200.49864923285537, 80.30373424440234]
other derivatives: [  114.22016541    82.83786883  -331.51591197   -66.7416316
  -169.73172023 -1000.20042737]
Current x array =  [-0.66839776 -0.62748192 -0.69394101  0.74707347 -2.63067276  0.9700427
 -1.28017942 -0.73935038  0.13689608 -0.39752158]
log likelihood =  -22442.320212358165
Edge derivatives =  [34.66882482859706, 21.74130417272426, -67.27507181956041, 79.26049320112861]
other derivatives: [  6.08561095 -43.01109584 -86.90076356 -19.75604391  16.10751497
   4.81522875]
Current x array =  [-0.6679308  -0.63991038 -0.70863242  0.69938374 -2.61103782 -2.2175663
 -1.34114716 -0.5943145  -0.01814691 -0.26058755]
log likelihood =  -22442.123268007257
Edge derivatives =  [30.190776331679533, 21.080729583530967, -60.04388728046312, 70.86183748145542]
other derivatives: [  3.13666533 -40.3575541  -75.52771422 -17.38662831  16.13807399
   8.36298568]
Current x array =  [-0.66789237 -0.64093324 -0.70984153  0.69545886 -2.60942186 -2.47990739
 -1.34616483 -0.582378   -0.03090699 -0.24931784]
log likelihood =  -22440.012088979034
Edge derivatives =  [29.82371217429313, 20.944647682756987, -61.986364276923396, 75.16500117252035]
other derivatives: [ 23.62903615 -59.0509444  -67.50706234 -28.56322681  14.728721
   4.80031304]
Current x array =  [-0.66958217 -0.63753383 -0.71157592  0.7155553  -2.61027856 -2.16864266
 -1.28834942 -0.60482989 -0.02605013 -0.25566149]
log likelihood =  -22442.268805590338
Edge derivatives =  [17.917122928464387, 18.79832228417486, -42.5162495159225, 72.63170703108392]
other derivatives: [ -50.21465768  204.04659153 -143.78929336  -36.21935321   11.61824912
  -19.46136763]
Current x array =  [-0.66142331 -0.67922257 -0.70048323  0.73427619 -2.62827672 -1.57581699
 -1.05906562 -0.68046496 -0.0466472  -0.24771058]
log likelihood =  -22437.42842758789
Edge derivatives =  [25.215413509620326, 20.86601718484647, -52.15725568854353, 75.10646293924624]
other derivatives: [ -7.5364369   58.67004802 -99.78248272 -32.14809112  14.68215487
  -1.61235221]
Current x array =  [-0.66604992 -0.65558232 -0.70677351  0.72366022 -2.61807058 -1.91198805
 -1.18908458 -0.63757491 -0.03496731 -0.25221927]
log likelihood =  -22431.879340991065
Edge derivatives =  [-11.28800869307244, 12.087243924469028, -23.48739020062794, 46.565186029468855]
other derivatives: [ 24.478868     5.0295057  -47.52328095 -36.13167792   0.80399332
   5.5282726 ]
Current x array =  [-0.67055085 -0.64871737 -0.7137466   0.74231255 -2.61977353 -1.95575618
 -0.9637406  -0.66446503 -0.08977963 -0.21559865]
log likelihood =  -22432.910721842847
Edge derivatives =  [0.9957383859890201, 19.96378614084445, -15.539831636918342, 37.57623447954199]
other derivatives: [209.89100449  27.9287633  105.12740118  -5.79493644  21.4233296
  -2.9875082 ]
Current x array =  [-0.68898602 -0.65089251 -0.74149443  0.67071318 -2.64951698 -1.75411114
 -0.98682455 -0.71547913 -0.09827777 -0.19024922]
log likelihood =  -22430.707189373687
Edge derivatives =  [-6.066428733153114, 15.517917609374162, -20.17184036774862, 42.80485996869493]
other derivatives: [103.40954759  14.64104571  18.87383405 -23.26669346   9.80799086
   2.39597284]
Current x array =  [-0.67832741 -0.64963492 -0.72545154  0.7121096  -2.63232029 -1.87069571
 -0.97347816 -0.68598444 -0.09336442 -0.20490543]
log likelihood =  -22428.976540662035
Edge derivatives =  [-5.060761377130139, 15.112780921794414, -16.613512814515694, 32.12897580869805]
other derivatives: [14.81530489 -5.29471436  9.91058187  0.49658411  9.68575478  2.96167855]
Current x array =  [-0.67026434 -0.64698083 -0.72446758  0.67112152 -2.63770914 -1.88998355
 -0.99559624 -0.68661231 -0.10636046 -0.19128204]
log likelihood =  -22428.41829840811
Edge derivatives =  [-5.053961402624567, 13.551156452117617, -12.891333987990288, 22.568157601819582]
other derivatives: [ -5.06261131 -16.63574949 -10.25036909  10.22090146   6.08597475
   1.84663804]
Current x array =  [-0.66876307 -0.64534398 -0.72124295  0.65558827 -2.63788917 -1.86781016
 -1.0004996  -0.68330098 -0.11637077 -0.17736689]
log likelihood =  -22427.867903330254
Edge derivatives =  [-3.3082720988558747, 12.049882418760372, -6.864899081713158, 8.208346323016798]
other derivatives: [-21.73474059   0.2910383  -12.02570274  15.95471986  -0.5493348
   3.19560058]
Current x array =  [-0.66740092 -0.64816937 -0.72078975  0.64735976 -2.63193109 -1.92109935
 -1.02990007 -0.66871889 -0.12997301 -0.15580756]
log likelihood =  -22427.71074438946
Edge derivatives =  [-1.1395571716612094, 7.788450350850889, -4.240921065897565, -10.15043041117281]
other derivatives: [-68.61773727 -34.0067345    4.94001142   7.44803401 -11.11402526
  -2.77395884]
Current x array =  [-0.66294246 -0.64280724 -0.72378243  0.66873577 -2.62521333 -1.79489371
 -1.04023146 -0.65615267 -0.14067326 -0.12995807]
log likelihood =  -22427.245349292945
Edge derivatives =  [1.8796876218814629, 8.19682525308195, 1.6723339698780535, -6.479198230037634]
other derivatives: [ 11.69246389  -8.69476935 -26.99271135   1.65637175  -5.71526471
   0.32523531]
Current x array =  [-0.67031774 -0.64640501 -0.71810847  0.67479126 -2.6240663  -1.88025616
 -1.06397041 -0.63938448 -0.14270114 -0.12956831]
log likelihood =  -22427.13859850027
Edge derivatives =  [1.2189931874600641, 8.312298858483098, -0.24406232415805523, -2.5648268030304835]
other derivatives: [ 0.38744474 -0.93423296 -7.7245204  -0.98661985 -4.21023287  0.64101187]
Current x array =  [-0.66906334 -0.64764796 -0.72130993  0.67918668 -2.62508646 -1.88331151
 -1.05901133 -0.64005067 -0.13893941 -0.13570583]
log likelihood =  -22427.096147491568
Edge derivatives =  [1.3602562530163642, 7.623805230099661, -0.22170430446431033, -1.3003656979497582]
other derivatives: [-1.36496965  0.7385097  -1.28129614 -2.62443791 -3.19596438  0.59553713]
Current x array =  [-0.66880815 -0.64789916 -0.72239193  0.68186238 -2.62572428 -1.88352895
 -1.06046825 -0.63513309 -0.13834381 -0.13731886]
log likelihood =  -22427.002872126624
Edge derivatives =  [1.4621777103081683, 4.841431769527575, 0.9163978268207466, 1.0146484362563777]
other derivatives: [-2.68482836  2.99623935  6.94672053 -4.50490916 -0.58134901  0.32850949]
Current x array =  [-0.66856394 -0.64825454 -0.72379834  0.68474488 -2.62834426 -1.88201563
 -1.06379187 -0.61789597 -0.13876364 -0.13995693]
log likelihood =  -22426.938203212703
Edge derivatives =  [0.8360124140575135, 1.4036148556822472, 1.1193884133686012, 1.5149729671901706]
other derivatives: [-1.58761395  0.49658411  7.20647222 -2.68264557 -0.00800355  0.21391315]
Current x array =  [-0.66878106 -0.6479822  -0.72380809  0.68198421 -2.63070486 -1.88432952
 -1.0658304  -0.59953029 -0.13898335 -0.14081048]
log likelihood =  -22427.091770761595
Edge derivatives =  [1.291990258650187, -0.6402972801026109, 1.370847128273563, 1.2853095218885853]
other derivatives: [ -5.07061486  39.54191925 -12.52265065  -0.13169483   0.52023097
  -2.03799573]
Current x array =  [-0.6684299  -0.65416917 -0.72056543  0.67819521 -2.6361314  -1.84001166
 -1.06138996 -0.59053581 -0.13648467 -0.13736932]
log likelihood =  -22426.93350887813
Edge derivatives =  [0.9034735521448568, 1.1041755465683087, 1.1596430954755192, 1.4839421766618839]
other derivatives: [-2.09765858  6.28024281  4.31973604 -2.30684236  0.07275958 -0.10404619]
Current x array =  [-0.66872945 -0.64889145 -0.72333155  0.68142737 -2.63150235 -1.8778165
 -1.06517783 -0.59820844 -0.13861614 -0.14030476]
log likelihood =  -22426.92101412394
Edge derivatives =  [0.42834009349569496, -0.04399207034951658, 0.791511417370893, 1.06471829899609]
other derivatives: [ 0.50349627  1.063745    1.63163349 -0.15716068 -0.16079866 -0.16952981]
Current x array =  [-0.66911125 -0.64815302 -0.7228621   0.67795678 -2.63267463 -1.876935
 -1.06437894 -0.5932094  -0.13839084 -0.13993247]
log likelihood =  -22426.919866227065
Edge derivatives =  [0.32304476644129654, -0.07208124906916974, 0.4759908355803021, 0.8760607658520471]
other derivatives: [-1.26274244  0.11204975 -0.90221874  0.23028406 -0.3085006  -0.03856258]
Current x array =  [-0.66897463 -0.64804965 -0.72240955  0.67749576 -2.63290779 -1.88013403
 -1.06441922 -0.5930256  -0.13786487 -0.13962773]
log likelihood =  -22426.919203504505
Edge derivatives =  [0.2944139770393768, -0.01454466527243592, 0.31341626783051546, 0.42688494454484177]
other derivatives: [ 0.04511094 -0.27175702 -1.00590114  0.39945007 -0.56897989 -0.07748895]
Current x array =  [-0.66912235 -0.64800256 -0.72237731  0.6773054  -2.63298827 -1.8790245
 -1.06409714 -0.59357945 -0.13764355 -0.13888238]
log likelihood =  -22426.918545629458
Edge derivatives =  [0.24358851343681748, 0.04748859290556724, 0.06262216007162125, 0.18060696302879056]
other derivatives: [ 0.34051482 -0.27139322 -0.74724085  0.38635335 -0.62427716 -0.08112693]
Current x array =  [-0.66916364 -0.64802681 -0.72239906  0.67743894 -2.63334476 -1.87858138
 -1.06354819 -0.59402024 -0.13710633 -0.1383266 ]
log likelihood =  -22426.917608680604
Edge derivatives =  [0.1823447941632768, 0.09354544253436942, -0.08893473145238527, -0.08255677467428243]
other derivatives: [ 0.31213858 -0.24447218 -0.23464963  0.10950316 -0.12660166 -0.0509317 ]
Current x array =  [-0.66916729 -0.64808383 -0.72244367  0.67800931 -2.63465866 -1.87857469
 -1.06246974 -0.594081   -0.13624227 -0.13722619]
log likelihood =  -22426.91778249714
Edge derivatives =  [0.053018538528113696, 0.015950908746213605, -0.14381724634949541, 0.15145811319352737]
other derivatives: [ 2.06273398  0.57771103 -0.22737368 -0.04365575  0.03274181  0.0687578 ]
Current x array =  [-0.66933698 -0.64822618 -0.72242038  0.67825799 -2.63491777 -1.88124665
 -1.0618547  -0.59347112 -0.13591526 -0.13741502]
log likelihood =  -22426.917555224674
Edge derivatives =  [0.14015215910525725, 0.06823536124867259, -0.10685114164202644, -0.006192838316741757]
other derivatives: [ 0.88439265  0.02437446 -0.23173925  0.06002665 -0.07421477 -0.01127773]
Current x array =  [-0.66922265 -0.64813027 -0.72243607  0.67809044 -2.63474319 -1.87944638
 -1.06226909 -0.59388203 -0.13613559 -0.1372878 ]
log likelihood =  -22426.917469912405
Edge derivatives =  [0.0770880749942053, 0.0036986840491186335, -0.11876297342152933, -0.03590105800530866]
other derivatives: [-0.02692104  0.12587407  0.22446329  0.03237801  0.00618456  0.00582077]
Current x array =  [-0.66913626 -0.64816101 -0.72250535  0.67818918 -2.63499877 -1.87965201
 -1.06192319 -0.5935811  -0.1360525  -0.13716534]
log likelihood =  -22426.91745702448
Edge derivatives =  [0.07771167908280636, 0.004024686420246573, -0.0829189484576768, -0.006226955587676844]
other derivatives: [-0.01091394  0.09968062  0.14260877  0.01018634  0.02582965  0.00363798]
Current x array =  [-0.66913588 -0.64815442 -0.72249348  0.67821476 -2.63497905 -1.87960404
 -1.06189742 -0.59357908 -0.13611073 -0.13721377]
      fun: 22426.91745702448
 hess_inv: <10x10 LbfgsInvHessProduct with dtype=float64>
      jac: array([ 0.01091394, -0.09968062, -0.14260877, -0.01018634, -0.02582965,
       -0.00363798, -0.07771168, -0.00402469,  0.08291895,  0.00622696])
  message: b'CONVERGENCE: REL_REDUCTION_OF_F_<=_FACTR*EPSMCH'
     nfev: 67
      nit: 56
   status: 0
  success: True
        x: array([-0.66913588, -0.64815442, -0.72249348,  0.67821476, -2.63497905,
       -1.87960404, -1.06189742, -0.59357908, -0.13611073, -0.13721377])
