number of sites to be analyzed:  304
log likelihood =  4251.513124898841
Lr derivatives =  [-235.1971809911043, -363.44020069759824, -207.8880220327713]
other derivatives =  [-28.44590199 -12.57576514  12.20314516  -5.86742317 279.00341593
   8.13734005]
Current x_clock array =  [-0.70906264 -0.71385931 -0.49838178  0.74193734 -0.10536052 -0.51082562
 -0.51082562 -0.51082562 -0.51082562]
log likelihood =  4003.0052597807294
Lr derivatives =  [70.59924096497915, -182.38615227253337, -117.06941316611567]
other derivatives =  [-21.7887191   15.07501111 -63.61083251  -8.04475349 231.06822482
  30.87557161]
Current x_clock array =  [-0.70725825 -0.71204179 -0.53179167  0.75800123 -0.86921875 -0.53310411
  0.13309948 -0.50942708 -0.50942708]
log likelihood =  3801.4340219224287
Lr derivatives =  [68.94060254272637, -111.37802580182714, -74.66286952374972]
other derivatives =  [ 34.20236681  11.56222424 130.66273823   1.51303539 123.36781765
  34.59240361]
Current x_clock array =  [-0.67590727 -0.76010688 -0.38944435  0.78783319 -1.90242422 -0.62464138
  0.32893219 -0.37287096 -0.39834818]
log likelihood =  3890.461348242649
Lr derivatives =  [-110.35639021719246, -130.4376091384666, 17.215110501839774]
other derivatives =  [-241.32227736  -49.46259651 -435.81758291   50.31934052 -121.12504919
   14.22208697]
Current x_clock array =  [-0.82543396 -0.86443158 -0.87830381  0.81220101 -3.62305568 -0.87340952
  0.37447451  0.         -0.09728233]
log likelihood =  3743.9801582247705
Lr derivatives =  [-8.02555247137596, -114.10074319989515, -61.84005890982439]
other derivatives =  [ -76.23980309  -10.08343133 -190.93517949   20.93452167   18.612036
   29.04639587]
Current x_clock array =  [-0.72893096 -0.79710148 -0.5627989   0.79647426 -2.51257771 -0.7128571
  0.34508196 -0.24064711 -0.29158715]
log likelihood =  3703.8909942131695
Lr derivatives =  [-33.09045907346041, -97.68874113035007, -24.62392535514256]
other derivatives =  [  8.37380867 -11.65017238 -28.63407644  16.43129508 -22.5779786
  26.76215445]
Current x_clock array =  [-0.67969888 -0.81128978 -0.44564582  0.78347169 -2.88778877 -0.79069092
  0.34017787 -0.06738343 -0.1779475 ]
log likelihood =  3695.8527697805844
Lr derivatives =  [-14.13199756237394, -76.6723013406646, 6.301436877820983]
other derivatives =  [-13.35733941  -1.84822966  29.75580173  10.79756657  -9.84769031
  25.63938324]
Current x_clock array =  [-0.69636756 -0.80006667 -0.41733689  0.76123232 -2.87173573 -0.83526709
  0.33864239  0.         -0.13548572]
log likelihood =  3694.3864677403694
Lr derivatives =  [0.9992642884153042, -68.14607684717981, 8.902695444734398]
other derivatives =  [ 3.76817297  4.29849933  4.93964762  7.82674761  2.0776497  24.52443368]
Current x_clock array =  [-0.68746155 -0.79305847 -0.43058279  0.74488318 -2.82297343 -0.86517201
  0.35290365  0.         -0.1373819 ]
log likelihood =  3692.794587767953
Lr derivatives =  [10.818080716376912, -62.47764055757537, 7.564952760239883]
other derivatives =  [ 2.08738129  5.5315013  -9.6596068   4.24201971  8.45047907 21.94369699]
Current x_clock array =  [-0.68974906 -0.79279901 -0.43819949  0.71775738 -2.81716725 -0.9332103
  0.37951674  0.         -0.14329659]
log likelihood =  3689.214141608007
Lr derivatives =  [21.47112808388262, -55.322372710655415, 2.668263981409634]
other derivatives =  [ 13.69876372   4.79149094 -21.8956302   -3.58445504  12.23224899
  14.45355338]
Current x_clock array =  [-0.68520873 -0.79829625 -0.44403694  0.6422392  -2.87906615 -1.16170677
  0.45026056  0.         -0.15395494]
log likelihood =  3686.654509068255
Lr derivatives =  [16.8686228207323, -56.9981459231452, -4.419251537360303]
other derivatives =  [-23.64977263   5.59798536 -14.25473783  -6.62785169   5.54136932
   8.4806743 ]
Current x_clock array =  [-0.70778373 -0.80001339 -0.43863792  0.59845564 -2.95473219 -1.41943973
  0.49103244  0.         -0.16222031]
log likelihood =  3685.0407971080595
Lr derivatives =  [9.60481360691162, -59.21979956947824, -1.4408883129191352]
other derivatives =  [ 7.77704372 -1.49893822 -0.89748937 -7.74957698 -2.60451998  4.75242814]
Current x_clock array =  [-0.68849017 -0.81172271 -0.43125045  0.57286797 -3.02049791 -1.6629063
  0.50304418  0.         -0.14811197]
log likelihood =  3684.2173380519985
Lr derivatives =  [6.7682046273775285, -60.265959587956544, 1.7331633448386832]
other derivatives =  [ 1.05360414 -1.61639946  5.81089807 -7.28155101 -4.94824235  3.40533006]
Current x_clock array =  [-0.692086   -0.81197406 -0.4277433   0.57698348 -3.00821989 -1.79921893
  0.48010157  0.         -0.13951151]
log likelihood =  3682.0976257340308
Lr derivatives =  [-0.2520942855024799, -64.87738905164622, 4.519175029871512]
other derivatives =  [-7.73707143 -0.28567229 22.05051715 -3.71801434 -6.39338396  1.34214133]
Current x_clock array =  [-0.69609241 -0.80778841 -0.42020437  0.61996074 -2.87783615 -2.17713887
  0.35878773  0.         -0.12895005]
log likelihood =  3681.29359740367
Lr derivatives =  [-6.9785399672069985, -70.3582143219972, 3.560947610255056]
other derivatives =  [-7.88513717 -3.70382622 10.92666935  0.97934389 -3.59223122  0.66643224]
Current x_clock array =  [-0.69420393 -0.80791234 -0.42597874  0.66410706 -2.73952095 -2.47802565
  0.25194852  0.         -0.12588751]
log likelihood =  3681.292305699564
Lr derivatives =  [-1.6709465181354517, -68.25912202818337, -5.913610147916753]
other derivatives =  [ 5.46997398 13.02223609 11.27136784  0.6008122  -0.59808372  0.33869583]
Current x_clock array =  [-0.68727925 -0.78858337 -0.42612244  0.66756032 -2.72967242 -2.554705
  0.26250342  0.         -0.14264506]
log likelihood =  3681.2075007108187
Lr derivatives =  [-4.323225797147487, -69.31000304896857, -1.41148448621054]
other derivatives =  [-1.22740857  4.55675035 11.10147423  0.79162419 -2.09370228  0.49717528]
Current x_clock array =  [-0.69073349 -0.79822526 -0.42605076  0.66583773 -2.73458517 -2.51645497
  0.25723831  0.         -0.13428588]
log likelihood =  3681.122191297947
Lr derivatives =  [-1.403154573641558, -67.39899380732962, -0.518144395603894]
other derivatives =  [ 0.62718755  1.815215   -1.54182089  0.11250449 -0.77411642  0.3567493 ]
Current x_clock array =  [-0.68975921 -0.80210191 -0.43206066  0.66008623 -2.73756206 -2.5596443
  0.26663145  0.         -0.13382719]
log likelihood =  3681.1051094045883
Lr derivatives =  [-0.06051581790653415, -66.55050168679642, -0.035243737590022306]
other derivatives =  [ 1.1283646   0.34920049 -1.9572326  -0.20222615  0.43214641  0.26084308]
Current x_clock array =  [-0.68954796 -0.80395335 -0.43235284  0.65844035 -2.7302165  -2.6090579
  0.2656012   0.         -0.13335171]
log likelihood =  3681.0944134921533
Lr derivatives =  [0.31388310325927193, -66.25631954101122, -0.15470239679147468]
other derivatives =  [ 0.57384568 -0.33774086 -2.31780177 -0.40449777  0.68007466  0.15002115]
Current x_clock array =  [-0.68990325 -0.80489396 -0.43251272  0.65670359 -2.72819419 -2.669327
  0.26495843  0.         -0.13334717]
log likelihood =  3681.0875888787773
Lr derivatives =  [0.9926788130919846, -65.57038726759086, 0.9710052943434597]
other derivatives =  [ 0.23287612 -0.05557013  0.93982635 -0.49735718  0.97697921  0.05015863]
Current x_clock array =  [-0.69024867 -0.80481894 -0.43085729  0.65762471 -2.72880747 -2.73355121
  0.26649785  0.         -0.13153339]
log likelihood =  3681.0842374871413
Lr derivatives =  [0.27881578681783026, -66.01386184876048, 0.27093459349219273]
other derivatives =  [-0.11914381 -0.01768967  0.11409611 -0.36584424  0.38112375  0.01359695]
Current x_clock array =  [-0.69037102 -0.80478112 -0.43118613  0.65805174 -2.73050059 -2.75854104
  0.26548474  0.         -0.13218054]
log likelihood =  3681.083497607099
Lr derivatives =  [-0.08760781154174424, -66.22096638356487, -0.03577642169274142]
other derivatives =  [-0.00068212  0.06343726  0.14515535 -0.25602276  0.01618901 -0.00213731]
Current x_clock array =  [-0.6902685  -0.80473596 -0.43111363  0.65895534 -2.73248002 -2.76870628
  0.26568563  0.         -0.13245254]
log likelihood =  3681.0832621003574
Lr derivatives =  [-0.13172025775050145, -66.23862318490369, -0.09087331035220814]
other derivatives =  [-0.26684575  0.16143531  0.10732037 -0.1630724  -0.06034497 -0.00418368]
Current x_clock array =  [-0.69042827 -0.80464637 -0.43109146  0.66007035 -2.73328895 -2.76916356
  0.26623709  0.         -0.13253207]
log likelihood =  3681.0830623661814
Lr derivatives =  [-0.1500586150278309, -66.22568040541141, -0.04235155794835421]
other derivatives =  [ 0.30931915  0.00686668  0.17289494  0.01268745 -0.13465069 -0.00241016]
Current x_clock array =  [-0.69008017 -0.80491468 -0.43100395  0.66237027 -2.73452458 -2.76724529
  0.26719277  0.         -0.13247807]
log likelihood =  3681.08297533555
Lr derivatives =  [-0.034550654502439215, -66.16150063246806, -0.006112069485865845]
other derivatives =  [-4.55656846e-02  4.70663508e-02  2.75576895e-02  6.63931132e-03
 -3.57431418e-02 -9.09494702e-05]
Current x_clock array =  [-0.69030426 -0.80485441 -0.43107505  0.66241563 -2.73410411 -2.76527884
  0.2673487   0.         -0.13248764]
log likelihood =  3681.08297014216
Lr derivatives =  [-0.005612553128187869, -66.14577009638091, 0.004714853890089188]
other derivatives =  [-0.01309672  0.01555236  0.00272848 -0.00150067 -0.00727596  0.00022737]
Current x_clock array =  [-0.69028639 -0.80489115 -0.43109123  0.66235434 -2.73393752 -2.76516523
  0.26732578  0.         -0.13248336]
      fun: 3681.08297014216
 hess_inv: <9x9 LbfgsInvHessProduct with dtype=float64>
      jac: array([-1.30967237e-02,  1.55523594e-02,  2.72848411e-03, -1.50066626e-03,
       -7.27595761e-03,  2.27373675e-04, -5.61255313e-03, -6.61457701e+01,
        4.71485389e-03])
  message: b'CONVERGENCE: REL_REDUCTION_OF_F_<=_FACTR*EPSMCH'
     nfev: 27
      nit: 24
   status: 0
  success: True
        x: array([-0.69028639, -0.80489115, -0.43109123,  0.66235434, -2.73393752,
       -2.76516523,  0.26732578,  0.        , -0.13248336])
