number of sites to be analyzed:  466
Successfully loaded parameter value from ./save/MG943347SN1unswap.txt
log likelihood =  -4867.341251308295
Edge derivatives =  [0.001721561195137944, 0.00032743875124890964, 0.0075025015160239406, 0.017661233860154113]
other derivatives: [ 0.00673026 -0.02910383 -0.01327862 -0.02410161 -0.00945874  0.00363798]
Current x array =  [-0.68535456 -0.89446931 -0.54569268  0.5688585  -2.83852983 -1.75224772
 -2.45934733 -0.22582996 -0.49525682 -0.44271223]
log likelihood =  -4867.94919960699
Edge derivatives =  [-0.1737414929273119, -0.3160139835581892, -1.4786524368424685, -2.7321709192123684]
other derivatives: [-1.26494342e+01  2.35224434e+01  2.34656909e+01  3.02634362e+00
 -4.94219421e-01  2.54658516e-03]
Current x array =  [-0.6786243  -0.92357314 -0.5589713   0.54475689 -2.84798857 -1.74860974
 -2.45762577 -0.22550252 -0.48775432 -0.425051  ]
log likelihood =  -4867.341249496213
Edge derivatives =  [0.0014351567261058629, -0.00014340497507298045, 0.005050367838269898, 0.013064213567883787]
other derivatives: [-0.01446097  0.01282388  0.02792149 -0.01864464 -0.01027729  0.00381988]
Current x array =  [-0.68534302 -0.89451925 -0.54571547  0.56881715 -2.83854606 -1.75224148
 -2.45934438 -0.2258294  -0.49524395 -0.44268193]
      fun: 4867.341249496213
 hess_inv: <10x10 LbfgsInvHessProduct with dtype=float64>
      jac: array([ 0.01446097, -0.01282388, -0.02792149,  0.01864464,  0.01027729,
       -0.00381988, -0.00143516,  0.0001434 , -0.00505037, -0.01306421])
  message: b'CONVERGENCE: REL_REDUCTION_OF_F_<=_FACTR*EPSMCH'
     nfev: 3
      nit: 1
   status: 0
  success: True
        x: array([-0.68534302, -0.89451925, -0.54571547,  0.56881715, -2.83854606,
       -1.75224148, -2.45934438, -0.2258294 , -0.49524395, -0.44268193])
