number of sites to be analyzed:  241
log likelihood =  3143.978794913353
Lr derivatives =  [-122.11085288813408, -206.36642072645395, -115.11716236002857]
other derivatives =  [ 29.06585905 -36.62030394   8.31869329  -4.26512088 216.21503947
   4.41882548]
Current x_clock array =  [-0.62498453 -0.58685686 -0.62193455  0.74193734 -0.10536052 -0.51082562
 -0.51082562 -0.51082562 -0.51082562]
log likelihood =  2964.9199087175684
Lr derivatives =  [39.02406250436604, -104.93526834731702, -65.3713060676788]
other derivatives =  [-110.68650565   -3.70246198  -29.46890163   -0.56475074  165.71229935
   15.80729077]
Current x_clock array =  [-0.74114342 -0.58471137 -0.6551794   0.75898249 -0.96944296 -0.52848503
 -0.02282144 -0.50878416 -0.50878416]
log likelihood =  2840.853737478768
Lr derivatives =  [19.38688119759761, -46.433467303342915, -31.223793462266073]
other derivatives =  [ 4.15904333e+02 -3.92492439e-01  1.75624336e+01  1.32566583e+01
  2.81973826e+01  1.54150257e+01]
Current x_clock array =  [-0.43795769 -0.63067051 -0.57714528  0.78095323 -2.6252962  -0.61144133
  0.38795144 -0.45136536 -0.44828471]
log likelihood =  2810.2268815949983
Lr derivatives =  [-36.104022060934966, -59.68608192245519, -33.912525151927824]
other derivatives =  [-129.58034858  -25.96825652   28.7783223    27.97787602  -30.77329893
   14.75618774]
Current x_clock array =  [-0.74180045 -0.65588953 -0.56513085  0.77427649 -3.18241928 -0.65508557
  0.48201294 -0.43733648 -0.42505915]
log likelihood =  2797.6604964920944
Lr derivatives =  [-6.76883584469269, -45.56797181736794, -25.169977445123152]
other derivatives =  [-45.31561899  -7.80482878   9.8100827   22.65314833  -3.5186531
  15.24704203]
Current x_clock array =  [-0.67275509 -0.63524992 -0.58609044  0.75937447 -2.92405782 -0.64882897
  0.43433351 -0.40772411 -0.41264834]
log likelihood =  2792.5182516625664
Lr derivatives =  [12.956384423069292, -28.128013808853314, -11.522660291029881]
other derivatives =  [12.56303221  1.81366886  1.24605322 17.707589    6.75013325 15.0460437 ]
Current x_clock array =  [-0.63253495 -0.62779916 -0.59573063  0.72282682 -2.86666107 -0.67232694
  0.40724189 -0.33749807 -0.37440139]
log likelihood =  2788.243934587354
Lr derivatives =  [26.354629915720995, -9.666504957630348, 4.649464422763689]
other derivatives =  [38.08627298  6.47692104 -5.04628588 12.95406946 10.04805199 14.12331585]
Current x_clock array =  [-0.61747849 -0.62580169 -0.6028431   0.66427118 -2.87005512 -0.71937732
  0.36188833 -0.23256795 -0.32146792]
log likelihood =  2783.2750956330196
Lr derivatives =  [32.49905679578425, 10.217390321227878, 21.82992708238638]
other derivatives =  [31.49616532  6.12412805 -6.54913492  7.97203938  8.42178451 11.98040991]
Current x_clock array =  [-0.62394614 -0.62652093 -0.60559252  0.56242567 -2.88520606 -0.80861332
  0.2558511  -0.07259348 -0.26579708]
log likelihood =  2777.367622272367
Lr derivatives =  [4.486204764187379, -2.842804813664996, 6.152407947426438]
other derivatives =  [36.47319318  5.89739102 -9.5391897   3.01029104 -8.02847353  8.07685865]
Current x_clock array =  [-0.61767097 -0.61682258 -0.61401315  0.40465828 -2.87089135 -0.95799675
  0.05806589  0.         -0.29322461]
log likelihood =  2775.965155501035
Lr derivatives =  [-11.757938899208716, -16.458524843553434, -5.366915945921516]
other derivatives =  [-11.05986485 -10.75077307  24.17409632  -4.05225364  -3.51219569
   6.57169039]
Current x_clock array =  [-0.6481458  -0.62512569 -0.57806255  0.31153878 -2.71544839 -1.06109993
 -0.05731448  0.         -0.31138547]
log likelihood =  2775.389376547143
Lr derivatives =  [-4.097486724524268, -11.450015323277666, -1.5531435575938355]
other derivatives =  [-5.999118   -0.6816208  -0.30822775 -2.36282176 -1.99261194  6.78924152]
Current x_clock array =  [-0.6456764  -0.61591134 -0.60559443  0.33511439 -2.72584119 -1.04781438
 -0.03183988  0.         -0.30642826]
log likelihood =  2775.272171866399
Lr derivatives =  [-2.380096857693647, -10.413657290396543, -0.8807664979644771]
other derivatives =  [-2.91238393  0.39590304 -1.18993739 -2.49929144 -0.75501703  6.57300916]
Current x_clock array =  [-0.64381263 -0.61502819 -0.60652169  0.33649332 -2.71630701 -1.06090074
 -0.03063513  0.         -0.30504867]
log likelihood =  2774.72602456799
Lr derivatives =  [3.934756261853133, -6.505771845453632, 1.1953945961793226]
other derivatives =  [ 7.8969606   3.34598553 -3.64507287 -3.36922312  4.06380423  4.79708433]
Current x_clock array =  [-0.63770217 -0.61292008 -0.60893068  0.33652121 -2.67660636 -1.1737952
 -0.02863636  0.         -0.29837302]
log likelihood =  2774.28934401116
Lr derivatives =  [6.134094826476684, -4.757889978163897, 1.835972241006218]
other derivatives =  [ 8.66211849  3.93838491 -4.05079845 -3.54534677  5.40476321  3.10419637]
Current x_clock array =  [-0.63798847 -0.6127957  -0.60903342  0.33666522 -2.6646009  -1.30238942
 -0.02799944  0.         -0.2922357 ]
log likelihood =  2774.0902100490957
Lr derivatives =  [5.0939362229130865, -2.4681710313839584, 3.7331721422735216]
other derivatives =  [26.3496986  -7.33252818  3.38332029  1.80125426 -0.98425517  0.82309271]
Current x_clock array =  [-0.62559746 -0.62901317 -0.59880544  0.40702903 -2.73439814 -1.51949969
 -0.0038057   0.         -0.27550875]
log likelihood =  2773.6151268143303
Lr derivatives =  [0.21287591091439118, -6.592470912385556, -0.4460015169025606]
other derivatives =  [-3.19842002  6.07842594 -1.62581273  0.53823896 -0.60672392  0.07248673]
Current x_clock array =  [-0.64605476 -0.6099491  -0.60577094  0.38206426 -2.69354485 -1.65450588
 -0.04000693  0.         -0.2781872 ]
log likelihood =  2773.5862122823464
Lr derivatives =  [-0.007681472689843982, -6.67515782800875, -0.4243942162042704]
other derivatives =  [-0.5493348   0.52568794 -0.24583642  0.16925696 -0.15261321  0.08431016]
Current x_clock array =  [-0.64397038 -0.61605638 -0.60422293  0.37885559 -2.6886715  -1.65520175
 -0.04182113  0.         -0.27767619]
log likelihood =  2773.5847283698913
Lr derivatives =  [-0.0449539443578475, -6.6537479065281735, -0.338539594876726]
other derivatives =  [-0.17525963 -0.10977601  0.06357368  0.0694854  -0.01969056  0.03892637]
Current x_clock array =  [-0.64369424 -0.61670494 -0.60389364  0.37787993 -2.68657359 -1.66522323
 -0.04310812  0.         -0.27678726]
log likelihood =  2773.584258731867
Lr derivatives =  [-0.016440570169032886, -6.568936143586724, -0.11803802340174929]
other derivatives =  [ 0.01068656 -0.12646524  0.07376002  0.03087735  0.02155502  0.0048658 ]
Current x_clock array =  [-0.64357218 -0.61669875 -0.60390032  0.37743608 -2.68578774 -1.67347533
 -0.0439084   0.         -0.2755547 ]
log likelihood =  2773.584205336142
Lr derivatives =  [-0.002364096424923634, -6.5311935880243315, 0.01970108803340631]
other derivatives =  [-0.04306457 -0.0005457   0.00582077  0.01082299  0.01564331  0.00327418]
Current x_clock array =  [-0.64361542 -0.61654816 -0.60398856  0.37707255 -2.68584355 -1.67476798
 -0.0441336   0.         -0.27495908]
log likelihood =  2773.584203079101
Lr derivatives =  [-0.013543542725227065, -6.540196946003109, 0.0024405992701033163]
other derivatives =  [0.02828529 0.02082743 0.01055014 0.0077307  0.00645741 0.00177351]
Current x_clock array =  [-0.64356468 -0.61652427 -0.60398485  0.37700382 -2.68591529 -1.67491161
 -0.04415243  0.         -0.27500474]
      fun: 2773.584203079101
 hess_inv: <9x9 LbfgsInvHessProduct with dtype=float64>
      jac: array([ 2.82852852e-02,  2.08274287e-02,  1.05501385e-02,  7.73070497e-03,
        6.45741238e-03,  1.77351467e-03, -1.35435427e-02, -6.54019695e+00,
        2.44059927e-03])
  message: 'CONVERGENCE: REL_REDUCTION_OF_F_<=_FACTR*EPSMCH'
     nfev: 21
      nit: 20
     njev: 21
   status: 0
  success: True
        x: array([-0.64356468, -0.61652427, -0.60398485,  0.37700382, -2.68591529,
       -1.67491161, -0.04415243,  0.        , -0.27500474])
{('N0', 'N1'): [1.4198852423129682, 1.4198852423129686], ('N0', 'ENSLOCG'): [0.0, 0.0], ('N1', 'ENSGACG'): [12.083981078397315, 12.056111390301812], ('N1', 'ENSDARG'): [11.835766480371076, 11.236121203157936]}
