number of sites to be analyzed:  491
log likelihood =  -8970.114473439635
Edge derivatives =  [192.06116693471108, 94.43693271026338, 421.56072191084075, 344.42238708842893]
other derivatives: [  64.61104931   11.32520993  -34.09568308  -41.81401891 -332.94800232
   78.33459676]
Current x array =  [-0.79016962 -0.94651552 -0.66544594  0.74193734 -0.10536052 -0.51082562
 -4.60517019 -4.60517019 -4.60517019 -4.60517019]
log likelihood =  -8319.821739919778
Edge derivatives =  [181.90987135294137, 91.76525902854435, 422.64551125637263, 338.2176837197609]
other derivatives: [  90.23860912   22.65569492  -11.84052962  -45.4898327  -237.38466552
   69.99907782]
Current x array =  [-0.78907349 -0.94518785 -0.715939    0.68001403 -0.59843065 -0.49970267
 -4.32074251 -4.46531642 -3.98087149 -4.09510738]
log likelihood =  -6431.954469033017
Edge derivatives =  [134.92837152860773, 62.033582675040876, 288.7458989633167, 254.81689853875594]
other derivatives: [162.90669009  42.47795005 120.93869373 -65.97219908 139.89583749
  24.15690687]
Current x array =  [-0.78468895 -0.93987718 -0.91791123  0.43232077 -2.57071121 -0.45521088
 -3.18303181 -3.90590136 -1.48367671 -2.05485613]
log likelihood =  -15695.505143777005
Edge derivatives =  [-46.65866425675335, -5.141887807070381, -5.760141431943997, -1525.4896322426962]
other derivatives: [-48132.08743144  -2715.22894764 -19332.69195433   1573.72141985
  -1298.84192575    563.81013565]
Current x array =  [-0.05       -0.49198249 -0.05       -0.59971681 -3.05421647 -0.47763528
 -0.39707313 -2.58616205  4.54512438  3.09060005]
log likelihood =  -5862.857770168041
Edge derivatives =  [34.39748493456152, 14.88221236125143, -99.45512406476405, 30.473888292466924]
other derivatives: [-749.3566045  -219.97020667  144.85394786   52.742962    -21.76502676
  -25.30941856]
Current x array =  [-0.54390364 -0.79308517 -0.63346395  0.09408309 -2.72917414 -0.4625602
 -2.26996796 -3.47337296  0.49218905 -0.36849585]
log likelihood =  -6033.5246624220745
Edge derivatives =  [16.65549094503905, 10.09068906263737, -167.20779519024674, -79.70710871902557]
other derivatives: [ 683.19950515  -24.00138328 -573.90516304   69.85255823 -152.50552678
  -26.95651347]
Current x array =  [-1.23407378 -0.97892008 -0.38232278  0.03685322 -2.83924517 -0.48695749
 -1.91908764 -3.30828407  1.0673709   0.2433176 ]
log likelihood =  -5779.179433400802
Edge derivatives =  [29.448477151596663, 13.372381971689386, -101.60847354399701, 3.113984207669546]
other derivatives: [  23.3204446  -137.97734937   26.65992724   43.92886694  -47.29399734
  -30.82868716]
Current x array =  [-0.78214589 -0.85723418 -0.54677165  0.07432771 -2.76716994 -0.47098198
 -2.14884635 -3.41638535  0.69073808 -0.15730183]
log likelihood =  -5762.8706693949025
Edge derivatives =  [40.20944377718584, 16.218019480012284, -45.82348894429178, 48.20329447446522]
other derivatives: [ 46.6225174  -63.93202057  73.14320101  30.01323421  16.05594662
 -27.75177563]
Current x array =  [-0.77943988 -0.91374092 -0.58294109  0.12891831 -2.78727034 -0.47739411
 -2.24829521 -3.46335224  0.42896787 -0.35707063]
log likelihood =  -5762.949504144464
Edge derivatives =  [38.906855540805715, 15.690475493553889, -16.041535319475866, 26.603023132631023]
other derivatives: [ -51.35398169   40.5711944  -326.7032298    38.435428      7.54271241
  -30.45543053]
Current x array =  [-0.73957729 -1.05847823 -0.43055194  0.18826462 -2.7516035  -0.53299921
 -2.15957339 -3.42689623  0.34488182 -0.24878944]
log likelihood =  -5752.430639330243
Edge derivatives =  [39.6878863765325, 15.970480373582674, -29.743112368716677, 38.45954136766954]
other derivatives: [ -1.15887815  -6.37264748 -98.86643966  34.26230251  12.69108907
 -29.4392521 ]
Current x array =  [-0.75921441 -0.98717767 -0.50562195  0.15902942 -2.76917371 -0.505607
 -2.20327957 -3.44485521  0.38630432 -0.30213097]
log likelihood =  -5744.491975560773
Edge derivatives =  [36.77544095306117, 15.132692630720724, -26.349627821688635, 18.424955833068847]
other derivatives: [ -6.00630301  22.77402018 -46.53102224  28.81206456  13.31736712
 -28.18333087]
Current x array =  [-0.75493856 -1.03268021 -0.52306948  0.19169276 -2.79855487 -0.53752085
 -2.13435388 -3.41492542  0.39270452 -0.21131614]
log likelihood =  -5732.595861415447
Edge derivatives =  [34.0715330326249, 14.348485626430428, -6.18620897292967, -13.694785738401919]
other derivatives: [-1.41364580e+01  4.14620445e+01  1.78260962e-02  1.36012204e+01
  1.78538357e+01 -2.20733455e+01]
Current x array =  [-0.74734381 -1.06522598 -0.53937873  0.2960123  -2.79474449 -0.63515479
 -1.98762581 -3.35354736  0.29769893 -0.09339349]
log likelihood =  -5720.7290225383485
Edge derivatives =  [33.050600136666034, 13.871671937390653, 12.430246005154553, -35.982757878868355]
other derivatives: [-10.63135642  27.55778041  17.71395546  -4.21205186  15.73898771
 -13.01168595]
Current x array =  [-0.74582462 -1.0460995  -0.54595122  0.42393697 -2.72594521 -0.77747957
 -1.77461159 -3.26511807  0.16573811 -0.05393552]
log likelihood =  -5700.976080255283
Edge derivatives =  [22.588793101559215, 11.344226863959221, 11.27439422264044, -55.72305985961644]
other derivatives: [ -8.16553438  23.06805982  55.12792995 -23.56464393  -7.98409019
   1.22781785]
Current x array =  [-0.74594458 -1.04261893 -0.5587988   0.5948903  -2.56288158 -1.06760364
 -1.22461436 -3.03609105  0.03803375 -0.11433515]
log likelihood =  -5690.952058399979
Edge derivatives =  [-20.21757276817281, 5.930550357301368, 20.93846286175439, -42.63337341060423]
other derivatives: [  1.11931513 -45.15231922  24.58045856 -27.85864126 -15.4927875
  14.15501174]
Current x array =  [-0.75676225 -0.95892971 -0.54035661  0.67596503 -2.49371847 -1.36127063
 -0.53221851 -2.73465795 -0.11222596 -0.33224255]
log likelihood =  -5680.006394741932
Edge derivatives =  [5.40539764991223, 8.806963307537176, 5.3781129592798935, -22.338210350078214]
other derivatives: [  6.09225026  -5.00913302  18.37270247 -15.35945557  -3.27463567
   8.7807166 ]
Current x array =  [-0.75676311 -1.00438111 -0.54102412  0.55701316 -2.54022261 -1.23730922
 -0.7856924  -2.78990799  0.00615959 -0.40752834]
log likelihood =  -5675.913861819619
Edge derivatives =  [4.163969510690668, 8.536528970115844, -2.756757390091044, -5.5374887272652975]
other derivatives: [ 2.65818016  9.06165951  7.42438715 -1.74513843 -3.90718924  8.27130862]
Current x array =  [-0.75739865 -1.02148312 -0.53806102  0.46580848 -2.54204615 -1.20982838
 -0.72747287 -2.69956314  0.04173004 -0.55165235]
log likelihood =  -5674.292801171422
Edge derivatives =  [1.8247726033593719, 8.02494170281307, 0.03859738250376496, 3.015758922106574]
other derivatives: [  2.95613063  -3.74284355 -10.3417733    3.54630174   2.48564902
   7.24494384]
Current x array =  [-0.75919516 -1.00320343 -0.53104459  0.42611142 -2.57113301 -1.15721303
 -0.6629231  -2.59083062  0.04281444 -0.64045566]
log likelihood =  -5673.410600925115
Edge derivatives =  [-4.107557473849962, 6.945486901271904, -1.2009220674824164, 5.026999039203072]
other derivatives: [-10.29702617  -1.38725227  -3.68872861   6.29843271   1.124954
   5.60557964]
Current x array =  [-0.75427409 -1.00711031 -0.53360334  0.41277773 -2.57911911 -1.10014689
 -0.59320591 -2.47259899  0.05188922 -0.69458613]
log likelihood =  -5673.838240732555
Edge derivatives =  [-9.246508911484371, 5.468436895085274, -0.5561581427753279, 6.814802342899271]
other derivatives: [ 69.17089195   7.5443495  -13.17857823   6.28542693   1.80061761
   0.49585651]
Current x array =  [-0.7922383  -1.01650432 -0.52706405  0.40890272 -2.59946729 -0.97391758
 -0.52115018 -2.26872183  0.07038998 -0.74781227]
log likelihood =  -5673.032180488266
Edge derivatives =  [-6.119360516212867, 6.3963943319168735, -0.9481129125623442, 5.839145930770575]
other derivatives: [22.99784683  2.28046702 -7.42620614  6.22785592  1.49666448  3.66417225]
Current x array =  [-0.76967185 -1.01092039 -0.5309511   0.41120608 -2.58737205 -1.04895004
 -0.56398111 -2.38990925  0.05939287 -0.71617391]
log likelihood =  -5672.2235875484685
Edge derivatives =  [-6.52057160907603, 5.8296335172893885, -1.8501359967310018, 6.041130126675612]
other derivatives: [ 7.27623046  1.76241883 -5.33154889  5.53645805  2.55604391 -0.27230271]
Current x array =  [-0.76251633 -1.01048617 -0.53209034  0.4182089  -2.59984796 -0.9612001
 -0.56111685 -2.28862216  0.06755748 -0.72744406]
log likelihood =  -5671.455172113649
Edge derivatives =  [-5.3460600806204015, 5.344125711037979, -2.1724798847892584, 3.5058408022063814]
other derivatives: [-3.965215    1.70593921  3.26836016  0.82181941  3.23962013 -5.31126716]
Current x array =  [-0.75653917 -1.01039129 -0.53593197  0.45236971 -2.60287249 -0.86924215
 -0.59190511 -2.18378922  0.06552202 -0.69964702]
log likelihood =  -5671.277814760843
Edge derivatives =  [-4.88960857857875, 5.023530732776516, -0.7212204437383454, -0.08211910482822093]
other derivatives: [-14.45287126   4.52364475 -36.08975021  -1.67683538  -0.47921276
  -7.58609531]
Current x array =  [-0.75209532 -1.01474974 -0.51991282  0.4817951  -2.58550937 -0.84586136
 -0.62238086 -2.10896098  0.05171737 -0.66170973]
log likelihood =  -5670.859243957568
Edge derivatives =  [-3.7381206877689976, 5.198203410019986, -0.9219843595182089, -1.2894118180571201]
other derivatives: [-6.11817086  3.48845788 -8.88558134 -3.98831617  0.12532837 -7.15517672]
Current x array =  [-0.75487465 -1.01262533 -0.53111075  0.49085164 -2.57976345 -0.85304448
 -0.64688543 -2.10770731  0.04628486 -0.64404154]
log likelihood =  -5670.502696316444
Edge derivatives =  [-3.0406760416353973, 5.204402790871445, -0.7281074573173414, -1.8945384452235186]
other derivatives: [ 2.29856596  2.41070666  4.0165105  -4.83178155 -0.34533514 -6.38265192]
Current x array =  [-0.75827294 -1.01031131 -0.53685972  0.49234897 -2.56883793 -0.86933835
 -0.66975833 -2.07780955  0.03800514 -0.63591514]
log likelihood =  -5669.588219920352
Edge derivatives =  [-1.7519780902887836, 4.510088130784611, 0.11384026310355441, -2.6914295658353478]
other derivatives: [16.19573595 -0.61527317 23.64304237 -5.10553946 -3.06790753 -5.04105628]
Current x array =  [-0.76428664 -1.00384286 -0.54688242  0.48695238 -2.53301827 -0.90682448
 -0.73732955 -1.92036874  0.01181874 -0.62921654]
log likelihood =  -5668.740076258705
Edge derivatives =  [-1.2416946314898083, 2.3227659648255274, 2.209448816776743, -2.2828822038459915]
other derivatives: [19.14240784 -3.33538992 29.15130608 -2.88973752 -6.65049811 -3.7760401 ]
Current x array =  [-0.76613129 -0.99801288 -0.55138776  0.46964051 -2.4933194  -0.9528701
 -0.81188909 -1.68418258 -0.02050779 -0.63972744]
log likelihood =  -5668.288636998198
Edge derivatives =  [3.272233176791453, 0.8207098043924302, 7.236039597139603, 3.669534684197574]
other derivatives: [15.4927875  16.71623977 30.83150659 -1.36069502  3.86526153 -1.10894689]
Current x array =  [-0.7628687  -1.02713181 -0.55059758  0.45531835 -2.53703493 -1.04180014
 -0.88951624 -1.48263109 -0.01315103 -0.65942034]
log likelihood =  -5667.747876062338
Edge derivatives =  [2.0734502310275222, -0.2515357182072409, 3.515408470372793, 2.651367223348708]
other derivatives: [ 2.49565346 -8.30950739  6.71489033  0.05657057  1.98961061 -0.53914846]
Current x array =  [-0.75920093 -0.99493289 -0.53882416  0.45337178 -2.54507742 -1.06362284
 -0.88629155 -1.43363774  0.00920448 -0.657619  ]
log likelihood =  -5667.628371587316
Edge derivatives =  [1.7600323245712157, 0.9509984859584475, 2.479971120469426, 1.7466654760325118]
other derivatives: [-0.47639332 -2.66791176 -1.84008968 -0.52386895  1.65546226 -0.48894435]
Current x array =  [-0.75766257 -1.00347249 -0.53446346  0.46125831 -2.55320027 -1.06172054
 -0.86317749 -1.50032783  0.02078007 -0.64699885]
log likelihood =  -5667.592169237706
Edge derivatives =  [1.019179364502682, 0.19042462156824264, 1.0906054352829526, 0.47044054629864435]
other derivatives: [-0.20490916  0.76133801 -5.17502485 -0.34133336 -0.42955435 -0.80244718]
Current x array =  [-0.75804662 -1.00866921 -0.5325365   0.46406239 -2.55093378 -1.06095556
 -0.86336607 -1.4670949   0.02735575 -0.64010182]
log likelihood =  -5667.588394823444
Edge derivatives =  [0.5062200533456023, 0.16266520197450307, -0.5338823176440515, 0.27844420088215177]
other derivatives: [-8.05175659  1.05828803 -0.16298145  0.65720087 -1.20762707 -0.13151293]
Current x array =  [-0.75467935 -1.00978605 -0.53451611  0.45870669 -2.55259721 -1.0780745
 -0.85908032 -1.46941286  0.03497354 -0.64033257]
log likelihood =  -5667.572772753811
Edge derivatives =  [0.5917514347959538, 0.19069414534684911, -0.3780757883398731, 0.523466150545169]
other derivatives: [-1.33786671  0.57307261 -2.39097062  0.57571015 -0.76488504 -0.18480932]
Current x array =  [-0.75774622 -1.00895709 -0.53333009  0.45842305 -2.55510362 -1.07643533
 -0.85695118 -1.46835182  0.03658091 -0.641793  ]
log likelihood =  -5667.5703169335975
Edge derivatives =  [0.5475052905666291, 0.16599541028163753, -0.4731278351742461, 0.4514107784016514]
other derivatives: [-0.16370905  0.38526196 -1.664921    0.49121809 -0.66538632 -0.16952981]
Current x array =  [-0.7582717  -1.00874754 -0.53352286  0.45879234 -2.55626238 -1.07676232
 -0.85622215 -1.46726631  0.03769348 -0.64107275]
log likelihood =  -5667.5669699265145
Edge derivatives =  [0.4247328013390513, 0.11242671614764267, -0.6273213689995241, 0.21285796732982737]
other derivatives: [ 0.83682608  0.05329639 -0.01928129  0.21918822 -0.3603418  -0.13624231]
Current x array =  [-0.75868667 -1.00850955 -0.53395423  0.46046204 -2.5595424  -1.07748359
 -0.85425976 -1.46536003  0.04017294 -0.63856794]
log likelihood =  -5667.565698811304
Edge derivatives =  [0.34945896980737945, 0.0775258517528792, -0.5105385416982486, 0.07944276396121608]
other derivatives: [ 0.53751137 -0.02692104  0.35124685  0.04447429 -0.1369699  -0.13205863]
Current x array =  [-0.75851794 -1.0085206  -0.53401261  0.46168551 -2.56117874 -1.07750162
 -0.85312059 -1.46426892  0.04045866 -0.63711356]
log likelihood =  -5667.564447732788
Edge derivatives =  [0.20153312564880238, 0.02168438806874011, -0.16287140793215799, -0.030332444592708285]
other derivatives: [ 0.17935236 -0.0779437   0.01909939 -0.01236913  0.10832082 -0.05929905]
Current x array =  [-0.75834623 -1.00854148 -0.53381716  0.46211286 -2.5624534  -1.07920116
 -0.85124279 -1.46252531  0.03946433 -0.63605198]
log likelihood =  -5667.564120459627
Edge derivatives =  [0.03560376582885044, 0.024018041645947313, -0.04685799896304346, -0.13373031806035224]
other derivatives: [-3.59432306e-01  3.18323146e-03  1.85082172e-01  1.81898940e-04
 -2.91038305e-03 -4.72937245e-03]
Current x array =  [-0.75810506 -1.008661   -0.53392093  0.46216444 -2.56177072 -1.08003633
 -0.84908562 -1.46475399  0.03839807 -0.63575892]
log likelihood =  -5667.564011556348
Edge derivatives =  [0.028741319587342606, 0.002099936251548959, 0.062113834922866595, -0.07628838029849094]
other derivatives: [-0.05047696 -0.02355591 -0.13487806  0.02955858  0.03392415 -0.00209184]
Current x array =  [-0.75825337 -1.00858821 -0.53380118  0.46190674 -2.56161891 -1.08010146
 -0.84900266 -1.46352571  0.03785675 -0.63635794]
log likelihood =  -5667.563986676794
Edge derivatives =  [0.027436916640584785, 0.004753754984103464, 0.0393405313450291, -0.05651105698891756]
other derivatives: [ 0.0343789   0.0077307  -0.06129994  0.04110916  0.01318767  0.00254659]
Current x array =  [-0.75829261 -1.00862245 -0.53383401  0.46182217 -2.56150019 -1.08018823
 -0.84892293 -1.46365193  0.03791791 -0.63660457]
log likelihood =  -5667.563964451497
Edge derivatives =  [0.014742419935908802, 0.0067673513681306835, 0.008700151659076033, -0.03603944242255913]
other derivatives: [ 0.09913492  0.00973159 -0.01045919  0.04147296 -0.01455192  0.00727596]
Current x array =  [-0.75832448 -1.00862417 -0.53385153  0.46184695 -2.56139467 -1.08023655
 -0.84860836 -1.46386617  0.0380388  -0.63692273]
log likelihood =  -5667.563948470437
Edge derivatives =  [0.010446857170574253, 0.006960721431217204, 0.008046695193202225, -0.007405738339574586]
other derivatives: [ 0.09531504  0.00327418  0.0687578   0.01582521 -0.01045919  0.00291038]
Current x array =  [-0.75831772 -1.00861378 -0.53388288  0.46203573 -2.56135124 -1.08002896
 -0.84836136 -1.46393141  0.03804569 -0.63726891]
log likelihood =  -5667.563942988179
Edge derivatives =  [-0.004261570264056769, 0.00630958505302151, -0.011415842159423456, -0.0034460823962074727]
other derivatives: [ 0.05638867 -0.0170985  -0.05384209 -0.00400178 -0.01564331 -0.0007276 ]
Current x array =  [-0.75830316 -1.00860525 -0.53381489  0.46225263 -2.56147323 -1.07990913
 -0.8479597  -1.46401991  0.03825539 -0.63738122]
      fun: 5667.563942988179
 hess_inv: <10x10 LbfgsInvHessProduct with dtype=float64>
      jac: array([-0.05638867,  0.0170985 ,  0.05384209,  0.00400178,  0.01564331,
        0.0007276 ,  0.00426157, -0.00630959,  0.01141584,  0.00344608])
  message: b'CONVERGENCE: REL_REDUCTION_OF_F_<=_FACTR*EPSMCH'
     nfev: 44
      nit: 38
   status: 0
  success: True
        x: array([-0.75830316, -1.00860525, -0.53381489,  0.46225263, -2.56147323,
       -1.07990913, -0.8479597 , -1.46401991,  0.03825539, -0.63738122])
