number of sites to be analyzed:  491
log likelihood =  6482.388389404638
Lr derivatives =  [-215.39592820324927, -475.66247551137644, -271.94926008851706]
other derivatives =  [-21.27762855 -25.43620212  10.50902938  25.67121555 413.87702368
  28.95712896]
Current x_clock array =  [-0.79016962 -0.94651552 -0.66544594  0.74193734 -0.10536052 -0.51082562
 -0.51082562 -0.51082562 -0.51082562]
log likelihood =  6143.107935335089
Lr derivatives =  [96.16463472460869, -283.5235298327441, -173.90513738893875]
other derivatives =  [ -24.13726179   -5.39512257 -123.57877495   19.72612154  292.05803003
   41.93798304]
Current x_clock array =  [-0.78858905 -0.9446011  -0.68788702  0.68711878 -0.98915759 -0.57266096
 -0.05086704 -0.5097348  -0.5097348 ]
log likelihood =  5883.614255289854
Lr derivatives =  [-44.510289459049936, -224.69549586268928, -101.64105823411569]
other derivatives =  [ 48.1256393   35.60699042 545.25044106  13.5351911   16.86812539
  38.71655281]
Current x_clock array =  [-0.74835565 -0.95864512 -0.37802885  0.59169774 -2.45872651 -0.73247182
  0.05624831 -0.33541688 -0.37814688]
log likelihood =  5846.909450417737
Lr derivatives =  [-12.60748771276177, -141.91490478257518, 9.476521669314408]
other derivatives =  [ -79.77487257    5.81203494 -368.85339796   41.22266546  -82.75283108
   29.75884854]
Current x_clock array =  [-0.77671866 -1.00350767 -0.73627339  0.54853312 -2.92475664 -0.83074986
 -0.00655425 -0.07869426 -0.24090323]
log likelihood =  5793.956170620627
Lr derivatives =  [9.0574553792271, -131.06011017908975, 10.429452961566525]
other derivatives =  [  -3.58304533    5.87779141 -182.54040697   26.89257599  -30.03187885
   35.85219019]
Current x_clock array =  [-0.75248684 -1.00057817 -0.62302064  0.55210371 -2.65012913 -0.81409958
 -0.05796726 -0.04089981 -0.25017909]
log likelihood =  5778.44656008587
Lr derivatives =  [12.000205392928404, -126.4593174016539, 6.1772058542712855]
other derivatives =  [-39.80248948  -1.53731889  89.31156117  15.35845513   6.39101927
  37.78159225]
Current x_clock array =  [-0.77851602 -1.00466984 -0.503277    0.53808997 -2.47200128 -0.84011686
 -0.11243036  0.         -0.26178647]
log likelihood =  5775.719959871539
Lr derivatives =  [10.571219897183465, -127.52862183961274, 6.4651620398486145]
other derivatives =  [ 2.31475497 -0.26338967  5.54928192 16.33225111 -1.9309482  36.10048225]
Current x_clock array =  [-0.75654405 -1.00471653 -0.53700598  0.53093417 -2.50294052 -0.85519899
 -0.11452121  0.         -0.25895392]
log likelihood =  5774.48505185132
Lr derivatives =  [6.1125611062978535, -131.12284023589868, 2.591662002965137]
other derivatives =  [10.31321517 -1.07738742 -6.84985935 15.2602297  -3.98576958 34.29477147]
Current x_clock array =  [-0.75243866 -1.00504486 -0.54354834  0.51844123 -2.49952754 -0.88226347
 -0.12625023  0.         -0.26066649]
log likelihood =  5768.233618047163
Lr derivatives =  [-21.655608316229973, -152.6028309897677, -18.617352248374054]
other derivatives =  [ 21.12446964  -5.34200808 -42.41410352   4.29008651  -8.35334504
  22.95491868]
Current x_clock array =  [-0.74652559 -1.00269418 -0.56959063  0.4191904  -2.44079816 -1.10321461
 -0.20703102  0.         -0.26270366]
log likelihood =  5764.365255749262
Lr derivatives =  [-17.850720378395984, -147.2816874717547, -0.07197931450667738]
other derivatives =  [ 29.84570528   0.87829903 -41.59192031  -6.69160727  -2.10702638
  16.92387741]
Current x_clock array =  [-0.74491386 -0.99197481 -0.57305379  0.34524212 -2.40193209 -1.30807224
 -0.23164348  0.         -0.22692892]
log likelihood =  5761.4640190260325
Lr derivatives =  [-16.96324490036128, -146.92823580612117, -28.259459024259037]
other derivatives =  [-78.25528883  -9.24628694 -40.75845936 -15.8525836   -4.86870704
   6.882874  ]
Current x_clock array =  [-0.7964652  -1.00341251 -0.56776114  0.27124323 -2.41996294 -1.73740179
 -0.20871568  0.         -0.25089451]
log likelihood =  5758.567311071147
Lr derivatives =  [-2.3553468286037997, -134.43071383602006, -8.813546336736628]
other derivatives =  [ -7.79464244  -0.54569682  13.22805474 -21.32765076   1.58706825
   5.80857886]
Current x_clock array =  [-0.7661507  -0.9976739  -0.54249629  0.25843091 -2.42407048 -1.86797439
 -0.19137442  0.         -0.22749827]
log likelihood =  5758.020134345488
Lr derivatives =  [6.043327410586769, -127.62148357632832, -1.3015163396260618]
other derivatives =  [ -0.10450094   1.27374733  14.6860657  -20.2308911    2.00388968
   5.17884473]
Current x_clock array =  [-0.76295468 -0.99813355 -0.53982148  0.26874943 -2.43774749 -1.92777156
 -0.17564823  0.         -0.22085444]
log likelihood =  5756.7847758902935
Lr derivatives =  [14.244970459932818, -119.77923604134294, 5.151811764607302]
other derivatives =  [  9.25538188   1.31603883  13.57966539 -14.43168003  -0.59335434
   3.46844899]
Current x_clock array =  [-0.75813166 -1.0031271  -0.53608701  0.31313227 -2.46673021 -2.10456472
 -0.15312218  0.         -0.21412943]
log likelihood =  5755.285716596769
Lr derivatives =  [13.164838502797432, -118.67737209567599, 8.264474619184703]
other derivatives =  [11.18687578  1.66628524 10.02017598 -3.72629074  1.86500984  1.98006092]
Current x_clock array =  [-0.75560208 -1.00348631 -0.53614706  0.39188854 -2.43379618 -2.36765002
 -0.16625564  0.         -0.20560162]
log likelihood =  5755.10118614803
Lr derivatives =  [-15.329220165384655, -136.09040715171906, -11.917954233562185]
other derivatives =  [ 8.01283022  0.69840098 30.62586984  2.93657649 -8.94851837  0.81281541]
Current x_clock array =  [-0.75481441 -1.00297043 -0.52818752  0.42836826 -2.44294767 -2.68469458
 -0.2015628   0.         -0.21303199]
log likelihood =  5754.614425519521
Lr derivatives =  [-3.2450989628441786, -127.52051479918947, 2.0949386232114193]
other derivatives =  [-2.67327778  0.44610715  2.72357283  3.20387699 -2.25963959  0.81936378]
Current x_clock array =  [-0.75966192 -1.00267348 -0.53993417  0.42811575 -2.41377526 -2.72404565
 -0.19918023  0.         -0.20086794]
log likelihood =  5754.526022443182
Lr derivatives =  [-1.2394643722896066, -126.16251138703261, 2.511224143747249]
other derivatives =  [-2.49292498 -0.01055014 -0.54797056  1.73567969 -0.70558599  0.65056156]
Current x_clock array =  [-0.75982913 -1.00298472 -0.54173567  0.41847791 -2.40638655 -2.80177971
 -0.20027729  0.         -0.19980392]
log likelihood =  5754.423867367808
Lr derivatives =  [-0.16509057198438626, -125.37111642892413, -0.7445415430791584]
other derivatives =  [ 0.17089405 -0.09058567 -3.76530807 -0.12969394  0.55488272  0.27775968]
Current x_clock array =  [-0.75889562 -1.0028203  -0.54366453  0.40607234 -2.39818033 -3.01507675
 -0.20321898  0.         -0.20076979]
log likelihood =  5754.444968174925
Lr derivatives =  [2.229216426190922, -122.38401696890341, 5.660347281984947]
other derivatives =  [-8.83374014 -0.91586116  7.30487955 -1.33550202  2.51666279  0.13260433]
Current x_clock array =  [-0.76350304 -1.00375785 -0.53859899  0.39982471 -2.39129333 -3.22425762
 -0.20351677  0.         -0.19308142]
log likelihood =  5754.408484638726
Lr derivatives =  [0.777166423743048, -124.18976459253719, 1.68197485190462]
other derivatives =  [-3.36704034 -0.40918167  0.52295945 -0.60163075  1.31776687  0.21063897]
Current x_clock array =  [-0.76070018 -1.0031875  -0.54168054  0.40362537 -2.39548294 -3.0970054
 -0.20333561  0.         -0.19775853]
log likelihood =  5754.386402180591
Lr derivatives =  [0.019129798825735733, -124.4233585314234, 0.33708154078415475]
other derivatives =  [-0.92477421 -0.32150638  0.188993   -0.39799488  0.73132469  0.09877112]
Current x_clock array =  [-0.7594953  -1.00327133 -0.54176622  0.4047294  -2.39673685 -3.20913493
 -0.20450366  0.         -0.19790354]
log likelihood =  5754.378802957768
Lr derivatives =  [-0.16512367572912856, -124.22443528714967, -0.14537718685894419]
other derivatives =  [ 0.02437446  0.17653292  0.12150849 -0.05547918  0.10077201  0.02310117]
Current x_clock array =  [-0.75899575 -1.00290648 -0.54154919  0.40675086 -2.39942117 -3.30725596
 -0.20427075  0.         -0.1976365 ]
log likelihood =  5754.378720465381
Lr derivatives =  [-0.2860921430941694, -124.14747029509692, -0.05428958304939613]
other derivatives =  [-0.35624907 -0.76270226 -0.26029738  0.02946763 -0.15106707  0.00291038]
Current x_clock array =  [-0.7590854  -1.00424586 -0.54159898  0.40716875 -2.4006568  -3.34225715
 -0.2041241   0.         -0.19728146]
log likelihood =  5754.378325925058
Lr derivatives =  [0.08753395573839273, -123.89874634336388, 0.15820492825155696]
other derivatives =  [ 5.12955012e-01 -2.51020538e-02  2.40652298e-01 -1.72803993e-03
  3.92901711e-02  9.09494702e-05]
Current x_clock array =  [-0.75876358 -1.00332257 -0.54139032  0.40726104 -2.40009156 -3.34796728
 -0.20389906  0.         -0.19713368]
log likelihood =  5754.378243945779
Lr derivatives =  [-0.02972031316214374, -124.00027087996291, -0.0376604901848836]
other derivatives =  [-0.05748007  0.04347385  0.00163709  0.0007276  -0.01000444  0.0007276 ]
Current x_clock array =  [-0.75901325 -1.00317998 -0.54150177  0.4070839  -2.40009969 -3.34452381
 -0.20401764  0.         -0.19731727]
log likelihood =  5754.378239899002
Lr derivatives =  [-0.007251726823536586, -123.97813761303578, 0.000317490963361422]
other derivatives =  [ 0.00363798  0.0005457   0.00691216 -0.00109139 -0.00381988  0.0001819 ]
Current x_clock array =  [-0.75898484 -1.00324558 -0.54149603  0.40709569 -2.40010815 -3.34593737
 -0.20399481  0.         -0.19727614]
      fun: 5754.378239899002
 hess_inv: <9x9 LbfgsInvHessProduct with dtype=float64>
      jac: array([ 3.63797881e-03,  5.45696821e-04,  6.91215973e-03, -1.09139364e-03,
       -3.81987775e-03,  1.81898940e-04, -7.25172682e-03, -1.23978138e+02,
        3.17490963e-04])
  message: b'CONVERGENCE: REL_REDUCTION_OF_F_<=_FACTR*EPSMCH'
     nfev: 27
      nit: 25
   status: 0
  success: True
        x: array([-0.75898484, -1.00324558, -0.54149603,  0.40709569, -2.40010815,
       -3.34593737, -0.20399481,  0.        , -0.19727614])
