number of sites to be analyzed:  63
log likelihood =  478.17120778393917
Lr derivatives =  [32.86757924188493, -4.036156746850452, 0.0]
other derivatives =  [ 8.8976492  -1.03116804 11.15193982 -3.93502546 35.43389084  2.25384156]
Current x_clock array =  [-0.64058485 -0.60848126 -0.55738115  0.74193734 -0.10536052 -0.51082562
 -0.51082562 -0.51082562 -0.51082562]
log likelihood =  450.2962669587463
Lr derivatives =  [-3.6899625704218657, -11.639369286890169, 2.6645352591003757e-15]
other derivatives =  [-32.58433594   0.79907068 -18.88091674  -0.9209316   27.61946121
   2.05928359]
Current x_clock array =  [-0.81642259 -0.5974444  -0.77776879  0.81970238 -0.80561461 -0.55536665
 -1.16036358 -0.50073055 -0.51082562]
log likelihood =  432.29025552296724
Lr derivatives =  [-18.926133721293663, -13.471932974648235, 1.7763568394002505e-15]
other derivatives =  [37.90001415 -1.29898012 -9.32803914  2.41765292 17.6361084   1.51646304]
Current x_clock array =  [-0.53928344 -0.60025822 -0.70227395  0.88694611 -1.65039908 -0.6128458
 -1.58110683 -0.35569467 -0.51082562]
log likelihood =  422.1837941737743
Lr derivatives =  [-21.646143941633696, -11.773818086942494, -3.552713678800501e-15]
other derivatives =  [-1.30325475  0.37586005 -0.62697723  2.90027629 11.94348442  1.42428576]
Current x_clock array =  [-0.65130093 -0.59358166 -0.60988026  0.90318025 -2.15542602 -0.64918543
 -1.65966075 -0.20583595 -0.51082562]
log likelihood =  413.05433848558994
Lr derivatives =  [-19.920954373921386, -7.409053646686308, 3.552713678800501e-15]
other derivatives =  [-6.60542128  2.03864943 15.98849053  3.03834327  6.91637183  1.39270924]
Current x_clock array =  [-0.67450095 -0.59170635 -0.49083052  0.89975744 -2.82832913 -0.70234622
 -1.57511824  0.         -0.51082562]
log likelihood =  402.4601698917054
Lr derivatives =  [-8.69277767297671, -4.3160022536206135, -3.1086244689504383e-15]
other derivatives =  [-14.67994366   0.471357   -13.27326231   3.5976143    3.33241701
   1.4355237 ]
Current x_clock array =  [-0.69826727 -0.6290409  -0.66448691  0.84467998 -3.66386713 -0.78363996
 -1.14060119  0.         -0.51082562]
log likelihood =  397.42266936416854
Lr derivatives =  [-0.800915516292595, -1.9367729730068457, 8.881784197001252e-16]
other derivatives =  [-6.99407678  0.56752469 -7.2830403   2.27801138  1.91669756  1.27456588]
Current x_clock array =  [-0.66844317 -0.65615748 -0.58808834  0.75541337 -4.36177754 -0.86676411
 -0.76421184  0.         -0.51082562]
log likelihood =  396.17890332342625
Lr derivatives =  [0.7445704665639346, -1.266956484490887, -2.4702462297909733e-15]
other derivatives =  [-0.09058567 -3.03156185  3.277205    1.18669163  1.05178515  1.06111884]
Current x_clock array =  [-0.64019326 -0.6959102  -0.52099369  0.65747778 -4.88823615 -0.95653609
 -0.60903746  0.         -0.51082562]
log likelihood =  395.85416432278583
Lr derivatives =  [1.6125282968304142, -0.9202443424273894, 3.0531133177191805e-15]
other derivatives =  [2.80152221 0.6869584  1.26382247 0.95234896 0.60612706 0.86917566]
Current x_clock array =  [-0.62825581 -0.67357835 -0.53016275  0.60853959 -5.19264474 -1.00960979
 -0.55818378  0.         -0.51082562]
log likelihood =  395.65456153012366
Lr derivatives =  [1.5897133213317882, -0.8458048243000553, -3.83026943495679e-15]
other derivatives =  [ 2.59951776 -0.66605708 -0.67658448  0.72438979  0.20698394  0.74178388]
Current x_clock array =  [-0.62743274 -0.68427069 -0.54051508  0.55315783 -5.50363052 -1.07105779
 -0.54525946  0.         -0.51082562]
log likelihood =  395.4944629318834
Lr derivatives =  [1.0746296119810148, -0.8475553946317715, -3.7192471324942744e-15]
other derivatives =  [ 0.71437967  2.13736939  0.06924665  0.3911282  -0.1143178   0.6304731 ]
Current x_clock array =  [-0.63528239 -0.66153037 -0.53954726  0.47694701 -5.79270777 -1.15477136
 -0.58455138  0.         -0.51082562]
log likelihood =  395.4282925022751
Lr derivatives =  [0.09466314832840772, -1.0733399622380675, -2.220446049250313e-16]
other derivatives =  [-0.43348223 -0.05225615 -0.08292318  0.18988544 -0.22446898  0.6252094 ]
Current x_clock array =  [-0.63931529 -0.6726602  -0.54373726  0.43721836 -5.89096636 -1.20293965
 -0.63357806  0.         -0.51082562]
log likelihood =  395.41336007819785
Lr derivatives =  [-0.24744009373705078, -1.1485636178294696, 9.992007221626409e-16]
other derivatives =  [-0.40175223 -0.14514967  0.08163283  0.13251338 -0.22170639  0.62264007]
Current x_clock array =  [-0.63937143 -0.67181488 -0.54420049  0.42729429 -5.87277201 -1.22006642
 -0.65317032  0.         -0.51082562]
log likelihood =  395.3688014479964
Lr derivatives =  [-0.6586193125641765, -1.1597339928599961, 2.1094237467877974e-15]
other derivatives =  [-1.92469543 -0.48735842  0.63069479 -0.09355858 -0.15429578  0.5695199 ]
Current x_clock array =  [-0.64536706 -0.67193691 -0.54297583  0.39577401 -5.76968928 -1.29356927
 -0.67947265  0.         -0.51082562]
log likelihood =  395.3181570590242
Lr derivatives =  [-1.1284041026655276, -1.10831352875753, -2.3314683517128287e-15]
other derivatives =  [ 1.14438876 -0.32525804  0.47663775 -0.41065391 -0.00231921  0.46734385]
Current x_clock array =  [-0.63406414 -0.66874366 -0.54783621  0.34477215 -5.58338454 -1.43234802
 -0.71506999  0.         -0.51082562]
log likelihood =  395.2795314755273
Lr derivatives =  [-0.5468101968165126, -0.8486806028688276, -3.1086244689504383e-15]
other derivatives =  [-0.27812916 -0.21202595  0.44793751 -0.52335736  0.08220127  0.40178065]
Current x_clock array =  [-0.63923988 -0.66958465 -0.54647667  0.32937669 -5.51794457 -1.49705984
 -0.69248282  0.         -0.51082562]
log likelihood =  395.2528961088031
Lr derivatives =  [0.16420776195616626, -0.5367715841768201, 2.6367796834847468e-15]
other derivatives =  [-0.23256916  0.05555307 -0.01483613 -0.60203433  0.08938628  0.3194657 ]
Current x_clock array =  [-0.63874714 -0.67039489 -0.54736733  0.31174705 -5.53731435 -1.57712341
 -0.66178176  0.         -0.51082562]
log likelihood =  395.22945016043195
Lr derivatives =  [0.37176140932144974, -0.38285535199586773, -1.3209919269563386e-15]
other derivatives =  [-0.02926868  0.10596182  0.12885835 -0.60505272  0.07829613  0.26302018]
Current x_clock array =  [-0.63801588 -0.67109353 -0.54585508  0.31080388 -5.55341988 -1.66227143
 -0.65378427  0.         -0.51082562]
log likelihood =  395.3081477473705
Lr derivatives =  [1.2667789148072386, 0.30636521925661575, -1.1657341758564144e-15]
other derivatives =  [-2.66700226  1.89189109 -7.4833622  -0.0910461   0.11390853  0.06848495]
Current x_clock array =  [-0.64729672 -0.65940982 -0.58841329  0.36286198 -5.48595622 -2.21794325
 -0.6683986   0.         -0.51082562]
log likelihood =  395.20009574886774
Lr derivatives =  [0.6778894741852001, -0.13453047070231372, -1.6653345369377348e-15]
other derivatives =  [-0.90878984  0.70519377 -2.52328505 -0.43406203  0.08964207  0.17428761]
Current x_clock array =  [-0.64109122 -0.66722197 -0.55995734  0.32805406 -5.53106486 -1.84640105
 -0.65862694  0.         -0.51082562]
log likelihood =  395.1223357231344
Lr derivatives =  [0.6340913665139335, 0.10051526940708233, -2.248201624865942e-15]
other derivatives =  [ 5.45696821e-04  3.13025339e-01 -9.74625891e-01 -2.97922043e-01
  3.24121174e-02  9.28935151e-02]
Current x_clock array =  [-0.6383109  -0.67101241 -0.54995164  0.35824419 -5.5759624  -2.15823218
 -0.66293957  0.         -0.51082562]
log likelihood =  395.0696740565382
Lr derivatives =  [0.12442472152592537, 0.16842899763977537, -3.927413949611491e-15]
other derivatives =  [ 0.22586732 -0.04180833  0.21254323 -0.06700702  0.00763407  0.04941967]
Current x_clock array =  [-6.38338815e-01 -6.72272170e-01 -5.43395711e-01  4.02790395e-01
 -5.56692373e+00 -2.60212890e+00 -6.92352486e-01 -2.12540862e-03
 -5.10825624e-01]
log likelihood =  395.0542441539583
Lr derivatives =  [-0.17100257201343785, 0.09721465948165844, 3.445160823289939e-15]
other derivatives =  [ 0.0064972  -0.0042121   0.33866172  0.07606786  0.00172804  0.0349246 ]
Current x_clock array =  [-0.63956944 -0.67089665 -0.54284179  0.42504869 -5.55240196 -2.95302917
 -0.70834566 -0.01165697 -0.51082562]
log likelihood =  395.05643824511367
Lr derivatives =  [-0.4060614380845246, -0.21448920332752272, -4.218847493575595e-15]
other derivatives =  [-0.13356498 -2.02165893 -0.2180343   0.13359909  0.0045361   0.02644924]
Current x_clock array =  [-0.63966531 -0.68498633 -0.5458646   0.43096989 -5.54067043 -3.41536315
 -0.70818788 -0.0399073  -0.51082562]
log likelihood =  395.0498908450311
Lr derivatives =  [-0.26755981658559536, -0.03022527914639414, -1.817990202823694e-15]
other derivatives =  [-0.05570087 -0.91754373  0.08408279  0.10171561  0.00285922  0.03055334]
Current x_clock array =  [-0.63961248 -0.67722282 -0.54419901  0.42770727 -5.54713458 -3.16061407
 -0.70827482 -0.02434118 -0.51082562]
log likelihood =  395.04034117160796
Lr derivatives =  [-0.29149469705269415, -0.13318357321632518, -7.494005416219807e-16]
other derivatives =  [-0.11653469 -0.41721364  0.11667112  0.14694592  0.00655973  0.022618  ]
Current x_clock array =  [-0.64010089 -0.67327455 -0.5439667   0.43249483 -5.53691065 -3.50757756
 -0.70954639 -0.03894202 -0.51082562]
log likelihood =  395.0318829701031
Lr derivatives =  [-0.16082539736597612, -0.21108560513490232, 4.0245584642661925e-16]
other derivatives =  [-0.31049012  0.04754384  0.12572059  0.0907221   0.01529088  0.01488161]
Current x_clock array =  [-0.64092571 -0.67001557 -0.54382139  0.42134056 -5.52982755 -3.95207915
 -0.70289297 -0.0559377  -0.51082562]
log likelihood =  395.02920262675275
Lr derivatives =  [-0.028722540316191862, -0.21252443238462593, -2.400857290751901e-15]
other derivatives =  [ 0.82124529  0.28952627 -0.1386411   0.04907861  0.02600586  0.00991349]
Current x_clock array =  [-0.63665172 -0.66878832 -0.54552643  0.41141694 -5.52350921 -4.33103949
 -0.69772557 -0.06396852 -0.51082562]
log likelihood =  395.02654414293755
Lr derivatives =  [0.0753820149618227, -0.1881649121799682, -1.0824674490095276e-15]
other derivatives =  [ 0.11697807  0.18950459  0.03575451 -0.0025409   0.0253749   0.0080604 ]
Current x_clock array =  [-0.63922903 -0.66969953 -0.54420585  0.40450963 -5.52814277 -4.51335926
 -0.69198928 -0.06702139 -0.51082562]
log likelihood =  395.02519378180733
Lr derivatives =  [0.09883476100565243, -0.15691779451332022, -2.112893193739751e-15]
other derivatives =  [-0.04150706  0.09363248  0.09367795 -0.0124146   0.02344791  0.0066791 ]
Current x_clock array =  [-0.63980527 -0.67046169 -0.54378064  0.40359044 -5.53075367 -4.66519337
 -0.69119594 -0.06618279 -0.51082562]
log likelihood =  395.0216622857005
Lr derivatives =  [0.10509922999784133, -0.04815516679536083, -1.1102230246251565e-15]
other derivatives =  [-0.2141519  -0.08278107  0.14349553 -0.01213607  0.01659259  0.00352429]
Current x_clock array =  [-0.64044302 -0.67178832 -0.5434123   0.4049872  -5.53661322 -5.19477614
 -0.69355526 -0.05973601 -0.51082562]
log likelihood =  395.01952530572186
Lr derivatives =  [0.07169279937619186, 0.011194123380664243, 1.547373340571312e-15]
other derivatives =  [-0.23003395 -0.03744276 -0.16887043  0.00079012  0.00962359  0.00179057]
Current x_clock array =  [-0.64046701 -0.67127003 -0.54530995  0.40591774 -5.54040397 -5.80622713
 -0.69838715 -0.05517032 -0.51082562]
log likelihood =  395.01912166231693
Lr derivatives =  [-0.12850319777830338, -0.017247783677464462, -2.1441182163073336e-15]
other derivatives =  [ 0.27931719 -0.1390049   0.49450364 -0.00975433  0.00218279  0.00069917]
Current x_clock array =  [-0.63874653 -0.6715735  -0.54218725  0.40667834 -5.54358377 -6.80195455
 -0.70572837 -0.05294149 -0.51082562]
log likelihood =  395.0181474479013
Lr derivatives =  [-0.051159388938084825, -0.0015148285382611745, -2.9819896552041314e-15]
other derivatives =  [ 0.06340315 -0.0207649   0.05153993 -0.01132321  0.00304681  0.00065938]
Current x_clock array =  [-0.63944942 -0.67080124 -0.54452354  0.40443837 -5.54370639 -6.83688862
 -0.70390909 -0.05387419 -0.51082562]
log likelihood =  395.0180082259483
Lr derivatives =  [-0.041959600366593075, -0.0037436298807965035, 3.094746681142624e-15]
other derivatives =  [ 0.00680416  0.00440536 -0.02216893 -0.01724629  0.00231921  0.00051728]
Current x_clock array =  [-0.63964004 -0.67060289 -0.54494418  0.40307236 -5.54458074 -7.06199627
 -0.70366226 -0.0544878  -0.51082562]
log likelihood =  395.0178602187891
Lr derivatives =  [-0.03302879333506335, -0.003331119799071646, -2.534430998402115e-15]
other derivatives =  [-0.0391708   0.01753051 -0.043417   -0.02619913  0.00077307  0.00035243]
Current x_clock array =  [-0.63979777 -0.67050846 -0.54507074  0.40146187 -5.54653427 -7.46816293
 -0.70326487 -0.0549816  -0.51082562]
log likelihood =  395.0176891676794
Lr derivatives =  [-0.011330907374961221, 0.009433349560919757, -1.5038968334546432e-15]
other derivatives =  [-0.02568186 -0.00268869 -0.04195044 -0.0274099  -0.00144951  0.00019895]
Current x_clock array =  [-0.63973408 -0.67075076 -0.54499823  0.4012901  -5.54959441 -8.03525996
 -0.7023208  -0.05479145 -0.51082562]
log likelihood =  395.01789548525653
Lr derivatives =  [0.005261276121908384, 0.003749316062149931, -2.961606654361404e-15]
other derivatives =  [-7.53061613e-02  2.75451839e-01  1.93062988e-01 -1.11924692e-02
 -4.96811481e-03  6.82121026e-05]
Current x_clock array =  [-0.64006066 -0.66883512 -0.54355044  0.40440674 -5.55299214 -9.01268967
 -0.70148988 -0.05590359 -0.51082562]
log likelihood =  395.0176360444245
Lr derivatives =  [-0.006037557954166277, 0.007883877809840005, 1.8002092871949316e-15]
other derivatives =  [-0.04107505  0.08344614  0.03068976 -0.02239631 -0.00255227  0.00013642]
Current x_clock array =  [-0.63983536 -0.67015672 -0.54454927  0.40225657 -5.55064805 -8.33836091
 -0.70206314 -0.05513633 -0.51082562]
log likelihood =  395.017533292586
Lr derivatives =  [-0.003262198159352219, 0.01016298672304864, 1.3739009929736312e-15]
other derivatives =  [-9.82254278e-03  2.07251105e-02  1.92187599e-02 -1.49327661e-02
 -4.64410732e-03  7.95807864e-05]
Current x_clock array =  [-0.63970343 -0.670657   -0.54456065  0.40344476 -5.55292129 -8.86525974
 -0.70172302 -0.05501419 -0.51082562]
log likelihood =  395.01748812025426
Lr derivatives =  [-0.0022874678601667443, 0.004278550851341873, -2.0054487584464376e-15]
other derivatives =  [ 7.99786903e-03 -4.75210982e-03  1.41596956e-02 -5.04201125e-03
 -6.49720278e-03  3.41060513e-05]
Current x_clock array =  [-0.6396356  -0.67087359 -0.54453249  0.4049461  -5.55476076 -9.40073178
 -0.7013669  -0.05545001 -0.51082562]
log likelihood =  395.0174785617963
Lr derivatives =  [-0.0024957358939342303, -0.002442342185721331, -3.5362338057787213e-15]
other derivatives =  [ 1.15278453e-02 -1.42676981e-03  6.09361450e-03 -8.18545232e-04
 -6.51994014e-03  4.54747351e-05]
Current x_clock array =  [-0.63962481 -0.67085181 -0.54455978  0.40552066 -5.55468711 -9.53798962
 -0.7012197  -0.05593997 -0.51082562]
log likelihood =  395.0175017200531
Lr derivatives =  [-0.006790010291447948, -0.018986375546287352, 4.433953204596719e-15]
other derivatives =  [-8.19113666e-02 -2.99792191e-02  1.01067599e-02  1.38129508e-02
 -7.38396011e-03  2.84217094e-05]
Current x_clock array =  [ -0.63998296  -0.67104759  -0.54444034   0.40788754  -5.55511551
 -10.21283117  -0.70085979  -0.05698973  -0.51082562]
log likelihood =  395.0174744605855
Lr derivatives =  [-0.0036180242286267946, -0.006829379109320185, -2.061285170329441e-15]
other derivatives =  [-1.33979938e-02 -9.03810360e-03  7.15090209e-03  3.08091330e-03
 -6.74162948e-03  3.41060513e-05]
Current x_clock array =  [-0.63972032 -0.67090402 -0.54452793  0.40615186 -5.55480136 -9.71795512
 -0.70112372 -0.05621992 -0.51082562]
log likelihood =  395.0174720671326
Lr derivatives =  [1.149975809692583e-05, -0.008048149693992562, 4.330737157776099e-15]
other derivatives =  [ 1.24828148e-02  3.44471118e-03 -8.45830073e-03  5.30349098e-03
 -6.69615474e-03  3.41060513e-05]
Current x_clock array =  [-0.63962364 -0.67083017 -0.54460758  0.40637477 -5.55479229 -9.84116163
 -0.70098342 -0.05640793 -0.51082562]
log likelihood =  395.01746943866823
Lr derivatives =  [0.0009922431261896007, -0.007248479991113886, -4.0766001685454967e-16]
other derivatives =  [ 3.88808985e-03  4.14956958e-03 -1.08173026e-02  5.43991518e-03
 -6.57109922e-03  2.84217094e-05]
Current x_clock array =  [-0.63965558 -0.67082576 -0.54461626  0.4064029  -5.55466446 -9.88891652
 -0.70097157 -0.05637152 -0.51082562]
log likelihood =  395.01745677766644
Lr derivatives =  [0.003993649482610844, -0.00033863272949845574, -1.4738644332767947e-15]
other derivatives =  [-3.27190719e-02  4.17230694e-03 -1.07945652e-02  2.58069122e-03
 -5.29212230e-03  2.84217094e-05]
Current x_clock array =  [ -0.63979186  -0.67082067  -0.54461608   0.40607378  -5.55338506
 -10.02303478  -0.70106821  -0.05593236  -0.51082562]
log likelihood =  395.01743539607037
Lr derivatives =  [0.007640846849431515, 0.00490661283248206, -2.5136143166903935e-15]
other derivatives =  [-4.48835635e-02  3.16617843e-03 -3.35376171e-04  1.36424205e-03
 -2.51816346e-03  5.68434189e-06]
Current x_clock array =  [ -0.63984258  -0.67083247  -0.54455348   0.40605748  -5.55057471
 -10.66052381  -0.70109189  -0.05563415  -0.51082562]
log likelihood =  395.01743003392113
Lr derivatives =  [-0.0064097445558904936, -0.00393049106582497, 2.204833537966522e-15]
other derivatives =  [-1.00612851e-02 -1.26135546e-02  3.93924893e-02  1.21076482e-03
 -1.48929757e-03  1.13686838e-05]
Current x_clock array =  [ -0.63972283  -0.67091154  -0.54436857   0.40617262  -5.54925546
 -10.92075822  -0.70143308  -0.05592521  -0.51082562]
log likelihood =  395.01742120587085
Lr derivatives =  [-0.001915818189906757, -0.001059241488553349, 2.327782064326378e-15]
other derivatives =  [ 4.35420588e-03 -5.82645043e-03  1.44893875e-02  7.67386155e-04
 -1.70530257e-05  5.68434189e-06]
Current x_clock array =  [ -0.63966481  -0.67087029  -0.54451243   0.40601506  -5.54783114
 -11.2282041   -0.70142479  -0.05582293  -0.51082562]
log likelihood =  395.01741963396455
Lr derivatives =  [0.0011996897897785718, 0.0008391302562339312, 4.570671098547141e-15]
other derivatives =  [ 3.66071617e-03 -3.01270120e-04 -3.01270120e-04  6.48014975e-04
  5.40012479e-04  1.13686838e-05]
Current x_clock array =  [ -0.63966499  -0.67083511  -0.54459325   0.40594638  -5.54729648
 -11.35596475  -0.70139924  -0.05575968  -0.51082562]
log likelihood =  395.0174311205885
Lr derivatives =  [0.009524803849691663, 0.0057997670039190135, -1.2750217548429532e-16]
other derivatives =  [ 0.0108912   0.01575131 -0.04504841  0.00090949  0.00417231 -0.        ]
Current x_clock array =  [ -0.63963434  -0.67072693  -0.54484442   0.4058802   -5.54360183
 -12.32579855  -0.70142334  -0.05557955  -0.51082562]
log likelihood =  395.0174193806271
Lr derivatives =  [0.002878853217545607, 0.001843400305820679, -4.405980788546593e-15]
other derivatives =  [ 0.00511022  0.00293312 -0.00932232  0.00069349  0.00125624 -0.        ]
Current x_clock array =  [ -0.63965882  -0.67081333  -0.5446438    0.40593306  -5.54655285
 -11.5511648   -0.70140409  -0.05572342  -0.51082562]
      fun: 395.0174193806271
 hess_inv: <9x9 LbfgsInvHessProduct with dtype=float64>
      jac: array([ 5.11022336e-03,  2.93312041e-03, -9.32232069e-03,  6.93489710e-04,
        1.25623956e-03, -0.00000000e+00,  2.87885322e-03,  1.84340031e-03,
       -4.40598079e-15])
  message: b'CONVERGENCE: REL_REDUCTION_OF_F_<=_FACTR*EPSMCH'
     nfev: 53
      nit: 47
   status: 0
  success: True
        x: array([ -0.63965882,  -0.67081333,  -0.5446438 ,   0.40593306,
        -5.54655285, -11.5511648 ,  -0.70140409,  -0.05572342,
        -0.51082562])
