number of sites to be analyzed:  295
log likelihood =  3382.791932887696
Lr derivatives =  [14.548694361955882, -138.27497020256195, -82.01020869780211]
other derivatives =  [ 67.79810064 -18.92481123  25.39186426   5.62804416 270.0859568
   6.75699994]
Current x_clock array =  [-0.62395847 -0.8603163  -0.54080646  0.74193734 -0.10536052 -0.51082562
 -0.51082562 -0.51082562 -0.51082562]
log likelihood =  3188.2045732046136
Lr derivatives =  [-50.10066768573244, -154.69089849264745, -101.86930757672168]
other derivatives =  [-235.91419449  -10.30430212  -82.31118045   18.52986315  180.28949853
    7.9178335 ]
Current x_clock array =  [-0.8659743  -0.85742375 -0.63144665  0.72184717 -1.06947418 -0.53494578
 -0.56275944 -0.50900215 -0.50900215]
log likelihood =  2943.9075017845485
Lr derivatives =  [-66.34871071216448, -89.41579268619412, -41.69175379165928]
other derivatives =  [-80.22611837  20.65467015 -68.66612239  36.98237379  -0.6087248
  17.55929588]
Current x_clock array =  [-0.6888877  -0.84474316 -0.57961949  0.64513516 -3.05048    -0.59267879
 -0.52601501 -0.26191073 -0.33679129]
log likelihood =  2961.905385159505
Lr derivatives =  [71.0580511599777, 44.374942696690375, 63.31559570763272]
other derivatives =  [-142.24092411  -31.3408691   335.47407838    5.34669198   23.82462299
   21.98662514]
Current x_clock array =  [-0.75571781 -0.98073559 -0.32409385  0.41573607 -3.20800151 -0.71152293
 -0.19828287  0.         -0.1356817 ]
log likelihood =  2925.936071551053
Lr derivatives =  [-6.7939941333216725, -30.674130740408927, 4.017566529245208]
other derivatives =  [-101.82734513   -2.71666067   31.03250492   21.15630195    6.45627551
   21.9721187 ]
Current x_clock array =  [-0.71735467 -0.90267053 -0.47077572  0.54742026 -3.11757791 -0.64330167
 -0.38641414 -0.15034716 -0.2511266 ]
log likelihood =  2918.024255579688
Lr derivatives =  [18.512158146915134, -5.300485817408823, 16.86037150442346]
other derivatives =  [ 38.21560313   0.23151188 -16.97030712  17.14711289   3.42492967
  20.67367859]
Current x_clock array =  [-0.61740619 -0.91217767 -0.5148605   0.48593827 -3.24825086 -0.69533938
 -0.3506826  -0.06682425 -0.236185  ]
log likelihood =  2916.2466166394047
Lr derivatives =  [15.565037197405703, -4.968243278538244, 15.10186435403423]
other derivatives =  [11.8828666  -2.97177394 -1.44359547 15.52612048  0.06079972 19.74417501]
Current x_clock array =  [-0.63394632 -0.91681059 -0.50061044  0.46006314 -3.2999892  -0.72009606
 -0.35288745 -0.05088468 -0.24287692]
log likelihood =  2913.241050766338
Lr derivatives =  [10.213148142785816, -3.31400770424548, 8.47771609055345]
other derivatives =  [-12.51164576  -6.75790943  15.44140105  10.60452632  -6.30125214
  16.4537596 ]
Current x_clock array =  [-0.64993423 -0.92146136 -0.4877653   0.37715296 -3.40012491 -0.80556214
 -0.37045417  0.         -0.27483024]
log likelihood =  2910.9599890737095
Lr derivatives =  [0.4681440310189653, -11.451776629079252, -2.380215858728145]
other derivatives =  [-16.64511728  -3.90341484  15.15040822   6.67441782  -7.13162081
  13.49990271]
Current x_clock array =  [-0.65249464 -0.91071595 -0.491279    0.30938249 -3.38329432 -0.88802449
 -0.40237146  0.         -0.30738803]
log likelihood =  2908.1142153722844
Lr derivatives =  [-4.16451957001218, -16.557602939491858, -11.873880032067799]
other derivatives =  [-25.36194188  -0.60667844  -7.32593435  -2.27591954  -2.71029421
   8.67694325]
Current x_clock array =  [-0.65812267 -0.89645951 -0.5166305   0.16270594 -3.2964049  -1.09306336
 -0.43619724  0.         -0.32255396]
log likelihood =  2907.1799537567294
Lr derivatives =  [-9.25954380651496, -18.01685114832685, -13.35308289557904]
other derivatives =  [22.13678272  4.57589522 19.96645551 -8.19695742 -0.2494744   6.28097041]
Current x_clock array =  [-0.62908474 -0.88465558 -0.4979381   0.08243168 -3.25422392 -1.26750014
 -0.47029344  0.         -0.2983409 ]
log likelihood =  2906.450808507745
Lr derivatives =  [-2.4259050699599065, -12.700617500880426, -7.217844194436706]
other derivatives =  [11.13785402  3.13598321  2.97959559 -8.27258191  1.71512511  6.17542355]
Current x_clock array =  [-0.63578668 -0.88817312 -0.51173608  0.07401179 -3.23702171 -1.30522192
 -0.46052398  0.         -0.2754    ]
log likelihood =  2905.887092210507
Lr derivatives =  [2.927927150280545, -6.931087922494085, 1.860089486328223]
other derivatives =  [ 5.14805834  1.32749847 -6.27105692 -8.16644388  2.57814463  5.7712441 ]
Current x_clock array =  [-0.63945387 -0.89245914 -0.51920179  0.0678846  -3.2353044  -1.38564638
 -0.45779672  0.         -0.23537328]
log likelihood =  2905.4086385714127
Lr derivatives =  [3.2509252098545622, -4.521947777042053, 8.343947327013172]
other derivatives =  [ 0.37739483 -0.33314791 -7.66685844 -7.38045856  1.7297225   5.09739948]
Current x_clock array =  [-0.64211234 -0.89562572 -0.5199897   0.07504232 -3.24715961 -1.48303066
 -0.46472385  0.         -0.20417067]
log likelihood =  2904.523658448421
Lr derivatives =  [2.271201926771507, -3.0245219664637224, 12.239264689291016]
other derivatives =  [-6.00289241 -1.12058842 -5.58757165 -4.54210749  0.2444267   3.65585038]
Current x_clock array =  [-0.64578249 -0.89803079 -0.5166      0.11651881 -3.25910924 -1.6713986
 -0.47254933  0.         -0.18228537]
log likelihood =  2903.432930816299
Lr derivatives =  [-0.026936906809391203, -3.8795642083568564, 5.373000761352721]
other derivatives =  [-2.85767783 -5.30330908 -5.99043233 -0.14601937 -0.86024556  1.669423  ]
Current x_clock array =  [-0.64309719 -0.90793399 -0.51511685  0.18742486 -3.25585013 -1.99738368
 -0.47757359  0.         -0.19279215]
log likelihood =  2904.2421192526253
Lr derivatives =  [7.040478052274506, 1.056148357363126, 3.2686571699298645]
other derivatives =  [-13.67975528  34.84137778  14.30698831   2.4626388    2.31980266
   0.49894879]
Current x_clock array =  [-0.65381562 -0.84005451 -0.49589805  0.2245549  -3.19947213 -2.3923705
 -0.47512837  0.         -0.19616441]
log likelihood =  2903.2579719197347
Lr derivatives =  [1.9388722668242506, -2.4694825822162736, 4.606223137747321]
other derivatives =  [-6.21121217  5.93336154 -0.19758772  0.61763785  0.06230039  1.22163328]
Current x_clock array =  [-0.6462824  -0.88776217 -0.50940558  0.19845883 -3.23909622 -2.11476237
 -0.47684694  0.         -0.19379429]
log likelihood =  2903.0172061785534
Lr derivatives =  [-0.6429156391374331, -3.8997746772884514, 0.4245410556118907]
other derivatives =  [-0.54683369  1.5536898   0.55156306  0.85155989  0.37061909  0.66002031]
Current x_clock array =  [-0.64222277 -0.89520967 -0.50925951  0.20583223 -3.22533859 -2.31861395
 -0.48552326  0.         -0.19940686]
log likelihood =  2902.931039757729
Lr derivatives =  [-1.0944483561653238, -3.6502717773864126, -0.4573716217981332]
other derivatives =  [ 1.22863639 -0.39926817  0.71831892  0.6735263   0.90603862  0.35520316]
Current x_clock array =  [-0.64094481 -0.89845498 -0.50937774  0.2046593  -3.21426068 -2.50920305
 -0.49006281  0.         -0.19711622]
log likelihood =  2902.885476937516
Lr derivatives =  [0.49515462771548524, -2.0636411783823756, 0.25870791906178525]
other derivatives =  [ 4.65056473  0.28080649 -2.2707809   0.66843313  0.73573574  0.16070771]
Current x_clock array =  [-0.63878319 -0.89785443 -0.51187078  0.20184047 -3.21924742 -2.69539986
 -0.48805111  0.         -0.19237698]
log likelihood =  2902.858620547137
Lr derivatives =  [-0.09163869213329345, -1.7017031153400963, -0.16765645890396463]
other derivatives =  [-2.92725417 -1.62503966  1.59757292 -0.1328317   0.61609171  0.01577973]
Current x_clock array =  [-0.64355209 -0.90050641 -0.50843472  0.19038051 -3.22085493 -2.9304138
 -0.4896238   0.         -0.18927196]
log likelihood =  2902.8507501473387
Lr derivatives =  [0.3296705547135135, -1.4024820632017159, 0.19056108119357673]
other derivatives =  [-0.4595222  -0.36516212 -0.04065441  0.03919922  0.38548933  0.01082299]
Current x_clock array =  [-0.64199882 -0.89850191 -0.50986967  0.19127935 -3.22480447 -2.94354607
 -0.48914672  0.         -0.18824064]
log likelihood =  2902.8497009871458
Lr derivatives =  [0.29339176691091495, -1.3751061516096539, 0.18447269025022273]
other derivatives =  [ 0.10991243 -0.02396519 -0.266391    0.04220055  0.21359483  0.00222826]
Current x_clock array =  [-0.64163128 -0.89790997 -0.51009275  0.19067497 -3.22736215 -2.96347827
 -0.48931364  0.         -0.18787647]
log likelihood =  2902.849329047043
Lr derivatives =  [0.0719666488227455, -1.4832908928521942, 0.06954651522634492]
other derivatives =  [ 0.23892426  0.03788045 -0.03224159  0.00754881  0.06925802 -0.00231921]
Current x_clock array =  [-0.64153502 -0.89774143 -0.50993094  0.18990049 -3.22926141 -2.97463235
 -0.48977949  0.         -0.18782343]
log likelihood =  2902.8493322309832
Lr derivatives =  [-0.04297118289099622, -1.5751403234379229, -0.056305984163206424]
other derivatives =  [-0.17425918  0.03537934 -0.31222953  0.02073648 -0.01150511 -0.00341061]
Current x_clock array =  [-0.64177371 -0.89769728 -0.51017852  0.18984017 -3.23022299 -2.9743422
 -0.4899226   0.         -0.18810161]
log likelihood =  2902.849293650285
Lr derivatives =  [0.015726873877735414, -1.5282310401996289, 0.00795913514015345]
other derivatives =  [ 0.03674359  0.03660716 -0.16925696  0.01400622  0.02978595 -0.00286491]
Current x_clock array =  [-0.64165179 -0.89771983 -0.51005206  0.18987098 -3.22973184 -2.9744904
 -0.4898495   0.         -0.18795952]
log likelihood =  2902.8492686464942
Lr derivatives =  [-0.026747273928316773, -1.556411841812809, -0.01455687538100503]
other derivatives =  [ 0.01909939  0.00873115 -0.02792149  0.00409273  0.01018634 -0.00204636]
Current x_clock array =  [-0.64166327 -0.8977632  -0.50993124  0.18975594 -3.23002289 -2.97236607
 -0.48986549  0.         -0.18801974]
log likelihood =  2902.849261011608
Lr derivatives =  [-0.025070074815505272, -1.559872435806191, -0.010601708946147759]
other derivatives =  [-9.09494702e-05 -5.18411980e-03  1.32786226e-02  2.72848411e-03
  2.72848411e-03 -9.09494702e-04]
Current x_clock array =  [-0.64167671 -0.89779486 -0.50989029  0.18974618 -3.23018906 -2.96926132
 -0.4897904   0.         -0.18805692]
log likelihood =  2902.849258518524
Lr derivatives =  [-0.0054823071109471044, -1.5512712509367366, -0.00025599926571173715]
other derivatives =  [-3.81987775e-03 -5.00222086e-03  1.11413101e-02  3.13775672e-03
 -1.36424205e-03 -9.09494702e-05]
Current x_clock array =  [-0.64168104 -0.89780596 -0.50988569  0.18974241 -3.23032622 -2.9670256
 -0.48968855  0.         -0.18807821]
      fun: 2902.849258518524
 hess_inv: <9x9 LbfgsInvHessProduct with dtype=float64>
      jac: array([-3.81987775e-03, -5.00222086e-03,  1.11413101e-02,  3.13775672e-03,
       -1.36424205e-03, -9.09494702e-05, -5.48230711e-03, -1.55127125e+00,
       -2.55999266e-04])
  message: 'CONVERGENCE: REL_REDUCTION_OF_F_<=_FACTR*EPSMCH'
     nfev: 30
      nit: 26
     njev: 30
   status: 0
  success: True
        x: array([-0.64168104, -0.89780596, -0.50988569,  0.18974241, -3.23032622,
       -2.9670256 , -0.48968855,  0.        , -0.18807821])
{('N0', 'N1'): [0.12763018858617953, 0.12763018858617986], ('N0', 'ENSLOCG'): [0.0, 0.0], ('N1', 'ENSGACG'): [2.6172183491771004, 2.49330160375342], ('N1', 'ENSDARG'): [2.7123470850682994, 2.766584052428149]}
