number of sites to be analyzed:  320
log likelihood =  4646.683397399663
Lr derivatives =  [-280.5513323925668, -375.41111431097744, -194.68907369708043]
other derivatives =  [-34.0394763  -34.37044143  23.16273822  24.22812031 261.46708478
  23.72162271]
Current x_clock array =  [-0.7532511  -0.84685548 -0.61954552  0.74193734 -0.10536052 -0.51082562
 -0.51082562 -0.51082562 -0.51082562]
log likelihood =  4414.894683400379
Lr derivatives =  [112.88774858549979, -152.2798364099984, -70.82603934726978]
other derivatives =  [-23.49815986 -21.26353138 -88.37787391   3.84943633 226.67381927
  42.07822712]
Current x_clock array =  [-0.75142778 -0.84478946 -0.6795998   0.67912084 -0.783269   -0.57232893
  0.21656279 -0.5095012  -0.5095012 ]
log likelihood =  4273.836423841412
Lr derivatives =  [115.14372975492319, -98.66430329227822, -36.10968287354693]
other derivatives =  [ 30.05179678  24.57009032  25.42192306   3.18177626 166.84207367
  36.80352165]
Current x_clock array =  [-0.72195765 -0.81898919 -0.55439667  0.65141698 -1.38729597 -0.66257777
  0.2779025  -0.36911887 -0.44983262]
log likelihood =  4271.546718448315
Lr derivatives =  [-164.92112448051927, -155.9462050898814, -41.37992033164588]
other derivatives =  [-288.3635716   -53.7980668  -258.07494239   47.71854947 -152.03513613
   12.32037903]
Current x_clock array =  [-0.92433346 -0.98689477 -0.73905034  0.56085015 -3.31702911 -0.98891883
  0.26219705  0.         -0.30487395]
log likelihood =  4151.16640111964
Lr derivatives =  [-45.748620357977096, -89.14266698586539, -3.8823966337372653]
other derivatives =  [160.79875422 -18.88611223   5.49543984   6.09870767 -35.62799975
  19.19715942]
Current x_clock array =  [-0.64658514 -0.94251192 -0.52885808  0.5419955  -2.67068139 -0.93382706
  0.25712412  0.         -0.30157158]
log likelihood =  4140.956450562486
Lr derivatives =  [-11.855158531278967, -71.54681673142822, 3.357621498994604]
other derivatives =  [-34.18626875  -9.84582584  17.79390004   5.84168447   0.17989805
  21.36166586]
Current x_clock array =  [-0.75659478 -0.91654532 -0.51910553  0.54540943 -2.49255805 -0.92353707
  0.27897835  0.         -0.31343987]
log likelihood =  4139.8496016275285
Lr derivatives =  [-8.350779853192485, -69.10605172949882, 2.7257720823415568]
other derivatives =  [-6.94490154 -5.00031092 -4.44279067  4.67680366 -0.77070581 20.19887688]
Current x_clock array =  [-0.74035562 -0.91216377 -0.53156948  0.53905045 -2.5233984  -0.94193492
  0.30254457  0.         -0.31726743]
log likelihood =  4138.839358375859
Lr derivatives =  [-3.5578018521802193, -65.51689154292706, 1.413841402049691]
other derivatives =  [18.47201929  3.48973117 -6.5489985   1.79798008 -1.25673978 18.21863407]
Current x_clock array =  [-0.72765597 -0.90412171 -0.53135007  0.52595191 -2.5787724  -0.98365139
  0.34915259  0.         -0.32414953]
log likelihood =  4137.622213860693
Lr derivatives =  [-0.7667359135526439, -62.69518598820017, -1.6658268051296723]
other derivatives =  [ 23.47878763   9.6988515  -10.41298674  -1.48793333  -2.96704457
  15.13444658]
Current x_clock array =  [-0.72776135 -0.90043093 -0.53075563  0.50685166 -2.66492494 -1.06012573
  0.41993349  0.         -0.33433389]
log likelihood =  4135.721323294631
Lr derivatives =  [3.0741708793840488, -57.20383326440956, 0.44976156114882215]
other derivatives =  [ 27.21844794 -15.74853741   9.44237399  -6.58728823  -1.33150024
   9.62863851]
Current x_clock array =  [-0.72931963 -0.9482544  -0.51499268  0.49263627 -2.80526189 -1.26654526
  0.545208    0.         -0.32659515]
log likelihood =  4134.38153588706
Lr derivatives =  [8.66707002795485, -52.031756991971974, 2.6257125069900766]
other derivatives =  [-7.77972673 -0.02701199 -9.98370524 -7.58500391  2.62152753  5.55392035]
Current x_clock array =  [-0.7530442  -0.92885478 -0.52243872  0.50070445 -2.87902469 -1.45007481
  0.63138568  0.         -0.32214752]
log likelihood =  4133.971796489967
Lr derivatives =  [4.942498676234919, -53.28318691796754, 2.7647041877546954]
other derivatives =  [-11.23335096   0.90840331   1.94158929  -6.80975063  -0.38162398
   4.14975148]
Current x_clock array =  [-0.75537694 -0.92973866 -0.51503638  0.51534326 -2.91816855 -1.5382551
  0.65486997  0.         -0.31679595]
log likelihood =  4133.389697853836
Lr derivatives =  [3.307717834413147, -53.20693147763176, 3.8789848330961405]
other derivatives =  [-8.69476935 -0.44210537  6.61957529 -4.21086952 -1.38652467  2.24599717]
Current x_clock array =  [-0.75416425 -0.93477849 -0.51107002  0.55872339 -2.94167882 -1.68937037
  0.67523144  0.         -0.30925762]
log likelihood =  4133.008582056427
Lr derivatives =  [1.2144107889286673, -57.17079148476392, -11.240063610786697]
other derivatives =  [-0.85619831 -1.94449967  0.02810339  1.58743205 -2.5405825   0.8578354 ]
Current x_clock array =  [-0.74835299 -0.93662163 -0.5134826   0.62058857 -2.8799384  -1.82072945
  0.63646472  0.         -0.34802623]
log likelihood =  4132.709201142267
Lr derivatives =  [3.8173120213899665, -54.526730674604295, -2.4795273491553615]
other derivatives =  [ 2.88519004  0.29885996  1.37160896  3.22024789 -0.28476279  0.96215445]
Current x_clock array =  [-0.74576973 -0.93277553 -0.51304791  0.63818571 -2.83717908 -1.84265941
  0.602341    0.         -0.32275644]
log likelihood =  4132.500508118331
Lr derivatives =  [0.8205676001923834, -56.11739265374813, 3.2750353403559345]
other derivatives =  [ 1.41890268 -0.44119588 -5.28307282  6.36855475 -2.46918717  1.46346792]
Current x_clock array =  [-0.74429294 -0.93064224 -0.5174869   0.64696662 -2.76308855 -1.8300863
  0.5255656   0.         -0.3030047 ]
log likelihood =  4132.310028704299
Lr derivatives =  [-0.6190987330226534, -58.60792142646068, 5.317230969365248]
other derivatives =  [ 1.44691512  2.48955985  4.72500687  9.69512257 -1.18716343  2.35613697]
Current x_clock array =  [-0.74082059 -0.91948382 -0.51542742  0.64482148 -2.62698239 -1.79433438
  0.41020911  0.         -0.29434511]
log likelihood =  4131.968142471598
Lr derivatives =  [-1.117210257855234, -59.97857255972825, 5.048917143249696]
other derivatives =  [ 3.19032551 -0.97988959 -6.93389666  7.94116204 -0.58880687  2.62480171]
Current x_clock array =  [-0.73817887 -0.92025953 -0.52456664  0.60281738 -2.56377647 -1.78823187
  0.35361127  0.         -0.29259298]
log likelihood =  4131.4196382035
Lr derivatives =  [3.372776393589284, -58.46798680093202, 0.5496741236708829]
other derivatives =  [  0.75569915  -2.88964657 -11.73448254   0.62800609   1.96932888
   1.79034032]
Current x_clock array =  [-0.74085524 -0.92082417 -0.52971998  0.51818211 -2.53619096 -1.87807972
  0.33562099  0.         -0.30367222]
log likelihood =  4131.232912673064
Lr derivatives =  [-2.588837654723676, -62.85427129079177, -2.905069905703563]
other derivatives =  [ 1.79124982  0.08822099 -2.13240128 -0.41427484  0.3954483   1.10048859]
Current x_clock array =  [-0.7387851  -0.91206282 -0.52746564  0.48771837 -2.47457297 -2.01265338
  0.27256021  0.         -0.30131571]
log likelihood =  4131.092069589957
Lr derivatives =  [0.9276789334911157, -58.875493421564826, -0.8357649326369909]
other derivatives =  [ 0.68039299  1.34659786  1.59507181 -0.97206794 -0.66029315  0.04365575]
Current x_clock array =  [-0.741484   -0.91548937 -0.52223915  0.49545466 -2.53170938 -2.18901183
  0.31834613  0.         -0.29763247]
log likelihood =  4131.306057789489
Lr derivatives =  [0.511495211240657, -59.40276738503733, 0.06806089434555318]
other derivatives =  [-2.52603968e+01 -5.40621841e+00 -9.17771104e-01  1.46346792e+00
  2.24717951e+00 -7.91260391e-03]
Current x_clock array =  [-0.75611594 -0.92251676 -0.52400738  0.5129853  -2.48311409 -2.26442962
  0.29155386  0.         -0.29232431]
log likelihood =  4131.083588714758
Lr derivatives =  [0.8924033682815349, -58.94336566026613, -0.6834882913148057]
other derivatives =  [-3.63352228  0.23983375  1.1758857  -0.58171281 -0.18762876  0.03346941]
Current x_clock array =  [-0.74387261 -0.91663656 -0.52252781  0.49831647 -2.52377639 -2.20132349
  0.3139724   0.         -0.29676593]
log likelihood =  4131.06614174028
Lr derivatives =  [-0.008316472982350831, -59.5715866392526, -0.3281360053695046]
other derivatives =  [-0.76297511 -0.13633326  0.28567229  0.00527507 -0.08594725  0.04993126]
Current x_clock array =  [-0.7415287  -0.91631058 -0.52363963  0.50095852 -2.50701827 -2.21510788
  0.2993868   0.         -0.29417137]
log likelihood =  4131.0651050445695
Lr derivatives =  [0.024156149089456846, -59.5051993781621, -0.01927050069631875]
other derivatives =  [-0.03410605  0.1022272  -0.11605152  0.01646185  0.03865352  0.01537046]
Current x_clock array =  [-0.74101288 -0.91579827 -0.52401952  0.50031427 -2.50278463 -2.22894967
  0.29591427  0.         -0.29299866]
log likelihood =  4131.065066808427
Lr derivatives =  [-0.009141919778286933, -59.49606466587429, 0.04480023594464555]
other derivatives =  [ 0.07385097 -0.10832082  0.11505108 -0.01073204  0.00763976  0.00472937]
Current x_clock array =  [-0.74094687 -0.91614473 -0.52388343  0.5000945  -2.50299692 -2.23270336
  0.29585092  0.         -0.29274685]
log likelihood =  4131.065048272156
Lr derivatives =  [-0.005087897432211719, -59.495916441489875, 0.007429360379138217]
other derivatives =  [ 0.00281943  0.00090949 -0.00545697 -0.00063665 -0.00381988  0.0005457 ]
Current x_clock array =  [-0.74099529 -0.9159873  -0.52394247  0.50015345 -2.50309576 -2.23329199
  0.29594565  0.         -0.29283206]
log likelihood =  4131.0650481173325
Lr derivatives =  [-0.0013395600705052857, -59.494264325279296, 0.003409398195490354]
other derivatives =  [-0.00281943  0.00145519 -0.00172804 -0.00027285 -0.00118234  0.00027285]
Current x_clock array =  [-0.74099969 -0.91598787 -0.5239392   0.50016574 -2.50310264 -2.2333289
  0.29596767  0.         -0.29284447]
      fun: 4131.0650481173325
 hess_inv: <9x9 LbfgsInvHessProduct with dtype=float64>
      jac: array([-2.81943358e-03,  1.45519152e-03, -1.72803993e-03, -2.72848411e-04,
       -1.18234311e-03,  2.72848411e-04, -1.33956007e-03, -5.94942643e+01,
        3.40939820e-03])
  message: b'CONVERGENCE: REL_REDUCTION_OF_F_<=_FACTR*EPSMCH'
     nfev: 28
      nit: 26
   status: 0
  success: True
        x: array([-0.74099969, -0.91598787, -0.5239392 ,  0.50016574, -2.50310264,
       -2.2333289 ,  0.29596767,  0.        , -0.29284447])
