number of sites to be analyzed:  352
log likelihood =  -13520.507493799789
Edge derivatives =  [133.91480145302197, 70.72529393993334, 104.42651573287267, 114.85899876969353, 40.38967215661965, 52.66243426782489, 201.64071632469725, 371.9763190555287, 143.42121250674583, 137.92642200190568, 45.803927594250446, 96.9850789346077, 158.07822937326003, 155.93567272367386]
other derivatives: [-326.32451621  122.00798665 -150.12992662   38.53983799 -712.29660534
  290.91788747]
Current x array =  [-0.5785257  -0.74225405 -0.66393639  0.74193734 -0.10536052 -0.51082562
 -4.60517019 -4.60517019 -4.60517019 -4.60517019 -4.60517019 -4.60517019
 -4.60517019 -4.60517019 -4.60517019 -4.60517019 -4.60517019 -4.60517019
 -4.60517019 -4.60517019]
log likelihood =  -12804.473935013044
Edge derivatives =  [126.45421645747587, 74.21204816994184, 104.10756274650517, 108.28903724515582, 39.693302346485936, 52.891834215736814, 195.91242562553393, 381.6069844812183, 144.24066939938737, 136.1218987274613, 43.057268323178015, 97.88852854918477, 158.05125836823254, 155.3497233203925]
other derivatives: [ 591.85949794  156.58115444 -136.94716472  -37.81278792 -446.28959586
  247.08606361]
Current x array =  [-0.91006315 -0.74155074 -0.8164646   0.78109284 -0.82903584 -0.50319482
 -4.46911614 -4.53331508 -4.49907549 -4.48847635 -4.5641353  -4.55166649
 -4.40030832 -4.22725166 -4.45945786 -4.46504043 -4.55863455 -4.5066358
 -4.44456671 -4.44674349]
log likelihood =  -11442.644370319127
Edge derivatives =  [119.49569571190703, 74.62510209200819, 99.30267495500787, 97.22106726241725, 34.548209400851334, 49.070541762363206, 179.36919305671128, 379.87097599532257, 136.96240598272863, 131.7745907645075, 37.06814028869722, 100.0509436141685, 154.1794542005853, 147.8937728540741]
other derivatives: [ 680.9927072   125.71344996 -257.75752874 -169.97892089  121.15106074
  183.27700673]
Current x array =  [-0.89847678 -0.63663279 -1.24844888  0.81401321 -2.66118133 -0.37372973
 -4.07919608 -4.3194476  -4.18914052 -4.15422386 -4.4448722  -4.39494884
 -3.80730747 -3.11173096 -4.03244395 -4.05715683 -4.42547537 -4.21750483
 -3.97490783 -3.98404798]
log likelihood =  -10185.506374693747
Edge derivatives =  [79.45363087642556, 49.69558087161521, 52.1895189906391, 26.461717123044757, 5.433622507393711, 21.55766441983735, 70.6545701553705, -54.16988261260362, 55.95339374827587, 62.33231088473183, 8.559754519528997, 73.99009501804284, 76.96076640320024, 62.21672655571033]
other derivatives: [  150.99594748 -1208.99840113   456.15670388   -17.51850505
   295.52684282    61.89784472]
Current x array =  [-0.72443343 -0.27934373 -2.99823764  0.23678004 -4.52739035  0.24909663
 -3.10599473 -3.7662543  -3.41374708 -3.34650008 -4.16348094 -4.01026397
 -2.36026568 -0.24359802 -2.96801382 -3.02593291 -4.11188484 -3.45994328
 -2.78230724 -2.82791504]
log likelihood =  -10100.081611057387
Edge derivatives =  [111.98064144434336, 46.9643175056051, 66.07288976784122, 32.23616170035122, 12.782077738871095, 27.333755524967728, 81.3126402918468, -1.1276346210387183, 66.83400139032555, 77.03012488689319, 12.15604256467417, 76.81432713488114, 80.35790383535956, 68.34106434916472]
other derivatives: [-541.243935    470.2627848   456.22982725  121.64709915  283.66011975
   -1.96923793]
Current x array =  [-0.55780181 -1.45334093 -2.82403842  0.10620719 -4.43776905  0.50234131
 -2.86586875 -3.62458929 -3.23416351 -3.18941978 -4.1129932  -3.92595971
 -2.05418725  0.16384952 -2.73808653 -2.79412861 -4.05296378 -3.259319
 -2.50900965 -2.57653899]
log likelihood =  -9713.070318034424
Edge derivatives =  [114.70217212727893, 50.31271618606294, 71.14717602019736, 40.799132200460434, 15.072359633154816, 29.552109688879906, 96.08321163866059, 58.905287615805506, 79.56147976920367, 86.15119288991826, 15.790052150052247, 79.38654839850543, 94.47309089772399, 84.71347808094114]
other derivatives: [-78.1907147  410.80238589 291.54471122  89.18377716 230.29006115
  34.06948963]
Current x array =  [-0.71255686 -1.26926658 -2.28803078  0.23413919 -3.76916977  0.41260423
 -2.99421165 -3.70385463 -3.34725083 -3.32826639 -4.16067451 -3.98513647
 -2.28921238 -0.37502182 -2.90550798 -2.94978039 -4.10748976 -3.36166488
 -2.69285678 -2.76063826]
log likelihood =  -9260.60067336158
Edge derivatives =  [127.38468511177796, 45.08373423503421, 73.48720019659018, 42.94470974881679, 15.878892590397413, 29.364870759544083, 99.7825375952562, 107.3590413914756, 84.44313337355096, 86.64125593524285, 16.94661662642554, 75.7820430143231, 95.24956759201999, 90.05670229916157]
other derivatives: [348.36339182 257.72369554  75.67450666  16.44912118  94.36735127
   7.61920091]
Current x array =  [-0.81530064 -0.91568875 -1.54144956  0.38637858 -2.84317843  0.50509435
 -2.86067933 -3.65209084 -3.28072149 -3.32930044 -4.16159537 -3.96466603
 -2.24167253 -0.55933626 -2.85113496 -2.87714524 -4.10924802 -3.26906621
 -2.61576438 -2.70333271]
log likelihood =  -8800.021153610625
Edge derivatives =  [117.04792197877185, 27.544376049201656, 52.660981380461045, 18.494147490050135, 7.228189337686223, 16.240799531659754, 45.723962265618646, -22.00453362231446, 47.05668904697998, 42.05916688066907, 5.904638740095478, 46.9374214524407, 35.88671180415054, 41.07042466462834]
other derivatives: [ 475.95876822 -148.60925148   12.96575647   35.88320396 -126.48033589
 -245.79494493]
Current x array =  [-0.82033913 -0.53833588 -0.86743107  0.43107668 -2.25590007  0.75786335
 -2.17473823 -3.3457104  -2.83976917 -3.01616099 -4.05274984 -3.7738567
 -1.5805315   0.19620499 -2.32627769 -2.33366481 -3.98936519 -2.79387226
 -2.00591744 -2.13982164]
log likelihood =  -8487.208085893031
Edge derivatives =  [88.03698147580107, 17.741701322039525, 39.18359183009433, 9.276641964404877, 4.590146796990852, 10.81010790216172, 12.455071520773703, -73.13895539919844, 28.120373394073567, 20.148367444937833, 2.254434856850974, 32.268072095540866, 3.907179740244146, 14.011655843299732]
other derivatives: [  47.87179932 -205.24039428 -305.82068575   38.44270395 -147.28793758
 -229.0633347 ]
Current x array =  [-0.65718612 -0.56017287 -0.52678203  0.55456967 -2.50095011  0.35874805
 -1.51465177 -3.08449545 -2.44431336 -2.74413564 -3.95646619 -3.60983873
 -1.02637001  0.75858117 -1.87770183 -1.88675768 -3.88772068 -2.39381917
 -1.52819778 -1.67899737]
log likelihood =  -8352.360679955327
Edge derivatives =  [6.633020707422752, 6.069188021268633, 13.8588777873798, 4.836439906084928, -0.2806769739347879, 0.5395902385701195, -28.438012356901005, -33.54101707400414, -26.17233677587536, -30.61663848323844, -2.9886701600620174, 2.8020598003227475, -59.17921113898493, -47.90707524398448]
other derivatives: [-669.53834903  142.39449229  472.21692512   -0.95678843   25.4403858
  -71.44735719]
Current x array =  [-0.46076072 -0.93819217 -1.00133463  0.70939711 -3.91213367 -0.67158271
 -0.3813861  -2.63457449 -1.75131654 -2.23183927 -3.77249299 -3.31778765
 -0.05061968  1.89520639 -1.08436431 -1.12314617 -3.6962518  -1.72278549
 -0.7308114  -0.8833128 ]
log likelihood =  -8164.9161014160545
Edge derivatives =  [31.82127065559122, 8.759889830844164, 21.693890207035906, 7.208277359680149, 2.1966505483431593, 4.669514687960072, -8.410975420554268, -18.09211649596762, 4.099880510935297, -2.6149909984139112, -0.4946963774086165, 16.183615879874836, -24.52509121840668, -12.88439368103657]
other derivatives: [-93.34789866  28.2900146   52.79671313  -5.87369868  15.77845978
 -69.36934369]
Current x array =  [-0.6069457  -0.81295572 -0.66786106  0.70942991 -3.5436822  -0.62192208
 -0.56896297 -2.71942435 -1.87197144 -2.34457784 -3.81326019 -3.37676893
 -0.28166023  1.54923726 -1.26062682 -1.298401   -3.74198767 -1.84712051
 -0.93943307 -1.08056366]
log likelihood =  -8152.267882493614
Edge derivatives =  [21.63363213439731, 7.655336793717909, 19.036114901210855, 6.894843320339417, 2.1456875090798295, 4.044889858863481, -10.763098209318269, -19.269423748879944, 3.6908874114204044, -3.268921447984085, -0.518604154135642, 12.295830144562181, -24.997349517469267, -13.222883051327955]
other derivatives: [ -60.06484909  -10.0941179  -138.67393136   -3.40396582    9.5096766
  -48.32299965]
Current x array =  [-0.62290469 -0.79288565 -0.56399286  0.74608306 -3.55464571 -0.80548659
 -0.42536964 -2.67072747 -1.78912663 -2.30167981 -3.79800094 -3.34782387
 -0.20938248  1.57689161 -1.1895354  -1.23337316 -3.72878505 -1.76907529
 -0.89083912 -1.02409954]
log likelihood =  -8140.383650341004
Edge derivatives =  [15.018430357278586, 7.1668951106567045, 17.652199006251678, 7.222937408352858, 2.1431956195145463, 3.9159839053234617, -9.963507303349406, -9.853307427075237, 2.9648826833668918, -3.1211622786397086, -0.34736938711118304, 12.058317287360373, -20.957116918712227, -10.911354666556479]
other derivatives: [ 26.23237378 -22.23496267 -45.36886991  -8.62264642  22.34428393
 -28.49083103]
Current x array =  [-0.64919554 -0.78600395 -0.6001189   0.75879648 -3.58840491 -0.95615127
 -0.35287516 -2.64815105 -1.744204   -2.2818717  -3.79114465 -3.3349239
 -0.19532976  1.56552009 -1.16395373 -1.21661646 -3.72513703 -1.73322407
 -0.89934176 -1.01877643]
log likelihood =  -8132.491958514613
Edge derivatives =  [6.8118560321829165, 6.652716101870221, 16.362980346081994, 7.753130115024199, 2.3936346350046467, 4.099588888048382, -7.659561500098485, 1.0927310277817435, 4.3116509950501385, -0.20016613449627824, 0.10167192258748381, 12.789970606567014, -12.344769733820529, -5.070883202418154]
other derivatives: [ 30.01478035 -20.56876838  -6.8142981  -14.95527613  30.61450116
  -5.86605893]
Current x array =  [-0.64938802 -0.7905179  -0.61513314  0.78102743 -3.57640137 -1.16646727
 -0.27436789 -2.62633428 -1.6930019  -2.26813309 -3.78656462 -3.32375391
 -0.21044314  1.49355911 -1.15038101 -1.21653437 -3.72659255 -1.69579491
 -0.94253407 -1.03902987]
log likelihood =  -8126.987379753582
Edge derivatives =  [-7.369725921866062, 5.488417548038129, 13.01785853894204, 7.002073889884607, 2.1810569977341228, 3.5480228134929557, -10.433493448144771, -15.873926133771521, 0.6504913855786558, -1.3471551700181221, 0.21104429041844774, 8.664133594869787, -6.77679009230882, -3.142565966116144]
other derivatives: [44.65437087  5.47206582 20.03926056 -1.36305971 -8.70786607  5.20576577]
Current x array =  [-0.65685124 -0.81139451 -0.62554857  0.75759091 -3.44439109 -1.32452534
 -0.18289208 -2.58175976 -1.59305592 -2.22643612 -3.77278912 -3.29742057
 -0.22714264  1.46020175 -1.11114914 -1.19855955 -3.72425917 -1.61371294
 -0.9871195  -1.0485448 ]
log likelihood =  -8126.371917717757
Edge derivatives =  [-8.77950441274681, 5.703408096284695, 13.242994422318075, 7.7547559572446465, 2.6664838483575437, 4.39991352091065, -4.825539191193573, -7.549732055085153, 4.308397313275941, 5.012722101824955, 0.9987421839877028, 10.584823474175936, 7.1538912903729, 6.855727538780731]
other derivatives: [-80.05727068 -42.47340257   2.62598405  -0.96706572 -11.95439836
  13.38466973]
Current x array =  [-0.61765229 -0.77602022 -0.6262324   0.73552469 -3.32026007 -1.37424998
 -0.24950137 -2.58545579 -1.5653417  -2.23448207 -3.77657382 -3.3008303
 -0.36246912  1.27060127 -1.1629073  -1.26688901 -3.74142144 -1.60785282
 -1.11335438 -1.14209481]
log likelihood =  -8123.883451021178
Edge derivatives =  [-8.270763139207983, 5.635851493738437, 12.915919963058386, 7.540632658387551, 2.420668077486024, 3.9333723979137947, -6.519825502969509, -8.448037536634018, 2.4290687008194807, 2.355451784156385, 0.6587847895980022, 8.511111922567745, 2.2952693262068604, 2.9810118806079826]
other derivatives: [-18.01672624  -4.29254214   0.19590516   0.53069016  -8.48567652
   9.81435733]
Current x array =  [-0.63580568 -0.80296289 -0.62119053  0.7380068  -3.37062208 -1.35656315
 -0.22313328 -2.57281985 -1.55074776 -2.21776692 -3.77058375 -3.29198316
 -0.31825217  1.3338055  -1.13468256 -1.23538808 -3.73337833 -1.59044867
 -1.06770325 -1.10353078]
log likelihood =  -8122.7564108402175
Edge derivatives =  [-8.078561079673705, 5.644336761816133, 12.480707788174925, 7.491820826974811, 2.2452897234724922, 3.617767185043125, -6.754333586697046, -7.439816087954945, 0.893839529382084, 0.9394602035509364, 0.49044907892189815, 6.31247549969723, 0.8986541323989673, 1.3535986038453303]
other derivatives: [-4.01041689  8.16016836 -2.64626578  2.36332198 -6.63076207  7.60119292]
Current x array =  [-0.63992833 -0.81216973 -0.61896838  0.73193575 -3.38243642 -1.33899981
 -0.22378416 -2.55832804 -1.52129803 -2.19903541 -3.76431988 -3.28203573
 -0.31795185  1.33952435 -1.12059186 -1.22297164 -3.73001311 -1.56697737
 -1.0580777  -1.09106456]
log likelihood =  -8119.500037806358
Edge derivatives =  [-7.644782168466828, 5.773538159353693, 10.262505392458598, 7.438884214150939, 1.659081657141554, 2.563969877944779, -5.979876363654912, -0.9879423934697452, -4.3669102039167695, -3.0556962176499054, 0.0320572270661571, -2.611511053286106, -0.6489099176246858, -2.284108876342781]
other derivatives: [19.34731699 27.74831955 -7.3303454   8.07331162 -0.50931703  0.45420165]
Current x array =  [-0.64670712 -0.82696258 -0.6159478   0.70493751 -3.38687127 -1.27734878
 -0.25653341 -2.49746532 -1.38618876 -2.12105959 -3.73911156 -3.24119556
 -0.36596712  1.30001347 -1.08342429 -1.19667208 -3.72207778 -1.47105335
 -1.05909054 -1.07155837]
log likelihood =  -8116.969543830382
Edge derivatives =  [-6.92871972559499, 6.072315302174433, 7.190889657834823, 7.407966734890402, 1.2857743364882825, 1.8425283567694615, -3.860586550367368, 5.250905130447788, -7.0497658345457, -4.686906921153801, -0.20151549081653242, -10.075968397254865, 0.6102428632239749, -2.9623772543874827]
other derivatives: [29.85807441 22.01386451 -6.02840373  8.26121322  2.5409463  -4.02978912]
Current x array =  [-0.65006852 -0.82207136 -0.61708439  0.69632036 -3.35486707 -1.23695054
 -0.31672712 -2.4316586  -1.23934005 -2.03796788 -3.71435612 -3.20050592
 -0.44961362  1.22495225 -1.07351235 -1.19486476 -3.7190798  -1.39520843
 -1.08328881 -1.07732146]
log likelihood =  -8113.401355055317
Edge derivatives =  [-3.074983633880814, 7.090362457577954, 0.8066890054621951, 7.220440271307732, 1.0962385321255195, 1.260330130830398, 0.007147713026295299, 7.057006490115943, -5.395605460187697, -3.9224840551217346, -0.3666797247487868, -13.993779857208848, 0.6849070701893978, -2.6602280525919264]
other derivatives: [ 7.12489054 32.13745003 -1.05392246  3.49991751  0.92359187 -8.99344741]
Current x array =  [-0.6416494  -0.82911384 -0.62115291  0.70959203 -3.31674062 -1.19073312
 -0.45119369 -2.3026404  -1.00207486 -1.87580113 -3.67174084 -3.13296094
 -0.58134336  1.17394215 -1.101541   -1.21619696 -3.71551261 -1.36440957
 -1.09508584 -1.0915494 ]
log likelihood =  -8113.2095255413715
Edge derivatives =  [-2.046760033994519, 8.006911537955839, -13.55299202412709, 5.758783904912288, 0.7447464143076943, 0.38287097618425836, 2.1797941947980677, 0.8402436928413358, -2.6336383265814445, -3.9073081199450352, -0.5360649688561806, -12.934589948267547, -3.487317889460279, -3.805993363553382]
other derivatives: [ 75.97172953 -66.00212146  24.55417416  -3.7245627   -8.90340743
 -10.93903848]
Current x array =  [-0.66985309 -0.76035656 -0.6306193   0.73954512 -3.29263199 -1.18268531
 -0.61338646 -2.08779752 -0.69504239 -1.61753964 -3.6075245  -3.03431487
 -0.7077335   1.20339192 -1.14382412 -1.23836481 -3.7074973  -1.39990466
 -1.06333541 -1.08980497]
log likelihood =  -8111.432137483845
Edge derivatives =  [-2.331932545505542, 7.611904194691988, -5.496119481373678, 6.571376131781465, 0.9364517977355421, 0.8533779966686922, 1.0714297046100707, 4.02968147694839, -3.995992492983266, -3.892559047686146, -0.448657183367798, -13.419391007353711, -1.3308769745155486, -3.2042136413013353]
other derivatives: [ 42.76525942 -13.81804395  11.29692464  -0.28685463  -3.44944056
 -10.01426426]
Current x array =  [-0.65561654 -0.79506359 -0.62584089  0.72442552 -3.30480145 -1.18674765
 -0.53151543 -2.19624506 -0.85002504 -1.74790386 -3.63993938 -3.08410905
 -0.64393478  1.18852638 -1.12248061 -1.22717501 -3.71154324 -1.38198759
 -1.07936227 -1.09068552]
log likelihood =  -8109.286180607898
Edge derivatives =  [-0.3734835199675393, 8.32524155222858, -7.6517872790045764, 6.602429057381052, 1.266972555086005, 1.2905564010740995, 2.851417108119758, 1.4782930487895123, 1.236276855467625, -0.48995336642091564, -0.22496038508399013, -6.850016916412065, -1.6300385466424363, -1.0185136416014464]
other derivatives: [10.89292709 -8.68330972  9.89284672 -6.29352144 -3.97531039 -6.41985025]
Current x array =  [-0.64428573 -0.79906305 -0.62593727  0.74873153 -3.31420634 -1.21839581
 -0.59516382 -2.12593184 -0.77978392 -1.66608107 -3.62259316 -3.0589198
 -0.68057057  1.21787882 -1.16277335 -1.25308501 -3.71189928 -1.4501497
 -1.06646615 -1.10162453]
log likelihood =  -8107.919528008539
Edge derivatives =  [-0.6097091695925358, 8.599052696904767, -8.653935925026936, 6.191768568698001, 1.4989182326888568, 1.5681440960854927, 2.689494255172685, -2.835593563648354, 4.289099430249105, 1.1938503004230476, -0.10427647032960113, -1.0359445923093173, -3.6991476458651715, -0.5800335790286846]
other derivatives: [-15.31197995  -9.65919753  -8.79808795  -7.83620635  -4.55183908
  -2.19479261]
Current x array =  [-0.63623489 -0.80074238 -0.61568748  0.76284797 -3.35333247 -1.28052444
 -0.61529931 -2.04556096 -0.73413781 -1.57987172 -3.60367378 -3.03231202
 -0.67088797  1.28633891 -1.17593203 -1.25633787 -3.70828214 -1.5140231
 -1.03355901 -1.09111347]
log likelihood =  -8107.077623392692
Edge derivatives =  [-1.1031734822203085, 8.79379018755365, -9.018473222265524, 5.736570121029853, 1.6572840310745507, 1.8042537690971652, 2.365839876062688, -3.8553417493922058, 5.900760109196906, 2.294171168267591, 0.047797336330901996, 3.811158298661153, -4.158724291024322, 0.26117689355871915]
other derivatives: [-13.45679266  -2.05036486  15.23894753  -8.13397492  -0.97961674
   1.77942638]
Current x array =  [-0.63597688 -0.80698012 -0.62618961  0.7630856  -3.39226568 -1.34011707
 -0.63329529 -1.96691498 -0.71123869 -1.50074607 -3.58623607 -3.00869836
 -0.66196809  1.33183898 -1.18210628 -1.25995906 -3.70604645 -1.56934654
 -1.01769262 -1.08742498]
log likelihood =  -8105.969509204404
Edge derivatives =  [-1.9342738384277216, 9.015917920231596, -10.79501263522986, 4.626192652517126, 1.7669152105154287, 1.8435879637860455, 1.9937313179600875, -3.321886058383388, 7.012278175924766, 3.508809298982923, 0.2661489010867419, 7.691127523435738, -3.0757248763994385, 1.8594189436924278]
other derivatives: [  1.0297299    3.67135726 -18.93649824  -1.9217623    3.17604645
   4.89681042]
Current x array =  [-0.6407827  -0.81200986 -0.60877735  0.74434502 -3.43548425 -1.41184986
 -0.67183144 -1.8224204  -0.65556004 -1.35695512 -3.55192371 -2.96100887
 -0.66575264  1.36929426 -1.17464463 -1.25884148 -3.70175703 -1.61638818
 -1.01075825 -1.08299421]
log likelihood =  -8104.808939245936
Edge derivatives =  [-3.426611026601116, 8.746973774573048, -12.152854323879245, 3.2473900476572646, 1.5179852087136043, 1.3434948949972358, 0.9106131163030589, -1.7666102950969225, 4.139411196777554, 1.885959045964447, 0.2251108414810974, 7.538673801652103, -2.7020931732576434, 0.9588477584092123]
other derivatives: [ 4.80495146  6.57682904 -8.95606718  4.61959644  6.01876309  5.21513357]
Current x array =  [-0.64182828 -0.81582587 -0.61220094  0.71844518 -3.46363971 -1.44322434
 -0.69161712 -1.71125493 -0.630035   -1.25280485 -3.52497626 -2.92400299
 -0.66123879  1.38321147 -1.14573119 -1.24380516 -3.69706547 -1.61598704
 -1.01134844 -1.07161953]
log likelihood =  -8102.369828477315
Edge derivatives =  [-5.154181644292394, 8.235315506986106, -11.12793265234038, -0.08382383906526628, 0.9911024948063035, 0.3215745452818519, -1.0504158607203475, 2.397210243360316, -2.1458174947727406, -0.7783105423732728, 0.22633966367732528, 5.857363943621022, 1.3259497769754391, 0.5771644872851799]
other derivatives: [41.56099749 16.75689418  1.40071279 10.64090611 10.64418029  5.06252036]
Current x array =  [-0.65354556 -0.82436388 -0.61483542  0.69230467 -3.48464243 -1.49188659
 -0.75019264 -1.46794511 -0.66200823 -1.05388478 -3.47113338 -2.85460423
 -0.65853051  1.37579589 -1.08466314 -1.22033238 -3.69056287 -1.59074048
 -1.04288439 -1.06235445]
log likelihood =  -8100.396855325262
Edge derivatives =  [-7.731855996511687, 6.2188649794353905, -9.82848580079665, -5.569562761950286, 0.19389719149402324, -1.2449866837039878, -3.8156851472718327, 3.938457464442953, -11.226871353552726, -5.117023826642913, 0.028144096788947803, 2.1039811754119864, 4.37008052407231, -1.6203167906012337]
other derivatives: [ -5.63750291 -10.85336407  10.85390977  15.13008101   9.2701157
   3.8113285 ]
Current x array =  [-0.63988135 -0.81071035 -0.61707972  0.67499883 -3.49587737 -1.53459482
 -0.82028315 -1.17585132 -0.73369018 -0.83197408 -3.4085135  -2.77640433
 -0.64976513  1.36995976 -1.01184872 -1.190153   -3.68241514 -1.54425464
 -1.07579053 -1.04740797]
log likelihood =  -8098.386851603656
Edge derivatives =  [-6.309957558021929, 6.359594582240552, -6.346229517208672, -6.341515157310091, 0.037496827318185516, -1.487856165100836, -3.850772510598213, 3.9982765814925747, -12.201984050263311, -5.00992706554147, -0.03562560155936234, -1.5429410379971873, 7.087074777916791, -0.9563433667375889]
other derivatives: [20.88754627  6.76982381 13.54692358  7.1231625   5.09626261  0.9876203 ]
Current x array =  [-0.64805007 -0.82053395 -0.61880328  0.70485144 -3.44377047 -1.49404105
 -0.87371644 -1.10197705 -0.83246184 -0.81410251 -3.39767571 -2.76901939
 -0.67151623  1.3242726  -1.00897022 -1.19728974 -3.68413624 -1.49580163
 -1.10855841 -1.0598111 ]
log likelihood =  -8096.2992541380845
Edge derivatives =  [-4.055107558073726, 6.764463873849068, -1.50761119821502, -6.191851607853925, 0.20296735153182024, -1.113299124398425, -3.333446084147313, 0.4830734195381865, -8.331863006291787, -2.327511946543141, 0.02359141843761653, -2.0993135413963238, 8.433277509450516, 0.8761560028623804]
other derivatives: [10.86882548  3.02688932  3.46899469 -6.49288268 -1.3726094  -0.4976755 ]
Current x array =  [-0.64516408 -0.815387   -0.61604142  0.75641818 -3.38751824 -1.46652408
 -0.94661672 -1.02249316 -0.96885397 -0.81903734 -3.39106042 -2.77212757
 -0.69758882  1.29735667 -1.0477489  -1.226028   -3.68836466 -1.48601371
 -1.12483905 -1.08106417]
log likelihood =  -8094.770872196315
Edge derivatives =  [-3.778237746556328, 3.231299418897061, -0.4682092826074915, -9.400724006129401, 0.22724388074155497, -1.2652193557737705, -2.776024664133904, -2.491598886622419, -2.7957036634408503, 0.24253218343515281, -0.017385742598983345, -1.6399207863002827, 5.5807445344489315, 1.2631078905922442]
other derivatives: [ 9.1496986   3.96667019  1.26146915 -7.91105776 -7.99573172 -1.717126  ]
Current x array =  [-0.64537672 -0.815693   -0.61574714  0.76300654 -3.36145789 -1.47592354
 -1.08681748 -0.76701628 -1.03559651 -0.70294192 -3.34615624 -2.72679902
 -0.75559966  1.29133521 -1.09966776 -1.25338142 -3.68677411 -1.49428112
 -1.0997761  -1.08641976]
log likelihood =  -8107.630084342742
Edge derivatives =  [4.832065288771397, 3.96880215283458, 14.821641412464668, 5.340812822189658, 1.5262290225692432, 0.7598134749868183, 7.729305898790267, 18.043643320827428, 10.212382154489045, 7.482327889743805, -0.11073063826744767, -3.8043931295595317, -1.483829568798017, 2.876369951194137]
other derivatives: [-190.8781087    78.45092114  -60.6298272     2.30484147   26.99925972
   -5.82567736]
Current x array =  [-0.58090246 -0.86831528 -0.60184328  0.67953109 -3.36638232 -1.4110025
 -1.26008424 -0.62989451 -1.4877431  -1.05086747 -3.35996567 -2.8102275
 -0.84045297  1.11253783 -1.22524576 -1.30450084 -3.70155129 -1.44103978
 -1.05049466 -1.1166195 ]
log likelihood =  -8094.1699427763915
Edge derivatives =  [-2.3828249714626177, 3.4883533809144525, 2.4626399658158595, -6.828465666532249, 0.4226445548289401, -0.9202283754705383, -1.3522834101041494, 1.4554310410228979, -0.4739844799294259, 1.4522903997552978, -0.042467843341736644, -2.027302247263305, 4.345843525894403, 1.5156755332025371]
other derivatives: [-21.69554136  18.1622454   -9.50885806  -6.70142981  -1.2106284
  -2.53185135]
Current x array =  [-0.63412728 -0.82487451 -0.6133212   0.74844178 -3.3623171  -1.46459614
 -1.11704899 -0.74309133 -1.11448685 -0.76364781 -3.3485657  -2.74135559
 -0.77040483  1.26013872 -1.12157855 -1.26230072 -3.68935242 -1.4849916
 -1.0911775  -1.09168899]
log likelihood =  -8093.41456990035
Edge derivatives =  [-1.8048915268899632, 2.8064350921591936, 3.0912284162231325, -5.078059438029685, 0.6190893049411674, -0.5615671711523851, 0.09184620425862472, 1.2053681647801238, 4.116227563353718, 3.0322979172492595, -0.10392450607018733, -0.7997089956457019, -0.4839812481708299, 0.9387452284227986]
other derivatives: [-4.33328751  0.5752554  -4.38367351 -4.6693458   1.15405783 -2.53412509]
Current x array =  [-0.63998348 -0.81002534 -0.61705434  0.73341486 -3.36468869 -1.46181901
 -1.16012834 -0.70719056 -1.12720781 -0.80586697 -3.34699567 -2.74877859
 -0.79790996  1.26221705 -1.16872612 -1.27751878 -3.69035751 -1.50329714
 -1.04926623 -1.08978846]
log likelihood =  -8093.157486019921
Edge derivatives =  [-2.276090918907694, 2.013457672270717, 2.332562520217115, -4.770330215320108, 0.6002042927815553, -0.6044710340995577, 0.31981332080091995, 1.0239318667036765, 4.1874423591766, 2.5310770335791593, -0.13941347320844893, -0.14359460483907438, -2.330682401467449, 0.2386269794382317]
other derivatives: [-2.11484803 -0.36425263 -1.09639586  0.90485628  2.01571311 -2.09411155]
Current x array =  [-0.64076435 -0.80960156 -0.61861818  0.71090816 -3.37686464 -1.47642854
 -1.17129123 -0.68134291 -1.10571562 -0.81396331 -3.34185376 -2.74625922
 -0.80265632  1.27176898 -1.16926425 -1.27155465 -3.68946216 -1.51229195
 -1.03236186 -1.08282259]
log likelihood =  -8092.789926296874
Edge derivatives =  [-2.301945087016837, 1.3226445801335056, 2.505326976233266, -3.0989262555341894, 0.4910101106199064, -0.6978388601615217, 0.9658649814395173, 0.73256780477053, 2.0328214628981005, 0.8238594298400223, -0.16040363554525638, -0.2161321093202655, -2.2804464704830067, -0.34856675585352764]
other derivatives: [ 3.75748641 -6.00948624  0.00909495  4.45725163  2.38860594 -1.94531822]
Current x array =  [-0.64296401 -0.80548696 -0.61905238  0.69480496 -3.37683759 -1.49160036
 -1.19250994 -0.65300387 -1.10861998 -0.86753092 -3.33747194 -2.75398303
 -0.80411293  1.27017638 -1.14969976 -1.25471121 -3.69030421 -1.51032357
 -1.03304952 -1.07767267]
log likelihood =  -8092.500038005773
Edge derivatives =  [-2.4079712071428974, 0.059555288421642205, 1.4151039803275438, -0.7405426973013212, 0.38426265900074785, -0.7144771597165901, 2.075857987822189, -3.4009738754266094, -0.11540088744051413, -1.2487251286095118, -0.15903911536527177, 1.2146497885709218, -2.5720382576456053, -1.0573349170799322]
other derivatives: [-3.34857759  1.89420462 23.9630026   5.36101652 -2.77041181 -0.96215445]
Current x array =  [-0.64056584 -0.81168765 -0.63009205  0.69146375 -3.36466514 -1.52413394
 -1.24343564 -0.6086965  -1.06444727 -0.95432756 -3.32881175 -2.76717818
 -0.81284781  1.28205706 -1.13085652 -1.23450817 -3.69239821 -1.52674547
 -1.02975895 -1.07183422]
log likelihood =  -8092.282226428575
Edge derivatives =  [-2.1996835997960504, -0.7896611664275186, 1.2937708253505051, 0.2642559078587679, 0.3460942714005064, -0.751189008008216, 2.611855353126236, -3.849293726876065, -1.6380870841935673, -2.0856128494651327, -0.08584139358591536, 1.5906243970967693, -0.8825087016189788, -0.5885142199246132]
other derivatives: [ 3.68017936  0.61118044 -8.44702299  5.89625415 -3.75230229 -0.71368049]
Current x array =  [-0.64364364 -0.81107866 -0.61368479  0.69429085 -3.36083187 -1.54630404
 -1.2748559  -0.56747562 -1.04731883 -0.98650178 -3.31972474 -2.76992725
 -0.81193935  1.28191837 -1.10895306 -1.22040807 -3.6933251  -1.52881468
 -1.03954966 -1.0695278 ]
log likelihood =  -8092.184081343993
Edge derivatives =  [-1.9848411720417567, -0.12903702863851357, 1.5323505208187846, 0.1896862927757782, 0.3740932272594299, -0.6915662710656133, 2.526086969371265, -2.995435257975163, -1.2643640235042062, -1.6113966058058244, -0.07766280305611478, 1.386692388060811, -0.35078023558485794, -0.309491067389299]
other derivatives: [ 1.43445504  0.79025995 -2.51939127  2.37423592 -2.703473   -0.76843207]
Current x array =  [-0.64262149 -0.81104813 -0.61654055  0.70653664 -3.35858396 -1.53857389
 -1.26765207 -0.58822915 -1.05225116 -0.98452104 -3.32359799 -2.77273803
 -0.8085738   1.27639426 -1.11340976 -1.22601526 -3.693817   -1.52582771
 -1.04477217 -1.07302479]
log likelihood =  -8092.093252422648
Edge derivatives =  [-1.8546995675329336, -0.4690211626707859, 1.196179377622749, 0.13286101175871684, 0.36788974547056313, -0.702292309564939, 2.4744111735769616, -1.5583751000617143, -1.0639277782365657, -1.2922732321464463, -0.07308846822099213, 1.2320110233819634, 0.11462935131945828, -0.13162725388900393]
other derivatives: [-2.89364834 -1.1494194   0.88057277 -0.84537533 -1.14596332 -0.69057933]
Current x array =  [-0.64110467 -0.81012201 -0.61783394  0.71800325 -3.35888103 -1.54240817
 -1.28490517 -0.57441149 -1.04053164 -0.98307677 -3.31944223 -2.77278054
 -0.80630505  1.26939787 -1.11496127 -1.22929718 -3.69422198 -1.52338744
 -1.04830052 -1.07444154]
log likelihood =  -8092.037567176375
Edge derivatives =  [-1.4972251529532983, -0.5486785739247115, 0.7433473471049896, 0.5289119542822467, 0.4133917026022959, -0.6193711855202609, 2.574151450366314, 0.889725806930519, -0.3528849038053508, -0.6141287468940746, -0.051326067097069494, 1.1690280141917428, 0.5594968909871871, 0.23850755582099042]
other derivatives: [ 7.60246621  5.54637154  4.00732461 -3.89145498  2.10029611 -0.42373358]
Current x array =  [-0.64395148 -0.81466266 -0.61886576  0.72796378 -3.36188881 -1.55193936
 -1.31255679 -0.56127199 -1.01713817 -0.99781721 -3.31422509 -2.7779135
 -0.79889704  1.25938134 -1.11828141 -1.2337562  -3.6951736  -1.52027742
 -1.04990293 -1.07542511]
log likelihood =  -8091.978869134438
Edge derivatives =  [-1.6030025958376877, -0.8037380120352651, -0.23721760380875218, 0.5224038639980566, 0.40463983579077806, -0.6354955878538682, 2.3164781712538844, 1.2136317427487713, -0.35865035868352135, -0.562257343855071, -0.06085855061160589, 1.183159565875334, 0.36770771807546887, 0.0769298991726115]
other derivatives: [-1.89802449 -0.54305929  1.79225026 -3.81342034  2.39069777 -0.09713403]
Current x array =  [-0.64112623 -0.8110763  -0.61761105  0.72820705 -3.36492162 -1.56185689
 -1.32745804 -0.55473023 -0.98955261 -1.00586483 -3.31035341 -2.78047561
 -0.79189937  1.25970331 -1.11777984 -1.23394397 -3.6953662  -1.5205739
 -1.04754759 -1.07356805]
log likelihood =  -8091.944288291246
Edge derivatives =  [-1.5895789205643713, -0.7785323760226208, -0.47692745007212567, 0.6117431530046356, 0.4175772752129008, -0.6136955415930662, 2.166873167670708, 1.2527589409223396, -0.2199138643484857, -0.46029278254535694, -0.07011775068536191, 1.0777357092675812, 0.07378578904285282, -0.026276390193732846]
other derivatives: [-2.5060217  -1.14669092 -0.15861588 -2.41143425  2.44081093 -0.00418368]
Current x array =  [-0.6409782  -0.81063092 -0.61682635  0.72274109 -3.3659241  -1.5654619
 -1.33383952 -0.55507938 -0.98242036 -1.01392844 -3.30926098 -2.78351783
 -0.78676544  1.25931422 -1.11876607 -1.23455507 -3.6955712  -1.51885612
 -1.04498183 -1.07254113]
log likelihood =  -8091.857516131917
Edge derivatives =  [-1.4353139978773624, -0.5039870980662204, -1.1564311334530757, 0.5182247855853961, 0.4381465126707276, -0.5581709746444455, 1.162826741386256, 0.714029930778415, -0.024021343370606074, 0.02573041472970594, -0.09222516701994138, 0.24107668077169497, -0.014433949816644809, -0.11399984583743339]
other derivatives: [ 0.61927494 -2.52093741 -1.86992111  0.26830094  0.75951903  0.16116246]
Current x array =  [-0.64216318 -0.80937066 -0.6163479   0.71290295 -3.36005134 -1.57292046
 -1.35686941 -0.56252177 -0.96531472 -1.03166437 -3.30524726 -2.79466622
 -0.762763    1.25492998 -1.12055863 -1.23960628 -3.69674284 -1.50663405
 -1.04519983 -1.07222513]
log likelihood =  -8091.896750474504
Edge derivatives =  [-0.8393186418028917, 0.1023853878229754, -0.7774468205299183, 0.5685469638847341, 0.5092019035930078, -0.4321372857849551, 0.20638648204681298, 1.621311475702027, 0.6019746710818332, 0.9264731472213532, -0.11536018864691155, -0.8876131808446854, 0.14492126220380208, 0.03200003891148695]
other derivatives: [-13.93482307   9.75360308  -4.3174623    1.71403371   0.89503374
  -0.01627996]
Current x array =  [-0.63687836 -0.81804604 -0.6161654   0.70641983 -3.35551349 -1.57428186
 -1.3858887  -0.57108051 -0.96931506 -1.04822579 -3.30057326 -2.80870675
 -0.73604362  1.24160437 -1.12542438 -1.24757173 -3.69859608 -1.48868332
 -1.04810094 -1.07446039]
log likelihood =  -8091.838522951103
Edge derivatives =  [-1.216368071032305, -0.2835798749417139, -1.0194890134972727, 0.537626967310489, 0.4638634660037335, -0.5119643208820793, 0.8216571196550861, 1.045180336853255, 0.2039413744338905, 0.353848286462371, -0.10068062259027555, -0.165471886255263, 0.043402320746894985, -0.06108530923589739]
other derivatives: [-4.63014658  1.97624104 -2.76131686  0.78989615  0.81390681  0.09567884]
Current x array =  [-0.64024187 -0.81252462 -0.61628155  0.71054599 -3.35840159 -1.5734154
 -1.36741945 -0.56563332 -0.96676906 -1.03768532 -3.30354802 -2.79977069
 -0.7530491   1.25008542 -1.12232759 -1.24250214 -3.69741659 -1.50010801
 -1.04625454 -1.07303777]
log likelihood =  -8091.815792287412
Edge derivatives =  [-1.0701637371022965, -0.1630463215000142, -0.9776762253744118, 0.4025197293681058, 0.45729432142630744, -0.4987461214425191, 0.32350960900111, 0.8023430642277218, 0.15158907121013082, 0.5011287601619947, -0.10855302193627653, -0.6582286462279796, 0.24515693004265726, -0.021386926060871114]
other derivatives: [-0.40126906  1.22081474 -0.87557055  1.07829692 -0.04520189  0.02910383]
Current x array =  [-0.64164924 -0.81171169 -0.61727835  0.70928441 -3.35384464 -1.57370327
 -1.37770523 -0.56793784 -0.96903322 -1.04028391 -3.30139908 -2.80421618
 -0.7427484   1.24696152 -1.12246772 -1.244749   -3.69807922 -1.49331104
 -1.04885414 -1.07403132]
log likelihood =  -8091.80286145406
Edge derivatives =  [-0.9212265144459908, -0.18349973894095795, -0.7726830339248153, 0.33210939738879075, 0.4428566905979695, -0.49715051385291864, 0.08740376678188327, 0.6823529021408423, 0.01211475343116064, 0.4778582578291527, -0.11064658049415083, -0.8928255709335455, 0.45287270095414, 0.03414156437956978]
other derivatives: [ 1.10048859  0.79489837  0.56770659  0.64228516 -0.48703441 -0.07048584]
Current x array =  [-0.64215356 -0.81131291 -0.61797183  0.71080475 -3.35099436 -1.57377089
 -1.3868339  -0.56493642 -0.97448992 -1.04009022 -3.2989009  -2.80663006
 -0.73776868  1.24513174 -1.1215762  -1.24499822 -3.6986171  -1.48997931
 -1.0510938  -1.07490295]
log likelihood =  -8091.7863706771095
Edge derivatives =  [-0.6804515052828712, -0.27858307742068295, -0.3942386076143155, 0.2966841032260862, 0.4218484469177471, -0.4891323314229666, -0.10016294960135047, 0.6128729743853583, -0.16306266723674223, 0.3278001807170168, -0.11129008760722336, -0.9842684345932226, 0.5663401777314592, 0.08577586773127821]
other derivatives: [ 1.40425982  0.0343789   1.23982318  0.00291038 -0.66393113 -0.20881998]
Current x array =  [-0.64228165 -0.81074934 -0.61827323  0.71299468 -3.34950896 -1.5749895
 -1.40143024 -0.55720555 -0.98303565 -1.03904567 -3.29422893 -2.80986717
 -0.73294177  1.24439071 -1.12014039 -1.24367473 -3.69942771 -1.48831885
 -1.05222471 -1.07552659]
log likelihood =  -8091.764646746812
Edge derivatives =  [-0.36849957587465376, -0.5184553287766043, -0.0605108777476856, 0.3077256239246411, 0.3852761800106838, -0.45884304785154134, -0.2855673425153943, 0.1857190257009912, -0.39063196731718525, -0.1513034405419944, -0.11366857252620183, -0.5630804296872526, 0.13905472439508437, -0.05047341147541495]
other derivatives: [-0.19335857 -0.4199137   4.97884685  0.12205419 -0.74460331 -0.22500899]
Current x array =  [-0.64176523 -0.8106003  -0.6199653   0.7120069  -3.35253325 -1.58255427
 -1.4281902  -0.54211936 -0.98850315 -1.03821022 -3.28381869 -2.81658589
 -0.72697094  1.24987258 -1.11809004 -1.23864735 -3.70095948 -1.49281311
 -1.04796984 -1.07410887]
log likelihood =  -8091.763066057194
Edge derivatives =  [0.1829186871701688, -0.6197656571936505, 0.6034718635917524, 0.3521939368707839, 0.3896053363368306, -0.36454003354378095, -0.42269867610203365, 0.10029296017388678, -0.16771996502121972, -0.2823694498316057, -0.08885452550504475, -0.05669849840835495, 0.011950903568515692, 0.15593185709990276]
other derivatives: [ 2.0085281  -0.27084752 -5.5622877  -0.37016434 -0.31641321 -0.31141099]
Current x array =  [-0.64262764 -0.81066023 -0.61483596  0.7147751  -3.35602361 -1.59093163
 -1.46260876 -0.52447622 -0.996092   -1.03427056 -3.27036485 -2.82536292
 -0.71957168  1.25467255 -1.11711152 -1.23451942 -3.70310239 -1.49743102
 -1.04467947 -1.07344693]
log likelihood =  -8091.752726027846
Edge derivatives =  [-0.08021672811438946, -0.567942167160211, 0.28284721715893335, 0.3314448900358561, 0.38763889483795727, -0.40978610859406983, -0.3557345573329559, 0.14233174864698328, -0.2749655578722238, -0.2186551058915271, -0.1007727960182942, -0.30020381827054154, 0.07386607116452182, 0.056672225618052574]
other derivatives: [ 0.94732968 -0.34015102 -0.45392881 -0.13387762 -0.51959432 -0.27002898]
Current x array =  [-0.64221141 -0.81063131 -0.61731155  0.71343907 -3.35433905 -1.58688844
 -1.44599725 -0.53299137 -0.99242938 -1.03617197 -3.27685811 -2.82112684
 -0.7231428   1.25235593 -1.11758379 -1.2365117  -3.70206815 -1.49520227
 -1.04626751 -1.0737664 ]
log likelihood =  -8091.7481295559755
Edge derivatives =  [-0.0906455710036726, -0.5779105002199125, 0.1556196453239378, 0.3572603528573809, 0.3908732794519859, -0.3959634209399161, -0.29241841186511575, 0.11942553294384717, -0.19503172168934885, -0.258063042973689, -0.09812768552975176, -0.05035472267265284, -0.12167514417528502, 0.00204380592170178]
other derivatives: [-0.28512659 -0.1796252  -0.36507117  0.08367351 -0.26047928 -0.17025741]
Current x array =  [-0.6417966  -0.81085655 -0.61730931  0.71261952 -3.35695964 -1.58954864
 -1.44827964 -0.53195528 -0.98792424 -1.03585363 -3.27511807 -2.8220767
 -0.72393143  1.25499037 -1.11793492 -1.23567278 -3.7022661  -1.49827431
 -1.04404692 -1.07285798]
log likelihood =  -8091.744100041228
Edge derivatives =  [-0.08679627041511129, -0.5087332358031162, 0.009837771001443452, 0.35966386628607455, 0.3992592025287732, -0.3723125115155032, -0.235503263277995, 0.15438738434315824, -0.055097527680851965, -0.1898536084895175, -0.09197364306104566, 0.15663904106782867, -0.19909982509908963, -0.012221768708149672]
other derivatives: [-0.37416612  0.29594958 -0.35952326  0.16070771  0.07121344 -0.04774847]
Current x array =  [-0.64172562 -0.81123802 -0.61727017  0.71230102 -3.35943673 -1.59217813
 -1.45037645 -0.53294685 -0.98261865 -1.03445597 -3.27279662 -2.82377801
 -0.72477265  1.25730651 -1.11866454 -1.23583423 -3.70265098 -1.50060622
 -1.04277618 -1.07215899]
log likelihood =  -8091.76316653631
Edge derivatives =  [-0.09862126823952383, -0.2518996747093369, -0.45421650694556504, 0.1001521436483434, 0.401823838264446, -0.32453861823238056, -0.42245146497016095, -0.6187257407232002, 0.09794667590529715, 0.08923136159876144, -0.08459174554792226, 0.29644460497559666, -0.10330044955511197, -0.09492888736105631]
other derivatives: [-10.28656698  -5.43495844  -2.9007424    0.44783519  -0.77207005
   0.25065674]
Current x array =  [-0.63880725 -0.80761748 -0.61620012  0.71192868 -3.36075579 -1.5976526
 -1.45687209 -0.54164955 -0.97058994 -1.02661766 -3.26429646 -2.83127916
 -0.72450447  1.26290752 -1.12024185 -1.23868105 -3.70437773 -1.50188208
 -1.04338267 -1.0712653 ]
log likelihood =  -8091.742390225705
Edge derivatives =  [-0.0893805484400555, -0.45101991465924474, -0.09296942204749109, 0.3019038281826256, 0.3998516069736154, -0.3615383456480407, -0.27737389174002003, -0.017349740720918216, -0.02082715526021789, -0.1274435560586864, -0.0903146092070955, 0.1879423069962161, -0.1776208794576435, -0.03052906620583029]
other derivatives: [-2.5745976  -0.97543307 -0.92595656  0.22400855 -0.11623342  0.01873559]
Current x array =  [-0.64107493 -0.81043077 -0.61703159  0.712218   -3.35973083 -1.59339874
 -1.45182475 -0.53488725 -0.97993668 -1.03270831 -3.27090138 -2.8254505
 -0.72471285  1.25855534 -1.11901622 -1.23646897 -3.70303599 -1.50089069
 -1.0429114  -1.07195973]
log likelihood =  -8091.7374951460015
Edge derivatives =  [-0.035549301839127745, -0.3023079390246568, -0.18095675599801309, 0.2534956365928924, 0.40788507739188185, -0.3262142095430522, -0.24967493191833892, -0.02588260016542132, 0.13787217523604794, 0.015363200279849831, -0.08087850380569583, 0.3468801747168508, -0.1206410006685259, -0.006850410899868542]
other derivatives: [-1.74941306 -0.31177478 -0.59708327  0.08885763  0.15106707  0.14042598]
Current x array =  [-0.64127927 -0.81087615 -0.61715823  0.71264912 -3.36172537 -1.59598884
 -1.45556975 -0.53736413 -0.97579503 -1.02892003 -3.2667869  -2.82871785
 -0.72545037  1.26088114 -1.11988358 -1.23742022 -3.70383968 -1.50233378
 -1.04281616 -1.0715482 ]
log likelihood =  -8091.731358841472
Edge derivatives =  [0.08047345222592989, -0.059775746720816425, -0.19789815737737343, 0.13019070006050715, 0.40817540815774245, -0.2818283683262151, -0.2715461342407157, -0.14463401361878403, 0.25083945117393963, 0.20414719334009301, -0.07089932050803704, 0.38475680135733936, 0.06991575385720106, 0.03291684400195438]
other derivatives: [-0.31950549  0.14688339 -0.05666152 -0.15079422  0.2066372   0.23674147]
Current x array =  [-0.64168506 -0.81111354 -0.61741702  0.71342587 -3.36272476 -1.59840191
 -1.46195506 -0.54175627 -0.97330797 -1.0221416  -3.25952406 -2.83469585
 -0.7261912   1.26301642 -1.12046641 -1.23903682 -3.70533477 -1.50194578
 -1.04406424 -1.07139406]
log likelihood =  -8091.727144333654
Edge derivatives =  [0.18554016295535658, 0.12826667573402406, -0.12980875566440925, 0.0036345568842747755, 0.3958838281350951, -0.25777005345042303, -0.2937991557385128, -0.26452802491295857, 0.21973425798371782, 0.2883840348227833, -0.0674388058058013, 0.276668771578733, 0.2492005001394466, 0.052212281394148685]
other derivatives: [ 0.73341653  0.10959411  0.33232936 -0.34788172  0.08276402  0.23683242]
Current x array =  [-0.64200776 -0.81100565 -0.61762298  0.71403789 -3.36234344 -1.59899578
 -1.466747   -0.54536455 -0.97401946 -1.01576314 -3.2527351  -2.84013941
 -0.7274668   1.26364851 -1.12016573 -1.23999372 -3.706747   -1.4999903
 -1.04565232 -1.07150514]
log likelihood =  -8091.723474100265
Edge derivatives =  [0.28192963129101556, 0.27869602787508707, -0.019724626282028868, -0.1111034864473682, 0.3751812591808674, -0.2459462367997699, -0.2995338901607728, -0.29324995313410795, 0.1012643443925344, 0.2871453312520057, -0.06992343653153338, 0.06923495468217367, 0.3563903272621787, 0.0475333260938422]
other derivatives: [ 0.33505785  0.68675945  0.33414835 -0.39217412 -0.05784386  0.16261765]
Current x array =  [-0.64184755 -0.81138633 -0.61767732  0.71407379 -3.36141297 -1.59842955
 -1.47050519 -0.54823369 -0.97615657 -1.00999446 -3.24559678 -2.84576412
 -0.72927949  1.26288879 -1.11924631 -1.24020863 -3.70822335 -1.49691371
 -1.04688756 -1.07169142]
log likelihood =  -8091.743300307382
Edge derivatives =  [0.4128984110256581, 0.48855234890106347, 0.04958268682492872, -0.4228360813275873, 0.2668254100647441, -0.24539838915167872, -0.2440441313454744, -0.30418674109522537, -0.4809865029632892, -0.16028522130867562, -0.08951246688523146, -0.45694311919898645, 0.09242850002268077, -0.15974423197179288]
other derivatives: [ 8.11160135 -5.66769813  1.66037353  0.39362931 -0.12842065 -0.04365575]
Current x array =  [-0.64461407 -0.80666663 -0.61821181  0.71008293 -3.36049842 -1.59784631
 -1.47996765 -0.55314541 -0.97883401 -0.99532529 -3.2218914  -2.8636999
 -0.73717883  1.26197728 -1.11556962 -1.23728455 -3.7128931  -1.49041877
 -1.04555701 -1.07087792]
log likelihood =  -8091.721585396508
Edge derivatives =  [0.31189949367657654, 0.32654761715004, -0.003930722144201537, -0.18112153434784195, 0.35107597218946235, -0.24561530192610437, -0.28645069969418757, -0.29551273328611327, -0.03086291223235027, 0.1857428599329929, -0.07438113504186084, -0.049993212886358496, 0.29647517393069545, 0.0004630583789909104]
other derivatives: [ 2.11421138 -0.75397111  0.63564585 -0.21354936 -0.07312337  0.11541488]
Current x array =  [-0.64247771 -0.81031128 -0.61779907  0.71316475 -3.36120465 -1.5982967
 -1.47266054 -0.54935248 -0.97676643 -1.00665314 -3.2401972  -2.84984951
 -0.73107879  1.26268117 -1.11840884 -1.23954259 -3.70928702 -1.4954343
 -1.04658449 -1.07150612]
log likelihood =  -8091.718265483848
Edge derivatives =  [0.34300376463886656, 0.3686936778238028, 0.060281703739381465, -0.2278039663686896, 0.3284393455836099, -0.24890048871122866, -0.2370292518627517, -0.19174650373353408, -0.17417857114257318, 0.07673837960609764, -0.08133749155786962, -0.22336525119957962, 0.22609887312707477, -0.040180897858957065]
other derivatives: [ 1.13514034 -0.27066562  0.30877345 -0.02337401 -0.0601176   0.01791705]
Current x array =  [-0.64214267 -0.81068245 -0.6176795   0.71230944 -3.36069413 -1.59716551
 -1.47341253 -0.55023895 -0.97836527 -1.00374796 -3.23495604 -2.85376505
 -0.7334908   1.26126533 -1.11736773 -1.23866337 -3.71033932 -1.49319392
 -1.04631697 -1.07149349]
log likelihood =  -8091.714635316565
Edge derivatives =  [0.34184330270772406, 0.34260419583656576, 0.0842748426851494, -0.2385922048287303, 0.2984494476142421, -0.2528277332052358, -0.11563446222246918, 0.008931864379112309, -0.31966289314751273, -0.12661746570300902, -0.09014641497709974, -0.337353071627178, -0.007905072130951485, -0.1083943092373581]
other derivatives: [-0.07430572  0.07748895 -0.0093678   0.27785063  0.11787051 -0.08340066]
Current x array =  [-0.64173777 -0.81100446 -0.61753174  0.71097037 -3.3608253  -1.59622282
 -1.47340083 -0.54950523 -0.97902216 -1.00151205 -3.22798982 -2.8587346
 -0.73735163  1.2597761  -1.11636122 -1.23677745 -3.71170142 -1.49186604
 -1.04455436 -1.07125856]
log likelihood =  -8091.711916346905
Edge derivatives =  [0.3194987019844885, 0.2824836133679042, 0.06121807002751578, -0.22466903924130485, 0.27879916440971575, -0.24564301420284596, 0.009209587585552736, 0.11800057219806193, -0.3460479667116267, -0.2650335452955391, -0.09262764992014688, -0.31944635444066904, -0.2169207152971213, -0.13849715341917823]
other derivatives: [-0.57061698  0.19354047 -0.34197001  0.42864485  0.24720066 -0.11696102]
Current x array =  [-0.64157877 -0.81114296 -0.61734563  0.71034327 -3.36114843 -1.59618071
 -1.47304488 -0.54790376 -0.97837792 -1.00033803 -3.22173547 -2.86316546
 -0.74077608  1.25926736 -1.11623265 -1.23533419 -3.7129476  -1.49214908
 -1.04272133 -1.07108497]
log likelihood =  -8091.707800572107
Edge derivatives =  [0.2474930193900593, 0.11505819825578922, -0.00658025986467492, -0.22012020548895628, 0.23949279060608428, -0.22254627738839142, 0.20749699273239147, 0.1408477061848551, -0.3510438476981816, -0.4613699984282097, -0.09260992247286753, -0.250780829392091, -0.48307720964180545, -0.16468390487896378]
other derivatives: [-1.66883183  0.07466952  1.55469024  0.35615813  0.18289938 -0.12669261]
Current x array =  [-0.64121479 -0.81116011 -0.61819074  0.71043646 -3.36055599 -1.5962233
 -1.47175486 -0.54432424 -0.97769437 -0.99831143 -3.20858484 -2.87267974
 -0.74694318  1.25846596 -1.11683546 -1.23365822 -3.71569834 -1.49301956
 -1.04052049 -1.07125904]
log likelihood =  -8091.703549812227
Edge derivatives =  [0.1923797501156227, -0.03612936315013032, -0.061550960547281264, -0.19218702072391675, 0.2123834431034495, -0.1622246379193664, 0.4771467952945899, 0.09359755901141276, -0.11633373300350824, -0.5006665039391438, -0.07680206741538104, -0.05323012198603738, -0.6460618990523894, -0.05431405773370901]
other derivatives: [-0.77607183  0.2314664  -1.37360985  0.24601832  0.04902176 -0.08849383]
Current x array =  [-0.64156124 -0.81127153 -0.61672459  0.71134744 -3.35976492 -1.59716865
 -1.47042073 -0.53991386 -0.97572615 -0.99552283 -3.19067015 -2.88581866
 -0.754428    1.2582636  -1.11856637 -1.23259318 -3.71951773 -1.4950791
 -1.03848748 -1.071708  ]
log likelihood =  -8091.700467003469
Edge derivatives =  [0.17820941987428518, -0.06206583537851912, -0.07239076731675231, -0.20706571236338797, 0.215137738224914, -0.14280352026715876, 0.456456145740501, -0.016114589744432695, -0.02151787742481026, -0.38310070815768776, -0.06817314552923381, 0.005179662828683873, -0.47704317650622063, 0.004086612824563407]
other derivatives: [-0.34951881  0.09313226 -0.31595846 -0.04865797 -0.11714292 -0.02819434]
Current x array =  [-0.64168965 -0.81113677 -0.61722819  0.71246736 -3.35902225 -1.59753471
 -1.47009692 -0.53951542 -0.97591395 -0.9953821  -3.1881923  -2.88781717
 -0.75417729  1.25844927 -1.11950288 -1.23386466 -3.7201601  -1.49554495
 -1.03987249 -1.0721549 ]
log likelihood =  -8091.697662777788
Edge derivatives =  [0.16826820712903579, -0.0780518261370885, -0.0690028065837246, -0.24286804252863314, 0.21846007174283935, -0.10338301945248209, 0.4173614631871012, -0.13716910272185023, 0.14070184123530038, -0.141529884680623, -0.05131438433845853, 0.08083119696115693, -0.13123685583226474, 0.11217854127557003]
other derivatives: [ 0.26366251 -0.13933459  0.38926373 -0.44665285 -0.3092282   0.06657501]
Current x array =  [-0.64187657 -0.81090042 -0.61759235  0.7139941  -3.35797518 -1.59807536
 -1.46978351 -0.53928146 -0.97647332 -0.99450586 -3.18214556 -2.89258137
 -0.75372528  1.25848729 -1.12094344 -1.23635238 -3.72165351 -1.49589116
 -1.04268539 -1.07286904]
log likelihood =  -8091.695715138808
Edge derivatives =  [0.14956539245655703, -0.10755370260464342, -0.05134189525488431, -0.24402499701958102, 0.21121131219395456, -0.0802689722515342, 0.41138240315549257, -0.030735440017084614, 0.1815393451126393, -0.026601754847276893, -0.042411425502422995, 0.09213372949674908, 0.04318274167149494, 0.14450013509003246]
other derivatives: [ 1.23845894  0.39071892  0.74805939 -0.41045496 -0.19545041  0.08631105]
Current x array =  [-0.64214922 -0.81121525 -0.6177872   0.71370394 -3.35784129 -1.59781317
 -1.46848916 -0.5386118  -0.97726735 -0.99454518 -3.17612556 -2.89697118
 -0.75361362  1.25767638 -1.12127127 -1.23759339 -3.72305032 -1.4956615
 -1.044136   -1.07302589]
log likelihood =  -8091.692001022711
Edge derivatives =  [0.06376875478940641, -0.23600392483756544, -0.056018575734297804, -0.24963462572341355, 0.19028384182113067, -0.024076550961110648, 0.34239168442435347, 0.16129413099803513, 0.2629995732423338, 0.2810893051633432, -0.020060967193709367, 0.15670054956829182, 0.4827394556392941, 0.18181428155340135]
other derivatives: [ 0.49549271 -0.40145096  0.58607839 -0.15843398  0.00445652  0.16352715]
Current x array =  [-0.64189973 -0.81063813 -0.61782079  0.71246435 -3.35785047 -1.59743174
 -1.46452599 -0.53649972 -0.97880123 -0.99590401 -3.1604665  -2.90822174
 -0.75212907  1.25610291 -1.12214358 -1.241104   -3.72669751 -1.49570584
 -1.04788919 -1.07316494]
log likelihood =  -8091.689315164078
Edge derivatives =  [0.02790742023432241, -0.27566091855630104, -0.01102012233444416, -0.22932045056280892, 0.15228457714142116, -0.008655371669276778, 0.3035077326243313, 0.26134124854088114, 0.1372930534472041, 0.29107606805459585, -0.019360267002849096, 0.0673898293815296, 0.48134149353826006, 0.089127325024909]
other derivatives: [1.51230779 0.84382918 0.4809408  0.30086085 0.04274625 0.09085852]
Current x array =  [-0.64218914 -0.81149386 -0.61777838  0.71069101 -3.35781372 -1.5959834
 -1.46126544 -0.53583106 -0.98046292 -0.99745941 -3.14846485 -2.91630695
 -0.75094329  1.25514698 -1.1210604  -1.2415638  -3.72932572 -1.49443209
 -1.04803488 -1.07243742]
log likelihood =  -8091.686485827887
Edge derivatives =  [-0.004752947766186066, -0.3046889347643419, 0.0008746083997823728, -0.1921786745775763, 0.1275140417894108, -0.006827490185856379, 0.2304242269313579, 0.21073071314799152, 0.03630436858636116, 0.26760623473613376, -0.02318012691309751, 0.032751300742527634, 0.3759797260763238, -0.017487611873296782]
other derivatives: [ 0.06984919  0.94951247 -0.14233592  0.5155016  -0.05375114  0.0433829 ]
Current x array =  [-0.64174493 -0.81165995 -0.61747669  0.71008947 -3.3580812  -1.59512512
 -1.45853351 -0.5356552  -0.98105987 -1.00036709 -3.14216509 -2.92013431
 -0.74835766  1.25549901 -1.1202226  -1.24158185 -3.73070381 -1.49415538
 -1.047237   -1.07164638]
log likelihood =  -8091.68344496526
Edge derivatives =  [-0.0382717260324722, -0.3179540085213316, 0.021166993336076634, -0.1339922221120592, 0.08281779538792616, -0.014653871328615616, 0.11809776701503988, 0.11522232044403269, -0.1563087213232251, 0.1475672105315654, -0.03395071548420109, -0.051665577586320066, 0.10263701668950675, -0.1957955261163939]
other derivatives: [-0.74915079  0.27366696 -0.68503141  0.65429049 -0.1805347  -0.04893081]
Current x array =  [-0.64154646 -0.81129674 -0.61714506  0.70985912 -3.35857724 -1.59377078
 -1.45487616 -0.53610998 -0.98183637 -1.00481651 -3.13364381 -2.92506762
 -0.74424809  1.25649342 -1.1187218  -1.24085117 -3.73252977 -1.49359199
 -1.04506206 -1.07039528]
log likelihood =  -8091.681382479947
Edge derivatives =  [-0.03859161938884098, -0.2826270527685325, 0.055635472643993156, -0.08412524272145067, 0.05279557347007928, -0.011146164410057599, 0.04542873816798931, 0.06985073934232033, -0.20709609336521562, 0.09726410188327117, -0.03685313255158579, -0.07597913744857765, -0.0345809367842167, -0.24349371857969598]
other derivatives: [-0.93268682  0.03865352 -0.62946128  0.36325218 -0.17416824 -0.08340066]
Current x array =  [-0.64150065 -0.8111907  -0.61709608  0.71113946 -3.35908228 -1.59312853
 -1.45259142 -0.53716641 -0.9823158  -1.00787279 -3.12663684 -2.92929794
 -0.74102972  1.25752448 -1.11834849 -1.24054652 -3.7341027  -1.49344425
 -1.04383074 -1.07006615]
log likelihood =  -8091.680670109378
Edge derivatives =  [-0.04730682380580409, -0.20855387315748297, 0.06653597975520686, -0.005284223112588138, 0.008134067981302395, 0.004433668169164592, -0.017911434193735087, 0.15322713937106225, -0.15183060610141358, -0.005611118556389405, -0.02913657785752216, -0.02601549242043999, -0.14862026135466078, -0.13909748992665588]
other derivatives: [ 1.98851922 -1.16096999 -0.06366463  0.13851604  0.19390427 -0.0601176 ]
Current x array =  [-0.64245194 -0.81027697 -0.61726524  0.71182052 -3.36073382 -1.59297176
 -1.44947344 -0.53931435 -0.98200531 -1.01197271 -3.11464585 -2.93674266
 -0.73741602  1.25903537 -1.11907699 -1.23965115 -3.73692913 -1.49400051
 -1.04250586 -1.0708451 ]
log likelihood =  -8091.679264250401
Edge derivatives =  [-0.025870167303974956, -0.17960365354746377, 0.08315876818318235, -0.011337628880323136, 0.01792465286840292, 0.0065880902657172976, -0.026156178616448644, 0.03914689030772622, -0.10607910929438924, 0.03541589537203571, -0.028943980501816735, -0.01081277656145796, -0.11239582005826976, -0.1173550838801688]
other derivatives: [ 0.19899744 -0.30431693  0.19554136 -0.16480044  0.0163709  -0.04611138]
Current x array =  [-0.64184072 -0.81093811 -0.61740189  0.71314411 -3.36028939 -1.59317766
 -1.45012937 -0.53979313 -0.98204488 -1.01164631 -3.11631303 -2.93567885
 -0.73714672  1.25942942 -1.11940415 -1.23994563 -3.73658709 -1.49407661
 -1.04280431 -1.07104657]
log likelihood =  -8091.679086494321
Edge derivatives =  [-0.02015259927804719, -0.16444409335582583, 0.08277223890887908, -0.012849461462274225, 0.02146898265907416, 0.010306256772808147, -0.020626215305476092, 0.023240821947102197, -0.06310111951286762, 0.05001100820773874, -0.026072831779420713, 0.009168754433285464, -0.07243012245908464, -0.07425071541634182]
other derivatives: [ 0.17307684 -0.09149517  0.15952537 -0.188993    0.00927685 -0.02819434]
Current x array =  [-0.64181962 -0.81107522 -0.6173984   0.71323886 -3.36026701 -1.5933783
 -1.45036176 -0.5400777  -0.98188289 -1.01143196 -3.11632359 -2.93571571
 -0.73729883  1.25952776 -1.11975107 -1.23999688 -3.73662656 -1.49420365
 -1.04308644 -1.07135367]
log likelihood =  -8091.6787700019295
Edge derivatives =  [-0.014075069161350484, -0.11825184491846785, 0.07124666734268692, -0.007475900423887072, 0.019494112302152353, 0.01702264811923846, -0.02052029832141572, -0.012080844859570838, 0.017977749427175616, 0.03331985519659986, -0.01976861138617747, 0.049175575461000154, -0.021880692057668405, 0.0265965759872282]
other derivatives: [ 0.15816113  0.1542503   0.31250238 -0.15024852  0.025193    0.01018634]
Current x array =  [-0.64178848 -0.81122303 -0.61750123  0.71303391 -3.36049883 -1.59375214
 -1.45039242 -0.54127686 -0.98132425 -1.01162692 -3.11451705 -2.9368454
 -0.73720868  1.2599575  -1.12054048 -1.23970423 -3.73716357 -1.49445182
 -1.0434068  -1.07214397]
log likelihood =  -8091.678938560997
Edge derivatives =  [0.008802308572718187, -0.042959288302067244, 0.0701918033481248, 0.004260662607925347, 0.021993716938906574, 0.019498098451486194, -0.01240431829194788, -0.05698490171310322, 0.09885731738792553, 0.007943252658251243, -0.015048434677117917, 0.06680100684112666, 0.00436647038305793, 0.11678503037213539]
other derivatives: [ 0.17453203  0.20245352 -1.17979653 -0.07112249  0.01928129  0.02837623]
Current x array =  [-0.64180488 -0.81122949 -0.61681926  0.71287704 -3.3606901  -1.59405256
 -1.45073708 -0.54294287 -0.9805261  -1.0118491  -3.11408384 -2.93688642
 -0.73715619  1.2604251  -1.12110306 -1.23911631 -3.73741844 -1.49450041
 -1.04345216 -1.07271425]
log likelihood =  -8091.678680118915
Edge derivatives =  [-0.005585082446984024, -0.09030168438554198, 0.07086089544790697, -0.003117981993961405, 0.020421463336249633, 0.01794149008110732, -0.017505295897996154, -0.028727782249614586, 0.04799398523484866, 0.023911810685140256, -0.01801698499382176, 0.055719041470955966, -0.012137976400171446, 0.060066015005330986]
other derivatives: [ 0.16407284  0.17216735 -0.24092515 -0.12087185  0.02291927  0.01682565]
Current x array =  [-0.64179457 -0.81122542 -0.61724822  0.71297571 -3.36056979 -1.59386359
 -1.45052028 -0.54189494 -0.98102814 -1.01170935 -3.11435633 -2.93686062
 -0.7371892   1.26013097 -1.12074919 -1.23948611 -3.73725812 -1.49446985
 -1.04342363 -1.07235554]
log likelihood =  -8091.678572259321
Edge derivatives =  [-0.007536435293839627, -0.07317859793495113, 0.0594542193134705, -0.0029020743391358073, 0.015725394384032074, 0.017985978603594882, -0.01914431025567004, -0.037830261073785065, 0.05551574261869263, -0.004019500179157087, -0.016709928272765795, 0.05592376143644129, -0.007729223146926145, 0.08236346133489525]
other derivatives: [ 0.08221832  0.14697434 -0.1031367  -0.02564775  0.02746674  0.02446541]
Current x array =  [-0.64176231 -0.81120265 -0.61732954  0.71255779 -3.36067257 -1.59390888
 -1.45043585 -0.5424931  -0.98076628 -1.01183562 -3.11325566 -2.93750812
 -0.73722973  1.26021006 -1.12092059 -1.23922895 -3.73756723 -1.49441336
 -1.04347487 -1.0725756 ]
log likelihood =  -8091.678475302011
Edge derivatives =  [-0.007611776496052269, -0.054517624561500555, 0.04661746410247425, -0.006893873699502229, 0.009837597754844711, 0.015952633197242924, -0.017612219698857456, -0.036494838335483615, 0.041479883508749704, -0.027031810740390405, -0.01700546946186482, 0.035030351022443396, -0.00033659355813453473, 0.07282210883093276]
other derivatives: [-0.1202352  -0.01364242 -0.03610694  0.03856258  0.02219167  0.02237357]
Current x array =  [-0.64169942 -0.81109267 -0.61737248  0.71226493 -3.36063389 -1.59384686
 -1.45046094 -0.54317324 -0.98049019 -1.01178038 -3.11226336 -2.9380619
 -0.73745532  1.26009201 -1.12091206 -1.23907398 -3.73787364 -1.49414556
 -1.04360136 -1.07255421]
log likelihood =  -8091.678409044462
Edge derivatives =  [-0.00684528903063808, -0.03263453503842534, 0.03626729536443041, -0.007256897908986648, 0.001798448718632814, 0.013175358562428678, -0.018454352980106614, -0.030697527131526292, 0.010823295783219888, -0.0462195134711344, -0.01838463210776442, 0.0013672040943677466, -0.0019929530642253113, 0.03721006510060604]
other derivatives: [-0.08221832 -0.00500222 -0.00463842  0.10113581  0.00945874  0.01000444]
Current x array =  [-0.64171202 -0.81109822 -0.61738822  0.71200441 -3.36053428 -1.59365062
 -1.45032071 -0.54390967 -0.98021751 -1.01191152 -3.11090064 -2.9387988
 -0.73753995  1.25990905 -1.12071806 -1.2389789  -3.73828137 -1.49375196
 -1.0436621  -1.07230287]
log likelihood =  -8091.6784859022855
Edge derivatives =  [0.006218648905526869, 0.014686364792828033, 0.00012124230396537428, -0.025104596430098353, 0.0026428340428190367, 0.009462558562434756, 0.008910043053889927, -0.0032554774317700153, 0.011924348483147662, -0.017250445569019, -0.018689887924843995, -0.03121889168542258, 0.07165251241822745, 0.0015175485137183808]
other derivatives: [-0.43410182 -0.5155016   0.04192771 -0.02264642  0.00409273  0.02128218]
Current x array =  [-0.64160989 -0.81073552 -0.617421    0.71239427 -3.36007638 -1.59373042
 -1.45126988 -0.54536954 -0.97919145 -1.01100167 -3.11155366 -2.93815817
 -0.73874007  1.25931866 -1.12083775 -1.23936966 -3.73847383 -1.49335847
 -1.0443865  -1.0720474 ]
log likelihood =  -8091.678373607017
Edge derivatives =  [-0.0021464314411457908, -0.015609310738493809, 0.023276254873593083, -0.013673202552801605, 0.0021025623954706515, 0.011840892004948742, -0.008607201579770463, -0.02082497173413622, 0.011219547160330412, -0.03579826248305784, -0.018494740936945475, -0.01034993374462323, 0.024500590216547824, 0.02437346463401102]
other derivatives: [-0.20872903 -0.18853825  0.01218723  0.05666152  0.00754881  0.01391527]
Current x array =  [-0.64167529 -0.81096777 -0.61740001  0.71214463 -3.36036958 -1.59367932
 -1.4506621  -0.54443474 -0.97984846 -1.01158427 -3.11113551 -2.93856838
 -0.7379716   1.2596967  -1.12076111 -1.23911944 -3.73835059 -1.49361043
 -1.04392265 -1.07221098]
log likelihood =  -8091.678335024218
Edge derivatives =  [0.002697229835192827, 0.0002360423913045917, 0.01914463897996521, -0.012623460625567573, 0.0009266843788024517, 0.010804380298370775, -0.004594696110086116, -0.013446345938926796, 0.0043777635915541735, -0.02972897646234396, -0.01908688872687142, -0.022103066212615596, 0.026875350555890964, 0.006012321038596946]
other derivatives: [ 0.00509317 -0.07084964  0.02373781  0.02837623  0.00536602  0.00945874]
Current x array =  [-0.6417406  -0.81104272 -0.61739868  0.71225697 -3.36026507 -1.59361056
 -1.45073435 -0.54482868 -0.97961868 -1.0115891  -3.11099548 -2.93855608
 -0.73806085  1.25958391 -1.12068087 -1.23919651 -3.73847489 -1.4934813
 -1.04395257 -1.07204723]
log likelihood =  -8091.678323832245
Edge derivatives =  [0.00513342450091242, 0.005392376419714906, 0.019266914063017837, -0.010278802523431885, 0.0007390559379978623, 0.010502552643760342, -0.004218306622571111, -0.008769271585627791, 0.0003209816004719479, -0.02177379757310527, -0.019582517809659306, -0.02482249615594645, 0.019971078789198016, -0.0058732434303629955]
other derivatives: [ 0.05402399 -0.01055014  0.00609361 -0.01118678  0.00591172  0.00609361]
Current x array =  [-0.64175544 -0.8110859  -0.61738298  0.71242508 -3.36022559 -1.59356067
 -1.45072209 -0.54493382 -0.97953883 -1.01167605 -3.11098367 -2.93850598
 -0.73800091  1.25955033 -1.12061701 -1.23928263 -3.73852696 -1.4934721
 -1.04388915 -1.0719391 ]
      fun: 8091.678323832245
 hess_inv: <20x20 LbfgsInvHessProduct with dtype=float64>
      jac: array([-0.05402399,  0.01055014, -0.00609361,  0.01118678, -0.00591172,
       -0.00609361, -0.00513342, -0.00539238, -0.01926691,  0.0102788 ,
       -0.00073906, -0.01050255,  0.00421831,  0.00876927, -0.00032098,
        0.0217738 ,  0.01958252,  0.0248225 , -0.01997108,  0.00587324])
  message: b'CONVERGENCE: REL_REDUCTION_OF_F_<=_FACTR*EPSMCH'
     nfev: 90
      nit: 81
   status: 0
  success: True
        x: array([-0.64175544, -0.8110859 , -0.61738298,  0.71242508, -3.36022559,
       -1.59356067, -1.45072209, -0.54493382, -0.97953883, -1.01167605,
       -3.11098367, -2.93850598, -0.73800091,  1.25955033, -1.12061701,
       -1.23928263, -3.73852696, -1.4934721 , -1.04388915, -1.0719391 ])
