number of sites to be analyzed:  404
log likelihood =  -14213.729236310617
Edge derivatives =  [192.7522864940965, 93.20190324325583, 170.25613546470942, 161.02782240299547, 44.135978712319535, 52.92255223963322, 292.2382684828561, 247.04657144197742, 159.6745973608607, 163.0820111147746, 165.4226244808459, 139.5421005898288]
other derivatives: [ -33.46976882   79.24463716 -226.46308935   34.80490705 -596.86826717
  231.85202735]
Current x array =  [-0.68842786 -0.74448082 -0.44182047  0.74193734 -0.10536052 -0.51082562
 -4.60517019 -4.60517019 -4.60517019 -4.60517019 -4.60517019 -4.60517019
 -4.60517019 -4.60517019 -4.60517019 -4.60517019 -4.60517019 -4.60517019]
log likelihood =  -13464.122510832956
Edge derivatives =  [188.01349214830515, 94.72395898598084, 169.46861228839902, 158.64167222560948, 40.80163162464817, 52.66510877464405, 293.09813910105146, 244.471906053886, 160.8276191475102, 160.2901697471574, 163.7121148251355, 140.16662875168097]
other derivatives: [ 265.63247957  114.37368812  -27.57769835  -49.5574568  -350.28861021
  202.99739845]
Current x array =  [-0.72680025 -0.74368461 -0.70145564  0.78184044 -0.78965744 -0.50221462
 -4.38418374 -4.49831616 -4.4099751  -4.42055517 -4.55456921 -4.54449559
 -4.27012515 -4.32193648 -4.42210662 -4.41820009 -4.41551662 -4.4451881 ]
log likelihood =  -14264.012324877018
Edge derivatives =  [192.61967523127058, 77.98037644412348, 159.09680389477768, 127.27301774011528, 30.361884677305955, 48.28228485119081, 251.58480704376484, 215.29683273736288, 150.8250968874852, 138.85760756499036, 150.74724524335628, 125.75817232366396]
other derivatives: [-28207.84739015    432.70010792    435.95700845   -655.13595473
    481.39663704    203.32081476]
Current x array =  [-0.05       -0.48832655 -1.34605006  0.64091473 -3.7269999  -0.31183012
 -3.10149583 -3.86108316 -3.26182992 -3.34196454 -4.27089665 -4.18766166
 -2.28951056 -2.66233281 -3.33688069 -3.32752423 -3.30418421 -3.49850152]
log likelihood =  -12278.908983894104
Edge derivatives =  [183.30637321626352, 88.72803675681821, 164.5848583484675, 145.9793715902114, 33.0391954170045, 48.50778233248997, 281.53945876247656, 230.85121820902043, 157.45266527946353, 148.45674549739647, 155.75912319356195, 134.2464081392801]
other derivatives: [-1732.96539288   249.48494683    90.88762454  -243.38623916
   154.75579858   166.01079551]
Current x array =  [-0.38618371 -0.61516932 -1.0258638   0.71091608 -2.26794799 -0.40639889
 -3.73863919 -4.17761283 -3.83214252 -3.87772765 -4.41180395 -4.36491005
 -3.27333167 -3.48669971 -3.87593971 -3.86929037 -3.85621098 -3.96874457]
log likelihood =  -11348.796531946013
Edge derivatives =  [163.03595052636, 68.27354324460354, 135.4433573966901, 105.16358545044594, 17.854550091052115, 36.45320209472227, 193.88398843599987, 168.33675751163588, 130.65022844006086, 110.5338996815357, 123.6031638579225, 113.5710314751065]
other derivatives: [ 439.97388275 -374.86770452   88.8849172  -153.33916963  479.81156968
  105.6905603 ]
Current x array =  [-0.68908734 -0.36569372 -1.39856286  0.52489724 -4.03866968 -0.25307859
 -2.86468593 -3.74465307 -3.04984263 -3.14639448 -4.22158096 -4.12290058
 -1.92495881 -2.35882635 -3.1358174  -3.12938342 -3.10044748 -3.32440388]
log likelihood =  -11074.957375672222
Edge derivatives =  [152.9800363079795, 58.49407218710371, 119.69490161936251, 81.70219998364178, 13.690930304073047, 30.54246250990361, 129.72174934192677, 132.0478871497355, 113.66381732656271, 94.32400058315835, 108.09222089535588, 100.85464210515215]
other derivatives: [ 151.82286006 -296.48053896  216.76823962 -117.93836165  502.66135077
   77.83328329]
Current x array =  [-0.62643018 -0.40986999 -1.45348213  0.3987435  -4.38568686 -0.15510891
 -2.53271179 -3.58406264 -2.75590171 -2.87951752 -4.15597196 -4.03391576
 -1.43210518 -1.94487666 -2.8565383  -2.85795826 -2.81921012 -3.08138818]
log likelihood =  -10336.115001659986
Edge derivatives =  [136.9325826573291, 36.92298867167312, 92.11455503008722, 44.45716958783336, 9.419514451874461, 17.89147892789742, 20.664953922827824, 61.62138468131401, 72.37818893226795, 68.00977028594723, 72.4505089648359, 65.1490952620246]
other derivatives: [-563.85833886  112.60599422  304.72037906   25.34252417  488.59819799
  -53.02736099]
Current x array =  [-0.49536485 -0.73920335 -1.0765352   0.08615421 -4.42217756  0.17691066
 -1.7177634  -3.21681749 -2.06521387 -2.30072315 -4.01885283 -3.83357781
 -0.42529233 -1.04094201 -2.20366526 -2.24276134 -2.16693727 -2.50703303]
log likelihood =  -9828.527872462222
Edge derivatives =  [101.78453693612626, 19.859216262905097, 64.90798925282255, 27.686493364796263, 3.9573488558502126, 5.612005764800802, -29.23002900734778, 12.069424707553521, 13.366614583960043, 37.250132215514384, 14.462814473526393, 10.420468440631005]
other derivatives: [-1228.02557598   261.10501494  -687.46830948   204.30816221
   306.8247679   -279.34947866]
Current x array =  [-0.44009474 -1.00495211 -0.35830142 -0.10195906 -3.60931758  0.46231344
 -0.92663649 -2.89770186 -1.43089416 -1.81967501 -3.90909505 -3.66303959
  0.33082344 -0.29971226 -1.62361238 -1.70176252 -1.58985457 -1.99407252]
log likelihood =  -9456.513870809664
Edge derivatives =  [86.8470420503692, 16.295734220546635, 55.08222618784384, 20.41903366795772, 3.2577064818677743, 6.513891025954237, -63.382765627296536, -11.378298861915908, 13.45680197107625, 29.121843776405942, 14.507216443564472, 16.22412446350705]
other derivatives: [-285.54404707  269.79305403  145.17136151  138.32923287  175.47499738
 -238.4018444 ]
Current x array =  [-0.59452311 -1.01344724 -0.62499893  0.05079047 -3.07176475  0.30719983
 -0.84280272 -2.88852715 -1.38591449 -1.81755836 -3.91317487 -3.66254721
  0.26065728 -0.31633434 -1.6141862  -1.68446502 -1.58233904 -1.98474737]
log likelihood =  -9323.597563826826
Edge derivatives =  [59.86088823289026, 10.076897596032998, 31.554024726352193, 5.739779132217302, 3.0823417682810454, 5.826483824608918, -140.159547740003, -64.20196436623888, 6.286323761533819, 26.197736014253174, 9.550829817458627, 12.914464102286914]
other derivatives: [  13.46088538  257.16890377   74.6380465   138.74541764 -154.94297259
 -237.05488275]
Current x array =  [-0.69530833 -0.99806425 -0.5539546   0.21734155 -2.16277956  0.14436009
 -0.70628863 -2.87206831 -1.31161325 -1.81442971 -3.91972289 -3.65946342
  0.14242517 -0.34410898 -1.5886532  -1.65463979 -1.5605562  -1.95831192]
log likelihood =  -9162.6071702752
Edge derivatives =  [59.38383264398764, 11.874623241303958, 39.830001870993215, 17.175747312575997, 5.211985822453482, 9.28641721109016, -72.20534901235277, -30.221122794086476, 27.86855499733366, 38.51649404730171, 33.19784428615342, 33.54698122827702]
other derivatives: [ 110.23566913 -143.74727471  165.26500985   30.52427928  -37.13466867
  -83.86286936]
Current x array =  [-0.71917541 -0.65013975 -0.58321416  0.48936451 -2.19939389 -0.31496417
 -0.69228195 -2.89909721 -1.33340761 -1.87138603 -3.93358935 -3.67485468
 -0.19125495 -0.54717485 -1.65614964 -1.68705726 -1.62511061 -2.00694355]
log likelihood =  -9087.414170112788
Edge derivatives =  [37.13798342463007, 9.421941375656743, 33.21133617531362, 16.442309482948815, 4.546262217348279, 7.498633733973206, -57.733458384076656, -29.51131415258636, 19.198578984017086, 32.67868066887942, 24.732721788956503, 25.24551913965841]
other derivatives: [141.67908375 -78.59816833  50.08951121  15.11780283  -9.41799954
 -57.58793122]
Current x array =  [-0.74591402 -0.71482789 -0.49060264  0.59793903 -2.32910115 -0.55556231
 -0.43199052 -2.8129558  -1.13844871 -1.74071914 -3.90027372 -3.6249598
 -0.17667826 -0.45713384 -1.50493181 -1.51258258 -1.4648787  -1.85983405]
log likelihood =  -9035.517089151774
Edge derivatives =  [-24.824036919318818, 4.535617240966855, 8.474575420559152, 8.687566316832061, 1.9587693168366076, 3.2218169051615675, -40.935417248845276, -35.65367275940651, -8.278000426654625, 2.6530267426866603, -6.763383253900824, 0.9117538483761893]
other derivatives: [  66.29798008  -92.00266504 -180.70968508    4.5494744   -30.92827683
  -21.01587597]
Current x array =  [-0.74417125 -0.75635625 -0.39827408  0.75661727 -2.43794084 -1.00926595
  0.0444829  -2.65038013 -0.74806527 -1.48541028 -3.83547894 -3.52770277
 -0.24262641 -0.36193676 -1.22292884 -1.15791504 -1.15564973 -1.57192108]
log likelihood =  -9019.32262157056
Edge derivatives =  [-12.248676933445708, 5.904836831966403, 15.304217876712363, 14.700024569077236, 2.63845790799134, 3.9563974969229596, -4.026365035838386, -8.477701643096847, 0.8505264205151846, 6.786189898753189, 1.4143602676005003, 5.382577517752082]
other derivatives: [101.17855709  43.46675269  10.91884769 -15.4488589   12.00205588
  -2.0434527 ]
Current x array =  [-7.40751121e-01 -8.49645239e-01 -4.40669488e-01  7.86096851e-01
 -2.46131827e+00 -1.14612376e+00 -7.25470533e-04 -2.65706214e+00
 -7.41360317e-01 -1.49341396e+00 -3.83674318e+00 -3.52755457e+00
 -4.51483294e-01 -5.16050428e-01 -1.25795078e+00 -1.15896067e+00
 -1.18233921e+00 -1.58003144e+00]
log likelihood =  -9016.31694171745
Edge derivatives =  [-16.476223758653276, 5.685066359088575, 11.783378312734001, 13.581080074616633, 2.3801347861607205, 3.660689938884881, -2.1675540631735264, -7.640446840582237, -1.1966903432798452, 2.79346060316733, -1.1363811999208675, 3.773484269500325]
other derivatives: [ 45.65390554  11.2100679   25.4221959  -12.97230483   8.27785698
   0.19444997]
Current x array =  [-0.72121391 -0.82717005 -0.44615335  0.78328354 -2.45578692 -1.17349649
  0.00815775 -2.64703368 -0.71492649 -1.47420238 -3.83245301 -3.52101026
 -0.47222943 -0.52879827 -1.24809229 -1.13956876 -1.17023193 -1.56513622]
log likelihood =  -9014.525888530006
Edge derivatives =  [-16.88793589820808, 5.791952574896181, 8.435321325100912, 12.823179788630569, 2.2895805130562317, 3.536275168366986, 1.7195541047320344, -4.250851889349547, -1.3959571989032844, 0.8707711581013697, -1.6478705921274106, 2.9914558022797237]
other derivatives: [-20.86926543  -4.64824552   2.59515218  -5.59830369   1.82571966
   2.59678927]
Current x array =  [-0.69866238 -0.81632808 -0.4425198   0.76728047 -2.43234066 -1.19215544
 -0.01713823 -2.64059225 -0.69603561 -1.4575988  -3.82946171 -3.51600372
 -0.51421895 -0.56667417 -1.25360814 -1.13265795 -1.17359616 -1.55976331]
log likelihood =  -9013.85673376982
Edge derivatives =  [-14.630471702716223, 6.0369628192242795, 6.995284484460271, 12.532232838243688, 2.2625105212485557, 3.5018489880806305, 2.913161948866184, -2.6452688891659326, -1.2439008352498375, 0.2937310186189348, -1.5349461395732649, 2.5937740463692944]
other derivatives: [-32.49024303  -4.50618245  -5.77874744  -0.55479177   1.51903805
   2.38305802]
Current x array =  [-0.69506318 -0.81578415 -0.44129096  0.75034492 -2.42804765 -1.18813252
 -0.04042413 -2.6355283  -0.68621859 -1.44481598 -3.82716571 -3.51240542
 -0.52629919 -0.58307393 -1.25750155 -1.13085656 -1.17684687 -1.55705231]
log likelihood =  -9012.2184763527
Edge derivatives =  [-7.181262338335059, 6.885581293684406, 2.046669438582237, 11.292854517995176, 2.1196765035379417, 3.3338332637691632, 5.574911853201309, 1.5340826588217222, -1.248357078223423, -1.8585506802329679, -1.564638234007777, 0.7496516522906691]
other derivatives: [-27.86400728  -1.78370101 -20.64207365  10.80206857   0.27757778
   0.74305717]
Current x array =  [-0.69774715 -0.81524913 -0.43878328  0.7086438  -2.41793024 -1.17518995
 -0.11065049 -2.61093743 -0.64683239 -1.39048892 -3.81703906 -3.49660679
 -0.55155929 -0.62492902 -1.2641442  -1.12071816 -1.18188732 -1.54206003]
log likelihood =  -9010.693209573663
Edge derivatives =  [-1.4438707869392655, 7.7356270259131055, -4.2733792436273195, 8.27268229415348, 1.832542239187469, 3.0575714652554065, 2.5580749751719525, 1.364145982994068, -1.9422320337024046, -4.0451799879739845, -2.162734465988075, -1.8060135726514677]
other derivatives: [-33.72479114   8.0688551   -2.45563569  11.01834641  -6.11489668
  -2.37378117]
Current x array =  [-0.69512255 -0.82241806 -0.44478725  0.70940241 -2.40366056 -1.16150158
 -0.17787233 -2.56189298 -0.60092098 -1.30081877 -3.80005764 -3.46987304
 -0.53781895 -0.63901901 -1.26592346 -1.11375546 -1.18401245 -1.52135939]
log likelihood =  -9009.179321046046
Edge derivatives =  [6.681498539764307, 9.24709653605371, -9.358737839260186, 4.331297955374231, 1.522272180296303, 2.7472782016002246, 1.8553206177718982, 3.8159668877497426, -1.9701701555465068, -5.030966105490734, -1.8843623829919465, -4.805822019778386]
other derivatives: [ 13.0463377   -5.9388185  -14.91825969   1.79043127   2.44490366
  -4.50945663]
Current x array =  [-0.7122749  -0.81249351 -0.43777477  0.73483822 -2.43111604 -1.1718673
 -0.25338037 -2.46781192 -0.53886164 -1.14839824 -3.76935557 -3.42156814
 -0.52083797 -0.65598505 -1.2640092  -1.10145329 -1.18112609 -1.48878749]
log likelihood =  -9008.541577744112
Edge derivatives =  [6.973486275443414, 9.448085729173302, -8.591121774798525, 3.0397154340673187, 1.5197063982001549, 2.7879987130447583, -1.1652489544836773, 1.898112371759832, -1.2763209657389465, -3.4614561506774293, -1.0273457712609269, -4.317994902183214]
other derivatives: [ 7.28614395  2.55349732 -0.03328751 -3.89991328  3.16576916 -4.88453225]
Current x array =  [-0.70885741 -0.8196201  -0.44172473  0.75507754 -2.43550282 -1.17265816
 -0.26029036 -2.43713023 -0.5452341  -1.11304248 -3.76170032 -3.40901639
 -0.49815077 -0.64244424 -1.26757704 -1.11214787 -1.18577176 -1.49174215]
log likelihood =  -9007.698001079365
Edge derivatives =  [3.785680752805341, 9.409966546895216, -7.9986203977332675, 0.1357341189760454, 1.4645921704168938, 2.755628039942845, -3.9248567938043033, -0.5366066292019955, -0.841276091346306, -2.0130230275933427, -0.5609197053984778, -3.62260125094701]
other derivatives: [  1.38916221   0.07403287  21.80222509 -10.91575541   1.63217919
  -3.0728188 ]
Current x array =  [-0.70623828 -0.81958497 -0.44708077  0.78169632 -2.43908286 -1.20120387
 -0.24765028 -2.37030481 -0.55532257 -1.04689701 -3.74555427 -3.38231898
 -0.47769134 -0.62380398 -1.26759757 -1.12182246 -1.18565763 -1.49435535]
log likelihood =  -9006.759365281845
Edge derivatives =  [2.630751689841738, 9.770950161775444, -4.3669156768318285, -3.3650208713050898, 1.614367121900922, 2.9689640863897755, -6.402084743385972, -2.3764956464915614, 1.9349483217161205, 3.3266918774335377, 2.552048530489351, -0.9162259912631355]
other derivatives: [ -4.75247361  12.59049895   6.69679139 -14.64668458   2.80397217
  -0.83964551]
Current x array =  [-0.70356731 -0.82943544 -0.44271578  0.79867255 -2.44654731 -1.22848555
 -0.25262106 -2.26600087 -0.59506448 -0.95880617 -3.72210718 -3.34276863
 -0.45900621 -0.60982921 -1.28222821 -1.1526241  -1.20039402 -1.51409996]
log likelihood =  -9005.939023331799
Edge derivatives =  [-2.5363897513369196, 9.69778152061283, -1.6268976185016268, -9.921879339826685, 1.6238323082689368, 3.053736592993328, -7.30500170596285, -4.36167170352233, 4.138682410818175, 6.559844108194075, 4.835001277650211, 2.8267563956243857]
other derivatives: [ -1.3214958  -19.62889655  47.79667506 -10.07301762  -1.30949047
   3.07463779]
Current x array =  [-0.70592658 -0.80366263 -0.4567258   0.77463719 -2.43517673 -1.26712584
 -0.26015474 -2.09634382 -0.66256787 -0.84467548 -3.68545795 -3.28031506
 -0.46015222 -0.60709877 -1.30205492 -1.18836339 -1.21789894 -1.54665249]
log likelihood =  -9004.984262679904
Edge derivatives =  [-2.1301661812460813, 9.743170719904068, -0.5395309698413843, -9.053176419683616, 1.6772640736852382, 3.046950854525708, -6.188331630394307, -3.601914039239568, 4.154365923906217, 6.986214249590546, 4.843429435337525, 2.993324600750815]
other derivatives: [-1.92740117 -8.33333615  9.89766704 -3.13375494 -2.19079084  2.59078661]
Current x array =  [-0.70683976 -0.81098079 -0.44626065  0.75462561 -2.43311226 -1.26043149
 -0.26322682 -2.08196999 -0.67516135 -0.85714433 -3.68356428 -3.27656101
 -0.47105959 -0.61359295 -1.30187337 -1.18652525 -1.21671713 -1.55053297]
log likelihood =  -9004.28085507259
Edge derivatives =  [-2.069072788377084, 9.8165006527019, 0.2857624536740691, -9.130965258754703, 1.6355792200331594, 2.8957990672547558, -3.2638574309259845, -1.632070829359516, 3.7179629156428375, 6.30875552218052, 4.243822585856451, 2.927400109818165]
other derivatives: [  1.80807547  -2.37378117 -21.00132406   7.01384124  -3.33129719
   2.40688678]
Current x array =  [-0.70977055 -0.81402259 -0.43837598  0.72094686 -2.429494   -1.25886948
 -0.2752389  -2.02885195 -0.69117247 -0.85259905 -3.67289053 -3.25795652
 -0.49498332 -0.63035986 -1.30022798 -1.17940467 -1.21237461 -1.5531668 ]
log likelihood =  -9003.720287343796
Edge derivatives =  [-2.380463135032742, 9.838545282517554, 1.13632491086907, -9.58515602489745, 1.5248291506653657, 2.674956682477627, -0.41791649364109706, 0.2102258932811667, 3.0627793813515334, 5.183019111996566, 3.3507312662284745, 2.7044508255108295]
other derivatives: [  5.54246071   2.74067133 -24.72115739  11.64808054  -2.2315362
   2.55877239]
Current x array =  [-0.71159509 -0.81750779 -0.43739427  0.70381091 -2.43208974 -1.26519273
 -0.28346443 -1.96162927 -0.7045795  -0.83768971 -3.65875675 -3.23372931
 -0.51383192 -0.64218298 -1.29578308 -1.17034922 -1.20516547 -1.55276102]
log likelihood =  -9002.41102458526
Edge derivatives =  [-4.678942662768014, 8.827229168040832, 2.28940443140894, -15.247506035003344, 0.7128784253796366, 1.1984095213809252, 5.442183028774271, 3.9904044106714283, -1.236867475957709, -0.842427122703714, -1.8372566683480511, 0.21060355165565645]
other derivatives: [-43.08276402 -11.16932253 -66.88969734  21.53246896  -4.154208
   1.83063094]
Current x array =  [-0.69839763 -0.81083072 -0.42626251  0.68018272 -2.43807936 -1.2929779
 -0.33574    -1.61356469 -0.74619922 -0.73957467 -3.58428677 -3.10717257
 -0.55852963 -0.67116622 -1.27183353 -1.12919011 -1.1708862  -1.54061069]
log likelihood =  -9000.526006374652
Edge derivatives =  [-7.024382504382366, 7.00322259808604, 7.48830666102438, -10.717287260088279, 0.3886385803970621, 0.41237839648004565, 11.981569847662733, 7.086704642628581, -3.7799668863463114, -4.293618689681373, -5.071548687506467, 0.18438308224311495]
other derivatives: [  4.04597813  10.33640729 -25.4231054   18.36542651   2.51766323
   1.91121217]
Current x array =  [-0.71299268 -0.8266798  -0.43466421  0.67971955 -2.44914428 -1.31003994
 -0.32512207 -1.41094555 -0.80681334 -0.77511523 -3.54786143 -3.0431931
 -0.59332407 -0.6744868  -1.25022905 -1.10082261 -1.14272078 -1.54481627]
log likelihood =  -8999.14943037381
Edge derivatives =  [-6.594068168217175, 6.350549192221589, 8.741852091515225, -9.178729559349547, 0.2094396926240564, 0.09679430346962747, 10.135239752201784, 5.3289735672493626, -4.609711827821885, -5.069891816056639, -5.860437667320702, -0.24386927735807368]
other derivatives: [ 8.01064743  8.07194738 -4.89708327  6.94271876  5.60485205  0.79617166]
Current x array =  [-0.71276911 -0.82661704 -0.43863435  0.71712979 -2.45575936 -1.30866115
 -0.33122725 -1.33704189 -0.81430077 -0.790639   -3.53479617 -3.02079733
 -0.57483517 -0.65713988 -1.24386756 -1.0955716  -1.13665727 -1.54194779]
log likelihood =  -8997.497914769174
Edge derivatives =  [-4.73833612897681, 3.4437528572978415, 9.731567469679742, -8.39463995014692, -0.2819820042370194, -0.835835551995875, 5.185957854084174, 1.5312887785480818, -5.850222099035437, -6.227237902746382, -6.71777657382148, -1.2414384397613647]
other derivatives: [ 8.65875336 -4.5311026   8.07831384 -8.21601134  5.33436832 -2.32430466]
Current x array =  [-0.71185971 -0.81966335 -0.44016528  0.77074857 -2.45686624 -1.29932859
 -0.38349926 -1.1116682  -0.82397564 -0.796587   -3.49257108 -2.94921846
 -0.53460581 -0.63047345 -1.23969022 -1.09027182 -1.13297625 -1.53693199]
log likelihood =  -8998.391309227998
Edge derivatives =  [-1.579006605024862, 2.816781450554613, 9.020081598740509, -0.6443716916586997, -0.2134843814850479, -0.6604752526970983, 0.18140551848947717, -1.5460543920827021, -3.7241792028751695, -5.307563878401886, -4.130666259977451, -0.3051914524532733]
other derivatives: [-81.87780622  24.74189387  70.88674465  -8.13342922   6.51634764
  -4.62059688]
Current x array =  [-0.6748726  -0.84183508 -0.46449331  0.77098088 -2.44285334 -1.25008085
 -0.43751137 -1.08553026 -0.80318177 -0.96664951 -3.50024556 -2.96176442
 -0.50134349 -0.61675441 -1.26588254 -1.11316256 -1.16506765 -1.54914791]
log likelihood =  -8996.950251332937
Edge derivatives =  [-3.5023326591954778, 3.217322390794985, 9.530026867484926, -5.2085559471060465, -0.2518845410178996, -0.7670318714437159, 3.3437158916483836, 0.37138708280077926, -5.020097167691992, -5.859847999019496, -5.708047910350401, -0.8685779077528715]
other derivatives: [-24.44012352   6.83794497  33.50687621  -8.31114448   6.00703061
  -3.18850653]
Current x array =  [-0.69780273 -0.82808973 -0.44941116  0.77083686 -2.45154063 -1.28061196
 -0.40402659 -1.10173446 -0.81607292 -0.86121935 -3.49548777 -2.95398656
 -0.52196445 -0.62525952 -1.24964463 -1.09897146 -1.1451726  -1.54157465]
log likelihood =  -8996.112206327085
Edge derivatives =  [-1.4016572419368953, 2.8778898017620627, 8.43716103321836, -3.4607057375696932, -0.23888523365085398, -0.7402124566335795, 0.004635741647284641, -1.455260788399191, -3.960881746673701, -4.723213381135663, -4.1066646983316115, -0.7664284199355093]
other derivatives: [-13.7324605   -2.70574674  25.09914339  -9.92386049   3.24725988
  -4.66243364]
Current x array =  [-0.70155029 -0.81949566 -0.44745801  0.77500324 -2.44029495 -1.26337181
 -0.43688414 -1.07244708 -0.79624508 -0.90340027 -3.49333755 -2.95079237
 -0.50000014 -0.61818264 -1.26165517 -1.10972482 -1.15996973 -1.54267777]
log likelihood =  -8995.219208107188
Edge derivatives =  [0.6029589067093581, -0.7552785227964762, 5.76748872422309, -1.9318726001932411, -0.33276528248349324, -1.0795555282998506, -2.2112524723536993, -2.0204400175610133, -1.7375076676024617, -2.503402549054764, -1.2243429527945766, -0.1974959953208192]
other derivatives: [-3.16940714 -5.44350769  6.49597496 -1.52613211 -4.26407496 -5.62540663]
Current x array =  [-0.7067284  -0.81485576 -0.44380005  0.74749866 -2.41871223 -1.25548312
 -0.51010176 -0.91446832 -0.76817017 -0.94907554 -3.46827037 -2.90945945
 -0.48954961 -0.62663517 -1.28653176 -1.12846189 -1.18558517 -1.54835947]
log likelihood =  -8994.943820041783
Edge derivatives =  [2.1281524067962962, 1.90981957877318, 3.8412582367652623, 0.15087724006077988, 0.08804547012725106, -0.3105011125362847, -1.8314096103595965, -0.8356426204304863, 1.153938467447423, 1.2473725929279067, 1.9150540691605742, 0.9521315484591972]
other derivatives: [  4.45288606  -0.99389581 -10.88665158  -0.43000909  -0.52787072
  -3.59468686]
Current x array =  [-0.70899618 -0.81647014 -0.43943396  0.74213164 -2.42237124 -1.26435046
 -0.50594786 -1.00564468 -0.72771509 -0.99225523 -3.48951221 -2.94730641
 -0.48799513 -0.63174668 -1.30379648 -1.14928788 -1.2043796  -1.55197745]
log likelihood =  -8994.781947102165
Edge derivatives =  [1.3799921585947534, 0.9551041669345903, 3.0258667028174546, -0.24915519128275196, 0.01856404553066817, -0.46385487379606033, -0.04894351034703326, 0.3739688022401998, 1.0274675237874122, 0.9448369659764125, 1.500283250021682, 0.8173432354096306]
other derivatives: [ 1.93667802 -0.73432602 -3.34366632  1.1852535   0.43801265 -2.57132342]
Current x array =  [-0.70839242 -0.81728023 -0.44134382  0.73667345 -2.42672961 -1.27998983
 -0.50733249 -0.96980527 -0.71917551 -0.98194051 -3.48230831 -2.93630645
 -0.49791667 -0.63844326 -1.30211709 -1.14637701 -1.20013422 -1.5494969 ]
log likelihood =  -8994.67635131432
Edge derivatives =  [0.25541715312693003, -0.18060394792064785, 1.9821514474515718, -0.3456311991604242, -0.044548684318041494, -0.6294419831717862, 1.4032322152209407, 1.2866824402721728, 0.7557752984973543, 0.9123430208396164, 0.7979865949511569, 0.5156341258929849]
other derivatives: [-0.25283953  5.19248715 -2.90237949  0.39763108  0.98880264 -1.21181074]
Current x array =  [-0.70785705 -0.82324276 -0.44047723  0.74255016 -2.43304838 -1.3055663
 -0.50152255 -0.92643068 -0.70270164 -0.97699242 -3.47436291 -2.92540249
 -0.50403441 -0.63973815 -1.29689096 -1.14149952 -1.19130436 -1.54464659]
log likelihood =  -8994.898537462668
Edge derivatives =  [-1.2480925857720708, -0.05537112052839974, -3.621843697802958, -1.7322854465851074, -0.05452020213465443, -0.5017804661570782, 1.6611702076460801, 1.7722724905476204, 1.089224545947994, 0.7613732486173805, 0.5791106217134461, 0.15021798277117496]
other derivatives: [ -3.6912752  -14.40457709  25.52351361   1.6480044   -0.8574716
   1.47229002]
Current x array =  [-0.70755954 -0.80946223 -0.44866785  0.73722792 -2.43277009 -1.34313349
 -0.49825805 -0.94622794 -0.64330267 -0.96712211 -3.47866768 -2.93933006
 -0.50434582 -0.64420238 -1.29870395 -1.14418161 -1.18981437 -1.53578199]
log likelihood =  -8994.64059628338
Edge derivatives =  [-0.15191496483809774, -0.14499623160576597, 0.5010415742437017, -0.7215483984416772, -0.046909599029545265, -0.5934950101581902, 1.4778321196116926, 1.421482577228712, 0.850332471587426, 0.8756148380907355, 0.7432733386623657, 0.42111860538461066]
other derivatives: [-1.15305738 -0.0343789   4.88016667  0.72923285  0.51186362 -0.46838977]
Current x array =  [-0.70777628 -0.8195016  -0.44270084  0.74110527 -2.43297283 -1.3157651
 -0.5006363  -0.93180527 -0.68657592 -0.97431281 -3.47553158 -2.92918357
 -0.50411895 -0.64095011 -1.29738315 -1.14222766 -1.19089986 -1.54224001]
log likelihood =  -8994.615214053401
Edge derivatives =  [-0.3013776020414216, -0.05236869833828116, 0.1718120283754976, -0.4331307954718338, -0.0344146171010534, -0.5676272895862656, 1.2129942954922952, 1.201421411331546, 0.7739807487867207, 0.9343257774707298, 0.6064832648340155, 0.33418547083156136]
other derivatives: [-1.29421096 -0.20063453  1.89374987 -0.40108716  0.52423275 -0.21063897]
Current x array =  [-0.70777986 -0.81977698 -0.44153929  0.74608776 -2.43416462 -1.32120632
 -0.49678998 -0.93445555 -0.67980142 -0.98082082 -3.47664362 -2.93225281
 -0.50143354 -0.63771677 -1.29568577 -1.14116215 -1.1888781  -1.5407851 ]
log likelihood =  -8994.601242513387
Edge derivatives =  [-0.33291255292209976, 0.13768138236288596, -0.18717501653023394, 0.05730985782643744, -0.022270211870820227, -0.527088268471936, 0.4430169858361377, 0.5356659356068091, 0.5226130048628413, 0.7132625418571029, 0.3368823624923809, 0.18291499414145582]
other derivatives: [ 4.11218934  1.60434865  3.32347554 -1.60107447 -0.0512955  -0.13260433]
Current x array =  [-0.70963109 -0.82130954 -0.44152405  0.75052913 -2.4341413  -1.32593984
 -0.49328078 -0.94009349 -0.67204184 -0.99259398 -3.47873095 -2.93808881
 -0.49522638 -0.63117199 -1.29249016 -1.13827669 -1.18587694 -1.53875667]
log likelihood =  -8994.598314947241
Edge derivatives =  [-0.5897870038548059, 0.1410544295176737, -0.5534037704629085, 0.013749607705671157, -0.03906986798602196, -0.5460403964079884, -0.261989526157659, -0.0607563101713271, 0.0925819071404313, 0.27068141643549504, -0.10647584844501368, -0.05435736820206513]
other derivatives: [-3.61360435 -1.28475222 -5.01731847 -0.83273335 -1.09721441 -0.11568773]
Current x array =  [-0.70742287 -0.81971524 -0.43929702  0.75057821 -2.4339415  -1.32911479
 -0.49151776 -0.94240667 -0.6685092  -0.99558971 -3.47948457 -2.94133308
 -0.49175537 -0.62710281 -1.28918768 -1.13467337 -1.18276786 -1.53696883]
log likelihood =  -8994.590529862151
Edge derivatives =  [-0.44050252067747153, 0.10510321907017414, -0.3188289550259811, -0.019509078654874223, -0.03856528192478801, -0.5483845859788457, 0.019461346837662763, 0.16422349820681126, 0.22170360221301746, 0.3457339780608457, 0.0510432686047575, 0.038890251528485575]
other derivatives: [-0.45529305 -0.13551471 -0.83909981 -0.74542186 -0.70467649 -0.2059096 ]
Current x array =  [-0.70834498 -0.82026742 -0.4404939   0.74894964 -2.43385208 -1.32668435
 -0.49340133 -0.94025011 -0.67162508 -0.99326192 -3.47885316 -2.93955222
 -0.49336476 -0.62897387 -1.29043938 -1.13575137 -1.18411607 -1.53785675]
log likelihood =  -8994.588695817201
Edge derivatives =  [-0.4079048816081887, 0.1017092046235901, -0.26934037508071085, -0.026292634176714458, -0.04057840450244166, -0.5500318284887075, 0.03390380687625805, 0.1521961963664159, 0.17150150470384812, 0.2524531613322425, 0.015626387628300487, 0.03109824125469951]
other derivatives: [ 0.19717845  0.06984919 -0.16098056 -0.46566129 -0.63628249 -0.22791937]
Current x array =  [-0.70859477 -0.82037728 -0.44069573  0.74776039 -2.43408167 -1.32663527
 -0.49385623 -0.93987048 -0.67230913 -0.99285574 -3.47877118 -2.93978152
 -0.49343466 -0.62884858 -1.29004902 -1.13514403 -1.18385646 -1.53779687]
log likelihood =  -8994.585715953759
Edge derivatives =  [-0.3145445759111596, 0.11553025131408497, -0.2014858707088747, 0.029725833063789925, -0.0416226181630009, -0.5439625508363013, -0.009929524672667833, 0.055197649768194856, 0.01928155405053411, 0.001467789784372231, -0.09222385646311926, -0.0023666984050298157]
other derivatives: [ 0.53878466  0.32523531  0.50567905  0.20772859 -0.35179255 -0.22519089]
Current x array =  [-0.70879618 -0.82057236 -0.44090611  0.74520292 -2.43521773 -1.32768481
 -0.49485525 -0.93937307 -0.67281302 -0.99354835 -3.47886218 -2.94159865
 -0.49291952 -0.6277061  -1.28865738 -1.13322769 -1.18290237 -1.53735822]
log likelihood =  -8994.583728197746
Edge derivatives =  [-0.1806258634725353, 0.13459909397110614, -0.06286371597324977, 0.12831310534104878, -0.035536028774068744, -0.5231449984419777, 0.019947346061475857, 0.024985532935631882, -0.05848942120214573, -0.11797642724722135, -0.1188065074321829, -0.00015828431399173004]
other derivatives: [ 0.37161954 -0.14642865  0.59590093  0.18317223  0.2570232  -0.16261765]
Current x array =  [-0.70874369 -0.82030206 -0.44088336  0.74503864 -2.4367809  -1.3292154
 -0.4958142  -0.93827378 -0.67344703 -0.99435699 -3.47897495 -2.94401955
 -0.49255757 -0.62667852 -1.28765173 -1.13203518 -1.18237857 -1.53703507]
log likelihood =  -8994.581168586217
Edge derivatives =  [-0.01832943693015676, 0.18050717178577627, -0.06132248606665777, 0.17506087388846528, -0.013655589120897892, -0.46457730323559837, -0.01602091413673734, -0.051077822203493994, -0.08387386560801585, -0.16910667931409884, -0.06332553616978687, 0.014121741380956537]
other derivatives: [-0.04911271 -0.01255103 -0.052205    0.38580765  0.50567905  0.00145519]
Current x array =  [-0.7086288  -0.82045632 -0.44069922  0.74441985 -2.43755999 -1.33234485
 -0.49782568 -0.93791037 -0.6727511  -0.99478258 -3.47954502 -2.94958368
 -0.49203231 -0.62554286 -1.28680765 -1.1310903  -1.18232063 -1.53645115]
log likelihood =  -8994.577746289273
Edge derivatives =  [0.17598550103599364, 0.17889795616695459, 0.06357004492140247, 0.188353886828171, 0.018610192931940668, -0.37309425774620847, -0.04255831235381735, -0.15438007529689934, -0.1033683689532528, -0.21019838415970826, 0.01848076920596209, 0.045604710038234714]
other derivatives: [-0.86038199 -0.08876668  0.00582077  0.21009328  0.59135346  0.19063009]
Current x array =  [-0.70829374 -0.82045185 -0.44071774  0.74505836 -2.43746715 -1.33583282
 -0.50102196 -0.93549341 -0.67387923 -0.99433886 -3.48011127 -2.95851509
 -0.49176916 -0.62437446 -1.2859239  -1.13033057 -1.18253317 -1.53583391]
log likelihood =  -8994.582551913056
Edge derivatives =  [0.49809189781235674, 0.15512259875650358, 0.11965086333824326, 0.016491884580520255, 0.08538171584722185, -0.20430390150241717, 0.057791861438124315, -0.12476853269488397, 0.00035655783895738313, -0.042319521585219566, 0.25071445345678356, 0.09605528788787224]
other derivatives: [ 3.12902557 -2.1118467  -4.70463419  0.43946784  0.20900188  0.47475623]
Current x array =  [-0.70995677 -0.81869377 -0.43934573  0.74410992 -2.43591506 -1.34080608
 -0.5071575  -0.93080321 -0.67484171 -0.98963309 -3.48070519 -2.97410999
 -0.4928147  -0.62485213 -1.28567571 -1.13047298 -1.18355596 -1.53472796]
log likelihood =  -8994.576583011705
Edge derivatives =  [0.27500365878634025, 0.17178314539223838, 0.0808458466202058, 0.13607529970289658, 0.039089281546342024, -0.32089787379566226, -0.011654472100616653, -0.14516798706845102, -0.07144352634347995, -0.15869044265753873, 0.08968704319159637, 0.061202322506053786]
other derivatives: [ 0.36325218 -0.70722308 -1.43299985  0.27994247  0.47475623  0.27794158]
Current x array =  [-0.7088029  -0.81991359 -0.44029768  0.74476798 -2.43699196 -1.33735546
 -0.50290045 -0.93405744 -0.67417391 -0.99289811 -3.48029311 -2.96328971
 -0.49208927 -0.6245207  -1.28584792 -1.13037417 -1.18284631 -1.53549531]
log likelihood =  -8994.574540972788
Edge derivatives =  [0.3258203760642995, 0.13129277040670112, 0.10103672951917861, 0.0665676727897658, 0.06261747762677997, -0.25441734807990785, -0.023060718637644584, -0.18274135264921176, -0.026586453560000556, -0.10104709984668159, 0.16015083909970973, 0.08199443952438096]
other derivatives: [-0.15625119 -0.39672159 -0.44856279  0.01091394  0.120599    0.38617145]
Current x array =  [-0.70852694 -0.82012987 -0.44060319  0.74577687 -2.43568993 -1.33900358
 -0.50487897 -0.93205763 -0.67493593 -0.9916791  -3.48058327 -2.96973539
 -0.49230042 -0.62451076 -1.2858789  -1.13075911 -1.18333099 -1.53514903]
log likelihood =  -8994.573560700599
Edge derivatives =  [0.3144307422539727, 0.08871672424647617, 0.1259195130554965, 0.01136849517512789, 0.0736184587739074, -0.225675194364596, 0.008381800066194822, -0.1378896426186338, 0.019819178655514302, -0.01580424407923897, 0.17249357609232452, 0.07868537366678832]
other derivatives: [-0.01855369  0.21718733 -0.25465852 -0.10641088 -0.12223609  0.37107384]
Current x array =  [-0.70852209 -0.82054618 -0.44066848  0.74624732 -2.43487225 -1.33859486
 -0.50532998 -0.93063316 -0.67562324 -0.99060015 -3.4804846  -2.97254544
 -0.49271608 -0.62516831 -1.28617853 -1.13136692 -1.18348015 -1.53501334]
log likelihood =  -8994.572513273655
Edge derivatives =  [0.1876988301755027, 0.0008142951204959809, 0.02209481958544679, -0.10973981760079954, 0.08230789675752498, -0.18990762984671558, -0.004132894473063198, -0.09851412972353135, 0.02718467012591702, 0.02303017486757397, 0.0731009318154785, 0.020943599947536418]
other derivatives: [-0.11805241 -0.23901521  0.93059498 -0.17698767 -0.54787961  0.32450771]
Current x array =  [-0.70848423 -0.82018227 -0.44102988  0.74652829 -2.43378287 -1.33767202
 -0.50504048 -0.92893871 -0.67543252 -0.98905069 -3.48027344 -2.97721257
 -0.49298766 -0.62614853 -1.28635245 -1.13203417 -1.18307416 -1.53444047]
log likelihood =  -8994.571406213392
Edge derivatives =  [0.1414383975036848, -0.04290722553666901, 0.035491645399975236, -0.1314198058666762, 0.08763605892316662, -0.17294572489783117, 0.020386095990401643, -0.0302231390197093, 0.0235030401368459, 0.0599795065712706, -0.0068039500178183054, -0.023237101622217177]
other derivatives: [ 0.06257324  0.16007107  0.58571459 -0.1366061  -0.54005795  0.23501343]
Current x array =  [-0.70855508 -0.82048229 -0.44091872  0.7464624  -2.43395885 -1.3363379
 -0.504386   -0.92767902 -0.67561667 -0.98849234 -3.4799418  -2.97964486
 -0.49312253 -0.62679287 -1.28629128 -1.13222426 -1.18252995 -1.53409243]
log likelihood =  -8994.569750323892
Edge derivatives =  [0.07758607456366051, -0.10941326068799861, 0.03736097174923744, -0.11089916802302532, 0.1018670414629573, -0.1243757090801355, 0.06416587043926603, 0.09962802089215395, -0.008276697988759518, 0.07906104921729218, -0.16786729735719463, -0.10913075572974607]
other derivatives: [ 0.70067472  0.37362042  0.57661964 -0.08294592 -0.11641532  0.08185452]
Current x array =  [-0.70880666 -0.82068986 -0.44084695  0.74617423 -2.43548043 -1.33417804
 -0.50279186 -0.92542445 -0.67501878 -0.98832667 -3.47926251 -2.98636161
 -0.492906   -0.62756737 -1.28577641 -1.13210147 -1.18126548 -1.53319921]
log likelihood =  -8994.575031289729
Edge derivatives =  [-0.16690816206324333, -0.25308576164846647, -0.060760318700000565, -0.22441562861990347, 0.11582710214941347, -0.0725832970176464, -0.0774778137775034, 0.1167871997127834, -0.06285649646952207, 0.10399943598930839, -0.3271419665888613, -0.21183900985594414]
other derivatives: [-4.23315214 -0.39945007 -4.27717168  0.45929482 -0.43983164 -0.13824319]
Current x array =  [-0.70727474 -0.82032526 -0.43962323  0.7456991  -2.43563006 -1.33061211
 -0.50070336 -0.92274496 -0.6748778  -0.98760037 -3.47809643 -2.9947274
 -0.49272857 -0.62859601 -1.28556418 -1.1322092  -1.18051682 -1.53260192]
log likelihood =  -8994.569489317204
Edge derivatives =  [0.03403959949182833, -0.13500261464596253, 0.019889361875158273, -0.13112396119965208, 0.10436539149846664, -0.11506694519304658, 0.038924240643384955, 0.10269785707533885, -0.017972496926562942, 0.0835308670728575, -0.19623413292032255, -0.1274140682861913]
other derivatives: [-0.17753337  0.23574103 -0.28667273  0.01364242 -0.17425918  0.04256435]
Current x array =  [-0.70853354 -0.82062486 -0.44062878  0.74608952 -2.43550711 -1.3335423
 -0.50241952 -0.92494675 -0.67499364 -0.98819718 -3.47905462 -2.98785307
 -0.49287437 -0.62775076 -1.28573857 -1.13212067 -1.18113201 -1.53309272]
log likelihood =  -8994.569166164303
Edge derivatives =  [0.04100663125224413, -0.1359305869617659, 0.003825087954758416, -0.10315704054850008, 0.11040937319303866, -0.09473526609466605, 0.02802418175276733, 0.10451542242530276, -0.03855405041469001, 0.05451962007045685, -0.217691877649431, -0.1397775480252521]
other derivatives: [-0.11896191  0.09895302 -0.13242243  0.05475158  0.03783498  0.03819878]
Current x array =  [-0.70856937 -0.82055569 -0.44065041  0.74588573 -2.43621861 -1.33360798
 -0.502181   -0.92466283 -0.67443371 -0.98859183 -3.47895162 -2.99045846
 -0.49256312 -0.62753924 -1.28540419 -1.13178002 -1.18086676 -1.53282066]
log likelihood =  -8994.568631238686
Edge derivatives =  [0.015994917224959382, -0.1338409578360787, -0.02455647672680797, -0.06388895422406338, 0.11796836835556203, -0.06725635393518314, -0.04437764175950676, 0.04038338381302642, -0.05656723615712633, 0.004215529075040969, -0.16927045003368701, -0.11773357818783714]
other derivatives: [-0.00691216  0.04783942 -0.11132215  0.00654836  0.09458745  0.02200977]
Current x array =  [-0.70861453 -0.82055053 -0.44062792  0.74609229 -2.43656627 -1.33340057
 -0.50149344 -0.92482981 -0.67376696 -0.98960352 -3.4785199  -2.99386338
 -0.49199895 -0.62689223 -1.28510899 -1.13127068 -1.18111297 -1.53289323]
log likelihood =  -8994.567914944539
Edge derivatives =  [-0.004911752297352967, -0.11987972563716785, -0.014683986789573222, -0.01230433160768521, 0.13470312706858603, -0.0064120186661633105, 0.00046216219674533043, 0.011033692473005896, 0.0022769709106390534, -0.045220602856172354, 0.09718499727194319, 0.033068739980456646]
other derivatives: [-0.20245352 -0.2568413   0.3776222   0.11059456  0.28758222  0.02510205]
Current x array =  [-0.70851623 -0.8202779  -0.44080041  0.7455314  -2.43683154 -1.33224441
 -0.50079185 -0.92584662 -0.67377801 -0.99090842 -3.47640736 -3.00046757
 -0.49245803 -0.62650382 -1.28549184 -1.13092234 -1.18300097 -1.53408488]
log likelihood =  -8994.567545631566
Edge derivatives =  [-0.06174010595976598, -0.10478506387073686, -0.03820708112729734, 0.009146150850417062, 0.13112899989457188, -0.007899476683504415, -0.04667946925962618, -0.040370142894172845, 0.0021027211640965993, -0.053221287279305085, 0.1157595929239974, 0.052471854207917085]
other derivatives: [ 0.10077201 -0.07221388  0.02837623  0.03656169  0.0694854  -0.02874003]
Current x array =  [-0.70861891 -0.8203968  -0.44069286  0.74590206 -2.43630938 -1.3312603
 -0.49979778 -0.92710699 -0.67357492 -0.99187513 -3.47533571 -3.000763
 -0.4923863  -0.62624371 -1.28562671 -1.13090847 -1.18320419 -1.53447998]
log likelihood =  -8994.567351028938
Edge derivatives =  [-0.07414298499250882, -0.08534831260534705, -0.0376888437410734, 0.01732521895957384, 0.1276367736876677, -0.010752056489733743, -0.03284667224933391, -0.04533052072964949, 0.015403194225628136, -0.037289543239574896, 0.11801818835621125, 0.06542771205056447]
other derivatives: [ 0.04783942  0.04911271  0.01055014 -0.01273293 -0.04711183 -0.04474714]
Current x array =  [-0.70857789 -0.82046431 -0.44070095  0.74609235 -2.43587218 -1.33077999
 -0.49954431 -0.92815912 -0.6737153  -0.99227179 -3.47437364 -3.00068435
 -0.49266281 -0.62630019 -1.28584877 -1.13112174 -1.18329725 -1.53474134]
log likelihood =  -8994.567256626022
Edge derivatives =  [-0.03217579958532113, -0.02623583423037297, -0.024949621799837424, 0.029770769345278697, 0.1291322934440309, 0.009157433830733017, 0.05422320235644684, -0.006771935640640825, 0.06540477684552226, 0.05148994576016952, 0.11659006376141767, 0.08362184927580929]
other derivatives: [ 0.71086106 -0.27630449 -0.8580173  -0.06475602 -0.2059096  -0.03219611]
Current x array =  [-0.70881429 -0.82012471 -0.44047268  0.74617732 -2.43501139 -1.330459
 -0.49985212 -0.93032315 -0.67401792 -0.99261278 -3.4716753  -3.00337479
 -0.49356704 -0.62672754 -1.2863183  -1.13180956 -1.18333336 -1.53496178]
log likelihood =  -8994.566911642207
Edge derivatives =  [-0.028288583280200896, -0.01369106002883183, -0.01758718482230151, 0.04308185877219828, 0.12535475731711596, 0.005402565419172563, 0.0675463256521085, 0.0019792292416783708, 0.05684729489666496, 0.04377778446448266, 0.07398071780050919, 0.07112010897540907]
other derivatives: [ 0.14442776  0.08840289 -0.25265763 -0.07130438 -0.15606929 -0.04274625]
Current x array =  [-0.70857197 -0.82041797 -0.44065961  0.74619886 -2.43510774 -1.33027884
 -0.49976079 -0.93084712 -0.67407864 -0.9928853  -3.47108304 -3.00338441
 -0.49363141 -0.62674797 -1.28628286 -1.13183579 -1.18306482 -1.53491315]
log likelihood =  -8994.566758906076
Edge derivatives =  [-0.005267195750587428, 0.002613554359765749, -0.015444565762095713, 0.05492688376956745, 0.1251615539802533, 0.012380802194915164, 0.08514812576881359, 0.01926914212488673, 0.04793127461847008, 0.04662959735409222, 0.02248375497082633, 0.049514847060278255]
other derivatives: [-0.06111804  0.14733814  0.01127773 -0.05857146 -0.07275958 -0.03783498]
Current x array =  [-0.70848597 -0.82047186 -0.44073932  0.74611032 -2.43528939 -1.33040181
 -0.49990135 -0.93125669 -0.67400116 -0.99301745 -3.47032699 -3.00466764
 -0.4936745  -0.62680254 -1.28616444 -1.1318639  -1.18267888 -1.53467182]
log likelihood =  -8994.566630644651
Edge derivatives =  [0.025062545259830538, 0.029070319692525347, -0.01893601608699058, 0.06794142835587938, 0.1250864932208003, 0.02510343831404832, 0.09709297600400357, 0.03398677861598476, 0.03459773981736047, 0.05160216090120906, -0.04377809087579099, 0.01926768388091918]
other derivatives: [-0.136788    0.07203198  0.15643309 -0.03910827 -0.00181899 -0.02946763]
Current x array =  [-0.70845689 -0.82041866 -0.44078425  0.74598265 -2.4354302  -1.3306165
 -0.50009223 -0.93199059 -0.67385198 -0.99320102 -3.46896675 -3.00690408
 -0.49368919 -0.62684877 -1.28599356 -1.13190308 -1.18218024 -1.53431913]
log likelihood =  -8994.566479275763
Edge derivatives =  [0.04505936243454811, 0.05211793638757616, -0.01234183456520721, 0.06968404568774267, 0.12218073141199871, 0.030576964203208802, 0.07743556722663625, 0.029818888370898855, 0.018630406965585156, 0.04093105224025961, -0.06175590782471252, 0.0013939865899690318]
other derivatives: [-0.10677468  0.08021743  0.09749783  0.0165528   0.03183231 -0.02291927]
Current x array =  [-0.70847726 -0.82042465 -0.44077094  0.74576758 -2.43554773 -1.33084341
 -0.50018015 -0.93263411 -0.67387878 -0.99318081 -3.46746874 -3.00822638
 -0.4935099  -0.62680308 -1.28582788 -1.13180934 -1.1820254  -1.53409124]
log likelihood =  -8994.567635176261
Edge derivatives =  [0.04263127159557745, 0.14551959930125213, -0.01652280574889778, 0.002777745719585195, 0.0800481174398721, 0.008723552251060446, -0.08572371912623744, -0.04946089414030341, -0.08771646593223958, -0.07817979207060621, -0.17860288911259237, -0.09939131076953894]
other derivatives: [ 0.840555   -1.07174856  2.49438017 -0.15770638 -0.2057277   0.01327862]
Current x array =  [-0.708806   -0.8195193  -0.44144786  0.74589608 -2.43475269 -1.33189063
 -0.50019633 -0.93650509 -0.67455014 -0.99234213 -3.45878778 -3.00997961
 -0.49242057 -0.6266525  -1.28532444 -1.13168522 -1.18148487 -1.53315744]
log likelihood =  -8994.566356914173
Edge derivatives =  [0.0444928801773572, 0.07423205026504134, -0.013320749573254381, 0.05389803837137022, 0.11229398859927693, 0.025423429995912836, 0.038922120333886534, 0.011099481693094049, -0.006467796400933479, 0.012809708589520685, -0.08934286485556053, -0.022393489275779443]
other derivatives: [ 0.11714292 -0.19172148  0.66447683 -0.02473826 -0.02437446 -0.01418812]
Current x array =  [-0.70855494 -0.82021072 -0.44093089  0.74579794 -2.43535986 -1.33109087
 -0.50018398 -0.93354883 -0.67403742 -0.99298263 -3.46541742 -3.00864067
 -0.49325249 -0.6267675  -1.28570892 -1.13178001 -1.18189767 -1.53387059]
log likelihood =  -8994.566080860655
Edge derivatives =  [0.06183400865090949, 0.11841965113787795, 0.010981040642326967, 0.03439187276691466, 0.09954271940177292, 0.023759039908059644, -0.047713312314845435, -0.025265919910492762, -0.04318993757928857, -0.02735941787016083, -0.0659640258117482, -0.04449631525463718]
other derivatives: [-0.120599   -0.21173037  0.08476491  0.11623342 -0.04074536  0.        ]
Current x array =  [-0.70850931 -0.82020565 -0.44078499  0.74539413 -2.43545825 -1.33154855
 -0.50018373 -0.9349626  -0.67440357 -0.992626   -3.46166495 -3.00999256
 -0.4926727  -0.62659019 -1.28543176 -1.13148254 -1.18205573 -1.53359828]
log likelihood =  -8994.565960886925
Edge derivatives =  [0.06902717248681411, 0.13650482683124213, 0.041941034367994734, 0.025975270704665987, 0.09215327575484392, 0.017455145108111615, -0.0767547650568654, -0.03550966266591915, -0.04619204444330233, -0.042418204649861235, -0.00660543475477926, -0.03387763486418169]
other derivatives: [ 0.21045707  0.02219167  0.03019522  0.13187673 -0.02837623  0.00563887]
Current x array =  [-0.70862508 -0.82036808 -0.44076054  0.74531015 -2.43552027 -1.33168597
 -0.50006485 -0.9354495  -0.67473676 -0.99231652 -3.45988149 -3.00967445
 -0.49242568 -0.62651506 -1.2854129  -1.13133855 -1.18244435 -1.53366845]
log likelihood =  -8994.565834809739
Edge derivatives =  [0.05125514877851667, 0.14029702954881101, 0.060199683610629495, 0.0047607945518539085, 0.08229774168776127, 0.0037510112188600814, -0.10377607249773835, -0.046380824736136916, -0.047169418495655924, -0.053864798785642876, 0.04355595863972339, -0.023741351548947243]
other derivatives: [ 0.04292815  0.00545697 -0.12114469  0.08913048 -0.06257324  0.01255103]
Current x array =  [-0.70856724 -0.82036808 -0.44071685  0.74551203 -2.43545612 -1.33177535
 -0.4998452  -0.93569403 -0.67506492 -0.99190676 -3.45830982 -3.00850607
 -0.4922691  -0.62649882 -1.28549185 -1.13129686 -1.18283058 -1.53380756]
log likelihood =  -8994.565654962942
Edge derivatives =  [0.03475477932702287, 0.1363538440481996, 0.07599152881428675, -0.012850515619363484, 0.07207210746162557, -0.009433236801202657, -0.09315966478949123, -0.028589429060130955, -0.03868897679755651, -0.04471452826329503, 0.06942725756440327, -0.019875147259039133]
other derivatives: [ 0.03019522  0.07930794 -0.06766641 -0.0172804  -0.02273737  0.02637535]
Current x array =  [-0.70855096 -0.82044569 -0.44071057  0.74589038 -2.43557626 -1.33199717
 -0.49957817 -0.93550935 -0.67522059 -0.99137779 -3.45642314 -3.00747442
 -0.4922586  -0.62658118 -1.28559844 -1.13135112 -1.18298634 -1.53386541]
log likelihood =  -8994.565298925658
Edge derivatives =  [-0.01583443676756624, 0.12666283000025919, 0.06195714700657268, -0.05964762328645948, 0.052015360364754154, -0.017874456047478844, -0.012941994331812978, 0.01960444429245556, 0.008472224349757862, 0.0067521323392715216, 0.11129690476530807, 0.006313014852579624]
other derivatives: [-0.15097612  0.04783942 -0.08276402 -0.0507498  -0.03838068  0.07257768]
Current x array =  [-0.70848652 -0.82043181 -0.44070142  0.74603289 -2.43549248 -1.33236425
 -0.49913091 -0.93548276 -0.6752851  -0.99042589 -3.45030224 -3.00814371
 -0.49288638 -0.62692178 -1.28610938 -1.13177984 -1.1832651  -1.53416611]
log likelihood =  -8994.5649081361
Edge derivatives =  [-0.03148707151557684, 0.10875242961049539, 0.04108267127112322, -0.07027819240472405, 0.03352920399525322, -0.017303719481137445, 0.05693407089563873, 0.05238101400252693, 0.029627280336220807, 0.03528944315392346, 0.06627176222373476, 0.008682584001018762]
other derivatives: [ 0.02146407  0.09549694 -0.02928573 -0.1022272   0.0345608   0.06366463]
Current x array =  [-0.70854765 -0.82048921 -0.44068389  0.74618648 -2.43573032 -1.3322396
 -0.49887548 -0.93480111 -0.67494942 -0.99008671 -3.44395282 -3.01046326
 -0.49334583 -0.62699684 -1.28636911 -1.13197023 -1.18286507 -1.53430144]
log likelihood =  -8994.56464182027
Edge derivatives =  [-0.08966949788918477, 0.03637993940744646, -0.03898605541350364, -0.09150906110155702, 0.003913803074515554, -0.009116036036387352, 0.06903602504576356, 0.020416947979734812, 0.028403856890910795, -0.004900272412317053, 0.019530916284011157, 0.027777707496746823]
other derivatives: [-0.5837137   0.25283953  0.67484507  0.06020855  0.06584742  0.01818989]
Current x array =  [-0.70834855 -0.82066941 -0.44087998  0.745702   -2.43615117 -1.33167861
 -0.49859411 -0.9326054  -0.67415871 -0.99006791 -3.43374361 -3.01553408
 -0.49355064 -0.62663459 -1.28658039 -1.13180806 -1.18251259 -1.53468205]
log likelihood =  -8994.564458130171
Edge derivatives =  [-0.08141201859497116, 0.010118971041926425, -0.061610674994966946, -0.07071531253861518, -0.0013057461610755938, -0.0042226656014463446, 0.07742932955079218, 0.009666514690589212, 0.024558239772522528, 0.010210654981447798, -0.049522516919677795, 0.018592541665930246]
other derivatives: [ 0.23719622 -0.17644197 -0.21027518  0.00636646  0.04019967 -0.03165042]
Current x array =  [-0.70868895 -0.82034153 -0.44058499  0.74589367 -2.43616099 -1.33117058
 -0.49864974 -0.93148626 -0.67370396 -0.99048889 -3.4313206  -3.01724602
 -0.49365469 -0.62648051 -1.28660795 -1.13182372 -1.18196137 -1.53473438]
log likelihood =  -8994.564381915668
Edge derivatives =  [-0.06389780626790675, 0.02521234900345043, -0.044895077613340884, -0.061551744291397176, 0.006847368378731185, -0.003218850767679901, 0.039499056372958474, -0.004868855002267525, 0.008417921999477718, -0.011164290390184184, -0.03455208649541408, 0.011627530198247416]
other derivatives: [ 0.0516593  -0.03310561  0.00509317  0.034197    0.04438334 -0.02728484]
Current x array =  [-0.70860918 -0.82044546 -0.44066273  0.7457924  -2.43615533 -1.33128296
 -0.4988158  -0.93194132 -0.67388869 -0.99067116 -3.43401383 -3.01645922
 -0.49335114 -0.62641954 -1.28641028 -1.13167512 -1.18209369 -1.53459066]
log likelihood =  -8994.564357465495
Edge derivatives =  [-0.05675393232326442, 0.024313620899738986, -0.041889650649971716, -0.054987730102337956, 0.007538844463525991, -0.002450352924881591, 0.018289505945578766, -0.016017492920187282, 2.3724395224078432e-05, -0.019692653915053593, -0.0348213703746405, 0.008015837328286313]
other derivatives: [ 0.00254659 -0.00527507  0.02673914  0.03674359  0.02928573 -0.03219611]
Current x array =  [-0.70858971 -0.8204672  -0.44067242  0.74579306 -2.43612146 -1.33127284
 -0.49893037 -0.9318624  -0.67392031 -0.99084213 -3.43424316 -3.01654716
 -0.49320474 -0.62636263 -1.2863382  -1.13162104 -1.18210417 -1.53454778]
log likelihood =  -8994.564296207616
Edge derivatives =  [-0.033349341888812, 0.017646740954444934, -0.028978818320915617, -0.032357802389314294, 0.005866240300659381, 0.00013527151215649708, -0.024513470325883358, -0.03438699395094269, -0.013785841473349658, -0.028064549332238342, -0.026175011434895534, 0.0032869675179455493]
other derivatives: [-0.06330083  0.02473826  0.04038156  0.0178261  -0.00345608 -0.03819878]
Current x array =  [-0.70855823 -0.82048755 -0.44068234  0.74586547 -2.43599672 -1.33130916
 -0.49932052 -0.93143075 -0.6740486  -0.99135977 -3.43353552 -3.01720726
 -0.49289852 -0.6262848  -1.28623109 -1.13158415 -1.18219286 -1.53447461]
log likelihood =  -8994.564249574578
Edge derivatives =  [-0.005846179160532872, 0.011609063881574407, -0.007700319737745653, -0.00423160522944338, 0.003436693421653529, 0.004081838303097843, -0.022672652973545704, -0.020421911722642516, -0.008808193762124494, -0.011879200607398333, -0.0043540415320906245, 0.005754173943895297]
other derivatives: [-0.0345608   0.02419256  0.05384209 -0.01200533  0.00763976 -0.02473826]
Current x array =  [-0.70855477 -0.82047404 -0.4406908   0.74592045 -2.43588854 -1.33149525
 -0.4997476  -0.93095396 -0.6742427  -0.99185697 -3.43214138 -3.01804238
 -0.49286088 -0.62640157 -1.28626372 -1.13171152 -1.18235634 -1.53443494]
log likelihood =  -8994.564350716277
Edge derivatives =  [-0.008575621086800655, -0.004162249593431554, -0.002897106729665394, -0.0008175056179774431, -0.002580657622824001, 0.0034515773130743346, -0.007563378678635102, 0.00325972158453669, 0.002797491596902013, 0.018516386852411082, 0.004158503449535944, -0.0022018405576376687]
other derivatives: [-0.39126462  0.22428139 -0.70231181  0.06966729 -0.03910827 -0.00200089]
Current x array =  [-0.70844777 -0.82063513 -0.44048881  0.74579822 -2.43580267 -1.33188184
 -0.49992522 -0.93026236 -0.67433286 -0.99192082 -3.42979027 -3.0187252
 -0.49300049 -0.62660408 -1.28635783 -1.13183344 -1.1823848  -1.53433495]
log likelihood =  -8994.564246670627
Edge derivatives =  [-0.006236141137764273, 0.009352915460436526, -0.0070119571921785084, -0.0037423465892271746, 0.002577526661912112, 0.003992793121054883, -0.020509166825506187, -0.017031520774550835, -0.007144806755702171, -0.0075263928509501365, -0.003134479120303846, 0.004616517777004503]
other derivatives: [-0.0856744   0.05275069 -0.05456968 -0.0003638   0.00090949 -0.02164597]
Current x array =  [-0.70853945 -0.8204971  -0.44066189  0.74590295 -2.43587625 -1.33155059
 -0.49977302 -0.93085495 -0.6742556  -0.99186611 -3.43180481 -3.01814013
 -0.49288087 -0.62643056 -1.28627719 -1.13172897 -1.18236041 -1.53442063]
      fun: 8994.564246670627
 hess_inv: <18x18 LbfgsInvHessProduct with dtype=float64>
      jac: array([ 0.0856744 , -0.05275069,  0.05456968,  0.0003638 , -0.00090949,
        0.02164597,  0.00623614, -0.00935292,  0.00701196,  0.00374235,
       -0.00257753, -0.00399279,  0.02050917,  0.01703152,  0.00714481,
        0.00752639,  0.00313448, -0.00461652])
  message: b'CONVERGENCE: REL_REDUCTION_OF_F_<=_FACTR*EPSMCH'
     nfev: 84
      nit: 76
   status: 0
  success: True
        x: array([-0.70853945, -0.8204971 , -0.44066189,  0.74590295, -2.43587625,
       -1.33155059, -0.49977302, -0.93085495, -0.6742556 , -0.99186611,
       -3.43180481, -3.01814013, -0.49288087, -0.62643056, -1.28627719,
       -1.13172897, -1.18236041, -1.53442063])
