number of sites to be analyzed:  566
log likelihood =  8416.574970515498
Lr derivatives =  [-550.3128276574682, -750.62518398985, -436.49644562212205]
other derivatives =  [ 22.35992724 -46.62852007  50.81055861  43.2588422  418.03996282
  28.88664312]
Current x_clock array =  [-0.6591043  -0.7737213  -0.60402318  0.74193734 -0.10536052 -0.51082562
 -0.51082562 -0.51082562 -0.51082562]
log likelihood =  8047.095960111718
Lr derivatives =  [248.45107871135082, -292.9518852390723, -172.05829990744846]
other derivatives =  [ -56.47170838  -13.03860699 -128.13361536    8.50577635  374.26316339
   73.67070793]
Current x_clock array =  [-0.6912647  -0.77268037 -0.67710429  0.67971792 -0.70662966 -0.55237344
  0.2806923  -0.5100909  -0.5100909 ]
log likelihood =  7838.3107226986185
Lr derivatives =  [218.34672357675598, -212.9137201688258, -87.33922238497776]
other derivatives =  [ 67.44166967  22.59912435  23.97327989  24.32416295 300.76962503
  72.14039215]
Current x_clock array =  [-0.65300118 -0.76416834 -0.5902937   0.66851655 -1.02625891 -0.60906167
  0.1650594  -0.31449628 -0.39508789]
log likelihood =  7710.045549358525
Lr derivatives =  [-255.0587466756317, -300.97129001931376, 103.939109601533]
other derivatives =  [-565.83330661  -59.34762157 -192.00770112   96.69793144 -172.13978936
   32.6333975 ]
Current x_clock array =  [-0.86528823 -0.83372908 -0.67447983  0.55619334 -2.3851487  -0.87279558
 -0.11863372  0.         -0.11895366]
log likelihood =  7597.908971491091
Lr derivatives =  [-50.64275423548626, -204.93453811729594, -39.0332013882383]
other derivatives =  [352.25848478   2.26400516 -66.21039574  41.76672519 -37.73384378
  32.29979484]
Current x_clock array =  [-0.57073332 -0.81151671 -0.61311328  0.50404856 -2.1446411  -0.87281145
  0.02047057  0.         -0.25439065]
log likelihood =  7579.514014533497
Lr derivatives =  [-32.59551177372308, -190.900000028853, -21.43296055446521]
other derivatives =  [-59.98035704  -1.34605216 -16.46076271  41.52061592 -16.00456017
  35.45374057]
Current x_clock array =  [-0.68069511 -0.80797461 -0.58361858  0.50470542 -2.09096146 -0.86712131
  0.04325921  0.         -0.24359361]
log likelihood =  7577.471859770427
Lr derivatives =  [-9.863027060491142, -176.83194002421266, -15.133781174921005]
other derivatives =  [-13.69080564   2.61588866  -2.88273441  35.40690159  -6.04504748
  34.84237823]
Current x_clock array =  [-0.66818537 -0.8078087  -0.57732569  0.48924736 -2.09411709 -0.87942697
  0.06814719  0.         -0.24370701]
log likelihood =  7575.1813993608575
Lr derivatives =  [14.062877491265112, -159.70780625728284, -2.6946511542926856]
other derivatives =  [31.29671313  3.32784111  7.44830686 25.01474228  0.46093191 32.41684681]
Current x_clock array =  [-0.65695146 -0.81075539 -0.57212813  0.44982309 -2.12463455 -0.91788235
  0.10333085  0.         -0.23570415]
log likelihood =  7572.76968219801
Lr derivatives =  [26.434038309364787, -148.4177556596297, 9.98613638486814]
other derivatives =  [43.96570148  0.71431714 11.40015229 13.07062121  0.94833013 28.53985279]
Current x_clock array =  [-0.65485483 -0.81463867 -0.56987698  0.39154884 -2.1642114  -0.98154732
  0.12888076  0.         -0.22247995]
log likelihood =  7569.079033413625
Lr derivatives =  [28.40366453026865, -144.5903825597937, 12.764847328170298]
other derivatives =  [21.75556801  9.4319148   2.80570021 -3.57576937 -2.23217285 21.36112016]
Current x_clock array =  [-0.66247666 -0.8086395  -0.57383154  0.2977146  -2.19242531 -1.11506832
  0.13595637  0.         -0.21385715]
log likelihood =  7566.791513002865
Lr derivatives =  [13.907401102075667, -151.11239252648517, 13.782138821781174]
other derivatives =  [-20.4013304  -52.30267561  25.6295607  -19.11175787  -0.15625119
  14.8993422 ]
Current x_clock array =  [-0.67363922 -0.8473867  -0.56624349  0.22608168 -2.15686607 -1.30619063
  0.10161222  0.         -0.20151003]
log likelihood =  7564.404122477075
Lr derivatives =  [4.595515947736082, -158.39848820967313, 4.597930135303756]
other derivatives =  [-22.46597433 -15.75135684  -6.00430212 -21.80840966  -2.40615918
  11.5786861 ]
Current x_clock array =  [-0.67392095 -0.81855782 -0.58146826  0.20686394 -2.1257522  -1.40497108
  0.06997549  0.         -0.20339691]
log likelihood =  7562.91976545652
Lr derivatives =  [-11.826996752648611, -170.6705608140113, -8.030123930713756]
other derivatives =  [-14.17593012   8.0335667   -2.02762749 -19.38433343  -3.11665644
   9.08557922]
Current x_clock array =  [-0.67061773 -0.7992398  -0.58186071  0.22294285 -2.07532085 -1.50470087
  0.02804107  0.         -0.20703273]
log likelihood =  7561.783138883287
Lr derivatives =  [-12.055872925315363, -170.56770752702877, -2.7635025793540393]
other derivatives =  [ -4.37958079   9.35042408 -25.8183718  -12.69800123   4.77084541
   6.99137672]
Current x_clock array =  [-6.67004590e-01 -7.97024727e-01 -5.93358872e-01  2.63271509e-01
 -2.01622108e+00 -1.62517763e+00  6.93101917e-04  0.00000000e+00
 -1.98993123e-01]
log likelihood =  7560.649971779214
Lr derivatives =  [-12.523941200527837, -169.4185201064268, 0.909738436247352]
other derivatives =  [19.25400284 16.59082045 19.40043148 -4.13529051  6.84485713  4.41295924]
Current x_clock array =  [-0.66046266 -0.79378728 -0.57246545  0.31262768 -1.99412707 -1.79352576
 -0.00691093  0.         -0.19266186]
log likelihood =  7559.9736144318085
Lr derivatives =  [-0.8736243307867326, -160.8402049427411, 5.974077914572803]
other derivatives =  [23.01767381  2.17505658  9.83982318 -2.76104402  9.05256456  3.13120836]
Current x_clock array =  [-0.65975144 -0.80553352 -0.57517751  0.32198986 -2.0027583  -1.88492018
  0.00910102  0.         -0.18987598]
log likelihood =  7559.529508775204
Lr derivatives =  [10.17885190849379, -152.95401154541355, 5.741973980783932]
other derivatives =  [ 3.75166564 -3.24162102  5.38057066 -1.60471245  9.62772901  1.54032023]
Current x_clock array =  [-0.66600504 -0.81131684 -0.5752822   0.32847937 -2.01808432 -2.01165997
  0.02885916  0.         -0.19090017]
log likelihood =  7559.347628388454
Lr derivatives =  [6.004453999679384, -154.95966003296434, 0.29814926490335836]
other derivatives =  [ 7.49178071 -6.52553354  0.36325218 -0.8061761   3.88445187  0.59917511]
Current x_clock array =  [-0.66468443 -0.814372   -0.57696566  0.32837365 -2.03589201 -2.10229214
  0.03160399  0.         -0.19288376]
log likelihood =  7559.36509320956
Lr derivatives =  [-4.3749819572199655, -160.18981088884806, 0.9406767393336111]
other derivatives =  [-20.18086889   0.67184374  -1.03273123   3.5796802   -2.64781193
   0.18344508]
Current x_clock array =  [-0.67231281 -0.80890692 -0.57729315  0.34260949 -2.04111045 -2.17290729
  0.02266518  0.         -0.18884371]
log likelihood =  7559.2970076926595
Lr derivatives =  [1.2031433320926652, -157.3776598861662, 0.5593122981600658]
other derivatives =  [-5.38848326 -3.20405888 -0.27739588  1.21499397  0.85619831  0.39690349]
Current x_clock array =  [-0.6682097  -0.81184645 -0.577117    0.33495239 -2.03830358 -2.13492518
  0.02747314  0.         -0.19101675]
log likelihood =  7559.2754453189
Lr derivatives =  [0.0782346407176675, -157.70697735683217, 0.29633429996910365]
other derivatives =  [-0.54724296 -0.89994501 -0.18999344  0.46056812 -0.52714313  0.14833859]
Current x_clock array =  [-0.66679222 -0.81037712 -0.57717555  0.3300802  -2.04198584 -2.1695197
  0.02646653  0.         -0.19021438]
log likelihood =  7559.2721912737725
Lr derivatives =  [-0.16506484264785115, -157.7941574905795, 0.028566724295160384]
other derivatives =  [ 0.25465852 -0.03274181 -0.09667929  0.08349161 -0.35379344  0.04774847]
Current x_clock array =  [-0.66655775 -0.80967297 -0.57724322  0.32838201 -2.04010997 -2.18706685
  0.02502364  0.         -0.18998596]
log likelihood =  7559.271716876578
Lr derivatives =  [-0.05105471773386938, -157.7132920470108, -0.07181587570799763]
other derivatives =  [-0.04638423  0.02546585  0.0516593  -0.04838512 -0.03574314  0.00582077]
Current x_clock array =  [-0.66665208 -0.80956945 -0.5772154   0.32803696 -2.03856505 -2.19519512
  0.02445501  0.         -0.18992914]
log likelihood =  7559.271723506338
Lr derivatives =  [0.10831847068322986, -157.58215981683404, 0.15883093224141476]
other derivatives =  [ 0.06566552  0.16671038 -0.09049472  0.00327418  0.0264663  -0.00063665]
Current x_clock array =  [-0.66662594 -0.80949187 -0.57726638  0.32830498 -2.0384105  -2.19668638
  0.02449274  0.         -0.18975698]
log likelihood =  7559.271707512864
Lr derivatives =  [0.018063371628457503, -157.65642154347512, 0.028182465657394573]
other derivatives =  [ 0.00218279  0.08676579 -0.01000444 -0.0259206  -0.0088221   0.00309228]
Current x_clock array =  [-0.66664074 -0.8095358  -0.57723751  0.32815319 -2.03849802 -2.19584185
  0.02447137  0.         -0.18985448]
      fun: 7559.271707512864
 hess_inv: <9x9 LbfgsInvHessProduct with dtype=float64>
      jac: array([ 2.18278728e-03,  8.67657945e-02, -1.00044417e-02, -2.59205990e-02,
       -8.82209861e-03,  3.09228199e-03,  1.80633716e-02, -1.57656422e+02,
        2.81824657e-02])
  message: 'CONVERGENCE: REL_REDUCTION_OF_F_<=_FACTR*EPSMCH'
     nfev: 25
      nit: 22
     njev: 25
   status: 0
  success: True
        x: array([-0.66664074, -0.8095358 , -0.57723751,  0.32815319, -2.03849802,
       -2.19584185,  0.02447137,  0.        , -0.18985448])
{('N0', 'N1'): [1.1067762324327417, 1.106776232432741], ('N0', 'ENSLOCG'): [0.0, 0.0], ('N1', 'ENSGACG'): [16.667508191317744, 17.628162966703208], ('N1', 'ENSDARG'): [17.044376080237438, 17.368383769959635]}
