number of sites to be analyzed:  290
log likelihood =  4299.739160096602
Lr derivatives =  [-273.32335515826105, -385.5091513098236, -185.32217972708918]
other derivatives =  [121.64491636   5.29480531  66.01294444  26.96178854 161.26123228
  25.59145287]
Current x_clock array =  [-0.51274317 -0.67000063 -0.45149404  0.74193734 -0.10536052 -0.51082562
 -0.51082562 -0.51082562 -0.51082562]
log likelihood =  4241.680552963412
Lr derivatives =  [134.53393008739607, -163.49030003937662, -63.697783817124204]
other derivatives =  [-423.26892071   22.77693056 -146.50013327  -19.47000783  159.23060346
   46.1774107 ]
Current x_clock array =  [-0.86204891 -0.68520477 -0.6410515   0.66451605 -0.56842527 -0.58431198
  0.2740277  -0.50935878 -0.50935878]
log likelihood =  4090.1697743620884
Lr derivatives =  [120.96036005246604, -117.35959093790895, -7.5366898714851]
other derivatives =  [  4.10250323  14.71157702 -29.37690624   9.76315278 148.50597836
  51.23715709]
Current x_clock array =  [-0.55684    -0.69691486 -0.52589537  0.68706129 -0.6008267  -0.6021382
  0.08360079 -0.27327718 -0.40510604]
log likelihood =  4032.616835433332
Lr derivatives =  [57.34166769925977, -108.80772928834665, 10.125303566586428]
other derivatives =  [219.24356588   4.21614459  50.32420631  20.05185706 117.97096704
  43.51877578]
Current x_clock array =  [-0.47593089 -0.71543545 -0.45932728  0.6843632  -0.7565944  -0.66041011
 -0.1222395  -0.05622919 -0.35691037]
log likelihood =  3998.545096050949
Lr derivatives =  [-145.43336140089906, -207.91247930788154, -35.83942538199517]
other derivatives =  [116.53419278 -17.75392775 121.59543985  30.95374268  16.09814717
  20.25917638]
Current x_clock array =  [-0.51568772 -0.75459857 -0.40130995  0.65551535 -1.21613392 -0.81511843
 -0.41953412  0.         -0.30628583]
log likelihood =  3966.058499219481
Lr derivatives =  [-48.05110760205856, -147.41001178271884, -5.822517988038612]
other derivatives =  [ 76.21056284   1.39966687 -11.36172614  26.18853614   6.2566869
  19.75940904]
Current x_clock array =  [-0.52858492 -0.75245835 -0.49448509  0.61389548 -1.42022757 -0.8799298
 -0.19782843  0.         -0.29490777]
log likelihood =  3958.595031498566
Lr derivatives =  [6.357075315532515, -112.62162048941937, 9.425929618779854]
other derivatives =  [-7.22220648  5.09276106  5.5235887  14.60548447  5.41767804 17.75069904]
Current x_clock array =  [-0.5681201  -0.76313615 -0.47131946  0.56236772 -1.5669003  -0.94575085
 -0.05262383  0.         -0.29103099]
log likelihood =  3957.4141755398973
Lr derivatives =  [1.5910135781972896, -114.46263075225959, 4.684107432270153]
other derivatives =  [-9.07471076  0.08353709 -5.75041668 12.40218808 -5.67674761 15.34458534]
Current x_clock array =  [-0.56831041 -0.77355085 -0.47874822  0.53102235 -1.65013428 -0.99405221
 -0.03297842  0.         -0.29456749]
log likelihood =  3955.764002473101
Lr derivatives =  [3.674048434942846, -113.72813641787263, -2.6751863951821235]
other derivatives =  [-2.71338649  2.75813363  5.46315277  4.38094503 -8.13970473 12.41069185]
Current x_clock array =  [-0.56469846 -0.77264517 -0.47099006  0.46219473 -1.68028829 -1.08716539
 -0.01818914  0.         -0.30682041]
log likelihood =  3953.9058957578513
Lr derivatives =  [5.082956688347026, -111.21370380567704, 1.048623298186648]
other derivatives =  [ -4.18208401 -17.2133241   -9.8496912   -9.25056156  -3.62911123
   8.78371793]
Current x_clock array =  [-0.56247999 -0.79290914 -0.48697486  0.34647889 -1.65485906 -1.28601184
 -0.03273077  0.         -0.2918954 ]
log likelihood =  3953.1296459696678
Lr derivatives =  [0.8586678120208107, -113.3103335240083, 0.35080706098867154]
other derivatives =  [  2.42434908  24.92670319  -4.15002432 -13.87593329  -4.29699867
   6.07624315]
Current x_clock array =  [-0.55930646 -0.74300794 -0.48550762  0.30205925 -1.6214086  -1.4536837
 -0.06162932  0.         -0.28393045]
log likelihood =  3952.396029523761
Lr derivatives =  [-2.5388506555021055, -115.45762901290064, 0.036516422557639316]
other derivatives =  [ -0.58626028   7.62502168   1.20171535 -12.76366675  -0.98525561
   6.03545232]
Current x_clock array =  [-0.56030725 -0.7596137  -0.48137643  0.32070502 -1.59145938 -1.47685151
 -0.0735779   0.         -0.28193692]
log likelihood =  3951.4548141692826
Lr derivatives =  [-4.150232637891978, -116.16580511481746, 0.7385119223288115]
other derivatives =  [-0.91204129 -6.2097115   3.23993845 -8.14584382  3.3609922   5.15251486]
Current x_clock array =  [-0.56085497 -0.77344648 -0.47921663  0.36907175 -1.54754762 -1.57130167
 -0.08654745  0.         -0.27655228]
log likelihood =  3950.5206926288347
Lr derivatives =  [-2.7073190651935883, -114.20185155470863, 1.4909880290079514]
other derivatives =  [  0.44851731 -10.65959623   3.8498456   -2.37369022   4.5957222
   3.28313945]
Current x_clock array =  [-0.56143119 -0.77938441 -0.47712081  0.42043069 -1.52884759 -1.76457489
 -0.08743983  0.         -0.26982607]
log likelihood =  3950.0665085974583
Lr derivatives =  [-6.036643644496649, -116.25106131578066, -8.98646980634161]
other derivatives =  [-27.82840056  -3.57226781   0.93741619   0.6517439    0.94287316
   1.14755494]
Current x_clock array =  [-0.57560456 -0.77235698 -0.47743643  0.44507279 -1.53732205 -2.03723609
 -0.08551715  0.         -0.27852396]
log likelihood =  3949.703234112089
Lr derivatives =  [7.365218474502328, -105.642440008222, -0.02245620051327535]
other derivatives =  [10.45596036  0.82168299 -1.71589818  1.96769179  1.93936103  0.29390321]
Current x_clock array =  [-0.55872959 -0.77169854 -0.47890597  0.45158463 -1.55067508 -2.26210354
 -0.06456265  0.         -0.26502193]
log likelihood =  3949.6115493661564
Lr derivatives =  [1.9125006997260865, -108.73941391847627, -1.0543139676126785]
other derivatives =  [ 1.70653038  0.58325895 -1.617218    0.3608875   0.95187715  0.24529072]
Current x_clock array =  [-0.56216727 -0.7705826  -0.47953388  0.437574   -1.54724278 -2.28933486
 -0.07596949  0.         -0.26331308]
log likelihood =  3949.592602181748
Lr derivatives =  [0.11910332544404101, -109.2622497718613, -0.24248736569180096]
other derivatives =  [-0.3385594   0.3569312  -0.26625457 -0.17439561  0.25088411  0.12228156]
Current x_clock array =  [-0.5630029  -0.77070901 -0.47858953  0.43271399 -1.5488822  -2.34441854
 -0.07967274  0.         -0.25997246]
log likelihood =  3949.58936903239
Lr derivatives =  [-0.37814350681096576, -109.29504445224215, -0.041562899655993135]
other derivatives =  [ 0.05757101  0.12423698 -0.00104592 -0.04065441 -0.12742021  0.0381533 ]
Current x_clock array =  [-0.56284342 -0.77111072 -0.47832576  0.433326   -1.55026089 -2.38023145
 -0.08044742  0.         -0.25872877]
log likelihood =  3949.5907922725955
Lr derivatives =  [0.8095984414425104, -108.34898500947952, 0.9805038688966476]
other derivatives =  [-1.56114766  0.05097718  0.5198217  -0.19631443  0.2744855   0.00172804]
Current x_clock array =  [-0.56368076 -0.77133578 -0.47779593  0.43306275 -1.54982789 -2.40215987
 -0.07885325  0.         -0.25723039]
log likelihood =  3949.5891532535625
Lr derivatives =  [-0.06236538857440266, -109.04343411979627, 0.22946453347876883]
other derivatives =  [-0.37362042  0.10477379  0.1371518  -0.08212737 -0.02064553  0.02823981]
Current x_clock array =  [-0.56306622 -0.7711706  -0.47818478  0.43325595 -1.55014568 -2.38606625
 -0.08002323  0.         -0.25833008]
log likelihood =  3949.5889359808575
Lr derivatives =  [-0.04596654937417055, -109.01408803953416, 0.10360608825882878]
other derivatives =  [-0.07853487  0.04065441  0.04588401  0.01132321 -0.05425136  0.00650289]
Current x_clock array =  [-0.56294566 -0.77129197 -0.47823005  0.43392912 -1.55023694 -2.39416829
 -0.07992511  0.         -0.25839537]
log likelihood =  3949.5889100804166
Lr derivatives =  [-0.01665997884092274, -109.00969338823711, -0.008618084976568241]
other derivatives =  [-5.68888936e-02 -2.36468622e-03 -2.95585778e-03  6.04813977e-03
 -2.24190444e-02 -9.09494702e-05]
Current x_clock array =  [-0.56293336 -0.7713359  -0.47827144  0.43391302 -1.55003281 -2.39626445
 -0.07988816  0.         -0.25855303]
log likelihood =  3949.5889081635305
Lr derivatives =  [-0.0015809083665083712, -109.0023287838371, -0.01030570546625853]
other derivatives =  [-0.009004    0.00190994  0.01559783  0.00445652 -0.00663931 -0.00031832]
Current x_clock array =  [-0.56291178 -0.77132792 -0.47825971  0.43391702 -1.54993532 -2.39638669
 -0.07989065  0.         -0.25856058]
      fun: 3949.5889081635305
 hess_inv: <9x9 LbfgsInvHessProduct with dtype=float64>
      jac: array([-9.00399755e-03,  1.90993887e-03,  1.55978341e-02,  4.45652404e-03,
       -6.63931132e-03, -3.18323146e-04, -1.58090837e-03, -1.09002329e+02,
       -1.03057055e-02])
  message: 'CONVERGENCE: REL_REDUCTION_OF_F_<=_FACTR*EPSMCH'
     nfev: 24
      nit: 22
     njev: 24
   status: 0
  success: True
        x: array([-0.56291178, -0.77132792, -0.47825971,  0.43391702, -1.54993532,
       -2.39638669, -0.07989065,  0.        , -0.25856058])
{('N0', 'N1'): [0.5143158568661068, 0.514315856866107], ('N0', 'ENSLOCG'): [0.0, 0.0], ('N1', 'ENSGACG'): [5.383348167382996, 5.131021889333215], ('N1', 'ENSDARG'): [6.093633202115779, 5.748148011110269]}
