number of sites to be analyzed:  590
log likelihood =  7952.6140449593895
Lr derivatives =  [-326.901534544762, -586.831198976474, -340.72429677954295]
other derivatives =  [143.8347681  -43.4989488   66.84094842 -12.5225597  504.78965932
  24.05067789]
Current x_clock array =  [-0.62924445 -0.72524471 -0.66194303  0.74193734 -0.10536052 -0.51082562
 -0.51082562 -0.51082562 -0.51082562]
log likelihood =  7596.8295919244165
Lr derivatives =  [124.8685249369247, -320.97656188470944, -208.15064253098942]
other derivatives =  [-469.36793296    3.01160981 -148.67118807   -6.5835593   369.24666347
   49.15100362]
Current x_clock array =  [-0.86028544 -0.72416007 -0.76930927  0.76205226 -0.91620133 -0.54945809
  0.01427449 -0.51000509 -0.51000509]
log likelihood =  7290.197445567403
Lr derivatives =  [321.8722339247711, -62.279517074997045, -27.675383588361164]
other derivatives =  [ 200.42043616   93.00292731 -130.48756955   17.26511982  260.29247238
   60.35579645]
Current x_clock array =  [-0.60935262 -0.73253256 -0.71151651  0.78039075 -1.74339703 -0.61559765
  0.24168732 -0.32676963 -0.38491305]
log likelihood =  7143.20634385168
Lr derivatives =  [19.996133296406466, -150.03142326345915, -61.92920445766876]
other derivatives =  [ 16.78745321 -10.36969479 103.0216481   57.52990546 -15.5016096
  44.03264029]
Current x_clock array =  [-0.64322082 -0.81758111 -0.58718922  0.78313503 -2.68841855 -0.71794463
  0.24321947 -0.20718784 -0.30928346]
log likelihood =  7107.828206294525
Lr derivatives =  [47.46116562086425, -93.80671646587464, 5.54664747460421]
other derivatives =  [  6.04486559 -17.49431249 -55.82469385  48.34028005 -14.06251613
  41.01138984]
Current x_clock array =  [-0.64766276 -0.82296243 -0.65757526  0.71868234 -2.68359619 -0.77484106
  0.12568923 -0.02921115 -0.23250784]
log likelihood =  7096.407504089539
Lr derivatives =  [56.26663585721497, -84.07391266119222, 26.403205687281776]
other derivatives =  [ -6.429309     2.69819793 -23.94990588  39.56556611   2.07992343
  40.31753633]
Current x_clock array =  [-0.65350209 -0.80466348 -0.64441239  0.66751742 -2.57112043 -0.80857397
  0.04495483  0.         -0.2099338 ]
log likelihood =  7087.282767429109
Lr derivatives =  [-48.20608131421342, -156.25962960731832, -5.598965378217969]
other derivatives =  [ 0.08367351 11.81815605  5.46715455 -0.87820808 31.25387593 30.90135579]
Current x_clock array =  [-0.65073262 -0.76716375 -0.65048176  0.44500884 -2.2072403  -0.98189105
 -0.25931806  0.         -0.20510746]
log likelihood =  7078.97911818296
Lr derivatives =  [1.9977926485869375, -120.9279321956411, 4.241791357419395]
other derivatives =  [19.62698661 11.28773874 17.25056791  4.82577889  0.59326339 27.21035344]
Current x_clock array =  [-0.64553254 -0.78489649 -0.6347711   0.45217837 -2.44085393 -1.03806615
 -0.11492097  0.         -0.20711799]
log likelihood =  7075.847999571373
Lr derivatives =  [-1.0321685086605097, -121.71348364359399, 0.013098956568292408]
other derivatives =  [  1.76969479 -16.13116183  11.94930519  -2.85490387  -3.52174538
  21.25862011]
Current x_clock array =  [-0.65032168 -0.80388506 -0.63735803  0.40732206 -2.46513942 -1.16593355
 -0.1084212   0.         -0.20644105]
log likelihood =  7072.233919264636
Lr derivatives =  [-6.865482727573804, -122.97424700760911, -11.663379685563008]
other derivatives =  [-12.9687578   15.42248356 -14.84522727 -14.5731974  -13.53710104
  10.20916898]
Current x_clock array =  [-0.6552482  -0.78287569 -0.65213337  0.32279704 -2.50141409 -1.47537663
 -0.11181806  0.         -0.20732359]
log likelihood =  7070.397685660483
Lr derivatives =  [2.6838730052979516, -113.09741756623356, 9.454879561931499]
other derivatives =  [ -3.35858203 -30.95547072  -0.7977178  -20.05044735  -0.65610948
   6.20739229]
Current x_clock array =  [-0.65269079 -0.81512745 -0.64409848  0.31064666 -2.459653   -1.71060097
 -0.11686608  0.         -0.18277899]
log likelihood =  7069.219196905576
Lr derivatives =  [6.6118577163843035, -110.68439324760249, 6.51130403293574]
other derivatives =  [ -4.7800313  -16.21165211  -2.93048288 -16.91014404   2.41661837
   4.41132215]
Current x_clock array =  [-0.65372377 -0.80512474 -0.64458623  0.33030486 -2.43966779 -1.81945835
 -0.1200014   0.         -0.184329  ]
log likelihood =  7067.715372225954
Lr derivatives =  [4.58881354405064, -110.44766981670054, 3.0181760635073402]
other derivatives =  [20.28582458  7.5877324  -4.94301275 -3.82187864  2.97823135  1.39989424]
Current x_clock array =  [-0.64682974 -0.79019    -0.64453485  0.40228207 -2.40660009 -2.089837
 -0.1366572   0.         -0.18189251]
log likelihood =  7068.281671199885
Lr derivatives =  [3.8071359611289197, -111.25632587749861, -0.4955796246195803]
other derivatives =  [-66.71189112   0.4557478   -5.36756488   4.92373147   3.92656148
   0.34715413]
Current x_clock array =  [-0.67331285 -0.79389183 -0.642731    0.45024367 -2.38680893 -2.25085632
 -0.13689384  0.         -0.18263471]
log likelihood =  7067.574611115801
Lr derivatives =  [4.381498902689136, -110.67099187598171, 1.924545771753536]
other derivatives =  [-7.1663635   5.41049303 -5.0896233  -1.14368959  3.25107976  1.0389158 ]
Current x_clock array =  [-0.65491257 -0.79131983 -0.6439843   0.41692029 -2.40055969 -2.13898124
 -0.13672942  0.         -0.18211903]
log likelihood =  7067.486615439082
Lr derivatives =  [3.25757912113653, -110.64902639846612, 2.023159351780187]
other derivatives =  [-1.30603439  2.66663847 -2.44763214  0.394175    2.24663381  0.55897544]
Current x_clock array =  [-0.65308184 -0.79360353 -0.64240591  0.42477974 -2.40190094 -2.21165949
 -0.13775859  0.         -0.18055391]
log likelihood =  7067.4525715133095
Lr derivatives =  [-0.7476962853749827, -112.7906234784716, -1.1718235988005716]
other derivatives =  [ 0.35088306 -0.20236257  3.27672751  0.47066351 -0.154796    0.18690116]
Current x_clock array =  [-0.65240441 -0.79553399 -0.6396084   0.42375092 -2.40750069 -2.27348945
 -0.14022521  0.         -0.18132866]
log likelihood =  7067.446503973068
Lr derivatives =  [-0.32549650584686673, -112.10534444820239, 0.1393050815800123]
other derivatives =  [ 0.86674845 -1.02800186 -0.67248038  0.53660187 -0.26375346  0.05456968]
Current x_clock array =  [-0.65222136 -0.79620094 -0.64156269  0.42350191 -2.40800249 -2.30148017
 -0.14041242  0.         -0.17984077]
log likelihood =  7067.445151087105
Lr derivatives =  [-0.1951634595622198, -111.99518195086658, 0.2006770343935642]
other derivatives =  [ 0.17234925 -0.39372026 -0.13342287  0.23919711 -0.18508217  0.0336513 ]
Current x_clock array =  [-0.65246152 -0.79574217 -0.64130795  0.42195279 -2.40790072 -2.30599384
 -0.14043387  0.         -0.17973728]
log likelihood =  7067.444790560656
Lr derivatives =  [-0.01954352835005979, -111.88334869991054, 0.03123840750358653]
other derivatives =  [-0.09476935  0.01209628  0.01127773  0.00372893 -0.06348273  0.00527507]
Current x_clock array =  [-0.65256876 -0.79545234 -0.6412495   0.42076906 -2.40761669 -2.31127753
 -0.14040264  0.         -0.17984274]
log likelihood =  7067.44477909845
Lr derivatives =  [0.023240219622668645, -111.8606383782652, -0.00940284039251793]
other derivatives =  [-0.02073648  0.0003638  -0.00127329 -0.00236469 -0.01464286  0.0005457 ]
Current x_clock array =  [-0.65255038 -0.79546035 -0.64125579  0.42078498 -2.40743027 -2.31218047
 -0.14040941  0.         -0.17987583]
      fun: 7067.44477909845
 hess_inv: <9x9 LbfgsInvHessProduct with dtype=float64>
      jac: array([-2.07364792e-02,  3.63797881e-04, -1.27329258e-03, -2.36468622e-03,
       -1.46428647e-02,  5.45696821e-04,  2.32402196e-02, -1.11860638e+02,
       -9.40284039e-03])
  message: 'CONVERGENCE: REL_REDUCTION_OF_F_<=_FACTR*EPSMCH'
     nfev: 21
      nit: 19
     njev: 21
   status: 0
  success: True
        x: array([-0.65255038, -0.79546035, -0.64125579,  0.42078498, -2.40743027,
       -2.31218047, -0.14040941,  0.        , -0.17987583])
{('N0', 'N1'): [0.7477998697927458, 0.7477998697927464], ('N0', 'ENSLOCG'): [0.0, 0.0], ('N1', 'ENSGACG'): [12.722359767315693, 13.056151863129532], ('N1', 'ENSDARG'): [15.310677164021024, 15.420938717093854]}
