number of sites to be analyzed:  542
log likelihood =  6270.645040991266
Lr derivatives =  [-22.875822627873546, -326.44731138642396, -175.4428015970617]
other derivatives =  [ 89.4866389  -39.17693903  58.57209544 -21.7406523  485.76048357
  -7.31788532]
Current x_clock array =  [-0.70826706 -0.77318989 -0.48750933  0.74193734 -0.10536052 -0.51082562
 -0.51082562 -0.51082562 -0.51082562]
log likelihood =  5902.711402511605
Lr derivatives =  [-82.09323086462204, -326.5669215357101, -185.2638447324898]
other derivatives =  [-307.06769394   -7.59328032 -254.54173738   23.75527401  319.00526665
   -2.66318239]
Current x_clock array =  [-0.8877969  -0.77173901 -0.60501781  0.78555386 -1.07990266 -0.49614434
 -0.4649317  -0.5098008  -0.5098008 ]
log likelihood =  5455.709294032555
Lr derivatives =  [-110.8820769184001, -163.5499262931014, -6.59845321970073]
other derivatives =  [ 86.90503819  87.24473446  88.70165402  51.87321221 -46.80059646
  23.33581506]
Current x_clock array =  [-0.68969449 -0.78639814 -0.38313219  0.8249812  -3.42414002 -0.46451831
 -0.2390417  -0.2033041  -0.32721924]
log likelihood =  5434.368120124558
Lr derivatives =  [62.707692278832255, -13.399362921798172, 104.18864430201775]
other derivatives =  [ -82.98520697  -74.30417099 -232.47212084   23.18029146   21.42442099
   29.00460458]
Current x_clock array =  [-0.76052647 -0.96761537 -0.48071312  0.70482489 -3.28127885 -0.51420754
  0.00733613  0.         -0.27222346]
log likelihood =  5414.012330629254
Lr derivatives =  [23.463365885724308, -39.004486483839926, 62.743920355093174]
other derivatives =  [-36.70038495 -24.78109309  62.92157195  20.93083822   5.36829248
  27.37197065]
Current x_clock array =  [-0.74460036 -0.91214801 -0.38770317  0.71102961 -3.32090528 -0.52150686
 -0.05266417  0.         -0.32922901]
log likelihood =  5410.182060945624
Lr derivatives =  [11.408655695034655, -51.69905642968065, 41.62874821137643]
other derivatives =  [-1.45691956 -4.21459845 28.85826689 22.67024684 -1.38506948 25.16062523]
Current x_clock array =  [-0.72835179 -0.88919885 -0.39828894  0.70720817 -3.32517711 -0.53198447
 -0.07869984  0.         -0.36533176]
log likelihood =  5406.633470073713
Lr derivatives =  [-5.1366146264895605, -71.82178466672052, 5.509318289407947]
other derivatives =  [ 5.21531547  9.95732989  3.17413651 21.39931894 -3.14457793 19.94731065]
Current x_clock array =  [-0.72508512 -0.86924333 -0.40813023  0.67647816 -3.28057732 -0.56873666
 -0.11383139  0.         -0.43917786]
log likelihood =  5404.853039195141
Lr derivatives =  [-7.224895704225332, -77.43389393243457, -9.217712552393728]
other derivatives =  [ 2.42926035  0.79444362 -5.96537575 15.44394763  0.35452103 15.7577233 ]
Current x_clock array =  [-0.72654855 -0.87634539 -0.41226467  0.62677808 -3.25293032 -0.61638342
 -0.11257795  0.         -0.47613533]
log likelihood =  5402.907240752063
Lr derivatives =  [3.756926393073922, -72.41240625347523, -13.144856812384011]
other derivatives =  [ -2.31520971  12.7367457  -10.43508746   4.3347427    5.83668225
   9.36943252]
Current x_clock array =  [-0.73134213 -0.86456513 -0.41516853  0.5292162  -3.24332987 -0.71740409
 -0.08904454  0.         -0.49248896]
log likelihood =  5402.80711954855
Lr derivatives =  [-12.990680645028448, -79.69738577259764, -17.80000152420271]
other derivatives =  [  3.44780346 -42.70723366   3.29055183  -7.07586878  -4.27680789
   2.82343535]
Current x_clock array =  [-0.72709145 -0.92126978 -0.41260359  0.42212764 -3.31816164 -0.86009658
 -0.09794993  0.         -0.47572832]
log likelihood =  5402.08366325745
Lr derivatives =  [-4.826908331328706, -76.1608318574902, -15.556526503033991]
other derivatives =  [  0.51823008 -16.50441845  -3.59286787  -1.53722794   0.60172169
   5.82222128]
Current x_clock array =  [-0.72916743 -0.89357596 -0.41385627  0.4744283  -3.28161477 -0.79040742
 -0.09360065  0.         -0.483914  ]
log likelihood =  5401.516232064834
Lr derivatives =  [1.548233478054371, -69.68934653331824, -6.795120773282353]
other derivatives =  [ 0.34160621 -5.26351869 -0.79453457 -3.88454282  0.16480044  4.20968718]
Current x_clock array =  [-0.73042699 -0.88298875 -0.41315272  0.44656449 -3.29789922 -0.83788472
 -0.08774139  0.         -0.45961503]
log likelihood =  5401.296606494494
Lr derivatives =  [2.80751791533579, -67.16417342247955, -0.1819051928766804]
other derivatives =  [ 0.9186806   1.15851435  1.96141627 -4.01223588 -1.11404006  3.13648343]
Current x_clock array =  [-0.73049372 -0.87640151 -0.41258534  0.44026251 -3.30405259 -0.87430482
 -0.09580616  0.         -0.43603132]
log likelihood =  5401.1761099058895
Lr derivatives =  [1.7605218650784913, -67.43889479752518, 2.320566639973304]
other derivatives =  [ 1.71212378  2.55477062  2.18697096 -3.1577656  -1.18898242  2.28137651]
Current x_clock array =  [-0.72993982 -0.87421816 -0.41286355  0.44679241 -3.29399828 -0.90181282
 -0.1085724   0.         -0.42287407]
log likelihood =  5401.151350378605
Lr derivatives =  [-2.8501227243391085, -70.64026666122106, 0.47010182212027374]
other derivatives =  [-20.86544555   1.23454811  -1.41071723  -0.28467184  -1.79697963
   0.55679266]
Current x_clock array =  [-0.73882913 -0.8735321  -0.41350312  0.4696439  -3.27829245 -0.9476514
 -0.12443106  0.         -0.41750126]
log likelihood =  5401.052011139009
Lr derivatives =  [-1.6392188470334474, -70.10380024149188, 1.274346250574343]
other derivatives =  [-0.85847205  1.05283107 -0.78343874 -0.48239599 -0.46693458  0.49676601]
Current x_clock array =  [-0.73024426 -0.87441697 -0.41391917  0.47168203 -3.26849098 -0.95172649
 -0.12744878  0.         -0.41513414]
log likelihood =  5401.045219302488
Lr derivatives =  [-1.3253487922343687, -70.10947947545485, 0.3964883251697735]
other derivatives =  [-0.11250449  0.35706762 -0.16152626 -0.60326784 -0.05502443  0.45401976]
Current x_clock array =  [-0.72996372 -0.87531238 -0.41367267  0.47188916 -3.26719036 -0.95102739
 -0.125328    0.         -0.41830318]
log likelihood =  5401.040455532207
Lr derivatives =  [-0.37049529598735376, -69.64080755711663, -0.12973123637840445]
other derivatives =  [-0.33369361 -0.79990059 -3.84343366 -0.18126229  0.46211426  0.15634214]
Current x_clock array =  [-0.72995174 -0.87694984 -0.41453337  0.47662177 -3.26564587 -0.95757908
 -0.12183296  0.         -0.42090421]
log likelihood =  5401.038328784636
Lr derivatives =  [-0.2318495683165409, -69.42900821384143, -0.3790871920806005]
other derivatives =  [-0.59580998 -0.71286195  2.23690222 -0.09513315  0.70904207  0.01346052]
Current x_clock array =  [-0.73020447 -0.87715447 -0.41250793  0.47951386 -3.26536448 -0.96127785
 -0.12015727  0.         -0.42206304]
log likelihood =  5401.036173569211
Lr derivatives =  [-0.05822171797884579, -69.2461624022128, -0.011354516645646129]
other derivatives =  [-0.48657967 -0.4813046   0.28485374 -0.18535502  0.46775313  0.08803909]
Current x_clock array =  [-0.73014799 -0.87695345 -0.41311298  0.47779565 -3.26769021 -0.95948374
 -0.1196476   0.         -0.42138776]
log likelihood =  5401.03532016242
Lr derivatives =  [0.0859607151540942, -69.07448351046455, 0.15919852751686037]
other derivatives =  [-0.33105607 -0.20318112 -0.27366696 -0.16098056  0.27866918  0.06311893]
Current x_clock array =  [-0.73008991 -0.87680622 -0.41323199  0.47770262 -3.26975035 -0.96016402
 -0.11878185  0.         -0.42120405]
log likelihood =  5401.034826868021
Lr derivatives =  [0.051695830155829015, -69.05702030223614, 0.062481376132559774]
other derivatives =  [-0.08822099  0.14351826 -0.31795935 -0.0512955   0.05702532 -0.00300133]
Current x_clock array =  [-0.72998929 -0.87660629 -0.41317363  0.47857775 -3.27170696 -0.96153671
 -0.11800154  0.         -0.42156583]
log likelihood =  5401.034784046054
Lr derivatives =  [-0.010436461830739319, -69.05677271734906, 0.035739786336918655]
other derivatives =  [-0.01455192 -0.14997568 -0.04993126 -0.03192326 -0.03446985 -0.01145963]
Current x_clock array =  [-0.7299457  -0.87696667 -0.41305746  0.47886902 -3.27264933 -0.96171518
 -0.11761011  0.         -0.42170696]
log likelihood =  5401.034761284448
Lr derivatives =  [0.004428252952177303, -69.06893621205015, -0.00820709505210715]
other derivatives =  [ 0.00427463  0.00591172  0.02282832 -0.02337401 -0.00081855 -0.01291482]
Current x_clock array =  [-0.7299466  -0.87680319 -0.41303923  0.47897773 -3.27234165 -0.96165267
 -0.11765478  0.         -0.42182822]
log likelihood =  5401.034760004033
Lr derivatives =  [-0.0001922710710324793, -69.0735122679574, -0.009228585545393742]
other derivatives =  [ 0.00236469  0.00318323  0.01909939 -0.01846274  0.00236469 -0.01227818]
Current x_clock array =  [-0.72994612 -0.87680297 -0.4130409   0.4790266  -3.27228592 -0.96164118
 -0.11768623  0.         -0.42182122]
      fun: 5401.034760004033
 hess_inv: <9x9 LbfgsInvHessProduct with dtype=float64>
      jac: array([ 2.36468622e-03,  3.18323146e-03,  1.90993887e-02, -1.84627424e-02,
        2.36468622e-03, -1.22781785e-02, -1.92271071e-04, -6.90735123e+01,
       -9.22858555e-03])
  message: b'CONVERGENCE: REL_REDUCTION_OF_F_<=_FACTR*EPSMCH'
     nfev: 25
      nit: 23
   status: 0
  success: True
        x: array([-0.72994612, -0.87680297, -0.4130409 ,  0.4790266 , -3.27228592,
       -0.96164118, -0.11768623,  0.        , -0.42182122])
