number of sites to be analyzed:  167
log likelihood =  2242.5310360718586
Lr derivatives =  [-97.8348635748551, -176.84864047618353, -104.85347325262563]
other derivatives =  [ 55.35639502 -11.89750947  35.3708856   10.55527719 127.23767213
  -0.95592441]
Current x_clock array =  [-0.57045274 -0.77554671 -0.50381019  0.74193734 -0.10536052 -0.51082562
 -0.51082562 -0.51082562 -0.51082562]
log likelihood =  2177.982117810578
Lr derivatives =  [47.32004891308596, -94.6690169214587, -58.55729817191579]
other derivatives =  [-189.43951545   -1.42308636  -87.43963917    0.74578566   99.77097761
    7.36154107]
Current x_clock array =  [-0.88904632 -0.77137096 -0.70738084  0.68118838 -0.83765361 -0.50532398
  0.05224499 -0.50788566 -0.50788566]
log likelihood =  2097.1848077269187
Lr derivatives =  [100.08074413958377, -32.95968688181864, -8.339870000535516]
other derivatives =  [-27.63026714  16.74125087 -51.46794138   6.39965947  93.51524568
  11.86272129]
Current x_clock array =  [-0.6491658  -0.76478421 -0.6094655   0.6661946  -1.16794193 -0.51620431
  0.10188001 -0.29923958 -0.37996978]
log likelihood =  2036.3293621377275
Lr derivatives =  [50.14728809711928, -27.77514442418981, 8.24543566685085]
other derivatives =  [133.27362467  12.78740456  50.69211966  10.49365892  49.34149729
   9.17029865]
Current x_clock array =  [-0.50701551 -0.80917182 -0.44883173  0.62237839 -1.83336603 -0.55705112
 -0.02655619 -0.05568963 -0.26669949]
log likelihood =  2012.477305444621
Lr derivatives =  [-15.96618572901172, -57.23101660219206, -0.4727819538009399]
other derivatives =  [ 12.1535777   -2.95549398  32.54390322  16.5292704  -11.05190677
   5.63704816]
Current x_clock array =  [-0.59460274 -0.8538561  -0.45715653  0.56458535 -2.52523843 -0.59936513
 -0.06755652  0.         -0.22128016]
log likelihood =  2010.5723780459782
Lr derivatives =  [-3.4573805564127813, -50.70971727402657, -0.28714790111722976]
other derivatives =  [ 9.03326054 -0.40733994 -8.92428034 14.72305939 -3.213745    5.54884991]
Current x_clock array =  [-0.5970853  -0.84650361 -0.51200423  0.53643821 -2.44882074 -0.60812241
 -0.0444367   0.         -0.23426491]
log likelihood =  2009.949718636068
Lr derivatives =  [1.6356283953157718, -47.94672588003068, 0.05233559962523415]
other derivatives =  [-1.84343207  0.37209702 -5.86744591 12.36567186  0.76829565  5.50853656]
Current x_clock array =  [-0.60863695 -0.8434317  -0.50762425  0.50444058 -2.41361819 -0.61963723
 -0.034487    0.         -0.23799909]
log likelihood =  2008.9475733613806
Lr derivatives =  [5.886374874634392, -45.4476877373755, -0.04214439289584071]
other derivatives =  [-10.42637905   0.51506959  -2.91063316   7.28748546   3.30455805
   4.86957106]
Current x_clock array =  [-0.61793936 -0.84202181 -0.50453733  0.4118464  -2.40844541 -0.6580121
 -0.02118196  0.         -0.23995435]
log likelihood =  2007.952987132606
Lr derivatives =  [5.316418414996775, -45.27993550572793, -0.24964604636338095]
other derivatives =  [-7.55665042  0.51372808 -1.71305601  0.63514562  2.25436452  3.57104   ]
Current x_clock array =  [-0.61513317 -0.84077552 -0.50580907  0.26527508 -2.44350109 -0.730404
 -0.02023478  0.         -0.23361208]
log likelihood =  2007.6247290755337
Lr derivatives =  [1.7347665377563413, -46.395701162614586, 4.004677692188952]
other derivatives =  [-1.86037141 -0.19470008 -1.5809519  -1.10414931  0.50906692  2.42978331]
Current x_clock array =  [-0.60934062 -0.84065725 -0.50791252  0.21911035 -2.44563711 -0.81581548
 -0.0488151   0.         -0.20913754]
log likelihood =  2007.5024192526712
Lr derivatives =  [-1.4037331464094578, -48.67889105463652, -0.9322040965550045]
other derivatives =  [ 2.8680688   0.9220912   0.29724561 -1.59111551 -0.96922577  1.41421879]
Current x_clock array =  [-0.6047726  -0.83701084 -0.50658751  0.20683593 -2.44469071 -0.87917783
 -0.06289175  0.         -0.22073813]
log likelihood =  2007.4492662652
Lr derivatives =  [-2.1120782396859994, -49.00957717820945, -0.7276747249143014]
other derivatives =  [ 2.86584054 -0.03080913  0.53489657 -1.14937393 -0.93227754  1.05369509]
Current x_clock array =  [-0.60471564 -0.83894141 -0.50640858  0.21742944 -2.43353981 -0.91166077
 -0.07128147  0.         -0.21819359]
log likelihood =  2007.4172402170461
Lr derivatives =  [-1.007322866983122, -48.02769058341523, 1.0823498262127913]
other derivatives =  [ 0.33869583  5.67106326  0.94373718  0.44426542 -0.54055818  0.07914878]
Current x_clock array =  [-0.6080288  -0.82598592 -0.50489818  0.24968015 -2.41627533 -1.00145225
 -0.07660414  0.         -0.21054416]
log likelihood =  2007.3727597256816
Lr derivatives =  [-0.646198575363913, -47.939862058573404, -0.10685181987230052]
other derivatives =  [-0.23942448 -1.02168087 -0.06211849  0.22273525  0.19992967  0.01118678]
Current x_clock array =  [-0.60815221 -0.84224731 -0.50612509  0.25038791 -2.41063215 -1.00979449
 -0.07274038  0.         -0.21503632]
log likelihood =  2007.3688745492168
Lr derivatives =  [-0.38583044251568666, -47.78809964871114, -0.08345690584887677]
other derivatives =  [-0.0986347  -0.08085408 -0.08094503  0.01075477  0.08044481  0.06339178]
Current x_clock array =  [-0.60810125 -0.84015596 -0.50609463  0.24486479 -2.41616785 -1.00257918
 -0.06963384  0.         -0.21537739]
log likelihood =  2007.3680092676523
Lr derivatives =  [-0.01912167606806392, -47.54610198323603, 0.03722436552996555]
other derivatives =  [ 0.27625902  0.11596057  0.11557404 -0.0377895   0.12514647  0.03938112]
Current x_clock array =  [-0.60784215 -0.84000626 -0.5056573   0.24376367 -2.41881865 -1.00384445
 -0.06679244  0.         -0.21533221]
log likelihood =  2007.3678560445592
Lr derivatives =  [0.014900201328043039, -47.509544049350964, -0.011325183654044224]
other derivatives =  [-0.4550202   0.11443717 -0.10927579 -0.04929461 -0.0191676   0.00256932]
Current x_clock array =  [-0.60853808 -0.84015511 -0.50582733  0.24281455 -2.42221973 -1.00639424
 -0.06505155  0.         -0.21547246]
log likelihood =  2007.3677026646383
Lr derivatives =  [0.03824877522814596, -47.498553967077314, -0.003937415294508639]
other derivatives =  [-0.02667093  0.04222329 -0.02019078 -0.01643912  0.02760316  0.00181899]
Current x_clock array =  [-0.60813812 -0.84035683 -0.50571546  0.24377082 -2.42137042 -1.00657193
 -0.06527196  0.         -0.21548684]
log likelihood =  2007.3676949267367
Lr derivatives =  [0.01912847008551033, -47.508177972364415, -0.0023672246245816098]
other derivatives =  [-2.72848411e-03  1.20735422e-02 -6.79847290e-03 -6.88942237e-03
  1.77578841e-02  9.09494702e-05]
Current x_clock array =  [-0.60811172 -0.84043172 -0.50569554  0.24396287 -2.4213937  -1.00676225
 -0.06534227  0.         -0.21545899]
log likelihood =  2007.3676925685395
Lr derivatives =  [0.0019994722036216217, -47.51655067895959, -0.0014628324635133083]
other derivatives =  [ 0.00172804 -0.00127329  0.00022737 -0.00038654  0.00231921 -0.00086402]
Current x_clock array =  [-0.60810449 -0.84046934 -0.50568179  0.24405745 -2.42156377 -1.00682358
 -0.06534587  0.         -0.21543855]
      fun: 2007.3676925685395
 hess_inv: <9x9 LbfgsInvHessProduct with dtype=float64>
      jac: array([ 1.72803993e-03, -1.27329258e-03,  2.27373675e-04, -3.86535248e-04,
        2.31921149e-03, -8.64019967e-04,  1.99947220e-03, -4.75165507e+01,
       -1.46283246e-03])
  message: b'CONVERGENCE: REL_REDUCTION_OF_F_<=_FACTR*EPSMCH'
     nfev: 20
      nit: 19
   status: 0
  success: True
        x: array([-0.60810449, -0.84046934, -0.50568179,  0.24405745, -2.42156377,
       -1.00682358, -0.06534587,  0.        , -0.21543855])
