number of sites to be analyzed:  761
log likelihood =  -12984.327410766886
Edge derivatives =  [296.3984096706144, 99.60727188319655, 407.68571042987867, 670.701910084206]
other derivatives: [ -54.98677638   76.38063835 -166.25690478  208.02744984 -593.00891735
  124.99240256]
Current x array =  [-0.72763797 -0.75601861 -0.52665378  0.          0.          1.25276297
 -4.60517019 -4.60517019 -4.60517019 -4.60517019]
log likelihood =  -11999.983350551454
Edge derivatives =  [285.2640335480203, 94.92398242055606, 388.23452086033234, 665.8751671599248]
other derivatives: [ 176.59622245  100.93863239   85.83228919  114.58650988 -440.66418923
  100.75291357]
Current x array =  [-0.7791501  -0.75535721 -0.68240483  0.19488208 -0.55553636  1.25814703
 -4.32750135 -4.51185715 -4.22324635 -3.97685029]
log likelihood =  -16648.175875652505
Edge derivatives =  [-8.024529959524946, 5.810855151571508, -139.59122708754407, -391.5204349613175]
other derivatives: [-40461.0815167  -31153.06826658 -17646.58445609    186.53336156
   -211.70708351   -183.53457563]
Current x array =  [-0.05       -0.05       -0.05        1.84232828 -5.97819401  1.29858899
 -1.20297281 -3.46783007  0.04808294  3.22321875]
log likelihood =  -9489.650835230912
Edge derivatives =  [177.3092955689299, 43.828253285299304, 251.77930272773813, 151.9338487666682]
other derivatives: [-1763.13333213  -420.72497308  -654.58934841  -216.33204597
   169.36373868  -277.19052014]
Current x array =  [-0.4430927  -0.4302657  -0.39093628  0.95417222 -3.05478063  1.2767863
 -2.88743994 -4.03067636 -2.25463687 -0.65841633]
log likelihood =  -9474.282439309103
Edge derivatives =  [95.9898702159339, 18.79867533692999, 158.10863583023323, -33.2845143227487]
other derivatives: [1303.51145344 -351.8518497   316.50015444 -236.35675461  172.07948986
 -327.67093217]
Current x array =  [-1.44732463 -0.61184558 -0.50712446  1.06722748 -4.10446457  1.01149978
 -1.9420917  -3.7293744  -0.95996692  1.32734819]
log likelihood =  -9020.753582956673
Edge derivatives =  [107.32783023960454, 21.551846560019527, 182.19953644276612, -3.5849074754456773]
other derivatives: [ 963.47030194 -120.6602974   167.35502868 -188.44257283  169.78628992
 -295.23107514]
Current x array =  [-1.11293445 -0.70712782 -0.48633719  0.95798137 -3.79831233  0.9591601
 -2.11868074 -3.7901424  -1.19387478  0.86955181]
log likelihood =  -10363.580224924799
Edge derivatives =  [125.3726881749184, 27.0916938252676, 187.29981346161748, -45.10043881627647]
other derivatives: [-1.24939510e+04 -2.13142084e+02  7.47841113e+00 -1.14753675e+02
  1.18848220e+02 -2.40407098e+02]
Current x array =  [-0.13427147 -0.674273   -0.59913508  0.6547499  -3.13514569  0.56597655
 -2.26583271 -3.86083634 -1.32569204  0.13820526]
log likelihood =  -8710.54685825687
Edge derivatives =  [104.16233150896704, 21.380447081592006, 179.16625108155904, -11.374584910363314]
other derivatives: [ 104.22427295 -140.8994649   119.31351764 -134.69962141  143.07752281
 -252.50392355]
Current x array =  [-0.73059226 -0.69429216 -0.53040485  0.83951548 -3.53922765  0.8055519
 -2.17616979 -3.81776097 -1.2453729   0.58383073]
log likelihood =  -8584.892284681482
Edge derivatives =  [88.28707123942078, 18.111941395091495, 150.0135579561872, -46.11498242606642]
other derivatives: [-400.56092985  -22.94582373  -62.21816875  -76.07486623   97.51311154
 -214.51050998]
Current x array =  [-0.6251649  -0.7808397  -0.48207523  0.72274644 -3.46786837  0.55553432
 -2.02522139 -3.78094974 -1.00390682  0.68677397]
log likelihood =  -8436.914784610157
Edge derivatives =  [53.62501584148837, 12.119840257656213, 60.58306568611348, -128.3041652310924]
other derivatives: [-218.70237106  160.34191503 -304.84879971    3.40896804  -18.42090569
 -140.92893252]
Current x array =  [-0.6789219  -0.94238166 -0.4141871   0.51771603 -3.42768627  0.06100387
 -1.65937581 -3.68520556 -0.44147918  1.04059993]
log likelihood =  -8405.224927657744
Edge derivatives =  [20.829500780885382, 8.094697817007818, -59.97355203717436, -164.89977711581201]
other derivatives: [-371.48038246   85.76516848  499.74914873   26.92122507  -83.90543371
  -61.60062185]
Current x array =  [-0.65027953 -0.90397642 -0.62042811  0.31812656 -3.29220527 -0.45690922
 -1.40821107 -3.62611519 -0.08042616  0.96915926]
log likelihood =  -8317.652062278845
Edge derivatives =  [31.546957605184456, 9.525068972401002, -26.717277815781465, -110.93806998430112]
other derivatives: [-87.07684174  22.29207894 174.19806682  34.80708983 -38.8288754
 -62.68728612]
Current x array =  [-0.71538153 -0.8429816  -0.52547814  0.27422087 -3.15145572 -0.49337442
 -1.49075586 -3.6541356  -0.22235953  0.67315872]
log likelihood =  -8284.616519685558
Edge derivatives =  [45.66000087684808, 11.76970720406529, -19.60730947355104, -7.2349541175030225]
other derivatives: [  26.57725418  -33.71824278 -119.55617083   67.75135262  -20.49164323
  -39.22941687]
Current x array =  [-0.74641063 -0.77935592 -0.46677194  0.15082281 -2.8494967  -0.70984202
 -1.55686814 -3.685084   -0.35969117  0.15059663]
log likelihood =  -8275.120425589124
Edge derivatives =  [40.16517263907319, 11.030840917993618, -29.194502180324314, -14.938838667179578]
other derivatives: [ 27.17060852 -18.58024916  -7.23757694  55.06426533 -13.0805347
 -33.84266165]
Current x array =  [-0.74526728 -0.79530151 -0.49039764  0.19303022 -2.90540551 -0.77030004
 -1.48445616 -3.66435552 -0.31829846  0.1957379 ]
log likelihood =  -8261.533937225544
Edge derivatives =  [32.87861784876743, 10.235493889617217, -41.96473400979687, -1.2277704864793675]
other derivatives: [ 16.49968908   5.23432391 106.37231753  33.78045221   6.9694579
 -17.955972  ]
Current x array =  [-0.73953595 -0.81858094 -0.51419864  0.2880641  -2.96571728 -0.96281319
 -1.32142338 -3.62039339 -0.27821318  0.17360613]
log likelihood =  -8250.562446857632
Edge derivatives =  [26.068205259780242, 9.619952880274713, -40.73402782806684, 10.109706446051863]
other derivatives: [ -1.65891834  19.29711289 118.47478163  12.96248229  22.70207915
  -6.37828634]
Current x array =  [-0.73266549 -0.83447226 -0.51050982  0.41047106 -2.99854667 -1.15241369
 -1.14653784 -3.57258389 -0.29167546  0.14485628]
log likelihood =  -8236.953278193716
Edge derivatives =  [1.1516771146625624, 7.735392969843519, -26.1757835706581, -10.776459344637283]
other derivatives: [-10.5219442  -47.47798812  69.075395   -13.60167516   3.51665221
   4.73337423]
Current x array =  [-0.73291147 -0.8010259  -0.48973428  0.60083026 -2.91232427 -1.4271267
 -0.81945947 -3.47205223 -0.4468989   0.15322029]
log likelihood =  -8243.600455099551
Edge derivatives =  [11.039867721499542, 8.620072269026835, 21.764602065875177, 29.145683229644053]
other derivatives: [ 95.9071258  125.96301531  10.36187314 -33.07086445   8.34879756
   6.94744813]
Current x array =  [-7.55763642e-01 -9.06022573e-01 -4.77981249e-01  6.86540560e-01
 -2.78600936e+00 -1.46619691e+00 -7.48818890e-01 -3.42983649e+00
 -7.34877254e-01  2.75250890e-03]
log likelihood =  -8234.515996576341
Edge derivatives =  [4.561623196668148, 8.047464240342723, -9.032410539322054, 1.6938820755733002]
other derivatives: [ 27.14405127  17.55433914  48.01440809 -19.89828888   6.15928002
   5.12663973]
Current x array =  [-0.74057664 -0.83624431 -0.48579203  0.62957956 -2.86995521 -1.44023179
 -0.79576492 -3.45789206 -0.54349377  0.10274977]
log likelihood =  -8233.245326900807
Edge derivatives =  [5.950210483223694, 8.195715071017709, -5.116852876089811, -0.5597949147477521]
other derivatives: [ 10.17579052   6.78592187   3.44516593 -13.81522452  -1.28929969
   4.58967406]
Current x array =  [-0.73673599 -0.82686667 -0.47752615  0.60251113 -2.83280033 -1.41717069
 -0.80942999 -3.45455514 -0.58075214  0.08931281]
log likelihood =  -8232.801086222711
Edge derivatives =  [7.316219441116226, 8.332837919054638, -1.6881389286965915, -1.55010764267351]
other derivatives: [  1.32040441  -1.67474354 -15.16436896  -8.37007974  -5.65287337
   3.97430995]
Current x array =  [-0.73476153 -0.81906264 -0.47539455  0.57367843 -2.80710421 -1.3912904
 -0.82193223 -3.44913446 -0.6125901   0.07726357]
log likelihood =  -8232.435151716232
Edge derivatives =  [5.9372770376477195, 8.23831193390148, -0.2246558402604284, -2.8667785630079474]
other derivatives: [ -7.93261279  -2.6437192  -15.08433343  -4.81031748  -7.11443136
   3.80769052]
Current x array =  [-0.7324488  -0.81800032 -0.47632115  0.55485663 -2.80279092 -1.38087914
 -0.80987622 -3.43398159 -0.63062431  0.07629597]
log likelihood =  -8231.748415381759
Edge derivatives =  [0.14072830291071148, 7.817496888110989, 2.866176640022658, -2.51985829588436]
other derivatives: [ 8.43047019 -8.92341632  8.76771082  4.20004653 -7.54025677  3.55012162]
Current x array =  [-0.73790331 -0.81219936 -0.48380168  0.49731082 -2.80141792 -1.35513256
 -0.76072088 -3.37403446 -0.67671177  0.06700348]
log likelihood =  -8231.661336968387
Edge derivatives =  [-2.874829748464039, 7.4972715488304225, 4.075701646105426, -12.107386733945239]
other derivatives: [-29.96694093  11.7757736  -12.95738912   9.73614078  -2.75813363
   1.37715688]
Current x array =  [-0.72792527 -0.82951551 -0.47704005  0.47132937 -2.86386085 -1.30396843
 -0.71755903 -3.31522149 -0.67679197  0.12376714]
log likelihood =  -8231.212418774252
Edge derivatives =  [-2.2344845524200916, 7.582182495806257, 3.5744580045763827, -5.179126597722792]
other derivatives: [-4.70136001  2.37741915  0.91895345  5.79475454 -0.72723196  2.31902959]
Current x array =  [-0.73443461 -0.8220515  -0.48031247  0.48764387 -2.850323   -1.32449907
 -0.72694303 -3.32510322 -0.67318764  0.09659503]
log likelihood =  -8231.06663763549
Edge derivatives =  [-2.1145908086743317, 7.598165379026575, 3.3843194551568594, -1.6783023813711018]
other derivatives: [ 5.00494934 -0.23646862  3.62524588  3.99631972  2.04527169  2.3861503 ]
Current x array =  [-0.736954   -0.82020938 -0.48056625  0.49451311 -2.85455966 -1.32511647
 -0.72649882 -3.31573349 -0.66873412  0.08790934]
log likelihood =  -8230.823014912474
Edge derivatives =  [-2.5253355678353753, 7.572504575163379, 3.153880338210245, 2.958367615303628]
other derivatives: [12.64252205 -2.66718416  7.29760359  1.51321728  6.55036274  2.00434442]
Current x array =  [-0.73878245 -0.81880728 -0.4807668   0.50400112 -2.86554727 -1.31374675
 -0.72078672 -3.28135579 -0.6632339   0.07799146]
log likelihood =  -8230.346079211591
Edge derivatives =  [-3.4410955930728484, 7.494200040256789, 2.3477624908571006, 7.671775082047829]
other derivatives: [21.53756213 -5.08862286  7.19064701 -1.1676093  10.89138095  0.43146429]
Current x array =  [-0.74103198 -0.81749044 -0.47980003  0.51486766 -2.87758253 -1.27559335
 -0.71381734 -3.19819971 -0.65491607  0.06693913]
log likelihood =  -8229.421194223161
Edge derivatives =  [-6.107752419973228, 7.141581169796136, -0.16794266291911797, 15.163404122070542]
other derivatives: [15.78737283 -3.40096449 32.30252332 -7.18919182 14.15082806 -4.07162588]
Current x array =  [-0.7379761  -0.81864162 -0.4853727   0.54152459 -2.87708006 -1.18044869
 -0.71069627 -2.98081873 -0.64551714  0.03668188]
log likelihood =  -8229.022648206486
Edge derivatives =  [-7.530360753744657, 6.37079152805865, 0.38886599738963257, 17.095720040086334]
other derivatives: [ 49.76609489   7.24521669 -27.50530257  -6.98764779  11.08091965
 -12.85079634]
Current x array =  [-0.74857743 -0.8242586  -0.46934316  0.54669195 -2.86786805 -1.03957813
 -0.70884484 -2.68195669 -0.65339618  0.02316117]
log likelihood =  -8228.103936442702
Edge derivatives =  [-8.162505490364794, 6.457353755253798, -1.4908865517576986, 12.02925851772897]
other derivatives: [ 13.54637789   1.0470103   -1.4069883   -6.70843292   6.01212378
 -11.20752131]
Current x array =  [-0.73779672 -0.82096177 -0.47690232  0.54768606 -2.85156187 -1.06648845
 -0.72072007 -2.71459555 -0.65239248  0.03100759]
log likelihood =  -8227.528786123596
Edge derivatives =  [-8.49784476080091, 6.4409731704599595, -2.758846278491996, 3.8487322901692513]
other derivatives: [-12.99267751  -0.37289283   4.7892172   -4.40559234  -3.24598659
 -11.33885235]
Current x array =  [-0.73053361 -0.82004567 -0.47985232  0.54213616 -2.82376118 -1.07086021
 -0.74039258 -2.68691976 -0.65926306  0.04374089]
log likelihood =  -8227.091396260337
Edge derivatives =  [-8.169688427940383, 6.35512395392277, -3.0432497633002353, -1.2401186905304271]
other derivatives: [-18.9338607    0.41782187   5.36965672  -2.97477527  -9.55587893
 -12.30218913]
Current x array =  [-0.72903414 -0.81996409 -0.48087793  0.53805929 -2.80269041 -1.06324273
 -0.76186744 -2.61407319 -0.66702993  0.0501543 ]
log likelihood =  -8225.624489402213
Edge derivatives =  [-5.037170445737385, 6.086763430220701, -2.1945126662129195, -6.710545223015245]
other derivatives: [-34.62100722  -7.54098437  -8.80245352  -1.24709914 -19.41007213
 -13.47252692]
Current x array =  [-0.72489263 -0.81305263 -0.47951199  0.53483898 -2.75659812 -1.06858883
 -0.84312017 -2.35858465 -0.68646773  0.0473179 ]
log likelihood =  -8224.810432015085
Edge derivatives =  [-1.157348481656159, -0.15267312748202622, 0.282138593950788, -27.04932172087125]
other derivatives: [  9.957148    21.02970029  62.05118552   5.34164428 -35.69584806
 -16.97990228]
Current x array =  [-0.73703578 -0.82889594 -0.49998281  0.49425067 -2.70465782 -1.09692015
 -1.03676718 -1.70526378 -0.7343033   0.0903327 ]
log likelihood =  -8221.68120139463
Edge derivatives =  [4.63079637453551, 4.540897383950612, 4.506179354246049, -14.290650202642883]
other derivatives: [-35.06029316   7.07950676 -21.34602255   5.15174179 -21.75747795
  -9.52077244]
Current x array =  [-0.72474926 -0.82055895 -0.47888438  0.50290503 -2.73774031 -1.22571245
 -1.06043828 -1.82915327 -0.71898238  0.07463143]
log likelihood =  -8220.201520352512
Edge derivatives =  [5.572102494999214, 2.65374801714951, 4.686045326614154, -2.5132420773353887]
other derivatives: [-31.75155143  -4.09745553 -22.89834811   1.33586582  -8.06012395
  -8.08395271]
Current x array =  [-0.72522499 -0.81462491 -0.47705281  0.51398368 -2.77409643 -1.27132685
 -1.09508713 -1.69416656 -0.70567022  0.057722  ]
log likelihood =  -8221.17114256672
Edge derivatives =  [11.529739130613482, 8.343527300194033, 5.517320676194962, 11.054199422837952]
other derivatives: [66.66014087  3.63688741 40.60002539 -6.55127224 11.32466423  0.8240022 ]
Current x array =  [-0.75137719 -0.8172537  -0.49160246  0.52954144 -2.81938531 -1.53302909
 -1.14573028 -1.84719331 -0.66353733  0.05314815]
log likelihood =  -8219.614621332112
Edge derivatives =  [7.846571235823098, 4.923129311102336, 5.080447921848555, 2.629423160204184]
other derivatives: [ 5.73727448 -1.21581252  1.09212124 -1.61126081 -0.65374479 -4.22078301]
Current x array =  [-0.73496587 -0.81560405 -0.4824721   0.51977846 -2.79096513 -1.36880279
 -1.11395013 -1.75116426 -0.68997703  0.05601838]
log likelihood =  -8219.236082731088
Edge derivatives =  [7.862592807036377, 0.7917710590804269, 4.351263298631513, 6.598220859477918]
other derivatives: [ 8.74042598  1.1154043  -0.84619387 -1.91575964  4.00141289 -3.77403921]
Current x array =  [-0.73591949 -0.81861723 -0.48071447  0.52001795 -2.80675912 -1.42308648
 -1.17069357 -1.54297335 -0.68403468  0.0530579 ]
log likelihood =  -8219.451324676342
Edge derivatives =  [-1.8871135520387103, -0.2370327363832104, -7.60643967082036, -6.818220202450077]
other derivatives: [ 30.9331881  -17.14106475 -46.67581379   5.36347216  -5.88188414
  -0.21718733]
Current x array =  [-0.74659659 -0.81246161 -0.46608153  0.50020408 -2.82990171 -1.5104411
 -1.05611245 -1.58912798 -0.62291492  0.09987628]
log likelihood =  -8218.878256504202
Edge derivatives =  [3.648684373879102, 0.339596305658748, -0.9541092133581699, 0.6338890114647822]
other derivatives: [ 18.5909812   -6.82011887 -20.38832463   1.34295988  -0.19772415
  -2.16477929]
Current x array =  [-0.74063621 -0.81589793 -0.47425022  0.51126498 -2.81698259 -1.46167624
 -1.12007623 -1.56336261 -0.65703442  0.07374038]
log likelihood =  -8218.692847537288
Edge derivatives =  [1.6239685040885607, 0.6290631043850757, -2.830169575927637, 1.098932962569922]
other derivatives: [ 3.4508048   1.12868292 -4.2236934   1.4071702   1.02882041 -1.26383384]
Current x array =  [-0.73600875 -0.82221553 -0.47783978  0.51163319 -2.82802796 -1.47749356
 -1.08846903 -1.59539939 -0.64622417  0.07589017]
log likelihood =  -8218.668184836373
Edge derivatives =  [1.1219576751664893, 0.1664526144246393, -3.334357260946114, 0.37765638987444206]
other derivatives: [-0.32086973  0.12951205  1.13559508  1.43518264  0.38689905 -0.95660653]
Current x array =  [-0.73497459 -0.82190165 -0.47914217  0.51181024 -2.8267545  -1.49155883
 -1.09056244 -1.57962793 -0.64611099  0.07725517]
log likelihood =  -8218.649314780228
Edge derivatives =  [0.9205219282664301, 0.028512015248740613, -3.2162543822158156, -0.28885271398683265]
other derivatives: [-2.22498784  0.47675712  3.0902811   1.36824383 -0.32450771 -0.61554601]
Current x array =  [-0.73443541 -0.82221768 -0.47968352  0.51281717 -2.82410957 -1.50676627
 -1.09258422 -1.57239999 -0.64875698  0.07849001]
log likelihood =  -8218.616662048003
Edge derivatives =  [0.5400849030198057, -0.01253249620032404, -2.277347624193568, -0.8081316673334736]
other derivatives: [-2.34012987  0.92277332  3.83461156  0.73068804 -1.07902451 -0.14206307]
Current x array =  [-0.73435808 -0.82248101 -0.47990513  0.5169012  -2.81966679 -1.52644596
 -1.08953625 -1.56831916 -0.65721396  0.07903318]
log likelihood =  -8218.595010167941
Edge derivatives =  [-0.46253582634773344, -0.12024240196167657, -0.2286381493735058, -0.28135960516578706]
other derivatives: [ 1.97505869 -0.89112291  5.00967872 -0.2912202   0.08803909 -0.0854925 ]
Current x array =  [-0.73553475 -0.82126376 -0.48000503  0.5205339  -2.82212252 -1.52177574
 -1.06753264 -1.57211081 -0.67251983  0.07882874]
log likelihood =  -8218.590318024724
Edge derivatives =  [-0.036936109713302745, -0.06758862479613306, 0.04069590714106042, -0.031317480292770705]
other derivatives: [-0.52659743  1.03918865 -0.57334546 -0.14879333  0.07621566  0.00727596]
Current x array =  [-0.73481401 -0.82249337 -0.47869238  0.5210088  -2.82142889 -1.52854371
 -1.07363337 -1.56696744 -0.67271112  0.07835789]
log likelihood =  -8218.589714560523
Edge derivatives =  [-0.006986008142851774, -0.02183620321086016, -0.04128655518976321, -0.11996390754519592]
other derivatives: [-0.08421921  0.16370905  0.13096724 -0.14479156  0.01600711 -0.02291927]
Current x array =  [-0.73495046 -0.82188672 -0.47889497  0.52074012 -2.8211227  -1.52695488
 -1.07395078 -1.56928353 -0.67233268  0.07835184]
log likelihood =  -8218.589667678658
Edge derivatives =  [0.012268564455043207, -0.0015799889932690547, -0.02129067884604663, -0.10051359886534295]
other derivatives: [-0.06111804 -0.02219167  0.03528839 -0.13878889  0.02710294 -0.01600711]
Current x array =  [-0.73495919 -0.8217499  -0.47888501  0.52067207 -2.82103583 -1.52712904
 -1.07409304 -1.56985698 -0.67244102  0.07825103]
log likelihood =  -8218.58963035036
Edge derivatives =  [0.031140723115021696, 0.013907446937716339, -0.01024029332505827, -0.056927594207656584]
other derivatives: [ 0.14915713 -0.0340151   0.03037712 -0.10786607  0.0351065  -0.00491127]
Current x array =  [-0.73501885 -0.82171729 -0.47889735  0.52045988 -2.82092589 -1.52754926
 -1.0743163  -1.57016784 -0.67248666  0.07808088]
log likelihood =  -8218.589596074436
Edge derivatives =  [0.016329713267288826, 0.016334840884593443, 0.018169415263883604, -0.0025492188196942767]
other derivatives: [ 0.03110472 -0.09877112 -0.09040377 -0.05493348  0.04311005  0.00854925]
Current x array =  [-0.73498995 -0.82166089 -0.47888481  0.52016774 -2.82083898 -1.52787204
 -1.07409303 -1.57028938 -0.67276171  0.07785079]
log likelihood =  -8218.58957972661
Edge derivatives =  [0.012617949961598818, 0.007194129850689429, 0.014588338434976866, 0.014217174582424885]
other derivatives: [ 0.04802132 -0.00582077 -0.00836735 -0.01491571  0.02473826  0.00654836]
Current x array =  [-0.73499449 -0.82171054 -0.47891363  0.51994757 -2.82074294 -1.52784479
 -1.07416914 -1.56996995 -0.67280462  0.07774272]
      fun: 8218.58957972661
 hess_inv: <10x10 LbfgsInvHessProduct with dtype=float64>
      jac: array([-0.04802132,  0.00582077,  0.00836735,  0.01491571, -0.02473826,
       -0.00654836, -0.01261795, -0.00719413, -0.01458834, -0.01421717])
  message: b'CONVERGENCE: REL_REDUCTION_OF_F_<=_FACTR*EPSMCH'
     nfev: 53
      nit: 47
   status: 0
  success: True
        x: array([-0.73499449, -0.82171054, -0.47891363,  0.51994757, -2.82074294,
       -1.52784479, -1.07416914, -1.56996995, -0.67280462,  0.07774272])
