number of sites to be analyzed:  296
log likelihood =  2810.7056266549134
Lr derivatives =  [-93.76205005797686, -149.54077815486949, 4.263256414560601e-14]
other derivatives =  [  5.79293555 -13.66042852  -9.27939254  -2.35900188 144.80010577
  -0.        ]
Current x_clock array =  [-0.56679238 -0.65536274 -0.59646555  0.74193734 -0.10536052 -0.51082562
 -0.51082562 -0.51082562 -0.51082562]
log likelihood =  2700.1935767798836
Lr derivatives =  [72.94558221558681, -83.65240151037848, -3.552713678800501e-15]
other derivatives =  [-52.67511369  15.59083103 -22.33068699  -2.07082849 111.92319107
  -0.        ]
Current x_clock array =  [-0.60035083 -0.65185588 -0.59329988  0.75560303 -0.94418694 -0.51082562
  0.03233755 -0.50786641 -0.51082562]
log likelihood =  2645.015296004588
Lr derivatives =  [-8.60320219320436, -76.0176014140265, 3.907985046680551e-14]
other derivatives =  [462.65254241 -37.88118192  48.67215466  13.59626367  19.50720616
  -0.        ]
Current x_clock array =  [-0.38554665 -0.73897526 -0.50029162  0.77627117 -2.14300813 -0.51082562
  0.14003121 -0.32975457 -0.51082562]
log likelihood =  2603.4148164769513
Lr derivatives =  [-27.962758830286123, -68.10702377929633, -4.973799150320701e-14]
other derivatives =  [-50.22120604 -38.04143489  41.66031431  16.75680323 -15.78623596
  -0.        ]
Current x_clock array =  [-0.58403491 -0.74228874 -0.50277928  0.77632323 -2.58906456 -0.51082562
  0.25181895 -0.25869494 -0.51082562]
log likelihood =  2599.496337498127
Lr derivatives =  [-16.83218007716181, -62.9783738437302, 1.7763568394002505e-14]
other derivatives =  [-26.46038411 -22.95200829  20.38773346  15.09451977  -6.92025424
  -0.        ]
Current x_clock array =  [-0.57077811 -0.72313341 -0.52367432  0.76851412 -2.51711129 -0.51082562
  0.25167003 -0.23982252 -0.51082562]
log likelihood =  2590.7080486455197
Lr derivatives =  [1.4535348303502058, -41.74726658992129, -1.2434497875801753e-14]
other derivatives =  [32.19638529 15.46081876 -9.47488843 10.61621333  2.2398126  -0.        ]
Current x_clock array =  [-0.5389689  -0.68200451 -0.55531769  0.73254149 -2.51512006 -0.51082562
  0.26179522 -0.08801223 -0.51082562]
log likelihood =  2587.4980903599217
Lr derivatives =  [1.7063495889724987, -32.090955288897725, -1.7763568394002505e-14]
other derivatives =  [ 4.52391305e+01  1.92968855e+01 -2.13695330e+01  8.50677679e+00
  6.91215973e-03 -0.00000000e+00]
Current x_clock array =  [-0.53180982 -0.67902631 -0.56870444  0.68835338 -2.57801417 -0.51082562
  0.26069128  0.         -0.51082562]
log likelihood =  2586.4381973185973
Lr derivatives =  [7.030685631405278, -30.095706214709928, 0.0]
other derivatives =  [13.56843313 -1.27211024 -2.02298907  6.04823072  4.58876457 -0.        ]
Current x_clock array =  [-0.54840199 -0.70177699 -0.54772412  0.65785223 -2.54769533 -0.51082562
  0.26729294  0.         -0.51082562]
log likelihood =  2586.2039982558736
Lr derivatives =  [2.611738445302139, -31.572626357380393, -3.552713678800501e-14]
other derivatives =  [-0.62864274 -4.00577846  1.29230102  5.91198841  0.80535756 -0.        ]
Current x_clock array =  [-0.55558734 -0.70466675 -0.54438621  0.64088527 -2.58087454 -0.51082562
  0.26659724  0.         -0.51082562]
log likelihood =  2586.0923066873593
Lr derivatives =  [0.8303112085482596, -32.19059068090449, -2.4868995751603507e-14]
other derivatives =  [-6.81102392 -3.00328793  2.67723408  5.31290425 -0.70676833 -0.        ]
Current x_clock array =  [-0.55878378 -0.7033303  -0.54320309  0.62111545 -2.59007401 -0.51082562
  0.26087364  0.         -0.51082562]
log likelihood =  2585.892588784112
Lr derivatives =  [-1.1720670108862432, -32.949813314252616, -1.4210854715202004e-14]
other derivatives =  [-12.17190402  -1.05774234   3.37781785   3.43475222  -2.1847427
  -0.        ]
Current x_clock array =  [-0.56151014 -0.70061093 -0.54319223  0.57033294 -2.58943281 -0.51082562
  0.24217466  0.         -0.51082562]
log likelihood =  2585.725658231182
Lr derivatives =  [-1.627708795020542, -33.23061298838632, -2.6645352591003757e-14]
other derivatives =  [-8.34825187 -1.07615961  1.97132977  0.8502866  -1.97264853 -0.        ]
Current x_clock array =  [-0.55932294 -0.70003761 -0.54560597  0.50894454 -2.57081222 -0.51082562
  0.21815853  0.         -0.51082562]
log likelihood =  2585.706548189055
Lr derivatives =  [0.4675258792577033, -32.56843945981484, 2.4868995751603507e-14]
other derivatives =  [-0.35297489  5.32313607  4.36612027 -0.34051482  0.09131327 -0.        ]
Current x_clock array =  [-0.55529766 -0.69272738 -0.54354072  0.4894719  -2.54416535 -0.51082562
  0.20687093  0.         -0.51082562]
log likelihood =  2585.6811905796894
Lr derivatives =  [0.015770954112555913, -32.74345805368187, -3.019806626980426e-14]
other derivatives =  [-0.36366146  0.46466084  0.25352165 -0.19686013 -0.2312845  -0.        ]
Current x_clock array =  [-0.55520173 -0.69813415 -0.54779475  0.49039594 -2.54719753 -0.51082562
  0.20738751  0.         -0.51082562]
log likelihood =  2585.680475359539
Lr derivatives =  [0.23420275849271022, -32.67009978942065, -7.105427357601002e-15]
other derivatives =  [ 0.01105036  0.11023076 -0.09458745 -0.11714292 -0.05225047 -0.        ]
Current x_clock array =  [-0.55502249 -0.69855952 -0.5481249   0.49286962 -2.54574877 -0.51082562
  0.20785762  0.         -0.51082562]
log likelihood =  2585.6802164384435
Lr derivatives =  [0.27125292390737954, -32.66368388769037, -1.5987211554602254e-14]
other derivatives =  [ 0.23610482  0.00954969 -0.1069111  -0.0854925   0.00736691 -0.        ]
Current x_clock array =  [-0.55491367 -0.69866093 -0.54813577  0.49378211 -2.54440317 -0.51082562
  0.20728491  0.         -0.51082562]
log likelihood =  2585.6797278072254
Lr derivatives =  [0.26118096790175294, -32.69024091240086, -2.6645352591003757e-14]
other derivatives =  [ 0.3086825   0.02914931 -0.29313014 -0.01723492  0.09840733 -0.        ]
Current x_clock array =  [-0.55490675 -0.69856397 -0.54835238  0.49550443 -2.54036959 -0.51082562
  0.20480486  0.         -0.51082562]
log likelihood =  2585.6824609004784
Lr derivatives =  [-0.42486255780154103, -32.96562142579614, 2.3092638912203256e-14]
other derivatives =  [ 1.85686986 -1.08725544  1.33072717  0.14533725 -0.22514541 -0.        ]
Current x_clock array =  [-0.55405633 -0.69969596 -0.54667423  0.49782293 -2.53730936 -0.51082562
  0.20002469  0.         -0.51082562]
log likelihood =  2585.679629667855
Lr derivatives =  [0.15371303498858957, -32.73338223429029, -7.105427357601002e-15]
other derivatives =  [ 0.55133569 -0.14638317 -0.03860805  0.0082764   0.0475211  -0.        ]
Current x_clock array =  [-0.55477326 -0.69874167 -0.54808895  0.49586839 -2.5398892  -0.51082562
  0.20405448  0.         -0.51082562]
log likelihood =  2585.679444591703
Lr derivatives =  [0.08551155472570748, -32.76962819187287, -2.842170943040401e-14]
other derivatives =  [ 0.20650077 -0.08767529 -0.02728484  0.00868567  0.05275069 -0.        ]
Current x_clock array =  [-0.55497096 -0.69861948 -0.54810305  0.49582218 -2.53786721 -0.51082562
  0.20240618  0.         -0.51082562]
log likelihood =  2585.6794063191205
Lr derivatives =  [0.010501253323580428, -32.79967211165972, 7.105427357601002e-15]
other derivatives =  [ 0.02228262 -0.00186446 -0.00700311  0.00341061  0.01095941 -0.        ]
Current x_clock array =  [-0.55506921 -0.69849824 -0.54809552  0.4955105  -2.53752928 -0.51082562
  0.20177398  0.         -0.51082562]
log likelihood =  2585.6794053158674
Lr derivatives =  [0.0008617506679424736, -32.802526375875736, 5.329070518200751e-15]
other derivatives =  [-0.00336513 -0.00236469  0.00045475 -0.00013642  0.00122782 -0.        ]
Current x_clock array =  [-0.55508129 -0.698499   -0.54808844  0.49539501 -2.53766856 -0.51082562
  0.20180421  0.         -0.51082562]
      fun: 2585.6794053158674
 hess_inv: <9x9 LbfgsInvHessProduct with dtype=float64>
      jac: array([-3.36513040e-03, -2.36468622e-03,  4.54747351e-04, -1.36424205e-04,
        1.22781785e-03, -0.00000000e+00,  8.61750668e-04, -3.28025264e+01,
        5.32907052e-15])
  message: b'CONVERGENCE: REL_REDUCTION_OF_F_<=_FACTR*EPSMCH'
     nfev: 22
      nit: 20
   status: 0
  success: True
        x: array([-0.55508129, -0.698499  , -0.54808844,  0.49539501, -2.53766856,
       -0.51082562,  0.20180421,  0.        , -0.51082562])
