number of sites to be analyzed:  641
Successfully loaded parameter value from ./save/MG942214.txt
log likelihood =  -20580.457796347437
Edge derivatives =  [-0.00033576151286213136, -0.015327728553448328, -0.09977657818178234, 0.03759022441410849, -0.022143011430201476, 0.042211735027618935, 0.06978544892318772, 0.010257978131225087, -0.06673208612684547, -0.009339017676013861, -0.0014342744287396884, 0.021936805152541913, -0.03789915415101802, 0.06276536094678409, 0.023050259496514514, 0.055215356156664175]
other derivatives: [ 0.10913936 -0.07057679  0.05456968  0.01527951 -0.0858563   0.02764864]
Current x array =  [ -0.67802681  -0.8066054   -0.48398743   0.61050578  -1.89685129
  -1.23279109 -13.1919258   -0.45372459  -3.61425867  -2.8598787
  -0.56242046  -0.70346679  -0.32045024  -0.2559156   -1.65695939
  -1.27709493 -12.01435921  -1.11568759  -1.85178115  -2.02092454
  -1.02398379   0.14888806]
log likelihood =  -20639.626608243256
Edge derivatives =  [-0.0003604539490697045, 9.971670969103256, 0.6929907835620229, -1.1140649752370222, 14.481974488031915, -6.734887109766272, -22.477375092108037, 6.40365332549253, 9.633795272219174, 9.207285571771077, -0.001470608836120691, -4.774889261240842, 4.079443725537006, -3.9247078367280146, -4.705863334307763, -17.885411125468682]
other derivatives: [-793.48428699  134.04642232 -383.10972741   35.88575055   35.75405572
   -4.77557478]
Current x array =  [ -0.56888745  -0.87718219  -0.42941774   0.62578529  -1.98270759
  -1.20514245 -13.19226157  -0.46905232  -3.71403525  -2.82228848
  -0.58456347  -0.66125506  -0.25066479  -0.24565762  -1.72369148
  -1.28643394 -12.01579348  -1.09375078  -1.8896803   -1.95815918
  -1.00093353   0.20410342]
log likelihood =  -20580.457779138884
Edge derivatives =  [-0.0003357875060904505, -0.010115887338559504, -0.09938205931280891, 0.03686708674750597, -0.013951678559057767, 0.03869187167825866, 0.05737703336430888, 0.013656169437736065, -0.06128577731005974, -0.0044408652387251946, -0.0014342927880847665, 0.01891102672659075, -0.03570899800800059, 0.060661725829174395, 0.02017900143825535, 0.04591270177531914]
other derivatives: [-0.24992914  0.00582077 -0.13133103  0.03019522 -0.06621121  0.02437446]
Current x array =  [ -0.67796742  -0.8066438   -0.48395773   0.61051409  -1.89689801
  -1.23277604 -13.19192599  -0.45373293  -3.61431296  -2.85985825
  -0.56243251  -0.70344382  -0.32041226  -0.25591002  -1.6569957
  -1.27710001 -12.01435999  -1.11567565  -1.85180177  -2.02089038
  -1.02397125   0.14891811]
      fun: 20580.457779138884
 hess_inv: <22x22 LbfgsInvHessProduct with dtype=float64>
      jac: array([ 0.24992914, -0.00582077,  0.13133103, -0.03019522,  0.06621121,
       -0.02437446,  0.00033579,  0.01011589,  0.09938206, -0.03686709,
        0.01395168, -0.03869187, -0.05737703, -0.01365617,  0.06128578,
        0.00444087,  0.00143429, -0.01891103,  0.035709  , -0.06066173,
       -0.020179  , -0.0459127 ])
  message: b'CONVERGENCE: REL_REDUCTION_OF_F_<=_FACTR*EPSMCH'
     nfev: 3
      nit: 1
   status: 0
  success: True
        x: array([ -0.67796742,  -0.8066438 ,  -0.48395773,   0.61051409,
        -1.89689801,  -1.23277604, -13.19192599,  -0.45373293,
        -3.61431296,  -2.85985825,  -0.56243251,  -0.70344382,
        -0.32041226,  -0.25591002,  -1.6569957 ,  -1.27710001,
       -12.01435999,  -1.11567565,  -1.85180177,  -2.02089038,
        -1.02397125,   0.14891811])
