number of sites to be analyzed:  801
log likelihood =  10717.954616905878
Lr derivatives =  [-470.2140192107461, -740.4400482644038, -472.1274339274006]
other derivatives =  [122.07165128 -71.325303    95.31577234  -4.87343641 683.13620432
  19.59306246]
Current x_clock array =  [-0.65774308 -0.77934094 -0.56998712  0.74193734 -0.10536052 -0.51082562
 -0.51082562 -0.51082562 -0.51082562]
log likelihood =  10194.067053583018
Lr derivatives =  [198.5308758605091, -351.3848413832187, -264.56250867016473]
other derivatives =  [-430.98461902  -31.19857865 -284.62891351    2.88600859  515.34680097
   54.18696674]
Current x_clock array =  [-0.80239444 -0.7784767  -0.68293353  0.74771223 -0.91485703 -0.53404283
  0.0463643  -0.51022031 -0.51022031]
log likelihood =  9793.44872019992
Lr derivatives =  [336.36459020703376, -95.740111453434, -70.90575113708854]
other derivatives =  [505.55736379 105.99815141 -28.8555384   13.85451469 317.27395253
  64.2350642 ]
Current x_clock array =  [-0.57893948 -0.76784127 -0.54749061  0.74956336 -1.86631671 -0.59097447
  0.28509387 -0.38629116 -0.40053921]
log likelihood =  9651.650911909519
Lr derivatives =  [-63.93129164988608, -210.1937986313027, -102.00061762298103]
other derivatives =  [-214.09559849    5.03259798  328.23281799   63.08182492  -80.07536962
   47.41359589]
Current x_clock array =  [-0.72009626 -0.8280743  -0.44121496  0.74370769 -2.89632364 -0.67554735
  0.34916938 -0.30639202 -0.32009371]
log likelihood =  9612.802847739229
Lr derivatives =  [5.6147433617362665, -146.25616796162063, -41.73283753315513]
other derivatives =  [ -29.33793439  -17.38371793 -182.98560462   58.97672963  -37.05499694
   45.61588867]
Current x_clock array =  [-0.6719527  -0.84018123 -0.56754798  0.71605301 -2.76808274 -0.69568201
  0.27964866 -0.22045011 -0.27890334]
log likelihood =  9594.743148378693
Lr derivatives =  [52.1911485019004, -100.31236292630423, 5.13652304570547]
other derivatives =  [  96.42553778  -14.17338353 -100.59466149   45.83816917    2.65499693
   47.61368473]
Current x_clock array =  [-0.64679567 -0.83906155 -0.54556101  0.69211597 -2.65751592 -0.71191438
  0.21066729 -0.14566452 -0.24880262]
log likelihood =  9572.631829228929
Lr derivatives =  [68.16757397786395, -38.3894448131349, 84.5341585740828]
other derivatives =  [113.67628758 -13.10363587  37.50428732  29.43288564  32.32689778
  46.99722922]
Current x_clock array =  [-0.6458949  -0.83436042 -0.5119005   0.63035092 -2.51335785 -0.76927636
  0.04106099  0.         -0.19640881]
log likelihood =  9565.82817765826
Lr derivatives =  [37.77866748522776, -61.66445344404981, 44.06805417655399]
other derivatives =  [37.06863936  7.57991074 44.24528015 27.58060873 16.23338903 42.36808309]
Current x_clock array =  [-0.66229273 -0.82029068 -0.51093081  0.60031024 -2.51235091 -0.804222
  0.01316721  0.         -0.22292678]
log likelihood =  9560.015646843574
Lr derivatives =  [-17.880525961552976, -102.76156214383782, -17.002826927810652]
other derivatives =  [-35.58343451  15.9307092    8.50013748  20.20733518  -9.04292392
  33.28386811]
Current x_clock array =  [-0.6772251  -0.80954193 -0.52304111  0.53481714 -2.50631848 -0.88255571
 -0.04222558  0.         -0.26292716]
log likelihood =  9558.364355498485
Lr derivatives =  [-29.097610224379686, -110.19276871113684, -27.605568344211605]
other derivatives =  [-33.73588697   5.70616976  -3.88845365  13.52418622 -12.40914571
  29.63497536]
Current x_clock array =  [-0.67633194 -0.81331607 -0.52776251  0.5018973  -2.50182268 -0.92756139
 -0.05710412  0.         -0.26745647]
log likelihood =  9554.418524381563
Lr derivatives =  [-29.368935344587385, -106.36396170553714, -25.81813254141062]
other derivatives =  [-17.75697456   3.93356459 -29.49382178  -7.04567356 -10.80607035
  20.36431397]
Current x_clock array =  [-0.67301994 -0.81266623 -0.53738891  0.41185371 -2.4949061  -1.08092344
 -0.07331907  0.         -0.25532556]
log likelihood =  9551.806014429798
Lr derivatives =  [-10.88536493675904, -89.42478416847905, -9.216618885349888]
other derivatives =  [ -7.32889021 -44.12595445 -15.24877007 -16.80382411  -4.45379555
  13.06798367]
Current x_clock array =  [-0.6713265  -0.84137032 -0.53162052  0.37956515 -2.5059159  -1.25000306
 -0.05436587  0.         -0.23649649]
log likelihood =  9549.956839631759
Lr derivatives =  [9.505564561707414, -71.65064543791311, 7.738247916353963]
other derivatives =  [ 12.50446076  -2.87018338  -6.67168933 -20.71756171   2.36141204
   7.52261258]
Current x_clock array =  [-0.668545   -0.82086349 -0.52834373  0.36417219 -2.50093081 -1.40697874
 -0.04698972  0.         -0.21975949]
log likelihood =  9549.158034908454
Lr derivatives =  [15.297873368833468, -66.3719033111389, 10.578076098698677]
other derivatives =  [ 11.09237928   3.78568075  11.13003236 -17.07194315   5.38821041
   5.11354301]
Current x_clock array =  [-0.66934567 -0.81839855 -0.52245052  0.38364446 -2.4919634  -1.49135128
 -0.04527472  0.         -0.21549005]
log likelihood =  9548.191381973413
Lr derivatives =  [12.783547860786939, -65.18306809716357, 8.775963649531015]
other derivatives =  [ 4.11127985  6.34718162 18.96587492 -6.1792889   5.201764    2.00470822]
Current x_clock array =  [-0.67078199 -0.81780654 -0.51907156  0.43151007 -2.47522339 -1.62518224
 -0.05361875  0.         -0.21100083]
log likelihood =  9548.027657164486
Lr derivatives =  [0.03947076110675596, -69.14675542615792, 11.617712755585487]
other derivatives =  [ 2.27235432e+01  1.59452611e+00 -7.14935595e+00  1.86810212e+00
 -1.83717930e-02  8.59654392e-01]
Current x_clock array =  [-0.66559145 -0.81986591 -0.52639582  0.45973906 -2.46548274 -1.7029863
 -0.07347329  0.         -0.2019841 ]
log likelihood =  9547.901977849193
Lr derivatives =  [-0.15384325542564703, -70.9063195209255, 3.1834023412647667]
other derivatives =  [-5.76910679  0.41654857 -0.1029548   0.95333235  0.29031071  0.42764441]
Current x_clock array =  [-0.67217841 -0.82012265 -0.5241092   0.4559768  -2.46519325 -1.71532996
 -0.07038533  0.         -0.20851825]
log likelihood =  9547.892457221913
Lr derivatives =  [-0.579117177828838, -71.41676889976468, 1.3558818497294851]
other derivatives =  [-1.71185093  0.12969394  1.68347469  0.21300366  0.22573658  0.29758667]
Current x_clock array =  [-0.67127356 -0.82026175 -0.5237337   0.45300791 -2.46539251 -1.72056846
 -0.07062412  0.         -0.20975211]
log likelihood =  9547.889190834907
Lr derivatives =  [-0.025137476313568996, -71.16721752115501, 0.2948888298053767]
other derivatives =  [ 0.1033186  -0.1538865   0.31268428 -0.2404704   0.39799488  0.10095391]
Current x_clock array =  [-0.670877   -0.82046259 -0.52412547  0.4511206  -2.46544076 -1.72966992
 -0.0701439   0.         -0.21049591]
log likelihood =  9547.88881187103
Lr derivatives =  [-0.06958613462927588, -71.18196800096959, -0.04682216621304747]
other derivatives =  [ 0.09113137 -0.13624231  0.04001777 -0.10786607  0.30431693  0.02746674]
Current x_clock array =  [-0.67087382 -0.82047678 -0.52417409  0.45158646 -2.46552802 -1.73342468
 -0.07011211  0.         -0.21064683]
log likelihood =  9547.888616908953
Lr derivatives =  [0.10750345524755467, -71.05899844517116, -0.020678242398016522]
other derivatives =  [-0.10513759  0.00400178 -0.32232492 -0.03110472  0.14097168 -0.00145519]
Current x_clock array =  [-0.67091875 -0.82045526 -0.52422939  0.45179437 -2.46635772 -1.73437955
 -0.0696164   0.         -0.21066254]
log likelihood =  9547.888583620064
Lr derivatives =  [-0.07689249611250837, -71.15269790248526, -0.07257367753879862]
other derivatives =  [ 0.05584297 -0.02473826  0.17480488  0.01873559 -0.04110916 -0.01164153]
Current x_clock array =  [-0.67087824 -0.82048578 -0.52408048  0.45194182 -2.46683927 -1.73494513
 -0.06958719  0.         -0.21064452]
log likelihood =  9547.888570922669
Lr derivatives =  [-0.0022359861407128534, -71.11028713359053, -0.002821510859046583]
other derivatives =  [-0.00563887  0.00873115 -0.00582077  0.00163709 -0.         -0.00236469]
Current x_clock array =  [-0.67089357 -0.82046663 -0.52413195  0.45188077 -2.46678801 -1.73438713
 -0.06954954  0.         -0.21062469]
      fun: 9547.888570922669
 hess_inv: <9x9 LbfgsInvHessProduct with dtype=float64>
      jac: array([-5.63886715e-03,  8.73114914e-03, -5.82076609e-03,  1.63709046e-03,
       -0.00000000e+00, -2.36468622e-03, -2.23598614e-03, -7.11102871e+01,
       -2.82151086e-03])
  message: b'CONVERGENCE: REL_REDUCTION_OF_F_<=_FACTR*EPSMCH'
     nfev: 23
      nit: 22
   status: 0
  success: True
        x: array([-0.67089357, -0.82046663, -0.52413195,  0.45188077, -2.46678801,
       -1.73438713, -0.06954954,  0.        , -0.21062469])
