number of sites to be analyzed:  408
log likelihood =  -7489.294163911496
Edge derivatives =  [173.54555044975376, 97.78230943122439, 312.7814015265156, 299.7420888998202]
other derivatives: [  -3.54357326   80.10556485  -55.47699402  135.14172679 -325.38973755
   90.20604921]
Current x array =  [-0.57725409 -0.64930298 -0.67982352  0.          0.          1.25276297
 -4.60517019 -4.60517019 -4.60517019 -4.60517019]
log likelihood =  -6927.482477474758
Edge derivatives =  [166.97636530031133, 95.4275321555453, 308.897640981828, 290.25399410676425]
other derivatives: [  16.36490197  101.43276086   -9.12641553   81.17276593 -240.69504434
   75.22685337]
Current x array =  [-0.58320466 -0.6482966  -0.7729836   0.22693757 -0.5464127   1.26241405
 -4.31374276 -4.44096865 -4.07993011 -4.10182646]
log likelihood =  -9180.422076605328
Edge derivatives =  [-15.085117277607614, 0.15337858631904122, -633.8126972899516, -437.9165963424556]
other derivatives: [-18193.82614485 -36895.85701068  -3242.58526234    439.22100303
  -1055.49643195    128.43429431]
Current x array =  [-0.05       -0.05       -0.14707634  1.31248591 -5.16410069  1.19978788
 -0.14136511 -2.03045523  3.79228705  3.18684779]
log likelihood =  -5190.7560378446715
Edge derivatives =  [38.297647696876176, 28.94284183257635, 37.09204646488451, 60.26589322709804]
other derivatives: [-1387.40624607  -402.02803575  -335.42555684   -89.84570741
    34.07794793  -190.24610083]
Current x array =  [-0.32798124 -0.36191631 -0.47338721  0.74654548 -2.75671243  1.23243745
 -2.31659501 -3.28715376 -0.31181942 -0.61303406]
log likelihood =  -5868.704928274497
Edge derivatives =  [17.130822340709134, 11.676528991269207, -68.47526909866218, -43.36010299765384]
other derivatives: [1053.28545033  -44.15833246   -6.98164513  -21.19577402  -26.624366
 -200.2243491 ]
Current x array =  [-1.82637816 -0.62872363 -0.70070303  1.07061296 -4.42761376  0.97246674
 -0.78587764 -2.39582743  2.52588858  2.0511093 ]
log likelihood =  -4995.3893422385145
Edge derivatives =  [22.43210342524344, 19.794243588991858, -4.174234370596958, 13.279732140610777]
other derivatives: [ 380.66036723 -405.59725676 -182.66719053  -59.47395039   40.12408681
 -195.90179363]
Current x array =  [-0.75685668 -0.43828266 -0.53845019  0.839301   -3.23496258  1.15802789
 -1.87846871 -3.03203579  0.50039746  0.14950465]
log likelihood =  -4930.777555838709
Edge derivatives =  [25.23155570259684, 21.735528800615565, 12.974735618173922, 28.637353640687106]
other derivatives: [ 280.51717891 -121.79507394  -72.5776772   -66.2101229    50.71924534
 -193.11046344]
Current x array =  [-0.69612534 -0.55312436 -0.618858    0.8323599  -3.18450978  1.11440971
 -1.94529761 -3.06972217  0.35882295  0.02564189]
log likelihood =  -4866.06242375444
Edge derivatives =  [21.563737829994224, 20.973800991079813, -0.32528230709287115, 15.460666149755983]
other derivatives: [ -20.74120857   12.25198503  -19.31639417  -53.35787137   28.8478077
 -174.17041818]
Current x array =  [-0.57617325 -0.64528748 -0.67002922  0.76616317 -3.1571235   0.94600647
 -1.88616293 -3.02891998  0.44416138  0.11785781]
log likelihood =  -4829.774476991408
Edge derivatives =  [16.50866971261589, 19.88920999968651, -22.42289392006268, -5.899839580979612]
other derivatives: [-190.76705939   74.27079254   17.17125997  -32.79346856   -1.73167791
 -148.25709513]
Current x array =  [-0.52681346 -0.70486966 -0.69696963  0.67709579 -3.14193335  0.71384709
 -1.78490231 -2.95933863  0.59076716  0.27063955]
log likelihood =  -4783.581119401257
Edge derivatives =  [11.087264441084985, 20.052078628457277, -44.00531377842466, -27.560867155517865]
other derivatives: [-189.43010218  109.26651157   45.62916729   -7.38564268  -34.61045708
 -105.74713087]
Current x array =  [-0.52940275 -0.74586672 -0.71221081  0.53906937 -3.09182268  0.32238363
 -1.68610581 -2.8795866   0.67299304  0.37833183]
log likelihood =  -4733.842798641454
Edge derivatives =  [22.68111094631269, 33.731633113908046, 34.46913629386501, 31.218108923906065]
other derivatives: [-438.92923713   10.58706403   40.46733011   10.43572411   27.23663783
  -10.9429493 ]
Current x array =  [-0.46198223 -0.66008986 -0.73016113  0.25151559 -2.90187413 -0.81278584
 -1.78692276 -2.82649879 -0.03007636 -0.1476068 ]
log likelihood =  -4690.358986084657
Edge derivatives =  [7.819012072712336, 28.350004448955403, -4.37324868000463, -13.146538387198602]
other derivatives: [ 58.6733222   49.46650733 -63.91328498  14.97355697   4.63633114
  -3.28072929]
Current x array =  [-0.61264516 -0.71261833 -0.61731606  0.23927023 -3.09798845 -1.18568641
 -1.48009467 -2.57556384  0.36510433  0.25172317]
log likelihood =  -4686.648251874537
Edge derivatives =  [8.48056649428537, 29.050383896384005, 0.28085446754530874, -8.816095190633378]
other derivatives: [21.74265319 15.96808943 -7.53525455 12.61478246 11.00852387 -1.12695488]
Current x array =  [-0.59821057 -0.68628947 -0.66012132  0.24143722 -3.09837914 -1.23164239
 -1.48947767 -2.56904112  0.31937525  0.21197866]
log likelihood =  -4684.8128938094305
Edge derivatives =  [7.870981305050074, 29.474745295995735, 0.682790571122979, -8.561570044053127]
other derivatives: [ 6.52898962 -6.0939783   6.48651621 12.1885023  11.6895535   1.29912223]
Current x array =  [-0.59293268 -0.67129004 -0.67117661  0.2388101  -3.09442511 -1.32347027
 -1.46777957 -2.52178712  0.30294633  0.19741654]
log likelihood =  -4680.258904424217
Edge derivatives =  [5.147460164710768, 30.469583830072246, -0.7846154154334466, -9.353000100754468]
other derivatives: [-18.57633833 -44.7943421   22.56128937  11.69182724  10.13449946
   5.78365871]
Current x array =  [-0.58505337 -0.64795354 -0.68293309  0.23958487 -3.07179832 -1.59643503
 -1.38707637 -2.3457191   0.27108726  0.16095984]
log likelihood =  -4671.29702417066
Edge derivatives =  [-2.2990405283978106, 31.640382054894708, -4.164954516192308, -10.648046083989932]
other derivatives: [-46.73884177 -79.76468623  30.26689228  10.87955752   5.60912667
   7.94598236]
Current x array =  [-0.57711249 -0.62982595 -0.68673723  0.25840404 -3.01140637 -2.127331
 -1.21914909 -1.94902933  0.20787575  0.07592953]
log likelihood =  -4666.715112593472
Edge derivatives =  [-66.72944965984104, -10.814838831660344, 15.181039532065864, 3.9418083109132946]
other derivatives: [ -66.98255675 -104.5060344    62.91138561   13.17366696  -32.39065336
    1.65837264]
Current x array =  [-0.57738806 -0.61738762 -0.71251893  0.33888765 -2.71919329 -4.36832835
 -0.58589503 -0.26747464 -0.17109331 -0.38606997]
log likelihood =  -4658.875914545515
Edge derivatives =  [-16.886759517090915, 30.008799860892797, -2.6537233930739443, -8.992912336603919]
other derivatives: [-51.25702955 -87.41080819  40.86487024  10.18597686   1.53231667
   5.62095011]
Current x array =  [-0.57720387 -0.62570157 -0.6952861   0.28509133 -2.9145124  -2.8704159
 -1.00917047 -1.39144817  0.08221465 -0.07726335]
log likelihood =  -5100.944274897016
Edge derivatives =  [-123.46683374102572, -345.507235038251, 128.22795784472478, 92.17921966731215]
other derivatives: [-2.68629628e+02 -3.90730747e+01  3.62848368e+01  6.62588718e+01
 -3.09665120e+02  1.62526703e-01]
Current x array =  [-0.52883626 -0.64508748 -0.69131905  0.47083158 -2.34086207 -7.15016879
 -0.34650268  1.76898039 -0.79104157 -1.13318693]
log likelihood =  -4649.851661288948
Edge derivatives =  [-32.623991852054864, 21.463613286412663, 6.993751871273992, -1.1549549957964809]
other derivatives: [-76.28741514 -77.57507774  37.11402314   9.63564162  -1.27347448
   3.01042746]
Current x array =  [-0.56929117 -0.628873   -0.69463711  0.31547749 -2.82066612 -3.57056172
 -0.90076139 -0.87441812 -0.06064562 -0.25000709]
log likelihood =  -4646.467670637963
Edge derivatives =  [-46.08319928217858, -14.793545872507567, 1.7960228979473642, 1.0936329348248637]
other derivatives: [ 25.42574293 -63.38004823  73.32982932   2.27255441 -25.02392817
   1.18307071]
Current x array =  [-0.60997748 -0.64009961 -0.71808301  0.43825293 -2.72713623 -4.38446764
 -0.90788617 -0.12156498 -0.06073053 -0.37270062]
log likelihood =  -4632.7593813147805
Edge derivatives =  [-29.066008338672273, 5.684252282660173, -4.973844472156095, -0.24671424446399842]
other derivatives: [-40.45932656   6.3763764   31.77674444  -4.43478712  -6.87896318
   1.54968802]
Current x array =  [-0.58072454 -0.68707943 -0.68280851  0.4857214  -2.80192886 -3.9270373
 -1.12695022 -0.3766524   0.04370506 -0.29325367]
log likelihood =  -4626.3037857434765
Edge derivatives =  [-16.873016862974044, 12.809335031602602, 7.538662647080592, 15.44948628251869]
other derivatives: [ 30.98330126   8.33651939 -32.83339538 -13.04770194  10.34159141
   1.20489858]
Current x array =  [-0.60545729 -0.67856363 -0.63669565  0.53599361 -2.76575677 -3.76854794
 -1.4614865  -0.40607141 -0.02073791 -0.4017489 ]
log likelihood =  -4622.8594066674705
Edge derivatives =  [-13.133153624778249, 6.350882902987549, -0.3580448871029762, 13.982262608000442]
other derivatives: [ 32.95299393  34.12224032 -26.40608727 -16.97935659   5.06006472
   0.91476977]
Current x array =  [-0.60636136 -0.6992963  -0.63956511  0.58183695 -2.75661567 -3.80662406
 -1.65623797 -0.27401891  0.03202971 -0.39460988]
log likelihood =  -4618.165594333801
Edge derivatives =  [-8.23949161303968, 2.570853841307612, -10.448189120063542, 5.867796158890236]
other derivatives: [ 46.81642167  27.48793122 -12.91018634 -13.30827217  -2.69064913
   0.79417077]
Current x array =  [-0.61322106 -0.69521982 -0.64897779  0.55655831 -2.74792439 -3.69592624
 -1.98366519 -0.20888638  0.07727972 -0.32726991]
log likelihood =  -4620.167546336833
Edge derivatives =  [-1.7133810905569218, -21.633201779364814, 6.024478813816608, 7.7425772429535575]
other derivatives: [-1.56230635e+02  2.70391865e+01 -2.61215064e+01 -1.44673322e+00
 -1.58275725e+01  1.15596777e-01]
Current x array =  [-0.54070217 -0.68959841 -0.64841367  0.46741165 -2.65143846 -3.58727092
 -2.7788706   0.05277892 -0.07459421 -0.37159282]
log likelihood =  -4615.219561030492
Edge derivatives =  [-4.748838868447548, -6.590810437738907, -3.963196848978002, 6.401873536573703]
other derivatives: [-34.60900189  27.60798452 -18.69993866  -8.75770638  -7.12625479
   0.46584319]
Current x array =  [-0.58140164 -0.69275329 -0.64873027  0.51744305 -2.70558885 -3.64825108
 -2.33258087 -0.09407438  0.01064135 -0.34671766]
log likelihood =  -4612.330920149166
Edge derivatives =  [-1.9756318862309707, 0.3986732016305186, -4.46561284892898, -2.0909267200635537]
other derivatives: [-11.26218194  -0.50977178   6.52262315  -1.33941285  -7.47231752
   0.50513336]
Current x array =  [-5.90851414e-01 -6.69941224e-01 -6.71457606e-01  4.35940161e-01
 -2.70260862e+00 -3.34245410e+00 -2.69856644e+00 -1.86149483e-01
 -3.02815704e-03 -2.75193578e-01]
log likelihood =  -4611.9618177108205
Edge derivatives =  [-0.9672772708727515, 0.25613368933912717, -0.2784126639484572, -1.6388580537416209]
other derivatives: [ 1.90193532 -1.81025825  2.86254362  0.64246706 -5.7341822   0.39708539]
Current x array =  [-0.59566176 -0.66694858 -0.67016441  0.41263376 -2.70246263 -3.26099728
 -2.873518   -0.17828852 -0.02432387 -0.27134997]
log likelihood =  -4611.799246745758
Edge derivatives =  [-0.30498955679521383, 0.8591560681398083, 1.2139908835839768, -0.8553836656941458]
other derivatives: [ 0.50577    -5.15055945  0.44719854  0.43482942 -2.7461283   0.34278855]
Current x array =  [-0.59492867 -0.66422378 -0.66868741  0.40826457 -2.71709606 -3.18273593
 -3.01105463 -0.17692421 -0.02389173 -0.26608572]
log likelihood =  -4611.78687309181
Edge derivatives =  [0.23174063241831153, 0.07051748874953645, 2.877986948573063, -0.3000502057839849]
other derivatives: [ 7.01902536 12.28618203  2.92975528  0.94823918  0.46338755  0.28003342]
Current x array =  [-0.59686468 -0.67675178 -0.6708493   0.39705289 -2.7439948  -3.11567729
 -3.157622   -0.15264478 -0.0152375  -0.25309425]
log likelihood =  -4611.701804355293
Edge derivatives =  [0.17219998917364662, 0.37657458340863215, 0.9960490927652753, -0.5490692866399921]
other derivatives: [ 0.77316145  0.32605385 -0.47457434 -0.00291038  0.12423698  0.31168383]
Current x array =  [-0.59482818 -0.66886555 -0.66747359  0.40655208 -2.74382658 -3.11409212
 -3.14642069 -0.15844098 -0.00651038 -0.25340244]
log likelihood =  -4611.6990877009775
Edge derivatives =  [0.16748644027317278, 0.3700852873559676, 0.5041982744865903, -0.5076065816498117]
other derivatives: [-0.01846274 -0.17853381 -0.36889105 -0.22737368  0.14852048  0.31795935]
Current x array =  [-5.94550118e-01 -6.68721335e-01 -6.67382158e-01  4.08600202e-01
 -2.74529205e+00 -3.11321637e+00 -3.14592715e+00 -1.57971158e-01
 -3.04127298e-03 -2.53286912e-01]
log likelihood =  -4611.69710020238
Edge derivatives =  [0.16973846862035047, 0.2738663734653176, 0.12712379998338466, -0.2603518059456109]
other derivatives: [-0.02455636 -0.22791937  0.10122676 -0.30559022  0.16461854  0.3175046 ]
Current x array =  [-5.94548291e-01 -6.68786984e-01 -6.67675503e-01  4.09255316e-01
 -2.74618452e+00 -3.11169160e+00 -3.14673576e+00 -1.56322530e-01
 -4.98131637e-04 -2.54765466e-01]
log likelihood =  -4611.6952339162
Edge derivatives =  [0.17208818436355322, 0.3616845679343855, -0.46307696533895104, -0.08846160748691134]
other derivatives: [-0.57170837  0.34297045 -0.34879122 -0.03219611 -0.05511538  0.3173227 ]
Current x array =  [-0.59436537 -0.66929839 -0.6672363   0.40727897 -2.74662757 -3.10328314
 -3.14765749 -0.15738634  0.00323665 -0.25561867]
log likelihood =  -4611.693295649873
Edge derivatives =  [0.1788081198981539, 0.26256953633776314, -0.5056596571465578, 0.23222597865230254]
other derivatives: [-0.26484486 -0.03947207  0.46848072  0.1369699  -0.04074536  0.30968295]
Current x array =  [-5.94471232e-01 -6.68936477e-01 -6.67996399e-01  4.05491630e-01
 -2.74636667e+00 -3.09736549e+00 -3.14869787e+00 -1.56147262e-01
  3.01155286e-03 -2.58087936e-01]
log likelihood =  -4611.691040606318
Edge derivatives =  [0.18261905794925495, 0.2364317118719974, -0.3922412064386402, 0.45263419566763907]
other derivatives: [ 0.34469849 -0.19808795  0.24683686  0.32150638  0.02464731  0.30231604]
Current x array =  [-5.94694396e-01 -6.68716120e-01 -6.67907196e-01  4.03671691e-01
 -2.74633937e+00 -3.08915106e+00 -3.14730762e+00 -1.55764697e-01
  2.31514794e-03 -2.59539546e-01]
log likelihood =  -4611.685568280418
Edge derivatives =  [0.18159851641323077, 0.1928051772827778, 0.03185180742827996, 0.7718664623741961]
other derivatives: [-1.09321263 -0.42182364  0.2924935   0.92813934  0.07767085  0.28085196]
Current x array =  [-5.94127245e-01 -6.68299247e-01 -6.68274877e-01  3.97901893e-01
 -2.74596978e+00 -3.05750005e+00 -3.14079835e+00 -1.55854582e-01
 -7.69546668e-04 -2.61923422e-01]
log likelihood =  -4611.680410766128
Edge derivatives =  [0.14499263461551315, 0.5527960754011569, 0.1862967882234735, 1.2492439168645686]
other derivatives: [ 5.72390491 -1.66292011 -0.59790182  1.47465471  0.38635335  0.25374902]
Current x array =  [-5.96723566e-01 -6.67073199e-01 -6.67707096e-01  3.92194019e-01
 -2.74753280e+00 -2.98804434e+00 -3.11222604e+00 -1.60684597e-01
 -7.01050280e-04 -2.63630838e-01]
log likelihood =  -4611.668127455173
Edge derivatives =  [0.13689183459812276, 0.5204349536487988, 0.300329013877275, 1.0275647975858326]
other derivatives: [ 2.75185812 -1.13132046 -0.40954546  1.35541995  0.46948117  0.25211193]
Current x array =  [-5.95577094e-01 -6.67568309e-01 -6.67851560e-01  3.93180649e-01
 -2.74881910e+00 -2.97619913e+00 -3.10890474e+00 -1.60354051e-01
 -7.85388430e-04 -2.61705097e-01]
log likelihood =  -4611.636638666963
Edge derivatives =  [0.06327520142421178, 0.6216855329451221, 0.5358802665966614, 0.47910753263524497]
other derivatives: [-3.11538315 -0.11314114  0.06466507  0.92568371  1.05810614  0.21827873]
Current x array =  [-5.93311399e-01 -6.68662858e-01 -6.68131374e-01  3.96126254e-01
 -2.75626875e+00 -2.87398927e+00 -3.07009125e+00 -1.61972085e-01
  1.61873230e-03 -2.54577316e-01]
log likelihood =  -4611.619444201164
Edge derivatives =  [-0.024457737521600385, 0.6858028339884346, 0.5233694805108369, 0.271891270510097]
other derivatives: [-3.90809873  0.18699211  0.34942786  0.53860276  1.50012056  0.15161277]
Current x array =  [-0.5929951  -0.66911089 -0.66821343  0.39886998 -2.76267446 -2.76271137
 -3.02473129 -0.1634523   0.00531192 -0.24970849]
log likelihood =  -4611.628791440602
Edge derivatives =  [-0.21333096671078583, -1.500837369483327, -0.2790802075224594, -1.2313852617698533]
other derivatives: [-4.08999767  2.6433554  -0.60590537  0.55970304 -2.18251444 -0.03929017]
Current x array =  [-0.59326492 -0.67106518 -0.66713456  0.40550454 -2.74864596 -2.63145031
 -2.98467586 -0.14507352  0.00464897 -0.2448234 ]
log likelihood =  -4611.606719907448
Edge derivatives =  [-0.10582650651016173, -0.25539571127732624, 0.17491968643603956, -0.3822775474390474]
other derivatives: [-3.98758857  1.24382495 -0.05820766  0.54587872 -0.08521965  0.0775799 ]
Current x array =  [-0.5931119  -0.66995685 -0.66774642  0.4017419  -2.75660192 -2.70589215
 -3.00739242 -0.15549664  0.00502495 -0.24759387]
log likelihood =  -4611.606087866321
Edge derivatives =  [-0.14907983734598343, -0.2737316011466638, -0.3586541125983344, -0.1348082949601982]
other derivatives: [-2.69301381 -2.9520379  -0.99380486  0.12969394 -0.06957634  0.04001777]
Current x array =  [-0.59369842 -0.66709903 -0.66680918  0.40554295 -2.75729824 -2.66669498
 -2.98921325 -0.15610912  0.00823724 -0.24910465]
log likelihood =  -4611.601288384367
Edge derivatives =  [-0.1302943127915217, -0.18041932647744913, -0.09581472261851404, -0.07210655424193335]
other derivatives: [-0.38417056 -0.0606633   0.04092726  0.13651515  0.07348717  0.04929461]
Current x array =  [-0.59448359 -0.66902728 -0.66768897  0.40519951 -2.75731452 -2.67823483
 -2.99317315 -0.15647804  0.00732071 -0.24898891]
log likelihood =  -4611.601148013611
Edge derivatives =  [-0.12518714017342625, -0.18018340988368203, -0.06913992870508504, -0.03006008785540748]
other derivatives: [-0.03838068 -0.0174623   0.04565663  0.16443664  0.04692993  0.05084075]
Current x array =  [-0.59461204 -0.66901917 -0.6677138   0.40498543 -2.75678232 -2.68178145
 -2.99498459 -0.15649609  0.00692426 -0.24947836]
log likelihood =  -4611.600968403368
Edge derivatives =  [-0.12009480711526303, -0.17018913580578193, -0.01640827637790416, 0.017702586076074778]
other derivatives: [0.2575689  0.00063665 0.01964509 0.16070771 0.03874447 0.04829417]
Current x array =  [-0.59471848 -0.66898744 -0.66771662  0.40504443 -2.75627306 -2.68219424
 -2.99600925 -0.15667495  0.00643642 -0.24993051]
log likelihood =  -4611.600622284723
Edge derivatives =  [-0.10829762972055682, -0.14067325627399624, 0.10150530546743997, 0.08208932245717693]
other derivatives: [ 0.52896212 -0.00673026 -0.01900844  0.09385985  0.03728928  0.04329195]
Current x array =  [-0.59480812 -0.66890831 -0.66772465  0.40569074 -2.75530243 -2.68262599
 -2.99848295 -0.15715486  0.00543366 -0.25057762]
log likelihood =  -4611.600239963069
Edge derivatives =  [-0.09696569457265816, -0.07944063463885842, 0.16593339516996725, 0.09895391303139567]
other derivatives: [ 0.46711648 -0.00491127 -0.01446097 -0.00381988  0.01382432  0.03801688]
Current x array =  [-0.59477381 -0.66886471 -0.66774928  0.40666415 -2.75440332 -2.68120957
 -3.00084866 -0.1581129   0.00479528 -0.25082439]
log likelihood =  -4611.599723461371
Edge derivatives =  [-0.07769562594170515, 0.04964925665153436, 0.11783120620018776, -0.0033922402555432996]
other derivatives: [ 0.4548383   0.09085852 -0.31832315 -0.05884431 -0.09258656  0.03610694]
Current x array =  [-0.59477456 -0.66892483 -0.66748729  0.40741267 -2.75352177 -2.68026138
 -3.00658635 -0.15996707  0.00494372 -0.25006644]
log likelihood =  -4611.600172938159
Edge derivatives =  [-0.061688734014871835, 0.12280696217456744, -0.07767505006835951, -0.1651575187961244]
other derivatives: [ 0.17844286 -0.42255124  1.23827704 -0.13205863 -0.30449883  0.03074092]
Current x array =  [-0.594682   -0.66856891 -0.66876194  0.40808571 -2.75229591 -2.67425555
 -3.0133492  -0.16160403  0.0052134  -0.2493362 ]
log likelihood =  -4611.599547043286
Edge derivatives =  [-0.07211841682371009, 0.07504443229149793, 0.05008714025253816, -0.059416347979665995]
other derivatives: [ 0.35906851 -0.08694769  0.22200766 -0.08421921 -0.16598278  0.034197  ]
Current x array =  [-0.59474247 -0.66880145 -0.66792916  0.40764598 -2.75309682 -2.67817942
 -3.00893073 -0.16053453  0.00503721 -0.2498133 ]
log likelihood =  -4611.599333735457
Edge derivatives =  [-0.06943890092714818, 0.10931403916085702, 0.0014239577626492944, -0.11093629469038124]
other derivatives: [ 0.15807018 -0.02401066  0.11305019 -0.06812115 -0.16925696  0.03037712]
Current x array =  [-0.59467053 -0.66887302 -0.66782582  0.40750643 -2.75350456 -2.67349162
 -3.00927016 -0.16097091  0.00558298 -0.24916932]
log likelihood =  -4611.599027657183
Edge derivatives =  [-0.06160944253883373, 0.12936508164060578, -0.03572055041902836, -0.14466081213484983]
other derivatives: [-0.22555469  0.01109584  0.00782165 -0.01582521 -0.14806574  0.02137313]
Current x array =  [-0.59452842 -0.66892119 -0.66774124  0.40696422 -2.75419406 -2.66579142
 -3.01069557 -0.16116628  0.00618382 -0.24850069]
log likelihood =  -4611.5987467215145
Edge derivatives =  [-0.04866646451786285, 0.13152048641366054, -0.03781367878850437, -0.13017265924994514]
other derivatives: [-0.34679033 -0.07094059 -0.06330083  0.03537934 -0.09167707  0.00927685]
Current x array =  [-0.59448294 -0.66886266 -0.66769948  0.40633817 -2.75490576 -2.6574931
 -3.01325545 -0.16104807  0.0065923  -0.24812981]
log likelihood =  -4611.599126798712
Edge derivatives =  [-0.008040742487625312, 0.0884539256371823, 0.050972164245816735, 0.07809371580182922]
other derivatives: [-1.48602339  0.83146006  0.09849828  0.17607817 -0.09067662 -0.00227374]
Current x array =  [-0.59401444 -0.66942386 -0.66793835  0.40505213 -2.75436624 -2.65939075
 -3.02486167 -0.16016544  0.00598438 -0.24955347]
log likelihood =  -4611.598640107937
Edge derivatives =  [-0.03563989261586366, 0.11784585331753361, -0.009537600225527305, -0.06382704066917244]
other derivatives: [-0.70958777  0.21682354 -0.01155058  0.08021743 -0.09122232  0.00563887]
Current x array =  [-0.59433363 -0.66904151 -0.66777561  0.40592831 -2.75473382 -2.65809788
 -3.01695431 -0.16076678  0.00639856 -0.24858352]
log likelihood =  -4611.598397457408
Edge derivatives =  [-0.019398990782929813, 0.10103537335121215, 0.020657163218881183, -0.007555709358679552]
other derivatives: [-0.31332092  0.09786163 -0.009004    0.09158612 -0.00945874 -0.00536602]
Current x array =  [-0.59447988 -0.66893475 -0.66779419  0.40560773 -2.75528399 -2.65211551
 -3.0205688  -0.16030203  0.00657587 -0.24855293]
log likelihood =  -4611.598282520826
Edge derivatives =  [-0.009317660344750272, 0.06996663689658444, 0.042831336024915775, 0.04189957524274701]
other derivatives: [-0.02082743 -0.00954969  0.00964064  0.07676135  0.01664375 -0.00709406]
Current x array =  [-0.59458877 -0.66883861 -0.66781785  0.40566822 -2.75523497 -2.65302826
 -3.02365839 -0.15975963  0.00645522 -0.24887003]
log likelihood =  -4611.598230695496
Edge derivatives =  [-0.004162060617328607, 0.042993292715799714, 0.041556301542612785, 0.05991056793597349]
other derivatives: [ 0.15061232 -0.03637979  0.02546585  0.05775291  0.00854925 -0.00527507]
Current x array =  [-0.59465428 -0.66881447 -0.66782745  0.40584904 -2.7550551  -2.65579589
 -3.02581591 -0.159342    0.00639428 -0.24907475]
log likelihood =  -4611.598195327839
Edge derivatives =  [-0.002041616616194647, 0.011265439799399424, 0.027448927634651704, 0.05426456298438642]
other derivatives: [ 0.10404619 -0.10440999  0.01537046  0.03610694 -0.00381988 -0.00254659]
Current x array =  [-0.59464011 -0.6687777  -0.6678085   0.40607078 -2.75498876 -2.65827855
 -3.02723537 -0.15889231  0.0064318  -0.24911394]
log likelihood =  -4611.598279328311
Edge derivatives =  [0.003335480242982969, -0.015460077641656578, -0.020504870092359108, -0.008781632779728765]
other derivatives: [ 0.53914846  0.37252903  0.09267751 -0.02164597 -0.03919922  0.00154614]
Current x array =  [-0.59480357 -0.66914849 -0.6678254   0.4066733  -2.75506465 -2.66105109
 -3.02996318 -0.15838441  0.00693161 -0.24853681]
log likelihood =  -4611.598180431227
Edge derivatives =  [-0.0005352292077637696, 0.0037975256028208726, 0.014044506989121922, 0.036641179432325366]
other derivatives: [ 0.22573658  0.02910383  0.03710738  0.02000888 -0.01364242 -0.00127329]
Current x array =  [-0.59468581 -0.66888137 -0.66781323  0.40623924 -2.75500998 -2.65905374
 -3.02799805 -0.1587503   0.00657155 -0.24895257]
log likelihood =  -4611.598163112452
Edge derivatives =  [-0.0007144884152523803, -0.01034537464726043, -0.0007490935132545007, 0.014866470804372756]
other derivatives: [ 0.0775799  -0.00673026  0.01455192  0.00545697 -0.01700755 -0.00045475]
Current x array =  [-0.5946327  -0.66887339 -0.66778384  0.40638148 -2.75511856 -2.65928232
 -3.02828192 -0.15855324  0.00670188 -0.24878422]
log likelihood =  -4611.598159678533
Edge derivatives =  [-0.001080072646480832, -0.0096749966912823, -0.005991313821238395, 0.0019608817963766567]
other derivatives: [ 0.00482032 -0.00145519  0.00172804  0.00127329 -0.01373337 -0.0007276 ]
Current x array =  [-0.59460578 -0.66888536 -0.6677688   0.40641729 -2.75522253 -2.65869532
 -3.02815279 -0.15855486  0.00678653 -0.24864881]
      fun: 4611.598159678533
 hess_inv: <10x10 LbfgsInvHessProduct with dtype=float64>
      jac: array([-0.00482032,  0.00145519, -0.00172804, -0.00127329,  0.01373337,
        0.0007276 ,  0.00108007,  0.009675  ,  0.00599131, -0.00196088])
  message: b'CONVERGENCE: REL_REDUCTION_OF_F_<=_FACTR*EPSMCH'
     nfev: 66
      nit: 56
   status: 0
  success: True
        x: array([-0.59460578, -0.66888536, -0.6677688 ,  0.40641729, -2.75522253,
       -2.65869532, -3.02815279, -0.15855486,  0.00678653, -0.24864881])
