number of sites to be analyzed:  222
log likelihood =  -7883.176820060864
Edge derivatives =  [93.98908717342901, 71.00910371438614, 92.69788494300131, 64.41603408023781, 23.05043225166532, 15.810467039114103, 113.88868997739304, 127.16153485305988, 107.59740780683892, 82.82327592923654, 32.799036588768665, 45.161565819747466, 72.5540646803543, 86.49100092169549]
other derivatives: [ -41.43093975    9.90612534  -60.83846529    9.55806172 -363.73276089
  109.91570889]
Current x array =  [-0.63979145 -0.74951043 -0.5714006   0.74193734 -0.10536052 -0.51082562
 -4.60517019 -4.60517019 -4.60517019 -4.60517019 -4.60517019 -4.60517019
 -4.60517019 -4.60517019 -4.60517019 -4.60517019 -4.60517019 -4.60517019
 -4.60517019 -4.60517019]
log likelihood =  -7475.5921305711745
Edge derivatives =  [91.72849181664193, 71.76539632567594, 93.49560021154191, 62.842208596484184, 22.209643575530762, 15.139744196728856, 112.91879102452054, 127.39174810083748, 107.76782278707839, 81.93000988190833, 32.03082349483506, 45.860606082594835, 71.77203608732042, 86.39073500078469]
other derivatives: [ 180.81063899   32.5127985   -27.9375854   -26.14870027 -202.35711418
   94.84820112]
Current x array =  [-0.72642513 -0.74804773 -0.69861616  0.76192362 -0.86593964 -0.4951202
 -4.40863541 -4.45668743 -4.41133536 -4.47047379 -4.55697085 -4.57210989
 -4.36702457 -4.33927055 -4.38017989 -4.43198355 -4.53658614 -4.51073562
 -4.45345686 -4.42431419]
log likelihood =  -8130.6431041208125
Edge derivatives =  [95.09944148568594, 67.53893753072894, 92.2612750480238, 53.002375985626045, 18.424585216758306, 13.298418704912908, 100.66939169294739, 119.64789760627241, 104.69623302641311, 70.64736503373442, 30.93342342997795, 44.38114638218345, 64.81227588096972, 84.94463972114498]
other derivatives: [-15363.89499961     90.04215826    183.97286112   -393.63821998
    254.8561497      99.23460311]
Current x array =  [-0.05       -0.58146478 -1.15907564  0.64301833 -3.84011498 -0.3142898
 -3.39311308 -3.6740244  -3.39080561 -3.77463245 -4.30971175 -4.4031018
 -3.12541285 -2.94473489 -3.20034978 -3.53022311 -4.18207356 -4.01159891
 -3.66350218 -3.47740646]
log likelihood =  -6958.831481297416
Edge derivatives =  [88.92301750815861, 72.11526678335271, 93.13322895039616, 58.02410887600435, 19.56440695485889, 12.677564342156666, 107.92495179165832, 124.45206681995933, 106.9717142088544, 75.8525574461765, 30.53196295245484, 44.555143303308746, 68.2675741005417, 84.73134713639459]
other derivatives: [-760.69145507   85.98644854   -1.46401362 -126.97964848   70.71157597
   77.05684766]
Current x array =  [-0.40631811 -0.6692151  -0.91652101  0.70565365 -2.27341901 -0.4095452
 -3.92805624 -4.08630508 -3.92838651 -4.14117837 -4.43995957 -4.49212961
 -3.77945233 -3.67932958 -3.82184477 -4.00524031 -4.36881892 -4.27452741
 -4.07962385 -3.97620575]
log likelihood =  -6589.33737966985
Edge derivatives =  [85.36361817983968, 68.43606766293918, 89.43699850899871, 48.893002126577855, 15.558154006893886, 8.395574158724514, 96.23342608810555, 109.07626960912177, 96.40952218081408, 66.3936704252536, 25.74182596510655, 43.5917298283111, 60.95368862807548, 77.59067612554496]
other derivatives: [271.02696549 -36.17578841 -36.1173079  -88.52757674 234.85490601
  60.32405508]
Current x array =  [-0.69212594 -0.51621734 -1.15422606  0.53964779 -3.73727037 -0.28786249
 -3.33568095 -3.62688417 -3.33009007 -3.73774743 -4.29748168 -4.39532653
 -3.05598962 -2.86410083 -3.13070081 -3.48194049 -4.16245951 -3.98276995
 -3.61965987 -3.42244512]
log likelihood =  -6410.508627044257
Edge derivatives =  [80.10538399234969, 63.50135822258664, 80.33248979008697, 38.76235971790118, 11.847900814334356, 5.072004863406442, 78.31356558966183, 85.73784482146104, 79.73499585305986, 54.732681022094624, 21.632476899207596, 40.582537773675504, 52.302120632185016, 67.57138120546328]
other derivatives: [ 165.89328879 -130.41662896   30.67852958  -67.86785889  266.06949177
   46.35749065]
Current x array =  [-0.63292329 -0.44028035 -1.32107544  0.37537217 -4.48467367 -0.16544323
 -2.90814733 -3.29343061 -2.89563371 -3.4524025  -4.19782563 -4.32900972
 -2.53853544 -2.28044578 -2.63343819 -3.10963796 -4.01607372 -3.77078976
 -3.29084036 -3.02380145]
log likelihood =  -6080.828523372245
Edge derivatives =  [66.15764215176259, 33.56219081986458, 50.96874620716989, 16.562559793648905, 5.081643546504892, -1.4873938713849133, 20.78146570246143, 19.193671650200415, 13.188190614493049, 23.167026105367768, 13.601295819800942, 27.750934965896036, 32.81853605326888, 31.481032846465897]
other derivatives: [-63.14276106 160.09535102 173.91430447  32.14845492 283.84110919
 -60.95342542]
Current x array =  [-0.54469487 -1.17316085 -1.28047183 -0.03558331 -5.42850678  0.26215986
 -1.72936415 -2.37796374 -1.72397635 -2.74312965 -3.95549158 -4.18023251
 -1.22896428 -0.82924787 -1.36076948 -2.16471337 -3.64152082 -3.1873507
 -2.43635579 -1.97451316]
log likelihood =  -5632.965716277404
Edge derivatives =  [58.65849312937017, 24.935272734586807, 43.40868453532313, 14.100494755325228, 4.303236785585196, -1.8524499311152323, 12.037842765624555, 14.560759204110978, 2.043627776909711, 17.075651754352563, 12.53589535233539, 22.078399921824122, 28.64496419843279, 20.35057773021179]
other derivatives: [-267.20717869   55.16467354  -14.487523     27.76068868  249.76234272
 -104.37943274]
Current x array =  [-0.47776477 -0.92758679 -0.6450286   0.06398043 -4.44822695  0.26498716
 -1.28391966 -2.10032174 -1.34130989 -2.57423307 -3.90110274 -4.16658545
 -0.94721573 -0.53711195 -1.11037339 -1.93255848 -3.53313865 -2.98677397
 -2.17947165 -1.68843419]
log likelihood =  -6093.78679712851
Edge derivatives =  [-59.25002312387078, -10.447526103479037, -68.22619411665643, -14.714577952870695, -0.3240135745243602, -0.2099507522017371, -104.66529183932865, -140.22072615660264, -64.74698000110759, -19.235232067205345, 5.406085626708447, 9.677279927753787, -5.457399686117166, -39.091770428144066]
other derivatives: [ -105.90683814  -345.38634281 -6485.05019853    19.90447345
  -372.0386303   -127.02439562]
Current x array =  [-0.54333261 -0.56079649 -0.05        0.53538677 -1.03441977 -0.19199152
 -0.45137577 -1.68013295 -0.69900229 -2.37308948 -3.84294054 -4.19254376
 -0.68884707 -0.28519784 -0.9460359  -1.65587885 -3.36610705 -2.64575155
 -1.77565204 -1.31653681]
log likelihood =  -5301.989428309758
Edge derivatives =  [36.78220521188668, 15.559644543636463, 23.625022028794486, 7.911552228045902, 3.4910171435261645, -1.677863270819659, -10.970623089392445, -16.713776569578826, -8.641898196763197, 10.709709124508617, 10.956052882953204, 18.516352842365606, 22.160332199566554, 8.34576323531513]
other derivatives: [-298.76737244  -63.1884177  -333.20893635   27.50621206   85.98981367
 -102.7892722 ]
Current x array =  [-0.50742142 -0.76168577 -0.37589429  0.27719979 -2.9041455   0.0582935
 -0.90735604 -1.91026832 -1.05079106 -2.48325485 -3.8747957  -4.17832652
 -0.83035434 -0.42316998 -1.03604275 -1.80741495 -3.45758945 -2.83252789
 -1.99682209 -1.52022321]
log likelihood =  -5356.652464737563
Edge derivatives =  [-5.045358208642725, 4.567883997849853, -21.88770724732297, -3.02197783652972, 1.988839249845775, -1.8702374860996955, -40.17900197323637, -65.12552102784022, -17.361048898545228, 0.8017212217925689, 8.746477966831574, 18.79307435551707, 6.185496902633405, -7.887258155919423]
other derivatives: [ -14.53481673 -105.13558664  214.57199182   -0.93987182 -233.47765818
  -55.95520634]
Current x array =  [-0.64078982 -0.67938564 -0.93246288  0.63192308 -1.25002839 -0.3760019
 -0.66114431 -1.83126389 -0.91270837 -2.49279825 -3.87951355 -4.21579667
 -0.95809899 -0.6060937  -1.1754464  -1.80811437 -3.4199091  -2.72867898
 -1.90700967 -1.4990572 ]
log likelihood =  -5214.864265796903
Edge derivatives =  [23.668270652493852, 11.981304422703527, 7.873432542314088, 3.9799417207463144, 2.928689710381296, -1.817456069125748, -22.185147019559167, -37.162604183098296, -11.48758646260599, 7.427747163122462, 10.222784874413495, 18.95350518610088, 16.6519376306305, 3.1473665158067594]
other derivatives: [-148.94258129  -88.00852811   19.18233465    8.99653969  -38.12410796
  -80.75576261]
Current x array =  [-0.56340545 -0.72713866 -0.60952499  0.42610192 -2.20979706 -0.1240106
 -0.80400379 -1.87710465 -0.99282812 -2.48726088 -3.87677611 -4.19405536
 -0.88397769 -0.49995584 -1.0945602  -1.80770855 -3.44177237 -2.78893525
 -1.95912155 -1.51133836]
log likelihood =  -5192.406286911623
Edge derivatives =  [19.1911350946346, 10.536356167136576, 7.804069075686021, 4.307007250496609, 3.07714638773685, -1.772546140013471, -20.73113319472822, -33.18464631346169, -10.526780925284454, 7.733846098480692, 10.13994132022524, 18.474369573835613, 16.524353298519653, 3.284156052666111]
other derivatives: [-30.22660167  15.63957994  31.27242962  11.23326001 -26.86310836
 -75.07132977]
Current x array =  [-0.61299598 -0.87534652 -0.60817857  0.43093944 -2.28650128 -0.20687635
 -0.71589704 -1.81719324 -0.92495758 -2.44873212 -3.86175568 -4.18957947
 -0.8487496  -0.47728477 -1.04804953 -1.75312454 -3.41135535 -2.73662616
 -1.89705912 -1.45608146]
log likelihood =  -5171.8562340293865
Edge derivatives =  [14.601530206466334, 9.720855220426827, 8.041156069031121, 4.949072196548563, 3.3601516686653867, -1.5431805389427162, -16.31391479114012, -25.074551044031743, -5.285325291842132, 8.826183723983437, 10.172517718839252, 18.262775179066992, 16.04582964829775, 4.633859136212557]
other derivatives: [ 63.30246833  29.56603566  37.1564056    3.04853529  -6.53599272
 -51.20091373]
Current x array =  [-0.66501591 -0.90315476 -0.59584191  0.47575046 -2.36749686 -0.40547186
 -0.6164614  -1.75838649 -0.86113509 -2.41405301 -3.84603109 -4.18957064
 -0.85813832 -0.51514458 -1.03667058 -1.70225843 -3.37312724 -2.66961575
 -1.8249631  -1.41184404]
log likelihood =  -5151.022958344041
Edge derivatives =  [-5.971743798919977, 5.368271524056771, -1.6505602292821218, 3.4590037450578404, 3.040423510075507, -1.4360856919835556, -16.418717885283833, -20.982548359329034, -5.465101404843824, 5.026250960087688, 8.81916813988916, 15.217648975714932, 9.982512516225553, -0.28571870446668995]
other derivatives: [116.91972759  33.6103767   -4.52173481  -2.07091944 -16.84111339
 -24.9601726 ]
Current x array =  [-0.71240068 -0.92158706 -0.53238956  0.54864631 -2.37558323 -0.77196353
 -0.35397003 -1.59524815 -0.6698609  -2.31255425 -3.80319696 -4.186329
 -0.82569362 -0.53073902 -0.96124652 -1.5561821  -3.27473153 -2.49830636
 -1.63421344 -1.27331359]
log likelihood =  -5137.503951202139
Edge derivatives =  [-6.307313208780512, 6.326276131230982, 0.489292503888618, 4.656531151034849, 3.1467643520357034, -1.258894843049952, -5.119865365842489, -4.037382873072642, 1.7635409692034707, 4.669853234403883, 8.170392932137483, 13.122166484830556, 6.291518374036008, 1.3003035563473961]
other derivatives: [95.21627362 -1.11322151  4.36721166 -4.35047696  9.91549314 -6.06423782]
Current x array =  [-0.69691504 -0.87223488 -0.5356963   0.53661999 -2.47715791 -1.04282181
 -0.33241404 -1.5374103  -0.65080755 -2.27945909 -3.77968264 -4.1954705
 -0.93227455 -0.68057114 -0.99628412 -1.50812766 -3.20694246 -2.38115804
 -1.54487441 -1.2583406 ]
log likelihood =  -5130.495592074489
Edge derivatives =  [-12.823184656281196, 5.381669008196849, -3.438357794654205, 4.130074080076349, 2.7598360945910976, -1.2719566069434556, 0.07234982391082018, 3.693390194244606, 2.7146353895793496, 1.1912818242102372, 6.818880960731784, 8.586055564196663, -0.06470917871804882, -0.7309946472958941]
other derivatives: [-2.87163857  2.1535925  -4.65106496 -1.9822437  -2.02780939  1.42299541]
Current x array =  [-0.64013662 -0.88777257 -0.5297052   0.53615022 -2.44079094 -1.26335942
 -0.31264242 -1.44771405 -0.60745    -2.22286607 -3.74540685 -4.20691794
 -1.00056737 -0.76756544 -0.99594421 -1.44163198 -3.11586026 -2.22978295
 -1.44272758 -1.22432471]
log likelihood =  -5129.628186963955
Edge derivatives =  [-12.598646742912635, 5.444635003918015, -4.481963972435182, 3.963500977858813, 2.533912554656764, -1.3660258232716607, 0.3731011167515114, 3.903693702099127, 0.807032480919152, -0.7969256894097239, 6.126424031782485, 6.576396274602969, -2.625589353744817, -2.1903236680117124]
other derivatives: [-2.11044608e+01 -1.05634172e+01  1.33877620e-01  2.00088834e-02
  2.85544957e+00  1.58597686e+00]
Current x array =  [-0.63113922 -0.87403262 -0.53211184  0.51765911 -2.47553274 -1.30132124
 -0.31986957 -1.40743494 -0.59022513 -2.19277162 -3.72905054 -4.20902815
 -1.00079447 -0.76363544 -0.97366427 -1.41027672 -3.07775421 -2.1717379
 -1.40636828 -1.20423192]
log likelihood =  -5128.345669684825
Edge derivatives =  [-10.196250845963462, 6.076945497667684, -3.8269840321168793, 4.07601473350384, 2.4162508436721155, -1.4126598516413744, 1.4512451778321158, 4.822214980834643, 0.2349933106329397, -1.6969554377641154, 5.642795823475167, 4.497915114664877, -4.091045382113459, -2.2954422474930105]
other derivatives: [-29.59268386 -13.52445906  -0.92377377   2.11721272   3.68618203
   1.65518941]
Current x array =  [-0.62687625 -0.87080472 -0.53167621  0.50409841 -2.47538335 -1.32828792
 -0.37272882 -1.37170619 -0.6007563  -2.16640457 -3.71189298 -4.21604043
 -1.01775843 -0.76976272 -0.96819477 -1.39644151 -3.03476884 -2.11211403
 -1.39096365 -1.20527637]
log likelihood =  -5124.462925137279
Edge derivatives =  [-2.262622642401439, 8.075241954963305, -1.0252011879184453, 4.206787368029307, 1.9837662193720567, -1.5924446463925388, 3.280112090082301, 4.562032694196413, -2.5045017126324094, -4.260863061496854, 3.7064975027747327, -4.176837082583671, -7.488837638245807, -2.3459411868625666]
other derivatives: [-29.52147042  -5.16311047   3.73038347   5.24541974   3.9655788
   0.11223165]
Current x array =  [-0.62654338 -0.88466791 -0.53473685  0.48283149 -2.46365301 -1.39683796
 -0.58876844 -1.2104346  -0.64604292 -2.05125786 -3.63998055 -4.24732236
 -1.05415355 -0.75007456 -0.94164375 -1.35728347 -2.85900271 -1.89484224
 -1.36375253 -1.21453148]
log likelihood =  -5124.418397693966
Edge derivatives =  [0.8629583734212087, 7.692516890139744, 0.44563789869921655, 3.1175202037831236, 1.7998816547549277, -1.5518272367591635, 5.105792116123899, 4.436472687552836, 0.7671648949607682, -3.008999009581643, 1.717350055448118, -10.856987461542154, -5.640850572445447, -0.17527187359669777]
other derivatives: [ 19.1318577  -51.58599379 -48.22686606   2.77977961  -5.8884325
   1.12177077]
Current x array =  [-0.66116944 -0.81093229 -0.49671732  0.50802703 -2.38003273 -1.51808601
 -0.81683196 -0.95862099 -0.70182293 -1.89867098 -3.54771827 -4.30331622
 -1.10753871 -0.75850644 -0.98531386 -1.37798397 -2.64291809 -1.75153168
 -1.41759166 -1.26269876]
log likelihood =  -5123.066865834187
Edge derivatives =  [-0.4423959584437521, 8.217531571739395, -0.15457573146622616, 3.773384388135271, 1.9130501655117484, -1.5685742738073922, 4.230683587547883, 4.616700078324925, -0.7925626549046927, -3.5860035075859678, 2.8644170406655065, -7.319323676990704, -6.552367962218571, -1.2419082803090686]
other derivatives: [ -4.28572093 -27.33122528 -20.9425707    4.03888407  -0.57752914
   0.71067916]
Current x array =  [-0.64368183 -0.84817186 -0.51591878  0.49530223 -2.42226447 -1.45685068
 -0.70165035 -1.08579739 -0.67365169 -1.97573374 -3.59431458 -4.27503698
 -1.08057697 -0.75424799 -0.96325863 -1.36752935 -2.75204986 -1.82390951
 -1.39040065 -1.23837227]
log likelihood =  -5120.782984363134
Edge derivatives =  [2.347820135593187, 7.3976751521271975, 1.5180338484519473, 3.23122320384601, 1.776524118880853, -1.5991442371567868, 3.2980788705710644, 0.8986676194925591, -0.4888278944825079, -2.5104152681570513, 1.71437405613452, -10.544984292888026, -4.002735663580312, 0.2103982984393854]
other derivatives: [ 4.58994691 -8.94897312 -7.84693839  0.26802809 -1.41408236 -0.71422619]
Current x array =  [-0.64678761 -0.87265145 -0.52581128  0.51317172 -2.41042047 -1.46825081
 -0.84407471 -0.93601946 -0.70832642 -1.88317315 -3.54028063 -4.30591719
 -1.07407522 -0.70882703 -0.96686429 -1.38387671 -2.6311843  -1.75935215
 -1.44040773 -1.26326864]
log likelihood =  -5119.115584496905
Edge derivatives =  [2.8260401977501814, 4.583194302549255, 1.7786441311072325, 2.28407982054455, 1.7744620992710796, -1.5516344642948092, 1.052881913740497, -3.3660519497826686, 0.8352113348551312, -0.21177933581978556, 1.1838444874572458, -9.13230214542921, 0.2971641786750372, 1.6004123876638898]
other derivatives: [ 8.14143277  3.22088454 -7.67568054 -3.33166099 -0.24574547 -1.49102561]
Current x array =  [-0.64766833 -0.88986156 -0.52612981  0.53189411 -2.41809168 -1.4666009
 -0.92342475 -0.78651846 -0.72156526 -1.79928483 -3.49374707 -4.3362847
 -1.0414501  -0.66177588 -0.97659625 -1.41765011 -2.54122237 -1.79000078
 -1.5118857  -1.28193878]
log likelihood =  -5119.811511279049
Edge derivatives =  [-1.3009443319649703, -1.616803368533337, -3.4285538994457214, -0.2547767285838334, 1.5143043322768726, -1.5207463820579783, -0.33833755807555643, -4.357833020454905, 1.1044455704303728, 0.2072582948518903, -0.37656556733904606, -6.0300582972191314, 1.495130053415682, 0.26195540293906117]
other derivatives: [40.56691978 -1.47292667 57.59702617 -5.66797098 -7.70141924  0.76506694]
Current x array =  [-0.66569263 -0.87791915 -0.57888727  0.53293527 -2.38403295 -1.5533894
 -0.94014668 -0.58725354 -0.69864557 -1.689865   -3.42945819 -4.37961143
 -1.02205859 -0.67738201 -0.98861173 -1.43634665 -2.4298969  -1.8624378
 -1.54992207 -1.27626999]
log likelihood =  -5118.602955483984
Edge derivatives =  [1.1808069652742614, 2.3547292734029743, -0.21411938643746614, 1.3403844402354534, 1.6788502179902844, -1.5393507701245421, 0.5257879092017596, -3.725470585839108, 0.9678961982652314, -0.03443459619397399, 0.6203100681693201, -7.872727970101839, 0.7901966321746332, 1.0905593870878907]
other derivatives: [21.25561878  1.43991201 19.21871444 -4.2919055  -3.06135917 -0.56224962]
Current x array =  [-0.65476574 -0.88515901 -0.54690407  0.53230409 -2.4046804  -1.50077553
 -0.93000933 -0.70805408 -0.71254019 -1.75619868 -3.46843209 -4.35334543
 -1.03381432 -0.66792109 -0.98132758 -1.42501223 -2.49738583 -1.81852425
 -1.52686325 -1.27970659]
log likelihood =  -5117.864026211348
Edge derivatives =  [0.032629509790405686, 0.3963230545236669, -1.0439124135760758, 0.8059121772666772, 1.7611191399269959, -1.4654407942270635, -0.8989658123002593, -4.640775573550732, 1.7862294502333518, 1.3523315589966232, 0.9703817267448122, -4.476612690187633, 2.9585390395234494, 1.269726129229871]
other derivatives: [ 8.85393092  3.79768608  9.5958967  -3.67508619 -2.50056473 -0.39735824]
Current x array =  [-0.64766751 -0.88937998 -0.54006444  0.53140578 -2.41584407 -1.49444006
 -0.91575866 -0.65598342 -0.70400458 -1.73141487 -3.45444876 -4.36572421
 -1.00832865 -0.66021116 -0.98580249 -1.44502833 -2.48446349 -1.8957508
 -1.55914091 -1.27950799]
log likelihood =  -5117.459792398591
Edge derivatives =  [-1.4410467487037386, -1.2576845615184356, -1.9246531686424972, 0.42612742356412725, 1.7539340778049115, -1.4076503880666946, -0.5458318199353582, -2.3951530227095623, 1.9940154987279815, 1.5307396910593114, 0.9188221038443002, -2.4690636653889895, 3.0261213624879217, 0.6855621805280407]
other derivatives: [ 5.77765604  4.86406861 -0.44110493 -1.14559953 -0.44701665  0.43637556]
Current x array =  [-0.64633118 -0.89181645 -0.53189305  0.51892583 -2.43499585 -1.52695575
 -0.8898585  -0.61081947 -0.69006315 -1.70642075 -3.43651733 -4.37836732
 -1.00195499 -0.6829141  -0.98137518 -1.44186504 -2.46447445 -1.94321557
 -1.55259072 -1.26683729]
log likelihood =  -5117.269835396393
Edge derivatives =  [-1.2787150149326583, -1.469682532167123, -1.5679084719808718, 0.28443066778778797, 1.6751673450425655, -1.3689499985204863, -0.4469407545184628, -1.333995661102233, 1.0488347780345104, 1.3665454521555367, 0.7901317324649597, -0.8395802914271663, 2.716921434931914, 0.3116640838776793]
other derivatives: [-9.91731213 -5.39657776  0.2059096   0.51841198  1.1155862   0.46911737]
Current x array =  [-0.63793665 -0.8771715  -0.53397305  0.50604536 -2.44161736 -1.52223982
 -0.89987221 -0.5957785  -0.70269662 -1.69326044 -3.41965696 -4.39261945
 -0.99921812 -0.70023452 -0.97381174 -1.44299734 -2.45194389 -1.9900864
 -1.54973018 -1.26531273]
log likelihood =  -5117.168161260148
Edge derivatives =  [-1.111262886327431, -1.4510381453432046, -1.2818103253876103, 0.31916543410954257, 1.629520016131921, -1.3659624684367508, 0.010605113643797959, -0.38539195691241684, 0.6014987660492931, 1.0111423982731944, 0.6077608333000514, -0.8475689586633355, 2.093214691877948, 0.08488710771384689]
other derivatives: [-4.63314791 -3.7080099  -0.22828317  1.43409125  1.54323061  0.4813046 ]
Current x array =  [-0.64076023 -0.87934345 -0.53336939  0.50080333 -2.44377045 -1.52943555
 -0.90479892 -0.59204994 -0.70596509 -1.68778443 -3.41230117 -4.3975052
 -1.00277108 -0.70985362 -0.96822321 -1.43611173 -2.44377583 -1.99044755
 -1.53786852 -1.26184073]
log likelihood =  -5117.046396215776
Edge derivatives =  [-0.3189639157161295, -1.3463125310794275, -0.40109783694333667, 0.344152880713138, 1.4975770553819159, -1.359613611970674, 0.6517882710561098, 0.8794136201051892, -0.5113518222717355, 0.2419364620040675, 0.1252841948354903, -0.9511257369234261, 0.8191702955944398, -0.24341797654911296]
other derivatives: [ 0.50740709 -1.1926204   0.0606633   2.39970177  1.30412445  0.21072992]
Current x array =  [-0.64345809 -0.88253978 -0.5335085   0.49523782 -2.44080704 -1.53507759
 -0.93057814 -0.58376752 -0.7209113  -1.67330762 -3.39225112 -4.41173741
 -1.0087284  -0.72429432 -0.95709107 -1.42415873 -2.42191679 -1.99152897
 -1.51689232 -1.25898846]
log likelihood =  -5116.9839544105525
Edge derivatives =  [0.1765296540359368, -0.6065710104759299, 0.4111734824184478, 0.5219210417941286, 1.4744049382953381, -1.3286622031336919, 0.4506751444556687, 1.2666900363851936, -1.0180681557110292, 0.05367433315669262, 0.2879697473556016, 0.2935073132075632, 0.30352167780977407, -0.3579229599422649]
other derivatives: [ 5.80021151 -0.11277734  0.07621566  1.82444637  1.66965037 -0.1031367 ]
Current x array =  [-0.64604342 -0.88376315 -0.53332728  0.49839327 -2.43926544 -1.51835062
 -0.93173895 -0.60342713 -0.73187136 -1.67585941 -3.38097625 -4.42348244
 -1.00348937 -0.73012943 -0.95236034 -1.42199292 -2.42785337 -2.02728104
 -1.50664432 -1.25840168]
log likelihood =  -5116.923254257849
Edge derivatives =  [0.7389259979471641, -0.9456882677932162, 0.8227653486828649, 0.2136512576555665, 1.300956179591025, -1.303187801141689, 0.41961542962550136, 1.3202303174910917, -1.1454519421256903, -0.5206634203639577, -0.28928395855821987, 0.21404031646929972, -0.7109076483674993, -0.38080128354325393]
other derivatives: [ 0.59408194  1.85800673 -0.56379577 -0.06275513 -1.81926225 -0.3434252 ]
Current x array =  [-0.64339556 -0.88672333 -0.53288137  0.51156074 -2.41962866 -1.52556153
 -0.96388472 -0.58870795 -0.74681705 -1.65247016 -3.3485109  -4.44905127
 -1.00563947 -0.73463623 -0.95382927 -1.41607568 -2.39811768 -2.03190432
 -1.4934603  -1.26217255]
log likelihood =  -5116.876327199391
Edge derivatives =  [0.6724885360174697, -0.7300720393821399, 0.7169749083034571, 0.2070456037511882, 1.3188999880767007, -1.2913341436917696, 0.12742252352400332, 0.8245817857119611, -0.5641469911320351, -0.2791048135509968, -0.13356274289918824, 0.4624245055057072, -0.4018983214126051, -0.1794867508034486]
other derivatives: [ 0.78953235  0.68112058 -0.25747795 -0.6958544  -0.7464223  -0.28321665]
Current x array =  [-0.64343232 -0.8852793  -0.53289943  0.51428052 -2.4246096  -1.52221478
 -0.95655496 -0.59629737 -0.74319667 -1.65433334 -3.3449339  -4.45365718
 -1.00190658 -0.72801483 -0.95926304 -1.41956886 -2.40360023 -2.03780806
 -1.49771942 -1.26406329]
log likelihood =  -5116.785706525652
Edge derivatives =  [0.41574190120221416, -0.04779338182899501, 0.2851607459189127, 0.07550389387407835, 1.2406295364208781, -1.250494117448046, -0.40392142652801255, -0.10504049401174764, 0.6203133626770497, -0.11044095965660122, 0.05277033825446717, 0.8342681823121711, -0.37656061567640414, 0.14142952633367584]
other derivatives: [-2.75695129  1.07993401  2.43508111 -0.94050847  0.77698132 -0.04256435]
Current x array =  [-0.64111277 -0.88720293 -0.53461648  0.51454656 -2.434085   -1.52290402
 -0.93827674 -0.62245837 -0.73320194 -1.65293708 -3.31581207 -4.48267713
 -0.99583319 -0.71470226 -0.97062238 -1.42200998 -2.4108721  -2.04786325
 -1.49627569 -1.26671751]
log likelihood =  -5116.731699448423
Edge derivatives =  [0.29115103355119476, 0.342460597136392, -0.34303415632413986, -0.540028823196141, 0.9545889671285092, -1.1721435487768574, -1.3224638685492833, -1.8670516542611089, 2.251824265344343, 0.10806350237668189, -0.15179413641452116, 1.148921431169903, -0.3337998068865615, 0.6989090494228536]
other derivatives: [ 3.39496182 -6.5831955  -2.60297384 -1.15678631  0.68557711  0.27193892]
Current x array =  [-0.64557234 -0.87631863 -0.52981849  0.51702515 -2.43477277 -1.53489396
 -0.93611427 -0.63462133 -0.7249506  -1.62666417 -3.24181102 -4.5506237
 -0.98890434 -0.69406452 -0.98826836 -1.42684    -2.39273511 -2.05876063
 -1.49704889 -1.27447241]
log likelihood =  -5116.648096107996
Edge derivatives =  [0.20469716841130658, 0.4202796410652674, -0.4297045076919874, -0.6067720905160974, 0.8286792418534245, -1.1607452064156345, -1.0419477109997899, -1.3987447899683347, 1.9953162710026724, -0.17353149902287937, -0.29851408018076236, 1.021229965614718, -0.8023994976766544, 0.5502089505238927]
other derivatives: [ 0.12387318 -2.20215952  1.14041541 -0.59953891  0.68839654  0.3781679 ]
Current x array =  [-0.64328109 -0.8834158  -0.53263104  0.51360363 -2.43676747 -1.54323227
 -0.93422728 -0.63845726 -0.72364281 -1.62097945 -3.22212676 -4.56826113
 -0.99169115 -0.6979085  -0.98516201 -1.42244864 -2.38713072 -2.05653912
 -1.48885917 -1.27197858]
log likelihood =  -5116.583180070003
Edge derivatives =  [0.2536209773148378, 0.5994352273505581, -0.42380610668236796, -0.7588539060521733, 0.572022882781712, -1.1346242901401375, -0.6663333289000962, -0.9124459883586076, 1.516635721185728, -0.5260903014658411, -0.5761768213776596, 0.6691003318240729, -1.3493075108191166, 0.42745874348108753]
other derivatives: [-1.95032044  1.13905116  0.71931936  0.53096301  0.22646418  0.45929482]
Current x array =  [-0.64204779 -0.88899819 -0.53218582  0.5082835  -2.43684254 -1.55519886
 -0.93722214 -0.64390146 -0.72381463 -1.60910844 -3.18154065 -4.60530569
 -0.99715905 -0.70138277 -0.97995334 -1.4174575  -2.37470446 -2.04897619
 -1.47955304 -1.26993725]
log likelihood =  -5116.533843681891
Edge derivatives =  [0.2603445111331315, 0.6646172794660108, -0.5396209672217622, -1.0434111698526054, 0.17793694005994432, -1.0991876070207567, -0.33778926123047526, -0.6729772206415832, 0.7182635346250339, -0.7485154948763912, -0.9350211815076093, 0.36225742232978475, -1.5216282534388734, 0.2722469512443903]
other derivatives: [ 0.37507562  1.22872734  6.31434887  0.68921509 -0.27794158  0.59553713]
Current x array =  [-0.64329332 -0.88924425 -0.53619349  0.50648084 -2.43435271 -1.56696518
 -0.94305474 -0.64364044 -0.72557878 -1.59246133 -3.12368146 -4.66039636
 -1.00345058 -0.70398625 -0.97332963 -1.41734403 -2.35782033 -2.0431399
 -1.47890396 -1.26904174]
log likelihood =  -5116.466959752663
Edge derivatives =  [0.21418729214121734, 0.790710102507314, -0.3818453650572685, -1.1405959617850001, -0.2527568685456322, -1.0466325811198358, 0.12375807663121416, -0.05031974286673835, -0.2688762880285957, -0.6121266233664658, -1.0109589307928637, 0.241738637471357, -1.0647020757827699, 0.18351027058955743]
other derivatives: [-1.64463927  1.97951522 -0.66193024  1.64645826 -0.25047484  0.67384462]
Current x array =  [-0.64249672 -0.89083646 -0.53073852  0.50323599 -2.43638731 -1.5735479
 -0.93956412 -0.64953697 -0.72642033 -1.58240176 -3.06035498 -4.72493799
 -1.01025409 -0.70828897 -0.96258769 -1.4212066  -2.34994844 -2.04137817
 -1.48514691 -1.26640913]
log likelihood =  -5116.417061770619
Edge derivatives =  [0.02404149249727283, 0.6682993540309061, -0.3773747209688168, -1.0829669224415917, -0.37608208727295334, -1.0257345149936439, 0.21530035727511398, -0.02195173417745727, -0.6490289749742582, -0.18787859139133828, -0.836743224481537, 0.31218047011951133, -0.1748951471724518, 0.1772027981162187]
other derivatives: [ 1.23745849  1.45673766 -1.39843905  0.90567482 -0.15888872  0.71613613]
Current x array =  [-0.64416817 -0.8896513  -0.53004542  0.50760858 -2.43573037 -1.56959768
 -0.93259324 -0.64878535 -0.72603234 -1.58560089 -3.04100873 -4.75020528
 -1.01204177 -0.70843229 -0.95890702 -1.42941807 -2.3550999  -2.04194472
 -1.49990114 -1.26569509]
log likelihood =  -5116.386529816637
Edge derivatives =  [-0.2642252836293554, 0.600955292769164, -0.24317471091834514, -0.8807672807816407, -0.5482577894188896, -0.9907223758216628, 0.21698298157212553, 0.07898852678727847, -1.5518464449107832, 0.2515947421086299, -0.46854535546917647, 0.7567812350913934, 0.8532645847671764, -0.12198844840884765]
other derivatives: [-4.23615347 -3.46017259 -0.42900865 -0.45110937 -0.01937224  0.6441951 ]
Current x array =  [-0.64131302 -0.88227269 -0.53127228  0.51412049 -2.43376453 -1.55283362
 -0.92008235 -0.65189833 -0.73018077 -1.59905993 -3.01864796 -4.78777829
 -1.01238285 -0.71256281 -0.9521438  -1.44130605 -2.37151223 -2.05410128
 -1.5191461  -1.26276518]
log likelihood =  -5116.3630478611485
Edge derivatives =  [-0.24964648238360276, 0.6723464371550183, -0.010998598301768359, -0.6702540062200626, -0.48419884615309505, -0.9826236240280001, 0.21484548127368186, 0.14540465046192036, -1.21438286490456, 0.45629711577365006, -0.25966991535809114, 0.9176581128132524, 1.0846865476034804, -0.06686352964899939]
other derivatives: [ 2.85817805 -0.16189006 -0.21600499 -0.81190592  0.43492037  0.57789293]
Current x array =  [-0.64490951 -0.8864983  -0.53116397  0.51627325 -2.43491722 -1.54560789
 -0.91429322 -0.65587594 -0.73054804 -1.60771916 -3.02193551 -4.79147351
 -1.01094105 -0.7122403  -0.95474135 -1.44337323 -2.38088432 -2.05637302
 -1.5213515  -1.26227883]
log likelihood =  -5116.351546509644
Edge derivatives =  [-0.21837919559262242, 0.711613065790502, 0.023785992092212604, -0.6489875058886687, -0.4890513666888348, -0.9794490179375221, 0.1851690451073057, 0.1288703426169696, -1.0339776918701256, 0.36593533955351754, -0.2741407361210937, 0.8928186021185204, 0.8727711318495566, -0.08170205319450236]
other derivatives: [ 2.19406502  0.42464308  0.0604814  -0.65447239  0.32978278  0.54260454]
Current x array =  [-0.64448286 -0.88741588 -0.53144758  0.51541502 -2.43456869 -1.5446195
 -0.91476919 -0.65717803 -0.73112515 -1.60880208 -3.02134815 -4.79407787
 -1.01042936 -0.71217588 -0.95677718 -1.44187583 -2.38147017 -2.05599682
 -1.51776944 -1.26224322]
log likelihood =  -5116.296068978355
Edge derivatives =  [-0.1218604164133551, 0.7869991010451816, 0.3872540822954328, -0.36399408457757143, -0.611912488462881, -0.9373650296448458, 0.09125218198270713, 0.19411761906559583, -0.29411506322579783, 0.037257768613420617, -0.20220449712972516, 0.8026481638318048, 0.06156975656088404, -0.2957291126893626]
other derivatives: [-0.81154212  2.2396307   1.11531335 -0.01427907 -0.4460162   0.21036612]
Current x array =  [-0.6426219  -0.88981775 -0.53295333  0.51182876 -2.43024191 -1.52848873
 -0.91398921 -0.66149146 -0.73769526 -1.62401693 -3.00551432 -4.83606789
 -1.0084944  -0.71513342 -0.96682664 -1.43849075 -2.3931253  -2.0546293
 -1.50513283 -1.26085336]
log likelihood =  -5116.259995808162
Edge derivatives =  [-0.11650464357989443, 0.7226611259762912, 0.6090131272984926, -0.11403194432030433, -0.7803598661609633, -0.8918328099533518, 0.05563726906100759, 0.23094605041761368, 0.16680696851901056, -0.04549210612232579, -0.08264850311492906, 0.6716145931638828, -0.21281530738134502, -0.38342473231353064]
other derivatives: [-1.77542461  2.18096829  1.1757038   0.29049261 -0.77825462 -0.07612471]
Current x array =  [-0.64209325 -0.88926081 -0.53352471  0.50989837 -2.42777164 -1.51274835
 -0.91125181 -0.66145383 -0.74157069 -1.63824656 -2.98392439 -4.88726826
 -1.00782089 -0.7172767  -0.97380707 -1.43950101 -2.40471784 -2.05117366
 -1.50162339 -1.26070442]
log likelihood =  -5116.194158037664
Edge derivatives =  [-0.10868453818569046, 0.3380507345201506, 0.4069055024908313, 0.1660972133158474, -0.9865946652318228, -0.8175959459809516, 0.0667639596111585, 0.1421592013480953, 0.925107549320047, -0.11503282469725651, 0.020527644504426595, -0.03749095437245076, -0.5178010920404488, 0.021055238900716255]
other derivatives: [-2.10002327  1.46337698  0.62791514  0.18717401  0.15888872 -0.43673936]
Current x array =  [-0.64204805 -0.88801583 -0.53326912  0.5091993  -2.43257787 -1.49720452
 -0.90985618 -0.6499384  -0.73585774 -1.65580283 -2.95891101 -4.97874529
 -1.00752652 -0.71577194 -0.98307237 -1.43994357 -2.41753603 -2.03034645
 -1.49719237 -1.26599098]
log likelihood =  -5116.160984097996
Edge derivatives =  [-0.4296412678532818, -0.4938359649381818, -0.3010368015444626, 0.3610365693296167, -0.9910507369275973, -0.7204697775630979, -0.5640622896666003, -0.6042922831869295, 0.46673646445278605, -0.20442494317179136, 0.26737628233119914, -0.4534734193520955, -0.6621605648587403, -0.002899611410592806]
other derivatives: [ 2.44745024 -2.16787157 -3.13539203  1.63681761 -3.09109964 -0.99844328]
Current x array =  [-0.64556087 -0.88108824 -0.53103199  0.50352162 -2.41867869 -1.47610548
 -0.91074217 -0.62952507 -0.72830377 -1.68186926 -2.96093678 -5.09947565
 -1.00176638 -0.71306088 -0.98185262 -1.44154641 -2.43930424 -2.01716307
 -1.49721972 -1.26777072]
log likelihood =  -5116.113946367435
Edge derivatives =  [-0.444792189485378, -0.6873212013209845, -0.4949466422254218, 0.38096286992725154, -1.0884271435285153, -0.6993651532606123, -0.24425911161566807, -0.370600720409367, 0.1340312153977129, 0.0781812204528669, 0.30615103404174404, -0.724102552384966, -0.024382558516761965, 0.3011651278444787]
other derivatives: [-0.47220965 -0.10877557 -0.67429937  0.54697011 -1.29120963 -0.86783984]
Current x array =  [-0.64353481 -0.88486416 -0.53259952  0.50793065 -2.42787612 -1.48091152
 -0.90961164 -0.62300107 -0.72224802 -1.68013565 -2.94907747 -5.13580092
 -1.00488551 -0.7123614  -0.976749   -1.44584025 -2.43823201 -2.00854649
 -1.50695532 -1.26993157]
log likelihood =  -5116.080053894573
Edge derivatives =  [-0.24665028373398856, -0.647563208983464, -0.6198967652501126, 0.3298694223725642, -0.9495520667643453, -0.6899262374940743, -0.07506894070528716, -0.19449793958229228, -0.17631880850932685, 0.06148759310921065, 0.23183024109484224, -0.7863856936027707, -0.02042639163170551, 0.4622038076096186]
other derivatives: [ 0.52787072 -0.56443241  0.68539521 -0.01891749  0.31850504 -0.67338988]
Current x array =  [-0.64396128 -0.88474174 -0.53310326  0.5096077  -2.43577336 -1.49273486
 -0.91551392 -0.61896864 -0.71755327 -1.67367601 -2.96504508 -5.14459278
 -1.00568133 -0.71166223 -0.97125058 -1.44320376 -2.43201837 -2.00559245
 -1.50586433 -1.27058585]
log likelihood =  -5116.033184485469
Edge derivatives =  [0.031114196303511088, -0.8739447371387363, -0.7711820635984148, 0.38606152313342945, -0.6097569298934857, -0.6270515076632056, 0.10203629390307854, 0.10987640449060093, -0.9542177154980214, 0.26893416863088077, 0.32342517636176205, -0.7752127262006727, 0.4108447779854892, 0.631647443314257]
other derivatives: [-1.56496753  0.98889359 -4.24543032 -0.55315468  1.61580829 -0.47357389]
Current x array =  [-0.64279515 -0.88781984 -0.52888898  0.51322067 -2.44362402 -1.50881478
 -0.92620777 -0.60720114 -0.70961776 -1.67217766 -3.00214691 -5.21789623
 -1.00545664 -0.71102731 -0.95862534 -1.44147246 -2.43086985 -2.00217011
 -1.50981128 -1.2692981 ]
log likelihood =  -5115.976035569101
Edge derivatives =  [0.34568877481920846, -1.161832941933271, -1.1698696936418833, 0.48668912790308627, -0.2400237041875028, -0.5279244845658402, 0.04259597890945323, 0.11788051279634004, -2.170662217824636, 0.06402346539656328, 0.3651030517973147, -0.7124815898352812, 0.1816851966996254, 0.3438847482586255]
other derivatives: [ 1.17670425 -0.54460543  5.0296876  -1.17206582  1.98506314 -0.34160621]
Current x array =  [-0.64404872 -0.88548359 -0.53576151  0.5136542  -2.44453688 -1.52166044
 -0.94444188 -0.59019745 -0.70370532 -1.67945241 -3.05224364 -5.36560898
 -1.00252701 -0.71202099 -0.94508015 -1.43599727 -2.43609352 -2.00000011
 -1.50687027 -1.26505845]
log likelihood =  -5115.923916964915
Edge derivatives =  [0.5266904794141969, -1.0340382150583425, -0.8283248933749359, 0.6031077941528846, -0.12203667471915187, -0.4965525079249913, -0.032697320050761314, 0.2113728624131342, -1.8776358578993944, -0.07420748389696286, 0.4101869428254685, -0.49633069779206285, -0.18596997812559074, 0.07770584840975603]
other derivatives: [ 0.42509782  0.0340151   2.30438673 -0.59444574  1.2014425  -0.38908183]
Current x array =  [-0.64369092 -0.88607864 -0.53400212  0.5116471  -2.44022212 -1.52143478
 -0.94959069 -0.59287462 -0.70891952 -1.68436463 -3.06506575 -5.41078443
 -1.00079307 -0.71402902 -0.9479819  -1.43249797 -2.43996218 -2.00533023
 -1.50022321 -1.26155787]
log likelihood =  -5115.854576068445
Edge derivatives =  [0.9160056468474298, -0.793468189676316, -0.06044797677945407, 0.9274335742658881, 0.09103147315835461, -0.4072960175980563, -0.09914506111719909, 0.4415936664946226, -0.9562389161322555, -0.2802948360529566, 0.558527310730041, -0.1294178142453324, -0.7897867521127546, -0.4480883835355478]
other derivatives: [-0.10750227  1.5797923  -0.59426384  0.22237145  0.06148184 -0.43510227]
Current x array =  [-0.64331045 -0.88764074 -0.53252952  0.50851085 -2.43255222 -1.52035881
 -0.96004492 -0.59699074 -0.7201894  -1.69865711 -3.08544035 -5.57234881
 -0.99802945 -0.71831076 -0.95743559 -1.42687076 -2.45183843 -2.013044
 -1.48948597 -1.25441788]
log likelihood =  -5115.820438987498
Edge derivatives =  [0.9486143470964333, -0.6104244872374219, 0.16860238198429456, 0.9426376903896196, 0.2228974814071075, -0.34763636187775404, -0.13646169591265236, 0.34521947923846197, -0.2808377434351934, -0.3003367616625966, 0.6050469373310658, 0.05798724163794566, -0.7649873273942309, -0.6850303908231299]
other derivatives: [-7.38336894 -2.13831299 -1.77433321  0.24774636 -0.28421709 -0.17453203]
Current x array =  [-0.63952167 -0.88230381 -0.53228259  0.5083697  -2.42933303 -1.52788483
 -0.9635166  -0.60097956 -0.7257216  -1.70011489 -3.09866572 -5.70507236
 -0.99809916 -0.7186757  -0.96471784 -1.42587831 -2.4542957  -2.01690048
 -1.49091891 -1.25167105]
log likelihood =  -5115.766505772854
Edge derivatives =  [1.057266178944784, -0.43277177254347365, 0.6532753097582183, 1.10064508869299, 0.29899070959413654, -0.29159076397376277, 0.04675874131414301, 0.5298188016346599, 0.5141227874364428, -0.05810352285159942, 0.7509779702698182, 0.23790768730669185, -0.3388292211317383, -0.7702177474140404]
other derivatives: [-3.09710231 -1.00535544 -1.82253643 -0.03683454  0.09322321  0.04874892]
Current x array =  [-0.64165318 -0.8832547  -0.53234691  0.50989788 -2.4284576  -1.53226628
 -0.96427248 -0.60451388 -0.73144708 -1.70449116 -3.09884652 -5.86131703
 -0.99959298 -0.71989025 -0.97209018 -1.42798266 -2.45973085 -2.01847378
 -1.49702542 -1.24932188]
log likelihood =  -5115.7121681059
Edge derivatives =  [0.9052664193270925, -0.4058705684146635, 0.8445509598694583, 1.1630818263857297, 0.2892101946629432, -0.22962616621936704, 0.2944394570051706, 0.5372105592599317, 1.290091812059623, 0.40537703844060907, 0.9243201695310003, 0.1999214345211687, 0.6619256518487852, -0.5825256668699552]
other derivatives: [-0.18944775  0.06457412 -0.00381988 -0.64665073  0.71249815  0.41454769]
Current x array =  [-0.64297813 -0.8842834  -0.53384039  0.51271865 -2.42923708 -1.53897227
 -0.95911202 -0.60629849 -0.73327601 -1.70602404 -3.08618673 -6.08931054
 -1.00317308 -0.71848666 -0.97948708 -1.43451791 -2.46426476 -2.01354239
 -1.51337696 -1.25028238]
log likelihood =  -5115.668820466381
Edge derivatives =  [0.6898305113165293, -0.31836310252603933, 0.74893031656594, 1.0282697438787471, 0.2761837281860665, -0.19311016378493934, 0.3632238109417016, 0.3766198143295195, 1.4687935376673102, 0.5563693131814714, 0.9228400184697956, 0.12066458955299578, 1.1233503496539616, -0.33719886473188543]
other derivatives: [ 0.48603397  0.63355401  1.04464561 -0.57534635  0.68966983  0.69112502]
Current x array =  [-0.64327945 -0.88515735 -0.53460269  0.51250307 -2.42935796 -1.54745084
 -0.95384865 -0.61090784 -0.73221873 -1.6986651  -3.07981017 -6.25898248
 -1.00536628 -0.71569776 -0.98073651 -1.43629237 -2.46025875 -2.01005652
 -1.52121866 -1.25279763]
log likelihood =  -5115.570783745325
Edge derivatives =  [0.11489215955909649, -0.10958922265689325, 0.277630288101053, 0.5549933485458467, 0.15225332737548986, -0.1198261799380848, 0.2695063244646256, -0.1589167761403938, 0.8950561592585156, 0.5256763684958982, 0.7510875967684036, -0.2304288673295364, 1.5671161059135594, 0.164420838888381]
other derivatives: [ 4.62368916 -1.25901352 -0.74069249 -0.10131771 -0.24319888  1.03436832]
Current x array =  [-0.6461414  -0.88264124 -0.53256796  0.51177083 -2.42732123 -1.56123145
 -0.93902952 -0.62347933 -0.72693905 -1.67609291 -3.06046843 -6.74266126
 -1.0084172  -0.70866406 -0.97415129 -1.43579147 -2.44519449 -2.00039882
 -1.52951615 -1.25899259]
log likelihood =  -5115.556968177878
Edge derivatives =  [-0.5841411128305202, 0.24533089932639768, -0.16032336239275513, -0.06538559726970064, -0.1437232408966478, -0.0644389922651871, 0.20615193595354486, -0.5596860188533398, 0.1131140035803, 0.09727209009036719, 0.3501159827580399, -0.7039029800274182, 1.3028507443058752, 0.6032824598159101]
other derivatives: [-6.34636308  6.27715053  4.97275323  0.41436579 -1.67519829  1.20944605]
Current x array =  [-0.63949027 -0.89600558 -0.53680542  0.51029309 -2.42657677 -1.57006461
 -0.91857808 -0.6476292  -0.72451988 -1.64464143 -3.0260913  -7.38741703
 -1.01139403 -0.70272512 -0.9661352  -1.43084275 -2.42192155 -1.99257313
 -1.52668905 -1.2652723 ]
log likelihood =  -5115.4866405146895
Edge derivatives =  [-0.30508838182046527, 0.2592938225675363, -0.05312225228836709, 0.05319047311767622, -0.0183242554535768, -0.06634384066119442, 0.08915595591727146, -0.483715287577755, -0.1018621560347931, -0.03321884184869722, 0.3765833843752913, -0.5605761881476381, 0.9235950753015244, 0.34836337458717853]
other derivatives: [-0.3693458   1.12468115  0.7894414   0.47557478 -1.49211701  1.06228981]
Current x array =  [-0.64340187 -0.88768491 -0.53329455  0.51008286 -2.42596163 -1.56757913
 -0.92605151 -0.64249561 -0.72497402 -1.65070631 -3.04328309 -7.34745287
 -1.00891506 -0.70463928 -0.96382777 -1.42794742 -2.42557376 -1.99559071
 -1.51994141 -1.26223613]
log likelihood =  -5115.468731706893
Edge derivatives =  [-0.15805993805304164, 0.3417648665004819, 0.04636904943363801, 0.08254060722419398, 0.01266960663798257, -0.059702661460766686, 0.028947295558468852, -0.3824159206667143, -0.33583432693671544, -0.22627666539072813, 0.3250258134570817, -0.5169681825348835, 0.4836935261615157, 0.17487665726542445]
other derivatives: [ 0.60445018 -0.07003109 -0.53478288  0.45802153 -1.37633833  0.92495611]
Current x array =  [-0.64411133 -0.8859998  -0.53210411  0.51020169 -2.4264708  -1.56484911
 -0.92854828 -0.64319146 -0.72594065 -1.65113022 -3.04894375 -7.44929965
 -1.00738967 -0.70610563 -0.96134114 -1.42468562 -2.42502449 -1.9973671
 -1.51248195 -1.26023921]
log likelihood =  -5115.4460210819725
Edge derivatives =  [0.03862260404842299, 0.5032081466897133, 0.2305188667521466, 0.10754594725353245, 0.0035304179510017436, -0.04615278841253502, 0.018361009979245654, -0.13230721048294425, -0.5566770755658825, -0.456844952377368, 0.21515822916620006, -0.48098681653978914, -0.14951286932926117, -0.04016831509216923]
other derivatives: [ 0.82109182 -0.65847416 -1.18243406  0.12769306 -0.58662408  0.70667738]
Current x array =  [-0.64426218 -0.88554303 -0.53128768  0.51142726 -2.43033434 -1.55864707
 -0.92924103 -0.64625278 -0.72735843 -1.64914883 -3.04915402 -7.70571287
 -1.00579366 -0.70861052 -0.95879772 -1.42103938 -2.42211679 -1.99976728
 -1.50185357 -1.25765233]
log likelihood =  -5115.423407835894
Edge derivatives =  [0.08179095199253594, 0.5048977661635302, 0.17132552316968686, 0.056341200773438904, -0.04018161119225848, -0.03393711733161845, -0.010444402573736786, 0.03348898388264887, -0.38805026143126303, -0.42287571757465064, 0.09563908993500839, -0.37843957710406584, -0.5291849885353138, -0.19499156937621115]
other derivatives: [ 0.90267349 -0.93641574  0.51850293 -0.12696546  0.31741365  0.49867594]
Current x array =  [-0.64418657 -0.88536031 -0.53245327  0.51157811 -2.43488439 -1.54793575
 -0.9267479  -0.64624571 -0.72615923 -1.64513627 -3.04209063 -8.01538431
 -1.00462336 -0.71066086 -0.9608595  -1.42246592 -2.41749322 -2.00425509
 -1.49636785 -1.25632634]
log likelihood =  -5115.435976211887
Edge derivatives =  [0.11781526053059743, 0.2830416656034113, 0.279310192485204, 0.044654362145939736, -0.14138453695392073, -0.01661258682180986, 0.047947124422458146, 0.5553704749235615, 0.5083860465645634, 0.09261370065109537, 0.02287239515759154, -0.1409754053151107, -0.5790952390802417, -0.2757903065608794]
other derivatives: [-1.69275154  2.50338417 -8.29704732  0.0250111   1.48666004  0.0169166 ]
Current x array =  [-0.64272519 -0.8907701  -0.5258411   0.51231868 -2.44252432 -1.52346047
 -0.91912195 -0.64384625 -0.72410032 -1.63911063 -3.01856497 -8.72824632
 -1.00383775 -0.71487336 -0.9690749  -1.43053298 -2.41063929 -2.01333301
 -1.49426914 -1.25465094]
log likelihood =  -5115.412496272369
Edge derivatives =  [0.0969881328985871, 0.4154983246990324, 0.216539078146824, 0.05227107800926206, -0.07937179175822517, -0.02543130583811323, 0.01383508199146144, 0.24573905922604067, -0.023802503662910368, -0.2128690155532249, 0.0669753140455191, -0.2807723316692049, -0.5489650879637852, -0.22628691500652692]
other derivatives: [-0.14169927  0.45720299 -3.0134288  -0.06575647  0.7903509   0.3083187 ]
Current x array =  [-0.64359717 -0.88754216 -0.52978647  0.51187679 -2.4379657  -1.53806448
 -0.92367223 -0.64527797 -0.72532884 -1.64270603 -3.03260236 -8.30289289
 -1.00430651 -0.71235983 -0.9641729  -1.42571949 -2.41472892 -2.00791636
 -1.49552141 -1.25565063]
log likelihood =  -5115.399923005645
Edge derivatives =  [-0.03712744248880584, 0.2926881252644903, -0.025684351499645375, -0.06068805614904775, -0.14710142893596562, -0.019424565482798684, -0.03976902770211642, 0.21040575218911722, 0.2400816603623701, -0.029713276278399647, -0.013697489360851967, -0.19548009280862497, -0.5273499233397214, -0.2684377670719012]
other derivatives: [ 0.16634658  0.11095835 -0.40781742 -0.16407284  1.07520464  0.19808795]
Current x array =  [-0.64367087 -0.8869566  -0.53181836  0.51147201 -2.43953978 -1.52887426
 -0.91929098 -0.64341817 -0.72289717 -1.63830627 -3.02211518 -8.57803233
 -1.00418824 -0.71279549 -0.96782755 -1.43015677 -2.4105169  -2.01158327
 -1.49726647 -1.25609866]
log likelihood =  -5115.39438909302
Edge derivatives =  [-0.15478771271535885, 0.15504923825465478, -0.18959224710492445, -0.12255088842099286, -0.18387670253958058, -0.01636455275328989, -0.0952242644638894, 0.11761479486158921, 0.36529136083835445, 0.10134709246225254, -0.027590525121491308, -0.1390994995715486, -0.37719479421445873, -0.28340465280643967]
other derivatives: [-0.54351403 -0.59017111  0.04965841 -0.13624231  0.79744495  0.13969839]
Current x array =  [-0.64333791 -0.88576511 -0.53234273  0.51127914 -2.43827235 -1.52337049
 -0.91718718 -0.64097059 -0.72180825 -1.63715096 -3.01653971 -8.75160016
 -1.00438871 -0.71275809 -0.96997707 -1.43340034 -2.40933483 -2.01379092
 -1.50077727 -1.25667048]
log likelihood =  -5115.396110219675
Edge derivatives =  [-0.27135210858858816, -0.08830663439256309, -0.32030139488162007, -0.16460301327874155, -0.23553854956677, -0.012118303425609274, -0.170727672677709, 0.023826276534838875, 0.38725273187858633, 0.2661139465885811, -0.037289045612857646, 0.014209610292945846, -0.17621098247841954, -0.2685376509230325]
other derivatives: [ 4.47071216  1.09248504  1.19216566  0.06093615 -0.09204086 -0.0687578 ]
Current x array =  [-0.64606617 -0.88744262 -0.5332913   0.51075861 -2.43382566 -1.51133188
 -0.91510338 -0.63640372 -0.72137957 -1.63660757 -3.00820797 -9.0567627
 -1.00462907 -0.71316229 -0.97138818 -1.43745614 -2.40769452 -2.01872437
 -1.50514991 -1.25796753]
log likelihood =  -5115.391495461487
Edge derivatives =  [-0.2061991113043874, 0.047810051650812424, -0.24708279248547138, -0.14102669048876781, -0.2064313779634243, -0.014332210139052615, -0.12843739100458557, 0.07635464969814026, 0.37521310259631346, 0.17434750459073817, -0.03178362641437993, -0.07117967165375991, -0.28834280485501124, -0.27669010726268817]
other derivatives: [ 1.67528924  0.15361366  0.55442797 -0.04947651  0.40517989  0.04856702]
Current x array =  [-0.64454185 -0.88650538 -0.53276132  0.51104944 -2.43631009 -1.51805803
 -0.91626763 -0.6389553  -0.72161908 -1.63691117 -3.01286304 -8.88626396
 -1.00449477 -0.71293646 -0.97059977 -1.4351901  -2.40861099 -2.01596798
 -1.50270685 -1.25724285]
log likelihood =  -5115.388535050986
Edge derivatives =  [-0.2425816603151687, -0.041234532101240506, -0.28661066061243534, -0.14535196839685233, -0.21315159973030998, -0.013271027574894682, -0.16709697000319296, 0.005133239777306398, 0.30042038036927265, 0.1831907404453459, -0.01827949731072223, -0.03571720565055106, -0.20625334210970753, -0.2811010517493091]
other derivatives: [ 0.66411303 -0.32059688  0.05566108  0.01982698 -0.05857146 -0.00345608]
Current x array =  [-0.64407192 -0.88568473 -0.53255035  0.51101449 -2.43405156 -1.51520495
 -0.91666688 -0.63709058 -0.72201484 -1.63799649 -3.01247378 -8.96276167
 -1.00465471 -0.71296237 -0.97041203 -1.43598751 -2.40915665 -2.01726844
 -1.50462689 -1.25769678]
log likelihood =  -5115.386413882915
Edge derivatives =  [-0.20724403788744872, -0.0861337740100161, -0.23156749362933532, -0.11017934095302946, -0.20519465870984238, -0.012614987534308153, -0.17331504924806312, -0.01424924767023239, 0.1413147228200844, 0.1309940163589764, 0.0016917192056359887, 0.0024174442780346417, -0.1831074868843129, -0.2702575928916866]
other derivatives: [ 0.07948984 -0.44956323 -0.35024641  0.03738023 -0.37352947 -0.06593837]
Current x array =  [-0.64378645 -0.88538981 -0.53236263  0.51115056 -2.43230085 -1.51292644
 -0.91837519 -0.63567589 -0.72330642 -1.6400117  -3.01440421 -9.01198637
 -1.00484461 -0.71326499 -0.96913145 -1.43550103 -2.41020916 -2.01847669
 -1.50528756 -1.25817609]
log likelihood =  -5115.384282122639
Edge derivatives =  [-0.11699061220791118, -0.10091966872352204, -0.10232020226728972, -0.046456115323316935, -0.19015575555473346, -0.011843004299156287, -0.13565131051268306, 0.008855557401713343, -0.04708172678610001, 0.05627755582705801, 0.02673794446083938, 0.052105996458779974, -0.15320032600138572, -0.20867041393993024]
other derivatives: [-0.27230271 -0.34915502 -0.42200554 -0.00472937 -0.43710315 -0.13478711]
Current x array =  [-0.64355953 -0.88543731 -0.5324168   0.51134147 -2.43150825 -1.51042979
 -0.92083701 -0.63444436 -0.72526646 -1.64245826 -3.01731516 -9.07309368
 -1.00535292 -0.71371692 -0.96740326 -1.43449178 -2.41129076 -2.01988427
 -1.5059306  -1.2592077 ]
log likelihood =  -5115.382010496129
Edge derivatives =  [-0.0036458055713809445, -0.08699516399552071, 0.049109891617981405, 0.02438537772566704, -0.16367945017147975, -0.010726590779823485, -0.04627711395873235, 0.04454017596994103, -0.10228400669842436, 0.021678487728261198, 0.05686452167479411, 0.10604822763471178, -0.030836911761224883, -0.0484966226848782]
other derivatives: [-0.33123797 -0.16179911 -0.10513759 -0.01236913 -0.13060344 -0.16443664]
Current x array =  [-0.64341861 -0.88559056 -0.53278571  0.51097413 -2.43230466 -1.50841963
 -0.92325247 -0.63351872 -0.72704436 -1.64453314 -3.02076059 -9.16912956
 -1.00647344 -0.71379017 -0.96681186 -1.43380553 -2.41180291 -2.02107563
 -1.50799098 -1.26132139]
log likelihood =  -5115.38050668199
Edge derivatives =  [0.0801175595312652, -0.04121288098392201, 0.13162638277859717, 0.059093824962176855, -0.13223897203547838, -0.009640892740079433, 0.008102615510035258, 0.05339675790879839, -0.09856658667665502, -0.031536299502198384, 0.05677017316067215, 0.12020750497456115, -0.007559920179383894, 0.05823512504737488]
other derivatives: [ 0.01173248 -0.12014425 -0.01100489  0.01473381  0.09276846 -0.17489583]
Current x array =  [-0.64355693 -0.8855963  -0.53288613  0.51058894 -2.4330068  -1.50787583
 -0.92486431 -0.63389365 -0.72776654 -1.6452888  -3.02486564 -9.27330558
 -1.00723972 -0.71351261 -0.96670374 -1.43262236 -2.4112483  -2.02126592
 -1.50835455 -1.26269784]
log likelihood =  -5115.379237225325
Edge derivatives =  [0.13602832844388812, 0.017223690951284065, 0.1435595815673833, 0.06735323380785385, -0.07986269529155737, -0.00792723803426953, 0.0732051181191785, 0.026796444831985344, 0.03446172345107634, -0.0771039098900112, 0.03170258073852797, 0.09613421844011505, 0.024886550549898245, 0.19301053397988188]
other derivatives: [-0.4627509   0.81672624  0.90303729  0.05893526  0.27703209 -0.14824764]
Current x array =  [-0.64313376 -0.88704449 -0.53363932  0.51008827 -2.43382844 -1.50857601
 -0.92597415 -0.63532777 -0.72740683 -1.64501487 -3.03138668 -9.46575157
 -1.00840535 -0.71253275 -0.96775263 -1.43126839 -2.40918099 -2.02039335
 -1.50895141 -1.26436785]
log likelihood =  -5115.377413024333
Edge derivatives =  [0.17617509488457728, 0.05933861532549212, 0.14799376867176744, 0.06898972028142644, -0.04222790693736503, -0.006825673089406914, 0.09340327144447821, -0.002362408302848895, 0.10503510174481367, -0.10327998808017896, 0.014662563967357267, 0.0859455547172468, 0.036816671634001485, 0.2471059361128724]
other derivatives: [ 0.33833203  0.22928361  0.28921932  0.08221832  0.36452548 -0.14169927]
Current x array =  [-0.64364424 -0.88610149 -0.53312883  0.50999627 -2.43399856 -1.508769
 -0.92670922 -0.63604492 -0.72707298 -1.64493525 -3.03604401 -9.61278731
 -1.00902388 -0.71195797 -0.9683212  -1.43045757 -2.40786227 -2.01991417
 -1.50920324 -1.26509412]
log likelihood =  -5115.376027669345
Edge derivatives =  [0.14564033552774303, 0.06655864117874744, 0.06039686710290021, 0.03408989513585417, -0.01647626167581677, -0.005915695420823519, 0.07393187957535412, -0.05745892246606488, 0.19412793860860167, -0.09767055169254996, -0.017463250240310924, 0.05438932180616693, 0.024933336940286155, 0.2261913735686128]
other derivatives: [ 0.46475179 -0.09194991 -0.02410161  0.08885763  0.22037057 -0.12769306]
Current x array =  [-0.64378297 -0.88563424 -0.53285026  0.51016985 -2.43343923 -1.50928473
 -0.92620203 -0.6367723  -0.72585376 -1.64398181 -3.03921968 -9.75472688
 -1.00926683 -0.71136562 -0.96919974 -1.43036814 -2.40616547 -2.01908715
 -1.50922807 -1.26492608]
log likelihood =  -5115.374637291434
Edge derivatives =  [0.08527826173066044, 0.058766049498412576, -0.06326135091204416, -0.013840851230932288, 0.01751655601339265, -0.004808829648595392, 0.04667492702509399, -0.1095012487201778, 0.23353254244332822, -0.07701394323818617, -0.06300163110651259, 0.008057389150781996, 0.004588674156668693, 0.15024263797503262]
other derivatives: [ 0.23137545 -0.23446773 -0.15279511  0.04583853 -0.04329195 -0.11004886]
Current x array =  [-0.64371724 -0.88548529 -0.53270015  0.51071459 -2.43246594 -1.51017474
 -0.92521167 -0.63752146 -0.72428386 -1.64273986 -3.04376155 -9.96070656
 -1.00944914 -0.71091207 -0.96954233 -1.43052611 -2.40394656 -2.01792389
 -1.50923013 -1.26406611]
log likelihood =  -5115.373584067916
Edge derivatives =  [0.042640796017034854, 0.04616877135492814, -0.10042549472559081, -0.03192441363888382, 0.049229774680355776, -0.003958671079208049, 0.050394737135217235, -0.07724143501920167, 0.15952077628459305, -0.025700611579436095, -0.0887941890233473, -0.01802606392826414, 0.014929279967251186, 0.06544699607533461]
other derivatives: [ 0.07948984 -0.01737135 -0.45693014  0.0088221  -0.13151293 -0.09331416]
Current x array =  [ -0.64364955  -0.88587741  -0.53241258   0.51116038  -2.43233066
  -1.51125696  -0.92418205  -0.63773424  -0.72365479  -1.64201044
  -3.04791596 -10.15378649  -1.00944394  -0.71120242  -0.96847368
  -1.4310123   -2.40248611  -2.0171198   -1.50942617  -1.2628284 ]
log likelihood =  -5115.374595906045
Edge derivatives =  [-0.0577968840045745, 0.007390799692789329, -0.1896427058819466, -0.06630188830997619, 0.09111755274369454, -0.0027202795745907655, 0.029996395716247973, -0.06544092988387307, -0.13909824822502354, 0.027254157005222324, -0.13786533799418377, -0.04099982782866732, 0.013630093402017651, -0.1425336978427918]
other derivatives: [ 0.07021299 -0.72059265  1.70566636 -0.2057277  -0.2581146  -0.05948095]
Current x array =  [ -0.64363351  -0.88487556  -0.53402329   0.51187076  -2.43167274
  -1.51240243  -0.9225112   -0.63697418  -0.72339695  -1.64156868
  -3.05515017 -10.52845223  -1.00909967  -0.71211698  -0.96556243
  -1.43214619  -2.4008151   -2.01645928  -1.51029552  -1.26048367]
log likelihood =  -5115.3731414543945
Edge derivatives =  [0.007075728457273334, 0.03244127061185281, -0.1319983916696696, -0.04408420455346242, 0.06417106316440616, -0.003465582413380106, 0.04319332182743947, -0.07301785473255012, 0.053815915595541886, -0.006886978880552563, -0.10616418992028959, -0.02613390722900044, 0.014477605896281442, -0.00819488773109378]
other derivatives: [ 0.07639755 -0.26630005  0.31104719 -0.06730261 -0.17626007 -0.08112693]
Current x array =  [ -0.64364387  -0.88552222  -0.53298364   0.51141223  -2.4320974
  -1.51166307  -0.92358967  -0.63746477  -0.72356338  -1.64185382
  -3.05048077 -10.28662012  -1.00932188  -0.71152667  -0.96744153
  -1.43141431  -2.40189367  -2.01688562  -1.50973439  -1.2619971 ]
log likelihood =  -5115.372716724489
Edge derivatives =  [0.0006997052070971677, 0.024918966712359547, -0.09040253614808186, -0.03264438181764984, 0.0798476886837073, -0.0031362613604613726, 0.06346953442730636, -0.011048841012852806, -0.04167373030384858, 0.03070975006857063, -0.10480199529592372, -0.024462560500843472, 0.04086157381802452, -0.041804632277220144]
other derivatives: [-0.20390871 -0.04783942  0.02455636 -0.0687578  -0.08803909 -0.07166818]
Current x array =  [ -0.64347039  -0.88589666  -0.53275725   0.51146212  -2.43264589
  -1.51229912  -0.92317262  -0.63720052  -0.723957    -1.64190428
  -3.05250444 -10.38520482  -1.0091964   -0.71207648  -0.966177
  -1.43175533  -2.40170701  -2.01676783  -1.51001049  -1.26134968]
log likelihood =  -5115.372585095667
Edge derivatives =  [-0.005060663744043348, 0.01936529134488235, -0.053712054887151084, -0.02275048891541337, 0.08369091089954299, -0.003034227792938223, 0.06604116025455979, 0.02460153250319219, -0.08417631304978568, 0.05309031896889238, -0.09638057608426806, -0.01560401680839088, 0.0510739617992757, -0.056859810963350965]
other derivatives: [ 0.3007699   0.18044375  0.03619789 -0.05038601 -0.02928573 -0.06239134]
Current x array =  [ -0.64372784  -0.88620624  -0.53274154   0.5113515   -2.43294856
  -1.51278951  -0.92284256  -0.63689857  -0.72437174  -1.64200865
  -3.05278459 -10.41788657  -1.00886619  -0.71242173  -0.96557782
  -1.4319466   -2.40203477  -2.0168119   -1.50999284  -1.26099132]
log likelihood =  -5115.372446444034
Edge derivatives =  [5.257466572650138e-05, 0.015849495946985814, -0.019869583100405652, -0.011812156702089627, 0.08307204454240814, -0.003004999587072133, 0.06645242631497726, 0.038665770914538655, -0.11191777866171021, 0.05203861137798138, -0.08615333324586777, -0.0045633580884729685, 0.05796601227084064, -0.04908126664680895]
other derivatives: [ 0.10768417  0.0946784  -0.0077307  -0.03137757  0.02828529 -0.0604814 ]
Current x array =  [ -0.64361689  -0.88608148  -0.53273384   0.51118     -2.43319388
  -1.5128392   -0.92293233  -0.6365669   -0.72488713  -1.64234569
  -3.05273936 -10.42711081  -1.00867005  -0.71261633  -0.96527812
  -1.43192629  -2.40252584  -2.01705123  -1.51005004  -1.26105597]
log likelihood =  -5115.372223759243
Edge derivatives =  [-0.002898190026345615, 0.0077623781310059425, 0.01944251080596826, -0.001084197674260129, 0.08161774067083846, -0.0029363715714456466, 0.05094636894442944, 0.04130245881350808, -0.11279047135296477, 0.04662743643983436, -0.0695396497246985, 0.01082257139697318, 0.059454715385477086, -0.03250498447398814]
other derivatives: [-0.01145963 -0.02883098 -0.0170985   0.01273293  0.07585186 -0.05047696]
Current x array =  [ -0.64354954  -0.88588403  -0.53276192   0.51085841  -2.43339745
  -1.51314426  -0.92292367  -0.63606451  -0.72557487  -1.64275351
  -3.05245792 -10.44948158  -1.00817095  -0.71276202  -0.96526952
  -1.43181893  -2.40338424  -2.01734398  -1.50997441  -1.26122177]
log likelihood =  -5115.3718482466675
Edge derivatives =  [-0.02575399748671492, -0.010916302824042212, 0.06306958123155187, 0.007047916685163885, 0.0837494304731875, -0.0026846112392429015, 0.006312930084108492, 0.029319972683503503, -0.07214481561749642, 0.03656847886714587, -0.04375397712590168, 0.0285486997582321, 0.04939651259763489, -0.009851321512746092]
other derivatives: [-0.10759322 -0.13778845 -0.0261025   0.07203198  0.08867573 -0.02346496]
Current x array =  [ -0.64349944  -0.88570349  -0.53279456   0.51048388  -2.43349514
  -1.51418212  -0.92262456  -0.63528966  -0.72645977  -1.64319009
  -3.05244239 -10.537601    -1.00709128  -0.71285909  -0.96565186
  -1.43153674  -2.40477315  -2.01756495  -1.50960423  -1.26140411]
log likelihood =  -5115.371421405167
Edge derivatives =  [-0.048888282744315226, -0.026326212201696286, 0.08252760103024132, 0.009485145881791807, 0.08856967347332102, -0.0022864307734489246, -0.04270268380640849, 0.014542003601563436, 0.0005233544814242652, 0.013535313747037314, -0.017383804558007837, 0.03324076444232171, 0.022612085498485535, 0.013226117165021867]
other derivatives: [-0.13642421 -0.14169927 -0.00763976  0.03574314  0.08294592  0.01118678]
Current x array =  [ -0.64348669  -0.88570858  -0.53280137   0.51068781  -2.43349406
  -1.5157894   -0.92239133  -0.63469361  -0.7268937   -1.64344316
  -3.05278827 -10.69664672  -1.00597409  -0.71284969  -0.96630339
  -1.43096257  -2.40629211  -2.01738404  -1.50888092  -1.26153269]
log likelihood =  -5115.370956157149
Edge derivatives =  [-0.0641241784475931, -0.04326947341530202, 0.03955998254614529, 0.003865590312857048, 0.07852412420343252, -0.0017381705578912254, -0.08629665057439764, -0.008392501573777245, -0.02809252681148644, -0.03625334751938386, 0.022445079327019835, 0.020691012889721333, -0.024599478386097384, 0.007059857120462587]
other derivatives: [-0.08476491 -0.14206307 -0.16243575  0.19263098 -0.16125341  0.03728928]
Current x array =  [ -0.64355961  -0.88568603  -0.53270288   0.5100376   -2.43256314
  -1.51775449  -0.92310709  -0.63413245  -0.72652589  -1.64387605
  -3.05180565 -10.97087525  -1.00531516  -0.7128329   -0.96606521
  -1.43013091  -2.40898495  -2.01675522  -1.50778503  -1.2613084 ]
log likelihood =  -5115.370587384563
Edge derivatives =  [-0.02740327938630749, -0.02518029778926345, 0.0132882743558011, 0.010416333742351624, 0.0668977640349806, -0.0014307406465484311, -0.07018406776978814, 0.0005777850315059618, 0.03670786193302966, -0.06836804280822617, 0.05005101286508676, 0.0007950040470734998, -0.05744010759344648, 0.02868625520719409]
other derivatives: [-0.28412614  0.20181687  0.27312126  0.06148184 -0.06166374  0.05657057]
Current x array =  [ -0.6433961   -0.88627432  -0.53299199   0.51062349  -2.43297113
  -1.51910745  -0.9242156   -0.63427474  -0.72579293  -1.64404356
  -3.05025026 -11.16633788  -1.00544934  -0.71261212  -0.9666452
  -1.42952832  -2.41082979  -2.016013    -1.50692712  -1.26135897]
log likelihood =  -5115.370289313172
Edge derivatives =  [0.004183459750242258, -0.002645922713065685, -0.03127428112662206, 0.0066469214166281765, 0.06559419599450973, -0.0012396298902836857, -0.0395841488732179, 0.00877942895549122, 0.030022033630880518, -0.06985148565591054, 0.05046922941800755, -0.022689799021712503, -0.06376732347595221, 0.008997795930794805]
other derivatives: [ 0.10213626 -0.01000444  0.07894414 -0.04292815 -0.02155502  0.05566108]
Current x array =  [ -0.64364398  -0.88597691  -0.53276492   0.51122445  -2.43304134
  -1.51950709  -0.92497865  -0.63470721  -0.72476579  -1.64386384
  -3.05019977 -11.31061476  -1.00615396  -0.71243364  -0.96652026
  -1.42947004  -2.41103186  -2.01531941  -1.50676346  -1.26103284]
log likelihood =  -5115.3701754718695
Edge derivatives =  [0.02347231454549803, 0.006824930474656543, -0.05117616596752833, 0.006895700379871722, 0.0616466436849684, -0.0011733102847462336, -0.010163806419160745, 0.02104060112058076, -0.01625834822595007, -0.05807030907742883, 0.04865136268976433, -0.03327740465042983, -0.05493456298308452, -0.012449098998758845]
other derivatives: [ 0.07075869 -0.00545697  0.00982254 -0.03983587 -0.01627996  0.04747562]
Current x array =  [ -0.64363009  -0.88599834  -0.53270134   0.51122632  -2.43306902
  -1.5193728   -0.92545986  -0.63492622  -0.72429881  -1.6438168
  -3.049837   -11.36641238  -1.00676396  -0.71241092  -0.96603968
  -1.42970864  -2.41100181  -2.01507246  -1.50692848  -1.26073908]
log likelihood =  -5115.369966966144
Edge derivatives =  [0.057735586015269624, 0.018377630233708087, -0.047912969205431144, 0.013531471970204961, 0.05020982897771731, -0.001063775950705567, 0.024863133537851884, 0.009644395414163565, -0.013758999197983512, -0.03371222887710201, 0.054581238399844106, -0.035377787541192335, -0.027262254485078796, -0.005056087503504336]
other derivatives: [ 0.06002665  0.02128218 -0.16698323 -0.00272848  0.02110028  0.03683454]
Current x array =  [ -0.64362039  -0.88602277  -0.5325832    0.51102686  -2.43318017
  -1.51889964  -0.92627718  -0.63506723  -0.72411736  -1.64389455
  -3.04808421 -11.46530433  -1.00754672  -0.71203574  -0.96609863
  -1.43018196  -2.41121053  -2.01504528  -1.5073682   -1.26081458]
log likelihood =  -5115.369897652227
Edge derivatives =  [0.09063231986255882, 0.029521576183437037, -0.0570173424372567, 0.015810470749209465, 0.02504851317700678, -0.0008465423340208991, 0.07440346395635399, -0.03170048297820954, -0.08640112599225536, 0.017011069897694076, 0.05370396898540675, -0.03634578517216558, 0.018414843708590756, -0.03439360981720374]
other derivatives: [ 0.27730493 -0.20781954  0.44392436  0.05338734  0.03701643  0.02291927]
Current x array =  [ -0.64372308  -0.88561999  -0.53309227   0.51049475  -2.43305057
  -1.51795595  -0.92732443  -0.63506662  -0.72407288  -1.6439679
  -3.0448441  -11.69627733  -1.00882664  -0.71146934  -0.96563202
  -1.43143978  -2.41132051  -2.01515118  -1.50842619  -1.26060905]
log likelihood =  -5115.369648562346
Edge derivatives =  [0.08197176908462867, 0.018817503141097314, -0.03567389714982944, 0.016008478135424137, 0.023991053837511753, -0.00082832110489215, 0.05636076003709309, -0.05199587075291778, -0.0037211631763086617, 0.023595095993123927, 0.05835982603199749, -0.030435400005561664, 0.025544397800102037, -0.0043380212831029]
other derivatives: [-0.15152182 -0.10913936 -0.03392415  0.05729817  0.01537046  0.02510205]
Current x array =  [ -0.64349527  -0.88578638  -0.53275267   0.51061739  -2.4330168
  -1.5179312   -0.92708984  -0.63494768  -0.72439657  -1.6439157
  -3.04420697 -11.71723582  -1.00853001  -0.71123143  -0.96644229
  -1.43146785  -2.4113106   -2.01533244  -1.50844196  -1.2609548 ]
log likelihood =  -5115.369555034475
Edge derivatives =  [0.06730334381969527, 0.009150729792239798, -0.017133964631210252, 0.016119002583202924, 0.02531367089795658, -0.0008045238333624295, 0.03726279570037769, -0.05998946578427922, 0.033784632735383235, 0.026377828051691365, 0.060745397733466294, -0.02336236099647776, 0.025699283503702153, 0.007166195702827893]
other derivatives: [-0.06484697 -0.05420588 -0.08021743  0.04220055  0.0084583   0.03183231]
Current x array =  [ -0.64354171  -0.88585489  -0.53271602   0.51072913  -2.43298346
  -1.5180959   -0.9267111   -0.63473801  -0.72475347  -1.64389282
  -3.04411864 -11.74587109  -1.00811434  -0.71121686  -0.96680276
  -1.4314564   -2.41133293  -2.0154779   -1.50839214  -1.26108079]
log likelihood =  -5115.369365228455
Edge derivatives =  [0.027018504385168507, -0.019235376630457712, 0.015846696877798327, 0.011246368541869056, 0.018472931393304, -0.0006487519465478812, -0.000175072318566033, -0.08341489084641246, 0.0746811524229466, 0.04403776674735499, 0.05911314317176625, -0.011080406498079731, 0.03281372672715438, 0.008743045765002122]
other derivatives: [-0.23846951 -0.11623342 -0.05875336 -0.02173692 -0.03392415  0.0421096 ]
Current x array =  [ -0.64345271  -0.88575774  -0.53274532   0.51110391  -2.43276517
  -1.51820473  -0.92581404  -0.63416296  -0.72561858  -1.64372269
  -3.04287679 -11.96078991  -1.00739107  -0.71121783  -0.96728857
  -1.43183298  -2.41112215  -2.01586081  -1.50856425  -1.26115524]
log likelihood =  -5115.369365617258
Edge derivatives =  [-0.0021243760778444365, -0.05031842750961829, 0.07635597022261059, 0.015445409665428594, 0.002251672369986024, -0.0004631560828172267, -0.0005994471596886264, -0.05040909250527098, 0.05208295430805365, 0.09470702203269116, 0.047442789839202165, 0.00986249760397745, 0.07118660640607627, -0.0031948739776025414]
other derivatives: [ 0.62264007  0.41654857 -0.1294211  -0.02837623 -0.06530172  0.02892193]
Current x array =  [ -0.64389883  -0.88645732  -0.53266518   0.51126594  -2.43261182
  -1.51738687  -0.92473337  -0.63360547  -0.72659892  -1.64336888
  -3.04013339 -12.29882775  -1.00709583  -0.71164799  -0.96702289
  -1.43271026  -2.41002916  -2.0165267   -1.50916724  -1.26098666]
log likelihood =  -5115.369226716008
Edge derivatives =  [0.012488971857842479, -0.03473849956697106, 0.04605056178414768, 0.013341659684422885, 0.010396260181359876, -0.0005483713785805329, -0.00038356543902247353, -0.066943162623747, 0.06341646372830412, 0.06932976299846971, 0.05329742764099962, -0.0006233245547827004, 0.05196100025502076, 0.002793703905646372]
other derivatives: [ 0.19126674  0.14979378 -0.09385985 -0.0250111  -0.04947651  0.03565219]
Current x array =  [ -0.64367524  -0.88610671  -0.53270534   0.51118474  -2.43268868
  -1.51779676  -0.92527498  -0.63388487  -0.72610759  -1.6435462
  -3.04150832 -12.12941021  -1.0072438   -0.7114324   -0.96715604
  -1.43227059  -2.41057694  -2.01619297  -1.50886503  -1.26107115]
log likelihood =  -5115.369108715042
Edge derivatives =  [0.0014569680577636301, -0.041137575507965485, 0.03810693963173467, 0.008627016402572824, 0.003989200252649205, -0.00047219246541601266, -0.0008376210835891879, -0.05395621059966693, 0.029693287080951314, 0.06980448320439153, 0.046688035442233905, -0.004498022235312538, 0.0475658263188799, -0.017611410347936562]
other derivatives: [ 0.10631993  0.08712959 -0.01564331 -0.06184564 -0.06748451  0.03356035]
Current x array =  [ -0.6436355   -0.88603076  -0.53275391   0.51137878  -2.4326157
  -1.51778021  -0.92503559  -0.63379919  -0.72609902  -1.64338083
  -3.04087688 -12.27964051  -1.00721183  -0.7116581   -0.96685356
  -1.43238647  -2.41031941  -2.01618058  -1.5088641   -1.2608502 ]
log likelihood =  -5115.3689290773145
Edge derivatives =  [-0.007046976525614035, -0.042303470339166704, 0.019706836400927297, 0.0014975008140621082, -0.00995518803332382, -0.00034815555428237055, 0.007360298533819115, -0.011261161601751501, -0.024707433983069294, 0.05774789070100245, 0.03254835622064442, -0.013556628248381553, 0.03198439855875773, -0.044051684788483314]
other derivatives: [ 0.01064109 -0.00982254  0.04383764 -0.09313226 -0.04711183  0.02619345]
Current x array =  [ -0.64359331  -0.88592395  -0.53277399   0.51151388  -2.43276159
  -1.51764865  -0.9247114   -0.63384606  -0.72587597  -1.64302945
  -3.03947203 -12.58583017  -1.00723862  -0.71219267  -0.96634376
  -1.43235571  -2.40972419  -2.01612642  -1.5086876   -1.26056093]
log likelihood =  -5115.368785458426
Edge derivatives =  [-0.012698724322528832, -0.0361209084463564, 0.003845272582007786, -0.0054136181589164445, -0.02115283390470457, -0.0002624534107073185, 0.004585952727129014, 0.022832669355214774, -0.028433961957960108, 0.02916169834490856, 0.018589648202644693, -0.01865240069385765, 0.007512715121105906, -0.04093886763869731]
other derivatives: [-0.02964953 -0.03255991  0.05738912 -0.07057679 -0.00627551  0.02073648]
Current x array =  [ -0.64357423  -0.88592088  -0.53276951   0.51134962  -2.43305152
  -1.51750761  -0.92435289  -0.63408297  -0.72563477  -1.64267635
  -3.03827883 -12.86941927  -1.00706061  -0.7126053   -0.96632755
  -1.4319692   -2.40904853  -2.01616171  -1.50830451  -1.26063926]
log likelihood =  -5115.368724790506
Edge derivatives =  [-0.018615605571821958, -0.022803947402954217, -0.01316206876330328, -0.015936188200391804, -0.03300172586055111, -0.00018709585538437417, -0.017528203306555648, 0.007377112875748049, -0.03731140611712502, -0.004134084325736198, 0.002228260194414272, -0.01425128975696216, -0.011643851940787764, -0.021645948496108736]
other derivatives: [ 0.08540155 -0.1630724  -0.1371518   0.04993126 -0.06775736  0.0082764 ]
Current x array =  [ -0.64366759  -0.885718    -0.53262877   0.51076177  -2.4328962
  -1.51701726  -0.9240734   -0.63465022  -0.72548534  -1.64239157
  -3.03697589 -13.20880188  -1.00685927  -0.71254285  -0.96634215
  -1.43156075  -2.40811622  -2.01652535  -1.50807548  -1.26102244]
log likelihood =  -5115.36868691816
Edge derivatives =  [-0.013187212354101141, -0.013846748594922464, -0.01605067525812498, -0.015630546718326366, -0.03567700301810242, -0.00016991297476237632, -0.016568937092393016, 0.014964502285152392, -0.017065898246504285, -0.022559203655172666, -0.00313644418800213, -0.013041072833455958, -0.022445364018280678, -0.0025574938544198345]
other derivatives: [-0.12805685  0.06384653  0.10695658  0.05420588 -0.02637535  0.00527507]
Current x array =  [ -0.64351285  -0.88608742  -0.5328233    0.51066627  -2.43314351
  -1.5168653   -0.92404518  -0.63495171  -0.72538963  -1.64232366
  -3.03670002 -13.3053823   -1.00680428  -0.71256969  -0.96654429
  -1.43126527  -2.40780395  -2.01664272  -1.50789709  -1.26127791]
log likelihood =  -5115.368663666817
Edge derivatives =  [-0.011631474493566718, -0.015104327298668008, -0.009065225464791382, -0.013176191727783226, -0.03155608884504649, -0.00018390906909586667, -0.015727707426740026, 0.010938181680888837, -0.012845131586264658, -0.01399070411292419, 0.001097600167721119, -0.01165021314642642, -0.016361500035303067, -0.00470393587467427]
other derivatives: [-0.02546585  0.00472937  0.03310561  0.03092282 -0.02037268  0.00818545]
Current x array =  [ -0.64357707  -0.88598829  -0.53275966   0.51080573  -2.43312054
  -1.51696951  -0.9240951   -0.63485704  -0.72546308  -1.64241303
  -3.03712811 -13.22584933  -1.00681775  -0.71251096  -0.96656185
  -1.43135912  -2.40800235  -2.01660838  -1.5079719   -1.26122429]
log likelihood =  -5115.368652175904
Edge derivatives =  [-0.007709756561888659, -0.011741865516811889, -0.005049187375043174, -0.01142256520655055, -0.029448679206799305, -0.0001862295616933477, -0.014851048070534695, 0.0068964968515131675, -0.007628658311195857, -0.012284419511471467, 0.00219927117925936, -0.009568118311801765, -0.013729581375294286, -0.0011797998274913346]
other derivatives: [ 0.01400622 -0.01191438  0.00027285  0.01882654 -0.00954969  0.0084583 ]
Current x array =  [ -0.64359968  -0.8859612   -0.53273054   0.51087372  -2.43314166
  -1.51696235  -0.92414571  -0.63492444  -0.72548006  -1.64246686
  -3.03734587 -13.21312062  -1.00684427  -0.71243794  -0.96660071
  -1.43136215  -2.40801939  -2.01664486  -1.50800424  -1.2612618 ]
log likelihood =  -5115.368629744009
Edge derivatives =  [0.002309361120772846, -0.0008785803136491799, 0.0019256516685594582, -0.008098684890359559, -0.026358356560393537, -0.00017850307601018612, -0.012348294334789525, -0.003324554600437235, 0.0009429921242840589, -0.0113400384542654, 0.001741976169454068, -0.0037948913863877776, -0.008804999107484834, 0.008518338997545616]
other derivatives: [ 0.0512955  -0.02692104 -0.05311449 -0.00527507  0.01109584  0.00673026]
Current x array =  [ -0.64361905  -0.8859406   -0.53268229   0.51100835  -2.43318409
  -1.51683616  -0.92424705  -0.63521304  -0.72548607  -1.6425656
  -3.03765974 -13.25522804  -1.00693834  -0.71225475  -0.96666896
  -1.43134761  -2.40788285  -2.01680469  -1.50808265  -1.26138943]
log likelihood =  -5115.3686097725995
Edge derivatives =  [0.00986043656190716, 0.010717118281194427, 0.0033260881338365578, -0.006395657562074802, -0.024710794973583985, -0.00016012085522946828, -0.00961084707260218, -0.013666497922517173, 0.00405224806250859, -0.011937398518752473, -0.001569741447032258, 0.001976587972251892, -0.006125719632817717, 0.014246446853360628]
other derivatives: [ 0.0854925  -0.04029062 -0.02164597 -0.02401066  0.01946319  0.00427463]
Current x array =  [ -0.64363438  -0.88592183  -0.53270092   0.51110282  -2.43317272
  -1.51665791  -0.92430206  -0.63556581  -0.72544946  -1.64264183
  -3.03784671 -13.36383134  -1.00706226  -0.71209498  -0.96670794
  -1.43134527  -2.40762684  -2.01699864  -1.50816258  -1.26149381]
log likelihood =  -5115.368651193402
Edge derivatives =  [0.01793156201710122, 0.02415711599589826, 0.015553323711112343, -0.0013193782141271426, -0.020858317688092223, -0.00011616862827267441, 0.001363872844870398, -0.024945855013045748, 0.005173531172420587, 0.0060723701908571015, -0.008612957636372987, 0.015996979519419058, 0.01302803790238194, 0.016279444653853503]
other derivatives: [-0.24001565  0.03856258 -0.35770427 -0.04647518 -0.01018634 -0.00436557]
Current x array =  [ -0.64345648  -0.88606143  -0.53245357   0.51135756  -2.43301379
  -1.51616602  -0.92423333  -0.6362205   -0.72549926  -1.64282357
  -3.03811985 -13.68420486  -1.00740163  -0.71185875  -0.96669329
  -1.43162496  -2.40693309  -2.01750469  -1.50852216  -1.26155272]
log likelihood =  -5115.368598858206
Edge derivatives =  [0.012386760003605946, 0.014924684335102634, 0.007154141344301257, -0.004806384385882101, -0.02350414854378273, -0.0001448218899757183, -0.006175139690066764, -0.01719456437590544, 0.004404872330823872, -0.006299648508318323, -0.003772122285894547, 0.006366501999435725, -0.00013027355264189078, 0.014883650673485904]
other derivatives: [-0.01627996 -0.01564331 -0.12678356 -0.03101377  0.01018634  0.00154614]
Current x array =  [ -0.64357871  -0.88596552  -0.53262351   0.51118254  -2.43312298
  -1.51650397  -0.92428055  -0.6357707   -0.72546504  -1.64269871
  -3.03793219 -13.46409488  -1.00716847  -0.71202105  -0.96670335
  -1.4314328   -2.40740973  -2.01715701  -1.50827511  -1.26151224]
      fun: 5115.368598858206
 hess_inv: <20x20 LbfgsInvHessProduct with dtype=float64>
      jac: array([ 0.01627996,  0.01564331,  0.12678356,  0.03101377, -0.01018634,
       -0.00154614, -0.01238676, -0.01492468, -0.00715414,  0.00480638,
        0.02350415,  0.00014482,  0.00617514,  0.01719456, -0.00440487,
        0.00629965,  0.00377212, -0.0063665 ,  0.00013027, -0.01488365])
  message: 'CONVERGENCE: REL_REDUCTION_OF_F_<=_FACTR*EPSMCH'
     nfev: 110
      nit: 99
     njev: 110
   status: 0
  success: True
        x: array([ -0.64357871,  -0.88596552,  -0.53262351,   0.51118254,
        -2.43312298,  -1.51650397,  -0.92428055,  -0.6357707 ,
        -0.72546504,  -1.64269871,  -3.03793219, -13.46409488,
        -1.00716847,  -0.71202105,  -0.96670335,  -1.4314328 ,
        -2.40740973,  -2.01715701,  -1.50827511,  -1.26151224])
{('N0', 'N1'): [3.8960711558547843, 3.8960711558547843], ('N0', 'ENSLOCG'): [0.0, 0.0], ('N1', 'N3'): [8.341750926635381, 8.519987151889822], ('N1', 'N2'): [3.0165417966715538, 2.864999441970158], ('N3', 'N6'): [0.7558300047417623, 0.6001152089270259], ('N3', 'N4'): [1.4095665062021272e-05, 2.726178187704362e-05], ('N2', 'ENSDARG'): [6.30699820768541, 6.006225716617072], ('N2', 'ENSAMXG'): [10.125766236590122, 8.637879272138722], ('N6', 'ENSTRUG'): [4.986316881780587, 6.546289994526486], ('N6', 'ENSGACG'): [3.1496534877650837, 2.5123915937107535], ('N4', 'N5'): [0.8323260263422314, 2.2470669622634643], ('N4', 'ENSONIG'): [1.5993551070677148, 2.9864293620519895], ('N5', 'ENSXMAG'): [2.8974931914287483, 5.016016826562216], ('N5', 'ENSORLG'): [3.7067634177711346, 5.923882459559565]}
