number of sites to be analyzed:  221
Successfully loaded parameter value from ./save/MG941098IGC2_Full_noforce_noclock.txt
log likelihood =  -3593.3797802066256
Edge derivatives =  [59.81692549531406, 43.63585183450033, 22.751406251244145, 19.427765831285573, 22.75140625124415, 30.636072229150585, 30.92779391608829]
other derivatives: [ 72.01406333 220.45696824  56.82554729  73.99285096 123.63793758
 -49.02785804]
Current x array =  [-0.52088376 -1.55453442 -0.66642912 -0.18746992 -3.42885413 -0.03003668
 -0.78688345 -1.40007006 -2.38212393 -0.19383978 -2.38212393 -1.72772469
 -1.63444306]
log likelihood =  -3459.7284328256264
Edge derivatives =  [34.67617487549352, 29.171836067218916, 14.2010119301842, -11.659001191274648, 14.2010119301842, 17.054476564403558, 17.051684534552592]
other derivatives: [ 24.65458238 209.82351998 109.00944289  31.7744707   40.27310752
 -35.4648364 ]
Current x array =  [-0.5182497  -1.54611826 -0.6629809   0.22643558 -2.73724106 -0.30429155
 -0.45227606 -1.1559773  -2.25485579 -0.08516362 -2.25485579 -1.55635085
 -1.46143737]
log likelihood =  -3960.8830436808425
Edge derivatives =  [-87.38495930535271, -11.673035767564594, -8.0546815088666, -106.75053774713778, -8.054681508866599, -39.468415359337364, -35.85206668201061]
other derivatives: [ 3.14536464e+01 -1.50109058e+03 -4.93747903e+03 -6.62645562e+01
 -7.95955202e+01  3.92979018e+00]
Current x array =  [-0.59378158 -0.28901493 -0.05        0.68622091 -2.11095189 -0.76855059
  0.01897833 -0.76927555 -2.06440685 -0.18596427 -2.06440685 -1.32280388
 -1.227496  ]
log likelihood =  -3344.693588524033
Edge derivatives =  [21.589096531055596, 24.24643945251272, 11.831073999541013, -11.94870236936472, 11.831073999541013, 11.700732463376797, 13.512638764120311]
other derivatives: [  4.4452463   77.1779014  -80.49687494  18.13355084   7.04571903
 -28.93161763]
Current x array =  [-0.54829165 -1.04611968 -0.41917471  0.40930998 -2.48814165 -0.48894532
 -0.26483998 -1.00217107 -2.17910689 -0.12525593 -2.17910689 -1.46346019
 -1.36838985]
log likelihood =  -3349.5253763383635
Edge derivatives =  [-8.611889231675447, 14.420399788550933, 6.261084768005841, -24.87985470412933, 6.261084768005841, -3.1567240220074377, -3.94879493147181]
other derivatives: [  52.31340765 -204.07360353   83.31171557  -11.53393896  -19.56968845
  -12.93001333]
Current x array =  [-0.60144735 -0.647317   -0.55621752  0.59830065 -2.27854346 -0.70530237
 -0.06630206 -0.82074268 -2.08974827 -0.181395   -2.08974827 -1.36173138
 -1.26093686]
log likelihood =  -3327.2658737146776
Edge derivatives =  [9.085907194827149, 20.16219690504062, 9.485072088721184, -16.280554670876967, 9.485072088721186, 5.6663036543011325, 6.3735599504972225]
other derivatives: [ 34.1001396  -20.42852429   7.02511898   3.00342435  -5.74300429
 -21.73483153]
Current x array =  [-0.57399611 -0.85327096 -0.4854444   0.50070006 -2.38678641 -0.59356893
 -0.16883315 -0.91443788 -2.1358958  -0.15240306 -2.1358958  -1.41426727
 -1.31642889]
log likelihood =  -3323.37420109545
Edge derivatives =  [-0.18520761626187102, 16.70219225399835, 8.34045945323129, -17.1590067172571, 8.340459453231286, 2.790545445898278, 3.6993955001701853]
other derivatives: [-49.34390745 -15.90206011   5.244965    -1.48256731 -22.6298198
 -18.18098099]
Current x array =  [-0.529867   -0.87239794 -0.48370914  0.56815498 -2.30320968 -0.68155032
 -0.09805772 -0.83590636 -2.09726419 -0.17507891 -2.09726419 -1.37631674
 -1.27656336]
log likelihood =  -3319.927553900983
Edge derivatives =  [-5.842848993554291, 14.742537874419831, 8.20858956150753, -14.500994990944976, 8.208589561507534, 1.6815716938834044, 2.6131954711178857]
other derivatives: [-16.79968591  -4.96283974   7.32338776  -3.4725872  -28.28537617
 -15.33062459]
Current x array =  [-0.54775106 -0.89118735 -0.48013195  0.6079709  -2.27697838 -0.75632111
 -0.05376363 -0.7687826  -2.06420194 -0.20877505 -2.06420194 -1.34963214
 -1.24765333]
log likelihood =  -3310.118617027538
Edge derivatives =  [-16.509092016309527, 11.768950736327746, 10.108571262510237, 2.685721818868677, 10.108571262510239, 0.4035048849664524, 1.4196406065452345]
other derivatives: [  7.63643584  -5.65055416  -3.90086825 -10.08434083 -20.50514922
  -6.73526301]
Current x array =  [-0.56314401 -0.89997174 -0.45864884  0.67572052 -2.35880363 -1.01247976
  0.03662379 -0.53613192 -1.94800707 -0.377118   -1.94800707 -1.27770621
 -1.16589957]
log likelihood =  -3299.2478537156485
Edge derivatives =  [-18.172982676405784, 9.748105230131575, 12.302026947928816, 13.824692156763188, 12.302026947928816, -0.5387727036766707, -0.2649375736250333]
other derivatives: [  8.01601345  10.42226359  29.60978236 -11.34349077  -2.35222615
  -2.03717718]
Current x array =  [-0.55791369 -0.9412239  -0.47732199  0.65428829 -2.54444591 -1.31744978
  0.01059428 -0.20619395 -1.74750271 -0.50165752 -1.74750271 -1.19886767
 -1.0693732 ]
log likelihood =  -3287.998011339244
Edge derivatives =  [-13.664272113932237, -5.7588506438417655, 11.142838036403708, 20.555157639179175, 11.142838036403704, -4.613190173833881, -5.956554049890056]
other derivatives: [ 18.05037755   1.24764483 -34.7956302   -2.97482075   9.67120286
   0.35124685]
Current x array =  [-0.56253614 -0.94947916 -0.41512926  0.58113357 -2.82670294 -1.92594648
 -0.10306299  0.49099718 -1.28595333 -0.64346688 -1.28595333 -1.03937461
 -0.87513624]
log likelihood =  -3283.241787863565
Edge derivatives =  [-10.256793740889735, -5.8012653653968185, 8.815012981457205, 16.923069062997396, 8.815012981457203, -4.191644972889922, -5.635823942023192]
other derivatives: [ 2.23517418  6.59169928 20.50564945 -1.22381607 10.03063517  0.14688339]
Current x array =  [-0.55083914 -0.95945111 -0.45483843  0.53897111 -2.83748134 -1.96140732
 -0.19982915  0.51241369 -1.19955887 -0.56417922 -1.19955887 -1.05764611
 -0.89775535]
log likelihood =  -3277.2726654688013
Edge derivatives =  [-5.990741594912436, -3.2029761241893113, 4.460969733223972, 5.866857191588659, 4.460969733223971, -1.0971585667298611, -2.4472721674137627]
other derivatives: [-16.27931852   3.28691385  32.41602826   4.92500476   4.29126885
  -0.90981302]
Current x array =  [-0.54071481 -0.95159496 -0.46920356  0.45801848 -2.79814163 -1.92535866
 -0.39381499  0.43864244 -1.09246426 -0.35395735 -1.09246426 -1.12402125
 -0.97935982]
log likelihood =  -3274.8887632253936
Edge derivatives =  [-2.6462299040525012, -3.5749206232598794, 0.7520894147710444, -1.2156749604173767, 0.7520894147710413, 0.8258879141498556, -0.6531658758542408]
other derivatives: [-5.91171556e-04  4.17917363e+00  1.36672497e+01  5.06670403e+00
 -2.46209311e+00 -1.29848559e+00]
Current x array =  [-0.55061212 -0.95470941 -0.45224534  0.47694584 -2.78249855 -1.99097777
 -0.55209013  0.45228619 -0.94881141 -0.22417996 -0.94881141 -1.1413053
 -1.01224819]
log likelihood =  -3274.4919483162216
Edge derivatives =  [-1.1632119546899595, -2.1161280989203517, 0.17058184103537874, -1.9255316606812323, 0.17058184103537985, 1.376005144443812, 0.02650583745659535]
other derivatives: [ 0.80349309 -0.88925844 -2.31807462  2.56882231 -0.81831786 -1.33163667]
Current x array =  [-0.55185168 -0.94824104 -0.43923544  0.51113941 -2.7899117  -2.01329373
 -0.59979683  0.43565339 -0.91238367 -0.20109752 -0.91238367 -1.13992387
 -1.02215698]
log likelihood =  -3274.4024682711542
Edge derivatives =  [-0.5906541617235345, -1.767612187549537, -0.07621834240988667, -1.4338852917484732, -0.07621834240989375, 1.26020063390351, 0.009774505137734646]
other derivatives: [ 0.78789526 -0.9019459  -5.16074579  0.72923285  0.07476046 -1.25937731]
Current x array =  [-0.55193213 -0.94958788 -0.43611753  0.53503456 -2.79490897 -2.03647819
 -0.61478377  0.43612778 -0.89326856 -0.20360077 -0.89326856 -1.13199954
 -1.02095567]
log likelihood =  -3274.328863482675
Edge derivatives =  [-0.27358733257121537, -0.9417193132710665, -0.1937123654038772, -0.9305344061375849, -0.19371236540387043, 0.7660153795302204, -0.25619315606528337]
other derivatives: [ 0.79799065 -1.86546458 -1.39771146 -1.06274456  0.80322025 -1.15906005]
Current x array =  [-0.55206029 -0.94876782 -0.43786696  0.55504876 -2.79101819 -2.054231
 -0.62406849  0.41910953 -0.88721541 -0.21312007 -0.88721541 -1.11966516
 -1.02140902]
log likelihood =  -3274.304447102192
Edge derivatives =  [-0.2442035315692435, -0.49239815118249025, -0.31831182135418257, -0.35201987991400385, -0.31831182135418207, 0.15233080512459116, -0.49035923590850466]
other derivatives: [-7.10670065  2.57623469 -0.81136022 -1.84650162  0.17462298 -1.08320819]
Current x array =  [-0.54759704 -0.95685711 -0.43788343  0.56642596 -2.78110037 -2.07667742
 -0.62793284  0.40330765 -0.88449426 -0.22853044 -0.88449426 -1.10434165
 -1.02138421]
log likelihood =  -3274.2732354970854
Edge derivatives =  [-0.20538609673812208, -0.28269311414713805, -0.29093846820442043, -0.05240994105015592, -0.29093846820442554, -0.1314688606999958, -0.6704912143524039]
other derivatives: [ 1.50612323  2.08274287  2.76290848 -1.82894837  0.52987161 -1.03023012]
Current x array =  [-0.55235011 -0.95538741 -0.44014258  0.56436675 -2.77896494 -2.08310439
 -0.62885625  0.39681335 -0.886541   -0.23518439 -0.886541   -1.09859826
 -1.02146407]
log likelihood =  -3274.254269614181
Edge derivatives =  [-0.26422925870984143, -0.23371875042900409, -0.29414695472968655, -0.06883240229992174, -0.2941469547296802, -0.24132288767876597, -0.7187125263012754]
other derivatives: [ 1.50439519  1.01026671  2.85126589 -1.27424755  0.40708983 -1.01344995]
Current x array =  [-0.552432   -0.95334347 -0.44046566  0.55689681 -2.77709724 -2.08441406
 -0.62933634  0.39342063 -0.88906082 -0.23690038 -0.88906082 -1.09700379
 -1.02255983]
log likelihood =  -3274.21314050739
Edge derivatives =  [-0.2567211715715664, 0.33729703311469905, -0.38483832583913147, 0.12331640121059664, -0.3848383258391333, -0.616140945967842, -0.5870773273701773]
other derivatives: [ 2.02885531  1.28961801  0.24542715  0.50417839 -0.17967068 -0.8976258 ]
Current x array =  [-0.55293277 -0.95275032 -0.43931099  0.53498316 -2.76545331 -2.10884155
 -0.64056207  0.37008234 -0.89395189 -0.24819836 -0.89395189 -1.08584218
 -1.0323116 ]
log likelihood =  -3274.1982012455474
Edge derivatives =  [-0.21145100708196501, 0.42614760760709736, -0.47955461511423786, 0.3790296429356234, -0.47955461511423825, -0.7279919493201954, -0.4912375618904494]
other derivatives: [-1.71330612 -2.58291948  0.19772415  0.26711859 -0.10777512 -0.74151103]
Current x array =  [-0.55115968 -0.9466557  -0.43933349  0.53632982 -2.76200067 -2.13309779
 -0.64767017  0.36714613 -0.89311796 -0.25481835 -0.89311796 -1.0821014
 -1.03795675]
log likelihood =  -3274.1864181316832
Edge derivatives =  [-0.15895401747233395, 0.3385027911766793, -0.5260739407659552, 0.40188184483371525, -0.5260739407659492, -0.5908691868081767, -0.30761093029917774]
other derivatives: [-1.33072717 -1.67510734 -0.32450771  0.3000423  -0.22873792 -0.69721864]
Current x array =  [-0.55132407 -0.9480646  -0.43894572  0.53658023 -2.7612862  -2.1435926
 -0.65165988  0.36899767 -0.89119502 -0.25480002 -0.89119502 -1.0826803
 -1.04085395]
log likelihood =  -3274.157033895283
Edge derivatives =  [0.003999768974367712, -0.0445465414012437, -0.5548490782369716, 0.7124899182763564, -0.5548490782369702, -0.0007061293821103848, 0.4639758448775417]
other derivatives: [-0.24806468  0.41782187 -1.1280008   0.1848548  -0.22987479 -0.46265995]
Current x array =  [-0.5517544  -0.95119392 -0.43833078  0.53887561 -2.75950822 -2.19328559
 -0.66518414  0.37836901 -0.88929842 -0.25780382 -0.88929842 -1.0858835
 -1.05325644]
log likelihood =  -3274.144902527125
Edge derivatives =  [0.05461382321242819, -0.10880342617639974, -0.4854258051932675, 0.630247097765579, -0.4854258051932733, 0.2573693369801835, 0.7323393025800309]
other derivatives: [-0.3652076   0.72018338  0.6960363   0.25338522 -0.11441443 -0.34669938]
Current x array =  [-0.55157169 -0.95150117 -0.43973516  0.53696478 -2.75898677 -2.21764411
 -0.67216739  0.3807602  -0.89322239 -0.25462439 -0.89322239 -1.0882185
 -1.05794058]
log likelihood =  -3274.127852368334
Edge derivatives =  [0.19818063835938254, -0.001003985516417498, -0.23328546493230237, 0.4871677777717904, -0.2332854649323019, 0.601852837600994, 1.093608893172073]
other derivatives: [ 1.30630724  0.19545041 -0.48548827 -0.23464963  0.33246579 -0.14747457]
Current x array =  [-0.55253018 -0.95053693 -0.43875133  0.54206831 -2.75697769 -2.27006752
 -0.68579079  0.38074256 -0.9039716  -0.24841659 -0.9039716  -1.08924051
 -1.06361247]
log likelihood =  -3274.116604583749
Edge derivatives =  [0.093059340823061, 0.08274564669372911, -0.07135313823734779, 0.042744271928802036, -0.07135313823734857, 0.42198234297409043, 0.8350133897937504]
other derivatives: [-0.15907062  0.15438673  2.43512659 -0.16102604 -0.04861249 -0.06330083]
Current x array =  [-0.55167246 -0.95050257 -0.44091071  0.54010085 -2.7526475  -2.29588647
 -0.69044677  0.37744239 -0.91563775 -0.24113231 -0.91563775 -1.08680001
 -1.06026804]
log likelihood =  -3274.1103385798915
Edge derivatives =  [0.031544048520123213, 0.11450641487650594, 0.026289747713499095, -0.11903291373804564, 0.026289747713505313, 0.24807034052530896, 0.5798403091442554]
other derivatives: [-0.09922587 -0.11336851  0.93450581 -0.17953425 -0.18162609 -0.07657945]
Current x array =  [-0.55178652 -0.95022487 -0.43976344  0.54094984 -2.75195535 -2.29723428
 -0.68879368  0.37640584 -0.92017121 -0.23840483 -0.92017121 -1.08492533
 -1.05502016]
log likelihood =  -3274.107663366469
Edge derivatives =  [-0.012056839976238298, 0.10800428708767046, 0.08892239680855551, -0.15746735974003617, 0.08892239680855682, 0.052086874892331325, 0.3026317889075528]
other derivatives: [-0.03301466 -0.03246896 -0.11850716 -0.17507773 -0.2568413  -0.10372787]
Current x array =  [-0.55185542 -0.95055129 -0.43891219  0.5414878  -2.75228762 -2.29460564
 -0.6861427   0.37655241 -0.92238839 -0.23762961 -0.92238839 -1.08287047
 -1.0491948 ]
log likelihood =  -3274.106496302953
Edge derivatives =  [-0.00769264692486657, 0.06872274257945274, 0.10420908466620193, -0.1098390805233217, 0.10420908466620588, -0.021170471818865298, 0.18980990519002822]
other derivatives: [ 0.16671038 -0.00463842 -0.2622528  -0.14388206 -0.23046596 -0.1036824 ]
Current x array =  [-0.5519575  -0.95068162 -0.43875281  0.54118313 -2.75296118 -2.29676296
 -0.68590055  0.37781711 -0.9225536  -0.23802954 -0.9225536  -1.0820182
 -1.04667128]
log likelihood =  -3274.107394777813
Edge derivatives =  [0.06382270232844595, -0.14161797803797047, 0.14938852005354422, 0.07064785318279657, 0.1493885200535504, -0.013350765846380688, 0.05656480886353438]
other derivatives: [-2.5915142   0.77052391 -1.55723683 -0.00954969 -0.03701643 -0.07694325]
Current x array =  [-0.55031866 -0.95244699 -0.43777254  0.53996676 -2.75706174 -2.31191503
 -0.68768945  0.38554585 -0.92151977 -0.23806904 -0.92151977 -1.08228353
 -1.04092528]
log likelihood =  -3274.1055395141193
Edge derivatives =  [0.02215764369832851, -0.019079278049122156, 0.12309661835853578, -0.03432552844689768, 0.12309661835854152, -0.01784850484237588, 0.13425457447873904]
other derivatives: [-0.98370947  0.31959644 -0.80253812 -0.08776624 -0.14933903 -0.09231371]
Current x array =  [-0.55127243 -0.95141958 -0.43834303  0.54067466 -2.7546753  -2.30309684
 -0.68664835  0.38104788 -0.92212143 -0.23804605 -0.92212143 -1.08212911
 -1.04426933]
log likelihood =  -3274.104070950871
Edge derivatives =  [0.06457160608463358, -0.1092674370552425, 0.11744081571564594, 0.10349507172530756, 0.11744081571565498, -0.10110159815518946, -0.010675235864774923]
other derivatives: [ 0.03442437  0.11191332 -0.25279405 -0.0253749  -0.02150955 -0.06825758]
Current x array =  [-0.55180455 -0.95116903 -0.43861424  0.53958961 -2.75619127 -2.31234532
 -0.68809477  0.38413297 -0.92104666 -0.2393826  -0.92104666 -1.08101648
 -1.041027  ]
log likelihood =  -3274.10374153862
Edge derivatives =  [0.08315604356358541, -0.12577720359913683, 0.0955336404999369, 0.12107579952161712, 0.09553364049994323, -0.07587272319808458, 0.01315656696793241]
other derivatives: [ 0.03155947  0.00686668 -0.04019967 -0.01000444 -0.00272848 -0.05366019]
Current x array =  [-0.55179695 -0.95101047 -0.43875709  0.53927469 -2.75641503 -2.31639045
 -0.68928779  0.38476478 -0.92011633 -0.2394734  -0.92011633 -1.08122963
 -1.04141295]
log likelihood =  -3274.103345211378
Edge derivatives =  [0.10301499420540244, -0.12510083703982486, 0.06008932777088463, 0.10493422577504444, 0.060089327770877, -0.016763750117835874, 0.05557027863422001]
other derivatives: [ 0.13169483  0.09176802  0.20145308  0.02009983  0.01164153 -0.03487912]
Current x array =  [-0.55183092 -0.95118129 -0.43890701  0.53884785 -2.75691611 -2.32176855
 -0.69052575  0.38520763 -0.91845247 -0.238807   -0.91845247 -1.08197465
 -1.04176837]
log likelihood =  -3274.103138402254
Edge derivatives =  [0.1049336782833381, -0.07301861710158399, 0.003674239592333567, 0.06416467975776804, 0.003674239592325823, 0.003396914175279389, 0.03534369843322033]
other derivatives: [-0.41850399 -0.48617039  0.30936462 -0.0257387   0.05197762 -0.01623448]
Current x array =  [-0.55155857 -0.95042162 -0.43892403  0.53920859 -2.75785765 -2.32606131
 -0.69054605  0.38484265 -0.9158245  -0.2378749  -0.9158245  -1.08262945
 -1.04097111]
log likelihood =  -3274.1027934221756
Edge derivatives =  [0.09784074618550914, -0.062039738810707276, 0.004955955148077368, 0.02901444332056083, 0.0049559551480758135, 0.019279916500118968, 0.03419280951963652]
other derivatives: [-0.09231371 -0.13560566  0.22623681 -0.00131877  0.02678462 -0.01623448]
Current x array =  [-0.55171903 -0.95099371 -0.43884615  0.53910098 -2.75797184 -2.326713
 -0.69019817  0.38461552 -0.91571149 -0.23714318 -0.91571149 -1.08289951
 -1.04053638]
log likelihood =  -3274.102613022217
Edge derivatives =  [0.07906643934395285, -0.029861127782076946, 0.0022638146088999056, -0.01945147626213431, 0.0022638146089009326, 0.01455511272748257, 0.0012135037036753171]
other derivatives: [ 0.0691216   0.03756213  0.05379661  0.0003638   0.00300133 -0.018008  ]
Current x array =  [-0.55180626 -0.951331   -0.43868727  0.53926946 -2.75822719 -2.32662307
 -0.6891299   0.38398544 -0.9153794  -0.23626462 -0.9153794  -1.0830696
 -1.03947054]
log likelihood =  -3274.102564208035
Edge derivatives =  [0.06541304265066955, -0.00929830822105808, -0.0026302300117374833, -0.03627239462926801, -0.0026302300117405364, 0.0035424771924461307, -0.022151610689585266]
other derivatives: [ 0.05120455  0.02764864 -0.01773515 -0.00513865 -0.00482032 -0.01818989]
Current x array =  [-0.55180244 -0.9513578  -0.43861555  0.53939927 -2.75838404 -2.32645449
 -0.68835065  0.38356926 -0.91506706 -0.23602095 -0.91506706 -1.08305797
 -1.03887246]
log likelihood =  -3274.1025124063144
Edge derivatives =  [0.04799569244411522, 0.0055840984127561236, -0.006648329875227593, -0.03173244544850498, -0.0066483298752216535, -0.006786685218627089, -0.032132152610020254]
other derivatives: [ 0.00090949  0.00959517 -0.01964509 -0.00463842 -0.00673026 -0.01600711]
Current x array =  [-0.55177933 -0.95135534 -0.4386027   0.53941096 -2.75847032 -2.32653539
 -0.68745303  0.38319617 -0.914821   -0.23621804 -0.914821   -1.08294745
 -1.03864182]
log likelihood =  -3274.1025311882668
Edge derivatives =  [0.019626471738002083, 0.01238699337603471, -0.013726314013185248, 0.007991516969335116, -0.013726314013187801, 0.003272591926788998, -0.007460514362286147]
other derivatives: [ 0.14333636 -0.12114469 -0.42655302  0.01609806  0.01718945 -0.00518412]
Current x array =  [-0.55188004 -0.95116183 -0.43829929  0.53927219 -2.75875132 -2.32845893
 -0.6860057   0.38301546 -0.91417749 -0.23703052 -0.91417749 -1.08289915
 -1.03889857]
log likelihood =  -3274.102485798222
Edge derivatives =  [0.03569998197547447, 0.008537239738945046, -0.009717365157915742, -0.014495742843478182, -0.009717365157922125, -0.0024233032677831168, -0.021430311826437703]
other derivatives: [ 0.06261871 -0.04711183 -0.19599611  0.0043201   0.00363798 -0.01136868]
Current x array =  [-0.551823   -0.95127143 -0.43847113  0.53935078 -2.75859218 -2.32736952
 -0.6868254   0.38311781 -0.91454195 -0.23657036 -0.91454195 -1.0829265
 -1.03875316]
log likelihood =  -3274.10244383222
Edge derivatives =  [0.008718842053729747, 0.019291924048513272, -0.009819073311944176, 0.003896297068825716, -0.00981907331194068, -0.008762168896602737, -0.01579156216522498]
other derivatives: [-0.04865797 -0.00673026 -0.04115464  0.00645741  0.00354703 -0.00709406]
Current x array =  [-0.55175812 -0.95134779 -0.43857989  0.53929642 -2.75860596 -2.32737183
 -0.68555035  0.38274302 -0.91449198 -0.23708179 -0.91449198 -1.08279709
 -1.0389019 ]
log likelihood =  -3274.10243655255
Edge derivatives =  [0.007629442374595841, 0.012952534200735395, -0.00820317924961278, 0.008926453314846622, -0.008203179249613807, -0.0045724743075856444, -0.00709036330058771]
other derivatives: [-0.00209184  0.00100044 -0.00700311  0.00818545  0.00386535 -0.00600267]
Current x array =  [-0.5517821  -0.95134654 -0.43860814  0.53926251 -2.75856396 -2.32754062
 -0.6855682   0.3828517  -0.91458321 -0.23717686 -0.91458321 -1.08280882
 -1.03909997]
log likelihood =  -3274.1024332503875
Edge derivatives =  [0.006826510834711252, 0.0029038129474772204, -0.005589043460097531, 0.01251015465800634, -0.005589043460111132, 0.0024576655498113886, 0.005032392138961755]
other derivatives: [-0.00836735  0.02605702 -0.01409717  0.0127784  -0.00022737 -0.00472937]
Current x array =  [-0.55177628 -0.95137435 -0.43861094  0.53921675 -2.75850467 -2.32783751
 -0.68565333  0.38303747 -0.91472444 -0.2372356  -0.91472444 -1.08284277
 -1.03934382]
      fun: 3274.1024332503875
 hess_inv: <13x13 LbfgsInvHessProduct with dtype=float64>
      jac: array([ 0.00836735, -0.02605702,  0.01409717, -0.0127784 ,  0.00022737,
        0.00472937, -0.00682651, -0.00290381,  0.00558904, -0.01251015,
        0.00558904, -0.00245767, -0.00503239])
  message: b'CONVERGENCE: REL_REDUCTION_OF_F_<=_FACTR*EPSMCH'
     nfev: 45
      nit: 40
   status: 0
  success: True
        x: array([-0.55177628, -0.95137435, -0.43861094,  0.53921675, -2.75850467,
       -2.32783751, -0.68565333,  0.38303747, -0.91472444, -0.2372356 ,
       -0.91472444, -1.08284277, -1.03934382])
