number of sites to be analyzed:  122
log likelihood =  1603.0059067532109
Lr derivatives =  [-47.017361676144596, -99.27279251208651, -20.268508266990963]
other derivatives =  [ 23.42767402 -13.80371941  17.75363216 -14.92969659 107.25582342
  16.72237886]
Current x_clock array =  [-0.57475716 -0.66255206 -0.64197889  0.74193734 -0.10536052 -0.51082562
 -0.51082562 -0.51082562 -0.51082562]
log likelihood =  1525.0443109611138
Lr derivatives =  [8.656895532508127, -66.30142461129142, -5.23360683861538]
other derivatives =  [-100.4055548    -0.51059033  -30.04197424   -8.09927769   67.6713853
   14.36956154]
Current x_clock array =  [-0.7655231  -0.6575642  -0.78654247  0.86350629 -0.97871898 -0.64699195
 -0.12797452 -0.50666609 -0.50666609]
log likelihood =  1468.778805505535
Lr derivatives =  [30.485974814354435, -23.514180091781213, 17.202713161596645]
other derivatives =  [141.68340385  29.09077921 -42.99117791   2.12414761  19.84153641
   9.83814061]
Current x_clock array =  [-0.43963153 -0.66951984 -0.7779816   1.02904163 -2.21704663 -0.85983297
  0.21645695 -0.30643556 -0.50480252]
log likelihood =  1450.3930681259656
Lr derivatives =  [5.05863812871011, -31.145640824239084, 9.198923482118829]
other derivatives =  [-23.73003554  -1.77747097 -18.14282768   7.02209491  -2.07958237
   8.08454388]
Current x_clock array =  [-0.60948833 -0.73855135 -0.67590156  1.0657208  -2.56691684 -0.93418094
  0.22889779 -0.2415581  -0.54834552]
log likelihood =  1447.2179637390261
Lr derivatives =  [4.627310759338606, -28.98401222682667, 8.03674994345962]
other derivatives =  [-11.25190465  -4.51655069   2.61775313   6.4411779   -3.19598712
   7.90810191]
Current x_clock array =  [-0.59241895 -0.74876174 -0.62172804  1.05799585 -2.59312831 -0.95360209
  0.20392016 -0.17333794 -0.56704941]
log likelihood =  1442.1034557833348
Lr derivatives =  [4.988353526885229, -23.45910914890422, 3.299249663072601]
other derivatives =  [15.1486347  -5.65064511 32.46213964  4.88457772 -3.215996    7.04628746]
Current x_clock array =  [-0.55941101 -0.75340891 -0.55881104  1.01123056 -2.55886283 -1.00948281
  0.09255329  0.         -0.63270411]
log likelihood =  1440.5931258946355
Lr derivatives =  [5.351682306200666, -24.658813187385444, 1.2280421421573369]
other derivatives =  [13.57720976 -2.21921255 16.31617579  4.4594799  -0.85074134  6.81729944]
Current x_clock array =  [-0.56227354 -0.73983686 -0.59469145  0.98631996 -2.47789838 -1.01681264
  0.05642299  0.         -0.64529051]
log likelihood =  1439.421357814649
Lr derivatives =  [1.8324916069831358, -29.2128119553729, -3.803176607748683]
other derivatives =  [1.61489879 1.47906576 0.05168204 3.62322226 0.80731297 6.05641617]
Current x_clock array =  [-0.57819639 -0.72180659 -0.63874644  0.93460961 -2.37145597 -1.054239
 -0.01559135  0.         -0.66403097]
log likelihood =  1439.0940941452238
Lr derivatives =  [-0.03549417866397864, -30.731215950014853, -4.629518268138867]
other derivatives =  [-1.67876806  0.6205255  -4.1119165   2.90983735  0.43776254  5.61294655]
Current x_clock array =  [-0.58212874 -0.72201831 -0.65158491  0.90624721 -2.35559552 -1.09191666
 -0.04104506  0.         -0.65742855]
log likelihood =  1438.370461779602
Lr derivatives =  [-2.501717088904112, -32.18499429276619, -3.167299462223861]
other derivatives =  [-7.13660029  0.7663175  -9.02095962  0.28435352 -0.37575774  4.57687293]
Current x_clock array =  [-0.58871886 -0.71858485 -0.66858114  0.82601397 -2.33367267 -1.21797938
 -0.09314566  0.         -0.61578017]
log likelihood =  1437.7685923602262
Lr derivatives =  [-3.3501199979969414, -32.04614060985507, -0.37628602344546813]
other derivatives =  [-4.917365   -1.90773335 -8.11508016 -1.95354914 -1.09250777  3.64211701]
Current x_clock array =  [-0.58543548 -0.72591972 -0.66691576  0.76776172 -2.33746912 -1.36973152
 -0.11769022  0.         -0.57475333]
log likelihood =  1437.432145084109
Lr derivatives =  [0.018072943283117482, -29.13855359212664, 3.48848493272453]
other derivatives =  [-8.35816536 17.39426807  0.99494173 -4.2692136  -1.1477141   2.15536602]
Current x_clock array =  [-0.59286614 -0.67890486 -0.63934311  0.71882525 -2.33642893 -1.67047391
 -0.12165175  0.         -0.53619656]
log likelihood =  1436.8427630896692
Lr derivatives =  [-1.058154697319381, -29.631723298983495, 2.8944920642801906]
other derivatives =  [ 0.47311914  2.28026238  3.60303147 -4.22589892 -1.32329205  1.87239948]
Current x_clock array =  [-0.5801141  -0.71862425 -0.63199187  0.72449595 -2.35189275 -1.75257795
 -0.11353227  0.         -0.53486302]
log likelihood =  1436.6286508712355
Lr derivatives =  [-0.2959794958561215, -29.280794730906244, 1.7047671930131392]
other derivatives =  [ 3.23354925 -1.23786776  5.10422069 -3.64243533 -0.85444753  1.58590865]
Current x_clock array =  [-0.57667653 -0.72953219 -0.62705225  0.74514619 -2.35241857 -1.82451852
 -0.09949168  0.         -0.54442208]
log likelihood =  1436.282371648947
Lr derivatives =  [1.537817506975765, -28.33234251732047, -0.0911846365004525]
other derivatives =  [ 5.35439995 -3.84150098  4.80547442 -2.32839739  0.33680863  0.97095381]
Current x_clock array =  [-0.57440389 -0.73864591 -0.62591274  0.78819355 -2.33994504 -2.02672259
 -0.07963295  0.         -0.55736809]
log likelihood =  1436.00123733958
Lr derivatives =  [-1.4696511812851636, -30.170948000325986, -2.321501507930904]
other derivatives =  [ 1.69916348 -3.49241418  4.74108219 -0.05315997 -0.58569185  0.45670276]
Current x_clock array =  [-0.57903476 -0.73695292 -0.62540875  0.83725301 -2.3314274  -2.31497111
 -0.09409319  0.         -0.55570385]
log likelihood =  1435.9016721052567
Lr derivatives =  [1.6131060683257203, -27.47695393489212, 1.0964993635143667]
other derivatives =  [ 8.81157121  1.47608716 -2.94621714  0.79037363  0.84530711  0.20229436]
Current x_clock array =  [-0.57051088 -0.72479001 -0.64477157  0.86174575 -2.29983029 -2.66075016
 -0.10092275  0.         -0.5260996 ]
log likelihood =  1435.830420452816
Lr derivatives =  [0.9540138859481084, -27.61126424541871, 1.9695311149457906]
other derivatives =  [-2.42575879 -0.56636509 -0.39838142  0.75492608  0.2545903   0.17930688]
Current x_clock array =  [-0.58467018 -0.72948171 -0.63698256  0.85997406 -2.30603857 -2.75229405
 -0.10385431  0.         -0.51663558]
log likelihood =  1435.8142728113542
Lr derivatives =  [0.11218258465991315, -28.267722090931063, 1.2132298133642525]
other derivatives =  [-0.32855496 -0.20017978  0.08694769  0.66772827  0.10111307  0.16400463]
Current x_clock array =  [-0.58197904 -0.7281383  -0.63634738  0.85548156 -2.30464538 -2.76536558
 -0.10906094  0.         -0.51905629]
log likelihood =  1435.80228849293
Lr derivatives =  [-0.5294876603293064, -28.761451202857298, 0.6193207296283667]
other derivatives =  [ 0.83036866 -0.03583409  0.42311967  0.47084541  0.05677521  0.12703367]
Current x_clock array =  [-0.58055251 -0.72729062 -0.63597669  0.84901052 -2.30119908 -2.83080681
 -0.11455998  0.         -0.51968238]
log likelihood =  1435.7910251072258
Lr derivatives =  [-0.696838405820202, -28.94787743347253, 0.11123680796815982]
other derivatives =  [ 0.87886747 -0.09047199  0.25650024  0.16425474  0.17219008  0.07944436]
Current x_clock array =  [-0.58057396 -0.72714996 -0.63667195  0.84130653 -2.29693507 -2.93412892
 -0.1175522   0.         -0.52051971]
log likelihood =  1435.7826384028347
Lr derivatives =  [-0.38624953938825435, -28.744564357686954, -0.272158120909177]
other derivatives =  [-0.09977157  0.20827429  1.05105755 -0.09056293  0.09074483  0.031946  ]
Current x_clock array =  [-0.58194608 -0.72672634 -0.63422699  0.83670872 -2.30105974 -3.06250515
 -0.11397812  0.         -0.52250711]
log likelihood =  1435.7795998442227
Lr derivatives =  [-0.0009056682003567573, -28.452998292167152, -0.29096050804344564]
other derivatives =  [-0.35640824 -0.11464181 -0.60017555 -0.15982096  0.09895302  0.00713953]
Current x_clock array =  [-0.58217408 -0.72784829 -0.63832736  0.8354668  -2.30252962 -3.15454671
 -0.11191479  0.         -0.52257197]
log likelihood =  1435.778238164097
Lr derivatives =  [0.038938864565223774, -28.3656982242478, -0.09729544046169103]
other derivatives =  [-0.225441    0.01161879 -0.08337793 -0.06991741  0.0819      0.00541149]
Current x_clock array =  [-0.58204001 -0.72763118 -0.63684143  0.83798596 -2.30283871 -3.18054744
 -0.11181653  0.         -0.52089933]
log likelihood =  1435.7779399695985
Lr derivatives =  [0.020219790292305362, -28.326085641729254, 0.01317628001918969]
other derivatives =  [-0.08526513 -0.06195933  0.0490445  -0.00825366  0.03674359  0.00165983]
Current x_clock array =  [-0.5818451  -0.72791201 -0.63641446  0.83949259 -2.30348395 -3.21231284
 -0.11198747  0.         -0.51962186]
log likelihood =  1435.7779253489398
Lr derivatives =  [0.017810485983143387, -28.314850309762807, 0.028523643314015246]
other derivatives =  [-0.03776677  0.09333689  0.00927685  0.00331966  0.00629825  0.00025011]
Current x_clock array =  [-0.58178688 -0.72752508 -0.63650613  0.83967058 -2.30391681 -3.22074627
 -0.11203742  0.         -0.51941256]
log likelihood =  1435.7779105020213
Lr derivatives =  [0.006453221081127225, -28.32426954545266, 0.012395752472682986]
other derivatives =  [-1.19143806e-02  4.82032192e-03  6.63931132e-03 -2.31921149e-03
  4.77484718e-03  2.27373675e-05]
Current x_clock array =  [-0.58174488 -0.72776173 -0.63651703  0.83953403 -2.30400463 -3.2212268
 -0.11201688  0.         -0.51949726]
log likelihood =  1435.7779097808234
Lr derivatives =  [0.0017230464384292432, -28.328369809569068, 0.004875223034785492]
other derivatives =  [-4.57021088e-03 -1.90993887e-03  6.82121026e-04 -2.38742359e-03
  2.25099939e-03 -2.27373675e-05]
Current x_clock array =  [-0.58173375 -0.72777962 -0.63653473  0.83951828 -2.30405247 -3.22085074
 -0.11201045  0.         -0.51954828]
      fun: 1435.7779097808234
 hess_inv: <9x9 LbfgsInvHessProduct with dtype=float64>
      jac: array([-4.57021088e-03, -1.90993887e-03,  6.82121026e-04, -2.38742359e-03,
        2.25099939e-03, -2.27373675e-05,  1.72304644e-03, -2.83283698e+01,
        4.87522303e-03])
  message: 'CONVERGENCE: REL_REDUCTION_OF_F_<=_FACTR*EPSMCH'
     nfev: 28
      nit: 27
     njev: 28
   status: 0
  success: True
        x: array([-0.58173375, -0.72777962, -0.63653473,  0.83951828, -2.30405247,
       -3.22085074, -0.11201045,  0.        , -0.51954828])
{('N0', 'N1'): [0.3047841401292631, 0.3047841401292625], ('N0', 'ENSLOCG'): [0.0, 0.0], ('N1', 'ENSGACG'): [0.8676094521829665, 0.9071117179340434], ('N1', 'ENSDARG'): [1.0891804606451376, 0.8124104469578372]}
