number of sites to be analyzed:  837
log likelihood =  -14494.576095023362
Edge derivatives =  [331.0727637512602, 205.55028668034595, 531.1297467571843, 627.7776149945818]
other derivatives: [ 329.47300497  173.81589714 -150.68671928 -254.15083655  390.0642696
  161.48751456]
Current x array =  [-0.70702237 -0.75014408 -0.62776442  1.09861229 -4.60517019  1.25276297
 -4.60517019 -4.60517019 -4.60517019 -4.60517019]
log likelihood =  -13488.193919165085
Edge derivatives =  [327.06607196693557, 196.25426153527798, 510.84080974702727, 612.9805139201139]
other derivatives: [ 342.67904994  192.31520128  -54.26409189 -193.21778382  370.66420191
  141.47844922]
Current x array =  [-0.70638647 -0.74946645 -0.77360605  0.85263327 -4.22764781  1.25832541
 -4.28474254 -4.40622904 -4.09111807 -3.99757776]
log likelihood =  -10589.050894224278
Edge derivatives =  [231.19225384948015, 119.28797516670829, 286.47345012265913, 248.6154272760554]
other derivatives: [  33.99654815  197.99663278  432.64826672  161.93152987   87.13195712
 -196.54999051]
Current x array =  [-0.70384288 -0.74675592 -1.35697256 -0.13128282 -2.71755831  1.28057519
 -3.00303195 -3.61046446 -2.0349096  -1.56720805]
log likelihood =  -18927.83281123305
Edge derivatives =  [-304.7296657839425, -53.513960333006374, -1755.8769116543897, -2071.3923607865786]
other derivatives: [  2731.51381407 -27356.45903158 -31386.56466035  -1139.44115583
  -1320.00059239    354.76514313]
Current x array =  [-1.06675892 -0.05       -0.05       -0.20025453 -0.92216984  0.05721724
 -0.68772015 -2.29504001  1.25454311  1.86787126]
log likelihood =  -9857.355731373169
Edge derivatives =  [105.16255882677342, 54.22676190913458, 78.38433596067829, -97.22641213648095]
other derivatives: [ 427.07761168 -601.98799474  401.79365897  211.03023755 -241.90885597
 -279.42442102]
Current x array =  [-0.83349593 -0.49783739 -0.89005196 -0.15592321 -2.07614938  0.8435262
 -2.17587856 -3.14052439 -0.8597409  -0.34001373]
log likelihood =  -11655.572151066423
Edge derivatives =  [-6.833462857747817, 14.982598900016356, -267.06927073809976, -473.69485598872296]
other derivatives: [ -2411.0020604     199.66919353 -19254.86812979    236.18013074
   -575.56062529   -156.64445527]
Current x array =  [-0.4009505  -0.91941062 -0.05        0.22601031 -1.97115227  0.11427708
 -1.44677763 -2.74376522  0.05508573  0.36086113]
log likelihood =  -9610.888947131592
Edge derivatives =  [71.69491055751465, 38.578542278966395, 8.07984288861113, -160.73700531571706]
other derivatives: [-250.36497391 -177.28289095 -132.18777895  221.9901944  -324.41348594
 -241.66693038]
Current x array =  [-0.66887453 -0.6582829  -0.57033866 -0.01056407 -2.03618879  0.56598308
 -1.89839184 -2.98952279 -0.51156929 -0.0732695 ]
log likelihood =  -9480.807122262984
Edge derivatives =  [112.48341285135437, 53.44754992137039, 100.40018195583974, 21.359689359264895]
other derivatives: [  47.79485607   -7.04858394 -668.70616138  126.80065993 -121.13086996
 -168.32364054]
Current x array =  [-0.72924267 -0.73104277 -0.42470736  0.28729012 -2.35865784  0.35503001
 -1.92621292 -3.01921957 -0.64418986 -0.35895802]
log likelihood =  -9392.357203816613
Edge derivatives =  [123.70857796426841, 57.9358835925499, 91.58502364525036, 98.15339236666793]
other derivatives: [-32.18538041 278.07764127 256.5109753    3.30619514  14.75018507
 -85.63511074]
Current x array =  [-0.67845455 -0.95620097 -0.71702664  0.5610237  -2.66881274  0.05775691
 -1.80915741 -2.96407991 -0.58370994 -0.48177056]
log likelihood =  -9260.048166929488
Edge derivatives =  [76.81134493685579, 41.27960402816875, -13.875279488257245, 9.809528691868152]
other derivatives: [ 25.44966264 200.07355488 125.90189726  -9.19608283 -70.13604773
 -55.83224265]
Current x array =  [-0.7108387  -0.91102166 -0.60215262  0.70705613 -2.64163808 -0.26348577
 -1.47058535 -2.78259234 -0.18777111 -0.16525121]
log likelihood =  -9519.465233756067
Edge derivatives =  [46.7338955452683, 36.307703278370695, -55.91488536802367, -8.948201735337285]
other derivatives: [-1642.72478287 -1014.60955193  -494.73837862   -20.15094651
     7.02621037    14.12645361]
Current x array =  [-0.45760945 -0.50261946 -0.44324121  0.98066206 -3.01746629 -0.76729274
 -1.05296074 -2.56455746 -0.04917596 -0.09631579]
log likelihood =  -9232.441804288082
Edge derivatives =  [72.27405167386488, 40.33942571154149, -19.89438769630642, 10.618908324359131]
other derivatives: [-268.86518754   30.37275746   11.83470886  -20.03162081  -47.62787285
  -36.69247235]
Current x array =  [-0.64735205 -0.80863188 -0.56231222  0.77565138 -2.7358613  -0.38979431
 -1.36588343 -2.72792921 -0.15302417 -0.14796854]
log likelihood =  -9207.28238253043
Edge derivatives =  [55.84429796691173, 35.93980375481565, -47.608957522303804, -5.429667932079671]
other derivatives: [  -7.47495505  -72.43343134 -104.71012502  -43.37234714  -49.53653843
  -11.95476216]
Current x array =  [-0.71249683 -0.76497403 -0.51577062  0.89944206 -2.83177581 -0.62656031
 -1.15010792 -2.61364519  0.0046981  -0.03983946]
log likelihood =  -9195.78454586682
Edge derivatives =  [51.7273098310136, 35.088219172879384, -45.916495047119234, -1.3074207402902858]
other derivatives: [ 1.05846993e+01 -3.42570274e+01  8.49886419e+00 -5.25757059e+01
 -2.78265361e+01 -2.54658516e-03]
Current x array =  [-0.71500911 -0.78881446 -0.53971718  0.94140762 -2.92288949 -0.743207
 -1.03188037 -2.5482416   0.04078178 -0.01561798]
log likelihood =  -9182.456844971612
Edge derivatives =  [40.13300206135665, 32.817150665064155, -39.029691705143875, -4.310534551038709]
other derivatives: [  1.10521796  -6.5576387   62.62507668 -49.41775842  -1.57233444
  13.58257578]
Current x array =  [-0.71297092 -0.81041818 -0.54834819  0.95389343 -3.06241311 -0.90915532
 -0.81370424 -2.42203524  0.06925438  0.03583546]
log likelihood =  -9165.748310814073
Edge derivatives =  [18.56721504356628, 29.019489870393066, -24.824198013865956, -14.754765240557157]
other derivatives: [-11.71556505  11.191878    44.47520041 -22.25951903  14.80566425
  19.98432708]
Current x array =  [-0.71351196 -0.82402162 -0.54259656  0.84990957 -3.16944462 -1.00438361
 -0.54572146 -2.23978821  0.01190527  0.07183367]
log likelihood =  -9150.885177098618
Edge derivatives =  [-9.892081700882468, 24.205776086547377, -10.232371643780562, -13.74340473211945]
other derivatives: [-10.13650035   4.35429683  12.34948286   3.59614205  13.47834768
  16.63756848]
Current x array =  [-0.71647151 -0.81793768 -0.5390694   0.71390042 -3.15352838 -0.94656516
 -0.32393797 -1.97660057 -0.14298209 -0.01146922]
log likelihood =  -9141.417616759036
Edge derivatives =  [-22.191501818060072, 20.922462398383168, 6.0551753217933735, -5.000097770385952]
other derivatives: [  1.56578608   2.33812898 -14.89843271  17.90958777   6.15782483
   2.22225935]
Current x array =  [-0.71831275 -0.80794375 -0.54043855  0.6196796  -3.05548222 -0.76978588
 -0.31072282 -1.69965673 -0.32627258 -0.1350412 ]
log likelihood =  -9134.348029581934
Edge derivatives =  [-24.852574091026767, 16.62882127271054, 12.206419103736645, 3.7682754077363048]
other derivatives: [-13.36211426  27.49129635 -48.76183084  15.60711098  -5.84786903
 -10.20689524]
Current x array =  [-0.71225676 -0.81668965 -0.53598175  0.63302348 -2.96300791 -0.66573253
 -0.38588997 -1.36102019 -0.41161861 -0.22229074]
log likelihood =  -9141.52096212258
Edge derivatives =  [-25.219935907728033, -15.027529693352855, 16.515034995012712, 18.783875693933304]
other derivatives: [  35.70094123 -134.75146261  143.86678231   -3.88790795  -23.03349902
  -31.395939  ]
Current x array =  [-0.72171769 -0.72548808 -0.6002364   0.67735391 -2.81062058 -0.49017672
 -0.64130965 -0.61915227 -0.56208607 -0.36618902]
log likelihood =  -9130.168606253366
Edge derivatives =  [-24.33949718818176, 9.786910082204349, 14.156725987582027, 9.368967838942567]
other derivatives: [  7.63284334 -29.91746442  31.47106327   7.64921424  -9.82035999
 -17.95706339]
Current x array =  [-0.71592213 -0.7813562  -0.56087539  0.65019805 -2.90396977 -0.59771842
 -0.48484506 -1.07360456 -0.46991295 -0.27804004]
log likelihood =  -9124.9178623027
Edge derivatives =  [-15.424069819535912, 1.7856847962345603, 7.333317950990012, 11.68158610100512]
other derivatives: [  5.664333     5.45260264  -4.12219379 -12.83915481 -18.09803507
 -20.03034751]
Current x array =  [-0.71359545 -0.80223733 -0.54764029  0.7572656  -2.87168262 -0.62295964
 -0.62826873 -0.80004499 -0.42012962 -0.28023475]
log likelihood =  -9121.562082366177
Edge derivatives =  [-5.4477261386028255, 6.365347854910547, -1.123774833137022, 7.658211715187788]
other derivatives: [  5.79384505   2.7130227    3.61833372 -20.42470442  -7.2610419
 -11.25117706]
Current x array =  [-0.71362089 -0.80458296 -0.5454793   0.7934439  -2.92706399 -0.72331291
 -0.71291927 -0.80168933 -0.33287168 -0.21967988]
log likelihood =  -9120.975701219988
Edge derivatives =  [-6.699875485496887, -10.800576373589086, -13.871562745528259, -3.5427246294724357]
other derivatives: [-106.50765034  -40.43740773  -32.48387657    1.96087058  -15.42721293
   -2.21225491]
Current x array =  [-0.6911834  -0.78878741 -0.53509218  0.71935704 -2.96559343 -0.86945676
 -0.84105816 -0.49161353 -0.28453415 -0.15895606]
log likelihood =  -9119.018409919023
Edge derivatives =  [-3.1320185601416224, -2.4321945820376305, -8.238603110143583, -1.2152748177818875]
other derivatives: [ 5.72757926e+01 -6.95308700e+00 -1.90200808e+01 -1.89174898e-02
 -2.98969098e+00 -1.91721483e-01]
Current x array =  [-0.7321247  -0.80309513 -0.53635896  0.70174078 -2.99898237 -0.89425718
 -0.8262894  -0.57476538 -0.27620919 -0.13679841]
log likelihood =  -9118.414959343278
Edge derivatives =  [-3.738898104934856, 0.11804408452098453, -7.6760396711698435, -1.5811464236549]
other derivatives: [ 3.09937604 -7.18828232 -3.66380846  0.78216544 -3.25853762 -1.4426405 ]
Current x array =  [-0.71709956 -0.80278424 -0.5418305   0.69876907 -2.98858648 -0.86620962
 -0.81084904 -0.63233041 -0.29075889 -0.14748978]
log likelihood =  -9118.327312680241
Edge derivatives =  [-3.294918934034998, -1.0350947200544656, -6.883453398027132, -0.8209902467811538]
other derivatives: [-0.60899765 -2.87964212  3.5186531   0.46056812 -3.0375304  -2.03508534]
Current x array =  [-0.71580109 -0.80482207 -0.54400252  0.69890007 -2.98552383 -0.86133472
 -0.82355217 -0.61146169 -0.29812749 -0.15151309]
log likelihood =  -9118.203421315331
Edge derivatives =  [-1.3811318514629003, -1.201130646873872, -3.747848997618469, 0.8557840242815015]
other derivatives: [-4.79667506 -1.0990334  -0.45129127  0.51368261  0.16207196 -2.9691364 ]
Current x array =  [-0.71420847 -0.80495116 -0.54372238  0.69349709 -2.98523457 -0.85418406
 -0.85127619 -0.59819555 -0.31667831 -0.15592796]
log likelihood =  -9118.163654301641
Edge derivatives =  [0.2669492203061361, -0.10376564908459765, -1.2956134542288607, 0.5058125221043599]
other derivatives: [ 3.1419404   9.22282197 10.38006303  0.98698365  3.61778802 -1.87519618]
Current x array =  [-0.71577328 -0.81006082 -0.54670149  0.68534884 -2.99154751 -0.8721728
 -0.87330988 -0.59963866 -0.32820648 -0.14632396]
log likelihood =  -9118.114443642928
Edge derivatives =  [0.3707732678572843, -0.33804818039180506, -0.8873842217390794, 0.460783260665298]
other derivatives: [ 0.35106495  2.32430466  1.23836799  0.93968993  3.19123501 -2.04818207]
Current x array =  [-0.71519938 -0.80621504 -0.54447032  0.68603411 -2.98810604 -0.8713895
 -0.87830241 -0.59624048 -0.33282391 -0.14741608]
log likelihood =  -9118.091266606045
Edge derivatives =  [0.31527703823763326, -0.23956419580288246, -0.6634286327519588, -0.07507577173783278]
other derivatives: [-0.04347385 -0.69467205 -2.50711309  0.66102075  2.43289833 -1.81626092]
Current x array =  [-0.71515301 -0.80453699 -0.5435342   0.68784128 -2.98433448 -0.87528696
 -0.88022715 -0.59809599 -0.33628521 -0.1461184 ]
log likelihood =  -9118.064861551025
Edge derivatives =  [0.18250574674094616, -0.09873075612286464, -0.19887077187574365, -1.1140361459019317]
other derivatives: [ 0.1538865  -2.76668288 -3.39059625  0.10622898  0.96242729 -1.24891812]
Current x array =  [-0.7151768  -0.80328248 -0.54339997  0.69080121 -2.9767708  -0.8843844
 -0.88428818 -0.60059852 -0.34359231 -0.14357606]
log likelihood =  -9118.053004675588
Edge derivatives =  [0.04497568347914094, 0.03581823793087979, 0.12265951600519387, -1.2442591992625185]
other derivatives: [-0.9778887   1.39880285 -6.14127202 -0.01309672 -0.23173925 -0.57098077]
Current x array =  [-0.71479161 -0.80543394 -0.54274235  0.69207448 -2.97042843 -0.89528286
 -0.88627738 -0.60262934 -0.34808924 -0.14475112]
log likelihood =  -9118.046295679635
Edge derivatives =  [-0.08660477655773657, -0.14804087732903315, 0.13191744169634112, -1.1183483005506298]
other derivatives: [-0.15661499 -1.05665094  2.90729076 -0.36543497 -0.64665073  0.06348273]
Current x array =  [-0.71489212 -0.8039616  -0.54522297  0.69225116 -2.96590862 -0.9035408
 -0.89010398 -0.60045957 -0.35197087 -0.14718295]
log likelihood =  -9118.042933647372
Edge derivatives =  [-0.03873969473123018, -0.07649536471681717, 0.055141312205583826, -0.8015139157906706]
other derivatives: [-0.37398422  0.28157956  0.81490725 -0.16916601 -0.24738256 -0.11750672]
Current x array =  [-0.71485274 -0.80472825 -0.54463436  0.69153697 -2.9681     -0.90069851
 -0.88806548 -0.6014324  -0.34971289 -0.14790554]
log likelihood =  -9118.04177002957
Edge derivatives =  [-0.026803597446348693, -0.027514574912197998, 0.05090348927076083, -0.43117941288013495]
other derivatives: [-0.16534614  0.57771103  0.31595846 -0.13078534 -0.05893526 -0.12569217]
Current x array =  [-0.71489117 -0.80486008 -0.54451355  0.6911618  -2.96829514 -0.90020331
 -0.88719411 -0.6023767  -0.34918221 -0.14963677]
log likelihood =  -9118.04106155454
Edge derivatives =  [-0.014803015841344302, 0.011731069059537413, 0.07438833118436483, -0.013353257521156042]
other derivatives: [ 0.05857146  0.3088644   0.06220944 -0.10204531  0.07676135 -0.05256879]
Current x array =  [-0.7149312  -0.80465955 -0.54448082  0.69066499 -2.96778681 -0.90086915
 -0.88705582 -0.6031906  -0.34929895 -0.15185628]
log likelihood =  -9118.040993328279
Edge derivatives =  [-0.00720581019289368, 0.021178349783805728, 0.047781489557325085, 0.022494496223047528]
other derivatives: [-0.32996468  0.06584742  0.06712071 -0.00345608  0.0860382   0.00109139]
Current x array =  [-0.71484194 -0.80452473 -0.54449969  0.6901332  -2.96766924 -0.90159828
 -0.88750246 -0.6033196  -0.34932603 -0.15214476]
log likelihood =  -9118.040987936338
Edge derivatives =  [-0.01618162710791876, 0.013147402258465835, 0.03004708406317047, 0.016691715794538736]
other derivatives: [ 0.37089194 -0.10077201  0.01127773  0.00345608  0.01255103  0.02528395]
Current x array =  [-0.71503158 -0.80441876 -0.54448111  0.69004318 -2.96734708 -0.90199904
 -0.8876458  -0.60325528 -0.3493611  -0.15223113]
      fun: 9118.040987936338
 hess_inv: <10x10 LbfgsInvHessProduct with dtype=float64>
      jac: array([-0.37089194,  0.10077201, -0.01127773, -0.00345608, -0.01255103,
       -0.02528395,  0.01618163, -0.0131474 , -0.03004708, -0.01669172])
  message: b'CONVERGENCE: REL_REDUCTION_OF_F_<=_FACTR*EPSMCH'
     nfev: 39
      nit: 33
   status: 0
  success: True
        x: array([-0.71503158, -0.80441876, -0.54448111,  0.69004318, -2.96734708,
       -0.90199904, -0.8876458 , -0.60325528, -0.3493611 , -0.15223113])
