number of sites to be analyzed:  560
log likelihood =  -19702.313271151972
Edge derivatives =  [108.50857806328034, 171.03233683724127, 174.129327014605, 123.79199300259806, 60.27989569785845, 56.595793658922446, 292.92453856182425, 274.71236047664985, 154.09182344104656, 165.21233541405718, 78.90863214913632, 134.64880247607155, 103.71580402912086, 140.8165481232816, 245.30030541381174, 216.59512975861028]
other derivatives: [ -368.53234633   147.22390915  -120.21118891   149.52347556
 -1326.30557346     0.        ]
Current x array =  [-0.62572417 -0.72412752 -0.61275709  0.74193734 -0.10536052 -0.51082562
 -4.60517019 -4.60517019 -4.60517019 -4.60517019 -4.60517019 -4.60517019
 -4.60517019 -4.60517019 -4.60517019 -4.60517019 -4.60517019 -4.60517019
 -4.60517019 -4.60517019 -4.60517019 -4.60517019]
log likelihood =  -18554.13999907188
Edge derivatives =  [106.4987770127078, 172.28655253228783, 174.47642087788876, 124.17108140060321, 58.724167257737605, 55.81407781055931, 293.55796808954597, 272.90820495586377, 152.80433907748062, 166.16703260891936, 77.9079921364726, 135.97723947718222, 102.56696675946094, 141.25713267680504, 245.40851126570735, 215.22488240854057]
other derivatives: [ 820.08846221  191.99796952  -67.09342415  -34.50695658 -756.38017734
    0.        ]
Current x array =  [-0.86363262 -0.72369233 -0.69036021  0.8384632  -0.96156569 -0.51082562
 -4.53512177 -4.49475915 -4.49275987 -4.52525546 -4.56625611 -4.5686344
 -4.41607085 -4.42782784 -4.50569521 -4.49851629 -4.55423021 -4.51824678
 -4.53821578 -4.51426515 -4.44681498 -4.46534579]
log likelihood =  -17106.970242175026
Edge derivatives =  [97.31100907175592, 178.39607185255116, 172.01166158425738, 117.69638396449311, 51.1633493256817, 51.945216982305574, 290.75665000386863, 262.96998196369526, 147.20744372670214, 163.87070146149605, 73.00572855708705, 138.93841328590415, 98.79940808827536, 137.76497468674626, 238.45918330384578, 211.4187218327869]
other derivatives: [-799.49386418  369.69795474 -129.1919034  -316.71443139  177.63304641
    0.        ]
Current x array =  [-0.51951421 -0.61795482 -0.86990745  0.95892053 -2.95660005 -0.51082562
 -4.33299294 -4.17230522 -4.16527794 -4.29232666 -4.45435028 -4.4629758
 -3.86512968 -3.9132321  -4.21728811 -4.18725901 -4.40683795 -4.26409073
 -4.34434148 -4.24929453 -3.98581511 -4.05957066]
log likelihood =  -16527.322850331482
Edge derivatives =  [81.62595621834086, 185.44185620368944, 157.8473795017348, 110.58632358831153, 42.28207106189103, 48.40768856931866, 275.05812666254695, 249.22341389168457, 136.91587816158676, 156.87120873201272, 65.26485863783728, 139.74623381338063, 94.94074542821599, 127.03344489869936, 226.14807355033057, 200.06781784630184]
other derivatives: [1239.55651361 -661.3376172  -199.32740543 -212.23022486  340.60067264
    0.        ]
Current x array =  [-0.73959283 -0.29025995 -1.04748692  0.75131575 -3.72851378 -0.51082562
 -4.15910081 -3.87683691 -3.87220705 -4.08732406 -4.36017844 -4.37122614
 -3.37104712 -3.45858224 -3.96265609 -3.90831601 -4.27842761 -4.03239505
 -4.17333755 -4.01319371 -3.57607229 -3.69802477]
log likelihood =  -16100.53253650541
Edge derivatives =  [66.42526447210695, 186.86417694430742, 137.8911407594258, 96.69369839913169, 31.222760129598374, 42.67792496351405, 242.4098509019601, 222.56836324353972, 120.15897450217872, 144.30958154899378, 54.62056986527306, 136.13862294556526, 87.48624401267917, 111.26398428993656, 201.78389144607158, 179.9394197161694]
other derivatives: [ 1232.37914522 -2131.46468013   -70.07965905   -78.00026651
   403.17372623     0.        ]
Current x array =  [-0.63384425 -0.16908938 -1.22585218  0.56949391 -4.35538777 -0.51082562
 -4.0044325  -3.60648279 -3.60854127 -3.90258915 -4.27661846 -4.28865945
 -2.92489519 -3.0482582  -3.73334874 -3.65611289 -4.1633817  -3.82139456
 -4.01875201 -3.80072707 -3.20617076 -3.37160427]
log likelihood =  -17463.19313245759
Edge derivatives =  [32.79846378311824, 175.12900155162814, 85.72206273084043, 39.7487893086607, 15.536391342184132, 24.36027992782164, 62.12489432605551, 79.66946689807833, 74.67355478716364, 112.33413248518073, 29.15674465327295, 127.82000476158882, 63.02125464071973, 82.15532696352642, 77.48773720020803, 104.63788827544043]
other derivatives: [-1.86195277e+04  1.70544808e+01  7.04577542e+02 -2.33644460e+02
  4.88844307e+02  0.00000000e+00]
Current x array =  [-0.10483588 -0.332839   -1.79395473 -0.016639   -6.12930211 -0.51082562
 -3.51525567 -2.73196638 -2.76760316 -3.3136271  -4.01367289 -4.02559457
 -1.4994884  -1.73775717 -3.00207499 -2.84852472 -3.79806904 -3.14149446
 -3.52408186 -3.12313016 -2.02441084 -2.32811116]
log likelihood =  -15579.729036388544
Edge derivatives =  [50.77573831664441, 181.1141671801337, 118.02583046314695, 72.23852628705849, 20.426837334155383, 31.915332528221054, 182.03884735831352, 169.90578016198285, 99.33868370464934, 126.19912279421607, 41.255748782895765, 127.67846533501276, 74.53623481360756, 95.40627956189925, 157.1016017574417, 148.54207733050978]
other derivatives: [-991.21498351 -413.83282223  281.57173801  -72.79886631  447.32405513
    0.        ]
Current x array =  [-0.42156457 -0.23479858 -1.45381951  0.33429138 -5.06722143 -0.51082562
 -3.80813636 -3.25555817 -3.2710909  -3.66625136 -4.17110406 -4.18309717
 -2.35291012 -2.52238233 -3.43990432 -3.33204513 -4.01678959 -3.54856528
 -3.82025152 -3.52882201 -2.73195593 -2.95287293]
log likelihood =  -15223.093240629583
Edge derivatives =  [43.984623491004925, 177.89059529404196, 109.34606504399743, 60.35062652467381, 17.17385433358712, 28.53876096561241, 142.53574345511436, 138.9009701337381, 90.98351115255053, 118.60294292574468, 35.70863463964735, 123.84002260339703, 69.7673268153875, 90.07188411208686, 131.50257324308515, 131.3395275779775]
other derivatives: [-601.02247517 -743.53920354  339.29754863   74.86651157  447.76461436
    0.        ]
Current x array =  [-0.47206868 -0.2687202  -1.55693633  0.1025999  -5.11453681 -0.51082562
 -3.69421449 -3.03529292 -3.06797071 -3.52605229 -4.11126879 -4.12090879
 -2.01011937 -2.2089178  -3.26460215 -3.13525566 -3.9307251  -3.37920973
 -3.70082537 -3.3653874  -2.4481026  -2.70093137]
log likelihood =  -14224.451636542079
Edge derivatives =  [22.446148316167964, 153.29563760380418, 69.23496843331407, 15.614179131048331, 9.548978685479222, 15.74408272750334, -61.49758829959587, -18.504725239825234, 58.50473282803722, 84.68040293671886, 15.661239465582682, 100.09709346563899, 51.271577729262425, 71.44259031824514, -1.328927259915126, 49.03963310800507]
other derivatives: [ 177.43186618 -231.45912564  631.43270381  426.24087655  360.23302528
    0.        ]
Current x array =  [-0.71485357 -0.56684627 -1.76640679 -0.77862069 -4.43226357 -0.51082562
 -3.274227   -2.16105044 -2.29365315 -3.00614135 -3.89388863 -3.88868121
 -0.74495634 -1.04837333 -2.60084604 -2.37917487 -3.61124606 -2.71437149
 -3.24490759 -2.74051412 -1.39052642 -1.7500318 ]
log likelihood =  -13417.945154047598
Edge derivatives =  [21.79810530755789, 133.5044717827364, 70.85195175957895, 12.118605549308272, 11.120963508296116, 14.56642923267122, -94.24155341789461, -45.75624697294133, 62.45865157029581, 70.33301846484412, 15.159280302089428, 82.84761656580608, 49.904385059727446, 71.57473395802582, -19.76728383448813, 27.777458074786665]
other derivatives: [ 124.02779248 -250.04392228  489.14007493  515.05685406   55.49900379
    0.        ]
Current x array =  [-0.69350745 -0.57292918 -1.17073994 -0.7766823  -3.19574306 -0.51082562
 -3.1325927  -1.72591685 -1.99294695 -2.83853529 -3.8236538  -3.80469237
 -0.46225705 -0.74686229 -2.34332226 -2.063094   -3.50302873 -2.40427438
 -3.05438541 -2.47804982 -1.09663338 -1.42275069]
log likelihood =  -16477.969877361553
Edge derivatives =  [-29.1379096578597, -221.75397370086148, -236.66893643734102, -30.48546623883919, -19.432818664450227, -22.599880104867598, -459.8219961991511, -454.59960269720335, -154.7937991238465, -305.1589826677288, -26.634682636897846, -234.2419943939554, -48.10708699917851, -124.81275524105689, -520.2935185331851, -532.8449924628349]
other derivatives: [  2984.30168186  -1327.08082674 -32082.1920468    -571.76148403
   -953.41601991      0.        ]
Current x array =  [-0.78863517 -0.6623796  -0.05        1.10833314 -2.83726986 -0.51082562
 -2.38723403  0.31868503 -0.43761911 -2.01050539 -3.43351644 -3.37994032
  0.71463503  0.59302288 -0.98864892 -0.56348482 -2.94546781 -0.96885069
 -2.08792363 -1.13209198  0.26837377  0.08257321]
log likelihood =  -12830.935563716583
Edge derivatives =  [6.746881376500256, 57.56902274323685, 19.701073244915847, -2.850226548049506, 2.9715830275818798, 2.753238876488868, -186.35315090884725, -153.49111878359687, 27.61077696604709, 0.9194654453214763, 0.19893597010855585, 22.713202953925375, 27.07889791407248, 34.62284978279381, -129.23439528658304, -83.14424661816619]
other derivatives: [ 110.62948033 -460.79476306  454.18437367  222.25067369  -40.00467015
    0.        ]
Current x array =  [-0.73214412 -0.60925999 -0.71554492 -0.01107235 -3.05014709 -0.51082562
 -2.82986095 -0.89548995 -1.36124153 -2.50222614 -3.66519725 -3.63217686
  0.01574449 -0.20266016 -1.79311383 -1.45401904 -3.27657213 -1.82126872
 -2.66185136 -1.93138124 -0.54222781 -0.81135467]
log likelihood =  -14077.132076584596
Edge derivatives =  [-19.58722246192974, -120.3145783332967, -93.482164737763, -22.362216006578432, -2.795979092324305, -9.938756233245158, -182.52039538903836, -159.97611554168722, -13.797707827120716, -60.466455630412085, -7.737444647219054, -61.29422123750435, -1.506927088790917, -14.193001259009113, -108.7435896112028, -135.72783425410415]
other derivatives: [  1137.3869711    -224.59680622 -18269.5708645    -270.76857805
    -36.58278729      0.        ]
Current x array =  [-0.84483517 -0.75483774 -0.05        0.66836302 -3.05636027 -0.51082562
 -2.67877935 -0.36233962 -1.02589079 -2.36146034 -3.58774238 -3.55200908
 -0.51255236 -0.60016297 -1.45222769 -1.22885515 -3.18068434 -1.5220489
 -2.39493222 -1.57469376 -0.84172617 -0.92596038]
log likelihood =  -12648.655049010064
Edge derivatives =  [8.193348465217971, 31.86560810894095, 25.868490028178265, 2.8605909518971675, 3.984990331460139, 1.5614985031154267, -120.43619047022652, -101.48861219150699, 29.575054073969213, 1.1478179129892705, 2.938745032330191, 10.611282336470438, 22.90384660935103, 31.869436412007634, -76.15172135710904, -60.87647122781302]
other derivatives: [ 264.95654311 -263.81021598 -315.22176869  161.22467059   -1.98579073
    0.        ]
Current x array =  [-0.77509962 -0.66475121 -0.46185297  0.24791435 -3.05251543 -0.51082562
 -2.77227178 -0.69226408 -1.23341277 -2.44856913 -3.63567306 -3.60161856
 -0.18563133 -0.35418    -1.66317509 -1.36819122 -3.24002169 -1.70721232
 -2.56010731 -1.79541936 -0.65639039 -0.85503999]
log likelihood =  -12609.628372526115
Edge derivatives =  [13.693908285182113, 41.19667209742758, 43.17725938668499, 19.793673231201687, 4.655741624505807, 2.869059229324799, 0.13449707999847174, -6.522923269452648, 30.346735530466788, 16.311759037038442, 10.035602503177389, 20.733792105900005, 21.66108683083492, 30.451403171536576, 8.331342740203239, -0.6962085715563658]
other derivatives: [568.96042224 -59.3596269  172.98934836 -68.48658813 196.42302505
   0.        ]
Current x array =  [-0.83027907 -0.7251291  -0.58156655  0.64219299 -3.38191906 -0.51082562
 -2.79471138 -0.68520337 -1.25493215 -2.49359917 -3.64729019 -3.61800192
 -0.6379406  -0.74537308 -1.65907854 -1.44673411 -3.26521181 -1.74265378
 -2.54842728 -1.78258899 -0.98577831 -1.10963738]
log likelihood =  -12515.320210432987
Edge derivatives =  [10.931724738924464, 22.230554377514103, 29.52200042867165, 16.734356244007667, 3.567249583293347, 1.807923765148594, -10.406322635702262, -16.070490140681922, 21.615748106842688, 5.416096092002378, 8.854985907181556, 10.712914506982706, 17.651420074112348, 21.741128509698544, 0.6046212363744201, -10.040000254971739]
other derivatives: [ 314.08271752 -126.78683561  -84.26140994  -15.45831765   52.84346116
    0.        ]
Current x array =  [-0.76609684 -0.70017334 -0.50878497  0.61458524 -2.97389482 -0.51082562
 -2.77413154 -0.60469823 -1.1956344  -2.46893244 -3.63903491 -3.60894726
 -0.67121521 -0.77159275 -1.60844555 -1.40887814 -3.25055903 -1.69625178
 -2.51020922 -1.72983375 -0.99366159 -1.10841258]
log likelihood =  -12492.000964994535
Edge derivatives =  [7.674171872926073, 1.79552107053104, 10.722898770678762, 14.358147694219955, 1.7974271038316978, 0.2904739063060512, -10.938944801450218, -18.356639576141674, 7.2164890917556015, -8.082653285226648, 7.706635446355547, -0.8041376466794752, 11.012710385775884, 7.615624679595642, -3.953834781390267, -15.960806223784251]
other derivatives: [ 133.9465598  -134.06970538 -104.06511137   -6.00266503  -24.78373062
    0.        ]
Current x array =  [-0.7213785  -0.70862449 -0.50777028  0.62507343 -2.80081031 -0.51082562
 -2.73192928 -0.48594158 -1.09824332 -2.41934583 -3.61986831 -3.59060221
 -0.71405057 -0.80694651 -1.52225472 -1.35174207 -3.22047774 -1.6266729
 -2.44441284 -1.64257667 -1.00148822 -1.10678943]
log likelihood =  -12482.472767974337
Edge derivatives =  [6.489287454215101, -5.515946024854694, 2.082057050460962, 14.324361168130624, 1.0346268372919176, -0.26967593380093335, -0.33234451962922656, -9.329303335060596, -0.6000707835557317, -11.7059861372136, 7.895981404978094, -4.593949054208527, 7.112017740288608, -0.25326300659062345, 0.7723705814766246, -11.147962538419774]
other derivatives: [  33.9550752  -104.17134035  -24.95507943   -2.52039172  -21.74310794
    0.        ]
Current x array =  [-0.69332054 -0.72757636 -0.53226425  0.61454597 -2.81058319 -0.51082562
 -2.70535443 -0.42932025 -1.04544224 -2.38490187 -3.60904603 -3.58200657
 -0.76721836 -0.86114886 -1.47520154 -1.3373127  -3.20061464 -1.59770957
 -2.40342751 -1.59470137 -1.02994978 -1.1358076 ]
log likelihood =  -12478.610337583174
Edge derivatives =  [6.083066461797573, -8.958972638843443, -1.7659743839988837, 14.398170966372907, 0.8001440849400393, -0.518769134593719, 7.217269971920575, -2.081354874428003, -4.266297931080283, -11.331563103231197, 8.23426152388902, -6.005571306160507, 4.692912530375518, -4.08219752573705, 4.681457350980178, -6.048187563167378]
other derivatives: [ 25.50295903 -31.46760719  27.04582585   3.57849785  -9.81744961
   0.        ]
Current x array =  [-0.6876978  -0.76485406 -0.54822182  0.59823909 -2.84414496 -0.51082562
 -2.68270819 -0.3950055  -1.00876357 -2.35198684 -3.60056688 -3.57584795
 -0.79529621 -0.89628531 -1.44399867 -1.33343776 -3.18177581 -1.58071254
 -2.37181867 -1.56309335 -1.0438187  -1.15770054]
log likelihood =  -12477.543078093833
Edge derivatives =  [6.494575304603948, -5.611537203833645, 1.371412402088812, 14.44013734247807, 1.1365862660526624, -0.35705975196880657, 6.456113206506632, -1.5808685105601061, -1.763874567307067, -8.114947303934391, 8.34504629339532, -4.203277974580093, 5.257252652106115, -1.6927968212709656, 4.601510768783688, -4.625990334375533]
other derivatives: [-17.89776434  -5.13828127   7.86294549   2.04527169  10.8491804
   0.        ]
Current x array =  [-0.67579375 -0.7806601  -0.54226278  0.60004573 -2.89789792 -0.51082562
 -2.67974419 -0.41062788 -1.01616442 -2.34281105 -3.60053021 -3.57692107
 -0.78078224 -0.89015464 -1.45251673 -1.34504344 -3.17657226 -1.58991877
 -2.37232154 -1.57189357 -1.03536981 -1.15927298]
log likelihood =  -12476.895080664695
Edge derivatives =  [6.301836657832176, -5.799558538259912, 0.695197114910024, 13.999739439908444, 1.2155365115674444, -0.33393071596735613, 4.998087102702176, -1.6432009392987927, -1.7115443720654069, -6.8046086479294035, 8.321214905807855, -3.931974272036772, 4.893868184712767, -1.7110360932413609, 3.6073629139612744, -3.7719253812359486]
other derivatives: [-8.44174792 12.38913683  3.25326255  5.83295332  4.55420377  0.        ]
Current x array =  [-0.67796479 -0.7896252  -0.54087125  0.59573289 -2.88454949 -0.51082562
 -2.67161571 -0.41263855 -1.01125009 -2.32630636 -3.5987027  -3.57659996
 -0.774809   -0.89277132 -1.45117599 -1.35182322 -3.16710575 -1.59188659
 -2.36445903 -1.57042293 -1.03012936 -1.16422995]
log likelihood =  -12475.410804738081
Edge derivatives =  [5.371348154027215, -6.125155979706473, -2.4908535612096023, 12.401648512186851, 1.3307278145767236, -0.3245972807711834, 1.4944506268851676, -0.6220075193160224, -2.422494256053099, -3.0492726597662054, 8.132330131092969, -3.334322633976928, 3.171507430010094, -2.826151676984694, 0.8473041762255505, -0.5985774650827135]
other derivatives: [-1.03591447 30.99776222 -7.89896148  7.08096195 -5.50189725  0.        ]
Current x array =  [-0.68003086 -0.80025498 -0.53665641  0.59968672 -2.86270478 -0.51082562
 -2.64034108 -0.41830241 -0.99248593 -2.26380058 -3.59124156 -3.57512525
 -0.76185301 -0.90864742 -1.44450742 -1.3752305  -3.13069976 -1.59818189
 -2.33390482 -1.56329718 -1.01698821 -1.18471759]
log likelihood =  -12473.45131123685
Edge derivatives =  [3.644595847462023, -4.387163746961521, -6.993625236188956, 9.303365271422768, 1.5279389634807796, -0.21764624893691759, -2.2051793710122545, 2.427552192256583, -3.218168947963353, 3.3717788927377046, 7.7754446809813444, -1.3329100131335159, 0.2492249139306888, -4.268796588598794, -2.256097149777541, 5.2340113983789385]
other derivatives: [ -0.09877112  31.74100129 -10.79115464   5.49025572 -10.61507646
   0.        ]
Current x array =  [-0.68061676 -0.8013117  -0.53488192  0.60730385 -2.84921709 -0.51082562
 -2.58433941 -0.44039141 -0.97159448 -2.1475938  -3.57815043 -3.57442873
 -0.74973955 -0.94304418 -1.44081777 -1.41994554 -3.06143498 -1.6166029
 -2.28292799 -1.55969474 -1.00421544 -1.22396086]
log likelihood =  -12470.874114664786
Edge derivatives =  [1.0736241034271776, 0.46986221826080377, -5.48467044815628, 2.1045558913758895, 1.5604713749828814, -0.2882331121718529, -6.422267219665301, -0.27736393476035087, -1.1904427161935662, 5.326738577921524, 5.54331996786317, 0.792169442733669, -2.5262313237576355, -1.4130856928012974, -5.038109776160507, 1.4450071063753636]
other derivatives: [ 15.07014531  36.41307558   0.11277734  -2.99642124 -13.32864485
   0.        ]
Current x array =  [-0.68432247 -0.80482246 -0.53648292  0.62677146 -2.84057202 -0.51082562
 -2.48837604 -0.48684873 -1.00311832 -1.93337349 -3.54912947 -3.57472197
 -0.74067305 -0.94757031 -1.46110135 -1.43452028 -2.91257786 -1.64057197
 -2.22225646 -1.58951663 -0.99786205 -1.21302675]
log likelihood =  -12475.183544733258
Edge derivatives =  [-3.507913088660189, -6.10646788077388, -9.308521800237324, -9.2176585001159, 0.6999933599716484, -0.967909445528405, 18.559596274357226, 16.513240547831767, -6.058186323289394, 0.7309406944961377, 2.510061423410582, -3.1185238946105223, -9.484291822746336, -5.885144614790451, 10.413843756347555, 5.6800638621739346]
other derivatives: [ -14.93990567  -17.00664143 -108.6602424    -6.93307811   -0.15006663
    0.        ]
Current x array =  [-0.68116495 -0.77915129 -0.50350283  0.64071492 -2.87001602 -0.51082562
 -2.35058655 -0.44726511 -0.99924576 -1.65971969 -3.49657203 -3.56675444
 -0.86851746 -1.05148809 -1.42746424 -1.40519072 -2.7005364  -1.62176668
 -2.12133576 -1.56456363 -1.08002781 -1.2506479 ]
log likelihood =  -12470.307028454725
Edge derivatives =  [-0.0035209614608753825, -1.1616836879759551, -6.320056672328962, -0.24139797065761215, 1.349968685515208, -0.4509650913004992, 0.0913596485476812, 4.002810275327576, -2.404303621071697, 4.192329430302825, 4.924759259677937, -0.15603361188262566, -4.225503513610786, -2.5358092608495872, -0.9458571238909396, 2.552334545705035]
other derivatives: [  7.76526576  23.34763849 -26.42555046  -4.06034815  -9.62209015
   0.        ]
Current x array =  [-0.68351657 -0.79827033 -0.52806531  0.63033029 -2.8480871  -0.51082562
 -2.45320761 -0.47674569 -1.00212992 -1.863528   -3.53571507 -3.57268839
 -0.77330317 -0.97409356 -1.45251605 -1.4270344  -2.85845788 -1.63577224
 -2.19649817 -1.5831478  -1.01883346 -1.22262891]
log likelihood =  -12469.462929087578
Edge derivatives =  [-0.46919911348601306, 1.4591478708953376, -3.025386951514845, -2.302563926167, 1.169298159289458, -0.4891054943732517, 1.0232488426887758, 2.184253992232186, -1.1254942088956121, 1.6160955920754771, 3.8143201510074896, 0.4326156064750739, -3.7528222760509573, -0.5529667597681326, 0.08010956888568765, -0.9965187857158367]
other derivatives: [ 5.12409315  4.46707418  9.52495611 -4.46452759 -0.91295078  0.        ]
Current x array =  [-0.68238757 -0.78770084 -0.53963097  0.62368416 -2.86539075 -0.51082562
 -2.43316226 -0.49231432 -1.03790611 -1.81427999 -3.52605052 -3.57497895
 -0.7823913  -0.96411694 -1.46948269 -1.41301813 -2.81022639 -1.64207273
 -2.19816325 -1.60417944 -1.02961144 -1.20573235]
log likelihood =  -12469.318809709293
Edge derivatives =  [0.00744845980311859, 2.1204929979762057, -0.4996347912540569, -1.454647256084502, 1.1844210712406618, -0.44467034471399475, 0.9051565222251265, 0.6484069844544861, 0.08794953408585005, 0.18959541289761872, 3.756967751076553, 0.5273722445249903, -2.4293493780279274, 0.8903972445720875, 0.5913488960197251, -2.720484129837632]
other derivatives: [-2.04818207 -3.59214027 -0.41545718 -2.17114575  0.82582119  0.        ]
Current x array =  [-0.68095113 -0.78284998 -0.53743268  0.61835048 -2.86935121 -0.51082562
 -2.44267075 -0.49549068 -1.05570135 -1.83165412 -3.52679207 -3.57696862
 -0.78282767 -0.95155937 -1.47863962 -1.40311181 -2.81262927 -1.64270956
 -2.21473627 -1.61356328 -1.03289254 -1.19560896]
log likelihood =  -12469.264854956291
Edge derivatives =  [0.0016286190979269977, 1.8208710392422185, -0.13417997948476484, -1.4382257063723765, 1.1558939794869207, -0.45286829370381826, 1.1543378740926906, 0.5821249175781791, 0.15671990595543878, -0.17085404039045493, 3.6499011878675143, 0.40492067915081253, -2.196370530584379, 0.9346255562860468, 0.7781383564082479, -2.4070452507895195]
other derivatives: [-0.07785275 -2.99351086  0.07821654 -0.64774213  1.47429091  0.        ]
Current x array =  [-0.6814086  -0.78299839 -0.53774127  0.61479057 -2.87134652 -0.51082562
 -2.44170867 -0.49245502 -1.05870552 -1.83141481 -3.52456473 -3.57754027
 -0.7839757  -0.95050791 -1.479043   -1.40050389 -2.80508018 -1.6415742
 -2.21824305 -1.61323969 -1.03404306 -1.19763909]
log likelihood =  -12469.26241621923
Edge derivatives =  [-0.6080868750139449, -1.3443690723881123, 0.680531818378872, -2.557903512564337, 0.8487124710062119, -0.5908242307659071, 0.6035743378767148, -1.170387319148146, -0.27816664943381664, -2.9017111726917753, 2.2698867062556225, -0.8950631525085869, -1.105401719446137, 0.2756812581539915, 0.10818297521371589, -0.49233834233120316]
other derivatives: [-34.53151294  -2.16423359   3.45207809   9.26738721  -5.46697265
   0.        ]
Current x array =  [-0.67374165 -0.7840615  -0.54083266  0.59670416 -2.85949208 -0.51082562
 -2.42711105 -0.4700549  -1.076649   -1.81621712 -3.50429229 -3.58243684
 -0.78705057 -0.94420135 -1.48056747 -1.38641738 -2.73352    -1.63422523
 -2.24011348 -1.60839225 -1.03779266 -1.21663727]
log likelihood =  -12469.154832592496
Edge derivatives =  [-0.30273840361806337, 0.2442017222105, 0.2773118859030903, -1.9964470924819135, 1.0035651090362212, -0.5219400697116857, 0.8788774460800669, -0.2940480949202457, -0.06029576134493897, -1.5311142217432445, 2.983970968667296, -0.2421208610849741, -1.6467631806064817, 0.6057738076549515, 0.4382201900721152, -1.4429057221800408]
other derivatives: [-17.19417924  -2.56623025   1.75514288   4.3088221   -1.97978807
   0.        ]
Current x array =  [-0.67757217 -0.78353035 -0.53928816  0.60574039 -2.86541473 -0.51082562
 -2.43440423 -0.48124632 -1.06768418 -1.8238101  -3.51442069 -3.57999044
 -0.78551432 -0.9473522  -1.47980582 -1.3934552  -2.76927249 -1.63789688
 -2.2291867  -1.6108141  -1.0359193  -1.20714551]
log likelihood =  -12469.038175794132
Edge derivatives =  [-0.306937912820722, -0.9016425977963639, 1.3883560570801514, -1.891055045215381, 0.9615532871645385, -0.5300706603586866, 0.7473969098900991, -0.5492427470967978, 0.3827734086445174, -1.7246643936449555, 2.4895077244583494, -0.5336903724449806, -0.7909336259443756, 0.699968170850298, 0.39835647078181347, 0.5609116723101368]
other derivatives: [ 2.80051609  3.50992195 -0.93823473  6.51270966 -0.06057235  0.        ]
Current x array =  [-0.68222237 -0.78613458 -0.53821666  0.60037795 -2.87126703 -0.51082562
 -2.42973636 -0.47037282 -1.07430083 -1.82314814 -3.50467994 -3.58274601
 -0.78301448 -0.94377507 -1.48025212 -1.3901582  -2.73641468 -1.6349662
 -2.24217696 -1.60715671 -1.03503302 -1.21949706]
log likelihood =  -12468.994155962495
Edge derivatives =  [-0.3259602051088801, -1.161091071648388, 1.3283603395203272, -1.8100040620025935, 0.9529622088779791, -0.5315853778961288, 0.341062282571968, -0.6126485330229945, 0.3667568606829995, -1.4726085254370762, 2.352192836690674, -0.5717567054954891, -0.6332452063751197, 0.5248500992059206, 0.07071881065646701, 1.1608935359743335]
other derivatives: [ 3.33602657  3.06517904 -0.67775545  5.29980753 -0.15734258  0.        ]
Current x array =  [-0.68232835 -0.7860054  -0.53814117  0.60291035 -2.87084055 -0.51082562
 -2.42936305 -0.46841192 -1.07367427 -1.82541618 -3.50222425 -3.58373764
 -0.78072524 -0.94372844 -1.47985587 -1.3920408  -2.72869842 -1.63493491
 -2.24560124 -1.60532545 -1.03355844 -1.22374721]
log likelihood =  -12468.846333156906
Edge derivatives =  [-0.23800556544058216, -1.435233626496902, 1.783745239002544, -1.083179247740342, 0.892515078620605, -0.5485884770708629, 0.021538737173413813, -0.1882391892809154, 0.6171578999623053, -0.38054677383812285, 1.1818082274478572, -0.5157723238686279, 0.5026542994254211, 0.21802431734414707, -0.20281447725891183, 2.06394710316403]
other derivatives: [-0.91331458  6.19256753  1.65673555 -1.9734216   1.28893589  0.        ]
Current x array =  [-0.68076983 -0.78831949 -0.53827112  0.61766136 -2.87204726 -0.51082562
 -2.42745658 -0.46579509 -1.07414434 -1.83923342 -3.48421684 -3.59168976
 -0.77710396 -0.94535928 -1.47987146 -1.40001442 -2.67336495 -1.63748432
 -2.26747976 -1.59939967 -1.03385685 -1.23323192]
log likelihood =  -12468.886492503247
Edge derivatives =  [-0.37896843635736066, -1.980681248543656, 0.26573741305658916, -0.45547366182207516, 0.7262300917498683, -0.5859201386233296, -1.132836102126185, -0.3831923970533977, -0.19817257441348596, -0.1893677356038391, 0.24211410961127156, -0.7897047395006096, 1.0768487337116224, -0.9509634541072323, -1.1071091315590835, 1.5926996513750291]
other derivatives: [  8.54561222 -15.23585524   3.50555638  -2.88273441  -3.71910573
   0.        ]
Current x array =  [-0.6839534  -0.77668942 -0.53855964  0.6192828  -2.85828185 -0.51082562
 -2.4312016  -0.4643656  -1.06614321 -1.86151312 -3.47105725 -3.59848336
 -0.77411694 -0.94683245 -1.47621494 -1.40595088 -2.6401897  -1.63891171
 -2.28300764 -1.59217652 -1.03377016 -1.23552853]
log likelihood =  -12468.810463708342
Edge derivatives =  [-0.29518152624975724, -1.6556070731379662, 1.170804709920156, -0.8242171920967633, 0.8254572809076195, -0.5636073302086925, -0.44493802127934867, -0.26636384416039605, 0.2865684279419444, -0.3010585254930049, 0.8058630237739555, -0.6264154813541748, 0.7388000742862277, -0.25539350631809055, -0.5694244243659878, 1.87407535716075]
other derivatives: [ 2.97241058 -2.4541805   2.40979716 -2.34522304 -0.74505806  0.        ]
Current x array =  [-0.68206715 -0.78358018 -0.5383887   0.6183221  -2.86643779 -0.51082562
 -2.42898269 -0.46521257 -1.07088384 -1.8483125  -3.47885424 -3.59445818
 -0.77588674 -0.9459596  -1.47838141 -1.40243356 -2.65984588 -1.63806599
 -2.27380745 -1.5964562  -1.03382153 -1.2341678 ]
log likelihood =  -12468.78318149361
Edge derivatives =  [-0.24862338707401865, -1.2098731855193359, 1.0528222048235871, -0.6817914340466493, 0.8287920708621703, -0.5591745378318018, -0.46760123342181326, -0.13254106869886462, 0.33459535282469455, 0.0467676915591094, 0.5663395936090547, -0.45624200265106696, 0.8494784860910056, -0.18036904169644463, -0.5290582046433905, 1.2163474614226701]
other derivatives: [ 0.87129592 -1.91212166  0.30522642 -2.41307134 -0.76088327  0.        ]
Current x array =  [-0.6815796  -0.78397588 -0.53771566  0.61876728 -2.86637629 -0.51082562
 -2.42937684 -0.46905142 -1.06891157 -1.85167553 -3.47532522 -3.59648586
 -0.77551681 -0.94646168 -1.47825472 -1.40480909 -2.6512463  -1.64004993
 -2.27567212 -1.59648291 -1.03442437 -1.23081658]
log likelihood =  -12468.741748934222
Edge derivatives =  [-0.17592211624788123, -0.10262468616604734, 0.42525800933314306, -0.36136391691157366, 0.8017644539879307, -0.5586650183402512, -0.20837040103432253, 0.33463018708636255, 0.20368744365731012, 0.6731295046447007, -0.028265382501182712, -0.06823168214461471, 0.9552776416057077, -0.1530482249844543, -0.2404897027874004, -0.4387793425320555]
other derivatives: [-1.4424586  -0.58098522 -1.02445483 -0.83582563 -0.26975613  0.        ]
Current x array =  [-0.68106174 -0.78486103 -0.53728538  0.61559923 -2.86796164 -0.51082562
 -2.43009494 -0.47824145 -1.06192887 -1.85974118 -3.46550593 -3.60193475
 -0.77614655 -0.94827078 -1.47651893 -1.40929607 -2.63010368 -1.6445639
 -2.27784245 -1.59588844 -1.03696123 -1.22216556]
log likelihood =  -12468.729891001156
Edge derivatives =  [-0.1081636470462804, 0.09371704985601262, -0.009917681981635978, -0.06119952911849558, 0.7582779079787358, -0.5606252094503961, -0.12250313011335229, 0.31738819808825575, -0.046226574893419636, 0.510917922412815, -0.07132351393436054, 0.011610540907631996, 0.8409515333815316, -0.2642970123466619, -0.08109306621384604, -0.40188551052052063]
other derivatives: [-1.25437509 -0.25902409  0.7728886  -0.02673914  0.29376679  0.        ]
Current x array =  [-0.68108608 -0.78511686 -0.53778328  0.6135468  -2.86965859 -0.51082562
 -2.43279414 -0.47954958 -1.05754617 -1.86772483 -3.46074435 -3.60521188
 -0.77618007 -0.94732716 -1.47474333 -1.40838339 -2.62770494 -1.64534392
 -2.27639361 -1.59519655 -1.03775697 -1.22234656]
log likelihood =  -12468.726713549986
Edge derivatives =  [-0.029954409192995912, 0.014494440422923055, -0.6695573003998373, 0.27308114825341323, 0.7002896875857396, -0.5621789787764305, 0.10779721155484207, 0.3479632655506682, -0.3951504159644856, 0.19524547837037987, -0.07216303733831594, 0.025541694293064496, 0.49903198580454666, -0.39421096227872426, 0.2550004608029047, 0.0758340453795352]
other derivatives: [-0.42782631  1.29657565 -5.70471457  1.54395821 -0.41454769  0.        ]
Current x array =  [-0.68149142 -0.78602444 -0.53567599  0.61118155 -2.86892771 -0.51082562
 -2.43582652 -0.47972339 -1.05047862 -1.87689054 -3.45220897 -3.61092646
 -0.77698486 -0.94632566 -1.47160063 -1.40595938 -2.62478518 -1.64578358
 -2.27064864 -1.59398707 -1.0389243  -1.22502416]
log likelihood =  -12468.718752538494
Edge derivatives =  [-0.03663819995545281, 0.03742553205998764, -0.6610897000523352, 0.27680156514132165, 0.676628909080512, -0.5663303165706055, 0.10287330081005763, 0.2159728879469403, -0.4567893090020694, 0.004714445156300179, -0.06620783493706074, 0.020200895956198534, 0.4554593896797722, -0.42303363635682684, 0.2121660282638712, 0.10756837546825754]
other derivatives: [ 0.17062121  1.26310624  0.49385562  0.71213435 -0.16098056  0.        ]
Current x array =  [-0.68146866 -0.78601792 -0.53754601  0.61219385 -2.8690321  -0.51082562
 -2.43615223 -0.47947646 -1.05129223 -1.87714786 -3.45172181 -3.61140216
 -0.77716846 -0.94572509 -1.47198705 -1.40513952 -2.62551845 -1.64565527
 -2.27020468 -1.59451741 -1.03902858 -1.2253275 ]
log likelihood =  -12468.716535668234
Edge derivatives =  [-0.04457446147500416, 0.001218037230845792, -0.5664767885840798, 0.236047022228845, 0.6721287884153013, -0.5663688738705654, 0.1267583124568163, 0.16960421279162313, -0.426696961239321, -0.07613912441361087, -0.06139984507587913, 0.0005947942905421204, 0.43033517688494616, -0.38813218252988324, 0.2085732467493555, 0.13944084167283094]
other derivatives: [ 0.07639755  1.01390469  1.02427293  0.32050593 -0.14915713  0.        ]
Current x array =  [-0.68142718 -0.78588669 -0.53770038  0.61293589 -2.8688846  -0.51082562
 -2.43585889 -0.47914262 -1.05228563 -1.87598101 -3.45147162 -3.61160813
 -0.77741683 -0.94552581 -1.47243716 -1.40466775 -2.62579078 -1.64548079
 -2.26961652 -1.59499373 -1.03905937 -1.225554  ]
log likelihood =  -12468.707383533692
Edge derivatives =  [-0.03647936931202411, 0.022565542836309543, -0.3442918301153011, 0.18910847499451583, 0.6259410118434896, -0.5603433463366357, 0.3372149530905961, -0.0078045724433356, -0.36234903106401584, -0.47337692306933843, -0.1074201413554127, -0.011105342889844145, 0.16577486521310342, -0.19893217377521533, 0.310149134647544, 0.18259560644375422]
other derivatives: [ 0.28721843  0.04438334  1.64127414 -0.86529326  0.15206751  0.        ]
Current x array =  [-0.68145336 -0.78540564 -0.53778548  0.61514669 -2.86909976 -0.51082562
 -2.43569761 -0.47915755 -1.05427821 -1.87418691 -3.44510782 -3.61612219
 -0.77878964 -0.94419276 -1.47383424 -1.4022574  -2.62396448 -1.64550305
 -2.26407527 -1.59743822 -1.03969695 -1.2259679 ]
log likelihood =  -12468.699403233652
Edge derivatives =  [-0.04239030082112949, -0.02034531531793321, -0.27991981589318965, 0.13017510730461385, 0.5553443586838137, -0.5441786780843593, 0.2783602191977663, -0.30962304376985367, -0.3395310867701894, -0.8039525334730053, -0.22009555864852515, -0.025088514915501632, -0.2381100242900049, -0.05577452705043347, 0.16074966707141458, 0.22243585033542895]
other derivatives: [-3.72929208 -1.08975655  1.70548446 -1.02481863 -0.28194336  0.        ]
Current x array =  [-0.68054891 -0.78494557 -0.53786918  0.615622   -2.86811269 -0.51082562
 -2.43603303 -0.47908399 -1.05557426 -1.87360337 -3.43363905 -3.62435158
 -0.77917104 -0.94259166 -1.47556409 -1.40077965 -2.62006851 -1.64573295
 -2.25631124 -1.60013006 -1.03949102 -1.22682648]
log likelihood =  -12468.69114319222
Edge derivatives =  [0.00866618768804317, 0.13917119847007345, 0.05723375790929716, 0.13937854255662785, 0.4888586277715791, -0.507223036303729, 0.2845090034152007, -0.49273385825002936, -0.06467387865487018, -0.834483696116755, -0.46161030739913034, 0.08100073002021083, -0.6368980921649098, 0.31523439155274374, 0.0689433339832708, 0.1311704282951705]
other derivatives: [ 1.09394023  0.02091838  0.62209438 -1.58652256 -0.35215635  0.        ]
Current x array =  [-0.68168645 -0.78538362 -0.53736956  0.61676854 -2.86762353 -0.51082562
 -2.43608811 -0.4803417  -1.05756621 -1.87285559 -3.41670993 -3.63628253
 -0.77921742 -0.94101405 -1.47842521 -1.40065065 -2.61054579 -1.64682585
 -2.24742237 -1.60384729 -1.03919112 -1.22672993]
log likelihood =  -12468.685478929903
Edge derivatives =  [0.018166835591756303, 0.19253294877205115, 0.015006273768714079, 0.1668422097276251, 0.48077526284491134, -0.492339643076598, 0.11960517276071703, -0.4731620683065933, -0.01859730356465855, -0.6178064901186584, -0.5237792736574364, 0.12160785405512231, -0.6735761409765686, 0.3230596592965621, -0.06500001605827377, 0.04702044882989509]
other derivatives: [-0.24319888 -0.14551915 -0.44783519 -0.64446795 -0.31341187  0.        ]
Current x array =  [-0.68142127 -0.78530435 -0.53713574  0.61492381 -2.86813045 -0.51082562
 -2.43650263 -0.48079016 -1.05709752 -1.8739853  -3.4123406  -3.63952495
 -0.77827122 -0.94117482 -1.47886561 -1.40222121 -2.60841103 -1.64720147
 -2.24662018 -1.60396609 -1.03862691 -1.22637767]
log likelihood =  -12468.67988691299
Edge derivatives =  [0.03381628151207999, 0.19826854927003348, 0.04817285578813124, 0.1941682512707016, 0.47493041187781676, -0.46447379759157276, -0.13136113627972273, -0.40283295061725977, 0.09868054643524127, -0.23364543029170115, -0.5559685656043722, 0.1626519233545178, -0.6848407598495959, 0.33164788831935144, -0.2522829340425399, 0.034587230642619315]
other derivatives: [-0.57516445  0.22409949 -0.9438736   0.69248927 -0.10786607  0.        ]
Current x array =  [-0.68136389 -0.78543274 -0.53712421  0.61214481 -2.86913298 -0.51082562
 -2.43707593 -0.4806498  -1.05715862 -1.87489968 -3.40591595 -3.64458806
 -0.77668307 -0.94168816 -1.47982301 -1.40486538 -2.60721874 -1.64732782
 -2.24611648 -1.60398362 -1.03767842 -1.22628724]
log likelihood =  -12468.673721395884
Edge derivatives =  [0.04148369496918747, 0.14474931746174738, 0.10217139167655798, 0.20466730642067132, 0.4508554564608592, -0.43762726105732236, -0.22498740566715647, -0.26901366446490926, 0.18487715885900768, 0.03467630390738233, -0.5499589814557917, 0.15108827261488644, -0.6949445985333685, 0.30667113194699613, -0.2696235656126106, 0.041268781559385515]
other derivatives: [-0.46493369 -0.29049261 -0.88402885  1.05574145  0.20827429  0.        ]
Current x array =  [-0.68139107 -0.78511111 -0.53720113  0.61124346 -2.86994315 -0.51082562
 -2.43754214 -0.48001672 -1.05756844 -1.87487574 -3.3979202  -3.65103252
 -0.77594259 -0.94260071 -1.48074352 -1.40691028 -2.60747884 -1.64702477
 -2.24582861 -1.60388372 -1.03757699 -1.22624375]
log likelihood =  -12468.665873608436
Edge derivatives =  [0.10311650082107707, -0.3222921260964515, 0.48609145152174305, 0.17949116964607914, 0.2963068714945047, -0.3100316195386613, -0.35361059089489205, 0.5116431468614977, 0.6049556686043185, 1.2448292205882057, -0.42455320473038305, 0.019925419748205643, -0.7152518614342231, 0.23071709135154292, -0.07550141577224523, 0.1999642584527901]
other derivatives: [-4.01778379  6.34354365  0.55752025  1.82189979  0.64719643  0.        ]
Current x array =  [-0.68019753 -0.78863566 -0.53795394  0.60988823 -2.87128446 -0.51082562
 -2.43913536 -0.47582572 -1.05975936 -1.87158536 -3.35241123 -3.68786335
 -0.77373274 -0.94786815 -1.48483665 -1.41584273 -2.61127735 -1.64463711
 -2.24513026 -1.60280414 -1.03807104 -1.22639474]
log likelihood =  -12468.645082903811
Edge derivatives =  [0.059836458011857274, -0.502168527781148, 0.17753975743474076, 0.1859756410310366, 0.20723275638679017, -0.29494770210621946, -0.3276764131710072, 0.6466155188352927, 0.40722329560552234, 1.1457266980022567, -0.3424245573583753, -0.11662234960980873, -0.7353366063115251, -0.04123612224962048, 0.08497042490000672, 0.2770597580728752]
other derivatives: [ 0.20263542 -0.102591    0.9609721   1.25837687  0.73196134  0.        ]
Current x array =  [-0.68141437 -0.78509294 -0.53791107  0.61051334 -2.87089338 -0.51082562
 -2.44006476 -0.47449997 -1.05831367 -1.87216062 -3.34191266 -3.6965931
 -0.77414263 -0.94908813 -1.48421303 -1.41622194 -2.61492564 -1.64364131
 -2.24572579 -1.601434   -1.03907975 -1.22684055]
log likelihood =  -12468.638521515379
Edge derivatives =  [0.04805196381876109, -0.5876905062091816, 0.0861968086395141, 0.16221723775536517, 0.16798367073394826, -0.2967886568661514, -0.14390522470180894, 0.6762709690743258, 0.2921608010569131, 0.9152497303932463, -0.27768985010765146, -0.1918485626522482, -0.7113888622795161, -0.11635033472365372, 0.27180812971163004, 0.3066894511581491]
other derivatives: [ 0.5657057  -0.8583811   0.76870492  0.30177034  0.47512003  0.        ]
Current x array =  [-0.68151741 -0.7847523  -0.5377335   0.61257784 -2.86990683 -0.51082562
 -2.44009475 -0.47408965 -1.05776535 -1.8713628  -3.33832319 -3.69973198
 -0.77524626 -0.9493258  -1.48347058 -1.41490088 -2.61740668 -1.64310476
 -2.24660479 -1.6008321  -1.03997145 -1.22691891]
log likelihood =  -12468.62816065856
Edge derivatives =  [0.0462177946969175, -0.6995674173998003, 0.003074999169157766, 0.08065036816006865, 0.054743273749631255, -0.27326052827246167, 0.029256512280831537, 0.6800360078710348, 0.16231907360829856, 0.6245778588720172, -0.13248819093423847, -0.303400833618881, -0.5447754555037411, -0.19401438092618656, 0.4287760819980142, 0.2690527275340606]
other derivatives: [ 0.49894879 -0.82000042 -0.55169949 -0.56297722 -0.12751116  0.        ]
Current x array =  [-0.68153505 -0.78489566 -0.53718582  0.61478154 -2.86826462 -0.51082562
 -2.44044984 -0.47378123 -1.05714884 -1.86907948 -3.32185566 -3.71395714
 -0.77631604 -0.94954648 -1.48260556 -1.41343764 -2.62337849 -1.64213062
 -2.25010683 -1.59962438 -1.04051968 -1.22632203]
log likelihood =  -12468.63154964228
Edge derivatives =  [0.014519063016551037, -0.4005754703360257, -0.3675312269069248, -0.08490942672518331, -0.17841045578559245, -0.253384474564559, 0.12076191055093038, 0.15896583728710084, -0.26720461066228995, -0.2815158570118298, -0.0644028627803733, -0.29461478714587414, -0.3885738972190862, -0.2877691565460744, 0.19662701597790821, -0.04871121968660208]
other derivatives: [ 1.50121195 -0.5829861   8.59326974 -1.75787136 -0.8065399   0.        ]
Current x array =  [-0.68163157 -0.78529074 -0.53974133  0.61671239 -2.86621365 -0.51082562
 -2.44085959 -0.47657636 -1.05564069 -1.8666225  -3.29696237 -3.73553532
 -0.77783034 -0.94697172 -1.48089945 -1.40890188 -2.6284665  -1.64240843
 -2.2542732  -1.59927446 -1.0398659  -1.22449583]
log likelihood =  -12468.624302054963
Edge derivatives =  [0.03282999777202017, -0.5732095016564652, -0.15319236225188176, 0.010923255426719902, -0.0420711096840938, -0.26456621975407574, 0.06810355558623438, 0.46051701559515806, -0.018367760705389202, 0.24327119038209705, -0.10350430834076552, -0.29919797820897776, -0.4787104811455334, -0.23348464156567708, 0.3310011349225036, 0.13538214569567514]
other derivatives: [ 0.92277332 -0.71922841  3.31419869 -1.06701918 -0.41363819  0.        ]
Current x array =  [-0.68157577 -0.78506234 -0.53826398  0.61559616 -2.86739932 -0.51082562
 -2.44062271 -0.47496049 -1.05651256 -1.86804289 -3.31135324 -3.72306093
 -0.77695492 -0.94846019 -1.48188575 -1.41152402 -2.62552511 -1.64224783
 -2.25186461 -1.59947675 -1.04024385 -1.22555156]
log likelihood =  -12468.617863199299
Edge derivatives =  [0.05397176487359334, -0.4753525119485401, -0.15008317105038826, -0.05110475305336781, -0.1262010552051604, -0.23885604524338175, 0.07581407772959903, 0.3405906710586152, -0.056451630077597015, 0.06965508568255696, -0.012296037932257808, -0.29246677597249815, -0.23197896684075192, -0.18854085661328146, 0.2551105420062457, -0.0029652449683984505]
other derivatives: [ 0.47020876  0.04947651  0.76342985 -0.87293301 -0.73650881  0.        ]
Current x array =  [-0.68152981 -0.78557601 -0.53740805  0.6156785  -2.86694699 -0.51082562
 -2.44089542 -0.47617934 -1.05607866 -1.86654549 -3.29770858 -3.73525071
 -0.7770489  -0.94767943 -1.48121849 -1.41048958 -2.62960052 -1.64222259
 -2.25627155 -1.5987572  -1.0395219  -1.22435713]
log likelihood =  -12468.614555441978
Edge derivatives =  [0.07394757918129519, -0.257438310234386, -0.11739098098536098, -0.08109366887683789, -0.1738942451953528, -0.2202869834037321, -0.017170494780202328, 0.1396059590272798, -0.05174744077825616, -0.036531357258397595, -0.004977233706909487, -0.20509727081180934, -0.08553615343015841, -0.09299891044100081, 0.04545784227807004, -0.1373876665669161]
other derivatives: [-0.3947207   0.1713488  -0.3097739  -0.29594958 -0.6180926   0.        ]
Current x array =  [-0.68137004 -0.78572049 -0.53706904  0.61462266 -2.86762242 -0.51082562
 -2.44104211 -0.47801384 -1.05603201 -1.86619962 -3.2897934  -3.7425691
 -0.77665096 -0.94632107 -1.48108269 -1.40985977 -2.6304575  -1.64292854
 -2.25864758 -1.59894422 -1.03834618 -1.22344342]
log likelihood =  -12468.613730879752
Edge derivatives =  [0.0999702146967146, -0.034877504598383346, -0.030606627842735712, -0.06066387287638808, -0.18059044642303745, -0.20641049735577552, -0.03385644544732175, 0.022595525768749736, 0.002234320664740219, -0.04450934282564392, -0.015151209640611008, -0.08217613594566085, -0.01167060943730619, 0.022062075045725268, -0.05911404720280167, -0.15752887313724573]
other derivatives: [ 1.5614205   0.68830559 -0.40927262  0.10095391 -0.17353159  0.        ]
Current x array =  [-0.68182744 -0.78594608 -0.53698927  0.61365165 -2.86882749 -0.51082562
 -2.44099283 -0.47958636 -1.05616094 -1.86651218 -3.2871545  -3.74559603
 -0.77640714 -0.94521967 -1.48115759 -1.40957718 -2.62984945 -1.64380969
 -2.25949154 -1.59941489 -1.03760313 -1.22313989]
log likelihood =  -12468.613311174588
Edge derivatives =  [0.09343451554892837, 0.048279045580526675, -0.05067160533763401, -0.06420529996724089, -0.17955588881878998, -0.20588952415469597, -0.06966574134658216, -0.06172316490228019, -0.0207981059575153, -0.09441111173206601, -0.03654092211729358, -0.040638796791867826, -0.017415238831976237, 0.027359816105937008, -0.12942109483277486, -0.17454723333235067]
other derivatives: [-0.79162419 -0.24865585 -0.15916157  0.22864697  0.03601599  0.        ]
Current x array =  [-0.68128521 -0.78553088 -0.53711408  0.61331725 -2.86941772 -0.51082562
 -2.4408982  -0.48020705 -1.05621602 -1.86687617 -3.28796916 -3.74537124
 -0.77636986 -0.94472858 -1.48116837 -1.40938751 -2.62925387 -1.64424142
 -2.25946538 -1.59967736 -1.03739868 -1.22318762]
log likelihood =  -12468.613117773191
Edge derivatives =  [0.0925338607032429, 0.0028882138341399244, -0.045617411589657125, -0.05796552453517301, -0.17368550192757182, -0.20708695104377306, -0.042604354120373056, -0.01261391048767091, -0.01414401872465576, -0.06460801241852751, -0.02918361311153042, -0.057371846487073774, -0.03167696506805137, 0.013531908627701515, -0.07697527821331096, -0.14257253819257992]
other derivatives: [-0.10004442 -0.05438778 -0.07512426  0.10077201 -0.00291038  0.        ]
Current x array =  [-0.68143695 -0.78560293 -0.53712801  0.61357174 -2.86923574 -0.51082562
 -2.44087511 -0.47983394 -1.05622895 -1.86683908 -3.28865872 -3.74473482
 -0.7764534  -0.94502655 -1.48118865 -1.40953897 -2.62935639 -1.64406972
 -2.25922251 -1.59957848 -1.03763049 -1.22334358]
log likelihood =  -12468.61301028715
Edge derivatives =  [0.09228647986880151, -0.0035838708331388525, -0.03604976423710021, -0.052266090206462223, -0.16975042363039583, -0.20574028032129726, -0.020288266862918403, 0.005102520743625438, -0.009475415283018762, -0.051175665758177974, -0.022784699252170748, -0.0521929376742258, -0.03274713019653408, 0.01052743852550208, -0.04457073568944592, -0.1121441088926588]
other derivatives: [ 0.13133103 -0.00600267 -0.02473826  0.02073648  0.0336513   0.        ]
Current x array =  [-0.68148272 -0.78561692 -0.53713741  0.61371716 -2.86926563 -0.51082562
 -2.44079941 -0.47976203 -1.05626723 -1.86686927 -3.28899858 -3.74470656
 -0.77653648 -0.94510354 -1.48119354 -1.40959566 -2.62943662 -1.64408049
 -2.25920272 -1.59954644 -1.0377652  -1.22349548]
log likelihood =  -12468.61273080924
Edge derivatives =  [0.09090640320156029, 0.004685794560558287, -0.003613810963889519, -0.03669053171246328, -0.15980530190239217, -0.19800604062856353, 0.040406345401500676, 0.031602085180508, 0.0030034015999622077, -0.019965458828688748, -0.000544110167443379, -0.01697710362860046, -0.019385519696483444, 0.008045810581120208, 0.03803919341787354, -0.016779750986398112]
other derivatives: [ 0.4296453   0.06111804  0.05784386 -0.16443664  0.17043931  0.        ]
Current x array =  [-0.6815288  -0.78563119 -0.53715269  0.61405022 -2.86944727 -0.51082562
 -2.44048406 -0.47978244 -1.05640888 -1.86700598 -3.28953768 -3.74549351
 -0.77678263 -0.9451611  -1.48118887 -1.40971881 -2.62978169 -1.64426485
 -2.25944093 -1.59946806 -1.03809668 -1.2239729 ]
log likelihood =  -12468.612384411068
Edge derivatives =  [0.08470145210753585, 0.020700065695417602, 0.02512635673930788, -0.024111543599806717, -0.1480617455821821, -0.18599212276489388, 0.07818301323645954, 0.031935143256927645, 0.014044607097934203, 0.013660051523146977, 0.02306204452976937, 0.032447086948423916, 0.005255284848757369, 0.005566534656750589, 0.09846438722901152, 0.08057458191919098]
other derivatives: [ 0.4807589   0.11041266  0.09804353 -0.23464963  0.22100721  0.        ]
Current x array =  [-0.68152288 -0.78563607 -0.53717209  0.61418499 -2.86946096 -0.51082562
 -2.43999677 -0.47992358 -1.05657597 -1.8672322  -3.29001223 -3.74706095
 -0.77697265 -0.94510042 -1.48117632 -1.40986984 -2.63017578 -1.64455362
 -2.25989822 -1.5993825  -1.0383461  -1.22448152]
log likelihood =  -12468.611528836855
Edge derivatives =  [0.04898122496347812, 0.027018591894122146, 0.051618757484597155, -0.000736964526075079, -0.11400286429899442, -0.1519331844730875, 0.09989534886796986, 0.004571168035998163, 0.022707216018820753, 0.07404087742605348, 0.0641166428748433, 0.12254364980330748, 0.05636989301754307, -0.017520072603501448, 0.15465453031590115, 0.23282937654441477]
other derivatives: [ 0.94714778 -0.31741365  0.11623342 -0.24338078  0.0685759   0.        ]
Current x array =  [-0.68163508 -0.78534462 -0.53720017  0.61422717 -2.86890406 -0.51082562
 -2.43834031 -0.48015121 -1.05687979 -1.86800636 -3.29206509 -3.75195179
 -0.77722083 -0.94494356 -1.48107438 -1.41013799 -2.63094016 -1.64503514
 -2.26092464 -1.59915465 -1.03862618 -1.22532413]
log likelihood =  -12468.611306027487
Edge derivatives =  [0.007397571733661568, 0.06866717093280694, 0.14813799948229434, 0.057066379432114234, -0.04159327778955454, -0.09742423658004987, 0.1205526210064084, -0.028295934810596945, 0.08164705190847044, 0.2214524955202527, 0.1039876623026575, 0.2718974446112899, 0.12061851793813336, 0.008066755026744754, 0.18000897414798955, 0.4089329288313872]
other derivatives: [-0.02382876  1.43318175  0.43310138  0.02437446 -0.11332304  0.        ]
Current x array =  [-0.68131922 -0.7862414  -0.53739129  0.61384764 -2.86846008 -0.51082562
 -2.43554819 -0.48067267 -1.05739299 -1.86958757 -3.29666439 -3.75935306
 -0.77731246 -0.94461234 -1.48103677 -1.41061454 -2.6311629  -1.64573972
 -2.26204699 -1.5990619  -1.03867169 -1.22623387]
log likelihood =  -12468.610348029428
Edge derivatives =  [-2.7616572591648847e-05, 0.059667796573983745, 0.09591526310582202, 0.04037226399573046, -0.054558191230098106, -0.1035402815221187, 0.06239909791132536, -0.053720537614996955, 0.052777628069862303, 0.15499419012957164, 0.08080296704688189, 0.21923024594433882, 0.10950085715052885, -0.004490883298209729, 0.09465779527757567, 0.29164824233399267]
other derivatives: [ 0.16207196  0.19117579 -0.00363798  0.05529728 -0.16352715  0.        ]
Current x array =  [-0.68143342 -0.78559964 -0.53723119  0.61376459 -2.86840575 -0.51082562
 -2.43572957 -0.4806505  -1.05719131 -1.86946123 -3.2961623  -3.75916514
 -0.77712346 -0.94456966 -1.48095473 -1.41032123 -2.63096291 -1.64545054
 -2.26189495 -1.59909816 -1.03834915 -1.22564861]
log likelihood =  -12468.609936654277
Edge derivatives =  [-0.01266554307949369, 0.05926264711812351, 0.0614440340814561, 0.036015105963933314, -0.05450599341016031, -0.10128577482898422, 0.0053559082329802665, -0.07637104290087027, 0.035105477844385946, 0.11211594175315107, 0.05723768512269191, 0.17934563065523965, 0.10194913749321467, -0.006122626176030085, -0.0037713046098578618, 0.17239263720516246]
other derivatives: [ 0.05366019 -0.24992914  0.01346052  0.13205863 -0.21627784  0.        ]
Current x array =  [-0.68143885 -0.78539463 -0.53722776  0.61359982 -2.86838634 -0.51082562
 -2.4354229  -0.48068367 -1.05703899 -1.86961881 -3.29659093 -3.76025164
 -0.77687984 -0.94450817 -1.48086636 -1.41005996 -2.630628   -1.64515272
 -2.26179338 -1.59915432 -1.03794361 -1.22502196]
log likelihood =  -12468.609448173
Edge derivatives =  [-0.036716094149429, 0.042809314676763494, 0.04755276589385979, 0.050742553921819145, -0.033893606469380846, -0.08622065153590559, -0.044226623226378936, -0.06669261476070831, 0.03565310146828338, 0.08340405563809108, 0.031521045864659106, 0.11790024527753479, 0.09766210795451284, 0.008315840747611273, -0.10576350840280546, 0.015260609244862222]
other derivatives: [-0.19681465 -0.41691237 -0.75997377  0.21045707 -0.25065674  0.        ]
Current x array =  [-0.68141806 -0.78535213 -0.53697567  0.61352678 -2.86848821 -0.51082562
 -2.43431159 -0.48063398 -1.05684536 -1.87014523 -3.29859922 -3.76359321
 -0.77656574 -0.94455279 -1.48067864 -1.40966475 -2.63015461 -1.64455233
 -2.26167385 -1.59918532 -1.03744815 -1.22411892]
log likelihood =  -12468.609103291874
Edge derivatives =  [-0.0737179420850575, 0.058931842693736386, 0.006326295631811946, 0.06815086483032678, -0.01273422158807444, -0.06589228385262805, -0.09580138655918241, -0.07458692790752391, 0.005660380154273781, 0.022644750684451237, 4.876151057164879e-05, 0.059149855186683, 0.08759158843508112, 0.0028630145609844955, -0.22901659598796215, -0.15822703917625736]
other derivatives: [-0.21391315 -0.50567905  0.47475623  0.15152182 -0.12860255  0.        ]
Current x array =  [-0.68140092 -0.78536465 -0.5373295   0.61349826 -2.86887521 -0.51082562
 -2.43282657 -0.4807046  -1.05661834 -1.87084799 -3.30122865 -3.76827067
 -0.7762467  -0.94453228 -1.48041067 -1.40911241 -2.62959471 -1.64388697
 -2.26161321 -1.59923068 -1.0369348  -1.22313929]
log likelihood =  -12468.608834103456
Edge derivatives =  [-0.07624156454059883, 0.02960363403695504, 0.0264756545680134, 0.08081636416589844, 9.432242575614647e-05, -0.06035786975744756, -0.05341399782473011, -0.025271294236598518, 0.019099664259181026, 0.04610163827936828, 0.01077018803923109, 0.04657604381696413, 0.0822722137439155, 0.0037500642706133104, -0.15825281499114285, -0.12013246482595175]
other derivatives: [-0.21864253 -0.20427251  0.00400178  0.04947651 -0.08312782  0.        ]
Current x array =  [-0.68138969 -0.78552343 -0.53718031  0.61375998 -2.86895622 -0.51082562
 -2.43250734 -0.48047246 -1.05661785 -1.87093119 -3.30226241 -3.76895571
 -0.77636118 -0.94475223 -1.48036356 -1.40911953 -2.62968491 -1.64369289
 -2.26148838 -1.59914882 -1.03720636 -1.223295  ]
log likelihood =  -12468.608703852831
Edge derivatives =  [-0.07879805227554593, 0.00975238078503704, 0.03820552213766967, 0.09047740113594516, 0.010264803488974628, -0.05469026389863538, -0.008649175611113447, 0.017626652190087744, 0.024139993943902593, 0.054578514722992744, 0.022169324607929836, 0.03256925822794286, 0.07568072697780671, 0.0017998135411171623, -0.07801664335932512, -0.07594773833961493]
other derivatives: [ 0.09022187  0.07494236 -0.08876668 -0.06402843  0.00400178  0.        ]
Current x array =  [-0.68144627 -0.78566482 -0.53713905  0.61398506 -2.86911702 -0.51082562
 -2.43224004 -0.48027877 -1.05657854 -1.87094457 -3.30315171 -3.7698615
 -0.77648836 -0.94493403 -1.48028294 -1.40904048 -2.62978362 -1.64347225
 -2.26136117 -1.59906999 -1.03753019 -1.22347674]
log likelihood =  -12468.608652554713
Edge derivatives =  [-0.08224838225711417, -0.001082282055877043, 0.03106249324195795, 0.08916967637879575, 0.013668627440078213, -0.05166013502318913, 0.012309854228265249, 0.032099727357356556, 0.015393465360325487, 0.04328125227102725, 0.028212793851648835, 0.020121394981651393, 0.06737706775729438, -0.007210419393560357, -0.027288245206433692, -0.046072517763582455]
other derivatives: [-0.17989805  0.06293703 -0.04820322 -0.11805241  0.05784386  0.        ]
Current x array =  [-0.68137558 -0.78567069 -0.53715357  0.61408657 -2.86922859 -0.51082562
 -2.43214284 -0.48017867 -1.05652509 -1.87087852 -3.30358735 -3.77052265
 -0.77657686 -0.94501385 -1.48021087 -1.40893553 -2.62984801 -1.64332516
 -2.26126037 -1.59902216 -1.0377744  -1.22363454]
log likelihood =  -12468.608570582881
Edge derivatives =  [-0.08434461899570905, -0.013026928442798763, 0.011006508114917185, 0.0814101895708384, 0.015060355001293019, -0.04910208620183256, 0.027282128170518227, 0.04231599856885798, -0.0002526748200830098, 0.01074392853118561, 0.03131107892013546, -0.009095152182183602, 0.05071582288855289, -0.014594655748373191, 0.030488523319614713, -0.023810386690708174]
other derivatives: [ 0.1551598   0.03747118  0.06766641 -0.12805685  0.10568328  0.        ]
Current x array =  [-0.68145542 -0.78565508 -0.5371775   0.61407093 -2.86934346 -0.51082562
 -2.43217668 -0.48005404 -1.0563691  -1.87065716 -3.30397779 -3.77137897
 -0.77663074 -0.94507092 -1.48008429 -1.40866968 -2.62981127 -1.64303135
 -2.26099155 -1.5989915  -1.03804728 -1.2237351 ]
log likelihood =  -12468.608489843835
Edge derivatives =  [-0.08522520791199278, -0.019110075020856154, -0.01593237492803981, 0.0656335755338931, 0.013392751249888132, -0.047862207155976, 0.020476005326469593, 0.02908573675620546, -0.019018712468292454, -0.026456117123465628, 0.030571584721444195, -0.03210524190341724, 0.03429055111062128, -0.021310699707383605, 0.059063059089524916, -0.010296476766028684]
other derivatives: [ 0.10422809 -0.07057679  0.10932126 -0.05020411  0.08767529  0.        ]
Current x array =  [-0.68145281 -0.78560373 -0.53719337  0.61390843 -2.86934278 -0.51082562
 -2.4323543  -0.48001242 -1.05622343 -1.87037322 -3.30406731 -3.7720476
 -0.77663425 -0.94503313 -1.47998429 -1.40842494 -2.62972245 -1.64282866
 -2.26073607 -1.5989973  -1.03821206 -1.22382399]
log likelihood =  -12468.608387238648
Edge derivatives =  [-0.08070580669955962, -0.017895445221002892, -0.04064293136120997, 0.04092012328956085, 0.012277206140149044, -0.045345405704431824, -0.0004027874012049737, -0.001140047395587318, -0.03468858421117915, -0.06331234778290729, 0.025793023874438117, -0.051047142046716475, 0.01284728976273522, -0.021025649537655827, 0.05959727082117017, -0.001181397187605182]
other derivatives: [ 0.02619345 -0.10659278  0.08330971  0.0520231   0.02437446  0.        ]
Current x array =  [-0.68144668 -0.78559177 -0.53718911  0.61372357 -2.86925701 -0.51082562
 -2.43276974 -0.48004147 -1.05608408 -1.86989468 -3.30407815 -3.77301806
 -0.77659182 -0.94491464 -1.47990676 -1.40817539 -2.62951389 -1.64266151
 -2.26036368 -1.59906289 -1.0382424  -1.22390317]
log likelihood =  -12468.60825892549
Edge derivatives =  [-0.06592255045153245, -0.004138758060562797, -0.05221827115521249, 0.007692791331835647, 0.012553842720176026, -0.04034631646528346, -0.02083440621530247, -0.036717393768622486, -0.0415360355521866, -0.08671629914005616, 0.017209457897106248, -0.05729901585667215, -0.014767913575153946, -0.013236615688015093, 0.034297256608048055, 0.010203257242801966]
other derivatives: [-0.01618901 -0.13515091  0.05566108  0.09058567 -0.02455636  0.        ]
Current x array =  [-0.68144599 -0.78558296 -0.53717827  0.61366841 -2.86918146 -0.51082562
 -2.43359299 -0.48014453 -1.05600456 -1.8691232  -3.30396561 -3.77443818
 -0.77655623 -0.94476877 -1.47989428 -1.40800866 -2.62916558 -1.64259029
 -2.25984462 -1.59920324 -1.03813971 -1.22400592]
log likelihood =  -12468.608118553095
Edge derivatives =  [-0.033711731669525846, 0.010687048901344198, -0.030854948802250898, -0.026418630533364018, 0.020136588900798585, -0.028486120666430467, -0.007443830545698249, -0.028524973452558333, -0.024519705105428835, -0.06083892619635567, 0.004575921881917966, -0.040647976765535, -0.04472510775835695, 0.005320411226851545, 0.005409664264970027, 0.004960422805102227]
other derivatives: [-0.11223165  0.21718733  0.07858034  0.13151293 -0.02546585  0.        ]
Current x array =  [-0.68141164 -0.78576422 -0.53719608  0.61361115 -2.86920256 -0.51082562
 -2.43500291 -0.48018196 -1.05604476 -1.86805235 -3.30390363 -3.77694836
 -0.77661927 -0.94485645 -1.48000697 -1.40810305 -2.62859525 -1.64263651
 -2.25921776 -1.59939607 -1.0380026  -1.22398612]
log likelihood =  -12468.608058712893
Edge derivatives =  [-0.0077367369668335795, 0.023283960203813597, -0.004905258186456651, -0.04944213403503794, 0.024752946098612214, -0.01986964055668297, -0.0027886458279603454, -0.02180028178582294, -0.0031901489135883754, -0.01727366520966514, -0.005903293567391776, -0.00812421378005585, -0.05939645819818218, 0.013290876458993857, -0.03417473057987375, 0.0052736543608623565]
other derivatives: [ 0.02073648 -0.18426363 -0.16152626  0.04401954 -0.01145963  0.        ]
Current x array =  [-0.68145617 -0.78553118 -0.53711963  0.61378934 -2.8691618  -0.51082562
 -2.43621625 -0.48022778 -1.05619835 -1.8672898  -3.30364152 -3.77846555
 -0.77668014 -0.94494465 -1.4801927  -1.40840915 -2.62818979 -1.6428869
 -2.25888378 -1.59954202 -1.03783268 -1.22403132]
log likelihood =  -12468.608023432951
Edge derivatives =  [-0.01052065078927733, 0.02096097505471381, 0.003952039161533694, -0.035904867450052835, 0.024967861378633854, -0.02089479927033823, 0.00627803080192374, -0.007464735374149878, 0.0017719262478897435, -0.002720280517255258, -0.003221851012302046, 0.0004979094899269986, -0.046454452610672076, 0.012097677694156522, -0.027466839419657108, -0.0015336227601206454]
other derivatives: [-0.00200089 -0.0176442   0.01509761  0.0165528   0.00964064  0.        ]
Current x array =  [-0.68143681 -0.78561826 -0.53717694  0.61383055 -2.86919002 -0.51082562
 -2.43598641 -0.4801969  -1.05624655 -1.86757615 -3.30361676 -3.77810011
 -0.77669048 -0.94500445 -1.48021466 -1.40850611 -2.62829425 -1.64295282
 -2.25912498 -1.59949479 -1.03785895 -1.22397498]
log likelihood =  -12468.608012034567
Edge derivatives =  [-0.010529615988060403, 0.016869980388066058, 0.012492189599562137, -0.026909451728085787, 0.025795144421425414, -0.02067088670195304, 0.014933853151200216, 0.005952681016017036, 0.007387634917314201, 0.010605429427668456, -0.0008684735157512835, 0.00796271737399405, -0.036630911139721306, 0.011593120096061865, -0.015458534079101804, -0.0023753552361631125]
other derivatives: [-0.0167347   0.04238245  0.01437002 -0.00636646  0.02601155  0.        ]
Current x array =  [-0.6814273  -0.78564683 -0.53717903  0.61387515 -2.86920932 -0.51082562
 -2.43591071 -0.48015679 -1.05628383 -1.8677417  -3.30358579 -3.778016
 -0.77670792 -0.94506456 -1.48023545 -1.4085892  -2.62835273 -1.64300726
 -2.25930006 -1.59945811 -1.03791004 -1.22395664]
      fun: 12468.608012034567
 hess_inv: <22x22 LbfgsInvHessProduct with dtype=float64>
      jac: array([ 0.0167347 , -0.04238245, -0.01437002,  0.00636646, -0.02601155,
       -0.        ,  0.01052962, -0.01686998, -0.01249219,  0.02690945,
       -0.02579514,  0.02067089, -0.01493385, -0.00595268, -0.00738763,
       -0.01060543,  0.00086847, -0.00796272,  0.03663091, -0.01159312,
        0.01545853,  0.00237536])
  message: b'CONVERGENCE: REL_REDUCTION_OF_F_<=_FACTR*EPSMCH'
     nfev: 79
      nit: 71
   status: 0
  success: True
        x: array([-0.6814273 , -0.78564683, -0.53717903,  0.61387515, -2.86920932,
       -0.51082562, -2.43591071, -0.48015679, -1.05628383, -1.8677417 ,
       -3.30358579, -3.778016  , -0.77670792, -0.94506456, -1.48023545,
       -1.4085892 , -2.62835273, -1.64300726, -2.25930006, -1.59945811,
       -1.03791004, -1.22395664])
