number of sites to be analyzed:  331
log likelihood =  2658.0345826129474
Lr derivatives =  [87.93364334423244, -29.63976682846716, 5.329070518200751e-15]
other derivatives =  [ 10.31767169  -0.65065251  37.37773113 -19.52507773 187.49410629
   7.61747287]
Current x_clock array =  [-0.66436107 -0.63572787 -0.68653012  0.74193734 -0.10536052 -0.51082562
 -0.51082562 -0.51082562 -0.51082562]
log likelihood =  2510.29572115172
Lr derivatives =  [-49.15882784398765, -51.07530825162439, -1.0658141036401503e-14]
other derivatives =  [-72.49100236   6.68874236 -63.23562047   4.02742444 130.19093785
   7.79573384]
Current x_clock array =  [-0.7130913  -0.63296149 -0.86306465  0.83415403 -0.9908927  -0.54680285
 -0.92613506 -0.508413   -0.51082562]
log likelihood =  2474.169646210989
Lr derivatives =  [-130.16953479255844, -49.99729007412472, -2.842170943040401e-14]
other derivatives =  [713.30250648 -10.83112693  11.21675268  41.53071131  14.3460511
   4.53501343]
Current x_clock array =  [-0.3848694  -0.66530786 -0.72639696  0.91586137 -2.66683443 -0.6281221
 -1.13037596 -0.29433873 -0.51082562]
log likelihood =  2432.1528029132746
Lr derivatives =  [-91.74602775139016, -49.224051138231744, -1.4210854715202004e-14]
other derivatives =  [200.64394448  -1.62194738 -28.38946784  22.83686626  65.1999926
   5.96069185]
Current x_clock array =  [-0.54178477 -0.6498438  -0.79173465  0.87679896 -1.86560508 -0.58924523
 -1.03273306 -0.39668273 -0.51082562]
log likelihood =  2383.339405245234
Lr derivatives =  [-111.51319437507604, -38.928355603960924, 2.842170943040401e-14]
other derivatives =  [-96.2849299   -1.42358658  16.94752427  31.55323611   5.83904693
   3.78736331]
Current x_clock array =  [-0.70979637 -0.66245135 -0.69312501  0.88525061 -2.82520761 -0.63981381
 -1.01072586 -0.22106105 -0.51082562]
log likelihood =  2357.004786952686
Lr derivatives =  [-79.24507218382577, -23.393050738589366, 3.552713678800501e-15]
other derivatives =  [-32.40188562   6.4809683   33.62233656  28.08042154   3.20269464
   2.13158273]
Current x_clock array =  [-0.66543477 -0.66464063 -0.66011148  0.83778728 -3.02272104 -0.65579273
 -0.8160892  -0.11126818 -0.51082562]
log likelihood =  2330.2067562399243
Lr derivatives =  [-16.519738886018857, -5.701957153499684, 3.019806626980426e-14]
other derivatives =  [ 31.21340342  -9.88702595 -15.64785634  17.34242687   4.37153176
  -2.00957402]
Current x_clock array =  [-0.62359387 -0.71320326 -0.71414218  0.69874555 -3.39333688 -0.68506062
 -0.37614184  0.         -0.51082562]
log likelihood =  2326.462790744209
Lr derivatives =  [-1.6143956919585387, -4.170791823792901, 6.439293542825908e-15]
other derivatives =  [18.31704139 14.96682671 17.53123797 11.58568921  4.31164153 -2.86713657]
Current x_clock array =  [-0.63385239 -0.68669529 -0.66416316  0.59974852 -3.56053519 -0.68708127
 -0.21269966  0.         -0.51082562]
log likelihood =  2324.7250720605125
Lr derivatives =  [2.5626283509952352, -4.363896635585343, -3.097522238704187e-14]
other derivatives =  [-3.78568075 -7.0128408   4.19104254  8.50823199  1.57824616 -3.39682629]
Current x_clock array =  [-0.64747029 -0.71829969 -0.6792961   0.51045184 -3.73958309 -0.68420008
 -0.10330644  0.         -0.51082562]
log likelihood =  2324.2703778737186
Lr derivatives =  [3.6239010016098963, -4.594971894400718, 6.6058269965196814e-15]
other derivatives =  [-6.07988113  1.00681063 -3.01824912  7.17018338 -0.18708306 -3.84939085]
Current x_clock array =  [-0.64875099 -0.7083163  -0.68889784  0.45051501 -3.83445135 -0.67574003
 -0.05883078  0.         -0.51082562]
log likelihood =  2323.8003701882053
Lr derivatives =  [3.542262017961547, -5.214539257236811, -1.0325074129013956e-14]
other derivatives =  [-1.86946636 -2.75472303  2.31125341  4.87029865 -1.73017725 -3.47899913]
Current x_clock array =  [-0.64538313 -0.71334372 -0.68326702  0.35194423 -3.92758181 -0.64932165
 -0.02031215  0.         -0.51082562]
log likelihood =  2323.197857486686
Lr derivatives =  [2.8663328291987415, -5.7408811865672345, -3.3861802251067274e-14]
other derivatives =  [ 3.21783773  4.55311238 -2.38610482  2.15186446 -1.88983904 -2.60165507]
Current x_clock array =  [-0.64197472 -0.70100089 -0.6931105   0.22728169 -3.94673618 -0.59225379
 -0.0321953   0.         -0.51082562]
log likelihood =  2322.852609794615
Lr derivatives =  [0.8142870022194291, -6.356840502221721, 1.2878587085651816e-14]
other derivatives =  [ 3.50764822  0.9957148  -0.2149136  -0.67689143 -0.77752702 -1.04919309]
Current x_clock array =  [-0.64181515 -0.70168828 -0.69412128  0.13634334 -3.89221013 -0.53302121
 -0.08091139  0.         -0.51082562]
log likelihood =  2322.7903031847077
Lr derivatives =  [0.07179731218449725, -6.432617401336529, -2.353672812205332e-14]
other derivatives =  [ 0.5880338   0.71436261 -0.46588866 -0.60308594  0.01905391 -0.66706889]
Current x_clock array =  [-0.64391865 -0.70087265 -0.69505971  0.15545907 -3.84148465 -0.51660809
 -0.11028792  0.         -0.51082562]
log likelihood =  2322.780519615572
Lr derivatives =  [-0.5844490352793335, -6.58390602351125, -3.774758283725532e-14]
other derivatives =  [ 1.11758709 -0.24915607  0.2926754  -0.1666649  -0.01896296 -0.50372364]
Current x_clock array =  [-0.6435473  -0.70187257 -0.69411014  0.17658437 -3.82679151 -0.50880485
 -0.1219147   0.         -0.51082562]
log likelihood =  2322.7798421156836
Lr derivatives =  [-0.5408462618161436, -6.660741254774264, 1.509903313490213e-14]
other derivatives =  [-3.90714376 -0.17275852  0.41313797 -0.01859917 -0.12973942 -0.39385668]
Current x_clock array =  [-0.64694844 -0.70162709 -0.69384616  0.18184904 -3.83016197 -0.5007686
 -0.11900688  0.         -0.51082562]
log likelihood =  2322.7752432827197
Lr derivatives =  [-0.4968957587869718, -6.643271584813826, -5.329070518200751e-15]
other derivatives =  [-1.35892151 -0.13292265  0.25879672 -0.05879883 -0.09049472 -0.39594852]
Current x_clock array =  [-0.64521744 -0.70164126 -0.69412859  0.18029209 -3.83024804 -0.50082541
 -0.11893328  0.         -0.51082562]
log likelihood =  2322.772240403885
Lr derivatives =  [-0.41859652621135957, -6.665034180746544, -1.509903313490213e-14]
other derivatives =  [-0.01846274 -0.05279617  0.19058461 -0.06493792 -0.08340066 -0.32105163]
Current x_clock array =  [-0.64431035 -0.70153566 -0.69431165  0.18006072 -3.83210305 -0.4958293
 -0.11737982  0.         -0.51082562]
log likelihood =  2322.768618674725
Lr derivatives =  [-0.23522774297788662, -6.72758896357246, 5.773159728050814e-15]
other derivatives =  [ 0.92964001 -0.00877662 -0.04447429 -0.03583409 -0.08681127 -0.12764758]
Current x_clock array =  [-0.64366476 -0.70142284 -0.6947848   0.18123355 -3.8364958  -0.48304367
 -0.11334633  0.         -0.51082562]
log likelihood =  2322.7675044237467
Lr derivatives =  [-0.031125953472866952, -6.737401312646773, 7.993605777301127e-15]
other derivatives =  [ 0.34760888  0.2320121  -0.01014087  0.00818545 -0.01864464 -0.01532499]
Current x_clock array =  [-0.64408353 -0.7010698  -0.69475616  0.18353648 -3.83725309 -0.47555553
 -0.11066488  0.         -0.51082562]
log likelihood =  2322.7674903794996
Lr derivatives =  [0.008177177432795446, -6.737960639643671, -9.769962616701378e-15]
other derivatives =  [-0.03446985 -0.2494744  -0.20354491  0.00254659 -0.00400178  0.00654836]
Current x_clock array =  [-0.64432633 -0.70170547 -0.69501444  0.18350669 -3.83764604 -0.47448045
 -0.10989493  0.         -0.51082562]
log likelihood =  2322.7674170843193
Lr derivatives =  [-0.00274657550028623, -6.737449909553531, 1.4654943925052066e-14]
other derivatives =  [ 0.01027729  0.00422915 -0.01878107  0.00159162 -0.0039563   0.00100044]
Current x_clock array =  [-0.64430754 -0.70136457 -0.6947629   0.18350392 -3.83733517 -0.47480441
 -0.11019691  0.         -0.51082562]
log likelihood =  2322.7674166124098
Lr derivatives =  [-0.0027009038174234945, -6.736969681058335, 1.4654943925052066e-14]
other derivatives =  [-0.00213731  0.00181899 -0.00172804  0.00027285 -0.00263753  0.00050022]
Current x_clock array =  [-0.64431644 -0.70136759 -0.69473872  0.18347705 -3.83728994 -0.47486358
 -0.11021157  0.         -0.51082562]
      fun: 2322.7674166124098
 hess_inv: <9x9 LbfgsInvHessProduct with dtype=float64>
      jac: array([-2.13731255e-03,  1.81898940e-03, -1.72803993e-03,  2.72848411e-04,
       -2.63753464e-03,  5.00222086e-04, -2.70090382e-03, -6.73696968e+00,
        1.46549439e-14])
  message: b'CONVERGENCE: REL_REDUCTION_OF_F_<=_FACTR*EPSMCH'
     nfev: 23
      nit: 21
   status: 0
  success: True
        x: array([-0.64431644, -0.70136759, -0.69473872,  0.18347705, -3.83728994,
       -0.47486358, -0.11021157,  0.        , -0.51082562])
