number of sites to be analyzed:  396
log likelihood =  -12181.058209005245
Edge derivatives =  [117.07813252495635, 68.8944808501043, 104.71017659453419, 87.75839693517972, 34.53026849269093, 36.115243254693816, 190.70319127839676, 250.2710105797175, 177.913922175587, 122.97062003668917, 39.93940061971492, 65.56388289298623, 128.65353227305553, 154.69481595517746]
other derivatives: [-218.62942958  127.75890355 -119.93797671   86.14842955 -781.01766121
  252.1181159 ]
Current x array =  [-0.64097569 -0.65330439 -0.66173901  0.74193734 -0.10536052 -0.51082562
 -4.60517019 -4.60517019 -4.60517019 -4.60517019 -4.60517019 -4.60517019
 -4.60517019 -4.60517019 -4.60517019 -4.60517019 -4.60517019 -4.60517019
 -4.60517019 -4.60517019]
log likelihood =  -11417.176214733265
Edge derivatives =  [109.49907387102758, 71.7229404691873, 105.17770343531555, 87.26542910988795, 34.392923144426966, 35.71278044466211, 189.80908525681798, 250.11815052618783, 177.99220975386098, 121.58426472385652, 38.93625753722575, 65.62770965222012, 127.79435241599043, 154.10703660198325]
other derivatives: [ 432.53330659  134.69634723  -91.37093002   -4.18749551 -511.46816986
  205.23348212]
Current x array =  [-0.86998282 -0.65267245 -0.78737009  0.83217499 -0.92345081 -0.50295828
 -4.4825347  -4.53300549 -4.49548972 -4.51324615 -4.56900087 -4.56734066
 -4.40541487 -4.34301954 -4.41881121 -4.47636251 -4.56333498 -4.53649418
 -4.47040985 -4.44313246]
log likelihood =  -9981.929504351101
Edge derivatives =  [101.90490822095651, 68.58330311440064, 101.4833576409835, 79.34405655258598, 28.216712732886425, 32.280034198794596, 173.11334288318446, 236.08336621754248, 166.26489956254474, 112.8124932970119, 33.546718568130004, 66.16674841559937, 120.69649207797654, 142.56562889493568]
other derivatives: [-454.10051825  278.77194952  -25.1146048  -193.98958102  101.56290955
  143.06642697]
Current x array =  [-0.55354525 -0.54119326 -1.23275681  1.02059324 -3.6664308  -0.37551343
 -4.00952247 -4.2409353  -4.05879892 -4.14891869 -4.42554241 -4.41778476
 -3.61338026 -3.30166391 -3.67817495 -3.96716217 -4.39899401 -4.26349301
 -3.936564   -3.80039002]
log likelihood =  -9905.023278687513
Edge derivatives =  [88.77029757238486, 59.439866372387726, 81.20159407891798, 53.26482858882475, 14.571549278584811, 23.056423705727394, 118.16479273076743, 135.7643118388068, 118.98096571104158, 82.29373661465866, 20.99949217681487, 62.06810734674876, 94.66261231412051, 107.26607528034376]
other derivatives: [  899.40076577 -8724.3897724    -26.20527084   -86.05184121
   179.05986169    97.0219844 ]
Current x array =  [-0.92593132 -0.05       -1.55906042  0.68410656 -5.08429588 -0.08802246
 -3.49196475 -3.90515767 -3.56114713 -3.74541267 -4.27297596 -4.25287123
 -2.73476454 -2.12809166 -2.84684441 -3.39958011 -4.22213959 -3.9467962
 -3.33608101 -3.0829352 ]
log likelihood =  -9720.38138648654
Edge derivatives =  [99.89339462639413, 66.2184610622029, 99.282642932157, 75.01710757238753, 25.5233691453854, 30.28040616570076, 164.04759810926313, 224.7727854536129, 159.93429972038652, 107.49997130988397, 31.12122827958729, 65.28113678179237, 116.22864878569365, 137.32615745098465]
other derivatives: [  85.74625099  136.81165001  -54.07491699 -167.22697183  128.68204067
  133.13820091]
Current x array =  [-0.64186871 -0.42469081 -1.31015032  0.94078448 -4.0027236  -0.3073256
 -3.88676683 -4.16129472 -3.94076462 -4.05321412 -4.38935632 -4.37867015
 -3.40498798 -3.0233131  -3.48099788 -3.83254163 -4.35704723 -4.18837806
 -3.79413994 -3.63022228]
log likelihood =  -9659.953348172967
Edge derivatives =  [60.4442325589888, 45.145957706938695, 46.240424356188484, 15.518564037951087, -0.2955467844989704, 10.744095356861102, 16.595297755968737, -74.92823381677157, 20.408846202030585, 35.68820394024084, 4.4313207082864, 45.37167694027744, 49.508693441345855, 38.84765481203079]
other derivatives: [  110.16363715 -9324.28174565   423.13095037   -67.81392585
   196.33025659    26.77079465]
Current x array =  [-0.65249625 -0.05       -1.84563535  0.49876862 -6.25129198  0.14358479
 -3.10351643 -3.65558185 -3.18958081 -3.4457404  -4.16023107 -4.13055905
 -2.08200638 -1.2567919  -2.22778255 -2.9775502  -4.09090722 -3.71022895
 -2.88888578 -2.54815122]
log likelihood =  -9409.253837353574
Edge derivatives =  [96.30699059570426, 62.157166748421176, 93.78092160192435, 66.41451585301738, 20.849835455134983, 26.94931208115564, 144.94716652233876, 195.28170751599987, 144.4742783112313, 97.28107596035183, 26.83350416891773, 62.70250768352305, 107.2514493573234, 125.5653759102315]
other derivatives: [ 168.99120965  -82.55756256   -3.78586265 -135.69642761  158.94474927
  116.12482922]
Current x array =  [-0.64460462 -0.32823209 -1.44800318  0.82699391 -4.58158494 -0.19124525
 -3.68513037 -4.03110627 -3.74738323 -3.89682881 -4.33037134 -4.31479754
 -3.06440554 -2.56854782 -3.15837576 -3.61243648 -4.28853334 -4.0652855
 -3.56109537 -3.35165877]
log likelihood =  -8988.875639194703
Edge derivatives =  [72.59934537088816, 27.06823113729993, 46.52699294313403, 5.421771046891144, -2.0601938040472425, 6.66358175055386, -21.358343021934544, -77.40250575720725, -63.538837589221636, 5.46991553028987, -0.42516709365637384, 29.52339287830731, 12.131596307261168, -17.52877544503602]
other derivatives: [ 260.69355954   59.8236511   524.14070524  -28.44517439  199.70229914
 -200.73712221]
Current x array =  [-0.74082522 -0.71257562 -1.89980394  0.14647167 -7.16760977  0.52989946
 -2.5362154  -3.29518561 -2.65159023 -3.03899194 -4.01774684 -3.96363029
 -1.19770881 -0.09120722 -1.37119653 -2.39243741 -3.91760811 -3.3600614
 -2.25673955 -1.80093514]
log likelihood =  -8462.753745095264
Edge derivatives =  [95.96387718986838, 32.87819084889645, 64.00922198290628, 17.35605331415996, 7.003410524478067, 12.455967667850732, 30.506314971977904, 20.810956720734215, 37.358958459677226, 39.73775452958392, 9.93125111188145, 36.60806814422324, 46.63723242470101, 43.89803925094698]
other derivatives: [-202.2321496  -316.04722608 -301.81126931   93.63484423  194.38612071
 -107.87916835]
Current x array =  [-0.56918698 -0.39280831 -0.52330459  0.07711894 -6.34952577  0.18833134
 -2.38413514 -3.2564276  -2.57154793 -3.06369694 -4.04084093 -3.962223
 -1.33885373 -0.40230544 -1.61649896 -2.43060318 -3.93684024 -3.30700012
 -2.27877589 -1.9142297 ]
log likelihood =  -8331.332601495455
Edge derivatives =  [98.74649075258318, 33.789368802060366, 68.87824612368432, 22.116402483232307, 8.81455026884208, 14.082660332775715, 48.26761158952348, 33.2283332354489, 54.473607523348974, 48.89837755140294, 12.276960796311844, 40.88863585732353, 56.01547276422333, 57.09426683289087]
other derivatives: [ 98.95120456  53.14250302  48.89589036  49.27569535 190.41253836
 -65.30790415]
Current x array =  [-0.66584576 -0.60738299 -0.85490813  0.18609119 -5.95533608  0.05689138
 -2.37389169 -3.27377257 -2.58421415 -3.10151739 -4.05291342 -3.97295153
 -1.42494742 -0.52955781 -1.68759747 -2.47023193 -3.95046613 -3.32011314
 -2.31827751 -1.96897983]
log likelihood =  -8126.6572176166665
Edge derivatives =  [95.52204775598584, 28.275020206833165, 63.855389231509946, 19.442709471220027, 8.257329900277162, 12.33057859216125, 42.436922442502, 31.561399784279853, 51.54844018503033, 46.79439752762937, 10.902687302234343, 39.41748345466706, 49.92415886830773, 50.521493617923646]
other derivatives: [217.42744138 168.01814127   6.01276042  65.37138688 177.52690837
 -60.72314136]
Current x array =  [-0.73027103 -0.75644167 -0.74629998  0.19163657 -5.37659243 -0.13032841
 -2.05184073 -3.13844991 -2.34530811 -3.00381195 -4.02047678 -3.9194561
 -1.24853637 -0.37874933 -1.53896786 -2.302366   -3.90648048 -3.17365736
 -2.12529436 -1.7881006 ]
log likelihood =  -8832.676555353984
Edge derivatives =  [-246.6507326023704, -13.45033055506653, -102.57516507039658, -21.513035594990868, -2.3841572021392063, -3.5971821268445403, -203.36362877291535, -352.8092246110741, -104.76935633185063, -49.059016600463266, -4.095524004961441, -0.16560198871196619, -97.99196465326133, -125.56495025103666]
other derivatives: [ 321.99277484  442.82187446 -768.99086707  177.83168005 -882.56856543
    8.98471626]
Current x array =  [-0.94555595 -1.15422219 -0.44924502  0.55101579 -1.38669621 -1.39355804
 -0.04025976 -2.36284231 -0.90679133 -2.47197687 -3.84382948 -3.61542709
 -0.31399693  0.35149572 -0.72492923 -1.32385871 -3.66349537 -2.28346629
 -1.01711438 -0.77895133]
log likelihood =  -7736.637575361488
Edge derivatives =  [56.77575148592821, 12.329937906835587, 35.22392079950017, 10.50136034848669, 4.821326004179722, 6.729402706429639, 5.6888307975798424, -12.756284659143969, 26.612609242051757, 30.474029870279896, 5.585340017319228, 31.17157440755106, 22.209953929074906, 17.960617289347457]
other derivatives: [323.49626053 238.07933758  -4.79121809  58.98109521  50.98063411
 -37.77486199]
Current x array =  [-0.81860184 -0.91964993 -0.62441915  0.33908888 -3.73954899 -0.64862805
 -1.22649459 -2.82022025 -1.75508863 -2.78560148 -3.94799888 -3.79471383
 -0.86509741 -0.07913179 -1.20497005 -1.90088715 -3.80678436 -2.80841441
 -1.67061116 -1.37404943]
log likelihood =  -7700.054348454954
Edge derivatives =  [-45.60121349622284, -1.2491629969150715, -10.014965113560162, 2.847927203568494, 0.009467648506241294, 0.8029845451698621, -34.33796580870532, -38.39082211381407, -23.21350425957496, -8.987407014853156, 0.23878661390698208, 11.95788488434636, -16.382713711545296, -22.077642951082225]
other derivatives: [  99.51709217 -152.10252968  348.74647099  -42.74470484 -120.15334505
    3.54702934]
Current x array =  [-0.74934377 -0.62505438 -0.80333669  0.82116537 -2.86050598 -1.23226224
 -0.50930674 -2.59755168 -1.28114465 -2.63240178 -3.89581011 -3.69698437
 -0.81507006 -0.29709177 -0.96756778 -1.54014817 -3.73614208 -2.40573525
 -1.37043823 -1.16121334]
log likelihood =  -7647.499047931517
Edge derivatives =  [13.980876939167606, 5.010026024250965, 14.900581210386974, 7.5706338087967735, 2.342306692959843, 3.7371501881256735, -11.925371481591833, -24.034659836399893, 4.717998745930866, 13.335603859700905, 2.902990538386361, 22.66230659267944, 5.364370113665652, 0.33943382776058356]
other derivatives: [228.92027118  86.302407   179.31160983  -1.10585461 -23.29970812
 -14.36128514]
Current x array =  [-0.78260258 -0.76652377 -0.71741769  0.5896647  -3.28263617 -0.95199198
 -0.85371156 -2.70448061 -1.50873996 -2.70597067 -3.92087197 -3.74391559
 -0.83909397 -0.19242398 -1.08157206 -1.71338067 -3.7700656  -2.59910808
 -1.51458596 -1.26342056]
log likelihood =  -7618.807219970853
Edge derivatives =  [-6.878319130028655, 1.9824733227938502, 4.96567825439079, 6.417198537494993, 0.9979661229975798, 1.8875502574480145, -17.98306202258982, -12.985745106355079, -6.522739467020925, 1.6882237245720466, 1.3490992085779194, 15.481399998400219, -5.6255786664333955, -9.051755531937209]
other derivatives: [  23.27578841  -96.74040484 -111.84292816  -11.32821126  -24.53343768
  -10.48701961]
Current x array =  [-0.71220472 -0.65383449 -0.5422747   0.68143348 -3.33054711 -1.10945957
 -0.64150977 -2.62424667 -1.34840663 -2.63058897 -3.8955496  -3.70459023
 -0.81045186 -0.23026281 -0.98186842 -1.57443494 -3.73840019 -2.44388536
 -1.40711358 -1.18358595]
log likelihood =  -7613.966238462553
Edge derivatives =  [2.0533629037852013, 2.9865986552750163, 9.035676156266291, 7.551220442595142, 1.233447568478698, 2.311483983013235, -12.150666364905012, -7.810124733476718, -3.629869749327446, 4.199719252532656, 1.7188179218012138, 16.73427350528894, -1.3304384001832896, -4.744796451135527]
other derivatives: [ 20.09473974 -69.55415301  42.58390618 -18.12777555   7.32461558
 -10.80852599]
Current x array =  [-0.70113618 -0.6671529  -0.61833559  0.66652853 -3.47830786 -1.06823706
 -0.71100145 -2.64879081 -1.39365722 -2.64478642 -3.90022626 -3.71359305
 -0.84066604 -0.24726064 -1.00473845 -1.60493074 -3.74508438 -2.46923019
 -1.44326873 -1.21499334]
log likelihood =  -7611.08292213735
Edge derivatives =  [1.50482032642534, 2.960763490692489, 8.936667963115495, 7.5196513878501055, 1.3987723288520897, 2.368860289039608, -11.656144702475398, -8.519880129827426, -1.6632218732809285, 5.026044096422629, 1.8695049700882667, 16.852399602801466, -0.9713902441623921, -3.9148195799370975]
other derivatives: [ 30.11937224   5.50553523   7.84075382  -7.96790118  -6.62084858
 -10.37478796]
Current x array =  [-0.70401502 -0.71833612 -0.60082985  0.64310923 -3.41125244 -1.08366289
 -0.69974119 -2.64153249 -1.37908098 -2.63709018 -3.89866146 -3.71047747
 -0.84051918 -0.24035988 -1.00749959 -1.59989011 -3.74277058 -2.45583672
 -1.43820489 -1.21256621]
log likelihood =  -7609.223553198216
Edge derivatives =  [-2.9596058710748108, 2.399557176532788, 6.775114046758922, 7.3897684082255335, 1.1594522128235514, 1.9995732946427793, -11.530904850201159, -5.871103149031829, -3.403607304840712, 2.443904958290876, 1.6100053195556352, 14.923612433158162, -2.634613141512761, -4.956817850023332]
other derivatives: [-32.2456799    0.77989171 -10.67155608  -8.21137291  -7.92897481
  -8.07176548]
Current x array =  [-0.68110614 -0.72021591 -0.59115091  0.64994709 -3.41479026 -1.12727549
 -0.66012937 -2.62404671 -1.3406383  -2.61583678 -3.89271132 -3.70091373
 -0.85082442 -0.25951495 -0.99335786 -1.57039528 -3.73520944 -2.40940042
 -1.42122437 -1.20421222]
log likelihood =  -7607.551847860714
Edge derivatives =  [-5.8570169473686775, 2.0939094673117795, 5.570985212096958, 7.561546530834386, 1.01806666180829, 1.7367231799939613, -9.25373989267071, -1.11171458826909, -2.9386496301624625, 0.7306466504288606, 1.5434858234213886, 13.106388079839041, -2.7820998468222036, -3.9445207628463255]
other derivatives: [-37.19706001  -0.14351826 -16.53588697  -8.9943569   -6.23585947
  -4.72864485]
Current x array =  [-0.67958547 -0.72047894 -0.58784663  0.65261421 -3.42152892 -1.17470585
 -0.63328001 -2.61065203 -1.30706427 -2.5953155  -3.8879068  -3.69256657
 -0.87864884 -0.29410259 -0.99149498 -1.54776895 -3.72897774 -2.35970783
 -1.41486208 -1.20854088]
log likelihood =  -7603.729586961489
Edge derivatives =  [-10.399298195965908, 1.787671017072057, 0.3956891617055206, 7.418451623493151, 0.5966253822947264, 0.8432018104147021, -3.325102241488591, 3.9150137636570332, -1.8897894110989972, -3.8270639481044304, 1.2416431501238336, 5.0781489513477895, -2.5572180981161985, -1.5421632719418066]
other derivatives: [  3.64607331 -12.66535037 -17.95733624   6.07078618  -4.75110937
   1.34396032]
Current x array =  [-0.69729659 -0.71124553 -0.58654165  0.58639828 -3.43725503 -1.29148728
 -0.61046894 -2.56455884 -1.19338854 -2.49604664 -3.87000204 -3.66256044
 -0.96782723 -0.33144629 -0.98965552 -1.49435052 -3.7035409  -2.17348203
 -1.4062068  -1.22222247]
log likelihood =  -7602.721792175364
Edge derivatives =  [-6.59603152856699, 2.3907800964302863, -0.029578468277510483, 7.885530301872497, 0.5960559045185225, 0.734992938498455, 1.2193064666483824, 7.060544984328113, 0.7217593004725991, -3.3941402953833575, 1.2983944971811563, 1.2478338149162806, -0.12060060216206225, 1.3685750582473282]
other derivatives: [-19.64444891   4.26798579   9.51604306   7.06922947   4.46962076
   3.41742634]
Current x array =  [-0.68558726 -0.72353386 -0.60229173  0.57367776 -3.48275978 -1.32317307
 -0.6538995  -2.55062496 -1.16273921 -2.44087689 -3.86336233 -3.65185853
 -1.0252935  -0.34347388 -1.005309   -1.49656849 -3.69277577 -2.09373584
 -1.42390686 -1.24476173]
log likelihood =  -7602.060352695484
Edge derivatives =  [-4.600008162960746, 2.723998812186456, -0.17281549650509348, 7.8386435518860385, 0.6037537511832729, 0.7213988123064317, 1.4588917138999227, 4.866896965270646, 1.1849267342374552, -2.59509544719642, 1.2930469653071002, 0.15711379476777532, 0.3876572598592609, 1.5448495681545749]
other derivatives: [1.50457709 3.99550117 7.56263034 6.557093   3.94247763 2.87473085]
Current x array =  [-0.69368549 -0.72216555 -0.60064399  0.57627791 -3.47775606 -1.31975479
 -0.68037798 -2.54363256 -1.15615332 -2.4142834  -3.86096089 -3.64834056
 -1.03351401 -0.32472696 -1.00817751 -1.50520807 -3.68810185 -2.07370786
 -1.42880527 -1.24662773]
log likelihood =  -7601.128966207132
Edge derivatives =  [-0.1945978659562801, 3.546138314788995, -0.7192706061453378, 7.5922152141645025, 0.5982021931485568, 0.6860924754815994, 1.3582475766706044, -1.298775249040315, 1.6034038719738248, -0.7252145999722773, 1.2166941170063765, -2.670884364259816, 1.1860930758516484, 1.283020067324343]
other derivatives: [19.89774319  2.37878339  5.21258698  2.58551154  1.12504495  1.31185516]
Current x array =  [-0.70097533 -0.7202227  -0.59805442  0.59615954 -3.45963006 -1.30921237
 -0.74724302 -2.52319344 -1.14081669 -2.34197376 -3.85453015 -3.63911279
 -1.05002951 -0.27536247 -1.01290309 -1.52856256 -3.67543231 -2.02707107
 -1.43922708 -1.24841597]
log likelihood =  -7600.6679443078065
Edge derivatives =  [1.4198563079169806, 3.924184557090709, -1.411459047024633, 7.264845157632183, 0.558838660469835, 0.6208460355895602, 1.0313915974361048, -3.531114857857351, 1.2215971712560234, 0.026058744811700563, 1.1128584452990127, -4.339740251071163, 1.131933296906655, 0.7864389303009696]
other derivatives: [ 1.26912710e+01  3.31965566e-02  3.39605322e-01 -8.27640179e-03
 -4.52018867e-01  5.22049959e-01]
Current x array =  [-0.69840401 -0.71925612 -0.59503378  0.60972627 -3.45132495 -1.30751006
 -0.77990013 -2.50093147 -1.12954458 -2.28090793 -3.84881926 -3.63111803
 -1.05965751 -0.25745368 -1.01159598 -1.53940689 -3.66462816 -2.0019163
 -1.44107309 -1.24717985]
log likelihood =  -7599.903152396737
Edge derivatives =  [3.1085709828149124, 4.426013801377844, -2.6217168385285508, 6.311412378720542, 0.47009056935568216, 0.4890223726237848, 0.0983070395481983, -5.1819206956975155, -0.05746183613270217, 1.0612062094914425, 0.8973205857104866, -6.349406564881913, 0.5017770412112176, -0.30736715936574865]
other derivatives: [-4.01796569 -2.18442437 -6.99756129 -4.44806574 -1.42908902 -0.82018232]
Current x array =  [-0.69215253 -0.7194243  -0.59058198  0.63155556 -3.44723509 -1.30588178
 -0.8267765  -2.44669931 -1.11413546 -2.14834178 -3.83654023 -3.61452567
 -1.07306733 -0.24231318 -1.00403416 -1.55500426 -3.64157051 -1.97384078
 -1.4390294  -1.24199088]
log likelihood =  -7599.053433775007
Edge derivatives =  [3.563091008662264, 4.780956597063965, -4.151829646351047, 4.356512698972536, 0.3542223879710371, 0.31936812884311405, -1.44814433038804, -5.2779905053344995, -1.8996569251877995, 1.8861062519367635, 0.6257309188443111, -7.5871991695914405, -0.6575566454663135, -1.647806807912426]
other derivatives: [-21.70872904  -3.6739948  -10.3086677   -7.71060513  -2.22671588
  -2.1111191 ]
Current x array =  [-0.68560301 -0.72046861 -0.58835231  0.64783499 -3.4453236  -1.30723601
 -0.8698552  -2.36665587 -1.10156042 -1.96759495 -3.81994007 -3.5925409
 -1.08675448 -0.24068774 -0.99230474 -1.56897391 -3.61051552 -1.9586776
 -1.43242236 -1.23432662]
log likelihood =  -7598.028702954183
Edge derivatives =  [2.84647904535731, 4.927733321148104, -5.462947213817507, 0.5740652035297853, 0.24925375084803592, 0.1713375683947936, -3.5168359740116832, -3.442346047180861, -3.751808812341448, 2.6282861109951074, 0.353192487200373, -6.979373055161339, -2.063541538444155, -2.8498369241179677]
other derivatives: [-31.86123649  -3.52147254  -7.97281245  -8.72360033  -2.39469955
  -3.21633706]
Current x array =  [-0.68183452 -0.72228741 -0.58921941  0.65311887 -3.44725654 -1.30920994
 -0.90874846 -2.25583898 -1.10180535 -1.73593489 -3.7990907  -3.56569721
 -1.10086363 -0.25559335 -0.9796646  -1.581756   -3.5712908  -1.97123531
 -1.42339325 -1.22621109]
log likelihood =  -7597.162480965757
Edge derivatives =  [3.0623932207242244, 5.309014729917644, -3.747036654844198, -2.977477822723008, 0.3652296825756891, 0.33633647741082356, -2.9856706342414805, 1.1613526222735824, -1.0303601861733176, 3.6061485566057003, 0.5104376895053657, -3.222098897326818, -0.7406938111456827, -0.6911240153002214]
other derivatives: [-30.05225153   1.7505954  -36.66300472  -2.09565769   1.11995178
  -2.57023203]
Current x array =  [-0.6823321  -0.7241601  -0.57718897  0.62625511 -3.46525786 -1.31398764
 -0.94316309 -2.14273932 -1.14321286 -1.55090422 -3.7819429  -3.54512505
 -1.13441916 -0.28346718 -0.99246679 -1.58822448 -3.53847523 -2.02507617
 -1.43341233 -1.23779742]
log likelihood =  -7596.640291094996
Edge derivatives =  [1.5975554422988258, 5.140563696663848, -1.968244346521077, -6.151301963402228, 0.4086237302035056, 0.5491417007600696, -3.6657907271484493, 0.9821044509543078, -0.22896803150375433, 3.4133520010280165, 0.6321007082467146, 1.919433493770113, -0.38870120251147117, -0.25783657498694723]
other derivatives: [ 8.37435437 -8.50259312 24.72897904 -3.99695637  1.39325493 -2.06637196]
Current x array =  [-0.69575766 -0.7136601  -0.60793545  0.62288628 -3.45617245 -1.3042733
 -0.95332893 -2.0529582  -1.20740391 -1.445417   -3.77208213 -3.53527009
 -1.14456506 -0.29911187 -1.00351116 -1.59116118 -3.51832604 -2.11739995
 -1.44062012 -1.24258026]
log likelihood =  -7596.115590814057
Edge derivatives =  [1.1300958127729803, 4.901287461755862, -1.206753866783536, -1.7316119270470318, 0.466624397992589, 0.6026949524286249, -1.4033012908274638, 2.1165634346358186, 1.15401047862809, 2.219303898552967, 0.8427615900807897, 1.7136402831662958, 0.41436286246390996, 0.9177548820199333]
other derivatives: [ 5.75928425 -3.88108674  2.56959538  1.19807737  2.00625436 -0.53623808]
Current x array =  [-0.69505421 -0.7157232  -0.59769831  0.60329445 -3.4589151  -1.31591261
 -0.90840275 -2.11866458 -1.20355267 -1.5982487  -3.78472807 -3.55126003
 -1.1395045  -0.30508287 -1.00990154 -1.57095275 -3.54299623 -2.10830029
 -1.44252391 -1.2479752 ]
log likelihood =  -7595.989270141972
Edge derivatives =  [0.9244393464024836, 4.868179442760516, -1.0640858640696989, -2.1252356919403192, 0.4441892426060282, 0.5756206387227082, -1.331314521756357, 1.852954606611226, 0.9498236849151689, 1.9949865675532719, 0.8123257111094612, 1.7127164693968053, 0.3294686771951426, 0.7234958920582278]
other derivatives: [ 3.44607543  5.10917744 -1.51821951  1.38206815  0.62282197 -0.74169293]
Current x array =  [-0.69397503 -0.72278576 -0.59544438  0.60480434 -3.45335799 -1.31771765
 -0.91044121 -2.09539234 -1.20759699 -1.57747476 -3.78145658 -3.54708742
 -1.14471167 -0.30087784 -1.00738824 -1.56731287 -3.53694283 -2.10768466
 -1.44140577 -1.2457557 ]
log likelihood =  -7595.785232239554
Edge derivatives =  [-0.11004804450122356, 4.649454905145003, -0.6757016980293082, -2.738387561807774, 0.36655020259803406, 0.5138246013302402, -1.1678218730496064, 0.9886736948529541, 0.36624401085949776, 0.9839932346936922, 0.7434558879875707, 2.0374423470995575, 0.07876227690730797, 0.20909274699209962]
other derivatives: [-2.82643668  8.05885065 -5.94900484  1.63508957 -1.85118552 -0.90240064]
Current x array =  [-0.69180987 -0.72576009 -0.59290801  0.6065378  -3.4426485  -1.32186493
 -0.9086022  -2.0445566  -1.22347498 -1.54864457 -3.77537519 -3.53963523
 -1.15578175 -0.29400595 -1.0035625  -1.55636955 -3.52560591 -2.11487368
 -1.43984701 -1.24191064]
log likelihood =  -7595.495845811663
Edge derivatives =  [-1.7084411037848917, 4.261868370570633, 0.19132580020799161, -3.2998382230098695, 0.20717933865267274, 0.37740230130779995, -0.4288522515938461, -1.1644064798676688, -0.389123628305744, -0.8752702299394053, 0.6112845658160417, 1.9640563135282358, -0.10042272777158545, -0.5474730824880791]
other derivatives: [  1.14177965   7.85194061 -11.70028554   0.56734279  -5.28334567
  -1.15323928]
Current x array =  [-0.69391094 -0.72622891 -0.58892237  0.61412833 -3.42661651 -1.33140282
 -0.91074034 -1.94952365 -1.25114639 -1.51313499 -3.76454856 -3.52607103
 -1.18051972 -0.27557816 -0.99863602 -1.53667144 -3.50522856 -2.11566198
 -1.43930786 -1.23653371]
log likelihood =  -7596.238326285698
Edge derivatives =  [-6.921911311827689, 2.355100546377907, 2.4562930414051287, -3.3374709784534895, -0.07696257165802056, 0.21228344582667194, 2.5004494452547155, -2.3389753653213714, -1.036097481010578, -5.87937429983072, 0.4186763057509404, 3.7527598445305785, 0.01781433583888714, -1.0669761098655925]
other derivatives: [-69.02218956   2.36796041  14.42522262   3.42161002  -6.51507435
   0.1376975 ]
Current x array =  [-0.66748402 -0.7259278  -0.6033817   0.60067061 -3.42758391 -1.35993693
 -0.90008009 -1.71824671 -1.34025498 -1.47177643 -3.74235438 -3.49907174
 -1.23936123 -0.2691338  -1.00022143 -1.48859721 -3.46212971 -2.15540284
 -1.443788   -1.23617781]
log likelihood =  -7595.351854509814
Edge derivatives =  [-3.1736186371193593, 3.8255805756677006, 0.9004642203167632, -3.33216093688309, 0.1257367750044588, 0.3305226504352747, 0.42362370628961893, -1.5060715558127142, -0.5718814551497833, -2.289206854382539, 0.557760784665851, 2.490261802259483, -0.062163940624387626, -0.6929219100732636]
other derivatives: [-18.41617632   6.36227924  -4.0688974    1.34905349  -5.59230102
  -0.77352524]
Current x array =  [-0.68629718 -0.72614216 -0.59308819  0.61025108 -3.42689522 -1.33962366
 -0.90766906 -1.8828914  -1.2768191  -1.50121934 -3.75815429 -3.51829237
 -1.19747231 -0.2737215  -0.99909279 -1.52282097 -3.49281153 -2.12711156
 -1.44059861 -1.23643117]
log likelihood =  -7595.093490194351
Edge derivatives =  [-3.958687434153782, 3.5106648291965943, 1.7006091201211304, -3.069025711050455, 0.021871060905297057, 0.237425044379101, 1.5181425243222455, -2.76575333670909, -0.5373273541641286, -3.407101949725613, 0.47490390028271023, 1.9695987728935789, 0.2020240944245424, -0.7681139180086004]
other derivatives: [-9.90203262  2.03435775 -3.39696271 -0.05456968 -5.53764039 -0.73323463]
Current x array =  [-0.689735   -0.72282741 -0.59259185  0.61530832 -3.42661743 -1.34916953
 -0.91641896 -1.81143076 -1.29589724 -1.49238161 -3.75080394 -3.50875881
 -1.21954845 -0.26064055 -0.9993373  -1.51123933 -3.47851696 -2.11814189
 -1.44325598 -1.23622222]
log likelihood =  -7594.695891814414
Edge derivatives =  [-4.6636293213205215, 2.97565927358382, 2.651758838188495, -2.5011395118880277, -0.11877392988268731, 0.06253062183755653, 3.51939715004231, -3.426220471944326, -0.11698060423056345, -4.357870113512151, 0.3040453364791287, 0.24362487065910604, 0.7718554817499963, -0.4455062256014923]
other derivatives: [ 1.8198989  -3.77804099  0.97224984 -2.09502105 -2.17132765 -0.5925358 ]
Current x array =  [-0.69414434 -0.71836603 -0.59369486  0.61961631 -3.44320599 -1.36932186
 -0.94497317 -1.68831952 -1.31575756 -1.47827523 -3.73814658 -3.49149267
 -1.25654031 -0.24578253 -1.00103698 -1.50085664 -3.45319155 -2.08629047
 -1.44791374 -1.23894977]
log likelihood =  -7594.407953219913
Edge derivatives =  [-4.731447689894668, 2.5858308402370884, 2.8349908525532985, -2.1404153139216286, -0.16963158492508934, -0.058516587911347895, 4.69693367299805, -2.795027174675025, 0.22519375343491932, -3.9854790269070532, 0.15825137375897458, -1.3761600627641923, 1.0154757462409736, -0.050105521421162924]
other derivatives: [ 7.04467311 -4.49081199  4.35820766 -2.64089977  1.50639607 -0.54560587]
Current x array =  [-0.69584093 -0.71767397 -0.59503302  0.61794817 -3.46216312 -1.38568327
 -0.97631946 -1.60135497 -1.31778647 -1.47169512 -3.72968191 -3.47923485
 -1.27483094 -0.24286766 -1.00155618 -1.50366353 -3.43528227 -2.05620168
 -1.44904733 -1.24176271]
log likelihood =  -7593.892676013322
Edge derivatives =  [-4.763147513582098, 1.6853234031145823, 2.5858153160435, -1.6871908066221746, -0.17453528680829, -0.1835842644693132, 5.630466598666866, -1.9917510213391316, 0.46331853930695277, -2.2827427327574097, -0.06931643892314324, -3.16192474860593, 0.8730402093301131, 0.3093532105185638]
other derivatives: [ 8.36898835 -7.30724423  5.81685526 -2.39851943  4.97211659 -0.64901542]
Current x array =  [-0.69624089 -0.7152358  -0.59579793  0.61272613 -3.47914477 -1.4101608
 -1.03758795 -1.46354753 -1.314339   -1.47762505 -3.71833443 -3.46234252
 -1.28094025 -0.24496274 -1.00101798 -1.52063675 -3.40927256 -2.02372419
 -1.4467356  -1.24469639]
log likelihood =  -7593.277147334416
Edge derivatives =  [-4.826797014910834, -2.9846781282162578, 2.1833160400355602, -0.5395178283297355, -0.07414209105397729, -0.335552520215407, 7.016018123570817, 0.33549670429450623, 1.1336498556219645, 0.8811807614526935, -0.39917933197804556, -3.2912594022672885, 0.575123541986494, 1.1917872091622548]
other derivatives: [23.42712833 16.9168743  18.28393579 -0.44346962  6.86432031 -0.92350092]
Current x array =  [-0.70072538 -0.73116096 -0.60275532  0.59842577 -3.4839182  -1.4677634
 -1.18556843 -1.14174821 -1.31839744 -1.51764134 -3.69453493 -3.42847162
 -1.2528362  -0.26706132 -0.99827027 -1.54693841 -3.35446808 -2.01274971
 -1.43967731 -1.24772916]
log likelihood =  -7592.386059381479
Edge derivatives =  [-2.154850463455075, -1.6130170238955432, -0.08458110059503066, -0.1700893020043679, 0.1502904001649351, -0.2526780405099108, 3.9788128673101326, 1.2607127931969118, 1.083917088724792, 5.110607109994855, -0.4365688243209511, -4.1935974451533315, -0.18663126739692, 1.1721651180048593]
other derivatives: [ -3.67035682  -8.17708496 -15.90815373  -1.11795089   7.09542292
  -1.63681761]
Current x array =  [-0.69213069 -0.71214065 -0.5871931   0.60443364 -3.47873213 -1.47707243
 -1.2830786  -1.14458942 -1.26008176 -1.60106189 -3.70055447 -3.43414889
 -1.17421566 -0.28814016 -0.99733226 -1.5964817  -3.36105978 -1.99828664
 -1.43388483 -1.24977896]
log likelihood =  -7591.964378309599
Edge derivatives =  [-0.9632754692247044, 1.2484882654891014, -0.8148725120730418, -0.4330726151322728, 0.301095569704812, -0.03181248603060155, 1.1655382834423345, 1.6713506497613837, 0.7134056725353698, 5.678192429382475, -0.18061442518328172, -1.514958711789742, -0.5263716910399084, 0.9581740337329403]
other derivatives: [ 1.02727427  5.0381459  -0.13906174 -0.47102731  3.48309186 -1.55159796]
Current x array =  [-0.69311769 -0.72062407 -0.59639217  0.60282302 -3.45397692 -1.46290042
 -1.27643877 -1.25166947 -1.24076625 -1.635874   -3.71277819 -3.451448
 -1.12001599 -0.30653192 -0.99601368 -1.60244965 -3.38570155 -2.0421334
 -1.43080896 -1.24696374]
log likelihood =  -7591.704301618587
Edge derivatives =  [-1.791095150898304, -0.9072773557523639, -0.45490024646905086, -0.4589734089370976, 0.23315799426332534, -0.09860851467716997, 0.6767066906332857, 0.6757011337537955, 0.24280080325587527, 4.002824275497614, -0.22291450246190125, 0.3239525879767783, -0.59243516316869, 0.5234827283740737]
other derivatives: [-5.26615622  5.01695467  0.07376002  1.00917532 -0.94642019 -1.60307536]
Current x array =  [-0.69125507 -0.72079051 -0.59668057  0.59902087 -3.43052459 -1.47972273
 -1.30625991 -1.15845795 -1.26330181 -1.64603215 -3.70542047 -3.44349463
 -1.1051248  -0.30890541 -0.99365696 -1.58243371 -3.37189602 -2.0746665
 -1.43113214 -1.2433239 ]
log likelihood =  -7591.644079861833
Edge derivatives =  [-1.4392737107088982, -1.4924504307430924, -1.2073469753039883, -0.5669911146416817, 0.11740800830314094, -0.27313703680879103, -0.5251729460590722, -0.08908048317300163, -0.4665753760020961, 2.6049064929096652, -0.33265870776854417, -0.03515833676003882, -0.6050206103096984, -0.06600512048808427]
other derivatives: [ 0.16589183 -9.41818143 12.75038812  0.07603376 -0.90549293 -1.73231456]
Current x array =  [-0.69401432 -0.71031043 -0.60280251  0.5992434  -3.42896755 -1.49990953
 -1.35515153 -1.12114503 -1.25393006 -1.66470483 -3.70170801 -3.44044179
 -1.08169403 -0.31169721 -0.99038901 -1.5687861  -3.36704063 -2.07014899
 -1.43203217 -1.24001751]
log likelihood =  -7591.540884891419
Edge derivatives =  [-1.1645800587138233, -0.8367613252702475, -0.6844466552885493, -0.4467301284108116, 0.08883428649293482, -0.26535923019064134, -0.3731894716613847, -0.2865696953970135, -0.2588421343591958, 1.6085071525373005, -0.26197699020411025, 0.3046960013049991, -0.23981506900959632, -0.04980761546312973]
other derivatives: [ 1.53268047 -4.92200343  2.52202881 -0.15552359 -1.72885848 -1.71530701]
Current x array =  [-0.69459678 -0.71351329 -0.59736593  0.60266013 -3.42488874 -1.49927542
 -1.34711148 -1.14048629 -1.25914425 -1.66349737 -3.70252945 -3.44271617
 -1.08362474 -0.30724335 -0.99049029 -1.55575593 -3.37072225 -2.0752032
 -1.43441653 -1.23870908]
log likelihood =  -7591.48938204679
Edge derivatives =  [-0.7000690378575685, -0.45014531091864085, -0.4653398467786149, -0.2841369421648251, 0.045096532187846594, -0.31038262427732993, -0.3556087875304893, -0.2521620975757275, -0.12266300711142142, 0.6021669325562087, -0.24137317300791247, 0.21823730476255626, 0.11938337625695222, -0.062119544149867756]
other derivatives: [ 1.571334   -1.6647391  -1.53877409 -0.6524715  -1.41217242 -1.68874976]
Current x array =  [-0.69452796 -0.71600582 -0.5951597   0.60514119 -3.4267116  -1.50690086
 -1.35826906 -1.14357685 -1.25852649 -1.6681116  -3.70182053 -3.44331161
 -1.07998258 -0.30539566 -0.98998509 -1.54289812 -3.37175816 -2.07247595
 -1.43655353 -1.23738334]
log likelihood =  -7591.454449729907
Edge derivatives =  [-0.169902507450207, -0.19474248976545577, -0.38958336449202036, -0.09870381006621354, -0.009096787301880627, -0.38339320553169587, -0.37316543926562495, -0.14668812223240776, -0.03777224792726486, -0.49462611246963717, -0.2503375302801546, -0.09035452378284314, 0.4557632427739318, -0.0984393424706188]
other derivatives: [-1.4073521   0.54060365 -1.17488526 -1.03946149 -0.46456989 -1.58324838]
Current x array =  [-0.69321417 -0.71794035 -0.59530208  0.60597566 -3.43214919 -1.52100186
 -1.38017522 -1.13807337 -1.25557106 -1.67568696 -3.70018069 -3.44333182
 -1.07398716 -0.30475638 -0.9891774  -1.52930884 -3.37157562 -2.0656259
 -1.43832371 -1.23603538]
log likelihood =  -7591.452050500437
Edge derivatives =  [0.2782228034680416, -0.1953274879783708, -0.36185625736647276, 0.08245940102231403, -0.021645548162704864, -0.4236864725858366, -0.445632369168958, 0.1899505722233398, 0.1504775485991161, -0.9103049523006685, -0.2529658645971197, -0.1393399000922534, 0.6024879391056659, 0.013401999467575143]
other derivatives: [ 7.7758159   0.85701686 -2.2493623  -0.4634785   0.32268872 -1.37761162]
Current x array =  [-0.69683688 -0.71761301 -0.59465458  0.60241856 -3.43578153 -1.53892074
 -1.40657517 -1.1221898  -1.25264659 -1.68569268 -3.6982499  -3.44343182
 -1.06485183 -0.30701286 -0.98817739 -1.52228162 -3.37037819 -2.06208886
 -1.43764502 -1.23505804]
log likelihood =  -7591.435570544663
Edge derivatives =  [0.16791129833342675, -0.14402885985237232, -0.3893818484278305, 0.0438221519488497, -0.01728242669244423, -0.41298799755258525, -0.3665418066313736, 0.12042353144249768, 0.08972880261524141, -0.7821303764783226, -0.25975460483802004, -0.2142708307643555, 0.5233071178197825, -0.01206257704942254]
other derivatives: [ 1.5884325   0.65720087 -0.16871127 -0.38289727  0.3860805  -1.32276909]
Current x array =  [-0.69435228 -0.71780273 -0.59587098  0.60207222 -3.43669947 -1.53722998
 -1.40108346 -1.12730866 -1.25308061 -1.68301126 -3.69868438 -3.44392178
 -1.06802137 -0.306549   -0.98842013 -1.52437177 -3.37106815 -2.06128266
 -1.4372876  -1.23543205]
log likelihood =  -7591.4291868867085
Edge derivatives =  [0.10737530451322047, -0.12914323789319926, -0.36719163527231596, 0.03857935796117662, -0.007858600403597482, -0.39899697568267545, -0.2881789882807566, 0.1188744864560434, 0.09068712154168335, -0.6502268820044095, -0.2600207827792992, -0.18206110205403347, 0.441492787627068, 0.010377601817821214]
other derivatives: [-0.4040885   0.24729161  0.63637344 -0.0082764   0.41354724 -1.19871402]
Current x array =  [-0.69357889 -0.71755059 -0.59639648  0.60045731 -3.43713569 -1.5393447
 -1.39969758 -1.12837901 -1.25404611 -1.68209089 -3.69875669 -3.44463278
 -1.06947976 -0.30668117 -0.98845561 -1.5257799  -3.37155533 -2.06159299
 -1.43637139 -1.23561658]
log likelihood =  -7591.419687048197
Edge derivatives =  [0.05788082368335118, -0.05663422416646023, -0.2539558019319624, 0.07080810533390636, 0.014898946302479676, -0.36581296462352403, -0.11126903299298019, 0.17117266120159583, 0.15108771762248097, -0.41197931186718706, -0.25189824686144724, -0.0427331936805917, 0.28785617418948695, 0.09465905768753569]
other derivatives: [-1.94959284 -0.18781066  1.0210897   0.84064595  0.46056812 -0.87366061]
Current x array =  [-0.69300173 -0.71715563 -0.59679227  0.59686468 -3.43776048 -1.5472076
 -1.40002224 -1.12924281 -1.25642655 -1.68177124 -3.69870173 -3.44662175
 -1.07121275 -0.30713101 -0.98832291 -1.52760362 -3.37283177 -2.06279463
 -1.43409758 -1.23576898]
log likelihood =  -7591.410014688094
Edge derivatives =  [0.054593242289109, 0.054702075736475585, -0.05662510756462957, 0.13648305099467872, 0.033729861456370525, -0.3296177530635715, 0.10336080466322894, 0.16885402971995023, 0.2015477347476058, -0.24252578357730292, -0.23901654965190836, 0.099069322545359, 0.14727770603452628, 0.15842670038190912]
other derivatives: [-1.67665348 -0.14460966  0.80135578  1.0306394   0.43946784 -0.49658411]
Current x array =  [-0.69310985 -0.71707594 -0.59670811  0.59605934 -3.43758968 -1.55795705
 -1.4017477  -1.12982078 -1.25949527 -1.6818559  -3.69842064 -3.44938783
 -1.07281382 -0.30667622 -0.98769825 -1.52818191 -3.37465018 -2.06363058
 -1.43159464 -1.23543201]
log likelihood =  -7591.418231951875
Edge derivatives =  [0.18191157880057754, -0.04930713844326226, -0.16156747072457917, 0.15007309597993906, 0.0504997889449712, -0.30546205322777736, -0.23117555975382376, 0.13288413980101935, -0.1484219837899463, 0.1674232114162406, -0.2601790022458479, -0.07094032442515671, -0.20543142640928352, -0.0841511324138502]
other derivatives: [-5.09407982 -5.0298695  -4.26980478 -0.13233148  0.11041266  0.07194103]
Current x array =  [-0.69225924 -0.71381065 -0.59389203  0.60122034 -3.43555769 -1.58793089
 -1.42592549 -1.11358521 -1.25714617 -1.68813921 -3.69607143 -3.45631779
 -1.06323981 -0.30707775 -0.98311879 -1.53031085 -3.37818016 -2.05783069
 -1.42618727 -1.23218859]
log likelihood =  -7591.404730435304
Edge derivatives =  [0.1041974255809171, 0.018043049637554997, -0.09606898864877111, 0.14236665829127237, 0.04031498339644418, -0.3200566902521551, -0.02318116795913505, 0.1560411109501907, 0.06882995055744301, -0.08363988800990974, -0.24692604035860227, 0.034586392595730486, 0.013090304393552687, 0.06656556201804409]
other derivatives: [-2.98878149 -2.01507646 -1.14123395  0.5842594   0.31450327 -0.27175702]
Current x array =  [-0.69278266 -0.71581993 -0.59562489  0.59804454 -3.43680807 -1.56948661
 -1.41104779 -1.1235757  -1.25859168 -1.6842728  -3.697517   -3.45205347
 -1.06913114 -0.30683067 -0.98593674 -1.52900082 -3.376008   -2.06139963
 -1.42951467 -1.23418441]
log likelihood =  -7591.398075897234
Edge derivatives =  [0.07001935241205647, 0.14553037809287092, 0.1158999071022429, 0.18815636961029825, 0.06856088165866053, -0.2642333014920007, 0.18010842286965884, 0.059569132248621176, 0.018830060859001296, 0.30696747481564035, -0.22691246778841995, 0.14103080738687562, -0.17221025625097042, 0.06765653422642548]
other derivatives: [-0.36779966  0.23337634  0.56070348 -0.15079422  0.05020411  0.16198101]
Current x array =  [-0.69364004 -0.71735597 -0.59630041  0.600987   -3.4348692  -1.58231029
 -1.41133893 -1.12508762 -1.26151835 -1.68298015 -3.69713212 -3.45692947
 -1.07056617 -0.30543443 -0.98426887 -1.53152131 -3.37946456 -2.06109586
 -1.4262438  -1.2330813 ]
log likelihood =  -7591.39722440518
Edge derivatives =  [0.08587295344959224, 0.13016857513797953, 0.07177481314578621, 0.1710633004157711, 0.059464459150635224, -0.2765105545204217, 0.10195692042750348, 0.02813467743618364, 0.007107918673468161, 0.16438549908121047, -0.2272668131496191, 0.1088083144150081, -0.10531788953227772, 0.040598115451201844]
other derivatives: [-0.22964741 -0.03728928  0.12951205 -0.15279511  0.01200533  0.07185008]
Current x array =  [-0.69373043 -0.71718631 -0.5960592   0.60107245 -3.4347358  -1.58021205
 -1.41165776 -1.124819   -1.26079144 -1.6832184  -3.69708391 -3.45656543
 -1.06970247 -0.30533875 -0.98437219 -1.53020564 -3.37930031 -2.06089336
 -1.42710016 -1.23300803]
log likelihood =  -7591.396327297391
Edge derivatives =  [0.07399209782667199, 0.11800145568037076, 0.035144217795536115, 0.140959918961996, 0.05446266633309452, -0.27975470745995756, 0.03229435613942233, -0.020642014068155967, -0.01190559349543685, 0.06673596932760206, -0.22130865652505805, 0.07766593538872651, -0.0433775516127719, 0.008434918428864513]
other derivatives: [ 0.00982254 -0.07330527 -0.24992914 -0.12951205 -0.07976269  0.02964953]
Current x array =  [-0.69385594 -0.71719813 -0.59583108  0.60110156 -3.43441354 -1.5793216
 -1.41125786 -1.12477737 -1.2603181  -1.68265771 -3.69689443 -3.45749488
 -1.06905334 -0.30504105 -0.98427951 -1.52917658 -3.3801426  -2.06043078
 -1.42770989 -1.23275488]
log likelihood =  -7591.394675126039
Edge derivatives =  [0.015707611326659928, 0.08347706857181239, -0.05003994996477773, 0.059064227236360844, 0.04624935406594824, -0.2784893067901833, -0.11600194962404142, -0.14183705709140104, -0.07274217028389351, -0.1142672353055666, -0.20411095592342965, -0.00026696155559657875, 0.06793470577160604, -0.07221605384908053]
other derivatives: [ 0.52868927 -0.43346517 -0.10641088 -0.08203642 -0.23483153  0.00700311]
Current x array =  [-0.69412294 -0.71703652 -0.59581651  0.60097705 -3.43399523 -1.57955252
 -1.41060195 -1.12429338 -1.25949978 -1.68083303 -3.6962109  -3.46119956
 -1.06766751 -0.30441198 -0.98385672 -1.52714283 -3.38321627 -2.05895525
 -1.42859632 -1.23202364]
log likelihood =  -7591.394431540124
Edge derivatives =  [-0.08299141989706715, 0.08554915109681059, -0.09064158733045719, -0.05166128882442733, 0.05203039787723618, -0.24810109142759335, -0.20764534628167242, -0.15629444447064816, -0.060653057414285616, -0.203630726464735, -0.15687895970176313, -0.08718760097097142, 0.23696033475774192, -0.116646120548561]
other derivatives: [-0.20545485  1.14705472 -2.4628207   0.15779733 -0.43355612  0.0424734 ]
Current x array =  [-0.69387048 -0.71839069 -0.59455791  0.60065238 -3.43393335 -1.58033876
 -1.40633404 -1.12548785 -1.25913094 -1.67582684 -3.69501534 -3.46942001
 -1.06736453 -0.30347292 -0.9833233  -1.52529288 -3.38998949 -2.05647149
 -1.42937986 -1.23104448]
log likelihood =  -7591.392007840055
Edge derivatives =  [-0.11195416311396893, 0.061727518667079824, -0.11378224632407669, -0.06464994648959405, 0.05153175099699875, -0.24641353166903296, -0.21705247081504497, -0.19005354782762818, -0.0985792857626615, -0.1789962580487202, -0.16051745527271505, -0.09790482399554776, 0.18831484892566552, -0.13250368037361476]
other derivatives: [ 0.24429028  0.12805685 -0.69067028  0.10213626 -0.3426976   0.09176802]
Current x array =  [-0.69405264 -0.71762713 -0.59543873  0.60046575 -3.43427028 -1.58203346
 -1.4072758  -1.12466601 -1.25920024 -1.67591356 -3.69485499 -3.4701056
 -1.06723869 -0.30367941 -0.98318476 -1.52569465 -3.39040022 -2.05625878
 -1.42890038 -1.23100198]
log likelihood =  -7591.39090055782
Edge derivatives =  [-0.1575005401330012, 0.04974172197140428, -0.11723770389235527, -0.08805865830567872, 0.057581945476783636, -0.2315610811395225, -0.19498814071922177, -0.1653149996806798, -0.1022168996228141, -0.10277713809819289, -0.15168816472175808, -0.11167265787726671, 0.1533990594033377, -0.12705768976888143]
other derivatives: [ 0.19263098 -0.16198101  0.14433681  0.12232704 -0.23428584  0.16862032]
Current x array =  [-0.69402356 -0.71743026 -0.59585904  0.60016328 -3.43491412 -1.58403796
 -1.4068407  -1.12438914 -1.25948129 -1.67468342 -3.69444357 -3.47281821
 -1.06763461 -0.30386304 -0.98302839 -1.52631705 -3.39243793 -2.05561821
 -1.42826863 -1.23090784]
log likelihood =  -7591.38988589178
Edge derivatives =  [-0.20934712207130646, 0.03574812704578122, -0.11750995617454119, -0.12294074225180679, 0.06654998672899579, -0.20832250248404982, -0.16289865695411476, -0.09049438577714622, -0.08140000754703847, -0.013163886222378629, -0.13317788864860916, -0.13748748803482594, 0.12896939644705557, -0.10575024242920428]
other derivatives: [ 0.11314114 -0.17698767  0.4811227   0.14679244 -0.06675691  0.24301698]
Current x array =  [-0.69397647 -0.7174458  -0.59602324  0.5998915  -3.43595728 -1.58581061
 -1.40578852 -1.12413453 -1.25973708 -1.67255458 -3.69371904 -3.47740089
 -1.06823086 -0.30415293 -0.98291168 -1.52690329 -3.39595154 -2.05455718
 -1.42756395 -1.23082048]
log likelihood =  -7591.388082101404
Edge derivatives =  [-0.2182758138237416, 0.0013683359993813295, -0.12370059016956891, -0.15917006669854594, 0.07023249766380704, -0.1827006635266843, -0.15053306972121128, 0.0072703675833584724, -0.05079154488970983, -0.032997459385379235, -0.10660199410972193, -0.17812026347415483, 0.0963336293619601, -0.0727524680950965]
other derivatives: [-0.6272785  -0.21391315  0.71831892 -0.01073204  0.15970727  0.22000677]
Current x array =  [-0.69366094 -0.71748571 -0.59613992  0.60034508 -3.4372117  -1.58518377
 -1.40583282 -1.12305802 -1.25970354 -1.67046314 -3.69232138 -3.4844103
 -1.06864054 -0.30464761 -0.98306033 -1.52644077 -3.40130086 -2.05339282
 -1.42687121 -1.23097498]
log likelihood =  -7591.386735522459
Edge derivatives =  [-0.17007086189652307, -0.03927756978281008, -0.040408752129848236, -0.18327245512552254, 0.08856216819210572, -0.11425177066188696, 0.0014807017338869244, 0.3074400230457308, 0.09866869617118312, 0.0674079329664462, -0.04158104859547174, -0.1945979476686061, -0.03436691092395194, 0.08997833787642018]
other derivatives: [ 1.77151378  0.00436557 -0.22555469 -0.29540388  0.69921953  0.18462742]
Current x array =  [-0.69453294 -0.71748196 -0.59560811  0.60109733 -3.43969947 -1.58425224
 -1.40686875 -1.12042919 -1.26034615 -1.66650025 -3.68903514 -3.50045265
 -1.07045467 -0.30588816 -0.98350883 -1.52647696 -3.41331835 -2.05156094
 -1.42444147 -1.23165404]
log likelihood =  -7591.3848911162
Edge derivatives =  [-0.1281545232213615, -0.055071313596445876, -0.06284900657702241, -0.17884239941343705, 0.07878932454168178, -0.1230151728173795, -0.05852760411329061, 0.2124852732123753, 0.05470537231431494, -0.08238607247723084, -0.04504764474520817, -0.19776659650878664, -0.03086472076310176, 0.05518205837557372]
other derivatives: [-0.15825208 -0.09076757 -0.12623786 -0.36634447  0.52623363  0.0777618 ]
Current x array =  [-0.69379496 -0.71751606 -0.59569998  0.60156046 -3.43881888 -1.58173293
 -1.40828689 -1.11997571 -1.25999959 -1.66756761 -3.68877556 -3.50043705
 -1.06991915 -0.30562581 -0.98363886 -1.52528254 -3.41327052 -2.05201535
 -1.42486075 -1.2317355 ]
log likelihood =  -7591.384052306911
Edge derivatives =  [-0.08300172300327179, -0.05816706701238133, -0.05589853215565066, -0.16187880148488126, 0.07439365323750696, -0.12565288651602075, -0.07409810785615123, 0.13380921489692302, 0.031750791460366745, -0.15307872728518634, -0.045774286929431335, -0.17625123212156352, -0.04194561457512341, 0.04405975115157107]
other derivatives: [-0.46902642 -0.02401066 -0.15925252 -0.36316123  0.35661287  0.0086402 ]
Current x array =  [-0.69368064 -0.71755636 -0.59570527  0.6016778  -3.43783414 -1.58017701
 -1.40965214 -1.11957919 -1.25996226 -1.66860648 -3.68850796 -3.50059196
 -1.06973596 -0.30535432 -0.98370725 -1.52471266 -3.41328008 -2.05261285
 -1.42495414 -1.2318207 ]
log likelihood =  -7591.382292192831
Edge derivatives =  [-0.005050596939316233, -0.08332210155432296, -0.010266936832757034, -0.14132647472069965, 0.08019726229222945, -0.09225358516186821, -0.026625980566120866, 0.01955172490359175, 0.011234676495462725, -0.14601402552205767, -0.01810322192370488, -0.11270138024764922, -0.13081441447550324, 0.06217085545110912]
other derivatives: [-0.86383807 -0.23446773 -0.37298378 -0.10759322  0.07366907 -0.077398  ]
Current x array =  [-0.69355695 -0.71730981 -0.59569167  0.60080383 -3.43622524 -1.57826566
 -1.41285304 -1.11774087 -1.26049637 -1.66911524 -3.68630739 -3.50857721
 -1.07055698 -0.30509654 -0.98381025 -1.52473638 -3.418845   -2.05334039
 -1.42394604 -1.23204307]
log likelihood =  -7591.384914035055
Edge derivatives =  [0.06535667012691129, -0.08515923303826228, 0.046489453387524915, -0.11964375161476504, 0.0912290690319405, -0.04948872903420737, 0.03998485321439682, -0.11436749727291101, 0.004273090661473411, -0.11153847049222387, 0.02580136318110758, -0.03170381431347838, -0.05882003557077842, 0.047561124557546686]
other derivatives: [ 0.79271558  2.52575774  1.87819751  0.09813448 -0.25838744 -0.13305907]
Current x array =  [-0.69402265 -0.71919038 -0.59688292  0.59993355 -3.43438024 -1.57654983
 -1.4145835  -1.11693276 -1.26079263 -1.66905812 -3.68365423 -3.51792918
 -1.07118826 -0.30450706 -0.98371439 -1.52462211 -3.42539538 -2.05389645
 -1.42411952 -1.23163858]
log likelihood =  -7591.381961858668
Edge derivatives =  [0.012634278988950847, -0.08374284111616621, 0.004007932681839355, -0.13585999959993672, 0.08297118483610816, -0.0814560424327388, -0.009873665417333477, -0.01387726144207263, 0.009581507539563328, -0.13729998822125855, -0.007043125661518462, -0.09236548987763829, -0.11272246395258367, 0.058581404004952764]
other derivatives: [-0.44838089  0.45856723  0.19181243 -0.05602487 -0.0093678  -0.09131327]
Current x array =  [-0.69367359 -0.71778083 -0.59599004  0.60058586 -3.43576313 -1.5778359
 -1.41328646 -1.11753847 -1.26057057 -1.66910094 -3.68564287 -3.51091955
 -1.07071509 -0.3049489  -0.98378624 -1.52470776 -3.42048564 -2.05347967
 -1.42398949 -1.23194176]
log likelihood =  -7591.3815461917175
Edge derivatives =  [0.03021708532027432, -0.08864127049075504, 0.029844040042628583, -0.1256383355692653, 0.08925319597715092, -0.06291717167827965, 0.030945666631854163, -0.04102563049150518, 0.0071780900587492535, -0.06894799344368252, 0.006066049619300559, -0.057218862262594095, -0.14462924382268055, 0.06652515880428972]
other derivatives: [-0.1119588   0.13906174  0.0768523   0.09667929 -0.08149073 -0.08285497]
Current x array =  [-0.69382647 -0.717469   -0.59596714  0.59996923 -3.43530759 -1.57808647
 -1.41435284 -1.1168983  -1.26093118 -1.66919657 -3.68466162 -3.51448691
 -1.07125673 -0.30493415 -0.98375538 -1.52531481 -3.42290484 -2.05377226
 -1.42350274 -1.23193357]
log likelihood =  -7591.381312622263
Edge derivatives =  [0.033412048901595506, -0.08383910168518426, 0.041243474659228785, -0.1182003932296079, 0.09283421691678628, -0.052358006081668074, 0.0500077831914606, -0.03676346067045433, 0.0072737837577296904, -0.022633602978458733, 0.014472483152640006, -0.037397216857521065, -0.11967502057916118, 0.05420694776927992]
other derivatives: [ 0.08767529  0.02619345  0.06220944  0.10804797 -0.07530616 -0.06202754]
Current x array =  [-0.69390636 -0.71735322 -0.59596613  0.59989688 -3.43527724 -1.57853549
 -1.41460765 -1.11684753 -1.26101961 -1.66934671 -3.6840353  -3.51631621
 -1.07141452 -0.30498203 -0.98369234 -1.52570693 -3.42406724 -2.05393088
 -1.42361136 -1.23174616]
log likelihood =  -7591.380871302592
Edge derivatives =  [0.041087536547653125, -0.06188119168005063, 0.061735199586023415, -0.09487431395253298, 0.09963981059332705, -0.029708685327865525, 0.08063188033716873, -0.015927127001960167, 0.0052970029316974365, 0.07144616675592397, 0.0340964052070238, 0.011052185266133607, -0.011902999844709494, 0.004476187299565504]
other derivatives: [ 0.2917659  -0.06793925 -0.03201421  0.06129994 -0.0433829  -0.00964064]
Current x array =  [-0.69398088 -0.71723325 -0.59592587  0.60005205 -3.43530079 -1.57962626
 -1.41496635 -1.11711719 -1.26100575 -1.67011107 -3.68241329 -3.52017996
 -1.07146543 -0.30510714 -0.98350487 -1.52647077 -3.42634389 -2.05439485
 -1.42435632 -1.23112022]
log likelihood =  -7591.380617383074
Edge derivatives =  [0.04333804441286729, -0.04358341366653235, 0.04422226377110272, -0.07722971412692547, 0.09615718164389744, -0.023648653160511457, 0.05387399112851554, -0.03166703294284687, -0.0180185721982562, 0.05187489264911571, 0.04185464056404642, 0.03386788061474166, 0.07730250636350644, -0.04746587453397211]
other derivatives: [ 0.39217412 -0.36679921  0.4127287  -0.05175025 -0.0176442  -0.00127329]
Current x array =  [-0.69402002 -0.71701143 -0.59613885  0.60040877 -3.43531131 -1.57972179
 -1.41512413 -1.11772262 -1.26049734 -1.67154779 -3.6809124  -3.52207287
 -1.07082803 -0.30517109 -0.98339452 -1.52631209 -3.42705272 -2.05481801
 -1.42519695 -1.2306853 ]
log likelihood =  -7591.3803138062885
Edge derivatives =  [0.0615100720044999, -0.008613619856686464, 0.042653292448400215, -0.044535784788478305, 0.09585307718553546, -0.010945252526789684, 0.04438297928945334, 0.0035675617648409375, -0.012518541372020575, 0.05971281926506511, 0.056455173272298154, 0.07094141929066289, 0.18412985263903797, -0.08244799151750842]
other derivatives: [ 0.19226718 -0.04292815 -0.14133548 -0.09185896  0.00272848  0.01318767]
Current x array =  [-0.69393421 -0.71724566 -0.59586574  0.60065533 -3.43539094 -1.57998197
 -1.41519003 -1.11849177 -1.25989357 -1.67320484 -3.67881037 -3.5251359
 -1.07012452 -0.30531081 -0.98328187 -1.52619712 -3.42839145 -2.05524472
 -1.42602928 -1.23021395]
log likelihood =  -7591.380121533018
Edge derivatives =  [0.05911901289644422, -0.004008673493049619, 0.02399593795752375, -0.04053077578246139, 0.09161898943131189, -0.013266060818116043, 0.02129813293786953, 0.011410332371137977, -0.012754570067179616, 0.01683682963941535, 0.05546700220206781, 0.06291267954941226, 0.17151521586584, -0.07377528592194021]
other derivatives: [-0.05393304  0.009004   -0.05848051 -0.09904397  0.02564775  0.0001819 ]
Current x array =  [-0.69383581 -0.71731322 -0.59590889  0.60066722 -3.43556163 -1.57969082
 -1.41500191 -1.1187712  -1.25951571 -1.67377524 -3.67810507 -3.52565012
 -1.06969743 -0.30539296 -0.98332294 -1.52578    -3.42841393 -2.05515663
 -1.42593354 -1.23031298]
log likelihood =  -7591.379806296221
Edge derivatives =  [0.049465941203469484, 0.006994074197589361, -0.017691582650265547, -0.029149352873234946, 0.08245508892315045, -0.0162648523203342, -0.025090061504263517, 0.030516922364577426, -0.008476115899696879, -0.06413155565705653, 0.05358759069438328, 0.0441900050218656, 0.11159089581113546, -0.038367359037957016]
other derivatives: [-0.3515197   0.08494681  0.04993126 -0.06057235  0.07075869 -0.02110028]
Current x array =  [-0.69372172 -0.71741752 -0.59596758  0.60046771 -3.43592578 -1.5792833
 -1.41451006 -1.11939172 -1.25865807 -1.67515442 -3.67612197 -3.52744841
 -1.06875977 -0.30558927 -0.98341665 -1.5249617  -3.42873753 -2.05485629
 -1.42536089 -1.23063279]
log likelihood =  -7591.379602410478
Edge derivatives =  [0.04038365860190443, 0.02008149372966876, -0.04558731423529716, -0.012582382195457709, 0.07522369135958992, -0.017519546193669466, -0.055585720998379884, 0.04368821365311659, -0.00039642866177680425, -0.10470829461461795, 0.05146141206315387, 0.030264383286032814, 0.057145787640543844, -0.007549042144365414]
other derivatives: [-0.00582077  0.10059011 -0.01582521 -0.04074536  0.09422365 -0.02783054]
Current x array =  [-0.69386447 -0.71743384 -0.59592072  0.60035551 -3.43608962 -1.57925383
 -1.41402081 -1.11996522 -1.25797917 -1.67654476 -3.67417341 -3.52901072
 -1.06799128 -0.30569999 -0.98346996 -1.52452213 -3.42882573 -2.05457885
 -1.42480614 -1.23086754]
log likelihood =  -7591.379462673414
Edge derivatives =  [0.02354396600220533, 0.02968909719413166, -0.06614494893780709, 0.018205607650579103, 0.07160579252689464, -0.0004922057670220248, -0.06063010167663141, 0.020826492764157573, -0.005400994170105866, -0.069141166536696, 0.058659507774299346, 0.034603321479687976, -0.054264428583004676, 0.02600742755024682]
other derivatives: [-0.42527972 -0.06311893  0.08076313  0.13142198  0.02728484 -0.00454747]
Current x array =  [-0.69372376 -0.71731816 -0.59601034  0.59965264 -3.43583516 -1.57995582
 -1.41396137 -1.12029712 -1.25744345 -1.67856361 -3.67022908 -3.53473855
 -1.06751561 -0.30578218 -0.98346788 -1.52482849 -3.43114354 -2.05431835
 -1.42354458 -1.23110234]
log likelihood =  -7591.379313340236
Edge derivatives =  [0.01808397885030462, 0.030858000897615888, -0.05583688505642859, 0.022290881650098848, 0.0715504654112139, -0.003058352608653392, -0.04942910668829881, 0.02847109417848473, 0.0024909236586652117, -0.042482214687262765, 0.05456077009755683, 0.025224352217430968, -0.04548049008100202, 0.022716747029916162]
other derivatives: [ 0.11568773 -0.0343789  -0.02210072  0.05593392  0.04192771  0.00854925]
Current x array =  [-0.69393113 -0.71731693 -0.59593077  0.59995075 -3.43583386 -1.58025919
 -1.41362319 -1.12036659 -1.25758395 -1.67853057 -3.67032325 -3.53371564
 -1.06761081 -0.30572642 -0.98346155 -1.52509603 -3.43025755 -2.0541732
 -1.42364001 -1.23105303]
log likelihood =  -7591.379251207072
Edge derivatives =  [0.012455517917886873, 0.02838106989449151, -0.04303177299533517, 0.02457711268281093, 0.07280275357324031, -0.0026891617356134545, -0.03351923096912701, 0.02459847402897089, 0.003785744024745741, -0.006150255203997479, 0.05240511512220562, 0.02032137185156585, -0.037323411418315355, 0.01348600064672667]
other derivatives: [ 0.24756446 -0.03255991 -0.05602487  0.01236913  0.03255991  0.02382876]
Current x array =  [-0.69398052 -0.71730856 -0.5959037   0.60013693 -3.43573646 -1.58059291
 -1.4134505  -1.12030685 -1.25782959 -1.67837496 -3.67038345 -3.53319944
 -1.06784846 -0.30564697 -0.98344003 -1.52547714 -3.42978583 -2.05408264
 -1.42372284 -1.23097265]
log likelihood =  -7591.379165136471
Edge derivatives =  [0.0016845533912328084, 0.024801012089140793, -0.031507405669662925, 0.03142979507303628, 0.07164665959209468, -0.002696167649699377, -0.019638133132036772, 0.012786154300197472, 0.002148543713128115, 0.02560164833546752, 0.048395050156421135, 0.00649270179790723, -0.03590117787988667, 0.0033561576199000465]
other derivatives: [ 0.23364919 -0.0082764  -0.04138201 -0.03647074  0.01109584  0.03856258]
Current x array =  [-0.69397307 -0.71732946 -0.59590173  0.60035012 -3.43559179 -1.58091065
 -1.41310373 -1.12030802 -1.25806037 -1.67849515 -3.66977236 -3.5329971
 -1.06802715 -0.30552929 -0.98342815 -1.5258463  -3.42911878 -2.05386283
 -1.42376601 -1.23091445]
log likelihood =  -7591.37902188971
Edge derivatives =  [-0.023655919295530247, 0.013066172621274866, -0.012901563426019114, 0.04405667797639318, 0.06130688280367105, -0.009360045908170411, -0.00792121513613242, -0.01903063753452125, -0.008340827992980193, 0.03072830737039589, 0.03478631981521173, -0.03899063274662182, -0.012713170597528523, -0.020635447490586212]
other derivatives: [ 0.03092282 -0.34515324 -0.37016434 -0.07403287 -0.02528395  0.04438334]
Current x array =  [-0.6939229  -0.71710517 -0.59571943  0.60055869 -3.43540067 -1.58094561
 -1.41217786 -1.12033686 -1.25856348 -1.67892917 -3.66744205 -3.53229778
 -1.0682509  -0.30527226 -0.9834637  -1.52613019 -3.42677217 -2.05332368
 -1.42419398 -1.23087109]
log likelihood =  -7591.378824514053
Edge derivatives =  [-0.04137557961624096, 0.007235060928244125, 0.006844700395521375, 0.06843747498597902, 0.051589904919438656, -0.008835007019995123, 0.01382023919748021, -0.0485696877771023, -0.01289859541323679, 0.04455805396815571, 0.027262621011421143, -0.06939621545182245, -0.003175148564169783, -0.02877825438243692]
other derivatives: [ 0.01928129 -0.02764864 -0.04456524 -0.06166374 -0.07039489  0.052205  ]
Current x array =  [-0.69389879 -0.7173443  -0.59588507  0.60049488 -3.43517293 -1.58100256
 -1.41141602 -1.12042396 -1.25889429 -1.67983978 -3.66405161 -3.53358359
 -1.06834298 -0.30508503 -0.98350709 -1.52639601 -3.42546357 -2.05284275
 -1.42436285 -1.23087982]
log likelihood =  -7591.378704054871
Edge derivatives =  [-0.04288779907729731, 0.0037702600596409147, 0.010015001843910132, 0.07540746994616804, 0.04366632363823397, -0.010928525239398634, 0.012126834129345232, -0.05382023512232445, -0.014774046207206126, 0.00669906090125727, 0.0237248926493851, -0.080395833592381, 0.008452783032745326, -0.024351986461726927]
other derivatives: [-0.08649295  0.04010872  0.04192771 -0.00118234 -0.06812115  0.03446985]
Current x array =  [-0.69385487 -0.71740238 -0.59594012  0.60023044 -3.43523219 -1.58048829
 -1.41118912 -1.12043286 -1.25896974 -1.68021836 -3.66206643 -3.53437283
 -1.06825212 -0.3050937  -0.98358387 -1.52610616 -3.42477724 -2.05274651
 -1.42455839 -1.23098359]
log likelihood =  -7591.378553918132
Edge derivatives =  [-0.039603678729513384, -0.0022641778768504317, 0.019069652989784303, 0.08065412206946848, 0.03230703606448526, -0.011875361699133724, 0.014238044092936719, -0.04639355944756654, -0.012726997402079832, -0.03758482911365313, 0.019676017812644844, -0.08079339604654937, 0.02535981711166202, -0.013040964207585992]
other derivatives: [-0.10040822 -0.00491127  0.15006663  0.07621566 -0.03637979  0.00709406]
Current x array =  [-0.69384759 -0.71736385 -0.59601328  0.59985466 -3.43541403 -1.57964405
 -1.41107252 -1.12032092 -1.25917035 -1.6804639  -3.65888661 -3.53585682
 -1.06822003 -0.30522655 -0.98373254 -1.52581153 -3.42384368 -2.05286841
 -1.42484438 -1.23116974]
log likelihood =  -7591.378772123892
Edge derivatives =  [-0.008085625805417863, 0.005068492259515767, 0.05418963966742257, 0.09810892024761642, 0.01901225932991657, -0.0036500488219608496, 0.03898946970193007, 0.037423997838471, 0.03121171723427163, -0.03807895960236807, 0.019112344645773535, -0.04168153744715175, 0.02850494534864101, 0.03846210558887575]
other derivatives: [-3.96266842e-01  6.62384991e-01 -8.68476491e-01  2.18005880e-01
 -2.72848411e-04 -2.74667400e-02]
Current x array =  [-0.69371506 -0.71783197 -0.59554664  0.59940365 -3.43565614 -1.57855681
 -1.41115299 -1.1201082  -1.25941658 -1.68065598 -3.65285256 -3.53963991
 -1.06816751 -0.30562702 -0.98400562 -1.52580215 -3.42286703 -2.05344526
 -1.42488002 -1.23153876]
log likelihood =  -7591.378498800658
Edge derivatives =  [-0.029833021533050313, 1.037374180645409e-05, 0.02996010938822552, 0.08606666745336594, 0.028207605427027493, -0.009309567359486737, 0.021913834645435504, -0.020407639652093218, 0.0009139354958980217, -0.03771094067781022, 0.019504084618155088, -0.06865812925289017, 0.026344110592985248, 0.002927686909648175]
other derivatives: [-0.19208528  0.20199877 -0.16543709  0.12014425 -0.02528395 -0.00354703]
Current x array =  [-0.69380652 -0.71750893 -0.59586866  0.59971488 -3.43548906 -1.57930709
 -1.41109746 -1.120255   -1.25924666 -1.68052343 -3.65701656 -3.53702926
 -1.06820375 -0.30535066 -0.98381718 -1.52580862 -3.423541   -2.05304718
 -1.42485542 -1.2312841 ]
log likelihood =  -7591.378380520853
Edge derivatives =  [-0.022510181670745356, -0.006900390233394296, 0.04317136305686042, 0.08111834996921363, 0.021490063366683576, -0.008248118673223226, 0.02990716081467726, -0.003282735415514215, 0.00569396366162489, -0.04665599770071349, 0.016942888443738466, -0.052316668352015566, 0.04165743906689312, 0.009734880297718407]
other derivatives: [-0.10986696  0.09422365 -0.07212293  0.13224053  0.01527951 -0.02055458]
Current x array =  [-0.69383412 -0.71741251 -0.59592674  0.59960134 -3.4356464  -1.57869982
 -1.41123477 -1.12000198 -1.25954732 -1.68013794 -3.65480921 -3.53798049
 -1.06836526 -0.30552367 -0.98393914 -1.52584699 -3.42277333 -2.05342194
 -1.42510045 -1.23140278]
log likelihood =  -7591.3782249771775
Edge derivatives =  [-0.01316370237183687, -0.014728667636472681, 0.0555943895282322, 0.06643217047864952, 0.014128752012538104, -0.004585480219837956, 0.034080861264897844, 0.02337682781552361, 0.012887197919027926, -0.027506239442355862, 0.013178481456454491, -0.017873245680165434, 0.03995396503029863, 0.017179924198818475]
other derivatives: [-0.02492015 -0.00436557  0.01182343  0.07275958  0.05402399 -0.03346941]
Current x array =  [-0.69385842 -0.717323   -0.59597261  0.59978311 -3.43573759 -1.57816616
 -1.4115102  -1.11966933 -1.25984692 -1.67929503 -3.65182456 -3.53937953
 -1.0685482  -0.30576187 -0.9840696  -1.52619665 -3.4217866  -2.05409905
 -1.42519543 -1.23152649]
log likelihood =  -7591.37811074023
Edge derivatives =  [-0.009944033455082602, -0.01892689557056519, 0.04965392784510453, 0.043797288826890934, 0.008497290488583886, -0.0006226524155449886, 0.01950687772022508, 0.026065858602977193, 0.011940626695180034, 0.005012175622463366, 0.009111712917308237, 0.014620834390459192, 0.014001733558899165, 0.01632296167526881]
other derivatives: [ 0.05347829 -0.03938112  0.02983143  0.00663931  0.03183231 -0.03665264]
Current x array =  [-0.69388817 -0.71729533 -0.59597289  0.60005673 -3.43555921 -1.57804058
 -1.41177531 -1.11949129 -1.25982457 -1.67837395 -3.64922319 -3.54075196
 -1.06855013 -0.3058397  -0.98410233 -1.52663755 -3.42103281 -2.05469132
 -1.42502136 -1.2315563 ]
log likelihood =  -7591.378090913509
Edge derivatives =  [-0.009546270620283435, -0.01828972175933967, 0.02410457546036293, 0.013061770584181676, 0.006737543407854263, 0.0015044527698415688, -0.006068225964912188, 0.014174195303308323, 0.0010356832314977193, 0.024512604345241495, 0.006720604946434977, 0.03593313175716034, -0.005493890632588594, 0.0014404809253280582]
other derivatives: [-0.43473847 -0.08403731  0.0860382  -0.0172804  -0.00090949 -0.02992238]
Current x array =  [-0.693703   -0.71730102 -0.59600227  0.60019567 -3.43544909 -1.57831735
 -1.41219612 -1.11947028 -1.25949544 -1.67726811 -3.64819508 -3.54140157
 -1.06852416 -0.30580583 -0.98404331 -1.52689306 -3.4207741  -2.05507035
 -1.42487064 -1.23145729]
log likelihood =  -7591.37804173585
Edge derivatives =  [-0.012482278123626251, -0.016034619540190566, 0.02232734033780559, 0.012675076571402544, 0.0056315799369272, 0.0013557675881588072, -0.00788650453320705, 0.004267206231700321, 0.001751373001144918, 0.037484434954812684, 0.004911633923337808, 0.0314905769116518, -0.011231360907769383, -0.0012823670868653547]
other derivatives: [-0.04129106  0.00172804  0.01437002 -0.0349246  -0.02737579 -0.02437446]
Current x array =  [-0.693857   -0.71735173 -0.5959479   0.60028736 -3.43529715 -1.57852549
 -1.41206327 -1.11954696 -1.25941543 -1.67726151 -3.64772041 -3.54147474
 -1.06848168 -0.3056978  -0.98400841 -1.52700611 -3.42047435 -2.05496458
 -1.42480196 -1.23141078]
log likelihood =  -7591.378030418508
Edge derivatives =  [-0.013711585844170954, -0.013968329390498309, 0.017521685644182272, 0.012138742059187135, 0.005756649679139303, 0.00028840130229418337, -0.010620439577815444, -0.0018285665764385672, 5.161316506052671e-05, 0.03130907804534566, 0.0047232850970424095, 0.024885728995896916, -0.008820224894088069, -0.003976820425930561]
other derivatives: [-0.00572982  0.01682565 -0.00463842 -0.02100933 -0.03356035 -0.02246452]
Current x array =  [-0.69387324 -0.71736619 -0.59593492  0.60024025 -3.43529331 -1.57863207
 -1.41203775 -1.1196188  -1.25931779 -1.67728486 -3.64794352 -3.54129769
 -1.06845109 -0.30563915 -0.98398245 -1.5269246  -3.42048204 -2.05484363
 -1.42481395 -1.23137929]
      fun: 7591.378030418508
 hess_inv: <20x20 LbfgsInvHessProduct with dtype=float64>
      jac: array([ 5.72981662e-03, -1.68256520e-02,  4.63842298e-03,  2.10093276e-02,
        3.35603545e-02,  2.24645191e-02,  1.37115858e-02,  1.39683294e-02,
       -1.75216856e-02, -1.21387421e-02, -5.75664968e-03, -2.88401302e-04,
        1.06204396e-02,  1.82856658e-03, -5.16131651e-05, -3.13090780e-02,
       -4.72328510e-03, -2.48857290e-02,  8.82022489e-03,  3.97682043e-03])
  message: b'CONVERGENCE: REL_REDUCTION_OF_F_<=_FACTR*EPSMCH'
     nfev: 94
      nit: 85
   status: 0
  success: True
        x: array([-0.69387324, -0.71736619, -0.59593492,  0.60024025, -3.43529331,
       -1.57863207, -1.41203775, -1.1196188 , -1.25931779, -1.67728486,
       -3.64794352, -3.54129769, -1.06845109, -0.30563915, -0.98398245,
       -1.5269246 , -3.42048204, -2.05484363, -1.42481395, -1.23137929])
