number of sites to be analyzed:  1080
Successfully loaded parameter value from ./save/MG94733IGC2_Full_noforce_noclock.txt
log likelihood =  -23109.550149069208
Edge derivatives =  [88.79718445670007, 117.7188145493407, 120.66792779286448, 92.16167678915136, -0.5680048427145821, 9.103355203631587, 0.9951968992715277, 97.57904396947245, 37.44972764687301, 116.81761535471354]
other derivatives: [  1264.99471662 -24869.32717147    921.15406005   -433.23270802
    796.17166193     85.05558071]
Current x array =  [-0.87780659 -0.05       -1.71539574  0.72977056 -4.70026442 -0.37048751
 -3.07817074 -3.57252216 -2.67171809 -1.74443646 -4.11453721 -4.05647433
 -1.81299299 -2.90897289 -1.7317634  -2.79117277]
log likelihood =  -21102.242097513525
Edge derivatives =  [158.21061279607628, 131.54651027073456, 211.0741392062456, 241.37298284659138, 20.571571450368836, 30.486008308630755, 168.1466440736263, 151.99629150736948, 171.37605547064217, 165.9443599539586]
other derivatives: [1136.56351459  733.43799158  570.47509472 -348.22078305  782.2389307
   78.002995  ]
Current x array =  [-0.87777333 -1.04928039 -1.71532882  0.71236273 -4.66827326 -0.37019136
 -3.07460276 -3.56779207 -2.6668695  -1.74073329 -4.11456003 -4.05610854
 -1.81295301 -2.90505205 -1.73025862 -2.78647889]
log likelihood =  -20985.15647726501
Edge derivatives =  [160.47996090818458, 132.0455841669044, 214.0617687841417, 245.88320347610792, 21.158904687867512, 31.159330018625685, 173.22446418706167, 153.8549123777241, 176.24612906566904, 167.60116082237823]
other derivatives: [ 960.56392067  703.07542046  570.96403907 -325.84830478  778.4281479
   75.94790077]
Current x array =  [-0.8332933  -1.02166628 -1.69270007  0.69914273 -4.63857758 -0.36714825
 -3.06859735 -3.56279839 -2.65885746 -1.73157156 -4.11377928 -4.05495141
 -1.80657127 -2.89928241 -1.723754   -2.78017971]
log likelihood =  -20623.785920552626
Edge derivatives =  [169.10655374110365, 133.69187062293838, 224.60854406064212, 261.3770075017761, 23.12493506845293, 33.48429987100672, 190.90780173356188, 160.5061745560426, 193.33726838515972, 173.41340377638394]
other derivatives: [ -42.43484     574.36773204  589.22669268 -254.26816137  761.7942174
   69.95687727]
Current x array =  [-0.6553732  -0.9112098  -1.60218508  0.6462627  -4.51979486 -0.35497582
 -3.0445757  -3.54282368 -2.62680928 -1.69492464 -4.11065626 -4.05032291
 -1.78104434 -2.87620387 -1.6977355  -2.75498297]
log likelihood =  -19986.663837514134
Edge derivatives =  [171.1090837560205, 131.33496268454476, 222.8872615182585, 237.33387516658541, 21.975768711349822, 30.868027265412344, 176.61986661985026, 155.16191457152883, 178.4162287712135, 166.63195699573055]
other derivatives: [-2510.44184552    55.6527084    457.91675802  -190.58352336
   685.49779826    48.11772669]
Current x array =  [-0.43308568 -0.59062585 -1.22657157  0.46893197 -4.0407921  -0.30881966
 -2.94149284 -3.45993853 -2.48970359 -1.53633473 -4.09680163 -4.03009866
 -1.66698036 -2.77797032 -1.5819092  -2.6484826 ]
log likelihood =  -19470.142478911825
Edge derivatives =  [137.0845522057845, 120.60572851429, 172.60967018449014, 106.74174696764969, 12.44964823853562, 16.281180268541043, 65.38814705678543, 112.91367026044065, 63.02823864323781, 121.40053559199454]
other derivatives: [-1.39455224e+03 -2.58962318e+03 -1.24247890e+02  3.42366548e+01
  5.22171104e+02  1.19616743e+00]
Current x array =  [-0.48871152 -0.26730246 -0.75194658  0.24025661 -3.41569655 -0.25095444
 -2.80466575 -3.35028682 -2.30836374 -1.33017568 -4.0786774  -4.00375476
 -1.51855898 -2.64863294 -1.43118514 -2.50834918]
log likelihood =  -19134.334539988093
Edge derivatives =  [166.02242441435504, 127.63532463009474, 213.42903810426856, 189.91441862764768, 20.731706521099802, 25.526785854858396, 146.34064752477298, 141.981768499053, 139.67719473805798, 151.67185103434147]
other derivatives: [ 2.15838736e+02 -6.50908623e+02 -3.09591996e+01  1.22381607e+01
  5.46465890e+02  1.98269845e-01]
Current x array =  [-0.65907502 -0.45211683 -0.83613263  0.27571328 -3.43303009 -0.25883967
 -2.80509635 -3.34964342 -2.31004586 -1.34260839 -4.07933434 -4.0049996
 -1.52843598 -2.65114557 -1.44188792 -2.51126865]
log likelihood =  -18938.793773357374
Edge derivatives =  [167.4404769141386, 125.72786317665121, 210.86376319545568, 170.26720789037395, 20.69853404846044, 24.09679970815985, 136.30588239027458, 138.41370011739943, 123.79912836059212, 145.80725611011263]
other derivatives: [ 491.5997124  -623.06244217 -253.22842703   83.84849934  452.54964789
  -20.51638148]
Current x array =  [-0.71712999 -0.46422425 -0.71845983  0.21545819 -3.15654193 -0.24246335
 -2.73752974 -3.29553714 -2.22182837 -1.25400549 -4.07083321 -3.9933341
 -1.46404457 -2.59010436 -1.37796003 -2.4454971 ]
log likelihood =  -18511.7545405576
Edge derivatives =  [137.4152450415049, 101.55318399655798, 141.83990339413114, -16.065341663113927, 11.498167204153077, 12.533276593750386, -1.0274923319343556, 89.8533345161896, -23.233722924177993, 88.2205759887026]
other derivatives: [ 792.93386079 -391.59822336 -178.68478608  223.6898581  -114.00588846
 -120.28976926]
Current x array =  [-0.83770659 -0.5451361  -0.70385001  0.14832071 -2.15076812 -0.22502049
 -2.43030342 -3.06000842 -1.82991322 -0.89709485 -4.03220671 -3.94426948
 -1.19048919 -2.32496475 -1.11902406 -2.16417782]
log likelihood =  -18305.61549391068
Edge derivatives =  [113.34697021584824, 91.40295327676449, 98.47407574741798, -18.962595836462782, 7.731568240571991, 8.423926838208136, -3.2363350922798784, 70.76287589042401, -10.462233596301939, 66.07453470430873]
other derivatives: [ 534.74141168 -258.26084311  -50.55298971   75.22830856  -68.30232451
  -87.0666554 ]
Current x array =  [-0.77381036 -0.59449886 -0.72505005  0.39710984 -2.20469865 -0.37398205
 -2.22824029 -2.91194112 -1.6144401  -0.87897062 -4.01390735 -3.92285002
 -1.16116488 -2.18636822 -1.11573567 -2.02555463]
log likelihood =  -18144.395313819114
Edge derivatives =  [49.180216766306515, 65.72335816635895, -28.90993914620732, -41.01289049260629, 1.26260219093537, 0.43819846339241536, -14.431879366492431, 15.245746229278588, -3.1422041071018296, -0.0808706334823332]
other derivatives: [-233.88238333  -79.88492143  -72.65116437 -118.45404515  -86.69121598
  -33.9881808 ]
Current x array =  [-0.64532835 -0.69933613 -0.67456776  0.77751688 -2.23097391 -0.69970852
 -1.73798762 -2.5364257  -1.12467989 -0.83301896 -3.97253501 -3.87424348
 -1.08649501 -1.85426271 -1.08301529 -1.69948248]
log likelihood =  -18125.99799214492
Edge derivatives =  [47.40449918205899, 65.6224616922116, -21.661641303970274, -25.626297345142525, 1.4560258208037844, 0.819067621529774, -5.239149766438503, 16.279497351759677, 5.147294315505901, 4.028901505256583]
other derivatives: [-125.73655113  -43.16752893   60.59344742 -104.7814294   -32.19975042
  -25.94460966]
Current x array =  [-0.65752626 -0.70926622 -0.71374368  0.72720339 -2.31007745 -0.72116875
 -1.71871473 -2.50838592 -1.14644514 -0.86335129 -3.9726404  -3.8751011
 -1.100295   -1.85196982 -1.09121529 -1.70533849]
log likelihood =  -18101.2259458903
Edge derivatives =  [33.6643874353356, 61.77332747573962, -23.823755979490137, -9.083184511113897, 1.3933211561700058, 0.5843646459797098, 5.744357896073165, 9.89342093159305, 12.183303157421491, 1.060829354623328]
other derivatives: [ 22.31208782  39.1908543  102.44002624 -54.37468644  10.73858584
 -11.67754817]
Current x array =  [-0.67931077 -0.73780559 -0.7220269   0.6224003  -2.40105882 -0.79498735
 -1.60666073 -2.38495655 -1.13233252 -0.90289953 -3.96664506 -3.86951121
 -1.10487234 -1.79884196 -1.08599676 -1.67118593]
log likelihood =  -18086.208350926878
Edge derivatives =  [13.233915332375092, 55.415511544048684, -26.42001590741466, 2.7132421741264356, 1.3284541583484872, 0.10694976338351947, 13.496216538120157, 0.6725201159378521, 14.82882233006669, -4.989668940620175]
other derivatives: [47.35338734 99.98402675 34.48876669  6.77900971 28.62143447  1.31039997]
Current x array =  [-0.68587609 -0.76374653 -0.69534249  0.5164438  -2.46876216 -0.88090057
 -1.46205593 -2.21455165 -1.1128465  -0.93896584 -3.95817799 -3.86156666
 -1.09924306 -1.72907341 -1.0702771  -1.62448715]
log likelihood =  -18078.270508282098
Edge derivatives =  [-15.299007853370458, 44.71270804702426, -34.397006231076325, -1.5607145062898926, 0.4943078193796334, -0.9724194684655271, 3.9222922066828083, -13.108056796519746, 4.60518690395871, -15.518062549488715]
other derivatives: [95.80908227 84.57282092 57.7114406  11.36722858 11.50910975  7.49787432]
Current x array =  [-0.6965249  -0.76431473 -0.69222439  0.51140342 -2.46089355 -0.94712493
 -1.33397048 -2.02250585 -1.09850387 -0.95086087 -3.94877454 -3.85351444
 -1.07406148 -1.66663877 -1.0423761  -1.58167669]
log likelihood =  -18071.838242230413
Edge derivatives =  [-44.77860166735811, 25.507594295596498, 8.456866418005246, 20.761391245784615, 1.3801804269028124, -0.18607852032330405, -0.8665564029230894, -9.466977045990763, -9.704628663183732, -2.6016546479276883]
other derivatives: [-118.99901438   81.6246029  -154.86730263   71.19415386   -3.42406565
   12.34075171]
Current x array =  [-0.6674566  -0.76581736 -0.63744364  0.42906099 -2.4643861  -0.99035537
 -1.23809874 -1.62938915 -1.27578544 -1.01155113 -3.94015654 -3.85310777
 -1.0505254  -1.65834504 -1.00051168 -1.61815878]
log likelihood =  -18061.642701582878
Edge derivatives =  [-38.79336798786, 27.803921278151392, 1.9346184888942692, 10.57474207603845, 0.9192745455510389, -0.42777703150934304, -8.118040383939311, -9.42863393209699, -11.955348154860388, -3.735284013518608]
other derivatives: [-17.87084329   9.90366971 -43.98934834  22.96001185  -7.11625034
   6.86377462]
Current x array =  [-0.68165637 -0.73870563 -0.66451432  0.50339029 -2.43089593 -0.96323066
 -1.29021639 -1.67128005 -1.26801834 -0.98895526 -3.94163756 -3.85469379
 -1.04899651 -1.67766316 -1.00652353 -1.6270209 ]
log likelihood =  -18057.70585842805
Edge derivatives =  [-34.61064844297821, 25.500121837282688, 9.709265856369285, 9.444872697019871, 1.0534521883480428, -0.057602295209742096, -11.908394836312242, -4.555898006530296, -13.949019781581365, 1.753579792091994]
other derivatives: [ -2.05509423 -28.77350198  -5.15719876  -3.97958502  -9.16297722
   2.08710844]
Current x array =  [-0.68310303 -0.72350271 -0.67618917  0.5468707  -2.40716044 -0.9381131
 -1.34367758 -1.61725927 -1.31727938 -0.98279368 -3.94196533 -3.85777779
 -1.04915498 -1.70709878 -1.00895043 -1.65523616]
log likelihood =  -18053.981217446868
Edge derivatives =  [-30.480035209934655, 18.903222840305403, 18.395320385128347, 8.696812914280834, 1.4350994523410627, 0.4935793252953695, -9.855220680783493, 1.2650855224942525, -10.780623135340951, 7.524281114145981]
other derivatives: [ 23.7741915   -7.97554094   8.30259523 -23.91461749 -12.33784133
  -2.86854629]
Current x array =  [-0.68559925 -0.7281291  -0.68049122  0.58116739 -2.3883374  -0.92096063
 -1.4080457  -1.49528797 -1.3653039  -0.97187516 -3.93973807 -3.85995621
 -1.05528517 -1.73226668 -1.01790879 -1.67812328]
log likelihood =  -18055.125189353625
Edge derivatives =  [-26.310810830895615, -10.579369274987041, 27.171945105118876, 4.8520200899326165, 1.6546787856255023, 1.119161554581596, -1.5970116361515427, 7.687680503326206, 1.1401259590587152, 14.531040373943451]
other derivatives: [-122.91566236 -122.00616766  127.32270989   -7.90132617   14.17283784
   -8.96543497]
Current x array =  [-0.66287683 -0.69163777 -0.72040996  0.53703159 -2.42422041 -0.90603002
 -1.57388726 -1.19679889 -1.44610176 -0.95458922 -3.93260184 -3.86396963
 -1.08964343 -1.77520802 -1.05325693 -1.71310306]
log likelihood =  -18051.355862848497
Edge derivatives =  [-28.581720752502154, 7.52865797085739, 22.641006814780656, 7.089171532856335, 1.5465911319535297, 0.7977866597393499, -5.889866277447772, 4.287812032053841, -5.140987141214664, 10.864379893478983]
other derivatives: [-41.36600182 -58.03558452  64.06735338 -16.76526153   0.4984031
  -5.75382728]
Current x array =  [-0.67517682 -0.71139108 -0.69880134  0.56092297 -2.40479639 -0.91411218
 -1.4841147  -1.35837556 -1.40236465 -0.96394636 -3.93646479 -3.86179711
 -1.07104478 -1.75196322 -1.03412244 -1.69416797]
log likelihood =  -18047.518511068396
Edge derivatives =  [-19.596694496953205, -0.21978845023758153, 23.18642056483237, 2.1989700224021798, 1.9871327440349706, 1.1761116954077322, 4.745854911661371, 9.059924937083759, 6.636140535601098, 12.587255040343823]
other derivatives: [  4.20222932 -15.78482625  25.39673005 -20.5131073    1.85209501
 -10.6774678 ]
Current x array =  [-0.6815814  -0.7231537  -0.68703259  0.5685417  -2.40530581 -0.90778507
 -1.58267846 -1.24307762 -1.39726544 -0.93791937 -3.93199629 -3.8620231
 -1.08827921 -1.76525694 -1.05627219 -1.69400644]
log likelihood =  -18044.714294071007
Edge derivatives =  [-12.776985688518316, -0.3290501422991159, 11.576079205631721, -5.95784444100583, 1.8905891021521726, 0.8774192011358646, 12.93156776709, 7.720827810856468, 15.657135794883558, 6.872064701123291]
other derivatives: [ -8.99781298  30.78166628   9.59989848 -10.72985469   4.60750016
 -12.38331606]
Current x array =  [-0.67925277 -0.74002868 -0.6818521   0.55370969 -2.42044844 -0.92126188
 -1.66239983 -1.21101365 -1.3292184  -0.91149685 -3.92705652 -3.85948983
 -1.10031867 -1.75417475 -1.07250136 -1.66508554]
log likelihood =  -18043.64554825778
Edge derivatives =  [-8.305350640881574, -4.984612473613903, 0.9051474728388493, -7.815736156438473, 1.6904837745586179, 0.37488637936091873, 15.021102716464133, 4.86383348072835, 17.03976399462519, 0.8594985210779439]
other derivatives: [ 55.97503332 -12.63033482 -50.21502147  10.36241883   7.15699571
 -13.04324542]
Current x array =  [-0.69259105 -0.72494517 -0.6627755   0.51539421 -2.43747743 -0.95181622
 -1.74728532 -1.14436886 -1.2708224  -0.90126437 -3.9196867  -3.85637352
 -1.09839544 -1.73664409 -1.06951763 -1.63579813]
log likelihood =  -18042.492766221225
Edge derivatives =  [-7.956250309521155, -2.6088240450611404, -5.464780237348763, -10.428487780663353, 1.3257198380665105, 0.0289725863972247, 10.571467502130156, 2.016107344862744, 12.907300768540928, -2.5675624391816596]
other derivatives: [ -1.7502316   -0.80362952 -16.27195161   4.66025085   1.19289325
 -12.85334292]
Current x array =  [-0.68286973 -0.73116154 -0.67190808  0.52782785 -2.43011168 -0.9605975
 -1.75723954 -1.16654443 -1.24611889 -0.8985754  -3.91846522 -3.85528967
 -1.0908687  -1.72886997 -1.06256438 -1.62563842]
log likelihood =  -18042.003846591895
Edge derivatives =  [-7.442126839675067, -2.14422250656313, -6.636363467464863, -8.597402637972943, 1.1326459903049426, -0.13834216615454048, 5.6913131344713115, 0.6323963577658688, 7.4514714611806445, -3.389192576920321]
other derivatives: [-13.79776222  -2.37632776   1.48065737   2.88564479  -2.07110133
 -12.4633516 ]
Current x array =  [-0.68097727 -0.73121376 -0.67662171  0.53122853 -2.42519155 -0.97103102
 -1.7677727  -1.17013559 -1.24240728 -0.90458361 -3.9170962  -3.85491072
 -1.08091068 -1.7251839  -1.05083899 -1.62384918]
log likelihood =  -18041.36635514426
Edge derivatives =  [-5.04684013836937, -2.391474419709369, -7.226573915775657, -2.9325784683036282, 0.9009440869679594, -0.3481037548697577, -2.132149728247201, -0.960898942895682, -1.8816897831736865, -3.8388199163823873]
other derivatives: [-12.34511728  -4.64497134  15.78191586   1.21326593  -5.52026904
 -11.30756573]
Current x array =  [-0.68140856 -0.73079833 -0.67991482  0.53404501 -2.42045394 -0.99855557
 -1.80618818 -1.15817218 -1.23810796 -0.91726837 -3.91302033 -3.85424216
 -1.06238245 -1.71901252 -1.02840958 -1.62163908]
log likelihood =  -18040.880961746407
Edge derivatives =  [-1.951306482585618, -1.5212869479648514, -5.227473669376427, 2.995796326778498, 0.9341460301412698, -0.27472355416027017, -4.065327369619203, -0.6520669111305851, -4.544910384788688, -2.0369337740179905]
other derivatives: [-15.29915608  -5.19175956   5.84768713  -2.28938006  -1.72876753
  -8.07704055]
Current x array =  [-0.6808666  -0.73049171 -0.67689549  0.53940626 -2.42543691 -1.03535842
 -1.84963519 -1.14654773 -1.24088746 -0.92529268 -3.90813143 -3.8541276
 -1.05348942 -1.71557144 -1.01753465 -1.62359236]
log likelihood =  -18042.213074791354
Edge derivatives =  [1.4104064806550975, -0.5871582735876663, -2.3561754375514745, 9.07181126722701, 1.077972768131977, 0.058567095766602524, -0.4300317384943855, -0.5227708335841804, -0.6445673375372554, 1.5623612186673848]
other derivatives: [106.65535228  24.2562237   68.30232451   0.29540388  13.93273124
   0.35870471]
Current x array =  [-0.69899881 -0.7374561  -0.69377612  0.52320052 -2.44656427 -1.11668912
 -1.91693099 -1.12938927 -1.24716457 -0.92606513 -3.89751788 -3.8540026
 -1.05234888 -1.70568871 -1.0145898  -1.62441674]
log likelihood =  -18040.764198946443
Edge derivatives =  [-1.1841989936336785, -1.2925452702762055, -4.571513359307274, 4.356156105357503, 0.9681267206286261, -0.1986134798239721, -3.2317796560340124, -0.6027659243849505, -3.653474898437629, -1.2196535846413408]
other derivatives: [11.9653123   1.34787115 19.81570676 -1.7342245   1.74295565 -6.0943421 ]
Current x array =  [-0.68484157 -0.73201846 -0.68059609  0.53585361 -2.43006847 -1.05318784
 -1.86438786 -1.14278623 -1.24226353 -0.92546201 -3.90580471 -3.8541002
 -1.05323939 -1.71340493 -1.01688908 -1.62377308]
log likelihood =  -18040.583993759145
Edge derivatives =  [0.533420930926498, -0.9741681361847605, -2.498536250968724, 6.712800265774357, 1.0953116493048047, -0.04222740023194032, -1.5465024217948218, 0.31212609978971717, -1.9757482000909334, 0.5784535161544248]
other derivatives: [ 6.01212378  1.52685971  3.34439392 -2.71029421  5.34128048 -3.61796992]
Current x array =  [-0.68386285 -0.73180509 -0.67611392  0.53753388 -2.4352589  -1.07840303
 -1.89165963 -1.13242848 -1.24751599 -0.92543956 -3.90232445 -3.85425456
 -1.05317456 -1.71254147 -1.01666293 -1.62621795]
log likelihood =  -18040.492670562602
Edge derivatives =  [0.7485492773374758, -0.5340922197151958, -1.544737371932658, 5.847961117273817, 1.1435166697916357, 0.04286317646303269, -0.4657963472274018, 0.5363024626964334, -0.7135676382667985, 1.3339627263159142]
other derivatives: [ 3.37495294  1.30785338 -1.95395842 -1.41008059  4.49035724 -1.96887413]
Current x array =  [-0.68354414 -0.73146854 -0.67489135  0.53598499 -2.43402062 -1.09317888
 -1.90006266 -1.13186938 -1.25246263 -0.92086661 -3.90002718 -3.85437361
 -1.05430846 -1.71154855 -1.01800917 -1.62710557]
log likelihood =  -18040.400078508726
Edge derivatives =  [0.4938379516398367, -0.37820105720560726, -0.46818701521615486, 1.9063554231709874, 1.1445992007930852, 0.120556251873087, 0.6357523427613785, 0.4775849879719005, 0.832071528417027, 1.7369150604238355]
other derivatives: [-0.97570592 -2.26282282 -1.44536898  0.35943231  0.64683263  0.19172148]
Current x array =  [-0.68308926 -0.73000339 -0.67533723  0.53422453 -2.42819396 -1.11434167
 -1.91070767 -1.13077164 -1.26187306 -0.90831931 -3.89539004 -3.85448863
 -1.05622961 -1.71001885 -1.02041431 -1.62673959]
log likelihood =  -18040.420112311225
Edge derivatives =  [0.31999003953458516, 1.168324848351711, 0.8270723801337285, 0.2178746672193096, 1.132243479430961, 0.13253284536116713, 0.4513998377442301, 0.5410326554611011, 0.36891112367502643, 1.4148282340702925]
other derivatives: [ 5.06806828 10.41153155 -5.89207048 -1.82080839 -2.30429578  0.38198777]
Current x array =  [-0.68383724 -0.73415559 -0.67407782  0.53940437 -2.42329041 -1.11614506
 -1.90295544 -1.14124679 -1.26771161 -0.90287277 -3.89277704 -3.8544394
 -1.05501742 -1.70949905 -1.01906595 -1.62483478]
log likelihood =  -18040.39290287238
Edge derivatives =  [0.434955272602952, 0.14905937092625388, -0.02705257623310242, 1.3359231706140302, 1.1404678200448548, 0.12469314021590293, 0.574204579104264, 0.4996517487594321, 0.6759969305373862, 1.6284050090309288]
other derivatives: [ 1.07938831  2.05254764 -2.9533112  -0.37944119 -0.35142875  0.25538611]
Current x array =  [-0.68334286 -0.73141121 -0.67491023  0.53598077 -2.4265314  -1.11495311
 -1.90807926 -1.13432327 -1.26385263 -0.90647265 -3.8945041  -3.85447194
 -1.05581861 -1.70984261 -1.01995714 -1.62609376]
log likelihood =  -18040.384834935376
Edge derivatives =  [0.2188679729487257, 0.08459392253146808, -0.23707095081008628, 0.17943350225360166, 1.0943165616944541, 0.08453296547204128, 0.36200404125940167, 0.2003777414638832, 0.45451888728051293, 1.0417733956597357]
other derivatives: [ 0.61299943  0.74105628 -0.68503141  0.19754225 -1.09466782  0.25938789]
Current x array =  [-0.68335024 -0.73107817 -0.67547056  0.53506591 -2.42590756 -1.11624378
 -1.907813   -1.13460429 -1.26420273 -0.90358451 -3.89302335 -3.85432612
 -1.0556091  -1.70901432 -1.01965382 -1.62401879]
log likelihood =  -18040.37988451888
Edge derivatives =  [0.07953355221129976, 0.08866956349462995, -0.20831487881585842, -0.4162780125216281, 1.0449559644735833, 0.03928500866425583, 0.07837881219481102, -0.029422111863498412, 0.09896701523466989, 0.4133254710283347]
other derivatives: [ 0.26848284 -0.12296368  0.80326572  0.14988473 -0.87129592  0.10404619]
Current x array =  [-0.68332127 -0.73093424 -0.67577228  0.53495964 -2.42664114 -1.11612576
 -1.90660774 -1.13508724 -1.26487529 -0.90194712 -3.89106574 -3.85416004
 -1.05509061 -1.70842205 -1.01894617 -1.62178142]
log likelihood =  -18040.3762357329
Edge derivatives =  [0.035506174685067116, 0.11383616532250745, -0.02953273464840417, -0.5985171016638972, 0.9947134863861036, -0.002859675163250752, -0.134900649811321, -0.18070902682098844, -0.19358115678064158, -0.16750647737325547]
other derivatives: [-0.2910383  -0.29722287  1.20016921  0.02510205 -0.18080755 -0.02874003]
Current x array =  [-0.68323354 -0.73101542 -0.67577425  0.5349243  -2.42808634 -1.11629516
 -1.90592221 -1.13512176 -1.26568834 -0.90111331 -3.88812513 -3.85398215
 -1.05451285 -1.70794925 -1.01819517 -1.61955594]
log likelihood =  -18040.374149912564
Edge derivatives =  [-0.047880667369541885, 0.06456168475059681, 0.129858142293764, -0.7334146351006059, 0.9278339470766391, -0.04962025997149649, -0.2530951395640133, -0.26592657911057915, -0.33604210837894577, -0.7603888639278893]
other derivatives: [ 3.02570697 -1.90120772 -1.2016244   0.11241355  0.14151738 -0.19535946]
Current x array =  [-0.68384235 -0.73051009 -0.67495918  0.53459732 -2.428874   -1.11598745
 -1.90464197 -1.13455679 -1.26634132 -0.90052641 -3.88274476 -3.85378273
 -1.05412187 -1.70774858 -1.01779353 -1.61730703]
log likelihood =  -18040.37034807235
Edge derivatives =  [0.030224971608324436, 0.05718000756103869, 0.32304664690341894, -0.36210824709375594, 0.8928347120556811, -0.06435369685116879, -0.3230417138486754, -0.26176212628793016, -0.42025133054878816, -0.9019997049416295]
other derivatives: [ 0.81890903 -0.6526534  -0.8076313   0.01455192  0.67811925 -0.12478267]
Current x array =  [-0.68344567 -0.73100314 -0.67505992  0.53468839 -2.42983902 -1.11726856
 -1.90549824 -1.13389479 -1.26686474 -0.9011217  -3.87935205 -3.853702
 -1.05377036 -1.70768685 -1.01741354 -1.61660356]
log likelihood =  -18040.365566882887
Edge derivatives =  [0.10194848518238386, -0.02263124867386196, 0.5142483610135127, 0.19442517070569176, 0.8369193474911144, -0.07726975550719484, -0.3085555644176756, -0.18167009868573236, -0.35333542591793554, -0.9253568637127727]
other derivatives: [-0.78034645  0.58716978 -1.05865183  0.00763976  0.9444193   0.02983143]
Current x array =  [-0.68315816 -0.73144038 -0.675002    0.53472256 -2.43026034 -1.11895012
 -1.90644985 -1.1326587  -1.26735199 -0.90229718 -3.87302996 -3.8536338
 -1.05361542 -1.70794897 -1.01737971 -1.61634622]
log likelihood =  -18040.35736042536
Edge derivatives =  [0.09123614185566375, -0.2417109666085167, 0.7068319279312327, 0.941369615493555, 0.7009034593358509, -0.10991579426467944, -0.2621264307575284, -0.0410273618849884, -0.16280371853296594, -0.9652417396845323]
other derivatives: [-2.21152732  1.76551112 -1.53522706  0.03019522  0.86729415  0.27139322]
Current x array =  [-0.6829126  -0.73184268 -0.67487678  0.53481479 -2.43004268 -1.12108299
 -1.90668161 -1.13063667 -1.26798748 -0.90418433 -3.8586183  -3.8535302
 -1.05363837 -1.70872172 -1.01771443 -1.61616295]
log likelihood =  -18040.34698243367
Edge derivatives =  [-0.06128221464907947, -0.5327862073606775, 0.7985362358598411, 1.5541780694847662, 0.4614468335440842, -0.16422256013676811, -0.1840606280986481, 0.10096525983218807, 0.07854280915389633, -0.9103633770783801]
other derivatives: [-0.01600711  2.49565346  0.72213879 -0.37616701  0.82582119  0.56170393]
Current x array =  [-0.68321154 -0.73205953 -0.67543829  0.53533318 -2.42955726 -1.1230865
 -1.90554786 -1.12884833 -1.26858204 -0.90600834 -3.83509309 -3.85349532
 -1.05397792 -1.70998235 -1.01829603 -1.61663454]
log likelihood =  -18040.35262720543
Edge derivatives =  [-0.6986477823052061, -0.840483838963021, 0.40290373488552356, 1.105686035830579, -0.031025054036500944, -0.2954788845746775, -0.15110464742331597, 0.204704901358161, 0.21726426596232107, -1.0090026827127982]
other derivatives: [-10.21180651  -1.06665539  -6.10962161   0.02255547  -1.77060429
   0.68357622]
Current x array =  [-0.68185117 -0.73110824 -0.67357214  0.53604182 -2.42581643 -1.1222982
 -1.89847229 -1.12871389 -1.26838078 -0.9064435  -3.79112477 -3.853578
 -1.05498788 -1.71228878 -1.01953736 -1.61770327]
log likelihood =  -18040.341349255043
Edge derivatives =  [-0.3246146675045651, -0.6600599943933689, 0.6349492216481952, 1.3687663401139032, 0.2620113086847041, -0.21812470418607352, -0.169798344709444, 0.1454759638749717, 0.13675266358444704, -0.9499971800351723]
other derivatives: [-4.23533493  1.02336344 -2.10675353 -0.21063897 -0.24847395  0.61299943]
Current x array =  [-0.68264766 -0.73166522 -0.67466477  0.53562691 -2.42800667 -1.12275975
 -1.902615   -1.12879261 -1.26849862 -0.90618871 -3.81686802 -3.85352959
 -1.05439655 -1.71093837 -1.01881057 -1.61707753]
log likelihood =  -18040.335288530627
Edge derivatives =  [-0.49063377369950345, -0.7094853976400279, 0.34238869575649833, 1.0019639369315663, 0.16805145742836716, -0.23120142325390175, -0.06281548779597879, 0.15586301263863778, 0.22578858662833245, -0.6713688707323503]
other derivatives: [-1.11176632  0.30449883 -0.23683242 -0.33869583 -0.61372702  0.60426828]
Current x array =  [-0.68314562 -0.73137194 -0.67514795  0.53572467 -2.42719847 -1.12161263
 -1.90090606 -1.1294633  -1.26772862 -0.90576299 -3.80832395 -3.85373246
 -1.05499299 -1.71151858 -1.01927088 -1.61858235]
log likelihood =  -18040.331936129427
Edge derivatives =  [-0.6126030221063259, -0.6121569075367032, 0.020089655067552614, 0.3096307669659223, 0.12876867710880363, -0.23426312311776085, 0.0194839313702988, 0.10191861476981684, 0.18582098666584335, -0.41654991666413643]
other derivatives: [ 0.9262294  -0.57261786  0.65410859 -0.3081368  -0.84983185  0.46493369]
Current x array =  [-0.68348982 -0.73106314 -0.67536856  0.53559975 -2.42683421 -1.11957907
 -1.89931298 -1.13106605 -1.26676622 -0.9043527  -3.80503415 -3.85402021
 -1.0554714  -1.71167929 -1.0194177  -1.61996515]
log likelihood =  -18040.329965001205
Edge derivatives =  [-0.6000548466654083, -0.452820802807728, -0.09663620891504249, -0.049220351923701555, 0.1051749727436074, -0.23254738612299677, 0.08857495042301067, 0.07815366549878516, 0.13320978425481134, -0.1916116674307089]
other derivatives: [ 1.33513822 -0.47475623  0.55297278 -0.23937901 -0.7043127   0.36561687]
Current x array =  [-0.68355222 -0.73110048 -0.67533853  0.53542598 -2.4271665  -1.11843106
 -1.89896486 -1.13231925 -1.26625231 -0.90340805 -3.80266024 -3.85432344
 -1.05566708 -1.7116875  -1.01932169 -1.62098293]
log likelihood =  -18040.328466949893
Edge derivatives =  [-0.36903843359763167, -0.13327217649272968, -0.18465555913804588, -0.17824726991427753, 0.03674551605958477, -0.23322883129653668, -0.054916014235301125, -0.045803578047108884, -0.07808151932403518, 0.268305883897613]
other derivatives: [-0.99207682 -2.62807589  1.70439307 -0.09640644  0.39617589  0.21063897]
Current x array =  [-0.68318177 -0.73041613 -0.67571301  0.53473393 -2.42894494 -1.11723768
 -1.90128641 -1.13433756 -1.26572596 -0.90284249 -3.79679027 -3.85541782
 -1.05554478 -1.71157318 -1.01886367 -1.6231008 ]
log likelihood =  -18040.326823040712
Edge derivatives =  [-0.22894117583060886, 0.05882885201848925, -0.05258990613465708, -0.08414081889955216, 0.02249492230152482, -0.22426068035708557, 0.10487183840727243, 0.04410734425235974, 0.0028988153915795456, 0.442142823347635]
other derivatives: [ 0.49039954  0.29031071 -0.54133125  0.10040822  0.28812792  0.16880222]
Current x array =  [-0.68338318 -0.73132453 -0.67511101  0.53459887 -2.42890096 -1.11687807
 -1.90165262 -1.13489041 -1.26566667 -0.90273236 -3.79390593 -3.85575647
 -1.05559428 -1.71166252 -1.01885301 -1.62358207]
log likelihood =  -18040.32654206293
Edge derivatives =  [-0.23347370909810847, -0.006466604444922974, -0.02104494011159802, 0.02268198415923639, 0.030766436507159538, -0.22696298698947864, 0.04100505246284469, 0.030175474876093178, -0.00969092644005698, 0.3155319453507025]
other derivatives: [-0.03019522  0.07130438 -0.18371793  0.06366463  0.22955646  0.18990249]
Current x array =  [-0.68330279 -0.73126163 -0.67521235  0.53467099 -2.4287755  -1.11725624
 -1.90188742 -1.13444521 -1.26587282 -0.90303984 -3.79502291 -3.8556998
 -1.05548068 -1.71161778 -1.01885196 -1.62307155]
log likelihood =  -18040.326268257973
Edge derivatives =  [-0.1892211890252986, -0.01324530974973892, 0.013137955429430914, 0.10854533861938387, 0.02647599987317545, -0.23066454690825577, -0.03477233259156676, 0.0031284185442754797, -0.04335908070270822, 0.20897300330532664]
other derivatives: [-0.32305252 -0.05529728 -0.01527951  0.05711627  0.1891749   0.16589183]
Current x array =  [-0.68325848 -0.73121798 -0.67526673  0.53468172 -2.42868737 -1.11733971
 -1.90249645 -1.13429949 -1.2660187  -0.90324404 -3.79499193 -3.85592774
 -1.05534992 -1.71156482 -1.01881282 -1.62267547]
log likelihood =  -18040.325780808256
Edge derivatives =  [-0.06849421424843341, 0.02985598893536545, 0.05106483192012676, 0.16630433991966664, 0.0070471245803903, -0.23762189092439034, -0.15391932741950143, -0.05833243099227731, -0.10611753659768752, 0.012642539464007063]
other derivatives: [-0.50313247 -0.08221832  0.18480932  0.05675247  0.04220055  0.06039045]
Current x array =  [-0.68323261 -0.73119259 -0.67534181  0.53469949 -2.42841226 -1.11701284
 -1.90390566 -1.13438514 -1.26615733 -0.90334836 -3.79387886 -3.85678458
 -1.05519031 -1.71148602 -1.01877964 -1.62200051]
log likelihood =  -18040.3254321699
Edge derivatives =  [0.04944095456055084, 0.07462472124743214, 0.07711092324370897, 0.15399799602019715, -0.0022789422924583413, -0.23480969717799632, -0.09174659957784614, -0.058653379176003884, -0.03335979930134969, -0.1252569764453051]
other derivatives: [ 0.0167347  -0.4798494  -0.17971615 -0.05602487  0.06039045 -0.02546585]
Current x array =  [-0.68331946 -0.73102459 -0.67525168  0.53485437 -2.42833146 -1.11662721
 -1.90530057 -1.13440074 -1.2661842  -0.90321149 -3.79294234 -3.85812905
 -1.05537489 -1.71156166 -1.01898217 -1.62146536]
log likelihood =  -18040.325234542444
Edge derivatives =  [0.1444323438994822, 0.11961850736787716, 0.016848718506874694, -0.027695750890626925, -0.027839809916053206, -0.2284693976351008, 0.046125578955658275, -0.039728195296434454, 0.07026430631225611, -0.17459430361543898]
other derivatives: [-0.2921297   0.33869583  0.35215635 -0.10513759 -0.11605152 -0.12551027]
Current x array =  [-0.68324467 -0.73127931 -0.67543416  0.5349942  -2.42799777 -1.1157949
 -1.90639985 -1.13465208 -1.26593347 -0.90273987 -3.79031773 -3.85994111
 -1.05580022 -1.71180822 -1.01932987 -1.621351  ]
log likelihood =  -18040.325048608698
Edge derivatives =  [0.12019066858002705, 0.10277498981474159, 0.013972388999653806, -0.03126243292833841, -0.018546721953808354, -0.2229758469209278, 0.08197814290240779, -0.010198725198266478, 0.087588427279363, -0.11180605475255867]
other derivatives: [ 0.0345608   0.04147296 -0.00254659 -0.08440111 -0.03565219 -0.09531504]
Current x array =  [-0.68330524 -0.73117561 -0.67532592  0.53493599 -2.42813559 -1.11594233
 -1.90616934 -1.13451935 -1.26589813 -0.90271303 -3.79077562 -3.86004957
 -1.05582805 -1.71185204 -1.01931226 -1.62153554]
log likelihood =  -18040.324867061383
Edge derivatives =  [0.09272682023540016, 0.06449088487903848, -0.0023512913235165245, -0.05558386929425141, -0.007985572796279587, -0.21202392483642674, 0.14615003085116496, 0.04178126847960689, 0.12247119590165345, -0.024868539393728017]
other derivatives: [ 0.33323886 -0.14661055 -0.24992914 -0.04838512  0.0345608  -0.05748007]
Current x array =  [-0.68335819 -0.73110726 -0.6752493   0.53485596 -2.42826274 -1.11610729
 -1.90600271 -1.134239   -1.26581049 -0.90263475 -3.79106333 -3.86069507
 -1.0559139  -1.7119757  -1.0193248  -1.62178583]
log likelihood =  -18040.32461302793
Edge derivatives =  [0.07611300769293783, 0.0003672765011488166, -0.02459255741210009, -0.08334619409618382, 0.002796933401017797, -0.1945352026610395, 0.20427060121607243, 0.10973311872876967, 0.15070693704246196, 0.060401663136160244]
other derivatives: [ 0.33433025 -0.28303475 -0.4973117   0.01855369  0.06257324 -0.02401066]
Current x array =  [-0.68336517 -0.73105904 -0.67517665  0.53474749 -2.42834592 -1.11630112
 -1.9061023  -1.13373234 -1.26569496 -0.90254128 -3.79109993 -3.8622614
 -1.05598686 -1.71216286 -1.01931993 -1.62199802]
log likelihood =  -18040.324469583204
Edge derivatives =  [0.06583510821782546, -0.1714644990760888, -0.05938238067627821, -0.07217151054447657, 0.020969484127466027, -0.15024326337722482, 0.21300209870877018, 0.2241612448731558, 0.1410615848059814, 0.22302191409819805]
other derivatives: [ 2.23735697 -0.32014214  0.52932592  0.04220055  0.23574103  0.03565219]
Current x array =  [-0.68365603 -0.73101467 -0.67542083  0.53454016 -2.42860554 -1.1168495
 -1.90680497 -1.1324062  -1.26549054 -0.90248928 -3.79080044 -3.86697196
 -1.05590397 -1.7124831  -1.01913145 -1.62233562]
log likelihood =  -18040.32390745635
Edge derivatives =  [0.10603139583550877, -0.1890122191614908, -0.061369441446246786, -0.07964200971739843, 0.018779140355937682, -0.13737906900875196, 0.20351366432648144, 0.25315166424571883, 0.12017791342578332, 0.234858687827331]
other derivatives: [ 0.53441909 -0.30595402 -0.2397428   0.16007107  0.14151738  0.01600711]
Current x array =  [-0.68339932 -0.73104287 -0.67523     0.53446645 -2.42856618 -1.11684055
 -1.90741911 -1.13209046 -1.26542465 -0.9024275  -3.78996929 -3.8688965
 -1.05586728 -1.71258045 -1.01907439 -1.62232296]
log likelihood =  -18040.323663795607
Edge derivatives =  [0.15551438619407856, -0.19506842676092476, -0.05004619690581613, -0.05106694895453667, 0.010960835391219531, -0.13064954454650182, 0.12756467212752876, 0.23611387823878704, 0.06663541154887087, 0.18791826054750427]
other derivatives: [-0.14842954 -0.11859811 -0.20445441  0.18044375  0.06330083 -0.02037268]
Current x array =  [-0.68329037 -0.73111572 -0.67524794  0.53447714 -2.42847911 -1.11680858
 -1.90809133 -1.13191075 -1.26543551 -0.90246736 -3.78914327 -3.87049787
 -1.05571836 -1.71254811 -1.01897051 -1.62212183]
log likelihood =  -18040.323456065824
Edge derivatives =  [0.2040638377252594, -0.21149856954110227, -0.038852704718150055, -0.01404934705761307, 0.00287852674749417, -0.11897575227432268, 0.016226388262055913, 0.20524423425199784, -0.011677372920253948, 0.14362555311601333]
other derivatives: [-0.42236934  0.10986696  0.05675247  0.16443664 -0.00436557 -0.05638867]
Current x array =  [-0.68324321 -0.7312005  -0.67531586  0.53452194 -2.42840234 -1.11684965
 -1.90880596 -1.13165001 -1.26543599 -0.90251984 -3.78819428 -3.87287319
 -1.05548296 -1.71244753 -1.01879222 -1.62189891]
log likelihood =  -18040.323198444803
Edge derivatives =  [0.22093355919775337, -0.21509059475744496, -0.03236287755130646, 0.0038365358073652045, -0.0026988382438682124, -0.10584609328635966, -0.06578251099526278, 0.15517342140178642, -0.06529676576391175, 0.11662720521662417]
other derivatives: [-0.35288394  0.29504008  0.14842954  0.09058567 -0.05347829 -0.06766641]
Current x array =  [-0.68325144 -0.73127258 -0.67532388  0.5346625  -2.42834338 -1.11698537
 -1.90906206 -1.13152891 -1.2654169  -0.90253431 -3.78741409 -3.87528447
 -1.05528779 -1.71221605 -1.01864021 -1.62171522]
log likelihood =  -18040.322806897075
Edge derivatives =  [0.17606931569355969, -0.2469552472394043, -0.08573992445231998, -0.04427510323884121, -0.019747663569369966, -0.06533048596629426, -0.26561692756634714, -0.056661897905969316, -0.18082315895379297, 0.021961711554494667]
other derivatives: [-0.84328349 -0.68976078  1.07065716 -0.19972504 -0.04765752 -0.04365575]
Current x array =  [-0.68318473 -0.73100327 -0.67552291  0.53509064 -2.42835296 -1.1175783
 -1.90906245 -1.13144899 -1.26532753 -0.90248433 -3.78542295 -3.88299604
 -1.05492878 -1.71134765 -1.01833221 -1.62116748]
log likelihood =  -18040.32232849365
Edge derivatives =  [0.1912583064034971, -0.14706555624282783, -0.033940127935206954, -0.028210094448792078, -0.024371650142456847, -0.04304395964172341, -0.20294262529583795, -0.13766574929276298, -0.1205349968667826, -0.019153752478045516]
other derivatives: [ 0.32996468  0.24265319  0.01964509 -0.30377123 -0.1371518  -0.0338332 ]
Current x array =  [-0.68336316 -0.73129928 -0.67520435  0.53534869 -2.42823339 -1.11773586
 -1.90869432 -1.13187307 -1.26530782 -0.90240909 -3.78408221 -3.88660707
 -1.05493307 -1.71080354 -1.01833656 -1.6207834 ]
log likelihood =  -18040.322123247868
Edge derivatives =  [0.14457510589935418, -0.13684048977221858, -0.04508520889954043, -0.05840298913686237, -0.017178497881453217, -0.042832866602187415, -0.1057855637962859, -0.12107690081598321, -0.05433965492996362, 0.017646494829848702]
other derivatives: [ 0.35506673  0.04001777 -0.08731149 -0.26229827 -0.05820766  0.01055014]
Current x array =  [-0.68336988 -0.73122955 -0.67517918  0.5352576  -2.42835315 -1.11780988
 -1.90808147 -1.13207161 -1.26529888 -0.9023667  -3.78458625 -3.88604831
 -1.05513424 -1.71082323 -1.01846383 -1.62090888]
log likelihood =  -18040.321838357144
Edge derivatives =  [0.025353612614772758, -0.0781710935341205, -0.056287628071701123, -0.1036665636138146, -0.005682930197610618, -0.02847147014074819, 0.07201851918067415, -0.1336520247529318, 0.056763200369389866, 0.06082384543318109]
other derivatives: [ 0.15133992  0.23392204  0.24956535 -0.10586518  0.06984919  0.12369128]
Current x array =  [-0.68332842 -0.73129955 -0.67528846  0.53496125 -2.42859248 -1.11807943
 -1.90636573 -1.13284578 -1.26532762 -0.90235345 -3.7850084  -3.88724655
 -1.05550083 -1.71064047 -1.01865005 -1.62095627]
log likelihood =  -18040.321892124448
Edge derivatives =  [0.009580120277547788, 0.05360483747213579, -0.01093091090979309, -0.046632295557863856, -0.013710254459848255, -0.02910905269868918, 0.06447012568130317, -0.15621450529730146, 0.038075741782655936, -0.05685015083602091]
other derivatives: [-0.26484486 -0.7894414  -0.69485395  0.13133103  0.03892637  0.11423253]
Current x array =  [-0.68330043 -0.73093788 -0.6750626   0.53458085 -2.42855361 -1.11778791
 -1.90561728 -1.1339326  -1.26555541 -0.90260339 -3.78440078 -3.88814314
 -1.05555582 -1.71062522 -1.01867098 -1.62054149]
log likelihood =  -18040.32174846409
Edge derivatives =  [0.01839360859512243, -0.019946319337859064, -0.03624879573484635, -0.07846993109809763, -0.009225987277890806, -0.028751957370670295, 0.06869324325547299, -0.14361142595400178, 0.04851736692378905, 0.008868227803951578]
other derivatives: [-0.03201421 -0.21755113 -0.16698323 -0.0007276   0.05638867  0.1196895 ]
Current x array =  [-0.68331606 -0.73113982 -0.67518871  0.53479325 -2.42857531 -1.11795068
 -1.90603519 -1.13332576 -1.26542822 -0.90246383 -3.78474005 -3.88764252
 -1.05552512 -1.71063374 -1.0186593  -1.62077308]
log likelihood =  -18040.321696941286
Edge derivatives =  [0.02182855115209606, -0.011422354802262502, -0.023577245647164957, -0.05233313858848865, -0.009575989039852649, -0.022550186411790192, 0.047388089846475134, -0.13108537829417416, 0.02699533526362763, -0.0019379559522555434]
other derivatives: [-0.03346941 -0.12623786 -0.12187229  0.04547474  0.03965397  0.11677912]
Current x array =  [-0.68331534 -0.73116591 -0.67520659  0.53471783 -2.42856036 -1.11792284
 -1.90600752 -1.13338857 -1.26546189 -0.90253657 -3.78446566 -3.88862485
 -1.05547686 -1.71068625 -1.01860762 -1.62069908]
log likelihood =  -18040.321593149376
Edge derivatives =  [0.02637136563349235, 0.017935634408309697, 0.014456220043711165, 0.016966958902547513, -0.008826620305551716, -0.010595484696709567, -0.004997173284012613, -0.05505898660551595, -0.021930205417223236, -0.028104942073741146]
other derivatives: [0.01346052 0.05311449 0.00181899 0.08731149 0.01236913 0.09604264]
Current x array =  [-0.68331739 -0.73121048 -0.6752582   0.5346482  -2.42849319 -1.11760856
 -1.90575054 -1.13367625 -1.26557885 -0.90275778 -3.78397657 -3.89041442
 -1.05537617 -1.71104474 -1.01852146 -1.62056144]
log likelihood =  -18040.3215479137
Edge derivatives =  [0.01823435976105242, 0.02697611349522261, 0.025166980923160887, 0.02933180233334376, -0.006690222751043182, -0.0050960143387281595, -0.021567678041235716, 0.001615443313517262, -0.030411783723005237, -0.028232026835538382]
other derivatives: [-0.08076313  0.09931682  0.          0.04729372 -0.00582077  0.07566996]
Current x array =  [-0.68329834 -0.7312225  -0.6752661   0.53472703 -2.42843286 -1.11727169
 -1.90544684 -1.13384156 -1.26561405 -0.9028382  -3.78387043 -3.89108328
 -1.05535952 -1.71131709 -1.01853292 -1.62056716]
log likelihood =  -18040.321763903496
Edge derivatives =  [-0.012148351180813505, 0.03668404099373429, 0.026158074764294104, 0.026261490275828248, -0.003149507207065208, -0.0014535713485458596, -0.025246754943170746, 0.09091169959394296, -0.014859729695578028, -0.029214602752878016]
other derivatives: [ 1.49630068 -0.29940566  0.51768438 -0.02728484  0.04620233  0.02437446]
Current x array =  [-0.68354399 -0.73104615 -0.67540993  0.53473731 -2.42836522 -1.11643602
 -1.90473335 -1.13424288 -1.26566267 -0.90296544 -3.78397399 -3.8913709
 -1.05543618 -1.7118151  -1.01865161 -1.62063786]
log likelihood =  -18040.321539140165
Edge derivatives =  [0.01322075665864525, 0.02858137285839124, 0.02533181971563947, 0.028826250469704884, -0.0061056044434319445, -0.004494451211074578, -0.02217331385481147, 0.016361907800934328, -0.027842214094265127, -0.028392696538859785]
other derivatives: [0.17935236 0.03310561 0.0854925  0.0345608  0.00254659 0.06693881]
Current x array =  [-0.68333889 -0.73119338 -0.67528984  0.53472873 -2.42842169 -1.11713372
 -1.90532904 -1.13390782 -1.26562207 -0.90285921 -3.78388753 -3.89113077
 -1.05537218 -1.71139931 -1.01855252 -1.62057883]
      fun: 18040.321539140165
 hess_inv: <16x16 LbfgsInvHessProduct with dtype=float64>
      jac: array([-0.17935236, -0.03310561, -0.0854925 , -0.0345608 , -0.00254659,
       -0.06693881, -0.01322076, -0.02858137, -0.02533182, -0.02882625,
        0.0061056 ,  0.00449445,  0.02217331, -0.01636191,  0.02784221,
        0.0283927 ])
  message: b'CONVERGENCE: REL_REDUCTION_OF_F_<=_FACTR*EPSMCH'
     nfev: 74
      nit: 66
   status: 0
  success: True
        x: array([-0.68333889, -0.73119338, -0.67528984,  0.53472873, -2.42842169,
       -1.11713372, -1.90532904, -1.13390782, -1.26562207, -0.90285921,
       -3.78388753, -3.89113077, -1.05537218, -1.71139931, -1.01855252,
       -1.62057883])
