number of sites to be analyzed:  285
log likelihood =  3774.8714835677256
Lr derivatives =  [-135.55031628921986, -248.21826830152526, -86.36374844154871]
other derivatives =  [ 63.56995073 -46.01542969  19.50143087 -21.727692   252.33748602
  26.3923539 ]
Current x_clock array =  [-0.57814905 -0.6061358  -0.68307553  0.74193734 -0.10536052 -0.51082562
 -0.51082562 -0.51082562 -0.51082562]
log likelihood =  3587.8726443741266
Lr derivatives =  [30.627666903700927, -144.91646842311417, -44.68853398483686]
other derivatives =  [-252.65858312  -26.35647434  -44.07197594  -11.2042926   181.47170522
   35.34992175]
Current x_clock array =  [-0.79288419 -0.60425721 -0.74895009  0.81533207 -0.95774006 -0.59997727
 -0.05294551 -0.50910009 -0.50910009]
log likelihood =  3413.2960621306884
Lr derivatives =  [91.33021263766967, -34.60841654812569, 7.9163450781851585]
other derivatives =  [148.72257452  38.97648639 -69.04292604   7.71469786  82.5089046
  34.09704732]
Current x_clock array =  [-0.51824431 -0.57671223 -0.73098384  0.91487019 -2.21553557 -0.76398343
  0.36874544 -0.36539694 -0.46908496]
log likelihood =  3384.242023674812
Lr derivatives =  [-33.58008139816553, -84.37170610289704, -25.80180391566639]
other derivatives =  [-72.24507499 -41.67955012  32.26487024  29.82765182 -29.53265721
  25.65880095]
Current x_clock array =  [-0.62113499 -0.64076741 -0.60948571  0.95094168 -2.96391481 -0.89962422
  0.42500497 -0.31708034 -0.48948217]
log likelihood =  3372.2857368439363
Lr derivatives =  [1.4777838762360425, -57.69736250019419, -8.348351124036878]
other derivatives =  [-6.28651833 -2.68901204 12.36503522 20.88609108 -6.29006536 25.93960744]
Current x_clock array =  [-0.58717765 -0.60826646 -0.62818432  0.91420295 -2.84297552 -0.9146326
  0.40190639 -0.23422672 -0.46611271]
log likelihood =  3362.6664704840305
Lr derivatives =  [37.13437526995316, -20.52100105163867, 14.045842152944608]
other derivatives =  [43.23483154 23.77232704 -0.98561941  9.2864866  13.24096957 24.12007234]
Current x_clock array =  [-0.56568323 -0.59246189 -0.63773472  0.84966132 -2.77036507 -0.98143767
  0.34443748 -0.06510373 -0.43789061]
log likelihood =  3355.013290820527
Lr derivatives =  [28.42766300744374, -19.780186317243867, 14.721699882635185]
other derivatives =  [35.13741831 15.32516762 -7.48177627  6.50125003  4.58849172 20.32284101]
Current x_clock array =  [-0.56919825 -0.59809557 -0.64459045  0.77498471 -2.7575101  -1.08907146
  0.24128755  0.         -0.42894025]
log likelihood =  3348.6551852406837
Lr derivatives =  [-33.92116013902659, -68.54861753310914, -13.290847202240016]
other derivatives =  [-12.15894372  11.22602953  45.33267202  -3.92847141 -12.13038558
  11.01216185]
Current x_clock array =  [-0.59192977 -0.58623827 -0.60146459  0.54484224 -2.56433089 -1.43486231
 -0.07777548  0.         -0.43088152]
log likelihood =  3346.5141411084046
Lr derivatives =  [-12.39357068921808, -52.42271080616292, -3.896577472073762]
other derivatives =  [ -4.61950549 -18.47397471 -11.44849193  -1.40971679  -5.2491032
  11.89014256]
Current x_clock array =  [-0.58813881 -0.61793516 -0.65958681  0.58547959 -2.57342656 -1.4049333
 -0.01052917  0.         -0.4271707 ]
log likelihood =  3345.8559445684755
Lr derivatives =  [-8.628878611256377, -49.837880872332725, -2.2076458438873168]
other derivatives =  [-3.93888513 -3.00392458 -4.34915819 -2.35841071 -4.16043804 11.35326784]
Current x_clock array =  [-5.88463728e-01 -6.04456559e-01 -6.50573736e-01  5.81394964e-01
 -2.57763111e+00 -1.43531018e+00 -2.66396375e-04  0.00000000e+00
 -4.24233461e-01]
log likelihood =  3344.5684928430833
Lr derivatives =  [-1.802788022649576, -45.426130554276114, 0.9150462951914804]
other derivatives =  [ 1.78320079e+00  1.63842287e+01  6.10157258e+00 -6.43944986e+00
 -4.32009983e-03  8.93001015e+00]
Current x_clock array =  [-0.58703602 -0.58908307 -0.63815187  0.54848064 -2.56127586 -1.58121848
  0.0049105   0.         -0.41395629]
log likelihood =  3343.395043017551
Lr derivatives =  [4.450036302874308, -40.835184369610026, 3.728478780208645]
other derivatives =  [ 7.81510607 17.39981599  9.25138011 -9.81517587  3.16958904  6.31262083]
Current x_clock array =  [-0.58504311 -0.59016798 -0.63358661  0.51948469 -2.55560511 -1.77723833
  0.01561817  0.         -0.40348112]
log likelihood =  3342.150044787793
Lr derivatives =  [5.443848179755186, -39.25974451444577, 1.9868198370682588]
other derivatives =  [-21.08772605  26.51022442 -10.94758773  -9.49407877   1.86141733
   2.82848305]
Current x_clock array =  [-0.60089594 -0.5832472  -0.65350902  0.51557828 -2.56253935 -2.13382887
  0.01940468  0.         -0.39909463]
log likelihood =  3341.0897805770037
Lr derivatives =  [3.95495579434742, -38.11098457437263, 0.18814994052428524]
other derivatives =  [22.35015018  1.21917765 -2.48091965 -7.76881279 -3.05399226  0.84764906]
Current x_clock array =  [-0.57676664 -0.60703656 -0.64233765  0.53697175 -2.61890026 -2.49554617
  0.04329934  0.         -0.39587631]
log likelihood =  3340.7826816690604
Lr derivatives =  [2.4335793283367018, -39.30978341373816, -0.702084515136665]
other derivatives =  [ 1.53559085 -2.66777533 -2.43139766 -6.54708856 -3.06258698  0.59608283]
Current x_clock array =  [-0.58747901 -0.60981026 -0.64193236  0.54792576 -2.60810728 -2.56757502
  0.03783482  0.         -0.39481111]
log likelihood =  3340.6175410409273
Lr derivatives =  [1.057440499460867, -40.28176119028708, -1.7455799372958207]
other derivatives =  [-8.91209311 -5.01063369 -2.11102815 -4.76102286 -3.21042535  0.28721843]
Current x_clock array =  [-0.59282963 -0.61144008 -0.64116778  0.56745466 -2.59914848 -2.66422033
  0.03345268  0.         -0.39400573]
log likelihood =  3340.4565890326116
Lr derivatives =  [-0.7411777650585591, -41.539506811389124, -2.685991680682383]
other derivatives =  [-1.24206508e+01 -3.61051207e+00 -2.92798177e+00 -2.38164830e+00
 -3.04999048e+00  8.41282599e-03]
Current x_clock array =  [-0.59435309 -0.60951504 -0.64186747  0.59469733 -2.58271676 -2.76960141
  0.0235203   0.         -0.39177512]
log likelihood =  3340.3144226456743
Lr derivatives =  [0.5811348285591045, -40.40873081421745, 0.26586398165948566]
other derivatives =  [-6.71248017 -1.74331944 -1.49939297 -0.03647074 -0.64692358 -0.09977157]
Current x_clock array =  [-0.59111508 -0.60762962 -0.64001511  0.62833329 -2.55502099 -2.84728255
  0.01492011  0.         -0.3802127 ]
log likelihood =  3340.2958126423405
Lr derivatives =  [-0.481775277128758, -41.340567215959126, -0.32087095371801233]
other derivatives =  [-0.61031642  1.37210918 -1.31535671  0.18312676 -0.3085006  -0.06270966]
Current x_clock array =  [-0.58771601 -0.60449975 -0.64031491  0.63103541 -2.54540906 -2.83258636
  0.00719337  0.         -0.38066313]
log likelihood =  3340.293062957485
Lr derivatives =  [-0.1531057126758384, -41.11351645387291, 0.0012052842054544044]
other derivatives =  [-0.08649295  0.33592187  0.02496563  0.03137757 -0.15393198 -0.03701643]
Current x_clock array =  [-0.58748688 -0.60550571 -0.63884713  0.63009812 -2.54587864 -2.82433273
  0.00838637  0.         -0.3801573 ]
log likelihood =  3340.2927294655574
Lr derivatives =  [-0.009343054035728215, -41.040387463370905, 0.08315498689991685]
other derivatives =  [ 0.07403287  0.0608452   0.0595719  -0.0424734  -0.03819878 -0.01550688]
Current x_clock array =  [-0.58742056 -0.6057659  -0.63882435  0.62951632 -2.54542413 -2.81583542
  0.00859545  0.         -0.38020281]
log likelihood =  3340.2926554823207
Lr derivatives =  [-0.01981974635735284, -41.07705129598445, 0.020579713405131983]
other derivatives =  [ 0.05707079 -0.08740244  0.00436557 -0.03205969  0.0084583  -0.00509317]
Current x_clock array =  [-0.58742776 -0.60588173 -0.63889997  0.62965229 -2.54491253 -2.81121109
  0.00848979  0.         -0.38046902]
log likelihood =  3340.292644837943
Lr derivatives =  [0.01893392189322185, -41.06451478078355, 0.0028701137815918543]
other derivatives =  [-0.01136868  0.0261025   0.06075425 -0.03537934  0.0259206   0.0003638 ]
Current x_clock array =  [-0.58747091 -0.60578713 -0.63883722  0.62967557 -2.54492099 -2.80867389
  0.00865595  0.         -0.38062583]
log likelihood =  3340.292637707598
Lr derivatives =  [0.00934669036574931, -41.06856395296958, -0.0033094537239204413]
other derivatives =  [-0.01014087 -0.00545697  0.00295586 -0.01787157  0.01932676 -0.0005457 ]
Current x_clock array =  [-0.58746564 -0.60581322 -0.63889612  0.6298534  -2.54492904 -2.80902237
  0.00865278  0.         -0.38062865]
      fun: 3340.292637707598
 hess_inv: <9x9 LbfgsInvHessProduct with dtype=float64>
      jac: array([-1.01408659e-02, -5.45696821e-03,  2.95585778e-03, -1.78715709e-02,
        1.93267624e-02, -5.45696821e-04,  9.34669037e-03, -4.10685640e+01,
       -3.30945372e-03])
  message: 'CONVERGENCE: REL_REDUCTION_OF_F_<=_FACTR*EPSMCH'
     nfev: 24
      nit: 23
     njev: 24
   status: 0
  success: True
        x: array([-0.58746564, -0.60581322, -0.63889612,  0.6298534 , -2.54492904,
       -2.80902237,  0.00865278,  0.        , -0.38062865])
{('N0', 'N1'): [0.9085554893270607, 0.908555489327062], ('N0', 'ENSLOCG'): [0.0, 0.0], ('N1', 'ENSGACG'): [5.327131313920726, 4.691763024705155], ('N1', 'ENSDARG'): [4.29667737787851, 4.294138573795832]}
