number of sites to be analyzed:  299
log likelihood =  -9963.743651446142
Edge derivatives =  [87.50653596927583, 49.86310414257712, 89.64083923433904, 73.25373375236128, 30.08222081401535, 36.54784038696078, 132.49269758725677, 288.68203113596877, 87.53818388262701, 76.24942185175968, 118.20386418285614, 87.53830888570711, 89.00573854960683, 66.72816305537656]
other derivatives: [ -94.98526197  140.90128388  -68.6817657    57.73672456 -510.95103117
  197.99408619]
Current x array =  [-0.61181896 -0.64941063 -0.68556334  0.74193734 -0.10536052 -0.51082562
 -4.60517019 -4.60517019 -4.60517019 -4.60517019 -4.60517019 -4.60517019
 -4.60517019 -4.60517019 -4.60517019 -4.60517019 -4.60517019 -4.60517019
 -4.60517019 -4.60517019]
log likelihood =  -9389.97222362085
Edge derivatives =  [82.58412590168376, 51.1334418872902, 90.40866415263032, 69.08532533527271, 29.701014441504455, 36.98979381977825, 127.58608516713547, 293.22271976216217, 85.39582678939855, 77.13688092975568, 118.08497899456721, 86.46418689917209, 89.17034438263055, 65.85562588774758]
other derivatives: [ 293.68602554  152.05223463  -60.11159712    3.20287654 -317.76107789
  163.69067453]
Current x array =  [-0.75304401 -0.64851942 -0.78768009  0.82778089 -0.86504771 -0.49965845
 -4.47506458 -4.53103322 -4.47189127 -4.49625579 -4.56044363 -4.55083049
 -4.4081787  -4.17595481 -4.47501752 -4.49180177 -4.42942348 -4.47501734
 -4.47283555 -4.50595807]
log likelihood =  -8940.676005493733
Edge derivatives =  [85.41041157246303, 47.34088819189919, 92.61730903838803, 55.009395524321874, 23.632460571034365, 33.17377966831941, 97.15221343511298, 248.9539198083959, 79.03832944718474, 72.03140386923221, 109.22806143945947, 78.7761396265133, 83.05721995282428, 59.55822460285348]
other derivatives: [-5926.40662944   526.0362741    207.13341655  -375.23514038
   257.39027478   137.52760424]
Current x array =  [-0.16482805 -0.4533622  -1.31588399  1.10617763 -4.34160524 -0.35330013
 -3.78110087 -4.12133616 -3.74066803 -3.9154899  -4.31729107 -4.25224931
 -3.34854458 -1.81386465 -3.77106757 -3.86899565 -3.46916365 -3.76732799
 -3.74888496 -3.96669314]
log likelihood =  -8524.73070897308
Edge derivatives =  [78.43398623703666, 51.28948538995342, 90.91975197315487, 62.607355791985185, 26.658811306209902, 35.17107519932191, 113.15073710012827, 287.85232879822763, 81.82456709229703, 75.03318781311259, 115.67984122442506, 81.71316907947563, 86.7633149993695, 62.261389716743004]
other derivatives: [-540.42684496  266.43156161  -22.1776645  -141.19250409   57.67087714
  124.84506442]
Current x array =  [-0.4812699  -0.5583507  -1.03172676  0.95640887 -2.47132569 -0.43203635
 -4.1544317  -4.3417404  -4.13404333 -4.22792384 -4.44809957 -4.41287667
 -3.91859469 -3.0845955  -4.1497707  -4.20404592 -3.9857535  -4.14804279
 -4.1383478  -4.25680086]
log likelihood =  -8097.228094781705
Edge derivatives =  [74.04020471085198, 43.87752405924601, 78.46135730517246, 44.816637437244964, 17.632611225150434, 30.2566958101761, 86.4184957148998, 146.51713698995397, 62.546851990095995, 71.78217649496075, 96.20200355771844, 69.88145574425238, 71.71611123275646, 49.29691981443957]
other derivatives: [  796.63059296 -2313.58135352   -27.72740118  -116.29308574
   248.55644369    86.53960322]
Current x array =  [-0.7674457  -0.11729004 -1.35300534  0.87795442 -4.22314769 -0.26979383
 -3.65699779 -4.03880329 -3.59497565 -3.81610555 -4.27438928 -4.19556792
 -3.16753893 -1.35085579 -3.64052793 -3.74832844 -3.28382165 -3.63639304
 -3.60969419 -3.86695177]
log likelihood =  -7847.315493191956
Edge derivatives =  [76.29946827921913, 43.883342672777175, 87.38865097994322, 48.80079472950246, 20.250226568284393, 29.516700924174756, 86.89189031414553, 179.1201091819882, 70.04477816035195, 69.51093684900829, 101.36514051974312, 71.20136789443607, 76.45430111832222, 52.413820952993426]
other derivatives: [ 259.19298423   50.85203156   -3.53347787 -142.5292794   248.21893021
   85.67385521]
Current x array =  [-0.67257178 -0.45707671 -1.3641259   0.88065022 -4.26573753 -0.25589317
 -3.64062857 -4.02997816 -3.57895713 -3.80466315 -4.26997649 -4.18919179
 -3.14632817 -1.3142281  -3.62622831 -3.73388645 -3.26339243 -3.62114965
 -3.59441908 -3.85588801]
log likelihood =  -7729.590554585153
Edge derivatives =  [75.12311304057604, 41.343245690261526, 84.90285116589408, 42.69695579849316, 18.30102741117081, 26.99116634378424, 80.37599838590909, 117.98357290817397, 66.43854962744024, 65.55462468076409, 94.43761132438718, 66.5195973384652, 72.12553964714573, 48.75564247114065]
other derivatives: [ -71.66709111   52.85010047   87.65264283 -137.9031346   259.52740543
   73.65852071]
Current x array =  [-0.57233977 -0.45004339 -1.446557    0.82372852 -4.62551786 -0.18810916
 -3.4997795  -3.94379061 -3.4245078  -3.69105441 -4.22188167 -4.12779622
 -2.93859618 -0.83777383 -3.48334897 -3.60358696 -3.06463626 -3.4768521
 -3.44469053 -3.74643833]
log likelihood =  -7522.783054281335
Edge derivatives =  [72.68476246111445, 35.25916909493596, 79.08921139661709, 32.36792528959514, 14.609578704608376, 21.61921628883533, 70.05377238405309, 51.89037376536156, 58.739599248044186, 56.687351607293834, 77.9147780882316, 55.60783313589404, 62.68881365266148, 41.28791194187276]
other derivatives: [-58.77891454 -73.09272405 174.71602405 -95.55515135 263.95628083
  48.90434866]
Current x array =  [-0.57292024 -0.45757748 -1.4697838   0.6254957  -5.01225477 -0.01469838
 -3.21229753 -3.77107835 -3.10717522 -3.47440602 -4.12935961 -4.00694788
 -2.53724696  0.01257636 -3.19924952 -3.34072361 -2.6684839  -3.19055413
 -3.14503192 -3.53055233]
log likelihood =  -8536.350767497715
Edge derivatives =  [60.725399128938164, 12.688322135968832, 19.09921358910929, -0.48776411030092215, -0.42368536324701067, -0.5384860927038486, -27.025890170955446, -20.218433892121464, 5.414330725452533, 2.5336705528044785, -63.016028118026135, -5.619052513659053, 1.0916676656141904, 5.168869838660073]
other derivatives: [-19279.23985932   -556.71989685   -285.29448173     53.14395821
     85.83174349   -235.59405236]
Current x array =  [-0.05       -0.38426717 -0.4791026  -0.12253467 -4.3317678   0.72590119
 -2.29149128 -3.27553527 -2.10259846 -2.91815886 -3.88625936 -3.67858242
 -1.43657411  1.77710846 -2.37132933 -2.56796308 -1.55091094 -2.38448244
 -2.2713936  -2.92336875]
log likelihood =  -7203.059309899276
Edge derivatives =  [73.21537923699675, 26.642956178733467, 68.25769986474808, 21.852343576840873, 9.703762519885672, 13.915286274329278, 51.08713032011987, 77.48603364096934, 48.638069886622205, 40.16941196726796, 45.73550232338548, 37.85637917225374, 47.871095693423825, 31.84462276511061]
other derivatives: [-1172.10947792   -97.40942915   169.04077711   -54.95139703
   229.0122211    -10.59852366]
Current x array =  [-0.35738965 -0.42736137 -1.06145746  0.31718209 -4.73178033  0.2905525
 -2.83277136 -3.56683173 -2.69312159 -3.24513916 -4.02916165 -3.8716064
 -2.08358567  0.73985869 -2.85800794 -3.02221704 -2.20785694 -2.85831779
 -2.78494682 -3.28029114]
log likelihood =  -7517.104233776927
Edge derivatives =  [25.60380834203992, 4.966770329988488, 11.3425079821559, -1.8682586055611632, -6.933447278406815, -10.411176578173801, -22.07406759422636, -227.56482984902183, -27.83782881309571, -37.42646161489681, -118.26238415897727, -56.04125927289499, -47.67153548798287, -22.788056878987522]
other derivatives: [ -930.78233476  -348.49199437 -1519.07552208   231.01601982
  -141.21142158  -643.12589529]
Current x array =  [-0.42158386 -0.47679207 -0.23753087 -0.56836696 -4.49275252  1.08907684
 -1.7251799  -2.95300732 -1.48346272 -2.533037   -3.72062143 -3.45869165
 -0.7055491   3.1979205  -1.83765472 -2.07325844 -0.82090175 -1.85607052
 -1.70892227 -2.52420792]
log likelihood =  -6911.815903738709
Edge derivatives =  [60.441585622983276, 15.461921039076943, 45.95979466159777, 9.405097434851356, 2.187032844410592, 2.6652129682870993, 13.912999939951346, 31.751348360505602, 22.859530271604136, 13.454553392214656, -23.744138957723692, 4.4796037601713214, 16.589729103480593, 12.828347844491326]
other derivatives: [-915.76112027 -212.70852812  -17.69185474   72.53220247  137.95161067
 -205.35244403]
Current x array =  [-0.38557434 -0.44906409 -0.6997096  -0.07162132 -4.62683433  0.64114741
 -2.34647944 -3.29732997 -2.16201662 -2.93248821 -3.89369599 -3.69031473
 -1.47855388  1.81907934 -2.41001828 -2.60557344 -1.5989094  -2.41827761
 -2.31251447 -2.94833015]
log likelihood =  -6689.362468168257
Edge derivatives =  [56.065958141016786, 13.465661373811297, 45.23708859704304, 8.607502151329564, 3.1502993479482324, 3.940729695786961, 15.69034067717668, -36.79484469840901, 25.63692474153599, 16.30066588487918, -14.02877005108646, 8.751580810716854, 18.644782037003164, 14.838461671049906]
other derivatives: [-166.81096895 -187.22766981   51.6441105   103.32114471   54.97049642
 -160.63540897]
Current x array =  [-0.55118384 -0.50762208 -0.75412331 -0.03735212 -4.28212707  0.35202911
 -2.1026159  -3.18977122 -1.92401666 -2.82238696 -3.85078811 -3.63240358
 -1.2866505   2.12613581 -2.24398363 -2.45892188 -1.47327694 -2.28468171
 -2.14877405 -2.83119674]
log likelihood =  -6582.576661492669
Edge derivatives =  [52.154140762631854, 12.294340746704089, 43.681374069108024, 7.917754889815003, 4.609254766722996, 5.863399388177697, 17.819201739394934, -123.95285801577703, 31.625398497662847, 20.98093063642383, 3.40819284612879, 16.205801694567278, 24.546124843003632, 18.589543867615347]
other derivatives: [  61.69266271 -124.51109797   53.52685548  106.47381714  -57.13282007
  -83.6158506 ]
Current x array =  [-0.65188451 -0.56937429 -0.71886596  0.09586413 -3.73759963 -0.03553185
 -1.90008364 -3.12031359 -1.74004631 -2.76668959 -3.83109933 -3.6044324
 -1.19228235  2.15330845 -2.13707537 -2.37026551 -1.45515457 -2.2202248
 -2.05157864 -2.76252701]
log likelihood =  -6500.575459257479
Edge derivatives =  [47.90578060098534, 11.847957611552287, 42.3326031759144, 9.098360445830258, 5.627323169888498, 7.355219186397684, 20.637213347799076, -86.3504771644817, 36.48159683962152, 24.961928421032177, 20.37195829455838, 23.00381115325229, 30.10350368939492, 21.12804306025142]
other derivatives: [232.44774638 -50.3479896   45.60715752  50.99245755 -29.51310307
 -29.27645255]
Current x array =  [-0.73286494 -0.62762662 -0.68880729  0.38289973 -3.56828795 -0.4373597
 -1.73651596 -3.08213648 -1.6055977  -2.74573555 -3.82284629 -3.59351763
 -1.15735489  1.8810196  -2.05863637 -2.31873358 -1.48711664 -2.19162386
 -1.99263276 -2.71884121]
log likelihood =  -6428.900241440916
Edge derivatives =  [24.913316310279182, 6.079841564767538, 19.223436752536333, 4.981347492310701, 3.692393115078042, 4.838051974658401, 0.5250996502935843, -94.57494196768866, 27.20107868714735, 16.20169194203689, 9.42098450464214, 15.260869161085504, 19.606482644822073, 15.03547778371532]
other derivatives: [ 295.46845326    8.26848918 -156.80807337   -3.02579792  -55.41178325
  -12.26562745]
Current x array =  [-0.79216931 -0.71210143 -0.52179467  0.72061485 -3.44407481 -0.95182236
 -1.24098025 -2.90564218 -1.14621834 -2.57655647 -3.7485549  -3.49622034
 -0.83739188  1.87131218 -1.71281429 -2.04660467 -1.26430913 -1.94316264
 -1.67726086 -2.49350599]
log likelihood =  -6393.004681525825
Edge derivatives =  [7.117196474691765, 3.218272891342953, 3.061133745124553, 3.9302838746416966, 2.0707818171697814, 3.536468580692791, -9.594774268451088, -29.761235727034208, 13.089069093803593, 8.540439434283298, 4.272792780640885, 10.40550354354309, 6.456384717976158, 7.090333069566684]
other derivatives: [294.26291803  25.4573024  140.37595975 -56.05943443   1.98815542
  -1.82981239]
Current x array =  [-0.7924133  -0.75070115 -0.68795735  0.91913392 -3.45860929 -1.3003832
 -0.93171295 -2.81344717 -0.87746173 -2.49728556 -3.70913735 -3.44517176
 -0.70012482  1.57212069 -1.48428884 -1.8870761  -1.1606988  -1.80052944
 -1.48718199 -2.35583583]
log likelihood =  -6363.082816242318
Edge derivatives =  [4.992993851887179, 3.0278804021796124, 0.6265014778322733, 3.8805288954758237, 1.9991254267668541, 3.2321012412838637, -10.45221399036582, -14.745255476797242, 11.908094897298422, 7.429473797084514, 3.005723625293533, 8.74191718746155, 5.946227030758064, 6.759587000963948]
other derivatives: [179.60092009  -4.85515557  33.40837793 -45.33549145  12.35739546
  -2.70620149]
Current x array =  [-0.72631265 -0.73249688 -0.61469391  0.86490686 -3.43554572 -1.30242252
 -0.90940263 -2.81397102 -0.86767769 -2.50289115 -3.70912812 -3.44427453
 -0.72716753  1.41357251 -1.45862282 -1.87682272 -1.16475634 -1.79061775
 -1.47583174 -2.34558528]
log likelihood =  -6346.836236261444
Edge derivatives =  [-1.0135946252668946, 2.371668329931407, -5.690647528188995, 3.270871277297245, 1.638219145014207, 2.5563812631001133, -13.6301753220357, -6.983927065510679, 6.460750947634896, 4.0457875861385855, -1.208754015943398, 4.965104310595853, 1.8374775586131216, 4.668373082947046]
other derivatives: [-54.51529432 -15.24604158 -38.37012628 -17.29595169   8.14725354
  -3.80205165]
Current x array =  [-0.62205693 -0.73700546 -0.57457342  0.73643119 -3.35101724 -1.30463582
 -0.85125012 -2.80222858 -0.83174621 -2.49792439 -3.70289065 -3.43420654
 -0.75682861  1.19651831 -1.39233371 -1.8400178  -1.14951931 -1.75389697
 -1.43551649 -2.31194468]
log likelihood =  -6345.091779672863
Edge derivatives =  [-1.5913736861204002, 2.3913038916772575, -5.960139077640855, 3.30678592549785, 1.6570508373192845, 2.645595951907935, -13.252095924749938, -7.640134019298204, 5.93144183288136, 4.128726454694425, 0.07011324652717521, 5.316902619934583, 1.7169539859875838, 4.5715256607405665]
other derivatives: [-46.2024218  -11.17750799  -5.26724762 -15.85358405   4.31409717
  -2.4117071 ]
Current x array =  [-0.62526321 -0.73879424 -0.59376191  0.72920869 -3.3020647  -1.32341071
 -0.8514638  -2.80432443 -0.83728221 -2.50242823 -3.70446288 -3.43580132
 -0.77741851  1.14164291 -1.39124099 -1.84195848 -1.16261501 -1.7572013
 -1.43931802 -2.31291638]
log likelihood =  -6342.468531765908
Edge derivatives =  [-2.9446524641609257, 2.5266960547717656, -6.415011182119939, 3.5193901922304467, 1.7360889076105461, 2.847749600192908, -11.791797650196624, -8.223372413097074, 4.718133740497825, 4.356321356183253, 3.3875325736067636, 5.931646425047489, 1.8484996570275238, 4.576972380976481]
other derivatives: [-31.59748303   2.08456186  25.5262421   -9.59807949  -4.19440767
   0.80781319]
Current x array =  [-0.63095799 -0.74533395 -0.61382316  0.6998431  -3.1725423  -1.37511826
 -0.85271099 -2.80894299 -0.85639157 -2.51334784 -3.70784512 -3.43854555
 -0.8442      0.97243455 -1.38379174 -1.84433756 -1.19789972 -1.76232345
 -1.44846149 -2.31244075]
log likelihood =  -6340.132039417634
Edge derivatives =  [-2.5183252732876507, 3.0100075990989694, -4.729074988920263, 4.354149657282508, 1.8418555952093818, 3.0784633523410383, -8.065568999763308, 0.4791872635532306, 3.5239325334198988, 4.863064029099962, 7.144889339524378, 6.483321918798134, 2.6253559734836758, 4.755520217535702]
other derivatives: [ 3.23234417  2.68610165 18.60025804 -3.29555405  2.38569555  3.31065166]
Current x array =  [-0.64454031 -0.73778963 -0.61164295  0.65457535 -3.06833999 -1.4141239
 -0.86765082 -2.81782182 -0.89785678 -2.52897991 -3.7118723  -3.44132201
 -0.94934596  0.72290402 -1.37342118 -1.84780862 -1.23838891 -1.76588116
 -1.46252411 -2.31030221]
log likelihood =  -6339.173304608685
Edge derivatives =  [-3.485912838039974, 3.0626694487525055, -4.869312420657515, 4.577169953568835, 1.6503626295478273, 2.8367406910182495, -6.983566904922283, 2.1419466192389662, 1.1331023956728086, 3.5963166613211635, 5.596660496390924, 4.8157092199065366, 1.266137338948849, 3.8576846678133117]
other derivatives: [-0.08212737  2.62243702  4.29336069  1.71821739 -1.1326847   3.24289431]
Current x array =  [-0.64420885 -0.73633099 -0.60265333  0.63075692 -3.01585678 -1.43103941
 -0.86081257 -2.80734717 -0.90739763 -2.51792003 -3.70605515 -3.43118096
 -0.99566     0.63094586 -1.34713919 -1.82688107 -1.2273726  -1.7419499
 -1.44891354 -2.28923581]
log likelihood =  -6338.153719169397
Edge derivatives =  [-1.8142604070931236, 3.213439784861992, -2.8138283468632346, 5.0427612933633155, 1.3203676465069427, 2.298395043332804, -4.441422439689463, 3.654792369196711, -1.0155216223440877, 1.493489521825956, 0.4188926082275935, 1.5634884149852124, -0.5270434652097091, 2.504563215185164]
other derivatives: [  5.78966137   4.8919901  -15.74717317   5.58557076   3.15758371
  -0.03947207]
Current x array =  [-0.647366   -0.7388009  -0.58954633  0.60499624 -3.04294314 -1.39195053
 -0.87146905 -2.78398202 -0.93008296 -2.4842457  -3.69239509 -3.40910222
 -1.03698525  0.6387727  -1.32191689 -1.79319369 -1.18000478 -1.69876363
 -1.42833315 -2.25510924]
log likelihood =  -6337.470082493781
Edge derivatives =  [-0.7630400873682256, 3.536714512077611, -0.6939354043501751, 5.647275662486206, 1.054339145151258, 1.9436271940211765, -1.5788551511823554, 2.46968026582623, -2.968616658910404, -0.2887965717709018, -2.3962978902361587, -0.872031482898107, -1.802563106337025, 1.1349395881902107]
other derivatives: [-5.16938599 -9.92822606 -9.07939466  3.59796104  0.3439709  -0.50022209]
Current x array =  [-0.64351393 -0.72622941 -0.59357937  0.61526743 -3.01005955 -1.39438876
 -0.89200071 -2.76024451 -0.96784455 -2.44952113 -3.68057963 -3.3882615
 -1.10630613  0.60620589 -1.31164335 -1.7691652  -1.16095986 -1.66867398
 -1.42388427 -2.22637121]
log likelihood =  -6337.0230704479945
Edge derivatives =  [1.0462875206275444, 3.8499236812950537, 1.8736425388966675, 6.260814927461985, 0.9407094202655806, 1.7468000419923624, 0.9550179514612934, 0.3871687061292537, -2.836646403237623, -1.2335662028042558, -3.869028627974611, -2.2758014315707222, -1.7472954524779856, 0.5448331380187098]
other derivatives: [-6.22831067  5.49025572 -3.08882591 -0.68885129 -1.02718332 -1.36205927]
Current x array =  [-0.64184811 -0.73915036 -0.59696372  0.6394166  -3.00777145 -1.38940418
 -0.91452975 -2.73353078 -0.99902577 -2.40769985 -3.66884642 -3.36772323
 -1.1517424   0.63058847 -1.31696786 -1.7536125  -1.14760225 -1.64920304
 -1.4266018  -2.20418503]
log likelihood =  -6336.698214439202
Edge derivatives =  [1.2313553946557119, 3.889430968572895, 2.3032944360829783, 6.299286815382269, 0.8725492785780251, 1.6424802432347856, 1.3067518574068782, -1.4757229310456266, -2.349310011229027, -1.6302888500104973, -4.052492434408346, -2.693455138532861, -1.667859093277674, 0.16049194673301392]
other derivatives: [ 0.19190338 -1.97305781  1.76969479 -4.55002009 -1.22527126 -1.4503712 ]
Current x array =  [-0.64482518 -0.73372573 -0.59931446  0.65887716 -3.01911231 -1.39190993
 -0.91966809 -2.70828257 -1.00425089 -2.36791446 -3.65970119 -3.3519971
 -1.16124907  0.66809761 -1.32665214 -1.74717553 -1.14589573 -1.64353331
 -1.42985812 -2.19058299]
log likelihood =  -6336.046735161636
Edge derivatives =  [0.852967443760778, 3.917035700527315, 2.6511378568809976, 6.326378680452092, 0.7846904339009585, 1.5163636390189092, 1.6896858872593066, -2.86781433922559, -1.3517764607594358, -2.1715495666565308, -3.0123989792749835, -3.038613390375597, -1.236793272077224, -0.4831502887452145]
other derivatives: [ 5.0386916  -4.56384441 10.16524038 -8.30405043 -1.18661774 -1.00080797]
Current x array =  [-0.64685109 -0.73235026 -0.60397265  0.67786481 -3.02831936 -1.40732701
 -0.9236278  -2.65063922 -1.00951099 -2.27798748 -3.64016442 -3.3177387
 -1.18721201  0.6974078  -1.34543734 -1.73683427 -1.15506723 -1.63741225
 -1.43855538 -2.16202599]
log likelihood =  -6334.160135436854
Edge derivatives =  [-1.7515751427937687, 3.685904813206088, 2.4430376787874897, 5.435559805922999, 0.42318166145470215, 0.9391959896939969, 1.346287517969728, -5.104605137888688, 1.2983478568892466, -4.165171585622711, 0.34481733595208347, -4.323107740275071, -0.0337113531340717, -3.1973383495658836]
other derivatives: [ 1.51199856e+01 -8.80481821e+00  2.35295374e+01 -1.36902599e+01
 -9.41963663e-01 -2.30102160e-02]
Current x array =  [-0.65184445 -0.73156205 -0.61067563  0.70496508 -3.05476605 -1.46021836
 -0.92830976 -2.43448228 -1.01637931 -1.94251502 -3.56773624 -3.19068619
 -1.28047801  0.75804616 -1.40053944 -1.69942232 -1.18619181 -1.61605007
 -1.46321055 -2.05671918]
log likelihood =  -6332.772513457107
Edge derivatives =  [-4.530275975247301, 3.071366351683524, 1.5699044289173782, 1.5628843832655375, 0.007574003841225257, 0.11600930262574508, -0.4113764318962896, -5.700138435685797, 4.03286466517922, -5.719329041415148, 3.7039782263596064, -5.007653423719959, 1.7241971391066007, -6.499949728335995]
other derivatives: [-22.70007826 -12.04325599  28.78268788 -12.39868652  -0.42991815
   0.64628694]
Current x array =  [-0.6365099  -0.73364564 -0.61356132  0.70075914 -3.08069478 -1.51077514
 -0.95740781 -2.17066367 -1.03409464 -1.53454645 -3.48217571 -3.03903218
 -1.4114988   0.78856308 -1.46310762 -1.67422874 -1.22187752 -1.60833737
 -1.49664355 -1.94830273]
log likelihood =  -6331.625422695511
Edge derivatives =  [-5.82645442209029, 2.7375170044130215, 0.65526476691635, -0.5916088201791553, -0.06580103007001663, -0.09389319415380211, -1.2420147361928795, -2.6644663461572007, 4.1958152114275205, -5.314210650831461, 4.768447849123615, -4.421833546584344, 2.109600112585177, -6.850704468094657]
other derivatives: [20.68727554 -3.37076926 12.94547474 -6.07878974  0.33915057  0.63946572]
Current x array =  [-0.65612837 -0.73763753 -0.60342435  0.66278908 -3.05806594 -1.53242077
 -0.96580783 -2.08732469 -1.03085138 -1.41417518 -3.45758891 -2.99481282
 -1.46189852  0.72155681 -1.46270533 -1.67651273 -1.22887995 -1.61550989
 -1.49842496 -1.92734777]
log likelihood =  -6330.727850913207
Edge derivatives =  [-4.644433408965021, 3.2757389887635417, 1.0301640309800417, 1.0695501698186511, 0.2327446601598354, 0.33017826074541046, -0.40987403170717684, 0.8072417721751199, 3.493959982601223, -3.347396426843364, 4.493042215268424, -2.6280523082297145, 2.135716386829639, -4.724774817994536]
other derivatives: [10.17524482  4.50791049 -7.66631274  2.44936018  1.7592356   1.02836566]
Current x array =  [-0.65091684 -0.74038665 -0.59261644  0.6187132  -3.02552573 -1.52079891
 -0.98269681 -2.1379725  -1.03077711 -1.50178488 -3.47892633 -3.03051524
 -1.45755514  0.62961133 -1.43937787 -1.71057525 -1.22472874 -1.64511792
 -1.49359125 -1.97886622]
log likelihood =  -6330.302284756946
Edge derivatives =  [-4.590410403560657, 3.2582321887149805, 0.8746842626136107, -0.4180932385057399, 0.18271444424698313, 0.1577656253832763, -0.6889146494810204, 1.7827071155708418, 3.287239817275209, -2.8419659794158725, 3.9466361802910694, -2.1032176200037944, 2.1419338769596914, -4.754806161423603]
other derivatives: [-4.51636879  4.03488229 -6.82030077  5.57047315  1.29730324  0.97697921]
Current x array =  [-0.64485272 -0.74001336 -0.59379197  0.60318757 -3.01438904 -1.52608762
 -1.0123088  -2.07574766 -1.03867987 -1.41847247 -3.46222245 -3.00019627
 -1.50113504  0.60056535 -1.43835698 -1.72341186 -1.21972647 -1.6582706
 -1.49584515 -1.97855484]
log likelihood =  -6329.660859729027
Edge derivatives =  [-3.5050420534019313, 3.4897097956607204, 1.0949798539591766, -1.8193465603295462, 0.16518136869614417, -0.006370082265782583, -0.7046685450375396, 1.9442126978141174, 2.3793913953187666, -1.6069736078985148, 1.4832458157669866, -1.1304895251956792, 1.6978781765896913, -4.0557454467724074]
other derivatives: [-16.64411684   1.54805093  -4.04361344   6.77682692  -0.22009772
   0.45565685]
Current x array =  [-0.6398672  -0.73763102 -0.5961438   0.5984714  -2.99767072 -1.5229019
 -1.06786749 -2.00782997 -1.04899416 -1.34507723 -3.44727237 -2.97315188
 -1.54963935  0.57737401 -1.42347055 -1.75270369 -1.19523141 -1.6833216
 -1.49079954 -2.00351306]
log likelihood =  -6328.940971420559
Edge derivatives =  [-1.7102052706641053, 3.8476503005744433, 1.3766246747512154, -3.0942387547984493, 0.2069303128397062, -0.10586251416100474, -0.6651321242054786, 1.050725393935379, 1.0591017131701734, 0.4101904294525667, -2.2842772532971627, 0.4805591253523719, 0.9683290008584335, -2.512515901816623]
other derivatives: [-16.50150807  -1.22890924  -0.67993824   4.06071194  -1.5625119
  -0.58307705]
Current x array =  [-0.63972918 -0.73510621 -0.59826433  0.61389396 -2.98820024 -1.51331856
 -1.14606807 -1.92558627 -1.05162944 -1.28094814 -3.43307713 -2.94865268
 -1.5912872   0.57972928 -1.39588854 -1.79819355 -1.15649468 -1.7214193
 -1.47703225 -2.05693249]
log likelihood =  -6328.43321816265
Edge derivatives =  [-0.7319681905741054, 3.7806748777959407, 0.6742748889201173, -3.2881870491441463, 0.2908029802314489, 0.018509377633538434, -0.32669762871596664, 2.507175442484944, 0.25598605100116717, 2.1609593541762697, -0.569724370266639, 2.4955587885610537, 0.637129729460663, -0.4164610908736642]
other derivatives: [-4.4724402  10.18961484 13.35292836  0.65683707  2.70656528 -0.76870492]
Current x array =  [-0.64319449 -0.74414487 -0.60701939  0.62824144 -3.00551158 -1.51809347
 -1.21542983 -1.81537773 -1.02465118 -1.25703057 -3.4200377  -2.93126637
 -1.61251946  0.58838488 -1.36895804 -1.83235901 -1.16715002 -1.75287987
 -1.45973639 -2.12646983]
log likelihood =  -6328.133680527599
Edge derivatives =  [-0.26966241723426876, 3.460302948476056, -0.24682400012468886, -3.5316531668761377, 0.29101304629580055, -0.05791386312035511, -0.24338959691098522, 0.9930822861336615, -0.18800688363576867, 3.041584295681554, 0.40532090550556826, 3.345488380413549, 0.3167447784673254, 0.9824647936980514]
other derivatives: [ 1.08993845 -4.06971594 -7.02202669 -4.420599    3.85534804 -1.10076144]
Current x array =  [-0.64605934 -0.73320719 -0.59275104  0.65706387 -3.02352214 -1.52453736
 -1.27134767 -1.71538787 -1.00008081 -1.24071536 -3.40727952 -2.91501309
 -1.6242106   0.63109401 -1.3490479  -1.85078516 -1.17472229 -1.76844337
 -1.4433539  -2.17962713]
log likelihood =  -6327.957924095218
Edge derivatives =  [-0.462911579527551, 3.4827192748168403, -0.6397282035103733, -2.4755409124760983, 0.28582973370805886, 0.007555731860612584, 0.010817689733914782, 0.6951192655617142, -0.5266091600290215, 2.6862988517767104, 1.2370272369764004, 3.0672903081502625, 0.024930493221915206, 1.0316235649471563]
other derivatives: [ 4.78476068 -1.7858838  -0.34206096 -2.97013685  3.28354872 -0.86574801]
Current x array =  [-0.64762873 -0.73458881 -0.59704341  0.64932274 -3.02030434 -1.52703881
 -1.26148818 -1.72536284 -0.99079854 -1.28298913 -3.41310404 -2.92723509
 -1.60895438  0.62832248 -1.34485611 -1.84223357 -1.18347631 -1.75975969
 -1.43922978 -2.18479205]
log likelihood =  -6327.683056210678
Edge derivatives =  [-1.4242070975217456, 2.802971186126704, -1.9265171707708972, -2.2395153440427213, 0.13682495485494311, -0.16328347497320855, 0.022526610815922, -0.9431262891490801, -0.9119208197023595, 1.6006389348068122, 2.9923235425641224, 2.0741283059425504, -0.4595091678258656, 1.0647772387155412]
other derivatives: [ 5.61058187  5.99038685  4.46943886 -0.32732714  0.08130883 -0.67202564]
Current x array =  [-0.64832656 -0.74158519 -0.59983701  0.63920434 -3.01508628 -1.54431548
 -1.26271904 -1.66694236 -0.97091129 -1.29989411 -3.40606195 -2.92138707
 -1.60549985  0.63823387 -1.33972571 -1.81888004 -1.20189049 -1.7367829
 -1.43001299 -2.18819176]
log likelihood =  -6327.451401266727
Edge derivatives =  [-2.0013811484529116, 2.090200599794684, -3.0566882774457325, -1.6583380325826869, -0.0015416572978377873, -0.34539557988244646, 0.2879412106308592, -1.796097150566882, -1.8401882829157767, 0.7954411041900458, 3.2929462071873554, 1.1016752885213532, -1.2324435123900352, 1.3630727737896031]
other derivatives: [ 5.295351   -0.45702109  6.53808456  2.120305   -1.64518497 -0.59490048]
Current x array =  [-0.64915119 -0.73628433 -0.60098457  0.62784532 -3.00819398 -1.56153862
 -1.28594936 -1.58935424 -0.95439189 -1.33066523 -3.39930355 -2.91779048
 -1.60738239  0.63407992 -1.32692177 -1.80336362 -1.20707009 -1.71837076
 -1.41719669 -2.20882343]
log likelihood =  -6327.197221481799
Edge derivatives =  [-2.0581192501893035, 0.8227979122087943, -3.1438979057015564, -0.4137838471518014, -0.17782182572882965, -0.6697224551120218, 1.0702567345144445, -2.731085793288065, -2.134673755652829, -0.5383179644849247, 2.179490287636007, -0.8926610868147952, -1.583690472033549, 1.9374686387720559]
other derivatives: [-7.85075827  7.97999746 -4.14747774  2.92320692 -3.01070031 -1.06801963]
Current x array =  [-0.64358288 -0.74448509 -0.59383196  0.62871967 -3.00818932 -1.58764377
 -1.33677132 -1.45608663 -0.94756706 -1.37411332 -3.38635978 -2.90928992
 -1.61382764  0.64179924 -1.31765979 -1.77506083 -1.19677015 -1.68369965
 -1.40356197 -2.23136007]
log likelihood =  -6327.0144088700945
Edge derivatives =  [-1.970874820522312, 0.3382564460231773, -2.3714804196475217, -0.6619867677687444, -0.23289709323841773, -0.8008392904018623, 1.2107585033175559, -1.133061181104404, -1.9439995207091407, -0.6464251624127353, 0.6516520461180704, -1.316803723087537, -1.3584655964500976, 1.8863769403621677]
other derivatives: [ 1.95941539  1.90648279 -6.03231456  3.63470463 -1.26710802 -1.24364306]
Current x array =  [-0.6482555  -0.73832314 -0.59277338  0.621314   -3.00448033 -1.59608755
 -1.360708   -1.41162779 -0.9635276  -1.35634409 -3.37893447 -2.89903845
 -1.63206295  0.61846624 -1.32268744 -1.77198381 -1.18130115 -1.67913738
 -1.40755168 -2.22545523]
log likelihood =  -6326.883163359435
Edge derivatives =  [-1.3898094830541536, 0.5501659179745776, -0.8020291530155237, -0.30900268861932634, -0.23782332388710659, -0.8219532160060667, 1.5165934535697616, 0.09522617033188174, -1.4737495248244636, -0.6898697083821226, -1.9231869589838853, -1.6655477813874404, -1.0327665384335203, 1.5919754686437035]
other derivatives: [-4.80449671 -6.99737939  0.02837623  0.57061698  1.68874976 -1.37906682]
Current x array =  [-0.64515999 -0.73106821 -0.59667767  0.63307998 -3.00865388 -1.59816622
 -1.37920244 -1.40580829 -0.98974327 -1.36139278 -3.37942256 -2.9017454
 -1.63395499  0.60939393 -1.3344485  -1.77176032 -1.15636905 -1.67780247
 -1.41643755 -2.2134505 ]
log likelihood =  -6326.818582237499
Edge derivatives =  [-1.2399713751791734, 0.4485908195066583, -0.15247344968307242, -0.19605700180827962, -0.22974288277782917, -0.8108726125892299, 1.6199260552075772, 0.38714066283250426, -0.9156615367567111, -0.7733051586717272, -2.053223129024901, -1.772789863697094, -0.6406616173756186, 1.520082226774457]
other derivatives: [ 2.54585757 -1.65637175 -1.30376065 -0.20272637  2.02153387 -1.39853   ]
Current x array =  [-0.64798898 -0.73489477 -0.5957682   0.63647839 -3.00762599 -1.6045093
 -1.38721305 -1.39136126 -0.99887645 -1.3598202  -3.37755936 -2.90061807
 -1.63437895  0.60744229 -1.3421829  -1.7672734  -1.1536335  -1.67470435
 -1.42100189 -2.2032434 ]
log likelihood =  -6326.765751663203
Edge derivatives =  [-1.1609283728806266, 0.2781886095721546, 0.22605982087632293, -0.0582731958290075, -0.21225646898709424, -0.7617213098353874, 1.6798397688716424, 0.41076083246648176, -0.4697752893328289, -0.8106170230662106, -1.6209787210913018, -1.6863273788577433, -0.3570560672852006, 1.4628356295663043]
other derivatives: [ 4.55493137  2.51702659  0.36334313 -0.86229193  2.06991899 -1.24146027]
Current x array =  [-0.64851838 -0.73808483 -0.59679607  0.63995207 -3.00621791 -1.61285241
 -1.39663746 -1.37438869 -1.00396955 -1.36378072 -3.37642579 -2.90161071
 -1.63071628  0.60683946 -1.34880559 -1.76416428 -1.15669465 -1.67412358
 -1.42461293 -2.19594539]
log likelihood =  -6326.678272623341
Edge derivatives =  [-1.0285599709791702, 0.12239443187556275, 0.8136003797034057, 0.15599113762328212, -0.1473785990142833, -0.6111086837974983, 1.705874737924789, 0.3726272339990373, 0.27709098765386864, -0.7232882225213557, -0.6248084622661035, -1.2517730183107498, 0.12427862564467551, 1.2723363331900976]
other derivatives: [ 4.64024197  6.1289029   2.1890628  -1.17724994  1.72240107 -0.78434823]
Current x array =  [-0.64819332 -0.74045748 -0.59812053  0.64211085 -2.99959393 -1.62817598
 -1.41229044 -1.35459153 -1.0134657  -1.37540372 -3.37687306 -2.90764908
 -1.6197038   0.59994705 -1.36122271 -1.76197273 -1.16488827 -1.67801088
 -1.43240191 -2.18062203]
log likelihood =  -6326.577240675451
Edge derivatives =  [-0.818949123840834, 0.032188272167618534, 1.4080687162203465, 0.34635858593377, -0.034106588459862766, -0.3773165212907819, 1.6072833091508634, 0.10799226053457467, 1.0451783004395296, -0.4324835313009754, 0.4229873308948924, -0.4765185029708211, 0.6233318729985805, 0.9092252798764417]
other derivatives: [ 1.64982339  5.72563295  0.05302354 -0.33360266  0.33978722 -0.15643309]
Current x array =  [-0.6469002  -0.73909652 -0.59715904  0.63947617 -2.98496063 -1.64803017
 -1.43591623 -1.33565434 -1.02514649 -1.39492113 -3.3795724  -2.91978423
 -1.60014785  0.58439054 -1.37537004 -1.76340974 -1.17377151 -1.68799876
 -1.44237492 -2.15886056]
log likelihood =  -6326.529858118192
Edge derivatives =  [-0.6859741668120046, -0.6088062490696479, 1.0400529868954413, 0.6448368397715565, 0.008850022314962895, -0.19960864315018678, 1.3780228151064018, -0.9324493678818562, 0.8725708366315004, -0.30372795944329, 1.3138046809902877, 0.10402984584796993, 0.3275978002709099, 0.5787938353131598]
other derivatives: [ 3.10283212  0.75433491  6.68160283 -1.35087248 -1.31576599  0.2568413 ]
Current x array =  [-0.64776436 -0.73471848 -0.60112869  0.64575382 -2.97476032 -1.67094118
 -1.47394837 -1.28903723 -1.01809621 -1.4305662  -3.38085137 -2.93406269
 -1.56845146  0.58303726 -1.37543069 -1.76384134 -1.18140808 -1.694534
 -1.44102611 -2.15051629]
log likelihood =  -6326.484459375545
Edge derivatives =  [-0.5374017018449588, -0.1802844156806874, 0.9024435116194742, 0.31040743641914886, 0.06849354310841224, -0.12081797283195231, 1.0268706033499264, -0.7400234366701199, 0.9105368614458146, 0.06373599910056416, 1.2875061044827574, 0.5888795210864293, 0.3878260264698671, 0.34091621146290463]
other derivatives: [-0.16279955 -1.74313755 -0.6090886  -1.07474989 -1.31540219  0.29576768]
Current x array =  [-0.64652845 -0.73275527 -0.5965108   0.64499003 -2.97389595 -1.66904455
 -1.47364804 -1.30939838 -1.01688202 -1.42442111 -3.38363589 -2.93885599
 -1.55796045  0.57985209 -1.3756322  -1.77119511 -1.18055366 -1.70365293
 -1.44313054 -2.1409758 ]
log likelihood =  -6326.463639704501
Edge derivatives =  [-0.5306572953851828, -0.18199307525046443, 0.5091589985698692, 0.1598093428122642, 0.05497040223078879, -0.15006328701747376, 0.8841438961842477, -0.5557317605186789, 0.5331355506445745, 0.10354103311026508, 0.9259562286815137, 0.5492611134822979, 0.14268298224413828, 0.3276134183052388]
other derivatives: [-1.78870323 -2.60815796 -1.53440851 -0.66329449 -1.08657332  0.15506885]
Current x array =  [-0.64596964 -0.73242378 -0.59583959  0.6428185  -2.976479   -1.66666374
 -1.47532554 -1.31025075 -1.01023358 -1.42189985 -3.38339628 -2.93878735
 -1.55489113  0.5801541  -1.36942153 -1.77324389 -1.17697844 -1.70393759
 -1.43956512 -2.14352743]
log likelihood =  -6326.431832950402
Edge derivatives =  [-0.3122451828835412, -0.10707776278858895, -0.026822027082022526, 0.025259597106489368, 0.06748776394676045, -0.11635140969355287, 0.5613367061953816, 0.06481167086867501, -0.03390019997600363, 0.3210806065087306, 0.302474573939441, 0.7011067140510944, -0.19065436536582114, 0.17452597772614314]
other derivatives: [-1.89866114 -2.352499   -0.81345206 -0.3781679  -0.17234925 -0.03074092]
Current x array =  [-0.6459506  -0.73307232 -0.59611888  0.64042335 -2.98137544 -1.66725212
 -1.48812639 -1.30928195 -0.99914335 -1.42706636 -3.38458646 -2.94476408
 -1.53721933  0.57842194 -1.35998496 -1.77830013 -1.16952202 -1.70694646
 -1.43501533 -2.14211856]
log likelihood =  -6326.430622349403
Edge derivatives =  [-0.02730307483348869, -0.7231603383862552, -0.20390394962331593, 0.17469970183642233, 0.0359260854291058, -0.13548959101276498, 0.2658332082733418, -0.09467820290555906, -0.175524543057282, 0.020699191123877636, -0.5071279516622023, 0.10405272745712171, -0.1808514821087645, -0.006348769515396091]
other derivatives: [-2.74294507 -0.42673491 -4.39167707 -0.35042831 -0.39199222 -0.2309207 ]
Current x array =  [-0.64573919 -0.73522378 -0.59354382  0.64128008 -2.98316208 -1.68349776
 -1.52447659 -1.26489954 -0.99330501 -1.44857574 -3.38196625 -2.95281221
 -1.50888975  0.5816048  -1.35722073 -1.77065668 -1.16024436 -1.6956264
 -1.43369716 -2.13428983]
log likelihood =  -6326.421344835923
Edge derivatives =  [-0.16372196057869734, -0.41116792402001806, -0.11549580684406058, 0.10462641195897684, 0.05149061787346394, -0.1259648867020018, 0.41440847159103344, -0.01735440748251893, -0.10596930974642621, 0.1680668647046537, -0.11074779200587231, 0.39676295050806343, -0.18534887097850888, 0.08233596676636218]
other derivatives: [-2.32712409 -1.36260496 -2.63853508 -0.36470738 -0.28003342 -0.13378667]
Current x array =  [-0.6458425  -0.73417241 -0.5948022   0.64086142 -2.98228899 -1.67555886
 -1.50671302 -1.28658828 -0.99615808 -1.43806456 -3.38324669 -2.94887926
 -1.52273381  0.5800494  -1.35857155 -1.77439188 -1.16477815 -1.70115827
 -1.43434132 -2.13811557]
log likelihood =  -6326.413166668113
Edge derivatives =  [0.06316648635712387, -0.13450681527205402, -0.09985232469883831, -0.05558341666227912, 0.06409195397919444, -0.07408311259275938, 0.0781673934397954, 0.3506387416248935, -0.11262291909408212, 0.23266486358135396, -0.4147880647116555, 0.31100536783071286, 0.004368241751485258, -0.13871229198380397]
other derivatives: [ 2.55331543  0.68430381  0.53532858  0.84964995  0.10895747 -0.15352271]
Current x array =  [-0.64796343 -0.73556911 -0.59694332  0.63329567 -2.98376924 -1.67835797
 -1.51470487 -1.29570515 -0.99571232 -1.43908056 -3.38433339 -2.95527364
 -1.50547384  0.57674664 -1.35929694 -1.77463487 -1.16065347 -1.69857764
 -1.43778824 -2.1285378 ]
log likelihood =  -6326.408815294478
Edge derivatives =  [0.0116683192095772, -0.2047178300390527, -0.03763419048691108, 0.008412234083003428, 0.05987064066246226, -0.08324051202754262, 0.17020563078248457, 0.15270936094777499, -0.03626513776752421, 0.17515634819673487, -0.24547774424959773, 0.29590334427726206, 0.007773046693868191, -0.09137802746823123]
other derivatives: [ 0.02874003  0.44046828  0.30331648  0.3441528  -0.09049472 -0.11332304]
Current x array =  [-0.64681809 -0.73549859 -0.59677725  0.63643832 -2.98306386 -1.67865012
 -1.51305228 -1.29295432 -0.99701034 -1.43997523 -3.38403243 -2.95412848
 -1.50907009  0.57841283 -1.36049372 -1.77365382 -1.16271726 -1.69836414
 -1.43773259 -2.13026591]
log likelihood =  -6326.4075454748
Edge derivatives =  [0.014742368881111703, -0.18844236830193248, 0.0016241296029047003, 0.010645724215362112, 0.056439313809430944, -0.08678202429219073, 0.1697542711680739, 0.08278924597645809, 0.013740689601130507, 0.14160910504818958, -0.19269289519771465, 0.2476340995305069, 0.04277672365405538, -0.08916447503458022]
other derivatives: [ 0.05493348  0.20281732  0.05311449  0.08822099 -0.08931238 -0.10704753]
Current x array =  [-0.64682152 -0.7353353  -0.59659308  0.63778454 -2.98337136 -1.67882732
 -1.51252618 -1.29363737 -0.99763529 -1.43978782 -3.38390217 -2.95414194
 -1.508871    0.57978009 -1.36126192 -1.7729218  -1.16333483 -1.69742318
 -1.43814099 -2.13008016]
log likelihood =  -6326.408761604118
Edge derivatives =  [0.10595538256306702, -0.024634513601473527, 0.02767764573619136, -0.07106278218212242, 0.0373086748038507, -0.09233911512915466, -0.008327521815492955, -0.05981493195307275, 0.04859893419595403, -0.01083220785280914, -0.22308196591342438, -0.05015814963109648, 0.13619975835191378, -0.18185891631870726]
other derivatives: [-2.84226189 -0.21145752  2.06518962 -0.19472282  0.08958523 -0.09586074]
Current x array =  [-0.64555802 -0.73537836 -0.59786741  0.63908906 -2.98630288 -1.68039215
 -1.5143162  -1.30017203 -0.99812224 -1.44032268 -3.38370759 -2.95727761
 -1.4997166   0.58430233 -1.36266531 -1.77014023 -1.16332391 -1.69184513
 -1.43983807 -2.12707388]
log likelihood =  -6326.406453149788
Edge derivatives =  [0.051953513987123556, -0.12147833035757949, 0.012208229785001024, -0.02260198382871431, 0.048636804299653315, -0.08905366406196079, 0.09745865549972743, 0.024254190549267918, 0.027977612449588497, 0.07953678501165773, -0.20508608303751552, 0.1265018488434723, 0.08088086496431635, -0.12686271777662333]
other derivatives: [-1.12431735  0.034197    0.87384251 -0.02728484 -0.01591616 -0.10250005]
Current x array =  [-0.64630659 -0.73535285 -0.59711243  0.63831619 -2.98456608 -1.67946506
 -1.51325569 -1.29630054 -0.99783375 -1.4400058  -3.38382287 -2.95541986
 -1.50514017  0.5816231  -1.36183387 -1.77178819 -1.16333038 -1.69514988
 -1.43883262 -2.12885497]
log likelihood =  -6326.4053779645965
Edge derivatives =  [0.07182413228179677, -0.05684172965021129, 0.02881458740504006, -0.048422623193036196, 0.044658451278017694, -0.0915422953560108, 0.057067489244788716, -0.03566921404897405, 0.06356861604258683, 0.04779219633125398, -0.1441970481238657, 0.05185734099500201, 0.11932999630712537, -0.1256982824894318]
other derivatives: [-0.13624231 -0.17935236  0.26666385 -0.20063453  0.02019078 -0.10713848]
Current x array =  [-0.64674727 -0.73519193 -0.59668954  0.63914265 -2.98536677 -1.67946755
 -1.5124681  -1.29929349 -0.99793973 -1.43919757 -3.38368698 -2.95594843
 -1.50346165  0.58349486 -1.36221293 -1.77101265 -1.16395303 -1.69361593
 -1.43913907 -2.12853052]
log likelihood =  -6326.405005589992
Edge derivatives =  [0.07752818448892737, -0.031042326707411035, 0.006631501331583856, -0.061365727499664985, 0.043690889790269805, -0.09039715787519986, 0.03233297964076681, -0.05501670070140641, 0.05103025195822338, 0.040650894078926525, -0.10165726646799617, 0.029952680074776528, 0.1122434458771312, -0.11927546286474706]
other derivatives: [ 0.10586518 -0.1373337   0.12141754 -0.15643309  0.01255103 -0.10522854]
Current x array =  [-0.64686227 -0.73524023 -0.59658929  0.6389322  -2.98565604 -1.67957058
 -1.5122693  -1.30057417 -0.99749771 -1.43915582 -3.38362658 -2.95640789
 -1.50239675  0.58403225 -1.36189912 -1.77083451 -1.16435701 -1.69307868
 -1.43890826 -2.12878513]
log likelihood =  -6326.404413475177
Edge derivatives =  [0.07276999808364655, 0.0001633525946513406, -0.04993600944825349, -0.06820683071259104, 0.040641616131540194, -0.0897973364786983, 0.005930290865476084, -0.07556646345306506, 0.0059647217255631504, 0.017931229099305446, 0.005119887527802902, -0.01734852911567951, 0.06757313335417192, -0.07990034173948005]
other derivatives: [ 0.21082087  0.05802576 -0.07585186 -0.00090949  0.01055014 -0.09622454]
Current x array =  [-0.64692346 -0.73544331 -0.59645394  0.63820318 -2.98628579 -1.67986745
 -1.51146094 -1.30240832 -0.99640301 -1.43955872 -3.38333945 -2.95724544
 -1.50104639  0.58485124 -1.36084749 -1.77034606 -1.16540577 -1.69191034
 -1.4378788  -2.13043674]
log likelihood =  -6326.404158303614
Edge derivatives =  [0.06457698033662287, 0.0005920814864369406, -0.08051114937981341, -0.060917851583842886, 0.04050700394529884, -0.08268833429108552, -0.016322472954029887, -0.04071087034701826, -0.029490152201431988, 0.007960415741758986, 0.03661948096269285, -0.02643842088038411, 0.01213176639645236, -0.06400387804716862]
other derivatives: [ 0.12987584 -0.44256012 -0.12842065  0.10713848  0.06684786 -0.06984919]
Current x array =  [-0.64692944 -0.73504277 -0.59641246  0.63759272 -2.98648933 -1.68104989
 -1.51180362 -1.30229021 -0.9959595  -1.44111993 -3.38303484 -2.95859393
 -1.49936542  0.58443    -1.36019063 -1.77006338 -1.16567177 -1.69152115
 -1.43698843 -2.13140153]
log likelihood =  -6326.403786378202
Edge derivatives =  [0.048677867496600274, -0.0016844671834378988, -0.059974740114008274, -0.027776006337071307, 0.0418819352491165, -0.07394639707092657, -0.00046529536182832176, -0.017691613731964928, -0.019844896218469514, -0.007755837032376034, 0.11588629073366125, -0.02928285954752471, -0.02115920513413555, -0.021965379445868127]
other derivatives: [ 0.02846718 -0.03719833 -0.03519744  0.11959855  0.08258212 -0.03610694]
Current x array =  [-0.64685734 -0.73537196 -0.59646867  0.63758753 -2.98644091 -1.68221137
 -1.51111616 -1.30219861 -0.99619691 -1.44256624 -3.38259202 -2.95967422
 -1.49898125  0.58414625 -1.36000527 -1.76953208 -1.16635531 -1.69110763
 -1.43618211 -2.13285032]
log likelihood =  -6326.403547980977
Edge derivatives =  [0.03503745670874865, -0.00901605497402136, -0.020738430075085468, -0.002309627917340379, 0.044693173346511725, -0.06456489937339961, 0.012253948424110095, 0.003561302696415858, 0.0050029142714513655, -0.011555084337899313, 0.11671019572571095, -0.013170844662937525, -0.03204177341308112, -0.00366322840342187]
other derivatives: [-0.13915269  0.03792593  0.00854925  0.08330971  0.07084964 -0.00536602]
Current x array =  [-0.64677128 -0.73541217 -0.59649935  0.63781187 -2.98598439 -1.68331122
 -1.51080799 -1.30175396 -0.99692908 -1.44380538 -3.38223434 -2.96069113
 -1.49872629  0.58342254 -1.36026839 -1.76928819 -1.16628072 -1.69123609
 -1.43593062 -2.1333667 ]
log likelihood =  -6326.403350682311
Edge derivatives =  [0.01794346199282687, -0.008488308318293732, 0.010855783543644693, 0.015162492849828901, 0.046429556328174956, -0.053178311513323834, 0.00950282173017436, 0.003137556570040889, 0.016554528037075654, -0.01712136625554006, 0.07251940847074934, -0.003810165821424176, -0.041548031190821455, 0.01277518969801908]
other derivatives: [ 0.06566552  0.01173248  0.23210305 -0.01000444  0.01200533  0.02473826]
Current x array =  [-0.64685549 -0.73536575 -0.5966311   0.63830575 -2.98532489 -1.68456308
 -1.51033793 -1.30179434 -0.99760241 -1.44514324 -3.38161549 -2.96232513
 -1.49786198  0.58280653 -1.36036516 -1.7690477  -1.16574376 -1.6912698
 -1.43572021 -2.13391238]
log likelihood =  -6326.403361170838
Edge derivatives =  [0.013917871454033753, 0.002578925855369417, 0.03758074228660857, 0.01709375113654371, 0.04961167308837644, -0.04322848357926308, -0.010741470639226702, 0.02658261906340398, 0.031593416585834824, -0.015595765307473197, -0.03757095359830892, -0.002675164933855563, -0.02301723088014862, 0.018925156638020774]
other derivatives: [-0.45401976  0.06366463 -0.36252459 -0.01437002 -0.03747118  0.03929017]
Current x array =  [-0.64663664 -0.7354256  -0.59625704  0.63846511 -2.98482223 -1.68559172
 -1.51027256 -1.30214383 -0.99820053 -1.44615372 -3.38098475 -2.96410608
 -1.49647244  0.58201308 -1.36044215 -1.76899542 -1.16454688 -1.69132962
 -1.43586977 -2.13379256]
log likelihood =  -6326.403280940309
Edge derivatives =  [0.016002964296425712, -0.003147566942164469, 0.023756334718923133, 0.01610038934709812, 0.047965467942551486, -0.04837247845340471, -0.00025207032512919447, 0.014440346616111821, 0.023813630702934283, -0.01638323421557053, 0.01941964973990834, -0.0032631903448948653, -0.03260454165594456, 0.015743567378367768]
other derivatives: [-0.18490027  0.03683454 -0.05475158 -0.01200533 -0.01173248  0.03192326]
Current x array =  [-0.64674989 -0.73539463 -0.59645061  0.63838264 -2.98508235 -1.6850594
 -1.51030638 -1.30196297 -0.99789101 -1.4456308  -3.38131116 -2.96318445
 -1.49719152  0.58242368 -1.36040231 -1.76902247 -1.16516626 -1.69129866
 -1.43579237 -2.13385457]
log likelihood =  -6326.403241339669
Edge derivatives =  [0.016876661746769994, 0.003603170813565565, 0.019427195197443847, 0.010138712430403124, 0.04765720249281435, -0.04699039427069108, -0.010968381815127104, 0.011874090928571501, 0.016859680148228154, -0.015630432534402328, -0.00893177791884775, -0.007572311194646856, -0.026796404219405656, 0.013276647327379987]
other derivatives: [-0.02764864  0.01791705 -0.02000888 -0.02073648 -0.02310117  0.02983143]
Current x array =  [-0.64682235 -0.73537929 -0.59646845  0.63841118 -2.9850502  -1.68510114
 -1.51027732 -1.30230881 -0.99783653 -1.44564251 -3.38115008 -2.96357411
 -1.49676005  0.58244693 -1.36030395 -1.76905367 -1.16486554 -1.69123805
 -1.43587736 -2.13376701]
log likelihood =  -6326.403213076019
Edge derivatives =  [0.017060855367484695, 0.01101615588873344, 0.009540007306572562, 0.0020278749065824053, 0.04704198027026834, -0.04639323571056671, -0.020997979999837324, 0.006136295623698107, 0.006340709886905584, -0.014451457168719317, -0.028703065960962504, -0.012918658859170866, -0.019139888442808728, 0.011727117785993335]
other derivatives: [ 0.08476491  0.00891305 -0.02582965 -0.01946319 -0.03319656  0.02528395]
Current x array =  [-0.64687569 -0.73537752 -0.59646127  0.63839744 -2.98509297 -1.68497141
 -1.51012767 -1.3027671  -0.9976811  -1.4454819  -3.38095099 -2.96389763
 -1.49647751  0.58258114 -1.36014308 -1.76911899 -1.1646635  -1.69116773
 -1.4359783  -2.13372032]
log likelihood =  -6326.403179222018
Edge derivatives =  [0.014862115817358926, 0.01922503444705472, 0.000190380548675817, -0.005760440791784949, 0.046161977767955865, -0.045156650523719956, -0.029761143852016114, -0.0015588353769362406, -0.004317192216584005, -0.014792034900184658, -0.040205061323636326, -0.01943651780279237, -0.008747812107340658, 0.011448347416659621]
other derivatives: [ 0.08985808 -0.0084583   0.00354703 -0.02346496 -0.03756213  0.02273737]
Current x array =  [-0.64688032 -0.73537606 -0.59647696  0.63841577 -2.98519301 -1.68479669
 -1.50979126 -1.30334758 -0.99754642 -1.4452937  -3.38060888 -2.9643652
 -1.49626737  0.58279292 -1.35998568 -1.76917154 -1.16455364 -1.69106615
 -1.43611584 -2.13372649]
log likelihood =  -6326.403476109392
Edge derivatives =  [-0.004616934825527788, 0.027637029662637473, -0.003376369044808758, 0.0017393760598338748, 0.04665374869111832, -0.03089701588610978, -0.018443113059579352, 0.05875482344448324, -0.025736612347727873, 0.008244816947643896, -0.05149064734690362, -0.007971978761077369, 0.0574162441454395, 0.03978668979751382]
other derivatives: [ 1.25692168  0.14642865 -0.63992047  0.01091394  0.08458301  0.00982254]
Current x array =  [-0.64737971 -0.73545108 -0.59605116  0.63809661 -2.98586241 -1.68384732
 -1.50770581 -1.30451537 -0.99724719 -1.44501537 -3.37810676 -2.96716941
 -1.49682212  0.58306264 -1.35928137 -1.76961382 -1.16427709 -1.69115028
 -1.43668772 -2.13423958]
log likelihood =  -6326.403147099158
Edge derivatives =  [0.010231479645466987, 0.021236363639607653, -0.0006543465348236577, -0.00397252844393628, 0.04628116066164236, -0.04175236189247754, -0.027063710995958723, 0.01280717622366856, -0.009409214059715967, -0.009304368464402524, -0.04288701036096254, -0.01670328244220463, 0.007005915119675299, 0.018196144564026934]
other derivatives: [ 0.36798156  0.02855813 -0.14952093 -0.01518856 -0.00836735  0.01982698]
Current x array =  [-0.6469992  -0.73539392 -0.5963756   0.6383398  -2.98535236 -1.6845707
 -1.50929483 -1.30362556 -0.99747519 -1.44522745 -3.38001327 -2.96503272
 -1.49639942  0.58285712 -1.35981803 -1.76927682 -1.16448781 -1.69108618
 -1.43625197 -2.13384863]
log likelihood =  -6326.403060845636
Edge derivatives =  [-5.2688186333749165e-05, 0.028756476363380003, -0.008708233531103282, -0.00988420247801794, 0.04506363763355023, -0.03728194089724068, -0.030894535461492623, 0.008014835305166113, -0.023658865904766582, -0.008164244759557349, -0.05040223354686174, -0.020293839091360694, 0.029598398903633638, 0.02133401565395035]
other derivatives: [ 0.26930138 -0.00682121 -0.07812559 -0.02464731  0.00482032  0.01909939]
Current x array =  [-0.64695489 -0.73538391 -0.59641891  0.63837472 -2.98557054 -1.68418639
 -1.50839068 -1.30443695 -0.99738343 -1.4449753  -3.37906418 -2.96613744
 -1.49646373  0.58316333 -1.35960373 -1.76940567 -1.16441959 -1.69102768
 -1.43655068 -2.13395563]
log likelihood =  -6326.402922357482
Edge derivatives =  [-0.02353271269643989, 0.027265654216074443, -0.00975578458820503, -0.006668168927594531, 0.04414264137197632, -0.02627510710779731, -0.0211512533474017, 0.00593966829736825, -0.037662651147797994, -0.0012403189994225627, -0.04885716279107233, -0.010595065999919485, 0.059100915449617764, 0.02838606151528622]
other derivatives: [ 0.08558345 -0.02983143  0.02310117 -0.01055014  0.02773959  0.02210072]
Current x array =  [-0.64686853 -0.73537724 -0.59648456  0.63829103 -2.98581979 -1.68352885
 -1.50676611 -1.30515697 -0.99743661 -1.4448292  -3.37706913 -2.96831075
 -1.49709539  0.58343836 -1.35938367 -1.76968498 -1.16442891 -1.69117432
 -1.43695277 -2.13416945]
log likelihood =  -6326.402827537448
Edge derivatives =  [-0.04326339339077638, 0.015549076411344752, -0.002092520211586013, 0.004092742983947489, 0.044037277910242874, -0.016355898430380746, -0.0024023121067697217, 0.00140420592253232, -0.037455824184079355, 0.006884528002241597, -0.03314947556048292, 0.007027928503647685, 0.0667681263501243, 0.031371653740344924]
other derivatives: [-0.04583853 -0.02128218  0.04783942  0.01036824  0.03055902  0.02364686]
Current x array =  [-0.64680446 -0.7353786  -0.59650334  0.63819411 -2.98585649 -1.68296187
 -1.50560485 -1.30516241 -0.9976144  -1.44485871 -3.37530886 -2.97004847
 -1.49798627  0.58349805 -1.35938976 -1.76993022 -1.16458451 -1.691454
 -1.43709339 -2.13426551]
log likelihood =  -6326.402743238733
Edge derivatives =  [-0.0549494875322484, 0.003289615857292996, 0.006093645071047815, 0.013699943179689394, 0.04361077604264487, -0.008175284829828898, 0.013385422583348183, -0.005071841250940068, -0.02835837476505993, 0.012447927518556945, -0.015968144949375207, 0.021382995987375086, 0.04826766793510384, 0.026225792990763108]
other derivatives: [-0.09649739 -0.01627996  0.02410161  0.01828084  0.01582521  0.02009983]
Current x array =  [-0.64677791 -0.73537123 -0.59648796  0.63817232 -2.98574021 -1.68245901
 -1.50498103 -1.30489846 -0.99778693 -1.44494416 -3.37370791 -2.9715054
 -1.49871503  0.58343256 -1.35956079 -1.77010107 -1.16477221 -1.69168307
 -1.43692727 -2.13417617]
log likelihood =  -6326.4026530255815
Edge derivatives =  [-0.05292138084648082, -0.0014518934467618039, 0.022107296759074302, 0.021059715231413534, 0.04144435670324159, 0.00547327026424, 0.02430315127149657, 0.022006909577042766, -0.0024024183814293013, 0.01737492665509288, -0.013656994035731507, 0.030275569374884532, 0.004493250076756827, 0.006927969526959565]
other derivatives: [-0.06348273  0.32941898  0.11350494  0.00391083  0.02455636  0.        ]
Current x array =  [-0.64676347 -0.73564175 -0.59654231  0.6382219  -2.98560484 -1.68163462
 -1.50472252 -1.30478403 -0.99798487 -1.44497784 -3.37069444 -2.97419323
 -1.49914225  0.58308078 -1.3600068  -1.77028426 -1.16478512 -1.69178243
 -1.43648528 -2.13363862]
log likelihood =  -6326.4025579568915
Edge derivatives =  [-0.05136951478320577, -0.008988874797104682, 0.019352700308458592, 0.019129686885535596, 0.03808311967811001, 0.011077308431158228, 0.02757381139120163, 0.021146457792903917, 0.012053061529223204, 0.015364822507833553, -0.0021982289401031307, 0.029377193111715372, -0.048860482171616426, -0.016006534031502206]
other derivatives: [-0.06448317 -0.0170985  -0.02337401 -0.00654836  0.02200977 -0.01582521]
Current x array =  [-0.64678056 -0.73534527 -0.59644992  0.63824404 -2.98546429 -1.68095575
 -1.50487918 -1.30446966 -0.99802616 -1.44490221 -3.36865338 -2.97573755
 -1.4995453   0.58289122 -1.360399   -1.77037278 -1.16499935 -1.69180954
 -1.43599464 -2.13317826]
log likelihood =  -6326.402518127821
Edge derivatives =  [-0.04049849974445109, 8.256352489972862e-06, 0.012570577777265113, 0.010030593208099292, 0.036805807919461926, 0.008892010114757019, 0.014880094455096637, 0.019423155551191673, 0.012234112830476908, 0.010520964844085379, -0.012825821370233637, 0.017113128324094503, -0.05284784749135324, -0.021236731744761816]
other derivatives: [-0.02273737 -0.01182343 -0.03219611 -0.01218723  0.01264198 -0.02146407]
Current x array =  [-0.64680217 -0.73535501 -0.59644305  0.63827007 -2.98544316 -1.68100898
 -1.50537839 -1.30468703 -0.9979011  -1.44478232 -3.36868882 -2.9756054
 -1.49906409  0.58290347 -1.36043032 -1.77029054 -1.16490736 -1.69161264
 -1.43595742 -2.13301917]
log likelihood =  -6326.402477995988
Edge derivatives =  [-0.019697464107310075, 0.009634887582814756, 0.006873854637318377, 0.0003232525040339773, 0.03192979727508136, 0.008719186728634466, 0.0017437446262421052, 0.00774112049485387, 0.01643891379827518, -0.0010060785442307374, 0.0035131591405439533, 0.000168057955341111, -0.043304348843235085, -0.026506042964324655]
other derivatives: [ 0.3180503  -0.05456968  0.27148417 -0.01300577 -0.00263753 -0.0255568 ]
Current x array =  [-0.64695299 -0.73529539 -0.59663887  0.63820998 -2.98532488 -1.681081
 -1.50648515 -1.30469455 -0.99777777 -1.4446373  -3.36742739 -2.97609385
 -1.49855986  0.58289333 -1.36063152 -1.77011322 -1.16509815 -1.691275
 -1.43615262 -2.13282172]
log likelihood =  -6326.402421714017
Edge derivatives =  [-0.009261921628947997, 0.017593364567750437, 0.0011536607303972435, -0.007255126109985355, 0.030244173320124964, 0.0086482689501791, -0.008287401712519404, 0.005780237272473787, 0.019551396160987715, -0.005451390358284236, -0.0019562573082592127, -0.011296442128059078, -0.036716202694218825, -0.02770258558163821]
other derivatives: [ 0.14360921  0.00509317  0.05684342  0.00172804 -0.01664375 -0.03192326]
Current x array =  [-0.646879   -0.73535627 -0.59650531  0.63818185 -2.98530983 -1.68104246
 -1.50690612 -1.30488385 -0.99766421 -1.44452392 -3.36677894 -2.97648276
 -1.49820746  0.58289598 -1.36066468 -1.77006499 -1.16505865 -1.69109354
 -1.43622039 -2.13269859]
log likelihood =  -6326.402387178381
Edge derivatives =  [-0.00516833438643971, 0.01854082583422912, 0.0006359298729341489, -0.007711287887106011, 0.028306658243368116, 0.01090635371684831, -0.008100735835238404, 0.0030488061021314294, 0.021510469948040824, -0.008040920215093061, 0.008756762224746306, -0.014191534834113551, -0.019053034517264145, -0.02359233006929856]
other derivatives: [ 0.03910827  0.02401066 -0.02637535  0.02009983 -0.01982698 -0.03219611]
Current x array =  [-0.64683287 -0.73537017 -0.59645727  0.63810927 -2.98530681 -1.68098409
 -1.50708381 -1.30484963 -0.99764453 -1.4444946  -3.36567286 -2.97717732
 -1.49824392  0.58289679 -1.36069331 -1.77005981 -1.16517168 -1.6910302
 -1.43643546 -2.13272732]
log likelihood =  -6326.402352000514
Edge derivatives =  [0.0011949479978339284, 0.015683940795173233, 0.003259217916235624, -0.004562167080714885, 0.024877031285975848, 0.014389767764535537, -0.0030407426686491212, -5.3519621651787475e-05, 0.025096756636769052, -0.012488038539674395, 0.03349751529374134, -0.014923833631702212, 0.010270269780908725, -0.015658211626256413]
other derivatives: [-0.08094503  0.02282832 -0.03537934  0.04311005 -0.01855369 -0.02864908]
Current x array =  [-0.6467779  -0.73535832 -0.59645978  0.63800496 -2.98527439 -1.68100189
 -1.50749865 -1.30452447 -0.99766951 -1.44453196 -3.36383259 -2.97818763
 -1.4984372   0.58284148 -1.3607707  -1.77003886 -1.1654246  -1.69098404
 -1.43680411 -2.13283113]
log likelihood =  -6326.402335281291
Edge derivatives =  [0.0010986632427973514, 0.013724229734939732, 0.007642714758141267, 0.0004438283295618295, 0.022797640917288413, 0.018248363081072777, 0.0038805048123156105, 0.008101165620128636, 0.023812942147689115, -0.010658587992905089, 0.042484015244766304, -0.010602115572016617, 0.03648999921205892, -0.006432147677004146]
other derivatives: [ 0.04238245  0.03374225 -0.10504664  0.03483365  0.00409273 -0.02655725]
Current x array =  [-0.64682637 -0.73535465 -0.59641394  0.63802671 -2.98534445 -1.68098389
 -1.50743163 -1.30440897 -0.99769119 -1.44454994 -3.36233182 -2.97912954
 -1.49868588  0.5828554  -1.36070322 -1.77011071 -1.16548153 -1.69102791
 -1.43708908 -2.13299254]
log likelihood =  -6326.402312735076
Edge derivatives =  [0.0033042783701513617, 0.011546521432348494, 0.007398041111974729, 0.0017548762590020583, 0.019662374307271434, 0.019979516582378808, 0.006208788321073522, 0.01184944953375533, 0.01793235145604833, -0.012805650524224, 0.04112054616443822, -0.0103027238702087, 0.047808283694570464, -0.0035083008207582034]
other derivatives: [-0.04938556 -0.01873559  0.02874003  0.009004    0.01846274 -0.02337401]
Current x array =  [-0.64678322 -0.73531678 -0.59649666  0.63813898 -2.98536939 -1.6811004
 -1.5076614  -1.30420467 -0.99768571 -1.44457817 -3.36095964 -2.97981461
 -1.49877156  0.58283936 -1.3606483  -1.77015034 -1.16546281 -1.69103885
 -1.43724115 -2.13310087]
log likelihood =  -6326.40229447968
Edge derivatives =  [0.0030539989282482305, 0.011148170538483458, 0.006118499060145055, 0.0017249338648913093, 0.018519939340786898, 0.019837200633854437, 0.0058888258690446005, 0.01428303832513711, 0.011779502927757049, -0.011625516966151439, 0.02770372922546005, -0.009336032458342792, 0.045549552760737855, -0.0029130005513055557]
other derivatives: [-0.02673914 -0.03565219  0.06384653 -0.01809894  0.02346496 -0.02291927]
Current x array =  [-0.64679225 -0.73531005 -0.59651236  0.63826761 -2.98538876 -1.68122851
 -1.50770145 -1.30415467 -0.99765603 -1.4445849  -3.36052053 -2.97995654
 -1.49874735  0.58286661 -1.36054309 -1.77020383 -1.1653105  -1.69107383
 -1.43719509 -2.13316612]
log likelihood =  -6326.402252588731
Edge derivatives =  [0.0036887194258499595, 0.008119210443066037, 0.001048160992336955, 0.0015249623291122838, 0.015308622035415968, 0.01843381702130893, 0.004592264876262964, 0.004984439343544089, -0.002988779701985224, -0.008012452887651289, -0.003278614903957866, -0.006086574216621492, 0.034010951724438465, 4.7241596632580096e-05]
other derivatives: [ 0.02164597 -0.04774847  0.08212737 -0.05229595  0.00436557 -0.01973604]
Current x array =  [-0.64681653 -0.73531701 -0.59650824  0.63846092 -2.98534647 -1.68170495
 -1.50799827 -1.30385424 -0.99755594 -1.44461796 -3.35929016 -2.9801545
 -1.4986705   0.58297054 -1.36026771 -1.77034119 -1.16494636 -1.69117596
 -1.4369786  -2.13336568]
log likelihood =  -6326.402216732163
Edge derivatives =  [0.008372723196000673, 0.0009136260796475393, 0.00010326868958077107, 0.004424886164092895, 0.010649791568363067, 0.01908233202009347, 0.007512270502955221, 0.006191791384184242, -0.006447678105887561, -0.0021136922857789564, -0.015671706624012516, 0.0014873999088077204, 0.003793511715079134, 0.00018737983760375165]
other derivatives: [ 0.05757101  0.03619789  0.09076757 -0.04401954 -0.00281943 -0.01737135]
Current x array =  [-0.64683144 -0.73539619 -0.59650063  0.63843174 -2.9853309  -1.68221371
 -1.50857148 -1.30321532 -0.99748488 -1.44467178 -3.3569788  -2.98078728
 -1.49870951  0.58294631 -1.36015233 -1.77052037 -1.16474408 -1.69130938
 -1.43651786 -2.13347334]
log likelihood =  -6326.402261295697
Edge derivatives =  [0.010739727068233007, -0.005640132133155888, -0.011259216906167158, -0.0016596687499304819, 0.005599085965265203, 0.01620521933428721, 0.0004645832853835685, -0.005987589265195936, -0.010504228323707655, 0.00045696342550871627, -0.02842268382452251, 0.0013912042449540224, -0.039091736084239825, -0.006136847069728529]
other derivatives: [ 0.03719833 -0.34506229 -0.10195436 -0.0086402  -0.01718945 -0.01200533]
Current x array =  [-0.646856   -0.73509462 -0.59636579  0.63825778 -2.98530896 -1.68280524
 -1.5092635  -1.30263741 -0.99738383 -1.44466842 -3.35515619 -2.98095906
 -1.49853995  0.58294298 -1.36011361 -1.77065048 -1.16460714 -1.69136656
 -1.43596662 -2.1334775 ]
log likelihood =  -6326.402209803825
Edge derivatives =  [0.009009105266122489, -0.0008430666097699602, -0.002944497873582419, 0.002792820368994031, 0.009296481885998322, 0.018310770505701797, 0.005621871316284555, 0.0029248616827750595, -0.007535401614432939, -0.00142218926603066, -0.019092475534397246, 0.00146310646707256, -0.007713481302765501, -0.0015095533829701802]
other derivatives: [ 0.05229595 -0.06593837  0.03919922 -0.0343789  -0.00645741 -0.01582521]
Current x array =  [-0.64683803 -0.73531525 -0.59646444  0.63838505 -2.98532501 -1.68237247
 -1.50875722 -1.30306021 -0.99745776 -1.44467088 -3.35648962 -2.98083339
 -1.498664    0.58294542 -1.36014193 -1.77055529 -1.16470733 -1.69132473
 -1.43636991 -2.13347446]
      fun: 6326.402209803825
 hess_inv: <20x20 LbfgsInvHessProduct with dtype=float64>
      jac: array([-0.05229595,  0.06593837, -0.03919922,  0.0343789 ,  0.00645741,
        0.01582521, -0.00900911,  0.00084307,  0.0029445 , -0.00279282,
       -0.00929648, -0.01831077, -0.00562187, -0.00292486,  0.0075354 ,
        0.00142219,  0.01909248, -0.00146311,  0.00771348,  0.00150955])
  message: b'CONVERGENCE: REL_REDUCTION_OF_F_<=_FACTR*EPSMCH'
     nfev: 90
      nit: 81
   status: 0
  success: True
        x: array([-0.64683803, -0.73531525, -0.59646444,  0.63838505, -2.98532501,
       -1.68237247, -1.50875722, -1.30306021, -0.99745776, -1.44467088,
       -3.35648962, -2.98083339, -1.498664  ,  0.58294542, -1.36014193,
       -1.77055529, -1.16470733, -1.69132473, -1.43636991, -2.13347446])
