number of sites to be analyzed:  122
log likelihood =  -3420.739225626776
Edge derivatives =  [64.121724173565, 33.62702296212216, 54.37275007137695, 29.423295733380797, 14.425941968943272, 32.119250341237574, 61.01074733866804, 54.58076963867256, 43.19263248250789, 47.552566586049345]
other derivatives: [ -38.58604032   30.25756996  -26.62272891   17.7117272  -157.09724721
   40.14987098]
Current x array =  [-0.57788271 -0.6817343  -0.59054725  0.74193734 -0.10536052 -0.51082562
 -4.60517019 -4.60517019 -4.60517019 -4.60517019 -4.60517019 -4.60517019
 -4.60517019 -4.60517019 -4.60517019 -4.60517019]
log likelihood =  -3241.7469435979215
Edge derivatives =  [63.975194670112515, 33.41161552033276, 54.247419562163465, 28.935904529920858, 13.419274724405541, 31.829491594478124, 60.37910929930333, 54.2687278465448, 42.84438203006866, 47.873773394395954]
other derivatives: [138.29394447  34.9887614   -7.8526682    0.87861736 -89.10392353
  35.17843652]
Current x array =  [-0.75330971 -0.67886219 -0.71158443  0.82246168 -0.8195851  -0.47667852
 -4.31364813 -4.45228879 -4.35797072 -4.47140055 -4.5395843  -4.4591437
 -4.32779183 -4.35702499 -4.40879984 -4.3889779 ]
log likelihood =  -2891.491813112591
Edge derivatives =  [65.34530493867922, 27.236418688951, 51.83441033864965, 23.117349419261657, 10.536617795754564, 28.463509083146707, 53.39032034235749, 47.55330752652878, 36.59899974557517, 44.77292536201658]
other derivatives: [-285.6203082    66.64790817   21.23374543  -72.79072634   93.14812814
   25.59318091]
Current x array =  [-0.43357054 -0.57007478 -1.11507536  1.0646361  -3.45898566 -0.28604954
 -3.06950145 -3.8006648  -3.30298883 -3.90304277 -4.2655638  -3.83724501
 -3.14698175 -3.2991324  -3.57224611 -3.46372286]
log likelihood =  -2788.8156206836916
Edge derivatives =  [58.65395223460283, 21.407527464319923, 40.802512010913446, 16.22827539111542, 7.278703922348109, 24.441327274434805, 37.973876597777, 34.9312924606937, 27.94041515359952, 35.076113615790405]
other derivatives: [ 260.87118385 -240.42869882    7.33703018  -54.87468115  114.91861187
   16.81210051]
Current x array =  [-0.808463   -0.29554059 -1.21982199  0.92522875 -4.40270949 -0.11959424
 -2.21163862 -3.37384691 -2.58692097 -3.5334128  -4.09088382 -3.42222518
 -2.36122189 -2.59552994 -3.01925813 -2.83700107]
log likelihood =  -2710.375787569964
Edge derivatives =  [58.014132632147216, 19.589946103092284, 39.76456120881076, 14.897791019243874, 7.109765708253974, 23.28646107291282, 34.80667310518208, 32.34094409184066, 26.567827673704176, 33.63309074289383]
other derivatives: [190.50589799 -90.28276509  19.52407729 -47.61232049 114.30925042
  14.114039  ]
Current x array =  [-0.73419487 -0.4152929  -1.22116673  0.8412899  -4.41407486 -0.07108878
 -2.02829674 -3.29011695 -2.4408921  -3.46282038 -4.05799116 -3.33747025
 -2.20722349 -2.45698479 -2.91023735 -2.70982119]
log likelihood =  -2505.775399945893
Edge derivatives =  [36.01652859774401, 10.429898546684488, 17.7483552688101, 5.742741636954406, 4.4939908731747575, 14.288882012148017, 1.799580613052995, 6.880778759020638, 11.826558859944086, 14.821320738837729]
other derivatives: [-171.92442101  -20.59564395   81.0320671    -5.72094905  109.94835975
  -22.56601874]
Current x array =  [-0.43523689 -0.61822755 -1.17651134  0.32983264 -4.45982287  0.22353785
 -0.87757752 -2.76879864 -1.52494886 -3.02247107 -3.85180972 -2.80806328
 -1.24758331 -1.59276809 -2.22816186 -1.91351814]
log likelihood =  -2372.638380728389
Edge derivatives =  [29.968768234334554, 6.619799242584626, 14.228943500637115, 3.177060292019912, 4.214311338389472, 13.370489086411038, -5.468889534595104, 1.7826274136868177, 9.996932834652274, 11.31646465213056]
other derivatives: [-125.15179151   60.82323125   31.69229785   41.21670827   69.48271221
  -42.86480362]
Current x array =  [-0.45059735 -0.88063045 -0.83134291 -0.05816517 -3.37858489  0.30214073
 -0.51752148 -2.64509779 -1.28325117 -2.93105186 -3.80818274 -2.66226562
 -1.05573705 -1.40582137 -2.06643658 -1.70650086]
log likelihood =  -2325.287893644557
Edge derivatives =  [-7.212862072899438, 0.8186228242502285, 1.9650894930852396, -0.9277709776207226, 3.10811233606727, 11.477672591477077, -15.419893094027906, -6.756588259115558, 6.942066901019635, 3.9739037534444575]
other derivatives: [-134.97906366   85.83851923  -20.46117515   55.74152055  -56.62059266
  -40.06851668]
Current x array =  [-0.46767705 -1.00625814 -0.60975932  0.06742174 -1.91970421 -0.00798189
 -0.13801945 -2.56855803 -1.08747794 -2.89405873 -3.76927849 -2.50314971
 -1.06026215 -1.34655873 -1.94192894 -1.54859425]
log likelihood =  -2304.8073491331497
Edge derivatives =  [-10.488089015931493, 0.9236968248372974, -4.485212674132135, -0.40064199656781985, 2.5725280927849434, 7.183910496593086, -16.753246739085018, -9.16421474874854, 0.6296198586953086, -4.394641522915516]
other derivatives: [142.03997125  94.78458196  70.23363651  18.08616616   6.54736141
 -25.7704869 ]
Current x array =  [-0.76055973 -1.06933616 -0.74781136  0.50453514 -2.66635486 -0.31888874
  0.30793438 -2.33918715 -0.70094157 -2.71690847 -3.65549008 -2.19264593
 -0.80457114 -1.0537433  -1.6089859  -1.19778829]
log likelihood =  -2271.9289507186163
Edge derivatives =  [5.1605335407897694, 2.7593536870181223, 9.498195401980771, 1.5460072163543184, 3.57989658575243, 11.881526221141957, -0.682128749157564, 3.7528584870609847, 9.006086750722059, 7.695773916388777]
other derivatives: [ 65.00981726  63.9641712   21.48585736   7.80501068  10.19861884
 -11.57336555]
Current x array =  [-0.6444293  -0.92533672 -0.67144786  0.62432608 -2.43924714 -0.41292244
 -0.10214437 -2.52783625 -1.03022938 -2.87740896 -3.72948578 -2.3779512
 -1.15976519 -1.37031368 -1.85646764 -1.48711347]
log likelihood =  -2258.2904893274613
Edge derivatives =  [-2.5807677006381344, 2.0177973539394536, 5.533394340531142, 0.828698700361183, 3.068186156626857, 9.73216042262241, -2.1188832334422134, 2.030895530644654, 6.701923747026699, 4.46488922431296]
other derivatives: [-21.58958523  33.82883733 -11.71933945   1.63026925  -0.91617949
  -9.24728738]
Current x array =  [-0.56164811 -0.82971291 -0.5826195   0.74176917 -2.37218175 -0.54529463
  0.02102688 -2.47575641 -0.91367798 -2.84254481 -3.69249726 -2.26242052
 -1.13011708 -1.30723668 -1.75596091 -1.38771397]
log likelihood =  -2254.2413868420585
Edge derivatives =  [-7.241002254119185, 1.665425796487609, 1.8910775638113506, 0.458923930699923, 2.6023111768816745, 7.5876123999365035, -3.0784014644373583, 0.7672620388009116, 3.9924037000146186, 1.0539103038901043]
other derivatives: [-18.76546776   9.76451702  -9.98848009  -6.44322427  -1.39602889
  -6.44317879]
Current x array =  [-0.56822438 -0.77355391 -0.57234994  0.87317997 -2.40493821 -0.68646123
  0.1348401  -2.417119   -0.79883206 -2.80249932 -3.65358398 -2.1454401
 -1.09661139 -1.24080313 -1.65259647 -1.28803969]
log likelihood =  -2252.3072821988667
Edge derivatives =  [-6.867610987523268, 1.8757369283067296, 0.08412544798661444, 0.4055122598143599, 2.2470378215990894, 6.057673190656903, -2.350893568719599, 0.7707857111242492, 1.9875666600671367, -0.5403655045393941]
other derivatives: [-8.56998668 -5.12791303  7.79973561 -6.85831765 -0.15220394 -4.20304787]
Current x array =  [-0.57899187 -0.7407618  -0.60244433  0.87180557 -2.41032625 -0.78286332
  0.11258594 -2.38978177 -0.75810137 -2.78965241 -3.6245371  -2.05909382
 -1.11719246 -1.22223864 -1.59862948 -1.25715155]
log likelihood =  -2250.7296754810377
Edge derivatives =  [-5.7831190119890055, 2.2540167532316553, -1.6411796696339853, 0.3965944347064262, 1.8650869713013858, 4.142426297849919, -1.546448363684047, 1.0524907617784167, -0.10878673288137236, -1.7754974342401533]
other derivatives: [  8.13120096 -13.0168246    8.72710189  -3.78822733  -0.26107045
  -2.47323442]
Current x array =  [-0.5986239  -0.72422231 -0.59979313  0.82962649 -2.40113709 -0.88927313
  0.05835371 -2.35619243 -0.71909074 -2.77626597 -3.58714574 -1.94970875
 -1.14742815 -1.20124035 -1.5384637  -1.23027815]
log likelihood =  -2249.5973529590055
Edge derivatives =  [-2.6403170785776107, 2.959141009824885, -2.0651378364679296, 0.5771348820441189, 1.551969566445232, 2.344153798536082, -0.1305943604759262, 1.8899488150084656, -1.4667267274637246, -1.816461627867414]
other derivatives: [ 14.25810296 -12.86935003   4.82373252   0.68839654   0.27198439
  -1.1595148 ]
Current x array =  [-0.60613154 -0.72293969 -0.59171337  0.7610741  -2.38990446 -0.98150538
 -0.04194    -2.3267004  -0.71017056 -2.77090838 -3.55026206 -1.84749282
 -1.19353743 -1.1909176  -1.50009967 -1.23019389]
log likelihood =  -2249.283847292376
Edge derivatives =  [-0.223799472007864, 3.8795662240660658, -2.1681257253042765, 0.8761694123776557, 1.0331250952901254, -1.451810080476141, 1.9083444343169944, 2.9949672522130304, -3.4017775782494684, -2.118267426995166]
other derivatives: [ 3.75189302  9.57925295  7.82697498 -5.15401553  0.28949216  1.51585482]
Current x array =  [-0.59444824 -0.78126659 -0.58885919  0.83881129 -2.38770277 -1.20997767
 -0.11294228 -2.23944722 -0.66810029 -2.74588226 -3.47647382 -1.65751777
 -1.2508913  -1.14219877 -1.42608821 -1.20021847]
log likelihood =  -2248.602180350609
Edge derivatives =  [0.32426312688510417, 3.8707534534832737, -1.3569246762040643, 0.902095913749728, 1.1851672581190293, -0.30428933036032296, 1.2618445247177605, 2.2934572298436793, -2.1728483929166256, -1.0950267461048744]
other derivatives: [ 3.03457455  1.18893695 -2.17874003 -0.08026291  0.48116817  0.65015229]
Current x array =  [-0.59422    -0.75720492 -0.57534293  0.76821907 -2.38461936 -1.13582028
 -0.13426078 -2.24453057 -0.70421775 -2.75231515 -3.48728063 -1.70469616
 -1.23814984 -1.14441548 -1.46724783 -1.23163592]
log likelihood =  -2248.3776918583853
Edge derivatives =  [0.24718143658709812, 3.8590682504118905, -1.0531757372784964, 0.8939340728383828, 1.205417215259004, -0.10275145736925012, 0.5987211872141999, 1.289055328796161, -1.6391988639346176, -0.6992881791088117]
other derivatives: [-0.86201908 -0.58976184  0.10959411  1.46437742  0.81849976  0.2582965 ]
Current x array =  [-0.58960924 -0.75268908 -0.58164676  0.74386568 -2.39070957 -1.11147269
 -0.13849206 -2.21986275 -0.71928153 -2.74650945 -3.48124738 -1.714301
 -1.22389413 -1.12725323 -1.48786242 -1.24432072]
log likelihood =  -2247.9003334136078
Edge derivatives =  [-0.34315393555338725, 3.8883714664328064, -0.13796940764191223, 0.9062923128887369, 1.1582836066588311, -0.3264941137114295, -0.9493893702952982, -1.338300259669536, -0.2480959762386793, 0.47764648909127894]
other derivatives: [-4.52682798 -0.97061275 -4.70063242  3.17527338 -0.16402737 -0.29699549]
Current x array =  [-0.58633815 -0.75145078 -0.57411843  0.72217015 -2.38715277 -1.1037853
 -0.15269057 -2.11003434 -0.75143801 -2.71921566 -3.44125824 -1.69747545
 -1.19588308 -1.06470426 -1.53315577 -1.27085841]
log likelihood =  -2247.3125173384574
Edge derivatives =  [-0.21276569205393314, 4.062509039640073, 1.177113905305763, 1.0561289090350954, 0.9586410091831934, -1.2630470312499673, -1.6037619598026025, -3.8153792634783406, 1.249050516290843, 1.9021302579377288]
other derivatives: [-6.86104613 -0.88280103 -0.09113137  2.84621819 -0.98002602 -0.21768756]
Current x array =  [-0.58426382 -0.75074312 -0.58347474  0.72135793 -2.37453898 -1.14206266
 -0.20360193 -1.92348184 -0.79531643 -2.67630046 -3.36799745 -1.65061218
 -1.19102392 -0.99895772 -1.58668335 -1.30388251]
log likelihood =  -2246.367992104011
Edge derivatives =  [-0.7498064808350692, 3.4806448276414983, 2.605237964939859, 1.2826264552734437, 0.5861024982025292, -2.488643078016747, -2.1723481658657215, -6.333891119932898, 3.2161136063568145, 3.261127025496581]
other derivatives: [-5.10062819 -1.81335054 -2.69405973  0.37484824 -0.98784767 -0.11018528]
Current x array =  [-0.58761623 -0.74954413 -0.57574186  0.75442222 -2.37893917 -1.21667302
 -0.26235235 -1.55367532 -0.83908372 -2.58511301 -3.23268538 -1.58889094
 -1.18488106 -0.92149315 -1.65324788 -1.32324829]
log likelihood =  -2245.716890975025
Edge derivatives =  [-1.9880587839195303, -1.7476151773843012, 1.772184453871565, 1.289374213989801, -0.28979171871621423, -3.523188842391842, -2.199163928412624, -7.396866055239618, 4.3425853023170164, 2.601983585630842]
other derivatives: [-6.20589162  0.21145752 10.85363692  2.14263309 -5.61531124 -0.25152076]
Current x array =  [-0.58686022 -0.75615049 -0.6003678   0.73913546 -2.35400603 -1.30168884
 -0.36345474 -0.89326415 -0.86622904 -2.40829728 -3.00758681 -1.56117611
 -1.18664379 -0.89539156 -1.71119255 -1.30299115]
log likelihood =  -2244.531602365923
Edge derivatives =  [-0.25603605242404487, 0.5360315073264565, 2.4551985163993106, 1.4526141738212834, 0.3614538225260592, -0.7684700006942251, -0.6902528511706754, -2.5115833279124113, 3.7354381125155354, 1.898493492670302]
other derivatives: [13.48739715  2.13385647  1.86464604 -0.96019903  1.92444531 -0.2750312 ]
Current x array =  [-0.60649114 -0.75794816 -0.58194091  0.76922516 -2.41239413 -1.23531952
 -0.33467146 -1.06624586 -0.8469763  -2.43528176 -3.07767747 -1.66420568
 -1.19583217 -1.00085828 -1.66753436 -1.28063406]
log likelihood =  -2244.355384245998
Edge derivatives =  [-0.38083511253791097, 0.6914485080065724, 0.10068749441644567, 1.2226510630873868, 0.15118223981033885, -1.4813781461653963, 0.9182065919280276, 1.12865038814859, 0.8387328035617223, -1.1723256449502388]
other derivatives: [-21.30864232  -6.59970283  -5.22973096  -2.67014002   1.60853233
   0.44374246]
Current x array =  [-0.57148612 -0.74515131 -0.5670275   0.79603385 -2.41863904 -1.29879188
 -0.33320745 -1.07933037 -0.77356271 -2.4143706  -3.07338109 -1.65794931
 -1.22825689 -1.07913773 -1.56483061 -1.21169706]
log likelihood =  -2243.9422571571367
Edge derivatives =  [-0.41540704042085613, -0.2475774774349313, 0.1664830329502252, 1.205065059170961, 0.16403399448478898, -0.8681414353604161, 0.6984278342607025, 0.8375330947174221, 1.4150816647454847, -0.9492962065504498]
other derivatives: [ 0.22087079 -1.21417543  1.01890691 -0.25770532  0.8362349   0.04411049]
Current x array =  [-0.59254097 -0.75387656 -0.57910678  0.76448224 -2.40999852 -1.27267738
 -0.34856071 -0.99434056 -0.78869826 -2.39236417 -3.05087065 -1.68351413
 -1.22018787 -1.08136867 -1.58703129 -1.21929751]
log likelihood =  -2243.9245682645633
Edge derivatives =  [-0.4719483731848998, -0.3125947366923121, 0.060382859805019465, 1.1733931815333865, 0.1671735548072084, -0.7914141579710803, 0.6087036060062094, 0.8053153180156928, 1.3321759148146597, -0.9732431762510638]
other derivatives: [ 0.4416961  -0.43110049  0.23901521  0.18203536  0.47793947 -0.02401066]
Current x array =  [-0.59276697 -0.75564811 -0.5777817   0.75987131 -2.40764644 -1.26997048
 -0.34913393 -0.9901844  -0.78715822 -2.38828077 -3.04954832 -1.68784349
 -1.21778524 -1.08193786 -1.58350362 -1.21913602]
log likelihood =  -2243.872350786521
Edge derivatives =  [-0.5639413236453242, -0.389720303665289, -0.34863053911874126, 1.0566071739122767, 0.17003801086796896, -0.5510828530074825, 0.22296800455735805, 0.5763343190489936, 0.8122293946934962, -0.9793990441522218]
other derivatives: [ 0.80713107  0.27444003 -0.96588337  1.00781108 -0.35879566 -0.23210305]
Current x array =  [-0.59322263 -0.75740609 -0.57563341  0.75162362 -2.40204706 -1.26409828
 -0.35159259 -0.98656676 -0.7805365  -2.37117969 -3.04663033 -1.70385116
 -1.20809905 -1.08085327 -1.56338791 -1.22193415]
log likelihood =  -2243.8131505829874
Edge derivatives =  [-0.2226227843945255, -0.41254118822692254, -0.301496871081739, 0.9849595127088977, 0.19954093011448412, -0.06228351620776229, -0.2671983750507966, 0.10010149461936502, 0.2972304365443952, -0.28663377348688834]
other derivatives: [-0.61531864  3.59823389 -1.53240762  0.67684596 -0.50822564 -0.44046828]
Current x array =  [-0.59134108 -0.76545458 -0.57459763  0.7566967  -2.40174991 -1.26032504
 -0.36231857 -0.97674389 -0.78278284 -2.3375005  -3.03823868 -1.72991931
 -1.19461639 -1.07117309 -1.53859156 -1.23987988]
log likelihood =  -2243.773119743622
Edge derivatives =  [-0.07534403331956374, -0.5794435085545775, -0.7421414526929478, 0.8317901579736005, 0.14146998692239096, 0.17770587654925268, -0.6943539682007961, -0.2670753475279346, -0.7061531125316802, -0.05199514629148372]
other derivatives: [ 1.05214895 -0.67534529 -1.30021363  0.41036401 -0.78921403 -0.55765668]
Current x array =  [-0.59374409 -0.75570237 -0.57418602  0.76142198 -2.39873501 -1.26989451
 -0.37535578 -0.95774231 -0.77838678 -2.29368807 -3.0234003  -1.75005672
 -1.18556396 -1.06472768 -1.50305244 -1.25117976]
log likelihood =  -2243.7498062353006
Edge derivatives =  [0.07341041539809898, -0.3829756850030326, -0.4832990654213211, 0.8738351219943583, 0.14584112289087464, 0.14815048352462995, -0.5008101920500667, -0.2084361260257881, -0.6090849118719233, 0.1130230777766591]
other derivatives: [-0.09999894 -0.08362804  0.14179022 -0.18280844 -0.25524969 -0.42068677]
Current x array =  [-0.59228139 -0.7570861  -0.57685006  0.7671341  -2.40207489 -1.27592417
 -0.37608422 -0.97048219 -0.78296265 -2.29132248 -3.02495038 -1.74658136
 -1.19017776 -1.06343115 -1.50543502 -1.2543469 ]
log likelihood =  -2243.7291571370647
Edge derivatives =  [0.2607762098473422, -0.3006066044970781, -0.0701408229269658, 0.9226412872292021, 0.12269201827249568, 0.08908270204774099, -0.2239935614159732, -0.15812356286022555, -0.3779960642345517, 0.3938419143348587]
other derivatives: [-0.85519787 -0.11973498  0.2095021  -0.86429282  0.40486157 -0.2107754 ]
Current x array =  [-0.59148246 -0.75694952 -0.57678561  0.77431836 -2.40660435 -1.29053958
 -0.38082839 -0.96980729 -0.79222461 -2.27580944 -3.01857741 -1.73988542
 -1.19776865 -1.0590968  -1.51088496 -1.25920853]
log likelihood =  -2243.699244855499
Edge derivatives =  [0.27852609378173077, -0.07966367283453235, 0.055738508574741365, 0.8344924829359308, 0.07035457462795397, 0.054961951584557356, 0.12000003928505482, -0.03099436878384043, -0.5439237022482815, 0.4320236809780603]
other derivatives: [-0.99366844  0.13928911  2.95822247 -0.96406438  0.64519554  0.06966729]
Current x array =  [-0.59116856 -0.75754306 -0.5817875   0.77384796 -2.40766453 -1.31355828
 -0.3850729  -0.98353521 -0.79897204 -2.23366458 -3.00965696 -1.73766039
 -1.20773548 -1.05801963 -1.50478874 -1.26047755]
log likelihood =  -2243.659929780322
Edge derivatives =  [0.23381250221807037, 0.11297140505751724, 0.3477545868714113, 0.6938306555648577, 0.019945924350551293, 0.06742139364375532, 0.34355021903078986, -0.10407111308566785, -0.4231139636534746, 0.6536124149835909]
other derivatives: [-0.66120265  0.03651621  2.04568096 -0.62245817  0.65115273  0.3176865 ]
Current x array =  [-0.59174315 -0.75699243 -0.5800682   0.76938496 -2.40726679 -1.33816439
 -0.39036509 -0.99402848 -0.81196899 -2.17754656 -2.99651011 -1.73472634
 -1.21677969 -1.05100348 -1.50621073 -1.26460385]
log likelihood =  -2243.6169256677736
Edge derivatives =  [0.09678339410759443, 0.14500860977817376, 0.16321468434918068, 0.27307943453784556, -0.08669937229693739, 0.035210046210356394, 0.3748997634514498, -0.0706037933169541, -0.3636592496367446, 0.3131066843732708]
other derivatives: [ 0.51281859  0.45361048  1.33718459 -0.03242349 -0.0125965   0.45924935]
Current x array =  [-0.59330298 -0.75816106 -0.5783109   0.7642393  -2.40339861 -1.3664346
 -0.39905563 -0.98923537 -0.8193132  -2.07958914 -2.97245337 -1.73327264
 -1.22122734 -1.04844457 -1.50752791 -1.25451064]
log likelihood =  -2243.6094866159715
Edge derivatives =  [0.06382488844070883, -0.16960846942845142, 0.11025751456707682, 0.1038822337725059, -0.1039744022870939, 0.13652895175490232, 0.14980353185699147, -0.19961622496867693, 0.12669162676329626, 0.16945206829855075]
other derivatives: [-2.04122443 -0.39640327  0.76106517  0.65829227 -0.18981154  0.32132448]
Current x array =  [-0.59056143 -0.75630243 -0.57807983  0.7552838  -2.40468639 -1.3563469
 -0.40390847 -0.96098508 -0.82641193 -2.04682382 -2.96209991 -1.73899788
 -1.21500113 -1.04960967 -1.52571828 -1.25041447]
log likelihood =  -2243.606516808759
Edge derivatives =  [0.1517450902234703, -0.16189079180520993, 0.09950744206302159, 0.1246285153821733, -0.07219787042784412, 0.17813221971600424, 0.051360614590672427, -0.11129251903132109, 0.24776638105645105, 0.09275416050465557]
other derivatives: [ 2.92611730e+00  7.04085323e-01 -1.00681063e-01  4.53792381e-01
  1.77351467e-03  2.08137863e-01]
Current x array =  [-0.59581871 -0.75846489 -0.57597873  0.75880133 -2.40619022 -1.34797235
 -0.40226881 -0.96068352 -0.82402055 -2.051379   -2.96512623 -1.73940845
 -1.2110068  -1.05209907 -1.52913308 -1.24693765]
log likelihood =  -2243.6006267693065
Edge derivatives =  [0.11985581590209662, -0.10377735896696683, 0.030298775914743337, 0.14296362690726733, -0.07746251593388759, 0.1421560662235803, 0.07961512819939093, -0.10159786279371308, 0.0350990145838459, 0.08000149553973379]
other derivatives: [ 0.70185706  0.26557245  0.1794433   0.33492142 -0.0991804   0.23960638]
Current x array =  [-0.59347971 -0.75775494 -0.57652217  0.76022815 -2.40510069 -1.3502038
 -0.40128051 -0.96702967 -0.82113168 -2.05826085 -2.96741205 -1.73925254
 -1.21199494 -1.05232988 -1.52223086 -1.24769931]
log likelihood =  -2243.5990038391765
Edge derivatives =  [0.11670528165658042, -0.08061357690271387, -0.022450097761305784, 0.12730257842870374, -0.07743655356037431, 0.12728989366293847, 0.060930399341525665, -0.06632645387439096, -0.0054986484774287026, 0.013039053594746886]
other derivatives: [ 0.1675744   0.16393642  0.04074536  0.24715519 -0.12423698  0.22369022]
Current x array =  [-0.59293584 -0.75766303 -0.57621852  0.7615385  -2.40505358 -1.34920386
 -0.40063841 -0.96921229 -0.81966311 -2.05732679 -2.96825283 -1.73914494
 -1.21133208 -1.05352491 -1.52112305 -1.24611962]
log likelihood =  -2243.5968206662437
Edge derivatives =  [0.1179896392298046, -0.034615127080337205, -0.10116159902817595, 0.08847321052523607, -0.07254538323114065, 0.10210918462860247, 0.010590263457094296, 0.009475076649395286, -0.0007255875535653322, -0.12739354779726308]
other derivatives: [-0.27930582  0.00331966 -0.19358595  0.07048584 -0.09272298  0.17157618]
Current x array =  [-0.59247883 -0.75748676 -0.57571289  0.76402085 -2.40575593 -1.34483879
 -0.39889679 -0.97328777 -0.81786151 -2.05336235 -2.97019649 -1.73868769
 -1.20942617 -1.05639375 -1.52197154 -1.24250749]
log likelihood =  -2243.5955132865406
Edge derivatives =  [0.09709516431630308, -0.0071295104129249776, -0.11654541345796468, 0.05652126811073929, -0.06945638915914042, 0.0798795012499352, -0.030598509977635135, 0.019193699460732794, 0.03180590905241698, -0.16511612912718354]
other derivatives: [-0.22082531 -0.27666829 -0.0685759  -0.01805347 -0.03133209  0.12819328]
Current x array =  [-0.59253809 -0.75687074 -0.57595556  0.76504132 -2.40652716 -1.34051573
 -0.39709538 -0.97591443 -0.81840733 -2.04899348 -2.97170134 -1.73794983
 -1.20811921 -1.05766315 -1.52371163 -1.24170018]
log likelihood =  -2243.5950036402423
Edge derivatives =  [0.04947276121583091, 0.06835915399987247, -0.06299466902034125, 0.008587485614777957, -0.049899719078809704, 0.04307779324878008, -0.09609870836418255, 0.04721180887382426, 0.12612639545748588, -0.13582047778945117]
other derivatives: [-0.30258889  0.76233846 -0.19567779 -0.15684236  0.05229595  0.01955414]
Current x array =  [-0.59228426 -0.75932435 -0.57584184  0.76684226 -2.40818191 -1.3291657
 -0.39192489 -0.982967   -0.82065624 -2.04186874 -2.97654142 -1.73577088
 -1.20553352 -1.0600955  -1.52724932 -1.24188791]
log likelihood =  -2243.593503804359
Edge derivatives =  [0.014235374078601454, 0.047378183812837094, -0.043961587232845094, 0.011947851576562224, -0.05592876592672309, 0.033461471766423945, -0.08479983786691725, -0.005822246351850469, 0.10027192099221277, -0.07619607689907026]
other derivatives: [ 0.00727596 -0.06671144  0.0901764  -0.07753442  0.06252776  0.03033165]
Current x array =  [-0.59268598 -0.75727584 -0.57642054  0.76552729 -2.40791075 -1.32960923
 -0.39194113 -0.98177167 -0.82208112 -2.04222162 -2.97635251 -1.73554074
 -1.2064151  -1.0589906  -1.52671893 -1.24410895]
log likelihood =  -2243.593243987265
Edge derivatives =  [-0.0011399534122828736, 0.04093342936223521, -0.01981052330742234, 0.01822418419505145, -0.05681787794390014, 0.031143230188845517, -0.0669509464037622, -0.022637595915906195, 0.08201446125984302, -0.028218125854600706]
other derivatives: [ 0.03497007 -0.09172254  0.0563432  -0.02473826  0.04120011  0.03724381]
Current x array =  [-0.59272617 -0.75716618 -0.57639152  0.76483178 -2.40762683 -1.32998598
 -0.3918928  -0.98144079 -0.82280407 -2.04283076 -2.97648872 -1.73530473
 -1.20713237 -1.05840908 -1.52596451 -1.24546169]
log likelihood =  -2243.5928988758183
Edge derivatives =  [-0.038791699958395515, 0.027892281585570666, -0.005452565929762024, 0.006688328010212352, -0.05633062625993328, 0.008005070765312594, -0.033380036611274144, -0.016907435045258934, 0.023590514727483636, 0.006831564851068839]
other derivatives: [-0.06716618 -0.01550688  0.2235538   0.05079528 -0.02801244  0.00932232]
Current x array =  [-0.59259517 -0.75729117 -0.57679064  0.76383284 -2.40701273 -1.32721444
 -0.39114738 -0.9811128  -0.82403525 -2.04107189 -2.97852727 -1.73446661
 -1.20837116 -1.05892974 -1.52431156 -1.24690793]
log likelihood =  -2243.5930263753216
Edge derivatives =  [-0.04559821331856445, 0.030729848561476647, 0.04019531777087906, 0.008445630509020335, -0.048107701768417166, -0.008799800476373076, 0.005832416956542519, 0.018229056841005842, -0.0053951948089621116, 0.05314756793523179]
other derivatives: [ 0.05707079 -0.04988578 -0.51227289  0.06375558 -0.02464731 -0.02487468]
Current x array =  [-0.59278594 -0.75713746 -0.5754405   0.7639012  -2.4069958  -1.32411161
 -0.39045371 -0.98153371 -0.82521506 -2.04057991 -2.98152683 -1.73324935
 -1.20976437 -1.05959031 -1.52310609 -1.24810009]
log likelihood =  -2243.5927818708356
Edge derivatives =  [-0.041558635144994804, 0.029059177270084557, 0.01323972310678996, 0.00741122234821856, -0.052961411193389055, 0.001144459844238277, -0.017324677153733703, -0.0025250331781953017, 0.011749801184638975, 0.02579226401469148]
other derivatives: [-0.01641638 -0.0295131  -0.07689778  0.05607035 -0.02660272 -0.00463842]
Current x array =  [-0.59267319 -0.75722831 -0.57623851  0.7638608  -2.40700581 -1.32594556
 -0.39086371 -0.98128493 -0.82451772 -2.0408707  -2.97975392 -1.73396882
 -1.2089409  -1.05919987 -1.52381859 -1.24739545]
log likelihood =  -2243.5927153267276
Edge derivatives =  [-0.03338392952327515, 0.02465723610720727, 0.008160875878844447, 0.007836081219142088, -0.051984843110338935, -0.0010201484885695722, -0.006578909331518612, 0.011438587031185499, -0.0037928658958158445, 0.014028508902731773]
other derivatives: [-0.01618901  0.01459739 -0.05334186  0.04552021 -0.03046807 -0.01023182]
Current x array =  [-0.59266749 -0.757336   -0.57627061  0.7640089  -2.40694125 -1.32562656
 -0.39110135 -0.98084371 -0.824339   -2.04089011 -2.98030152 -1.73392001
 -1.20925151 -1.05949169 -1.52333787 -1.24715227]
log likelihood =  -2243.5926031550216
Edge derivatives =  [-0.0006997816641672872, -0.0005447805784231097, 0.013178363954090291, 0.008906351663812567, -0.04750753129292089, -0.00011436828312794134, 0.01778751472282647, 0.03155873981362323, -0.005173955461155122, -0.0030097648385404296]
other derivatives: [-0.10923031  0.05106813 -0.02664819  0.02273737 -0.00586624 -0.02469278]
Current x array =  [-0.59255201 -0.7574257  -0.57632147  0.76423432 -2.40714281 -1.32477655
 -0.39220641 -0.97810113 -0.82454419 -2.0399443  -2.98179485 -1.73381663
 -1.21006339 -1.05976687 -1.52334326 -1.24672045]
log likelihood =  -2243.5926911856923
Edge derivatives =  [0.019440261099890804, -0.012328846774260827, 0.0018903230533221793, 0.009166815979447046, -0.04227781738610864, 0.002810325529460811, 0.024359953358337794, 0.03372092628862433, -0.026945296510029915, -0.012045565977863548]
other derivatives: [ 0.52759788  0.08421921  0.0820819  -0.01705303  0.00422915 -0.03169589]
Current x array =  [-0.59323416 -0.75745629 -0.57642544  0.76482065 -2.40705777 -1.32499912
 -0.39290389 -0.97669179 -0.82413406 -2.03953376 -2.98347643 -1.73372653
 -1.21046155 -1.05951263 -1.52251321 -1.24651235]
log likelihood =  -2243.592573231812
Edge derivatives =  [0.0060445072079669815, -0.004488590713801477, 0.009396978256874348, 0.008992794412780253, -0.045754135347645206, 0.0008646832300733265, 0.019987956017737785, 0.03228070158350438, -0.012464173393544997, -0.006037903558965718]
other derivatives: [ 0.10422809  0.06220944  0.00982254  0.00945874 -0.00245564 -0.02705747]
Current x array =  [-0.59278047 -0.75743594 -0.57635629  0.76443069 -2.40711433 -1.32485109
 -0.39244    -0.97762913 -0.82440683 -2.03980681 -2.98235803 -1.73378645
 -1.21019674 -1.05968172 -1.52306527 -1.24665076]
log likelihood =  -2243.592548017132
Edge derivatives =  [0.010640293453357846, -0.007891376199689049, 0.009121328916227474, 0.008563502413257734, -0.04450090275241106, 0.0017489587100709691, 0.018497191078242714, 0.02874564205717034, -0.008702901145875241, -0.00693113454856531]
other derivatives: [ 0.08758434  0.01573426  0.00595719 -0.00150067  0.00563887 -0.02792149]
Current x array =  [-0.59276719 -0.7573327  -0.57634394  0.76456148 -2.40718558 -1.32488638
 -0.39261229 -0.9772126  -0.82442045 -2.03955829 -2.98270728 -1.73376673
 -1.21021652 -1.05955024 -1.52318136 -1.24661385]
log likelihood =  -2243.592484878075
Edge derivatives =  [0.014417365295839424, -0.013274116348815701, 0.005022721460890708, 0.0069791132087344, -0.040177303613941714, 0.003389531575270943, 0.01074024232856563, 0.011995526943555324, -0.007077873012619917, -0.0022868584508622947]
other derivatives: [ 0.04383764 -0.0687578  -0.00209184 -0.02705747  0.01041371 -0.02760316]
Current x array =  [-0.59273371 -0.75715298 -0.57630951  0.76491288 -2.40723537 -1.32524337
 -0.39286183 -0.97655055 -0.82432148 -2.0390771  -2.98400827 -1.73364369
 -1.21020818 -1.059002   -1.52314479 -1.24670436]
log likelihood =  -2243.5924173088824
Edge derivatives =  [0.012301485777638343, -0.016590747514653614, -0.0012038511754048006, 0.0038838511449562074, -0.03344206792435679, 0.004881782404259183, 0.00011037324250934288, -0.0098825502099682, -0.008242287944832283, 0.007006195947094285]
other derivatives: [ 0.00090949 -0.0995442  -0.00854925 -0.04702088  0.00604814 -0.02696652]
Current x array =  [-0.59269722 -0.75710179 -0.57627672  0.76522641 -2.40724611 -1.32568417
 -0.39294829 -0.97612091 -0.82415859 -2.03845238 -2.98603701 -1.73340094
 -1.21015685 -1.0583082  -1.5229512  -1.24689264]
log likelihood =  -2243.592320025949
Edge derivatives =  [0.005830858393360228, -0.017933546962140223, -0.009271697161673281, -0.0007193641380430493, -0.02174320740621488, 0.008155372602300148, -0.009397796522247037, -0.030928591423052376, -0.006081231050908131, 0.015500319874032331]
other derivatives: [-0.02742127 -0.07689778 -0.01964509 -0.04483809  0.00495675 -0.02228262]
Current x array =  [-0.5926683  -0.75717572 -0.57624059  0.76525719 -2.40736757 -1.32644963
 -0.39293727 -0.97583374 -0.8239481  -2.03751108 -2.98945131 -1.73295824
 -1.21011753 -1.05756755 -1.52277042 -1.2469897 ]
log likelihood =  -2243.592265558384
Edge derivatives =  [-0.023054207026879214, -0.0063212473052662865, -0.025865837231097283, -0.0065665543843811125, -0.0048959707685700266, -0.0004804535524809417, 0.001196674438643075, -0.02420502506772626, -0.03707208427201719, 0.005784411860498384]
other derivatives: [-0.05516085 -0.20909283  0.04324647 -0.00995897 -0.0122327  -0.00813998]
Current x array =  [-0.5926547  -0.75687438 -0.57635676  0.7648175  -2.40722244 -1.32760724
 -0.39239717 -0.97714231 -0.82372268 -2.03691378 -2.99552029 -1.73181342
 -1.2104714  -1.05766215 -1.52160528 -1.24687344]
log likelihood =  -2243.592199224712
Edge derivatives =  [-0.00463778768489817, -0.003436530580332553, -0.009097686039323538, -0.0031494044805210064, 0.006832763999998555, 0.012023480942751963, 0.003329568089192103, -0.016193214666051503, 0.006420905219020112, 0.004630466924484211]
other derivatives: [-0.02642082  0.06702976 -0.03369678 -0.00572982  0.02228262  0.00654836]
Current x array =  [-0.59265344 -0.75750949 -0.57621958  0.76473455 -2.40761496 -1.32890601
 -0.39285991 -0.97673632 -0.82392815 -2.03630898 -2.99799898 -1.73147739
 -1.21029314 -1.05752469 -1.52266315 -1.24638507]
log likelihood =  -2243.592174621121
Edge derivatives =  [-0.00782040548203869, -0.0020406483891954874, -0.008057402016824686, -0.001970716905556197, -0.0007246185401565963, 0.0070513653059214865, 0.006866563920335356, -0.008044539194369427, -0.0032073792678682933, 0.0017838815323443225]
other derivatives: [-0.00886757  0.00582077 -0.00950422 -0.00150067  0.01214175  0.00181899]
Current x array =  [-0.5926775  -0.75735337 -0.57627592  0.76465711 -2.40743859 -1.32827194
 -0.39270676 -0.97712176 -0.82403712 -2.03687949 -2.996005   -1.73169052
 -1.21031555 -1.05793276 -1.52254615 -1.24647072]
log likelihood =  -2243.592170089884
Edge derivatives =  [-0.007420671285318092, -0.001216875238646109, -0.0057526492173235605, -0.0015903048641576212, -0.0015930554012859865, 0.005045017817370823, 0.0077125868262841735, -0.004387131917354736, -0.0019214563707314891, -0.0007258787972964642]
other derivatives: [-0.00322871  0.00168257  0.01323315  0.00227374  0.00736691  0.00190994]
Current x array =  [-0.59268244 -0.75733336 -0.57632866  0.76458393 -2.40734264 -1.32820364
 -0.39274199 -0.97724079 -0.82417495 -2.03696482 -2.99586199 -1.73162628
 -1.21027025 -1.05811083 -1.52264539 -1.24644055]
      fun: 2243.592170089884
 hess_inv: <16x16 LbfgsInvHessProduct with dtype=float64>
      jac: array([ 0.00322871, -0.00168257, -0.01323315, -0.00227374, -0.00736691,
       -0.00190994,  0.00742067,  0.00121688,  0.00575265,  0.0015903 ,
        0.00159306, -0.00504502, -0.00771259,  0.00438713,  0.00192146,
        0.00072588])
  message: b'CONVERGENCE: REL_REDUCTION_OF_F_<=_FACTR*EPSMCH'
     nfev: 58
      nit: 55
   status: 0
  success: True
        x: array([-0.59268244, -0.75733336, -0.57632866,  0.76458393, -2.40734264,
       -1.32820364, -0.39274199, -0.97724079, -0.82417495, -2.03696482,
       -2.99586199, -1.73162628, -1.21027025, -1.05811083, -1.52264539,
       -1.24644055])
