number of sites to be analyzed:  483
log likelihood =  6554.884875975832
Lr derivatives =  [-281.9785030544629, -514.4040239824433, -276.0892657156032]
other derivatives =  [ 33.69023034 -67.90987754  52.95341907  -9.94341463 460.38121582
  22.20685928]
Current x_clock array =  [-0.71929703 -0.69286385 -0.48803388  0.74193734 -0.10536052 -0.51082562
 -0.51082562 -0.51082562 -0.51082562]
log likelihood =  6166.329757680427
Lr derivatives =  [72.46157817775435, -294.3629924771446, -168.19080659250434]
other derivatives =  [-107.66652849  -33.52706699 -153.81310732    5.33809725  346.46927816
   45.83234841]
Current x_clock array =  [-0.78122145 -0.69168224 -0.58536505  0.76021387 -0.95156547 -0.551643
  0.00746574 -0.5098867  -0.5098867 ]
log likelihood =  5866.990626874249
Lr derivatives =  [73.48087265677601, -151.88032805283763, -63.55973736452057]
other derivatives =  [345.88310882  58.4074769  516.2506568   20.94584488  92.24850146
  44.72021828]
Current x_clock array =  [-0.61137515 -0.6816472  -0.35029488  0.76478285 -2.3912239  -0.68133103
  0.30030306 -0.36104139 -0.40831028]
log likelihood =  5810.719303905493
Lr derivatives =  [-80.85030129577669, -181.93541203204984, -60.143947267311056]
other derivatives =  [-144.85576685  -21.51982699 -283.66275728   58.65367712  -82.53191481
   35.23182386]
Current x_clock array =  [-0.78051651 -0.73323498 -0.61257755  0.74857859 -3.17431573 -0.78498843
  0.34396353 -0.24130547 -0.34595377]
log likelihood =  5766.851107413873
Lr derivatives =  [-17.974831839544105, -146.62743122745763, -33.90635251183928]
other derivatives =  [ -30.47880455   -4.53437679 -111.06312741   40.77410267  -25.65893737
   38.84779289]
Current x_clock array =  [-0.73874307 -0.72279503 -0.52675701  0.72925047 -2.91464616 -0.77611326
  0.29967946 -0.18529835 -0.3294952 ]
log likelihood =  5740.685806380583
Lr derivatives =  [50.66310270685634, -85.23070820269334, 19.16161627365204]
other derivatives =  [  8.99835868   1.29748514 115.53929653  23.40293577  18.15515134
  39.6534233 ]
Current x_clock array =  [-0.73124589 -0.72265146 -0.44649896  0.68368615 -2.76894561 -0.81486996
  0.21866858 -0.01052109 -0.28446118]
log likelihood =  5735.481058978033
Lr derivatives =  [39.97677306011594, -90.25026299414932, 16.980677672179354]
other derivatives =  [17.42309905 -0.1893568  30.614774   23.95290721  9.20763341 37.88582035]
Current x_clock array =  [-0.72626066 -0.72253563 -0.47351709  0.66914949 -2.78663086 -0.83661545
  0.19655121  0.         -0.28281866]
log likelihood =  5731.947637587378
Lr derivatives =  [19.066877360016015, -104.9043850032455, 7.229213390603576]
other derivatives =  [  0.95224095  -3.49318725 -32.54226613  25.02965799  -3.63470463
  35.0267328 ]
Current x_clock array =  [-0.73040506 -0.72117797 -0.49643327  0.64215485 -2.78633664 -0.87537596
  0.14848389  0.         -0.2860196 ]
log likelihood =  5728.331749936902
Lr derivatives =  [-4.962072996814401, -124.05359422896312, -5.559255391792739]
other derivatives =  [ -9.46529326  -4.93973857 -67.10752132  22.82858986 -11.31611498
  30.83223419]
Current x_clock array =  [-0.73172641 -0.71591135 -0.51196395  0.59230521 -2.7354238  -0.94159069
  0.06557261  0.         -0.28973891]
log likelihood =  5724.490976395148
Lr derivatives =  [-30.876402665063054, -144.761241402623, -16.19669598609753]
other derivatives =  [ -5.39048415  -2.56386556 -63.85889719  13.90608304 -12.05389708
  25.02983989]
Current x_clock array =  [-0.72822191 -0.70625601 -0.51416456  0.51131053 -2.6551602  -1.05218817
 -0.03009718  0.         -0.28542276]
log likelihood =  5719.853575531572
Lr derivatives =  [-30.861104911305457, -143.8351485434074, -7.187930442628044]
other derivatives =  [-31.45014489  -3.35876393 -27.92621672   0.83491614  -7.62538548
  19.05100362]
Current x_clock array =  [-0.74229579 -0.70477188 -0.49981541  0.42026553 -2.6367831  -1.21496794
 -0.04410787  0.         -0.26492506]
log likelihood =  5716.54781545916
Lr derivatives =  [-0.4869190635332341, -122.36801649911197, 10.943611298249806]
other derivatives =  [ 54.46199793   5.83522706  18.9851562  -17.02555892   5.79684638
  11.53039193]
Current x_clock array =  [-0.71372289 -0.7033954  -0.48261352  0.30929799 -2.64330176 -1.47182527
 -0.00451976  0.         -0.24661444]
log likelihood =  5715.412505275577
Lr derivatives =  [3.4147897736401713, -118.36415099931914, 11.675069408097997]
other derivatives =  [ -0.74514901   2.08274287  27.85709512 -15.60129022   3.02443368
  10.342319  ]
Current x_clock array =  [-0.73698278 -0.70737691 -0.47809897  0.30496014 -2.68073283 -1.52191135
  0.02601615  0.         -0.24759666]
log likelihood =  5714.875313474073
Lr derivatives =  [3.7120145833695553, -118.03537798422018, 7.5723316794686255]
other derivatives =  [-10.40325515   0.31850504  16.31269697 -15.04849934   1.25774022
   9.09158189]
Current x_clock array =  [-0.74121393 -0.70921135 -0.48210695  0.3023463  -2.69573228 -1.56949886
  0.03643837  0.         -0.25313254]
log likelihood =  5713.861422863396
Lr derivatives =  [3.584092960528908, -118.01745642089833, -4.081975925659108]
other derivatives =  [-12.75720933  -2.02753654  -9.89002729 -13.11000233  -3.38513928
   5.77801984]
Current x_clock array =  [-0.74251105 -0.7125728  -0.49147955  0.30395507 -2.72906951 -1.71417703
  0.05748065  0.         -0.26865942]
log likelihood =  5713.242005643974
Lr derivatives =  [2.3686677140398267, -118.49997884116812, -7.676271778108642]
other derivatives =  [ -6.56918928  -1.56906026 -15.21157174 -11.07455319  -5.8787009
   3.96312316]
Current x_clock array =  [-0.73982914 -0.71295936 -0.49322295  0.31725534 -2.7378689  -1.82100922
  0.05970069  0.         -0.27112316]
log likelihood =  5711.9305802309955
Lr derivatives =  [3.8010892915796397, -116.80121331954376, -2.6685465999174482]
other derivatives =  [  3.0981937   -1.39607437 -24.94334694  -6.48415153  -3.30892362
   1.31458364]
Current x_clock array =  [-0.73517827 -0.71300829 -0.49656557  0.36390124 -2.70074645 -2.07806497
  0.03964531  0.         -0.25594537]
log likelihood =  5713.036838658196
Lr derivatives =  [-17.864953559099803, -131.75524540909993, -22.88063137828243]
other derivatives =  [  4.75056368  -2.76932042  74.35828593   5.93381628 -14.15737643
  -0.59026206]
Current x_clock array =  [-0.73192306 -0.71318607 -0.4593865   0.46290765 -2.6965548  -2.36136265
  0.00880141  0.         -0.26771072]
log likelihood =  5711.598675687992
Lr derivatives =  [-3.2993987474346405, -121.68310696378718, -9.318765571427178]
other derivatives =  [ 3.68645487 -1.85027602  5.75255399 -2.58178261 -6.97682481  0.56370482]
Current x_clock array =  [-0.73412003 -0.71306608 -0.48447899  0.39608733 -2.69938378 -2.17016248
  0.02961824  0.         -0.25977018]
log likelihood =  5711.305019930306
Lr derivatives =  [-2.5813140951261992, -120.68792436360509, -1.2860243064420231]
other derivatives =  [ 4.90736056  0.06211849 -1.7853381  -0.37116479 -2.83744157  0.09604264]
Current x_clock array =  [-0.73298732 -0.71073475 -0.48731723  0.42096049 -2.65985529 -2.29056662
  0.00854903  0.         -0.24438492]
log likelihood =  5711.2793113273
Lr derivatives =  [1.5776730398782561, -118.14581784522497, 0.29747300393948706]
other derivatives =  [ 0.18026185  0.28085196  0.43692125  0.17280399  0.46948117 -0.03756213]
Current x_clock array =  [-0.73526295 -0.71085402 -0.48630849  0.42926518 -2.64655879 -2.32183412
  0.01096724  0.         -0.24333446]
log likelihood =  5711.276771038907
Lr derivatives =  [0.11145849114097928, -119.10571720875059, 0.07047708607833414]
other derivatives =  [ 0.50549716 -0.19363142 -0.14551915  0.06039045 -0.00964064 -0.01718945]
Current x_clock array =  [-0.73496366 -0.71091859 -0.48659489  0.4278899  -2.64585218 -2.32050913
  0.00783675  0.         -0.24289445]
log likelihood =  5711.276654922663
Lr derivatives =  [-0.0004777487403853087, -119.19356928756548, 0.011306558189616567]
other derivatives =  [ 0.14260877  0.11723387 -0.06484697  0.01000444 -0.04883987 -0.0084583 ]
Current x_clock array =  [-0.73512014 -0.71064885 -0.48657243  0.42735183 -2.64587526 -2.3188878
  0.0076324   0.         -0.24295098]
log likelihood =  5711.2766357167275
Lr derivatives =  [-0.009795162161157833, -119.20906389325125, -0.0037998875710627544]
other derivatives =  [-0.00381988  0.01418812 -0.02401066 -0.00327418 -0.01555236 -0.00509317]
Current x_clock array =  [-0.73517884 -0.71071319 -0.486558    0.42728728 -2.64566967 -2.31834544
  0.00756995  0.         -0.24297253]
log likelihood =  5711.276633598902
Lr derivatives =  [0.0003752481587380174, -119.20683306811729, -0.0033360751101767505]
other derivatives =  [-0.00363798 -0.00127329  0.00663931 -0.00964064  0.00236469 -0.00291038]
Current x_clock array =  [-0.73517932 -0.71072317 -0.48654727  0.42726564 -2.64559042 -2.31792663
  0.00756221  0.         -0.24298219]
      fun: 5711.276633598902
 hess_inv: <9x9 LbfgsInvHessProduct with dtype=float64>
      jac: array([-3.63797881e-03, -1.27329258e-03,  6.63931132e-03, -9.64064384e-03,
        2.36468622e-03, -2.91038305e-03,  3.75248159e-04, -1.19206833e+02,
       -3.33607511e-03])
  message: 'CONVERGENCE: REL_REDUCTION_OF_F_<=_FACTR*EPSMCH'
     nfev: 25
      nit: 23
     njev: 25
   status: 0
  success: True
        x: array([-0.73517932, -0.71072317, -0.48654727,  0.42726564, -2.64559042,
       -2.31792663,  0.00756221,  0.        , -0.24298219])
{('N0', 'N1'): [1.329630422396522, 1.3296304223965227], ('N0', 'ENSLOCG'): [0.0, 0.0], ('N1', 'ENSGACG'): [14.206681394448736, 14.11632144337113], ('N1', 'ENSDARG'): [14.212512290489196, 13.820115418839993]}
