number of sites to be analyzed:  174
Successfully loaded parameter value from ./save/MG944031.txt
log likelihood =  -6984.705264555596
Edge derivatives =  [-0.00016003405005523609, 0.004540690168782502, -1.0376617812639418e-06, -0.005738225746464792, -0.008702129564538197, 0.014756104954124272, 0.0030672552298411696, 0.010076513818341959, 0.014650101443161437, -0.0019215320036190392, -0.0011990487129032168, 0.009746548969990387, -0.018920066123029433, -0.01070798250349736, 0.004765523065341615, -0.007322264329964301]
other derivatives: [-0.10095391 -0.01627996  0.04511094 -0.00727596  0.01064109 -0.0176442 ]
Current x array =  [-6.54407215e-01 -9.00718013e-01 -4.69091862e-01  7.27549856e-01
 -1.45607237e+00 -2.57265774e+00 -1.30915918e+01  2.30539830e-01
 -1.68970683e+01 -1.91241247e+00  1.48348463e-02  5.40101587e-02
  2.17214428e-01 -5.50943304e-02 -1.50690325e+00 -8.46046971e-01
 -2.26823757e+00 -1.22813603e+00 -1.47756723e+00 -1.13630849e+00
 -5.04175244e-01 -5.84081166e-01]
log likelihood =  -6996.538713495565
Edge derivatives =  [-0.00015026238781368526, 0.2996338770933966, -1.090952193550692e-06, 0.004469441652474329, 2.2196056889595, -3.0810219814660753, -1.280244165132565, -0.331862610763771, -0.1529783257451165, 0.9349098427860505, 0.24738581427236195, -0.7509103053781816, 0.6943322543569008, 2.0501165975874374, 0.7952524722656539, 0.7337149433777754]
other derivatives: [178.81357053  22.87542884 -97.72838894  10.08620529  -9.3385097
  -0.32305252]
Current x array =  [-7.55361127e-01 -9.16997968e-01 -4.23980925e-01  7.20273898e-01
 -1.44543129e+00 -2.59030194e+00 -1.30917518e+01  2.35080520e-01
 -1.68970693e+01 -1.91815069e+00  6.13271677e-03  6.87662637e-02
  2.20281683e-01 -4.50178166e-02 -1.49225314e+00 -8.47968503e-01
 -2.26943662e+00 -1.21838948e+00 -1.49648730e+00 -1.14701647e+00
 -4.99409721e-01 -5.91403431e-01]
log likelihood =  -6984.705260480043
Edge derivatives =  [-0.00016002803232998157, 0.004877872454015941, -1.0376766992389934e-06, -0.005675599242445872, -0.007045290353782874, 0.013401561110624849, 0.002699192350229404, 0.010163625331483739, 0.0145950337716114, -0.0012860434597686127, -0.0009952074074153217, 0.009285311367046023, -0.018454950130052827, -0.00940599965856026, 0.005403732353551849, -0.006694339175127739]
other derivatives: [ 0.0170985  -0.00236469 -0.00236469 -0.00254659  0.00600267 -0.01791705]
Current x array =  [-6.54465345e-01 -9.00727387e-01 -4.69065887e-01  7.27545666e-01
 -1.45606625e+00 -2.57266790e+00 -1.30915919e+01  2.30542444e-01
 -1.68970683e+01 -1.91241577e+00  1.48298356e-02  5.40186554e-02
  2.17216194e-01 -5.50885283e-02 -1.50689481e+00 -8.46048077e-01
 -2.26823826e+00 -1.22813042e+00 -1.47757813e+00 -1.13631465e+00
 -5.04172500e-01 -5.84085383e-01]
      fun: 6984.705260480043
 hess_inv: <22x22 LbfgsInvHessProduct with dtype=float64>
      jac: array([-1.70985004e-02,  2.36468622e-03,  2.36468622e-03,  2.54658516e-03,
       -6.00266503e-03,  1.79170456e-02,  1.60028032e-04, -4.87787245e-03,
        1.03767670e-06,  5.67559924e-03,  7.04529035e-03, -1.34015611e-02,
       -2.69919235e-03, -1.01636253e-02, -1.45950338e-02,  1.28604346e-03,
        9.95207407e-04, -9.28531137e-03,  1.84549501e-02,  9.40599966e-03,
       -5.40373235e-03,  6.69433918e-03])
  message: b'CONVERGENCE: REL_REDUCTION_OF_F_<=_FACTR*EPSMCH'
     nfev: 3
      nit: 1
   status: 0
  success: True
        x: array([-6.54465345e-01, -9.00727387e-01, -4.69065887e-01,  7.27545666e-01,
       -1.45606625e+00, -2.57266790e+00, -1.30915919e+01,  2.30542444e-01,
       -1.68970683e+01, -1.91241577e+00,  1.48298356e-02,  5.40186554e-02,
        2.17216194e-01, -5.50885283e-02, -1.50689481e+00, -8.46048077e-01,
       -2.26823826e+00, -1.22813042e+00, -1.47757813e+00, -1.13631465e+00,
       -5.04172500e-01, -5.84085383e-01])
