number of sites to be analyzed:  167
log likelihood =  -3223.521808387325
Edge derivatives =  [52.602738914937966, 38.32177787208656, 166.69591857344108, 126.86417418371913]
other derivatives: [ -59.27577149    6.283517    -26.76451913   -8.14061423 -107.13174561
   28.55704224]
Current x array =  [-0.56692789 -0.75782646 -0.49013103  0.74193734 -0.10536052 -0.51082562
 -4.60517019 -4.60517019 -4.60517019 -4.60517019]
log likelihood =  -3010.669208084494
Edge derivatives =  [49.17713278719563, 37.81892806555074, 167.12165946658018, 124.51960492629179]
other derivatives: [169.51648831  14.92007868  24.42170626 -10.89929356 -74.03195923
  25.58663255]
Current x array =  [-0.80133118 -0.75502739 -0.59597009  0.70974566 -0.52900805 -0.48112441
 -4.39715509 -4.45362849 -3.94597889 -4.10349168]
log likelihood =  -2238.4145461922326
Edge derivatives =  [14.924240104764118, 17.346678589038365, 41.451994858506254, 84.61226391779289]
other derivatives: [311.80084079 -16.56171662 115.60914572 -36.29379535  61.261062
  -4.75656634]
Current x array =  [-1.12466121 -0.69243702 -0.97719846  0.51107337 -2.8303144  -0.29471662
 -3.20929865 -3.57926553 -0.13079309 -1.21198335]
log likelihood =  -2293.485847533155
Edge derivatives =  [-0.7921395521269013, 2.249506997140855, -94.81093827897408, -62.44718650809547]
other derivatives: [ -424.31684051   112.16006897 -1754.684763      23.76136763
  -120.66825548   -12.30437192]
Current x array =  [-0.39055469 -1.16319063 -0.08889057 -0.12424368 -3.04243207 -0.3436946
 -2.55948845 -3.03020305  1.60925533  1.09697917]
log likelihood =  -2018.3788031806712
Edge derivatives =  [2.720128991305104, 6.183524630976955, -11.092780862766158, 22.863121241556566]
other derivatives: [119.89554878  59.55075721  20.82056199  14.79543243   6.67712357
 -15.46429758]
Current x array =  [-0.73714786 -0.94093408 -0.50828672  0.17570809 -2.94228511 -0.32057066
 -2.86628286 -3.28943151  0.78772755  0.0068504 ]
log likelihood =  -2019.4598341827107
Edge derivatives =  [1.4696646869490622, 5.012666541241333, -16.32667329387266, -6.628555040801772]
other derivatives: [-197.82769414  -62.45393251  -90.6221203    13.94143965   -7.79509719
  -12.43474799]
Current x array =  [-0.48102604 -0.70110721 -0.38913462  0.19862041 -2.89185954 -0.40980597
 -2.82890526 -3.23641997  0.74275504  0.25002939]
log likelihood =  -2002.7107642894196
Edge derivatives =  [2.054251260535043, 5.563190848103152, -12.871385556776692, 9.058700790754953]
other derivatives: [ -5.39616849   9.46765795 -28.24876901  13.50592811   0.13294539
 -14.26926701]
Current x array =  [-0.60706613 -0.81912839 -0.44777055  0.18734503 -2.91667446 -0.36589239
 -2.84729915 -3.26250747  0.76488646  0.13035859]
log likelihood =  -2001.403297448976
Edge derivatives =  [2.1526001538098556, 5.67218000471237, -9.15684941080842, 8.461318779573295]
other derivatives: [-16.02466    -17.59631232  15.38262495   9.44098701   4.94619599
 -12.71366727]
Current x array =  [-0.59725732 -0.7605079  -0.50176491  0.2295232  -2.91171423 -0.39325474
 -2.85743293 -3.26375911  0.69899449  0.10431088]
log likelihood =  -1999.9179500586517
Edge derivatives =  [2.332888957292384, 5.822007729073247, -5.54390566386613, 9.547978414489492]
other derivatives: [-12.95088623  -8.78405899   3.88965873   8.71373231   6.4330834
 -12.17172212]
Current x array =  [-0.5989193  -0.77613054 -0.48706287  0.2512326  -2.86897258 -0.42128423
 -2.86979092 -3.26477606  0.62576385  0.08402263]
log likelihood =  -1996.3646482886822
Edge derivatives =  [2.3650039426031926, 5.940953441676321, 4.142375975744145, 2.95585282746952]
other derivatives: [ -0.95708401   5.25228643 -17.14895461   4.89533249   4.71275143
  -9.02789452]
Current x array =  [-0.60988427 -0.80708145 -0.45850593  0.35235064 -2.73426663 -0.56266154
 -2.87713167 -3.22579768  0.44159901  0.12692582]
log likelihood =  -1994.8916298078484
Edge derivatives =  [2.0466254151296552, 5.810596339539234, 4.495413554083339, -4.348353028644668]
other derivatives: [ 1.59193405  9.47345598 -5.52429356  2.09295195  0.09210908 -6.64042545]
Current x array =  [-0.61330149 -0.82121719 -0.46934326  0.41952115 -2.68283231 -0.67135891
 -2.8543928  -3.16749482  0.4176437   0.19064895]
log likelihood =  -1993.764694672541
Edge derivatives =  [1.8950221433712486, 5.870873389611547, 4.205575705985928, -7.378669458079498]
other derivatives: [14.51230673 -8.86509497 -5.18859906 -2.4222345  -1.66676273 -3.39027793]
Current x array =  [-0.62787506 -0.78361941 -0.4665347   0.51152924 -2.64879136 -0.82896091
 -2.81869963 -3.06900084  0.40753084  0.20751548]
log likelihood =  -1992.74104036408
Edge derivatives =  [1.7573160949126672, 5.964050768811841, 0.49189168735712185, -7.267951882050403]
other derivatives: [ 1.72760792 -4.2359261  10.48481408 -4.44863417 -3.36951871 -1.48509116]
Current x array =  [-0.61509802 -0.79678448 -0.4845515   0.55541768 -2.6468179  -0.9444606
 -2.7796966  -2.97392589  0.44684821  0.20292736]
log likelihood =  -1991.870828107039
Edge derivatives =  [1.7428168376261057, 6.195038628946779, -3.39411746798862, -3.932304192994068]
other derivatives: [-4.52096174 -2.50049652 11.31447789 -5.68022642 -3.53468295  0.11755219]
Current x array =  [-0.60884688 -0.80233387 -0.48484061  0.58435806 -2.65884322 -1.06250124
 -2.73524152 -2.86017665  0.49379264  0.16884806]
log likelihood =  -1990.3731270367252
Edge derivatives =  [1.7420225077401597, 6.69492896098701, -6.0475339170580265, 0.309618399071545]
other derivatives: [-7.5941216   0.07444214  6.50891252 -6.02312866 -2.0688276   2.07837729]
Current x array =  [-0.60499929 -0.80937152 -0.47851907  0.59052268 -2.68344863 -1.26327709
 -2.6468925  -2.61717349  0.52668462  0.1166425 ]
log likelihood =  -1986.7684208635683
Edge derivatives =  [1.0735061857226549, 6.967631059325251, -9.704404908672167, 2.15721498852001]
other derivatives: [-7.50060281  2.83789632 -1.75891728 -3.91785306  0.14442776  4.03742888]
Current x array =  [-0.60327901 -0.81971916 -0.46825631  0.54307886 -2.73835296 -1.75332745
 -2.39308875 -1.90357958  0.5617747   0.03869488]
log likelihood =  -1999.0334543599793
Edge derivatives =  [-4.932575831406329, -26.948621843812305, 0.660138087265715, 1.0845434016130078]
other derivatives: [-31.23734587   4.60163392 -10.85943495  -1.07495453  -5.58993634
   1.95177563]
Current x array =  [-0.58192778 -0.84789319 -0.45357645  0.48731067 -2.72443241 -3.19995307
 -1.68369097  0.29044465  0.36241542 -0.29156352]
log likelihood =  -1983.7268603880734
Edge derivatives =  [-0.29309341376149034, 4.221139352004421, -8.08269131370312, 0.9609852610390726]
other derivatives: [-12.83401616   5.39253051  -6.29845545  -3.95953066   3.20296749
   3.64793777]
Current x array =  [-0.59603651 -0.829276   -0.46327679  0.52416188 -2.73363101 -2.24403361
 -2.15245576 -1.15935026  0.49415055 -0.07333122]
log likelihood =  -2024.201296267729
Edge derivatives =  [-4.352277445037012, -26.701434454691384, -6.372455022888809, 8.142830174984628]
other derivatives: [165.03788629  40.52430995  90.59667718   5.70903467  -9.81744961
   1.8411356 ]
Current x array =  [-0.80986806 -0.9113858  -0.59679022  0.32030565 -2.59779037 -3.06281841
 -1.76114752  0.21506557  0.40184008 -0.52944316]
log likelihood =  -1983.4174576929413
Edge derivatives =  [-0.5562585727783862, 3.3348887936802356, -8.422794486989146, 1.6226006931331154]
other derivatives: [ 7.09376309  9.12423275  3.24314442 -3.54875738  3.18991624  3.47658897]
Current x array =  [-0.61392422 -0.83614475 -0.47444563  0.50710864 -2.72226749 -2.31252763
 -2.11972154 -1.04437589  0.48642848 -0.11148648]
log likelihood =  -1982.7533552381453
Edge derivatives =  [-1.716799499183404, -1.882705169456461, -1.4915269861575338, 1.0577839721704165]
other derivatives: [-3.83124643  5.48975549 -6.13010798 -3.29714567  5.60876288  2.80197128]
Current x array =  [-0.60254905 -0.82886237 -0.46514797  0.48098037 -2.66642515 -2.51998703
 -2.02364628 -0.67018779  0.33737201 -0.20466626]
log likelihood =  -1981.370464512269
Edge derivatives =  [-0.7155976006075232, 2.6025159101787954, 2.136209899875341, 2.7812310946733376]
other derivatives: [-2.2030008  -0.10206804 -0.8253437  -1.00064881  6.65015705  2.85804163]
Current x array =  [-0.60305109 -0.80628201 -0.47718144  0.41555351 -2.59796299 -2.26131426
 -2.14580675 -0.94821369  0.24700154 -0.22476145]
log likelihood =  -1982.9408706674678
Edge derivatives =  [-1.0109171050820867, 3.218085504719653, -5.1458264236846665, -2.9311150006231954]
other derivatives: [ 14.10974164   9.30160695 -39.58377874   6.44970441 -13.67186542
   2.65204108]
Current x array =  [-0.62194344 -0.8200782  -0.43719277  0.34616046 -2.34597146 -2.05019525
 -2.25186089 -1.05882662  0.19674979 -0.20880742]
log likelihood =  -1981.0661411082647
Edge derivatives =  [-0.802019486520923, 2.7816731167057576, 0.021218961482295295, 1.255866102027393]
other derivatives: [  2.51579877   2.65397375 -11.30727014   1.08609584   0.9556743
   2.81740995]
Current x array =  [-0.60848977 -0.81025362 -0.46566961  0.39557682 -2.52542032 -2.20053787
 -2.17633734 -0.98005665  0.2325352  -0.22016865]
log likelihood =  -1980.8650008259365
Edge derivatives =  [-0.9213649003863029, 2.443952716241496, -0.08257260573887978, 0.770021503747092]
other derivatives: [-0.82900442 -0.6699338  -0.43403361  2.57573447 -1.06535936  2.69865268]
Current x array =  [-0.60506742 -0.80067971 -0.48135073  0.36380312 -2.48340138 -2.15297749
 -2.19360577 -0.96758552  0.20485836 -0.24147705]
log likelihood =  -1980.7910843276063
Edge derivatives =  [-0.9736225952293692, 2.1191710256569305, 0.0794196966029049, 0.33283406055478976]
other derivatives: [-1.61046501 -0.34392542  1.10971996  2.35922926 -1.42010776  2.67450559]
Current x array =  [-0.60431192 -0.80164796 -0.4832114   0.36887398 -2.47710498 -2.14256787
 -2.19655808 -0.95067869  0.19945963 -0.23978931]
log likelihood =  -1980.3295656619573
Edge derivatives =  [-0.9773231158677309, 0.5378727835351462, 1.810740853509993, -2.1004744205206265]
other derivatives: [ 0.41554813 -2.82664132  7.32131866  0.30140654 -2.83300778  2.45224783]
Current x array =  [-0.60633111 -0.79694902 -0.49010591  0.41346065 -2.44373174 -1.98292378
 -2.25109489 -0.8813291   0.16602645 -0.21970782]
log likelihood =  -1979.9100185015004
Edge derivatives =  [-0.5589335840066426, 0.20356335209404594, 2.6123472902097027, -3.307975076250905]
other derivatives: [-4.4133003   5.70501015 13.19765488 -1.53800102 -3.76253411  1.80239113]
Current x array =  [-0.60126542 -0.81657171 -0.49709968  0.4563691  -2.43335433 -1.70621602
 -2.34682933 -0.87629648  0.16335428 -0.1899089 ]
log likelihood =  -1979.4444500393774
Edge derivatives =  [-0.20148675733753224, -0.3975323496214168, 2.046981062259911, -3.384170229473487]
other derivatives: [ 0.66638677 -0.52389169 11.95840014 -2.95674454 -3.31756382  0.39108272]
Current x array =  [-0.6068635  -0.80326338 -0.49389235  0.48739798 -2.45658125 -1.41329665
 -2.44026809 -0.85871979  0.19315562 -0.16624768]
log likelihood =  -1979.0796500626898
Edge derivatives =  [0.09532600255576952, -0.1954253331833307, 1.0541525668521317, 0.501871370954728]
other derivatives: [ 1.5433443   1.24641701  3.49205038 -1.63454388 -0.18067112 -0.15688784]
Current x array =  [-0.60740538 -0.80706113 -0.48317192  0.45707515 -2.51336972 -1.33902564
 -2.45770454 -0.83831665  0.2368636  -0.1973459 ]
log likelihood =  -1979.0376482510108
Edge derivatives =  [0.06400795382846135, 0.1185402557832944, -0.5252318187287695, 0.7201333294544214]
other derivatives: [-0.2188699  -0.65144832 -0.61461378 -0.79805886 -0.20431798  0.20934294]
Current x array =  [-0.60626744 -0.80372464 -0.47777674  0.44223996 -2.53215375 -1.37595048
 -2.44376795 -0.85427776  0.26441134 -0.19254384]
log likelihood =  -1979.0295449628006
Edge derivatives =  [0.09732975104675236, 0.18209374480010365, -0.3036554074793477, 0.7725191362678909]
other derivatives: [ 0.48330548  0.         -0.548971   -0.43091859 -0.1542503   0.01714398]
Current x array =  [-0.60685289 -0.80471085 -0.4781312   0.43450145 -2.53210343 -1.35189464
 -2.45178797 -0.8586912   0.26179813 -0.19201883]
log likelihood =  -1979.0269188125208
Edge derivatives =  [0.0802517450919954, 0.04617848297412096, 0.11670668126398467, 0.27366340659286137]
other derivatives: [-2.51629899 -0.31761829 -0.872501   -0.16902959 -0.1343551  -0.10352323]
Current x array =  [-0.60410348 -0.804259   -0.47784383  0.42904019 -2.5336686  -1.33733241
 -2.45545472 -0.85482067  0.25666631 -0.18465156]
log likelihood =  -1979.0213887610403
Edge derivatives =  [0.07319861111429339, 0.0961314782857935, 0.21910576156472078, 0.20919700951792602]
other derivatives: [-0.0687578   0.00020464 -0.08708412 -0.01587068  0.09456471 -0.01514309]
Current x array =  [-0.60635209 -0.8049114  -0.47868932  0.42478281 -2.53807651 -1.34686278
 -2.45155712 -0.85726743  0.25784493 -0.18154552]
log likelihood =  -1979.020617093684
Edge derivatives =  [0.06305251954094554, 0.07826902934078493, 0.10668761610372143, 0.106124858604819]
other derivatives: [ 0.086402   -0.08069492 -0.12983037 -0.02903562  0.09604264  0.01796252]
Current x array =  [-0.60655612 -0.80494869 -0.47847909  0.425243   -2.54072111 -1.34955075
 -2.45010764 -0.85678809  0.26080374 -0.17876325]
log likelihood =  -1979.0204288249936
Edge derivatives =  [0.042151551975879845, -0.011639449053804221, -0.005710543560193668, -0.100016635759682]
other derivatives: [ 0.05761649  0.12014425 -0.21575488  0.05532002 -0.10818439  0.00318323]
Current x array =  [-0.60659436 -0.80556308 -0.47828688  0.42438681 -2.54055092 -1.34772164
 -2.44934991 -0.85313114  0.26197638 -0.17599732]
log likelihood =  -1979.020819746731
Edge derivatives =  [0.043618131388820716, -0.008438928708126306, -0.13165009120733093, -0.028443820575297443]
other derivatives: [-0.33799097 -0.12569217  0.77789082  0.02896741 -0.01002718  0.00975433]
Current x array =  [-0.60619482 -0.80510181 -0.47953839  0.42418406 -2.54304086 -1.34729456
 -2.44867451 -0.85312782  0.26473785 -0.17659122]
log likelihood =  -1979.0203209643985
Edge derivatives =  [0.0426151387100729, -0.010625601694052161, -0.04568898616447081, -0.07727021393144659]
other derivatives: [-0.0678483   0.04217782  0.09999894  0.04690719 -0.07701146  0.00520686]
Current x array =  [-0.60646759 -0.80541673 -0.47868396  0.42432248 -2.54134093 -1.34758613
 -2.44913562 -0.85313009  0.26285254 -0.17618575]
log likelihood =  -1979.0202448806306
Edge derivatives =  [0.04694720544181892, 0.005527025849975553, -0.017099992367912598, -0.01826195559420162]
other derivatives: [-0.02328306  0.01459739  0.03467449  0.0062073  -0.018008    0.01593889]
Current x array =  [-0.60649441 -0.8053341  -0.47860205  0.42497807 -2.5414862  -1.34897641
 -2.44885537 -0.85347967  0.26264917 -0.17697164]
log likelihood =  -1979.0202174207718
Edge derivatives =  [0.04625280255697206, -0.0018923964673896038, -0.001054314398709108, -0.012537915023140025]
other derivatives: [ 0.00143245 -0.03469722  0.01589342  0.00143245  0.00286491  0.01618901]
Current x array =  [-0.60651755 -0.80523043 -0.47857339  0.42500334 -2.54167965 -1.34904676
 -2.4483508  -0.85297895  0.26254058 -0.17708112]
log likelihood =  -1979.0201662737015
Edge derivatives =  [0.043609004841163826, -0.018341438912202898, 0.01378287184500529, 0.012829666406860507]
other derivatives: [ 0.00597993 -0.01102762 -0.01689386 -0.00291038  0.03494733  0.01957687]
Current x array =  [-0.60651344 -0.8052992  -0.47852411  0.42501813 -2.54203991 -1.34962369
 -2.44657734 -0.85172406  0.2625073  -0.17757059]
log likelihood =  -1979.020103780028
Edge derivatives =  [0.03807386578362879, -0.03800320392206186, 0.009552263218890897, 0.021795848573208324]
other derivatives: [ 0.08371899 -0.10174972 -0.01780336  0.00131877  0.02110028  0.01361968]
Current x array =  [-0.60659106 -0.80508904 -0.47852916  0.42496047 -2.54174406 -1.34899285
 -2.44416259 -0.85076859  0.2622904  -0.17816008]
log likelihood =  -1979.0200121334321
Edge derivatives =  [0.03202096344147544, -0.04827059098554827, -0.0021510552486794926, 0.032186794590413834]
other derivatives: [ 0.10957137 -0.05798029 -0.00109139  0.00925411  0.00661657  0.01023182]
Current x array =  [-0.60661231 -0.8051853  -0.47855247  0.42487896 -2.54162299 -1.34855867
 -2.44100765 -0.85032856  0.26228896 -0.17861278]
log likelihood =  -1979.019786797635
Edge derivatives =  [0.015887321746726267, -0.05558849061434075, -0.025361518999644214, 0.03130224106975838]
other derivatives: [ 0.11941665  0.0315822   0.0366299   0.02517027 -0.02667093 -0.00097771]
Current x array =  [-0.60662185 -0.80539365 -0.47859379  0.42479066 -2.54159302 -1.34662707
 -2.43217108 -0.85072497  0.26240963 -0.17903799]
log likelihood =  -1979.019673740692
Edge derivatives =  [-0.004097862164456661, -0.042262770850879094, 0.02807721800462007, 0.0013572371785171497]
other derivatives: [-0.17948878 -0.00370619  0.0084583   0.06361915 -0.00720775  0.00877662]
Current x array =  [-0.6063401  -0.8053291  -0.47857597  0.42399668 -2.54186717 -1.34711518
 -2.42123809 -0.8525467   0.26154991 -0.17904234]
log likelihood =  -1979.0196388847032
Edge derivatives =  [-0.004323109593668491, -0.009290640661408042, 0.013964210363048457, -0.0012053027956613928]
other derivatives: [ 0.27762326  0.09670202  0.16500508  0.05315997 -0.00807177  0.0103455 ]
Current x array =  [-0.60676465 -0.80551722 -0.47874508  0.42423325 -2.54203524 -1.34666086
 -2.41961648 -0.85477876  0.26197744 -0.1785808 ]
log likelihood =  -1979.0195681448263
Edge derivatives =  [0.00034567066330806404, -0.010270317094571588, -0.0013524338231743621, 0.007377163711196608]
other derivatives: [ 0.0651653   0.02833076  0.05775291  0.04024514 -0.01823537  0.0082764 ]
Current x array =  [-0.60657255 -0.80537525 -0.4786206   0.4245447  -2.54182569 -1.34659273
 -2.4221062  -0.85452151  0.26207814 -0.17871437]
log likelihood =  -1979.0195486611517
Edge derivatives =  [0.0013368946847226656, -0.0025555082002876456, -0.010268108975128587, 0.011377801642646491]
other derivatives: [-0.00311502  0.00406999  0.01173248  0.02864908 -0.02064553  0.006753  ]
Current x array =  [-0.60651271 -0.80532583 -0.47856102  0.42482608 -2.54182369 -1.34625847
 -2.42211366 -0.855021    0.26222343 -0.17868914]
log likelihood =  -1979.0195362834897
Edge derivatives =  [0.0012697295552077624, 0.0038419738689673133, -0.012754787720587454, 0.011369786468772701]
other derivatives: [-0.0231239  -0.00409273 -0.01091394  0.01564331 -0.01600711  0.00411546]
Current x array =  [-0.60649683 -0.80531609 -0.47852252  0.42512436 -2.54197321 -1.34570374
 -2.42149712 -0.85550603  0.26238561 -0.17854916]
log likelihood =  -1979.0195305110087
Edge derivatives =  [0.0010300313073355466, 0.0032676521332230674, -0.0012801269111327312, 0.006417113632498861]
other derivatives: [-0.04579306 -0.00859472  0.03890364 -0.00375167 -0.00027285  0.00109139]
Current x array =  [-0.60647357 -0.80532113 -0.47857118  0.42548155 -2.54220749 -1.34516103
 -2.42103382 -0.85556067  0.26242158 -0.17836002]
log likelihood =  -1979.0195311359862
Edge derivatives =  [-0.00045793554600323874, 0.0027692655834703206, 0.00894866617413824, 0.0032699576110021625]
other derivatives: [ 0.03274181  0.00879936 -0.05538823 -0.00577529  0.00502496 -0.00127329]
Current x array =  [-0.60655142 -0.80536426 -0.47843874  0.42558219 -2.54234566 -1.34476221
 -2.41995397 -0.85560839  0.26240745 -0.17821895]
log likelihood =  -1979.019527887429
Edge derivatives =  [0.0003260295373243467, 0.0030319984056994403, 0.0035631733237568505, 0.004927730693885846]
other derivatives: [-0.0086402  -0.00038654 -0.00572982 -0.00475211  0.00222826  0.        ]
Current x array =  [-0.60651043 -0.80534155 -0.47850848  0.4255292  -2.5422729  -1.34497223
 -2.4205226  -0.85558326  0.26241489 -0.17829323]
      fun: 1979.019527887429
 hess_inv: <10x10 LbfgsInvHessProduct with dtype=float64>
      jac: array([ 0.0086402 ,  0.00038654,  0.00572982,  0.00475211, -0.00222826,
       -0.        , -0.00032603, -0.003032  , -0.00356317, -0.00492773])
  message: b'CONVERGENCE: REL_REDUCTION_OF_F_<=_FACTR*EPSMCH'
     nfev: 52
      nit: 44
   status: 0
  success: True
        x: array([-0.60651043, -0.80534155, -0.47850848,  0.4255292 , -2.5422729 ,
       -1.34497223, -2.4205226 , -0.85558326,  0.26241489, -0.17829323])
