number of sites to be analyzed:  395
log likelihood =  5382.91592652428
Lr derivatives =  [-243.48957857415098, -366.14663357870745, -187.30864507310895]
other derivatives =  [ 31.20421752 -39.30344974  18.68702384  22.41149559 317.01783882
  19.45400072]
Current x_clock array =  [-0.73713875 -0.82451412 -0.72537621  0.74193734 -0.10536052 -0.51082562
 -0.51082562 -0.51082562 -0.51082562]
log likelihood =  5132.429835392713
Lr derivatives =  [133.01498707906313, -147.46521671194012, -78.07017786610879]
other derivatives =  [-94.00573617 -30.83732736 -88.1307642   13.53182597 241.24092306
  38.74220056]
Current x_clock array =  [-0.81466811 -0.82258978 -0.77180561  0.6862542  -0.89301651 -0.55916063
  0.09414357 -0.50955644 -0.50955644]
log likelihood =  4964.326528126412
Lr derivatives =  [101.11924400625757, -97.57118949361602, -54.35092024526226]
other derivatives =  [120.61846064  23.39756975  21.15502866  19.41352821 125.06416169
  34.33488018]
Current x_clock array =  [-0.69588108 -0.7851757  -0.64600923  0.63240932 -1.74022571 -0.65225211
  0.1983284  -0.41311175 -0.45525148]
log likelihood =  4968.617814275471
Lr derivatives =  [-123.03926095804027, -134.85239043314604, -51.91495939865621]
other derivatives =  [-3.55241536e+02 -2.88611773e+01 -3.29237082e-01  5.23737981e+01
 -1.18368553e+02  2.21103619e+01]
Current x_clock array =  [-0.98829476 -0.84145629 -0.6258773   0.51964856 -2.94939928 -0.83787269
  0.11953743 -0.18397836 -0.32066435]
log likelihood =  4910.3564717589115
Lr derivatives =  [-17.23042041726859, -113.84169724928306, -55.43422831870048]
other derivatives =  [-149.39796529   -1.49148036    7.82665666   36.91448001    1.91312211
   28.14722393]
Current x_clock array =  [-0.83408167 -0.81177504 -0.63649447  0.57911632 -2.31170546 -0.73998013
  0.1610902  -0.3048187  -0.3916429 ]
log likelihood =  4884.847918362351
Lr derivatives =  [2.290789460776466, -62.28666655370253, -6.473776730553123]
other derivatives =  [  7.30433385  -5.09089659 -10.22544893  27.22845238 -18.91830834
  26.35497367]
Current x_clock array =  [-0.74249245 -0.82542147 -0.6440309   0.52027165 -2.49727354 -0.8043848
  0.12043164 -0.14073213 -0.30704785]
log likelihood =  4875.579990611376
Lr derivatives =  [18.358342946288463, -23.190358368740366, 28.985028440631734]
other derivatives =  [ 30.51145541  -3.4066943   11.76495061  18.66928869 -12.30318958
  24.99300535]
Current x_clock array =  [-0.73283701 -0.82472195 -0.62985749  0.46944501 -2.47334266 -0.85881335
  0.03253367  0.         -0.26093152]
log likelihood =  4871.949507304373
Lr derivatives =  [19.81129187220038, -25.79478310474171, 19.111095193315123]
other derivatives =  [10.99087967  2.03799573 -9.92449714 14.98847269 -4.61104719 23.21776265]
Current x_clock array =  [-7.42696100e-01 -8.15491072e-01 -6.47281018e-01  4.35012079e-01
 -2.39229888e+00 -8.97964023e-01 -2.29155684e-03  0.00000000e+00
 -2.82861184e-01]
log likelihood =  4867.429303468858
Lr derivatives =  [-8.196213939049061, -52.36442283946198, -18.29068643890825]
other derivatives =  [-20.91728675  -0.96370059  15.26150299  -0.35506673   8.59727152
  16.77817636]
Current x_clock array =  [-0.7591453  -0.80956409 -0.64195714  0.31139703 -2.20662477 -1.05361896
 -0.11526033  0.         -0.34272843]
log likelihood =  4865.871071827625
Lr derivatives =  [-9.929838383138438, -50.055420002078016, -13.603725096208194]
other derivatives =  [ -1.79170456   2.38906068 -20.46954251  -1.45510057   0.39462975
  14.59975465]
Current x_clock array =  [-0.74838896 -0.80655168 -0.6672221   0.2872964  -2.25326198 -1.11972896
 -0.11666132  0.         -0.32403185]
log likelihood =  4864.517914891732
Lr derivatives =  [-10.08219644391092, -45.928357744881126, -6.1543074942721425]
other derivatives =  [  4.9951268    3.65253072 -20.36504156  -3.91710273  -5.24514689
  12.50000423]
Current x_clock array =  [-0.74563712 -0.80638144 -0.66553661  0.25826438 -2.29749556 -1.20905071
 -0.11038212  0.         -0.30004405]
log likelihood =  4862.168032379194
Lr derivatives =  [-4.397990596641988, -35.573312676037496, 7.932602627005046]
other derivatives =  [  4.62960088  -6.53917596 -11.11884558  -7.28286977  -5.88852345
   7.8879566 ]
Current x_clock array =  [-0.74746304 -0.82089811 -0.65555371  0.22598204 -2.32196709 -1.45563075
 -0.10059417  0.         -0.26009257]
log likelihood =  4860.851328830512
Lr derivatives =  [3.6066962005455494, -27.98774812239495, 7.69231035021468]
other derivatives =  [ 4.81823008 22.61813279  8.64474714 -7.63639036 -3.46017259  3.65898813]
Current x_clock array =  [-0.74968524 -0.78919051 -0.63922103  0.2219394  -2.31812129 -1.74064045
 -0.09076856  0.         -0.252545  ]
log likelihood =  4859.895590240458
Lr derivatives =  [3.874882124413886, -27.152668583737878, 3.3940469972677363]
other derivatives =  [ 3.82233338 -0.02792149  7.69159669 -7.4250238   0.45565685  1.79625204]
Current x_clock array =  [-0.74955201 -0.81514607 -0.63978954  0.22858546 -2.28681833 -1.93966064
 -0.09867658  0.         -0.25307063]
log likelihood =  4859.555029741025
Lr derivatives =  [3.2631389027305246, -26.97281672248953, 0.28063530774475787]
other derivatives =  [ 0.56952558 -3.07427399  3.0553565  -4.50727384  1.44664227  0.73705451]
Current x_clock array =  [-0.75047808 -0.81871104 -0.64256384  0.25219794 -2.26899242 -2.0852687
 -0.10553729  0.         -0.2529908 ]
log likelihood =  4859.436272915462
Lr derivatives =  [-4.71658997150958, -30.474716298155283, -1.1167045394766042]
other derivatives =  [ 0.90840331 -2.15713953  4.92536856 -0.0163709  -1.62908691  0.15570549]
Current x_clock array =  [-0.74875551 -0.81691847 -0.64156051  0.28473291 -2.26226727 -2.2108731
 -0.12310271  0.         -0.24615176]
log likelihood =  4859.414402305789
Lr derivatives =  [1.363213541810543, -26.546861572652112, 0.6942993349456295]
other derivatives =  [-2.61952664  0.37152859 -2.72539182  0.54578777  0.54178599 -0.00763976]
Current x_clock array =  [-0.75099982 -0.81457256 -0.64587352  0.28991906 -2.2577901  -2.23904658
 -0.11495144  0.         -0.24544696]
log likelihood =  4859.407645848882
Lr derivatives =  [0.03053649871882591, -27.493467861428933, 0.04032838631771973]
other derivatives =  [ 0.36761776 -0.         -0.10822987  0.06257324  0.16261765  0.03346941]
Current x_clock array =  [-0.74942569 -0.81489669 -0.64439374  0.28649737 -2.25873553 -2.23102339
 -0.11681911  0.         -0.24613271]
log likelihood =  4859.407476971974
Lr derivatives =  [-0.045372400514652966, -27.485751775589954, 0.12582590527662063]
other derivatives =  [-0.0093678   0.00200089  0.01191438  0.05693437  0.04365575  0.02919478]
Current x_clock array =  [-0.74962575 -0.81489611 -0.64428398  0.28621042 -2.25946503 -2.23278935
 -0.11674017  0.         -0.24588586]
log likelihood =  4859.40738850748
Lr derivatives =  [0.01279171109708166, -27.420975745276998, 0.11730399302511074]
other derivatives =  [-0.0261025   0.01755325  0.04501999  0.03592504  0.00372893  0.01527951]
Current x_clock array =  [-0.7496495  -0.81490112 -0.64423079  0.28593849 -2.25991084 -2.23586258
 -0.11651141  0.         -0.24584601]
log likelihood =  4859.407432471729
Lr derivatives =  [-0.16181210026817539, -27.570064263360013, -0.21610504779858353]
other derivatives =  [-2.14004103e-01  2.21916707e-02 -1.20144250e-01 -3.14685167e-02
 -8.44011083e-02 -1.81898940e-04]
Current x_clock array =  [-0.74974554 -0.81486941 -0.64436902  0.28516029 -2.26018146 -2.23775777
 -0.11663352  0.         -0.24630519]
log likelihood =  4859.407367349231
Lr derivatives =  [-0.05058947575037109, -27.475096553951264, -0.0037941771356031495]
other derivatives =  [-0.09422365  0.01928129 -0.01491571  0.01145963 -0.02828529  0.00964064]
Current x_clock array =  [-0.74968437 -0.8148896  -0.64428098  0.28565595 -2.26000909 -2.23655066
 -0.11655575  0.         -0.24601272]
log likelihood =  4859.407351887119
Lr derivatives =  [0.006015851909017655, -27.4260540284398, -0.0062467496035942816]
other derivatives =  [ 0.00591172  0.00327418 -0.00691216  0.00618456 -0.01291482  0.00090949]
Current x_clock array =  [-0.7496386  -0.8149226  -0.64426345  0.28562891 -2.26001466 -2.23861035
 -0.11647671  0.         -0.24598581]
log likelihood =  4859.407351055773
Lr derivatives =  [0.0031511588325816575, -27.42663947865892, -0.008739283440549528]
other derivatives =  [-0.00063665 -0.00636646  0.01045919  0.00427463 -0.00509317  0.0001819 ]
Current x_clock array =  [-0.74964209 -0.81493243 -0.64425352  0.28562268 -2.25995363 -2.23886121
 -0.11650171  0.         -0.24598032]
      fun: 4859.407351055773
 hess_inv: <9x9 LbfgsInvHessProduct with dtype=float64>
      jac: array([-6.36646291e-04, -6.36646291e-03,  1.04591891e-02,  4.27462510e-03,
       -5.09317033e-03,  1.81898940e-04,  3.15115883e-03, -2.74266395e+01,
       -8.73928344e-03])
  message: 'CONVERGENCE: REL_REDUCTION_OF_F_<=_FACTR*EPSMCH'
     nfev: 24
      nit: 21
     njev: 24
   status: 0
  success: True
        x: array([-0.74964209, -0.81493243, -0.64425352,  0.28562268, -2.25995363,
       -2.23886121, -0.11650171,  0.        , -0.24598032])
{('N0', 'N1'): [0.9236305280331327, 0.9236305280331328], ('N0', 'ENSLOCG'): [0.0, 0.0], ('N1', 'ENSGACG'): [9.838321781650684, 9.87238544301833], ('N1', 'ENSDARG'): [10.87976984976759, 9.948030856949842]}
