number of sites to be analyzed:  641
Successfully loaded parameter value from ./save/MG942214New_Swapped_Forced_Clocked1.txt
log likelihood =  5303.092757635353
Lr derivatives =  [0.027396144638882167, 0.02009307882667023, 8.051545541398752e-14]
other derivatives =  [-0.12423698 -0.00254659  0.00582077 -0.00482032  0.01227818 -0.        ]
Current x_clock array =  [-0.67365825 -0.8563919  -0.47329747  0.53434072 -2.20705479 -0.51082562
 -0.22791458 -0.12611106 -0.51082562]
log likelihood =  5328.803407503059
Lr derivatives =  [-9.025143846267358, -10.395846647754825, -7.194245199571014e-14]
other derivatives =  [441.80324039   6.88905857   3.43643478  -3.30546754  -4.25170583
  -0.        ]
Current x_clock array =  [-0.54942127 -0.85384532 -0.47911823  0.53916104 -2.21933297 -0.51082562
 -0.25531072 -0.14620414 -0.51082562]
log likelihood =  5303.092754488618
Lr derivatives =  [0.024124883210782558, 0.016466453772241336, -2.7707003358301563e-14]
other derivatives =  [ 0.00245564 -0.0003638   0.00627551 -0.00536602  0.01073204 -0.        ]
Current x_clock array =  [-0.67361401 -0.856391   -0.47329954  0.53434244 -2.20705916 -0.51082562
 -0.22792434 -0.12611822 -0.51082562]
      fun: 5303.092754488618
 hess_inv: <9x9 LbfgsInvHessProduct with dtype=float64>
      jac: array([ 2.45563569e-03, -3.63797881e-04,  6.27551344e-03, -5.36601874e-03,
        1.07320375e-02, -0.00000000e+00,  2.41248832e-02,  1.64664538e-02,
       -2.77070034e-14])
  message: b'CONVERGENCE: REL_REDUCTION_OF_F_<=_FACTR*EPSMCH'
     nfev: 3
      nit: 1
   status: 0
  success: True
        x: array([-0.67361401, -0.856391  , -0.47329954,  0.53434244, -2.20705916,
       -0.51082562, -0.22792434, -0.12611822, -0.51082562])
