number of sites to be analyzed:  180
Successfully loaded parameter value from ./save/MG94755.txt
log likelihood =  -3145.691118523776
Edge derivatives =  [-4.986062363968576e-19, -0.010601807543831221, -1.271128625726674e-17, -0.005051310740208564, -2.179483767479917e-05, -3.156537660684892e-08, -0.001790190925886892, -0.00037688070497658016, -0.004506106119982478, -0.0018094216793728135, -0.0109773143342492, -0.0001774890035964316, -0.0052567009460536, -0.0012201548647894356, -0.004951178318719232, 0.00035453519499928365]
other derivatives: [ 0.00472937 -0.00854925  0.04156391 -0.00154614 -0.00318323  0.00040927]
Current x array =  [ -0.66757254  -0.96468881  -0.47860869   0.8924708   -6.14418653
  -2.62578125 -46.56288346  -0.28954796 -43.04966391  -0.55652704
 -14.78294267 -21.6575685   -0.69103724  -0.97418752  -1.1383192
  -0.91814231  -1.43823174  -1.01391683  -2.08257422  -1.85595521
  -1.55345627  -1.08248736]
log likelihood =  -3146.9175193431884
Edge derivatives =  [-4.668694668820758e-19, 1.806129724490496, -1.1086746308803736e-17, 0.8130108604284346, -1.9817415783418647e-05, -3.050056817735497e-08, 0.009995752843615702, 0.18651850580736587, 1.2388069301283007, 1.2591359750295403, 0.859783720228394, 0.3840855860010228, 0.16534392910739473, 0.8918651992330978, 1.3601812072553052, -0.25839532634542806]
other derivatives: [-1.27740805e+01  2.87591320e+00 -5.73156740e+01  3.55603333e+00
 -6.63021638e-02  3.43334250e-02]
Current x array =  [ -0.66284317  -0.97323806  -0.43704478   0.89092466  -6.14736976
  -2.62537197 -46.56288346  -0.30014976 -43.04966391  -0.56157835
 -14.78296446 -21.65756854  -0.69282743  -0.9745644   -1.14282531
  -0.91995173  -1.44920906  -1.01409432  -2.08783092  -1.85717536
  -1.55840744  -1.08213283]
log likelihood =  -3145.6911175115897
Edge derivatives =  [-4.985770945262064e-19, -0.008928315149853261, -1.2709882565794692e-17, -0.00419756017947609, -2.1792968188525592e-05, -3.1564365336149907e-08, -0.0016886636982691439, -0.00013631814023305766, -0.003317873497881818, -0.0006102110476446376, -0.010127741756200723, 0.00022017155518255782, -0.0050756616252626285, -0.0003847256937178911, -0.003700775687241531, 0.00020706596579911363]
other derivatives: [-0.00682121 -0.00577529 -0.00641194  0.00163709 -0.00331966  0.00040927]
Current x array =  [ -0.66756823  -0.96469659  -0.47857084   0.8924694   -6.14418943
  -2.62578087 -46.56288346  -0.28955761 -43.04966391  -0.55653164
 -14.78294269 -21.6575685   -0.69103887  -0.97418786  -1.1383233
  -0.91814395  -1.43824174  -1.01391699  -2.08257901  -1.85595632
  -1.55346078  -1.08248704]
      fun: 3145.6911175115897
 hess_inv: <22x22 LbfgsInvHessProduct with dtype=float64>
      jac: array([ 6.82121026e-03,  5.77529136e-03,  6.41193765e-03, -1.63709046e-03,
        3.31965566e-03, -4.09272616e-04,  4.98577095e-19,  8.92831515e-03,
        1.27098826e-17,  4.19756018e-03,  2.17929682e-05,  3.15643653e-08,
        1.68866370e-03,  1.36318140e-04,  3.31787350e-03,  6.10211048e-04,
        1.01277418e-02, -2.20171555e-04,  5.07566163e-03,  3.84725694e-04,
        3.70077569e-03, -2.07065966e-04])
  message: b'CONVERGENCE: REL_REDUCTION_OF_F_<=_FACTR*EPSMCH'
     nfev: 3
      nit: 1
   status: 0
  success: True
        x: array([ -0.66756823,  -0.96469659,  -0.47857084,   0.8924694 ,
        -6.14418943,  -2.62578087, -46.56288346,  -0.28955761,
       -43.04966391,  -0.55653164, -14.78294269, -21.6575685 ,
        -0.69103887,  -0.97418786,  -1.1383233 ,  -0.91814395,
        -1.43824174,  -1.01391699,  -2.08257901,  -1.85595632,
        -1.55346078,  -1.08248704])
