number of sites to be analyzed:  304
log likelihood =  -5893.317470046606
Edge derivatives =  [132.59461754199876, 66.71384527933475, 220.9365603764581, 282.14656830637205]
other derivatives: [  30.58839866   31.02004484  -31.15956133   -8.13197403 -219.5361958
   39.83504939]
Current x array =  [-0.71084676 -0.70844213 -0.50867277  0.74193734 -0.10536052 -0.51082562
 -4.60517019 -4.60517019 -4.60517019 -4.60517019]
log likelihood =  -5464.531841831184
Edge derivatives =  [127.16311344825033, 64.76790280214806, 216.6293673317345, 282.82311048908343]
other derivatives: [  65.79284673   41.21029633    4.29199645  -19.25454853 -152.47005649
   34.82718967]
Current x array =  [-0.70936811 -0.70696885 -0.57839262  0.72374197 -0.59657507 -0.49402007
 -4.30848833 -4.45589725 -4.1108223  -3.97386426]
log likelihood =  -4231.016541705681
Edge derivatives =  [96.34679442019142, 45.69470319957036, 176.4907229088497, 204.307127369314]
other derivatives: [151.97610992  51.87066563  99.00650184 -63.85516826 109.15164239
   2.90019671]
Current x array =  [-0.7034535  -0.70107577 -0.85727201  0.65096046 -2.56143331 -0.42679787
 -3.12176089 -3.85880552 -2.13343074 -1.44864054]
log likelihood =  -11590.303924735006
Edge derivatives =  [-20.624995388144253, -2.111868258818768, -522.0907904086816, -1.5594760307014603e-10]
other derivatives: [-33912.57832845 -31109.31884294 -11121.86055252    591.15627664
   -416.25426093    402.3708243 ]
Current x array =  [-0.05       -0.05       -0.05       -0.37752459 -3.64805949 -0.49668506
 -0.10365959 -2.38075538  3.1276782   4.96323634]
log likelihood =  -3764.426312801492
Edge derivatives =  [20.842284583876935, 9.328722196973295, 59.61690556278432, -50.05315357630986]
other derivatives: [-484.77850214 -340.90667214  104.56851669   19.33203748    6.33917807
  -26.69130481]
Current x array =  [-0.48548808 -0.48390347 -0.58799902  0.30789982 -2.92388745 -0.45010938
 -2.11504549 -3.36578832 -0.37853954  0.69009988]
log likelihood =  -3818.68511295992
Edge derivatives =  [7.934390943362043, 4.878946581590477, -6.490358918447729, -146.55612570098003]
other derivatives: [ 409.24078348   69.2215508  -438.43097046   62.09265848 -126.53226804
  -29.09173418]
Current x array =  [-1.03110157 -0.8628869  -0.32237728  0.18484898 -3.08779639 -0.49600853
 -1.6390343  -3.13376809  0.48281025  1.57067316]
log likelihood =  -3680.6772221543897
Edge derivatives =  [16.16382121524835, 7.316632969261077, 39.95224114878981, -71.91626740304856]
other derivatives: [  51.90122465 -111.31128304   -8.53042366   35.38461897  -30.30190783
  -31.87897164]
Current x array =  [-0.71701555 -0.64472258 -0.47528419  0.25568401 -2.99344112 -0.46958638
 -1.91305329 -3.26733207 -0.01303146  1.06376532]
log likelihood =  -3669.470795054101
Edge derivatives =  [19.516040968877483, 8.128446564469181, 53.00058290553913, -40.59670332524495]
other derivatives: [ 45.25441    -24.55112735  55.85002327  24.12775757   6.04782144
 -31.45296432]
Current x array =  [-0.70301819 -0.7233616  -0.51870848  0.3060707  -3.05700864 -0.48061857
 -1.9565635  -3.28826214 -0.08677808  0.91642532]
log likelihood =  -3659.4772669467475
Edge derivatives =  [18.2332681167318, 7.589427812750313, 42.928613485051855, -31.93754354852297]
other derivatives: [-33.35680958  36.71439117 -84.89437278  25.68440323   6.38642632
 -30.98975867]
Current x array =  [-0.66163232 -0.80717088 -0.43182045  0.3464127  -3.06940115 -0.53569002
 -1.90445058 -3.26494016  0.03561493  0.87552852]
log likelihood =  -3651.024066546154
Edge derivatives =  [16.543256969255552, 6.9992300872468505, 29.45956679248595, -25.590401692567628]
other derivatives: [-22.90453267  44.3960289  -30.45133781  20.86849236   9.69657776
 -28.83543857]
Current x array =  [-0.66672967 -0.82329832 -0.45577801  0.38590982 -3.12413655 -0.58276495
 -1.84253911 -3.236203    0.16457966  0.88370469]
log likelihood =  -3637.1730122745453
Edge derivatives =  [14.3200062519363, 6.207960162487352, -0.3429583770659666, -3.798184365882916]
other derivatives: [  5.47897798  32.14404387   7.55139808   9.91117304  15.61106728
 -21.67530511]
Current x array =  [-0.68346801 -0.8161386  -0.46633345  0.51335563 -3.18096356 -0.74424376
 -1.70192392 -3.17302978  0.45018468  0.78437457]
log likelihood =  -3631.1558931538298
Edge derivatives =  [13.403836999146318, 5.9629131282437395, -14.054516160687227, 2.6727224983650615]
other derivatives: [  6.27724148  10.09025254   7.52047526   3.87158252   9.40913196
 -15.91938599]
Current x array =  [-0.68545442 -0.79081237 -0.46277673  0.60668315 -3.12139156 -0.89766178
 -1.59775632 -3.12773359  0.53041812  0.69438527]
log likelihood =  -3624.4866951832896
Edge derivatives =  [12.478801296872785, 5.8283064116615, -20.55846184415334, 5.711106159960971]
other derivatives: [  1.89975253 -12.79508979   6.51311893  -5.12495717   2.15327418
  -8.61618901]
Current x array =  [-0.68359933 -0.76456221 -0.46026337  0.72576362 -3.00240296 -1.15170139
 -1.41461741 -3.04811708  0.49605512  0.58324919]
log likelihood =  -3617.165516623237
Edge derivatives =  [9.187949507835677, 5.499571536428294, -19.053796049328398, 0.15357741210646503]
other derivatives: [ -9.9515546  -16.63916009  10.95281732 -12.3636255   -9.00085979
  -2.13690328]
Current x array =  [-0.67704121 -0.75997511 -0.46281953  0.81356518 -2.84333528 -1.51041997
 -1.10010007 -2.9080743   0.3497231   0.48882711]
log likelihood =  -3621.4825081269482
Edge derivatives =  [3.319967314175897, 5.677289138745423, 12.406309248608395, 23.780595593755972]
other derivatives: [ 55.956707   -89.16704246 -73.21641533 -22.15488166  25.94042599
   2.81784196]
Current x array =  [-0.71905381 -0.67595861 -0.41903279  0.8136887  -2.80202938 -2.07998339
 -0.5658244  -2.64450052 -0.09382395  0.16825018]
log likelihood =  -3614.312487910094
Edge derivatives =  [8.64006022831995, 5.774965085548652, -4.957011143774323, 10.164406897139418]
other derivatives: [ 18.31908776 -43.0523869  -20.81833372 -16.93333616   7.29855856
   0.36156962]
Current x array =  [-0.69327363 -0.72751363 -0.44590163  0.8136129  -2.82737591 -1.73048236
 -0.89367181 -2.80623722  0.17834969  0.3649657 ]
log likelihood =  -3610.7271707616364
Edge derivatives =  [-2.5443191626478416, 4.665195071409606, -2.7546146959721454, -2.0211687531806453]
other derivatives: [ -1.66610334 -16.03125384 -11.72238626 -11.80656     -7.00547389
   2.16268745]
Current x array =  [-0.68329644 -0.7592811  -0.45213921  0.78398254 -2.74554093 -2.00528765
 -0.58433756 -2.65668034  0.04689336  0.35779759]
log likelihood =  -3609.5126604210554
Edge derivatives =  [-0.3709680409200605, 4.926477483668588, 0.5265003621345967, -2.7985334231178154]
other derivatives: [-2.1546839  -2.29833859 -1.39152689 -6.35404831 -1.52649591  1.73686203]
Current x array =  [-0.68205412 -0.77458887 -0.45888249  0.70658655 -2.79249128 -1.9461348
 -0.62776383 -2.65213275  0.03933786  0.38904739]
log likelihood =  -3609.057060845442
Edge derivatives =  [-0.6268945967637479, 4.9855840926275405, 2.2735449267809935, -1.985354184136808]
other derivatives: [ 2.36300366  3.65289452 -0.65920176 -1.13527676  1.78779374  1.61717253]
Current x array =  [-0.68461109 -0.7812126  -0.46052289  0.63425076 -2.81637011 -1.93908666
 -0.61543703 -2.6105315   0.02111649  0.38663814]
log likelihood =  -3608.987888033839
Edge derivatives =  [-1.1400076252621447, 4.995540225783505, 2.3632306229874436, -0.3610639035619071]
other derivatives: [-22.11972969  -4.72746251   6.01321517   1.88042577   4.05289029
   1.47074388]
Current x array =  [-0.67026609 -0.77107518 -0.46593774  0.58822123 -2.82498784 -1.92436342
 -0.61443264 -2.55904058  0.00826925  0.36735779]
log likelihood =  -3608.7383212194172
Edge derivatives =  [-1.2112845756638035, 5.003710794362905, 1.1171282930450266, -0.12220728327488845]
other derivatives: [-5.30708348 -0.92463779  3.96421456  2.81202119  3.03725756  1.4169018 ]
Current x array =  [-0.68019259 -0.77537392 -0.46449287  0.57880761 -2.82197249 -1.91882675
 -0.61690136 -2.54468357  0.02125581  0.36492044]
log likelihood =  -3608.53861367685
Edge derivatives =  [-1.7210241994429225, 4.976398832822502, -1.2679998430967425, 0.36385173026818696]
other derivatives: [ 3.40746737 -0.44337867  0.8148163   3.86326064  0.90940375  1.32376954]
Current x array =  [-0.68578625 -0.77588224 -0.4627164   0.57021548 -2.80989073 -1.91078028
 -0.61974109 -2.508199    0.03713574  0.35262638]
log likelihood =  -3608.261634369959
Edge derivatives =  [-2.5288148737039093, 4.951022125465958, -4.410635063839278, 1.7484555625484501]
other derivatives: [ 8.20664354 -1.87701517  0.04952199  5.10863174 -1.57988325  1.14041541]
Current x array =  [-0.68913967 -0.77386033 -0.46262676  0.55788801 -2.78822297 -1.89628355
 -0.62569044 -2.42819408  0.05019678  0.3245528 ]
log likelihood =  -3607.6849997306867
Edge derivatives =  [-2.978167128352071, 5.03392032876199, -8.087411174761508, 4.713646458257971]
other derivatives: [  5.3687927    2.90697244 -18.93718036   7.18750925  -4.68476173
   0.46375135]
Current x array =  [-0.68813316 -0.77892242 -0.45328495  0.53937014 -2.75260121 -1.84914881
 -0.658109   -2.23291333  0.05931349  0.27427615]
log likelihood =  -3606.6703788587065
Edge derivatives =  [-5.4724499739147445, 4.410873174829602, -13.501435675497829, 11.192720776077348]
other derivatives: [ 8.91259333  2.7203896  -0.57361831  8.2907718  -8.89531293 -0.69339876]
Current x array =  [-0.69082577 -0.77627652 -0.46482331  0.52015302 -2.67106689 -1.78636414
 -0.69637848 -1.78958321  0.03595211  0.1568638 ]
log likelihood =  -3605.1636091927403
Edge derivatives =  [-6.347477232124791, 2.4139828850406273, -13.985933940328037, 10.671274698703776]
other derivatives: [ -7.44648787   1.46455932 -16.11570042   8.89549483 -13.40645213
  -2.90519893]
Current x array =  [-0.68250516 -0.77353693 -0.45726886  0.52084947 -2.61558227 -1.67631207
 -0.79536158 -1.34899102 -0.00720822  0.11960685]
log likelihood =  -3602.929039215238
Edge derivatives =  [-3.8891867015794204, 0.5958801755713077, -6.931881782898266, 3.6020105431126916]
other derivatives: [-19.44745236   2.56140993  -6.83121471   3.16131263 -11.58432497
  -5.28225428]
Current x array =  [-0.67502447 -0.7743875  -0.46138839  0.5838872  -2.62312625 -1.55973176
 -0.94235118 -1.08061473 -0.06404458  0.19270621]
log likelihood =  -3602.7312040810557
Edge derivatives =  [0.13189153433911316, 2.297248765166468, 4.986062783395779, 5.489435318454399]
other derivatives: [  7.62929631 -26.564976   -18.12932169   0.15361366   5.8787009
  -5.41704139]
Current x array =  [-0.69018225 -0.73781519 -0.45401984  0.58560815 -2.71885919 -1.5450901
 -1.01231984 -1.06151509 -0.12532256  0.24540848]
log likelihood =  -3601.9932126372023
Edge derivatives =  [-0.0840110266420046, 2.422407749458132, 3.1199473462486353, 1.8373077732504552]
other derivatives: [ 2.02371666  4.0472969   4.5917659  -1.94231689  0.55056262 -5.23336894]
Current x array =  [-0.68570898 -0.77530083 -0.46595847  0.61910884 -2.70105752 -1.55815261
 -1.01289545 -1.09203646 -0.10115653  0.27228336]
log likelihood =  -3601.8936542112124
Edge derivatives =  [-1.1587382475819408, 0.7790844840713117, 1.401543275287171, 2.8111994073706326]
other derivatives: [ 2.54090082  1.53627298  4.65834091 -0.98316377 -1.39807526 -5.58270585]
Current x array =  [-0.68679496 -0.77226409 -0.46597068  0.61043379 -2.68298239 -1.55395899
 -1.01889344 -0.9851957  -0.10554941  0.24785381]
log likelihood =  -3601.4074675106017
Edge derivatives =  [-1.9339194691274224, 0.3042020914743243, 0.8358675267580463, -1.0330646089549034]
other derivatives: [-18.54514267  -3.77685865  -2.32462298   1.5412752   -2.68441909
  -4.33424248]
Current x array =  [-0.67515761 -0.76797037 -0.46204948  0.58908793 -2.70555693 -1.65045277
 -1.01845302 -0.95472908 -0.0954143   0.28706004]
log likelihood =  -3600.9459432809545
Edge derivatives =  [-2.3657559996486235, -0.03915249333201337, 1.2103699234843595, -2.3211156957825803]
other derivatives: [-12.27253961  -1.4764737   -0.48371476   3.10310497  -1.33541107
  -3.08987183]
Current x array =  [-0.67910195 -0.7719545  -0.46222241  0.5686678  -2.73321713 -1.76579301
 -1.01312259 -0.91345691 -0.08960601  0.31300165]
log likelihood =  -3600.4986602787576
Edge derivatives =  [-3.055790546553269, -0.45064356173263376, 0.21572917379624285, -2.6755992386693332]
other derivatives: [-2.05109245  1.81703399 -2.31789272  2.36673259 -0.9363248  -1.54673216]
Current x array =  [-0.68550092 -0.77767373 -0.45926096  0.58051412 -2.75170128 -1.94951908
 -1.00360062 -0.86724965 -0.06942216  0.32977422]
log likelihood =  -3600.3342144523676
Edge derivatives =  [-2.9874976152677126, -0.8380096996720934, 0.18218114325092571, -0.6970462947583003]
other derivatives: [-2.79655978  0.64928827  6.72821443  0.50777089  2.32789716 -0.73559931]
Current x array =  [-0.68467338 -0.77725941 -0.46285935  0.59700985 -2.77203584 -2.0859478
 -1.0164396  -0.81992688 -0.05919672  0.32919163]
log likelihood =  -3600.2585463309847
Edge derivatives =  [-2.5652327486170505, -0.8721326003124684, -0.12765841141954093, -0.7723636952246734]
other derivatives: [ 3.71869646  2.95453901 -7.64725883 -1.29289219  2.03467607 -0.40422492]
Current x array =  [-0.68887812 -0.78060079 -0.45385659  0.62565196 -2.77227604 -2.17230579
 -1.04512555 -0.79080001 -0.04773049  0.33582173]
log likelihood =  -3600.208144527196
Edge derivatives =  [-2.4433196414423333, -0.6300859241892112, -0.41130658029155304, -0.46305336478397596]
other derivatives: [ 2.1323558   0.74423951 -2.04499884 -1.66755854  2.11621227 -0.4039066 ]
Current x array =  [-0.687705   -0.77771581 -0.45701306  0.62798311 -2.76836335 -2.16610193
 -1.04880571 -0.80736405 -0.04652412  0.33117814]
log likelihood =  -3600.151052523427
Edge derivatives =  [-2.1678389635543107, -0.5846425908581082, -1.0013826815423557, -0.28688081641106755]
other derivatives: [-0.63691914 -2.5317604   2.34776962 -2.28169483  1.52604116 -0.46675268]
Current x array =  [-0.68590892 -0.77346286 -0.45961185  0.634096   -2.75708171 -2.15893242
 -1.070603   -0.81024755 -0.04604611  0.32340097]
log likelihood =  -3600.0930243829357
Edge derivatives =  [-1.680709752230458, -0.4422142005984953, -1.2463793298748054, -0.23024834642894332]
other derivatives: [-2.34272193 -4.15097929  3.64607331 -2.66886673  1.10699148 -0.54283191]
Current x array =  [-0.68473462 -0.77108501 -0.46062728  0.63718299 -2.74630061 -2.15663543
 -1.10240572 -0.81106563 -0.04802144  0.31736835]
log likelihood =  -3599.956312979556
Edge derivatives =  [-0.6184172950571344, -0.27646054231686895, -1.2758445016249247, 0.3445959876048428]
other derivatives: [-5.20713002 -4.10605026  4.31409717 -2.36177584  0.91949914 -0.64865162]
Current x array =  [-0.68266748 -0.77002012 -0.46193621  0.62772344 -2.72581637 -2.17983448
 -1.17937148 -0.79644069 -0.05890709  0.30076176]
log likelihood =  -3599.942058825598
Edge derivatives =  [0.42339177911448234, -0.29877116926725916, -1.8717025675468206, -3.0899437272815704]
other derivatives: [11.06236596 -5.83386282  6.55704753 -1.28420652 -2.7551323  -0.41518433]
Current x array =  [-0.69283047 -0.76657621 -0.46377533  0.61356432 -2.69231828 -2.30994605
 -1.30137095 -0.75961458 -0.0709079   0.30911826]
log likelihood =  -3599.809626999203
Edge derivatives =  [0.5320740099070819, -0.2303395687424134, -0.9323765014538399, -0.7593988773148602]
other derivatives: [-1.32886271 -0.81390681  2.84608177 -0.54869815 -0.1200533  -0.45120032]
Current x array =  [-0.68486171 -0.77268756 -0.46222616  0.60057148 -2.70339625 -2.30858324
 -1.29208369 -0.75791327 -0.07693548  0.29550802]
log likelihood =  -3599.7940520722686
Edge derivatives =  [0.4693283657959405, -0.24859603263701915, -0.673507194329056, -0.4777158345671082]
other derivatives: [-1.50789674e+00  1.36424205e-04  8.49468051e-01 -2.07637640e-01
  5.39967004e-01 -3.70528142e-01]
Current x array =  [-0.68476987 -0.77380735 -0.46107909  0.59589228 -2.70870489 -2.33274161
 -1.2864782  -0.75398901 -0.07797107  0.29573462]
log likelihood =  -3599.781003462296
Edge derivatives =  [0.40253193374424945, -0.21504201908964593, -0.4881906227366856, -0.44320818395334377]
other derivatives: [-0.54587872  0.47830326 -0.67302608  0.30595402  0.89366949 -0.24729161]
Current x array =  [-0.68538025 -0.77441774 -0.46029326  0.5888858  -2.71119977 -2.3746617
 -1.28436641 -0.7516689  -0.08038493  0.29586866]
log likelihood =  -3599.7709793469785
Edge derivatives =  [0.3365664118843994, -0.09213494991515961, -0.33704412540965395, -0.124834407762005]
other derivatives: [ 1.12449925  0.93587005 -0.08130883  0.48266884  1.21217454 -0.16061676]
Current x array =  [-0.68630651 -0.77483421 -0.46070585  0.58511801 -2.71039138 -2.403989
 -1.2788535  -0.75593016 -0.08368963  0.29219758]
log likelihood =  -3599.7575563340843
Edge derivatives =  [0.23180389702026014, 0.0852617314910276, -0.30853500288761887, -0.37968178299901584]
other derivatives: [ 1.06797415 -0.03219611 -2.24008545  0.87984517  0.58626028 -0.0043201 ]
Current x array =  [-0.68633091 -0.77338785 -0.45987724  0.57988208 -2.7009414  -2.47444266
 -1.28150211 -0.76137117 -0.09160224  0.28687811]
log likelihood =  -3599.748713507398
Edge derivatives =  [0.06372706511923697, 0.16593366520120414, -0.2082011641162483, -0.008958278205630665]
other derivatives: [1.48856998 1.17865966 1.35478331 0.5059519  0.4294634  0.06243681]
Current x array =  [-0.68639379 -0.77460486 -0.4619842   0.58246846 -2.69335352 -2.50287881
 -1.27187898 -0.76752344 -0.09809335  0.27891664]
log likelihood =  -3599.7439777243
Edge derivatives =  [0.039237868333754644, 0.1741199949625182, -0.2706742619697021, 0.06836536108129809]
other derivatives: [0.75915523 0.27030183 0.28871909 0.18098945 0.14942998 0.04201866]
Current x array =  [-0.6859886  -0.77344947 -0.46139569  0.58704095 -2.68967721 -2.49301539
 -1.2702427  -0.76983216 -0.09889238  0.27637976]
log likelihood =  -3599.7429130351247
Edge derivatives =  [0.044515134085392885, 0.12147513940191598, -0.27747387668480034, 0.009990825924447444]
other derivatives: [-0.47784852 -0.11013981  0.32323442  0.01482476 -0.03465175  0.01955414]
Current x array =  [-0.68525406 -0.77297511 -0.46143985  0.58931925 -2.68772685 -2.48583515
 -1.27214542 -0.76818802 -0.09977394  0.27575068]
log likelihood =  -3599.7426514590143
Edge derivatives =  [0.04536953392392193, 0.11779446849554726, -0.2340995646864138, 0.035593463384969604]
other derivatives: [-0.23337634 -0.02455636  0.09740688 -0.05352376 -0.03692548  0.01236913]
Current x array =  [-0.68540131 -0.77305851 -0.46129894  0.59017756 -2.68735008 -2.48311385
 -1.27166621 -0.76796418 -0.10024037  0.27544195]
log likelihood =  -3599.742258449868
Edge derivatives =  [0.040425872086015696, 0.09296064336878918, -0.11188123695243768, 0.06359983578264872]
other derivatives: [-0.08494681  0.05811671 -0.08903953 -0.11286829  0.03128662  0.00636646]
Current x array =  [-0.68548891 -0.77313379 -0.4611853   0.59073467 -2.68727737 -2.48202377
 -1.27100793 -0.76639649 -0.10160047  0.27518969]
log likelihood =  -3599.741955366807
Edge derivatives =  [0.02560322308915182, 0.049598932445842, 0.017898700060980266, 0.03852787842678418]
other derivatives: [-0.01127773  0.03628884 -0.0995442  -0.10390977  0.08349161  0.00391083]
Current x array =  [-0.68554055 -0.77308248 -0.46119048  0.59040075 -2.68724544 -2.48332822
 -1.2706621  -0.76397466 -0.10334673  0.27519529]
log likelihood =  -3599.7419959154304
Edge derivatives =  [-0.001963146131073179, -0.014443007994880797, -0.02810946224621852, -0.11334915788177607]
other derivatives: [ 0.45351953 -0.05529728  0.06220944 -0.03628884 -0.13606041 -0.0041382 ]
Current x array =  [-0.68586279 -0.77295197 -0.46129337  0.58986568 -2.68604703 -2.48194571
 -1.27133023 -0.76168123 -0.10384866  0.27548802]
log likelihood =  -3599.7418945369172
Edge derivatives =  [0.013566037977068776, 0.021676483100425303, -0.002186222765658219, -0.027758616067831587]
other derivatives: [ 0.19172148 -0.00363798 -0.02892193 -0.07435119 -0.01232365  0.00045475]
Current x array =  [-0.68568122 -0.77302551 -0.4612354   0.59016717 -2.68672228 -2.48272469
 -1.27095377 -0.76297348 -0.10356585  0.27532308]
log likelihood =  -3599.7418474687674
Edge derivatives =  [-0.0026526255392456816, -0.00014491179584240343, 0.020751091121324394, -0.03908817505798867]
other derivatives: [-0.0172804   0.0860382  -0.06452865 -0.01464286 -0.01136868  0.00218279]
Current x array =  [-0.68556181 -0.77313827 -0.46123532  0.5894267  -2.68676132 -2.48434303
 -1.27051745 -0.76204346 -0.10407675  0.27525112]
log likelihood =  -3599.741836299997
Edge derivatives =  [-0.0036739555550371894, -0.0005227441076298689, 0.010279467898484385, -0.024082211389990338]
other derivatives: [-0.00400178 -0.01664375  0.02546585 -0.01123226  0.00422915  0.00245564]
Current x array =  [-0.68556955 -0.77301468 -0.46128511  0.58933687 -2.68686282 -2.48414824
 -1.27042945 -0.76212021 -0.10395987  0.27517878]
log likelihood =  -3599.7418341053567
Edge derivatives =  [-0.004074129800456239, -0.0002291077473524361, 0.0013473736149660076, -0.020466328659642374]
other derivatives: [-0.00668479 -0.01427907  0.01668923 -0.00768523 -0.00113687  0.00227374]
Current x array =  [-0.68556869 -0.77301843 -0.46128078  0.58931161 -2.6868402  -2.48400095
 -1.27041862 -0.76218379 -0.10387492  0.27513605]
      fun: 3599.7418341053567
 hess_inv: <10x10 LbfgsInvHessProduct with dtype=float64>
      jac: array([ 0.00668479,  0.01427907, -0.01668923,  0.00768523,  0.00113687,
       -0.00227374,  0.00407413,  0.00022911, -0.00134737,  0.02046633])
  message: b'CONVERGENCE: REL_REDUCTION_OF_F_<=_FACTR*EPSMCH'
     nfev: 56
      nit: 50
   status: 0
  success: True
        x: array([-0.68556869, -0.77301843, -0.46128078,  0.58931161, -2.6868402 ,
       -2.48400095, -1.27041862, -0.76218379, -0.10387492,  0.27513605])
