number of sites to be analyzed:  492
log likelihood =  -15385.93946021457
Edge derivatives =  [162.1422009088732, 117.65213336896768, 113.36573545078977, 117.93636297842113, 65.17610206737844, 61.842905127788136, 230.42926518076857, 226.44961276992746, 126.46656791401017, 130.6817664973284, 265.96402504377363, 185.37814135366867, 115.98969414455928, 101.17689236544344]
other derivatives: [ -261.48372854   155.22637113  -106.14166968   110.91997294
 -1065.26858872   364.64589357]
Current x array =  [-0.60951493 -0.72191023 -0.68336038  0.74193734 -0.10536052 -0.51082562
 -4.60517019 -4.60517019 -4.60517019 -4.60517019 -4.60517019 -4.60517019
 -4.60517019 -4.60517019 -4.60517019 -4.60517019 -4.60517019 -4.60517019
 -4.60517019 -4.60517019]
log likelihood =  -14365.748603478165
Edge derivatives =  [151.50188445021354, 123.64439478720048, 113.95639890784031, 116.31886440629177, 62.543329036938765, 62.15271710715012, 231.16401511259855, 224.90954702239037, 124.11032144117746, 131.45775007357327, 268.57817737639795, 181.5802497207154, 114.50498661905665, 101.2181474717514]
other derivatives: [ 538.36738516  189.12505766 -102.3607183    13.54746928 -718.29927037
  297.98629839]
Current x array =  [-0.81833449 -0.72137364 -0.76812457  0.83051747 -0.95607854 -0.50482752
 -4.47568426 -4.5112138  -4.51463689 -4.51098681 -4.55312089 -4.55578276
 -4.42115056 -4.42432869 -4.50417463 -4.5008084  -4.39277268 -4.45712815
 -4.51254141 -4.52437084]
log likelihood =  -12549.940069510072
Edge derivatives =  [142.3674958380817, 122.51110166078429, 108.81111682392074, 109.17158784403829, 53.806045585476056, 57.20422302445823, 220.2462708372614, 208.91498059517656, 116.85293778848643, 123.28109240923068, 256.0704401558995, 165.1442775820687, 106.07026024020048, 93.97211077855614]
other derivatives: [-1777.17120096   416.16694944     7.03657861  -301.45474739
    82.74273569   215.32014216]
Current x array =  [-0.41818286 -0.56996234 -1.12481194  1.05213308 -4.03598577 -0.36914324
 -3.93867743 -4.09937212 -4.12618484 -4.11048403 -4.33460089 -4.34389573
 -3.63232942 -3.65279045 -4.07570976 -4.05286846 -3.4794495  -3.82962923
 -4.11847774 -4.17847038]
log likelihood =  -12025.319327783314
Edge derivatives =  [133.15609811120743, 116.97535667037788, 95.80449737631805, 95.32820220595532, 40.73502127624429, 50.2783385007204, 196.94448092049663, 176.48999477770525, 101.3614789804731, 112.0986133612102, 222.1689532899454, 145.0339700104559, 89.24597858452354, 86.5641413563741]
other derivatives: [ 1159.27468869 -1262.64221763  -200.46863938  -218.56849344
   155.97925085   171.52160581]
Current x array =  [-0.87875468 -0.23058669 -1.32217577  0.95255209 -5.57987348 -0.22139021
 -3.55235004 -3.78849194 -3.83936319 -3.8176105  -4.17906979 -4.18873558
 -3.05053166 -3.08868904 -3.76264607 -3.72339044 -2.80436395 -3.37488453
 -3.83106819 -3.92504111]
log likelihood =  -11677.451091544177
Edge derivatives =  [133.12740163906292, 113.36090516010816, 93.30582835196192, 89.90401865140035, 38.165682834416, 44.88469477884173, 183.4436559985979, 166.83373343271677, 99.052626804747, 105.25996850641053, 204.61952587548424, 136.23452316329434, 86.03702336518677, 82.51290230327454]
other derivatives: [ 777.93974924 -351.46786104 -114.61015674 -207.11577235  162.90377971
  155.47684598]
Current x array =  [-0.78972045 -0.35319129 -1.41503577  0.93157341 -6.09865751 -0.15876139
 -3.4234264  -3.68605536 -3.74555382 -3.72169872 -4.12894329 -4.13805338
 -2.85975316 -2.90508366 -3.66013115 -3.61517578 -2.58421893 -3.22580158
 -3.7374892  -3.84159558]
log likelihood =  -11219.221116994186
Edge derivatives =  [118.35081870156175, 86.39935359821611, 58.44863335030902, 43.758639656959055, 16.24168914388577, 13.472096350728975, 68.26669253058874, 63.671427564556936, 65.45944559365881, 60.409225157912495, 16.520691895749156, 71.62274284136114, 51.4996774677892, 54.75485239037175]
other derivatives: [-554.06035244 -233.97697078  350.38247006 -146.16980479  173.84427338
    0.9267751 ]
Current x array =  [-0.53518665 -0.40751779 -1.82931299  0.79674308 -8.64158026  0.15084534
 -2.77096355 -3.16541334 -3.26906006 -3.23637772 -3.87516129 -3.88243943
 -1.89489259 -1.97475254 -3.13994763 -3.06758509 -1.47062698 -2.47206113
 -3.26272251 -3.41905131]
log likelihood =  -11056.615232340937
Edge derivatives =  [123.94274830602986, 85.41085381715233, 60.70915155180658, 44.96069953114662, 16.959700673809312, 13.563962069010152, 68.47139731771215, 66.33375935142884, 66.73922896840142, 62.29565466916038, 22.460614775307285, 68.92447930395636, 53.83610206464486, 55.587315848240955]
other derivatives: [ 143.87223928  -93.52497727  259.16797313 -109.71580195  173.74713934
  -17.81136234]
Current x array =  [-0.6772574  -0.50256018 -1.67002382  0.69220911 -8.53710068  0.17603205
 -2.69203252 -3.10434067 -3.22473732 -3.19981298 -3.86034176 -3.86811111
 -1.83060574 -1.91489099 -3.09131908 -3.02033751 -1.4274627  -2.4139918
 -3.22278891 -3.37849259]
log likelihood =  -10878.754117710534
Edge derivatives =  [135.56825582652692, 81.12422720040328, 63.03119826347184, 45.34097233636263, 18.028324097073316, 13.066832001043041, 67.30416265679108, 68.76256143723873, 67.8118059986565, 64.12906975352446, 27.8336618800215, 63.608733480042595, 57.40128866373795, 55.47942235540236]
other derivatives: [394.61447159 105.84735719 158.2704499  -43.88602974 173.4457328
 -55.9433829 ]
Current x array =  [-0.75041097 -0.63906191 -1.38040867  0.49639694 -8.31709679  0.22854951
 -2.53231636 -2.98383235 -3.13640414 -3.1276867  -3.83123517 -3.84043154
 -1.70557943 -1.79745383 -2.99477701 -2.92661884 -1.34409059 -2.30137637
 -3.14321099 -3.29810509]
log likelihood =  -10614.303509756519
Edge derivatives =  [153.19449269419644, 68.41625786501112, 60.137021550483794, 41.33271177209508, 18.974050523529858, 11.031385109065717, 59.34530057019908, 64.70068194495748, 66.35013737653124, 66.5095217611735, 32.09249247667289, 49.86741778184138, 62.03832329842032, 51.725457527678365]
other derivatives: [ 480.47058954  306.54464354 -159.32273527  124.06526366  171.96107365
 -134.20831237]
Current x array =  [-0.78454295 -0.83677253 -0.71552273  0.13561987 -7.65394954  0.2603629
 -2.12450335 -2.70712935 -2.93100628 -2.97038866 -3.76976333 -3.7872828
 -1.44934376 -1.55127463 -2.771638   -2.71285564 -1.20749277 -2.06480929
 -2.95817468 -3.11343508]
log likelihood =  -10366.675540207696
Edge derivatives =  [140.6980925315415, 53.382900563236475, 49.79836597160008, 34.763232226491766, 17.646019353816417, 9.37146590126427, 46.791838325555524, 50.945912412776146, 61.4744618629139, 63.32933456735207, 39.44982908720274, 39.11476090087005, 59.582044013233904, 46.16390935619206]
other derivatives: [ 418.88852138  336.75460145 -536.25863075  173.07720555  167.89799702
 -117.140371  ]
Current x array =  [-0.79051603 -0.89975955 -0.45812537  0.12769924 -6.84822354  0.05114249
 -1.63834229 -2.44124825 -2.72999745 -2.83224061 -3.71516294 -3.75227994
 -1.25134124 -1.3516261  -2.54725459 -2.49680536 -1.16048505 -1.8721908
 -2.76491599 -2.93236687]
log likelihood =  -9922.422192185466
Edge derivatives =  [-204.18182690959603, -12.018029791099375, -15.226180432243606, -5.72577423055382, 0.022044854181248644, -1.3839282895325755, -97.50614163511065, -98.70721969457459, -18.861303141145992, -24.735548992173264, 18.745220588384587, -77.64129593774494, -4.846984470377562, -8.586435018580834]
other derivatives: [  328.92894524   317.8640327  -1503.47295858    72.56294339
  -298.05814847   -11.5353032 ]
Current x array =  [-0.80305102 -0.97332498 -0.34174676  0.59060461 -3.2141252  -1.19230708
  0.78971585 -1.17653296 -1.76219311 -2.1733546  -3.44610149 -3.59182217
 -0.33443857 -0.41537033 -1.4474106  -1.43300131 -0.95856429 -0.9684509
 -1.8056087  -2.05266943]
log likelihood =  -9810.447332022552
Edge derivatives =  [50.34800523422159, 18.542017064379188, 23.74236388091472, 19.75389164793075, 10.159624943199525, 5.244806336608289, 8.969986782296619, 9.382025914614678, 39.728515654068154, 39.01063445526651, 47.81765027382829, 8.470788147449557, 41.14260429730242, 29.941950300668594]
other derivatives: [ 383.25033529  307.47323763 -699.79541877  111.75743566  133.76047718
  -63.21661203]
Current x array =  [-0.79596719 -0.93175135 -0.40751517  0.32900542 -5.26784338 -0.4896032
 -0.5824394  -1.89125461 -2.3091231  -2.54570725 -3.59815472 -3.6825008
 -0.85260277 -0.94447145 -2.06895943 -2.03418309 -1.07267467 -1.4791765
 -2.3477368  -2.54980805]
log likelihood =  -13051.970396809085
Edge derivatives =  [-481.2595367219317, -68.41925536759705, -3.2931062428223123, 2.6000445609085885, 13.194920319437733, 18.20185955227105, -23.93259429533962, -26.3260121417179, -49.12356610108629, -31.546190828477116, 128.74699592335907, -1.5221449532218987, -24.188268957874584, -8.862620218230346]
other derivatives: [  -52.05783964  -265.35108191   -34.38999556   299.26632124
 -1097.17238956   404.30149966]
Current x array =  [-0.66847343 -0.54257131 -0.73528685  0.29830084  0.6745209  -1.67315465
  0.55414701 -1.31426937 -1.92126866 -2.40370573 -3.61368889 -3.78883188
 -1.14513518 -1.21358266 -1.53535754 -1.61145562 -1.80689865 -1.50862116
 -1.8972791  -2.11207254]
log likelihood =  -9643.32543954422
Edge derivatives =  [23.22795310527798, 13.321860117580346, 24.067590079412543, 20.988054268240035, 10.279798857952134, 6.689323820873298, 12.912105060478284, 11.99640657748448, 35.58968324781901, 35.23685717210716, 69.93395914058674, 14.061877554666296, 36.63525396769788, 27.570943195355742]
other derivatives: [ 338.59178075  252.84516596 -520.18967835  116.73182598   76.5943696
  -21.67907951]
Current x array =  [-0.77708706 -0.87411897 -0.45605379  0.32445848 -4.38785832 -0.66487142
 -0.41412608 -1.80581078 -2.25168702 -2.52467872 -3.60045512 -3.69824702
 -0.89592293 -0.98432324 -1.98994009 -1.97158278 -1.18140347 -1.48353686
 -2.28103001 -2.48498524]
log likelihood =  -9527.785509293386
Edge derivatives =  [-78.23156662156283, -3.079728742285511, -3.7450361733199315, 2.080300759016741, -1.3681982475888872, -1.4361823420773827, -50.94159777169143, -50.37414766537905, -20.250585513677624, -28.49124464788525, -1.0362611866674776, -42.99447053511779, -12.79513190996203, -7.6372972654496465]
other derivatives: [ -7.9133315   17.45574991 262.21441658  69.25074558 -59.08914318
 -39.49098755]
Current x array =  [-0.68595361 -0.75686997 -0.75029783  0.52909727 -3.74584245 -0.95861821
  0.22947069 -1.36947588 -1.86867279 -2.22812541 -3.47706364 -3.61147184
 -0.55756856 -0.65324538 -1.53207401 -1.54273845 -0.81154758 -1.12522798
 -1.87177083 -2.11001093]
log likelihood =  -9473.239889842174
Edge derivatives =  [-24.880131030605934, 5.047726649774321, 13.139635499718187, 13.686300688186419, 3.7644019758679583, 2.9235794471936716, -8.986291703950544, -10.865531290889528, 8.484828692365202, 4.101289284194444, 38.46421347325447, -4.067706545667097, 10.804598864112128, 10.510693191192367]
other derivatives: [ 12.08245521  12.41569407  68.96625564  37.38459782  16.96316758
 -16.21010597]
Current x array =  [-0.67069776 -0.72152667 -0.6865372   0.57732696 -3.9624452  -0.88050947
 -0.17477155 -1.60841204 -2.06654353 -2.38358026 -3.54606554 -3.66640801
 -0.81294718 -0.90367464 -1.76667331 -1.77359907 -1.00302881 -1.36143231
 -2.07588644 -2.29695661]
log likelihood =  -9468.606522871909
Edge derivatives =  [-32.186842523554205, 4.832624449302255, 15.513713557988462, 15.449208237535618, 4.2746312629843, 3.425111635996656, -2.269398327811235, -5.486000753530162, 8.01404213673427, 5.775959487742566, 34.58342661393226, 1.0189034758333841, 10.241980413491406, 9.020986390115239]
other derivatives: [-86.60445019 -40.93672032 -41.84894351  11.90419425 -36.41052899
  -2.01962393]
Current x array =  [-0.64545225 -0.6927352  -0.62798743  0.70312696 -3.60813375 -0.96719225
 -0.21820659 -1.59978163 -2.04382906 -2.36865303 -3.5483163  -3.67415302
 -0.88472156 -0.97776499 -1.74992804 -1.77065757 -0.98331906 -1.40336482
 -2.0544595  -2.27545482]
log likelihood =  -9456.877686400443
Edge derivatives =  [-24.558365027193673, 5.761070020450563, 12.295829664329485, 13.340172303675518, 2.445359480662041, 1.6852313827897065, -8.177881025023675, -10.89830022703052, 2.333370128618331, -0.70068442247416, 8.746239747736542, -5.960625078559252, 4.662953886036197, 4.4148267612740435]
other derivatives: [-35.21417966 -50.13789632 -12.55975803  -8.2738552   -1.29039108
 -15.46413841]
Current x array =  [-0.66091785 -0.69602079 -0.63356374  0.76353698 -3.8339432  -0.98009946
 -0.21279752 -1.54403436 -1.9749217  -2.29868589 -3.51849861 -3.64652128
 -0.8183553  -0.9183042  -1.68901669 -1.71476151 -0.82008043 -1.34608454
 -1.99226722 -2.21944198]
log likelihood =  -9455.820700702268
Edge derivatives =  [-14.104691762279167, 8.622471635482043, 13.107896176442111, 14.199465159943397, 2.4752370213836046, 1.537426795248195, -4.69079810960849, -5.345525044159776, 2.314983030195675, 1.1102674635757157, -5.878629667774241, -3.6871978901396343, 3.658918357733407, 3.128083892963149]
other derivatives: [-31.56565072 120.22828741   5.15228749 -18.73322617   2.21916707
 -11.9125616 ]
Current x array =  [-0.65668562 -0.80076056 -0.63969578  0.80241583 -3.84807836 -1.05317396
 -0.300607   -1.50598432 -1.90545321 -2.22671896 -3.49980465 -3.63193806
 -0.83352706 -0.94457264 -1.65782134 -1.69756771 -0.71858753 -1.35375789
 -1.95116351 -2.18173122]
log likelihood =  -9450.617480792283
Edge derivatives =  [-13.157925444067219, 9.18554758153099, 13.192098120090265, 14.363290392552676, 2.3093151579960765, 1.6226450757952464, -2.7608497375724244, -4.228455749932778, 1.4974190276077466, 0.46814222091535207, -6.418694859674215, -1.7261470838514898, 2.61300238397336, 2.6005862843851646]
other derivatives: [ 41.20483936  37.59796527  10.38679329 -21.93664841   0.33214747
 -10.68256097]
Current x array =  [-0.68070803 -0.74398786 -0.64138768  0.80249029 -3.82166581 -1.06064635
 -0.3290161  -1.50680126 -1.90058757 -2.22090897 -3.50007605 -3.63289802
 -0.85102274 -0.9631244  -1.65709276 -1.6999003  -0.71489456 -1.36501817
 -1.94890068 -2.17927601]
log likelihood =  -9448.290220609455
Edge derivatives =  [-11.412796030611817, 10.14679505289702, 12.41135208738845, 13.898484769547137, 1.9449108275913758, 1.4563085899163581, -1.9799311181630228, -3.559154600688775, -0.4051584973193443, -0.9521169077217166, -11.902659822470818, -0.8944425200157182, 0.5851121832086148, 1.001414215500275]
other derivatives: [ -8.45539034 -19.95776984  20.27663868 -17.80390448   0.37216523
  -9.6988515 ]
Current x array =  [-0.66732955 -0.7116962  -0.64711208  0.78777127 -3.81780566 -1.07752799
 -0.38258995 -1.4966333  -1.87665912 -2.19424606 -3.49538932 -3.62955838
 -0.86886068 -0.98536162 -1.65005553 -1.69865184 -0.69180732 -1.37571685
 -1.93820526 -2.16888006]
log likelihood =  -9445.706629075681
Edge derivatives =  [-8.315416491508989, 11.98722156769431, 11.630835259680637, 13.536684086287083, 1.7810784367035497, 1.4645795324981354, 0.11112598942867828, -1.1089525204924557, -1.681079369133616, -1.0455042663153755, -17.021426543694947, 1.0712239806400987, -1.0529821475024548, -0.416774931832508]
other derivatives: [  0.17680577 -29.82305887  17.51832315  -8.67148628  -2.95112841
  -7.30033207]
Current x array =  [-0.67127193 -0.7051629  -0.64613456  0.75534261 -3.79062677 -1.1169589
 -0.45865672 -1.47106595 -1.83032075 -2.14442452 -3.48638302 -3.62316484
 -0.89256379 -1.01668587 -1.63743758 -1.69509832 -0.66446834 -1.39009957
 -1.9194696  -2.15074687]
log likelihood =  -9439.236817611038
Edge derivatives =  [-4.577100958629006, 16.206245568598973, 5.031099967452828, 9.208929869243542, 1.118124795747746, 1.2999964418268353, 0.7660061993912027, 0.7864185834862042, -5.621004958373179, -2.517150347596323, -19.33003503847931, 1.5700699774360727, -5.665917225414365, -4.753227191731358]
other derivatives: [-43.51222742 -18.40471668  -1.57469913  21.06989996  -1.00590114
  -3.51556082]
Current x array =  [-0.66185993 -0.71408801 -0.63661342  0.66240977 -3.80882841 -1.24093892
 -0.64997417 -1.32730954 -1.64616273 -1.94284636 -3.44672316 -3.59166071
 -0.91314153 -1.06070147 -1.59374142 -1.66739907 -0.64434162 -1.39120817
 -1.86016286 -2.09269648]
log likelihood =  -9434.09439358343
Edge derivatives =  [-4.448537257387533, 20.55128435520563, -4.52051112122812, 2.71196104989639, 0.716384512311411, 1.520823666283453, 6.697542283752425, 6.263215009334862, -8.200345012591447, -2.7850229739666896, -15.754450926243813, 4.163343250723737, -9.711978851084895, -8.262945076862186]
other derivatives: [14.20339686  2.04563548 15.20220394 18.53113645 -7.71324267  0.99244062]
Current x array =  [-0.67940817 -0.72591484 -0.64093251  0.67071251 -3.75581898 -1.40364142
 -0.88777416 -1.13682929 -1.43479133 -1.70377141 -3.40213071 -3.55670707
 -0.95574441 -1.1288987  -1.55671385 -1.64364085 -0.64576736 -1.40242294
 -1.80460692 -2.03680227]
log likelihood =  -9430.4021860611
Edge derivatives =  [-5.8532312071530574, 20.28393116004765, -11.455388221513958, -2.9882271015160287, 0.6623343958181317, 1.7427094199530555, 8.181097677519919, 6.908897740243638, -7.246002338192336, -1.8374037705101234, -3.1641832416381623, 3.988124053775695, -9.16464926370162, -8.234807365262494]
other derivatives: [ 5.93136065 11.00615918 -0.28521754 12.61287252 -2.37378117  2.47364369]
Current x array =  [-0.67655318 -0.73290836 -0.63219881  0.69125865 -3.78694356 -1.48952532
 -1.03370763 -0.97847556 -1.31502741 -1.55074572 -3.37345551 -3.53155618
 -0.9573016  -1.14647275 -1.55600991 -1.63670915 -0.69852681 -1.39393407
 -1.79626229 -2.02532383]
log likelihood =  -9425.797809245702
Edge derivatives =  [-7.19625063999313, 15.492146781083617, -15.609031751028043, -8.755325082304635, 0.7491335978886313, 2.1334387149590874, 7.363688027880392, 5.346080503323622, -2.7557621102110974, 0.6156671880738777, 10.54909821805457, 3.8790557316917162, -4.15883916866917, -4.351377330731608]
other derivatives: [-4.3253749  14.77110345 21.24852472 -3.75221134  2.58951331  3.58322723]
Current x array =  [-0.67129712 -0.73541804 -0.64204617  0.74066396 -3.8118753  -1.5706135
 -1.23560577 -0.73980791 -1.25528695 -1.4169178  -3.34395523 -3.50033429
 -0.93797921 -1.15192637 -1.59502564 -1.64799909 -0.76035593 -1.38240196
 -1.83368116 -2.05585238]
log likelihood =  -9427.593605871089
Edge derivatives =  [-3.9470828772459985, 3.1487543384580285, -10.81864957776816, -10.289451711261117, 1.2805681875079882, 2.627625100395056, 4.3694903753267775, 1.04956868639828, 6.759332813462273, 7.107697833279586, 21.67347204471142, 2.3009844918207327, 7.748536765107228, 3.956209433055327]
other derivatives: [  52.33541742  -10.90247679 -153.32825569  -13.22041498   12.24743755
    1.28948159]
Current x array =  [-0.69019295 -0.71631964 -0.57025018  0.77076857 -3.8760725  -1.60403408
 -1.48131485 -0.4266492  -1.30407288 -1.34872045 -3.31653374 -3.46122182
 -0.88201318 -1.12979691 -1.6720393  -1.67277195 -0.80664333 -1.35403363
 -1.91751666 -2.13190759]
log likelihood =  -9423.739228036759
Edge derivatives =  [-5.93573594594846, 11.189128344531918, -13.569493907948507, -9.318614490955932, 0.9783689354501977, 2.3588191612668368, 6.2167528457934464, 3.6525946089036023, 1.4464891595481606, 3.4464728649958216, 15.537889401492677, 3.3345137950906523, 1.068731571154868, -0.6810805173515477]
other derivatives: [ 20.46417649   4.47162165 -48.36419976  -7.98554538   7.07350409
   2.47709977]
Current x array =  [-0.67933738 -0.72729159 -0.61149668  0.7534736  -3.83919148 -1.5848341
 -1.34015601 -0.60655757 -1.27604557 -1.38789954 -3.33228727 -3.48369177
 -0.91416543 -1.14251019 -1.62779527 -1.65854005 -0.78005141 -1.37033112
 -1.86935351 -2.08821419]
log likelihood =  -9421.080484263439
Edge derivatives =  [-5.002597270859926, 6.247052073626641, -9.724919111825933, -8.364206314531149, 0.9364734972405147, 2.372746615914824, 2.351381681221702, 0.6883887716906583, 4.45722665182664, 4.546022931820826, 14.587481682161304, 2.4804295331396222, 5.218028006634663, 2.9040025857056992]
other derivatives: [  5.3563781   -2.23644747 -11.21079549 -12.67071639   8.71332304
   1.25764927]
Current x array =  [-0.67355768 -0.72222681 -0.62965979  0.76459451 -3.84790932 -1.57830869
 -1.41683536 -0.50098943 -1.34363884 -1.40674179 -3.32792047 -3.47228055
 -0.88498379 -1.12613811 -1.66654006 -1.6730581  -0.77665505 -1.36097938
 -1.91392717 -2.13048404]
log likelihood =  -9419.075691813614
Edge derivatives =  [-3.6782049146861358, 2.197617861953405, -5.081951696278193, -6.148986963419742, 0.7055281497267923, 2.110906599738287, -0.5125252558083809, -1.033621745035863, 5.453665869552438, 4.458357266006139, 4.545374673392498, 1.4961271677940733, 7.2092506852200655, 4.672076754660783]
other derivatives: [-7.43384589 -7.27413862  3.06736183 -7.50642357  4.38158168 -1.02099875]
Current x array =  [-0.67031166 -0.71814208 -0.63824443  0.74911297 -3.823218   -1.56530034
 -1.47687378 -0.43123395 -1.42635826 -1.45438505 -3.32625726 -3.46251588
 -0.86537913 -1.11772533 -1.68613072 -1.67721543 -0.72884438 -1.35546955
 -1.93665638 -2.15593231]
log likelihood =  -9418.051913968688
Edge derivatives =  [-2.5156959472159133, -1.292080332751773, -2.4290149188134507, -4.9287538312150945, 0.3872953278809912, 1.856803399810159, -0.743696036215154, -0.8773587560526315, 3.8736455708413646, 2.8351274546518335, -2.5659014335189756, 0.5192805416088323, 5.5558842668754895, 3.612836109839723]
other derivatives: [ 0.90149115 -3.26399459  7.72015483  0.1196895  -0.38853614 -2.849265  ]
Current x array =  [-0.67397671 -0.72009393 -0.64057857  0.72666304 -3.79907496 -1.57745134
 -1.54120391 -0.37272158 -1.46682241 -1.47884359 -3.31919196 -3.44735877
 -0.86061221 -1.12202907 -1.67386447 -1.66168466 -0.69406086 -1.34884468
 -1.91824175 -2.14750351]
log likelihood =  -9417.713751331481
Edge derivatives =  [-1.0634048362886237, -0.799483257884784, 1.1493575970794037, -1.8162830324845638, 0.3571595092140766, 1.8006117063841702, 0.7817752582805881, 1.0631021624983985, 1.7592437457354653, 1.4001232068456955, -5.287923169287986, 0.21373519657097062, 2.692632624001269, 1.5492054635540082]
other derivatives: [-25.60373105  14.73490556  -8.52796802  -0.35925041  -4.95001586
  -3.56812961]
Current x array =  [-0.66580844 -0.73063576 -0.6335633   0.73151591 -3.76833739 -1.59068788
 -1.56818219 -0.37416933 -1.51534621 -1.53682427 -3.31843278 -3.43509963
 -0.86609603 -1.13059451 -1.65078107 -1.64314585 -0.68223115 -1.34847595
 -1.88491379 -2.1286723 ]
log likelihood =  -9417.341504807846
Edge derivatives =  [-1.0361614497362308, -1.5141967331236343, 0.948214610346606, -1.988687976422482, 0.16295857904798822, 1.7429962352279402, 1.028769018867375, 1.1291506983027975, 0.19319844447768952, 0.10184574713265138, -4.23454577734148, -0.0928389216936455, 0.6185803070769095, 0.18581046234404608]
other derivatives: [ 1.37770257  2.62916728 -1.99288479  2.18951755 -3.90209607 -3.80296115]
Current x array =  [-0.6746366  -0.72358091 -0.63551541  0.72059962 -3.77592341 -1.60654198
 -1.58882247 -0.36061534 -1.50926325 -1.53522581 -3.3136953  -3.42649256
 -0.86551091 -1.13225763 -1.63616499 -1.63136845 -0.68617979 -1.34440094
 -1.86489098 -2.11454846]
log likelihood =  -9417.20759342904
Edge derivatives =  [-0.9933482922500736, -2.022411979245956, 0.6162519337017669, -2.3129924100248136, 0.10982469387860533, 1.7746597805361464, 1.317283334668334, 1.2157082749785615, -0.5389790055251222, -0.42450226612313785, -1.2777601856212668, -0.20064819659380162, -0.5179910347213901, -0.5826629457264011]
other derivatives: [ 3.41242412 -1.05392246 -1.25073711  1.71821739 -2.2995664  -3.50046321]
Current x array =  [-0.67535463 -0.7219379  -0.63529909  0.72117317 -3.78605216 -1.62379514
 -1.60765482 -0.34874805 -1.49874873 -1.52887984 -3.30972583 -3.41909065
 -0.86503515 -1.13359064 -1.62807885 -1.62481616 -0.69989043 -1.34222597
 -1.85268729 -2.10597974]
log likelihood =  -9417.293363844143
Edge derivatives =  [-0.1460249534749084, 0.6574372389450098, 2.836013605501242, 0.3050002329670862, 0.24195399327333345, 1.926569471209773, 0.8610733006640715, 1.5150106353978858, -0.8350655455535334, -0.4660847514425617, 3.5374828696782394, 0.031380356786833596, -1.378706097637113, -0.8922253596116595]
other derivatives: [29.17840902 12.74129318  5.4584234  -3.25071596  2.31302693 -2.99405656]
Current x array =  [-0.68163948 -0.72843793 -0.6380174   0.73023284 -3.80736203 -1.63766092
 -1.60242586 -0.37485408 -1.52588173 -1.58096876 -3.31122866 -3.40530736
 -0.85481042 -1.12244994 -1.62031985 -1.61775604 -0.72040975 -1.3388748
 -1.83993643 -2.10161475]
log likelihood =  -9417.146401191281
Edge derivatives =  [-0.6625282461975881, -0.969077048819776, 1.4919539071531704, -1.2664947383970009, 0.16131207847384194, 1.8334105076385165, 1.1343175918865698, 1.3278501530193498, -0.6541726864976036, -0.4408992394579417, 0.6145100772942671, -0.11023710770641848, -0.8529679637359826, -0.7029768263895042]
other derivatives: [13.55529093  4.40068106  1.3731551  -0.22901077 -0.47639332 -3.30492185]
Current x array =  [-0.67781117 -0.72447854 -0.63636159  0.72471429 -3.79438147 -1.62921481
 -1.60561099 -0.35895202 -1.5093541  -1.54923964 -3.31031324 -3.41370323
 -0.86103865 -1.12923612 -1.62504612 -1.6220566  -0.70791074 -1.34091611
 -1.84770341 -2.10427361]
log likelihood =  -9417.064088722665
Edge derivatives =  [-0.5835503602730496, -1.1081914660327636, 1.687485194947727, -1.0653742357358396, 0.11661683463740341, 1.8351997795838417, 0.7183991915685837, 0.9941475864053313, -1.1477664805896985, -0.8539835864117606, 2.4682488630476516, -0.3067037018940195, -1.5700831282143233, -1.1506920249299721]
other derivatives: [ 1.68383849 -2.44453986  1.26565283 -0.73086994  1.06265361 -2.99041858]
Current x array =  [-0.67435571 -0.72117499 -0.63621976  0.72603732 -3.80428217 -1.64545772
 -1.62011053 -0.35394832 -1.50963047 -1.55794453 -3.30781397 -3.40409629
 -0.85660055 -1.12615133 -1.62061296 -1.6175893  -0.71723287 -1.33879162
 -1.84025088 -2.10045864]
log likelihood =  -9417.025256723018
Edge derivatives =  [-0.4716387642798377, -1.3922711001511248, 1.889021271527799, -0.9409041872107734, 0.11413563647658853, 1.8368876288002245, 0.4418733751345715, 0.7984588430529592, -1.0589907159854146, -0.7966341020228103, 2.6950882917637498, -0.33137079860624885, -1.473880313974587, -1.050856167436295]
other derivatives: [-2.33958417 -1.46883394  1.40153134 -0.93186827  1.24910002 -2.80379027]
Current x array =  [-0.67309427 -0.72183962 -0.63634008  0.72684915 -3.80595676 -1.65481985
 -1.63056618 -0.34780759 -1.51037498 -1.56209412 -3.30639274 -3.39829027
 -0.85360471 -1.12410385 -1.62111463 -1.6169605  -0.71794714 -1.33807044
 -1.84003444 -2.10127213]
log likelihood =  -9416.892479011105
Edge derivatives =  [-0.3084605538485421, -1.649905950029268, 2.1868891500559067, -0.5760806783639134, 0.08076841004059356, 1.8118631866540553, -0.525338847849886, 0.0853013834659253, -0.8190248332018191, -0.5863141595998602, 2.4769504571323306, -0.28952314762767606, -1.177018368850473, -0.7459847333362102]
other derivatives: [-12.03698048   1.55741873   2.38942448  -0.79926394   1.45464583
  -1.96378096]
Current x array =  [-0.67017788 -0.72386221 -0.63687085  0.72700661 -3.80916453 -1.69244044
 -1.6608146  -0.33796639 -1.50578778 -1.57826576 -3.30172853 -3.37574084
 -0.84378896 -1.11606128 -1.62189209 -1.6150478  -0.71494348 -1.33674544
 -1.83874912 -2.10304673]
log likelihood =  -9416.740959701812
Edge derivatives =  [-0.20514193727220392, -1.6521240087577547, 2.1716526480256664, -0.25968877692924286, 0.020032743913761322, 1.7560770907139047, -1.5676456503464196, -0.7905078121260092, -0.456365866796005, -0.22493349922413908, 1.5852201843876783, -0.14442102095892506, -0.6981457186928002, -0.3218196642920539]
other derivatives: [-14.98428901   3.2960088   -0.1708031   -0.23464963   1.38679752
  -0.87093213]
Current x array =  [-0.6695148  -0.7249948  -0.63556194  0.72572132 -3.81126157 -1.7453003
 -1.69837298 -0.33010624 -1.49208639 -1.59687442 -3.29542095 -3.34434049
 -0.83240883 -1.10592403 -1.62271394 -1.61294962 -0.70731831 -1.33568216
 -1.83734553 -2.10478278]
log likelihood =  -9416.624967694028
Edge derivatives =  [-0.4207204704150886, -1.0723987424458676, 1.0202402741906194, -0.18861400551064977, -0.21694942979606097, 1.5700144167422363, -1.5925733864974547, -1.095438394722358, -0.7130763024995452, -0.4931411082207312, -0.8965984459021119, -0.033394851048048624, -0.9821532379063795, -0.34791899940637905]
other derivatives: [-13.37957656   4.33265086  15.00084181  -0.78052835  -0.43946784
   0.6344635 ]
Current x array =  [-0.67006789 -0.72589477 -0.64210318  0.72684532 -3.80137986 -1.82548442
 -1.75095312 -0.33036427 -1.45591273 -1.61833457 -3.28617941 -3.29371258
 -0.82950693 -1.10123561 -1.61918128 -1.60735818 -0.6917532  -1.33561706
 -1.83005363 -2.10114253]
log likelihood =  -9416.54272451386
Edge derivatives =  [-0.2604636302149139, -0.37218933756808903, 0.1599866731572493, -0.05441722032901575, -0.24783159904260807, 1.5165757690064652, -0.9696665601895188, -1.0704472611558122, -0.14303739190373788, 0.1496122314314372, -0.41069432553892293, 0.16000757737695526, -0.3355558062647735, 0.008793790924297107]
other derivatives: [-1.19380275  1.16251613 -9.42291081 -1.44482328 -0.29613147  1.5796104 ]
Current x array =  [-0.67420169 -0.72371317 -0.63040846  0.72902527 -3.80273314 -1.88126595
 -1.78727023 -0.33002154 -1.42492917 -1.62768657 -3.27972839 -3.25760555
 -0.82761186 -1.09781014 -1.61909937 -1.60525214 -0.69004755 -1.33516179
 -1.82789027 -2.10009109]
log likelihood =  -9416.50280077165
Edge derivatives =  [-0.4368078384638094, -0.2922419297760638, 0.21450037676174982, -0.2421600538365783, -0.22222911711169302, 1.5496202351307111, -0.8118292187156614, -0.8346623622558782, -0.25432800533063027, -0.01787386817696779, -0.3779043951101474, 0.1178246871573404, -0.4228967365257219, -0.05604549385216673]
other derivatives: [-0.9262294   0.65356289 -0.62882464 -1.17979653 -0.12532837  1.21544872]
Current x array =  [-0.67409653 -0.72334293 -0.63457199  0.72760997 -3.80268018 -1.85117401
 -1.76407474 -0.33611401 -1.43385593 -1.61944964 -3.28362852 -3.27468253
 -0.83179973 -1.10134119 -1.62029879 -1.60753255 -0.6919383  -1.33572014
 -1.83109476 -2.10102488]
log likelihood =  -9416.493853705013
Edge derivatives =  [-0.48769382213054424, -0.1373686594761, 0.14784380954515688, -0.28135116672720456, -0.2220667600073723, 1.5459150601770768, -0.5488150346003843, -0.6255775828995672, -0.2777870060117219, -0.06873412332006351, -0.4488273647721003, 0.07786453550167804, -0.4174576466146955, -0.07525425361294114]
other derivatives: [ 0.39017323 -0.07621566  0.61627361 -0.86256478 -0.15243131  1.11995178]
Current x array =  [-0.67448394 -0.72281699 -0.63521625  0.7263739  -3.80197777 -1.84275423
 -1.75764707 -0.33970107 -1.43452127 -1.61756444 -3.28490047 -3.27717533
 -0.83448922 -1.1034426  -1.62072941 -1.60816468 -0.69214813 -1.33588475
 -1.83228148 -2.10111039]
log likelihood =  -9416.47735855198
Edge derivatives =  [-0.4977353470247285, 0.18230913114611902, 0.033713056344303105, -0.24717676570591302, -0.2335747134900013, 1.5172772573737956, -0.00012178519468417776, -0.19913847065339368, -0.2732112680505012, -0.13435612047295503, -0.5118068648844443, -0.04587034605061424, -0.34293122625315037, -0.07613634806980929]
other derivatives: [ 2.01325747 -0.65992936  1.28839019 -0.08840289 -0.17789716  1.02700142]
Current x array =  [-0.67495951 -0.72224459 -0.63571182  0.72354718 -3.8009542  -1.83433206
 -1.75317825 -0.34533442 -1.433128   -1.61783941 -3.28652688 -3.27379387
 -0.83909456 -1.10716875 -1.62164891 -1.60873957 -0.69268138 -1.33587624
 -1.83422185 -2.10118301]
log likelihood =  -9416.450784646819
Edge derivatives =  [-0.3456126447531664, 0.31004469227154796, -0.03086552078445297, -0.08413244228954225, -0.2782948295976992, 1.443670721262823, 0.6190480889653023, 0.2800767341830327, -0.20875569159771568, -0.24499957332393985, -0.23140213881046334, -0.3080662314084367, -0.17476261253338365, -0.024455481575904714]
other derivatives: [ 3.88517947 -3.23798304  1.86682882  0.77634468  0.0338332   0.93095878]
Current x array =  [-0.67553292 -0.72043118 -0.63626222  0.71999571 -3.80121796 -1.83126591
 -1.76106011 -0.34666637 -1.42934111 -1.62299251 -3.28773363 -3.25613732
 -0.84331478 -1.11153284 -1.62366948 -1.60874233 -0.69518537 -1.33531327
 -1.83692613 -2.1016112 ]
log likelihood =  -9416.419981647223
Edge derivatives =  [-0.051636207876315454, 0.7173078778550734, -0.27030124147148593, 0.145618052626796, -0.33387005699139005, 1.2784572132503258, 1.8108758756269228, 1.2620475244724496, 0.12582004752003, -0.22092114644159033, -0.6375231906137762, -0.7574360386414805, 0.42603535088378547, 0.19543661617613206]
other derivatives: [-0.40472514  0.03274181  0.21882443  2.79214873 -0.41745807  0.70740498]
Current x array =  [-0.67411026 -0.72180383 -0.63624119  0.71375113 -3.79725575 -1.82109873
 -1.77277689 -0.35176187 -1.41950435 -1.63009809 -3.29114176 -3.22104693
 -0.85188771 -1.12034853 -1.62879468 -1.61037936 -0.69550806 -1.33589574
 -1.84414326 -2.10311015]
log likelihood =  -9416.393176646137
Edge derivatives =  [0.49270863250304603, 0.19402054001382335, 0.1556699153036707, 0.5783116605796033, -0.36308681240583035, 1.1919533583963506, 1.898091896628031, 1.4427422313992282, 0.5468793484064225, -0.06075660294173757, 0.40349609736498615, -0.9081971066825542, 0.919664296754303, 0.5239567504207917]
other derivatives: [8.35298124 1.34623406 1.13741407 1.89847924 0.23919711 0.54733391]
Current x array =  [-0.67643209 -0.72191234 -0.6368421   0.71486478 -3.80006917 -1.82515392
 -1.79995243 -0.33949759 -1.41787266 -1.64047369 -3.29166778 -3.18696445
 -0.84962935 -1.12147889 -1.6331968  -1.61063288 -0.70081266 -1.33576524
 -1.84815762 -2.10547926]
log likelihood =  -9416.366434497497
Edge derivatives =  [0.6429323845439362, -0.2842302019479252, 0.17206564384789114, 0.5892841775665459, -0.40252632332829563, 1.1172963780283847, 1.445649210062921, 1.104971656249808, 0.6253979819552339, -0.08032129357477807, 0.4325655561096089, -0.9857653114961252, 1.0112561465917835, 0.5717679414806629]
other derivatives: [ 0.70867827 -2.09220161  0.60645107  1.17797754  0.22173481  0.49185473]
Current x array =  [-0.67421504 -0.72025535 -0.63667887  0.71756688 -3.80049957 -1.8303953
 -1.81496591 -0.331779   -1.41555823 -1.64425022 -3.29160082 -3.1693033
 -0.84596051 -1.11998371 -1.63487526 -1.61082869 -0.70161618 -1.33666927
 -1.84917793 -2.1063072 ]
log likelihood =  -9416.353737358691
Edge derivatives =  [0.7316784530782549, -0.4570745912766457, 0.18096748919259262, 0.5688546629600514, -0.402679021120777, 1.0939493827186302, 1.1303209747054, 0.9018022703869009, 0.7151176355145712, 0.010390736191216887, 0.2703558240674382, -0.9037201922982834, 1.075719470916341, 0.6055126612445875]
other derivatives: [-2.10293365 -0.46147761 -0.06057235  0.49367372  0.00727596  0.43455657]
Current x array =  [-0.6733098  -0.72133349 -0.63634713  0.72018554 -3.79950416 -1.83109165
 -1.82031801 -0.32854233 -1.4141469  -1.64437409 -3.2920663  -3.16123127
 -0.84340779 -1.11866597 -1.63552275 -1.61139486 -0.70084319 -1.33814808
 -1.84943956 -2.10651556]
log likelihood =  -9416.337639858222
Edge derivatives =  [0.8361583132593193, -0.517083087812227, 0.10542017751291048, 0.5114925727937049, -0.4071329199837973, 1.0511540779658382, 0.7944589874869338, 0.7064760724629557, 0.7939393061211846, 0.10320803434947878, -0.01652808226949065, -0.7573991410476487, 1.1072886391328225, 0.5972785893779574]
other derivatives: [-3.49755283  1.05319486 -0.65901986 -0.25611371 -0.31704985  0.26866473]
Current x array =  [-0.67282758 -0.72231241 -0.63602557  0.72295715 -3.79758472 -1.82674445
 -1.82401005 -0.32715297 -1.41153911 -1.64352951 -3.2939388  -3.14842513
 -0.84102649 -1.11777353 -1.63625644 -1.61255715 -0.69977315 -1.34103275
 -1.84988481 -2.10634426]
log likelihood =  -9416.306941752673
Edge derivatives =  [0.9872517486237891, -0.39543919158979496, -0.19879852275644738, 0.356825743377588, -0.4345851210112228, 0.938355127977802, 0.23608796672738064, 0.38976527293896895, 0.8026407922150544, 0.1773073887164318, -0.5386651551157221, -0.4476829026240352, 0.995401808575652, 0.4557118443260265]
other derivatives: [-3.51010385  1.71021384 -0.91440597 -1.11467671 -0.85328793 -0.13478711]
Current x array =  [-0.67279408 -0.72283936 -0.63579637  0.72609466 -3.7941224  -1.81391012
 -1.82747563 -0.32857106 -1.40509028 -1.64149891 -3.29915112 -3.11919199
 -0.83770463 -1.11689507 -1.63682132 -1.61489755 -0.69836225 -1.34772397
 -1.84996431 -2.1050169 ]
log likelihood =  -9416.260814985031
Edge derivatives =  [1.1333308164508302, -0.21423592540026842, -0.354481432245274, 0.08961900365476144, -0.43700095566264086, 0.7885187573631621, -0.7299416853861825, -0.17133072710871738, 0.384381131840902, 0.16410543771916808, 0.31569491270731986, 0.17076061661160102, 0.25503676136626097, -0.07428257066239263]
other derivatives: [-4.48599167  3.78786353  0.16425474 -0.53623808 -0.16789272 -0.96224539]
Current x array =  [-0.67244103 -0.7243338  -0.63617138  0.72456761 -3.79839751 -1.7827112
 -1.81815883 -0.33218946 -1.40453526 -1.63516656 -3.31234424 -3.07244216
 -0.83275997 -1.11442805 -1.63335398 -1.61826132 -0.7053842  -1.35993025
 -1.8453921  -2.10123935]
log likelihood =  -9416.318022890071
Edge derivatives =  [1.1259799855309895, 0.3895381681184653, -1.028061863471869, -0.10938528544600767, -0.5183913191075259, 0.40670513498670263, -0.8162985498998994, -0.49141478651558546, 0.014231212915127522, 0.32051853951256404, -0.7555558855211382, 0.6521004543678356, -0.2056556301247754, -0.47645091269365636]
other derivatives: [  4.10836947  -5.33564162 -18.59280019   0.84528438  -0.65483619
  -1.35478331]
Current x array =  [-0.67591309 -0.71922438 -0.62722022  0.72133345 -3.79607141 -1.7747526
 -1.81442598 -0.34054986 -1.39234386 -1.63328568 -3.32753976 -2.99898924
 -0.83198657 -1.11250968 -1.6282164  -1.62082953 -0.70125387 -1.37252778
 -1.83984832 -2.09741097]
log likelihood =  -9416.245343321094
Edge derivatives =  [1.131955011326947, -0.021328669257827226, -0.5646243983117712, 0.0279017473131557, -0.4614367309940537, 0.6758343345090065, -0.7550490742038181, -0.27070402027133117, 0.2697375949161538, 0.2162381874249245, -0.02112462803570092, 0.33156174506399017, 0.1106031079503737, -0.20043607724877555]
other derivatives: [-1.75241439  0.92313712 -5.69671101 -0.09986252 -0.31977834 -1.08484528]
Current x array =  [-0.67353826 -0.72271913 -0.63334266  0.72354556 -3.79766242 -1.78019614
 -1.81697919 -0.33483149 -1.40068257 -1.63457217 -3.31714629 -3.04922974
 -0.83251556 -1.11382181 -1.63173042 -1.61907292 -0.70407894 -1.36391129
 -1.84364017 -2.10002952]
log likelihood =  -9416.226342278247
Edge derivatives =  [1.0200909469988173, 0.11898226703695675, -0.7044634003129303, -0.040368160993029534, -0.4904469221645408, 0.6001323833783269, -0.690071852077377, -0.271302744675826, 0.0020254203399061588, 0.07881936434115344, 0.062491591232981314, 0.3890169364303283, -0.19163858004322593, -0.363663434682569]
other derivatives: [ 0.03183231 -0.85219654 -2.44490366  0.62973413 -0.03292371 -1.13450369]
Current x array =  [-0.67415085 -0.7217366  -0.63477726  0.72083631 -3.79937563 -1.77709736
 -1.81158343 -0.33785916 -1.40053981 -1.63389331 -3.32131523 -3.03543288
 -0.83383442 -1.11397742 -1.62963338 -1.61923002 -0.70516176 -1.36604927
 -1.8416502  -2.09903249]
log likelihood =  -9416.211240018001
Edge derivatives =  [0.838282115990381, 0.24315794777843286, -0.7888151221819658, -0.0629504435663677, -0.5142007106240718, 0.5300217152747035, -0.42209166173640644, -0.18271755688060415, -0.2553439635991543, -0.028038222636029897, 0.06736687929280194, 0.39422336328259333, -0.4367027912563387, -0.4547322218038482]
other derivatives: [ 2.39306246 -2.13440217  0.32123353  1.24964572  0.26084308 -0.99062163]
Current x array =  [-0.67493778 -0.72101662 -0.63595851  0.71846446 -3.80121748 -1.78031317
 -1.80504914 -0.34041397 -1.40144125 -1.63374646 -3.32540214 -3.02331969
 -0.83617227 -1.11402056 -1.62702601 -1.61884931 -0.70528376 -1.36693092
 -1.83935758 -2.09856486]
log likelihood =  -9416.19567336083
Edge derivatives =  [0.6648480197574221, 0.2965427564361796, -0.8210745606223961, -0.05261577119287336, -0.5365011537502825, 0.42442999581740215, -0.13380442804507742, -0.09844266552476105, -0.46019569028565954, -0.06938826595337022, 0.029169147081726354, 0.38492470753431973, -0.604886828365649, -0.48365191553236575]
other derivatives: [ 3.68709152 -2.37123459  1.93849701  1.48666004  0.50386006 -0.78398443]
Current x array =  [-0.67537216 -0.72093435 -0.63660001  0.71751152 -3.80284689 -1.78650057
 -1.79985449 -0.34142486 -1.40251028 -1.63409098 -3.33069998 -3.00465813
 -0.83822661 -1.11366188 -1.62447947 -1.61853521 -0.7050261  -1.36805952
 -1.83715526 -2.09858119]
log likelihood =  -9416.166975227576
Edge derivatives =  [0.36132739757596216, 0.292361064103138, -0.8106363536929487, 0.001731085670054311, -0.5762894240119956, 0.1508823205523997, 0.38825159495936445, 0.05031667738015383, -0.7173088779746564, -0.055952599861761876, -0.1050276929257451, 0.30886924242271185, -0.74783856171036, -0.42651025397488307]
other derivatives: [ 3.66344466 -1.55469024  3.13812052  1.25801307  0.76215656 -0.34979166]
Current x array =  [-0.6753989  -0.72156225 -0.63697669  0.71824855 -3.80470779 -1.80061979
 -1.79185356 -0.34132914 -1.40489096 -1.63516171 -3.34294383 -2.95947184
 -0.84147906 -1.11274362 -1.62059577 -1.61821379 -0.70424718 -1.37058173
 -1.83401746 -2.09955568]
log likelihood =  -9416.138739214704
Edge derivatives =  [-0.04636963533956645, 0.21624521040841665, -0.6232221356777919, -0.06064878084857503, -0.5565779941591197, -0.05670023611119131, 0.33062390206195125, -0.020434359911501165, -0.6814220992558595, -0.032836788185894195, 0.09382263375220745, 0.1876242928568873, -0.6139763609768611, -0.2508405194309745]
other derivatives: [ 0.20809239 -2.36141204  2.87727744  0.31614036  0.40563464  0.02764864]
Current x array =  [-0.67441176 -0.72131193 -0.63676554  0.72179059 -3.8023688  -1.80662976
 -1.77332734 -0.34283054 -1.41462349 -1.63171485 -3.35933347 -2.92571676
 -0.84148478 -1.11161118 -1.62057673 -1.61793981 -0.70586896 -1.37221802
 -1.83449713 -2.10189939]
log likelihood =  -9416.161464798493
Edge derivatives =  [-0.26061917818562047, 0.14034540472082252, 0.09617240847540455, 0.14045858165756908, -0.4344716474624455, -0.12138918524937914, 0.2841970116505555, 0.13875378609134154, -0.038192383788105744, 0.3993585187109864, 0.9047448112044008, 0.169080008352542, 0.11817033721568027, 0.31198039861091775]
other derivatives: [11.22843969  7.56317604 -0.67520887 -1.52140274 -0.05347829  0.4800313 ]
Current x array =  [-0.6773523  -0.7264394  -0.6349516   0.72743725 -3.79854133 -1.81301298
 -1.75296147 -0.34150938 -1.43064275 -1.62720385 -3.37727091 -2.90214693
 -0.83907428 -1.11014306 -1.6240046  -1.61726917 -0.70870403 -1.37167893
 -1.83805739 -2.1060176 ]
log likelihood =  -9416.131570725782
Edge derivatives =  [-0.11524825768120284, 0.1919167955512786, -0.38354144582761, 0.004983776791106231, -0.5158106920113738, -0.07695757373701656, 0.3158777078883596, 0.03197585747406989, -0.4693842791576348, 0.10984555776148419, 0.3613374381884644, 0.18283390724559812, -0.3728497598856172, -0.06544446454502861]
other derivatives: [ 3.84261511  0.91822585  1.71094143 -0.28812792  0.25593181  0.17571438]
Current x array =  [-0.67537696 -0.72299496 -0.63617014  0.72364404 -3.80111248 -1.80872497
 -1.76664249 -0.34239689 -1.41988161 -1.63023417 -3.36522121 -2.91798025
 -0.84069356 -1.11112929 -1.62170189 -1.61771968 -0.70679954 -1.37204107
 -1.83566574 -2.10325114]
log likelihood =  -9416.124634172887
Edge derivatives =  [-0.23658840113528568, 0.12332250514790655, -0.23261765491054776, -0.05398748559493502, -0.47676581736362644, -0.06797869201339808, 0.02664805122132255, -0.0777440102581797, -0.29503787570781675, 0.12580413549911984, 0.5382811406457169, 0.11531141414901891, -0.1849862952493827, 0.030152413763444463]
other derivatives: [-0.30358933  0.36416168 -0.0512955  -0.52896212 -0.09749783  0.22446329]
Current x array =  [-0.67416792 -0.72277234 -0.63544203  0.72502466 -3.79892921 -1.80584991
 -1.75810652 -0.34324868 -1.42581804 -1.62750266 -3.37055215 -2.91798705
 -0.8391142  -1.11089482 -1.62381419 -1.6175511  -0.70822014 -1.37165193
 -1.83767571 -2.10438683]
log likelihood =  -9416.123622441313
Edge derivatives =  [-0.21954556608835302, 0.11086720899130043, -0.20325389684946965, -0.0659221244929406, -0.46620111117663376, -0.0423778144076527, -0.07336661552582344, -0.10642384116170853, -0.2240058164981592, 0.12743553205471092, 0.5092499077442545, 0.11063235603428923, -0.12596875976096122, 0.04630318097724895]
other derivatives: [-0.49185473  0.26520866 -0.37671271 -0.51040843 -0.19335857  0.18080755]
Current x array =  [-0.67411678 -0.72269359 -0.63532293  0.72503865 -3.79832291 -1.80382424
 -1.75763595 -0.34334298 -1.42660575 -1.6269671  -3.37072149 -2.92152255
 -0.83850106 -1.11098977 -1.6247456  -1.61752752 -0.70815546 -1.37138758
 -1.83846074 -2.10448201]
log likelihood =  -9416.120335649804
Edge derivatives =  [-0.19828348430341675, 0.0673558038895638, -0.08531687085250592, -0.07161308636556646, -0.44368515942797143, -0.03171157675550565, -0.2058300020673119, -0.1196985252670415, -0.07219756548547085, 0.10234427637890686, 0.25018435632175495, 0.06571051448468557, -0.008954174689310979, 0.07230368652366559]
other derivatives: [-0.70995156  0.35252015 -0.76925062 -0.07312337 -0.2575689   0.07530616]
Current x array =  [-0.67408956 -0.72267974 -0.635232    0.72379759 -3.79811209 -1.79937565
 -1.75547616 -0.34340389 -1.42959705 -1.62586367 -3.37436348 -2.92346912
 -0.83775476 -1.11139503 -1.62685344 -1.61717189 -0.70707376 -1.37102719
 -1.84004987 -2.10458542]
log likelihood =  -9416.119893822299
Edge derivatives =  [-0.19482316532886612, -0.13760081388442996, 0.20631251611904342, -0.012281712247098175, -0.4049869170910712, -0.014572880001210903, -0.21284619999475715, -0.06435408570001264, 0.2251126499923406, 0.028099714410856347, -0.22756478301827876, -0.06703895920765768, 0.24673450062821872, 0.19175415744168944]
other derivatives: [ 1.45737431 -2.06237019  0.34506229 -0.50094968 -0.18590072  0.04620233]
Current x array =  [-0.67477297 -0.72114115 -0.6357976   0.72471606 -3.79835125 -1.79797439
 -1.75341348 -0.34117198 -1.43632103 -1.62503346 -3.38267996 -2.92638225
 -0.83751951 -1.11217197 -1.63083395 -1.61590248 -0.70448077 -1.36905861
 -1.84311351 -2.10545681]
log likelihood =  -9416.11671432569
Edge derivatives =  [-0.1765936239716409, -0.06378337282900448, 0.1720830555513111, -0.014576603066532523, -0.4097081650525511, -0.04917871438642585, -0.1592760180295471, -0.029170772881766616, 0.14512736022706946, 0.023681540697839676, -0.23479535503056692, -0.048101305685778195, 0.15135672642155767, 0.12248922158945286]
other derivatives: [-0.07021299 -0.05311449  0.28048817  0.15625119 -0.07257768 -0.00654836]
Current x array =  [-0.67429586 -0.72233016 -0.63581838  0.72286875 -3.79935804 -1.79641022
 -1.75332736 -0.34206018 -1.43523922 -1.62517901 -3.38348741 -2.92156438
 -0.83803781 -1.1122879  -1.6299036  -1.61602253 -0.7046658  -1.37000328
 -1.84215097 -2.104799  ]
log likelihood =  -9416.116108429444
Edge derivatives =  [-0.17908422847840544, -0.04249275316843654, 0.16531130316180082, 0.0006215477511773426, -0.4125790164790326, -0.07332851454355557, -0.054536256780753536, 0.010114861952138454, 0.09652383758677141, 0.02103318275257171, -0.22448484840358895, -0.04415047254553539, 0.10241082009839059, 0.09613240707964432]
other derivatives: [-0.01437002  0.03801688 -0.07203198  0.25629561  0.03165042  0.00909495]
Current x array =  [-0.6743236  -0.72239112 -0.63564671  0.72253648 -3.80003942 -1.79736216
 -1.75351861 -0.34214195 -1.43482045 -1.6255228  -3.38463753 -2.91793148
 -0.83868253 -1.11232629 -1.62923636 -1.61594217 -0.70468353 -1.3703179
 -1.84150039 -2.10454678]
log likelihood =  -9416.114721083006
Edge derivatives =  [-0.15069403767065054, -0.039660408894208354, 0.21907197124081335, 0.0499126763334824, -0.39815934782177675, -0.10382606851867802, 0.176954497062154, 0.12038244331282227, 0.05151642634779213, -0.022571157789604557, -0.22139512761526847, -0.05329935118475926, 0.019272304758413128, 0.03401886588197833]
other derivatives: [-0.49512892  0.85419742  0.99716999  0.17280399  0.29431249  0.02037268]
Current x array =  [-0.67411731 -0.72286407 -0.63615699  0.72261524 -3.80158725 -1.79867184
 -1.75492798 -0.34162667 -1.43499235 -1.62618599 -3.39071952 -2.91230703
 -0.84017414 -1.11267502 -1.62872048 -1.6152946  -0.7046072  -1.37048902
 -1.84067356 -2.103815  ]
log likelihood =  -9416.112873551649
Edge derivatives =  [-0.09841329684259587, -0.04302097382558823, 0.2756412483614531, 0.08993017629275502, -0.37627017438382715, -0.10629846844524025, 0.33431153972688676, 0.19160675944895073, 0.060814531617134016, -0.042003498855722854, -0.2169352094071948, -0.05295715234899678, -0.007109325415104284, -0.011569990219226667]
other derivatives: [-2.43926479e-01  5.68070391e-01  2.35922926e-01  6.34827302e-02
  4.40741132e-01 -5.45696821e-04]
Current x array =  [-0.67419322 -0.72266928 -0.63582035  0.72284429 -3.80237456 -1.79891894
 -1.75664625 -0.34112    -1.43511796 -1.62655727 -3.39620333 -2.91031406
 -0.84106798 -1.11296913 -1.62874436 -1.61471172 -0.70450418 -1.3704187
 -1.84037468 -2.10317252]
log likelihood =  -9416.10880895735
Edge derivatives =  [-0.019005788264158108, -0.03758282842821509, 0.36709041661040615, 0.12120470052956778, -0.3105459715752514, -0.10427924401015266, 0.5095592729826136, 0.2556109389045086, 0.07228043333753809, -0.10318209113732568, 0.00875900051198819, -0.02545151600689599, -0.08632363967885137, -0.13278203419932966]
other derivatives: [-0.04056346 -0.16698323 -0.55897544 -0.31395757  0.54460543 -0.05311449]
Current x array =  [-0.67424266 -0.72220277 -0.63547995  0.72384532 -3.80260417 -1.79776289
 -1.75843408 -0.34083004 -1.4358632  -1.62624937 -3.41263116 -2.90494948
 -0.8422454  -1.11326714 -1.62889693 -1.61341866 -0.70565659 -1.37066077
 -1.839885   -2.10164201]
log likelihood =  -9416.10459671475
Edge derivatives =  [0.06936456424821269, -0.03755324422686934, 0.4167733999704329, 0.10504915174299573, -0.22896084743415, -0.08502799576522602, 0.5039623329414628, 0.22744869017127006, 0.0945367843640838, -0.1653974812050466, 0.2137638254088179, 0.012729415221665374, -0.14827200961441928, -0.25666305775878606]
other derivatives: [ 0.3265086  -0.54315024 -0.74160198 -0.43164619  0.44437911 -0.15679689]
Current x array =  [-0.67435378 -0.72192422 -0.6354431   0.72413118 -3.80169732 -1.79476589
 -1.76054242 -0.34078302 -1.43602676 -1.62535235 -3.43290005 -2.90093364
 -0.84244564 -1.11326702 -1.6293     -1.61218766 -0.7068548  -1.370955
 -1.83984771 -2.10007787]
log likelihood =  -9416.099100018388
Edge derivatives =  [0.1498853197542806, -0.0785399860698866, 0.2699660770904737, 0.02032835691906948, -0.13297241326701953, -0.0868023892935626, 0.3934650536260006, 0.0774820868538007, -0.0013800116984530875, -0.20223772159740355, -0.011230345828968202, 0.01127781601642952, -0.20410577717743694, -0.3453892101113448]
other derivatives: [-0.61500032 -1.81116775 -0.15879777 -0.09731593  0.20318112 -0.24538167]
Current x array =  [-0.67417715 -0.72122442 -0.63576852  0.72322103 -3.80055908 -1.7950556
 -1.7676974  -0.33988663 -1.4314278  -1.62544133 -3.46275798 -2.89428488
 -0.84208757 -1.11268395 -1.62822993 -1.61135255 -0.70574702 -1.37101359
 -1.83978253 -2.09918401]
log likelihood =  -9416.109215476685
Edge derivatives =  [0.3821700489286111, 0.02251303701213131, 0.13168518524204803, 0.00544932273011306, 0.030923594484410136, 0.0038984957270357667, 0.21143666954060597, -0.02194993569453546, 0.0861145598111247, 0.022411961058379726, -0.03435208979163984, 0.15098422966277714, -0.014302852134478683, -0.25270407702595055]
other derivatives: [ 8.50868673  2.84235284  0.09895302 -0.16771082 -0.2395609  -0.3432433 ]
Current x array =  [-0.67679722 -0.7234563  -0.63583578  0.72304496 -3.79773293 -1.79552748
 -1.77871219 -0.33873615 -1.42334102 -1.62546357 -3.50366634 -2.89099142
 -0.84005147 -1.11168355 -1.62708502 -1.61094502 -0.70446112 -1.37067875
 -1.84077104 -2.09907457]
log likelihood =  -9416.097298242885
Edge derivatives =  [0.21532921987958542, -0.05009602609229713, 0.23195032770372168, 0.016168744355906872, -0.08566776033073745, -0.06123587272869595, 0.34268783153971805, 0.049761073157032376, 0.023343230015634098, -0.13889778647891277, -0.017301336010539625, 0.05072388461229271, -0.1509552190554082, -0.3194693506775683]
other derivatives: [ 1.94177119 -0.50622475 -0.08803909 -0.11768861  0.08003553 -0.27284841]
Current x array =  [-0.67490893 -0.72184778 -0.6357873   0.72317185 -3.79976974 -1.79518739
 -1.77077381 -0.3395653  -1.42916917 -1.62544754 -3.47418361 -2.89336502
 -0.84151889 -1.11240454 -1.62791016 -1.61123873 -0.70538787 -1.37092007
 -1.84005862 -2.09915345]
log likelihood =  -9416.095493834193
Edge derivatives =  [0.20385622297481862, -0.06587287945103354, 0.09921217471062942, -0.04021047859895727, -0.06795622907680685, -0.05326812141649931, 0.18209149306266764, -0.061525834801269386, -0.019169330556536246, -0.0888129278235763, -0.15202532059601204, 0.04193258450053938, -0.10547440261184748, -0.2656805948613702]
other derivatives: [ 0.76579454 -0.47020876  0.2401066  -0.01309672 -0.12987584 -0.24556357]
Current x array =  [-0.67458707 -0.7219257  -0.63594405  0.72308221 -3.79879982 -1.79702031
 -1.77334072 -0.33923901 -1.42616686 -1.62571488 -3.47962853 -2.89363637
 -0.84050736 -1.11186659 -1.62716972 -1.6116737  -0.70462684 -1.37070995
 -1.84035741 -2.09987562]
log likelihood =  -9416.094551590999
Edge derivatives =  [0.1751848646116112, -0.0744565441735549, 0.03504252158365247, -0.0630582304099413, -0.05772845823793035, -0.04845045621892889, 0.07254169149365913, -0.11234540987156258, -0.008707602366990475, -0.02005777093653277, -0.2108698562932365, 0.025092266587328216, -0.016003819522704466, -0.17265040588555158]
other derivatives: [-0.16370905  0.02364686  0.08476491 -0.01891749 -0.24192559 -0.18335413]
Current x array =  [-0.67430922 -0.72223848 -0.6358765   0.7233002  -3.79833361 -1.79914798
 -1.77397654 -0.33898584 -1.4247358  -1.62592478 -3.48173216 -2.89384742
 -0.83962517 -1.11159014 -1.62687328 -1.61209636 -0.70418062 -1.37038576
 -1.84083771 -2.10094222]
log likelihood =  -9416.09405952465
Edge derivatives =  [0.13829996981320025, -0.07058340220882436, -0.003868332755577339, -0.06856845513774534, -0.05439792992251791, -0.05376562391099479, 0.03804049193191289, -0.12033393852647689, -0.012969471247622266, 0.02374291158383457, -0.18377299265353852, 0.0163230386914055, 0.03167137225706296, -0.10410965844200026]
other derivatives: [-0.35361154  0.17753337  0.07275958 -0.06039045 -0.24247129 -0.11314114]
Current x array =  [-0.67425094 -0.72233763 -0.63585795  0.72347414 -3.79842221 -1.80130958
 -1.77380107 -0.33891199 -1.42399454 -1.6261797  -3.4829114  -2.89265571
 -0.83921894 -1.11150731 -1.62650372 -1.6123387  -0.70418146 -1.37022928
 -1.84094366 -2.10176664]
log likelihood =  -9416.093342540958
Edge derivatives =  [0.0969621419112463, -0.04166555201492361, -0.016508767649722658, -0.05568079849024454, -0.03684742634048802, -0.05148454854897107, 0.0067798878157701095, -0.07724416702723058, 0.011948107503302163, 0.06052372735049438, 0.00517646565987584, 0.016231569196444195, 0.08274196475244233, -0.020046573279151825]
other derivatives: [-0.34106051  0.26593625 -0.19554136 -0.052205   -0.10677468 -0.02601155]
Current x array =  [-0.67424655 -0.72236475 -0.63573334  0.72339974 -3.7992743  -1.80353772
 -1.77301711 -0.33907927 -1.42368019 -1.62653703 -3.48735406 -2.89085753
 -0.83861195 -1.11191315 -1.6263777  -1.6122272  -0.70495829 -1.37000099
 -1.84095659 -2.1028164 ]
log likelihood =  -9416.094378936357
Edge derivatives =  [0.0070201715113580865, -0.03347047864417674, -0.12242002377837115, -0.0715375456979298, -0.03706825023081505, -0.04499184720053295, -0.13437897112411512, -0.07848272087750069, -0.014934334706799945, 0.05606815348715244, 0.0062028694091580405, 0.000509650542992568, 0.10329515200154132, 0.09735886677520611]
other derivatives: [ 0.80526661 -1.06574589  1.68020051 -0.05893526  0.00309228  0.07657945]
Current x array =  [-0.67461519 -0.72159385 -0.63654281  0.72315468 -3.80003879 -1.80674685
 -1.77255841 -0.33921125 -1.4222398  -1.62738595 -3.48932287 -2.89160921
 -0.83735059 -1.11240474 -1.62602043 -1.61230082 -0.70473645 -1.36942419
 -1.84091574 -2.10458446]
log likelihood =  -9416.093229501092
Edge derivatives =  [0.07548893596323802, -0.03969279367231815, -0.041763627256427335, -0.05945683642094793, -0.036896902310056434, -0.04992593351688997, -0.02687574390640432, -0.07751613210104547, 0.005547272770022427, 0.059481812284763125, 0.005455275944628468, 0.012503482423703582, 0.08766193759323732, 0.008019166376334819]
other derivatives: [-0.06693881 -0.0516593   0.25265763 -0.05384209 -0.08039933 -0.00127329]
Current x array =  [-0.67433457 -0.72218068 -0.63592661  0.72334123 -3.79945683 -1.80430394
 -1.77290759 -0.33911078 -1.42333628 -1.62673972 -3.48782414 -2.891037
 -0.83831078 -1.11203052 -1.6262924  -1.61224478 -0.70490532 -1.36986327
 -1.84094684 -2.10323855]
log likelihood =  -9416.093061596452
Edge derivatives =  [0.07072855210896073, -0.020623273518095564, -0.01823156242350507, -0.04289950523642058, -0.025361366006641704, -0.045168454544989606, -0.018837155417816602, -0.0339284742450886, 0.027707376877968426, 0.05214620475953058, 0.11434105632317215, 0.015930812491625423, 0.08798075278296574, 0.019772939581881865]
other derivatives: [ 0.04311005 -0.04129106  0.04365575 -0.0336513   0.0167347   0.01327862]
Current x array =  [-0.67436091 -0.72216265 -0.63583804  0.72321742 -3.80000417 -1.80442203
 -1.7723523  -0.33929005 -1.42371871 -1.62683714 -3.49060683 -2.89044805
 -0.83818435 -1.112422   -1.6264622  -1.61192948 -0.7054139  -1.36978538
 -1.84083099 -2.10341394]
log likelihood =  -9416.09294122617
Edge derivatives =  [0.06709142975629828, -0.009762346666391697, -0.004802587457381366, -0.030492747094506778, -0.019638413273065987, -0.04261271010902072, -0.011351489600330375, -0.0026156434219270497, 0.031331009651393904, 0.031007058438684898, 0.10696083444024174, 0.01103283360069851, 0.0658759523606805, 0.01493747896555897]
other derivatives: [ 0.06966729 -0.0345608   0.00472937 -0.00836735  0.04874892  0.01036824]
Current x array =  [-0.67437068 -0.72216172 -0.63581865  0.72312282 -3.80020195 -1.80430358
 -1.77193331 -0.33943276 -1.42394996 -1.62698235 -3.49229916 -2.89049425
 -0.83814566 -1.11271975 -1.62650993 -1.61161855 -0.70535193 -1.36968713
 -1.84056658 -2.10344071]
log likelihood =  -9416.092739383295
Edge derivatives =  [0.04000170448913121, 0.0060605525811760486, 0.006343416615103251, -0.004617979782485904, -0.009427786740512756, -0.033779895903318674, -0.014884420383768159, 0.04296814794210996, 0.0213677934662051, -0.014669832092675472, -0.0007431961097434936, -0.004132504349235844, 0.0005655201768464124, 0.008236847854717677]
other derivatives: [ 0.16971171 -0.18608262 -0.28612703  0.00909495  0.02928573  0.00818545]
Current x array =  [-0.67442465 -0.72208623 -0.6356579   0.72310877 -3.80014968 -1.80426039
 -1.7704062  -0.3397693  -1.42425965 -1.62751872 -3.49538356 -2.89160056
 -0.83796472 -1.11315738 -1.62635416 -1.61098383 -0.70471356 -1.36938452
 -1.83973727 -2.1036477 ]
log likelihood =  -9416.092922778333
Edge derivatives =  [0.009763144431382431, 0.02054445278648137, 0.05467474791120032, 0.029795063808101985, -0.007675459427074635, -0.027093087295895546, 0.015006744004538684, 0.10926379889686, 0.0194480269560946, -0.074834998556289, -0.028753426773676427, -0.014789006748386346, -0.07740266849778149, -0.014582034378943676]
other derivatives: [-0.11405064  0.54496923  0.57898433 -0.02346496  0.0689397   0.00727596]
Current x array =  [-0.67429885 -0.72251883 -0.63604638  0.72318359 -3.80036235 -1.80357815
 -1.76799826 -0.34018245 -1.42558397 -1.62787505 -3.49562805 -2.89284048
 -0.83815249 -1.1135993  -1.62645533 -1.6103793  -0.70457411 -1.36920764
 -1.8389726  -2.10360582]
log likelihood =  -9416.092689171368
Edge derivatives =  [0.030443555703616676, 0.010661347692212109, 0.021671278626438, 0.0062812789283563375, -0.008871446464210592, -0.03165779940790431, -0.005411202018473012, 0.0639712233520987, 0.020761632540105324, -0.03371595873901756, -0.009607481898744163, -0.007500899157954155, -0.024119205379457775, 0.0010105147103413037]
other derivatives: [ 0.07985363  0.04547474 -0.01200533 -0.00109139  0.04201866  0.00782165]
Current x array =  [-0.6743848  -0.72222325 -0.63578095  0.72313247 -3.80021704 -1.8040443
 -1.76964352 -0.33990016 -1.42467911 -1.62763158 -3.495461   -2.89199329
 -0.83802419 -1.11329735 -1.6263862  -1.61079236 -0.70466939 -1.3693285
 -1.83949507 -2.10363444]
log likelihood =  -9416.09266345953
Edge derivatives =  [0.027035498883742515, 0.006632388587331561, 0.01609023349074959, 0.004158666891844742, -0.008929342915454427, -0.029294675876681817, -0.014298813001766629, 0.0529531131875402, 0.015594796162181068, -0.03481280473517068, -0.03568149108220875, -0.007759493105828241, -0.029696212396390975, -0.0012202121421936996]
other derivatives: [ 0.03801688  0.02219167  0.00363798 -0.00345608  0.01164153  0.00472937]
Current x array =  [-0.67437626 -0.72221693 -0.63578469  0.72316288 -3.80004976 -1.80395363
 -1.76952448 -0.33990077 -1.42461916 -1.62767417 -3.4953657  -2.89245262
 -0.83800549 -1.11320713 -1.62633344 -1.61081219 -0.70453936 -1.36930805
 -1.83945378 -2.10363373]
log likelihood =  -9416.09261496071
Edge derivatives =  [0.02093831047200706, -0.0015099753636277913, 0.006572796421423804, -0.00027516751257650185, -0.005544269083952655, -0.01997304740120337, -0.02929249846837216, 0.024178809114651312, 0.008480403040606543, -0.02923580643836088, -0.0485814634383126, -0.0014371317170189801, -0.03384572914405515, -0.00487079975824789]
other derivatives: [ 0.04274625  0.02110028  0.03983587 -0.00527507 -0.03874447 -0.0003638 ]
Current x array =  [-0.67438046 -0.72222208 -0.63579877  0.72319885 -3.79975264 -1.80359725
 -1.76916504 -0.33991477 -1.42452581 -1.62774288 -3.49571465 -2.89357142
 -0.83802271 -1.11292445 -1.62623313 -1.61090429 -0.70447658 -1.36927937
 -1.83946272 -2.10361173]
log likelihood =  -9416.093258206467
Edge derivatives =  [-0.016340503752217905, -0.029150113583159276, -0.006301585455646422, -0.014504754169071155, -0.0027615806623123434, -0.009066866656009115, -0.016700973336011178, -0.02779598507029779, -0.031915305688288265, -0.05333607217530495, -0.01900445852471755, -0.007138700104392992, -0.07250219337436753, -0.041027780169485606]
other derivatives: [-1.90739229 -0.85965439  0.15752448  0.0349246  -0.03019522 -0.00327418]
Current x array =  [-0.67382223 -0.72180201 -0.6358818   0.723194   -3.79984982 -1.80255814
 -1.76745006 -0.34013327 -1.42500763 -1.62791893 -3.49616943 -2.89550996
 -0.83856865 -1.11245047 -1.62603557 -1.6110377  -0.70482758 -1.36924908
 -1.83944353 -2.10342768]
log likelihood =  -9416.092607372435
Edge derivatives =  [0.01730996420472436, -0.0042009973945980605, 0.0053193596476733, -0.001662013960651576, -0.0052728447812442625, -0.018907963939649275, -0.028063287502720274, 0.01911679033634428, 0.00454578003908207, -0.031583252849575194, -0.04569736314067363, -0.00199032692264689, -0.037611428064469155, -0.008392984024959249]
other derivatives: [-0.14715624 -0.06475602  0.0514774  -0.00127329 -0.03801688 -0.0007276 ]
Current x array =  [-0.67432606 -0.72218115 -0.63580686  0.72319838 -3.79976211 -1.80349599
 -1.76899791 -0.33993606 -1.42457276 -1.62776003 -3.49575897 -2.89376034
 -0.83807591 -1.11287826 -1.62621388 -1.61091729 -0.70451079 -1.36927641
 -1.83946085 -2.10359379]
      fun: 9416.092607372435
 hess_inv: <20x20 LbfgsInvHessProduct with dtype=float64>
      jac: array([ 0.14715624,  0.06475602, -0.0514774 ,  0.00127329,  0.03801688,
        0.0007276 , -0.01730996,  0.004201  , -0.00531936,  0.00166201,
        0.00527284,  0.01890796,  0.02806329, -0.01911679, -0.00454578,
        0.03158325,  0.04569736,  0.00199033,  0.03761143,  0.00839298])
  message: 'CONVERGENCE: REL_REDUCTION_OF_F_<=_FACTR*EPSMCH'
     nfev: 90
      nit: 79
     njev: 90
   status: 0
  success: True
        x: array([-0.67432606, -0.72218115, -0.63580686,  0.72319838, -3.79976211,
       -1.80349599, -1.76899791, -0.33993606, -1.42457276, -1.62776003,
       -3.49575897, -2.89376034, -0.83807591, -1.11287826, -1.62621388,
       -1.61091729, -0.70451079, -1.36927641, -1.83946085, -2.10359379])
{('N0', 'N1'): [1.8203596319909943, 1.8203596319909938], ('N0', 'ENSLOCG'): [0.0, 0.0], ('N1', 'N3'): [6.8361604851347035, 6.39515296412252], ('N1', 'N2'): [5.527520355531116, 5.46353982750456], ('N3', 'N6'): [0.948953281872688, 0.8687976830863633], ('N3', 'N4'): [1.6815524986442258, 1.9852472357995645], ('N2', 'ENSDARG'): [16.341577309059865, 16.751827149945658], ('N2', 'ENSAMXG'): [13.56544493590406, 12.824289224626604], ('N6', 'N7'): [9.81325436314663, 6.463391429495478], ('N6', 'ENSGACG'): [5.982539652136305, 5.732308814195661], ('N4', 'ENSORLG'): [17.27242904685047, 18.480510836183463], ('N4', 'ENSONIG'): [7.678423170091647, 8.179445049753472], ('N7', 'ENSTRUG'): [6.190197396710619, 4.501974710341635], ('N7', 'ENSTNIG'): [4.776236018675187, 5.83564695978238]}
