number of sites to be analyzed:  472
log likelihood =  5206.065271465097
Lr derivatives =  [107.71977789495355, -241.08704105966137, -147.888143461121]
other derivatives =  [ 38.12519935 -17.32505552  36.04363883 -37.30838216 370.00991142
  13.39703886]
Current x_clock array =  [-0.66804126 -0.72108196 -0.58500792  0.74193734 -0.10536052 -0.51082562
 -0.51082562 -0.51082562 -0.51082562]
log likelihood =  4928.51883464293
Lr derivatives =  [-122.79334793788779, -334.48471401802607, -231.55278599716254]
other derivatives =  [-191.00434656    3.67717803 -116.75938367    8.06348908  227.82260203
    5.29935278]
Current x_clock array =  [-0.76556254 -0.71936538 -0.67720473  0.83736927 -1.05181695 -0.5450942
 -0.7863644  -0.50951897 -0.50951897]
log likelihood =  4621.618068114016
Lr derivatives =  [-131.2225385524158, -197.063436352801, -19.30869594387073]
other derivatives =  [619.96233853  45.98432497  -1.98178896  55.97394193 -32.6834197
  25.88822099]
Current x_clock array =  [-0.47211689 -0.74043486 -0.54893955  0.96823525 -3.06910223 -0.6112407
 -0.93162139  0.         -0.10048348]
log likelihood =  4602.906637732011
Lr derivatives =  [-86.82063510642719, -161.93662648831352, 124.3779479409568]
other derivatives =  [-359.38837755  -10.16678652   -9.70139808   46.59996193  -33.4649485
   29.77931217]
Current x_clock array =  [-0.87284914 -0.7823487  -0.48493866  0.91509414 -3.11854737 -0.63341078
 -0.75274957  0.          0.        ]
log likelihood =  4550.795535787971
Lr derivatives =  [-30.087548466912622, -132.15587806478663, 16.165683802923155]
other derivatives =  [-150.6325134    12.3591235     1.99761416   35.13541742    5.58648026
   30.74428605]
Current x_clock array =  [-0.74158821 -0.77047442 -0.49832791  0.88854273 -2.81990883 -0.62928312
 -0.71799571  0.         -0.08192008]
log likelihood =  4543.291456628792
Lr derivatives =  [-17.65740078058189, -125.86752084010496, 13.623206390290832]
other derivatives =  [41.94007488  5.67770257 -1.99015631 28.86727088 10.56096153 29.35421435]
Current x_clock array =  [-0.64724102 -0.78502086 -0.51135888  0.85888675 -2.79918021 -0.6564677
 -0.71202122  0.         -0.08637577]
log likelihood =  4541.491935042103
Lr derivatives =  [-14.748471207607466, -123.98351404668423, 10.60821724857572]
other derivatives =  [13.0886292   1.9147592  -0.11077645 26.81363185  8.34070306 28.7795956 ]
Current x_clock array =  [-0.66010193 -0.78941705 -0.50790012  0.84340108 -2.82644719 -0.6729906
 -0.69832859  0.         -0.08934897]
log likelihood =  4536.045519796
Lr derivatives =  [3.9536928757301837, -112.46131705466675, -2.0556552901825356]
other derivatives =  [-29.02997949 -12.37503966   4.92027539  13.55329005  -1.25201041
  24.79082468]
Current x_clock array =  [-0.68164198 -0.81033798 -0.49886718  0.74531678 -2.96173245 -0.78080279
 -0.62919476  0.         -0.10486367]
log likelihood =  4533.108024398286
Lr derivatives =  [17.407333233030176, -104.50251730451174, -3.3293512767207503]
other derivatives =  [-24.36472641   5.66296876  -0.28949216   3.35121513  -5.14464773
  20.53102435]
Current x_clock array =  [-0.68197928 -0.79448551 -0.50119849  0.65827305 -3.02332454 -0.89961749
 -0.59838595  0.         -0.10705364]
log likelihood =  4530.542869608264
Lr derivatives =  [5.866040635872075, -110.18295679992369, -9.997690266209275]
other derivatives =  [  3.28109309 -30.24588295  47.86352292 -14.45223461  -7.61629053
  13.82868504]
Current x_clock array =  [-0.67099777 -0.83250532 -0.48112351  0.51554303 -3.05750767 -1.15261384
 -0.61033687  0.         -0.11096756]
log likelihood =  4528.400598677057
Lr derivatives =  [13.152197181489576, -106.96052725499021, -1.5046696995176205]
other derivatives =  [  8.65311449 -15.65103958 -28.62780093 -17.44720066  -4.52128006
  10.89374564]
Current x_clock array =  [-0.66712619 -0.81406753 -0.52610392  0.46667504 -3.016393   -1.29038815
 -0.62425618  0.         -0.10019518]
log likelihood =  4527.128539463558
Lr derivatives =  [4.538209158518065, -112.11583749089257, 2.552554841417866]
other derivatives =  [  9.70430847  -0.28803697 -15.49506123 -16.6848622   -1.70275598
  10.20353011]
Current x_clock array =  [-0.66699731 -0.79449434 -0.52110981  0.47576596 -2.97106913 -1.33452571
 -0.65215237  0.         -0.09346876]
log likelihood =  4525.749545301529
Lr derivatives =  [-10.880925042677589, -121.30562410386055, 3.729443042060211]
other derivatives =  [  3.09883035   5.89980118  -0.99662429 -13.91381375   1.75205059
   8.4716703 ]
Current x_clock array =  [-0.66946839 -0.78352626 -0.51557041  0.50147932 -2.90954414 -1.45179826
 -0.69158575  0.         -0.08900041]
log likelihood =  4524.357506387509
Lr derivatives =  [-12.253238151561739, -121.47464950925718, 7.039005354543782]
other derivatives =  [ -1.66310201   9.69366738   8.68112693 -10.30266503   5.01513568
   6.46105036]
Current x_clock array =  [-0.67201439 -0.77945956 -0.5092197   0.53623523 -2.87252338 -1.61925469
 -0.69760143  0.         -0.08460885]
log likelihood =  4522.161338125606
Lr derivatives =  [-20.822874920256837, -127.0150094855989, -18.188276621446477]
other derivatives =  [-5.61039997  8.65256879  7.37609298  1.53613655 -0.82991392  2.85581336]
Current x_clock array =  [-0.67261745 -0.78267881 -0.50605051  0.62424921 -2.89910978 -2.04915052
 -0.69991873  0.         -0.10545625]
log likelihood =  4521.953419193585
Lr derivatives =  [4.464183739976406, -105.32957970795256, 64.58163524846066]
other derivatives =  [-5.08780431 -0.90258254 10.99306246  5.4762495   0.52104951  1.24264261]
Current x_clock array =  [-0.67394668 -0.8002368  -0.49654387  0.67272296 -2.93372644 -2.55400775
 -0.64942995  0.         -0.04478043]
log likelihood =  4521.162720629383
Lr derivatives =  [-8.452366701796603, -116.34975810256445, 11.31056251988602]
other derivatives =  [-5.22986738  4.20250217  8.96825441  3.46690285 -0.19754225  1.94440872]
Current x_clock array =  [-0.67325326 -0.79107732 -0.5015032   0.64743565 -2.91566796 -2.2906388
 -0.67576844  0.         -0.07643319]
log likelihood =  4520.609863173675
Lr derivatives =  [-1.4081227593933825, -111.79837812503068, 5.346754583769197]
other derivatives =  [ 1.2190867   1.65455276  2.14595275  1.94368113 -1.28966349  1.17597665]
Current x_clock array =  [-0.67069739 -0.79592335 -0.50415739  0.63521768 -2.93492679 -2.53920377
 -0.66012919  0.         -0.08150485]
log likelihood =  4520.350658424486
Lr derivatives =  [1.9181729515418446, -109.47802062868203, 0.4481019367010788]
other derivatives =  [-11.10611265  -2.95658538  -3.96958058  -0.20791049  -1.54141162
   0.61681931]
Current x_clock array =  [-0.67654212 -0.80091655 -0.50680613  0.61514827 -2.94143644 -2.85669676
 -0.65274603  0.         -0.08556155]
log likelihood =  4520.254386789535
Lr derivatives =  [4.667904294176626, -107.64258766386811, -2.7741915621546482]
other derivatives =  [21.01824066 -2.63316906 -3.49064067 -0.82636689  0.08149073  0.24729161]
Current x_clock array =  [-0.66236809 -0.80194121 -0.50782969  0.61417031 -2.92846699 -3.26692134
 -0.65228308  0.         -0.08822544]
log likelihood =  4520.125110490545
Lr derivatives =  [2.8695738588370965, -108.55363191288389, -1.4735020711302909]
other derivatives =  [ 4.69235601 -2.703473   -2.75795173 -0.24829205  0.2062734   0.22291715]
Current x_clock array =  [-0.66957324 -0.80102157 -0.50696921  0.61693583 -2.9242663  -3.33496574
 -0.6552774   0.         -0.08654282]
log likelihood =  4520.075360430912
Lr derivatives =  [1.4618949832396808, -109.20494872068568, -0.6000206274140822]
other derivatives =  [-1.88592821 -2.01889634 -1.5707883   0.25338522  0.7039489   0.15252226]
Current x_clock array =  [-0.67255076 -0.79963421 -0.50629688  0.62017198 -2.91675168 -3.52342978
 -0.6589278   0.         -0.08519266]
log likelihood =  4520.047022692295
Lr derivatives =  [0.6321347050978652, -109.52269027301682, -0.19653586760195907]
other derivatives =  [-2.87527655 -1.0291842  -0.20427251  0.38708095  0.90076355  0.0941327 ]
Current x_clock array =  [-0.67306763 -0.7983068  -0.50567554  0.62084464 -2.91327414 -3.74726375
 -0.66135689  0.         -0.08435395]
log likelihood =  4520.022552730382
Lr derivatives =  [-0.1924429229728304, -109.78459258400301, 0.7358439671722294]
other derivatives =  [-1.14196155  1.60725904  0.10231815  0.1708031   0.07230483  0.04920366]
Current x_clock array =  [-0.67236817 -0.79549659 -0.50569977  0.6174778  -2.91944847 -4.03332903
 -0.66340577  0.         -0.08289068]
log likelihood =  4520.014731013698
Lr derivatives =  [-1.6160853700916604, -110.45109591020068, 0.4814714671140834]
other derivatives =  [-0.01473381 -1.41890268  2.14831744 -0.16834747 -0.13578756  0.02492015]
Current x_clock array =  [-0.67178613 -0.79845914 -0.50480778  0.61486583 -2.92075651 -4.31970906
 -0.66545337  0.         -0.08263873]
log likelihood =  4520.00941292815
Lr derivatives =  [-0.9677275427787642, -110.07005603797968, 0.44429333916437486]
other derivatives =  [ 0.02983143 -0.4634785  -0.87311491 -0.13988029 -0.13988029  0.0163709 ]
Current x_clock array =  [-0.67172763 -0.79749867 -0.50645925  0.61413425 -2.92056295 -4.46480107
 -0.66507442  0.         -0.0826601 ]
log likelihood =  4520.006869950532
Lr derivatives =  [-0.3474823988336695, -109.64769107300643, 0.3628615768646739]
other derivatives =  [ 0.24983819  0.09149517 -0.72604962 -0.2060915  -0.08749339  0.01082299]
Current x_clock array =  [-0.67171538 -0.79705627 -0.50629275  0.61375861 -2.92079243 -4.59139425
 -0.66402311  0.         -0.08275143]
log likelihood =  4520.00478018599
Lr derivatives =  [0.058194116401008245, -109.35529735900542, -0.13630810325913956]
other derivatives =  [ 0.10486474  0.17471393 -0.31322998 -0.16134436  0.03310561  0.00445652]
Current x_clock array =  [-0.67184517 -0.79706105 -0.50596858  0.61434211 -2.9200665  -4.8126296
 -0.6632615   0.         -0.083154  ]
log likelihood =  4520.004330588887
Lr derivatives =  [0.2777720536937913, -109.11717350848717, 0.6012765820086088]
other derivatives =  [-0.02301022 -0.1625267  -0.26830094 -0.07175913  0.10895747  0.00181899]
Current x_clock array =  [-0.67191118 -0.79746525 -0.50586272  0.6152236  -2.9197187  -4.99936694
 -0.66294598  0.         -0.08246278]
log likelihood =  4520.003986450229
Lr derivatives =  [0.050845325551094334, -109.27088849343616, -0.08105158578259619]
other derivatives =  [-0.07512426 -0.06175469  0.08039933 -0.0077307   0.03565219  0.0003638 ]
Current x_clock array =  [-0.67193675 -0.79734134 -0.5056725   0.61562614 -2.91998187 -5.10288201
 -0.66319968  0.         -0.08297862]
log likelihood =  4520.00396479291
Lr derivatives =  [0.019344062205437496, -109.28274380881437, -0.02739277816804986]
other derivatives =  [-0.01018634 -0.01600711  0.03728928 -0.00181899  0.01036824  0.0001819 ]
Current x_clock array =  [-0.67190469 -0.79729164 -0.50570105  0.61561728 -2.92015661 -5.12577421
 -0.66327557  0.         -0.08291344]
log likelihood =  4520.003960758818
Lr derivatives =  [-0.002549678210449713, -109.29113711996104, 0.00046734596662645345]
other derivatives =  [-1.53704605e-02 -3.18323146e-03 -9.36779543e-03  3.54702934e-03
 -5.09317033e-03  9.09494702e-05]
Current x_clock array =  [-0.67190402 -0.79727461 -0.50572783  0.61561749 -2.92025306 -5.14455231
 -0.66332545  0.         -0.08287623]
      fun: 4520.003960758818
 hess_inv: <9x9 LbfgsInvHessProduct with dtype=float64>
      jac: array([-1.53704605e-02, -3.18323146e-03, -9.36779543e-03,  3.54702934e-03,
       -5.09317033e-03,  9.09494702e-05, -2.54967821e-03, -1.09291137e+02,
        4.67345967e-04])
  message: b'CONVERGENCE: REL_REDUCTION_OF_F_<=_FACTR*EPSMCH'
     nfev: 32
      nit: 30
   status: 0
  success: True
        x: array([-0.67190402, -0.79727461, -0.50572783,  0.61561749, -2.92025306,
       -5.14455231, -0.66332545,  0.        , -0.08287623])
