number of sites to be analyzed:  148
log likelihood =  1462.8700561143714
Lr derivatives =  [65.02932572980806, -31.740734840934877, -30.019955760276808]
other derivatives =  [ 78.67263321 -20.64639375  24.5854153  -18.83404366 137.32160369
  -7.68832251]
Current x_clock array =  [-0.49149417 -0.68434947 -0.62369038  0.74193734 -0.10536052 -0.51082562
 -0.51082562 -0.51082562 -0.51082562]
log likelihood =  1389.0469731705475
Lr derivatives =  [-23.427194081951747, -66.75318833406666, -54.57733767448625]
other derivatives =  [-181.12286853  -16.88445082  -22.32550287  -14.37310857  107.49081412
   -5.10831342]
Current x_clock array =  [-0.94349678 -0.6807049  -0.76494245  0.85014571 -0.89432259 -0.46665344
 -0.88444252 -0.50789075 -0.50789075]
log likelihood =  1293.268176319878
Lr derivatives =  [-39.00261330612396, -58.61555879607814, -43.934369503058285]
other derivatives =  [-143.37319953   -0.96015356  -29.91419024   -1.34436959   76.68963917
   -1.74973138]
Current x_clock array =  [-0.80743378 -0.64028311 -0.796844    0.94292653 -1.5766508  -0.43042696
 -1.04617324 -0.35864921 -0.38523116]
log likelihood =  1166.4670284636095
Lr derivatives =  [-23.986759088290608, -16.73956166156439, 20.363131625344977]
other derivatives =  [ 62.64631338 -50.57636372  43.28258001   7.57181624  21.59999895
   7.27438874]
Current x_clock array =  [-0.49643839 -0.86932172 -0.51406586  0.91759214 -3.62275143 -0.38435969
 -0.94739533  0.          0.        ]
log likelihood =  1148.1789554145662
Lr derivatives =  [-7.3116142740583845, -6.672233313337083, 3.7748768029614226]
other derivatives =  [-20.07111561  -1.02043032 -11.19499302   9.16315912  15.14076757
   6.90338311]
Current x_clock array =  [-0.58033251 -0.70121073 -0.63700376  0.89511213 -4.05353693 -0.40374855
 -0.82386982  0.         -0.01861286]
log likelihood =  1140.5035688927976
Lr derivatives =  [-0.02126026863549857, -2.3501654914184265, 1.1856855053338222]
other derivatives =  [-11.17130068  18.36358479 -10.25921392   8.20784862   9.62611466
   6.69256224]
Current x_clock array =  [-0.57013591 -0.66330004 -0.62381185  0.85054265 -4.61852306 -0.42435788
 -0.73043537  0.          0.        ]
log likelihood =  1133.504509170922
Lr derivatives =  [7.428591916554024, -0.4386427801301913, -3.4949835026054643]
other derivatives =  [-22.60851488 -32.53001069 -15.04688498   4.33808509   3.1427362
   5.90951004]
Current x_clock array =  [-0.58086586 -0.81743544 -0.61929957  0.71374052 -5.9255627  -0.51709581
 -0.55301795  0.          0.        ]
log likelihood =  1129.8526787542892
Lr derivatives =  [6.514494141590912, -0.2605081782466314, -3.126979208900593]
other derivatives =  [ 5.502352   -4.40854819 15.69283086  1.61478511  1.97351255  4.99667294]
Current x_clock array =  [-0.55263891 -0.73596193 -0.54667659  0.63498114 -6.41702049 -0.58620804
 -0.55109809  0.          0.        ]
log likelihood =  1128.7940154734347
Lr derivatives =  [7.583217884487787, 0.8286421365602132, -4.205912773613818]
other derivatives =  [9.70171641 3.92192305 5.47051968 1.13891474 1.42899808 4.28053681]
Current x_clock array =  [-0.54796482 -0.71482878 -0.57144219  0.59657565 -6.74425174 -0.62981924
 -0.55405263  0.          0.        ]
log likelihood =  1127.4131374381645
Lr derivatives =  [5.752140618187772, 0.3780422417003253, -3.0650880944449455]
other derivatives =  [ 0.02205525  7.61283445 -1.16506271 -0.05461516  0.68407644  3.21197149]
Current x_clock array =  [-0.56017013 -0.70218343 -0.59093284  0.51575865 -7.46657805 -0.73101711
 -0.58434847  0.          0.        ]
log likelihood =  1126.6177510510652
Lr derivatives =  [0.9894680234863751, -1.673263645247367, 0.3418790583964437]
other derivatives =  [ 1.4671059   1.83849806 -3.42986368 -1.66246537  0.32437129  2.33665105]
Current x_clock array =  [-0.55805265 -0.71187521 -0.60426256  0.44137672 -8.18341846 -0.8483228
 -0.63627305  0.          0.        ]
log likelihood =  1126.3506503970812
Lr derivatives =  [-2.085694948189035, -3.426140410032246, -1.7311870588409148]
other derivatives =  [-4.30561613 -0.21404958  0.67639121 -2.58296495  0.17462298  1.60896434]
Current x_clock array =  [-0.56548188 -0.7138807  -0.59573706  0.40554048 -8.78291769 -0.96115803
 -0.65868399  0.         -0.01671974]
log likelihood =  1126.194369671633
Lr derivatives =  [-1.3317735536498452, -2.7990106814471027, -1.9489744564852105]
other derivatives =  [-0.73405317 -1.10735527  0.43723958 -2.79524102  0.12119017  1.17033778]
Current x_clock array =  [-0.56159376 -0.71766225 -0.59573107  0.39702358 -9.15500273 -1.03614232
 -0.6513973   0.         -0.01611301]
log likelihood =  1125.9391122544384
Lr derivatives =  [1.0826048058467768, -0.7592082217196952, -0.16170815797522664]
other derivatives =  [-0.99746558 -0.64587766  1.30021363 -2.47268872  0.0565251   0.45558863]
Current x_clock array =  [-0.5629373  -0.72004107 -0.58919253  0.40964869 -9.93410394 -1.2031788
 -0.63132536  0.          0.        ]
log likelihood =  1125.7875660840782
Lr derivatives =  [0.3110044098390521, -0.6523590713005362, 0.17066668078768998]
other derivatives =  [ 5.70043994 -1.40562406 -1.0402573  -1.04146238  0.02851266 -0.03863079]
Current x_clock array =  [ -0.55410314  -0.72282479  -0.59481688   0.46986088 -10.59514601
  -1.35973116  -0.64719926   0.           0.        ]
log likelihood =  1125.7447473053244
Lr derivatives =  [0.052410797493141814, -0.6713118870410247, 0.30945557227823883]
other derivatives =  [-0.84123712  0.00397904 -0.57693796 -0.27184797  0.02173692 -0.16943886]
Current x_clock array =  [ -0.56181983  -0.71869354  -0.59184592   0.49789203 -10.85726068
  -1.42336385  -0.65101731   0.           0.        ]
log likelihood =  1125.7464890133308
Lr derivatives =  [-0.075758328060612, -0.7817460122766324, -3.072879003883001]
other derivatives =  [-0.0787395   0.03931291 -0.17914772 -0.16113972  0.02219167 -0.16577815]
Current x_clock array =  [-5.60867202e-01 -7.18621126e-01 -5.90824410e-01  5.03328540e-01
 -1.08349038e+01 -1.42009793e+00 -6.51661062e-01  0.00000000e+00
 -1.24872960e-03]
log likelihood =  1125.7449541208314
Lr derivatives =  [0.025305225186651903, -0.6946855620780131, -3.0167741184227603]
other derivatives =  [-0.67977908  0.01148237 -0.49269602 -0.24840574  0.02180514 -0.16868853]
Current x_clock array =  [-5.61617848e-01 -7.18678186e-01 -5.91629340e-01  4.99044695e-01
 -1.08525205e+01 -1.42267140e+00 -6.51153798e-01  0.00000000e+00
 -2.64759390e-04]
log likelihood =  1125.7447880268653
Lr derivatives =  [0.045857125542348776, -0.6769556777927479, -3.0053176833572564]
other derivatives =  [-0.80233349  0.00579803 -0.55658802 -0.2662091   0.02175966 -0.16925696]
Current x_clock array =  [-5.61771144e-01 -7.18689839e-01 -5.91793722e-01  4.98169852e-01
 -1.08561182e+01 -1.42319695e+00 -6.51050205e-01  0.00000000e+00
 -6.38138550e-05]
log likelihood =  1125.7447558569124
Lr derivatives =  [0.0507433554230845, -0.6727390981327572, -3.002591534569586]
other derivatives =  [-0.83146006  0.00445652 -0.57179932 -0.27043825  0.02173692 -0.16939339]
Current x_clock array =  [-5.61807623e-01 -7.18692612e-01 -5.91832839e-01  4.97961671e-01
 -1.08569743e+01 -1.42332201e+00 -6.51025554e-01  0.00000000e+00
 -1.59962644e-05]
log likelihood =  1125.7447483613241
Lr derivatives =  [0.05194754697689863, -0.6716998631044307, -3.001919545904343]
other derivatives =  [-0.8386678   0.00409273 -0.57557372 -0.27148417  0.02171419 -0.16943886]
Current x_clock array =  [-5.61816615e-01 -7.18693295e-01 -5.91842481e-01  4.97910355e-01
 -1.08571853e+01 -1.42335284e+00 -6.51019477e-01  0.00000000e+00
 -4.20929198e-06]
log likelihood =  1125.7447465476105
Lr derivatives =  [0.0522431283672411, -0.6714447674159529, -3.001754590781867]
other derivatives =  [-0.84044132  0.00402451 -0.57650595 -0.27173428  0.02169145 -0.1694616 ]
Current x_clock array =  [-5.61818822e-01 -7.18693463e-01 -5.91844848e-01  4.97897758e-01
 -1.08572371e+01 -1.42336040e+00 -6.51017986e-01  0.00000000e+00
 -1.31590407e-06]
      fun: 1125.7447465476105
 hess_inv: <9x9 LbfgsInvHessProduct with dtype=float64>
      jac: array([-0.84044132,  0.00402451, -0.57650595, -0.27173428,  0.02169145,
       -0.1694616 ,  0.05224313, -0.67144477, -3.00175459])
  message: b'CONVERGENCE: REL_REDUCTION_OF_F_<=_FACTR*EPSMCH'
     nfev: 22
      nit: 16
   status: 0
  success: True
        x: array([-5.61818822e-01, -7.18693463e-01, -5.91844848e-01,  4.97897758e-01,
       -1.08572371e+01, -1.42336040e+00, -6.51017986e-01,  0.00000000e+00,
       -1.31590407e-06])
