number of sites to be analyzed:  285
log likelihood =  4161.9917740308965
Lr derivatives =  [-268.60155467221085, -346.8487075056739, -217.45623823469603]
other derivatives =  [-78.36579243 -33.79482223  -4.04697857  36.00052878 221.83357942
  10.26955943]
Current x_clock array =  [-0.81040404 -0.9394393  -0.61771622  0.74193734 -0.10536052 -0.51082562
 -0.51082562 -0.51082562 -0.51082562]
log likelihood =  3964.2048665231437
Lr derivatives =  [111.97819301526175, -126.52031183016459, -85.48500584787858]
other derivatives =  [-56.339195   -20.82911124 -67.8185188    5.7629677  193.03515728
  29.79536475]
Current x_clock array =  [-0.80823376 -0.93690074 -0.61609589  0.63918794 -0.73849753 -0.54013606
  0.25579224 -0.50936767 -0.50936767]
log likelihood =  3859.1053126167044
Lr derivatives =  [107.82286711949438, -81.75843702622895, -44.53838288281132]
other derivatives =  [ 49.77046046   7.77445166  44.99884199   2.03599484 156.36701391
  28.65740498]
Current x_clock array =  [-0.73055257 -0.90859755 -0.5068926   0.61047834 -1.16977073 -0.59378401
  0.21974453 -0.3659479  -0.40936217]
log likelihood =  3782.8177472455645
Lr derivatives =  [-118.1279517350567, -100.73665716305842, 73.82122637030612]
other derivatives =  [-133.8869879    22.44887582  -89.81123756   26.89625944  -97.95357983
   12.59249984]
Current x_clock array =  [-0.8393609  -0.90410843 -0.53088189  0.51783602 -2.75173879 -0.81109399
 -0.00451194  0.         -0.10880247]
log likelihood =  3739.2282284659946
Lr derivatives =  [-35.48068728753833, -68.3409950785946, -25.81775300108441]
other derivatives =  [ 62.81538845  -6.13426892   6.56523298   5.14287422 -16.20255716
  12.51942194]
Current x_clock array =  [-0.7093213  -0.97409405 -0.48257677  0.49772925 -2.32625037 -0.80970758
  0.10832465  0.         -0.32129488]
log likelihood =  3736.360670038944
Lr derivatives =  [-8.515789387279675, -50.88464966067428, -12.437009272440099]
other derivatives =  [-26.84100764  -3.66185304  18.34796421   3.65103006   4.2357442
  13.24715413]
Current x_clock array =  [-0.77430407 -0.96586395 -0.47281987  0.4932633  -2.25697207 -0.81994448
  0.15679229  0.         -0.31018023]
log likelihood =  3735.4508917326293
Lr derivatives =  [-5.795315682869613, -47.590728547789844, -7.839568585218053]
other derivatives =  [-8.10587153 -0.30836418 -6.0174898   3.05035428  1.51921995 12.55725692]
Current x_clock array =  [-0.76087121 -0.96284319 -0.48551091  0.48659843 -2.29767647 -0.83489951
  0.17697762  0.         -0.29886991]
log likelihood =  3734.7740780287295
Lr derivatives =  [-2.1519532671938215, -42.113293851306096, -0.2368656658220587]
other derivatives =  [ 8.11542122  3.56235432 -5.66697054  0.9395535  -0.44551598 11.44762791]
Current x_clock array =  [-0.75135441 -0.96083536 -0.48266735  0.47351638 -2.36244518 -0.86661264
  0.21559895  0.         -0.28091163]
log likelihood =  3734.256443129371
Lr derivatives =  [1.0022590835185694, -37.57121101612889, 4.531473016981625]
other derivatives =  [ 7.47909326  2.86604518 -3.87003638 -0.87916305 -0.9649284   9.86615305]
Current x_clock array =  [-0.75341559 -0.966345   -0.47874463  0.46067175 -2.41872278 -0.91407327
  0.2575731   0.         -0.27095698]
log likelihood =  3733.5367393958395
Lr derivatives =  [0.9174480779658107, -35.89637313282409, 1.1125018147485175]
other derivatives =  [ 0.08349161  2.26618795  1.89806997 -1.93776941 -3.1748641   6.52676135]
Current x_clock array =  [-0.76000764 -0.97248106 -0.47173942  0.45388613 -2.48961986 -1.01921622
  0.31178851  0.         -0.28052886]
log likelihood =  3733.148917461469
Lr derivatives =  [13.842054790053371, -26.508427142969598, 6.499575895957906]
other derivatives =  [-3.90236892 -4.09095264 -7.36677066 -2.43621798  5.78202162  3.5960511 ]
Current x_clock array =  [-0.76425504 -0.98755074 -0.47506196  0.46682467 -2.47886033 -1.15546741
  0.3458825   0.         -0.27297011]
log likelihood =  3732.7590194067207
Lr derivatives =  [7.066641237570801, -30.854759818846865, 1.0238680506629176]
other derivatives =  [-3.35376171 -3.52897587  4.38503776 -1.12022462  0.87970875  2.38792381]
Current x_clock array =  [-0.76301329 -0.98674062 -0.46826817  0.47877743 -2.48876157 -1.21614309
  0.33530724  0.         -0.28001316]
log likelihood =  3732.4175584731374
Lr derivatives =  [1.4755523277860956, -35.39269914206387, -3.872278023527665]
other derivatives =  [-3.3296601  -2.22980816  4.19822754  1.630724   -2.50793164  1.35482878]
Current x_clock array =  [-0.76119355 -0.98210858 -0.46912377  0.50344588 -2.45470083 -1.28739898
  0.29638024  0.         -0.28317214]
log likelihood =  3732.170417924033
Lr derivatives =  [-1.2065616738115734, -38.17466679581098, -4.458755233934717]
other derivatives =  [-1.31517481  0.21714186 10.59306669  4.61104719 -1.72221917  0.70945134]
Current x_clock array =  [-0.75785059 -0.973015   -0.46850983  0.53080821 -2.37381158 -1.37225814
  0.23255946  0.         -0.27283672]
log likelihood =  3732.047093869369
Lr derivatives =  [-2.9754945241191706, -40.05561992644952, -5.145286230899881]
other derivatives =  [-1.73668013 -0.65720087 -7.9689471   4.74447006 -2.44976945  0.27125679]
Current x_clock array =  [-0.75686752 -0.97152804 -0.48062413  0.51955401 -2.33792583 -1.42014138
  0.1999061   0.         -0.26781336]
log likelihood =  3731.954444620345
Lr derivatives =  [0.09995492543342, -37.59819815331, -1.539970821492643]
other derivatives =  [ 0.86861291 -0.76606739 -6.18069862  3.38936843 -0.45415618  0.19667823]
Current x_clock array =  [-0.75564533 -0.97161385 -0.48021849  0.50790351 -2.32901339 -1.43820772
  0.19834849  0.         -0.25975121]
log likelihood =  3731.88949456128
Lr derivatives =  [1.537888464789443, -36.29095215332893, 2.0019952325999384]
other derivatives =  [ 1.2878445  -0.14151738 -2.75767889  1.51403583  0.83873601  0.1720764 ]
Current x_clock array =  [-0.75583735 -0.96911526 -0.47966202  0.48647028 -2.31310446 -1.45909773
  0.18630732  0.         -0.24990501]
log likelihood =  3731.8688234724714
Lr derivatives =  [0.9475063395496388, -36.86364032853321, 1.3167187585956004]
other derivatives =  [ 0.63396328 -0.31413947 -0.78280209  0.39644874  0.70212991  0.11973498]
Current x_clock array =  [-0.75647156 -0.96869647 -0.47918935  0.4722239  -2.30909815 -1.46548273
  0.18110283  0.         -0.25062213]
log likelihood =  3731.86422323624
Lr derivatives =  [0.271279659500935, -37.432268097153894, 0.20605752896647367]
other derivatives =  [ 0.34783625  0.32696335 -0.16443664 -0.10204531  0.11841621  0.03055902]
Current x_clock array =  [-0.7568015  -0.96740323 -0.47891184  0.46536133 -2.31232095 -1.46930312
  0.18110345  0.         -0.25285299]
log likelihood =  3731.864189094742
Lr derivatives =  [-0.13258574054418482, -37.72330285218339, -0.07142427312603239]
other derivatives =  [-0.73941919 -0.18690116  0.16439117  0.01064109  0.01477929  0.02205525]
Current x_clock array =  [-0.7574504  -0.96818352 -0.47876154  0.46613158 -2.31095073 -1.47101448
  0.17962574  0.         -0.25307691]
log likelihood =  3731.863984062646
Lr derivatives =  [0.06170474343430499, -37.58330604876095, 0.062033569149587464]
other derivatives =  [-0.21695996  0.06007213  0.00641194 -0.04361027  0.0646196   0.02614797]
Current x_clock array =  [-0.75713843 -0.96780838 -0.4788338   0.46576126 -2.31160949 -1.47019171
  0.18033618  0.         -0.25296926]
log likelihood =  3731.863924491444
Lr derivatives =  [0.00574403765384135, -37.62225470198266, -0.020125395749836628]
other derivatives =  [-0.00550244  0.00736691  0.01291482 -0.01236913  0.02805791  0.01437002]
Current x_clock array =  [-0.75697406 -0.96793117 -0.47882035  0.4661455  -2.31170706 -1.47108519
  0.18030097  0.         -0.25309937]
log likelihood =  3731.8639136509332
Lr derivatives =  [-0.003932147931408281, -37.618617211678725, -0.0272970295607049]
other derivatives =  [ 0.01550688 -0.00668479 -0.01004992  0.00031832  0.00491127  0.00736691]
Current x_clock array =  [-0.75695725 -0.96798421 -0.47881195  0.46630967 -2.31201179 -1.47156729
  0.18047002  0.         -0.25310735]
log likelihood =  3731.8639097322675
Lr derivatives =  [-0.00932626834420791, -37.61210578312157, -0.00698391344577054]
other derivatives =  [ 0.00500222  0.00318323 -0.00836735  0.00418368 -0.00618456  0.00181899]
Current x_clock array =  [-0.75696374 -0.96797023 -0.47880587  0.46634734 -2.31207099 -1.47213632
  0.18045799  0.         -0.25302853]
      fun: 3731.8639097322675
 hess_inv: <9x9 LbfgsInvHessProduct with dtype=float64>
      jac: array([ 5.00222086e-03,  3.18323146e-03, -8.36735126e-03,  4.18367563e-03,
       -6.18456397e-03,  1.81898940e-03, -9.32626834e-03, -3.76121058e+01,
       -6.98391345e-03])
  message: 'CONVERGENCE: REL_REDUCTION_OF_F_<=_FACTR*EPSMCH'
     nfev: 24
      nit: 22
     njev: 24
   status: 0
  success: True
        x: array([-0.75696374, -0.96797023, -0.47880587,  0.46634734, -2.31207099,
       -1.47213632,  0.18045799,  0.        , -0.25302853])
{('N0', 'N1'): [2.623368417209983, 2.623368417209983], ('N0', 'ENSLOCG'): [0.0, 0.0], ('N1', 'ENSGACG'): [22.015669927467357, 21.86155739408382], ('N1', 'ENSDARG'): [20.86125329691904, 21.99008591070929]}
