number of sites to be analyzed:  304
log likelihood =  4136.127712538071
Lr derivatives =  [-191.22912097507066, -323.4205436801857, -170.28888425984152]
other derivatives =  [-16.83847586 -19.73776307  32.69178706  -4.42360033 270.52556106
  13.41086318]
Current x_clock array =  [-0.71084676 -0.70844213 -0.50867277  0.74193734 -0.10536052 -0.51082562
 -0.51082562 -0.51082562 -0.51082562]
log likelihood =  3907.922778535686
Lr derivatives =  [68.87327569143744, -170.56479029002625, -99.3256569734664]
other derivatives =  [ -16.92610567    6.49783942 -114.5443548    -1.24382495  211.35019779
   31.05242286]
Current x_clock array =  [-0.70886342 -0.70646601 -0.60678739  0.75521346 -0.91726203 -0.55107432
  0.06309136 -0.50929253 -0.50929253]
log likelihood =  3715.1631774249654
Lr derivatives =  [52.83037387341328, -105.01404430423874, -64.76496685683864]
other derivatives =  [ 39.40003808  17.07362571 219.3734872    3.4812274   91.58015928
  31.98283594]
Current x_clock array =  [-0.67735791 -0.74187912 -0.36658627  0.76846095 -2.09706993 -0.66578177
  0.30065512 -0.36576206 -0.40692883]
log likelihood =  3695.03596835971
Lr derivatives =  [-77.6103634168806, -126.21133728668173, -57.101006661099724]
other derivatives =  [-116.33583199  -33.71396815 -247.04031603   31.90166353  -80.94320947
   19.27928679]
Current x_clock array =  [-0.74426935 -0.81976453 -0.63418215  0.77154728 -3.28907048 -0.8355765
  0.35417816 -0.14932751 -0.24816221]
log likelihood =  3639.1690876942407
Lr derivatives =  [-21.45189024283001, -87.61745044629595, -25.9084485050203]
other derivatives =  [ 24.97113201  -9.18175829 -89.21406334  14.53568075 -24.65026228
  22.46056283]
Current x_clock array =  [-0.66854128 -0.78954221 -0.50313017  0.74500776 -2.94758178 -0.82727826
  0.3028304  -0.05152662 -0.20737716]
log likelihood =  3631.781801048918
Lr derivatives =  [11.404135859715446, -61.407900831360756, 0.4438920482463402]
other derivatives =  [-30.07135092   2.35304469  76.78222573   4.92282197   8.03079274
  23.53572199]
Current x_clock array =  [-0.70979894 -0.77516706 -0.41368196  0.7243034  -2.77693529 -0.84680127
  0.27433957  0.         -0.17110673]
log likelihood =  3629.5884419735658
Lr derivatives =  [3.35951639392475, -66.45392028694754, -1.9787282318810249]
other derivatives =  [ 1.20153345 -0.0853106   1.46137609  7.17677722 -0.67757355 22.54041647]
Current x_clock array =  [-0.68771111 -0.77839186 -0.45005327  0.72305937 -2.82119208 -0.86006082
  0.27242349  0.         -0.16993296]
log likelihood =  3629.1444641769835
Lr derivatives =  [2.2714002288083748, -66.84574339264218, -0.49661412618410594]
other derivatives =  [ 1.96932888 -0.19676918 -4.33446985  7.04467311 -1.72826731 21.90636224]
Current x_clock array =  [-0.68696382 -0.77845144 -0.45321203  0.71739669 -2.82316917 -0.87770274
  0.26739308  0.         -0.16539178]
log likelihood =  3627.8157315476005
Lr derivatives =  [-1.9889688677823045, -68.37625537536, 6.268178950774278]
other derivatives =  [  4.99612725  -0.67643668 -26.50754141   6.53794814  -5.8587375
  19.49952093]
Current x_clock array =  [-0.68397466 -0.77868977 -0.46584703  0.69474596 -2.83107755 -0.9482704
  0.24727145  0.         -0.14722706]
log likelihood =  3624.6810581384243
Lr derivatives =  [-4.444009740450234, -68.46323642319143, 20.505238160182735]
other derivatives =  [ 10.25819074  -0.06061782 -36.9924237    2.55322448  -6.74835974
  14.03877832]
Current x_clock array =  [-0.68010877 -0.77656055 -0.47440981  0.62777738 -2.78815937 -1.15200958
  0.19100266  0.         -0.12012049]
log likelihood =  3621.347257130552
Lr derivatives =  [-18.26094426477208, -82.11813845638999, -24.365185468343334]
other derivatives =  [  1.01272235  -5.26433723 -45.29588296  -4.7978574  -11.51452125
   5.54255166]
Current x_clock array =  [-0.68482324 -0.77808704 -0.48635189  0.49780938 -2.69680955 -1.62589487
  0.09626726  0.         -0.20424863]
log likelihood =  3619.3671807835217
Lr derivatives =  [-6.885255421276426, -72.43434501583477, -3.7562354539113585]
other derivatives =  [20.4871867   2.19197318 -5.21163201 -8.26298674 -0.08822099  4.55638656]
Current x_clock array =  [-0.67583274 -0.7696265  -0.4630797   0.48886081 -2.63758054 -1.75667833
  0.08719894  0.         -0.16037362]
log likelihood =  3618.8627276594643
Lr derivatives =  [-4.088571417557638, -69.19861032515482, 3.847811533522872]
other derivatives =  [-0.46375135  2.08287929  9.12505129 -8.60513865  1.51621862  3.93383743]
Current x_clock array =  [-0.68899099 -0.7702296  -0.45372874  0.49188047 -2.6396835  -1.83044318
  0.09626248  0.         -0.1461727 ]
log likelihood =  3618.534843201741
Lr derivatives =  [-2.617361111224035, -67.80992828434279, 3.506029840570811]
other derivatives =  [-7.05886123  1.03955244 14.89706847 -8.37658263  1.26074156  3.1838681 ]
Current x_clock array =  [-0.69340402 -0.77240127 -0.44964218  0.49660128 -2.65129873 -1.91331578
  0.10767758  0.         -0.14656127]
log likelihood =  3617.861128549266
Lr derivatives =  [3.917835333414452, -63.1705216028649, 1.1202908020114748]
other derivatives =  [-12.29545887   0.15343176  12.22642823  -6.7891051    2.29902071
   1.56596798]
Current x_clock array =  [-0.69747165 -0.77605257 -0.44896318  0.5202907  -2.67106285 -2.13494838
  0.13926775  0.         -0.15182733]
log likelihood =  3617.600890295551
Lr derivatives =  [-4.705133633368561, -67.27051580767647, -1.0769652144099489]
other derivatives =  [ 2.01762305 -4.04547791 27.08943612 -1.39807526 -5.71590135  0.50508788]
Current x_clock array =  [-0.68790756 -0.78266689 -0.4392702   0.57861819 -2.71347734 -2.38614493
  0.13944737  0.         -0.14834225]
log likelihood =  3617.2692743134285
Lr derivatives =  [-0.003287709220771262, -64.7150903604254, -1.4453079869280963]
other derivatives =  [-5.50671757  0.3340574   0.694763   -0.55342753 -2.523484    0.21218511]
Current x_clock array =  [-0.69248255 -0.77703551 -0.45298671  0.58624646 -2.68898961 -2.48531732
  0.13955653  0.         -0.15099214]
log likelihood =  3617.216714535436
Lr derivatives =  [1.286115031987542, -63.934977807211645, -0.0471450839899461]
other derivatives =  [-0.45674824  1.28247848 -1.62353899 -0.6479695  -0.77020559  0.12105374]
Current x_clock array =  [-0.68941421 -0.7755926  -0.45475927  0.58564423 -2.67120819 -2.54375196
  0.13172157  0.         -0.14863729]
log likelihood =  3617.1965146054463
Lr derivatives =  [0.6289753602204797, -64.35028344016423, 0.26186650217499974]
other derivatives =  [ 1.68347469  0.28076101 -2.26791599 -0.40809027 -0.20263542  0.04074536]
Current x_clock array =  [-0.68793537 -0.77632146 -0.45551262  0.5869478  -2.65737246 -2.60748924
  0.12172222  0.         -0.14744543]
log likelihood =  3617.1917333126903
Lr derivatives =  [-0.11412507300924801, -64.87074744632368, -0.42384731727349134]
other derivatives =  [ 5.13318810e-01  7.54971552e-01 -1.04028004e+00 -1.66483005e-01
 -1.06138032e-01 -4.54747351e-04]
Current x_clock array =  [-0.68859985 -0.77540071 -0.45498799  0.58875032 -2.65027906 -2.64207559
  0.1162159   0.         -0.14827239]
log likelihood =  3617.1907118699037
Lr derivatives =  [-0.15729520707154165, -64.79139780419192, 0.20541955996057837]
other derivatives =  [ 0.03960849 -0.30067895 -0.19585968 -0.03337846 -0.06884875 -0.00704858]
Current x_clock array =  [-0.68886804 -0.77671266 -0.45444863  0.59074601 -2.65026076 -2.6491785
  0.11626173  0.         -0.14703817]
log likelihood =  3617.1905525130524
Lr derivatives =  [-0.048178076139542725, -64.74662676436273, 0.01710619336484598]
other derivatives =  [-0.02310117 -0.04442882 -0.02755769 -0.05716174 -0.04474714 -0.00645741]
Current x_clock array =  [-0.68893622 -0.77643014 -0.45434229  0.59065169 -2.65063823 -2.64678832
  0.11685881  0.         -0.14745519]
log likelihood =  3617.190534296803
Lr derivatives =  [-0.005487916936850468, -64.72271642291551, -0.001269607277585294]
other derivatives =  [-0.02637535 -0.00736691  0.03537934 -0.04774847 -0.02673914 -0.00645741]
Current x_clock array =  [-0.68894628 -0.77639753 -0.45429791  0.59085731 -2.65070409 -2.64624195
  0.11705888  0.         -0.14751268]
log likelihood =  3617.1905181353186
Lr derivatives =  [0.01995709476130969, -64.71096060629864, -0.014872462659837993]
other derivatives =  [-0.02996785  0.01577973  0.03733476 -0.02564775 -0.01346052 -0.00536602]
Current x_clock array =  [-0.68895174 -0.77637739 -0.45428653  0.59118239 -2.65071722 -2.64514248
  0.11719697  0.         -0.14755709]
log likelihood =  3617.1905061091516
Lr derivatives =  [0.02432665933751821, -64.71430614320698, -0.014649791764295372]
other derivatives =  [ 2.77395884e-02 -4.54747351e-05  4.02906153e-02 -4.13820089e-03
  5.04769559e-03 -2.63753464e-03]
Current x_clock array =  [-0.68891546 -0.77639574 -0.45428365  0.5914814  -2.65055695 -2.64348027
  0.11717903  0.         -0.14757132]
log likelihood =  3617.1905038349023
Lr derivatives =  [0.01448556834652237, -64.72046498117928, 0.012683803666273974]
other derivatives =  [-0.03747118  0.01700755 -0.01937224  0.00627551  0.00495675 -0.00022737]
Current x_clock array =  [-0.68895203 -0.77636915 -0.45431492  0.59158482 -2.65050769 -2.64217149
  0.11713859  0.         -0.14752561]
      fun: 3617.1905038349023
 hess_inv: <9x9 LbfgsInvHessProduct with dtype=float64>
      jac: array([-3.74711817e-02,  1.70075509e-02, -1.93722371e-02,  6.27551344e-03,
        4.95674612e-03, -2.27373675e-04,  1.44855683e-02, -6.47204650e+01,
        1.26838037e-02])
  message: b'CONVERGENCE: REL_REDUCTION_OF_F_<=_FACTR*EPSMCH'
     nfev: 26
      nit: 24
   status: 0
  success: True
        x: array([-0.68895203, -0.77636915, -0.45431492,  0.59158482, -2.65050769,
       -2.64217149,  0.11713859,  0.        , -0.14752561])
