number of sites to be analyzed:  186
Successfully loaded parameter value from ./save/MG94561.txt
log likelihood =  -4584.025636055969
Edge derivatives =  [-0.0052412901581984795, 0.015031324160971603, -0.007403113569594555, 0.007524079895811997, -0.0007524897793571725, -0.00036972131500149184, -0.0010450651042570036, -0.016215949283143016, 0.03425908913512801, -0.0003619649993505461, 0.0223773820964588, 0.015172866312423545, -0.019916712253535307, 0.025316755721660457, -0.014470550708661739, -0.006730279489302687]
other derivatives: [ 0.02401066  0.01418812 -0.00636646 -0.01500666 -0.02883098  0.00145519]
Current x array =  [ -0.71059573  -0.72210149  -0.59079812   0.46186218  -3.36736502
  -0.83769359  -2.84478445  -0.33116714  -0.88732393  -0.59273019
 -10.6718778   -2.94161742  -1.39202593   0.98371199  -0.25991506
  -1.4121485   -2.93976423  -1.5790405   -1.44223144  -2.42455812
  -0.10086625  -1.48959323]
log likelihood =  -4584.744408187707
Edge derivatives =  [-0.0255218149213387, -0.33096812374374296, 0.08541849025807419, -0.17577362180901218, -0.0008055365170895518, -0.12364244847592909, -0.0627829357102819, 2.2797132693447053, -3.0228501856673327, -0.541322189372323, -0.0827360251758899, -0.6760844629683462, 0.35248597841778617, -0.327668652009401, 0.9970731403800343, -0.21201773505047852]
other derivatives: [-36.22790246 -15.59938028   6.96527422   0.7462404    4.24952304
   0.2068191 ]
Current x array =  [ -0.68658507  -0.70791338  -0.59716458   0.44685552  -3.396196
  -0.83623839  -2.85002574  -0.31613582  -0.89472704  -0.58520611
 -10.67263029  -2.94198715  -1.393071     0.96749604  -0.22565597
  -1.41251046  -2.91738685  -1.56386763  -1.46214815  -2.39924137
  -0.1153368   -1.49632351]
log likelihood =  -4584.025624621805
Edge derivatives =  [-0.005319284052014702, 0.01367000467825253, -0.006978786423256417, 0.006845154576454529, -0.0007527008959378501, -0.0008595765620690934, -0.0012664310256821423, -0.006839859615546173, 0.02212796985985903, -0.002464854112924436, 0.021983560066633406, 0.01247522154619931, -0.018327117661327996, 0.023926782253158974, -0.010314997479882904, -0.007509199038939471]
other derivatives: [-0.11423253 -0.04602043  0.02182787 -0.01236913 -0.01164153  0.00200089]
Current x array =  [ -0.71050035  -0.72204513  -0.59082341   0.46180257  -3.36747955
  -0.83768781  -2.84480527  -0.33110743  -0.88735334  -0.5927003
 -10.67188079  -2.94161889  -1.39203009   0.98364757  -0.25977897
  -1.41214994  -2.93967534  -1.57898022  -1.44231056  -2.42445755
  -0.10092374  -1.48961997]
log likelihood =  -4584.025610233379
Edge derivatives =  [-0.005202467781562029, 0.01282066107486797, -0.00526122538941963, 0.00740248069834705, -0.00075271195304854, -0.0010985557992968346, -0.0006747472270021704, 0.0032591594254849365, 0.014346730796228654, -0.0015972463656391683, 0.022036710060069815, 0.010648388586669603, -0.014980462802882788, 0.02372103485077097, -0.0037385734178515817, -0.006548404859134153]
other derivatives: [-0.06393748 -0.0426553   0.02619345 -0.00873115  0.00818545  0.0007276 ]
Current x array =  [ -0.71053322  -0.72204436  -0.59082265   0.46174438  -3.36757994
  -0.83768141  -2.84482653  -0.33104794  -0.88738287  -0.59267052
 -10.67188383  -2.94162085  -1.39203452   0.98359083  -0.25965188
  -1.41215337  -2.93958524  -1.57892142  -1.44238958  -2.42435651
  -0.10097833  -1.48964791]
log likelihood =  -4584.0255929860805
Edge derivatives =  [-0.004732955670261659, 0.009166862868373593, 0.0006476017436936043, 0.008224054939739586, -0.0007525349720639758, -0.0013404429880589895, 0.00047997945020241545, 0.01964188797339167, -0.003573469861383155, 0.0018362414762759377, 0.02228801905011888, 0.0057565031960575275, -0.005194580986995767, 0.023803051804085616, 0.01291992896022684, -0.003335319974349181]
other derivatives: [-0.01546141  0.01973604 -0.05911716  0.01173248  0.03656169 -0.00418368]
Current x array =  [ -0.71056343  -0.72211334  -0.59075429   0.4615908   -3.36775165
  -0.83766808  -2.84489086  -0.33087319  -0.88746288  -0.59257763
 -10.67189311  -2.94162885  -1.39204512   0.9834872   -0.25932502
  -1.41216224  -2.93931072  -1.57875611  -1.44260987  -2.42405151
  -0.10110254  -1.48972902]
log likelihood =  -4584.02558678697
Edge derivatives =  [-0.005037168153980084, 0.006641533391057192, -0.0006170762099479976, 0.00571153327683116, -0.0007528766042037818, -0.002123988630733412, -0.0003041891799415927, 0.021154413161437235, -0.019685412165291696, 0.0002479873003934374, 0.021795480700449933, 0.002015965823587103, -0.002942949080734669, 0.022022515657887168, 0.013350137563492875, -0.0037896009093984773]
other derivatives: [ 0.05848051  0.01300577  0.07594281  0.01209628  0.03692548 -0.00500222]
Current x array =  [ -0.71061138  -0.72210336  -0.59084902   0.46154126  -3.36775782
  -0.83767055  -2.84493225  -0.33076863  -0.8875004   -0.59251492
 -10.67189923  -2.9416356   -1.39204926   0.98347839  -0.25917347
  -1.4121626   -2.93912964  -1.57866339  -1.44272812  -2.42385235
  -0.10113548  -1.48977557]
      fun: 4584.02558678697
 hess_inv: <22x22 LbfgsInvHessProduct with dtype=float64>
      jac: array([-0.05848051, -0.01300577, -0.07594281, -0.01209628, -0.03692548,
        0.00500222,  0.00503717, -0.00664153,  0.00061708, -0.00571153,
        0.00075288,  0.00212399,  0.00030419, -0.02115441,  0.01968541,
       -0.00024799, -0.02179548, -0.00201597,  0.00294295, -0.02202252,
       -0.01335014,  0.0037896 ])
  message: b'CONVERGENCE: REL_REDUCTION_OF_F_<=_FACTR*EPSMCH'
     nfev: 6
      nit: 4
   status: 0
  success: True
        x: array([ -0.71061138,  -0.72210336,  -0.59084902,   0.46154126,
        -3.36775782,  -0.83767055,  -2.84493225,  -0.33076863,
        -0.8875004 ,  -0.59251492, -10.67189923,  -2.9416356 ,
        -1.39204926,   0.98347839,  -0.25917347,  -1.4121626 ,
        -2.93912964,  -1.57866339,  -1.44272812,  -2.42385235,
        -0.10113548,  -1.48977557])
