number of sites to be analyzed:  127
log likelihood =  998.7397309570574
Lr derivatives =  [50.560393851490275, -17.09822079667417, 1.1102230246251565e-15]
other derivatives =  [  6.4806386  -17.57721293  16.37669129 -11.71624717  73.10590036
   5.93136065]
Current x_clock array =  [-0.57682336 -0.69877044 -0.61374955  0.74193734 -0.10536052 -0.51082562
 -0.51082562 -0.51082562 -0.51082562]
log likelihood =  940.4757494086654
Lr derivatives =  [-17.504317766203584, -32.08585584457544, 1.0658141036401503e-14]
other derivatives =  [-39.73776757 -12.43380439 -25.06706096  -3.30988996  52.18446404
   4.41192469]
Current x_clock array =  [-0.64759971 -0.69168509 -0.79260267  0.86989283 -0.9037647  -0.5756032
 -1.06300581 -0.50524679 -0.51082562]
log likelihood =  931.3019701964674
Lr derivatives =  [-47.42383298786649, -30.958485841325405, -2.1316282072803006e-14]
other derivatives =  [339.85478467  11.88709575  -5.38769882  12.44310397  18.34816885
   3.05320782]
Current x_clock array =  [-0.31594744 -0.60902372 -0.7022736   1.01608317 -2.12886109 -0.67676637
 -1.37842318 -0.22795148 -0.51082562]
log likelihood =  914.7284793188518
Lr derivatives =  [-31.552444976685944, -31.38496234806963, 1.0658141036401503e-14]
other derivatives =  [ 65.93461421  -0.49111577 -16.97351308   3.04702326  36.34858103
   3.76414846]
Current x_clock array =  [-0.49435288 -0.65348968 -0.75086424  0.93744312 -1.46984598 -0.62234775
 -1.20875097 -0.37711672 -0.51082562]
log likelihood =  889.109498859261
Lr derivatives =  [-43.43619860764094, -26.731235218315017, -7.105427357601002e-15]
other derivatives =  [12.57909616 12.00120323 -3.6185952   8.11025984 14.11266339  3.02160288]
Current x_clock array =  [-0.55378389 -0.61734691 -0.67238946  1.01760422 -2.31044277 -0.69412815
 -1.33490964 -0.14094734 -0.51082562]
log likelihood =  872.3737647099184
Lr derivatives =  [-36.655079849922714, -20.163093125104904, 1.0658141036401503e-14]
other derivatives =  [12.18554644 -2.90109483 -7.69035751  9.24126198  3.9370093   2.83588406]
Current x_clock array =  [-0.55132361 -0.68873959 -0.67478837  1.01107587 -2.96002483 -0.76562563
 -1.15375745  0.         -0.51082562]
log likelihood =  896.3431368985108
Lr derivatives =  [11.8682053411852, -6.124572851146942, 4.6629367034256575e-15]
other derivatives =  [-21.90714667 271.36051131  26.56460083   4.45438673  -0.68624786
  -0.33461447]
Current x_clock array =  [-0.6436151  -0.33002476 -0.5159321   0.78334311 -3.94059513 -0.9486264
 -0.3105043   0.         -0.51082562]
log likelihood =  864.5979153980778
Lr derivatives =  [-19.68962884039081, -15.297469942275109, 0.0]
other derivatives =  [-7.44190629 47.1288331  -0.32282514  7.53718723  1.30776243  2.56815156]
Current x_clock array =  [-0.58325747 -0.56462032 -0.61982236  0.93227783 -3.29931292 -0.8289459
 -0.8619826   0.         -0.51082562]
log likelihood =  855.0255559907312
Lr derivatives =  [-6.891435892362237, -11.554573422675553, -1.7763568394002505e-15]
other derivatives =  [-13.2263267    3.66392214   0.73525825   3.66228505  -0.23410394
   2.58003183]
Current x_clock array =  [-0.59061476 -0.71331074 -0.59346538  0.83039482 -3.73491788 -0.90826671
 -0.47084111  0.         -0.51082562]
log likelihood =  853.9000658093015
Lr derivatives =  [-1.4217218234420257, -9.693801413327781, -3.1086244689504383e-15]
other derivatives =  [-1.08815357  0.22123459 -0.68702093  1.84460305 -0.18742412  2.27167902]
Current x_clock array =  [-0.5707649  -0.73671014 -0.5915222   0.77140235 -3.90187583 -0.95599782
 -0.29818496  0.         -0.51082562]
log likelihood =  853.7560409367388
Lr derivatives =  [0.17475797030714668, -9.03787583867643, -7.993605777301127e-15]
other derivatives =  [ 0.70506303 -0.44544777  1.42948693  1.02277227 -0.15634214  2.07152198]
Current x_clock array =  [-0.56824612 -0.74289118 -0.58233985  0.73937587 -3.96698677 -0.98996072
 -0.23326458  0.         -0.51082562]
log likelihood =  853.6919093262745
Lr derivatives =  [1.4794564113612045, -8.508506559448012, -6.661338147750939e-15]
other derivatives =  [ 0.93557446  0.1403464  -4.13797352  0.51124971 -0.10787744  1.75607511]
Current x_clock array =  [-0.56759637 -0.74310494 -0.59861329  0.70667718 -4.00419864 -1.04163208
 -0.19505107  0.         -0.51082562]
log likelihood =  853.6122913925501
Lr derivatives =  [1.556652822056126, -8.397355220182446, -3.552713678800501e-15]
other derivatives =  [ 0.47249387  0.49438995 -1.51253516  0.21758524 -0.1557396   1.62152674]
Current x_clock array =  [-0.56863614 -0.74246962 -0.5899644   0.68850442 -4.01557329 -1.07604457
 -0.18937194  0.         -0.51082562]
log likelihood =  853.4313539491361
Lr derivatives =  [1.2855536819867264, -8.264609269390085, 7.105427357601002e-15]
other derivatives =  [-0.59520744  1.08375389  2.64950586 -0.40907935 -0.28154545  1.24913413]
Current x_clock array =  [-0.57079116 -0.74035419 -0.57795443  0.63758489 -4.01270653 -1.19305786
 -0.20797922  0.         -0.51082562]
log likelihood =  853.2517082174768
Lr derivatives =  [0.435676580267903, -8.247545144496371, -1.4210854715202004e-14]
other derivatives =  [-1.04128048  1.05491154  4.06840854 -1.01450723 -0.33763854  0.90024059]
Current x_clock array =  [-0.57163835 -0.73836696 -0.57618804  0.57952781 -3.97218204 -1.35291665
 -0.26118959  0.         -0.51082562]
log likelihood =  853.1026796478607
Lr derivatives =  [-0.2614779273661467, -8.114143811187887, 5.329070518200751e-15]
other derivatives =  [ 4.86827503  1.35437404  2.780655   -1.20417099 -0.19900881  0.58405476]
Current x_clock array =  [-0.56242516 -0.73620392 -0.58267975  0.55819151 -3.91584724 -1.55882513
 -0.31237083  0.         -0.51082562]
log likelihood =  853.0231237732728
Lr derivatives =  [-1.196691424240643, -7.950837857039896, -6.217248937900877e-15]
other derivatives =  [-4.02878868e+00 -1.68122369e+00 -1.04508899e+00 -1.28552529e+00
  4.01314537e-03  3.67299435e-01]
Current x_clock array =  [-0.57538775 -0.74361172 -0.59634469  0.54294927 -3.84992316 -1.80075996
 -0.36309852  0.         -0.51082562]
log likelihood =  852.9698349147624
Lr derivatives =  [-0.4931059935770419, -7.739891786505842, -2.220446049250313e-15]
other derivatives =  [ 0.14001671 -0.6130108  -1.87737896 -1.06946345  0.08100187  0.32089247]
Current x_clock array =  [-0.56894641 -0.74185228 -0.59808104  0.56096577 -3.85762658 -1.81793171
 -0.34668968  0.         -0.51082562]
log likelihood =  852.9273865862591
Lr derivatives =  [-0.09380203228756168, -7.550118538164286, -2.220446049250313e-15]
other derivatives =  [ 2.5276222  -0.05582024 -2.01395096 -0.70755277  0.20488642  0.25598865]
Current x_clock array =  [-0.56527062 -0.74145592 -0.59749403  0.59092167 -3.85070111 -1.88158578
 -0.3393097   0.         -0.51082562]
log likelihood =  852.880906350968
Lr derivatives =  [0.3675775151431866, -7.248662628240265, 6.661338147750939e-15]
other derivatives =  [ 2.72780198  0.42750798 -1.43436409 -0.21834694  0.37360905  0.15808155]
Current x_clock array =  [-0.56495398 -0.7416568  -0.59386622  0.63284375 -3.8390796  -2.00976145
 -0.33030087  0.         -0.51082562]
log likelihood =  852.8524187765032
Lr derivatives =  [0.2635225864149766, -7.110946477872199, -8.881784197001252e-16]
other derivatives =  [ 1.3267254  -0.48553375 -0.40845407  0.10622898  0.18505943  0.08863026]
Current x_clock array =  [-0.56690634 -0.74595927 -0.58927767  0.65881244 -3.85139381 -2.14795001
 -0.32630625  0.         -0.51082562]
log likelihood =  852.8431179224452
Lr derivatives =  [0.07469310522379446, -6.978278061910462, -4.440892098500626e-16]
other derivatives =  [-0.80943892  0.98134478  0.01132321  0.22590712  0.03324203  0.04181402]
Current x_clock array =  [-0.57031587 -0.74076647 -0.58784915  0.66288035 -3.85159586 -2.28161172
 -0.33541676  0.         -0.51082562]
log likelihood =  852.8382757079693
Lr derivatives =  [-0.12996993915264854, -6.967593970308826, 2.220446049250313e-15]
other derivatives =  [-0.47592721  0.08118377  0.1925855   0.17079174 -0.00464979  0.03491323]
Current x_clock array =  [-0.56969694 -0.74363522 -0.58759087  0.6580388  -3.84960106 -2.33853141
 -0.34137227  0.         -0.51082562]
log likelihood =  852.8361233962477
Lr derivatives =  [-0.2001267434372389, -6.90765647406549, 2.220446049250313e-15]
other derivatives =  [-0.18126229 -0.22924951  0.12119017  0.09509904 -0.0247951   0.02343086]
Current x_clock array =  [-0.56919121 -0.74460245 -0.58806836  0.65166599 -3.84802751 -2.40061423
 -0.34554636  0.         -0.51082562]
log likelihood =  852.8349594255528
Lr derivatives =  [-0.13295949844619148, -6.815085122123934, -6.217248937900877e-15]
other derivatives =  [-0.00069349 -0.21742608 -0.02161187  0.03282139 -0.02454499  0.01041371]
Current x_clock array =  [-0.56889811 -0.74468426 -0.58855455  0.64710907 -3.84780041 -2.45763724
 -0.34626743  0.         -0.51082562]
log likelihood =  852.8346188449384
Lr derivatives =  [-0.03940265074036908, -6.7417680031444505, -1.7763568394002505e-15]
other derivatives =  [ 0.06493792 -0.03708465  0.12034889 -0.01658691 -0.00586624  0.00211458]
Current x_clock array =  [-0.56883844 -0.7442133  -0.58806006  0.64420754 -3.84738883 -2.49210208
 -0.34552556  0.         -0.51082562]
log likelihood =  852.8345779934853
Lr derivatives =  [0.008888697236324461, -6.718105726607801, -5.773159728050814e-15]
other derivatives =  [ 6.28688213e-03  9.08357833e-03 -8.34461389e-02  2.23963070e-03
  5.68434189e-05 -9.20863386e-04]
Current x_clock array =  [-0.56891092 -0.74414803 -0.58861589  0.64558519 -3.84731862 -2.50171005
 -0.34478392  0.         -0.51082562]
log likelihood =  852.834565543032
Lr derivatives =  [-0.002429540453965373, -6.724977944640483, -2.6645352591003757e-15]
other derivatives =  [ 7.17363946e-03  2.19415597e-03 -4.78621587e-03 -6.02540240e-04
 -1.27329258e-03 -4.54747351e-05]
Current x_clock array =  [-0.56891711 -0.74415484 -0.58837865  0.64543847 -3.84740757 -2.49834191
 -0.34485094  0.         -0.51082562]
log likelihood =  852.8345653228753
Lr derivatives =  [-0.0013066783370900836, -6.725057100789424, -7.549516567451064e-15]
other derivatives =  [ 2.55795385e-03  1.26192390e-03 -4.54747351e-04 -1.59161573e-04
 -7.95807864e-04 -2.27373675e-05]
Current x_clock array =  [-0.56892476 -0.74416072 -0.58836105  0.6454959  -3.84740918 -2.49800596
 -0.34480079  0.         -0.51082562]
      fun: 852.8345653228753
 hess_inv: <9x9 LbfgsInvHessProduct with dtype=float64>
      jac: array([ 2.55795385e-03,  1.26192390e-03, -4.54747351e-04, -1.59161573e-04,
       -7.95807864e-04, -2.27373675e-05, -1.30667834e-03, -6.72505710e+00,
       -7.54951657e-15])
  message: b'CONVERGENCE: REL_REDUCTION_OF_F_<=_FACTR*EPSMCH'
     nfev: 29
      nit: 26
   status: 0
  success: True
        x: array([-0.56892476, -0.74416072, -0.58836105,  0.6454959 , -3.84740918,
       -2.49800596, -0.34480079,  0.        , -0.51082562])
