number of sites to be analyzed:  404
log likelihood =  5529.182855288693
Lr derivatives =  [-251.38312042615178, -430.1848727667444, -215.40774207161834]
other derivatives =  [ 34.67757779  -7.77263267  94.04957382   0.80544851 368.75080696
  26.75278665]
Current x_clock array =  [-0.6875523  -0.755784   -0.43510689  0.74193734 -0.10536052 -0.51082562
 -0.51082562 -0.51082562 -0.51082562]
log likelihood =  5242.239708876172
Lr derivatives =  [70.97538262417676, -239.33966897272887, -114.41413914304046]
other derivatives =  [-131.68537407   21.39313438 -276.58461477   12.4617145   274.52924769
   40.9239874 ]
Current x_clock array =  [-0.76323654 -0.75424362 -0.64037123  0.74017944 -0.91016365 -0.56921391
  0.0378211  -0.50971074 -0.50971074]
log likelihood =  4989.434002529718
Lr derivatives =  [166.54726404047528, -81.42851268912455, -0.3949623852647086]
other derivatives =  [208.04845917  55.70036592  64.54492905  -7.55198926 182.02690626
  46.88199624]
Current x_clock array =  [-0.63273832 -0.7858322  -0.39997544  0.72133857 -1.88272965 -0.66937725
  0.33707184 -0.32735209 -0.425554  ]
log likelihood =  4905.702416970467
Lr derivatives =  [-68.44942853221278, -149.10659978533508, -35.7215064799676]
other derivatives =  [-179.89041226  -19.53048923  214.99145078   16.34825821  -55.98212738
   34.46502888]
Current x_clock array =  [-0.81923593 -0.88804056 -0.3288804   0.71561967 -3.08476963 -0.82612284
  0.46727799 -0.17689925 -0.41009941]
log likelihood =  4881.663158671945
Lr derivatives =  [-31.809705420572186, -113.19874308165558, -10.521371935958712]
other derivatives =  [  40.10098564  -16.79918569 -211.04260668   17.82336767  -43.43855835
   30.80813258]
Current x_clock array =  [-0.69587692 -0.88912638 -0.47911538  0.70231912 -3.02676429 -0.86626636
  0.41570246 -0.05471953 -0.39372031]
log likelihood =  4865.141939401972
Lr derivatives =  [1.2021766212352638, -88.99802613020691, 6.331838087864284]
other derivatives =  [ 94.43356248  -7.48850653 -54.4512659    8.41309884 -12.49773049
  32.62994142]
Current x_clock array =  [-0.67834075 -0.87886988 -0.41606549  0.69535585 -2.88999193 -0.8692233
  0.37266814  0.         -0.38046895]
log likelihood =  4861.80887382457
Lr derivatives =  [6.89337927507292, -87.47657139923653, 5.993097812009946]
other derivatives =  [-8.77571438 -3.09828465 34.9320544   7.55935616 -0.54906195 33.28832463]
Current x_clock array =  [-0.72692786 -0.87050549 -0.38549612  0.69149983 -2.81644553 -0.87910278
  0.35331697  0.         -0.38311758]
log likelihood =  4860.994122934211
Lr derivatives =  [6.652224407776973, -88.24449616703141, 4.66783613266027]
other derivatives =  [-6.74353942 -1.90630089  6.1108949   7.8699486  -0.6699338  32.34508767]
Current x_clock array =  [-0.72532492 -0.86869407 -0.39488627  0.68752979 -2.80602989 -0.89455899
  0.34589089  0.         -0.3853415 ]
log likelihood =  4858.550787011727
Lr derivatives =  [4.894215957700123, -92.3217247244602, -1.6479550452380138]
other derivatives =  [-4.88653313e+00  3.90236892e+00 -4.76206878e+01  7.90814738e+00
 -1.94631866e-02  2.79645974e+01]
Current x_clock array =  [-0.72281054 -0.86013282 -0.41465848  0.66651616 -2.75480237 -0.97556475
  0.3077684   0.         -0.39403779]
log likelihood =  4855.435851441274
Lr derivatives =  [-2.4794585792916486, -101.37545619009408, -12.855088788759662]
other derivatives =  [ -0.26839189   9.49739842 -75.77682481   6.5572749   -0.64010237
  21.07290129]
Current x_clock array =  [-0.71877977 -0.85073481 -0.42786246  0.62779918 -2.68641924 -1.12574803
  0.24627406  0.         -0.40377483]
log likelihood =  4851.294289651118
Lr derivatives =  [-13.160058259616388, -110.68714568444338, -18.934768616065274]
other derivatives =  [  5.67815732  -0.2402885  -70.58424671   1.62908691  -1.43500074
  13.29235602]
Current x_clock array =  [-0.71504135 -0.8578792  -0.42906116  0.56641994 -2.62546435 -1.37233207
  0.17834568  0.         -0.38946995]
log likelihood =  4848.4335304995
Lr derivatives =  [-2.9234672555202614, -97.47392893743034, 16.026241375168844]
other derivatives =  [  2.53367034  62.6559995  -25.34870873  -5.17611625  -0.83427949
   6.38210622]
Current x_clock array =  [-0.72284884 -0.79583715 -0.4121382   0.50048903 -2.62898932 -1.79219076
  0.15789994  0.         -0.30466049]
log likelihood =  4845.781237504185
Lr derivatives =  [-9.161116811056125, -100.69764182209084, 12.544059016429834]
other derivatives =  [ 0.10795702  2.09802238 -6.30534487 -8.44393071 -1.80552888  5.10062819]
Current x_clock array =  [-0.72306436 -0.85742593 -0.40487842  0.48176241 -2.64015674 -1.91910909
  0.15961383  0.         -0.30445474]
log likelihood =  4845.294392629341
Lr derivatives =  [-8.60607463938026, -100.2914055994776, 8.762682162973846]
other derivatives =  [-1.6470949  -4.67334758  5.14810381 -8.80709194 -1.88474587  4.30818545]
Current x_clock array =  [-0.72459614 -0.8660788  -0.4002469   0.48291627 -2.65230737 -1.98843401
  0.17224878  0.         -0.3111275 ]
log likelihood =  4844.441745187667
Lr derivatives =  [-3.1972060946169627, -96.79795879736291, 0.5152858801072]
other derivatives =  [-4.21950972 -9.51376933 21.39286153 -8.51941877 -0.61118044  2.4971996 ]
Current x_clock array =  [-0.72790923 -0.87504852 -0.39311074  0.49591496 -2.68214007 -2.17519074
  0.21200486  0.         -0.32972958]
log likelihood =  4843.95855218819
Lr derivatives =  [1.7519622313739234, -93.17327365693491, -1.3288350400647992]
other derivatives =  [-4.28781277 -6.95208655 16.08505045 -6.80629455  0.55488272  1.44636942]
Current x_clock array =  [-0.72907213 -0.87468798 -0.39363609  0.51710758 -2.6985979  -2.328602
  0.23726008  0.         -0.33595168]
log likelihood =  4843.565713925945
Lr derivatives =  [-1.0206774444355382, -94.07845383903302, -3.6246431196428333]
other derivatives =  [ 1.18980097 -0.26875568  8.08304321 -1.96387191 -3.47981768  0.51613824]
Current x_clock array =  [-0.72633048 -0.86951724 -0.39483224  0.56142134 -2.71818258 -2.53314586
  0.24555468  0.         -0.33608362]
log likelihood =  4843.505641939564
Lr derivatives =  [2.8470481348351147, -90.95047407581787, 2.0916884503930007]
other derivatives =  [-14.04896466   0.1895387  -10.65727702   0.11550583  -0.44065018
   0.24137989]
Current x_clock array =  [-0.73360604 -0.86890179 -0.40044975  0.58011021 -2.7010472  -2.67374429
  0.24331719  0.         -0.32417683]
log likelihood =  4843.424908989911
Lr derivatives =  [1.752209574926038, -91.85679295537281, 1.0254787876750129]
other derivatives =  [-0.61654646  1.21226549 -5.33000275 -0.02482921 -1.06583684  0.18235369]
Current x_clock array =  [-0.72688551 -0.86786275 -0.3990626   0.57946857 -2.69806747 -2.69181648
  0.23712757  0.         -0.32456498]
log likelihood =  4843.399441689206
Lr derivatives =  [0.9010502234127387, -92.64574601205032, 0.5096028705802027]
other derivatives =  [ 1.80425559  1.42681529 -2.02471711 -0.02082743 -0.84428393  0.12387318]
Current x_clock array =  [-0.7254915  -0.86718989 -0.39826275  0.57863652 -2.68889489 -2.72744033
  0.22894036  0.         -0.32349001]
log likelihood =  4843.382762072891
Lr derivatives =  [-0.12908812864439412, -93.62647729455688, 0.052312674631920686]
other derivatives =  [ 1.54605004  0.46393325  0.16661943  0.02673914 -0.20227162  0.04729372]
Current x_clock array =  [-0.72524688 -0.86746832 -0.39789941  0.57738266 -2.6744131  -2.78610622
  0.21742443  0.         -0.32144257]
log likelihood =  4843.38195146521
Lr derivatives =  [0.09755849513928538, -93.4833961390811, 0.17835926699434168]
other derivatives =  [-0.05411493  0.46047717  1.17215677  0.154796    0.14215402  0.02546585]
Current x_clock array =  [-0.7260395  -0.86743793 -0.39753661  0.57883114 -2.672374   -2.80265388
  0.21702891  0.         -0.32102923]
log likelihood =  4843.381497673232
Lr derivatives =  [-0.06756713534893422, -93.6202103887749, -0.020510330719055503]
other derivatives =  [ 0.06248229 -0.23865141 -0.03146852  0.12641976  0.08749339  0.01891749]
Current x_clock array =  [-0.72592343 -0.86814598 -0.39795316  0.57822959 -2.67196248 -2.80625141
  0.21645125  0.         -0.32118891]
log likelihood =  4843.381438339742
Lr derivatives =  [-0.028099114464923858, -93.58559148692234, -0.03875733841245932]
other derivatives =  [ 0.05429683 -0.14533725  0.04874892  0.11787051  0.06475602  0.01855369]
Current x_clock array =  [-0.72594921 -0.86807554 -0.39791326  0.57822686 -2.67250124 -2.80550751
  0.21688886  0.         -0.32131134]
log likelihood =  4843.381323512238
Lr derivatives =  [0.021540373386326195, -93.54669131045091, -0.05760417998458678]
other derivatives =  [ 0.05384209  0.07266863 -0.02564775  0.0689397   0.05293259  0.01282388]
Current x_clock array =  [-0.72597668 -0.86784936 -0.39794     0.57772963 -2.67277189 -2.80831757
  0.21707204  0.         -0.32135575]
log likelihood =  4843.38124248084
Lr derivatives =  [0.023834158493883706, -93.5201805465833, -0.0639170445866668]
other derivatives =  [ 0.0340151   0.04711183  0.0520231   0.00745786 -0.0001819   0.00409273]
Current x_clock array =  [-0.72601422 -0.86789891 -0.39790925  0.57713181 -2.67332361 -2.81340106
  0.21729873  0.         -0.32132443]
log likelihood =  4843.381258470493
Lr derivatives =  [0.11195752466499442, -93.43618639040687, 0.15566210332139718]
other derivatives =  [ 0.10613803  0.09149517 -0.145792   -0.01991793  0.05966285 -0.00063665]
Current x_clock array =  [-0.72598285 -0.86783617 -0.3979891   0.57684022 -2.67282809 -2.8184967
  0.21694149  0.         -0.32083678]
log likelihood =  4843.381229931007
Lr derivatives =  [0.05900001322791226, -93.48666650680006, 0.02362135699812029]
other derivatives =  [ 0.06275513  0.06475602 -0.02701199 -0.00363798  0.02364686  0.00218279]
Current x_clock array =  [-0.7260017  -0.86787387 -0.39794112  0.57701546 -2.67312588 -2.8154344
  0.21715618  0.         -0.32112984]
log likelihood =  4843.38122209313
Lr derivatives =  [-0.0071280239098925335, -93.53091860625722, -0.007000357094803178]
other derivatives =  [-2.57387001e-02  2.03726813e-02 -6.00266503e-03 -5.82076609e-03
 -2.63753464e-03  9.09494702e-05]
Current x_clock array =  [-0.72603609 -0.86790591 -0.39793806  0.57689813 -2.67301776 -2.81706282
  0.21693445  0.         -0.32110139]
      fun: 4843.38122209313
 hess_inv: <9x9 LbfgsInvHessProduct with dtype=float64>
      jac: array([-2.57387001e-02,  2.03726813e-02, -6.00266503e-03, -5.82076609e-03,
       -2.63753464e-03,  9.09494702e-05, -7.12802391e-03, -9.35309186e+01,
       -7.00035709e-03])
  message: 'CONVERGENCE: REL_REDUCTION_OF_F_<=_FACTR*EPSMCH'
     nfev: 29
      nit: 27
     njev: 29
   status: 0
  success: True
        x: array([-0.72603609, -0.86790591, -0.39793806,  0.57689813, -2.67301776,
       -2.81706282,  0.21693445,  0.        , -0.32110139])
{('N0', 'N1'): [1.4115795277373602, 1.41157952773736], ('N0', 'ENSLOCG'): [0.0, 0.0], ('N1', 'ENSGACG'): [8.15172948795029, 8.179509963835486], ('N1', 'ENSDARG'): [8.229346263535081, 7.720768403062437]}
