number of sites to be analyzed:  670
log likelihood =  -27065.17941654748
Edge derivatives =  [267.3513211826232, 192.46284242813906, 372.63173295815676, 579.8659910658386, 104.18464458996515, 115.0274220439062, 256.71380997723907, 241.88030612164772, 147.7389355425473, 214.18590630052975, 140.65322353805624, 285.2719092414324, 349.79149287230155, 363.61724279871373]
other derivatives: [ -152.16355678   272.68688427  -259.67201509    34.67357601
 -1083.82919279   419.63576223]
Current x array =  [-0.63146956 -0.70414115 -0.55880254  0.74193734 -0.10536052 -0.51082562
 -4.60517019 -4.60517019 -4.60517019 -4.60517019 -4.60517019 -4.60517019
 -4.60517019 -4.60517019 -4.60517019 -4.60517019 -4.60517019 -4.60517019
 -4.60517019 -4.60517019]
log likelihood =  -25727.900093290904
Edge derivatives =  [250.68609799311056, 192.8554024255944, 370.0940487778903, 591.3363872586305, 97.24171737185635, 114.10615467692993, 256.1941956402347, 239.5278781020951, 144.73741179503966, 214.59398029677413, 138.85620865737147, 285.59485741819304, 348.60826162309274, 363.74194294016627]
other derivatives: [ 655.16869654  345.47410905 -131.38051145  -79.97150533 -592.46958699
  364.11292967]
Current x array =  [-0.72924205 -0.70372083 -0.72565445  0.7642168  -0.80177353 -0.50599955
 -4.43338395 -4.48150344 -4.36573616 -4.23257806 -4.53822648 -4.53125947
 -4.44021907 -4.44975032 -4.51024073 -4.46754532 -4.51479364 -4.4218691
 -4.38041213 -4.37152841]
log likelihood =  -27647.730253063655
Edge derivatives =  [217.8151026391196, 167.56530422074206, 315.1298202715382, 543.1887321661843, 71.00312296224752, 100.81042595423695, 239.20950897938053, 220.63594629530527, 116.5001116164815, 221.3899163407465, 118.51650906493255, 268.93468716577655, 317.3377959982995, 331.7340667785745]
other derivatives: [-51452.87577761   1491.64952745    789.79974205  -1332.11106004
   1069.99978016    323.36283766]
Current x array =  [-0.05       -0.4492273  -1.5096246   0.70578939 -4.14771766 -0.37269359
 -3.43316934 -3.74073778 -2.93703875 -1.98353775 -4.14920135 -4.09046657
 -3.45390435 -3.52354301 -3.94713645 -3.64321843 -3.97692247 -3.3243259
 -3.03728049 -2.97304261]
log likelihood =  -23581.803425725982
Edge derivatives =  [217.75647211356207, 186.43018870578538, 348.2708236203543, 594.6008023607689, 77.53393104230554, 107.05743425198523, 247.7689078984713, 225.98436476761785, 131.87635716710977, 212.15201715347317, 128.17685795406098, 276.5474284224331, 335.9628572990699, 349.4083504250457]
other derivatives: [-2844.04704871   785.20279203    79.06965038  -498.54461395
   463.33916544   269.78632377]
Current x array =  [-0.39724693 -0.57933128 -1.10883783  0.73565907 -2.4371804  -0.44084321
 -3.94450614 -4.11943725 -3.66742756 -3.13330807 -4.34808153 -4.31581184
 -3.95813515 -3.99704527 -4.23501061 -4.06463666 -4.25189678 -3.88541971
 -3.72392576 -3.68798642]
log likelihood =  -22238.809757298033
Edge derivatives =  [166.04712773715602, 159.27811310457759, 285.51787427690095, 456.422217224482, 47.54690368352363, 82.68056534002403, 220.24521436669096, 186.860121292767, 102.08357132992194, 196.8176547389579, 105.7415869283208, 237.70601543761737, 283.72543247723434, 291.7001611513951]
other derivatives: [ 1330.4346794  -1061.94784166  -106.21188267  -293.16688597
   993.47889773   173.686567  ]
Current x array =  [-0.71830782 -0.27306009 -1.47985606  0.57441681 -3.99183453 -0.34522471
 -3.38322284 -3.69674652 -2.85521107 -1.84223956 -4.13160419 -4.06532688
 -3.39550047 -3.47048007 -3.91634742 -3.59308342 -3.94690069 -3.2590781
 -2.9581358  -2.89066703]
log likelihood =  -21752.780201251633
Edge derivatives =  [154.3331975633725, 148.35599305896537, 267.02431890778, 375.26025828615866, 41.75734512950286, 77.04610893290025, 208.98139738437237, 175.64540179959587, 92.12251197702116, 188.8568220185051, 98.41609475483938, 223.49334149348957, 260.58935786959046, 268.2132632901883]
other derivatives: [ 608.79538069 -424.0700946   116.29672372 -254.67961677 1017.27018773
  150.3394742 ]
Current x array =  [-0.63984031 -0.33477155 -1.57586893  0.4888924  -4.19300604 -0.28888409
 -3.23028578 -3.57633574 -2.62687143 -1.47816142 -4.07500561 -3.9956612
 -3.23409888 -3.32220878 -3.82823382 -3.45603855 -3.86140789 -3.0804187
 -2.74071009 -2.66479131]
log likelihood =  -20733.67830517874
Edge derivatives =  [117.99181068273562, 110.41410611125836, 219.71324091430907, 101.86681888338438, 27.80632109940069, 60.926007305474684, 170.33409926739313, 139.7026268041038, 61.18624295488678, 161.2718300310002, 75.4687280443459, 172.26165367889558, 174.87939243270955, 176.9490529482937]
other derivatives: [-1694.35697899  -141.30964701   647.60351961  -133.26643966
   998.03037301    64.12628863]
Current x array =  [-0.43647504 -0.41853237 -1.69092718  0.19583476 -4.2585434  -0.08058334
 -2.82555706 -3.24765679 -2.00823437 -0.51950442 -3.93088924 -3.80840107
 -2.78941019 -2.91960287 -3.59410365 -3.074107   -3.63052345 -2.59113459
 -2.15068425 -2.05242724]
log likelihood =  -19526.50322596706
Edge derivatives =  [111.68480974916847, 90.27999312099739, 227.33875812387254, -1.8221347749091703, 26.415925062116177, 55.34494091972561, 152.3168753900188, 131.55664716338924, 49.1415195399638, 145.55931968977112, 65.48266377793864, 147.94024351940237, 125.32592183173581, 124.69836937616077]
other derivatives: [-2259.53954214   469.01695896   694.75172495   151.47852537
   703.31989264   -73.42896424]
Current x array =  [-0.39962356 -0.74004814 -1.50831264 -0.09915516 -3.37009284  0.14202743
 -2.60649157 -3.05054644 -1.64160568 -0.01713444 -3.86334487 -3.70080261
 -2.51409222 -2.68126374 -3.46553826 -2.82905454 -3.49624216 -2.29479899
 -1.80550196 -1.69639817]
log likelihood =  -18757.890992080644
Edge derivatives =  [41.02015396012503, 40.13062830224765, 91.18165457109997, -489.90441476957045, 10.590514726874428, 28.182784277944037, 59.34214254836063, 63.795282511635534, 8.99264741058107, 71.17685987986785, 29.095889732838994, 16.018300399987574, -93.34671910466851, -111.63555246280085]
other derivatives: [-1028.49953691   812.78449215   722.82819019   457.40998758
  -516.11932577  -543.33140724]
Current x array =  [-0.51418029 -1.14039988 -1.04630279 -0.1558277  -1.90548808  0.3368176
 -2.12896594 -2.64718986 -0.81095481  0.87078868 -3.7180783  -3.47247637
 -1.92789511 -2.16456952 -3.20320323 -2.30366935 -3.2145608  -1.67683577
 -1.12778575 -1.00153347]
log likelihood =  -18028.657592003776
Edge derivatives =  [69.01332972638916, 59.267389914037416, 162.02004266633844, -155.42722680468975, 20.518890287477475, 42.660088431282794, 110.93239810944209, 105.71556666757805, 31.097545003106266, 104.00279011568229, 46.30181019454147, 87.9996201544234, 33.87411976085123, 31.787225352591378]
other derivatives: [-431.56360334  641.44951466  208.1731509   264.88269214   32.72471076
 -249.55552362]
Current x array =  [-0.56352134 -1.00659206 -0.75428379  0.13635398 -2.32461079 -0.01455508
 -2.1846772  -2.68840276 -0.89262141  0.43710815 -3.73869542 -3.49432084
 -1.98538073 -2.21126551 -3.24187316 -2.3431443  -3.24346441 -1.76597053
 -1.29058349 -1.17868403]
log likelihood =  -17655.10808918041
Edge derivatives =  [47.419254383005416, 50.47279505314236, 93.27440981875354, -88.77228122152111, 17.513433479328768, 37.77744078384487, 91.25646588417699, 90.49869613130782, 25.350917034794538, 81.47769791995317, 36.21918118041975, 59.352934466205085, 13.35588974479551, 11.937038771898262]
other derivatives: [-446.70887291  283.82928576 -944.41784313   73.23687896  127.5948307
 -175.12866179]
Current x array =  [-0.59092577 -0.80974823 -0.39967437  0.5071033  -2.48346726 -0.40321329
 -1.94245445 -2.48540134 -0.45707219  0.46077641 -3.66028909 -3.36983322
 -1.67741503 -1.92648477 -3.11731432 -2.06019306 -3.09639461 -1.48134569
 -1.06189956 -0.95226589]
log likelihood =  -17554.790595178605
Edge derivatives =  [28.29604333869528, 41.64674872959163, 7.833343283959967, -47.26967990760632, 8.487772043815838, 25.394055681212947, 45.6395302926552, 37.21985557737279, 13.577395735737518, 47.71820825865581, 19.503294538650714, -0.07936124951358425, -33.06533923428453, -37.11614945296251]
other derivatives: [ 125.92390704 -587.37605286  376.51807361 -172.29795048  327.76333683
 -114.15577319]
Current x array =  [-0.681654   -0.57593943 -0.64288346  0.78014232 -2.86456236 -0.74128702
 -1.68558273 -2.27384701 -0.02324529  0.60539974 -3.57020106 -3.2376471
 -1.36017796 -1.62917665 -2.98098224 -1.77660936 -2.94264033 -1.18499051
 -0.80277591 -0.6905991 ]
log likelihood =  -17409.098173826016
Edge derivatives =  [26.92441715541218, 42.35857374792287, -8.943304235271631, -90.22502532292015, 10.9282701047903, 28.375361344679405, 53.48335567375517, 50.83960648063103, 17.285925778316987, 54.36644844721271, 24.15143354717921, 13.978523258808888, -21.408686590044432, -24.7760205680621]
other derivatives: [ 164.33623387  -34.66266207   42.54507076  -94.76570995   59.65703167
 -118.47769201]
Current x array =  [-0.6893196  -0.70558142 -0.56362137  0.74528081 -2.42718747 -0.73463691
 -1.74049192 -2.30890049 -0.10195422  0.47717936 -3.59394583 -3.25912611
 -1.40698632 -1.67558834 -3.01242506 -1.81305579 -2.97083172 -1.24642427
 -0.88411332 -0.77595406]
log likelihood =  -17375.33455492008
Edge derivatives =  [22.29064307051992, 42.288544044827205, -48.82158755080532, -82.87336162068354, 9.874577055728151, 26.74804726294017, 40.35689687778204, 42.088775543077865, 17.29709750215365, 45.37499389157349, 22.12588855019283, 5.463918315193414, -23.318154732114284, -26.254205871771898]
other derivatives: [  92.94490155  -95.65555956 -144.56127246  -86.3972673   -52.57061275
  -87.93394954]
Current x array =  [-0.68414504 -0.68745208 -0.52109614  0.76917502 -2.26466426 -0.87729359
 -1.70599029 -2.26526383 -0.05728289  0.36346014 -3.5839884  -3.2305211
 -1.34137871 -1.61468061 -2.99439285 -1.74744079 -2.94308644 -1.21192588
 -0.88973859 -0.78569327]
log likelihood =  -17333.903800924658
Edge derivatives =  [21.323201129328183, 44.96184255986745, -73.29636786088587, -42.62000200531443, 8.207467318850126, 24.310212868335377, 22.308229689495874, 28.132198153745406, 17.815959924775292, 33.09236348052258, 19.234778495723845, -2.069260564710026, -18.548556884659963, -19.356736295064923]
other derivatives: [110.68550521 -45.17132766 -89.28218449 -62.1919753  -84.26504792
 -51.72623787]
Current x array =  [-0.68832306 -0.7044407  -0.53332387  0.73121602 -2.20724534 -1.07428693
 -1.64584661 -2.18550119 -0.03692292  0.22168583 -3.56297562 -3.17941418
 -1.24123686 -1.51805312 -2.95872112 -1.64493571 -2.89528204 -1.16469979
 -0.89760061 -0.79859782]
log likelihood =  -17279.0643515643
Edge derivatives =  [17.508069978808887, 49.14568241225618, -58.85236629876897, -4.731206704891258, 3.7636852548870627, 18.12605214632535, -20.81529139499957, -8.860992646023755, 16.532884781334214, -2.653265693739641, 11.410823892119177, -16.756634494249127, -12.333096352904898, -10.611027391902036]
other derivatives: [ 14.54536687 -51.82191671 -62.92539183  61.04128261 -61.89802662
 -15.28715075]
Current x array =  [-0.67519719 -0.70632771 -0.54295618  0.51334742 -2.24827153 -1.4101743
 -1.48049103 -1.93825137 -0.15874901  0.0671413  -3.50566015 -3.03892164
 -1.04178582 -1.30802931 -2.84982037 -1.41336637 -2.77128839 -1.08251415
 -0.90759411 -0.811588  ]
log likelihood =  -17272.002921562045
Edge derivatives =  [15.721550349316283, 55.15435371810051, -20.293426807574537, 53.862038054359694, 1.9015710102228327, 14.17574145874613, -36.71978563702266, -29.900848731030983, 16.445486815115903, -26.839921938912145, 7.6927895582944235, -17.007058338711563, 2.1741718628916447, 7.770298286258655]
other derivatives: [-99.67552614 132.76585378 191.63999241 -87.7356797   39.77220331
   8.55106919]
Current x array =  [-0.64275022 -0.78276633 -0.59662048  0.72426787 -2.31342805 -1.75200094
 -1.32048358 -1.65479917 -0.30166595 -0.09831223 -3.45994018 -2.90161809
 -0.9534422  -1.18524786 -2.73966705 -1.26075972 -2.66026228 -1.05405833
 -0.9395951  -0.84153522]
log likelihood =  -17251.95497124352
Edge derivatives =  [14.47648699238145, 53.48589912248085, -11.530430739024602, 37.80576714223692, 2.2306932105318413, 15.204763897132088, -31.11916024989724, -24.446475886745894, 16.903286027870706, -22.309650834265398, 9.004966419973535, -11.414361852966874, 4.829238534966268, 8.930433367111544]
other derivatives: [69.05684131 46.44098226 53.83553798 -5.36601874 24.79100658  5.73236321]
Current x array =  [-0.67785282 -0.74158472 -0.56531212  0.59340871 -2.30346138 -1.70323087
 -1.32903265 -1.64509195 -0.35340346 -0.06193985 -3.46255902 -2.90223485
 -0.98052481 -1.20894906 -2.73917833 -1.28361098 -2.66463111 -1.0767374
 -0.95016145 -0.84950661]
log likelihood =  -17243.663232608138
Edge derivatives =  [10.892972897216941, 51.32820335703678, -2.66060193710669, 17.752020775116033, 2.4052922503257257, 15.745293792491871, -24.770568226924745, -20.268776785947434, 16.800299263962057, -19.4015625704355, 9.841449955541048, -7.0590563996294975, 5.234593939441058, 7.826461290430928]
other derivatives: [-20.72592906 -18.58934411 -11.78996172  22.89743861  13.65333446
   5.21249603]
Current x array =  [-0.66419242 -0.71753611 -0.55362151  0.55353623 -2.29159251 -1.6802063
 -1.31852504 -1.59099382 -0.41791614 -0.02470816 -3.46148033 -2.88655736
 -1.01917526 -1.23679525 -2.72336803 -1.30658839 -2.65741845 -1.1025921
 -0.96011006 -0.85505422]
log likelihood =  -17231.19585163136
Edge derivatives =  [0.49292373991483757, 44.67512558431815, 16.08304208018649, -9.879900886922362, 2.1155059904232156, 15.024793987778878, -17.624422297870492, -18.479864398474668, 15.44854546042067, -21.464170233085515, 9.698375248046778, -1.9241287566507548, 5.360057509336489, 5.514508378731131]
other derivatives: [ 10.44172677 -72.00214895 -53.27965482  30.19740689   1.1328666
   7.00965757]
Current x array =  [-0.6717482  -0.698951   -0.54405849  0.54657183 -2.27437836 -1.7274847
 -1.2384641  -1.38141562 -0.55548571  0.0273431  -3.44166044 -2.80714154
 -1.06098521 -1.24913198 -2.64983574 -1.30198954 -2.60202158 -1.12923063
 -0.96759788 -0.85223671]
log likelihood =  -17216.943880186256
Edge derivatives =  [-17.681896232007652, 26.561824171408237, 30.173104638682272, -32.54630256463379, 1.765975535000177, 13.117878543129496, -4.929840606303358, -12.245027913456298, 12.26990931607469, -20.29852777092106, 8.451768311795254, 3.4953391543907064, 2.7192792794064293, -0.1798979100912677]
other derivatives: [-62.83808034 -65.65678632 -35.26438377  18.75414455 -16.13298082
  10.1103069 ]
Current x array =  [-0.65898335 -0.70454913 -0.54804302  0.57604811 -2.25307676 -1.80634399
 -1.12243737 -1.01818873 -0.71328666  0.06605551 -3.40881103 -2.66980556
 -1.13424619 -1.28439338 -2.52148422 -1.31892311 -2.5058387  -1.16250012
 -0.96959675 -0.84026649]
log likelihood =  -17210.76819831491
Edge derivatives =  [-26.487819553337932, 6.387510912480591, 38.378496711107445, -8.7745614452169, 1.8755832778046013, 11.48307393368313, 6.536104352780953, -1.6571532717984585, 9.642042565013034, -12.456401563426946, 6.438732680768575, 6.654740461769728, 3.1013375718255527, 0.5731141360346275]
other derivatives: [107.26544133  -9.08876245 -93.0911483  -13.35065463  18.00581231
  11.40761015]
Current x array =  [-0.68793982 -0.72390198 -0.52948574  0.62517087 -2.29152207 -1.8779857
 -1.06773412 -0.70156847 -0.75370024  0.03031261 -3.3775843  -2.5387833
 -1.17773441 -1.31646002 -2.39994833 -1.35515164 -2.4131553  -1.16797756
 -0.96133891 -0.82812351]
log likelihood =  -17204.679029554885
Edge derivatives =  [-24.300273799868595, 7.478812814460468, 28.50243804593343, -13.36037601732619, 2.08602362483089, 12.266455582840205, 9.63026599098207, 2.750554681365159, 9.421547416525812, -4.974063914704481, 6.682053850519921, 5.006606943524878, -0.6088674926846913, -3.3025461168340335]
other derivatives: [ 42.05285222  18.91457941  -1.26456143 -15.54944902   7.43202691
   9.52859409]
Current x array =  [-0.67384957 -0.73383836 -0.55184404  0.62951156 -2.27660253 -1.81965048
 -1.11539041 -0.72129337 -0.68844662  0.02829692 -3.38348137 -2.54638332
 -1.19898931 -1.35054922 -2.40430814 -1.40359032 -2.42242399 -1.16916792
 -0.9533442  -0.82305406]
log likelihood =  -17200.027338895285
Edge derivatives =  [-22.241668134215825, 6.800577854511871, 11.74760943179468, -3.128904301867964, 2.0309903133321603, 12.2295849909694, 9.353021440827552, 5.96560812013287, 8.548297067499496, 2.2100988981346714, 5.456857231711667, 0.05706740521582099, -4.892432625074311, -6.545537438080731]
other derivatives: [ -5.8025762   38.28245099  42.40355338 -12.26217137  -0.61918399
   7.20610842]
Current x array =  [-0.66422151 -0.74113581 -0.56354535  0.62570445 -2.26571575 -1.77803235
 -1.18086919 -0.70821375 -0.58021191 -0.01956822 -3.38380637 -2.53100346
 -1.20264288 -1.3770967  -2.38977174 -1.45406279 -2.41515739 -1.15672615
 -0.94311913 -0.81997944]
log likelihood =  -17197.146374917204
Edge derivatives =  [-21.617861162194327, 0.9037087105817192, -2.3792951918208107, 7.463337156707845, 1.5408805171074174, 10.93193406339177, 7.516127888740488, 6.895701410213277, 6.858763370890149, 6.26114099490475, 3.1231510301726697, -4.032755455988751, -7.376984935086966, -7.846665266337917]
other derivatives: [-16.85330062   5.15283318  54.19897207  -7.75544322  -2.19188223
   5.02550392]
Current x array =  [-0.66297844 -0.7305828  -0.56624747  0.6182238  -2.265543   -1.75959537
 -1.23827571 -0.63267935 -0.50079865 -0.06576894 -3.37555766 -2.48241348
 -1.19999304 -1.39196773 -2.34770458 -1.49041782 -2.38622342 -1.14738516
 -0.93944035 -0.82241231]
log likelihood =  -17197.527692952917
Edge derivatives =  [-15.24663389822482, -0.3465714564315878, -17.78950138506243, 13.903209703499467, 1.1816748813880158, 9.806358955190966, 4.572713513349979, 9.384643927956555, 5.922961269786522, 10.526979894358757, 1.3512484090471757, -4.620244270174621, -6.285572132554054, -4.16189043912277]
other derivatives: [-7.29312887e+01  7.90569175e+01 -9.35731805e+01  2.06764526e+01
 -1.81065843e+01 -5.45696821e-02]
Current x array =  [-0.65437352 -0.75721147 -0.53344905  0.58866486 -2.26012794 -1.70398682
 -1.35912823 -0.58689326 -0.40726144 -0.09062422 -3.36837837 -2.42398159
 -1.18640259 -1.40183969 -2.30212306 -1.52783017 -2.36105231 -1.14652125
 -0.94824303 -0.83926931]
log likelihood =  -17195.908396816063
Edge derivatives =  [-18.486035449705316, 0.3718941633866034, -9.261358080524278, 10.505014025140737, 1.3801640092057026, 10.441093008128933, 6.1820477583694045, 8.106122931066047, 6.449228267155636, 8.326994494907254, 2.314631397259317, -4.262691510256296, -6.822826625894475, -6.058855901226715]
other derivatives: [-42.69277269  40.53508746 -12.92319212   5.52026904  -9.37070581
   2.66845746]
Current x array =  [-0.65895778 -0.74302507 -0.55092237  0.60441235 -2.26301281 -1.73361221
 -1.29474419 -0.61128575 -0.45709328 -0.0773826  -3.37220313 -2.45511111
 -1.19364289 -1.39658041 -2.32640656 -1.50789878 -2.37446219 -1.14698149
 -0.94355341 -0.83028876]
log likelihood =  -17194.426289656316
Edge derivatives =  [-17.64823260055061, -4.241147468830843, -11.32577638130156, 11.314503130515575, 0.8853044955282442, 9.04630722853486, 4.2808316658691075, 6.903886010120556, 5.397320989230421, 8.220983893268233, 0.9430215588020411, -4.162008524612279, -5.637891497724847, -4.337102482086507]
other derivatives: [ -5.51663106   7.80710252 -20.63243301  11.0885594   -6.9179805
   1.17288437]
Current x array =  [-0.66646228 -0.7314063  -0.54851738  0.59347105 -2.268046   -1.72671872
 -1.3312911  -0.55869656 -0.44528442 -0.08177261 -3.36494403 -2.41557061
 -1.18788294 -1.39478407 -2.29445958 -1.51389184 -2.35360989 -1.14957153
 -0.9502217  -0.83850603]
log likelihood =  -17193.097144364812
Edge derivatives =  [-15.470889121539063, -6.132619203468894, -10.082894696235458, 7.892487502736201, 0.2998660993511285, 7.475476489815636, 1.1181458994857203, 3.9864147779611647, 4.6276462615912, 6.150045674227181, -0.0709395901871144, -2.722981843903562, -2.9975225944081823, -1.2562681757727185]
other derivatives: [ 16.15080691 -19.91538738 -34.10241334  12.64743332  -2.97259248
  -0.67702786]
Current x array =  [-0.67116311 -0.72201489 -0.54486658  0.58928274 -2.27396985 -1.71576745
 -1.37931907 -0.53405698 -0.4489606  -0.06758614 -3.35933829 -2.38031964
 -1.17615689 -1.38370028 -2.26868146 -1.50678513 -2.33967489 -1.1565615
 -0.96251173 -0.85098676]
log likelihood =  -17191.52461027242
Edge derivatives =  [-11.609919745983863, -7.694895726784428, -6.75209907972116, 1.3997263816010448, -0.5223323099663729, 5.060580359529413, -2.9461465332867873, -0.11449846892708535, 3.4277051511081718, 3.038132531764181, -1.2704602305295192, 0.036703342198212974, 1.0001363784792994, 3.180404822567513]
other derivatives: [ 27.58170012 -27.09457476 -28.62107067  11.42543624   2.49710865
  -3.58049874]
Current x array =  [-0.67331149 -0.71993892 -0.54553481  0.58928209 -2.28175163 -1.69598407
 -1.46021695 -0.5079304  -0.45961066 -0.04007844 -3.35218339 -2.32774725
 -1.16168955 -1.36838056 -2.23093796 -1.4954235  -2.32213357 -1.1691949
 -0.98154124 -0.86898384]
log likelihood =  -17190.200556061023
Edge derivatives =  [-4.921409969075453, -1.9225182763055, -7.369136026487874, 1.0740720776547117, -1.2467037952591575, 2.720474805386626, -5.7064678182749695, -3.1622895989162108, 1.9198506438147656, 0.5661261770968179, -1.7465535171331228, 0.9408345079223004, 2.6599466496011135, 4.211737128949078]
other derivatives: [57.4542355   0.35761332 10.80370566  0.2062734   2.56368367 -7.53025233]
Current x array =  [-0.67717875 -0.72807612 -0.55419964  0.60459943 -2.27454863 -1.66486457
 -1.59713024 -0.53993858 -0.44475084 -0.03049825 -3.35178215 -2.277027
 -1.15330575 -1.36075799 -2.19755071 -1.48874533 -2.31945011 -1.17463321
 -0.99354028 -0.87693574]
log likelihood =  -17189.833213683443
Edge derivatives =  [-2.4183064896936632, -4.387103303930733, 1.6024736125022816, -4.782194572786095, -1.8650926338437919, -0.1850403435403201, -4.974653928706951, -4.666950971432944, -0.5413368357765593, -3.220549015503189, -2.5322027878044557, 2.838024145180959, 3.1240934631907527, 3.25137547736585]
other derivatives: [-35.57906894  -9.4412826   -3.40151018 -13.767567     6.39629434
  -8.91195668]
Current x array =  [-0.66028531 -0.72712361 -0.55118052  0.62967887 -2.27624696 -1.67004631
 -1.67291948 -0.50649452 -0.4867181  -0.00953329 -3.34665695 -2.21577759
 -1.16343255 -1.35865388 -2.1513555  -1.47706546 -2.3036153  -1.18543679
 -1.00240962 -0.87777143]
log likelihood =  -17189.423074630988
Edge derivatives =  [-2.9390812325923568, -1.2519992922734724, -1.7255556585876097, -1.5992392861005813, -1.528037584931302, 1.3146443545338253, -4.306285498350051, -3.4751714869901518, 0.5274293262697336, -1.7498095255305564, -1.7838458482533568, 1.605725093006658, 2.0267103944201326, 2.2300681475958037]
other derivatives: [-5.21977199  1.67747203  1.87428668 -8.54524842  2.61170499 -8.01483111]
Current x array =  [-0.66548339 -0.72952244 -0.55271042  0.62060627 -2.27062226 -1.67202553
 -1.64854845 -0.53870423 -0.47189978 -0.02106195 -3.35155892 -2.24500467
 -1.16371156 -1.36214643 -2.17441605 -1.48077549 -2.31639821 -1.17889608
 -0.99572296 -0.87283702]
log likelihood =  -17189.2634506542
Edge derivatives =  [-2.8557502522891425, -0.6335334809474515, -1.8076304437571944, -0.23247869798601184, -1.4635910623453365, 1.4349918798224681, -3.3693957821868126, -2.7815503489708773, 0.45049049307614486, -1.5479205738594426, -1.5671573925019389, 1.0427276543680106, 1.2668924033725495, 1.1773764095031916]
other derivatives: [-0.57807483  5.69780241  3.65362212 -6.37883204  0.83200575 -7.41019903]
Current x array =  [-0.66622282 -0.73038935 -0.55340702  0.6169981  -2.26736534 -1.68037709
 -1.65110383 -0.54386931 -0.47273393 -0.02652583 -3.35318689 -2.24507347
 -1.16770433 -1.36511767 -2.17484358 -1.4813873  -2.3188894  -1.17617918
 -0.99268239 -0.86910192]
log likelihood =  -17188.850697864953
Edge derivatives =  [-1.7454782338466388, 1.111067869094974, 0.6092160820613344, 2.247287829980756, -1.3953341086667503, 1.036050857390143, 0.2968379467936901, -0.5783120197933103, -0.4095907097872485, -1.6851818302969348, -0.8654458151946163, -0.20935233893339322, -0.7901516665701547, -2.082563905658163]
other derivatives: [ 8.57035047  7.95043889  0.98807504 -0.05384209 -3.605237   -5.25724317]
Current x array =  [-0.6678016  -0.72948108 -0.55375662  0.60630749 -2.25762599 -1.71750045
 -1.68635204 -0.55459871 -0.48806214 -0.03688863 -3.35883601 -2.22608278
 -1.18460331 -1.37534423 -2.16314621 -1.48090658 -2.32449027 -1.16962378
 -0.98535815 -0.85803227]
log likelihood =  -17188.739160046738
Edge derivatives =  [-1.2467766875426067, -0.14111557980339515, -0.9889523874406669, 3.670333601871851, -1.5023642439994598, 0.1422727745536163, 1.6672724233456968, 0.7040019566621769, -1.1941961615691616, -0.45344727800831636, -0.944317130513005, -1.0246590882814002, -1.082653923121632, -1.8921011064689854]
other derivatives: [-9.10004019  3.40551196 18.43181963  6.23804226 -2.33776518 -3.47645255]
Current x array =  [-0.66457125 -0.72789005 -0.55859194  0.5948366  -2.25958119 -1.74691301
 -1.72509638 -0.53835046 -0.48208533 -0.04402646 -3.36278667 -2.19870286
 -1.19141012 -1.38392896 -2.14576618 -1.49100097 -2.32161192 -1.16604199
 -0.98432789 -0.85921928]
log likelihood =  -17188.596405881093
Edge derivatives =  [-0.3591651080686169, 0.6196629778209868, 2.515390881703152, 2.6569252563947203, -1.4747992692788303, -0.19368464312116357, 2.9903801495760467, 1.4337754262866294, -1.359749970067044, -0.701554434003796, -0.513144876448462, -0.14704773614621952, -0.3833621029460365, -1.218520507909417]
other derivatives: [ 1.93504093  3.08136805  2.90820026  3.5190169   0.31723175 -2.56186468]
Current x array =  [-0.66650718 -0.7273117  -0.55466901  0.59902586 -2.26108299 -1.76543974
 -1.74631095 -0.53923824 -0.49589691 -0.03680117 -3.36588353 -2.18508786
 -1.1958262  -1.38524427 -2.13834306 -1.48885687 -2.32319149 -1.1671794
 -0.98551218 -0.85958808]
log likelihood =  -17188.54470758614
Edge derivatives =  [-0.1860321115404746, 0.8158862245374848, 2.2762790775196318, 1.4974152512395995, -1.4805302681858292, -0.2557280329350464, 2.577227752131427, 1.2810218295366977, -1.2090321797246926, -0.4624845883193953, -0.4408640005763919, 0.20524247357090197, 0.25351155827364774, -0.15601911804946889]
other derivatives: [ 0.78107405 -1.21253834 -1.46646926  1.98888301  1.35114533 -2.19843059]
Current x array =  [-0.66642034 -0.7260349  -0.55342703  0.60162202 -2.26274324 -1.77061524
 -1.75393876 -0.53988506 -0.49370855 -0.03210622 -3.36805515 -2.18215104
 -1.19308814 -1.38422514 -2.13822614 -1.4901621  -2.32422315 -1.1678527
 -0.98709247 -0.86258106]
log likelihood =  -17188.488036442446
Edge derivatives =  [-0.07002424938959782, 0.9003182711043466, 1.1009673415344896, 0.0005817979479872948, -1.4585155196646606, -0.28030686477476846, 1.8551347021047868, 1.2022906850768074, -0.9162346389868703, 0.30018603950552386, -0.29987821638486406, 0.5157414953794369, 0.9976972573408383, 1.3478813520494874]
other derivatives: [-1.92376319 -3.10792529 -4.26443876  0.35579433  1.79061317 -1.29657565]
Current x array =  [-0.66604107 -0.72572764 -0.55247483  0.60479221 -2.26436916 -1.78378566
 -1.76530908 -0.53884236 -0.48694194 -0.02657168 -3.37323576 -2.17775497
 -1.18796262 -1.38318782 -2.13907592 -1.49418636 -2.32643761 -1.16762022
 -0.98819834 -0.86647646]
log likelihood =  -17188.448342618798
Edge derivatives =  [-0.3480112239774406, 0.7152227628247548, 0.6956321456124169, -1.4136707940743132, -1.3737116702164587, -0.07920724194360024, 1.1975848508441889, 0.9873237469299897, -0.5774326408915817, 0.805541810657703, -0.05530681288906816, 0.5397262397555866, 0.8505707902090502, 1.41007616083518]
other derivatives: [ 0.52459654 -3.57431418  2.16859917 -2.58078217  0.98771125 -0.19099389]
Current x array =  [-0.66647311 -0.72585464 -0.55360322  0.60973419 -2.26384149 -1.80213387
 -1.76407829 -0.53704038 -0.48592665 -0.0223202  -3.38079441 -2.1790035
 -1.18297594 -1.38104083 -2.14452171 -1.49559828 -2.33032983 -1.16609604
 -0.98575132 -0.86508191]
log likelihood =  -17188.42841183616
Edge derivatives =  [-0.33629983154996135, 0.7219708927372583, -0.9796613512999798, -1.1279571399469104, -1.3074659028814464, -0.03838598533527804, 0.39940524332089317, 0.9782397303187943, -0.4053514911816199, 1.4501075479251537, 0.08977038754536584, 0.15797142963895527, 0.3843136210661179, 1.129338096398044]
other derivatives: [-5.82513167  3.56340024 -4.17494448 -0.83236955 -1.66328391  0.69994712]
Current x array =  [-0.66547026 -0.72852507 -0.55209137  0.60855912 -2.26230314 -1.81984183
 -1.77378623 -0.53481131 -0.47776522 -0.02397981 -3.38943354 -2.17595239
 -1.17728317 -1.37951784 -2.14723706 -1.49861117 -2.33348373 -1.16288779
 -0.98251565 -0.86286406]
log likelihood =  -17188.412733247766
Edge derivatives =  [-0.4090014754013493, 0.5811481539221621, -0.806386938680613, -0.6334835515816392, -1.3104287720675951, -0.03920436614067488, 0.38954039025971077, 0.8266796075979586, -0.4625147491826474, 1.2512426625096906, 0.056466031924641946, 0.00233897902633029, 0.08916280921844588, 0.5718396365327769]
other derivatives: [-0.98698365  0.38016879  0.15315891 -0.75742719 -1.28420652  0.58935257]
Current x array =  [-0.66634426 -0.72734351 -0.55307559  0.60775844 -2.26239647 -1.81900935
 -1.77115761 -0.53403959 -0.47907835 -0.02574221 -3.38997002 -2.17707241
 -1.17750276 -1.37905671 -2.14791763 -1.49736908 -2.33335625 -1.16249744
 -0.98157281 -0.86107348]
log likelihood =  -17188.40439694178
Edge derivatives =  [-0.4275466642778584, 0.3991723292672373, -0.5335765373782149, -0.13495647280375744, -1.3124725914300586, -0.07158533594827636, 0.19415541345120912, 0.5718326777324501, -0.5132660890188825, 0.976324057407883, 0.0130343056416511, -0.08238663048266176, -0.17872231562694996, 0.02017558736691316]
other derivatives: [ 1.86810212 -0.09058567  1.74732122 -0.59553713 -1.00226316  0.44201443]
Current x array =  [-0.66686421 -0.72717358 -0.55340393  0.6071785  -2.26273122 -1.81851238
 -1.76991208 -0.53220837 -0.48030632 -0.02719236 -3.39148119 -2.17744436
 -1.17663699 -1.37769111 -2.14856049 -1.49557076 -2.33307942 -1.1621636
 -0.98062596 -0.85909875]
log likelihood =  -17188.3953625917
Edge derivatives =  [-0.4172969174801797, 0.2097020622432316, -0.13776951326792444, 0.3060658100604475, -1.307913878442986, -0.10968296546699739, -0.22291281028027699, 0.1291377281885658, -0.5282747184891532, 0.5573287156491349, -0.024200795094882117, -0.13797308307528794, -0.45897103072622547, -0.6047522809491523]
other derivatives: [ 2.25409167 -0.59808372  1.72803993 -0.47184585 -0.48385118  0.30122465]
Current x array =  [-0.66698014 -0.72709698 -0.55333731  0.6067726  -2.26362762 -1.81907675
 -1.76953072 -0.52993007 -0.48184763 -0.02822597 -3.39507363 -2.17785763
 -1.17456228 -1.37512079 -2.15019707 -1.49269866 -2.33316979 -1.1617496
 -0.97948804 -0.85666047]
log likelihood =  -17188.396146007137
Edge derivatives =  [-0.02480863683103977, 0.0744257591091465, -0.13607540794582562, 0.7587494206768672, -1.2621488591801842, -0.21717538656841767, -0.9170543382927114, -0.4141947523948678, -0.30078795060540287, 0.25836977073004225, 0.03241392126678247, 0.08747719283915678, 0.09731152493580658, 0.052991793038110635]
other derivatives: [11.73611963  5.0637027   1.6134436   0.87311491  1.43045327  0.45693014]
Current x array =  [-0.66861028 -0.72899395 -0.55309969  0.60410726 -2.26713994 -1.82536949
 -1.78279563 -0.52481566 -0.4787515  -0.02739917 -3.40806589 -2.17357178
 -1.16974958 -1.37072317 -2.15287805 -1.48925498 -2.33400517 -1.16108664
 -0.98005368 -0.8572561 ]
log likelihood =  -17188.38924184285
Edge derivatives =  [-0.22595480262871326, 0.14470578427179254, -0.13664899585633958, 0.525692904408385, -1.285518487219377, -0.16141294099312148, -0.5590862926877262, -0.13395146706939742, -0.4177259097550263, 0.4126383347902087, 0.0033129695792651036, -0.02863985828245047, -0.1890733577747043, -0.28559878814602324]
other derivatives: [6.85686246 2.15150067 1.67201506 0.17971615 0.44528861 0.3768946 ]
Current x array =  [-0.66777034 -0.72801652 -0.55322212  0.60548059 -2.2653302  -1.82212712
 -1.7759608  -0.52745089 -0.4803468  -0.02782518 -3.40137155 -2.17578009
 -1.17222936 -1.37298907 -2.15149666 -1.49102936 -2.33357474 -1.16142823
 -0.97976223 -0.8569492 ]
log likelihood =  -17188.379221492854
Edge derivatives =  [-0.19707676360321086, -0.0029269397392228686, 0.0873883315289567, 0.41260549402593827, -1.2656928942443457, -0.1616369534819275, -1.0225121465045117, -0.6343316415573056, -0.31568782320726174, -0.046641690027380465, -0.00820617183510284, -0.012753132414602797, -0.1808282275982674, -0.4281489652270597]
other derivatives: [2.58187356 0.94696588 0.74796844 0.27284841 1.09212124 0.30195224]
Current x array =  [-0.66707692 -0.72781415 -0.55298407  0.6052998  -2.26665656 -1.82270103
 -1.77713527 -0.52573486 -0.48105001 -0.02718277 -3.40769507 -2.17663517
 -1.16995087 -1.37009668 -2.15459603 -1.48771218 -2.33416775 -1.1613018
 -0.9796027  -0.85612944]
log likelihood =  -17188.372630446174
Edge derivatives =  [-0.126866094625427, -0.05864961865750792, 0.1063915788628243, 0.016184208905343334, -1.2378494665618127, -0.15528746948126138, -1.1408531362460907, -0.823037062614974, -0.19951625595090672, -0.2828125753005958, 0.026067491847703482, 0.020652675293670153, 0.01133401397464695, -0.17216613590757657]
other derivatives: [-0.80399332  0.4460162  -0.27212081  0.49294613  1.25583028  0.36998244]
Current x array =  [-0.6665109  -0.7277402  -0.55277099  0.60505168 -2.26719109 -1.82427342
 -1.78068707 -0.52489896 -0.48094738 -0.02589488 -3.41376735 -2.17635027
 -1.1692882  -1.36884377 -2.15673825 -1.48583608 -2.3348461  -1.16126454
 -0.98011068 -0.85677827]
log likelihood =  -17188.36563384274
Edge derivatives =  [-0.04151834153749928, -0.12102423522935506, 0.05652783820133897, -0.5031460226619671, -1.193115558828713, -0.12575044133201257, -1.0413533229724905, -0.8747762171467013, -0.05493110563207354, -0.5014233706092796, 0.08618927461011225, 0.030850814807647065, 0.270218622484771, 0.22348284489245362]
other derivatives: [-3.31638148  0.03856258 -1.28529791  0.82109182  1.0466465   0.47803042]
Current x array =  [-0.6660911  -0.72762217 -0.55259242  0.60468987 -2.26711114 -1.82593982
 -1.78537503 -0.52414187 -0.4806927  -0.02447035 -3.42159414 -2.17590508
 -1.16971372 -1.36826104 -2.15917317 -1.48398881 -2.33561249 -1.16121169
 -0.9808889  -0.85797851]
log likelihood =  -17188.355612678937
Edge derivatives =  [0.06753943572613914, -0.23191255019349175, 0.05028609509578805, -1.000694075613969, -1.117494166244512, -0.0566563812876278, -0.6797549478459133, -0.8130771343960772, 0.1241620535273622, -0.8116060873648104, 0.17155576746340728, -0.015932529121871264, 0.5109476038568294, 0.5939142367033639]
other derivatives: [-4.5325578  -0.2062734  -1.8375431   1.10630936  0.43000909  0.57443685]
Current x array =  [-0.66587746 -0.72746679 -0.55255745  0.60439949 -2.26622607 -1.82720923
 -1.79117647 -0.5230421  -0.48081716 -0.02339577 -3.43335164 -2.1756339
 -1.17150199 -1.36816851 -2.16260913 -1.48140851 -2.33644973 -1.16107821
 -0.98166625 -0.85917467]
log likelihood =  -17188.336854883688
Edge derivatives =  [0.3135023829847336, -0.34543946013541793, 0.12393069377231838, -0.8545566708463819, -0.9639481628227543, 0.1057589734414854, 0.026743000079615442, -0.5614109353584946, 0.3816629248597933, -1.2085687718356526, 0.2845936231564983, -0.13404081356944447, 0.6054701058621449, 0.7502611178457512]
other derivatives: [-4.7039066  -0.00691216 -1.66692189  0.61190804 -0.02182787  0.59262675]
Current x array =  [-0.66575938 -0.7273597  -0.55271933  0.60517476 -2.26483546 -1.82742627
 -1.80090907 -0.52109134 -0.4807387  -0.02418374 -3.45637847 -2.1753269
 -1.17492809 -1.36874656 -2.16847203 -1.47792223 -2.33729128 -1.16083227
 -0.98183827 -0.85958527]
log likelihood =  -17188.385968177325
Edge derivatives =  [0.6765944656736649, -0.7786338485161541, -0.9858191222396393, -0.9485587916105042, -0.6562317350363653, 0.3800249544511332, 0.2562982307655425, 0.04592567863437419, 0.6929833957524418, -0.6251298288843397, 0.3104305129876212, -0.16339640770019115, 0.04603327893548648, 0.1802292109665013]
other derivatives: [  5.97174221 -14.00476322 -16.96462277   2.84489943  -2.58914952
   0.62573235]
Current x array =  [-0.66818876 -0.7220846  -0.54925726  0.60216962 -2.26148352 -1.82918972
 -1.8222307  -0.51701164 -0.47544076 -0.02543696 -3.51079304 -2.17030375
 -1.1757203  -1.37097343 -2.1763788  -1.48102657 -2.33680697 -1.16126816
 -0.97922226 -0.85767347]
log likelihood =  -17188.329699718193
Edge derivatives =  [0.4105225373826577, -0.4576580398320451, -0.1647728031674818, -0.8775802163229983, -0.8796805158341254, 0.1796613496900937, 0.08834622375991202, -0.4000576637968484, 0.46451463136682153, -1.0536264225663932, 0.29181569780523275, -0.14111390472043872, 0.4595962385889463, 0.6016967606295139]
other derivatives: [-1.88665581 -3.66308086 -5.66978997  1.19762262 -0.69303496  0.6013579 ]
Current x array =  [-0.66639784 -0.72597335 -0.55180947  0.60438498 -2.26395454 -1.82788972
 -1.8065126  -0.52001916 -0.47934635 -0.0245131  -3.47067914 -2.17400677
 -1.17513629 -1.3693318  -2.17055001 -1.47873808 -2.337164   -1.16094683
 -0.98115076 -0.85908283]
log likelihood =  -17188.311672931115
Edge derivatives =  [0.6544284395844112, -0.548997621421332, -0.3131296774966315, -0.2028302889272321, -0.7209465291886472, 0.35037248513124475, 0.6539704703175961, -0.019272866502485914, 0.6239136998817473, -1.022389479253221, 0.3310732095867207, -0.2617288553983153, 0.17232204095738046, 0.2627998684556638]
other derivatives: [-0.54751581 -2.56841304 -1.11249392  0.45147317 -1.09284883  0.53078111]
Current x array =  [-0.66646227 -0.72613183 -0.55299046  0.60527582 -2.2623949  -1.82663921
 -1.81604692 -0.51824739 -0.47814477 -0.02697407 -3.49670995 -2.17285778
 -1.17795618 -1.37100281 -2.17520648 -1.47832435 -2.33701507 -1.16095647
 -0.98002893 -0.85800087]
log likelihood =  -17188.301186367644
Edge derivatives =  [0.7700315703132925, -0.45781382912035395, -0.22405465863154309, 0.5651975106643992, -0.6180120538527107, 0.5084126756581926, 0.8350944847003516, 0.34772426572167825, 0.651555063124028, -0.6304670614134138, 0.3065379745084321, -0.21815647931484194, -0.2542536761652603, -0.3066296949099065]
other derivatives: [ 0.51586539 -0.02874003 -1.31767592 -0.13606041 -1.16269803  0.36561687]
Current x array =  [-0.66653785 -0.72686837 -0.55298432  0.60622339 -2.26173943 -1.82374048
 -1.81785934 -0.51835576 -0.47777949 -0.02907683 -3.51156276 -2.1725501
 -1.17866356 -1.37253474 -2.17668233 -1.48061476 -2.33608245 -1.16141144
 -0.97840616 -0.85605747]
log likelihood =  -17188.29395631747
Edge derivatives =  [0.8322774471658968, -0.40870007616221343, -0.14721306594263753, 0.9447245612525316, -0.4968819970283155, 0.6778854538090822, 0.17771271248965648, 0.23111669719425232, 0.6915504269859667, -0.007628431128461996, 0.16653913381542554, -0.03572133936983507, -0.8497975501809734, -1.1932262158194629]
other derivatives: [ 3.66453605 -2.61097739  5.9731974  -1.06047082  0.10513759  0.09058567]
Current x array =  [-0.66702306 -0.72597989 -0.5546234   0.60677277 -2.26305294 -1.81945191
 -1.81805224 -0.5188815  -0.47743606 -0.02963692 -3.536628   -2.17214318
 -1.17540715 -1.37222324 -2.17930944 -1.4844929  -2.33454019 -1.16262115
 -0.9760189  -0.85298004]
log likelihood =  -17188.284528978926
Edge derivatives =  [0.8123238550369443, -0.27929173191841206, -0.08482648741184481, 0.863929610304651, -0.4848114876072084, 0.7155808526041639, 0.1348194409866862, 0.40273412317069696, 0.6697542210294147, 0.3046038884144737, 0.14919857757434554, 0.0680492843544746, -0.8580122092654885, -1.149042027221685]
other derivatives: [ 1.89320417 -0.30486262  1.86773832 -0.62063918 -0.11896191  0.07639755]
Current x array =  [-0.66672197 -0.72676969 -0.55369124  0.60650264 -2.26307508 -1.81851669
 -1.81592208 -0.5200647  -0.47747292 -0.02916907 -3.53668069 -2.171785
 -1.17499574 -1.37282292 -2.17803511 -1.4865669  -2.33400336 -1.16297313
 -0.97596871 -0.8531061 ]
log likelihood =  -17188.27709982146
Edge derivatives =  [0.7924737850599597, -0.15526072911060926, 0.0213515836636482, 0.3936662797678716, -0.45072087388622406, 0.7679735548513391, -0.16903726399378527, 0.39714551631670947, 0.7044611227404887, 0.6408833805730856, 0.11002933620390894, 0.24328273979625162, -0.7640333620565304, -0.9736627118061396]
other derivatives: [-0.0862201   0.95860742 -1.02663762 -0.03055902  0.0170985   0.06002665]
Current x array =  [-0.66640599 -0.72725074 -0.55302907  0.60582738 -2.26381459 -1.81740175
 -1.81398512 -0.52144746 -0.47765099 -0.02733743 -3.54338841 -2.17105784
 -1.17328003 -1.37249328 -2.17767804 -1.4886568  -2.33339769 -1.16360365
 -0.97617057 -0.85357376]
log likelihood =  -17188.271325387213
Edge derivatives =  [0.7909394778284592, -0.07241220535943688, 0.1320308808049, -0.1607743434991441, -0.3953567743994349, 0.8261733533434935, -0.4524430448352603, 0.3124745786811564, 0.7810943089223821, 0.86314182756157, 0.06747840835531822, 0.37498416186469047, -0.6073381723086133, -0.722225180976951]
other derivatives: [-1.32931746  1.23800419 -1.84882083  0.34924597  0.24883775  0.03128662]
Current x array =  [-0.66620474 -0.72737956 -0.55285167  0.60527731 -2.26451624 -1.81600358
 -1.81311691 -0.52258999 -0.47791949 -0.02533097 -3.55617419 -2.17001226
 -1.17177284 -1.37180678 -2.17835    -1.4899012  -2.33282616 -1.16418087
 -0.97661609 -0.8543302 ]
log likelihood =  -17188.260760336896
Edge derivatives =  [0.7595107433680677, 0.059585249724937416, 0.2990167128413074, -0.7284445740812123, -0.3175860139683615, 0.8559552073463137, -0.6435684002756232, 0.16815555268416574, 0.8536037121579576, 0.9697791098468374, -0.006243387334880408, 0.40897339244339675, -0.2556144956164847, -0.19574708804611507]
other derivatives: [-0.97934389  1.47410901 -2.21771188  0.36670826  0.43255568 -0.04947651]
Current x array =  [-0.66626235 -0.72745152 -0.55276307  0.60523452 -2.26490909 -1.81302772
 -1.81027717 -0.52456316 -0.47849291 -0.02326682 -3.57662486 -2.16763004
 -1.17086046 -1.37076807 -2.1784324  -1.49044646 -2.33179498 -1.16455709
 -0.97795699 -0.85617489]
log likelihood =  -17188.477138521404
Edge derivatives =  [0.4776906588072627, -0.02267624449263223, -0.8286670519963742, -1.2325185026407193, 0.0662242976079325, 0.7247092867595685, -1.0154855146391788, -0.44533251486721187, 0.7044079185777847, 0.7826605048932137, -0.6623074715176479, -0.6043307433836803, -0.7962154152502421, -0.7068541391035157]
other derivatives: [-4.92134859e+01 -1.55894668e+01 -1.54686859e+00 -3.01952241e-02
 -1.31949491e+00 -9.17498255e-01]
Current x array =  [-0.6580689  -0.72246713 -0.55372844  0.60665437 -2.26220585 -1.79391898
 -1.8054826  -0.53039168 -0.47666239 -0.02606862 -3.71211459 -2.15148612
 -1.17288494 -1.36990055 -2.18027806 -1.49239296 -2.32539387 -1.16523156
 -0.97944714 -0.85817072]
log likelihood =  -17188.25717528104
Edge derivatives =  [0.7278491751301943, 0.050073977476599564, 0.17285669001059167, -0.7843652893155035, -0.2674583013707635, 0.8475500113426219, -0.6833932489404417, 0.10333112770493794, 0.8376617936012168, 0.9518753972691479, -0.07930906106401492, 0.29432565161967816, -0.3161871813094905, -0.2521349309557801]
other derivatives: [-6.37446647 -0.43510227 -2.1456799   0.31832315  0.23646862 -0.14551915]
Current x array =  [-0.66533491 -0.72688732 -0.55287234  0.60539523 -2.2646031  -1.81086476
 -1.80973446 -0.5252229  -0.47828571 -0.02358397 -3.59196126 -2.16580267
 -1.17108962 -1.37066988 -2.17864131 -1.49066679 -2.33107042 -1.16463344
 -0.97812566 -0.85640081]
log likelihood =  -17188.2411484396
Edge derivatives =  [0.6180129347193265, 0.2616764551470464, 0.3616613777095453, -1.2082954550475637, -0.16140290929476683, 0.8001210095145864, -0.7528757684544438, -0.1473088310311439, 0.8495827382159362, 0.8937879940478256, -0.2282132038595768, 0.14766519522565036, 0.2513389753656658, 0.5686051366792232]
other derivatives: [-3.29127943 -0.5151378  -1.22818165 -0.21136657  0.30086085 -0.35324774]
Current x array =  [-0.66584063 -0.72678483 -0.55305749  0.60606532 -2.26441895 -1.80473803
 -1.80258992 -0.52873497 -0.47913608 -0.02202645 -3.6260972  -2.1607246
 -1.17110512 -1.36917394 -2.17702864 -1.49043777 -2.32903329 -1.16469617
 -0.98068035 -0.85962307]
log likelihood =  -17188.227657932694
Edge derivatives =  [0.43620779378841523, 0.3760742593226645, 0.25920044496043315, -0.9298592714530547, -0.10677610625355441, 0.6325917509030078, -0.5274934555545023, -0.2696662302099028, 0.6702309233221655, 0.6112668185346245, -0.3400607737769861, -0.08435614921231033, 0.47873258008747416, 0.8568621651484996]
other derivatives: [-0.96006261 -0.47657522 -0.35579433 -0.17571438 -0.14333636 -0.55551936]
Current x array =  [-0.66623582 -0.7267141  -0.55328602  0.60591998 -2.26354185 -1.79965069
 -1.79427791 -0.53142024 -0.47914261 -0.02321788 -3.65078149 -2.15509592
 -1.17277944 -1.36867758 -2.17302781 -1.48929388 -2.32740835 -1.164434
 -0.98236623 -0.86133194]
log likelihood =  -17188.217185617315
Edge derivatives =  [0.2237348816252964, 0.4240391392132018, 0.07531105410932457, -0.04574169320143795, -0.08294685037294401, 0.38162080158531136, -0.10856387401971335, -0.27057628754795926, 0.35133548338990267, 0.16143234040586685, -0.3798456219202019, -0.21241775755016723, 0.42797682772967777, 0.6736279015532766]
other derivatives: [ 0.54569682 -0.26775524  0.35797711 -0.01164153 -0.15024852 -0.71595423]
Current x array =  [-0.66648658 -0.7267526  -0.55347185  0.60548235 -2.2632958  -1.79623135
 -1.78529137 -0.53300015 -0.47859657 -0.026133   -3.66896572 -2.14885422
 -1.17524985 -1.36884902 -2.16734031 -1.48729307 -2.3265195  -1.16430256
 -0.98306802 -0.86135486]
log likelihood =  -17188.211710353964
Edge derivatives =  [0.07393676357521921, 0.3012051313588085, -0.08937577491178794, 0.1466706139060049, -0.08270516979727198, 0.21797849816895737, 0.09889048242223336, -0.1641919182590664, 0.12789352093721063, -0.10061024455915903, -0.2953562815035496, -0.04726643565464034, 0.17671828426923514, 0.2208237710304886]
other derivatives: [ 0.46129571 -0.12369128 -0.07566996  0.18080755 -0.275395   -0.66320354]
Current x array =  [-0.66651216 -0.72687346 -0.55333957  0.60527903 -2.26349003 -1.79741186
 -1.78117168 -0.53232522 -0.47802603 -0.02681049 -3.6751642  -2.1450979
 -1.17612727 -1.36940637 -2.16386333 -1.48607213 -2.32728698 -1.16472116
 -0.98242809 -0.85991303]
log likelihood =  -17188.211822205245
Edge derivatives =  [-0.03636784744005912, 0.1405222867905172, 0.10482218352833805, 0.4628051691079118, -0.05362099595393609, 0.07787926084683554, 0.2321766076044588, 0.029386955080949184, -0.03150648377181925, -0.23533905775982647, -0.1156989192071893, 0.19650739037482426, -0.0038868552448075855, -0.10560016788330134]
other derivatives: [-1.81098585  3.84388841  3.42406565 -0.50822564  0.96551958 -0.41836756]
Current x array =  [-0.66597495 -0.72842611 -0.55407915  0.60618535 -2.2654714  -1.80189916
 -1.77762854 -0.53009632 -0.47819745 -0.02690388 -3.68730073 -2.14006608
 -1.17584681 -1.3699851  -2.16093353 -1.48507401 -2.32947992 -1.16478559
 -0.9814608  -0.85826885]
log likelihood =  -17188.2095386898
Edge derivatives =  [0.019566743801615556, 0.2219359031870135, 0.006566724133815094, 0.30288601472051047, -0.06821512045639555, 0.1491590011187081, 0.164842285003448, -0.06839547613214447, 0.0493085446277714, -0.1669523392558823, -0.20653020055831267, 0.07319859162790965, 0.08767794836354353, 0.05982360789806013]
other derivatives: [-0.65920176  1.8371793   1.65309757 -0.15934347  0.33760443 -0.54205884]
Current x array =  [-0.66624695 -0.72763997 -0.55370469  0.60572646 -2.2644682  -1.79962716
 -1.7794225  -0.53122486 -0.47811066 -0.0268566  -3.68115578 -2.14261379
 -1.17598881 -1.36969208 -2.16241694 -1.48557938 -2.32836959 -1.16475297
 -0.98195056 -0.85910133]
log likelihood =  -17188.206736618846
Edge derivatives =  [-0.07165316908503333, 0.025874125922718403, -0.03197308354725842, 0.2475944023809723, -0.05968823598435561, 0.052232954686033214, 0.22155692288544254, 0.05261002569905357, -0.06690540874261669, -0.309703062791365, -0.07591574216165126, 0.2861393005072773, -0.1403380563069075, -0.3339067288809126]
other derivatives: [-0.44929038  0.28412614 -0.57516445 -0.17425918  0.53951226 -0.38526196]
Current x array =  [-0.66638    -0.72720572 -0.55310286  0.60586118 -2.26518457 -1.80306697
 -1.77812513 -0.52938087 -0.47785863 -0.02650272 -3.68648255 -2.13978807
 -1.1757466  -1.37011017 -2.16079605 -1.4847631  -2.32997529 -1.16504095
 -0.98095862 -0.85749806]
log likelihood =  -17188.205760682707
Edge derivatives =  [-0.0869187129041854, -0.041177931633440114, -0.04896462762208753, -0.0030142785071474165, -0.052920378622553145, 0.0582523583516749, 0.11828546010699603, 0.05071316166467493, -0.0476376793140566, -0.23664777738409173, -0.05262815527563147, 0.30230103120348856, -0.16465039166589346, -0.3481081424369762]
other derivatives: [-0.41836756 -0.01018634 -0.16443664 -0.09749783  0.38853614 -0.31432137]
Current x array =  [-0.66640418 -0.72712226 -0.5531873   0.60577642 -2.26515692 -1.80432875
 -1.77863421 -0.52888056 -0.47792471 -0.0258259  -3.68840695 -2.13946168
 -1.17510093 -1.37009787 -2.16112785 -1.48515657 -2.33045048 -1.1649822
 -0.98075077 -0.85736784]
log likelihood =  -17188.205069734104
Edge derivatives =  [-0.10037049132701545, -0.13504365536979923, 0.047239243468855746, -0.4798866387535188, -0.009036042301605604, 0.0992468454971227, -0.12721691829098586, 0.08428204233762049, 0.057582241193765316, 0.03200632167893134, -0.005794708388876194, 0.2042382404398823, -0.0536835343537197, -0.08024797924862176]
other derivatives: [-1.063745    0.99316821 -1.91212166  0.0516593  -0.10040822 -0.12259989]
Current x array =  [-0.66631482 -0.72748008 -0.55276835  0.605872   -2.2648424  -1.80741058
 -1.77962633 -0.52799582 -0.47843244 -0.02442672 -3.69944682 -2.13781347
 -1.17336005 -1.36986985 -2.1621765  -1.48650833 -2.33158131 -1.16421372
 -0.98076316 -0.85798946]
log likelihood =  -17188.20408844133
Edge derivatives =  [-0.11008284978065794, -0.18655867036890417, -0.023508201794166544, -0.37252145433403316, -0.0057137644133727645, 0.08455006171232769, -0.15524864337455657, 0.06527831099262857, 0.05296526422062309, 0.08115233123749502, -0.00258806206726692, 0.09554821562289234, -0.1017933666042613, -0.12435958191677982]
other derivatives: [ 0.01928129 -0.43182808  0.68466761 -0.11059456 -0.02837623 -0.06730261]
Current x array =  [-0.6664971  -0.72696902 -0.5533691   0.60587179 -2.26471934 -1.80845591
 -1.78027781 -0.52762226 -0.47836267 -0.02496254 -3.70142225 -2.13731176
 -1.17324509 -1.37000003 -2.16229296 -1.48685559 -2.33192958 -1.16380993
 -0.98056854 -0.85788838]
log likelihood =  -17188.203819153445
Edge derivatives =  [-0.10904340389445069, -0.14818651758755486, -0.012277341296100419, -0.21228935554254214, -0.004763170233083067, 0.073523900118546, -0.09403139245240058, 0.06716504872245102, 0.03844530181968231, 0.04210194886368115, -0.014343043269425575, 0.06629114818382154, -0.07519020914171187, -0.09337446752439693]
other derivatives: [ 0.01055014 -0.1717126   0.26411726 -0.11896191  0.01928129 -0.09786163]
Current x array =  [-0.66648607 -0.72704403 -0.55327983  0.60588221 -2.26468754 -1.80784014
 -1.77973968 -0.52793846 -0.47834487 -0.02541664 -3.70207806 -2.13708812
 -1.17360155 -1.36997871 -2.16196114 -1.48665253 -2.33170534 -1.16375185
 -0.98073987 -0.85804595]
log likelihood =  -17188.20360689441
Edge derivatives =  [-0.10287442560359791, -0.12026819142643606, -0.0011177389355769562, -0.02801154136213324, 3.174273387835996e-05, 0.06340332736438838, -0.049272005732531904, 0.0730679511088386, 0.03671910601324718, 0.04301604567239068, -0.01268322897342829, -0.0034207507965068884, -0.041515548900762644, -0.03556508709189604]
other derivatives: [ 0.23283064  0.09022187 -0.04692993 -0.07748895  0.0178261  -0.08185452]
Current x array =  [-0.66651521 -0.72710584 -0.55321819  0.60580587 -2.26456796 -1.80808295
 -1.77971024 -0.52807453 -0.47836415 -0.02598867 -3.70363288 -2.1366068
 -1.17379549 -1.36993979 -2.16177471 -1.48664611 -2.33176885 -1.16345834
 -0.98086702 -0.85824864]
log likelihood =  -17188.20358982966
Edge derivatives =  [-0.10733359877697075, -0.10152647316101121, -0.024903250436168034, 0.08403164258601525, 0.0045329881100031125, 0.042125140539253605, -0.029386235627004542, 0.04502608465227184, 0.029957644317659737, 0.033322173135460924, -0.016248476878038993, -0.09270963069475541, -0.015050030618576682, 0.01643098394159559]
other derivatives: [-0.88257366 -0.21354936 -0.14333636  0.00654836 -0.04511094 -0.05602487]
Current x array =  [-0.66631944 -0.72700279 -0.55322615  0.60567861 -2.26439843 -1.80845623
 -1.77976442 -0.52828952 -0.47839275 -0.02648757 -3.70608179 -2.13594175
 -1.17395628 -1.36982173 -2.16159122 -1.4866533  -2.33186853 -1.16315115
 -0.98103161 -0.85850468]
      fun: 17188.20358982966
 hess_inv: <20x20 LbfgsInvHessProduct with dtype=float64>
      jac: array([ 0.88257366,  0.21354936,  0.14333636, -0.00654836,  0.04511094,
        0.05602487,  0.1073336 ,  0.10152647,  0.02490325, -0.08403164,
       -0.00453299, -0.04212514,  0.02938624, -0.04502608, -0.02995764,
       -0.03332217,  0.01624848,  0.09270963,  0.01505003, -0.01643098])
  message: b'CONVERGENCE: REL_REDUCTION_OF_F_<=_FACTR*EPSMCH'
     nfev: 75
      nit: 68
   status: 0
  success: True
        x: array([-0.66631944, -0.72700279, -0.55322615,  0.60567861, -2.26439843,
       -1.80845623, -1.77976442, -0.52828952, -0.47839275, -0.02648757,
       -3.70608179, -2.13594175, -1.17395628, -1.36982173, -2.16159122,
       -1.4866533 , -2.33186853, -1.16315115, -0.98103161, -0.85850468])
