number of sites to be analyzed:  281
log likelihood =  -6787.894885129311
Edge derivatives =  [14.91931860138414, 20.782670042488206, -15.538043578076504, -3.289101235363701, -10.781600737387746, -13.587309308637481, 32.97519030882855, 21.06562748966538, 23.268480493842883, 69.2947472306046, -15.63422759490339, -14.75253334651831, -16.19970385715825, 15.522053047013616, 85.86176374468258, 134.80526123756076]
other derivatives: [-440.46028052   77.34970495  -79.93485269  -39.18230504 -313.08582038
  121.8613761 ]
Current x array =  [-0.45338167 -0.71838897 -0.59339193  0.74193734 -0.10536052 -0.51082562
 -2.30258509 -2.30258509 -2.30258509 -2.30258509 -2.30258509 -2.30258509
 -2.30258509 -2.30258509 -2.30258509 -2.30258509 -2.30258509 -2.30258509
 -2.30258509 -2.30258509 -2.30258509 -2.30258509]
log likelihood =  -6781.3679806954415
Edge derivatives =  [15.313531275152641, 23.695644316415205, -11.905001278686797, 2.958675905895924, -5.549472159796177, -10.675752764527045, 35.51162631833555, 21.976687503777224, 27.423018665017754, 67.29909562755252, -15.153357399164019, -10.296183912825336, -10.97081807469017, 21.647253851469664, 75.59895951287025, 141.6669160066873]
other derivatives: [ 6.24621953e+02  6.54564246e+01  3.15828402e+01 -3.73802322e-02
 -2.28911631e+02  1.00596299e+02]
Current x array =  [-1.21483389 -0.71723348 -0.73158049  0.67420036 -0.64661225 -0.49784117
 -2.2767931  -2.26665675 -2.32944672 -2.30827118 -2.32122394 -2.32607435
 -2.24557875 -2.26616758 -2.26235936 -2.18279077 -2.329613   -2.32808875
 -2.33059057 -2.27575111 -2.1541503  -2.06953851]
log likelihood =  -6567.013493162259
Edge derivatives =  [11.714700904946108, 24.426252042329956, -12.551921801858269, 0.740513693026102, -6.542138450407867, -10.922606904545589, 32.59895606747131, 19.707023143129145, 25.27645655621767, 64.25809872714383, -16.80509806952652, -11.693255041867168, -12.062951630830701, 19.402096573729782, 70.61110898283452, 135.9193738876179]
other derivatives: [ 441.4497198    13.30890882   25.97907951   -9.67374945 -203.97337721
   90.66334314]
Current x array =  [-0.92643428 -0.6648026  -0.72025692  0.67196725 -0.77912132 -0.41778871
 -2.26826913 -2.2535972  -2.33629603 -2.30697307 -2.32461671 -2.33219687
 -2.2259036  -2.25395422 -2.24728979 -2.14511941 -2.33809702 -2.33408674
 -2.33700872 -2.26401628 -2.1113797  -1.99086418]
log likelihood =  -7491.102846494127
Edge derivatives =  [19.12353725103379, 22.4069119197279, -9.883380642330508, -2.9593942666032143, -11.057555235575563, -6.222308255106643, 22.38404382183825, 15.022499077223646, 17.881334128316073, 51.6130129797193, -18.5956012979243, 2.9666825938947143, -9.439071257254797, 13.487624191867113, 46.985065487992905, 91.90846290077575]
other derivatives: [-13929.14127791    -86.18053471     14.52117431   -157.41534298
     29.25917215     79.92857718]
Current x array =  [-0.05       -0.72627515 -0.69263431  0.58068361 -1.68640731 -0.0382185
 -2.2246034  -2.14527429 -2.3960351  -2.31292616 -2.3594917  -2.38329567
 -2.08924819 -2.17207714 -2.14255188 -1.86490363 -2.41690558 -2.39226451
 -2.39665958 -2.18695556 -1.80175385 -1.40406817]
log likelihood =  -6360.040737554509
Edge derivatives =  [6.890802766928903, 24.728095066078815, -12.563396161729962, -1.7748154667477538, -7.847717077772755, -10.727903366825322, 26.535593293054056, 15.376827811014493, 21.10400686011668, 56.370329519062516, -19.16225427088935, -12.800755976640444, -13.064582014530588, 15.368434449692982, 57.34945355233205, 118.743234817968]
other derivatives: [ -95.80253391    2.15932232   18.9005732   -46.7429345  -129.45729395
   71.83643902]
Current x array =  [-0.56857567 -0.68990258 -0.70897828  0.63469505 -1.14957705 -0.26280565
 -2.25043989 -2.20936766 -2.36068821 -2.30940379 -2.33885658 -2.35306112
 -2.17010556 -2.22052282 -2.20452405 -2.03070395 -2.3702755  -2.35784142
 -2.36136488 -2.23255146 -1.98495576 -1.75126834]
log likelihood =  -6244.235430163251
Edge derivatives =  [5.870863239176267, 25.4209527677175, -9.962246701983595, -0.7857193418605757, -6.256414267212666, -8.262647179255298, 22.00244521549779, 12.364987004223511, 17.959264179764922, 47.41471693513391, -18.329557290741253, -10.474164578714321, -12.005328276526324, 14.043272836156362, 41.030045156930896, 91.56697221848087]
other derivatives: [-214.80000214  -26.04265319   30.84223863  -61.03518899  -11.15940904
   46.60796549]
Current x array =  [-0.52781413 -0.70451694 -0.71651673  0.54418492 -1.71871921 -0.09374917
 -2.2214731  -2.14123632 -2.39898384 -2.31370547 -2.36229633 -2.38606261
 -2.08419543 -2.16875608 -2.13887371 -1.85293072 -2.42083314 -2.395227
 -2.40027856 -2.18489564 -1.78854548 -1.38338458]
log likelihood =  -6157.092055411405
Edge derivatives =  [11.418250622893886, 24.419713392310157, -4.657493922558113, 3.397655529784522, -2.1847311603868844, -4.992311080962921, 17.030042697409115, 9.952886224219078, 12.692125994201696, 33.87798040210238, -13.536643991714827, -6.360393900540059, -10.265688810438526, 13.387326849304836, 20.009769344056583, 33.07586419219866]
other derivatives: [ 49.56491466  47.89444574 -45.72666512 -13.18940122  56.36793503
  -2.55849955]
Current x array =  [-0.64126494 -0.80793585 -0.60110843  0.2876375  -2.20891752  0.1693571
 -2.16628355 -1.99428697 -2.46248358 -2.31343125 -2.39969188 -2.43990346
 -1.92873102 -2.07692527 -2.01677863 -1.53291466 -2.52178446 -2.4578394
 -2.47237047 -2.08946812 -1.47506297 -0.76023305]
log likelihood =  -6139.528635670713
Edge derivatives =  [9.852917690040648, 21.913873825607038, -5.00931189722648, 1.8214093581466246, -3.523473684944671, -5.768393878820107, 11.297207502728991, 5.892715768165653, 7.332874199868709, 21.347535350641593, -13.527763699267718, -6.554724390488249, -10.921514609511211, 8.973046175272971, 8.89104623474641, 4.01073938113171]
other derivatives: [ -3.1241143   -2.80742825   1.03227649  -3.08700692  42.125248
 -18.21827027]
Current x array =  [-0.62330078 -0.7539176  -0.65275599  0.20306742 -2.2061484   0.22939363
 -2.13505269 -1.9181043  -2.4849703  -2.30789533 -2.41208384 -2.46071952
 -1.86491884 -2.03962786 -1.96769474 -1.40285072 -2.56879999 -2.48333775
 -2.50672774 -2.04511977 -1.37193447 -0.56420583]
log likelihood =  -6129.947968293596
Edge derivatives =  [7.968090397514371, 19.08276935771663, -5.081949273489936, 0.7694537618656154, -4.191543350234091, -6.019842996523649, 6.985656774845596, 3.203512600512567, 3.316731651534072, 10.479092003873122, -13.158045956582809, -6.403907632166718, -10.411788805055263, 6.161763496165163, 1.994536716011029, -15.764076047130573]
other derivatives: [-18.6343641  -12.71328074   3.78113327  10.74404281   8.10086931
 -22.75646693]
Current x array =  [-0.61989416 -0.74554167 -0.65198952  0.15429085 -2.09809056  0.21699276
 -2.09561296 -1.8259465  -2.50878426 -2.30091759 -2.42739075 -2.48569527
 -1.80651784 -2.00755388 -1.92625281 -1.28842214 -2.62626676 -2.51238778
 -2.55114304 -2.0017105  -1.30202345 -0.46353096]
log likelihood =  -6121.090912264163
Edge derivatives =  [3.5035350808790175, 15.160373480847934, -4.367056133762817, 0.12972922041325324, -4.178778984679279, -4.72233999190138, 3.07279915839876, 1.248568517033831, 0.30111154792235384, -1.0063462571547501, -12.116006225829496, -5.105317244147696, -8.039435825680851, 4.388178528505231, -1.4410841822207296, -20.07655633864131]
other derivatives: [  8.65875336  -9.21099854  30.81922841   9.38016456 -12.7880412
 -12.07254172]
Current x array =  [-0.63670283 -0.75421653 -0.67743737  0.17820034 -2.01781536  0.11295361
 -2.0313183  -1.67378982 -2.54875212 -2.29180728 -2.45689405 -2.53061566
 -1.73210017 -1.96895957 -1.88088194 -1.15986014 -2.72701226 -2.5618549
 -2.62904482 -1.94116554 -1.23986387 -0.45922518]
log likelihood =  -6114.9927986818975
Edge derivatives =  [-3.398098820608944, 8.071886102647904, -3.319350062174591, -0.5679345477066127, -3.1545410946030557, -1.677700196553235, -2.8047197005677127, -0.9447998530906312, -1.6748178331782253, -14.805486180539287, -10.119887455817336, -2.8495291214607246, -4.836149906184655, 2.046947907121851, -4.528420988698715, -14.10628609703544]
other derivatives: [ -7.4496711  -18.86792234 -41.68678061   4.58030627 -25.96043487
   2.61215973]
Current x array =  [-0.63467609 -0.75459748 -0.59121045  0.22192355 -1.96700765 -0.03065408
 -1.94377582 -1.42778407 -2.61437548 -2.27996951 -2.50899601 -2.60228688
 -1.62810619 -1.91535104 -1.82264346 -1.00830396 -2.89902041 -2.64171981
 -2.75375562 -1.8473266  -1.16298926 -0.50883062]
log likelihood =  -6111.470289516597
Edge derivatives =  [-5.074200594841843, 5.743560376017925, -2.440513018621937, -0.09951374991041673, -2.595793213339115, -0.20000132274213045, -2.8960012612813433, -0.8193778960824729, -1.2598737461845066, -13.129265030263408, -9.09909001536725, -1.7504264931967577, -3.6318826910585957, 1.5797903132359243, -2.6165716176714553, -2.4435023542453593]
other derivatives: [  1.23727659  16.71596692  11.91592673  -2.52730388 -12.67435437
   7.65321602]
Current x array =  [-0.63671689 -0.79798955 -0.64435133  0.24826525 -2.01586511 -0.07154451
 -1.92869965 -1.34480011 -2.63892988 -2.2780854  -2.53012794 -2.6248996
 -1.60879765 -1.90439039 -1.8130771  -1.00765018 -2.9674812  -2.66892528
 -2.79757235 -1.81864699 -1.15685703 -0.56593775]
log likelihood =  -6110.083453278389
Edge derivatives =  [-5.097238738430902, 5.50530316202124, -2.250528372565934, -0.012843033185448917, -2.2368583220570755, 0.4258434217591769, -2.396929211523401, -0.5669760131343584, -0.44393078723096924, -9.176285407664885, -8.669994692370953, -1.3412552888263933, -3.3619995804688636, 1.5006914863750709, -1.266813248224953, 1.933419923995939]
other derivatives: [ 3.27709131  7.06386345  6.88687578 -5.4157681   0.01500666  7.33261913]
Current x array =  [-0.63804922 -0.78737106 -0.63907658  0.24899155 -2.06310409 -0.06246102
 -1.93712794 -1.32340585 -2.64700207 -2.27856186 -2.53818059 -2.62852623
 -1.61288145 -1.90512568 -1.81541783 -1.03671009 -2.99376525 -2.67593692
 -2.80996791 -1.81232412 -1.16225337 -0.5837595 ]
log likelihood =  -6108.379157556018
Edge derivatives =  [-5.338711182927491, 2.9019341701051564, -1.7921638632607784, -0.02610514449506178, -1.5795674012276206, 1.6925111734733647, -2.521095768515737, -0.6905535234306176, 0.24524046206193884, -4.1455809318369194, -7.622262210595486, -0.40372431712541895, -2.7222002204176365, 0.13451422517183087, -0.5634528440708828, 4.912046690682611]
other derivatives: [-3.46553861  3.79204721 -3.74102456 -3.65753294  9.8019882   4.73946784]
Current x array =  [-0.63431148 -0.78341516 -0.62826867  0.22983271 -2.10774393 -0.04084574
 -1.95401383 -1.24012632 -2.6754782  -2.27778307 -2.56396008 -2.64139208
 -1.61026718 -1.89947026 -1.80939817 -1.07725899 -3.08387674 -2.70120502
 -2.85606357 -1.78486613 -1.15779302 -0.59467002]
log likelihood =  -6106.771761977983
Edge derivatives =  [-5.6333728459930565, -1.6397287089523194, -1.3892580592794486, -0.4393430254466615, -1.0451238352930177, 2.999111228486519, -2.7417974093188975, -1.1210852777744271, 0.5196089555539842, 0.8241375327149817, -6.341006199144015, 0.6681628485500026, -1.9475107024466265, -2.1148136648778326, -0.28039605710489646, 5.599850275430789]
other derivatives: [  3.33893695 -11.56749931  -2.42853275  -1.2964847   10.36696631
   1.0988515 ]
Current x array =  [-0.63759114 -0.76212886 -0.63097094  0.21380096 -2.10839219 -0.01401797
 -1.99318431 -1.12772747 -2.71786687 -2.27677293 -2.60183705 -2.64981803
 -1.61678921 -1.89590736 -1.80046393 -1.13256786 -3.2264756  -2.73359371
 -2.92546145 -1.75352488 -1.15803791 -0.60393521]
log likelihood =  -6106.209524435084
Edge derivatives =  [-4.243942541722454, -5.524150771053289, -0.6844458003808442, -0.5528022252088386, -0.49192883256920206, 3.9607570959102913, -1.4915716213348262, -0.9653074205666925, 0.8500215620709652, 6.214190846242166, -5.0251607336523305, 1.5565413019214034, -1.140201653527223, -3.494900358188111, 0.0009242181929209892, -0.14364800293494784]
other derivatives: [-45.04099707   9.49039531  -9.15333658   4.70045052   6.21203071
  -5.94545781]
Current x array =  [-0.61112762 -0.78421942 -0.62626711  0.19220751 -2.10000712  0.03473853
 -2.07338648 -1.03390593 -2.76869723 -2.27942038 -2.6464551  -2.63804901
 -1.64514647 -1.90128324 -1.79088925 -1.19720222 -3.4076024  -2.76048733
 -3.00467882 -1.73830884 -1.16141876 -0.57287318]
log likelihood =  -6105.213825136906
Edge derivatives =  [-4.218865320187859, -5.618296086042178, -0.6822992795021253, -0.6423400701457735, -0.5302384648633867, 3.929244794060805, -1.1086345705757679, -0.766861346103982, 0.8590352542855717, 5.920606976886977, -4.876596431147206, 1.6407563041281605, -0.9583992220750439, -3.120936521953179, 0.5345017433143409, 0.732958589172511]
other derivatives: [-3.29346221  2.0085281  -3.3555807   3.95020834 -0.04010872 -4.62168828]
Current x array =  [-0.63080789 -0.77072827 -0.63271224  0.20411472 -2.06613382  0.02309354
 -2.08440543 -1.03328808 -2.77238788 -2.27976899 -2.64978365 -2.63180866
 -1.65147425 -1.90430904 -1.79095935 -1.19802384 -3.42659282 -2.75992991
 -3.01179634 -1.74246421 -1.16831588 -0.5842205 ]
log likelihood =  -6104.833446513749
Edge derivatives =  [-3.985249740078158, -5.011632372568082, -0.6347725374886174, -0.7049127608695618, -0.655306175253334, 3.704045500862869, -0.6161072206501712, -0.5506506551037965, 0.7090284033190324, 4.823356208550499, -4.772563134071039, 1.5749032833408667, -0.7868022153580074, -2.461652295264584, 0.6582382153533648, -0.49152489715680625]
other derivatives: [ 4.97693691  1.00390025  0.97934389  2.61097739 -4.56839189 -3.68436304]
Current x array =  [-0.63471322 -0.76812633 -0.63748838  0.21646504 -2.04257387  0.01389221
 -2.10109461 -1.04462383 -2.77571575 -2.28117282 -2.65242037 -2.62050539
 -1.66005658 -1.90849948 -1.78998089 -1.19149794 -3.44568958 -2.75622344
 -3.01711805 -1.75189555 -1.17216439 -0.58110951]
log likelihood =  -6104.145481769163
Edge derivatives =  [-3.1685862775563884, -4.026531050463967, -0.24724329457586727, -0.6950801550582703, -0.685763739528806, 3.6174328157688476, 0.8278131328632896, 0.12714764235737588, 0.7351499726905013, 3.5334758127969565, -4.23691049196713, 1.6815985885957403, -0.15921423849019223, -0.9215574660907184, 1.19897865731283, -2.511510788918719]
other derivatives: [12.43106453  3.14885256  3.87908585  0.09085852 -8.90267984 -2.71484168]
Current x array =  [-6.37693248e-01 -7.68384195e-01 -6.40888038e-01  2.36671545e-01
 -2.01849563e+00  8.32469174e-04 -2.15694368e+00 -1.05031445e+00
 -2.79557438e+00 -2.28591747e+00 -2.66978441e+00 -2.59076526e+00
 -1.68131377e+00 -1.91744578e+00 -1.78406612e+00 -1.18477872e+00
 -3.53396793e+00 -2.75350191e+00 -3.04776803e+00 -1.76843560e+00
 -1.17694617e+00 -5.71959966e-01]
log likelihood =  -6103.230557786705
Edge derivatives =  [-2.5553307083414456, -2.3722431741722825, 0.4083516905050586, -1.0440694962948567, -0.939717383588224, 3.536961150860418, 2.2887273963251213, 0.7401013086856452, 0.3638230543356902, -1.101073656150005, -3.3290548646886093, 1.702379180071366, 1.0003614426845902, 1.3208983278364221, 0.9976552067418454, -3.75737027119568]
other derivatives: [ -6.51161827 -14.27752068  14.94609023  -6.66859705  -9.37125151
   0.61500032]
Current x array =  [-0.62944188 -0.74989896 -0.65301936  0.26502402 -2.00406706 -0.03800879
 -2.265364   -1.05435266 -2.83687908 -2.29630844 -2.70837079 -2.52650722
 -1.70652486 -1.92764271 -1.76569332 -1.15438543 -3.72544048 -2.74739059
 -3.11214912 -1.79051213 -1.17370299 -0.57020623]
log likelihood =  -6102.12479129502
Edge derivatives =  [-0.5687264826162561, -0.6969655372898262, 1.8282236407206403, -0.42659091821491785, -0.4466823903532571, 4.333081788474153, 5.770771957737237, 2.6067788572393202, 1.4243697641283095, -1.5327050492717686, -2.0299711448296636, 2.3932652331996698, 2.5517168088206006, 4.7920485105116235, 2.1772899780431407, -5.104260725716787]
other derivatives: [14.77555998  6.66459528  3.99468263 -6.1965693  -7.54571374 -0.32059688]
Current x array =  [-0.63709548 -0.76852326 -0.64102914  0.27152405 -2.01858343 -0.0537485
 -2.4386934  -1.02247406 -2.90961601 -2.31237686 -2.77717085 -2.43735596
 -1.74571479 -1.94075035 -1.73794119 -1.1497514  -4.04481729 -2.74942602
 -3.22376255 -1.80800716 -1.16592069 -0.54937753]
log likelihood =  -6101.395326615839
Edge derivatives =  [-0.4574352434812534, -0.5221327686400232, 2.2314528101685505, -0.41981576289426914, -0.3579078436418138, 4.807842676228764, 5.915371609193582, 2.66404833665036, 1.6679053196845453, -1.9749592467023034, -1.6254357042555077, 2.531364328313753, 2.9437318257984773, 5.097595660820447, 1.7173591014602918, -3.2076092590848333]
other derivatives: [ 4.90845196  2.7470378   0.99844328 -5.11699909 -1.71958163 -0.47839421]
Current x array =  [-0.6323541  -0.7647381  -0.63766411  0.25744621 -2.04763742 -0.06401748
 -2.50762391 -0.99909994 -2.93866809 -2.31965674 -2.80907012 -2.39467445
 -1.74405504 -1.9377549  -1.7209775  -1.14673001 -4.18870132 -2.74883385
 -3.26945622 -1.79955821 -1.15345672 -0.5549524 ]
log likelihood =  -6100.404188618077
Edge derivatives =  [-0.49955274836383734, 0.030435674169097204, 2.807614929676169, -0.46987503838966965, -0.2998584697536224, 5.298392864092675, 5.408551534715126, 2.3366632414815873, 1.9914219941467244, -2.9153090407120374, -0.9924138749993721, 2.5531188765864967, 3.419420865773668, 4.956881436941786, 0.30279586153570204, 0.8089021112514656]
other derivatives: [-8.84901965 -3.14730642 -3.37331585 -1.10994733  6.28842827 -0.88575689]
Current x array =  [-0.62600199 -0.75871686 -0.63268614  0.22376122 -2.09320235 -0.09080959
 -2.653188   -0.95706929 -2.99184345 -2.33606183 -2.87528508 -2.29082475
 -1.72736342 -1.92596554 -1.68127154 -1.14297409 -4.48952721 -2.73943884
 -3.35518496 -1.77187504 -1.12592504 -0.57002467]
log likelihood =  -6099.592457135697
Edge derivatives =  [-0.5865076664400839, 0.5208351703451941, 3.1221163216222516, -0.45936958153082663, -0.22541503491302572, 4.531405966168637, 4.485671110423958, 1.7640031802709972, 2.1429947826651583, -3.760261142765264, -0.5655767024914297, 2.302846054317454, 3.6224395174736093, 4.303978649777206, -1.149796465345128, 3.468277493572859]
other derivatives: [-13.24260666  -4.13183443  -2.51220627   2.33458195   8.44347596
  -1.11276677]
Current x array =  [-0.62419828 -0.75768355 -0.63297178  0.20045457 -2.11384069 -0.12498011
 -2.80936622 -0.92215116 -3.0392178  -2.35451249 -2.94331233 -2.16794633
 -1.70402239 -1.91190448 -1.63689249 -1.14494958 -4.80097422 -2.72151866
 -3.43442687 -1.73878633 -1.1024375  -0.5806585 ]
log likelihood =  -6099.001367657432
Edge derivatives =  [-0.5552116631139561, 0.6749349748497928, 2.731080708355139, -0.22208332428183458, 0.4826948925377335, -2.2741958857653684, 0.7843031424163044, -0.18097240398945078, 1.8514072578919243, -3.589550333748655, -0.14276345499396745, 1.1906808552983337, 3.267905456756537, 1.074433012292714, -2.7709795713083034, 3.5595848213836887]
other derivatives: [-15.88905434 -18.89720807 -29.72710718   2.22653398   5.0039489
  -0.32841854]
Current x array =  [-0.62680917 -0.74533048 -0.60028732  0.20052599 -2.11636069 -0.21236583
 -3.12988795 -0.87288218 -3.10164195 -2.39567479 -3.07509317 -1.88997634
 -1.63262077 -1.87761417 -1.53348923 -1.17525101 -5.41094049 -2.66126445
 -3.55285999 -1.65516412 -1.07794873 -0.5740792 ]
log likelihood =  -6098.321343636003
Edge derivatives =  [-0.6724576470610142, 0.7946447595387999, 2.6096460170571203, -0.10038923519454292, 0.4045164991657296, -2.539574716425804, -0.7799843408648368, -0.888492250724048, 1.1026747437834974, -1.41803525355586, -0.16235113266755596, 1.0662531949246068, 2.915413609887922, -1.1878277506662873, -2.065459196843882, 2.52375181085837]
other derivatives: [-11.22161848   8.80763764  17.89821908   1.58070179   4.76875357
  -1.42181307]
Current x array =  [-0.62731215 -0.77717587 -0.65112472  0.20219852 -2.12249589 -0.21119777
 -3.1209609  -0.87257276 -3.07764395 -2.39719862 -3.07038716 -1.88482152
 -1.6054916  -1.86794784 -1.52255691 -1.19966867 -5.39171994 -2.64833544
 -3.5215106  -1.63119191 -1.08450445 -0.56315087]
log likelihood =  -6097.762968818118
Edge derivatives =  [-1.1146607582437336, 1.6336547250845963, 2.2235226957362593, -0.6210378401119464, -0.11851334858029305, 0.4607681189594265, -0.7749519104835197, -0.8005559805536377, 0.9507115181176231, -0.10912283655505395, -0.33072218535614856, 1.5271385108378335, 2.639675050805222, -1.1643140237828449, -0.5199382223523168, 0.5238204308906438]
other derivatives: [-0.26138878  2.3179382   1.55932867 -0.76433935  0.68475856 -1.87810656]
Current x array =  [-0.63234781 -0.76782142 -0.63375793  0.22141655 -2.09353891 -0.18397927
 -2.96909965 -0.90773636 -3.02186246 -2.38044954 -3.00404382 -1.99372686
 -1.61363058 -1.87597281 -1.5603164  -1.2041173  -5.08932875 -2.6579018
 -3.43249559 -1.65173641 -1.10756529 -0.55704858]
log likelihood =  -6097.639815817412
Edge derivatives =  [-1.1969312501595142, 1.5845279135553818, 2.03076061892443, -0.600245440763457, -0.056440063431027476, -0.589067829847216, -1.2359965534526651, -0.9393610259168006, 0.6438841292070854, -0.0065932260764274275, -0.28594575365383756, 1.3504071313653825, 2.561631204284021, -1.4670352050620488, -0.4108180277875335, 0.22523964208639702]
other derivatives: [ 1.70730345 -0.76433935 -0.97734301 -0.98916644 -0.6688424  -1.24182407]
Current x array =  [-0.6339477  -0.76463248 -0.6303784   0.22308347 -2.08937781 -0.20150741
 -3.00830392 -0.90153078 -3.01907302 -2.38711392 -3.01813838 -1.95944907
 -1.60474479 -1.87361334 -1.54465529 -1.20995755 -5.15629999 -2.64416255
 -3.4337212  -1.64382832 -1.10873231 -0.5544967 ]
log likelihood =  -6097.498780542578
Edge derivatives =  [-1.418112777982128, 1.1252022349193744, 1.5574377573741025, -0.5633196752645772, -0.05270023139005364, -1.7628849845936072, -1.5436145710268359, -0.8897426231691619, -0.16101597462070671, 0.7066025657092054, -0.26344628084204225, 1.0608040054793229, 2.3333554796362685, -1.6478725617147814, 0.1506212440616368, -1.0895922646746983]
other derivatives: [-10.33104127   1.70512067  -4.77084541  -0.52050382  -3.68918336
  -0.15143087]
Current x array =  [-0.62843558 -0.76850383 -0.62597882  0.22358232 -2.07948976 -0.22622366
 -3.04693733 -0.89071585 -2.99312811 -2.39729154 -3.02768574 -1.92941844
 -1.59722108 -1.87523409 -1.52431167 -1.22367739 -5.2042224  -2.61730327
 -3.40446978 -1.640437   -1.11705644 -0.54598423]
log likelihood =  -6097.30487131604
Edge derivatives =  [-1.686475266436281, 0.5446261620107273, 1.0540420473713588, -0.4379672011584817, -0.02392810835096315, -2.5538885667676503, -1.3664695139480136, -0.47995300813179914, -1.0053579239712591, 1.2722661377219426, -0.23534590075375686, 0.8627488638429517, 2.142963956736573, -1.264652596257072, 0.8662016089768652, -1.259065631715299]
other derivatives: [ 1.65500751 -1.72130967 -0.78553057 -0.39881343 -4.00314093  1.25246515]
Current x array =  [-0.63486643 -0.76416271 -0.63001893  0.22171498 -2.080029   -0.25286628
 -3.07954924 -0.87656407 -2.9605594  -2.40793197 -3.0339404  -1.91099076
 -1.59437015 -1.87996281 -1.50540915 -1.2329858  -5.23709665 -2.58893101
 -3.36550355 -1.64344944 -1.12542363 -0.54089949]
log likelihood =  -6097.121259056852
Edge derivatives =  [-1.9700690362173883, -0.09547065526706922, 0.6243936637307687, -0.36750880891757176, -0.11749520187529583, -1.9738601985181399, -0.49847894171453155, 0.19908027114541565, -1.5974173426782459, 1.67151031303167, -0.2567547150133137, 0.796511189588758, 1.945193358980166, -0.34946339483603794, 1.503606798914927, -1.1665970309644518]
other derivatives: [ 3.28309397 -2.12712621  1.33113645  0.08749339 -3.01497494  2.21616574]
Current x array =  [-0.63564021 -0.76339324 -0.6328167   0.21767174 -2.08397378 -0.26365471
 -3.07026985 -0.86698094 -2.92029488 -2.41320687 -3.02274543 -1.93397394
 -1.60362538 -1.88963569 -1.50316056 -1.23562783 -5.18781002 -2.56917176
 -3.31023392 -1.65922851 -1.13422989 -0.53829139]
log likelihood =  -6097.026898624115
Edge derivatives =  [-1.8270432782445098, -0.9583496452275895, 0.09507531870032146, 0.4199873537070455, 0.14403556089637082, -1.5699324196981745, 1.3818127874780246, 1.5909318527099012, -1.7977139536699034, 2.2581216796060026, -0.22972083546741567, 0.12745955941466358, 1.363770641949623, 1.1792983877687075, 1.8103497394443027, 0.8881789183010951]
other derivatives: [20.25462891 14.1792043  -7.51279003  1.52522261  0.69167072  2.12057785]
Current x array =  [-0.64309233 -0.78134286 -0.62349744  0.21326164 -2.10715364 -0.27797549
 -3.13007672 -0.83753743 -2.8474129  -2.4345449  -3.02636312 -1.94714107
 -1.61447884 -1.90062872 -1.49611109 -1.23034075 -5.20381523 -2.5131102
 -3.20544617 -1.6786437  -1.13352824 -0.53642645]
log likelihood =  -6096.775161099333
Edge derivatives =  [-2.0079754564597474, -1.42231902222383, -0.12976131466066104, 0.15925953782571292, -0.08978752675579982, -0.9525117909403011, 1.4317611337914817, 1.5144137841159748, -2.124531808767701, 1.344599272489428, -0.2850932311523603, -0.07702676256216573, 1.1648967090689237, 1.169198003120919, 1.2361767468634468, 0.22952986749219184]
other derivatives: [ 2.52657628  2.49365257 -0.47239155 -0.42091415  2.05664037  2.15104592]
Current x array =  [-0.63529047 -0.76969606 -0.63124442  0.21538846 -2.10782684 -0.27101441
 -3.1079051  -0.83937249 -2.82999936 -2.43328492 -3.01338644 -1.97742805
 -1.62267188 -1.90477778 -1.50685964 -1.22395142 -5.14434404 -2.51048789
 -3.17676599 -1.68972757 -1.1346977  -0.53649387]
log likelihood =  -6096.704061018509
Edge derivatives =  [-1.8583065652580162, -1.313545555385592, -0.004556710707493746, 0.14136729251979785, -0.08444010989101924, -0.9378060517354594, 1.127533666009265, 1.2261513043508083, -1.89570903961779, 0.7430971981197868, -0.2909966555796689, -0.25925770036299833, 1.1257348636832176, 0.7775239440730856, 0.5543927030855342, 0.1695888327093018]
other derivatives: [-1.85273166  0.1638     -0.19299478 -1.19143806  2.40161171  1.39743861]
Current x array =  [-0.63342897 -0.7677489  -0.63135815  0.21771399 -2.10863365 -0.26230792
 -3.11646148 -0.84196855 -2.83426226 -2.43323833 -3.01548071 -1.97930363
 -1.62100821 -1.90129105 -1.51312028 -1.21791573 -5.15252699 -2.5114676
 -3.17869734 -1.68704561 -1.12882861 -0.53775206]
log likelihood =  -6096.581211402723
Edge derivatives =  [-1.4961227613413102, -1.2350465118240608, 0.028724840143595592, 0.24967514453093323, -0.013465724791515532, -1.0444841760738452, 0.5216992660630632, 0.7210175824758787, -1.5255081772388523, -0.3861223056759276, -0.29573709973520834, -0.9203240118217563, 0.746885799828164, -0.08263774211899222, -0.8877243347258754, 0.02429616987124872]
other derivatives: [-5.79584594 -2.14295142 -0.67193469 -2.17314664  2.49820005 -0.36361598]
Current x array =  [-0.63206155 -0.76628188 -0.63044913  0.22086984 -2.11020953 -0.24951142
 -3.15907697 -0.84157784 -2.8205887  -2.4397031  -3.02251768 -1.982212
 -1.61505598 -1.89387161 -1.5241159  -1.20577676 -5.18271993 -2.4954785
 -3.14961783 -1.68259859 -1.11712356 -0.53790762]
log likelihood =  -6096.475810856072
Edge derivatives =  [-1.1623644071153778, -1.0292517171850935, 0.030456623811146732, 0.3362066804379165, 0.07576408251107047, -1.0424671201317668, 0.04089283987086123, 0.2993812484752795, -1.0495617006519642, -1.079848793091958, -0.2913631817895843, -1.3353575736340608, 0.40245137412843673, -0.6008393970655469, -1.5984247570967685, -0.36336929975696597]
other derivatives: [-4.1448402  -1.91575964  0.48521542 -0.59417289  0.37543941 -1.41380951]
Current x array =  [-0.63280542 -0.76581762 -0.63205952  0.21476574 -2.10374044 -0.24503882
 -3.20419581 -0.8428299  -2.8034654  -2.44544644 -3.02863746 -1.98847621
 -1.60992712 -1.88670431 -1.53667761 -1.19817196 -5.21140655 -2.48191554
 -3.11579637 -1.68202428 -1.11251739 -0.53692829]
log likelihood =  -6096.374243227585
Edge derivatives =  [-0.8078222985047553, -0.6199416994505416, -0.18724056762415947, 0.6185716636837465, 0.3921938264832374, -1.2025683781833685, -0.33566167653973417, -0.04116705835463273, -0.1113504254889639, -1.0777774124848079, -0.2343022619819784, -1.7504852244832394, -0.15693301110833144, -0.6569103107518431, -1.3000410016028119, 0.44648563295310273]
other derivatives: [-1.10048859 -2.20425136 -2.28974386  0.44165063  1.12377165 -1.30903572]
Current x array =  [-0.63443203 -0.76503612 -0.62949518  0.2094661  -2.10866148 -0.25998958
 -3.30555855 -0.83944897 -2.76726806 -2.45831084 -3.04541411 -1.98868036
 -1.601577   -1.87660958 -1.54921688 -1.19566777 -5.29579917 -2.45565478
 -3.05229767 -1.6851973  -1.11514264 -0.53793985]
log likelihood =  -6096.325096099379
Edge derivatives =  [-0.3905785212272067, 0.9001168969806855, 0.17199103800361587, 0.5862190731812121, 0.6084768612445087, -0.7040067755560879, -1.158186180083605, -0.9419164177574875, 1.3547807135708334, -0.7170784933855403, -0.19753192427665844, -1.1879889810713313, -0.19835944868994812, -0.9023867650018694, -0.20755190671568746, -0.21674607202804852]
other derivatives: [ 1.90566425  4.10400389  5.69234544  0.83618943 -2.32594175 -0.94023562]
Current x array =  [-0.63471475 -0.77023242 -0.63925795  0.21365648 -2.09100754 -0.26807263
 -3.37667502 -0.85959751 -2.76672311 -2.45414956 -3.05248736 -2.00535863
 -1.59316442 -1.86072838 -1.57579401 -1.19883255 -5.3507172  -2.47322965
 -3.03467954 -1.68657522 -1.12531621 -0.53703905]
log likelihood =  -6096.262967601506
Edge derivatives =  [-0.5255272830557678, 0.6790242298293581, 0.016228026645356462, 0.5677710547278088, 0.6040644076959991, -0.5961983249113556, -0.7610626812232284, -0.6138536314656509, 1.1114230205030586, -0.24654670145388546, -0.1891134531789204, -0.9802297020578637, -0.14557141536762674, -0.42313290705261, 0.26029966546763195, 0.04446948333901379]
other derivatives: [ 2.5830559   0.14661055 -0.37916834  0.58189471 -0.94787538 -0.20809239]
Current x array =  [-0.63538697 -0.76581475 -0.63253519  0.21375325 -2.09570082 -0.27513736
 -3.37076125 -0.85554592 -2.76428656 -2.45312975 -3.04999244 -2.00589496
 -1.59709224 -1.86519903 -1.5688197  -1.20328103 -5.34547567 -2.4749785
 -3.0348889  -1.69041531 -1.12891891 -0.53682181]
log likelihood =  -6096.243149772721
Edge derivatives =  [-0.5950225469535088, 0.5292339035514722, -0.09238207842927966, 0.5880392186090014, 0.6215798712928362, -0.5647278807977167, -0.47610422300463145, -0.3978345372725096, 0.9099246727299266, 0.11358795385521597, -0.17841879465799543, -0.8327205513763509, -0.1477251535850768, -0.09285793356144145, 0.6199064628233064, 0.19514475698337008]
other derivatives: [-0.11823431  0.42764441 -1.17306627  0.02601155  0.06630216  0.3945388 ]
Current x array =  [-0.63412023 -0.76657322 -0.63162943  0.21576226 -2.09929113 -0.28271924
 -3.38003612 -0.85189526 -2.76027859 -2.45274298 -3.04984398 -2.00533597
 -1.59958907 -1.86776621 -1.56312039 -1.20714994 -5.35508604 -2.47586336
 -3.03080824 -1.6934328  -1.13170121 -0.53622142]
log likelihood =  -6096.223106357602
Edge derivatives =  [-0.6061119436763946, 0.5628830210713698, -0.07943464123410647, 0.5642480842751239, 0.6634562498199499, -0.4486873748227921, -0.2865398988854876, -0.3002798607830366, 0.7861804082806052, 0.4496585496558425, -0.1591354839485687, -0.49436034606670537, -0.05576365231890615, 0.17460351113455774, 0.9315242930943999, 0.2796053191839647]
other derivatives: [ 1.49802872 -1.46419552 -0.49421942 -0.9957148   1.04864739  0.94605639]
Current x array =  [-0.63505426 -0.76452324 -0.63227134  0.21989571 -2.10173857 -0.28978133
 -3.40105099 -0.85064841 -2.76351669 -2.44896782 -3.0504738  -2.00499479
 -1.6017     -1.86849589 -1.55797489 -1.21130757 -5.38034343 -2.48565105
 -3.03505109 -1.69516501 -1.13337599 -0.53589592]
log likelihood =  -6096.18717476297
Edge derivatives =  [-0.49310261600916916, 0.6048192860919865, 0.010391805667598501, 0.562594840225118, 0.7760172358616859, -0.2894672915803196, -0.10442002992267235, -0.27290536597976933, 0.5903127394152601, 0.8074418121414695, -0.12661947479687005, -0.023264716898248827, -0.003519916911746218, 0.39765983880075323, 1.0471725426003768, 0.07921521495885098]
other derivatives: [-3.37076926  0.07203198 -1.85536919 -1.34432412  1.03409548  1.38579708]
Current x array =  [-0.6325792  -0.76658278 -0.63078382  0.22299778 -2.10142409 -0.29928423
 -3.46108609 -0.84741349 -2.76766903 -2.44242418 -3.05421814 -2.00334759
 -1.60357175 -1.86734562 -1.54981085 -1.21609008 -5.44774059 -2.50168581
 -3.03720366 -1.69603802 -1.13225008 -0.53435713]
log likelihood =  -6096.144617111677
Edge derivatives =  [-0.3470409041191259, 0.5050056420659221, 0.12415649535484205, 0.5635301778052614, 0.8597152619821171, -0.09365551708755815, 0.027795759370098205, -0.2837085864425352, 0.3204037772369177, 0.664139694711442, -0.10483496842883165, 0.2408521967452819, -0.06140177742485376, 0.39614385194600915, 0.5589987275645414, -0.08913609548562651]
other derivatives: [-3.29046088 -0.32860044 -0.61563696 -1.35905793  0.8411007   1.17670425]
Current x array =  [-0.63269751 -0.7661718  -0.63207426  0.22347527 -2.10146221 -0.30171715
 -3.52391286 -0.84263404 -2.76898796 -2.43626469 -3.05679656 -2.00464656
 -1.60561272 -1.86606075 -1.54360787 -1.21553621 -5.51311067 -2.51376763
 -3.03367893 -1.69608306 -1.12614007 -0.53350397]
log likelihood =  -6096.137832299631
Edge derivatives =  [-0.0710067121381707, 0.23780686809690565, 0.5182748449923132, 0.6119554599476458, 0.9825194947384276, 0.41707201663072535, 0.6824541000061375, 0.10882202666322491, -0.14384702287877094, 0.3299948211446436, -0.06428656089846577, 0.7794518935240169, -0.023498790097807955, 0.5259259441107603, -0.13642083875226696, 0.6622772854479845]
other derivatives: [ 8.39572749  5.64241418 -3.62651917 -0.37953214  0.88839442  0.03483365]
Current x array =  [-0.63790047 -0.77206316 -0.62858421  0.22269058 -2.10600972 -0.29567334
 -3.63070688 -0.8296364  -2.77862575 -2.41705557 -3.05147427 -2.00576369
 -1.61114858 -1.86847772 -1.5292565  -1.20957157 -5.63005496 -2.53874708
 -3.04360008 -1.69315009 -1.11294384 -0.53580776]
log likelihood =  -6096.092452416342
Edge derivatives =  [-0.054845536427878275, 0.04160622210285636, 0.3858123248280137, 0.5413878004382825, 0.9613733049791796, 0.269244957586979, 0.2887412991670827, -0.20316955341614934, -0.18963797800099425, -0.18587871939652278, -0.07146648536153509, 0.5092374311711364, -0.2511527996998163, 0.1692740812449377, -0.6774249503914009, 0.08727034784733101]
other derivatives: [-0.09104042  0.04538379 -0.23292159 -0.01118678  0.21746018 -0.09167707]
Current x array =  [-0.63431978 -0.76632705 -0.63240838  0.21825792 -2.10317811 -0.29613358
 -3.64921922 -0.82922493 -2.76882335 -2.42070933 -3.05475493 -2.00804756
 -1.60908209 -1.86567535 -1.53357896 -1.20707622 -5.64091253 -2.53093843
 -3.02590053 -1.69369549 -1.11137382 -0.53470116]
log likelihood =  -6096.089482761163
Edge derivatives =  [-0.0658918038711345, 0.03810753820742341, 0.3505982896310647, 0.5381513967641366, 0.9548414710434354, 0.22914468950010913, 0.26401596876379785, -0.19515725248372248, -0.13958514544379286, -0.16613165013592218, -0.0713110019586785, 0.47125736904331295, -0.2691582048627141, 0.17087903571064345, -0.5491394164728414, 0.13871295937969275]
other derivatives: [ 0.00445652  0.05720722 -0.20427251  0.02119123  0.28448994 -0.04747562]
Current x array =  [-0.63437048 -0.76633177 -0.63246423  0.21798187 -2.10342794 -0.29670407
 -3.6474703  -0.82917581 -2.76668087 -2.42111141 -3.05396844 -2.00786614
 -1.60854614 -1.86587758 -1.53450275 -1.20721098 -5.63810523 -2.5283488
 -3.02380474 -1.69385262 -1.1127814  -0.53480472]
log likelihood =  -6096.057139681285
Edge derivatives =  [0.04650018370122489, -0.21192464941935807, 0.21942247164635587, 0.1124366050923245, 0.8234103309320486, -0.03312285903901102, -0.33082816284561223, -0.20233187854814175, 0.516393250726114, -0.881661868094356, -0.0334112212520929, 0.3388942180746574, -0.4944489932277707, -0.39209927572763104, 0.5700130572026714, 0.9647573307988884]
other derivatives: [ 2.24354153 -1.62062861 -2.2999302   0.32205207  0.57925718 -0.98807504]
Current x array =  [-0.63582864 -0.76467317 -0.63009922  0.21666436 -2.1062712  -0.29357691
 -3.76750715 -0.8199189  -2.74555649 -2.3933342  -3.02144111 -2.00806704
 -1.59924092 -1.86861694 -1.54418387 -1.20046709 -5.75181299 -2.51681725
 -3.01020103 -1.68757956 -1.12306063 -0.53851818]
log likelihood =  -6096.026900887131
Edge derivatives =  [-0.0695295431297294, -0.7564688900616201, -0.09120458659117843, -0.0016954502555904874, 0.6939774676350318, -0.3761489966097177, -0.039209717213212286, 0.24685945758270877, 0.03522913292768992, -0.5103704268118282, -0.02722421598566485, 0.2385243719174544, -0.47834958521372445, -0.10711304368681729, 0.6508762112046906, 0.6214751393049115]
other derivatives: [ 1.39398253 -0.46156856 -0.30395313  0.26320777  0.88184606 -0.47621143]
Current x array =  [-0.63566147 -0.76664168 -0.63200492  0.21624976 -2.10948963 -0.3031992
 -3.79353564 -0.81015019 -2.73442569 -2.38572204 -3.00640767 -2.00028702
 -1.60053822 -1.87612497 -1.53287793 -1.20624953 -5.78344818 -2.50566542
 -3.01015005 -1.68863831 -1.12442476 -0.53413639]
log likelihood =  -6096.004078691075
Edge derivatives =  [-0.095644031112938, -0.693562251214914, -0.19980776427890232, -0.1800757740572621, 0.5793754153325568, -0.49987173953475483, -0.04961725035445666, 0.3391100315285643, -0.03686276638736574, -0.2000541141850406, -0.021442497731652837, 0.24241011267426293, -0.37897385824590624, -0.01604729476282951, 0.4863685651770715, 0.10202996249701224]
other derivatives: [ 0.34178811  0.11405064 -0.24510882 -0.00409273  0.30495357 -0.20863808]
Current x array =  [-0.63529384 -0.76767281 -0.63186396  0.21845683 -2.10774257 -0.30948323
 -3.83124281 -0.80947308 -2.73127609 -2.37501121 -2.9896566  -1.99787535
 -1.59963106 -1.8782075  -1.52897833 -1.21122689 -5.82635611 -2.50231389
 -3.01773777 -1.68764414 -1.12338569 -0.53046299]
log likelihood =  -6095.982098391592
Edge derivatives =  [-0.07345999792442244, -0.18875375598243305, -0.19614470517974078, -0.5573584838481215, 0.3052432651718462, -0.49241706521327655, -0.2170345664269681, 0.3073763998514178, 0.10289628010084906, 0.012821179489223455, -0.009816564655221332, 0.24301625846995772, -0.14060658205883564, -0.0747054640548308, 0.04944642225023488, -0.1187102376652357]
other derivatives: [-0.59353624  1.7083039   2.30475052 -0.34906407 -0.16680133 -0.18144419]
Current x array =  [-0.63491079 -0.76995377 -0.63435114  0.22119856 -2.10668097 -0.31419652
 -3.91273785 -0.81327098 -2.73137176 -2.35143501 -2.95132697 -1.99948715
 -1.59704658 -1.87879259 -1.527523   -1.21603011 -5.91627104 -2.49916053
 -3.03924076 -1.68313152 -1.11966466 -0.52859583]
log likelihood =  -6095.9768626721725
Edge derivatives =  [-0.10752270966701058, 0.08760194017439549, -0.2997526306906768, -0.6772152032146751, 0.1596307929335855, -0.44933919185193294, -0.10540086495343712, 0.33282977790221013, -0.0041604960124996815, 0.44581816986320927, -0.005736288349523561, 0.24932653639870672, 0.01291125253586587, 0.1621978920342214, -0.37150779354059615, -0.5100893449657362]
other derivatives: [-1.45319063 -0.96379154 -1.79843482 -0.27239366 -0.37771315  0.29058356]
Current x array =  [-0.63484248 -0.76709795 -0.62975558  0.22119208 -2.10601744 -0.32219977
 -3.94345243 -0.81588221 -2.73152553 -2.34507841 -2.93244973 -2.00060016
 -1.59824183 -1.87872265 -1.52248139 -1.22212073 -5.95257973 -2.49471992
 -3.05094071 -1.68299584 -1.11647237 -0.5255275 ]
log likelihood =  -6095.969779549623
Edge derivatives =  [-0.08008105560457565, 0.11577859317673767, -0.22189485813916168, -0.6021921888761613, 0.19829593939532664, -0.38677609845570904, -0.16618309183467814, 0.25196990895317833, 0.11641846073149864, 0.20515054075438588, -0.007285051936531858, 0.21233250678250648, -0.03898868568258832, 0.03965490449417708, -0.24832072143055184, -0.19383451501336568]
other derivatives: [-0.53214535 -0.20809239 -0.28958311 -0.11696102 -0.22309905  0.0261025 ]
Current x array =  [-0.63512739 -0.76771797 -0.63150004  0.22019599 -2.10651884 -0.31799058
 -3.93103316 -0.81669876 -2.73221529 -2.34886315 -2.9373144  -2.00278622
 -1.59782599 -1.87724407 -1.52614392 -1.21874797 -5.93664678 -2.49482153
 -3.04711919 -1.68271864 -1.11752451 -0.52770332]
log likelihood =  -6095.965868264455
Edge derivatives =  [-0.0656111580840779, 0.20272653089989623, -0.1844608190804855, -0.5424010491440382, 0.18403657455202926, -0.3028184878045914, -0.16449873284406363, 0.182657742524369, 0.18037026458548544, 0.09349106580067063, -0.006766967076820243, 0.17391600214545194, -0.04960294487937443, 0.004616486488069449, -0.1948093951142278, 0.05177774304037108]
other derivatives: [-0.19190338  0.01582521  0.18771971  0.07512426 -0.03819878 -0.0602995 ]
Current x array =  [-0.6352238  -0.76782517 -0.6320937   0.21905365 -2.10728652 -0.31693187
 -3.93048084 -0.81774381 -2.73240024 -2.35145078 -2.93544288 -2.00575851
 -1.59802699 -1.87552537 -1.52775886 -1.21723572 -5.9341201  -2.49249389
 -3.04623821 -1.68247752 -1.1182116  -0.52900227]
log likelihood =  -6095.959212260061
Edge derivatives =  [-0.058110189084408334, 0.31695351018484796, -0.15339227912595443, -0.4090799310507074, 0.10337974135697914, -0.13319391907156575, -0.0783013295218754, 0.06512606779207701, 0.1712689191563741, -0.029110205864282646, -0.004592493318739587, 0.10813902503898319, -0.035022617820901686, 0.012379184853393732, -0.1408208847222414, 0.2794876658631049]
other derivatives: [ 0.99962563 -0.24247129  0.80308382  0.26593625  0.18007995 -0.07057679]
Current x array =  [-0.63580338 -0.76732525 -0.63280415  0.21776603 -2.10829689 -0.31804866
 -3.9378897  -0.8186323  -2.73291824 -2.35702567 -2.92617894 -2.01202077
 -1.59937425 -1.87196676 -1.5277118  -1.21607846 -5.93951152 -2.48554239
 -3.04749592 -1.68199409 -1.11960396 -0.52960386]
log likelihood =  -6095.957045958045
Edge derivatives =  [-0.044594660562131225, 0.39663542119162676, -0.10419617651906093, -0.20732531074882932, -0.025066641183229543, 0.10363045426258699, 0.03338500911697764, -0.10462865860734832, 0.1828750430969155, -0.22272662542203292, -0.0005955708810044822, 0.01698208183029891, -0.01731108667996715, -0.0034255067900715863, 0.13969477869981484, 0.6420418140367778]
other derivatives: [-2.02962838  0.90658432 -0.21718733  0.44301487  0.5666152  -0.11496013]
Current x array =  [-0.63425347 -0.76875957 -0.63172276  0.21685998 -2.11007901 -0.31930625
 -3.95114036 -0.8185994  -2.73409827 -2.36494597 -2.91110927 -2.02114189
 -1.6010002  -1.86697803 -1.52770258 -1.21412465 -5.94995518 -2.47522364
 -3.05012907 -1.68071691 -1.12344051 -0.5306132 ]
log likelihood =  -6095.952611468545
Edge derivatives =  [-0.06240500265339841, 0.3222501965934996, -0.12576075539833148, -0.17109971297664817, -0.06269979237684609, 0.12609603121345414, 0.17684735596188306, -0.03174196120071733, 0.02027909523803917, -0.07603178453578824, 0.0008498856648037039, 0.06295919123850126, 0.028166030687815348, 0.11258169541038454, 0.041431532375827196, 0.4013833802764224]
other derivatives: [ 1.50394044  0.67793735 -0.20963853  0.34015102  0.34851837  0.01255103]
Current x array =  [-0.63604424 -0.76831801 -0.63161384  0.21776199 -2.10957913 -0.32228951
 -3.95913739 -0.816794   -2.735091   -2.36526094 -2.9066816  -2.02095127
 -1.60228934 -1.86729737 -1.52350103 -1.2161173  -5.96051128 -2.47417028
 -3.05381534 -1.68077747 -1.122562   -0.52846794]
log likelihood =  -6095.950937805704
Edge derivatives =  [-0.07306993083631881, 0.20189024757497598, -0.15612084151699274, -0.1988350481584769, -0.06662616759195772, 0.07215750895330397, 0.15253200213526913, -0.013998677313496452, -0.049895425937210636, -0.07663325156324963, 0.0003847696384855373, 0.06990638396514408, 0.020673253531277948, 0.09500403554348558, 0.013788385902864686, 0.2056510016740708]
other derivatives: [ 0.6614755  -0.03101377 -0.00836735  0.14251782  0.2485649   0.04556568]
Current x array =  [-0.63574517 -0.76769584 -0.63176698  0.21849962 -2.10908629 -0.32292845
 -3.96140657 -0.81540985 -2.73477453 -2.36454772 -2.90716229 -2.01963856
 -1.60215742 -1.86805945 -1.52239564 -1.2166945  -5.96352695 -2.47469689
 -3.05368345 -1.68075247 -1.12257053 -0.52751773]
log likelihood =  -6095.949907425868
Edge derivatives =  [-0.07946325186165618, 0.07942531347598725, -0.17053520508054065, -0.17671767776838426, -0.08773613045835149, 0.06038380650552877, 0.14522347986790332, -0.022911969834249882, -0.10786599504889782, -0.08724778588278564, 0.0005853262911046978, 0.07015456495616276, 0.015917221617074852, 0.07332829120218143, 0.04705568946798655, 0.014966112820588684]
other derivatives: [-0.04174581 -0.24983819 -0.06539267 -0.03055902  0.07466952  0.05729817]
Current x array =  [-0.63547636 -0.76758899 -0.63163596  0.21940175 -2.10839047 -0.32386462
 -3.96629172 -0.81371751 -2.73497961 -2.36565049 -2.90528349 -2.01982849
 -1.60214146 -1.86789799 -1.5212826  -1.21712372 -5.96862734 -2.47348144
 -3.05396978 -1.68040511 -1.12333352 -0.52635555]
log likelihood =  -6095.949416721251
Edge derivatives =  [-0.07921043650679627, 0.003963185555938331, -0.16656038528100625, -0.14137302556559364, -0.09855646426237841, 0.06479877427342473, 0.1304552205842107, -0.035334326028169716, -0.11738725872066169, -0.09361416087060359, 0.0006918502619105897, 0.06214829386582492, 0.009808234356616416, 0.04683957846318243, 0.07523746556206001, -0.07461191029592296]
other derivatives: [-0.2312845  -0.13969839 -0.04656613 -0.09258656 -0.05038601  0.0345608 ]
Current x array =  [-0.63540022 -0.76775147 -0.63162653  0.21982815 -2.10794699 -0.32418869
 -3.96918313 -0.81259669 -2.73542555 -2.36716698 -2.90404416 -2.0203056
 -1.60192022 -1.86757136 -1.52100473 -1.21729159 -5.97116337 -2.47220318
 -3.05390527 -1.68003332 -1.12389611 -0.52575089]
log likelihood =  -6095.948655361399
Edge derivatives =  [-0.07444741539830205, -0.06959811825717277, -0.14718168451707997, -0.09019912669909272, -0.10234071316982662, 0.06702746752669553, 0.07664610836344504, -0.04225729933987955, -0.07914176243060034, -0.05656197739287572, 0.0008153939315855411, 0.0419717390511708, 0.0050420937729307655, 0.002064168465702343, 0.060091584577770085, -0.12313577522159291]
other derivatives: [-0.25947884 -0.05011316  0.02455636 -0.12196324 -0.12396413 -0.00700311]
Current x array =  [-0.63539814 -0.76785893 -0.63168406  0.22003956 -2.10774531 -0.32441432
 -3.97338441 -0.81139258 -2.73668363 -2.36923152 -2.90289848 -2.02052125
 -1.60104041 -1.86739936 -1.52124662 -1.21790649 -5.97460761 -2.47053848
 -3.05391694 -1.67939353 -1.12405037 -0.52535103]
log likelihood =  -6095.947541248333
Edge derivatives =  [-0.06395832309993398, -0.1541107165366833, -0.10575206453261257, -0.009039881713221357, -0.07868842611457816, 0.022410017622065626, -0.02817013579423927, 0.010785685778905887, 0.017324270089163374, 0.0690251456428293, 0.0017150875330201063, 0.017561934879357755, 0.0041425920530473795, -0.03064768034333809, 0.020962727245732005, -0.11851149214888301]
other derivatives: [-0.2152774   0.07748895 -0.35051926 -0.07403287 -0.11659722 -0.01900844]
Current x array =  [-0.63542551 -0.7679662  -0.63126903  0.21991921 -2.10797456 -0.32539035
 -3.98162086 -0.80969492 -2.73992754 -2.37203938 -2.90324365 -2.01867337
 -1.59894855 -1.8683585  -1.52145521 -1.21949787 -5.98149419 -2.46860063
 -3.05381344 -1.6786191  -1.12381791 -0.52511006]
log likelihood =  -6095.947598995691
Edge derivatives =  [-0.05346631950845831, -0.09899943319183047, -0.04946495863209706, 0.08343231640733739, -0.08903512572639649, 0.011713018015221288, -0.08832171067698483, 0.030234299672294504, 0.05250340595136027, 0.1460382967792732, 0.0022441806379374417, -0.032039798837993766, 0.03006670273015563, -0.028099064575432764, -0.1437602700003433, -0.08270188864814332]
other derivatives: [-0.27666829  0.02701199  0.9355972  -0.00600267 -0.02373781  0.04429239]
Current x array =  [-0.63540503 -0.76784836 -0.63267077  0.21926764 -2.10848946 -0.32743251
 -3.992197   -0.80992697 -2.74441811 -2.37547937 -2.90096775 -2.01811313
 -1.59777482 -1.86844152 -1.52078971 -1.2210732  -5.99060942 -2.4652475
 -3.05562926 -1.67812761 -1.12281468 -0.52502633]
log likelihood =  -6095.9471565024505
Edge derivatives =  [-0.058872267190966554, -0.12745839316422614, -0.07853068215002465, 0.03561533882260877, -0.08365117300832936, 0.01728557366680339, -0.057144066590088666, 0.020161586606849746, 0.03433023409709479, 0.10620587865053599, 0.001971878108475861, -0.006303423983471987, 0.016662998694127136, -0.0293869120119572, -0.05845995506452217, -0.10120497922017546]
other derivatives: [-0.24483597  0.05311449  0.27048372 -0.04138201 -0.07185008  0.01145963]
Current x array =  [-0.63541563 -0.76790935 -0.63194526  0.21960488 -2.10822296 -0.32637553
 -3.98672302 -0.80980686 -2.74209389 -2.3736989  -2.9021457  -2.0184031
 -1.59838232 -1.86839855 -1.52113416 -1.22025784 -5.98589158 -2.466983
 -3.05468943 -1.67838199 -1.12333393 -0.52506967]
log likelihood =  -6095.946860122284
Edge derivatives =  [-0.05405377817684792, -0.08588638250102987, -0.06179997923065692, 0.0480609496783497, -0.07123665691368142, 0.0011812075711392644, -0.07108359241330334, 0.04005725160599788, 0.05976843142339261, 0.11713691647628505, 0.0024623848953988087, -0.011170982737124288, 0.02023828156166306, -0.017269972878835138, -0.06774316293593552, -0.03349242948114539]
other derivatives: [-0.10486474 -0.01191438  0.05084075  0.01400622  0.00281943  0.02428351]
Current x array =  [-0.6354774  -0.76778834 -0.63171996  0.2193157  -2.10852877 -0.3266359
 -3.98843023 -0.8102117  -2.74330096 -2.37395515 -2.90287066 -2.01759913
 -1.59800514 -1.86873646 -1.52113458 -1.22036698 -5.98709044 -2.46679787
 -3.05475097 -1.67839725 -1.12315758 -0.52540677]
log likelihood =  -6095.946585606984
Edge derivatives =  [-0.04867805647569179, -0.02126899170131602, -0.04308365845601628, 0.0474725122290862, -0.0521019608179657, -0.029800643972010543, -0.07036462023416698, 0.06656880250800513, 0.06479492837419087, 0.09740431295558616, 0.003004895964413114, -0.00817738993611529, 0.02256981204984594, 0.00435872386243874, -0.05782862480120432, 0.0342938761256365]
other derivatives: [ 0.07376002  0.03583409 -0.05429683  0.05384209  0.06139089  0.04038156]
Current x array =  [-0.63554592 -0.76779383 -0.63161554  0.21914662 -2.10875036 -0.32685023
 -3.98990909 -0.81095168 -2.74469066 -2.37352425 -2.90451298 -2.016265
 -1.59784119 -1.86922271 -1.52081249 -1.22016074 -5.98804687 -2.46717519
 -3.05470538 -1.67856528 -1.12307208 -0.5257919 ]
log likelihood =  -6095.946329878392
Edge derivatives =  [-0.04265773717166251, 0.02761752697546238, -0.02021356493215444, 0.06191142873614287, -0.0459149189204342, -0.046570206855274576, -0.05943132075074117, 0.06155178277461806, 0.042341142306053126, 0.018200890383407498, 0.0039116010097517105, -0.012816553718825716, 0.019768998185544846, 0.008189297111589444, -0.009293654222763514, 0.07826870332339964]
other derivatives: [ 0.14715624 -0.18771971 -0.11914381  0.03310561  0.1036824   0.03656169]
Current x array =  [-0.63559882 -0.76751802 -0.63153327  0.21919079 -2.10885837 -0.32717497
 -3.99380144 -0.8114585  -2.74652798 -2.37383228 -2.90504538 -2.01573275
 -1.59799727 -1.86902786 -1.52010632 -1.21955289 -5.99087907 -2.46648896
 -3.05469246 -1.67853441 -1.12362539 -0.5259992 ]
log likelihood =  -6095.946082065686
Edge derivatives =  [-0.036650009677364925, 0.06504729955797939, 0.0037079606505134727, 0.07019402300261718, -0.03446032897850426, -0.06636550922336049, -0.022588175775680508, 0.06535812495788873, -0.0014381465334687427, -0.039681551771845125, 0.004658329717061953, -0.00858250907261579, 0.01732639396816587, 0.02330135003929068, 0.030909073101256013, 0.07459523836064552]
other derivatives: [ 0.18590072  0.09749783 -0.09313226  0.04474714  0.05265974  0.03074092]
Current x array =  [-0.63559822 -0.76781894 -0.6315465   0.21930426 -2.10874262 -0.32761074
 -3.99847825 -0.81171314 -2.74845177 -2.37350875 -2.90598168 -2.01493615
 -1.5984191  -1.86889027 -1.51889358 -1.2191464  -5.99457413 -2.46609629
 -3.0547171  -1.67855697 -1.12402042 -0.52588075]
log likelihood =  -6095.945938466595
Edge derivatives =  [-0.03647313275175284, 0.031634053823133224, 0.010277768976477954, 0.07121877616054, -0.03209800683465036, -0.07315351219754174, 0.004813756455788631, 0.05467757016631193, -0.05054680866315753, -0.05960582117147206, 0.005116184154212502, -0.002295720790960104, 0.012741049819109035, 0.020004849933897173, 0.0484775241176405, -0.00397924686547646]
other derivatives: [ 0.44474291  0.01018634  0.00654836 -0.0169166  -0.02983143  0.02055458]
Current x array =  [-0.63575308 -0.76772953 -0.6316199   0.21966948 -2.10847779 -0.32806703
 -4.00307725 -0.81109835 -2.74951862 -2.37318557 -2.9061111  -2.01473529
 -1.59883759 -1.86856248 -1.51774838 -1.21922841 -5.99859717 -2.4655905
 -3.05473906 -1.67841843 -1.12434626 -0.52532907]
log likelihood =  -6095.9459357536125
Edge derivatives =  [-0.03305619430880448, 0.0024761839830633736, 0.02634244721795112, 0.05869450429713531, -0.020126726607671785, -0.08360778727633711, 0.02519169168341781, 0.017916764581135836, -0.10742165186876029, -0.10350833510169377, 0.005276713786840995, -0.006266594634584552, 0.0008460501380266952, -0.004345171835940742, 0.04580453749037483, -0.07293921417985672]
other derivatives: [-0.79025995 -0.10095391  0.06184564 -0.07003109 -0.06230039 -0.00582077]
Current x array =  [-0.63518967 -0.7677283  -0.63165293  0.2198535  -2.10839186 -0.32830017
 -4.00911224 -0.81064137 -2.75141571 -2.37233896 -2.9072506  -2.01447664
 -1.5994119  -1.8679293  -1.51651713 -1.21921863 -6.00326576 -2.46506339
 -3.05449046 -1.67820895 -1.1245993  -0.52497017]
log likelihood =  -6095.945820095636
Edge derivatives =  [-0.034747298602583056, 0.016990538176903103, 0.01836579375767164, 0.06493047559820099, -0.026075884450255438, -0.07840239454333098, 0.015061328937852447, 0.03620550117018814, -0.07911737712934475, -0.08168261472129795, 0.005197393681773593, -0.004287978602367515, 0.006761422313685511, 0.0077672713948817584, 0.04713640284372911, -0.03864362879864358]
other derivatives: [-0.17571438 -0.04565663  0.0343789  -0.0435648  -0.04602043  0.00727596]
Current x array =  [-0.63546985 -0.76772891 -0.63163651  0.21976199 -2.10843459 -0.32818424
 -4.00611114 -0.81086862 -2.75047232 -2.37275997 -2.90668395 -2.01460526
 -1.5991263  -1.86824417 -1.51712941 -1.21922349 -6.00094415 -2.46532551
 -3.05461408 -1.67831312 -1.12447346 -0.52514865]
log likelihood =  -6095.945751495383
Edge derivatives =  [-0.035647296139823204, -0.003355378017863231, 0.01568658665871739, 0.057761676932697514, -0.024326942715046873, -0.07131242827460671, 0.015366676751921493, 0.029435517956841933, -0.07645898018761832, -0.056691295705740274, 0.005038947552810985, -0.002500922793575361, 0.0056509190752991045, 0.001127354541204717, 0.029889131640297162, -0.05744691518242684]
other derivatives: [-0.16079866 -0.03010427  0.06002665 -0.04501999 -0.05838956 -0.0007276 ]
Current x array =  [-0.63547933 -0.76775447 -0.63166333  0.21977724 -2.10841667 -0.32809932
 -4.00623175 -0.81059365 -2.75028485 -2.37243577 -2.90674427 -2.01478489
 -1.59916435 -1.86813506 -1.51717442 -1.21946946 -6.00108018 -2.46542473
 -3.0545684  -1.67825    -1.12431329 -0.52503587]
log likelihood =  -6095.945501962732
Edge derivatives =  [-0.03290410747241872, -0.028740933715414085, 0.030213573668858226, 0.03224214482195818, -0.007832536154596115, -0.017141780397325945, 0.04525804777231432, -0.03027622652749723, -0.06321492778302451, -0.0028965394056406635, 0.005440536027144178, 0.004434221982753936, 0.000493283104726773, -0.017855657247726087, 0.012322512083453141, -0.028514297113197862]
other derivatives: [ 0.00718501  0.1193257   0.13060344 -0.02446541 -0.01828084 -0.04010872]
Current x array =  [-0.63555093 -0.7679142  -0.63174854  0.21970283 -2.10868245 -0.32797005
 -4.01059819 -0.81000158 -2.75090938 -2.3707744  -2.90737644 -2.0161806
 -1.59975455 -1.86684433 -1.51708831 -1.2199475  -6.0040305  -2.46506324
 -3.05429608 -1.67797168 -1.12417987 -0.52505084]
log likelihood =  -6095.945385714909
Edge derivatives =  [-0.03083771931488333, -0.041796083633986125, 0.04031121785175019, 0.01794630884486441, 0.0075280315102870254, -0.005238087345017406, 0.02630989496458125, -0.04310838791757039, -0.029669329346504902, 0.04664822893608739, 0.005680778445280473, 0.004505413798635172, 0.0021974482564812714, -0.021023837558403757, -0.02680107451199687, -0.029035574576364742]
other derivatives: [ 0.01618901 -0.03465175  0.02492015  0.0005457  -0.01618901 -0.03165042]
Current x array =  [-0.63557058 -0.76773157 -0.63164077  0.21958019 -2.10871486 -0.32835266
 -4.01433274 -0.80969101 -2.75169502 -2.36989069 -2.90812626 -2.01637848
 -1.59950017 -1.86666031 -1.51727017 -1.22050528 -6.00667177 -2.46480933
 -3.05420865 -1.67787731 -1.12386271 -0.52500629]
log likelihood =  -6095.945310984511
Edge derivatives =  [-0.02818299238409331, -0.031041754409541378, 0.051457316699653526, 0.013887379309016082, 0.017020271086554573, 0.0017008277320313958, 0.018895836351072365, -0.046124855658530556, -0.01005880145434368, 0.047537068725007625, 0.006207333679821911, 0.004708874083346012, 0.004087676268021825, -0.014157176262686089, -0.019479768689432575, -0.0058110663384119965]
other derivatives: [ 0.03619789 -0.03028617 -0.02637535  0.00709406  0.0001819  -0.0176442 ]
Current x array =  [-0.63558122 -0.76772796 -0.63158745  0.21957585 -2.10878245 -0.32879636
 -4.01783474 -0.8096732  -2.75239794 -2.36938456 -2.90853911 -2.01654651
 -1.59933804 -1.86657534 -1.51728763 -1.22053255 -6.00907782 -2.46438304
 -3.05413188 -1.67786976 -1.12396195 -0.52506193]
log likelihood =  -6095.945163088405
Edge derivatives =  [-0.024833032307368875, -0.014002296840577522, 0.06235838051385185, 0.002721538323115044, 0.02697197668005491, 0.01419412602625969, -0.0028254894861535207, -0.036209082044544136, 0.02075461187441041, 0.02903103104589838, 0.0071646791513740715, 0.002443351621123871, 0.008401792336183968, 0.001127246870104126, -0.004216877627230886, 0.01812704873931481]
other derivatives: [ 0.03674359 -0.04947651  0.02346496  0.00745786  0.01791705  0.02073648]
Current x array =  [-0.63559213 -0.76771059 -0.63163996  0.21959693 -2.10886773 -0.32979293
 -4.02506916 -0.80961637 -2.75294012 -2.36831393 -2.9087476  -2.01708248
 -1.59888613 -1.86677008 -1.51736031 -1.22039177 -6.01400134 -2.46340073
 -3.05397753 -1.6778981  -1.12421071 -0.52504502]
log likelihood =  -6095.9463702962385
Edge derivatives =  [-0.01770906677842147, -0.018576084924095904, 0.06342735138470129, -0.004675012657439664, 0.028621148511452033, 0.0792783950891246, 0.016217769734180654, -0.0051351761284213066, 0.03279159419892075, -0.043151663418134034, 0.010082979656498701, 0.0019578791186867645, 0.0065325362511920865, 0.04153131391356657, 0.11654435456553314, -0.03048769517235994]
other derivatives: [ 0.10377335  0.29285729 -1.52285793  0.01682565 -0.12487362  0.05347829]
Current x array =  [-0.63565599 -0.76814722 -0.62991327  0.2202049  -2.10860425 -0.33212978
 -4.04699477 -0.80852956 -2.75242719 -2.36588184 -2.90660359 -2.01973498
 -1.59854893 -1.8669363  -1.51636824 -1.21956296 -6.0294254  -2.45971652
 -3.05350511 -1.67765598 -1.12564151 -0.52406975]
log likelihood =  -6095.945115357407
Edge derivatives =  [-0.0236210490363086, -0.01463643438327411, 0.06258666764327928, 0.001548517916566572, 0.027287686629291263, 0.024862864113986194, 0.0003027577097435008, -0.031114185230984928, 0.02277804779382686, 0.017252635733167654, 0.007647453116829735, 0.0023894398664774247, 0.00809963105511266, 0.00773903710906787, 0.015535350448830698, 0.010216713756193485]
other derivatives: [ 0.04783942  0.00654836 -0.22828317  0.0091859  -0.00536602  0.0261025 ]
Current x array =  [-0.63560255 -0.76778184 -0.63135818  0.21969614 -2.10882474 -0.33017428
 -4.02864716 -0.80943901 -2.75285642 -2.36791704 -2.90839772 -2.01751534
 -1.5988311  -1.8667972  -1.51719842 -1.22025652 -6.01651836 -2.46279951
 -3.05390044 -1.67785859 -1.1244442  -0.52488587]
log likelihood =  -6095.9450021240955
Edge derivatives =  [-0.022865327159704754, -0.009309386413798304, 0.059132701707489216, -0.008124871701535114, 0.025250371908716707, 0.036147332765659956, -0.016448419235251477, -0.013224699251096372, 0.03450677907562838, -0.011527431743667438, 0.008264244835918207, -0.0019993315144681417, 0.010324333365699885, 0.01708963998209312, 0.030438050060276556, 0.007714390510770941]
other derivatives: [ 0.01855369 -0.0007276  -0.10732037 -0.00654836 -0.00527507  0.05429683]
Current x array =  [-0.63560295 -0.76779918 -0.63148108  0.21977575 -2.1088556  -0.33090977
 -4.03425232 -0.8093216  -2.75235767 -2.36710651 -2.90784699 -2.0181916
 -1.5984669  -1.86716903 -1.51723924 -1.21999489 -6.02028026 -2.46190664
 -3.05376644 -1.67787415 -1.12470116 -0.5247444 ]
log likelihood =  -6095.944885279131
Edge derivatives =  [-0.022483222725655446, -0.008609759527928196, 0.046108622839194376, -0.016841594616476344, 0.01733801804989943, 0.043748831478320316, -0.022220647998211412, 0.008229173784465041, 0.02532604679291728, -0.03461963972150672, 0.008661224041491541, -0.010518872036395122, 0.008096716262841537, 0.016023960038747842, 0.03256024118112766, -0.007613715783335917]
other derivatives: [-0.00318323 -0.01073204 -0.00754881 -0.01682565 -0.0088221   0.05793481]
Current x array =  [-0.63561071 -0.76782166 -0.63157689  0.21982086 -2.10892244 -0.33131734
 -4.03983901 -0.80915879 -2.75120567 -2.36634411 -2.90687816 -2.01878114
 -1.59827098 -1.86760386 -1.51704168 -1.21981035 -6.02398281 -2.46102357
 -3.05358756 -1.67779638 -1.12483609 -0.52453842]
log likelihood =  -6095.944750435445
Edge derivatives =  [-0.020712980392679166, -0.006369468923631327, 0.0258472056644952, -0.02375521445196664, 0.007297564107016763, 0.04251843544579992, -0.018545614829004853, 0.03324373979382557, 0.0009903739294374603, -0.037956751078917605, 0.009008495234660796, -0.02531654353493415, 0.0013410753159911332, 0.005717988294243415, 0.017782402588520707, -0.02242868664109543]
other derivatives: [-0.01409717  0.03710738  0.07066774 -0.00836735 -0.01618901  0.03565219]
Current x array =  [-0.63562188 -0.76790977 -0.63164937  0.21979649 -2.10904746 -0.33151063
 -4.04746451 -0.80894734 -2.7495313  -2.36548756 -2.90560221 -2.01906954
 -1.59818384 -1.86807969 -1.51654199 -1.21987923 -6.02898484 -2.46001181
 -3.05331693 -1.67760369 -1.12480283 -0.52432584]
log likelihood =  -6095.944687419036
Edge derivatives =  [-0.018909792265534638, -0.004326295213540332, 0.0020155737173912017, -0.027889745567898513, -0.0036622210674200906, 0.029454263746171327, -0.004081363838530361, 0.03309841085965197, -0.03325048321423152, -0.0394768864804082, 0.009544625027080995, -0.03932543933308161, -0.008252017373001332, -0.010723421598866745, 0.016821359199963304, -0.012398605585260403]
other derivatives: [ 0.01700755 -0.24983819  0.03929017 -0.06375558  0.04902176 -0.0003638 ]
Current x array =  [-0.63568099 -0.76763023 -0.63159448  0.21994406 -2.1093477  -0.33147566
 -4.05565102 -0.80876448 -2.7478648  -2.3649215  -2.90430148 -2.01894119
 -1.59840042 -1.86805843 -1.51588391 -1.22005427 -6.0342081  -2.45924203
 -3.05303888 -1.67739261 -1.12488858 -0.5243058 ]
log likelihood =  -6095.944612648113
Edge derivatives =  [-0.016768748739388818, -0.002685351277832204, -0.001451578917233215, -0.0258007918695035, -0.0022145483968371016, 0.0199293417811387, -0.00015351524725198962, 0.033011429393506764, -0.03271126789124734, -0.0047881209831689975, 0.009464273959925494, -0.04302756755155389, -0.00996457235583418, -0.01474408998876986, -0.003577689234261605, -0.008133554770735296]
other derivatives: [-0.10631993 -0.03265086  0.03337846 -0.01446097  0.02437446 -0.0165528 ]
Current x array =  [-0.63560159 -0.76786979 -0.6315983   0.21978997 -2.10933853 -0.33136015
 -4.05763794 -0.80870555 -2.74748822 -2.36482184 -2.90418854 -2.01855153
 -1.59841705 -1.86802062 -1.51578829 -1.22042677 -6.03542193 -2.45928719
 -3.05298327 -1.67732697 -1.12464733 -0.52433799]
log likelihood =  -6095.944591099598
Edge derivatives =  [-0.014816847263434544, 0.006907787076259497, 0.0002985218809079815, -0.017407301479877638, 0.0013917891587925668, 0.005333645401841891, 0.0010434096094738832, 0.03449729019489549, -0.021274861750275598, 0.0240487882543316, 0.009525235183687543, -0.04083006978255983, -0.008091267682156296, -0.008468868485085435, -0.00892166420965701, 0.006986642301985757]
other derivatives: [ 0.22273525  0.08021743 -0.00118234  0.02419256  0.00236469 -0.02055458]
Current x array =  [-0.63574301 -0.7679464  -0.63157113  0.21969344 -2.1092799  -0.33131772
 -4.05807939 -0.80877154 -2.74750594 -2.3650929  -2.90432095 -2.01791242
 -1.59836124 -1.86797414 -1.51583931 -1.22069555 -6.03559418 -2.45958091
 -3.0530204  -1.67735736 -1.12448869 -0.52443581]
log likelihood =  -6095.944564809816
Edge derivatives =  [-0.014128967167860135, 0.007125420887001965, 0.00136018322476468, -0.016875111773510212, 0.0032536483925218462, -0.0009364250478459679, -0.00046266850023285455, 0.02465841249113769, -0.01816007874049097, 0.030106655002095417, 0.009549381181107038, -0.04080897348203513, -0.008075653779934994, -0.009431287317831272, -0.010098883249030077, 0.013358955044766918]
other derivatives: [ 0.03992682  0.03701643 -0.03255991  0.01891749  0.01327862 -0.02009983]
Current x array =  [-0.63565706 -0.76790855 -0.63153926  0.21969684 -2.10929505 -0.33131957
 -4.05864188 -0.80878295 -2.74764711 -2.36516002 -2.9044498  -2.01768688
 -1.59839447 -1.86779864 -1.51585601 -1.22079987 -6.03590215 -2.45970429
 -3.05302627 -1.67736683 -1.12447447 -0.52450918]
log likelihood =  -6095.94454813702
Edge derivatives =  [-0.013048708424770723, 0.00980601140205839, 0.002166932235042357, -0.015871689933708744, 0.005024935497823901, -0.008158862389576083, -0.003648133250611446, 0.016608239432096578, -0.011537788185801645, 0.03284816384702943, 0.009719686736602277, -0.040151858744395516, -0.007213750277229827, -0.007061809174273681, -0.006084162951799588, 0.021516404094519492]
other derivatives: [-0.03919922 -0.01309672 -0.04965841  0.01073204  0.02191882 -0.01509761]
Current x array =  [-0.63562294 -0.76785631 -0.63152166  0.21972535 -2.10930226 -0.33144431
 -4.06023513 -0.80878559 -2.74770965 -2.36517769 -2.90449025 -2.01745803
 -1.59837579 -1.86764089 -1.51588682 -1.22087062 -6.03686382 -2.4597574
 -3.05302274 -1.6773915  -1.12450681 -0.52457247]
log likelihood =  -6095.944528401354
Edge derivatives =  [-0.011634081890205537, 0.011953126417573401, 0.0018549296292998119, -0.013923092354737335, 0.005670831537675447, -0.016255292894458928, -0.006671002719801922, 0.008510190051956815, -0.004168292408179841, 0.030656726664620992, 0.009981552348541638, -0.038238520556080596, -0.005870987766386074, -0.0026641204583870426, 0.002513242228851631, 0.024471961830101252]
other derivatives: [-0.07066774 -0.04456524 -0.04492904 -0.00027285  0.02046363 -0.0079126 ]
Current x array =  [-0.63561237 -0.76782456 -0.63152576  0.21978745 -2.10927941 -0.33165613
 -4.06278272 -0.80874886 -2.74761414 -2.36518269 -2.9043796  -2.01723829
 -1.59834511 -1.86746171 -1.51591765 -1.22089225 -6.03840586 -2.4597971
 -3.05301511 -1.67742492 -1.12457916 -0.52459326]
log likelihood =  -6095.944495585214
Edge derivatives =  [-0.00938825225508904, 0.009507159166614487, 0.0010319400779565183, -0.009516164063249455, 0.004522369148123095, -0.02268428805705358, -0.005085690677974819, -0.0034158897309199965, 0.00033098316728530364, 0.015470479572079088, 0.01035343206779948, -0.03160676612861121, -0.004402401051099222, 0.0023692842451843443, 0.014545480030266678, 0.010580277202181798]
other derivatives: [-0.06657501 -0.04602043 -0.00381988 -0.01527951  0.00391083 -0.00145519]
Current x array =  [-0.635621   -0.7678321  -0.63156432  0.21989293 -2.10922848 -0.33196233
 -4.06695508 -0.80859712 -2.74730656 -2.36519863 -2.90404355 -2.01709191
 -1.59837864 -1.86715622 -1.51590222 -1.22077743 -6.04088033 -2.4599521
 -3.05300725 -1.67744571 -1.12466772 -0.52449735]
log likelihood =  -6095.944470733828
Edge derivatives =  [-0.006730238799103481, 0.0056880697393491, 0.0022604303197899175, -0.0019359563369475419, 0.00388959016181023, -0.018183869494790006, -0.003374670795492307, -0.004266534865149649, 0.009457160415577981, -0.0008343001368907865, 0.010747628352311911, -0.018417713684955553, -0.0011791989197780586, 0.011017626292023852, 0.015369689529066921, -0.0033903323690666065]
other derivatives: [-0.01564331 -0.00109139 -0.06330083  0.00509317 -0.01291482  0.01255103]
Current x array =  [-0.63564721 -0.76788293 -0.63149752  0.21986091 -2.1092309  -0.3323584
 -4.07111301 -0.8083877  -2.74694002 -2.36525867 -2.90365991 -2.01716158
 -1.59833584 -1.86701644 -1.51595435 -1.22055946 -6.04320798 -2.46034953
 -3.05304783 -1.67745473 -1.12458247 -0.52437081]
log likelihood =  -6095.944464460362
Edge derivatives =  [-0.005508250055884541, -0.003642517940914969, 0.005561922298316105, 0.004580511648782121, 0.002807544358568892, -0.009802143977812872, 0.0028198349337336392, -0.009222519657037853, 0.004399896019568139, -0.009774455444991115, 0.010739363696227678, -0.006865252382400294, -0.0006493471823616898, 0.005982846736045544, 0.0002918907442164276, -0.012080749524256196]
other derivatives: [ 0.03919922  0.0264663   0.12605597  0.00673026 -0.00318323  0.01064109]
Current x array =  [-0.63567222 -0.76791634 -0.63170119  0.2198231  -2.10930941 -0.33235917
 -4.07215834 -0.80822588 -2.74684865 -2.36547305 -2.90354762 -2.01726906
 -1.59844361 -1.86684712 -1.51592876 -1.22044461 -6.04353747 -2.46095077
 -3.05311663 -1.67739195 -1.12436551 -0.52432658]
      fun: 6095.944464460362
 hess_inv: <22x22 LbfgsInvHessProduct with dtype=float64>
      jac: array([-0.03919922, -0.0264663 , -0.12605597, -0.00673026,  0.00318323,
       -0.01064109,  0.00550825,  0.00364252, -0.00556192, -0.00458051,
       -0.00280754,  0.00980214, -0.00281983,  0.00922252, -0.0043999 ,
        0.00977446, -0.01073936,  0.00686525,  0.00064935, -0.00598285,
       -0.00029189,  0.01208075])
  message: b'CONVERGENCE: REL_REDUCTION_OF_F_<=_FACTR*EPSMCH'
     nfev: 89
      nit: 84
   status: 0
  success: True
        x: array([-0.63567222, -0.76791634, -0.63170119,  0.2198231 , -2.10930941,
       -0.33235917, -4.07215834, -0.80822588, -2.74684865, -2.36547305,
       -2.90354762, -2.01726906, -1.59844361, -1.86684712, -1.51592876,
       -1.22044461, -6.04353747, -2.46095077, -3.05311663, -1.67739195,
       -1.12436551, -0.52432658])
