number of sites to be analyzed:  167
log likelihood =  -5940.188329853355
Edge derivatives =  [58.29197089507027, 41.57884139025643, 113.11091697945194, 64.31236098802317, 21.851642432785273, 62.68181095558497, 101.43758847460343, 91.13676381847525, 54.92838108451899, 110.24322699021413, 30.65137277034299, 23.428016317366122]
other derivatives: [  79.12212823   27.43117875  -50.48896128  -29.32256393 -185.49426386
   70.72194421]
Current x array =  [-0.79341975 -0.92560137 -0.65735238  0.74193734 -0.10536052 -0.51082562
 -4.60517019 -4.60517019 -4.60517019 -4.60517019 -4.60517019 -4.60517019
 -4.60517019 -4.60517019 -4.60517019 -4.60517019 -4.60517019 -4.60517019]
log likelihood =  -5648.472511644948
Edge derivatives =  [54.8555204769898, 41.835820435939326, 114.61958954725307, 62.60968373157379, 19.469192766337105, 62.415484608979526, 101.70175056313329, 89.87005450438684, 53.050194800558934, 111.64739105554152, 30.735711232512323, 23.022195368850017]
other derivatives: [ 100.79265849   37.27718649  -34.64037945  -30.35238478 -102.17627278
   62.43699318]
Current x array =  [-0.79106405 -0.92282682 -0.81733857  0.64902188 -0.69314286 -0.4870258
 -4.42045832 -4.47341782 -4.24675155 -4.40138129 -4.5359281  -4.40654808
 -4.28374125 -4.31638184 -4.43111665 -4.25583851 -4.50804408 -4.53093299]
log likelihood =  -7632.809477188512
Edge derivatives =  [-0.34812160487286914, 11.883624691471587, -77.31668664440299, -9.041253248455451, -30.35166215258966, -142.9518576283083, -58.781587400260754, -38.44583176633397, -103.44396573909754, -96.50407729165937, -51.44809691953812, -46.62758062997632]
other derivatives: [-17367.54111334 -21845.74095736    481.28813432    474.60716814
    -56.67789083     88.72739272]
Current x array =  [-0.05       -0.05       -1.95072794 -0.42228335 -3.84446699 -0.13705487
 -2.51207818 -3.00289324 -0.21366644 -2.21160203 -3.86470729 -2.21605726
 -0.71082619 -1.16699553 -2.57796476 -0.3276781  -3.42823486 -3.72457469]
log likelihood =  -4739.832925079512
Edge derivatives =  [43.82658044939368, 37.79944878827668, 101.53617248013, 47.527569657022376, 9.051718448848794, 53.32034867971302, 86.25404010082244, 69.21155779823566, 38.519189288173884, 94.72692623988853, 29.65908874446151, 16.6576833160288]
other derivatives: [-409.97138058   -6.9861926    72.92119335  -19.87264113   76.31879271
   38.25516615]
Current x array =  [-0.45956232 -0.53238338 -1.32434     0.16979268 -2.10283126 -0.33047257
 -3.56677865 -3.81560499 -2.44262318 -3.42182277 -4.23566949 -3.42667125
 -2.68546171 -2.9075603  -3.60214235 -2.49864632 -4.02501077 -4.17022305]
log likelihood =  -6345.251688902851
Edge derivatives =  [9.835796058435843, 10.279542373936538, -56.640759870048946, 4.753280363937798, -8.668984520217483, -103.10547777510376, -56.88807274745981, -23.715857087987402, -55.897109586619806, -66.39798230306222, -6.928747691401146, -9.858390272051631]
other derivatives: [  536.09192037 -8382.8543211    906.63697847   -41.36882126
     9.96342351    38.23643056]
Current x array =  [-1.43809684 -0.05       -2.15646357 -0.97495684 -4.87057421  0.08539378
 -1.49970025 -2.20457897  1.96827008 -1.05861446 -3.53432284 -1.03903344
  1.20687486  0.49563672 -1.60920584  1.78129993 -2.83475853 -3.30306865]
log likelihood =  -4429.744632293206
Edge derivatives =  [29.85920029069267, 28.359777732543865, 30.60649712879576, 26.51666483515359, 2.451962413897844, 32.46382060661196, 28.79581999905545, 28.338614277346874, 20.059607323281597, 6.641770977925994, 25.082289658587836, 11.474503496488545]
other derivatives: [  85.82119335 -394.57645471  174.647721      9.6983058   178.03813535
    8.45275281]
Current x array =  [-0.76241027 -0.38308991 -1.58187503 -0.18449738 -2.95942371 -0.20176554
 -2.92703581 -3.3170064  -1.07748995 -2.69043028 -4.01860879 -2.68771805
 -1.48081728 -1.85430032 -2.98534578 -1.17404005 -3.65663802 -3.90184628]
log likelihood =  -4262.160761647006
Edge derivatives =  [28.571346230579366, 23.865637324244084, 18.20903578909839, 24.293697337677074, 2.3505777115712836, 26.054745371611382, 9.475834304772436, 22.72539761693387, 18.84647205961591, -14.272388572089524, 24.81313251440538, 12.592381645577095]
other derivatives: [ 97.92711353  40.20494089 195.13227016  28.22480383 159.77657313
 -15.63912519]
Current x array =  [-0.79801488 -0.93377091 -1.38763317 -0.29086624 -2.93711081 -0.12047149
 -2.66428925 -3.103081   -0.56216436 -2.40124873 -3.9423771  -2.3856533
 -1.0243454  -1.45207184 -2.74533516 -0.70917725 -3.49212568 -3.79321006]
log likelihood =  -4096.940108473437
Edge derivatives =  [28.84890653429579, 21.657398756003886, 13.932160006726754, 24.22430760880502, 2.4674938493686422, 23.649449380451347, 0.47733610753386974, 20.919863945716603, 19.982953448079414, -16.467714957611282, 24.85746145288132, 13.649105131080718]
other derivatives: [-72.57995094  72.23752618 107.16858014  75.90215318  72.19914551
 -43.22137102]
Current x array =  [-0.65584111 -1.05352269 -0.8976693  -0.28706568 -2.4122942  -0.07363267
 -2.50967911 -2.96792365 -0.30634178 -2.23954695 -3.9126759  -2.21069944
 -0.81241432 -1.24447448 -2.61495888 -0.53428513 -3.37660998 -3.72582954]
log likelihood =  -4119.163880626116
Edge derivatives =  [23.25247493384402, 16.320844677992007, -20.167069890216258, 18.40174199831255, 1.4852021819558292, 13.479438733228076, -31.231477847907936, 4.087851224854431, 17.555894956962014, -35.205123294893475, 22.01415834978442, 14.446145718539265]
other derivatives: [-135.02312868   83.71098374 -766.3769793    99.4590664   -79.41225704
  -72.06053851]
Current x array =  [-0.67358549 -1.16350607 -0.24369482 -0.01227189 -1.85815199 -0.173911
 -2.22048196 -2.73270052  0.07665426 -1.95048524 -3.85815677 -1.91295729
 -0.52598006 -0.90035429 -2.3767482  -0.3245341  -3.15909858 -3.59533625]
log likelihood =  -4038.4381822221276
Edge derivatives =  [26.935929155534254, 19.19735645994316, 4.500590364370391, 22.67095534090082, 2.131136386300206, 19.912424588059327, -10.131895799383996, 15.791002737729562, 19.467962408784306, -20.90487426567113, 24.07473319465911, 14.035592692925226]
other derivatives: [-90.8002221   78.40008038 -49.04218258  86.13424143   8.95379344
 -57.36756066]
Current x array =  [-0.66481113 -1.10912079 -0.56707623 -0.14815365 -2.13216771 -0.12432474
 -2.36348598 -2.84901513 -0.11273203 -2.09342229 -3.88511573 -2.0601867
 -0.66761788 -1.07051701 -2.49454011 -0.42825311 -3.26665498 -3.65986339]
log likelihood =  -3987.820832142659
Edge derivatives =  [22.50333341763006, 16.695128758042703, -14.102998076264116, 18.670657327284793, 1.1976883953394135, 14.596959822578775, -20.955404960365396, 5.115427716700933, 16.470627972783348, -26.560739520148505, 22.59941487830972, 13.318699106622612]
other derivatives: [-35.28116395  60.11077858 -52.8199962   55.30773706 -29.88722372
 -52.02441571]
Current x array =  [-0.71464755 -1.06937569 -0.52401473  0.13285313 -1.96927175 -0.29583612
 -2.18181892 -2.70880795  0.05401777 -1.92062696 -3.85466143 -1.89182812
 -0.56913276 -0.89066224 -2.34981287 -0.38377339 -3.12408288 -3.57380012]
log likelihood =  -3926.406468623456
Edge derivatives =  [17.472901280218796, 14.677167002517875, -11.5799628777426, 14.432357895792999, 0.2374102448196854, 7.563843281587152, -16.422422134337435, -5.838063783652151, 13.09573502701593, -2.8559212071973126, 19.263793678936942, 11.653823121390706]
other derivatives: [ 65.63877832  -7.6557626    2.61588866 -26.42873369 -19.16691872
 -20.98713594]
Current x array =  [-0.79354535 -0.89918311 -0.52077468  0.6910433  -1.91477249 -0.78861337
 -1.85874384 -2.45684615  0.0662353  -1.63560117 -3.82284972 -1.63631951
 -0.6433035  -0.71219159 -2.10684129 -0.55677617 -2.82768995 -3.4011281 ]
log likelihood =  -3909.3241234625057
Edge derivatives =  [11.068033624738177, 11.790998123890354, -21.618474000625735, 7.894012142733415, -0.509032206355952, -1.2381812878094391, -22.0449840021593, -16.067729788786608, 7.194138606302555, -9.813365729236661, 15.877909839638312, 9.66251993826712]
other derivatives: [  2.67705218 -40.89947652  -4.44892976 -26.68166417 -23.6670985
 -13.96347216]
Current x array =  [-0.74492673 -0.85689015 -0.4965904   0.74764321 -2.01806366 -1.03581973
 -1.59177548 -2.24384384  0.2153122  -1.38287355 -3.7837761  -1.41827787
 -0.57008555 -0.53205985 -1.8897465  -0.44980286 -2.59845905 -3.26004502]
log likelihood =  -3890.0320976103812
Edge derivatives =  [6.609820993285218, 10.28693375155442, -9.970948405911798, 3.7393529708899393, -0.7100425013618639, -6.070984492873224, -13.705333925794125, -13.650026838758837, 3.215657590770226, -1.164186625892163, 11.26856002794327, 7.374152077695693]
other derivatives: [ -6.06360118 -43.91117727 -10.6812422  -23.80547812   2.28174031
  -4.682488  ]
Current x array =  [-0.7391661  -0.86175356 -0.47836483  0.71548046 -2.16436678 -1.34608108
 -1.34203287 -2.03183942  0.15997012 -1.16774654 -3.7657708  -1.27861781
 -0.69142026 -0.51512819 -1.7020407  -0.49091026 -2.34253459 -3.10566522]
log likelihood =  -3881.096542762185
Edge derivatives =  [-6.429358690570644, 6.169541647098783, -11.265300775011955, -8.267646187689998, -1.138440809760254, -10.888293012365148, -2.324265691331657, -6.884878703072603, -5.232192153476151, -1.4746081246683471, -0.5179422090862054, 2.2580913315512423]
other derivatives: [-10.92430466  -2.97195584 111.60182112  -3.0386218   -7.57468115
   3.40187398]
Current x array =  [-0.7331753  -0.94646177 -0.5868826   0.52275415 -2.07991737 -1.74260298
 -1.0061155  -1.68253752  0.04138428 -0.90810034 -3.75958355 -1.2215487
 -0.97064044 -0.63410773 -1.47733383 -0.54509574 -1.9457281  -2.85680842]
log likelihood =  -3875.5600549515866
Edge derivatives =  [-3.997973056147024, 7.158516977639346, 0.35883838655843703, -5.3102526902836855, -0.68665572612309, -6.13227820790266, 3.1014684015445066, 1.2520994764310265, -1.4194391884688584, 8.795120868148908, 0.023787018184582287, 3.055251776729235]
other derivatives: [ -0.36216079  10.59597707 -56.93518688   4.97529982  -8.61373337
   2.88691808]
Current x array =  [-0.75082662 -0.97337059 -0.45600945  0.51026264 -2.06999992 -1.76702831
 -1.02704463 -1.6735866  -0.05621554 -0.94132932 -3.77239157 -1.27516301
 -1.05690572 -0.71107767 -1.50136304 -0.61082079 -1.93767458 -2.84867287]
log likelihood =  -3873.8368034351033
Edge derivatives =  [-0.6885339217051551, 8.313024361693122, -0.7849431090431657, -2.325743138071106, -0.6430881913274613, -4.594137488897293, 1.754456122181175, -0.44456073063168766, 0.026484056232838643, 5.454694737296115, 2.849898108711142, 3.85892087397496]
other derivatives: [1.66173777 3.65625965 9.13105396 1.64054654 1.94331733 2.20284164]
Current x array =  [-0.74662376 -0.95390819 -0.50404554  0.50242253 -2.10008519 -1.65804375
 -1.11383141 -1.74944769 -0.03463946 -1.01312656 -3.77614301 -1.31329799
 -1.00182405 -0.70553728 -1.56170856 -0.581793   -2.03019955 -2.90343079]
log likelihood =  -3873.535818094785
Edge derivatives =  [-1.6841025155427556, 7.902278379221964, -1.4891622785941117, -3.2189978409070656, -0.6772128092015874, -5.060448122034449, 1.4563183555246713, -0.7630878224134321, -0.6026522247205193, 4.448019588843971, 1.987538092032372, 3.52527725632401]
other derivatives: [-1.09494067  3.41315172  3.64821062  2.49610821 -0.94023562  2.23089955]
Current x array =  [-0.74573555 -0.95486764 -0.49880068  0.50253143 -2.09544123 -1.67861758
 -1.09084457 -1.7182988  -0.02910301 -0.99494491 -3.77453556 -1.30584316
 -1.00294381 -0.69957641 -1.54390119 -0.57028385 -2.00338586 -2.88433076]
log likelihood =  -3872.681256892898
Edge derivatives =  [-2.9895167054174516, 7.24471203931654, -1.3197268193224492, -4.013372544067813, -0.6570943124493593, -4.46112808937964, 1.4484610523431287, -0.5158367598497193, -1.2240391831372714, 1.4762654855489374, 0.24067922793199692, 2.796995630224794]
other derivatives: [-2.79733285 -0.65365384 -7.7327968   3.54557415 -3.50864866  2.09574864]
Current x array =  [-0.74666549 -0.94700354 -0.48889195  0.50109812 -2.09323259 -1.69854282
 -1.06636986 -1.63509225 -0.03315829 -0.98555325 -3.77619828 -1.32406166
 -1.00553615 -0.70276866 -1.52258209 -0.53542839 -1.9541179  -2.83907194]
log likelihood =  -3871.3727444883725
Edge derivatives =  [-4.15818919504893, 6.167891327522833, -0.44184255214879997, -4.060124726001673, -0.5473573872716915, -2.063927893829267, 1.359196818427885, 0.03677289497981162, -1.33373701568045, -4.3250782055535195, -2.3369517221405234, 1.6082759662401171]
other derivatives: [ -5.49985089  -4.24806785 -15.1101176    3.03066372  -5.67283678
   1.54213922]
Current x array =  [-0.74545805 -0.94098711 -0.48225754  0.50978009 -2.08798836 -1.69451356
 -1.06192752 -1.47714189 -0.04738091 -1.00912665 -3.7847483  -1.3911827
 -0.99809536 -0.71821841 -1.50998418 -0.47154899 -1.89150639 -2.76214465]
log likelihood =  -3869.9029422631584
Edge derivatives =  [-4.230506199120352, 4.574172446106777, 0.5679388402028528, -2.844662176384758, -0.36773010850420823, 0.8515801694037928, 0.3947702385251487, 0.06289980694539743, -0.5959475569630156, -6.922532160006584, -4.101764000122526, 0.467549545639548]
other derivatives: [ -0.71468094  -0.92682058 -15.42375685   0.24906512  -4.48462742
   0.48767106]
Current x array =  [-0.74801822 -0.94986346 -0.48036448  0.52965011 -2.09286437 -1.65738406
 -1.09882636 -1.27013139 -0.05360834 -1.07068205 -3.79912371 -1.47440076
 -0.96569565 -0.72893207 -1.51132478 -0.43890466 -1.85789586 -2.6766392 ]
log likelihood =  -3871.887648709572
Edge derivatives =  [-3.861226897258818, -1.4498065123605908, 3.01469591177889, 0.06274987699975511, 0.027314103435046002, 6.8593872026618925, 4.5245491586292825, 4.518280397409084, 1.2132836998909096, -1.100208214422154, -5.696652474483116, -2.1453524296824873]
other derivatives: [-73.07326086 -21.73387657 -10.29475243   4.0519808   -2.19347385
   0.0865839 ]
Current x array =  [-0.68587682 -0.90068575 -0.50071008  0.50285577 -2.04491757 -1.58370746
 -1.24921081 -0.85127248 -0.14581244 -1.24949117 -3.84449322 -1.66347579
 -1.00339975 -0.84598073 -1.54791456 -0.53249302 -1.8618135  -2.52365975]
log likelihood =  -3869.2777761003904
Edge derivatives =  [-4.089548758572499, 3.1724195006160114, 1.3626663901216818, -1.8516612668180321, -0.24030557207406927, 2.9371814077008063, 1.765603240437814, 1.5729395551130798, 0.020595559221617654, -5.010642430032478, -4.629286287629161, -0.3218631071835679]
other derivatives: [-23.15996426  -7.54494067 -13.20954652   1.34373295  -3.31374395
   0.36006895]
Current x array =  [-0.72739928 -0.93354597 -0.48711529  0.52075957 -2.0769553  -1.63293767
 -1.14872494 -1.13115117 -0.08420229 -1.13001213 -3.81417762 -1.53713713
 -0.97820612 -0.76776961 -1.52346551 -0.46995791 -1.85919576 -2.62587958]
log likelihood =  -3868.31277134673
Edge derivatives =  [-2.8439791514476838, 1.0334839390463957, 1.3837800464412973, -0.0012019314170104572, -0.08295430164513158, 4.740152732702773, 0.1489910703642439, 0.9261500365589528, 1.0481568235829783, -2.3845283604298135, -4.014574509556564, -0.8352862128648055]
other derivatives: [ 2.90988282e+00 -5.95509846e+00 -1.14300747e+00 -3.26203917e+00
  5.63886715e-03 -8.52105586e-01]
Current x array =  [-0.74684269 -0.93377551 -0.49454078  0.53986615 -2.0810804  -1.57436863
 -1.22731049 -0.96295722 -0.07588553 -1.20950941 -3.82930005 -1.59089496
 -0.93443867 -0.76930628 -1.53977085 -0.49472847 -1.88992569 -2.57475564]
log likelihood =  -3867.9737072267417
Edge derivatives =  [-1.9679674120242352, 1.7141588828892904, 0.2411500007965518, 0.49478530792974096, -0.10587981559317076, 4.211515395524327, -0.6233648156125723, 0.11831956977919145, 1.2762486212104287, 0.09125428569069927, -2.410060927451395, -0.23361505901671972]
other derivatives: [ 1.64468474 -1.08566383  2.53057806 -3.18650564  0.79962774 -1.07656888]
Current x array =  [-0.74430443 -0.94421057 -0.49866847  0.53860975 -2.08220147 -1.55493495
 -1.25827149 -0.98882463 -0.06194592 -1.22348656 -3.82969783 -1.57084752
 -0.91995402 -0.7590531  -1.55044603 -0.52253827 -1.93494631 -2.5982175 ]
log likelihood =  -3867.664556741679
Edge derivatives =  [-1.733764715076366, 1.1454532636449732, -0.551510229673788, 0.5980337352617359, -0.18864835598347415, 2.9541436410535207, 0.011297146168537525, 0.31061851390840456, 0.602372147384503, 2.634415485107422, -1.3158478837830374, -0.08956586199560657]
other derivatives: [ 4.20277502  1.94945642  4.92668732  0.24610927  0.13451427 -0.93050403]
Current x array =  [-0.74698868 -0.9489256  -0.50295219  0.51027259 -2.07450841 -1.56498371
 -1.29067426 -0.95133418 -0.06302536 -1.22947422 -3.83312056 -1.53214688
 -0.93102952 -0.763797   -1.54081839 -0.55549533 -1.96913822 -2.59626204]
log likelihood =  -3867.4500047322326
Edge derivatives =  [-0.9304977909622953, 0.2834217449161677, -2.0643301143383064, 0.8990064220402585, -0.353925552543376, 0.39605468299596863, -1.5602267129407654, -1.3377962586271095, -0.3905430016575063, 1.2116481313910137, 0.4957615917618723, 0.22044864267828812]
other derivatives: [-5.06520337 -0.4713911   3.4457571   1.52249413  0.3860805  -1.62444849]
Current x array =  [-0.7399134  -0.9453856  -0.50093952  0.50537058 -2.09034981 -1.56030504
 -1.35172291 -0.89043585 -0.04137694 -1.23932375 -3.83691602 -1.46453912
 -0.90130139 -0.73905959 -1.52873618 -0.5411262  -2.02731104 -2.5946453 ]
log likelihood =  -3867.322337878595
Edge derivatives =  [-1.354847269534982, -0.21411658958935684, -0.7986798754679026, 0.5018495670229354, -0.3963159280233702, -0.34297851682388614, -0.26366013463142346, -0.3775615045642109, -0.9674134968885751, 1.1740264520263313, 0.06810148206167543, -0.009245388409379635]
other derivatives: [-1.17888703  0.89166861  3.47909008  0.98216333  0.45138222 -1.07902451]
Current x array =  [-0.74325931 -0.94859921 -0.50000735  0.50828089 -2.08745123 -1.59780485
 -1.34490195 -0.86805912 -0.05795731 -1.21836683 -3.83838742 -1.44317394
 -0.9250367  -0.74786539 -1.51483019 -0.53996627 -2.0123487  -2.58216666]
log likelihood =  -3867.510537919102
Edge derivatives =  [-0.49918964867872706, 0.12859292908117131, 1.4907424042259927, 1.213458473592628, -0.3338969779814439, 0.04336949864146977, 0.9197110151364977, 1.0928036683567148, -0.1204399354588685, 2.053994499597685, 0.7779612599443262, 0.32259142873491453]
other derivatives: [  3.02275112  -0.18831088 -24.34308044   1.22390702   0.77570803
  -1.06065272]
Current x array =  [-0.74831558 -0.94421867 -0.47992105  0.51205274 -2.08267138 -1.60712932
 -1.38319026 -0.86422811 -0.08133548 -1.22663789 -3.84609659 -1.44286988
 -0.94104123 -0.76529231 -1.53100329 -0.5438359  -2.03207403 -2.58619614]
log likelihood =  -3867.2992354678945
Edge derivatives =  [-1.1370389914266017, -0.12684907295046383, -0.2226410505341616, 0.6812688870257964, -0.380585627451656, -0.24435047360772916, 0.03623482674892489, -0.007577534704702682, -0.7535127625518283, 1.3978229958692376, 0.2478789381277655, 0.07400232907315167]
other derivatives: [-0.11250449  0.62373147 -3.27390808  1.03718776  0.54405973 -1.07552296]
Current x array =  [-0.74451688 -0.9475097  -0.49501157  0.50921901 -2.0862624  -1.60012399
 -1.35442485 -0.86710628 -0.06377182 -1.22042397 -3.84030481 -1.44309832
 -0.92901728 -0.75219974 -1.51885269 -0.54092871 -2.0172547  -2.58316886]
log likelihood =  -3867.2720400758008
Edge derivatives =  [-1.2088430079712127, -0.2252110350700023, 0.3048352429339347, 0.5569034910451486, -0.3965374371847974, -0.5020757748812237, 0.3649308597750426, 0.23124084244418563, -0.8966853381679218, 0.6604060824823822, 0.12082987413057533, 0.0047733424460423]
other derivatives: [ 0.35142875 -0.05293259 -2.33258106  0.12496457  0.76324795 -0.91567927]
Current x array =  [-0.74476071 -0.94634924 -0.49501462  0.51558424 -2.08649192 -1.61377586
 -1.35582409 -0.86161572 -0.06973822 -1.2121583  -3.84152124 -1.43581585
 -0.93471057 -0.75383648 -1.51654771 -0.53247767 -2.01269154 -2.5797698 ]
log likelihood =  -3867.2233359478287
Edge derivatives =  [-0.9453252793915734, -0.10168285635311433, 0.5099448673217407, 0.5553181407750236, -0.39402870246537264, -0.517407092352521, 0.7296619949280023, 0.4477376809243321, -0.6217112771022666, -0.29722598952132795, 0.3409572884779202, 0.071014947055886]
other derivatives: [ 0.98862074 -0.46752575 -0.29831426 -0.12114469  0.13960744 -0.70244823]
Current x array =  [-0.74508785 -0.94476246 -0.49712589  0.51632494 -2.07841521 -1.6289474
 -1.38020692 -0.86272289 -0.0776818  -1.20694036 -3.8474927  -1.43295353
 -0.94009358 -0.75882124 -1.52765171 -0.52413165 -2.01953749 -2.58190394]
log likelihood =  -3867.183333888677
Edge derivatives =  [-0.6545917049535352, -0.3455767702695608, 0.4812537037133373, 0.4389626467023491, -0.36880374814514744, -0.2953091550622373, 0.6131991854624077, 0.3489049419329282, -0.15088654102233595, -1.270512717175921, 0.3642534893284355, 0.01635828663262772]
other derivatives: [-0.1718945   0.99153112  0.04765752 -0.41609383 -1.03545972 -0.51509232]
Current x array =  [-0.74375256 -0.94830445 -0.49769873  0.52012898 -2.07064443 -1.65116427
 -1.41643494 -0.84498569 -0.08203779 -1.19836388 -3.85817735 -1.43492596
 -0.93676916 -0.759718   -1.54169466 -0.51408579 -2.02062448 -2.57572261]
log likelihood =  -3867.154881439971
Edge derivatives =  [-0.047939184204797855, 0.26050311811163973, 0.38427355902219407, 0.2641647647530291, -0.3366969531863075, -0.21498540350651812, 0.5371099404575741, 0.16332927550792897, 0.5119430816978604, -0.9700700781045284, 0.6745327391844876, 0.19271309475230927]
other derivatives: [ 2.03467607 -1.9912477   3.01074579 -0.61422725 -0.10895747 -0.03847163]
Current x array =  [-0.74569092 -0.94012729 -0.50031242  0.51778032 -2.07059251 -1.6870687
 -1.46721457 -0.86049342 -0.08337177 -1.17644675 -3.87335904 -1.4274772
 -0.93205312 -0.75732619 -1.56294714 -0.51715384 -2.02775459 -2.58311333]
log likelihood =  -3867.128122288522
Edge derivatives =  [-0.14417562353972066, -0.1250590151456423, 0.28100164626268864, 0.14940852304270186, -0.31992727480357847, -0.016497240975425043, 0.3493016721317772, 0.10828434914905571, 0.5022970676580029, -0.3813279650508392, 0.3591867955423014, 0.027892010332161293]
other derivatives: [-0.62082108 -0.75483513  1.22308847 -0.3311925  -0.17289494 -0.02523848]
Current x array =  [-0.74336063 -0.94362502 -0.49888668  0.51779553 -2.07262483 -1.69191768
 -1.46849469 -0.84306093 -0.08132676 -1.17437686 -3.87645923 -1.43237634
 -0.92852855 -0.7563284  -1.55929359 -0.52219777 -2.01827184 -2.57417511]
log likelihood =  -3867.1198081604925
Edge derivatives =  [-0.1424683378865205, -0.29130642512779287, 0.0853676490000459, 0.05156507112057793, -0.3111671316833743, -0.0010298872094510747, -0.010541640415929365, -0.10840286342606476, 0.454118796733194, 0.10484424961420882, 0.18323305233298082, -0.04598853748745026]
other derivatives: [ 0.53264557  0.15888872  0.34656296 -0.24801921  0.01973604 -0.03360583]
Current x array =  [-0.74450427 -0.94605224 -0.49763665  0.51768739 -2.0766524  -1.69669712
 -1.4717708  -0.83448999 -0.07613998 -1.17006938 -3.87971666 -1.43203605
 -0.9219526  -0.75206793 -1.55544739 -0.52547165 -2.01228935 -2.56957559]
log likelihood =  -3867.117688120756
Edge derivatives =  [-0.16026742195843763, -0.10299959157543884, -0.03524588519826943, -0.16745738407195448, -0.3057279979452428, 0.012029293756117054, -0.011711417672081614, -0.11300567903892711, 0.414487024892207, 0.3662798231430678, -0.03171251702444455, -0.07667753602745409]
other derivatives: [-1.67078724 -0.20750122 -0.64173946  0.12801138  0.01864464  0.11782504]
Current x array =  [-0.74281693 -0.94545182 -0.49696622  0.51592321 -2.07772267 -1.70836829
 -1.47374247 -0.84280306 -0.07493795 -1.15993131 -3.88402652 -1.43131282
 -0.92213348 -0.75134197 -1.55340981 -0.52785195 -2.00424122 -2.57005416]
log likelihood =  -3867.115131074556
Edge derivatives =  [-0.13450982600781475, -0.09583933453484794, -0.021621010460170953, -0.11397209197220423, -0.30992162883536084, -0.045694796990787045, -0.024804024249922313, -0.11691203013797624, 0.37156477349388783, 0.20859854821666646, 0.033530285062644216, -0.054475761023889915]
other derivatives: [-0.29808689 -0.03151399 -0.23546818  0.03506102  0.01186891  0.07717063]
Current x array =  [-0.74399673 -0.9457556  -0.49713612  0.51611592 -2.07764027 -1.70595533
 -1.47381679 -0.84288045 -0.07471664 -1.16170808 -3.88383009 -1.43025943
 -0.92181215 -0.75125607 -1.55257141 -0.52615398 -2.00632877 -2.570802  ]
log likelihood =  -3867.1138453152116
Edge derivatives =  [-0.11214210077725895, -0.049344615974937, -0.026745475231551463, -0.09495494732257256, -0.3120224776362763, -0.07597288725191131, -0.02870780721562638, -0.10451091438515858, 0.3138761914846907, 0.06294360810086573, 0.044383194315456675, -0.04196235743560924]
other derivatives: [ 0.38339749  0.10850272 -0.09631549  0.01818989 -0.0307864   0.06043592]
Current x array =  [-0.74460687 -0.94605728 -0.49715468  0.51608177 -2.07752852 -1.7052613
 -1.47406677 -0.84475865 -0.07444061 -1.16199692 -3.88481682 -1.42991304
 -0.92164828 -0.75141382 -1.55100314 -0.52457146 -2.00650801 -2.57162611]
log likelihood =  -3867.112272911505
Edge derivatives =  [-0.07435298035696261, 0.01493163798800301, -0.03623474603306087, -0.07428144726307695, -0.31226223320337, -0.08420795638328965, -0.023551459606141217, -0.065649754219121, 0.22458320299059492, -0.08534844794865225, 0.028973192041030327, -0.035110375834139874]
other derivatives: [ 0.77056939  0.27675924 -0.04883987  0.04083631 -0.07130438  0.04902176]
Current x array =  [-0.74495765 -0.94646012 -0.49713692  0.51587113 -2.07740955 -1.70511878
 -1.47539226 -0.84712385 -0.074187   -1.16209655 -3.88746698 -1.43030354
 -0.9214329  -0.75204607 -1.54823277 -0.52297779 -2.00578654 -2.57246393]
log likelihood =  -3867.1098590329384
Edge derivatives =  [-0.011816372373762929, 0.063124656189946, -0.13003029647033415, -0.029054939564319794, -0.3106427220501463, -0.06459099139176899, -0.07680891492260417, -0.048195535797612266, 0.029605881713741483, -0.2617123940939542, -0.02375012002107435, -0.04608568854154003]
other derivatives: [ 0.68898771  0.38580765  0.97270458  0.02864908 -0.03374225  0.01850822]
Current x array =  [-0.74480245 -0.94683177 -0.49786829  0.51571129 -2.07773422 -1.70374308
 -1.47859163 -0.84839986 -0.07300866 -1.16340943 -3.89393096 -1.43230949
 -0.91972304 -0.75283908 -1.54214337 -0.52136298 -2.00409486 -2.57308544]
log likelihood =  -3867.1083233580525
Edge derivatives =  [0.1376697576179354, 0.16084121932715006, -0.10637915889856953, 0.055720745233453946, -0.30057791218992885, 0.017214414265453393, -0.07724985971843823, 0.07307611162972805, -0.14573334076195682, -0.44193207806025475, -0.054222544597898104, -0.03374308784215022]
other derivatives: [ 0.48853508  0.12655619 -1.02277227  0.14811121 -0.18139872 -0.01105036]
Current x array =  [-0.7447914  -0.94623636 -0.49640096  0.51557616 -2.07701434 -1.70454971
 -1.48746305 -0.85001084 -0.07321503 -1.16444829 -3.90502843 -1.43532042
 -0.91851407 -0.75511086 -1.53563928 -0.51930601 -2.0026873  -2.57429404]
log likelihood =  -3867.106547214219
Edge derivatives =  [0.12040820388336865, 0.1082180383633474, -0.12001008046374162, 0.03393397822225174, -0.29757681139092645, 0.05196601804941681, -0.0847922321299793, 0.05125043043727162, -0.12652726496983382, -0.2836921008479968, -0.08514753460767, -0.054820815616527685]
other derivatives: [ 0.02137313  0.06339178 -0.13542376  0.08740244 -0.04047251  0.01268745]
Current x array =  [-0.74426602 -0.94611436 -0.49712853  0.51572179 -2.07737816 -1.70551155
 -1.48802561 -0.84773314 -0.07331323 -1.16399693 -3.90596665 -1.43597364
 -0.9182878  -0.75492784 -1.53608366 -0.5211486  -2.00193011 -2.57339575]
log likelihood =  -3867.105489697339
Edge derivatives =  [0.1339012556703312, 0.05660875315077113, -0.0900639884277864, 0.03313172936421769, -0.2911515542164213, 0.11069808934973707, -0.07483767668462168, 0.05664737713349721, -0.09745884246957826, -0.11253413668251741, -0.09741617704375916, -0.06737370429440032]
other derivatives: [-0.36334313 -0.08667485  0.17648745  0.02360139  0.07485141  0.03528839]
Current x array =  [-0.74383784 -0.94572678 -0.49746284  0.51599979 -2.07733102 -1.70683108
 -1.49083923 -0.84485228 -0.07403524 -1.16384388 -3.90912469 -1.43703263
 -0.91818605 -0.75522788 -1.53655152 -0.52310321 -2.00171621 -2.57270143]
log likelihood =  -3867.1044406797
Edge derivatives =  [0.15755857167357165, 0.03479256370271716, -0.04144978072661609, 0.04017166243573169, -0.28447830775825056, 0.1535996781077631, -0.05068253713943477, 0.07338860146267345, -0.08905472023924665, 0.008586753320381169, -0.09260105474850522, -0.06477430927386385]
other derivatives: [-0.39790393 -0.12050805  0.2311026  -0.02146407  0.11114025  0.05029506]
Current x array =  [-0.74374159 -0.94556091 -0.49760159  0.51618417 -2.07682187 -1.70778077
 -1.49369878 -0.84326993 -0.07502474 -1.16374746 -3.91406095 -1.43775535
 -0.91842563 -0.7556827  -1.53643722 -0.52453942 -2.00189114 -2.57283417]
log likelihood =  -3867.1008812495647
Edge derivatives =  [0.1808941587703011, -0.1520976764630958, 0.04145349316797542, 0.09511316007052076, -0.2679542811237686, 0.16006719885917076, -0.06489990869706402, -0.01388309510394814, -0.08329275253564522, 0.18224786847676616, 0.04362773665270381, -0.024957266006833845]
other derivatives: [-8.00173439e-01  9.96806193e-02  3.12866177e-01 -9.77706804e-02
 -8.26730684e-02  5.91171556e-04]
Current x array =  [-0.74320457 -0.94590177 -0.49800521  0.51682767 -2.07448372 -1.70418309
 -1.49868219 -0.83459956 -0.07758651 -1.16697632 -3.93379663 -1.43730123
 -0.91857039 -0.75540248 -1.53653969 -0.52723257 -2.00667186 -2.57420099]
log likelihood =  -3867.1186542179403
Edge derivatives =  [0.3818649826321665, -0.11063156565483215, 0.3885087968862976, -0.2397658312048474, -0.16834941036024095, 0.40123586675527695, 0.06764601052359268, -0.058494142038434394, -0.2938651722027176, 1.5641496277521472, -0.18099522148920588, 0.05483688339192383]
other derivatives: [ 4.11005203 -1.1542852   1.34878064 -0.16161721  0.08358256  0.2996785 ]
Current x array =  [-0.74751798 -0.94146308 -0.49922904  0.51398325 -2.06976946 -1.72837604
 -1.53036387 -0.83143918 -0.08542771 -1.14673857 -4.04756065 -1.43634847
 -0.920906   -0.75534025 -1.52601963 -0.54277721 -1.99658472 -2.58353564]
log likelihood =  -3867.0969399900623
Edge derivatives =  [0.2420231686822967, -0.13936921496945123, 0.14486857372372508, -0.0020809142407413467, -0.23613427749259594, 0.2333184643029902, -0.024780512664872384, -0.026817245513669707, -0.14398589144805504, 0.5950818191287727, -0.022574582895940942, -0.0010430585887801005]
other derivatives: [ 0.66947905 -0.27225724  0.62068466 -0.11764314 -0.02946763  0.09158612]
Current x array =  [-0.74448867 -0.94458037 -0.49836954  0.51598089 -2.07308029 -1.71138531
 -1.5081138  -0.83365871 -0.07992083 -1.16095156 -3.96766409 -1.43701759
 -0.9192657  -0.75538396 -1.53340788 -0.5318602  -2.00366893 -2.57697991]
log likelihood =  -3867.0917971472913
Edge derivatives =  [0.2560348552970927, -0.16155722980255066, 0.1694772506413157, -0.009197666654893098, -0.22489847022214052, 0.14040814204985214, -0.03902577342272506, -0.0872599309003661, -0.20919438463107146, 0.4889684803040535, 0.05009637191419358, 0.04830243741938606]
other derivatives: [ 0.67580004 -0.0811724   0.32864591 -0.04279173 -0.18212631  0.05879883]
Current x array =  [-0.74451986 -0.94500993 -0.49820194  0.51568161 -2.07243608 -1.70989632
 -1.50977403 -0.83264369 -0.08055573 -1.16054421 -3.9892563  -1.43409538
 -0.91950789 -0.75457147 -1.53170313 -0.53090243 -2.00553381 -2.57985188]
log likelihood =  -3867.0768869034728
Edge derivatives =  [0.24826005998133907, -0.13502893956347267, 0.2572314276898966, -0.17410153726864736, -0.1731373557078114, -0.2846455107558479, 0.008901479457421035, -0.2467354374441877, -0.33345381752061837, 0.12440425173611722, 0.2467567950484857, 0.23900304956091517]
other derivatives: [-0.74287527 -0.2060915  -0.82841325  0.1972694  -0.29913281  0.0336513 ]
Current x array =  [-0.74346517 -0.94492414 -0.49734792  0.5149675  -2.07318674 -1.70968344
 -1.51198279 -0.83424887 -0.08170881 -1.152297   -4.08918184 -1.41894774
 -0.92240054 -0.75102591 -1.52893785 -0.52688193 -2.00910488 -2.59224803]
log likelihood =  -3867.07374071681
Edge derivatives =  [0.20819535678668247, -0.199992086887283, 0.1784955766358992, -0.1476783213616217, -0.1471954592923638, -0.5026821843466848, -0.08887763401628862, -0.30880511959946944, -0.36158872763548866, -0.1968554349929992, 0.33158257793861967, 0.31029718616671254]
other derivatives: [ 2.01293915  0.74865056  0.28630893 -0.052205    0.00550244 -0.07535164]
Current x array =  [-0.74581027 -0.94730326 -0.497505    0.51605439 -2.07680896 -1.70215537
 -1.50503636 -0.83231101 -0.07763662 -1.15293369 -4.14093797 -1.41168053
 -0.92120073 -0.74854078 -1.52792397 -0.52206686 -2.01076045 -2.59638131]
log likelihood =  -3867.0690137232914
Edge derivatives =  [0.21255559832172716, -0.14027232381427462, 0.12929351904677389, -0.20878612195014326, -0.13799822293972638, -0.45016095902599207, -0.05031118798819986, -0.252094013427429, -0.34551658769216, -0.10593879292171754, 0.24556928106281983, 0.29519392328766886]
other derivatives: [ 0.61272658  0.29604053 -0.09440555  0.02733032  0.09304131 -0.01446097]
Current x array =  [-0.74463371 -0.94637002 -0.49730565  0.51586822 -2.07734934 -1.7060304
 -1.50663524 -0.83463924 -0.07722588 -1.14989426 -4.15175769 -1.41220712
 -0.92163019 -0.74925356 -1.52780957 -0.52293147 -2.00765431 -2.59660016]
log likelihood =  -3867.0643795465235
Edge derivatives =  [0.1926647005623745, -0.12136030247181365, -0.002303517654076437, -0.2578293913527, -0.11682695758536035, -0.35300991787566044, -0.030111487935139375, -0.16088143352821715, -0.26003333395884237, 0.03165671286363371, 0.12233957008178975, 0.2656687994036338]
other derivatives: [-0.52264113 -0.06025402 -0.14510988 -0.01386979  0.33264769  0.03933565]
Current x array =  [-0.74363449 -0.94573848 -0.49720919  0.51642855 -2.07907039 -1.70843842
 -1.50580816 -0.8355009  -0.07497319 -1.14760881 -4.17705274 -1.41299728
 -0.9215458  -0.75016148 -1.52902192 -0.52381375 -2.00341885 -2.5961463 ]
log likelihood =  -3867.060146094445
Edge derivatives =  [0.15754929614040197, -0.15560525700270403, -0.1807751020659769, -0.2624434820983628, -0.09005739135397081, -0.24391070428461187, -0.0390804835116815, -0.07608426151779746, -0.146347352159188, 0.10738042530169493, 0.019499799479237634, 0.23654727499946648]
other derivatives: [-0.88002707 -0.21877895 -0.14565558 -0.1155513   0.46652531  0.0511136 ]
Current x array =  [-0.74330405 -0.94550889 -0.49709636  0.51734264 -2.0803572  -1.7074919
 -1.50297577 -0.83451651 -0.07200038 -1.14784151 -4.21324054 -1.41391206
 -0.92107199 -0.75114002 -1.53088446 -0.52399122 -2.00010418 -2.59540898]
log likelihood =  -3867.0540364818935
Edge derivatives =  [0.06916060533687049, -0.18991730404536578, -0.42805310799107565, -0.24870650309409847, -0.05256743511282379, -0.08683725057569341, -0.017436522007082234, -0.03768023384180985, -0.025787537659329424, -0.09176024473572748, -0.10493065491484743, 0.17309015237360997]
other derivatives: [-1.17424861 -0.41604835  1.74168235 -0.09331416  0.13069439  0.05607035]
Current x array =  [-0.74293494 -0.94491866 -0.49884406  0.5167042  -2.07770225 -1.70364714
 -1.49749815 -0.83548511 -0.07103977 -1.15147005 -4.27906481 -1.41593996
 -0.92167759 -0.75317771 -1.53389107 -0.52280619 -1.99706578 -2.59388795]
log likelihood =  -3867.0506706768865
Edge derivatives =  [0.005650730442823965, -0.2056502830097747, -0.4846799320269273, -0.1475397679038572, -0.005877456695833673, 0.1578724046986213, 0.0022444974639261317, 0.12334522015969496, 0.23412243068042354, -0.13320375583877897, -0.22463702854268774, 0.12459830121683035]
other derivatives: [-1.06638254e-01 -2.22189556e-01 -1.65118763e+00  9.90894478e-02
 -3.41606210e-01 -4.09272616e-04]
Current x array =  [-0.744159   -0.94515372 -0.49634959  0.51640423 -2.07573603 -1.69758723
 -1.48899429 -0.83629912 -0.06991244 -1.15720667 -4.36061372 -1.41847358
 -0.92216512 -0.75579463 -1.53842307 -0.52140522 -1.99363911 -2.59123537]
log likelihood =  -3867.0479941387916
Edge derivatives =  [0.0240266792220456, -0.2098123459290123, -0.3528194770165842, -0.14315723054756938, -0.015287544089903665, 0.06183916117711824, 0.016493025723695764, 0.03398326688527842, 0.136802025892932, -0.19223265404308668, -0.1348374502063292, 0.14879707416214974]
other derivatives: [-0.02487468 -0.08126335 -0.11227712  0.0635282  -0.30017873 -0.00518412]
Current x array =  [-0.74406114 -0.94537521 -0.4976586   0.51594025 -2.07488302 -1.69738593
 -1.49143412 -0.8359158  -0.07252224 -1.15737441 -4.35088378 -1.41694503
 -0.9226143  -0.7549364  -1.53690424 -0.52161343 -1.99660764 -2.59248317]
log likelihood =  -3867.0470957652487
Edge derivatives =  [0.03447868123375103, -0.19459422347385683, -0.21631077531374343, -0.11472226148254167, -0.01631274480717597, 0.03662503021646074, 0.038322915979545236, 0.00672746143344316, 0.10789786337327498, -0.21144124793705185, -0.08859843066492434, 0.1549669146689111]
other derivatives: [ 0.12278178  0.04506546  0.24897417  0.06557457 -0.26734597 -0.0133241 ]
Current x array =  [-0.74411185 -0.94557097 -0.4980405   0.51559207 -2.07430838 -1.69663462
 -1.49179557 -0.83642377 -0.07460345 -1.15845858 -4.35238587 -1.41641692
 -0.92301408 -0.75477767 -1.53644113 -0.52174256 -1.99822296 -2.59257143]
log likelihood =  -3867.045866486629
Edge derivatives =  [0.04789614534990866, -0.149327856005931, 0.009151901298482201, -0.052383503008286564, -0.010710427223365154, 0.04621840121524767, 0.07496793759165526, 0.008580950445640223, 0.10047228547152515, -0.160071455438501, -0.05415466255441137, 0.14585488401901336]
other derivatives: [ 0.26138878  0.12896635  0.3436071   0.03519744 -0.09149517 -0.01982698]
Current x array =  [-0.74412488 -0.94564419 -0.49823379  0.51537574 -2.07415364 -1.69536553
 -1.49102065 -0.83803893 -0.07742167 -1.16064981 -4.36588857 -1.41613878
 -0.92337658 -0.75497168 -1.5360991  -0.52243183 -1.99959912 -2.59166126]
log likelihood =  -3867.0447056181656
Edge derivatives =  [0.04006861752488575, -0.10117574335510526, 0.1208638532671803, 0.01744656549044661, -0.004114548444118595, 0.024635587135638404, 0.040150376905419644, -0.016773662293803948, 0.06948882628262007, -0.09272271829781392, -0.02717733482544138, 0.11691336364308175]
other derivatives: [-0.01555236  0.1711669   0.13169483  0.00472937  0.02974048 -0.04665708]
Current x array =  [-0.74382187 -0.94576014 -0.4981242   0.51557232 -2.07447431 -1.69272057
 -1.48780233 -0.84031067 -0.07847875 -1.16386948 -4.38568661 -1.41519288
 -0.92251901 -0.75477493 -1.53499474 -0.52316054 -2.0010334  -2.58935592]
log likelihood =  -3867.044859522547
Edge derivatives =  [0.04787192013297689, 0.016036329419372247, 0.19824851797808063, 0.07112923470979834, 0.002024946194065541, 0.10132406710516201, 0.030434467058861298, 0.017195681962669518, 0.034603774335774384, 0.21097783000716228, -0.06899805388957936, 0.036495944055131645]
other derivatives: [ 0.61427272 -0.47566573  0.11878001 -0.08876668  0.16657395 -0.004502  ]
Current x array =  [-0.74438022 -0.9439999  -0.49819682  0.51556235 -2.07388691 -1.69432349
 -1.48647511 -0.8453002  -0.07969105 -1.16592829 -4.39319752 -1.41679657
 -0.92161998 -0.75576806 -1.53341498 -0.52665177 -2.0007839  -2.58410312]
log likelihood =  -3867.044277852389
Edge derivatives =  [0.04366745143365805, -0.0469824512632582, 0.1565976751411995, 0.04224726458233466, -0.0012723765694431354, 0.06003148271548853, 0.035687495295858906, -0.0010815504376773255, 0.05341807142264188, 0.04755146357331155, -0.046479713643737375, 0.07986123723846897]
other derivatives: [ 0.27548595 -0.12723831  0.12564669 -0.03838068  0.09299583 -0.02719389]
Current x array =  [-0.74407964 -0.9449475  -0.49815773  0.51556772 -2.07420313 -1.69346058
 -1.48718961 -0.84261415 -0.07903842 -1.16481995 -4.38915411 -1.41593324
 -0.92210396 -0.75523342 -1.53426543 -0.5247723  -2.00091821 -2.58693091]
log likelihood =  -3867.0438991311526
Edge derivatives =  [0.02998888232632324, -0.019457534669354126, 0.09479241854615839, 0.05399368809593488, 0.00045140160995599254, 0.048173831080752294, -0.005975978036311641, -0.007444876032780545, 0.02972934337704833, 0.09632216197229655, -0.050002963194022865, 0.051486216436264394]
other derivatives: [-0.16998456  0.01668923 -0.12582859 -0.00050022  0.02723937 -0.03124114]
Current x array =  [-0.74369747 -0.94537198 -0.49798248  0.51564799 -2.07417256 -1.69297857
 -1.48536018 -0.8441832  -0.07824138 -1.1658476  -4.39534303 -1.41568446
 -0.92130515 -0.75527912 -1.53342472 -0.52527818 -2.0012214  -2.58483854]
log likelihood =  -3867.043755096768
Edge derivatives =  [0.023327731343390307, -0.013089484273049456, 0.035058681392515334, 0.04833681957999763, 0.00021208041356287483, 0.03514074797368422, -0.026986050144712143, -0.005017735930383349, 0.018610490875292623, 0.0977375612353487, -0.0539221331401345, 0.04197265648623947]
other derivatives: [-0.08590177  0.06652954 -0.12378223 -0.00632099  0.00677574 -0.03092282]
Current x array =  [-0.74379009 -0.9455305  -0.4979207   0.51577071 -2.07439022 -1.69308115
 -1.48465712 -0.844626   -0.07730627 -1.1657238  -4.3957301  -1.41542902
 -0.92092062 -0.75523723 -1.53306614 -0.52518706 -2.00119082 -2.58409826]
log likelihood =  -3867.0437139225633
Edge derivatives =  [0.008613608327919742, 0.002232845769520514, -0.08922628774104324, 0.016252424142789504, -0.004867532738270917, -0.02264645911623714, -0.051485918425024924, -0.017832347163666995, -0.04019051971201856, 0.00871613048287491, -0.034091622833355206, 0.023772079412422396]
other derivatives: [-0.41814019 -0.19899744 -0.10977601  0.04847607 -0.11991688 -0.02301022]
Current x array =  [-0.74360071 -0.94500329 -0.49788303  0.51563516 -2.07433172 -1.69407899
 -1.48411455 -0.84574651 -0.07597048 -1.16479268 -4.38960145 -1.41460513
 -0.92063148 -0.75508891 -1.53189454 -0.52440479 -2.00213632 -2.5825671 ]
log likelihood =  -3867.043547703759
Edge derivatives =  [0.010334484424782797, 0.004098080254015507, -0.045273864028619104, 0.031161605454711652, -0.0025791756743170392, -0.01407518342877978, -0.04222647363043139, -0.0033812213381030354, -0.024491523997861475, 0.009516033084505993, -0.030076941827427817, 0.025322195314489433]
other derivatives: [ 0.06016307 -0.0170985  -0.03956302  0.00850378 -0.04883987 -0.02783054]
Current x array =  [-0.74398542 -0.94539584 -0.49788069  0.51573826 -2.07461579 -1.69357112
 -1.48354126 -0.84572609 -0.07614837 -1.16514914 -4.39379122 -1.4145468
 -0.92071598 -0.7551289  -1.5321337  -0.52421587 -2.0022145  -2.58251519]
log likelihood =  -3867.0435223209715
Edge derivatives =  [0.012098108500917526, 0.005966333971943183, -0.02354651146774067, 0.03218494771490123, -0.0024472702661451576, -0.009890147244311254, -0.03163854687670342, 0.0010946967701479515, -0.02154228811299755, 0.007433740284351176, -0.026688129861065946, 0.02601149128093657]
other derivatives: [ 0.05675247 -0.00895852 -0.01437002  0.0077307  -0.02937668 -0.0253749 ]
Current x array =  [-0.74397252 -0.94540639 -0.49790974  0.51570442 -2.07461826 -1.69368087
 -1.48367315 -0.84574471 -0.07642778 -1.16509864 -4.39363946 -1.41461596
 -0.92088541 -0.75517802 -1.53221334 -0.5241987  -2.00231569 -2.58252602]
log likelihood =  -3867.0434578767135
Edge derivatives =  [0.010560719718506834, 0.016552221693299257, 0.005709114327202558, 0.0229951834731644, -0.0024344574510925376, -0.00093037050597089, -0.00428928910867063, 0.019574094875148607, -0.016106366118529614, -0.005258032763399784, -0.015735405060196106, 0.019168385938107727]
other derivatives: [ 0.02319211  0.01373337  0.03929017  0.00418368  0.01809894 -0.01086846]
Current x array =  [-0.74393258 -0.94547351 -0.49793618  0.51570249 -2.07479338 -1.6945044
 -1.48364475 -0.84613904 -0.0766998  -1.1644668  -4.392078   -1.41477432
 -0.92134312 -0.75529133 -1.53232772 -0.52399797 -2.00273596 -2.58180223]
log likelihood =  -3867.04344842149
Edge derivatives =  [0.007169809067274352, 0.01927190893493791, 0.027190236513885857, 0.011236520224201844, -0.0027639546743093227, 0.001529921217792607, 0.007942897850294617, 0.019005698219560774, -0.010942540407460094, -0.013276750129079168, -0.0007401042981198813, 0.015692168999302397]
other derivatives: [ 0.03465175  0.01505214 -0.1722583   0.0165528  -0.00050022 -0.00345608]
Current x array =  [-0.74396729 -0.94547998 -0.49776381  0.51570999 -2.07473868 -1.69512413
 -1.48361098 -0.84626609 -0.0769254  -1.16386856 -4.3902557  -1.41479217
 -0.92167998 -0.75515164 -1.53244368 -0.52385569 -2.00327576 -2.58120463]
log likelihood =  -3867.043428155792
Edge derivatives =  [0.002223694048020336, 0.020942307419397094, 0.013160155725422285, 0.007064151454110809, -0.0027478749031859383, -0.0009445801347797711, 0.004829288705981094, 0.015578746424499634, -0.014067660459009923, -0.01483714604229866, 0.00013852080658760535, 0.009846412737971773]
other derivatives: [-4.32009983e-03  1.80079951e-02 -9.54969437e-04  3.18323146e-03
  9.45874490e-03 -9.09494702e-05]
Current x array =  [-0.74392023 -0.94550483 -0.49788296  0.51577789 -2.07481244 -1.69522465
 -1.4833132  -0.84643869 -0.07674898 -1.16378024 -4.39059105 -1.41474858
 -0.92163454 -0.75509358 -1.53239302 -0.52385539 -2.0033914  -2.58079673]
log likelihood =  -3867.0434220953907
Edge derivatives =  [8.050641271556414e-05, 0.018109897610676162, 0.0049984169679254675, 0.005340030077262532, -0.002602791305169579, -0.0004967394232487377, -3.4581671168071315e-05, 0.01054296335484839, -0.012204631406635219, -0.009556544394970293, -0.0013118192464021128, 0.008943060045626026]
other derivatives: [-0.00623004  0.0178261   0.01564331 -0.00159162  0.00331966 -0.00050022]
Current x array =  [-0.74391809 -0.9455084  -0.49789181  0.5158217  -2.07480899 -1.69518114
 -1.48321781 -0.84636166 -0.07664759 -1.16377192 -4.39086976 -1.41474756
 -0.92157833 -0.75502131 -1.53244057 -0.52391091 -2.00336041 -2.58074742]
      fun: 3867.0434220953907
 hess_inv: <18x18 LbfgsInvHessProduct with dtype=float64>
      jac: array([ 6.23003871e-03, -1.78260962e-02, -1.56433089e-02,  1.59161573e-03,
       -3.31965566e-03,  5.00222086e-04, -8.05064127e-05, -1.81098976e-02,
       -4.99841697e-03, -5.34003008e-03,  2.60279131e-03,  4.96739423e-04,
        3.45816712e-05, -1.05429634e-02,  1.22046314e-02,  9.55654439e-03,
        1.31181925e-03, -8.94306005e-03])
  message: b'CONVERGENCE: REL_REDUCTION_OF_F_<=_FACTR*EPSMCH'
     nfev: 71
      nit: 63
   status: 0
  success: True
        x: array([-0.74391809, -0.9455084 , -0.49789181,  0.5158217 , -2.07480899,
       -1.69518114, -1.48321781, -0.84636166, -0.07664759, -1.16377192,
       -4.39086976, -1.41474756, -0.92157833, -0.75502131, -1.53244057,
       -0.52391091, -2.00336041, -2.58074742])
