number of sites to be analyzed:  163
Successfully loaded parameter value from ./save/MG941279IGC2_Full_noforce_noclock.txt
log likelihood =  -3419.1682298134583
Edge derivatives =  [21.507915847236088, 28.55783223704131, 8.30558071542374, 11.990009116139687, 8.305580715423739, 7.253252779135814, -22.51987938186963, 9.75910847164317, 14.84256543404739, 2.134601357558078, -29.91168260670743]
other derivatives: [  117.35965018 -1485.71798491   235.71842576   -10.68847268
   109.86559573    -6.53481038]
Current x array =  [-0.85713676 -0.13909337 -1.42054691 -0.14352103 -4.73804817 -0.10326316
 -2.59814332 -2.80461667 -3.49866656 -2.68930473 -3.49866656 -1.92540417
 -1.13377083 -2.92403823 -2.37786824 -3.74111041  0.56159259]
log likelihood =  -3206.6004238895985
Edge derivatives =  [27.846776387244926, 28.537025529323426, 11.402268825976327, 14.82502599809759, 11.402268825976327, 11.063612706402203, -7.534927654836599, 14.708596003567054, 20.629277951946246, 4.193065824630867, -16.86658040313487]
other derivatives: [117.89506971 101.37241588 191.80934032  -3.54107215 109.95536286
 -17.49649527]
Current x array =  [-0.85659541 -1.13558635 -1.41962767 -0.15068995 -4.66435969 -0.10764615
 -2.58371764 -2.78546251 -3.49309589 -2.68126285 -3.49309589 -1.9205393
 -1.14887524 -2.91749265 -2.36791311 -3.73967871  0.54153038]
log likelihood =  -3162.684300879821
Edge derivatives =  [29.192584170984077, 28.854281428881396, 11.955205009746406, 16.07118770937182, 11.95520500974641, 12.794835270442672, -2.424390703675066, 15.7475019913822, 22.036357977301115, 4.543016137172754, -15.424468851237728]
other derivatives: [ 66.87282621  91.44628166 169.3986178    5.12177394 108.62954696
 -19.55736479]
Current x array =  [-0.78268561 -1.07531687 -1.29777386 -0.15278187 -4.59935496 -0.11799228
 -2.5672535  -2.76859166 -3.4863543  -2.67249781 -3.4863543  -1.91399777
 -1.15332663 -2.90879599 -2.35571601 -3.73719936  0.53156178]
log likelihood =  -3231.1386819867544
Edge derivatives =  [33.34943569111695, 26.289759346740322, 13.158615838413542, 19.057072126784824, 13.15861583841355, 10.32541049650855, 12.810076034333191, 20.955772436377853, 19.914037669428357, 6.382889064486737, -33.3807134461234]
other derivatives: [ -196.63680177  -111.62196643 -1908.67299352    52.87611202
    73.69912964   -25.63742783]
Current x array =  [-0.5966253  -0.51942471 -0.11446837 -0.05576387 -3.80073475 -0.27709803
 -2.34123    -2.55188595 -3.39379667 -2.54459124 -3.39379667 -1.80717184
 -1.13696492 -2.78478706 -2.18246227 -3.70110297  0.42626917]
log likelihood =  -3022.1639020785597
Edge derivatives =  [32.50319093797569, 28.9761982195375, 13.262447760486541, 19.670489943131983, 13.262447760486546, 15.91249649152776, 11.521580812318097, 18.999617803730462, 24.73730713391874, 5.402431276554022, -8.003959644591262]
other derivatives: [-19.49338184  21.80008778  -0.62300387  28.21402632  97.00788723
 -25.32324288]
Current x array =  [-0.6861887  -0.78701316 -0.68407326 -0.10246519 -4.18516462 -0.20050968
 -2.45003039 -2.65620105 -3.43835091 -2.60616131 -3.43835091 -1.85859438
 -1.14484092 -2.84448094 -2.265861   -3.7184786   0.47695362]
log likelihood =  -2970.138472159885
Edge derivatives =  [30.309896616998795, 27.231188301508322, 12.446069750431695, 18.775835045743577, 12.446069750431707, 12.175509495993378, 10.188236235079334, 18.59704140176908, 21.244578520739303, 4.735797658258012, -26.840996379668958]
other derivatives: [ -89.00942703  -73.86033758 -210.53506316   32.42039384   65.61367627
  -24.65603757]
Current x array =  [-0.64622671 -0.58874647 -0.42220926  0.03098156 -3.58499871 -0.3436877
 -2.25982673 -2.48219146 -3.360695   -2.49343509 -3.360695   -1.76813354
 -1.09759862 -2.73524629 -2.12158897 -3.68737537  0.41767785]
log likelihood =  -2893.549659962602
Edge derivatives =  [23.57965954415493, 24.71578612141551, 10.39792394911741, 15.33491335150239, 10.397923949117422, 6.579021078321853, 0.07505078567437415, 15.01347635970223, 14.958356788289434, 2.6750692747850024, -62.550995447375904]
other derivatives: [ -81.28899935 -143.83022062  -48.43145689   19.10566425   16.16190275
  -22.51149454]
Current x array =  [-0.65713652 -0.52207742 -0.56609059  0.202052   -2.89630496 -0.52068024
 -2.02726279 -2.2694203  -3.26567432 -2.35458302 -3.26567432 -1.66336376
 -1.04132972 -2.59969441 -1.94899324 -3.6498686   0.31828444]
log likelihood =  -2838.668136836794
Edge derivatives =  [15.087253163598481, 20.519983501155963, 8.56967551342881, 11.726069831765694, 8.569675513428832, 0.23415071774199148, -8.716073594329242, 11.851055081449852, 7.472608782376335, 0.6596670432766639, -80.40327600532407]
other derivatives: [ 32.64117368 -85.77681001  14.9729658    6.40188773 -34.25689101
 -21.95329216]
Current x array =  [-0.7812041  -0.60174277 -0.65198232  0.39420816 -2.21744496 -0.74339977
 -1.7512035  -2.00686491 -3.1505308  -2.18694565 -3.1505308  -1.55061596
 -0.99631752 -2.43578883 -1.75078651 -3.60860902  0.05617011]
log likelihood =  -2806.600681164309
Edge derivatives =  [6.973808138863515, 16.817181359935763, 7.066371138701241, 8.443931690692867, 7.066371138701257, -3.861160747110562, -12.527381076744238, 8.963623902284771, 1.3080504764417877, -0.4270599971843791, -49.987338410512855]
other derivatives: [ 22.20749593 -20.36686055  50.22238838  -5.50830919 -46.71446732
 -15.35740921]
Current x array =  [-0.75863904 -0.71378777 -0.73093968  0.52921052 -1.96605619 -0.93294542
 -1.55816495 -1.80650328 -3.06247502 -2.06069169 -3.06247502 -1.48758971
 -0.98871154 -2.31103089 -1.62140074 -3.58410329 -0.31124938]
log likelihood =  -2784.3734699512875
Edge derivatives =  [3.64157264164726, 15.017977499443607, 6.619659592447193, 8.021379395206578, 6.619659592447208, -2.303841385054029, -5.8544607559526485, 8.052442967346085, 0.6302223930066102, -0.12468025897335264, -8.752188638815444]
other derivatives: [ 37.47159099  12.9561613   45.81938811 -12.60536919 -21.0539838
  -8.77348612]
Current x array =  [-0.76623748 -0.78783305 -0.72632077  0.54582601 -2.13015371 -1.0676611
 -1.46512316 -1.65712366 -2.99758035 -1.97699703 -2.99758035 -1.49017197
 -1.04684567 -2.22431097 -1.57749932 -3.57847943 -0.63529951]
log likelihood =  -2773.3821646887513
Edge derivatives =  [-0.30512339970065083, 12.231100885392273, 5.824147689316249, 6.707513917900161, 5.824147689316258, -1.4185491205315548, -0.9922769484448708, 6.4930692509503745, -0.4159430768110358, 0.03353631247344339, 10.845212697215054]
other derivatives: [-19.79756235  14.91748662  18.68706931  -6.15063982 -10.28192855
  -5.12077349]
Current x array =  [-0.70247752 -0.79258574 -0.67707925  0.4940216  -2.25859698 -1.20116062
 -1.37517975 -1.46394746 -2.91171119 -1.86642286 -2.91171119 -1.49279933
 -1.08778083 -2.11334842 -1.53470641 -3.5718493  -0.80578872]
log likelihood =  -2768.962775772407
Edge derivatives =  [-1.7337584592959365, 10.26740104876902, 5.4472286102126475, 6.200304767888372, 5.447228610212658, -0.062800162386864, 3.1729870012402457, 5.799756039478627, -0.08514523771238475, 0.15197932253545876, 17.908294417079173]
other derivatives: [-11.48205229   9.3161816  -13.50113052  -0.66529537   0.54592419
  -3.92933543]
Current x array =  [-0.71484718 -0.7763872  -0.61803706  0.43188419 -2.38738713 -1.28455068
 -1.33642632 -1.32079901 -2.8468541  -1.78660035 -2.8468541  -1.50431
 -1.11771667 -2.03386157 -1.52004385 -3.56955399 -0.85048621]
log likelihood =  -2765.886031858877
Edge derivatives =  [-4.048723044598887, 7.518812145101267, 4.721889651734241, 4.652643134144267, 4.721889651734247, 0.0703481039692272, 4.28318746978603, 4.275695002885845, -0.889993643180425, -0.058915100005776155, 17.644467148577533]
other derivatives: [-10.54604581   1.85309545 -24.16968528   2.80260792   2.29019861
  -3.36367521]
Current x array =  [-0.71932638 -0.75944394 -0.59699085  0.39815875 -2.43335816 -1.36710113
 -1.303777   -1.17311032 -2.7768985  -1.70125877 -2.7768985  -1.50585703
 -1.12296248 -1.95067272 -1.5001776  -3.56555788 -0.83151388]
log likelihood =  -2760.469147219585
Edge derivatives =  [-7.257663327511198, 0.2849714379661963, 2.929483597755646, 0.471514361920206, 2.929483597755651, 0.2810329112485344, 4.7769923706553, 0.3934178630709475, -2.0574798960285783, -0.7952764753553364, 7.359655393581043]
other derivatives: [ -4.63974175  -7.372455   -14.00599103   5.62945388   6.44304237
  -3.022069  ]
Current x array =  [-0.72993955 -0.74773933 -0.59433351  0.3580305  -2.54288473 -1.553138
 -1.29791474 -0.84435766 -2.60770073 -1.5115378  -2.60770073 -1.51439778
 -1.10603565 -1.76765909 -1.48197761 -3.56209786 -0.6807737 ]
log likelihood =  -2758.335453043598
Edge derivatives =  [-5.794850458788766, -2.311416096695421, 2.209689761161605, -1.2064179466962617, 2.209689761161608, -0.17892123177025931, 2.7137064814236322, -0.5621982661953275, -0.9971341429553584, -0.9500553806720985, -1.0129078846687887]
other derivatives: [  4.04033926   3.80086931 -16.09369065   3.25208021   2.82598194
  -3.30110197]
Current x array =  [-0.74081181 -0.77983274 -0.58298287  0.3913748  -2.53152067 -1.66488182
 -1.40463981 -0.73579248 -2.50838052 -1.44704383 -2.50838052 -1.52096224
 -1.05021195 -1.70473527 -1.51211574 -3.57593123 -0.57215268]
log likelihood =  -2757.154064300831
Edge derivatives =  [-4.525192974987075, -3.7872720507446425, 1.1522453770859475, -2.7352397202086745, 1.1522453770859509, -1.1112730456984181, -1.62424323761236, -1.962410465960112, -0.6200396995103102, -1.0731407096000039, -4.0377023971338355]
other derivatives: [11.25063136 -3.95421011 14.78147169 -2.96167855 -1.83263182 -2.92875484]
Current x array =  [-0.74658741 -0.76240965 -0.61894025  0.45442592 -2.47611065 -1.78443189
 -1.53747687 -0.69138656 -2.41623883 -1.41919552 -2.41623883 -1.52466355
 -0.9848659  -1.67057661 -1.54032181 -3.59630147 -0.55291219]
log likelihood =  -2756.5405239637244
Edge derivatives =  [-2.6341447402017044, -1.9468536205117155, 1.3896563297016538, -1.7354014472911017, 1.3896563297016555, -0.8190867064830746, -2.1643935154390515, -0.9009200377570424, 0.7632072085657895, -0.9434110298780091, -4.884934802081216]
other derivatives: [ 2.61225068  2.04977368  9.61304067 -3.35944605 -0.55524652 -3.05299181]
Current x array =  [-0.73566501 -0.7766585  -0.6138351   0.46225484 -2.48293515 -1.79449662
 -1.61383975 -0.73777864 -2.40840313 -1.44712573 -2.40840313 -1.53421076
 -0.96768812 -1.69436756 -1.56800719 -3.60867426 -0.53939795]
log likelihood =  -2755.99311482232
Edge derivatives =  [-1.019654834271793, -0.9066276529117201, 1.2415274079390186, -1.174761877936271, 1.2415274079390222, -0.6616235799685136, -2.7807878327206663, -0.3971197187623634, 1.6047303723832511, -0.76077363289121, -2.3478660975991033]
other derivatives: [-2.60570232  3.03275556 -1.17884156 -3.44475666 -1.77919901 -2.77641448]
Current x array =  [-0.73039433 -0.77779496 -0.60143401  0.47118543 -2.46381494 -1.8522235
 -1.70529462 -0.76335841 -2.37095841 -1.46481227 -2.37095841 -1.54345995
 -0.95046612 -1.70333635 -1.58535063 -3.62631694 -0.56442071]
log likelihood =  -2755.5725821933893
Edge derivatives =  [0.41467542267920376, -0.4288598034784338, 0.8133135412970852, -0.746822531295309, 0.8133135412970866, -0.05016110631392458, -2.47820235196501, -0.2748676976189954, 2.253925053589256, -0.6013284100265739, 1.2183259529936366]
other derivatives: [-3.30960575  3.42083695 -2.66122697 -2.74467311  0.61349965 -2.28292265]
Current x array =  [-0.72949174 -0.77755036 -0.60065926  0.45984754 -2.4807898  -1.94022485
 -1.80472036 -0.76620343 -2.31288671 -1.4723357  -2.31288671 -1.55867424
 -0.94555138 -1.6991414  -1.59813585 -3.64791093 -0.59661442]
log likelihood =  -2755.3313944140164
Edge derivatives =  [1.5420127505245287, -0.2993307252215974, -0.2044914582294936, -0.45372960896976566, -0.20449145822949422, 0.5657564798719876, -1.190247790087643, -0.5749988414598066, 1.721852007571001, -0.5774933259927366, -1.05964179284303]
other derivatives: [-4.28399289 -7.92374522 -9.91976776  0.97302291 -2.50738594 -1.77296897]
Current x array =  [-0.73226364 -0.75100797 -0.59224603  0.42730857 -2.45828835 -2.08616557
 -1.92043061 -0.76677389 -2.22605199 -1.48530033 -2.22605199 -1.57148412
 -0.96415799 -1.69416447 -1.57885305 -3.68197719 -0.57326603]
log likelihood =  -2755.088575468456
Edge derivatives =  [1.372300317283895, -0.3140476567413171, -0.36184854718152076, -0.4033375214665864, -0.3618485471815212, 0.9206383307121392, 0.02872708326639147, -0.7122790346738301, 1.215375121828645, -0.5281027825009301, 1.1462727621443924]
other derivatives: [ 3.5712219   0.48826223 -0.89676178  1.3430963  -0.41068233 -1.53645487]
Current x array =  [-0.73976867 -0.77024054 -0.60474809  0.41201801 -2.4726722  -2.11910667
 -1.91512452 -0.76476233 -2.21506128 -1.48817003 -2.21506128 -1.57102
 -0.98469227 -1.69409988 -1.56004085 -3.68881876 -0.59292367]
log likelihood =  -2755.035907563256
Edge derivatives =  [0.9214831506697899, -0.4788640365253907, -0.3377296927476739, -0.5453506875797898, -0.33772969274767567, 0.8434487753415737, 0.3817231403716257, -0.8597767485720188, 0.7555872218918742, -0.564046275294701, 0.6878970451985085]
other derivatives: [-0.18003448  0.43714863  1.61994649  1.53886504 -0.45756678 -1.5099431 ]
Current x array =  [-0.7354382  -0.77061536 -0.60849755  0.41021613 -2.47386309 -2.11480242
 -1.8877055  -0.7624591  -2.22397735 -1.48759981 -2.22397735 -1.56581586
 -0.9938966  -1.69541097 -1.54713063 -3.68724353 -0.58928372]
log likelihood =  -2754.978461051667
Edge derivatives =  [0.5205312500427506, -0.22511221059321396, -0.2755381372149781, -0.4330692348161322, -0.27553813721497583, 0.7545174562954352, 0.9478688032104479, -0.792413025548694, 0.15284426643316362, -0.5716568982485174, -0.06950039789144824]
other derivatives: [ 0.50877134 -0.09345058  2.81388566  1.38552423 -0.78007361 -1.44809746]
Current x array =  [-0.73614333 -0.76951115 -0.61033129  0.41119601 -2.46992174 -2.12179808
 -1.86204799 -0.77255711 -2.23355283 -1.4964984  -2.23355283 -1.5575362
 -1.00687325 -1.70567503 -1.52686484 -3.6905096  -0.58210255]
log likelihood =  -2754.871031787593
Edge derivatives =  [-0.15079793936742836, -0.8307092806604897, -0.6890297644533104, -0.5621335865794459, -0.6890297644533113, 0.2446465888261056, 1.2574648743289654, -0.9510489303430048, -1.1282764112671004, -0.5239450523508875, -0.15390694424395346]
other derivatives: [-4.99112502  0.34215191  2.80324457 -0.21750566 -0.75833668 -1.08502718]
Current x array =  [-0.72972711 -0.77215022 -0.60807936  0.43142679 -2.47612107 -2.22370721
 -1.84288103 -0.75302181 -2.20769964 -1.49738652 -2.20769964 -1.53481197
 -1.01107489 -1.71012302 -1.48368773 -3.71407401 -0.57544404]
log likelihood =  -2754.7772960843367
Edge derivatives =  [-0.00804118702839407, -0.01459107498957618, -0.6014514343660753, -0.00552606695332758, -0.6014514343660782, 0.08400581495346775, 1.2511661338584559, -0.333290037169103, -1.140648476052118, -0.43203419918497926, -0.4211600742446292]
other derivatives: [-0.3902187  -0.51663847  0.84069143 -0.89066816  0.37225618 -0.95042196]
Current x array =  [-0.73453579 -0.76986005 -0.60480326  0.4356469  -2.48481189 -2.27260279
 -1.84772312 -0.77322416 -2.20634098 -1.51634202 -2.20634098 -1.52430492
 -1.00776633 -1.73168695 -1.47253834 -3.73185059 -0.56840776]
log likelihood =  -2754.7299182995757
Edge derivatives =  [0.2802930528011749, 0.37631532038434046, -0.6657625152307992, 0.2917678862685372, -0.6657625152308019, -0.09746401486694835, 0.6780932601787246, 0.08806504626824185, -0.8667868102020666, -0.34440825743783154, -0.21959759352769503]
other derivatives: [ 0.75197022 -0.25993359 -0.6472419  -1.06074367  0.7116796  -0.8245479 ]
Current x array =  [-0.73579969 -0.77041448 -0.6025167   0.43715835 -2.48787357 -2.32795256
 -1.86864184 -0.7816378  -2.19550578 -1.52670152 -2.19550578 -1.51830447
 -0.9948197  -1.7439297  -1.47289279 -3.74943065 -0.56750753]
log likelihood =  -2754.678709090998
Edge derivatives =  [0.13844354057362507, 0.41386412284369717, -0.617162160412619, 0.3695977024291034, -0.6171621604126206, -0.38060384686615367, 0.034661667955344255, 0.4695309270867298, -0.627707132232998, -0.2545539133574796, 0.21048970768662578]
other derivatives: [ 0.96806616  0.37239261 -2.51161509 -0.33001015  0.5622951  -0.66224857]
Current x array =  [-0.73652567 -0.77190158 -0.60017888  0.43015245 -2.48856377 -2.38683931
 -1.86480134 -0.78148505 -2.19775821 -1.53171353 -2.19775821 -1.50987491
 -0.98221835 -1.75417539 -1.47313134 -3.76810132 -0.56960857]
log likelihood =  -2754.6431223644213
Edge derivatives =  [-0.03853992052423094, 0.38843206821480813, -0.6859903932923154, 0.35620224604615197, -0.6859903932923164, -0.7819886965056915, -1.445362837630793, 0.8041638865948701, -0.22244607735135358, -0.15167343786899426, 0.39189024012774865]
other derivatives: [ 0.64874257 -1.21372068  2.42116585 -0.08035386 -0.45392881 -0.41427484]
Current x array =  [-0.73623406 -0.76798585 -0.60721033  0.42696011 -2.47816309 -2.49273199
 -1.87285383 -0.78160429 -2.19909154 -1.53893187 -2.19909154 -1.50118058
 -0.96030524 -1.76624421 -1.47970227 -3.80124038 -0.57310106]
log likelihood =  -2754.612064461402
Edge derivatives =  [-0.324751476489221, 0.14351722091901162, -0.5239846049933966, 0.26265383498188266, -0.5239846049934, -0.7301573149929076, -1.1141811019579122, 0.8304934050898458, -0.1549049713760814, -0.13032743811682423, 0.698689705343615]
other derivatives: [-0.4976755   0.79244273 -0.47111826  0.56534191 -0.63819243 -0.36288839]
Current x array =  [-0.73536419 -0.77282302 -0.60365709  0.42196476 -2.47845287 -2.50406575
 -1.85427051 -0.77438782 -2.21157209 -1.53444129 -2.21157209 -1.50143687
 -0.96438026 -1.76276495 -1.4804451  -3.8047986  -0.57451508]
log likelihood =  -2754.588103049407
Edge derivatives =  [-0.4594387314755872, -0.11502335868869158, -0.47159236170413227, 0.16408589593182518, -0.47159236170413316, -0.5626174948338143, -0.6929780808733264, 0.7057497633200097, -0.13371642912398918, -0.13574246126943168, 0.5825814989476411]
other derivatives: [-0.51882125  0.92045411 -1.0176791   0.7343715  -0.63814696 -0.32418939]
Current x array =  [-0.73550695 -0.77318991 -0.6028633   0.42041086 -2.47936645 -2.51904602
 -1.84839887 -0.76624841 -2.21709348 -1.5291009  -2.21709348 -1.50504257
 -0.97055126 -1.7553551  -1.48173588 -3.80860284 -0.57243343]
log likelihood =  -2754.5232667931077
Edge derivatives =  [-0.3796984312005769, -0.23075019857130458, -0.19218253464969898, 0.20203406977144833, -0.1921825346496989, 0.12381465848048327, 0.3072763796930595, 0.5313041942192667, 0.42103277919532317, -0.09174276575328111, 0.06695306890193131]
other derivatives: [-2.94653546  1.60584932 -1.36537892  0.64983396 -0.15843398 -0.13333192]
Current x array =  [-0.73270231 -0.77485176 -0.60275519  0.42176457 -2.48323732 -2.63446412
 -1.86188197 -0.75821261 -2.23943099 -1.5223467  -2.23943099 -1.52024772
 -0.98258897 -1.73537853 -1.49499485 -3.84465397 -0.5631257 ]
log likelihood =  -2754.5133811267933
Edge derivatives =  [-0.41498930259247824, -0.7428712480021942, -0.15129561503932598, -0.0009660147236195682, -0.1512956150393238, 0.29677159110783197, 0.519724309365397, 0.12159811952845018, 0.3691490940291378, -0.0611761096469012, 0.21449170262705664]
other derivatives: [ 4.51391315  1.43427314  1.3000772  -0.44810804  0.84764906 -0.01218723]
Current x array =  [-0.7405975  -0.77443088 -0.6043063   0.42795562 -2.49273844 -2.76244652
 -1.87351679 -0.73741319 -2.24466344 -1.50913418 -2.24466344 -1.52263534
 -0.98206095 -1.71254058 -1.4922811  -3.88127222 -0.55938851]
log likelihood =  -2754.488481013159
Edge derivatives =  [-0.3141285734139099, -0.38375290851873256, -0.11057801860212951, 0.1625939921823357, -0.11057801860212778, 0.25457237931230653, 0.317132233159069, 0.3071827320046924, 0.4860074888396311, -0.04236380144174358, -0.07764910215732412]
other derivatives: [ 0.42127795  0.06280061  0.24519977 -0.12564669  0.35706762  0.00077307]
Current x array =  [-0.73622225 -0.77110981 -0.60381668  0.42730756 -2.48777197 -2.77376265
 -1.87934839 -0.74878052 -2.24769733 -1.51671226 -2.24769733 -1.52180836
 -0.97957697 -1.72016082 -1.49404845 -3.8866169  -0.55781123]
log likelihood =  -2754.4844203242524
Edge derivatives =  [-0.23714665545823, -0.2653480432342372, -0.10276112165973869, 0.20474333627710253, -0.10276112165974036, 0.2058129426723843, 0.13905747775992047, 0.32668814190764445, 0.4897617012226246, -0.027392078040716413, -0.10506299527458562]
other derivatives: [-0.22087079 -0.27234819  0.14265424 -0.19458639  0.24651854  0.01623448]
Current x array =  [-0.73551534 -0.77032095 -0.60373202  0.42852725 -2.48660972 -2.79908038
 -1.88592206 -0.75172653 -2.24816779 -1.51835657 -2.24816779 -1.52057717
 -0.97641389 -1.7204715  -1.49321577 -3.89479387 -0.55730212]
log likelihood =  -2754.4791872654187
Edge derivatives =  [-0.13402780083588017, -0.12879405593482524, -0.08555639201708731, 0.19610932590768712, -0.08555639201708556, 0.1410842237082892, -0.03255638097727652, 0.24028048701956922, 0.37561187759332215, -0.017302712166695704, -0.10909495628870303]
other derivatives: [-0.36225174 -0.23455868  0.06702976 -0.22628228  0.05438778  0.02910383]
Current x array =  [-0.73540818 -0.77046105 -0.60360256  0.42924546 -2.48487645 -2.83101978
 -1.89475879 -0.75497041 -2.24977338 -1.51784199 -2.24977338 -1.51893028
 -0.97335252 -1.71700132 -1.48964246 -3.90500307 -0.55675771]
log likelihood =  -2754.476083811707
Edge derivatives =  [-0.04747095267058943, -0.044353907652965485, -0.05465410320978897, -0.007637061917643795, -0.05465410320979046, 0.05263859886659219, 0.018947401268806372, -0.1514118033127595, -0.07718929838942928, -0.03334184492747933, 0.08345012888337078]
other derivatives: [-0.59153535 -0.97038537  0.01427907  0.10440999  0.20736479  0.03074092]
Current x array =  [-0.73539189 -0.76882634 -0.60339696  0.42554208 -2.48783073 -2.85997
 -1.90341954 -0.75575045 -2.25445955 -1.50906376 -2.25445955 -1.51589358
 -0.97416262 -1.70392584 -1.47867762 -3.91429825 -0.55785507]
log likelihood =  -2754.480101951217
Edge derivatives =  [0.06094445528788062, 0.3851338778371556, 0.03183494884447105, 0.06515492803600173, 0.03183494884447034, -0.0015213459323790467, -0.009774923338165997, -0.007745114343045978, -0.09176827762593387, -0.03152550264588532, -0.029430020751614272]
other derivatives: [ 0.28485374  1.39671101  0.0518412   0.46729838 -0.28803697  0.00331966]
Current x array =  [-0.73636483 -0.77433977 -0.60420925  0.4218095  -2.48148757 -2.82948818
 -1.9048057  -0.76980669 -2.25980252 -1.51303088 -2.25980252 -1.51423636
 -0.97530473 -1.71033141 -1.477696   -3.90773671 -0.55774723]
log likelihood =  -2754.4743422454126
Edge derivatives =  [-0.009235406751263886, 0.10836085640614633, -0.02396368688223193, 0.01825958981973988, -0.023963686882233135, 0.03362172881472801, 0.008965628023207321, -0.10024881863784174, -0.08209742778960938, -0.032676089652895576, 0.04385909536109789]
other derivatives: [-0.27994247 -0.12655619  0.02751221  0.23287612  0.03215064  0.0212367 ]
Current x array =  [-0.73573676 -0.77078068 -0.60368489  0.424219   -2.48558228 -2.84916514
 -1.90391089 -0.76073295 -2.25635347 -1.51046998 -2.25635347 -1.51530615
 -0.97456746 -1.70619641 -1.47832967 -3.91197239 -0.55781684]
log likelihood =  -2754.4737886583252
Edge derivatives =  [-0.03150361567582016, 0.048677758180245445, -0.03178496551213682, 0.04567547178617079, -0.03178496551213489, 0.0474909069888267, 0.00545326105885428, -0.025805729832606705, 0.014739161846108684, -0.029044573411792698, 0.00980340364271337]
other derivatives: [ 0.05629772 -0.00536602 -0.0689397   0.08712959  0.0127784   0.0208729 ]
Current x array =  [-0.73605107 -0.77104501 -0.603475    0.42574959 -2.4851378  -2.84445125
 -1.9021054  -0.75916223 -2.25524925 -1.51149917 -2.25524925 -1.51582236
 -0.97437372 -1.70840495 -1.4806633  -3.91041519 -0.55748048]
log likelihood =  -2754.4737083782557
Edge derivatives =  [-0.041995186204888624, 0.023314869062727825, -0.03360114104729117, 0.030159820513341845, -0.033601141047292865, 0.033309330917633315, -0.009560046445164314, -0.02730237327807694, 0.009932528464616841, -0.029372933965630156, 0.004011514794032278]
other derivatives: [-0.03960849  0.08940333  0.17671482  0.02901288  0.00818545  0.02055458]
Current x array =  [-0.73589735 -0.77129035 -0.6037807   0.42632615 -2.48506981 -2.8439955
 -1.90179434 -0.75845819 -2.2554033  -1.51107048 -2.2554033  -1.5154392
 -0.9743054  -1.70856926 -1.48056009 -3.91044674 -0.55747655]
log likelihood =  -2754.4736197243183
Edge derivatives =  [-0.04045609613702461, 0.017977886417876426, -0.029325617126018985, 0.020964230544965823, -0.02932561712601701, 0.021886572295191243, -0.006778871162425981, -0.026460732524933583, 0.0024247109897920227, -0.029073361149895127, 0.00858746585024861]
other derivatives: [-0.00709406  0.10077201  0.06493792  0.0093678  -0.00181899  0.01919034]
Current x array =  [-0.73593472 -0.77131357 -0.60361732  0.42659367 -2.48499707 -2.8433156
 -1.90184061 -0.75824066 -2.25573874 -1.51065728 -2.25573874 -1.51509391
 -0.97437144 -1.708607   -1.48030585 -3.91047095 -0.55748738]
log likelihood =  -2754.4734781614934
Edge derivatives =  [-0.0345124302699078, 0.018593854851669395, -0.01564662232132756, -0.0022157836259268093, -0.01564662232132788, -0.0068435481887387664, 0.0008655618288691026, -0.02112091584739445, -0.016378555218212187, -0.02920737837610368, 0.0010849191097185296]
other derivatives: [ 0.04370122  0.04592948 -0.05625225 -0.02337401 -0.02710294  0.01482476]
Current x array =  [-0.73598649 -0.77115858 -0.60346634  0.42701914 -2.48470415 -2.8399982
 -1.90203808 -0.7581766  -2.25696974 -1.50972252 -2.25696974 -1.51420164
 -0.97473682 -1.70903858 -1.47971519 -3.91028297 -0.55748236]
log likelihood =  -2754.473415664397
Edge derivatives =  [-0.02774680712235722, 0.021290875635780998, -0.00712575522677987, -0.008851461268216482, -0.007125755226781907, -0.018190452616247826, 0.0029718282619286412, -0.008240649898531072, -0.01629315099932499, -0.0288538654787071, -0.0036130557508118333]
other derivatives: [ 0.03974492 -0.00318323 -0.04556568 -0.0257387  -0.02273737  0.01200533]
Current x array =  [-0.73597193 -0.77101733 -0.60351743  0.4270297  -2.48466417 -2.83718959
 -1.90227909 -0.75821549 -2.25770217 -1.50944729 -2.25770217 -1.51381513
 -0.97494457 -1.70966881 -1.479629   -3.91012224 -0.55752995]
log likelihood =  -2754.4733822683957
Edge derivatives =  [-0.01041370200061098, 0.005175844495314816, 0.0060792983572686005, -0.013344817060208902, 0.006079298357268972, -0.022092228393425197, 0.01221594083804297, 0.011918429105426454, -0.005886375138025202, -0.026880358502415096, 0.0119449866378869]
other derivatives: [-0.18662831  0.038699   -0.16184458  0.00090949  0.00600267  0.00804903]
Current x array =  [-0.73571418 -0.77109427 -0.60343395  0.42684625 -2.48496495 -2.83378854
 -1.90306467 -0.75756878 -2.25865258 -1.50903903 -2.25865258 -1.51360043
 -0.97515443 -1.71036607 -1.47970668 -3.91049983 -0.55769203]
log likelihood =  -2754.473335390651
Edge derivatives =  [-0.0013851652320169272, 0.008835149805069706, 0.008970192968851362, -0.010556179939498811, 0.008970192968849596, -0.021701746537199505, 0.0015890625327967221, 0.016693834242623606, -0.0027102171663022645, -0.026067654590738773, 0.01013674375421092]
other derivatives: [ 0.013506   -0.01386979 -0.00536602 -0.00577529  0.02751221  0.00759428]
Current x array =  [-0.73592044 -0.7709456  -0.60364566  0.42672437 -2.48504316 -2.83409054
 -1.90370037 -0.75760645 -2.25890485 -1.50911194 -2.25890485 -1.51358383
 -0.97504172 -1.7105727  -1.47973419 -3.91106396 -0.55771064]
log likelihood =  -2754.473324759042
Edge derivatives =  [-0.00021951563670641328, 0.007109869204027258, 0.006701328067183966, -0.004939994856617558, 0.00670132806718313, -0.015447479417451998, -0.0025433567850883416, 0.016423548039001257, 0.002542515501036624, -0.025642054577670468, 0.009127666061247819]
other derivatives: [ 0.00745786 -0.00372893  0.00309228 -0.00190994  0.0262844   0.00854925]
Current x array =  [-0.73591605 -0.77097337 -0.60365399  0.42668516 -2.48504132 -2.83513222
 -1.90384086 -0.75755806 -2.25868109 -1.50931514 -2.25868109 -1.5137886
 -0.9749122  -1.71047799 -1.47987614 -3.91134827 -0.55767758]
log likelihood =  -2754.4732910035427
Edge derivatives =  [0.011023364030108507, -0.018483092459494005, 0.0076185411843349565, -0.003291744861598722, 0.007618541184335581, -0.0003289767446172922, 0.0011696792576231865, 0.009003626181063651, 0.001002385846052667, -0.02458706510085753, 0.0011106552627367927]
other derivatives: [ 0.00677574  0.02419256 -0.00172804  0.0210548   0.0043201   0.00782165]
Current x array =  [-0.73592856 -0.77103627 -0.60366334  0.42647799 -2.48488001 -2.83548645
 -1.90471075 -0.75675963 -2.25878403 -1.5092477  -2.25878403 -1.51426474
 -0.97492831 -1.71006486 -1.47988166 -3.91287678 -0.55757907]
log likelihood =  -2754.4732767620453
Edge derivatives =  [0.01636866612266119, -0.008864985076301776, 0.004775937978868796, 0.00895400970219734, 0.004775937978868154, 0.011843017805833321, -0.00635896349971158, 0.008748874214886682, 0.006171045600826874, -0.023881907901488784, -0.03289979539202792]
other derivatives: [-0.07662493 -0.05120455  0.03656169  0.0088221  -0.0561613   0.00745786]
Current x array =  [-0.73583803 -0.77085126 -0.60374464  0.42671552 -2.48418649 -2.83443443
 -1.90501838 -0.75722076 -2.25861113 -1.50981719 -2.25861113 -1.51476882
 -0.97487987 -1.71005578 -1.48016115 -3.91420501 -0.55738265]
log likelihood =  -2754.4732461827607
Edge derivatives =  [0.019766196341801212, -0.008210193996292456, 0.007834377337836172, 0.006050319645152763, 0.00783437733783567, 0.011212752834957485, 0.0015700171787365255, 0.006081006296208558, 0.0005744972260496306, -0.023398435642605867, -0.015424089214356451]
other derivatives: [-0.02219167  0.0086402   0.00982254  0.00472937 -0.03788045  0.00654836]
Current x array =  [-0.73589156 -0.77098863 -0.60370518  0.42671782 -2.4843476  -2.83376798
 -1.9051042  -0.75717728 -2.25879391 -1.50961326 -2.25879391 -1.51470763
 -0.97498319 -1.70990044 -1.47999127 -3.91458462 -0.55750187]
log likelihood =  -2754.4732147752984
Edge derivatives =  [0.024455946456251043, -0.004411244845255721, 0.011102528048632068, 0.004033726058254444, 0.011102528048635017, 0.012237216871558518, 0.011419726485531696, 0.0016630284518516225, -0.00661634563259611, -0.022508412568342757, 0.00486160233311117]
other derivatives: [ 0.01155058  0.04401954 -0.01186891 -0.00818545 -0.01687113  0.00509317]
Current x array =  [-0.73591643 -0.77106295 -0.60367641  0.42681552 -2.48449747 -2.83205077
 -1.90517688 -0.75724549 -2.25899402 -1.5094336  -2.25899402 -1.51471616
 -0.97513383 -1.70966444 -1.47982228 -3.91559408 -0.55766833]
log likelihood =  -2754.47316954504
Edge derivatives =  [0.030539080555560094, 0.002399677420120802, 0.013094801934489794, 0.0056284835130110955, 0.01309480193448993, 0.018213461934419185, 0.021940965978124335, -0.005082730785060441, -0.012316129998203973, -0.020714206686323317, 0.02705010040488587]
other derivatives: [ 0.03642526  0.03992682 -0.05757101 -0.01928129  0.00777618  0.00309228]
Current x array =  [-0.73593469 -0.77103944 -0.60361628  0.42689813 -2.48467875 -2.82932186
 -1.90520704 -0.75742754 -2.25904355 -1.50937036 -2.25904355 -1.51491499
 -0.97526471 -1.70922019 -1.47975625 -3.91776368 -0.55784877]
log likelihood =  -2754.473105412758
Edge derivatives =  [0.033595566641475116, 0.012992671982668, 0.012643119965228572, 0.0006815323208553548, 0.012643119965226358, 0.021402760218910605, 0.02663800689656095, -0.0216952613052655, -0.024600121819491283, -0.01780367824187143, 0.043507087860089166]
other derivatives: [-0.01455192  0.08253664  0.03619789 -0.04483809  0.03274181 -0.00063665]
Current x array =  [-0.73584744 -0.77113818 -0.60374293  0.42710484 -2.4848471  -2.82366427
 -1.90490131 -0.75782864 -2.25900164 -1.50917115 -2.25900164 -1.51513009
 -0.97540436 -1.70833374 -1.47969483 -3.92234823 -0.5579996 ]
log likelihood =  -2754.4730480299627
Edge derivatives =  [0.03922321736456347, 0.03476537114023015, 0.007996997054665958, 0.012280058612189837, 0.007996997054667086, 0.03230376997694054, 0.020776639528014583, -0.029691701346299837, -0.017213545317034507, -0.011350733382996987, 0.04340035496177552]
other derivatives: [ 0.12728378  0.01136868 -0.16261765 -0.05252332  0.02305569 -0.004502  ]
Current x array =  [-0.73602233 -0.7709524  -0.6034512   0.42722142 -2.48474383 -2.8171393
 -1.90437034 -0.75863213 -2.25827251 -1.50955147 -2.25827251 -1.51574581
 -0.97516804 -1.70718222 -1.4802008  -3.92980216 -0.5578895 ]
log likelihood =  -2754.4729739012873
Edge derivatives =  [0.030192332531435273, 0.024883694945119425, 0.0040892571007150914, 0.004134531455479651, 0.004089257100716632, 0.023710956843371517, 0.007261678950552908, -0.029318138222813872, -0.013708888414557863, -0.011466328362359116, 0.026708177288082502]
other derivatives: [ 0.01882654 -0.01159606 -0.05161382 -0.03265086  0.02391971 -0.0041382 ]
Current x array =  [-0.73590487 -0.7709153  -0.60360058  0.42700676 -2.48486496 -2.81697256
 -1.90398213 -0.75839507 -2.25811993 -1.50940687 -2.25811993 -1.51553085
 -0.97503487 -1.70722337 -1.48033884 -3.93018363 -0.5577524 ]
log likelihood =  -2754.472924322742
Edge derivatives =  [0.016056405214280867, 0.013185624208840202, -0.003488643383862171, -0.0035471518801558077, -0.003488643383862528, 0.01272691341369082, -0.015573632201470119, -0.026078957230788513, -0.002488880767362256, -0.010288738238523498, -0.0049738299478082615]
other derivatives: [-0.04902176 -0.03306013  0.03337846 -0.00154614  0.00745786 -0.00368345]
Current x array =  [-0.73584596 -0.77088885 -0.60370298  0.42669619 -2.48488733 -2.81626024
 -1.90322418 -0.75817669 -2.2576373  -1.50936872 -2.2576373  -1.51532231
 -0.97473689 -1.70717146 -1.48072659 -3.93186746 -0.55743902]
log likelihood =  -2754.4729102330502
Edge derivatives =  [0.01057365662993548, 0.009562770948418453, -0.005279063004117322, -0.006238341532869424, -0.005279063004118612, 0.007548400633840484, -0.019154689072019743, -0.02194809089903249, 0.0019048117623884364, -0.009196372336878623, -0.013189428748334064]
other derivatives: [-0.02810339 -0.01582521  0.03319656  0.00636646 -0.00200089 -0.00386535]
Current x array =  [-0.73587477 -0.77093355 -0.60370016  0.42661764 -2.4848403  -2.81545095
 -1.90284524 -0.75812184 -2.25750365 -1.50935347 -2.25750365 -1.51519101
 -0.97471468 -1.70721775 -1.48085577 -3.93281861 -0.5573462 ]
log likelihood =  -2754.472897043611
Edge derivatives =  [0.0021883714379278274, -0.00019511884683091896, -0.006449598353698828, -0.009871759968229088, -0.0064495983537013225, -0.00017096351906005763, -0.012593903541049618, -0.012892788920651543, 0.007400042788885786, -0.00644076991177242, -0.010130512613867326]
other derivatives: [-7.17591320e-02 -4.54747351e-05 -5.52063284e-02  2.06455297e-02
 -7.59428076e-03 -4.18367563e-03]
Current x array =  [-0.73583733 -0.7709707  -0.60359134  0.42652702 -2.48486963 -2.81379656
 -1.90219488 -0.75787985 -2.2573891  -1.50929244 -2.2573891  -1.51493302
 -0.97486033 -1.70734017 -1.48097349 -3.93482029 -0.55733236]
log likelihood =  -2754.4728898522553
Edge derivatives =  [-0.002917534424427215, -0.006312519526172067, -0.006494013065517178, -0.01061173837117893, -0.0064940130655174, -0.0032885276594449156, -0.005705729137813344, -0.005560566394664568, 0.009525443001241862, -0.004989305693732363, -0.008376001162576197]
other derivatives: [ 0.08039933  0.00618456  0.0084583   0.00727596 -0.00604814 -0.00427463]
Current x array =  [-0.73599577 -0.7709709  -0.60367468  0.42656963 -2.4848056  -2.81293564
 -1.90186824 -0.75772865 -2.25742784 -1.50932807 -2.25742784 -1.51477407
 -0.97505976 -1.70758979 -1.48099596 -3.93573808 -0.55736453]
log likelihood =  -2754.472884583867
Edge derivatives =  [-0.00010426920156714203, -0.004481575767116275, -0.005313922433171185, -0.009190447252711592, -0.0053139224331706925, -0.0009246167093854927, -0.0027883506383263243, -0.0072354851595013425, 0.007075144002059164, -0.005466708787013497, -0.0026997283466045907]
other derivatives: [ 0.03010427  0.00427463 -0.01273293  0.00541149 -0.00195541 -0.00427463]
Current x array =  [-0.73593839 -0.77096622 -0.60365197  0.42661307 -2.4848368  -2.81334764
 -1.90205109 -0.75775375 -2.25750953 -1.50933286 -2.25750953 -1.51482766
 -0.97508304 -1.70757914 -1.48091509 -3.93524168 -0.55742137]
      fun: 2754.472884583867
 hess_inv: <17x17 LbfgsInvHessProduct with dtype=float64>
      jac: array([-0.03010427, -0.00427463,  0.01273293, -0.00541149,  0.00195541,
        0.00427463,  0.00010427,  0.00448158,  0.00531392,  0.00919045,
        0.00531392,  0.00092462,  0.00278835,  0.00723549, -0.00707514,
        0.00546671,  0.00269973])
  message: b'CONVERGENCE: REL_REDUCTION_OF_F_<=_FACTR*EPSMCH'
     nfev: 59
      nit: 56
   status: 0
  success: True
        x: array([-0.73593839, -0.77096622, -0.60365197,  0.42661307, -2.4848368 ,
       -2.81334764, -1.90205109, -0.75775375, -2.25750953, -1.50933286,
       -2.25750953, -1.51482766, -0.97508304, -1.70757914, -1.48091509,
       -3.93524168, -0.55742137])
