number of sites to be analyzed:  63
log likelihood =  638.3590633377937
Lr derivatives =  [29.297108527377038, -14.222541061907624, -10.315726598893017]
other derivatives =  [18.52927198  1.18570824  7.42755901 -5.91238631 55.72751434  0.82909537]
Current x_clock array =  [-0.64058485 -0.60848126 -0.55738115  0.74193734 -0.10536052 -0.51082562
 -0.51082562 -0.51082562 -0.51082562]
log likelihood =  598.1624898797501
Lr derivatives =  [-12.286479290256947, -31.053775732083146, -21.99275418806698]
other derivatives =  [-46.85859949  -0.45170054 -17.01741894  -0.65864469  41.37048109
   0.37207428]
Current x_clock array =  [-0.91992571 -0.62635658 -0.66935645  0.83107042 -0.94548913 -0.52332478
 -0.95249864 -0.50312459 -0.50312459]
log likelihood =  550.7508905257749
Lr derivatives =  [-26.196600971629202, -28.478075192950662, -15.665794776844495]
other derivatives =  [-27.17429197  -1.34260745 -14.19780347   5.48239996  18.8318495
   1.47858827]
Current x_clock array =  [-0.77325253 -0.64030841 -0.6267452   0.92731405 -2.17484522 -0.53938416
 -1.28691341 -0.23872809 -0.3137926 ]
log likelihood =  530.1485525505134
Lr derivatives =  [-5.808186902049163, -7.226619651968406, 6.517416295537259]
other derivatives =  [-56.86989653   9.91943807  -6.24976337   4.762137     5.67326879
   4.22938911]
Current x_clock array =  [-0.9941972  -0.60919135 -0.48189225  0.76328555 -3.67457129 -0.63579883
 -0.9417427   0.          0.        ]
log likelihood =  515.7724097099103
Lr derivatives =  [-5.16544360074676, -6.6105035270979045, 0.9392203984708818]
other derivatives =  [14.53603318 -8.61722356  3.62206265  2.80392669  2.04004209  3.63552317]
Current x_clock array =  [-0.6268038  -0.7691     -0.47490019  0.61714915 -4.4764727  -0.75906251
 -0.89571242  0.         -0.05682855]
log likelihood =  514.3716838437135
Lr derivatives =  [-0.5272888228888317, -3.9492861896212554, 1.6982324201091674]
other derivatives =  [-1.65756546 -3.39093731  1.47970241  2.32673756  1.54934696  3.59424348]
Current x_clock array =  [-0.68388358 -0.73247835 -0.47181747  0.56895328 -4.66642692 -0.7971329
 -0.80507758  0.         -0.03891208]
log likelihood =  513.6786055731034
Lr derivatives =  [3.1428859698870175, -1.7673693036588487, 1.9134013133829249]
other derivatives =  [ 0.22540689  0.74880973 -0.24481324  1.59299134  0.72936928  3.309151  ]
Current x_clock array =  [-0.67844187 -0.7117819  -0.47504207  0.49393961 -5.00090809 -0.86787649
 -0.72908059  0.         -0.03447685]
log likelihood =  513.2571123096083
Lr derivatives =  [2.5890021801434355, -2.069563233765938, 0.9577962305571877]
other derivatives =  [-1.58045168 -0.87750323  7.69430244  0.35009862  0.01325589  2.82416295]
Current x_clock array =  [-0.6863789  -0.7251017  -0.44670813  0.40168096 -5.33960247 -0.98556995
 -0.70845309  0.         -0.04851509]
log likelihood =  512.8328463366563
Lr derivatives =  [2.2122280607594584, -2.337113215816868, -0.008774295317393412]
other derivatives =  [-0.23534312 -1.43779744 -3.36749508 -0.23210305 -0.57084435  2.18890364]
Current x_clock array =  [-0.67692212 -0.72826077 -0.49360843  0.30328292 -5.67942249 -1.14108661
 -0.71773731  0.         -0.07472542]
log likelihood =  512.672541290158
Lr derivatives =  [0.29782359568018535, -3.51955842614867, -0.7266153044586222]
other derivatives =  [ 0.32162006 -0.20206699 -0.84158955 -0.47207322 -0.61006631  2.00624299]
Current x_clock array =  [-0.67525901 -0.71448185 -0.48719202  0.29397008 -5.68148802 -1.1879549
 -0.75395919  0.         -0.08512794]
log likelihood =  512.5433163853863
Lr derivatives =  [-1.5001555533334465, -4.588573188448402, -1.327375121713552]
other derivatives =  [-0.31964191  0.39647148  0.72843704 -0.59400236 -0.58605565  1.7875891 ]
Current x_clock array =  [-0.67746156 -0.70558625 -0.48378114  0.29215375 -5.63912822 -1.25657825
 -0.78898854  0.         -0.08861095]
log likelihood =  512.3542214700209
Lr derivatives =  [-2.8277303502612585, -5.240369169031618, -1.583134988354609]
other derivatives =  [-0.81430471  0.88504066  1.71467036 -0.60011871 -0.49492428  1.49490234]
Current x_clock array =  [-0.67918557 -0.69913389 -0.48160778  0.29546872 -5.55792775 -1.37828764
 -0.81776848  0.         -0.0790318 ]
log likelihood =  511.89333059269205
Lr derivatives =  [-3.460436364173492, -5.020312359560689, -0.9005564959447478]
other derivatives =  [ 0.06299956  1.87056912  3.0341937  -0.53135523 -0.2262027   0.92574055]
Current x_clock array =  [-0.6766255  -0.69257059 -0.47690773  0.29612252 -5.38815517 -1.74180966
 -0.84060673  0.         -0.03329531]
log likelihood =  511.5498180913958
Lr derivatives =  [-3.135018768999329, -4.376888530207458, -0.5918079289727123]
other derivatives =  [-3.42200792 -5.02549256  2.79006827 -0.30325964  0.1176204   0.44349235]
Current x_clock array =  [-0.6877259  -0.74745129 -0.47407424  0.31153251 -5.22104184 -2.30128818
 -0.8228423   0.         -0.0074206 ]
log likelihood =  511.25254411489675
Lr derivatives =  [-0.5596248452372776, -2.6092462905175395, 1.5844364043005044]
other derivatives =  [ 0.48873403 -0.96887334  0.95372457 -0.32581511  0.13946533  0.26164457]
Current x_clock array =  [-0.67485894 -0.72282829 -0.47998187  0.28821325 -5.23639853 -2.68869911
 -0.78970092  0.          0.        ]
log likelihood =  511.2065793589122
Lr derivatives =  [0.8314276544906984, -1.8331183259139803, -0.7000404330941079]
other derivatives =  [ 1.23565655  0.49257096 -1.02851345 -0.4947708   0.01472245  0.16755735]
Current x_clock array =  [-0.672396   -0.71501456 -0.48745174  0.26205391 -5.30838346 -2.98806393
 -0.76625603  0.         -0.01975109]
log likelihood =  511.16747017311326
Lr derivatives =  [1.072246546776298, -1.5691145469634173, -0.3786232635194761]
other derivatives =  [-0.81653297  0.59461627 -1.24267672 -0.44022386  0.10231815  0.12465762]
Current x_clock array =  [-0.67974619 -0.71449709 -0.48715363  0.26315241 -5.2670529  -3.23129234
 -0.76464594  0.         -0.00921255]
log likelihood =  511.11960429054045
Lr derivatives =  [0.6777872964903655, -1.6394003633230447, 0.48079868975037243]
other derivatives =  [-0.00545128 -0.45984052 -0.17757316 -0.48511879  0.24115252  0.07131575]
Current x_clock array =  [-0.67665911 -0.721936   -0.48360646  0.26196243 -5.20152687 -3.71712079
 -0.77154634  0.          0.        ]
log likelihood =  511.0960376374801
Lr derivatives =  [0.17874688420853868, -1.9108448411331005, -0.44640335450020263]
other derivatives =  [-0.29611442 -0.36384904 -0.00783302 -0.5609877   0.20082211  0.04867502]
Current x_clock array =  [-6.77487012e-01 -7.19950531e-01 -4.83932586e-01  2.55833574e-01
 -5.21464499e+00 -4.05229226e+00 -7.80294831e-01  0.00000000e+00
 -1.08126391e-03]
log likelihood =  511.0707246620779
Lr derivatives =  [-0.21826146772430044, -2.094976528274072, 1.156615780928405]
other derivatives =  [-0.17779485  0.00068781  0.35547032 -0.60883849  0.1144997   0.02530669]
Current x_clock array =  [-0.67700225 -0.71654702 -0.48326958  0.25086873 -5.25213676 -4.64986973
 -0.78742432  0.          0.        ]
log likelihood =  511.0732073111726
Lr derivatives =  [-0.5825557016782296, -2.385080204354925, -1.2387202970468325]
other derivatives =  [ 0.95799351  0.06796199  0.90875005 -0.66424377 -0.11192469  0.00799787]
Current x_clock array =  [-0.67289278 -0.71554905 -0.48206601  0.24765202 -5.36329388 -5.70359216
 -0.78945813  0.         -0.01436886]
log likelihood =  511.06454348746826
Lr derivatives =  [-0.36049571215850373, -2.203768734048615, -0.8300641081878759]
other derivatives =  [ 0.26863063  0.02963247  0.57348188 -0.6288019   0.02162324  0.01594458]
Current x_clock array =  [-0.67537342 -0.71615146 -0.48279253  0.24959376 -5.29619487 -5.06752192
 -0.78823044  0.         -0.00569522]
log likelihood =  511.05610613272563
Lr derivatives =  [-0.32516700244553964, -2.1734224973369374, -0.7930515627929837]
other derivatives =  [-0.10560939 -0.1525791   0.0712248  -0.54112661 -0.00193268  0.01168701]
Current x_clock array =  [-6.76484723e-01 -7.17538941e-01 -4.84424140e-01  2.54716827e-01
 -5.30725712e+00 -5.36095165e+00 -7.87940439e-01  0.00000000e+00
 -4.85480958e-03]
log likelihood =  511.0387743015584
Lr derivatives =  [-0.0320539766817034, -1.9638867994302593, -0.5751209608802672]
other derivatives =  [-0.58696514 -0.32255798  0.0447983  -0.25953568 -0.04337721  0.00468958]
Current x_clock array =  [-6.78270527e-01 -7.19830540e-01 -4.82800613e-01  2.76228847e-01
 -5.32963181e+00 -6.23084999e+00 -7.82744921e-01  0.00000000e+00
 -6.04416417e-04]
log likelihood =  511.03388414052534
Lr derivatives =  [-0.14850261100772444, -2.034105570189454, 1.0913083769992227]
other derivatives =  [ 0.0815362  -0.32953835 -0.50686708 -0.00103455 -0.02248157  0.00313207]
Current x_clock array =  [-0.67566787 -0.7198064  -0.48477019  0.29692355 -5.31296571 -6.61998085
 -0.78713678  0.          0.        ]
log likelihood =  511.0346031971912
Lr derivatives =  [-0.14342000786000497, -2.0495389466479557, -0.5500235316503255]
other derivatives =  [ 0.47435265 -0.10934968 -0.38469921  0.07875087 -0.02744969  0.0025409 ]
Current x_clock array =  [-6.74383754e-01 -7.18293753e-01 -4.84167012e-01  3.04473213e-01
 -5.31365989e+00 -6.81074518e+00 -7.87408841e-01  0.00000000e+00
 -2.20862252e-03]
log likelihood =  511.033911436452
Lr derivatives =  [-0.14696707642681572, -2.03845861235139, -0.509764186619019]
other derivatives =  [ 0.19422828 -0.26640805 -0.4718629   0.02187903 -0.02390834  0.00296154]
Current x_clock array =  [-6.75299199e-01 -7.19372120e-01 -4.84597015e-01  2.99091066e-01
 -5.31316501e+00 -6.67474948e+00 -7.87214887e-01  0.00000000e+00
 -6.34097690e-04]
log likelihood =  511.0338773874288
Lr derivatives =  [-0.148001990617183, -2.0355540490712936, -0.49893699184853224]
other derivatives =  [ 0.11891075 -0.30858587 -0.49525397  0.00657678 -0.02295337  0.00309228]
Current x_clock array =  [-6.75545565e-01 -7.19662331e-01 -4.84712738e-01  2.97642618e-01
 -5.31303182e+00 -6.63815020e+00 -7.87162689e-01  0.00000000e+00
 -2.10360251e-04]
log likelihood =  511.03242900907395
Lr derivatives =  [0.04316884583622127, -1.9216175114867173, -0.4684550125902956]
other derivatives =  [ 0.0233058   0.01833769  0.11808083  0.04703793 -0.03969376  0.00226237]
Current x_clock array =  [-6.76271875e-01 -7.17858511e-01 -4.81608171e-01  3.02290125e-01
 -5.32374460e+00 -6.92848713e+00 -7.83208855e-01  0.00000000e+00
 -1.46754296e-04]
log likelihood =  511.0320801771875
Lr derivatives =  [0.007492326485985301, -1.9432743560875991, -0.46360756542305537]
other derivatives =  [ 0.02821139 -0.00606519  0.03074092  0.0585942  -0.02721094  0.00218279]
Current x_clock array =  [-6.76208419e-01 -7.17918522e-01 -4.82017305e-01  3.03246443e-01
 -5.31646816e+00 -6.96245906e+00 -7.84154842e-01  0.00000000e+00
 -8.85720797e-05]
log likelihood =  511.03148769980345
Lr derivatives =  [0.02624706157836587, -1.9296509660662127, 0.9517009402770782]
other derivatives =  [ 0.08449206  0.02239062 -0.1310525   0.05015295  0.00082991  0.00183036]
Current x_clock array =  [-0.67597852 -0.71767902 -0.4827721   0.30227678 -5.30187185 -7.13802928
 -0.78452737  0.          0.        ]
log likelihood =  511.0312534796359
Lr derivatives =  [0.047816746882229366, -1.9159999971047275, -0.4498040648748097]
other derivatives =  [ 0.09071073  0.08184884 -0.1854346   0.034197    0.01300577  0.00149498]
Current x_clock array =  [-6.75966977e-01 -7.17243631e-01 -4.83056756e-01  3.00818723e-01
 -5.29582050e+00 -7.33877248e+00 -7.84482184e-01  0.00000000e+00
 -1.08124369e-04]
log likelihood =  511.0308759694881
Lr derivatives =  [0.06863487386770462, -1.9025578592940628, -0.44850581579566035]
other derivatives =  [ 0.01841158  0.16559056 -0.14392754  0.02154934  0.01458034  0.00110845]
Current x_clock array =  [-6.76271000e-01 -7.16650677e-01 -4.82880250e-01  2.99769129e-01
 -5.29529847e+00 -7.64144170e+00 -7.84205164e-01  0.00000000e+00
 -9.14637917e-05]
log likelihood =  511.0303065199987
Lr derivatives =  [-0.05520777836975499, -1.9710293136600296, -0.4887220238727168]
other derivatives =  [ 0.15409114 -0.06117489  0.25540317 -0.03257128  0.02281126  0.00043769]
Current x_clock array =  [-6.75799787e-01 -7.18102717e-01 -4.81569898e-01  2.96904163e-01
 -5.29134421e+00 -8.55741556e+00 -7.85335692e-01  0.00000000e+00
 -4.05577285e-05]
log likelihood =  511.029922458868
Lr derivatives =  [0.005834509150684286, -1.9361212524249707, 0.9651500931795454]
other derivatives =  [-0.03706759  0.00682121  0.14126158 -0.01483613  0.00996465  0.00032969]
Current x_clock array =  [-0.67648563 -0.71770983 -0.48182802  0.2976821  -5.29812398 -8.83791096
 -0.78436201  0.          0.        ]
log likelihood =  511.0298391272025
Lr derivatives =  [0.03961779109058505, -1.9177705695806937, -0.4698428917664375]
other derivatives =  [-1.21144694e-01  3.69084319e-02  2.19188223e-02  4.20072865e-03
  1.02318154e-04  2.33058017e-04]
Current x_clock array =  [-6.76766345e-01 -7.17551732e-01 -4.82185164e-01  2.98705447e-01
 -5.30312233e+00 -9.19111548e+00 -7.83882342e-01  0.00000000e+00
 -8.24363636e-05]
log likelihood =  511.02974201511967
Lr derivatives =  [0.02647443434475938, -1.9252148160703977, -0.47116754450811466]
other derivatives =  [-0.09063683  0.00812292  0.02032721  0.00653699  0.00122213  0.00016485]
Current x_clock array =  [-6.76642945e-01 -7.17741808e-01 -4.82212936e-01  2.98950506e-01
 -5.30241217e+00 -9.52739008e+00 -7.84094139e-01  0.00000000e+00
 -6.74940443e-05]
log likelihood =  511.0297966556289
Lr derivatives =  [0.03572761111480982, -1.9162413532318645, 0.9402526757185115]
other derivatives =  [ 2.73979595e-01  1.39471013e-01  1.65925940e-02  2.03954187e-02
 -5.72981662e-03  6.25277607e-05]
Current x_clock array =  [ -0.6753767   -0.71691329  -0.48231019   0.29985798  -5.30589118
 -10.43851838  -0.78437479   0.           0.        ]
log likelihood =  511.0296803448981
Lr derivatives =  [0.030543753016315733, -1.9212406815727099, -0.46773581424220817]
other derivatives =  [ 0.06978667  0.06593837  0.01866738  0.01265903 -0.00183604  0.00011937]
Current x_clock array =  [-6.76085171e-01 -7.17376850e-01 -4.82255774e-01  2.99350243e-01
 -5.30394466e+00 -9.92873893e+00 -7.84217767e-01  0.00000000e+00
 -3.77631523e-05]
log likelihood =  511.0295766934498
Lr derivatives =  [0.0025299735346644425, -1.937492345732125, 0.9674920420366107]
other derivatives =  [ 4.34113190e-02  5.09317033e-03 -2.41584530e-02  6.46309672e-03
 -3.46744855e-04  4.54747351e-05]
Current x_clock array =  [ -0.67613469  -0.7177384   -0.4824893    0.29878067  -5.3029679
 -10.63341822  -0.78466219   0.           0.        ]
log likelihood =  511.0295842713933
Lr derivatives =  [-0.01026908101865509, -1.9457645405333173, -0.47811674351310224]
other derivatives =  [-3.04794412e-02 -3.73233888e-02 -4.03019840e-02 -1.42108547e-04
 -3.35376171e-04  5.11590770e-05]
Current x_clock array =  [-6.76375086e-01 -7.17993389e-01 -4.82569534e-01  2.98227525e-01
 -5.30292343e+00 -1.09575957e+01 -7.84770658e-01  0.00000000e+00
 -3.95585835e-05]
log likelihood =  511.0295749700477
Lr derivatives =  [-0.0015634422514959612, -1.94013821781986, -0.4742452865004006]
other derivatives =  [ 1.98610905e-02 -8.42419468e-03 -2.92970981e-02  4.35420588e-03
 -3.41060513e-04  4.54747351e-05]
Current x_clock array =  [-6.76211256e-01 -7.17819614e-01 -4.82514852e-01  2.98604497e-01
 -5.30295374e+00 -1.07366662e+01 -7.84696733e-01  0.00000000e+00
 -1.25991033e-05]
log likelihood =  511.0295591929187
Lr derivatives =  [-0.010376183495568347, -1.9453252338924014, -0.4773524297055466]
other derivatives =  [-7.31574801e-03 -2.14583906e-02 -2.46814125e-02 -1.22213351e-03
 -1.09139364e-03  5.11590770e-05]
Current x_clock array =  [-6.76301498e-01 -7.17886103e-01 -4.82516059e-01  2.98155328e-01
 -5.30333851e+00 -1.10863328e+01 -7.84788513e-01  0.00000000e+00
 -9.25236697e-06]
log likelihood =  511.02961632793324
Lr derivatives =  [-0.04309979167990308, -1.9641922994593126, 1.0036330877483124]
other derivatives =  [-1.17324817e-01 -4.83396434e-02 -3.59079877e-02 -3.17186277e-02
 -6.45172804e-03  5.68434189e-06]
Current x_clock array =  [ -0.67666285  -0.71796246  -0.48267343   0.29550374  -5.3061883
 -13.70503979  -0.78517427   0.           0.        ]
log likelihood =  511.02955071869565
Lr derivatives =  [-0.019383577184204248, -1.9504967794487849, -0.4811933045425557]
other derivatives =  [-3.76587650e-02 -2.88594038e-02 -2.77850631e-02 -9.62359081e-03
 -2.55795385e-03  2.84217094e-05]
Current x_clock array =  [-6.76401116e-01 -7.17907153e-01 -4.82559444e-01  2.97424328e-01
 -5.30412415e+00 -1.18082672e+01 -7.84894860e-01  0.00000000e+00
 -6.70164190e-06]
log likelihood =  511.0309753751267
Lr derivatives =  [-0.162882848513356, -2.0303060877191346, -0.5186319997437148]
other derivatives =  [ 3.80890697e-01 -8.58847216e-02  5.92126526e-01 -8.50889137e-02
  3.37252004e-02  5.68434189e-06]
Current x_clock array =  [-6.75049704e-01 -7.18094314e-01 -4.80575404e-01  2.93860938e-01
 -5.28576759e+00 -1.31358599e+01 -7.86851394e-01  0.00000000e+00
 -1.40754242e-05]
log likelihood =  511.02954926698493
Lr derivatives =  [-0.024463290874999544, -1.9533208319550484, -0.48252176193817564]
other derivatives =  [-2.29078978e-02 -3.08887138e-02 -5.94582161e-03 -1.22952315e-02
 -1.29602995e-03  1.70530257e-05]
Current x_clock array =  [-6.76353343e-01 -7.17913769e-01 -4.82489307e-01  2.97298359e-01
 -5.30347523e+00 -1.18551984e+01 -7.84964024e-01  0.00000000e+00
 -6.96230974e-06]
log likelihood =  511.0295396943006
Lr derivatives =  [-0.01596834348293752, -1.9483761616759958, -0.4804822326631444]
other derivatives =  [-2.39310793e-02 -1.26476607e-02  6.55973054e-03 -8.75388650e-03
 -2.83648660e-03  2.27373675e-05]
Current x_clock array =  [-6.76369933e-01 -7.17806735e-01 -4.82410311e-01  2.97591386e-01
 -5.30431321e+00 -1.19348173e+01 -7.84818242e-01  0.00000000e+00
 -2.58929981e-06]
log likelihood =  511.0295308848144
Lr derivatives =  [-0.0017684949835836683, -1.9398485148585365, 0.9708116976980818]
other derivatives =  [-9.94191396e-03  8.42419468e-03 -2.84217094e-04 -4.92264007e-03
 -3.32534000e-03  2.27373675e-05]
Current x_clock array =  [ -0.67632998  -0.7176912   -0.48241108   0.29784416  -5.30464101
 -12.23279473  -0.78462654   0.           0.        ]
log likelihood =  511.0295701994155
Lr derivatives =  [0.048324982374235104, -1.9095447542992716, -0.46540953498046134]
other derivatives =  [ 7.64373453e-02  7.70398856e-02 -3.96596533e-02  6.82121026e-03
 -1.62572178e-03  5.68434189e-06]
Current x_clock array =  [-6.76051084e-01 -7.17326067e-01 -4.82501319e-01  2.98592457e-01
 -5.30405024e+00 -1.33470434e+01 -7.84011465e-01  0.00000000e+00
 -1.33306964e-05]
log likelihood =  511.0295308634072
Lr derivatives =  [0.008446680563047315, -1.9336697952968205, -0.4747175699023122]
other derivatives =  [ 7.68523023e-03  2.24304131e-02 -8.32756086e-03 -2.52953214e-03
 -2.97291081e-03  1.13686838e-05]
Current x_clock array =  [-6.76272996e-01 -7.17616591e-01 -4.82429520e-01  2.97997054e-01
 -5.30452030e+00 -1.24604626e+01 -7.84500867e-01  0.00000000e+00
 -2.72378210e-06]
      fun: 511.0295308634072
 hess_inv: <9x9 LbfgsInvHessProduct with dtype=float64>
      jac: array([ 7.68523023e-03,  2.24304131e-02, -8.32756086e-03, -2.52953214e-03,
       -2.97291081e-03,  1.13686838e-05,  8.44668056e-03, -1.93366980e+00,
       -4.74717570e-01])
  message: b'CONVERGENCE: REL_REDUCTION_OF_F_<=_FACTR*EPSMCH'
     nfev: 51
      nit: 42
   status: 0
  success: True
        x: array([-6.76272996e-01, -7.17616591e-01, -4.82429520e-01,  2.97997054e-01,
       -5.30452030e+00, -1.24604626e+01, -7.84500867e-01,  0.00000000e+00,
       -2.72378210e-06])
