number of sites to be analyzed:  786
log likelihood =  -34785.12827209512
Edge derivatives =  [192.3967686181628, 379.1383832425687, 259.60570208868165, 247.53471901905058, 83.45847471781445, 119.59046434911748, 461.53880895514607, 616.5828654961451, 228.10687157270195, 332.28496539267934, 106.97737538487813, 341.9642245048201, 177.74476942280097, 226.07274085555497, 415.49132910254355, 392.72061848174707]
other derivatives: [  -92.87687135   324.55063774  -330.9782187     74.16238077
 -1669.43718796     0.        ]
Current x array =  [-0.69319707 -0.69115336 -0.66403991  0.74193734 -0.10536052 -0.51082562
 -4.60517019 -4.60517019 -4.60517019 -4.60517019 -4.60517019 -4.60517019
 -4.60517019 -4.60517019 -4.60517019 -4.60517019 -4.60517019 -4.60517019
 -4.60517019 -4.60517019 -4.60517019 -4.60517019]
log likelihood =  -32988.77279392764
Edge derivatives =  [186.67553802219416, 376.43600752003135, 259.16757437922456, 245.89096823277774, 80.0339400183978, 117.51338461465112, 455.59977533786537, 619.8868419019662, 224.66485469401607, 333.8981841284467, 103.52364979605468, 347.5107225480188, 176.15198131513677, 224.81749103888174, 413.024266496404, 391.6335716297565]
other derivatives: [ 543.81525842  412.60500439 -326.41401049 -138.3057679  -846.15603555
    0.        ]
Current x array =  [-0.73681048 -0.69085229 -0.81946166  0.77676274 -0.88929985 -0.51082562
 -4.51482393 -4.42713324 -4.48326376 -4.48893209 -4.5659795  -4.54901254
 -4.3884394  -4.31563335 -4.49805508 -4.44913481 -4.55493543 -4.4445896
 -4.52170426 -4.49901027 -4.41006252 -4.42075526]
log likelihood =  -33647.526154343155
Edge derivatives =  [23.138347100565433, 261.8889862974442, 93.625891440844, 84.88594241240551, -12.804799063433563, 34.83340351129114, 220.11949341876465, 280.6760428063943, 65.11308945709779, 217.27018814172186, 6.901716836649136, 256.18315502686823, 82.68285681821388, 79.27268826438647, 227.0183345685892, 200.9965488296132]
other derivatives: [-66831.10404992   7002.83635524   1007.27193058   -963.58126029
   1099.45976874      0.        ]
Current x array =  [-0.05       -0.05       -1.60033529  0.55139437 -3.31281999 -0.51082562
 -4.06671305 -3.5278533  -3.86483    -3.9015751  -4.37338153 -4.26767414
 -3.29872964 -2.83858139 -3.960446   -3.65344808 -4.30629075 -3.61836691
 -4.10072769 -3.96211311 -3.42362075 -3.48601788]
log likelihood =  -30638.302153844546
Edge derivatives =  [158.690942577223, 359.8200637012633, 245.76918685230794, 229.82039034691525, 63.867606446383945, 113.42422462138855, 426.1554317677732, 607.5070925697551, 199.70592742588184, 336.73293761240024, 88.64026369138189, 362.49914249082366, 169.2067831873619, 207.70725777185058, 397.5896181758704, 373.35562886782407]
other derivatives: [-4452.16392109  2028.40092243   130.17706806  -596.42261476
   265.44221328     0.        ]
Current x array =  [-0.36481223 -0.34374645 -1.24240748  0.65469611 -2.20195491 -0.51082562
 -4.27211293 -3.94005482 -4.1483005  -4.17080099 -4.46166236 -4.39663077
 -3.79821818 -3.51561535 -4.20686902 -4.01816574 -4.42026162 -3.99708129
 -4.29369006 -4.20820981 -3.8757745  -3.91447197]
log likelihood =  -29773.14770149446
Edge derivatives =  [78.878317841617, 290.7183573062635, 148.04204231537364, 136.54708416534768, 20.005426508444152, 76.75404080497543, 287.7063342245508, 362.7485958938769, 117.45795994065435, 270.9311141447781, 41.62119491550693, 315.60528454507727, 124.21649083334188, 133.91543086661804, 282.5417797276897, 268.9714237526006]
other derivatives: [  1863.47351701 -18659.05651357    386.83501771    108.22150216
   1243.39494505      0.        ]
Current x array =  [-0.45879836 -0.05       -1.79982826  0.43250787 -4.02113453 -0.51082562
 -3.92241982 -3.23382546 -3.66296558 -3.71020129 -4.31182782 -4.17547072
 -2.94345094 -2.35424181 -3.78645737 -3.39132155 -4.22612732 -3.34489808
 -3.96295963 -3.78750196 -3.10077227 -3.18063182]
log likelihood =  -29595.593332156735
Edge derivatives =  [142.25036761000646, 345.0148436676588, 227.43588828640043, 212.83646426804722, 52.173958898186065, 105.50827131904127, 398.59945458976637, 574.4271188268762, 180.2003184019478, 327.5941320675383, 77.49880150796712, 359.3931198844757, 159.8903104615746, 192.33121528210705, 376.86027914379395, 353.5224732847115]
other derivatives: [-2328.76700466  1818.78422154   150.32419469  -442.196324
   729.97245297     0.        ]
Current x array =  [-0.39890797 -0.23718283 -1.44462532  0.57409196 -2.86190622 -0.51082562
 -4.14525331 -3.68385307 -3.97223355 -4.00370734 -4.40730626 -4.31639963
 -3.48813073 -3.09429907 -4.05435455 -3.79076288 -4.34983472 -3.76048609
 -4.17370961 -4.05558788 -3.59462373 -3.64825374]
log likelihood =  -30536.661807503773
Edge derivatives =  [-26.467995867144722, 165.54091535030142, 9.275711917596047, -12.733903570293105, -31.209033847821384, 8.894044726390554, -0.8153490550201695, -239.64687424758807, 6.474968094537506, 112.18752635509425, -20.738621328850684, 159.0238351456011, 52.0156559461323, 25.845462400169527, 54.619518883920605, 56.51803772699231]
other derivatives: [-10386.00239553 -27089.32770474   1256.04383356   -211.36875148
   1407.43031807      0.        ]
Current x array =  [-0.22190838 -0.05       -2.06453991  0.23761045 -4.53485889 -0.51082562
 -3.73624198 -2.84650743 -3.39863832 -3.459943   -4.23397781 -4.05537509
 -2.47893592 -1.7156915  -3.56064039 -3.04360272 -4.12334263 -2.97907253
 -3.78224897 -3.55900548 -2.67651484 -2.77884737]
log likelihood =  -29037.88955944444
Edge derivatives =  [106.40498387000078, 311.85741275859704, 185.57130187192993, 167.5180909157219, 33.60098247848131, 88.03360387968941, 332.21028101576906, 453.18759794670285, 143.33519306868374, 296.49078231306714, 54.69290098138156, 334.2347661070073, 140.71249058774845, 158.216037254272, 322.8830274944368, 301.22416996294066]
other derivatives: [-3809.60591428  1528.84385898   538.26515796  -402.5256203
  1084.22173071     0.        ]
Current x array =  [-0.32063357 -0.15440511 -1.71876968  0.42529    -3.6017348  -0.51082562
 -3.96437654 -3.31355435 -3.71857297 -3.76323885 -4.33065536 -4.20096694
 -3.04183528 -2.4846385  -3.83601971 -3.46034681 -4.2496733  -3.41492217
 -4.00059427 -3.83598463 -3.18860914 -3.26377683]
log likelihood =  -28818.969796236102
Edge derivatives =  [67.78156822925901, 275.09230021599217, 133.5702541095731, 112.8927698500965, 15.525768484394526, 69.35304144171059, 247.45608045768947, 259.917393524286, 105.823905579077, 249.02348061878303, 33.77607116542552, 292.3119836873032, 116.7594186966712, 123.48392956050313, 248.98084494451004, 238.70306375968622]
other derivatives: [  1009.00979305 -19198.8889128     561.80651882    170.97008822
   1127.01600301      0.        ]
Current x array =  [-0.41978438 -0.05       -1.74223018  0.3154347  -3.69209822 -0.51082562
 -3.84359195 -3.03955946 -3.54091497 -3.59708318 -4.28309224 -4.11932315
 -2.72591137 -2.05784633 -3.6866165  -3.21247739 -4.18458191 -3.14891353
 -3.87466761 -3.68192583 -2.89574469 -2.98725268]
log likelihood =  -28612.885156900204
Edge derivatives =  [90.03973312849715, 295.23691756554797, 164.60002183827362, 143.33958868861924, 25.06942305062224, 78.90641976962893, 296.4755432544783, 376.8974854945922, 126.51198697380998, 275.98561101000786, 44.72776215739837, 315.96705656481686, 129.85787665877908, 142.8166269961151, 292.07311291002173, 274.1233645768832]
other derivatives: [-1026.36586234 -3101.8662412    512.31327234   -99.73737178
  1095.83379526     0.        ]
Current x array =  [-0.36611489 -0.1065136  -1.72953121  0.37489844 -3.64318527 -0.51082562
 -3.90897162 -3.18787056 -3.63707973 -3.68702183 -4.30883775 -4.16351624
 -2.89691829 -2.2888653  -3.76748719 -3.346647   -4.21981532 -3.29290174
 -3.94283064 -3.76531654 -3.05426972 -3.13693284]
log likelihood =  -26733.965566852512
Edge derivatives =  [104.35948809468707, 299.8233329780081, 182.4939259152565, 134.7608263341034, 32.49712528036542, 79.44279837650315, 292.02956273271957, 305.72111576289853, 139.7635234098744, 279.2200393205401, 45.83174085365286, 312.2991332068844, 140.10401791790855, 160.2139378534536, 284.50355314977, 273.6290785848992]
other derivatives: [  527.0834663  -1333.42073241   183.9503966     26.90758265
  1117.5248801      0.        ]
Current x array =  [-0.65185423 -0.28330149 -1.7050944   0.16905827 -3.60966279 -0.51082562
 -3.68978575 -2.67869934 -3.31014164 -3.38184148 -4.22444039 -4.01274974
 -2.31448122 -1.50002415 -3.49494874 -2.88333093 -4.10230585 -2.79262524
 -3.70948262 -3.48215569 -2.51174263 -2.62523025]
log likelihood =  -25277.426970902114
Edge derivatives =  [34.74800756829947, 112.82482487482082, 46.784988167637096, 6.050794421713945, 2.014329698922649, 11.662174458748952, -187.77394096944195, -316.4690214092388, 48.57902289206572, 18.995425350668405, -2.748213553734231, 14.373420550841715, 88.89591292218294, 80.30879289968301, -147.17812195852406, -82.29065374996424]
other derivatives: [2238.7586796  -702.48279371 2004.39135369  -31.06615623  756.52205851
    0.        ]
Current x array =  [-1.17086236 -0.5910462  -1.77644983 -0.42177583 -3.57279962 -0.51082562
 -3.03218983 -1.16627965 -2.33114318 -2.4797173  -3.96891004 -3.56480954
 -0.58802184  0.80547161 -2.67824217 -1.50964614 -3.7518151  -1.31368486
 -3.0126256  -2.63328208 -0.90598925 -1.10731979]
log likelihood =  -24118.262571369763
Edge derivatives =  [82.59564328863259, 268.21111695737443, 143.5800198091113, 35.68910947032484, 23.861632611789602, 35.47892304452387, 17.43284758576842, -643.5353068721978, 136.23303624165084, 131.63247996442183, 15.443853544049576, 91.95398943215633, 112.75094819240046, 155.79838168200303, 29.335654739584307, 71.13942632586736]
other derivatives: [ 1939.62478079  -314.39194572 -1874.15935216   919.52679213
  -537.92100516     0.        ]
Current x array =  [-1.32373164 -0.5696582  -0.37910005 -0.51776286 -1.97519249 -0.51082562
 -3.04328653 -1.11672726 -2.3228076  -2.50644933 -3.98862996 -3.56635159
 -0.73115664  0.56607094 -2.68120181 -1.49377666 -3.77458719 -1.28584619
 -2.96945018 -2.6067769  -1.01058672 -1.17623103]
log likelihood =  -23914.785663998256
Edge derivatives =  [70.27317882611777, 212.81508404838883, 117.62339085264202, 31.721456989062847, 16.975646411723986, 33.01797474849777, -14.522822076034686, -409.1842177460681, 104.30720486054268, 120.10911935323581, 11.066631702993224, 102.85969026715907, 110.97104307620718, 135.37288264297345, 7.095123919683566, 54.63293580820961]
other derivatives: [1980.48255697 -424.25126594  912.49676188  446.70014177  272.62831281
    0.        ]
Current x array =  [-1.24821203 -0.58022418 -1.06941083 -0.47034389 -2.76443327 -0.51082562
 -3.0378046  -1.14120685 -2.3269255  -2.49324333 -3.97888803 -3.5655898
 -0.66044601  0.68433829 -2.6797397  -1.50161641 -3.76333745 -1.29959889
 -2.99077946 -2.61987084 -0.95891407 -1.14218789]
log likelihood =  -23514.798068551634
Edge derivatives =  [77.94142697672385, 257.33233947220765, 142.3249808896949, 38.092695497644016, 22.584730044986934, 28.989767721668173, 5.192258825821258, -347.1709908294214, 137.76377042565457, 106.16886140875103, 11.911248054328338, 66.9029581940267, 108.13554602069932, 149.90551141462467, 9.689586192339057, 48.594758991535116]
other derivatives: [ 1594.67708727  -678.77299443 -3357.90646204   595.49165599
    50.36963557     0.        ]
Current x array =  [-1.17816303 -0.50928351 -0.26520538 -0.13612941 -2.41638247 -0.51082562
 -2.96296128 -0.91164061 -2.19526823 -2.4466174  -3.95975721 -3.52447333
 -0.62252834  0.35528911 -2.5682365  -1.35250797 -3.74747255 -1.16259902
 -2.87543615 -2.47827683 -0.9035508  -1.04934476]
log likelihood =  -23468.949424576193
Edge derivatives =  [78.41857341772918, 237.767895451857, 136.54855408649348, 41.61838185792388, 20.576154247250013, 34.919183642644235, 30.973429003586883, -329.23104628473465, 120.77636991116985, 135.253025569545, 13.900085044498745, 112.66618008642696, 112.8438574582838, 148.48957914452066, 41.1480736260366, 80.21450140904739]
other derivatives: [1850.2905732  -481.46903282  299.53334888  478.73436415  259.42463253
    0.        ]
Current x array =  [-1.22080995 -0.55247329 -0.75481816 -0.33960438 -2.62828121 -0.51082562
 -3.00852706 -1.0514041  -2.27542322 -2.47500399 -3.97140435 -3.54950568
 -0.6456132   0.55561937 -2.63612138 -1.44328751 -3.75713135 -1.24600667
 -2.94565895 -2.56448146 -0.93725682 -1.1058691 ]
log likelihood =  -23395.63080377339
Edge derivatives =  [64.15956981308568, 212.98812907559406, 122.01644925757766, 25.204552521222787, 19.395828980200257, 20.051740434137503, -69.0055518210334, -332.94068453952553, 129.1564186527091, 45.504367457187996, 6.480749608044849, 1.5135603599962215, 95.78799592489163, 131.44730289854417, -52.82046647571191, -14.445137106840042]
other derivatives: [ 1382.19584187 -1038.69024315 -5696.50219404   373.74302337
    16.72087819     0.        ]
Current x array =  [-1.08911345 -0.47418871 -0.19582192  0.12029921 -2.38907805 -0.51082562
 -2.88096541 -0.68258138 -2.05775946 -2.38454312 -3.93385843 -3.48544017
 -0.54564067  0.20530719 -2.4455987  -1.21557249 -3.72479172 -1.04557813
 -2.7697051  -2.33647731 -0.82728591 -0.94734191]
log likelihood =  -23204.856790769154
Edge derivatives =  [78.62599365817739, 238.54311845374903, 140.50854351507414, 43.40021935986056, 21.0259395568225, 33.07000534503093, 33.33418244578477, -283.6434414193296, 125.0478706950749, 127.5633846910361, 13.593040555285345, 101.57889801655317, 110.37846383257008, 149.2638041262863, 40.86913889557293, 75.89618949839794]
other derivatives: [1743.77782969 -578.92830228 -145.64357116  455.92278184  243.84426069
    0.        ]
Current x array =  [-1.18283324 -0.52989873 -0.59362301 -0.20698412 -2.5593033  -0.51082562
 -2.9717427  -0.94504841 -2.21265653 -2.44891821 -3.96057741 -3.5310314
 -0.61678459  0.45460147 -2.58118125 -1.37762239 -3.74780572 -1.18821002
 -2.89491996 -2.49873297 -0.90554502 -1.06015535]
log likelihood =  -22683.210729286853
Edge derivatives =  [64.45798806902282, 186.25249856758342, 134.05334756693455, 50.04732937510381, 18.565610940440447, 23.17610117315692, 4.8355103603441565, -13.352282485350935, 119.10612955807295, 62.2368305206066, 10.153906438497284, 43.44212493811484, 92.91046910091458, 122.47600854968209, 20.609858905388137, 35.611347703039925]
other derivatives: [  838.01714936 -1475.14219861 -1936.2414605     -2.18242349
   317.76871765     0.        ]
Current x array =  [-0.90075872 -0.40262707 -0.3189188   0.48440581 -2.43083276 -0.51082562
 -2.87578799 -0.62780132 -2.03167468 -2.43678044 -3.93832868 -3.50241523
 -0.7084578  -0.2936597  -2.41345006 -1.25532316 -3.74670203 -1.12499131
 -2.74205634 -2.28847718 -0.97083792 -1.04838958]
log likelihood =  -22436.875742731307
Edge derivatives =  [61.261699377399204, 153.7834414398833, 130.67936931897412, 59.39272845261535, 16.76901190809469, 25.71564808199183, 31.173216673216377, 85.04639673777095, 104.36354267674086, 68.51924050526786, 11.766299710059217, 63.416275995613994, 89.2917182172166, 112.71954251919495, 50.07734944208753, 54.11125498465082]
other derivatives: [  792.72904259 -1467.24087244   -94.5849024   -183.30829334
   394.58354877     0.        ]
Current x array =  [-0.82634043 -0.3992278  -0.55546709  0.56413339 -2.40202362 -0.51082562
 -2.87082271 -0.60015058 -2.01430621 -2.45382363 -3.9391259  -3.50834104
 -0.78074152 -0.48012675 -2.3942753  -1.27379329 -3.75503534 -1.15860992
 -2.72539506 -2.26426498 -1.03159502 -1.09149121]
log likelihood =  -22171.189145614342
Edge derivatives =  [37.033080118262944, 7.203000992764852, 70.28376821934985, 20.394553238752398, 8.113885933229819, 10.27703588289607, -143.61547576910263, -115.05047194633936, 64.02688160587441, -69.81071109734559, 0.8747734754574066, -90.4141031598009, 62.80313860812617, 67.10222812701004, -102.3999701472561, -94.4386901838264]
other derivatives: [ 7.59656177e+02 -1.09468674e+03  3.64147854e+02  5.09317033e-02
 -2.14012834e+02  0.00000000e+00]
Current x array =  [-0.8842792  -0.4981186  -0.63945733  0.48015953 -1.9838678  -0.51082562
 -2.66340608 -0.07963258 -1.67947205 -2.2126932  -3.8669003  -3.38284564
 -0.40734691 -0.13651585 -2.11006325 -0.88465604 -3.66805343 -0.76151253
 -2.47410628 -1.95551986 -0.66629477 -0.71702194]
log likelihood =  -22016.29265066078
Edge derivatives =  [32.8915458862315, -6.929706752787643, 62.3492185910853, 28.89875071865239, 7.493541197420857, 8.512715773732245, -86.83006892612015, -3.20362577288278, 55.479990806777494, -64.69320806327991, 2.086089242357809, -68.79479893200985, 50.325130898148366, 45.68262913442348, -62.854691367176635, -68.00143941860807]
other derivatives: [  297.84896469 -1183.82704386   308.4736818    -51.69677024
    28.03826646     0.        ]
Current x array =  [-0.77960583 -0.49893218 -0.61995945  0.48540168 -2.19520225 -0.51082562
 -2.59783522  0.02301509 -1.55574221 -2.1785798  -3.84832441 -3.36383234
 -0.52448246 -0.34027201 -1.99882452 -0.90287612 -3.66178038 -0.81237755
 -2.37645761 -1.83468167 -0.74552953 -0.77373141]
log likelihood =  -21883.404105238995
Edge derivatives =  [30.123319366599056, -17.376657490875573, 52.662398444915446, 42.23614335801196, 8.466978296036606, 6.782977098255413, -0.2471641489897986, 133.14901075206504, 46.0369524771575, -45.49953493857379, 5.170750623133055, -33.27131081745794, 30.78045037142103, 11.973427539217097, -1.6754154951881923, -19.458925338390948]
other derivatives: [ 399.23470467 -589.83787312  145.84511518  -52.21518222  125.29344531
    0.        ]
Current x array =  [-0.78108813 -0.59936083 -0.57017622  0.49179366 -2.29285234 -0.51082562
 -2.468559    0.21682073 -1.31470283 -2.09822593 -3.81213804 -3.32219335
 -0.70473183 -0.64368966 -1.78417927 -0.92577541 -3.6462795  -0.88347271
 -2.18713447 -1.60942981 -0.86191898 -0.85804354]
log likelihood =  -21802.944078665943
Edge derivatives =  [26.493260191371604, -31.343964808795658, 41.98114443164, 32.46054866301685, 7.704004887131552, 4.942830517386768, -27.706515892949206, 82.69033655015913, 39.79961612038683, -59.44603484976037, 4.095150113733194, -55.49268584068841, 25.386331079434175, 4.770533804936501, -26.011758516082537, -43.75046021163403]
other derivatives: [-299.59119274  -52.91694833   44.55687304   17.20836735  -15.27077984
    0.        ]
Current x array =  [-0.66468776 -0.7689417  -0.5583577   0.48382806 -2.24871491 -0.51082562
 -2.4190741   0.28966371 -1.2377197  -2.03423382 -3.79473478 -3.2959086
 -0.62356356 -0.50337844 -1.71765892 -0.8778419  -3.62641039 -0.82669154
 -2.13437372 -1.55726632 -0.78699063 -0.79348373]
log likelihood =  -21784.785583205034
Edge derivatives =  [27.057453849226366, -17.579591143952157, 40.47358505111194, 33.679430657236594, 8.47189979511772, 5.11268067801983, -10.559823239518096, 81.10952412016373, 40.296376711856404, -42.96225116400401, 5.161034018634424, -38.157351649434204, 23.465478567616803, 3.5168705040172865, -10.605342843284564, -26.07978702219994]
other derivatives: [ -8.53542588  36.31539585 -24.13726179  45.72102625  27.90256985
   0.        ]
Current x array =  [-0.70608932 -0.79231169 -0.54112271  0.43954453 -2.2954314  -0.51082562
 -2.39429936  0.29088177 -1.19433539 -2.01016891 -3.78723946 -3.28866075
 -0.65676747 -0.47616946 -1.67896422 -0.90898931 -3.62211385 -0.86103021
 -2.10356257 -1.53007146 -0.81005484 -0.82187262]
log likelihood =  -21775.997142115506
Edge derivatives =  [24.746644488532315, -19.794611074062875, 30.1281155595248, 31.46567023421009, 8.29018769180585, 4.296174089015946, -3.622688117204074, 73.41148258566719, 33.76195258327149, -37.25973322197748, 5.499509718820034, -30.65651016052808, 17.036203363011445, -5.88459041134817, -4.2712767018979605, -18.438389189821933]
other derivatives: [ 55.93392416  78.59453035 -47.22205631  59.64720913  31.7057129
   0.        ]
Current x array =  [-0.71686654 -0.80998822 -0.53260435  0.42367117 -2.31502121 -0.51082562
 -2.35195505  0.32635508 -1.12232792 -1.96920536 -3.77412299 -3.27381285
 -0.67846668 -0.44992071 -1.6141549  -0.92390758 -3.61289062 -0.88047349
 -2.05161875 -1.47990966 -0.82057995 -0.83639419]
log likelihood =  -21758.869857613885
Edge derivatives =  [19.75398092066754, -20.298510623888077, 8.9806384784878, 25.022763784386783, 7.823245468283482, 3.221709772885044, 0.8901528559625169, 34.17412298591459, 19.566004468404312, -21.342505891575, 6.108795919758924, -13.454779650002735, 6.2672811664922685, -18.287529987071988, 4.090759895956529, -4.199920209661822]
other derivatives: [ 86.92550182  93.83438737 -47.7550202   50.33216439  22.85996743
   0.        ]
Current x array =  [-0.7226287  -0.82158771 -0.526698    0.43814286 -2.3229785  -0.51082562
 -2.27747008  0.34480434 -1.00958909 -1.88981574 -3.75033323 -3.25134203
 -0.71368345 -0.34624063 -1.50582284 -0.98071622 -3.59612126 -0.93596886
 -1.97316753 -1.42650389 -0.84033062 -0.87460148]
log likelihood =  -21746.02377512004
Edge derivatives =  [14.251122366206534, -7.557622834722506, -5.852856758866967, 18.27750697682349, 7.406711950899738, 3.2351063591849556, 6.110674611815459, -2.452077286514101, 4.553120876053234, 3.456610012856167, 6.8096013297978, 8.969616785457168, 0.3442081311167646, -13.721574209298211, 10.693569349982367, 10.48358493732098]
other derivatives: [-25.67285264   1.09212124 -52.22536856   3.61433194  14.02877388
   0.        ]
Current x array =  [-0.70480238 -0.79107168 -0.52651468  0.50035985 -2.29301407 -0.51082562
 -2.1976733   0.26228767 -0.96036101 -1.79763024 -3.72032858 -3.23797407
 -0.77331054 -0.27056308 -1.42138832 -1.08647771 -3.57509949 -1.02022625
 -1.93255328 -1.47032296 -0.86873379 -0.92947843]
log likelihood =  -21744.371197395565
Edge derivatives =  [12.590585173612054, -5.034338069270043, -7.7691767744102345, 15.428810428501423, 7.067220737193297, 2.8936322165646877, -0.2382718044145724, -16.4689740548546, 1.4459649307014644, 4.009545876194529, 6.319673407691619, 6.296773503029537, 0.6136118130425576, -8.559514009002369, 3.1298009031507337, 5.371373189385059]
other derivatives: [ 19.15504981   8.68240022   1.74695742 -19.96668288  -8.1712642
   0.        ]
Current x array =  [-0.71095585 -0.79299069 -0.535191    0.52868933 -2.26696993 -0.51082562
 -2.17505907  0.23627638 -0.96796893 -1.76591488 -3.70936011 -3.23315327
 -0.76238021 -0.24388143 -1.41143063 -1.09414045 -3.56467424 -1.01588867
 -1.933041   -1.50121911 -0.85159595 -0.91868585]
log likelihood =  -21743.326280193563
Edge derivatives =  [11.058934087594025, -5.318082012749589, -9.6981567537539, 13.73828487073153, 6.745103132642661, 2.531077786753845, -0.7763910240113224, -10.76046453803993, -1.88433656465946, 2.8808986938435375, 6.011442833726546, 4.274170959279718, -0.5461122322455335, -7.655058787215836, 0.4884510230273749, 2.6194163226687435]
other derivatives: [  1.81171345 -10.58651833  13.66206561 -22.93891157  -9.39107849
   0.        ]
Current x array =  [-0.70863585 -0.78716623 -0.53716027  0.53161712 -2.2638528  -0.51082562
 -2.15281529  0.23194595 -0.96609004 -1.74081382 -3.69916413 -3.22769122
 -0.76536416 -0.26091667 -1.39730169 -1.0942847  -3.55601103 -1.0116224
 -1.92508946 -1.51017249 -0.8465341  -0.91298009]
log likelihood =  -21741.091852823534
Edge derivatives =  [7.205590587158226, 0.2648778703280437, -10.328903413386756, 8.618076298084704, 6.043380540741196, 1.8017765440793734, -3.504408425344739, -0.7132790887194953, -7.664581319547014, 1.4464130201629857, 5.1361730737806415, -1.544572717238435, -1.0278920311078945, 0.22824454482580464, -7.7463968222306985, -5.467641981170409]
other derivatives: [-21.12574293 -32.72652975   0.22009772 -13.75956344 -13.16220732
   0.        ]
Current x array =  [-0.70640936 -0.77984689 -0.53603523  0.5212634  -2.25967991 -0.51082562
 -2.0874441   0.20057226 -0.98249682 -1.66188459 -3.66638771 -3.21259381
 -0.76569983 -0.2913605  -1.37127084 -1.09540351 -3.52718073 -0.99621306
 -1.91400203 -1.55575661 -0.82728336 -0.89323588]
log likelihood =  -21741.93524070975
Edge derivatives =  [3.355199008676018, 3.256871160690428, -10.25932106626061, 4.309869452537246, 5.496773851616088, 1.4793814705520758, -0.5462388647738391, 13.135845991116637, -12.356560198144221, 1.395095378376081, 4.825233909531047, -1.4021971418820176, -2.551822941147811, 3.115175748014713, -5.592363393951245, -5.489640697947488]
other derivatives: [-15.6032911  -10.33986337 145.92405932   4.23424353  21.76784619
   0.        ]
Current x array =  [-0.70473857 -0.78776569 -0.56330239  0.48455531 -2.29174392 -0.51082562
 -2.02149581  0.18586935 -0.99939013 -1.58524849 -3.63038182 -3.1966841
 -0.77906    -0.31857104 -1.35412948 -1.09695626 -3.49656098 -0.99302728
 -1.89887483 -1.5782535  -0.83112179 -0.89242375]
log likelihood =  -21740.564692105763
Edge derivatives =  [5.792839003395128, 1.4573060519936378, -10.234910374081727, 7.067370308904249, 5.8428976392217145, 1.685090148651852, -2.3454730458022404, 4.657673948191606, -9.422342816866047, 1.4630726908375165, 5.023559285923594, -1.4506440964634701, -1.5945820392427457, 1.359814214255864, -6.878690266216141, -5.432935528811007]
other derivatives: [-18.97897164 -24.05868145  57.58665793  -6.8670488    0.33469405
   0.        ]
Current x array =  [-0.70577429 -0.78285682 -0.54639944  0.5073107  -2.2718674  -0.51082562
 -2.06237724  0.1949837  -0.98891795 -1.63275531 -3.65270192 -3.20654655
 -0.77077802 -0.30170319 -1.36475543 -1.09599371 -3.5155422  -0.99500215
 -1.9082522  -1.56430765 -0.82874234 -0.89292719]
log likelihood =  -21739.794527426748
Edge derivatives =  [4.118781485413096, 5.831882175298812, -9.209499517298248, 4.43237961839098, 5.67210537494869, 1.4851157590753021, -2.9817926538870307, 4.95126504281828, -10.500624274187016, 2.2321371296833705, 4.803343656591462, -2.466180426817502, -1.428790593811014, 5.231726822894913, -8.253344446556953, -6.724845313094805]
other derivatives: [-13.55037966 -13.34265107  22.1956725    4.14111128  -0.05566108
   0.        ]
Current x array =  [-0.70734542 -0.78617709 -0.54053569  0.49604016 -2.27587345 -0.51082562
 -2.02776962  0.18118403 -0.99912247 -1.59036566 -3.63392307 -3.19815439
 -0.7712964  -0.30125925 -1.35572737 -1.09777853 -3.49906039 -0.99098846
 -1.9024311  -1.58288525 -0.82386011 -0.88817926]
log likelihood =  -21739.298871152525
Edge derivatives =  [3.2988689464589025, 8.023053601177475, -7.24876411403333, 3.0992139640481744, 5.667290727814493, 1.4899590701908025, -2.5635171374473487, 3.874137291896284, -9.479885022643835, 2.901589194481016, 4.836468619052112, -1.9127736573260783, -1.1473036863170158, 6.89877651180767, -6.448234509075647, -5.294126425068425]
other derivatives: [-0.19135769  2.79032975 -0.3943569   9.01418389  2.67536961  0.        ]
Current x array =  [-0.70949213 -0.79132899 -0.53656678  0.49100195 -2.28126966 -0.51082562
 -2.0058565   0.17796135 -1.01041399 -1.56383828 -3.61968493 -3.19249741
 -0.77348475 -0.29553723 -1.35757751 -1.09746407 -3.48669454 -0.99101026
 -1.89991165 -1.58878139 -0.82715116 -0.89056968]
log likelihood =  -21738.779992744105
Edge derivatives =  [2.3202656268101878, 8.664018971838749, -4.4192724150610365, 1.644249505279303, 5.658302365946813, 1.5451856283599212, -1.7815693529886159, 2.370599576142314, -7.328631452104294, 3.0072380310343103, 4.940193911112121, -0.9153168461075358, -0.8997127280932112, 7.6623082283963795, -2.868924821291378, -2.546152469110736]
other derivatives: [ 14.80257197  16.86457836 -15.73826012   9.89748514   6.37301127
   0.        ]
Current x array =  [-0.71172748 -0.79595443 -0.533664    0.49020446 -2.28649099 -0.51082562
 -1.98076972  0.18056224 -1.02793672 -1.5341615  -3.60087028 -3.18563416
 -0.77777862 -0.28840459 -1.3667191  -1.09469247 -3.47044963 -0.99228236
 -1.89826661 -1.58993205 -0.83582707 -0.89709307]
log likelihood =  -21738.154033072817
Edge derivatives =  [0.7429472977695457, 6.53758225238869, -0.9098829373680155, -0.5672423381788789, 5.536178775605563, 1.5759976097980595, -1.3838868819038699, -0.2469924610237988, -4.165766332428895, 1.5880520699941272, 4.996739201571865, -0.3969315434166202, -0.8162120852624252, 7.194662818888009, 1.4754706690036299, 0.4890078599981638]
other derivatives: [ 13.01341399  24.58400559 -21.94028639   7.91187631   6.87286956
   0.        ]
Current x array =  [-0.71142987 -0.79907194 -0.53241159  0.49333304 -2.28862088 -0.51082562
 -1.94849708  0.19093622 -1.05456533 -1.49673308 -3.57344671 -3.17602494
 -0.78352585 -0.27994326 -1.38509805 -1.08713825 -3.44664374 -0.99280378
 -1.89760069 -1.58567336 -0.84840002 -0.90612302]
log likelihood =  -21739.01310261652
Edge derivatives =  [-2.0373316649003406, 0.1948084496811215, 3.1128380743278417, -3.485478723070967, 5.090605596476819, 1.3891393212731704, 1.6186870734080483, 3.875850582625006, 0.5286212084491414, -1.272454440336145, 4.7712197431288175, 0.9544929556058501, -1.2376297729809693, 3.1691451986174717, 6.242538374317787, 4.436061130116552]
other derivatives: [112.61618056 -41.01493687 -12.06899469   2.6429916   15.06923581
   0.        ]
Current x array =  [-0.72932384 -0.77478908 -0.53215037  0.49254169 -2.29080583 -0.51082562
 -1.90049432  0.21487348 -1.09475085 -1.44626472 -3.52027239 -3.15834459
 -0.80178148 -0.28899764 -1.41910196 -1.0758967  -3.40023384 -0.99598436
 -1.89833613 -1.56445038 -0.86477474 -0.9187253 ]
log likelihood =  -21737.936891436915
Edge derivatives =  [-0.09737757938540109, 4.583236303745577, 0.3960544570286974, -1.4389126411617448, 5.405959682793224, 1.5199608853832283, -0.4361061808395629, 1.038759017584808, -2.677256184552484, 0.7100846578024069, 4.932265175851489, 0.02692000200237077, -0.9467303759711713, 5.963864230166801, 2.972053494722058, 1.724243481787703]
other derivatives: [ 44.55760063   4.68171493 -18.90330168   6.24240784   9.49366949
   0.        ]
Current x array =  [-0.71697307 -0.79154959 -0.53233067  0.4930879  -2.28929773 -0.51082562
 -1.93362678  0.1983515  -1.067014   -1.48109899 -3.55697436 -3.17054792
 -0.78918108 -0.28274812 -1.39563178 -1.08365584 -3.43226688 -0.99378906
 -1.89782852 -1.5790989  -0.85347258 -0.91002696]
log likelihood =  -21737.510980191364
Edge derivatives =  [-1.3587288440517067, 0.14363169274724363, 2.715216691100937, -3.072427767380263, 5.198195427666356, 1.4970724137983682, -0.8737752049679783, -1.730990098056906, 0.06097217498647267, -1.7470480156917634, 4.825221555356608, -0.5381264545600652, -0.9299265655565396, 3.985133192524039, 4.654797464107796, 2.6135941989918803]
other derivatives: [12.80131983  2.21552909 -9.71158443  2.47637217  3.79113771  0.        ]
Current x array =  [-0.71202011 -0.79183404 -0.53417609  0.49918504 -2.28478982 -0.51082562
 -1.91460277  0.2116183  -1.08932668 -1.46016657 -3.53406909 -3.16322984
 -0.7927555  -0.27752019 -1.41657275 -1.07507008 -3.41202761 -0.99289862
 -1.90070619 -1.56941191 -0.86078077 -0.91521149]
log likelihood =  -21737.386293917258
Edge derivatives =  [-1.5039258585565827, -2.0246411221474654, 2.7570129674681696, -2.9979278623940235, 5.112567348907766, 1.4359790925505016, -0.7194923450282018, -1.2745641327806778, 0.5898365130699779, -2.513886996745029, 4.7152929473452065, -0.8512504952976436, -1.0586081293338683, 2.3708904697477817, 3.8248199201148543, 1.992466333839737]
other derivatives: [ 1.67965482 -1.90229912  0.08440111 -0.51040843  0.33578544  0.        ]
Current x array =  [-0.7102504  -0.79075683 -0.53589665  0.50313262 -2.28061799 -0.51082562
 -1.91551447  0.21699781 -1.09140964 -1.4629885  -3.52785602 -3.16160167
 -0.79440878 -0.28026828 -1.42246737 -1.07347409 -3.4063705  -0.99302608
 -1.90261277 -1.56198248 -0.85984882 -0.91489672]
log likelihood =  -21737.28624636125
Edge derivatives =  [-1.582124883569902, -3.3706474115600438, 2.3836744277709694, -2.7542657002542055, 5.012925224428721, 1.3245024484322527, -0.22190929970102102, 0.21107224159810833, 0.7288440176933103, -2.6778930436401036, 4.547697936660199, -1.0132637874240609, -1.1980765727208393, 0.7979346764215157, 2.121504618068928, 0.8864824814467451]
other derivatives: [-6.46141416 -6.51743903  6.60620572 -2.1111191  -2.16714398  0.        ]
Current x array =  [-0.70901607 -0.78938358 -0.53706278  0.50525434 -2.27732584 -0.51082562
 -1.91751955  0.21971304 -1.08997463 -1.46773206 -3.52023643 -3.15951607
 -0.79664018 -0.28530674 -1.42540721 -1.07421402 -3.39940282 -0.99371996
 -1.90435269 -1.55460441 -0.85619459 -0.91298506]
log likelihood =  -21737.15216398267
Edge derivatives =  [-1.7069882959493297, -4.126659301097893, 1.9502708609614747, -2.4550845351017676, 4.868489825314674, 1.1408783157552067, 0.7286760062120077, 2.2160384916365237, 1.0039284456116295, -2.251025664118796, 4.292502157166751, -0.886555023626052, -1.2631603972421683, -1.0731282364358745, -0.24586536730779857, -0.4704820339847209]
other derivatives: [-9.88984539 -7.65357981 10.45918907 -3.01188265 -4.28517524  0.        ]
Current x array =  [-0.70848792 -0.78907661 -0.53770747  0.50655949 -2.27460998 -0.51082562
 -1.91791858  0.22105727 -1.08757118 -1.47187374 -3.50504113 -3.15511421
 -0.80014839 -0.29103356 -1.42850496 -1.07690708 -3.3856515  -0.99539331
 -1.9067431  -1.54499139 -0.85049069 -0.91025014]
log likelihood =  -21736.86701507751
Edge derivatives =  [-2.434692233798454, -3.2654022013417263, 1.1438372480250822, -2.713644808322983, 4.398296025264585, 0.6351695696725492, 2.128660412645256, 4.151368189539225, 1.3554100000844214, -0.6414012850813395, 3.6416319875910146, -0.3687456103846048, -1.1247577205941497, -3.6586059393445294, -4.455251890828831, -2.7740749855590088]
other derivatives: [-21.63287718 -14.13172868   6.20384526  -1.74877641  -4.12583177
   0.        ]
Current x array =  [-0.70697608 -0.7874586  -0.53698412  0.5052929  -2.27507223 -0.51082562
 -1.90882673  0.2168529  -1.08458891 -1.46891825 -3.45822484 -3.14112631
 -0.80628801 -0.29586761 -1.43241435 -1.08477613 -3.34380595 -0.99920783
 -1.91164172 -1.53095091 -0.84024531 -0.90568545]
log likelihood =  -21736.78418120212
Edge derivatives =  [-2.8453423439286416, -2.0314539613552083, 0.2055540258130622, -1.684766813187755, 3.421221213912299, -0.3603837469857558, 4.80650998435494, 5.7158361735397705, 3.366976316341179, 2.5889556712484962, 2.3630005044686846, 1.2080478578196672, -0.17344973467338987, -9.35484626179547, -10.121328052340361, -5.364251417029582]
other derivatives: [19.18924681 19.94885679 42.31769708 -7.37854862 -5.87169779  0.        ]
Current x array =  [-0.71205071 -0.79865039 -0.5423167   0.51026231 -2.27221869 -0.51082562
 -1.90165217  0.21324554 -1.07810856 -1.47684009 -3.35723075 -3.11276388
 -0.81463823 -0.29683712 -1.44647002 -1.0979242  -3.25374651 -1.00722748
 -1.92617751 -1.4982345  -0.82618882 -0.90089747]
log likelihood =  -21736.355361113267
Edge derivatives =  [-2.9741520048105783, 0.18525024095456982, 0.32275037180634425, -2.301388264229341, 3.400963340254203, -0.3628583543923474, 4.0039576845885, 3.7850417026503647, 2.9146021545060643, 2.8567249531444032, 2.420166311689524, 1.1926975051527589, 0.01787170017998707, -7.2781383413799885, -8.666639220135147, -4.5332344804586295]
other derivatives: [-1.74477464  2.951856    0.2066372  -1.87646947 -2.72848411  0.        ]
Current x array =  [-0.70979699 -0.79337571 -0.53535083  0.50544652 -2.27761244 -0.51082562
 -1.897349    0.20754467 -1.07820828 -1.47016101 -3.35604724 -3.11238943
 -0.81227784 -0.2918017  -1.44118217 -1.09865217 -3.25304193 -1.00677328
 -1.92463892 -1.50746495 -0.82983242 -0.90273572]
log likelihood =  -21736.19392227144
Edge derivatives =  [-2.9230701566344175, 2.136924389262357, 0.2710332118234726, -2.5199057332142205, 3.3016216663807314, -0.4270901386940664, 3.1405451918767175, 1.2805745159793904, 2.5341548133117167, 3.1998259256284634, 2.418348038157444, 1.3558518966797986, 0.3615487438566104, -5.648384712892622, -6.849088225565597, -3.429649288587517]
other derivatives: [ -0.9615178    1.05537765 -10.1787009    0.32996468   0.95569703
   0.        ]
Current x array =  [-0.71007378 -0.79286278 -0.53359496  0.5026014  -2.28228216 -0.51082562
 -1.89574178  0.20234349 -1.07731218 -1.46770063 -3.34684111 -3.11029366
 -0.80891823 -0.28440504 -1.43745003 -1.09951657 -3.24526431 -1.00670462
 -1.92507554 -1.51459504 -0.83438606 -0.90533996]
log likelihood =  -21735.937679672887
Edge derivatives =  [-2.818662547072772, 4.367493896505574, -0.39695051656274494, -2.464419029480154, 2.7404763064407853, -0.8445574202361325, 1.8013809675200971, -2.650320472302302, 1.9362528122511615, 3.6019553693776127, 2.029620231050821, 1.5092795409665505, 1.114534196029364, -4.300424987812933, -4.3931219096301755, -2.0144868842943073]
other derivatives: [  2.54913175   0.25866029 -13.90217221   2.25700205   4.34120011
   0.        ]
Current x array =  [-0.71066321 -0.79283432 -0.53289912  0.49981346 -2.28664647 -0.51082562
 -1.89607775  0.19564155 -1.07303062 -1.47116378 -3.30327731 -3.10011095
 -0.80359509 -0.27362123 -1.43391565 -1.10193711 -3.2074215  -1.00770573
 -1.92986143 -1.51990527 -0.84204556 -0.91020455]
log likelihood =  -21735.549201457237
Edge derivatives =  [-2.3432607850435327, 3.6421919941140812, -0.8490189476783455, -1.5918483494234112, 1.3988345598625036, -1.743132623853699, 0.3384243839382801, -4.3975558605205425, 1.3661690243071583, 1.9253998298748334, 1.04625777439994, 0.711900797625326, 2.2134794233276294, -3.0246104728807097, 0.1929852070447835, 0.3128454037727098]
other derivatives: [  2.05109245   3.09300958 -23.66432454   2.43599061   0.87020453
   0.        ]
Current x array =  [-0.71063984 -0.79395611 -0.53115398  0.50118644 -2.28362298 -0.51082562
 -1.90455768  0.19928129 -1.06945029 -1.48787309 -3.21192164 -3.08182042
 -0.79624796 -0.27064829 -1.43366857 -1.09886475 -3.12816296 -1.00795316
 -1.93848483 -1.52474313 -0.85897007 -0.92064702]
log likelihood =  -21738.65347322732
Edge derivatives =  [-0.593614461965162, 5.171371028992408, -9.569058806033723, 0.5393571343668055, -1.3177017842557412, -3.2282066575274797, -4.753572392055563, 0.7243754959315529, -12.164248842349503, -1.157984110660501, -0.6487678630946101, -1.2317820315025727, 1.7981918077441195, 5.865859165581441, 5.741182230829374, 1.6828175151397495]
other derivatives: [-21.61650627 -63.52966011 123.39514797   6.63567334  29.30682967
   0.        ]
Current x array =  [-0.70586255 -0.77320541 -0.55777023  0.48092389 -2.30202961 -0.51082562
 -1.95718008  0.18009796 -1.02388718 -1.54863701 -3.10691786 -3.07481141
 -0.77203549 -0.28739561 -1.37403737 -1.10451335 -3.03944992 -1.00664493
 -1.93335285 -1.58704275 -0.88221435 -0.93203408]
log likelihood =  -21735.451257226767
Edge derivatives =  [-2.06817533252356, 3.9028991636463375, -2.0679054430752553, -1.2486393893561136, 1.0244457838555765, -1.9585556987056292, -0.3646892721436616, -3.587422577314468, -0.5705005379969197, 1.5002413102876238, 0.8171177649104332, 0.45370673662338784, 2.1424556388235025, -1.6487739663551317, 1.0565266575712324, 0.5437157618118511]
other derivatives: [-1.33186404 -6.4716005  -0.88657544  3.06572474  5.21940819  0.        ]
Current x array =  [-0.70993114 -0.79087779 -0.53510243  0.49818054 -2.28635356 -0.51082562
 -1.91236408  0.19643549 -1.06269112 -1.49688727 -3.1963446  -3.08078065
 -0.7926561  -0.27313271 -1.42482243 -1.09970271 -3.1150026  -1.00775909
 -1.93772351 -1.53398512 -0.8624183  -0.92233626]
log likelihood =  -21735.338437284918
Edge derivatives =  [-1.5671743551546753, 1.5254886652874005, -1.8840996368542267, -0.4182487181961425, 0.523219768907746, -2.2414918332963993, -0.5334191551530139, -1.7703449512131901, -0.7217368279609584, -0.13889426721175047, 0.45637389418985513, -0.24889132469514283, 2.3144570497031003, -1.3935650763402394, 2.743311522975501, 1.2957968193761533]
other derivatives: [-0.55733835 -1.43518264  0.37071004  1.01063051  0.38853614  0.        ]
Current x array =  [-0.70988843 -0.79238839 -0.53525219  0.50179517 -2.28070724 -0.51082562
 -1.92185517  0.2047986  -1.06259477 -1.50957434 -3.16670993 -3.07736419
 -0.7903439  -0.2792929  -1.42620597 -1.09513988 -3.08947538 -1.0069471
 -1.93945519 -1.53553013 -0.86933071 -0.92640104]
log likelihood =  -21735.284127725954
Edge derivatives =  [-0.8261372750050797, 0.6234858631776681, -1.1635616756229403, 0.4627200946318956, 0.45200125807635066, -2.233414601174483, 0.0012810674087687102, 0.823431386400642, -0.8042828428775692, -0.4106148884239559, 0.3184846259083295, -0.22100925506116037, 1.97241522216462, -0.5795726344641217, 1.7337443378459323, 0.830560365462444]
other derivatives: [ 8.53433448 -0.38598955 -0.75415301 -0.75015123  0.77670848  0.        ]
Current x array =  [-0.71121531 -0.79241768 -0.53484272  0.50363794 -2.28004445 -0.51082562
 -1.9320151   0.20964422 -1.06346228 -1.51879245 -3.15970111 -3.0822574
 -0.78970494 -0.28557871 -1.42567589 -1.09427955 -3.08358873 -1.00710987
 -1.93509702 -1.54025445 -0.86648884 -0.92513281]
log likelihood =  -21735.267495284374
Edge derivatives =  [-0.09753082076748473, -0.8172746993494359, -0.026186527013214, 1.1577995984484137, 0.42786111413238537, -2.124690043510603, 0.37774401962972837, 2.6101936313568292, -0.7435012289547362, -0.6442496491103608, 0.17859939978171233, -0.18099797342892998, 1.2850462913817287, 0.27386663249169296, -0.2068762178045188, -0.22330465410789874]
other derivatives: [-11.99514372   6.0761522    0.51695679  -1.53486326  -0.21973392
   0.        ]
Current x array =  [-0.70774396 -0.79504414 -0.5353279   0.50550756 -2.27928823 -0.51082562
 -1.94279746  0.21536495 -1.06706648 -1.52642184 -3.15515959 -3.09071467
 -0.78918003 -0.29032569 -1.42673956 -1.09376758 -3.0799288  -1.00755927
 -1.9278076  -1.54629934 -0.86114551 -0.92272536]
log likelihood =  -21735.240143800456
Edge derivatives =  [-0.1521696611231326, -0.2890574226808271, -0.07949135787354278, 1.0095492434546869, 0.49312194770303824, -2.0867542874018925, 0.26077397123199875, 1.9382742409606846, -0.7256921375701313, -0.3716269090366334, 0.23285197977283242, -0.04823928252062709, 1.2667332714790713, 0.38958605837370286, -0.24591291858053532, -0.16170404814253114]
other derivatives: [-1.22781785  1.78006303 -1.23436621 -1.17979653  0.79708116  0.        ]
Current x array =  [-0.70958728 -0.79334316 -0.53489193  0.50448405 -2.28018819 -0.51082562
 -1.94132788  0.21374241 -1.06710279 -1.52412826 -3.15867533 -3.09150181
 -0.78909062 -0.28835883 -1.42635493 -1.0944607  -3.08301756 -1.00761573
 -1.92729861 -1.54676251 -0.86068402 -0.92243241]
log likelihood =  -21735.229511619007
Edge derivatives =  [-0.10461199614739747, -0.10718046420930533, 0.07126520712411938, 0.9327582734894881, 0.49792063035093426, -2.049845241754546, 0.0778788301087126, 1.1320503659587753, -0.6508669477580996, -0.18969464218959953, 0.22156617389570424, 0.05834558663527617, 1.1341249979977637, 0.6098911919212995, -0.4728854115525664, -0.22301296445689983]
other derivatives: [ 1.27838575  0.04365575 -2.18351488 -0.73705451  1.07538654  0.        ]
Current x array =  [-0.71006482 -0.79271967 -0.53472177  0.50379693 -2.28069019 -0.51082562
 -1.94160961  0.21319877 -1.06806072 -1.52303404 -3.15813657 -3.09341974
 -0.78865685 -0.28625578 -1.42672108 -1.09501282 -3.08265716 -1.00779718
 -1.92567613 -1.54811411 -0.85992381 -0.92214443]
log likelihood =  -21735.21266818026
Edge derivatives =  [0.057506209355472265, -0.2392665320251896, 0.5052917064291889, 0.8284018473844849, 0.45563016364989484, -1.9694263589628174, -0.2850052315865866, -0.38254783399700365, -0.3832171635193029, 0.023236630667072933, 0.14635090868659378, 0.209532431334034, 0.7182147314005161, 0.9244069212904468, -0.9898389130547541, -0.4096059917635209]
other derivatives: [ 2.46836862e+00 -1.61053322e+00 -2.13258318e+00  2.18278728e-03
  5.54064172e-01  0.00000000e+00]
Current x array =  [-0.71036    -0.79215927 -0.53478524  0.50288629 -2.28068156 -0.51082562
 -1.94363642  0.2135341  -1.07077008 -1.52172641 -3.15350955 -3.09880129
 -0.78783028 -0.28261938 -1.42871201 -1.09575167 -3.07898579 -1.0081637
 -1.92136256 -1.55055265 -0.85853355 -0.92173906]
log likelihood =  -21735.19633470782
Edge derivatives =  [0.23770487995563894, -0.25225160351209225, 1.0129251431405983, 0.6743221380417923, 0.45337595266877206, -1.8048481559118699, -0.36784560013078554, -1.287806118525257, 0.16886081999716862, 0.30182486795120633, 0.12344593104120209, 0.38720077170880873, 0.09906812650384672, 0.9192607035259707, -0.9040961958575222, -0.2701702841956622]
other derivatives: [ 6.97582436  2.32539605  3.84643499 -0.01164153  0.76252036  0.        ]
Current x array =  [-0.71090926 -0.793401   -0.53581312  0.50252837 -2.28097841 -0.51082562
 -1.94545315  0.21374258 -1.07368946 -1.51847479 -3.1486072  -3.1083209
 -0.7878267  -0.27997756 -1.43228551 -1.09627494 -3.07552569 -1.00822846
 -1.91549306 -1.55136074 -0.85860424 -0.92200627]
log likelihood =  -21735.17694086274
Edge derivatives =  [0.43347037966568364, -0.5265023811987082, 1.3262346703735257, 0.5133740655122616, 0.33504701728014497, -1.69279632336114, -0.617128199132347, -2.016239589360805, 0.5566347639247372, 0.25194434084365847, 0.022676412439697514, 0.3286601893899233, -0.5525049714622559, 0.9122472505090127, -0.4563204742129497, -0.03927149958282333]
other derivatives: [1.70221028 0.275395   1.76660251 0.61008905 0.13205863 0.        ]
Current x array =  [-0.71019056 -0.79281611 -0.53558028  0.50213187 -2.28060894 -0.51082562
 -1.94871143  0.21445464 -1.07558231 -1.51687582 -3.13828718 -3.11819402
 -0.78744225 -0.27859336 -1.43539697 -1.09626486 -3.06755469 -1.00803406
 -1.90970117 -1.5524551  -0.86037042 -0.92313163]
log likelihood =  -21735.159241485235
Edge derivatives =  [0.5523557334713652, -0.6276042174008498, 1.3460369548958993, 0.3596546002391909, 0.2903024939432973, -1.5589679632170022, -0.5130642892625322, -1.432187851477031, 0.8431201377106798, 0.12478395121803698, 0.0058935695552504025, 0.17160492301106395, -1.1217412326622402, 0.613767020277967, 0.3244573464101384, 0.30279758612825386]
other derivatives: [-2.15222826  0.2233719   1.14268914  0.58680598  0.00400178  0.        ]
Current x array =  [-0.70957617 -0.79283162 -0.53554021  0.50237662 -2.28020281 -0.51082562
 -1.95107268  0.21463741 -1.07553267 -1.51492089 -3.1322256  -3.12882437
 -0.78806276 -0.280288   -1.43755454 -1.09584971 -3.06344852 -1.00740405
 -1.90511705 -1.55173078 -0.86289915 -0.92433179]
log likelihood =  -21735.14025088417
Edge derivatives =  [0.6100232288847787, -0.3285216297447819, 1.00719749905586, 0.1124831966740594, 0.2760425028219762, -1.3901308176028513, -0.24373972819921164, -0.16495335941591582, 0.96420445793748, 0.008021328523538318, 0.02611201202096193, -0.06476133206109869, -1.6609834835752304, 0.2228363904182515, 1.251590506145097, 0.6691552306643098]
other derivatives: [-3.8970029   0.42091415  0.10186341  0.45911293  0.23646862  0.        ]
Current x array =  [-0.70927679 -0.79286218 -0.53537964  0.50265739 -2.27988773 -0.51082562
 -1.95282876  0.21341308 -1.07328777 -1.51183567 -3.12736554 -3.1428696
 -0.78929352 -0.2835973  -1.43834635 -1.09548246 -3.06085486 -1.00642038
 -1.90099385 -1.55034579 -0.8657209  -0.92541292]
log likelihood =  -21735.114996219487
Edge derivatives =  [0.5169472228203862, 0.007822431514816597, 0.2915038524657759, -0.3594548374822858, 0.260452906728931, -1.1805508728449576, -0.07455538127458822, 0.5442905123535673, 0.8290886124173464, -0.13441059814019973, 0.011467383176634836, -0.31879511871001626, -2.0045468624924783, -0.19454418236853796, 1.1970669267433556, 0.48887281212604566]
other derivatives: [-3.70382622 -0.50167728  0.67702786 -0.05929905 -0.81854523  0.        ]
Current x array =  [-0.70934995 -0.79254594 -0.53542995  0.5034756  -2.27852454 -0.51082562
 -1.95313933  0.21140665 -1.06954089 -1.50698045 -3.12257574 -3.16255835
 -0.79097686 -0.28587224 -1.43760227 -1.0953532  -3.05901409 -1.00555145
 -1.89889391 -1.54873061 -0.86579478 -0.92501149]
log likelihood =  -21735.23525232594
Edge derivatives =  [0.7625692328646074, 3.220796767575916, 0.18765251153023316, -1.1555851312641856, 0.48367976683194425, -0.4405868846086824, 1.223518865746365, 1.188483885321837, 1.7532072125374054, 0.965135546670872, 0.1044699697067889, 0.20620333238257393, -1.9395376510729554, 0.08999253974900015, 0.9873863640846596, 0.6901917788091103]
other derivatives: [  3.25017027  15.32753231 -36.79451765   2.5749614   -0.09385985
   0.        ]
Current x array =  [-0.71062679 -0.7978998  -0.52878694  0.50267293 -2.28190216 -0.51082562
 -1.95166537  0.20589811 -1.0631341  -1.49157709 -3.10737874 -3.22599275
 -0.79548633 -0.28488701 -1.43608385 -1.09674325 -3.05342208 -1.00503908
 -1.89670842 -1.54632667 -0.86286453 -0.92328978]
log likelihood =  -21735.104980341464
Edge derivatives =  [0.5713466231862386, 0.708007165809428, 0.2722018328942117, -0.5298512657246004, 0.3096682935844455, -1.010918554113553, 0.21068310628212833, 0.6864651504715495, 1.0320474222039333, 0.10643417329332949, 0.032395480699804795, -0.20148090312016484, -1.9897117756149623, -0.13200179461478675, 1.1542820885879714, 0.5351185200270215]
other derivatives: [-2.18751666  2.95913196 -7.37381924  0.51149982 -0.65665517  0.        ]
Current x array =  [-0.70962701 -0.79370765 -0.53398851  0.50330143 -2.27925744 -0.51082562
 -1.95281951  0.21021138 -1.06815071 -1.50363814 -3.1192782  -3.17632272
 -0.79195535 -0.28565846 -1.43727279 -1.09565482 -3.0578007  -1.00544027
 -1.89841969 -1.54820899 -0.86515896 -0.92463791]
log likelihood =  -21735.080384446035
Edge derivatives =  [0.332238738098255, 1.156185643130303, -0.697939777816241, -1.0864819511930082, 0.30208356766038486, -0.8000934293791018, 0.362239766317209, 0.918993505320878, 0.5855193816949575, 0.0047671587730654386, -0.0003411779652096464, -0.32559805724159424, -1.8739067815727992, -0.4520425884739344, 0.2379075826918473, -0.060545293739929895]
other derivatives: [-0.45147317  0.97534212 -3.52265488 -0.35324774 -1.38279574  0.        ]
Current x array =  [-0.70994905 -0.79313272 -0.53450205  0.50421926 -2.27845029 -0.51082562
 -1.95106296  0.20777135 -1.06321739 -1.49820841 -3.11553415 -3.19881338
 -0.79387468 -0.28656238 -1.4343751  -1.09581998 -3.05735419 -1.00499034
 -1.90034819 -1.54658044 -0.8625595  -0.92292723]
log likelihood =  -21735.059268304798
Edge derivatives =  [0.28339130812518315, 1.3407310084463204, -1.0042312990196474, -1.2468323882431052, 0.23647125245378345, -0.6367568591806763, 0.5236621801938021, 0.8628051475483489, 0.28462862779480747, -0.018490454873702156, -0.07100394962066056, -0.16251818282088648, -1.4450259135655013, -0.33547453455671644, -0.24676201913607676, -0.24914221205837533]
other derivatives: [ 0.85674401 -0.1542503  -0.71668182 -0.55842975 -0.19099389  0.        ]
Current x array =  [-0.71016265 -0.79291825 -0.53481775  0.50408823 -2.27989749 -0.51082562
 -1.95039007  0.20780018 -1.06080142 -1.49638003 -3.10740589 -3.21807313
 -0.79463407 -0.28596888 -1.43188667 -1.09588242 -3.05295206 -1.00519385
 -1.90402592 -1.54653062 -0.86092859 -0.92222289]
log likelihood =  -21735.03296443513
Edge derivatives =  [0.2917008926839356, 0.8634007758716556, -1.0751583083786458, -1.2087690695995097, 0.0400966410525866, -0.42824232730199147, 0.5563692876962868, 0.21182938258687267, -0.17975541434840833, -0.16777576339873457, -0.2504621051878959, 0.13127059763944804, -0.4507736796420896, 0.08492604521155958, -0.7827177473363066, -0.36514893189779857]
other derivatives: [ 3.66781023 -1.17142918  1.47774699 -0.07275958  0.3768946   0.        ]
Current x array =  [-0.71068498 -0.79279099 -0.53495495  0.50330245 -2.28139524 -0.51082562
 -1.95012444  0.21099641 -1.05890055 -1.49737992 -3.0891515  -3.24755019
 -0.79453313 -0.28388786 -1.42804544 -1.09565621 -3.04156712 -1.00580333
 -1.91226289 -1.54718337 -0.85926678 -0.92190354]
log likelihood =  -21735.04492112044
Edge derivatives =  [0.16003315854737266, 0.47454646336838113, -1.0293759803866833, -1.0757767312705246, 0.0039947142686306905, -0.2468872115465146, 0.5994136306523343, 0.017187555845220803, -0.681062424451008, -0.08507101789058935, -0.2794541733638938, 0.27167189099587646, 0.5651479988832311, 0.27300667560398395, -1.1312139392479672, -0.5637432065297244]
other derivatives: [-12.9595719    4.06362233   4.00250428   0.52095857   0.81454345
   0.        ]
Current x array =  [-0.70792651 -0.79518582 -0.53546747  0.50317539 -2.28307503 -0.51082562
 -1.94770897  0.21333568 -1.05764478 -1.49977743 -3.08153684 -3.26891787
 -0.7941089  -0.28300372 -1.42383474 -1.0961234  -3.03864903 -1.00603531
 -1.92121393 -1.54665031 -0.85795741 -0.92133953]
log likelihood =  -21735.028262090396
Edge derivatives =  [0.24614385044582546, 0.7287647259948413, -1.059007336554929, -1.162515058862069, 0.02784921276426823, -0.3642808792505724, 0.5714123218841864, 0.14442954596707258, -0.35307427757664583, -0.13892047441416877, -0.26039768492138304, 0.18025949026152838, -0.09674405972955773, 0.14996937191322016, -0.903330768331263, -0.4338335317065057]
other derivatives: [-2.08383426  0.64828782  2.35449988  0.13242243  0.53005351  0.        ]
Current x array =  [-0.70972789 -0.79362191 -0.53513277  0.50325836 -2.28197807 -0.51082562
 -1.94928636  0.21180805 -1.05846484 -1.49821177 -3.08650949 -3.254964
 -0.79438594 -0.28358109 -1.42658448 -1.09581831 -3.04055465 -1.00588382
 -1.91536858 -1.54699842 -0.85881248 -0.92170785]
log likelihood =  -21735.021602240027
Edge derivatives =  [0.35379991170437997, 0.24348372083859365, -0.6895313712758275, -0.9633173298156927, -0.07503123073627818, -0.3169311351972263, 0.4600748575260775, -0.2784608109469606, -0.33369657920887275, -0.17582674438582946, -0.33806600460227054, 0.28535888890263955, 0.1807082503425478, 0.37912617185866504, -0.6534685650150756, -0.2154480850105951]
other derivatives: [-0.72686817  0.18335413  1.34241418  0.51149982  0.61118044  0.        ]
Current x array =  [-0.7099921  -0.79348704 -0.53489923  0.5028354  -2.28242089 -0.51082562
 -1.95017793  0.21436691 -1.05974256 -1.50060365 -3.07805498 -3.26284281
 -0.79347831 -0.28240765 -1.42644508 -1.09569573 -3.03460894 -1.00609993
 -1.91739286 -1.54770289 -0.85959956 -0.92243075]
log likelihood =  -21735.015717241928
Edge derivatives =  [0.3529606856191362, -0.15811816276617863, -0.37539731417121086, -0.74670277747823, -0.09730059531496725, -0.2714599866147269, 0.28695519393528107, -0.2672350666864354, -0.3137100017001598, -0.12599482557439112, -0.3396433288586944, 0.1650467989376877, 0.34505596279369044, 0.30816283547350876, -0.2870301293223197, -0.07226038424388925]
other derivatives: [-1.04118953 -0.70576789 -0.70540409 -0.00218279  0.16079866  0.        ]
Current x array =  [-0.70998272 -0.79318308 -0.53451126  0.50367005 -2.28190545 -0.51082562
 -1.94964568  0.21602652 -1.06106972 -1.50368177 -3.07481101 -3.26817712
 -0.79233045 -0.28266129 -1.42638865 -1.09593062 -3.03313912 -1.00569526
 -1.91895874 -1.54707964 -0.86080408 -0.92293928]
log likelihood =  -21735.015871054977
Edge derivatives =  [0.4049334211641296, -0.5798113278188322, 0.28158701836832417, -0.3350293080931811, -0.07649351332927459, -0.15497224592142403, 0.16872481582423043, 0.23563559029289083, -0.04150448873187243, 0.12140475694577868, -0.2820211877843438, 0.010013275391762722, 0.3476838913137949, 0.04088769168847037, 0.7392877230869143, 0.39668181120600393]
other derivatives: [ 3.63761501  3.99486453  2.37378117 -0.93205017  0.09204086  0.        ]
Current x array =  [-0.71051138 -0.79458197 -0.53497104  0.50469616 -2.28135649 -0.51082562
 -1.94888332  0.21806074 -1.06381171 -1.50822834 -3.07084605 -3.27790221
 -0.79060448 -0.28376124 -1.42764211 -1.09643932 -3.03206806 -1.00477627
 -1.9190989  -1.54544934 -0.86366719 -0.92412388]
log likelihood =  -21735.01301442583
Edge derivatives =  [0.378602189667106, -0.3658525625768149, -0.05124579737156548, -0.5434571572832814, -0.08696929227738909, -0.2137662992205098, 0.2289138668794729, -0.019387525707888376, -0.17937972025621401, -0.003894610003585597, -0.31124054720268474, 0.08876777909099931, 0.3463726858802971, 0.17652642599637183, 0.2192472676380739, 0.1590129184416028]
other derivatives: [ 1.26674422  1.6141712   0.81272447 -0.46056812  0.12732926  0.        ]
Current x array =  [-0.71024331 -0.79387263 -0.5347379   0.50417585 -2.28163486 -0.51082562
 -1.94926989  0.21702924 -1.06242132 -1.5059229  -3.07285657 -3.27297088
 -0.79147967 -0.28320348 -1.42700652 -1.09618137 -3.03261117 -1.00524227
 -1.91902783 -1.54627602 -0.86221539 -0.9235232 ]
log likelihood =  -21735.01068876103
Edge derivatives =  [0.30931433924011137, -0.4360300308625565, 0.03900030014074202, -0.4657188506936214, -0.052727462208094586, -0.17446276212927017, 0.11233520311856138, 0.17372689686992393, -0.14163455194262867, 0.06841371431802001, -0.2724365109110574, -0.0751026218441675, 0.3028936938494189, -0.05344398026521882, 0.39228282749719484, 0.157130817833384]
other derivatives: [-0.24701876  0.48894435 -0.75015123 -0.80326572 -0.2921297   0.        ]
Current x array =  [-0.71004328 -0.79348105 -0.53449117  0.50476576 -2.28102017 -0.51082562
 -1.94815048  0.21697028 -1.06297569 -1.50740608 -3.07380496 -3.27583884
 -0.79089765 -0.28398808 -1.42722745 -1.09648966 -3.0343123  -1.00471878
 -1.91902558 -1.54518535 -0.86281426 -0.92355713]
log likelihood =  -21735.00914971379
Edge derivatives =  [0.24367735849550434, -0.344691470544067, 0.05575349078296049, -0.42492028805282084, -0.013507534158485289, -0.14214132976881372, 0.06627276499921353, 0.2985475498472887, -0.11614624207874627, 0.14121175343080072, -0.23635220271270926, -0.14132696702307684, 0.2680384461437292, -0.20774649301326942, 0.3961406561942439, 0.1129781695174828]
other derivatives: [-0.63009793  0.14479156 -0.93059498 -0.77852746 -0.33032848  0.        ]
Current x array =  [-0.70999126 -0.7933426  -0.53448256  0.50474329 -2.28087846 -0.51082562
 -1.94703777  0.21642254 -1.06312415 -1.5081524  -3.07530394 -3.27781209
 -0.79062679 -0.28438997 -1.42731834 -1.09671698 -3.03625642 -1.0044372
 -1.91894559 -1.54443637 -0.86278611 -0.9233698 ]
log likelihood =  -21735.005756271323
Edge derivatives =  [0.09601068654525502, -0.0859375848150144, 0.14724630420751356, -0.25813881173370734, 0.06546646163777464, -0.051358891871265015, -0.059682050476899395, 0.28286317591000687, -0.014629616822090852, 0.23599560749541182, -0.16036919816205297, -0.1623955981464991, 0.18431550060660137, -0.43170322914005255, 0.28671290636792934, 0.034771827759634055]
other derivatives: [-0.71413524 -0.28921932 -0.6693881   0.04329195 -0.22446329  0.        ]
Current x array =  [-0.71000347 -0.79312466 -0.53460726  0.50367122 -2.28097197 -0.51082562
 -1.9442282   0.21509297 -1.06362225 -1.51077669 -3.07757171 -3.28401849
 -0.78981254 -0.28442033 -1.42777008 -1.09688496 -3.04035773 -1.00409347
 -1.91846372 -1.54337973 -0.86227037 -0.92295032]
log likelihood =  -21735.004271227084
Edge derivatives =  [-0.014508021094453177, 0.23927281897151292, 0.14557743060249884, -0.07803371791942082, 0.11983184001219482, 0.0047873843626140555, -0.04425968366357208, 0.13385880765061398, 0.030833777122564493, 0.1365394679773585, -0.10391854232341062, -0.05226837058330808, 0.1656325688575975, -0.32004532328903956, -0.05073586951088338, -0.056433647103293905]
other derivatives: [ 0.04547474  0.03310561 -0.78107405 -0.39690349  0.17862476  0.        ]
Current x array =  [-0.7100943  -0.79324175 -0.53455345  0.5041089  -2.28132509 -0.51082562
 -1.94185566  0.21403251 -1.06323291 -1.51319464 -3.07908923 -3.28852795
 -0.78951398 -0.28382334 -1.42774705 -1.09633144 -3.04382857 -1.00423317
 -1.91805728 -1.54392482 -0.86100934 -0.92244867]
log likelihood =  -21735.007517351347
Edge derivatives =  [-0.1056618901174883, -0.20738464386318572, 0.13199599083050179, 0.08370132635016003, 0.07491620058405307, 0.0010137036834397609, -0.26810813933776756, -0.4277823204650293, 0.005956190974714171, -0.21545543476285267, -0.10715224985721736, -0.012299317339882265, -0.04776612414731958, -0.18722194064122627, -0.15326723215793303, -0.0645312794932329]
other derivatives: [-0.84655767 -2.36977939  5.5108103  -0.38198777 -0.11714292  0.        ]
Current x array =  [-0.70994517 -0.79244503 -0.53569342  0.50374034 -2.28084629 -0.51082562
 -1.94110254  0.21465912 -1.06385836 -1.51655676 -3.07811871 -3.28846852
 -0.78882534 -0.28280467 -1.42872824 -1.09540391 -3.04467054 -1.00448384
 -1.91627318 -1.54556543 -0.86098422 -0.92273331]
log likelihood =  -21735.003961352282
Edge derivatives =  [-0.0352374231227677, 0.13755790196525913, 0.1425517648997856, -0.04105315388862418, 0.10960842487101727, 0.003931185742713887, -0.09520149955663776, 0.006005444417380268, 0.02517753156562727, 0.056411274330313455, -0.10464876067268537, -0.04311014267385188, 0.11709427313191156, -0.2897303658367433, -0.07403812944596538, -0.05822546257462724]
other derivatives: [-0.15752448 -0.5144102   0.65483619 -0.39362931  0.11132215  0.        ]
Current x array =  [-0.71006032 -0.7930602  -0.53481323  0.50402492 -2.28121599 -0.51082562
 -1.94168404  0.2141753  -1.06337544 -1.51396079 -3.07886807 -3.28851441
 -0.78935705 -0.28359121 -1.42797065 -1.09612007 -3.04402043 -1.00429029
 -1.91765072 -1.54429868 -0.86100361 -0.92251353]
log likelihood =  -21735.003635776113
Edge derivatives =  [-0.020905061356946586, 0.1248930292347945, 0.15113381899558215, -0.017041704445919903, 0.09975480605625453, -0.0007410842727312919, -0.08067483523078278, -0.10390807254722345, 0.04537242659427346, 0.00025883790236969073, -0.11007454636714192, 0.007770331228599492, 0.10203351931366192, -0.18591590069974062, -0.1011173316000995, -0.03488133469224847]
other derivatives: [ 0.02037268 -0.17607817  0.41691237 -0.20445441  0.07348717  0.        ]
Current x array =  [-0.71008962 -0.79317136 -0.53477836  0.50382244 -2.28127838 -0.51082562
 -1.94182336  0.21431556 -1.06333948 -1.51421584 -3.07830166 -3.28826054
 -0.78938607 -0.28326967 -1.42809175 -1.09588947 -3.04370551 -1.00444603
 -1.91732962 -1.5448442  -0.86090356 -0.92257692]
log likelihood =  -21735.003409114608
Edge derivatives =  [-0.012720701803133005, 0.08176551015507338, 0.14440453635445633, 0.01351262995289415, 0.09040557997444028, -0.005360731545277393, -0.054830854561006004, -0.15204115289049147, 0.06503524930530657, -0.054569624769639224, -0.11010824563666813, 0.040685841952480484, 0.06725755474338896, -0.07237768021926352, -0.0833240419544895, -0.0011533387565281217]
other derivatives: [0.02582965 0.0865839  0.0691216  0.00291038 0.00363798 0.        ]
Current x array =  [-0.71009465 -0.79325389 -0.53472843  0.50361453 -2.28129342 -0.51082562
 -1.9419198   0.21455346 -1.06321361 -1.51460036 -3.077738   -3.28802659
 -0.78944544 -0.28312664 -1.4282233  -1.0956785  -3.04362475 -1.00454983
 -1.91682441 -1.54548521 -0.86094344 -0.92267157]
log likelihood =  -21735.003280614488
Edge derivatives =  [-0.014399025174885727, 0.04492950689615843, 0.10993828368375969, 0.031696846270283546, 0.08563110773808207, -0.009387421171598624, -0.022417799192433863, -0.11138870580794968, 0.0650110118617265, -0.07791023311419099, -0.10503846548426027, 0.044272457769555795, 0.03605845929196713, 0.0037545050912060896, -0.0491858535408049, 0.018950332327292208]
other derivatives: [ 0.32996468  0.06148184 -0.1207809   0.0509317  -0.01127773  0.        ]
Current x array =  [-0.71014639 -0.793234   -0.53469124  0.50356334 -2.28128615 -0.51082562
 -1.94192984  0.21474375 -1.06296397 -1.51485046 -3.07746311 -3.28787162
 -0.78953958 -0.28321818 -1.42822812 -1.09560255 -3.04386379 -1.00456257
 -1.91642704 -1.54593822 -0.86103437 -0.92271403]
log likelihood =  -21735.00324531939
Edge derivatives =  [-0.03502838208338538, -0.011635098335392169, 0.040429412228186024, 0.06659895448977807, 0.0844455595318489, -0.006706531420623732, 0.03699569274397152, 0.020390028309339225, 0.0537932982334105, -0.08867738061807451, -0.08620385604553955, 0.02729042395581671, -0.019073571534756167, 0.1049823490169117, 0.02253238145902864, 0.03607963447081797]
other derivatives: [-0.82764018  0.43473847 -0.22992026  0.11204975 -0.00909495  0.        ]
Current x array =  [-0.70995236 -0.79338424 -0.53468374  0.50355146 -2.28132321 -0.51082562
 -1.94170554  0.2150135  -1.06243718 -1.51541164 -3.07712626 -3.28840276
 -0.789684   -0.28353324 -1.42814433 -1.09558942 -3.04477646 -1.00450323
 -1.9157905  -1.54657948 -0.86121276 -0.92273388]
      fun: 21735.00324531939
 hess_inv: <22x22 LbfgsInvHessProduct with dtype=float64>
      jac: array([ 0.82764018, -0.43473847,  0.22992026, -0.11204975,  0.00909495,
       -0.        ,  0.03502838,  0.0116351 , -0.04042941, -0.06659895,
       -0.08444556,  0.00670653, -0.03699569, -0.02039003, -0.0537933 ,
        0.08867738,  0.08620386, -0.02729042,  0.01907357, -0.10498235,
       -0.02253238, -0.03607963])
  message: b'CONVERGENCE: REL_REDUCTION_OF_F_<=_FACTR*EPSMCH'
     nfev: 83
      nit: 68
   status: 0
  success: True
        x: array([-0.70995236, -0.79338424, -0.53468374,  0.50355146, -2.28132321,
       -0.51082562, -1.94170554,  0.2150135 , -1.06243718, -1.51541164,
       -3.07712626, -3.28840276, -0.789684  , -0.28353324, -1.42814433,
       -1.09558942, -3.04477646, -1.00450323, -1.9157905 , -1.54657948,
       -0.86121276, -0.92273388])
