number of sites to be analyzed:  295
log likelihood =  3382.791932887696
Lr derivatives =  [14.548694361955981, -138.27497020256186, -82.01020869780207]
other derivatives =  [ 67.79810064 -18.92481123  25.39186426   5.62804416 270.0859568
   6.75699994]
Current x_clock array =  [-0.62395847 -0.8603163  -0.54080646  0.74193734 -0.10536052 -0.51082562
 -0.51082562 -0.51082562 -0.51082562]
log likelihood =  3188.2045732046145
Lr derivatives =  [-50.10066768573262, -154.69089849264748, -101.86930757672172]
other derivatives =  [-235.91423997  -10.30439307  -82.31118045   18.52977221  180.28940758
    7.91774255]
Current x_clock array =  [-0.8659743  -0.85742375 -0.63144665  0.72184717 -1.06947418 -0.53494578
 -0.56275944 -0.50900215 -0.50900215]
log likelihood =  2943.9074810910197
Lr derivatives =  [-66.3485861118354, -89.41573012780768, -41.69170753361078]
other derivatives =  [-80.22561815  20.65485205 -68.66594049  36.98246474  -0.60858838
  17.55943231]
Current x_clock array =  [-0.68888737 -0.84474293 -0.5796194   0.64513543 -3.05047801 -0.59267852
 -0.52601496 -0.26191069 -0.33679128]
log likelihood =  2961.9049830334607
Lr derivatives =  [71.05764223888326, 44.37466517538543, 63.31527641035379]
other derivatives =  [-142.24051483  -31.34136932  335.47166822    5.34673745   23.82457751
   21.98667062]
Current x_clock array =  [-0.75571753 -0.98073652 -0.32409462  0.41573596 -3.20800184 -0.71152354
 -0.19828394  0.         -0.13568229]
log likelihood =  2925.9360366816327
Lr derivatives =  [-6.793904327969166, -30.674041769874435, 4.017609564709737]
other derivatives =  [-101.82702681   -2.71684257   31.03268682   21.15630195    6.45641194
   21.97216418]
Current x_clock array =  [-0.71735445 -0.90267096 -0.47077568  0.54742009 -3.1175771  -0.64330193
 -0.38641416 -0.15034682 -0.25112659]
log likelihood =  2918.024231386038
Lr derivatives =  [18.512186418157988, -5.300413929517067, 16.86039766551778]
other derivatives =  [ 38.21542123   0.23123903 -16.97053449  17.14702194   3.42479325
  20.67367859]
Current x_clock array =  [-0.61740623 -0.91217806 -0.51486059  0.48593781 -3.24825157 -0.69533994
 -0.35068259 -0.06682381 -0.23618497]
log likelihood =  2916.246593289583
Lr derivatives =  [15.565036836568385, -4.968221380524984, 15.101842322394653]
other derivatives =  [11.88282113 -2.97186489 -1.44345904 15.52612048  0.0608452  19.74422048]
Current x_clock array =  [-0.63394636 -0.91681076 -0.50061036  0.46006278 -3.29998882 -0.72009665
 -0.35288761 -0.05088441 -0.24287705]
log likelihood =  2913.241012178372
Lr derivatives =  [10.212858140498593, -3.3141898047132123, 8.477483827316071]
other derivatives =  [-12.51241883  -6.75795491  15.44194674  10.6043899   -6.30143404
  16.45371412]
Current x_clock array =  [-0.64993475 -0.92146149 -0.48776493  0.37715094 -3.40012749 -0.80556451
 -0.37045443  0.         -0.2748308 ]
log likelihood =  2910.9599759585763
Lr derivatives =  [0.46820090957817806, -11.451733484944787, -2.3802224699578196]
other derivatives =  [-16.64543561  -3.90336936  15.15049917   6.67441782  -7.13162081
  13.49990271]
Current x_clock array =  [-0.65249491 -0.91071595 -0.49127893  0.30938164 -3.38329512 -0.88802589
 -0.40237103  0.         -0.30738806]
log likelihood =  2908.1141642235407
Lr derivatives =  [-4.164484381797425, -16.557571242234893, -11.87392174655569]
other derivatives =  [-25.36185093  -0.60658749  -7.32588887  -2.27610144  -2.71015779
   8.6768523 ]
Current x_clock array =  [-0.65812259 -0.89645914 -0.51663061  0.16270309 -3.29640271 -1.09306881
 -0.43619773  0.         -0.32255352]
log likelihood =  2907.1799482019983
Lr derivatives =  [-9.259669268682288, -18.01684504395506, -13.35297513734081]
other derivatives =  [22.13805601  4.57621354 19.96709216 -8.19704837 -0.24942892  6.28087946]
Current x_clock array =  [-0.62908392 -0.88465493 -0.49793766  0.08243186 -3.25422216 -1.26750471
 -0.47029484  0.         -0.29833954]
log likelihood =  2906.4507928635594
Lr derivatives =  [-2.42599420622634, -12.700641642285074, -7.217753216429893]
other derivatives =  [11.13812687  3.13611963  2.97973202 -8.27244548  1.71512511  6.17546903]
Current x_clock array =  [-0.63578651 -0.88817294 -0.51173598  0.0740142  -3.23702099 -1.30522149
 -0.4605247   0.         -0.27539943]
log likelihood =  2905.8870814374905
Lr derivatives =  [2.927704443044142, -6.931219743802233, 1.8600598749310318]
other derivatives =  [ 5.14774001  1.32740752 -6.27128429 -8.16635293  2.57819011  5.77119863]
Current x_clock array =  [-0.63945401 -0.89245915 -0.51920202  0.06788548 -3.23530346 -1.38564712
 -0.45779778  0.         -0.23537302]
log likelihood =  2905.4086405424123
Lr derivatives =  [3.250615884963654, -4.522216725759218, 8.343602066431394]
other derivatives =  [ 0.3774403  -0.33305696 -7.66667654 -7.38036761  1.72967702  5.09739948]
Current x_clock array =  [-0.64211234 -0.89562561 -0.51998963  0.07504358 -3.24716058 -1.48302578
 -0.46472432  0.         -0.20417185]
log likelihood =  2904.5236345872054
Lr derivatives =  [2.270977991897551, -3.0246691680084954, 12.238968250681781]
other derivatives =  [-6.00298335 -1.12104317 -5.5874807  -4.54188012  0.24419933  3.65585038]
Current x_clock array =  [-0.64578251 -0.89803188 -0.51659984  0.11652131 -3.25911287 -1.67139956
 -0.47254895  0.         -0.18228615]
log likelihood =  2903.4328999669924
Lr derivatives =  [-0.02637660320950541, -3.879137938632051, 5.373451076291315]
other derivatives =  [-2.85763235 -5.30062607 -5.98984116 -0.14611032 -0.86033651  1.66937753]
Current x_clock array =  [-0.64309737 -0.90792902 -0.51511625  0.18742238 -3.25585289 -1.99739036
 -0.47757268  0.         -0.19279084]
log likelihood =  2904.2421098559525
Lr derivatives =  [7.0408556461170235, 1.0566032333040773, 3.270358792919175]
other derivatives =  [-13.68262019  34.83937689  14.31089913   2.46118361   2.32075763
   0.49908522]
Current x_clock array =  [-0.65381765 -0.84005699 -0.49589522  0.22453577 -3.19946237 -2.3923294
 -0.47512863  0.         -0.19615992]
log likelihood =  2903.258008732711
Lr derivatives =  [1.9391392999120933, -2.469224131609347, 4.607160116746714]
other derivatives =  [-6.21162144  5.93349796 -0.19676918  0.61704668  0.06243681  1.22172423]
Current x_clock array =  [-0.64628274 -0.88776186 -0.50940501  0.19845007 -3.23909729 -2.1147406
 -0.47684647  0.         -0.19379191]
log likelihood =  2903.0172096367633
Lr derivatives =  [-0.6426315970253853, -3.8995905295725874, 0.4247641491821694]
other derivatives =  [-0.54692464  1.5538717   0.55160854  0.85160536  0.37061909  0.66006578]
Current x_clock array =  [-0.64222288 -0.89520939 -0.50925945  0.20583138 -3.22534117 -2.31860593
 -0.48552203  0.         -0.19940662]
log likelihood =  2902.9310351965287
Lr derivatives =  [-1.0946103153875315, -3.6503564684400853, -0.4575346170646213]
other derivatives =  [ 1.22781785 -0.39949555  0.71859176  0.67338988  0.90585672  0.35515768]
Current x_clock array =  [-0.6409453  -0.89845524 -0.5093775   0.20465807 -3.21426205 -2.50920959
 -0.49006287  0.         -0.19711645]
log likelihood =  2902.885533242984
Lr derivatives =  [0.4981107833269469, -2.0618845884751416, 0.2603029782392907]
other derivatives =  [ 4.66261554  0.28458089 -2.27819328  0.66957     0.73523552  0.16070771]
Current x_clock array =  [-0.63877569 -0.89784957 -0.51187693  0.2018523  -3.21925906 -2.69538182
 -0.4880445   0.         -0.19237497]
log likelihood =  2902.8584931001906
Lr derivatives =  [-0.08593811057081435, -1.6998106934203712, -0.16371981845001837]
other derivatives =  [-2.88687261 -1.6143531   1.57515387 -0.12778401  0.61627361  0.01600711]
Current x_clock array =  [-0.64352641 -0.90049219 -0.50845376  0.19044649 -3.22085385 -2.9298556
 -0.48961523  0.         -0.18927338]
log likelihood =  2902.850749952984
Lr derivatives =  [0.3293510187717006, -1.4028344228904204, 0.18978852619827857]
other derivatives =  [-0.45788511 -0.36475285 -0.043201    0.04056346  0.38535291  0.01082299]
Current x_clock array =  [-0.6419976  -0.89850169 -0.50987151  0.1912995  -3.22480298 -2.94356303
 -0.48914795  0.         -0.18824285]
log likelihood =  2902.849696755472
Lr derivatives =  [0.29231106550278874, -1.3751136509724908, 0.18424311659650439]
other derivatives =  [ 0.11191332 -0.02210072 -0.26684575  0.04270078  0.21227606  0.00209184]
Current x_clock array =  [-0.64162982 -0.89790656 -0.51009317  0.19067849 -3.22737865 -2.96373272
 -0.48931799  0.         -0.1878723 ]
log likelihood =  2902.8493284281403
Lr derivatives =  [0.07023733576487512, -1.4845006992633603, 0.06851905192684338]
other derivatives =  [ 0.23724169  0.03747118 -0.03155947  0.00782165  0.06903065 -0.00227374]
Current x_clock array =  [-0.64153592 -0.89774152 -0.50993057  0.18990522 -3.2292605  -2.9746138
 -0.48978398  0.         -0.18782527]
log likelihood =  2902.849329985276
Lr derivatives =  [-0.04272628344445639, -1.5744461944825425, -0.05487579348384508]
other derivatives =  [-0.17053026  0.03478817 -0.30604497  0.02037268 -0.01127773 -0.00341061]
Current x_clock array =  [-0.64177156 -0.89769863 -0.51017312  0.18983718 -3.23022287 -2.9743949
 -0.48992248  0.         -0.18809669]
log likelihood =  2902.8492932205154
Lr derivatives =  [0.014366866829226943, -1.5289844182541756, 0.007482998500373594]
other derivatives =  [ 0.03551577  0.03615241 -0.16734703  0.01400622  0.02928573 -0.00291038]
Current x_clock array =  [-0.64165245 -0.89772031 -0.51005051  0.18987157 -3.22973639 -2.97450555
 -0.48985247  0.         -0.18795949]
log likelihood =  2902.8492685064784
Lr derivatives =  [-0.027339113382721436, -1.5569324718394282, -0.014766314633516853]
other derivatives =  [ 0.0178261   0.00836735 -0.02769411  0.00427463  0.01004992 -0.00200089]
Current x_clock array =  [-0.64166398 -0.89776378 -0.509931    0.1897586  -3.23002452 -2.97229622
 -0.48986607  0.         -0.18802091]
log likelihood =  2902.849260966811
Lr derivatives =  [-0.02488880937143989, -1.5597307070029336, -0.010375815175363123]
other derivatives =  [-0.00068212 -0.00509317  0.0124146   0.00291038  0.00254659 -0.00086402]
Current x_clock array =  [-0.64167708 -0.89779488 -0.50989097  0.18974668 -3.23019277 -2.96925986
 -0.48978954  0.         -0.18805644]
log likelihood =  2902.849258511047
Lr derivatives =  [-0.005014820458739244, -1.5507024673723198, -0.00020262760224398768]
other derivatives =  [-0.00345608 -0.00477485  0.01023182  0.00300133 -0.00140972 -0.00013642]
Current x_clock array =  [-0.64168085 -0.89780557 -0.50988654  0.18973891 -3.23032705 -2.96715824
 -0.48968846  0.         -0.18807647]
      fun: 2902.849258511047
 hess_inv: <9x9 LbfgsInvHessProduct with dtype=float64>
      jac: array([-3.45607987e-03, -4.77484718e-03,  1.02318154e-02,  3.00133252e-03,
       -1.40971679e-03, -1.36424205e-04, -5.01482046e-03, -1.55070247e+00,
       -2.02627602e-04])
  message: b'CONVERGENCE: REL_REDUCTION_OF_F_<=_FACTR*EPSMCH'
     nfev: 30
      nit: 26
   status: 0
  success: True
        x: array([-0.64168085, -0.89780557, -0.50988654,  0.18973891, -3.23032705,
       -2.96715824, -0.48968846,  0.        , -0.18807647])
