number of sites to be analyzed:  254
log likelihood =  -5255.499686045136
Edge derivatives =  [57.03253718807428, 62.35002256011509, 84.32010813930324, 148.9819208997166, 62.55844155137206, 25.82545274543642, 78.48349321516454, 116.4108451307466]
other derivatives: [ -69.9341399    39.76820153  -57.60693966   21.32437658 -254.92663553
  102.76216926]
Current x array =  [-0.67256498 -0.65473315 -0.60178104  0.74193734 -0.10536052 -0.51082562
 -4.60517019 -4.60517019 -4.60517019 -4.60517019 -4.60517019 -4.60517019
 -4.60517019 -4.60517019]
log likelihood =  -4948.7271135187275
Edge derivatives =  [51.33286560099994, 64.12327201379927, 82.81185591227874, 149.74561575283462, 61.434646704276986, 24.085367412924068, 74.67917583441987, 118.74145341611685]
other derivatives: [ 190.65109882   41.46231731   -3.55139491   -9.66056177 -168.9999408
   85.23938959]
Current x array =  [-0.86329347 -0.65308388 -0.75889007  0.80009444 -0.80061141 -0.49034166
 -4.4496277  -4.43512554 -4.37520744 -4.19885794 -4.43455713 -4.53473749
 -4.39112539 -4.28768769]
log likelihood =  -4141.877143883115
Edge derivatives =  [32.705313343336954, 59.485889048489476, 61.092514734909926, 116.42069441816032, 47.51933013393765, 15.46143988572981, 53.01961272198672, 94.97200479468323]
other derivatives: [-74.1052645   36.70465958  86.92322808 -89.59896149  96.52321751
  41.57736839]
Current x array =  [-0.62220334 -0.57724626 -1.30466961  0.95125532 -3.92631543 -0.32271594
 -3.68765669 -3.56501094 -3.21659927 -2.13586666 -3.57498938 -4.18580474
 -3.32384204 -2.66767994]
log likelihood =  -3976.1974725800683
Edge derivatives =  [13.32616066694503, 43.42696279966972, 37.02164767537554, -28.711650649160752, 24.87598535449546, 2.6138343595995193, 12.543667462980144, -24.134751349227773]
other derivatives: [ 352.6411092  -724.79006121  207.09917408  -39.7140866   108.94664229
  -29.23798093]
Current x array =  [-1.19205134 -0.2605153  -0.88369828  0.25605491 -5.02957372  0.01835464
 -2.92248022 -2.49641271 -1.95380423  0.17973834 -2.61861652 -3.83130109
 -2.18896978 -0.8181543 ]
log likelihood =  -3796.099444195658
Edge derivatives =  [16.02630202284656, 42.817535787059654, 47.2079295506311, -6.789132139690625, 22.813912173783265, 3.34485421284313, 17.46075958425251, -19.222421179036438]
other derivatives: [350.33526729  95.39603525 -48.88474905  16.66844582  95.10931704
 -56.79967217]
Current x array =  [-1.1900192  -0.86619608 -0.50640254  0.01851603 -4.73694406  0.09060468
 -2.82818855 -2.31297704 -1.77108273  0.43164106 -2.48018287 -3.7907722
 -2.04765152 -0.61424171]
log likelihood =  -3693.585611415505
Edge derivatives =  [19.18026050010814, 47.5417853896157, 49.39585731719752, 5.272660112286424, 28.94975227647704, 5.682526464471986, 26.735980431513926, 11.020594179518548]
other derivatives: [196.70233087  89.37167877   2.34717845   9.76397132  93.12107068
 -29.2430741 ]
Current x array =  [-8.80605322e-01 -8.37466225e-01 -6.10420907e-01  1.57902637e-01
 -4.34889076e+00 -3.84889904e-03 -2.98682326e+00 -2.51291775e+00
 -2.01454706e+00 -8.24728503e-02 -2.67363303e+00 -3.86730819e+00
 -2.28581181e+00 -1.03451365e+00]
log likelihood =  -3644.5006228677553
Edge derivatives =  [18.153339078770394, 46.9576477418935, 44.42100448904571, 2.592595524059117, 26.40781745851976, 5.612071222304493, 25.964535205919315, 14.341990229012769]
other derivatives: [-362.71612771   48.52249731 -172.79548956   25.26608114   62.71943676
  -20.26890797]
Current x array =  [-0.50744195 -0.75989484 -0.47516951  0.19189078 -3.68778621 -0.06858818
 -2.97857612 -2.39856001 -1.92619684 -0.28755166 -2.63514948 -3.87752685
 -2.27742391 -1.15024596]
log likelihood =  -3594.898277536159
Edge derivatives =  [15.546601895886756, 45.11332915534482, 42.56988999972602, -7.708545807431001, 24.437295283103474, 4.451307289828932, 21.960990494779256, 2.9571693021004424]
other derivatives: [ -13.98971108   26.78038982 -134.42067939   29.6376129    57.64600246
  -29.97894626]
Current x array =  [-0.69618561 -0.72009394 -0.48272089  0.12290034 -3.67311458 -0.05546583
 -2.91386076 -2.29157471 -1.80902167 -0.10670329 -2.5491026  -3.84859275
 -2.17955107 -0.99913115]
log likelihood =  -3558.271073798781
Edge derivatives =  [11.446567874831807, 41.347809235104876, 34.39466664696648, -22.70001973953006, 20.16313281080756, 3.025117140953832, 15.666064365120558, -8.73012031450345]
other derivatives: [ 13.93905222 -30.8293238  -39.14638     23.5866537   37.92592906
 -31.49225449]
Current x array =  [-0.72231981 -0.64747231 -0.55683991  0.12872945 -3.43861585 -0.09665052
 -2.8419673  -2.12723492 -1.6444233  -0.04203211 -2.44351897 -3.82379598
 -2.07552259 -0.91414698]
log likelihood =  -3526.7250496024553
Edge derivatives =  [4.859181178476112, 34.40251875319029, 13.509524418999037, -47.386204257003314, 12.535824073019164, 0.9981456112688742, 5.588457289889288, -21.908174816889453]
other derivatives: [  18.1708856  -106.22420632  -11.5612238    29.89800123  -30.61595635
  -27.43690857]
Current x array =  [-0.74679967 -0.5736631  -0.57288157  0.1607545  -2.73663916 -0.2341828
 -2.73558701 -1.79623028 -1.34806222 -0.10686943 -2.26371889 -3.79448547
 -1.92253109 -0.88592931]
log likelihood =  -3500.3520975449537
Edge derivatives =  [1.8414611535465986, 30.17012529058789, 1.8447811402686618, -27.905662320051558, 8.673066156719866, 0.4599632492453939, 2.5569818284586696, -13.49844958454699]
other derivatives: [-14.78929335 -11.98386599  99.06952982  10.47537808 -23.60598046
 -16.09801075]
Current x array =  [-0.70304352 -0.69793832 -0.70505526  0.31745438 -2.70436634 -0.40661407
 -2.6836698  -1.55025832 -1.2067534  -0.31614491 -2.15625512 -3.78009744
 -1.8484624  -0.94695099]
log likelihood =  -3482.465523728747
Edge derivatives =  [0.362141008996877, 27.122216155413618, -4.1450983534698596, -13.46067852072625, 6.007969009111133, 0.10298166546757927, 0.5125857253380612, -7.197743373534502]
other derivatives: [-16.0594027   12.40164238  69.32377801   2.55322448 -18.12568371
 -11.70001269]
Current x array =  [-0.70190657 -0.74321807 -0.64681201  0.41413746 -2.73322448 -0.53448456
 -2.62974425 -1.31753915 -1.08595631 -0.43121395 -2.05131186 -3.76195171
 -1.77070149 -0.96262642]
log likelihood =  -3466.2991241166205
Edge derivatives =  [-3.4004687174179, 12.262203533249085, -16.692056906262543, -6.777670308226616, -3.6522944366635843, -1.0627905736507939, -8.50694520910831, -7.969734361620552]
other derivatives: [-17.61286512  19.64112926 -35.55755939  -7.08564585  -2.82348083
  -8.0508471 ]
Current x array =  [-0.71235253 -0.79489518 -0.50123727  0.53235373 -2.99361696 -0.80842351
 -2.46892673 -0.67937405 -0.80057741 -0.45194538 -1.75989188 -3.69933264
 -1.53910802 -0.84814799]
log likelihood =  -3462.4127440219236
Edge derivatives =  [-2.872086575660228, 12.515822816141457, -9.990641593229764, 7.4339230062644965, 0.33014003621984384, -0.5244787751862297, -2.9788008801735044, 5.6675716638053695]
other derivatives: [  7.52411324  12.4503913  -15.20993465 -10.40466486  -0.80517566
  -3.25535439]
Current x array =  [-0.72741551 -0.76379488 -0.52293401  0.55903208 -2.90393463 -0.86778767
 -2.52577738 -0.66598319 -0.92762052 -0.64961168 -1.81866634 -3.72495693
 -1.63212568 -0.9971914 ]
log likelihood =  -3459.9071216019875
Edge derivatives =  [-3.500048396969143, 7.265895137131838, -8.864222698236608, 6.142102444899648, -0.3425844827596761, -0.5544598174410065, -3.0186706571001034, 3.8922258120542845]
other derivatives: [ 5.72285899  7.70819497  7.42566044 -6.96109055  1.41408236 -2.6739599 ]
Current x array =  [-0.72678247 -0.75921873 -0.54151779  0.51098329 -2.94558348 -0.91196882
 -2.52796649 -0.5414037  -0.96410543 -0.63113684 -1.7942603  -3.72248614
 -1.6331453  -0.96890352]
log likelihood =  -3457.7205573564556
Edge derivatives =  [-3.8019423749207726, -0.42053447731280663, -3.7731892717576634, 4.263603523654811, 0.45162614704509607, -0.3374126020779879, -0.8159340680229191, 2.0122153014299253]
other derivatives: [ 6.59347279 -0.96829353  6.06692083  3.14375939  2.37237145 -1.77774382]
Current x array =  [-0.73163209 -0.74559494 -0.54188358  0.40502565 -2.99019082 -0.97662964
 -2.56010899 -0.36357748 -1.08638608 -0.58758555 -1.78205525 -3.72642665
 -1.66957907 -0.93051638]
log likelihood =  -3457.017803335496
Edge derivatives =  [-3.3800211144768384, -1.0430526016614283, -0.5776739648378973, 0.8399783838246815, 1.0502997884079366, -0.1596534978166745, 0.5616338305226962, 0.40238260707252066]
other derivatives: [ 3.97944859  3.77513061  2.56814019  1.22363417  0.41545718 -1.65605343]
Current x array =  [-0.72929653 -0.75277392 -0.53894007  0.43019219 -2.97209951 -1.00597791
 -2.62116043 -0.34713859 -1.17158994 -0.53587927 -1.78279144 -3.7342224
 -1.69593566 -0.90741177]
log likelihood =  -3456.8400185754194
Edge derivatives =  [-2.9728647313260397, -0.8960427120804872, 1.3665154492089724, -1.0603501021027475, 0.7673870755666092, -0.07911555404417252, 0.820134891140029, -0.6673581548810678]
other derivatives: [-11.90564944  -9.54828465  -0.17193997  -2.257093     1.50280357
  -1.1463726 ]
Current x array =  [-0.71755023 -0.73329742 -0.5366043   0.46484552 -2.97696817 -1.04871064
 -2.70319627 -0.3485101  -1.23133605 -0.5092822  -1.77035616 -3.74174627
 -1.70594804 -0.89413984]
log likelihood =  -3456.7083442765343
Edge derivatives =  [-2.892261495115872, -1.039058238032591, 1.7600936835002359, -1.6040154120801824, 0.7082469629262509, -0.08804802154879021, 0.8789855125540601, -0.7854694012711932]
other derivatives: [ 3.98085831 -3.694322   -0.01209628 -3.03025445 -0.21163942 -1.15396688]
Current x array =  [-0.72992079 -0.74077224 -0.5355347   0.47355829 -2.95887262 -1.06119044
 -2.72209364 -0.34321001 -1.23946622 -0.50243903 -1.76393654 -3.74304811
 -1.70533161 -0.89017575]
log likelihood =  -3456.6431320729316
Edge derivatives =  [-2.903069310647833, -0.8440248204372028, 1.5219167446430337, -0.9727699817651609, 0.6093583276676793, -0.10211447227012686, 0.7510146075852987, -0.3964569019445496]
other derivatives: [ 2.78778316 -2.17960405  0.6607479  -2.63380571 -0.41172825 -1.08248059]
Current x array =  [-0.72874221 -0.74295919 -0.53651616  0.4703492  -2.95525411 -1.06249963
 -2.7251682  -0.34815347 -1.23092163 -0.51161821 -1.7625065  -3.74308032
 -1.70221854 -0.89491108]
log likelihood =  -3456.278161122983
Edge derivatives =  [-2.6153406710237013, 0.845932103356015, 1.1500345959777178, 0.9914434483798948, -0.39854070540301934, -0.17262535225358308, -0.14865552129337412, 0.5773156053221669]
other derivatives: [-0.49321898  1.44782462  2.79242158 -1.11431291  0.2228262  -0.53478288]
Current x array =  [-0.7257488  -0.74827112 -0.53969023  0.45444314 -2.95650136 -1.10665896
 -2.819631   -0.37726028 -1.20868842 -0.53524059 -1.7361767  -3.74751882
 -1.68030123 -0.9019278 ]
log likelihood =  -3455.899115650412
Edge derivatives =  [-2.1547617240964203, 1.521961941159748, 1.3713713885620353, 1.734884795259428, -1.7969152342704788, -0.19561856470055494, -0.9379458235728997, 0.9670817157853557]
other derivatives: [-2.95299287  4.39513315  3.44712134  0.4339654   0.16475497  0.34233381]
Current x array =  [-0.72428438 -0.75345417 -0.54067987  0.4400132  -2.95760358 -1.20210924
 -3.00732389 -0.37971364 -1.20431955 -0.54208106 -1.69384375 -3.75782276
 -1.65821653 -0.89672507]
log likelihood =  -3455.602526441442
Edge derivatives =  [-1.6981847047029612, 3.1389372941958897, -0.4589899082770804, 1.9276962936041402, -2.43101298687923, -0.16794895747615776, -1.568674035252657, 0.8652416063942219]
other derivatives: [ 2.64326445 -5.3002168  -3.28045644  2.87009243 -0.15088517  1.29402906]
Current x array =  [-0.73135446 -0.73763993 -0.53482253  0.41702262 -2.95611062 -1.30501976
 -3.28175431 -0.4031181  -1.15567783 -0.54861477 -1.67353068 -3.7736961
 -1.63831777 -0.88975561]
log likelihood =  -3455.2695987356155
Edge derivatives =  [-1.312929690496421, 2.168573060376952, 0.8709782712488031, -0.4670235217810843, -2.418435279100364, 0.011204529098715381, -0.8276225626785477, -0.19530140264548468]
other derivatives: [-0.47957656 -0.76297511  2.11971383  2.18183231 -0.78543962  1.86728357]
Current x array =  [-0.72872604 -0.74604363 -0.53896213  0.42458337 -2.95664908 -1.40795968
 -3.52871877 -0.37525842 -1.18762421 -0.517802   -1.66043159 -3.79066526
 -1.64629458 -0.86753059]
log likelihood =  -3455.100205872813
Edge derivatives =  [-1.1128424930596383, 1.1793887568738555, 1.0064255293206148, -1.0386626023836574, -1.5883825417891608, 0.17118681677973613, -0.03786257064238906, -0.4654289068964386]
other derivatives: [-1.90534593  1.79966264 -8.25216375  1.27088242 -0.55861165  2.11043698]
Current x array =  [-0.72804657 -0.75169807 -0.52849452  0.43921006 -2.96508537 -1.45884304
 -3.69794983 -0.34279202 -1.18109549 -0.50845943 -1.67000528 -3.80061888
 -1.65193638 -0.85592497]
log likelihood =  -3454.9401250943984
Edge derivatives =  [-0.9591090683501191, -0.21605383996600175, -0.2311506800856388, -1.6392780402442322, -0.6014283824228203, 0.3297612250567514, 0.5547206914171143, -1.0515875106287371]
other derivatives: [ 1.09494067 -1.44782462  1.3096269  -0.82291081  0.40467967  2.48542165]
Current x array =  [-0.73018559 -0.74802997 -0.53476424  0.45459715 -2.97548384 -1.51117764
 -3.91332146 -0.31353433 -1.15541494 -0.50449561 -1.69138897 -3.81290451
 -1.65827868 -0.84594585]
log likelihood =  -3454.873432369697
Edge derivatives =  [-0.9526432455315885, -0.349710147222992, -0.905377585791111, -0.8669179591616274, -0.0344215831425857, 0.3728423494852489, 0.7222845440158674, -0.6894462431361413]
other derivatives: [ 0.71268005 -1.26456143 -0.03692548 -0.84964995  0.51622919  2.47337084]
Current x array =  [-0.72971501 -0.74831049 -0.53357766  0.45599266 -2.97520327 -1.49433198
 -3.92799393 -0.31057186 -1.13643426 -0.51470904 -1.70755385 -3.81234304
 -1.65904735 -0.85094862]
log likelihood =  -3454.7129194810514
Edge derivatives =  [-0.8672731024188047, -0.5342174287699581, -1.2285302445675532, 0.6336987380119966, 0.9461263956346766, 0.45458688576210826, 0.7132427071001676, -0.02512436337591606]
other derivatives: [ 0.08162715 -0.90385583 -0.94937604 -0.72927833  0.58498699  2.12917257]
Current x array =  [-0.72863198 -0.74792755 -0.53346771  0.45607348 -2.97108111 -1.43608521
 -3.98168989 -0.3080161  -1.11905566 -0.53287179 -1.7405026  -3.80835279
 -1.65626218 -0.86290006]
log likelihood =  -3454.457540226661
Edge derivatives =  [-0.619794832066813, -0.5822653027920573, -2.050490207958746, 0.513967927937927, 1.605897839009491, 0.5190897567981376, -0.1159040184185015, -0.23932066644893712]
other derivatives: [-3.35189725  0.12114469 -2.03044692  0.10195436 -0.87911758  1.09789653]
Current x array =  [-0.72564395 -0.74914759 -0.53361471  0.45076191 -2.95778303 -1.33556386
 -4.22692843 -0.31129318 -1.09037549 -0.53450812 -1.77885825 -3.79931105
 -1.6407739  -0.87147629]
log likelihood =  -3455.3384720982167
Edge derivatives =  [-0.2916709039557945, 0.2968378662479318, 0.31185588309736023, 3.089380046538193, 2.2941647798923066, 0.5855839667193756, -0.5070694368335931, 2.0634625006037464]
other derivatives: [45.051911   18.33832357  1.04173523 -0.44865374  0.14515535 -0.68757799]
Current x array =  [-0.76318713 -0.77154194 -0.5349634   0.44797624 -2.95356607 -1.2283162
 -4.64234385 -0.31187115 -1.09846275 -0.54654389 -1.80128388 -3.78524128
 -1.62797651 -0.89479452]
log likelihood =  -3454.4161689931398
Edge derivatives =  [-0.5481205035339014, -0.4207751146341817, -1.6280472212401889, 0.9712189319608646, 1.732248719513903, 0.5325955761514171, -0.17279169127282762, 0.17586283958977394]
other derivatives: [ 5.38248059  3.3980541  -1.50939741 -0.00645741 -0.69421731  0.80699465]
Current x array =  [-0.73210636 -0.75300239 -0.53384686  0.4502824  -2.95705715 -1.31710302
 -4.29843505 -0.31139267 -1.09176758 -0.53657987 -1.78271844 -3.79688918
 -1.63857105 -0.87549012]
log likelihood =  -3454.284773333694
Edge derivatives =  [-0.4057143794862938, -0.49241270213969107, -1.4775467416934753, -0.1298691754459836, 1.5045893229194456, 0.5348693672167467, -0.9044433436438732, -0.4044404580465576]
other derivatives: [ 2.42989699  3.05026333  0.1623448   0.35647645 -1.53286237  0.26402631]
Current x array =  [-0.72983189 -0.75269154 -0.53578479  0.44673477 -2.95190669 -1.28922507
 -4.54173246 -0.31249676 -1.09316457 -0.52435416 -1.78661092 -3.79424355
 -1.62692198 -0.87365628]
log likelihood =  -3454.1107121507353
Edge derivatives =  [-0.23333140507662664, -0.4969769853720402, -0.06263256540128251, -0.5508974944301792, 0.9977792469921511, 0.5583070314501222, -1.3950637401758426, -0.20295992198696194]
other derivatives: [-0.355476    0.12219061  0.6440132  -0.01905391 -0.53514668 -0.15584192]
Current x array =  [-0.72760934 -0.74773351 -0.53664184  0.44776774 -2.96029395 -1.28049106
 -4.97394587 -0.3095546  -1.11659017 -0.51474909 -1.77688623 -3.7911269
 -1.62041901 -0.87625563]
log likelihood =  -3454.0146415983772
Edge derivatives =  [-0.12430447713800691, 0.07427540055704446, 0.03304970732186174, -0.6421937582503772, 0.10232176347846711, 0.557394164288661, -1.4836819316041316, 0.10588111098589398]
other derivatives: [-2.68855729  2.59351509  3.07722985  0.62982508  0.23010216  0.30772753]
Current x array =  [-0.72567702 -0.75230376 -0.53889878  0.43983555 -2.97007243 -1.33593912
 -5.58505727 -0.31501832 -1.1174521  -0.51044782 -1.74765686 -3.79243868
 -1.61709442 -0.87338933]
log likelihood =  -3454.012722639419
Edge derivatives =  [-0.06091841406762383, 0.3041346691805913, -0.4619758660543343, -0.6966450507025629, -0.2680993674821387, 0.5398745082371472, -1.3451713379354084, 0.003279652803129751]
other derivatives: [ 4.28954081 -8.22242328 -4.2571628   1.20908226  0.15588739  0.45965862]
Current x array =  [-0.73316907 -0.73427824 -0.53219311  0.43405448 -2.96800743 -1.35356407
 -6.3063274  -0.3196163  -1.11009432 -0.51163687 -1.73602559 -3.78702284
 -1.62343676 -0.87269976]
log likelihood =  -3453.968965082615
Edge derivatives =  [-0.08649319131237251, 0.19945706561979287, -0.19557365805824375, -0.6576580025777186, -0.08354246761680084, 0.5520424585203539, -1.4112122189438823, 0.059229098312241935]
other derivatives: [ 0.85487954 -2.76468199 -0.59867489  0.92118171  0.20077096  0.37662176]
Current x array =  [-0.72944354 -0.74324169 -0.5355276   0.4369292  -2.96903428 -1.34479981
 -5.94766548 -0.31732989 -1.11375308 -0.5110456  -1.7418094  -3.78971594
 -1.62028294 -0.87304266]
log likelihood =  -3453.9351855872783
Edge derivatives =  [-0.06274702980838938, 0.14170014680748855, -0.1192514207138351, -0.21099862841911915, 0.008547059967479509, 0.5770348979790118, -1.2939957410684513, 0.36444648072424224]
other derivatives: [ 1.10894689 -1.43836587 -0.81099643  0.8104962   0.46829882  0.29031071]
Current x array =  [-0.72934774 -0.74512938 -0.53536983  0.43811361 -2.97060597 -1.33792091
 -6.24172482 -0.31450879 -1.11141515 -0.51490995 -1.74447658 -3.78664752
 -1.62197279 -0.87595013]
log likelihood =  -3453.8730960053235
Edge derivatives =  [-0.026939549567272063, -0.12165646352450848, -0.13838611865732164, 0.36625585756967494, 0.06905259824010479, 0.6073113461742391, -0.8467486625756914, 0.47220675506677845]
other derivatives: [ 0.85078682 -0.29863259  1.26915438  0.29858711  0.39335646  0.04420144]
Current x array =  [-0.72859386 -0.74649968 -0.53735262  0.44308864 -2.96698547 -1.31632472
 -7.04784281 -0.31023785 -1.10734406 -0.52195673 -1.74809656 -3.7732504
 -1.63416566 -0.87880879]
log likelihood =  -3453.9870093680674
Edge derivatives =  [-0.007161925124499348, 0.2687522368574258, 0.9782380654491869, 0.2578716937052846, -0.0007065957907615994, 0.6298575704627977, 0.16039251214895875, 0.26216605185983505]
other derivatives: [ -4.53187567   5.76360435 -17.03238013   0.94551069  -1.00717443
  -0.32428034]
Current x array =  [-0.72475937 -0.75602699 -0.52231682  0.44858987 -2.95659185 -1.29866664
 -8.25605709 -0.30980991 -1.11926203 -0.51817684 -1.73936233 -3.74821584
 -1.65566974 -0.87418683]
log likelihood =  -3453.86100605092
Edge derivatives =  [-0.01970185290787901, -0.02456021422202309, 0.13479317825664214, 0.34927947552195365, 0.05309012744107122, 0.6142441876488041, -0.6046084078176779, 0.4262600416855119]
other derivatives: [-0.40417945  1.15314833 -2.96322469  0.45156412  0.0689397  -0.04520189]
Current x array =  [-0.72769085 -0.74874333 -0.53381173  0.44438417 -2.96453781 -1.31216629
 -7.33237375 -0.31013707 -1.11015071 -0.52106658 -1.74603968 -3.76735483
 -1.63922981 -0.87772033]
log likelihood =  -3453.8349231781385
Edge derivatives =  [-0.0097457356903997, -0.1846447766278957, 0.026994025980610292, 0.4094238271341258, -0.10227468106546955, 0.6083779851445196, -0.2191004533355273, 0.26583601694471104]
other derivatives: [-0.28539944  0.58380465 -1.01967998  0.09567884 -0.14088073 -0.09595169]
Current x array =  [-0.72767138 -0.74765253 -0.53550996  0.44746707 -2.96104592 -1.30729325
 -8.03735554 -0.30889362 -1.10920797 -0.52317411 -1.74202853 -3.75552247
 -1.65102103 -0.87690121]
log likelihood =  -3453.8202920890644
Edge derivatives =  [-0.004441845692215839, -0.22490601537773336, -0.07129276085794117, 0.23275816055213872, -0.27949537516401324, 0.5934192792933386, 0.16485590055277746, 0.03117341639800697]
other derivatives: [-0.11705197  0.06975824  0.05343281 -0.13533281 -0.32800926 -0.10882104]
Current x array =  [-0.72780285 -0.74676054 -0.53642429  0.44949638 -2.95878349 -1.30596385
 -8.83303607 -0.30933307 -1.10897351 -0.52224898 -1.73689234 -3.74026515
 -1.66260346 -0.87470221]
log likelihood =  -3453.809366097271
Edge derivatives =  [-0.002094487524041167, -0.1441044368650104, -0.09908556832040416, 0.056424361413085766, -0.3415224640694299, 0.5801740058710215, 0.42294485124765896, -0.09279974866757673]
other derivatives: [ 0.06139089 -0.05629772  0.38971848 -0.20741027 -0.25452209 -0.12232704]
Current x array =  [-0.72791262 -0.74652444 -0.53673042  0.44983271 -2.95960447 -1.30432741
 -9.59356986 -0.31084395 -1.10899884 -0.5202182  -1.73532773 -3.72193816
 -1.67000921 -0.87325744]
log likelihood =  -3453.782604251992
Edge derivatives =  [-0.0002766594451793187, -0.01757777439670155, -0.2731473465069677, -0.021226564621623256, -0.3688624101644852, 0.5326292967788577, 0.7275735496427349, -0.16030594661974318]
other derivatives: [-2.27100827 -1.09330358  0.64801498 -0.08299139  0.02778506 -0.11041266]
Current x array =  [ -0.72602012  -0.74507757  -0.53722571   0.4483354   -2.96274812
  -1.30180134 -11.65986183  -0.31340552  -1.10692153  -0.51960189
  -1.73854569  -3.6634809   -1.67994555  -0.87302908]
log likelihood =  -3453.737566396173
Edge derivatives =  [-7.324076859685481e-07, 0.572678777513906, 0.0005127346069904726, -0.22869646138512012, -0.359542907354804, 0.318984771096955, 1.383544274247828, -0.11413526180666467]
other derivatives: [ 3.42979547  0.50840754  1.232047    0.00836735  0.98880264 -0.29294824]
Current x array =  [ -0.72996186  -0.74681143  -0.53778872   0.4447002   -2.97223512
  -1.28827154 -17.65470885  -0.3204251   -1.11094794  -0.51343463
  -1.74991864  -3.48712191  -1.70245344  -0.87253861]
log likelihood =  -3453.7120165011975
Edge derivatives =  [-1.0682672457391732e-07, 0.5873692057703283, -0.037153931494642384, -0.18605663924623222, -0.3387424156873132, 0.20586012120244382, 1.1590790580142272, -0.0281403501836206]
other derivatives: [-0.57798388 -0.46929927  0.37107384  0.3304649   1.11258487 -0.31632226]
Current x array =  [ -0.72678012  -0.74571556  -0.53737688   0.44226708  -2.97453215
  -1.28635054 -19.61625791  -0.32055887  -1.11104516  -0.51412037
  -1.75941473  -3.42281179  -1.69966161  -0.8747837 ]
log likelihood =  -3453.69268419498
Edge derivatives =  [-4.497387424268325e-08, 0.48944332589264805, 0.0161206133073398, -0.016323916505032288, -0.24053080228038903, 0.12474957146054193, 0.6301922029766076, 0.13996808499175684]
other derivatives: [-2.19142748 -0.70831447 -0.34301593  0.59549166  1.01254045 -0.33560354]
Current x array =  [ -0.72551215  -0.74558829  -0.53687875   0.44043002  -2.97419458
  -1.28727333 -20.50239717  -0.3184593   -1.11193087  -0.51611691
  -1.7697504   -3.3855248   -1.68737957  -0.87786459]
log likelihood =  -3453.6756315733555
Edge derivatives =  [-2.2247131716869387e-08, 0.2882729028710408, 0.036053877024792624, 0.04933712989387218, -0.1426750724673781, 0.03368761052267453, -0.008626322217222301, 0.1832595428247682]
other derivatives: [-1.58884177 -0.18526407 -0.3517016   0.64983396  0.4802132  -0.33351171]
Current x array =  [ -0.72596521  -0.74657985  -0.53672771   0.44084347  -2.96950856
  -1.29220388 -21.23312704  -0.31495171  -1.11282774  -0.51768367
  -1.78014629  -3.35075424  -1.67261327  -0.87963732]
log likelihood =  -3453.669606267058
Edge derivatives =  [-1.3600788846626167e-08, 0.04687663647662743, -0.12944761479572142, 0.044502201814392794, -0.043683784236486334, -0.010603144685501118, -0.16614410689907078, 0.05875753467256356]
other derivatives: [ 0.5313268  -1.26528903 -1.18998287  0.02683009  0.01409717 -0.25106601]
Current x array =  [ -0.72779395  -0.7449584   -0.53544378   0.4477654   -2.96413528
  -1.30053    -21.75683454  -0.31078935  -1.11111957  -0.51932572
  -1.78589672  -3.33111727  -1.66928386  -0.87876137]
log likelihood =  -3453.667291392372
Edge derivatives =  [-1.2794291371443807e-08, -0.01640915729064002, -0.1194449939647163, -0.007790690185442317, -0.028329693779708065, -0.012597533906909812, -0.16860661283891076, 0.007525604423990362]
other derivatives: [ 0.17894308  0.45270099  0.43351065 -0.145792   -0.17794264 -0.22728273]
Current x array =  [ -0.72723179  -0.74781705  -0.53681954   0.44955652  -2.96233781
  -1.30323865 -21.82256175  -0.30983494  -1.11156641  -0.51901948
  -1.78665108  -3.32832182  -1.66897137  -0.87801529]
log likelihood =  -3453.6667428422757
Edge derivatives =  [-1.3527247613007265e-08, 0.012342338781943019, -0.12427021496157778, -0.017089658396931495, -0.03365107340369777, -0.003536439411358139, -0.09905376957033152, 0.003800030577555291]
other derivatives: [ 0.13556019  0.05916263  0.12855708 -0.11718839 -0.09567884 -0.22105269]
Current x array =  [ -0.72725747  -0.74716457  -0.53657316   0.44919229  -2.96311725
  -1.30308294 -21.76510497  -0.31029688  -1.11150005  -0.5188112
  -1.78566777  -3.3313189   -1.67055346  -0.87783262]
log likelihood =  -3453.666368284839
Edge derivatives =  [-1.3361056931493024e-08, 0.020959215153497135, -0.1177923083837708, -0.01835086508749889, -0.020876221641952575, 0.001867954829513607, -0.03785349005333613, -0.0012749392828171335]
other derivatives: [ 0.03533387 -0.05761649 -0.12732926 -0.10659278 -0.06457412 -0.2015895 ]
Current x array =  [ -0.72720389  -0.74697626  -0.53635836   0.44917414  -2.96343116
  -1.3042383  -21.77805151  -0.31030657  -1.11166905  -0.51874859
  -1.78542682  -3.33161957  -1.671797    -0.87755879]
log likelihood =  -3453.665683114475
Edge derivatives =  [-1.2401022807347192e-08, 0.004900873678574613, -0.10692917209149108, -0.006127703938357931, 0.021718335608524653, 0.008975293682257954, 0.06296521814039346, -0.01162852263994224]
other derivatives: [-0.14292709 -0.32950993 -0.16129889 -0.09999894 -0.00759428 -0.14065336]
Current x array =  [ -0.72708765  -0.7465496   -0.53634255   0.44912664  -2.96392069
  -1.30829706 -21.85771023  -0.30987792  -1.11229804  -0.51891247
  -1.78577128  -3.32989967  -1.67376191  -0.87702458]
log likelihood =  -3453.665380001241
Edge derivatives =  [-1.2183624098088471e-08, 0.004230028239700534, -0.010062663064808908, 0.04406194782092193, 0.1011886409686309, 0.023121953991176662, 0.14859580004180858, 0.015795037281092217]
other derivatives: [-0.30195224  0.16607373 -1.00826583  0.01050466 -0.02437446 -0.06175469]
Current x array =  [ -0.72697509  -0.74732395  -0.53563833   0.44870245  -2.96398985
  -1.31481093 -21.87751469  -0.30902812  -1.11391955  -0.51914592
  -1.78649128  -3.328824    -1.67443047  -0.87641379]
log likelihood =  -3453.6648196789774
Edge derivatives =  [-1.1342954701117145e-08, -0.029339541756035592, -0.023184979098039543, 0.0412825590026587, 0.10367908819235017, 0.015424708232952751, 0.11764564226169488, 0.005452422546534885]
other derivatives: [-0.21555024 -0.09804353 -0.28608156 -0.01073204 -0.00427463 -0.0424734 ]
Current x array =  [ -0.72702662  -0.74691188  -0.53626303   0.4485398   -2.96405902
  -1.31629887 -21.95373661  -0.30874985  -1.11423023  -0.51928306
  -1.78713286  -3.3259148   -1.67394907  -0.87642593]
log likelihood =  -3453.664645823647
Edge derivatives =  [-1.128566778795922e-08, -0.04339483141987088, -0.010478325801660388, 0.04422470490181868, 0.10508888535835625, 0.011508649263379852, 0.07475344980151233, 0.00918358274023906]
other derivatives: [-0.0734417  -0.05306902  0.02942215  0.00441105 -0.01414264 -0.03333298]
Current x array =  [ -0.72712403  -0.7469779   -0.53653725   0.44826273  -2.96396521
  -1.31740512 -21.9602449   -0.30857114  -1.11464269  -0.51932039
  -1.78745252  -3.32489858  -1.67292078  -0.87647855]
log likelihood =  -3453.664567591698
Edge derivatives =  [-1.1481495559614893e-08, -0.043371573663595564, 0.006640999179157725, 0.04234217768972692, 0.10263789023921555, 0.01020695115957501, 0.04802301214680085, 0.012847323455918103]
other derivatives: [ 0.02510205  0.02319211  0.10550139  0.02819434 -0.02064553 -0.0255568 ]
Current x array =  [ -0.72720014  -0.74709449  -0.53660393   0.44800103  -2.96395457
  -1.31840349 -21.94328786  -0.30853589  -1.11502508  -0.51924306
  -1.78738646  -3.32488358  -1.67219727  -0.87645206]
log likelihood =  -3453.664474293124
Edge derivatives =  [-1.1760484188531483e-08, -0.03627986488852947, 0.020401103668787307, 0.025983181389729826, 0.08669224468116721, 0.007607338494299532, 0.014754642329536785, 0.009663366296172926]
other derivatives: [ 0.01127773  0.06039045  0.10522854  0.0430191  -0.02710294 -0.0167347 ]
Current x array =  [ -0.72719836  -0.74717476  -0.53659735   0.44785692  -2.96399137
  -1.31964534 -21.91967798  -0.30861884  -1.11540644  -0.51901512
  -1.78693314  -3.32508561  -1.67138168  -0.87634092]
log likelihood =  -3453.66567313081
Edge derivatives =  [-1.3411229073120462e-08, 0.10482023728242912, 0.08070602917645422, 0.008813461915261667, 0.011015001514878553, 0.013250041434001339, 0.08442689405760216, 0.04597586459296016]
other derivatives: [ 1.55082489  0.19686013 -0.13137651  0.07116796  0.20468178  0.00532054]
Current x array =  [ -0.7284518   -0.74723259  -0.53630262   0.44693674  -2.96621447
  -1.32240643 -21.78213261  -0.31030647  -1.11621202  -0.51788481
  -1.78267269  -3.33053698  -1.67265227  -0.87575014]
log likelihood =  -3453.6644412629857
Edge derivatives =  [-1.1979802062303995e-08, -0.016423721036745276, 0.02888078823940257, 0.023568038154083926, 0.07609773110757623, 0.00840879199158368, 0.024577940834517753, 0.0147691567911436]
other derivatives: [ 0.22801032  0.07958079  0.07189556  0.04692993  0.00545697 -0.01373337]
Current x array =  [ -0.72737464  -0.74718289  -0.5365559    0.44772751  -2.96430401
  -1.32003363 -21.90033491  -0.30885618  -1.11551973  -0.51885616
  -1.78633399  -3.32585224  -1.67156036  -0.87625784]
log likelihood =  -3453.6643534556115
Edge derivatives =  [-1.2342114349978625e-08, 0.00151331072763905, 0.033498660343003306, -0.0075360028624189, 0.04180321284435495, 0.004733216789602802, -0.0062316754582964345, 0.0044671858751588744]
other derivatives: [ 0.06675691  0.06129994  0.02464731  0.04606591  0.00986802 -0.00668479]
Current x array =  [ -0.72726412  -0.74720303  -0.53650385   0.44773399  -2.96447896
  -1.32119132 -21.87083515  -0.3091438   -1.1157842   -0.51847557
  -1.78533236  -3.32645502  -1.67092153  -0.8760703 ]
log likelihood =  -3453.664323442093
Edge derivatives =  [-1.2342802299448949e-08, 0.00765067319707835, 0.02395472705670673, -0.020005641024459564, 0.02271986492391831, 0.0022942215819514947, -0.01150875406842207, -0.0032344135788634487]
other derivatives: [ 0.00104592 -0.00559339 -0.02637535  0.02396519  0.01123226 -0.00477485]
Current x array =  [ -0.72722408  -0.74712285  -0.53644265   0.44795426  -2.96451103
  -1.32151267 -21.87133322  -0.30925746  -1.11570048  -0.51836977
  -1.78480721  -3.32648301  -1.67091423  -0.87597691]
log likelihood =  -3453.664310666919
Edge derivatives =  [-1.2297617918879548e-08, 0.01050073683563335, 0.01369790609577587, -0.02199223054003968, 0.011539397666446072, 0.0015603820696080354, -0.0024119234457507382, -0.006787700317254286]
other derivatives: [-0.03628884 -0.01282388 -0.02664819  0.00218279  0.01409717 -0.00345608]
Current x array =  [ -0.72719378  -0.7471252   -0.53643092   0.44816661  -2.96452279
  -1.32162462 -21.87535753  -0.30930818  -1.11554378  -0.51837714
  -1.7844375   -3.32655088  -1.67119802  -0.87591579]
log likelihood =  -3453.664303242498
Edge derivatives =  [-1.2208917093982963e-08, 0.0038833914746869147, 0.0031759440404817707, -0.013663451011943994, 0.004416351284065589, 6.1023399321760013e-05, -0.002479444353416266, -0.006771459507814825]
other derivatives: [-0.00118234 -0.02801244 -0.02664819 -0.01045919  0.00104592 -0.00163709]
Current x array =  [ -0.72722461  -0.74710385  -0.53641881   0.44831022  -2.96436491
  -1.32181101 -21.88331888  -0.30921245  -1.11538481  -0.51853343
  -1.78427143  -3.32630732  -1.67125573  -0.87592347]
      fun: 3453.664303242498
 hess_inv: <14x14 LbfgsInvHessProduct with dtype=float64>
      jac: array([ 1.18234311e-03,  2.80124368e-02,  2.66481948e-02,  1.04591891e-02,
       -1.04591891e-03,  1.63709046e-03,  1.22089171e-08, -3.88339147e-03,
       -3.17594404e-03,  1.36634510e-02, -4.41635128e-03, -6.10233993e-05,
        2.47944435e-03,  6.77145951e-03])
  message: 'CONVERGENCE: REL_REDUCTION_OF_F_<=_FACTR*EPSMCH'
     nfev: 64
      nit: 59
     njev: 64
   status: 0
  success: True
        x: array([ -0.72722461,  -0.74710385,  -0.53641881,   0.44831022,
        -2.96436491,  -1.32181101, -21.88331888,  -0.30921245,
        -1.11538481,  -0.51853343,  -1.78427143,  -3.32630732,
        -1.67125573,  -0.87592347])
{('N0', 'N1'): [1.5638707077214357e-20, 1.5638707077214357e-20], ('N0', 'ENSLOCG'): [0.0, 0.0], ('N1', 'N3'): [3.6330206224926, 3.633020624374259], ('N1', 'ENSDARG'): [10.270705129149981, 10.270705127545462], ('N3', 'ENSGACG'): [4.276102257760124, 3.8690508476698664], ('N3', 'N5'): [0.6193010434334895, 0.7245892695411296], ('N5', 'ENSXMAG'): [5.440436965397128, 5.579724117682371], ('N5', 'ENSORLG'): [7.66456785006076, 11.331930397133835]}
