number of sites to be analyzed:  775
log likelihood =  11685.666844899297
Lr derivatives =  [-837.9673498155121, -1075.2250970383197, -653.9137756867872]
other derivatives =  [  55.06353773 -112.79589671   91.58993635   19.90156306  663.72576839
   28.6156137 ]
Current x_clock array =  [-0.66289961 -0.68367788 -0.55108818  0.74193734 -0.10536052 -0.51082562
 -0.51082562 -0.51082562 -0.51082562]
log likelihood =  11058.357902744428
Lr derivatives =  [242.85737806688434, -456.6837167837452, -303.3199286216156]
other derivatives =  [-169.51162252  -62.82170943 -166.56631487  -13.8186806   581.42668422
  101.21657397]
Current x_clock array =  [-0.71412743 -0.68308835 -0.63629797  0.72342212 -0.72285124 -0.53744788
  0.26876904 -0.51035038 -0.51035038]
log likelihood =  10716.077707463348
Lr derivatives =  [348.0428933344001, -247.4612991416799, -135.9550968917831]
other derivatives =  [267.11641112  73.70072126  48.72090358  -2.37323547 466.76213969
 106.02852853]
Current x_clock array =  [-0.62266776 -0.65486014 -0.55288524  0.72822257 -1.18344851 -0.60265368
  0.26851402 -0.32733627 -0.38376276]
log likelihood =  10478.607476934285
Lr derivatives =  [-378.3841055502087, -402.4315860361708, 684.3382611879944]
other derivatives =  [-582.49188442  -16.6681275   173.033186    109.32744772 -266.56780392
   61.67283573]
Current x_clock array =  [-0.80047287 -0.7002895  -0.48653335  0.7353546  -2.6826352  -0.85014649
  0.01565943  0.         -0.02726204]
log likelihood =  10346.94353674235
Lr derivatives =  [-147.82423798086194, -325.07639984013554, -212.10034637204004]
other derivatives =  [  70.33377187  -31.02177288 -171.74170353   62.25636753  -80.25381248
   51.69495125]
Current x_clock array =  [-0.64383911 -0.71643449 -0.6000906   0.69122323 -2.40216106 -0.84619678
  0.1821242   0.         -0.36901056]
log likelihood =  10322.799943305838
Lr derivatives =  [-39.30826399405419, -254.2565799031143, -137.77503732657686]
other derivatives =  [-2.85308488  0.39817678 14.52117431 37.3018338  -0.23483153 58.14345059]
Current x_clock array =  [-0.66583518 -0.70620122 -0.5410594   0.67169443 -2.29825074 -0.85157144
  0.21872032  0.         -0.31573695]
log likelihood =  10311.806365384287
Lr derivatives =  [15.10543792234811, -203.4373976007935, -52.82902630861456]
other derivatives =  [ 8.11451173  8.58526619 28.1346729  23.16155587 24.39737727 58.06850822]
Current x_clock array =  [-0.66581011 -0.70652453 -0.53665265  0.64716602 -2.31489652 -0.89032366
  0.24899815  0.         -0.23776943]
log likelihood =  10304.987190647887
Lr derivatives =  [12.531270981543397, -183.07042627051223, 53.98081697180058]
other derivatives =  [-16.17263479   3.90300556  26.08394425  13.13092071   3.29891918
  51.3784471 ]
Current x_clock array =  [-0.67096211 -0.71148315 -0.53607047  0.60879679 -2.41862425 -0.97731311
  0.27789276  0.         -0.15197873]
log likelihood =  10301.263573087708
Lr derivatives =  [5.713508988151933, -187.09832555663013, 35.46105431940717]
other derivatives =  [ 1.61162461  2.85126589 -1.47483661  8.30405043 -6.83648977 44.91357686]
Current x_clock array =  [-0.66699673 -0.7128567  -0.54323074  0.58661184 -2.44912354 -1.04211064
  0.28844735  0.         -0.16091097]
log likelihood =  10293.11916059058
Lr derivatives =  [-1.8440843467356522, -192.02236275603792, -11.165013934109865]
other derivatives =  [  1.5628757   -5.48589014  -3.95721145 -11.77359081 -25.48476914
  24.86485755]
Current x_clock array =  [-0.66759148 -0.71923597 -0.54364425  0.50515822 -2.52401882 -1.31407345
  0.32546754  0.         -0.18595536]
log likelihood =  10292.49719522222
Lr derivatives =  [55.53379108286438, -153.42088180077596, 14.409487831772061]
other derivatives =  [  71.93029887   47.29827197 -172.51131794  -18.35869625   14.06569936
   12.67344487]
Current x_clock array =  [-0.65568905 -0.70178356 -0.58978928  0.49560055 -2.44283739 -1.58747702
  0.31619113  0.         -0.17415091]
log likelihood =  10287.17203485105
Lr derivatives =  [28.15768939719276, -173.17421886665417, -8.135082011799149]
other derivatives =  [ 28.53994374  14.17101885 -63.19660315 -20.513653    -2.90820026
  11.52620825]
Current x_clock array =  [-0.66388869 -0.71309348 -0.55879807  0.4816114  -2.45754614 -1.63641388
  0.30517272  0.         -0.18301058]
log likelihood =  10284.189729550964
Lr derivatives =  [15.387514509337606, -182.8134681750077, -14.8699746390432]
other derivatives =  [ -1.18070602   1.77587935   6.46996341 -20.24698915  -6.21093932
   8.27312761]
Current x_clock array =  [-0.67005824 -0.71659676 -0.5403504   0.48286625 -2.42255864 -1.78057706
  0.27242158  0.         -0.18121665]
log likelihood =  10281.56133472336
Lr derivatives =  [1.1655928778971543, -192.24578604868597, -11.751903088286042]
other derivatives =  [-15.15600161  -5.95518941  38.84342732 -14.67014954  -2.2830136
   4.80285962]
Current x_clock array =  [-0.67285718 -0.71718144 -0.53206941  0.50388267 -2.34365616 -2.00891644
  0.21265894  0.         -0.17041779]
log likelihood =  10280.417354400199
Lr derivatives =  [-6.744586423084385, -194.63803473327283, 2.9836002114281115]
other derivatives =  [12.62469596 -8.57799023 21.69053914 -6.71952876  2.40997906  2.80597305]
Current x_clock array =  [-0.66660248 -0.71706304 -0.53631639  0.53215155 -2.2910512  -2.20713257
  0.17443987  0.         -0.15622372]
log likelihood =  10280.923570802268
Lr derivatives =  [-12.610404339559548, -197.25827662684742, 1.4479511078956193]
other derivatives =  [-77.17480912   5.33455022 -33.71860657   0.29322109   1.56524038
   1.56542228]
Current x_clock array =  [-0.6859334  -0.71023123 -0.55026099  0.55102409 -2.27101056 -2.34838993
  0.16211182  0.         -0.1544946 ]
log likelihood =  10280.255591021752
Lr derivatives =  [-8.62547338746922, -195.46871508221204, 2.462122062995249]
other derivatives =  [-17.39699655  -4.01887519   3.24725988  -4.43524186   2.12276063
   2.35595508]
Current x_clock array =  [-0.67293295 -0.71482577 -0.54088295  0.5383319  -2.28448831 -2.25339135
  0.1704027   0.         -0.15565747]
log likelihood =  10280.082277430738
Lr derivatives =  [-5.867260279822769, -192.69156182393218, 4.446965395130519]
other derivatives =  [-3.53265932  0.25320332 -7.65212462 -4.44160833  2.45890988  1.66128302]
Current x_clock array =  [-0.67006769 -0.71361175 -0.54364901  0.53889685 -2.28567851 -2.32220494
  0.17169183  0.         -0.15418236]
log likelihood =  10279.950585001658
Lr derivatives =  [-3.1012728544590438, -190.17159872297347, 3.001361758675273]
other derivatives =  [  5.09553502   3.67981556 -12.18522812  -4.73064574   2.07983248
   0.85055945]
Current x_clock array =  [-0.66839976 -0.71288934 -0.54463411  0.53903986 -2.29035259 -2.41445453
  0.17552523  0.         -0.15449739]
log likelihood =  10279.841473503591
Lr derivatives =  [-0.20321117833295332, -187.87616088544047, 1.2722243243774756]
other derivatives =  [ 5.42113412  1.72840373 -9.13569238 -3.88590706  2.14713509  0.23173925]
Current x_clock array =  [-0.66849387 -0.71431946 -0.543447    0.54459049 -2.29496668 -2.50446475
  0.18113892  0.         -0.15517722]
log likelihood =  10279.829644401038
Lr derivatives =  [-4.386454061814611, -190.12968787878305, -3.573521266190511]
other derivatives =  [ 2.60806701 13.61913746  4.14620445  0.52605174 -2.95713107 -0.14988473]
Current x_clock array =  [-0.66908612 -0.71022438 -0.53951667  0.56028049 -2.30603692 -2.56537566
  0.1850041   0.         -0.15689076]
log likelihood =  10279.778139110636
Lr derivatives =  [-0.7314693918306538, -187.69636181447387, -0.2353781314404415]
other derivatives =  [ 0.25393092 -0.51368261 -0.42091415 -0.46893547 -0.47184585 -0.13587851]
Current x_clock array =  [-0.66960106 -0.7159046  -0.5406234   0.55882155 -2.30514985 -2.56845392
  0.18816314  0.         -0.15564979]
log likelihood =  10279.776442782972
Lr derivatives =  [-0.279212461156785, -187.48624590750313, 0.17216175720884053]
other derivatives =  [-0.26557245  0.02910383  0.09385985 -0.48985385 -0.14188117 -0.07603376]
Current x_clock array =  [-0.66973065 -0.71568637 -0.5404977   0.55894044 -2.30495692 -2.55606972
  0.18854566  0.         -0.15562389]
log likelihood =  10279.775376860156
Lr derivatives =  [-0.34258283164996683, -187.7352951260283, -0.4478498060301206]
other derivatives =  [-0.6351911  -0.15261321  0.48585207 -0.14060788 -0.1376975   0.01000444]
Current x_clock array =  [-0.66979584 -0.71575784 -0.54038935  0.56031149 -2.30544166 -2.53725365
  0.18924744  0.         -0.15618491]
log likelihood =  10279.775493758058
Lr derivatives =  [0.5123983665013334, -187.0363290878362, 0.7545126479204498]
other derivatives =  [-0.25902409  0.40090526  0.19026629  0.01527951  0.07257768  0.00345608]
Current x_clock array =  [-0.66974677 -0.7156449  -0.54042087  0.56131362 -2.30632351 -2.53823356
  0.19039753  0.         -0.15567509]
log likelihood =  10279.775223230874
Lr derivatives =  [0.025090455426152403, -187.43476116866128, 0.06852413093946552]
other derivatives =  [-0.47348294  0.0851287   0.35870471 -0.07366907 -0.04765752  0.00727596]
Current x_clock array =  [-0.66977476 -0.71570932 -0.54040289  0.56074205 -2.30582054 -2.53767467
  0.18974157  0.         -0.15596587]
log likelihood =  10279.775165939413
Lr derivatives =  [0.0057851804125945705, -187.44096271743996, 0.04546923668061709]
other derivatives =  [-0.16225385  0.01455192  0.12732926 -0.04329195 -0.02946763  0.00145519]
Current x_clock array =  [-0.66970568 -0.71573584 -0.54046312  0.56084496 -2.30565316 -2.53891323
  0.18962997  0.         -0.15595967]
log likelihood =  10279.77515453979
Lr derivatives =  [-0.007943499928998676, -187.4531790707951, 0.0004542178607209735]
other derivatives =  [ 0.00836735 -0.00782165 -0.02200977 -0.00454747 -0.01473381  0.0003638 ]
Current x_clock array =  [-0.66966742 -0.71574373 -0.54050142  0.56098434 -2.30554277 -2.53921663
  0.1895756   0.         -0.15597855]
      fun: 10279.77515453979
 hess_inv: <9x9 LbfgsInvHessProduct with dtype=float64>
      jac: array([ 8.36735126e-03, -7.82165444e-03, -2.20097718e-02, -4.54747351e-03,
       -1.47338142e-02,  3.63797881e-04, -7.94349993e-03, -1.87453179e+02,
        4.54217861e-04])
  message: b'CONVERGENCE: REL_REDUCTION_OF_F_<=_FACTR*EPSMCH'
     nfev: 28
      nit: 25
   status: 0
  success: True
        x: array([-0.66966742, -0.71574373, -0.54050142,  0.56098434, -2.30554277,
       -2.53921663,  0.1895756 ,  0.        , -0.15597855])
