number of sites to be analyzed:  296
log likelihood =  4293.749090742952
Lr derivatives =  [-265.6963073489969, -348.81607929940566, -163.75187305935066]
other derivatives =  [ 54.1927875  -39.01959644  13.70117388  -5.24523784 236.99622034
  23.31616997]
Current x_clock array =  [-0.57156756 -0.66212172 -0.59328546  0.74193734 -0.10536052 -0.51082562
 -0.51082562 -0.51082562 -0.51082562]
log likelihood =  4099.2720752521445
Lr derivatives =  [105.72754541740491, -134.98240182635445, -57.65290418468445]
other derivatives =  [-205.51906346   -3.8361577   -43.03137757  -16.37117748  203.96519176
   48.07561709]
Current x_clock array =  [-0.72160703 -0.66042698 -0.63121886  0.75645944 -0.76151401 -0.57537934
  0.22478763 -0.50941134 -0.50941134]
log likelihood =  3998.5721941856095
Lr derivatives =  [167.45208162236096, -53.2587872951903, -10.16572335304722]
other derivatives =  [241.42618713  34.34429345 -13.12796485  -3.40601218 170.10897864
  45.59537956]
Current x_clock array =  [-0.4941102  -0.65859034 -0.58573178  0.78329716 -1.25233556 -0.6614037
  0.32452382 -0.36236008 -0.44780285]
log likelihood =  3907.4716199672685
Lr derivatives =  [94.6112935008806, -53.929114932238065, -12.99814078688743]
other derivatives =  [182.82703422  22.01777534  22.83686626  11.14617589  94.01560419
  36.13731678]
Current x_clock array =  [-0.51193506 -0.68567778 -0.54259227  0.80782816 -1.80946306 -0.76788379
  0.32179058 -0.22657659 -0.40120422]
log likelihood =  3861.6837446643513
Lr derivatives =  [-41.103194714481916, -79.46751906508288, -7.516037466092094]
other derivatives =  [ -16.26503945  -17.50458978 -110.95066839   28.76317922  -42.64552445
   20.82229003]
Current x_clock array =  [-0.58231955 -0.73079599 -0.66141543  0.7598327  -2.56629687 -0.99729336
  0.20980145  0.         -0.27327604]
log likelihood =  3850.741945402253
Lr derivatives =  [-11.972376764778845, -62.59486472981086, 0.414039939808319]
other derivatives =  [-20.38741513   3.41015038  35.76396921  17.00900611 -13.29908628
  22.64550858]
Current x_clock array =  [-0.59105989 -0.71086645 -0.52491243  0.73115876 -2.42608687 -0.99820281
  0.2229647   0.         -0.27849037]
log likelihood =  3849.071604255938
Lr derivatives =  [-1.5772244981284302, -57.29435089761737, 2.3621676663054707]
other derivatives =  [-5.53609425  0.48935362  2.0301286  14.60844032 -4.86529643 22.2466042 ]
Current x_clock array =  [-0.58397579 -0.71358819 -0.55173653  0.71299559 -2.38160986 -1.01532747
  0.22183665  0.         -0.28206545]
log likelihood =  3847.444755034023
Lr derivatives =  [9.660519171518327, -51.280260015546745, 4.724598190664686]
other derivatives =  [  6.50306902  -1.04846549 -11.44780981   9.3462404    4.00868885
  20.77522367]
Current x_clock array =  [-0.57859498 -0.7151807  -0.56401973  0.67071044 -2.33553092 -1.06817128
  0.21793829  0.         -0.284755  ]
log likelihood =  3844.447259329462
Lr derivatives =  [17.5134138009511, -47.01298013336097, 5.400065117147461]
other derivatives =  [ 16.97112566  -0.93878043 -26.05570444  -1.03545972   9.83109203
  16.33516149]
Current x_clock array =  [-0.57351645 -0.71515609 -0.57894784  0.56715585 -2.29751568 -1.22659507
  0.20106917  0.         -0.28758392]
log likelihood =  3841.3737670140827
Lr derivatives =  [11.814254508952567, -49.921399294370595, 1.714305480078087]
other derivatives =  [ 12.06981324  -7.53416316 -22.54168976 -10.07419996   6.4636879
  10.95895641]
Current x_clock array =  [-0.57483485 -0.7212306  -0.57790804  0.46236698 -2.2998781  -1.46939953
  0.17827345  0.         -0.28910133]
log likelihood =  3842.688501194947
Lr derivatives =  [13.090067874649256, -47.2956833939313, 5.876727188230342]
other derivatives =  [ -4.55011104 105.48005775 -22.35674401 -10.9474513    2.68028089
   4.89635568]
Current x_clock array =  [-0.58515394 -0.62596478 -0.57810076  0.43602048 -2.27817797 -1.86858345
  0.13991906  0.         -0.2713728 ]
log likelihood =  3840.310889744341
Lr derivatives =  [11.609912481883741, -49.30610627470322, 3.0593588658106476]
other derivatives =  [  4.78835318  34.13815648 -22.48598321 -10.48938429   4.771573
   8.08122422]
Current x_clock array =  [-0.5789873  -0.68289516 -0.57798559  0.45176502 -2.29114586 -1.63003314
  0.16283945  0.         -0.28196728]
log likelihood =  3838.4147046480675
Lr derivatives =  [0.02614140890958261, -55.06917045261008, 0.1155241790729562]
other derivatives =  [ -1.5621481   14.36255843  -2.24836185 -12.94765752  -1.20512595
   5.42445378]
Current x_clock array =  [-0.58087785 -0.69985977 -0.56105826  0.41913035 -2.30429189 -1.85828446
  0.1427616   0.         -0.27635814]
log likelihood =  3837.2335537430536
Lr derivatives =  [-6.7676315769054725, -58.06743969960603, -0.5426077324026721]
other derivatives =  [ -6.19943421   5.67715688  10.5748768  -10.88537829  -4.88880687
   3.61214916]
Current x_clock array =  [-0.58272097 -0.70803741 -0.54974539  0.43797094 -2.3056574  -2.07707152
  0.12930735  0.         -0.26856548]
log likelihood =  3835.9459312699296
Lr derivatives =  [-9.100622151841623, -58.65925677483813, -0.45339222254848366]
other derivatives =  [-10.56719157  -1.64059202  14.59320629  -5.09821803  -5.02750481
   1.94017957]
Current x_clock array =  [-0.58505086 -0.71556055 -0.5448792   0.49891887 -2.28240562 -2.38776659
  0.11744837  0.         -0.26099517]
log likelihood =  3836.1561106267654
Lr derivatives =  [-8.67734927828204, -58.26848842438527, -0.7146253322171816]
other derivatives =  [59.82055882  1.96050678 14.88388079  2.23699317 -4.36789378  0.9053565 ]
Current x_clock array =  [-0.55329062 -0.71461374 -0.54367692  0.5710601  -2.26889872 -2.70697182
  0.1135624   0.         -0.25660087]
log likelihood =  3835.656204884665
Lr derivatives =  [-8.789548798866683, -58.384400334050156, -0.5744930921768301]
other derivatives =  [19.03363227 -0.02978595 14.66387403 -1.90698302 -4.76061359  1.41531018]
Current x_clock array =  [-0.57131895 -0.71515119 -0.54435938  0.53010998 -2.27656575 -2.52577872
  0.11576822  0.         -0.25909524]
log likelihood =  3835.172209242576
Lr derivatives =  [-6.305046571159938, -56.58104170852289, 0.3483542781295803]
other derivatives =  [ 0.97206794 -2.19311005  3.52447387  1.87746991 -1.81926225  0.79189704]
Current x_clock array =  [-0.58009919 -0.71707485 -0.55226476  0.57036468 -2.24594834 -2.77159793
  0.11040547  0.         -0.25520376]
log likelihood =  3835.069607575
Lr derivatives =  [-2.601482181355239, -54.215003158330184, 1.2425045036866607]
other derivatives =  [-0.74951458 -1.04187166  0.97948032  1.6388185   0.82745828  0.55733835]
Current x_clock array =  [-0.58122931 -0.71622842 -0.5541849   0.57197908 -2.23235313 -2.9023111
  0.11177128  0.         -0.25428412]
log likelihood =  3834.992601570259
Lr derivatives =  [-0.2714739600223517, -52.73088903696697, 0.6024545472009599]
other derivatives =  [-0.00923137 -0.4584308  -4.41318662  0.66461325  1.71799002  0.32628122]
Current x_clock array =  [-0.58091031 -0.71608544 -0.55860984  0.56276302 -2.23124061 -3.06174557
  0.11481159  0.         -0.25584445]
log likelihood =  3834.944465828841
Lr derivatives =  [2.1029091349309628, -51.079195206411995, 0.35757368462578043]
other derivatives =  [ 0.25083864  1.04582796 -0.97888915 -0.13656063  2.53462531  0.16179911]
Current x_clock array =  [-0.58097395 -0.715292   -0.5555257   0.55740304 -2.23293104 -3.22680106
  0.12010399  0.         -0.25673664]
log likelihood =  3834.914270004415
Lr derivatives =  [1.0554787914270847, -51.45289603391169, -0.4941806657426753]
other derivatives =  [ 0.76997821  0.47671165 -1.4599209  -0.40081432  1.14196155  0.06007213]
Current x_clock array =  [-0.58056602 -0.71612434 -0.55583078  0.55227689 -2.24192441 -3.37873211
  0.12097164  0.         -0.25687639]
log likelihood =  3834.905223408351
Lr derivatives =  [0.3448028179686311, -51.27360012072781, 0.9245656055275546]
other derivatives =  [-0.42505235  0.57243597  0.59862941  0.07121344  0.11473276  0.01114131]
Current x_clock array =  [-0.58108608 -0.71636071 -0.55386682  0.55616957 -2.24844175 -3.50996089
  0.12133969  0.         -0.25225429]
log likelihood =  3834.903933874575
Lr derivatives =  [0.006535308000540141, -51.641196450210956, -0.053890658851873496]
other derivatives =  [-0.06511982 -0.32096068 -0.00077307  0.05547918 -0.04019967  0.00372893]
Current x_clock array =  [-0.58086996 -0.71716153 -0.554383    0.55541448 -2.24869175 -3.5190792
  0.12124699  0.         -0.25418846]
log likelihood =  3834.9038630199675
Lr derivatives =  [0.035969385958317446, -51.61559780332928, -0.019086193168696752]
other derivatives =  [-0.04902176 -0.00391083 -0.02664819  0.03101377 -0.03910827  0.00281943]
Current x_clock array =  [-0.58086857 -0.71686081 -0.55441155  0.55515097 -2.24868314 -3.52123421
  0.12119581  0.         -0.25412081]
log likelihood =  3834.9038459016033
Lr derivatives =  [0.048418263268523276, -51.60292830822443, -0.005779175969564676]
other derivatives =  [-0.03478817  0.03692548 -0.01718945  0.01859917 -0.02619345  0.00172804]
Current x_clock array =  [-0.58086406 -0.71682106 -0.55440728  0.55503934 -2.24857256 -3.52474381
  0.12113302  0.         -0.25407948]
log likelihood =  3834.9038224146693
Lr derivatives =  [0.02360620236329325, -51.61284684565021, 0.0007510904923293538]
other derivatives =  [-0.03169589  0.03847163  0.0077307   0.00559339  0.00031832 -0.00013642]
Current x_clock array =  [-0.58086555 -0.716801   -0.55439974  0.55490946 -2.2481232  -3.53182321
  0.12082076  0.         -0.25400775]
log likelihood =  3834.903882013886
Lr derivatives =  [0.031472929869387656, -51.60019120071033, 0.07001044378156607]
other derivatives =  [ 4.65433914e-01 -3.45607987e-02 -6.41193765e-02  1.89174898e-02
  2.21007213e-02  9.09494702e-05]
Current x_clock array =  [-0.58062736 -0.71687737 -0.55446555  0.55504791 -2.24797306 -3.53249101
  0.12071598  0.         -0.25384618]
log likelihood =  3834.9038218798523
Lr derivatives =  [0.024285554915252305, -51.61175435903908, 0.006725731305802896]
other derivatives =  [ 0.01109584  0.03210516  0.00145519  0.00668479  0.00218279 -0.0001819 ]
Current x_clock array =  [-0.580845   -0.71680759 -0.55440541  0.55492141 -2.24811024 -3.53188084
  0.12081172  0.         -0.2539938 ]
      fun: 3834.9038218798523
 hess_inv: <9x9 LbfgsInvHessProduct with dtype=float64>
      jac: array([ 1.10958354e-02,  3.21051630e-02,  1.45519152e-03,  6.68478606e-03,
        2.18278728e-03, -1.81898940e-04,  2.42855549e-02, -5.16117544e+01,
        6.72573131e-03])
  message: b'CONVERGENCE: REL_REDUCTION_OF_F_<=_FACTR*EPSMCH'
     nfev: 29
      nit: 25
   status: 0
  success: True
        x: array([-0.580845  , -0.71680759, -0.55440541,  0.55492141, -2.24811024,
       -3.53188084,  0.12081172,  0.        , -0.2539938 ])
