number of sites to be analyzed:  353
log likelihood =  -8959.373872985836
Edge derivatives =  [104.30283800744296, 74.49139318080869, 141.1313253099248, 145.2941880702127, 32.861526733315344, 45.75942330501066, 98.064224136887, 86.09542292182876, 128.29506814514917, 93.49367760101748, 81.54934888498576, 86.7135473921418]
other derivatives: [ -80.22016118   80.21543181  -93.88186299   72.23334251 -564.09353419
  173.56887838]
Current x array =  [-0.62860866 -0.73066962 -0.55349668  0.74193734 -0.10536052 -0.51082562
 -4.60517019 -4.60517019 -4.60517019 -4.60517019 -4.60517019 -4.60517019
 -4.60517019 -4.60517019 -4.60517019 -4.60517019 -4.60517019 -4.60517019]
log likelihood =  -8389.156693411667
Edge derivatives =  [100.21214425759803, 76.16015484173329, 140.40465488836873, 145.6250517100128, 31.1557331372854, 45.75704809731232, 97.82018678498287, 84.92276268692876, 128.3945600004203, 91.70630618701598, 81.70480876433787, 85.10220058905503]
other derivatives: [ 262.65006454   99.68880477  -11.14331099   13.26370693 -374.34947444
  145.74652596]
Current x array =  [-0.74743643 -0.72966136 -0.69256114  0.84893448 -0.94093574 -0.49970006
 -4.45066945 -4.49482827 -4.39611649 -4.38995016 -4.55649337 -4.53738809
 -4.45991052 -4.47763956 -4.41513046 -4.46668074 -4.48437352 -4.47672395]
log likelihood =  -9223.894053512415
Edge derivatives =  [105.83621780462406, 68.26470587850528, 140.7004025146391, 141.0490483583881, 24.09228277394305, 41.66252757056793, 92.88442584002541, 83.48248824324988, 125.37554715776278, 80.64960061310182, 78.89957596221899, 77.88567189301067]
other derivatives: [-19558.07183549    193.07681214    220.24814825   -361.53778638
    111.67630873    162.41410776]
Current x array =  [-0.05       -0.53797075 -1.05363996  1.14631672 -4.39289148 -0.33935191
 -3.68309078 -3.92748623 -3.33745212 -3.29555776 -4.31640054 -4.19316122
 -3.7232158  -3.83485721 -3.44958346 -3.77080763 -3.87024947 -3.83112173]
log likelihood =  -7701.524283115181
Edge derivatives =  [95.14750061353534, 75.75725970251611, 138.3020961130103, 144.0397368915981, 25.27936237132106, 42.93886197942891, 93.82766412007328, 82.09938324010179, 125.8062342016345, 85.3449682860411, 78.77743774514043, 80.81091082562045]
other derivatives: [-989.92386484  147.93176888   19.31357474 -130.60125639  -45.41998351
  118.13199308]
Current x array =  [-0.41513508 -0.63832824 -0.86460116  0.99062556 -2.58565846 -0.4233004
 -4.08494805 -4.22451184 -3.89170407 -3.86851473 -4.44209847 -4.37337737
 -4.10890413 -4.17137876 -3.95508485 -4.13512425 -4.19176729 -4.16911959]
log likelihood =  -7273.224625138192
Edge derivatives =  [89.12664798905517, 71.9834107691932, 129.93628239093513, 135.4369315310355, 19.39976966043462, 36.67959271467589, 87.26371536967626, 74.13223379707082, 117.34329068413048, 74.84035532879774, 73.21406391809575, 72.10192684567112]
other derivatives: [ 443.6299605   -65.20649549   10.40016286 -131.58532965   98.28299881
  100.78356354]
Current x array =  [-0.72931775 -0.47424633 -1.01183587  1.03531584 -4.17274264 -0.32027416
 -3.67338661 -3.91647359 -3.3191172  -3.27584077 -4.31639024 -4.18855208
 -3.71206503 -3.82501193 -3.43305156 -3.76254295 -3.86056272 -3.82235756]
log likelihood =  -7061.0908982950805
Edge derivatives =  [83.01789744138144, 66.24398140571934, 115.07231365259739, 118.95605156382472, 14.148788863613325, 30.272357422803687, 77.72372283547551, 65.16081721054233, 102.32995514533842, 63.6392624021328, 65.54162774145894, 62.03530158459276]
other derivatives: [ 343.7752639  -202.93882699   63.05645002 -134.47734091  124.7966793
   86.40718079]
Current x array =  [-0.67170681 -0.39037274 -1.10869938  1.02126629 -5.25360467 -0.20809432
 -3.3505586  -3.67274983 -2.86772208 -2.80822354 -4.22066184 -4.04481775
 -3.40014987 -3.55369161 -3.02188166 -3.47245388 -3.60009542 -3.55149636]
log likelihood =  -6850.932491072199
Edge derivatives =  [33.51201190142843, 19.218134115223734, 17.992228842221074, 2.292988779312472, -1.7017981445564077, 0.20194606419614627, 14.205264208397766, 5.137860901905646, -50.252959028466556, -9.395722091808814, 11.374704563536131, 8.98534868977568]
other derivatives: [-170.21939129  258.61827453  328.61844375  -32.29342838  139.4483661
 -190.15424186]
Current x array =  [-0.53052439 -1.21984584 -1.07659863  0.66933921 -8.99732478  0.38141965
 -1.97464373 -2.63358387 -0.98140158 -0.8608016  -3.85373909 -3.46692769
 -2.09678014 -2.42839566 -1.31721528 -2.29096751 -2.5088046  -2.44054654]
log likelihood =  -6544.627663854999
Edge derivatives =  [65.24862113310242, 35.087897095624506, 72.673470483171, 61.374505128935326, 7.600979077035408, 13.295257992849228, 57.434124962539364, 40.07590426530303, 44.540228026017395, 28.433340164543324, 41.341855201292226, 42.960963035700615]
other derivatives: [-234.282561     99.22168829  -55.61514627   -9.93804861  137.70804799
  -25.91168595]
Current x array =  [-0.53694296 -0.80338753 -0.55495624  0.61936253 -7.35466004  0.03238824
 -2.32695308 -2.90751215 -1.50915555 -1.43094827 -3.97413642 -3.64346341
 -2.4610411  -2.75577712 -1.89771313 -2.66307201 -2.81418009 -2.76062668]
log likelihood =  -6417.571318462462
Edge derivatives =  [60.518839329785145, 33.33808022780191, 65.10248182760247, 54.32782391407831, 7.228830832334432, 13.150647154087872, 54.11696451922499, 39.25391752322966, 46.44140552161153, 29.7760368418621, 39.80957730484292, 40.303992743007754]
other derivatives: [-86.39872249 -42.72251317 -65.0763468  -11.87181624 135.80665836
 -11.60124157]
Current x array =  [-0.58674482 -0.61209299 -0.51974567  0.61401867 -6.76888297 -0.11645074
 -2.20782498 -2.85838301 -1.40932912 -1.37157753 -3.97731559 -3.6416035
 -2.3730236  -2.70869498 -1.89619576 -2.65760462 -2.75749092 -2.70496246]
log likelihood =  -6162.3535912820535
Edge derivatives =  [17.712877923580344, 15.677570050276575, -8.971994554890466, -9.023485547947379, 3.5873591098591606, 7.931619076846372, 19.903881127419023, 26.06815969640549, 29.333191310877414, 24.171136208239, 20.76918874889358, 18.107770654193537]
other derivatives: [  135.23267626 -1288.14863274  -190.89984562    18.92958608
    74.23868738    14.48097464]
Current x array =  [-0.76358539 -0.26179241 -0.39725584  0.51248578 -4.1592343  -0.70720381
 -1.51780196 -2.5306401  -0.77566262 -0.92767676 -3.96244225 -3.58135278
 -1.83479163 -2.37851871 -1.71933805 -2.51893    -2.38634724 -2.34130773]
log likelihood =  -6073.5707684000945
Edge derivatives =  [-34.31856255954879, 0.6780710808388917, -103.07943676520486, -75.75737613120823, 2.587809102642812, 5.3544048174092085, -12.750048865033605, 15.506346326579875, 11.581580944879674, 17.534260636172945, 3.7511195725704805, 6.047871995327642]
other derivatives: [ 4.23095298e+02 -3.43320607e+01 -1.55640100e+02  1.09514349e+02
 -2.25688473e+02  3.57158569e-01]
Current x array =  [-0.97352982 -0.73113278 -0.43389679  0.38134459 -2.45776428 -1.01650852
 -0.86928339 -2.18496305 -0.12698075 -0.41120372 -3.91967623 -3.48259072
 -1.30298666 -2.01768051 -1.39554198 -2.29650986 -2.00015997 -1.96175296]
log likelihood =  -6072.959043628944
Edge derivatives =  [12.531521631059007, 8.44125845450851, -0.8854516651143619, -5.362247131191294, 1.8643653705818313, 4.50731589944477, 4.635996626460674, 11.804712483860042, -8.943380747669934, 7.3210991608200064, 7.844935863590273, 8.113738345184672]
other derivatives: [293.96433092 181.88584363 269.96549423   7.32179615 114.02244127
 -57.32545105]
Current x array =  [-0.79137409 -1.02485088 -0.67957568  0.50203426 -5.33586824 -0.48528119
 -1.1655867  -2.25420151 -0.31727778 -0.43571601 -3.86061667 -3.42158343
 -1.48372595 -2.06038927 -1.2136755  -2.17995008 -2.08685785 -2.03512424]
log likelihood =  -5923.045390387526
Edge derivatives =  [-0.2476701720990604, 5.870452831137897, -28.42980708154778, -23.83876871652959, 2.86964215325191, 5.872198928117615, 2.6020014235730593, 17.269594180792545, 9.680786077065092, 15.54482959223158, 8.918519703077992, 10.355150113880534]
other derivatives: [378.95815694  76.81674106 115.15967344  48.51954145  11.0723704
 -20.95785021]
Current x array =  [-0.89581699 -0.85644129 -0.53871041  0.43283424 -3.68564545 -0.7898718
 -0.99569483 -2.21450215 -0.20816689 -0.42166136 -3.89447974 -3.45656327
 -1.38009519 -2.03590129 -1.31795256 -2.24678214 -2.03714775 -1.99305524]
log likelihood =  -5907.545405173505
Edge derivatives =  [-0.08358436132222209, 5.673481652408506, -21.438421557969885, -19.17495957755272, 2.7382849472109245, 4.911565666243276, 6.944249280647015, 18.688788504787833, 5.733680232621859, 12.55171962832571, 8.515174153979476, 12.953810485279707]
other derivatives: [ 210.80832084   30.27817002 -435.76401367   48.60648914   25.79527063
  -27.91821316]
Current x array =  [-0.79110643 -0.81557543 -0.32866271  0.52460674 -3.81833431 -0.772071
 -1.04591339 -2.22676316 -0.31166172 -0.50281154 -3.88826884 -3.44716778
 -1.41331397 -2.02143014 -1.30923916 -2.22195602 -2.04504199 -1.99595727]
log likelihood =  -5859.297425139743
Edge derivatives =  [6.130402798628158, 8.362432670797693, -17.765523409929145, -14.7229181214529, 2.9306634862643497, 5.892740007569285, 6.400410442978021, 16.49252789675104, 10.800146398358951, 15.346682067092498, 10.17629338850981, 11.249222737968589]
other derivatives: [106.70664778 -38.39668352 -25.59199856  22.2125891   15.40447556
 -16.31269697]
Current x array =  [-0.71817002 -0.74407427 -0.46911231  0.61613686 -3.62644319 -0.80178757
 -1.10466783 -2.27143976 -0.41727972 -0.60974935 -3.90092257 -3.46801932
 -1.46267502 -2.05212186 -1.36619821 -2.25889848 -2.08396253 -2.03144777]
log likelihood =  -5852.021083870763
Edge derivatives =  [4.962904043431642, 8.299512237264993, -19.38988330775631, -15.994350177976482, 2.557561330426053, 5.357513507837937, 2.9652319050974323, 13.52485745345112, 6.491821941933385, 13.511713330623602, 8.019018338174495, 8.554166006780425]
other derivatives: [ -5.68279575 -59.07550076  -5.32909326  12.36312528   8.95543053
 -15.95562935]
Current x array =  [-0.66296148 -0.73513002 -0.48154704  0.679234   -3.56613448 -0.82164778
 -1.08795509 -2.25767729 -0.43618687 -0.62706508 -3.8952914  -3.45800407
 -1.44387991 -2.0198784  -1.34066064 -2.23226796 -2.06288049 -2.00696232]
log likelihood =  -5847.924089558907
Edge derivatives =  [3.1891832748722586, 7.923343639060684, -21.118880551979878, -17.42772769857824, 2.2223505498115528, 4.844625091364821, -0.16376367177373827, 10.860321257840656, 2.4373604426305335, 11.483074088722939, 5.821920379593077, 6.230371103956497]
other derivatives: [-41.86067599 -37.81569831  16.83301889   6.51152732   0.31004674
 -16.66358003]
Current x array =  [-0.64568914 -0.76042121 -0.49192237  0.72255333 -3.49937016 -0.84852057
 -1.0528421  -2.23054751 -0.43816978 -0.62829443 -3.88747062 -3.44327547
 -1.41181247 -1.97708835 -1.30501222 -2.19609596 -2.03027532 -1.97191635]
log likelihood =  -5842.994145988972
Edge derivatives =  [2.950864665839332, 8.186048999174844, -18.5466835657758, -15.36043920533989, 1.9009547424317335, 4.4513894937351735, -1.8671420024410437, 7.898736764762279, -0.3681621194266245, 9.07040716388332, 3.85771297686551, 4.352299202041079]
other derivatives: [-43.10131771  -3.99568307  26.61417966  -4.51218511 -10.33822628
 -15.16564225]
Current x array =  [-0.64292274 -0.7952137  -0.49393992  0.79299098 -3.39729825 -0.90396967
 -1.02513447 -2.19787807 -0.49721888 -0.67944671 -3.87787551 -3.423358
 -1.3895519  -1.92015943 -1.27417336 -2.14584502 -1.99467682 -1.93218157]
log likelihood =  -5837.83571086353
Edge derivatives =  [3.483777352895651, 8.828931304207375, -10.750582761448973, -9.570804491692442, 1.4680248029640317, 4.040818593287459, -2.3664884157067227, 4.172862858338447, -2.359759306608434, 5.787939120761764, 1.8095363324982945, 2.410043336384631]
other derivatives: [-18.57524694  16.10269464  17.39772415 -14.02841008 -12.82642188
 -11.4832801 ]
Current x array =  [-0.65289617 -0.81644715 -0.48465697  0.84396744 -3.35323729 -0.99392356
 -0.99322593 -2.14473786 -0.60043339 -0.76670127 -3.86241767 -3.39072453
 -1.37418884 -1.84401518 -1.24344597 -2.07169661 -1.95136606 -1.88225901]
log likelihood =  -5833.479761731593
Edge derivatives =  [2.9555718691589767, 9.318639547774405, -0.4129758607894547, -1.9530574109165786, 0.931473296838491, 3.6146559745239646, -1.923247227042163, -0.1261019339028573, -3.2430246008941275, 1.8260592826071746, -0.2843643872346986, 0.4384196157772915]
other derivatives: [ -3.95411917  28.48291842 -14.78701961 -12.3337486   -7.4921445
  -6.67205313]
Current x array =  [-0.6606199  -0.83085844 -0.46605099  0.82950646 -3.38238299 -1.11471578
 -0.9472817  -2.05815066 -0.72102102 -0.86964168 -3.84083645 -3.34235724
 -1.36532937 -1.7560836  -1.21779113 -1.97769786 -1.90252499 -1.8247068 ]
log likelihood =  -5831.561451231943
Edge derivatives =  [2.1429017413039975, 9.632043219989205, 4.921827326314748, 2.221555668319335, 0.6794374213136909, 3.6040015732463644, -0.942095230140744, -1.8902806747130536, -1.6859535233008704, 0.3584893294652688, -0.7019636445454838, -0.35298159321929545]
other derivatives: [ 15.11798473  13.41286406 -12.06390152  -7.57299858  -1.9829713
  -2.7459464 ]
Current x array =  [-0.67042375 -0.8128282  -0.46735079  0.79119168 -3.41753593 -1.19000312
 -0.92545075 -1.99318508 -0.7849611  -0.93104323 -3.82923667 -3.31045479
 -1.37521987 -1.72342257 -1.22289152 -1.93394323 -1.8874622  -1.80376036]
log likelihood =  -5830.434728508934
Edge derivatives =  [-0.8159206460163513, 8.982523801836468, 5.0232846373067455, 2.1012324919554772, 0.3968316698391788, 3.3588136666342585, -1.134206863736395, -3.2973378061329104, -1.6415642433419841, -1.1574936990369133, -1.4399058115655134, -1.4261437712672334]
other derivatives: [  2.89646778   4.20504875 -13.52609615   2.65381459   2.17487468
  -1.08730092]
Current x array =  [-0.6665145  -0.80511408 -0.46823652  0.73238235 -3.46648541 -1.24298381
 -0.89117161 -1.9106486  -0.78797493 -0.94179958 -3.81737553 -3.27436705
 -1.37287557 -1.70189592 -1.21914986 -1.89755036 -1.87112999 -1.78367771]
log likelihood =  -5829.712217919535
Edge derivatives =  [-3.5851722735432814, 8.324453273766064, 3.066643571224777, 0.7892405381323441, 0.2193778954791174, 3.1782322858917498, -1.6008459184410995, -3.828559252878799, -1.6130154519986293, -1.9610523215095166, -1.7662605140869614, -2.2589125429023764]
other derivatives: [  2.73976184 -15.03694875   4.91900209   3.39368853   2.51593519
   0.21827873]
Current x array =  [-0.66740055 -0.78698199 -0.47740685  0.72337929 -3.47496952 -1.27658995
 -0.87392403 -1.82782292 -0.7708346  -0.94079648 -3.8090778  -3.24049252
 -1.37334416 -1.70101805 -1.22042439 -1.88079824 -1.86559957 -1.77622134]
log likelihood =  -5828.988773506209
Edge derivatives =  [-6.172987432443978, 7.447394648906958, 0.29356972399381487, -1.012627050919117, 0.12942820776551123, 3.0607428101424277, -1.352643135094737, -3.348713862571788, -0.909267624688911, -2.2491387775526253, -1.5330857094508814, -2.271422548834797]
other derivatives: [ -0.47029971 -17.96061042  14.68251867   5.17557055   3.05881258
   1.07520464]
Current x array =  [-0.66618571 -0.78549983 -0.48261296  0.71295019 -3.48925461 -1.30281603
 -0.86349926 -1.73276665 -0.73836513 -0.92925698 -3.80123055 -3.2028726
 -1.37647437 -1.71151297 -1.22550667 -1.87181624 -1.86517338 -1.77534751]
log likelihood =  -5827.332811042049
Edge derivatives =  [-11.580649279148926, 4.793994718299991, -4.56574759715778, -3.4727552707364646, -0.02405926116130155, 2.8720305725340114, 0.3950816562066513, -1.2754064827146572, 1.943748803162107, -2.470511052305424, -0.30004588538909793, -1.316204256310219]
other derivatives: [-12.44088708 -19.66400305  17.25193215   6.23622327   1.8110768
   3.47281457]
Current x array =  [-0.66092454 -0.78585555 -0.48492775  0.71155012 -3.49312942 -1.37694944
 -0.86551483 -1.46971342 -0.68187248 -0.92756629 -3.78156942 -3.09774012
 -1.39505532 -1.74707272 -1.24795738 -1.85632447 -1.87151954 -1.78160457]
log likelihood =  -5826.357956779931
Edge derivatives =  [-13.63820044732487, 0.5856300729685675, -6.2928734049797646, -3.1932513315410964, -0.2222035170978903, 2.649351400445792, 3.163592088412264, 1.6795673302300484, 5.375056041395143, -1.8084334581972743, 1.857531020445659, 0.7299992067360496]
other derivatives: [14.59511623 11.25545168 60.87830116  3.77222023  4.78512447  5.0291419 ]
Current x array =  [-0.66868563 -0.81377922 -0.50888026  0.71369122 -3.51499444 -1.44863005
 -0.94478402 -1.12670595 -0.65182967 -0.95544706 -3.75863616 -2.95343674
 -1.42342847 -1.80061674 -1.27099854 -1.85463455 -1.88690885 -1.80048706]
log likelihood =  -5824.614860968634
Edge derivatives =  [-13.47968320340272, -0.8242560124544985, -5.387530003179979, -2.0427135405473384, -0.22836422217366048, 2.5414474150389728, 3.912458445994742, 2.797434627027076, 5.612819044500739, -1.5105662782343119, 2.3679619423296994, 1.6101978059201665]
other derivatives: [-13.97811502   2.70802047  18.72922439   0.5241418    1.72612999
   4.82295945]
Current x array =  [-0.65679641 -0.80572692 -0.48769399  0.74449238 -3.48409543 -1.4607129
 -0.99000094 -1.04595881 -0.6624999  -0.97768078 -3.75479712 -2.9169738
 -1.4310828  -1.81608276 -1.27519049 -1.86184322 -1.89310007 -1.80851447]
log likelihood =  -5823.338447206113
Edge derivatives =  [-9.266016828774848, 1.2336098398112068, -1.2597127897734608, 1.25545642774973, -0.050942371044516904, 2.803216743774582, 4.296781138051095, 3.8907882462457293, 4.919369462288825, -0.20250233024498965, 2.9288178506830955, 2.7881955742675606]
other derivatives: [ -7.17082003   5.05797288 -12.21269486  -5.65996743   0.97043085
   3.23998393]
Current x array =  [-0.65938692 -0.80460397 -0.47219924  0.77985762 -3.45323312 -1.41986778
 -1.07835071 -1.077993   -0.70483104 -1.00491601 -3.76224288 -2.9223184
 -1.43334892 -1.82880977 -1.26938834 -1.89358578 -1.90433814 -1.82425484]
log likelihood =  -5822.531844545585
Edge derivatives =  [-7.529010460727919, -1.0590371724178589, 0.8395061080620864, 3.3725653290324766, -0.1959521442176726, 2.4593128024490816, 4.489404683481509, 4.73187104022953, 4.214534526578742, 0.19228500314447022, 3.3112955502587798, 3.435904476472631]
other derivatives: [ -1.04482751   7.3389856  -14.933903    -8.46557668   1.17897798
   2.20115908]
Current x array =  [-0.66122267 -0.80471    -0.47172948  0.79220691 -3.44355498 -1.4252462
 -1.18174671 -0.9403767  -0.7257167  -1.03581505 -3.7555109  -2.85436035
 -1.43705904 -1.84692964 -1.26282285 -1.90678262 -1.90870485 -1.83287141]
log likelihood =  -5821.257923017163
Edge derivatives =  [-2.2715603556863937, 0.035164538615063745, 2.2193131963208486, 4.327503597367064, -0.5973041484048023, 1.4119894456935973, -1.005337450858124, 1.6505966000803498, -3.1042550543739007, -0.18051320048847985, 0.3687856320406948, 0.697156440021638]
other derivatives: [-13.24824552   5.18921297   3.11047188  -6.91888999  -5.85187081
  -2.97177394]
Current x array =  [-0.65559807 -0.80171428 -0.48239529  0.78149523 -3.37474988 -1.36919174
 -1.38488095 -0.91043321 -0.7592692  -1.03465259 -3.76046309 -2.80000758
 -1.3911725  -1.81606806 -1.20803466 -1.9369019  -1.88249898 -1.81430438]
log likelihood =  -5824.638744536745
Edge derivatives =  [-3.024104613946131, -7.607289929282423, -2.4731031267936383, 0.024340815737001698, -1.148959767142719, -0.6156626636650679, -3.768194124282787, -0.4878856195820833, -6.592730013717236, -2.2935732874683716, -2.3139560934659036, -1.4473090439462677]
other derivatives: [ 84.89159882 -12.17777026 -51.49213393  12.70245775  -6.78610377
  -5.94563971]
Current x array =  [-0.71166208 -0.78279948 -0.45385745  0.68172388 -3.40828539 -1.40841725
 -1.4796443  -0.71018985 -0.70219284 -0.97715502 -3.74624766 -2.68029706
 -1.34753663 -1.7731234  -1.16989654 -1.91241358 -1.83727301 -1.77006336]
log likelihood =  -5820.96901058486
Edge derivatives =  [-2.472907736583609, -1.4825415071222245, 1.19901663167653, 3.3708480195925015, -0.7212515586350979, 0.9873509584890756, -1.6109533577298278, 1.1764936229746443, -3.866634797184271, -0.6496509074072393, -0.21878877417330989, 0.22225829245761863]
other derivatives: [ 9.76051524  1.52449502 -7.64603101 -2.64062692 -5.97592589 -3.68418114]
Current x array =  [-0.66788246 -0.79756979 -0.47614227  0.75963398 -3.38209797 -1.37778658
 -1.40564489 -0.86655717 -0.74676299 -1.02205409 -3.7573483  -2.77377738
 -1.38161129 -1.8066583  -1.19967808 -1.93153617 -1.87258935 -1.80461057]
log likelihood =  -5820.782743102312
Edge derivatives =  [-3.09568341640969, -2.0904878873739943, 0.4360646774959125, 2.63310769362464, -0.7686630205512588, 0.9056023948920475, -1.4312903229440896, 0.9475902644632572, -3.2105575450288333, -0.8213244502207975, -0.26169062432972545, 0.07241006340060785]
other derivatives: [ 4.11855581  4.04961611 -2.32703314  0.18908395 -4.10691428 -3.2103344 ]
Current x array =  [-0.66520475 -0.80115414 -0.47915323  0.74367433 -3.40330097 -1.39153083
 -1.39276683 -0.85184296 -0.73742812 -1.01397465 -3.75552497 -2.76710997
 -1.38262242 -1.80270844 -1.2036077  -1.92427841 -1.86973303 -1.80066682]
log likelihood =  -5820.583844470666
Edge derivatives =  [-2.7604226842934283, -1.5840367023201187, 0.19831721516870815, 2.034291710478105, -0.7843480214190325, 0.8633792723248626, -1.3457682862520166, 0.5754930595305772, -2.334997187765811, -0.622571550233139, -0.3561348436395506, -0.10237226053679893]
other derivatives: [ 0.69894668  1.97596819  1.24964572  2.01216608 -1.39798431 -3.02034096]
Current x array =  [-0.66368279 -0.79951344 -0.48102258  0.73174857 -3.42691865 -1.39869168
 -1.40624139 -0.85907484 -0.73335093 -1.00016188 -3.75779117 -2.76272669
 -1.38338707 -1.79573311 -1.20963953 -1.92563029 -1.86736711 -1.7976628 ]
log likelihood =  -5820.344238006415
Edge derivatives =  [-1.5377922461886975, -1.4448033998238519, 0.2809130126398127, 1.43190130543843, -0.8172930119656062, 0.648121870960373, -0.9876065079820685, 0.2189952148667471, -0.7078723832875775, 0.04573218703383519, -0.32081280084814034, -0.08523159360543742]
other derivatives: [-3.78440745 -0.82109182  1.99743226  2.73248588  1.5455953  -2.85554052]
Current x array =  [-0.66152058 -0.79673617 -0.48153083  0.72595538 -3.45011218 -1.4157068
 -1.47481338 -0.84017549 -0.73202975 -0.97956296 -3.76317237 -2.73397234
 -1.38753339 -1.78809881 -1.22102183 -1.93643001 -1.86575536 -1.7959061 ]
log likelihood =  -5820.1580003178715
Edge derivatives =  [-0.4876956337842972, -0.25274671088304557, 0.14340389658920677, 0.2651872096055987, -0.7824352379547235, 0.5243465104935312, -0.3727607123529104, -0.2926720300317698, 0.9796419565434938, 0.584465156301236, -0.23967206494776505, -0.06438443472645594]
other derivatives: [ 0.93741619  0.87193257  4.38030838  1.64891389  2.49874574 -2.21043592]
Current x array =  [-0.66339236 -0.79833541 -0.48170774  0.73082344 -3.45628976 -1.44358998
 -1.53278204 -0.85488272 -0.72827283 -0.94947761 -3.77396788 -2.71527197
 -1.39299745 -1.77447255 -1.23149889 -1.94314984 -1.86344613 -1.79143564]
log likelihood =  -5820.069046628602
Edge derivatives =  [0.040199472387047075, -0.7903605411985812, -0.5913349107009165, -0.9658851615422239, -0.8089668702557028, 0.14608688781734536, 0.18824555687950104, -0.38108841442305863, 1.6201306584004909, 0.8555970316572279, -0.007200585008254379, 0.04862765594381424]
other derivatives: [-2.27519195 -7.55517249  2.12166924 -0.67102519  0.88839442 -1.330136  ]
Current x array =  [-0.66236874 -0.79020472 -0.4801601   0.74473273 -3.4418102  -1.48563865
 -1.6055919  -0.82460821 -0.72346057 -0.92875225 -3.78523099 -2.67618375
 -1.40115628 -1.77106568 -1.23517646 -1.94781708 -1.86434546 -1.7900195 ]
log likelihood =  -5820.02306763251
Edge derivatives =  [0.456213305333735, -0.36982397855108007, -0.3623477025480774, -1.100178709439346, -0.7730275801803265, 0.09204190759954145, 0.4794753902420608, -0.3445585378601632, 1.3954072732804104, 0.8231746705340081, 0.08052270251212779, 0.24792826019171754]
other derivatives: [-1.10576366  3.5967787  -3.26872396 -0.11978045 -0.14224497 -1.23018253]
Current x array =  [-0.66262085 -0.8014329  -0.47717342  0.74445965 -3.43492693 -1.5001257
 -1.62721266 -0.83060359 -0.72311864 -0.92094019 -3.79201888 -2.66798025
 -1.40083761 -1.76700207 -1.23000815 -1.94659378 -1.86281736 -1.78732512]
log likelihood =  -5820.000418430956
Edge derivatives =  [0.18209758719303382, -0.19980621907939022, -0.48547448142678323, -0.9816044751239678, -0.7614090645987127, 0.18066607133595491, 0.4069533983434353, -0.2513519210794728, 1.040806479200474, 0.660889205149505, 0.10485363262533465, 0.2035767832388362]
other derivatives: [ 1.75286914  1.49311745  0.60235834 -0.60344973 -0.437376   -1.09666871]
Current x array =  [-0.66392214 -0.79917699 -0.47896871  0.7459205  -3.43164367 -1.49851187
 -1.60785242 -0.83920895 -0.72300939 -0.92570992 -3.79197103 -2.67645303
 -1.40055719 -1.76947296 -1.22765632 -1.94329244 -1.86379942 -1.78798892]
log likelihood =  -5819.9850579904105
Edge derivatives =  [-0.10353475821239211, -0.23751795467243098, -0.6400644036324744, -0.9185858580155747, -0.7554786164817653, 0.2102147609993849, 0.4017732400918619, -0.11668949508288184, 0.6240260197270511, 0.4492247507600759, 0.139837778207355, 0.19858414291308135]
other derivatives: [ 0.67702786 -0.3094101  -0.13042154 -0.43910404 -0.70067472 -0.90731191]
Current x array =  [-0.66364191 -0.79756445 -0.47864538  0.74532537 -3.43014715 -1.50275584
 -1.59381642 -0.84170746 -0.72218868 -0.92945034 -3.79325347 -2.6798178
 -1.4003355  -1.77165941 -1.22429309 -1.93878347 -1.86427238 -1.78784894]
log likelihood =  -5819.961191976497
Edge derivatives =  [-0.3188270346157228, -0.29160631962399775, -0.7445039863345538, -0.8039529772041172, -0.7459015001347765, 0.1663594582688368, 0.5161044431195905, 0.12674453443700862, -0.13949595912149182, 0.08368505522732633, 0.26872291104130586, 0.23329696364640218]
other derivatives: [ 1.92676453 -0.14124453  2.58751243 -0.3522473  -1.03145794 -0.35588528]
Current x array =  [-0.66422626 -0.79791691 -0.47988356  0.74423291 -3.42818099 -1.52536773
 -1.59104906 -0.83874724 -0.72163694 -0.93287154 -3.80144179 -2.67355344
 -1.40038958 -1.77434283 -1.21618266 -1.93016143 -1.86442211 -1.78607767]
log likelihood =  -5819.9398691587185
Edge derivatives =  [-0.3090776970789971, -0.027323036564357417, -0.4896378366739001, -0.5568786794739982, -0.7241816222999619, 0.129180335937768, 0.5890168872323358, 0.28335202526510095, -0.5049651152605596, -0.16237133109770646, 0.3097934321964724, 0.2413889544742467]
other derivatives: [-0.97761585 -0.89557943 -1.18443495  0.19890649 -0.46547939  0.09922587]
Current x array =  [-0.66316372 -0.79756543 -0.4779443   0.74162282 -3.43361969 -1.54756853
 -1.59405686 -0.84211347 -0.72333418 -0.93496084 -3.81198386 -2.66746887
 -1.39906259 -1.77419098 -1.21126724 -1.92320507 -1.86323139 -1.78311451]
log likelihood =  -5819.930517757875
Edge derivatives =  [-0.07109050042127996, 0.10790929700642349, -0.21203792615137207, -0.3875214871980999, -0.7189182454217485, 0.07210317673948097, 0.5635235014165804, 0.2734838823508612, -0.4827075825427917, -0.15769206755253962, 0.2948152505683601, 0.21949243207412605]
other derivatives: [-0.71941031  0.0606633  -0.4809408   0.17444108 -0.04429239  0.23865141]
Current x array =  [-0.66316977 -0.79851133 -0.47820678  0.74112042 -3.43657838 -1.55851151
 -1.60819126 -0.84000619 -0.72544569 -0.93466135 -3.81843269 -2.6599418
 -1.39786966 -1.7729452  -1.21025976 -1.92242646 -1.86209367 -1.78141453]
log likelihood =  -5819.923574242197
Edge derivatives =  [0.12456135342944485, 0.1327083179375914, 0.10769441435946964, -0.08516841391310903, -0.7108695559580193, 0.028389450454399667, 0.3607447449728449, 0.22390278972266864, -0.25131621935198367, -0.10334599089229285, 0.1857960309537523, 0.13737448971832655]
other derivatives: [ 1.92576408  0.24483597 -1.14969225  0.15343176  0.30677256  0.26630005]
Current x array =  [-0.6643968  -0.79851042 -0.47770067  0.74062978 -3.43881191 -1.56479545
 -1.61851541 -0.83646845 -0.72783335 -0.93681081 -3.82636282 -2.65393778
 -1.3944387  -1.77129827 -1.21147138 -1.92259105 -1.86006009 -1.77941987]
log likelihood =  -5819.918152985576
Edge derivatives =  [0.2832603135878094, 0.2142753180831738, 0.33700960426473897, 0.16481495206627506, -0.7074490115085685, -0.002351692651451076, -0.0008465048899415073, 0.05079790253027894, 0.028636310545429255, -0.025755910970389317, 0.0016816686769627331, -0.047944734793675114]
other derivatives: [-1.82899385e-01  5.58429747e-01  8.27731128e-01  4.54747351e-04
  5.36056177e-01  2.65754352e-01]
Current x array =  [-0.66327959 -0.79893451 -0.4787168   0.74085016 -3.44000792 -1.56791309
 -1.62616442 -0.8351715  -0.7301797  -0.93918524 -3.83476949 -2.65001983
 -1.39022347 -1.76898362 -1.2138401  -1.92342501 -1.85768734 -1.77733291]
log likelihood =  -5819.9142424320635
Edge derivatives =  [0.23393893747810846, 0.14054284818931917, 0.33802997784830563, 0.26951542817250557, -0.7026527180739153, 0.0024276665335281056, -0.17133708010371412, 0.012680971535116825, 0.10130591284766641, -0.02477608079170901, -0.0784231918384588, -0.11587488823727277]
other derivatives: [ 0.18499122  0.19135769  0.4976755  -0.05411493  0.34460754  0.23610482]
Current x array =  [-0.66350246 -0.79855464 -0.47852816  0.74123346 -3.43839334 -1.56671905
 -1.62321939 -0.83415146 -0.73035091 -0.94148031 -3.83839933 -2.65042597
 -1.38819107 -1.76865655 -1.21476932 -1.92334019 -1.8568467  -1.77680483]
log likelihood =  -5819.906671096035
Edge derivatives =  [0.07958541981974054, -0.020589335944261045, 0.23129708823973405, 0.4075490646722246, -0.682245797611553, 0.01698728482739431, -0.4910729354348806, -0.06903431016064765, 0.1578118801348205, -0.05419686852397898, -0.22636961446103943, -0.24062930705926067]
other derivatives: [ 0.13305907 -0.33815013 -0.0174623  -0.05402399 -0.17571438  0.20154403]
Current x array =  [-0.66359578 -0.79808704 -0.47826718  0.74161131 -3.43445028 -1.56485544
 -1.61532399 -0.83251469 -0.72971587 -0.94573841 -3.85083149 -2.65117697
 -1.38442631 -1.76782504 -1.21588193 -1.92259078 -1.85528095 -1.7759151 ]
log likelihood =  -5819.895535120366
Edge derivatives =  [-0.018428261370121046, -0.14101403721090966, 0.11830505153092363, 0.47128173452655586, -0.639797730513886, 0.028269455927424914, -0.6831945210639312, -0.1551119996769319, 0.22154497833419276, -0.05872411075266787, -0.32398492890698405, -0.3058250580967077]
other derivatives: [ 0.36525307 -0.56152203 -0.38080543 -0.0422915  -0.45547495  0.19163053]
Current x array =  [-0.66377764 -0.79790596 -0.47806353  0.74172206 -3.43254184 -1.56448841
 -1.61099297 -0.83069558 -0.72857186 -0.94814972 -3.8734496  -2.64939988
 -1.38195761 -1.76621123 -1.21665434 -1.92219374 -1.85402094 -1.77543984]
log likelihood =  -5819.853556175408
Edge derivatives =  [-0.2485524232949291, -0.4521862305684585, -0.22440983353391453, 0.5331434630948744, -0.4537827463892384, 0.07078646307806236, -0.9862655024935366, -0.393679998306387, 0.34055588077290466, -0.03545387657272647, -0.5021897475121171, -0.3639716217562775]
other derivatives: [ 0.49540176 -0.89439709 -1.45391823 -0.14115358 -0.97697921  0.16852937]
Current x array =  [-0.66397031 -0.79767221 -0.47752072  0.74251843 -3.42934804 -1.56310279
 -1.60143287 -0.82525198 -0.72464992 -0.95277919 -3.97695715 -2.6388235
 -1.37766068 -1.76045463 -1.21799266 -1.92189389 -1.85142319 -1.77557498]
log likelihood =  -5819.835846270684
Edge derivatives =  [-0.5587088910957063, -0.25428712135554943, -0.5261304826555797, 0.3481517364884496, -0.23343903134074082, 0.17270291260576898, -1.083802959597449, -0.631113890690109, 0.2723853088000313, -0.0875269442388622, -0.6013437198396283, -0.4947520120926705]
other derivatives: [ 4.41305019 -6.07487891  4.98530426  0.02582965 -0.33742253  0.22555469]
Current x array =  [-0.66586407 -0.7922447  -0.48078767  0.73844814 -3.43415988 -1.55639359
 -1.5813758  -0.83342249 -0.7226239  -0.95469303 -4.12603966 -2.62903471
 -1.37754189 -1.75559622 -1.21848031 -1.92029211 -1.85104282 -1.77663632]
log likelihood =  -5819.789531335342
Edge derivatives =  [-0.4063686440818976, -0.37245582408457456, -0.5082189840000463, 0.2840524993354964, -0.1372406450639186, 0.16016371632210957, -0.7846479846185511, -0.6548790322584181, 0.38814866772480466, 0.034815515814200504, -0.4984525844533785, -0.24296707152785668]
other derivatives: [ 1.46646926 -1.55132511 -0.05775291  0.17589628 -0.39854058  0.102591  ]
Current x array =  [-0.66437642 -0.79684622 -0.47842159  0.73926533 -3.4347192  -1.55486176
 -1.58908266 -0.82886751 -0.72094916 -0.95206497 -4.19834876 -2.61736333
 -1.37947074 -1.75225547 -1.21859781 -1.92280549 -1.85134899 -1.77843081]
log likelihood =  -5819.77311775263
Edge derivatives =  [-0.23699399892916706, -0.24525575265996913, -0.44570927648155134, 0.06857372576501874, -0.06383577802270042, 0.15508578445521704, -0.3314658938340821, -0.6089043762859736, 0.31532924991122274, 0.10434514847775886, -0.3132069552063901, -0.016197601591672495]
other derivatives: [-0.14160833  0.29476723 -1.261742    0.2831257   0.05911716  0.05884431]
Current x array =  [-0.66347777 -0.79865428 -0.47799117  0.73874684 -3.43857411 -1.55338583
 -1.59655353 -0.82984991 -0.72071107 -0.94696841 -4.25890128 -2.60807372
 -1.38436283 -1.75098244 -1.21734157 -1.92459617 -1.85330145 -1.78056239]
log likelihood =  -5819.767358068468
Edge derivatives =  [-0.11226887032145633, -0.11037364128059246, -0.34387803367222786, -0.07279276022781161, -0.02933084144646795, 0.14130919306759815, -0.027575118655410985, -0.4999647511942227, 0.13767855516314334, 0.10326430566000763, -0.16888091920548387, 0.09894410251438324]
other derivatives: [-0.35888661  0.60172169 -0.58635123  0.17535058  0.35306584  0.07803465]
Current x array =  [-0.66325146 -0.79885797 -0.47841502  0.73883487 -3.44050073 -1.55403957
 -1.60270233 -0.831165   -0.72174106 -0.94356019 -4.2892484  -2.60223792
 -1.38800588 -1.75191865 -1.21548856 -1.92499885 -1.85516195 -1.78158492]
log likelihood =  -5819.763326830862
Edge derivatives =  [-0.023903988841386448, -0.018189056651200186, -0.14317143425299655, -0.08209807895581367, -0.004518173816191157, 0.11590342452040892, 0.0932374624114704, -0.2932257740467883, -0.07007052454512569, 0.05119613703959314, -0.08409404883525262, 0.1052059119720069]
other derivatives: [-0.85165084 -0.2312845  -0.58553269  0.02510205  0.35634002  0.1036824 ]
Current x array =  [-0.66299967 -0.79789518 -0.47854858  0.73927722 -3.43968074 -1.55508118
 -1.60719865 -0.83191633 -0.72457716 -0.94281881 -4.31345061 -2.59668622
 -1.38959867 -1.75514228 -1.21390177 -1.92435856 -1.85689862 -1.78131187]
log likelihood =  -5819.776830308797
Edge derivatives =  [0.21548884240388272, 0.068305656475942, 0.37333444756159234, 0.12110918434122842, 0.030468640776965504, 0.073518409043979, 0.21459698917317943, 0.13491588526344445, -0.21288725564203648, 0.010291065434566204, 0.06385649741721311, 0.10934989513380433]
other derivatives: [ 5.63386493  3.11929398  3.69682311 -0.66338544  0.01318767  0.10950316]
Current x array =  [-0.66547679 -0.80054256 -0.48062887  0.74129208 -3.43451129 -1.55656441
 -1.61738016 -0.8298533  -0.73043198 -0.94350696 -4.34649783 -2.58623006
 -1.39030578 -1.76198736 -1.21234043 -1.92361051 -1.85960641 -1.77998484]
log likelihood =  -5819.7622015996585
Edge derivatives =  [0.0281807325317594, 0.0006812725271899689, -0.031120210178186947, -0.038057689411571116, 0.0032602130711135383, 0.1070965996202089, 0.11966516948301283, -0.1999456232941974, -0.10090227578882185, 0.042510193705322, -0.05190707194063959, 0.10619459746341697]
other derivatives: [ 0.55943019  0.49867594  0.34688128 -0.12441888  0.28212526  0.10486474]
Current x array =  [-0.66353697 -0.79846941 -0.4789998   0.73971425 -3.43855947 -1.5554029
 -1.60940706 -0.83146885 -0.72584709 -0.94296807 -4.32061869 -2.59441823
 -1.38975205 -1.756627   -1.21356311 -1.9241963  -1.85748595 -1.78102403]
log likelihood =  -5819.761208194816
Edge derivatives =  [0.033757165270416, 0.0014393207138899689, 0.05759491177325887, 0.014450059560219775, 0.01125119937521946, 0.0935774711361933, 0.06582401660189083, -0.10594660941140299, -0.16343101252890752, 0.007450834131208561, -0.05569904237811807, 0.0577788750069439]
other derivatives: [ 0.08149073 -0.02955858  0.28185241 -0.17762432  0.12705641  0.10923031]
Current x array =  [-0.66333061 -0.79790005 -0.4790474   0.73994201 -3.43691055 -1.55550228
 -1.60970858 -0.8313173  -0.72735999 -0.94401004 -4.33044106 -2.59229156
 -1.38923055 -1.75845399 -1.21335828 -1.92361078 -1.85794899 -1.78040346]
log likelihood =  -5819.760875665801
Edge derivatives =  [0.025007502249582203, -0.007201768206161363, 0.08114089365885946, 0.04071962948892649, 0.014118278909067528, 0.08925499966203654, 0.028511749044781723, -0.05960507710733931, -0.13673632847437184, -0.002976590827549419, -0.059463181467886095, 0.0336058462895763]
other derivatives: [ 0.20936568 -0.14924808 -0.12114469 -0.10086296  0.03001333  0.102591  ]
Current x array =  [-0.66341859 -0.79773917 -0.47887923  0.73959856 -3.43605946 -1.55503532
 -1.60902048 -0.83137177 -0.72779091 -0.94462716 -4.33403617 -2.59158662
 -1.3887221  -1.75932813 -1.21377201 -1.92334242 -1.85817755 -1.78001763]
log likelihood =  -5819.760687190281
Edge derivatives =  [0.006270914958470597, -0.025333496728455862, 0.06703371695833604, 0.05721522733924267, 0.01270760072906552, 0.08227705372171523, -0.04863573118001001, -0.028614582837167557, -0.07022031360166675, -0.00948991253415854, -0.072319740610431, -0.013873349312360506]
other derivatives: [-0.34451659 -0.00709406  0.18371793  0.01264198 -0.10822987  0.09540599]
Current x array =  [-0.66315014 -0.79788525 -0.47910619  0.73904715 -3.43494089 -1.55425116
 -1.60804418 -0.83128805 -0.72797451 -0.94534664 -4.33465864 -2.59110579
 -1.3878949  -1.76031318 -1.21465002 -1.92309398 -1.85842754 -1.77947473]
log likelihood =  -5819.760513488629
Edge derivatives =  [0.012171407023508607, -0.015886451832400894, 0.06110808139773821, 0.04123196446501426, 0.012656137390581872, 0.08148061759227243, -0.024374019019054227, -0.0154685314511116, -0.0378269103973074, -0.00425316904231382, -0.05685945416243987, -0.002572456055754735]
other derivatives: [-0.04138201  0.04029062 -0.14406396  0.0693035  -0.07876224  0.08867573]
Current x array =  [-0.66330312 -0.79790688 -0.4789369   0.73878403 -3.43522705 -1.553859
 -1.60810705 -0.83159655 -0.72779941 -0.94500192 -4.33402579 -2.59102868
 -1.38809229 -1.76045068 -1.21491817 -1.92316389 -1.8586658  -1.77949657]
log likelihood =  -5819.760400432114
Edge derivatives =  [0.018886584750956892, -0.0021797161292097522, 0.044458633232498435, 0.014811813295776188, 0.01199428582326199, 0.07867956644100971, 0.0005526401433351563, -0.006057003936233318, -0.0033253317641052382, 0.0007722658818456463, -0.03802902346605119, 0.006020667281498193]
other derivatives: [ 0.08321877  0.09249561 -0.20390871  0.11341399 -0.03565219  0.08249117]
Current x array =  [-0.66335897 -0.79794529 -0.47890976  0.73854573 -3.43561622 -1.55336969
 -1.60825747 -0.8319692  -0.72754353 -0.94452662 -4.33317211 -2.5908591
 -1.38836434 -1.76061917 -1.21523248 -1.92325159 -1.85899315 -1.77952733]
log likelihood =  -5819.760246167451
Edge derivatives =  [0.02211010953561582, 0.004936556630903199, 0.0132078840339801, -0.011295847975682005, 0.011060080646767839, 0.06791048282849499, 0.006588787742636437, 0.0022104360877475138, 0.0423758788620443, 0.0004979357034027854, -0.01846308339088054, 0.0033688065288544067]
other derivatives: [ 0.1553417   0.04611138 -0.12205419  0.09868018 -0.00154614  0.06648406]
Current x array =  [-0.66338523 -0.797893   -0.47894882  0.73859664 -3.43589553 -1.55239894
 -1.60818415 -0.83224792 -0.72715365 -0.94416274 -4.3331899  -2.59021232
 -1.38847126 -1.76093663 -1.21574453 -1.92332362 -1.85948146 -1.77946264]
log likelihood =  -5819.760116712918
Edge derivatives =  [0.03319011537850952, 0.010129460498910503, -0.015004295894694597, -0.029883769480266498, 0.008525752478818585, 0.04271592415668524, 0.013083698310157793, 0.02562425723511086, 0.07136162662335183, -0.011761000586167858, 0.016434894525808375, 0.001393881578655054]
other derivatives: [-0.052205    0.1974513  -0.22428139  0.01291482  0.02128218  0.02837623]
Current x array =  [-0.66326699 -0.79806139 -0.47889712  0.7391242  -3.43607125 -1.55072335
 -1.60815944 -0.83250712 -0.72671714 -0.94383358 -4.33244126 -2.58875413
 -1.38857094 -1.76163222 -1.21618309 -1.92338521 -1.86034964 -1.77930631]
log likelihood =  -5819.760149867272
Edge derivatives =  [0.009953212910099263, -0.003505533704519559, -0.07169197771509633, -0.03221239385558394, 0.0017554372006093454, 0.020824633985767838, -0.046636155960140396, 0.0059731362372181795, 0.07847336017689499, -0.029824417979050444, 0.0122698832296404, -0.034413724095160414]
other derivatives: [ 0.26166163 -0.31277523  0.30895535 -0.06621121  0.01664375 -0.00263753]
Current x array =  [-0.66342274 -0.7975539  -0.47913882  0.73940462 -3.43598785 -1.54913744
 -1.606688   -0.83262688 -0.72622637 -0.94422365 -4.32910005 -2.58827344
 -1.38811728 -1.76188761 -1.21652475 -1.92337064 -1.86070866 -1.7790789 ]
log likelihood =  -5819.7600533241575
Edge derivatives =  [0.022794689681614633, 0.004030658901505557, -0.04037131334015476, -0.03092041662923256, 0.005500760762775839, 0.032923745999322795, -0.01363720373539365, 0.016833354801335743, 0.07455070855894519, -0.01984153021505769, 0.014575214959314131, -0.014628418461768766]
other derivatives: [ 0.08831194 -0.03083187  0.01437002 -0.02246452  0.01928129  0.01446097]
Current x array =  [-0.6633367  -0.79783427 -0.47900529  0.7392497  -3.43603393 -1.55001358
 -1.6075009  -0.83256072 -0.72649749 -0.94400816 -4.3309459  -2.588539
 -1.38836791 -1.76174652 -1.216336   -1.92337869 -1.86051032 -1.77920453]
log likelihood =  -5819.760027395397
Edge derivatives =  [0.020939403105403098, 0.00022205294533284015, -0.032470342120320406, -0.02026619924967471, 0.00507701821545265, 0.03155018112078689, -0.020642277943748816, 0.014324361739872726, 0.05144375777496399, -0.023685013971555202, 0.009977746555311473, -0.01684789744334181]
other derivatives: [ 0.02064553 -0.03465175  0.02964953 -0.03528839  0.00536602  0.01318767]
Current x array =  [-0.66330531 -0.79783664 -0.47901466  0.73932297 -3.43590907 -1.55007289
 -1.60739682 -0.83246978 -0.72661362 -0.94419088 -4.33078377 -2.58850694
 -1.38830831 -1.76172437 -1.21613542 -1.92336562 -1.86044041 -1.77920171]
log likelihood =  -5819.759990358439
Edge derivatives =  [0.017804058375914866, -0.0043751172474932876, -0.0205423898340647, -0.004571811306450457, 0.0035145055563829113, 0.025450883833216364, -0.02709841183524818, 0.009905276131041418, 0.008252341299005567, -0.029927874022035228, 0.006448224609460151, -0.01803836987145091]
other derivatives: [-0.05575203 -0.02974048  0.03046807 -0.03892637 -0.00991349  0.00463842]
Current x array =  [-0.66327098 -0.79784778 -0.47902154  0.73935176 -3.43577615 -1.54988925
 -1.60707805 -0.83241839 -0.72679108 -0.94446805 -4.33002407 -2.58826784
 -1.38829302 -1.7617171  -1.21577148 -1.92342685 -1.86041057 -1.77922809]
log likelihood =  -5819.759959834402
Edge derivatives =  [0.015770584225941908, -0.0050771250496253195, -0.009232232955732833, 0.004890725877345625, 0.0017966179012210651, 0.017756370962568213, -0.0228265374516088, 0.006892591759034783, -0.02220787183526224, -0.030325476667204365, 0.00781695848467967, -0.014735978913686942]
other derivatives: [-0.03710738 -0.00127329  0.04183676 -0.02282832 -0.01164153 -0.00536602]
Current x array =  [-0.66327819 -0.79787066 -0.47903672  0.73925852 -3.43575031 -1.5495132
 -1.60670968 -0.83248672 -0.72695639 -0.94463535 -4.32918685 -2.58785785
 -1.38841524 -1.76173527 -1.21551407 -1.92361907 -1.86045175 -1.77930678]
log likelihood =  -5819.760100474647
Edge derivatives =  [0.0013623779992071317, -0.006782927916850423, -0.014406661224148909, -0.0048617810149693685, -0.003076508838922779, 0.004605473214264966, -0.0002981920743761468, -0.02255482530102615, -0.053171402942539, -0.014200707688771297, 0.004339818538608764, -0.00043485147265087676]
other derivatives: [-0.5743459  -0.35852281 -0.37580321  0.05456968  0.02855813 -0.0170985 ]
Current x array =  [-0.66307333 -0.79754402 -0.47886239  0.73895177 -3.43616886 -1.54883898
 -1.60578254 -0.83279547 -0.72701863 -0.94464291 -4.32598944 -2.58742247
 -1.38892113 -1.76134191 -1.21527032 -1.92431518 -1.86035954 -1.77967617]
log likelihood =  -5819.759953461713
Edge derivatives =  [0.013290871224916068, -0.005369201329005202, -0.010121838515861514, 0.0032120471189739375, 0.0009594827191433761, 0.015493265911936671, -0.01894455794781548, 0.0018236387310874846, -0.02753891855539134, -0.027545429426489076, 0.007219445073992414, -0.012272180078153005]
other derivatives: [-0.12951205 -0.06266418 -0.03001333 -0.00945874 -0.00472937 -0.00736691]
Current x array =  [-0.66324291 -0.79781441 -0.4790067   0.73920569 -3.43582238 -1.5493971
 -1.60655003 -0.83253989 -0.72696711 -0.94463665 -4.32863625 -2.58778288
 -1.38850235 -1.76166753 -1.2154721  -1.92373894 -1.86043587 -1.77937039]
      fun: 5819.759953461713
 hess_inv: <18x18 LbfgsInvHessProduct with dtype=float64>
      jac: array([ 0.12951205,  0.06266418,  0.03001333,  0.00945874,  0.00472937,
        0.00736691, -0.01329087,  0.0053692 ,  0.01012184, -0.00321205,
       -0.00095948, -0.01549327,  0.01894456, -0.00182364,  0.02753892,
        0.02754543, -0.00721945,  0.01227218])
  message: 'CONVERGENCE: REL_REDUCTION_OF_F_<=_FACTR*EPSMCH'
     nfev: 70
      nit: 63
     njev: 70
   status: 0
  success: True
        x: array([-0.66324291, -0.79781441, -0.4790067 ,  0.73920569, -3.43582238,
       -1.5493971 , -1.60655003, -0.83253989, -0.72696711, -0.94463665,
       -4.32863625, -2.58778288, -1.38850235, -1.76166753, -1.2154721 ,
       -1.92373894, -1.86043587, -1.77937039])
{('N0', 'N1'): [2.051459979092772, 2.0514599790927717], ('N0', 'ENSLOCG'): [0.0, 0.0], ('N1', 'N3'): [12.979894550365653, 13.398561578362026], ('N1', 'ENSDARG'): [10.571619301180416, 9.99125344040295], ('N3', 'N6'): [0.4352030121022399, 0.4179145606461077], ('N3', 'N4'): [2.2373095052343075, 2.2776980926839543], ('N6', 'N7'): [9.18015446602181, 7.951988572780719], ('N6', 'ENSGACG'): [4.22200477280661, 4.929431489844528], ('N4', 'ENSXMAG'): [8.077675579538447, 9.880207097099174], ('N4', 'ENSONIG'): [4.638906713415784, 4.407694926876758], ('N7', 'ENSTRUG'): [4.873282688661001, 4.706275283503058], ('N7', 'ENSTNIG'): [5.2570860555758445, 7.562708178511823]}
