number of sites to be analyzed:  133
log likelihood =  1867.6567856460697
Lr derivatives =  [-115.78592966220599, -131.08153895872695, -49.8329301470238]
other derivatives =  [ -7.68127393 -39.74910214  18.82449396 -10.90709247 107.66432297
   5.83279416]
Current x_clock array =  [-0.62111799 -0.54917607 -0.722836    0.74193734 -0.10536052 -0.51082562
 -0.51082562 -0.51082562 -0.51082562]
log likelihood =  1776.4584381873728
Lr derivatives =  [54.65964457665567, -34.59751933775916, 1.0620366082797794]
other derivatives =  [  2.32839739 -15.67404979 -29.23129614  -9.05665729  87.37536064
  14.36346793]
Current x_clock array =  [-0.61754196 -0.5460505  -0.84070469  0.81023159 -0.77949563 -0.54734739
  0.21416255 -0.50762711 -0.50762711]
log likelihood =  1734.7664873003105
Lr derivatives =  [36.6887906115439, -34.31708343654672, -4.105893418949419]
other derivatives =  [ -2.69747034  25.50718818 -16.6342943   -0.83073246  57.22804417
   9.10038125]
Current x_clock array =  [-0.62761951 -0.50364107 -0.77042767  0.86337557 -1.29677586 -0.61014496
  0.23377211 -0.43205413 -0.52951154]
log likelihood =  1733.933866309183
Lr derivatives =  [-47.72608057523662, -45.311011149232215, -7.618508824544236]
other derivatives =  [  17.6764388  -118.37087186   42.10774023   16.38359208  -40.756413
    3.23070708]
Current x_clock array =  [-0.59161387 -0.93487974 -0.5863289   0.93921463 -2.8155397  -0.79342621
  0.21966065 -0.00923719 -0.51718544]
log likelihood =  1694.925589416136
Lr derivatives =  [-7.564067837608822, -19.303637919914575, 7.785748989053321]
other derivatives =  [-17.13738129 -15.09274625  -9.49889909   8.22928996  -4.98580448
   4.0472969 ]
Current x_clock array =  [-0.64138321 -0.60543467 -0.707496    0.85436411 -2.26588538 -0.76068787
  0.16260198  0.         -0.50016387]
log likelihood =  1695.0234611011826
Lr derivatives =  [5.407067061045126, -12.945854585493933, 8.549089014800915]
other derivatives =  [38.38852081 22.2576773   4.06730578  4.0301984   3.02904937  3.58993475]
Current x_clock array =  [-0.58027272 -0.54552933 -0.67742252  0.818251   -2.17938704 -0.7685334
  0.16938139  0.         -0.52780189]
log likelihood =  1694.1064501295637
Lr derivatives =  [-1.3978832543711068, -16.283546963439047, 8.060687395341201]
other derivatives =  [ 8.5998181   1.89947968 -2.98737177  6.22894731 -1.06697371  3.84191026]
Current x_clock array =  [-0.61144937 -0.57609115 -0.69276506  0.83667477 -2.22351577 -0.76453085
  0.16592275  0.         -0.51370184]
log likelihood =  1693.847073474811
Lr derivatives =  [-0.530425648438716, -16.458413289285026, 6.578708558555769]
other derivatives =  [ 3.22374945  3.65287178 -0.17826096  5.40796918 -0.05945822  3.66942459]
Current x_clock array =  [-0.61852177 -0.57271096 -0.68615667  0.82359123 -2.21162417 -0.77077986
  0.17018081  0.         -0.5282045 ]
log likelihood =  1693.3587580763497
Lr derivatives =  [0.7964375151048929, -18.257639703004415, 0.49027367460916693]
other derivatives =  [-1.27654403 -0.50345079  3.79695848  2.69928933  1.61351181  2.74412741]
Current x_clock array =  [-0.6250283  -0.57965689 -0.67765108  0.77435183 -2.20339036 -0.80150802
  0.19203893  0.         -0.58489576]
log likelihood =  1693.2130473483737
Lr derivatives =  [0.09302178914563541, -19.35648179662437, -2.29570054495965]
other derivatives =  [-1.6588956   2.7397391  -2.20600214  1.30951321  0.26304861  1.83911197]
Current x_clock array =  [-0.6256869  -0.57470848 -0.69233075  0.73777528 -2.22634783 -0.83289827
  0.20062106  0.         -0.60872685]
log likelihood =  1693.140502703201
Lr derivatives =  [0.006341635061842932, -19.30143737768346, -2.2769664794304214]
other derivatives =  [-0.04624781 -0.13760655 -0.44153694  0.39428869 -0.14501893  1.5972546 ]
Current x_clock array =  [-0.62388935 -0.58045819 -0.68783019  0.71851123 -2.24027286 -0.85370792
  0.20492309  0.         -0.60660636]
log likelihood =  1693.0795463583765
Lr derivatives =  [0.37823827931713483, -18.395815399223764, -0.8840495438969462]
other derivatives =  [ 0.58003025 -0.88282377  0.56447789 -0.64237611 -0.48955826  1.35044047]
Current x_clock array =  [-0.62350027 -0.58277384 -0.68495864  0.69669674 -2.2522433  -0.88431804
  0.20490124  0.         -0.59153164]
log likelihood =  1693.0362229626373
Lr derivatives =  [0.8603577214823344, -17.536167067044733, 0.325600324932557]
other derivatives =  [ 0.76499873 -0.95803898  0.08537882 -1.02611466 -0.2425395   1.07741016]
Current x_clock array =  [-0.62346406 -0.5833112  -0.68578821  0.68950259 -2.24733367 -0.91765581
  0.19936012  0.         -0.57761445]
log likelihood =  1692.985756771482
Lr derivatives =  [-0.16826909511006882, -17.515529089396708, 0.8085279299806523]
other derivatives =  [ 0.20468178 -0.10932126  0.4912863  -0.91663424 -0.40495252  0.52391442]
Current x_clock array =  [-0.62391739 -0.58149303 -0.68478598  0.68949427 -2.23248457 -0.97725918
  0.18199675  0.         -0.56222266]
log likelihood =  1692.9940923027893
Lr derivatives =  [1.8164581157509452, -16.325800874296302, 1.1545180092343093]
other derivatives =  [ 1.61135176 -2.57887223 -2.68869371 -0.56688805  1.55664566  0.06612026]
Current x_clock array =  [-0.62241496 -0.5859745  -0.69189292  0.70392313 -2.20203549 -1.02885457
  0.17966998  0.         -0.55888897]
log likelihood =  1692.9745423664963
Lr derivatives =  [0.6818056725305196, -17.00681247578442, 0.9562611893041195]
other derivatives =  [ 0.81226972 -1.17061063 -0.88473371 -0.76693141  0.43769433  0.32207481]
Current x_clock array =  [-0.62327095 -0.58342124 -0.68784384  0.69570249 -2.21938343 -0.99945881
  0.18099563  0.         -0.56078829]
log likelihood =  1692.9633458525445
Lr derivatives =  [-0.11019260409790443, -17.518939782856606, 0.3116903590504103]
other derivatives =  [ 0.05916263 -0.22878339 -0.28694558 -0.34649474  0.19758772  0.11068551]
Current x_clock array =  [-0.62403762 -0.58147326 -0.68635895  0.70309811 -2.21498134 -1.01747864
  0.17664678  0.         -0.56200795]
log likelihood =  1692.9612047116939
Lr derivatives =  [-0.2649835579063251, -17.710050951201612, -0.04460729386794071]
other derivatives =  [-0.17671482  0.02073648 -0.08490133 -0.12237251  0.11787051  0.04843059]
Current x_clock array =  [-0.62432438 -0.58104686 -0.68572912  0.70776327 -2.21542603 -1.02091473
  0.17781561  0.         -0.5645561 ]
log likelihood =  1692.960361550614
Lr derivatives =  [-0.11587486194884028, -17.662918145055016, -0.12267005365196049]
other derivatives =  [ 0.11730208  0.2489287   0.08030838 -0.04006324  0.10732037  0.02014531]
Current x_clock array =  [-0.62405682 -0.58084616 -0.68513621  0.71016667 -2.21752997 -1.02238456
  0.18038824  0.         -0.56588449]
log likelihood =  1692.9603207396456
Lr derivatives =  [-0.11424890040885083, -17.673811381995716, -0.17791997053285158]
other derivatives =  [-0.73202955 -0.22175755 -0.00172804  0.09310952 -0.03155947 -0.00129603]
Current x_clock array =  [-0.62514337 -0.58185797 -0.68501883  0.713035   -2.2219252  -1.02407988
  0.18370956  0.         -0.56669396]
log likelihood =  1692.9600322819183
Lr derivatives =  [-0.11472603122519998, -17.668388666171627, -0.15114090687637294]
other derivatives =  [-0.32162006  0.00588898  0.03792593  0.02878551  0.03560672  0.00904947]
Current x_clock array =  [-0.62461779 -0.58136854 -0.68507561  0.71164754 -2.21979914 -1.02325982
  0.18210297  0.         -0.5663024 ]
log likelihood =  1692.9598225064842
Lr derivatives =  [-0.027352743280821434, -17.587398763396155, -0.06906273379798922]
other derivatives =  [-0.01309672  0.00859472  0.03783498  0.0210548   0.00779892  0.00140972]
Current x_clock array =  [-0.62428157 -0.58149669 -0.68498388  0.71172983 -2.22139137 -1.02430414
  0.18309852  0.         -0.56587205]
log likelihood =  1692.9597948287446
Lr derivatives =  [0.002132720633493901, -17.546695702036875, -0.009769504812399354]
other derivatives =  [ 0.01311946 -0.00277396  0.01164153  0.00193268  0.002251    0.00040927]
Current x_clock array =  [-0.62426139 -0.58155117 -0.68502518  0.71136547 -2.22177078 -1.0248358
  0.18319933  0.         -0.56539901]
log likelihood =  1692.959794015568
Lr derivatives =  [0.0021476207365540567, -17.541876393493705, -0.00047332895671114983]
other derivatives =  [-1.40971679e-03  8.66293703e-03 -7.11679604e-03 -2.04636308e-04
 -2.04636308e-04 -9.09494702e-05]
Current x_clock array =  [-0.62427929 -0.5815322  -0.68506927  0.7112999  -2.22178526 -1.02494315
  0.18315575  0.         -0.56530422]
      fun: 1692.959794015568
 hess_inv: <9x9 LbfgsInvHessProduct with dtype=float64>
      jac: array([-1.40971679e-03,  8.66293703e-03, -7.11679604e-03, -2.04636308e-04,
       -2.04636308e-04, -9.09494702e-05,  2.14762074e-03, -1.75418764e+01,
       -4.73328957e-04])
  message: 'CONVERGENCE: REL_REDUCTION_OF_F_<=_FACTR*EPSMCH'
     nfev: 24
      nit: 20
     njev: 24
   status: 0
  success: True
        x: array([-0.62427929, -0.5815322 , -0.68506927,  0.7112999 , -2.22178526,
       -1.02494315,  0.18315575,  0.        , -0.56530422])
{('N0', 'N1'): [5.14695034306691, 5.14695034306691], ('N0', 'ENSLOCG'): [0.0, 0.0], ('N1', 'ENSGACG'): [11.093700891764765, 10.673177304409869], ('N1', 'ENSDARG'): [11.40064929891431, 11.464974010333439]}
